<?xml version="1.0" encoding="utf-8"?>
<test-run id="2" testcasecount="377" result="Passed" total="377" passed="377" failed="0" inconclusive="0" skipped="0" asserts="0" engine-version="3.5.0.0" clr-version="4.0.30319.42000" start-time="2022-05-26 23:47:27Z" end-time="2022-05-26 23:47:28Z" duration="1.7557439">
  <test-suite type="TestSuite" id="1000" name="GDX" fullname="GDX" runstate="Runnable" testcasecount="383" result="Passed" start-time="2022-05-26 23:47:27Z" end-time="2022-05-26 23:47:28Z" duration="1.755744" total="377" passed="377" failed="0" inconclusive="0" skipped="0" asserts="0">
    <properties />
    <test-suite type="Assembly" id="1018" name="GDX.Editor.Tests.EditMode.dll" fullname="D:/BuildAgent/work/GDX-Documentation/Projects/GDX_Development/Library/ScriptAssemblies/GDX.Editor.Tests.EditMode.dll" runstate="Runnable" testcasecount="10" result="Passed" start-time="2022-05-26 23:47:27Z" end-time="2022-05-26 23:47:27Z" duration="0.105000" total="10" passed="10" failed="0" inconclusive="0" skipped="0" asserts="0">
      <properties>
        <property name="_PID" value="34488" />
        <property name="_APPDOMAIN" value="Unity Child Domain" />
        <property name="platform" value="EditMode" />
      </properties>
      <test-suite type="TestSuite" id="1019" name="GDX" fullname="GDX" runstate="Runnable" testcasecount="10" result="Passed" start-time="2022-05-26 23:47:27Z" end-time="2022-05-26 23:47:27Z" duration="0.099511" total="10" passed="10" failed="0" inconclusive="0" skipped="0" asserts="0">
        <properties />
        <test-suite type="TestSuite" id="1020" name="Editor" fullname="GDX.Editor" runstate="Runnable" testcasecount="10" result="Passed" start-time="2022-05-26 23:47:27Z" end-time="2022-05-26 23:47:27Z" duration="0.098019" total="10" passed="10" failed="0" inconclusive="0" skipped="0" asserts="0">
          <properties />
          <test-suite type="TestFixture" id="1004" name="AutomationTests" fullname="GDX.Editor.AutomationTests" classname="GDX.Editor.AutomationTests" runstate="Runnable" testcasecount="6" result="Passed" start-time="2022-05-26 23:47:27Z" end-time="2022-05-26 23:47:27Z" duration="0.010029" total="6" passed="6" failed="0" inconclusive="0" skipped="0" asserts="0">
            <properties />
            <test-case id="1005" name="CaptureEditorWindow_SceneView_ReturnsTexture" fullname="GDX.Editor.AutomationTests.CaptureEditorWindow_SceneView_ReturnsTexture" methodname="CaptureEditorWindow_SceneView_ReturnsTexture" classname="GDX.Editor.AutomationTests" runstate="Runnable" seed="2073105068" result="Passed" start-time="2022-05-26 23:47:11Z" end-time="2022-05-26 23:47:12Z" duration="0.824160" asserts="0">
              <properties>
                <property name="Category" value="GDX.Tests" />
              </properties>
            </test-case>
            <test-case id="1010" name="CaptureEditorWindow_SceneView_SameTexture" fullname="GDX.Editor.AutomationTests.CaptureEditorWindow_SceneView_SameTexture" methodname="CaptureEditorWindow_SceneView_SameTexture" classname="GDX.Editor.AutomationTests" runstate="Runnable" seed="1112709566" result="Passed" start-time="2022-05-26 23:47:12Z" end-time="2022-05-26 23:47:13Z" duration="1.488089" asserts="0">
              <properties>
                <property name="_JOINTYPE" value="UnityCombinatorial" />
                <property name="Category" value="GDX.Tests" />
              </properties>
            </test-case>
            <test-case id="1006" name="CaptureEditorWindowToPNG_SceneView_OutputsImage" fullname="GDX.Editor.AutomationTests.CaptureEditorWindowToPNG_SceneView_OutputsImage" methodname="CaptureEditorWindowToPNG_SceneView_OutputsImage" classname="GDX.Editor.AutomationTests" runstate="Runnable" seed="892060582" result="Passed" start-time="2022-05-26 23:47:13Z" end-time="2022-05-26 23:47:13Z" duration="0.203827" asserts="0">
              <properties>
                <property name="Category" value="GDX.Tests" />
              </properties>
            </test-case>
            <test-case id="1007" name="CaptureFocusedEditorWindow_ReturnsTexture" fullname="GDX.Editor.AutomationTests.CaptureFocusedEditorWindow_ReturnsTexture" methodname="CaptureFocusedEditorWindow_ReturnsTexture" classname="GDX.Editor.AutomationTests" runstate="Runnable" seed="685866883" result="Passed" start-time="2022-05-26 23:47:13Z" end-time="2022-05-26 23:47:13Z" duration="0.015418" asserts="0">
              <properties>
                <property name="Category" value="GDX.Tests" />
              </properties>
            </test-case>
            <test-case id="1008" name="CaptureFocusedEditorWindowToPNG_OutputsImage" fullname="GDX.Editor.AutomationTests.CaptureFocusedEditorWindowToPNG_OutputsImage" methodname="CaptureFocusedEditorWindowToPNG_OutputsImage" classname="GDX.Editor.AutomationTests" runstate="Runnable" seed="541133153" result="Passed" start-time="2022-05-26 23:47:13Z" end-time="2022-05-26 23:47:13Z" duration="0.017862" asserts="0">
              <properties>
                <property name="Category" value="GDX.Tests" />
              </properties>
            </test-case>
            <test-case id="1009" name="GetWindow_SceneView_NotNull" fullname="GDX.Editor.AutomationTests.GetWindow_SceneView_NotNull" methodname="GetWindow_SceneView_NotNull" classname="GDX.Editor.AutomationTests" runstate="Runnable" seed="909577487" result="Passed" start-time="2022-05-26 23:47:13Z" end-time="2022-05-26 23:47:13Z" duration="0.068706" asserts="0">
              <properties>
                <property name="Category" value="GDX.Tests" />
              </properties>
            </test-case>
          </test-suite>
          <test-suite type="TestSuite" id="1021" name="Build" fullname="GDX.Editor.Build" runstate="Runnable" testcasecount="1" result="Passed" start-time="2022-05-26 23:47:27Z" end-time="2022-05-26 23:47:27Z" duration="0.000627" total="1" passed="1" failed="0" inconclusive="0" skipped="0" asserts="0">
            <properties />
            <test-suite type="TestFixture" id="1016" name="BuildInfoProviderTests" fullname="GDX.Editor.Build.BuildInfoProviderTests" classname="GDX.Editor.Build.BuildInfoProviderTests" runstate="Runnable" testcasecount="1" result="Passed" start-time="2022-05-26 23:47:27Z" end-time="2022-05-26 23:47:27Z" duration="0.000342" total="1" passed="1" failed="0" inconclusive="0" skipped="0" asserts="0">
              <properties />
              <test-case id="1017" name="GetContent_ForceDefaults_ReturnsDefaultContent" fullname="GDX.Editor.Build.BuildInfoProviderTests.GetContent_ForceDefaults_ReturnsDefaultContent" methodname="GetContent_ForceDefaults_ReturnsDefaultContent" classname="GDX.Editor.Build.BuildInfoProviderTests" runstate="Runnable" seed="919579080" result="Passed" start-time="2022-05-26 23:47:13Z" end-time="2022-05-26 23:47:13Z" duration="0.001254" asserts="0">
                <properties>
                  <property name="Category" value="GDX.Tests" />
                </properties>
              </test-case>
            </test-suite>
          </test-suite>
          <test-suite type="TestFixture" id="1011" name="DomainReloadTests" fullname="GDX.Editor.DomainReloadTests" classname="GDX.Editor.DomainReloadTests" runstate="Runnable" testcasecount="2" result="Passed" start-time="2022-05-26 23:47:27Z" end-time="2022-05-26 23:47:27Z" duration="0.022773" total="2" passed="2" failed="0" inconclusive="0" skipped="0" asserts="0">
            <properties />
            <test-case id="1013" name="Recompile_JobsLeakDetection_NoUnexpectedMessages" fullname="GDX.Editor.DomainReloadTests.Recompile_JobsLeakDetection_NoUnexpectedMessages" methodname="Recompile_JobsLeakDetection_NoUnexpectedMessages" classname="GDX.Editor.DomainReloadTests" runstate="Runnable" seed="1043805742" result="Passed" start-time="2022-05-26 23:47:13Z" end-time="2022-05-26 23:47:21Z" duration="7.646824" asserts="0">
              <properties>
                <property name="_JOINTYPE" value="UnityCombinatorial" />
                <property name="Category" value="GDX.Tests" />
              </properties>
            </test-case>
            <test-case id="1012" name="Recompile_NoLeakDetection_NoUnexpectedMessages" fullname="GDX.Editor.DomainReloadTests.Recompile_NoLeakDetection_NoUnexpectedMessages" methodname="Recompile_NoLeakDetection_NoUnexpectedMessages" classname="GDX.Editor.DomainReloadTests" runstate="Runnable" seed="378502418" result="Passed" start-time="2022-05-26 23:47:21Z" end-time="2022-05-26 23:47:27Z" duration="6.237816" asserts="0">
              <properties>
                <property name="_JOINTYPE" value="UnityCombinatorial" />
                <property name="Category" value="GDX.Tests" />
              </properties>
            </test-case>
          </test-suite>
          <test-suite type="TestFixture" id="1014" name="PackageProviderTests" fullname="GDX.Editor.PackageProviderTests" classname="GDX.Editor.PackageProviderTests" runstate="Runnable" testcasecount="1" result="Passed" start-time="2022-05-26 23:47:27Z" end-time="2022-05-26 23:47:27Z" duration="0.047848" total="1" passed="1" failed="0" inconclusive="0" skipped="0" asserts="0">
            <properties />
            <test-case id="1015" name="Get_DefaultPackage_NotNull" fullname="GDX.Editor.PackageProviderTests.Get_DefaultPackage_NotNull" methodname="Get_DefaultPackage_NotNull" classname="GDX.Editor.PackageProviderTests" runstate="Runnable" seed="315563343" result="Passed" start-time="2022-05-26 23:47:27Z" end-time="2022-05-26 23:47:27Z" duration="0.046685" asserts="0">
              <properties>
                <property name="Category" value="GDX.Tests" />
              </properties>
            </test-case>
          </test-suite>
        </test-suite>
      </test-suite>
    </test-suite>
    <test-suite type="Assembly" id="1427" name="GDX.Tests.EditMode.dll" fullname="D:/BuildAgent/work/GDX-Documentation/Projects/GDX_Development/Library/ScriptAssemblies/GDX.Tests.EditMode.dll" runstate="Runnable" testcasecount="373" result="Passed" start-time="2022-05-26 23:47:27Z" end-time="2022-05-26 23:47:28Z" duration="1.051047" total="367" passed="367" failed="0" inconclusive="0" skipped="0" asserts="0">
      <properties>
        <property name="_PID" value="34488" />
        <property name="_APPDOMAIN" value="Unity Child Domain" />
        <property name="platform" value="EditMode" />
      </properties>
      <test-suite type="TestSuite" id="1428" name="GDX" fullname="GDX" runstate="Runnable" testcasecount="373" result="Passed" start-time="2022-05-26 23:47:27Z" end-time="2022-05-26 23:47:28Z" duration="1.044875" total="367" passed="367" failed="0" inconclusive="0" skipped="0" asserts="0">
        <properties />
        <test-suite type="TestFixture" id="1022" name="Array2DExtensionsTests" fullname="GDX.Array2DExtensionsTests" classname="GDX.Array2DExtensionsTests" runstate="Runnable" testcasecount="1" result="Passed" start-time="2022-05-26 23:47:27Z" end-time="2022-05-26 23:47:27Z" duration="0.004890" total="1" passed="1" failed="0" inconclusive="0" skipped="0" asserts="0">
          <properties />
          <test-case id="1023" name="Scale_MockFloatData_ScaledData" fullname="GDX.Array2DExtensionsTests.Scale_MockFloatData_ScaledData" methodname="Scale_MockFloatData_ScaledData" classname="GDX.Array2DExtensionsTests" runstate="Runnable" seed="101510399" result="Passed" start-time="2022-05-26 23:47:27Z" end-time="2022-05-26 23:47:27Z" duration="0.001115" asserts="0">
            <properties>
              <property name="Category" value="GDX.Tests" />
            </properties>
          </test-case>
        </test-suite>
        <test-suite type="TestFixture" id="1024" name="ArrayExtensionsTests" fullname="GDX.ArrayExtensionsTests" classname="GDX.ArrayExtensionsTests" runstate="Runnable" testcasecount="15" result="Passed" start-time="2022-05-26 23:47:27Z" end-time="2022-05-26 23:47:27Z" duration="0.009441" total="15" passed="15" failed="0" inconclusive="0" skipped="0" asserts="0">
          <properties />
          <test-case id="1025" name="Clear_MockData_HasDefaultValues" fullname="GDX.ArrayExtensionsTests.Clear_MockData_HasDefaultValues" methodname="Clear_MockData_HasDefaultValues" classname="GDX.ArrayExtensionsTests" runstate="Runnable" seed="395995802" result="Passed" start-time="2022-05-26 23:47:27Z" end-time="2022-05-26 23:47:27Z" duration="0.000310" asserts="0">
            <properties>
              <property name="Category" value="GDX.Tests" />
            </properties>
          </test-case>
          <test-case id="1026" name="ContainsItem_MockData_HasValue" fullname="GDX.ArrayExtensionsTests.ContainsItem_MockData_HasValue" methodname="ContainsItem_MockData_HasValue" classname="GDX.ArrayExtensionsTests" runstate="Runnable" seed="419140474" result="Passed" start-time="2022-05-26 23:47:27Z" end-time="2022-05-26 23:47:27Z" duration="0.000375" asserts="0">
            <properties>
              <property name="Category" value="GDX.Tests" />
            </properties>
          </test-case>
          <test-case id="1027" name="ContainsItem_MockData_NoValue" fullname="GDX.ArrayExtensionsTests.ContainsItem_MockData_NoValue" methodname="ContainsItem_MockData_NoValue" classname="GDX.ArrayExtensionsTests" runstate="Runnable" seed="92161395" result="Passed" start-time="2022-05-26 23:47:27Z" end-time="2022-05-26 23:47:27Z" duration="0.000374" asserts="0">
            <properties>
              <property name="Category" value="GDX.Tests" />
            </properties>
          </test-case>
          <test-case id="1028" name="ContainsReference_MockData_HasReference" fullname="GDX.ArrayExtensionsTests.ContainsReference_MockData_HasReference" methodname="ContainsReference_MockData_HasReference" classname="GDX.ArrayExtensionsTests" runstate="Runnable" seed="1229497673" result="Passed" start-time="2022-05-26 23:47:27Z" end-time="2022-05-26 23:47:27Z" duration="0.000250" asserts="0">
            <properties>
              <property name="Category" value="GDX.Tests" />
            </properties>
          </test-case>
          <test-case id="1029" name="ContainsReference_MockData_NoReference" fullname="GDX.ArrayExtensionsTests.ContainsReference_MockData_NoReference" methodname="ContainsReference_MockData_NoReference" classname="GDX.ArrayExtensionsTests" runstate="Runnable" seed="2082603729" result="Passed" start-time="2022-05-26 23:47:27Z" end-time="2022-05-26 23:47:27Z" duration="0.000157" asserts="0">
            <properties>
              <property name="Category" value="GDX.Tests" />
            </properties>
          </test-case>
          <test-case id="1030" name="ContainsValue_MockData_HasValue" fullname="GDX.ArrayExtensionsTests.ContainsValue_MockData_HasValue" methodname="ContainsValue_MockData_HasValue" classname="GDX.ArrayExtensionsTests" runstate="Runnable" seed="121616930" result="Passed" start-time="2022-05-26 23:47:27Z" end-time="2022-05-26 23:47:27Z" duration="0.000237" asserts="0">
            <properties>
              <property name="Category" value="GDX.Tests" />
            </properties>
          </test-case>
          <test-case id="1031" name="ContainsValue_MockData_NoValue" fullname="GDX.ArrayExtensionsTests.ContainsValue_MockData_NoValue" methodname="ContainsValue_MockData_NoValue" classname="GDX.ArrayExtensionsTests" runstate="Runnable" seed="378278028" result="Passed" start-time="2022-05-26 23:47:27Z" end-time="2022-05-26 23:47:27Z" duration="0.000147" asserts="0">
            <properties>
              <property name="Category" value="GDX.Tests" />
            </properties>
          </test-case>
          <test-case id="1032" name="FirstIndexOfItem_MockDataObject_ReturnsIndex" fullname="GDX.ArrayExtensionsTests.FirstIndexOfItem_MockDataObject_ReturnsIndex" methodname="FirstIndexOfItem_MockDataObject_ReturnsIndex" classname="GDX.ArrayExtensionsTests" runstate="Runnable" seed="1500652943" result="Passed" start-time="2022-05-26 23:47:27Z" end-time="2022-05-26 23:47:27Z" duration="0.000256" asserts="0">
            <properties>
              <property name="Category" value="GDX.Tests" />
            </properties>
          </test-case>
          <test-case id="1033" name="FirstIndexOfItem_NoMockDataObject_ReturnsIndex" fullname="GDX.ArrayExtensionsTests.FirstIndexOfItem_NoMockDataObject_ReturnsIndex" methodname="FirstIndexOfItem_NoMockDataObject_ReturnsIndex" classname="GDX.ArrayExtensionsTests" runstate="Runnable" seed="975768247" result="Passed" start-time="2022-05-26 23:47:27Z" end-time="2022-05-26 23:47:27Z" duration="0.000240" asserts="0">
            <properties>
              <property name="Category" value="GDX.Tests" />
            </properties>
          </test-case>
          <test-case id="1034" name="FirstIndexOfValue_MockDataValue_ReturnsIndex" fullname="GDX.ArrayExtensionsTests.FirstIndexOfValue_MockDataValue_ReturnsIndex" methodname="FirstIndexOfValue_MockDataValue_ReturnsIndex" classname="GDX.ArrayExtensionsTests" runstate="Runnable" seed="1559773312" result="Passed" start-time="2022-05-26 23:47:27Z" end-time="2022-05-26 23:47:27Z" duration="0.000240" asserts="0">
            <properties>
              <property name="Category" value="GDX.Tests" />
            </properties>
          </test-case>
          <test-case id="1035" name="FirstIndexOfValue_NoMockDataValue_ReturnsNegativeOne" fullname="GDX.ArrayExtensionsTests.FirstIndexOfValue_NoMockDataValue_ReturnsNegativeOne" methodname="FirstIndexOfValue_NoMockDataValue_ReturnsNegativeOne" classname="GDX.ArrayExtensionsTests" runstate="Runnable" seed="952606846" result="Passed" start-time="2022-05-26 23:47:27Z" end-time="2022-05-26 23:47:27Z" duration="0.000145" asserts="0">
            <properties>
              <property name="Category" value="GDX.Tests" />
            </properties>
          </test-case>
          <test-case id="1036" name="LastIndexOfItem_MockDataObject_ReturnsIndex" fullname="GDX.ArrayExtensionsTests.LastIndexOfItem_MockDataObject_ReturnsIndex" methodname="LastIndexOfItem_MockDataObject_ReturnsIndex" classname="GDX.ArrayExtensionsTests" runstate="Runnable" seed="1991890510" result="Passed" start-time="2022-05-26 23:47:27Z" end-time="2022-05-26 23:47:27Z" duration="0.000258" asserts="0">
            <properties>
              <property name="Category" value="GDX.Tests" />
            </properties>
          </test-case>
          <test-case id="1037" name="LastIndexOfItem_NoMockDataObject_ReturnsNegativeOne" fullname="GDX.ArrayExtensionsTests.LastIndexOfItem_NoMockDataObject_ReturnsNegativeOne" methodname="LastIndexOfItem_NoMockDataObject_ReturnsNegativeOne" classname="GDX.ArrayExtensionsTests" runstate="Runnable" seed="539559456" result="Passed" start-time="2022-05-26 23:47:27Z" end-time="2022-05-26 23:47:27Z" duration="0.000177" asserts="0">
            <properties>
              <property name="Category" value="GDX.Tests" />
            </properties>
          </test-case>
          <test-case id="1038" name="LastIndexOfValue_MockDataValue_ReturnsIndex" fullname="GDX.ArrayExtensionsTests.LastIndexOfValue_MockDataValue_ReturnsIndex" methodname="LastIndexOfValue_MockDataValue_ReturnsIndex" classname="GDX.ArrayExtensionsTests" runstate="Runnable" seed="1136881070" result="Passed" start-time="2022-05-26 23:47:27Z" end-time="2022-05-26 23:47:27Z" duration="0.000240" asserts="0">
            <properties>
              <property name="Category" value="GDX.Tests" />
            </properties>
          </test-case>
          <test-case id="1039" name="LastIndexOfValue_NoMockDataValue_ReturnsNegativeOne" fullname="GDX.ArrayExtensionsTests.LastIndexOfValue_NoMockDataValue_ReturnsNegativeOne" methodname="LastIndexOfValue_NoMockDataValue_ReturnsNegativeOne" classname="GDX.ArrayExtensionsTests" runstate="Runnable" seed="201940196" result="Passed" start-time="2022-05-26 23:47:27Z" end-time="2022-05-26 23:47:27Z" duration="0.000150" asserts="0">
            <properties>
              <property name="Category" value="GDX.Tests" />
            </properties>
          </test-case>
        </test-suite>
        <test-suite type="TestFixture" id="1040" name="ByteExtensionsTests" fullname="GDX.ByteExtensionsTests" classname="GDX.ByteExtensionsTests" runstate="Runnable" testcasecount="6" result="Passed" start-time="2022-05-26 23:47:27Z" end-time="2022-05-26 23:47:27Z" duration="0.004773" total="6" passed="6" failed="0" inconclusive="0" skipped="0" asserts="0">
          <properties />
          <test-case id="1041" name="GetStableHashCode_MockData_ReturnsValidCode" fullname="GDX.ByteExtensionsTests.GetStableHashCode_MockData_ReturnsValidCode" methodname="GetStableHashCode_MockData_ReturnsValidCode" classname="GDX.ByteExtensionsTests" runstate="Runnable" seed="2023169754" result="Passed" start-time="2022-05-26 23:47:27Z" end-time="2022-05-26 23:47:27Z" duration="0.000299" asserts="0">
            <properties>
              <property name="Category" value="GDX.Tests" />
            </properties>
          </test-case>
          <test-case id="1043" name="IsSame_DifferentData_ReturnsFalse" fullname="GDX.ByteExtensionsTests.IsSame_DifferentData_ReturnsFalse" methodname="IsSame_DifferentData_ReturnsFalse" classname="GDX.ByteExtensionsTests" runstate="Runnable" seed="1310389759" result="Passed" start-time="2022-05-26 23:47:27Z" end-time="2022-05-26 23:47:27Z" duration="0.000402" asserts="0">
            <properties>
              <property name="Category" value="GDX.Tests" />
            </properties>
          </test-case>
          <test-case id="1046" name="IsSame_DifferentLengths_ReturnsFalse" fullname="GDX.ByteExtensionsTests.IsSame_DifferentLengths_ReturnsFalse" methodname="IsSame_DifferentLengths_ReturnsFalse" classname="GDX.ByteExtensionsTests" runstate="Runnable" seed="709590754" result="Passed" start-time="2022-05-26 23:47:27Z" end-time="2022-05-26 23:47:27Z" duration="0.000151" asserts="0">
            <properties>
              <property name="Category" value="GDX.Tests" />
            </properties>
          </test-case>
          <test-case id="1044" name="IsSame_NullLeftHandSide_ReturnsFalse" fullname="GDX.ByteExtensionsTests.IsSame_NullLeftHandSide_ReturnsFalse" methodname="IsSame_NullLeftHandSide_ReturnsFalse" classname="GDX.ByteExtensionsTests" runstate="Runnable" seed="1670817651" result="Passed" start-time="2022-05-26 23:47:27Z" end-time="2022-05-26 23:47:27Z" duration="0.000131" asserts="0">
            <properties>
              <property name="Category" value="GDX.Tests" />
            </properties>
          </test-case>
          <test-case id="1045" name="IsSame_NullRightHandSide_ReturnsFalse" fullname="GDX.ByteExtensionsTests.IsSame_NullRightHandSide_ReturnsFalse" methodname="IsSame_NullRightHandSide_ReturnsFalse" classname="GDX.ByteExtensionsTests" runstate="Runnable" seed="893387254" result="Passed" start-time="2022-05-26 23:47:27Z" end-time="2022-05-26 23:47:27Z" duration="0.000131" asserts="0">
            <properties>
              <property name="Category" value="GDX.Tests" />
            </properties>
          </test-case>
          <test-case id="1042" name="IsSame_SameData_ReturnsTrue" fullname="GDX.ByteExtensionsTests.IsSame_SameData_ReturnsTrue" methodname="IsSame_SameData_ReturnsTrue" classname="GDX.ByteExtensionsTests" runstate="Runnable" seed="403555463" result="Passed" start-time="2022-05-26 23:47:27Z" end-time="2022-05-26 23:47:27Z" duration="0.000130" asserts="0">
            <properties>
              <property name="Category" value="GDX.Tests" />
            </properties>
          </test-case>
        </test-suite>
        <test-suite type="TestSuite" id="1433" name="Classic" fullname="GDX.Classic" runstate="Runnable" testcasecount="3" result="Passed" start-time="2022-05-26 23:47:27Z" end-time="2022-05-26 23:47:28Z" duration="0.160324" total="3" passed="3" failed="0" inconclusive="0" skipped="0" asserts="0">
          <properties />
          <test-suite type="TestSuite" id="1434" name="Developer" fullname="GDX.Classic.Developer" runstate="Runnable" testcasecount="3" result="Passed" start-time="2022-05-26 23:47:27Z" end-time="2022-05-26 23:47:28Z" duration="0.158634" total="3" passed="3" failed="0" inconclusive="0" skipped="0" asserts="0">
            <properties />
            <test-suite type="TestSuite" id="1435" name="Reports" fullname="GDX.Classic.Developer.Reports" runstate="Runnable" testcasecount="3" result="Passed" start-time="2022-05-26 23:47:27Z" end-time="2022-05-26 23:47:28Z" duration="0.155497" total="3" passed="3" failed="0" inconclusive="0" skipped="0" asserts="0">
              <properties />
              <test-suite type="TestFixture" id="1274" name="ResourcesAuditReportTests" fullname="GDX.Classic.Developer.Reports.ResourcesAuditReportTests" classname="GDX.Classic.Developer.Reports.ResourcesAuditReportTests" runstate="Runnable" testcasecount="3" result="Passed" start-time="2022-05-26 23:47:27Z" end-time="2022-05-26 23:47:28Z" duration="0.151325" total="3" passed="3" failed="0" inconclusive="0" skipped="0" asserts="0">
                <properties />
                <test-case id="1275" name="Get_MockData_ReturnsObject" fullname="GDX.Classic.Developer.Reports.ResourcesAuditReportTests.Get_MockData_ReturnsObject" methodname="Get_MockData_ReturnsObject" classname="GDX.Classic.Developer.Reports.ResourcesAuditReportTests" runstate="Runnable" seed="1493056868" result="Passed" start-time="2022-05-26 23:47:27Z" end-time="2022-05-26 23:47:27Z" duration="0.007308" asserts="0">
                  <properties>
                    <property name="Category" value="GDX.Tests" />
                  </properties>
                </test-case>
                <test-case id="1277" name="Output_GetAll_ReturnsReport" fullname="GDX.Classic.Developer.Reports.ResourcesAuditReportTests.Output_GetAll_ReturnsReport" methodname="Output_GetAll_ReturnsReport" classname="GDX.Classic.Developer.Reports.ResourcesAuditReportTests" runstate="Runnable" seed="537181423" result="Passed" start-time="2022-05-26 23:47:27Z" end-time="2022-05-26 23:47:28Z" duration="0.111174" asserts="0">
                  <properties>
                    <property name="Category" value="GDX.Tests" />
                  </properties>
                </test-case>
                <test-case id="1276" name="Output_GetCommon_ReturnsReport" fullname="GDX.Classic.Developer.Reports.ResourcesAuditReportTests.Output_GetCommon_ReturnsReport" methodname="Output_GetCommon_ReturnsReport" classname="GDX.Classic.Developer.Reports.ResourcesAuditReportTests" runstate="Runnable" seed="1089333891" result="Passed" start-time="2022-05-26 23:47:28Z" end-time="2022-05-26 23:47:28Z" duration="0.028155" asserts="0">
                  <properties>
                    <property name="Category" value="GDX.Tests" />
                  </properties>
                </test-case>
              </test-suite>
            </test-suite>
          </test-suite>
        </test-suite>
        <test-suite type="TestSuite" id="1439" name="Collections" fullname="GDX.Collections" runstate="Runnable" testcasecount="116" result="Passed" start-time="2022-05-26 23:47:28Z" end-time="2022-05-26 23:47:28Z" duration="0.237993" total="116" passed="116" failed="0" inconclusive="0" skipped="0" asserts="0">
          <properties />
          <test-suite type="TestSuite" id="1441" name="Generic" fullname="GDX.Collections.Generic" runstate="Runnable" testcasecount="102" result="Passed" start-time="2022-05-26 23:47:28Z" end-time="2022-05-26 23:47:28Z" duration="0.206298" total="102" passed="102" failed="0" inconclusive="0" skipped="0" asserts="0">
            <properties />
            <test-suite type="TestFixture" id="1327" name="Array2DTests" fullname="GDX.Collections.Generic.Array2DTests" classname="GDX.Collections.Generic.Array2DTests" runstate="Runnable" testcasecount="11" result="Passed" start-time="2022-05-26 23:47:28Z" end-time="2022-05-26 23:47:28Z" duration="0.129083" total="11" passed="11" failed="0" inconclusive="0" skipped="0" asserts="0">
              <properties />
              <test-case id="1328" name="AddColumns_MockData_ArrayResized" fullname="GDX.Collections.Generic.Array2DTests.AddColumns_MockData_ArrayResized" methodname="AddColumns_MockData_ArrayResized" classname="GDX.Collections.Generic.Array2DTests" runstate="Runnable" seed="362763419" result="Passed" start-time="2022-05-26 23:47:28Z" end-time="2022-05-26 23:47:28Z" duration="0.000671" asserts="0">
                <properties>
                  <property name="Category" value="GDX.Tests" />
                </properties>
              </test-case>
              <test-case id="1329" name="AddRows_MockData_ArrayResized" fullname="GDX.Collections.Generic.Array2DTests.AddRows_MockData_ArrayResized" methodname="AddRows_MockData_ArrayResized" classname="GDX.Collections.Generic.Array2DTests" runstate="Runnable" seed="1258829392" result="Passed" start-time="2022-05-26 23:47:28Z" end-time="2022-05-26 23:47:28Z" duration="0.000304" asserts="0">
                <properties>
                  <property name="Category" value="GDX.Tests" />
                </properties>
              </test-case>
              <test-case id="1330" name="GetColumnIndex_MockData_ReturnsIndex" fullname="GDX.Collections.Generic.Array2DTests.GetColumnIndex_MockData_ReturnsIndex" methodname="GetColumnIndex_MockData_ReturnsIndex" classname="GDX.Collections.Generic.Array2DTests" runstate="Runnable" seed="668292089" result="Passed" start-time="2022-05-26 23:47:28Z" end-time="2022-05-26 23:47:28Z" duration="0.000274" asserts="0">
                <properties>
                  <property name="Category" value="GDX.Tests" />
                </properties>
              </test-case>
              <test-case id="1331" name="GetRowIndex_MockData_ReturnsIndex" fullname="GDX.Collections.Generic.Array2DTests.GetRowIndex_MockData_ReturnsIndex" methodname="GetRowIndex_MockData_ReturnsIndex" classname="GDX.Collections.Generic.Array2DTests" runstate="Runnable" seed="725250570" result="Passed" start-time="2022-05-26 23:47:28Z" end-time="2022-05-26 23:47:28Z" duration="0.000233" asserts="0">
                <properties>
                  <property name="Category" value="GDX.Tests" />
                </properties>
              </test-case>
              <test-case id="1332" name="ReverseColumns_MockDataEven_ValuesReversed" fullname="GDX.Collections.Generic.Array2DTests.ReverseColumns_MockDataEven_ValuesReversed" methodname="ReverseColumns_MockDataEven_ValuesReversed" classname="GDX.Collections.Generic.Array2DTests" runstate="Runnable" seed="1981641781" result="Passed" start-time="2022-05-26 23:47:28Z" end-time="2022-05-26 23:47:28Z" duration="0.000598" asserts="0">
                <properties>
                  <property name="Category" value="GDX.Tests" />
                </properties>
              </test-case>
              <test-case id="1333" name="ReverseColumns_MockDataOdd_ValuesReversed" fullname="GDX.Collections.Generic.Array2DTests.ReverseColumns_MockDataOdd_ValuesReversed" methodname="ReverseColumns_MockDataOdd_ValuesReversed" classname="GDX.Collections.Generic.Array2DTests" runstate="Runnable" seed="77105580" result="Passed" start-time="2022-05-26 23:47:28Z" end-time="2022-05-26 23:47:28Z" duration="0.000224" asserts="0">
                <properties>
                  <property name="Category" value="GDX.Tests" />
                </properties>
              </test-case>
              <test-case id="1334" name="ReverseRows_MockDataEven_ValuesReversed" fullname="GDX.Collections.Generic.Array2DTests.ReverseRows_MockDataEven_ValuesReversed" methodname="ReverseRows_MockDataEven_ValuesReversed" classname="GDX.Collections.Generic.Array2DTests" runstate="Runnable" seed="91514461" result="Passed" start-time="2022-05-26 23:47:28Z" end-time="2022-05-26 23:47:28Z" duration="0.000354" asserts="0">
                <properties>
                  <property name="Category" value="GDX.Tests" />
                </properties>
              </test-case>
              <test-case id="1335" name="ReverseRows_MockDataOdd_ValuesReversed" fullname="GDX.Collections.Generic.Array2DTests.ReverseRows_MockDataOdd_ValuesReversed" methodname="ReverseRows_MockDataOdd_ValuesReversed" classname="GDX.Collections.Generic.Array2DTests" runstate="Runnable" seed="904832835" result="Passed" start-time="2022-05-26 23:47:28Z" end-time="2022-05-26 23:47:28Z" duration="0.000220" asserts="0">
                <properties>
                  <property name="Category" value="GDX.Tests" />
                </properties>
              </test-case>
              <test-case id="1336" name="RotateClockwise_MockDataOdd_ValuesRotated" fullname="GDX.Collections.Generic.Array2DTests.RotateClockwise_MockDataOdd_ValuesRotated" methodname="RotateClockwise_MockDataOdd_ValuesRotated" classname="GDX.Collections.Generic.Array2DTests" runstate="Runnable" seed="538000805" result="Passed" start-time="2022-05-26 23:47:28Z" end-time="2022-05-26 23:47:28Z" duration="0.000335" asserts="0">
                <properties>
                  <property name="Category" value="GDX.Tests" />
                </properties>
              </test-case>
              <test-case id="1337" name="RotateCounterClockwise_MockDataOdd_ValuesRotated" fullname="GDX.Collections.Generic.Array2DTests.RotateCounterClockwise_MockDataOdd_ValuesRotated" methodname="RotateCounterClockwise_MockDataOdd_ValuesRotated" classname="GDX.Collections.Generic.Array2DTests" runstate="Runnable" seed="382527918" result="Passed" start-time="2022-05-26 23:47:28Z" end-time="2022-05-26 23:47:28Z" duration="0.000385" asserts="0">
                <properties>
                  <property name="Category" value="GDX.Tests" />
                </properties>
              </test-case>
              <test-case id="1338" name="ToMultiDimensionalArray_MockData_MatchingValues" fullname="GDX.Collections.Generic.Array2DTests.ToMultiDimensionalArray_MockData_MatchingValues" methodname="ToMultiDimensionalArray_MockData_MatchingValues" classname="GDX.Collections.Generic.Array2DTests" runstate="Runnable" seed="730314321" result="Passed" start-time="2022-05-26 23:47:28Z" end-time="2022-05-26 23:47:28Z" duration="0.000471" asserts="0">
                <properties>
                  <property name="Category" value="GDX.Tests" />
                </properties>
              </test-case>
            </test-suite>
            <test-suite type="TestFixture" id="1420" name="ArrayPoolTests" fullname="GDX.Collections.Generic.ArrayPoolTests" classname="GDX.Collections.Generic.ArrayPoolTests" runstate="Runnable" testcasecount="6" result="Passed" start-time="2022-05-26 23:47:28Z" end-time="2022-05-26 23:47:28Z" duration="0.007184" total="6" passed="6" failed="0" inconclusive="0" skipped="0" asserts="0">
              <properties />
              <test-case id="1421" name="Constructor_InitializeWithMinimumAndMaximum" fullname="GDX.Collections.Generic.ArrayPoolTests.Constructor_InitializeWithMinimumAndMaximum" methodname="Constructor_InitializeWithMinimumAndMaximum" classname="GDX.Collections.Generic.ArrayPoolTests" runstate="Runnable" seed="1019390980" result="Passed" start-time="2022-05-26 23:47:28Z" end-time="2022-05-26 23:47:28Z" duration="0.000878" asserts="0">
                <properties>
                  <property name="Category" value="GDX.Tests" />
                </properties>
              </test-case>
              <test-case id="1424" name="GetArrayFromPool_NonPowerOfTwoRequested_ArrayExistsInPool" fullname="GDX.Collections.Generic.ArrayPoolTests.GetArrayFromPool_NonPowerOfTwoRequested_ArrayExistsInPool" methodname="GetArrayFromPool_NonPowerOfTwoRequested_ArrayExistsInPool" classname="GDX.Collections.Generic.ArrayPoolTests" runstate="Runnable" seed="187748369" result="Passed" start-time="2022-05-26 23:47:28Z" end-time="2022-05-26 23:47:28Z" duration="0.000448" asserts="0">
                <properties>
                  <property name="Category" value="GDX.Tests" />
                </properties>
              </test-case>
              <test-case id="1422" name="GetArrayFromPool_PowerOfTwoRequested_ArrayExistsInPool" fullname="GDX.Collections.Generic.ArrayPoolTests.GetArrayFromPool_PowerOfTwoRequested_ArrayExistsInPool" methodname="GetArrayFromPool_PowerOfTwoRequested_ArrayExistsInPool" classname="GDX.Collections.Generic.ArrayPoolTests" runstate="Runnable" seed="390172333" result="Passed" start-time="2022-05-26 23:47:28Z" end-time="2022-05-26 23:47:28Z" duration="0.000255" asserts="0">
                <properties>
                  <property name="Category" value="GDX.Tests" />
                </properties>
              </test-case>
              <test-case id="1423" name="GetArrayFromPool_PowerOfTwoRequested_PoolIsEmpty" fullname="GDX.Collections.Generic.ArrayPoolTests.GetArrayFromPool_PowerOfTwoRequested_PoolIsEmpty" methodname="GetArrayFromPool_PowerOfTwoRequested_PoolIsEmpty" classname="GDX.Collections.Generic.ArrayPoolTests" runstate="Runnable" seed="218230182" result="Passed" start-time="2022-05-26 23:47:28Z" end-time="2022-05-26 23:47:28Z" duration="0.000251" asserts="0">
                <properties>
                  <property name="Category" value="GDX.Tests" />
                </properties>
              </test-case>
              <test-case id="1425" name="ReturnArrayToPool_MaximumNotReached" fullname="GDX.Collections.Generic.ArrayPoolTests.ReturnArrayToPool_MaximumNotReached" methodname="ReturnArrayToPool_MaximumNotReached" classname="GDX.Collections.Generic.ArrayPoolTests" runstate="Runnable" seed="1969689757" result="Passed" start-time="2022-05-26 23:47:28Z" end-time="2022-05-26 23:47:28Z" duration="0.000383" asserts="0">
                <properties>
                  <property name="Category" value="GDX.Tests" />
                </properties>
              </test-case>
              <test-case id="1426" name="ReturnArrayToPool_MaximumReached" fullname="GDX.Collections.Generic.ArrayPoolTests.ReturnArrayToPool_MaximumReached" methodname="ReturnArrayToPool_MaximumReached" classname="GDX.Collections.Generic.ArrayPoolTests" runstate="Runnable" seed="1875372190" result="Passed" start-time="2022-05-26 23:47:28Z" end-time="2022-05-26 23:47:28Z" duration="0.000282" asserts="0">
                <properties>
                  <property name="Category" value="GDX.Tests" />
                </properties>
              </test-case>
            </test-suite>
            <test-suite type="TestFixture" id="1339" name="CircularBufferTests" fullname="GDX.Collections.Generic.CircularBufferTests" classname="GDX.Collections.Generic.CircularBufferTests" runstate="Runnable" testcasecount="22" result="Passed" start-time="2022-05-26 23:47:28Z" end-time="2022-05-26 23:47:28Z" duration="0.014417" total="22" passed="22" failed="0" inconclusive="0" skipped="0" asserts="0">
              <properties />
              <test-case id="1340" name="Add_MockData_Normal" fullname="GDX.Collections.Generic.CircularBufferTests.Add_MockData_Normal" methodname="Add_MockData_Normal" classname="GDX.Collections.Generic.CircularBufferTests" runstate="Runnable" seed="643811692" result="Passed" start-time="2022-05-26 23:47:28Z" end-time="2022-05-26 23:47:28Z" duration="0.000595" asserts="0">
                <properties>
                  <property name="Category" value="GDX.Tests" />
                </properties>
              </test-case>
              <test-case id="1341" name="Add_MockData_Wrapped" fullname="GDX.Collections.Generic.CircularBufferTests.Add_MockData_Wrapped" methodname="Add_MockData_Wrapped" classname="GDX.Collections.Generic.CircularBufferTests" runstate="Runnable" seed="974423413" result="Passed" start-time="2022-05-26 23:47:28Z" end-time="2022-05-26 23:47:28Z" duration="0.000201" asserts="0">
                <properties>
                  <property name="Category" value="GDX.Tests" />
                </properties>
              </test-case>
              <test-case id="1342" name="Clear_MockData_Empty" fullname="GDX.Collections.Generic.CircularBufferTests.Clear_MockData_Empty" methodname="Clear_MockData_Empty" classname="GDX.Collections.Generic.CircularBufferTests" runstate="Runnable" seed="1809481061" result="Passed" start-time="2022-05-26 23:47:28Z" end-time="2022-05-26 23:47:28Z" duration="0.000251" asserts="0">
                <properties>
                  <property name="Category" value="GDX.Tests" />
                </properties>
              </test-case>
              <test-case id="1343" name="Get_MockData_First" fullname="GDX.Collections.Generic.CircularBufferTests.Get_MockData_First" methodname="Get_MockData_First" classname="GDX.Collections.Generic.CircularBufferTests" runstate="Runnable" seed="107457400" result="Passed" start-time="2022-05-26 23:47:28Z" end-time="2022-05-26 23:47:28Z" duration="0.000229" asserts="0">
                <properties>
                  <property name="Category" value="GDX.Tests" />
                </properties>
              </test-case>
              <test-case id="1344" name="Get_MockData_Last" fullname="GDX.Collections.Generic.CircularBufferTests.Get_MockData_Last" methodname="Get_MockData_Last" classname="GDX.Collections.Generic.CircularBufferTests" runstate="Runnable" seed="311258848" result="Passed" start-time="2022-05-26 23:47:28Z" end-time="2022-05-26 23:47:28Z" duration="0.000194" asserts="0">
                <properties>
                  <property name="Category" value="GDX.Tests" />
                </properties>
              </test-case>
              <test-case id="1345" name="Get_MockData_Wrapped" fullname="GDX.Collections.Generic.CircularBufferTests.Get_MockData_Wrapped" methodname="Get_MockData_Wrapped" classname="GDX.Collections.Generic.CircularBufferTests" runstate="Runnable" seed="242166204" result="Passed" start-time="2022-05-26 23:47:28Z" end-time="2022-05-26 23:47:28Z" duration="0.000176" asserts="0">
                <properties>
                  <property name="Category" value="GDX.Tests" />
                </properties>
              </test-case>
              <test-case id="1346" name="GetBack_MockData_Valid" fullname="GDX.Collections.Generic.CircularBufferTests.GetBack_MockData_Valid" methodname="GetBack_MockData_Valid" classname="GDX.Collections.Generic.CircularBufferTests" runstate="Runnable" seed="655285905" result="Passed" start-time="2022-05-26 23:47:28Z" end-time="2022-05-26 23:47:28Z" duration="0.000224" asserts="0">
                <properties>
                  <property name="Category" value="GDX.Tests" />
                </properties>
              </test-case>
              <test-case id="1347" name="GetFront_MockData_Valid" fullname="GDX.Collections.Generic.CircularBufferTests.GetFront_MockData_Valid" methodname="GetFront_MockData_Valid" classname="GDX.Collections.Generic.CircularBufferTests" runstate="Runnable" seed="1779614640" result="Passed" start-time="2022-05-26 23:47:28Z" end-time="2022-05-26 23:47:28Z" duration="0.000216" asserts="0">
                <properties>
                  <property name="Category" value="GDX.Tests" />
                </properties>
              </test-case>
              <test-case id="1349" name="IsEmpty_MockData_ClearedEmpty" fullname="GDX.Collections.Generic.CircularBufferTests.IsEmpty_MockData_ClearedEmpty" methodname="IsEmpty_MockData_ClearedEmpty" classname="GDX.Collections.Generic.CircularBufferTests" runstate="Runnable" seed="48807075" result="Passed" start-time="2022-05-26 23:47:28Z" end-time="2022-05-26 23:47:28Z" duration="0.000223" asserts="0">
                <properties>
                  <property name="Category" value="GDX.Tests" />
                </properties>
              </test-case>
              <test-case id="1348" name="IsEmpty_MockData_Empty" fullname="GDX.Collections.Generic.CircularBufferTests.IsEmpty_MockData_Empty" methodname="IsEmpty_MockData_Empty" classname="GDX.Collections.Generic.CircularBufferTests" runstate="Runnable" seed="2008794041" result="Passed" start-time="2022-05-26 23:47:28Z" end-time="2022-05-26 23:47:28Z" duration="0.000223" asserts="0">
                <properties>
                  <property name="Category" value="GDX.Tests" />
                </properties>
              </test-case>
              <test-case id="1350" name="IsEmpty_MockData_NotEmpty" fullname="GDX.Collections.Generic.CircularBufferTests.IsEmpty_MockData_NotEmpty" methodname="IsEmpty_MockData_NotEmpty" classname="GDX.Collections.Generic.CircularBufferTests" runstate="Runnable" seed="659145358" result="Passed" start-time="2022-05-26 23:47:28Z" end-time="2022-05-26 23:47:28Z" duration="0.000164" asserts="0">
                <properties>
                  <property name="Category" value="GDX.Tests" />
                </properties>
              </test-case>
              <test-case id="1351" name="IsFull_MockData_Full" fullname="GDX.Collections.Generic.CircularBufferTests.IsFull_MockData_Full" methodname="IsFull_MockData_Full" classname="GDX.Collections.Generic.CircularBufferTests" runstate="Runnable" seed="47238131" result="Passed" start-time="2022-05-26 23:47:28Z" end-time="2022-05-26 23:47:28Z" duration="0.000205" asserts="0">
                <properties>
                  <property name="Category" value="GDX.Tests" />
                </properties>
              </test-case>
              <test-case id="1352" name="IsFull_MockData_NotFull" fullname="GDX.Collections.Generic.CircularBufferTests.IsFull_MockData_NotFull" methodname="IsFull_MockData_NotFull" classname="GDX.Collections.Generic.CircularBufferTests" runstate="Runnable" seed="2502921" result="Passed" start-time="2022-05-26 23:47:28Z" end-time="2022-05-26 23:47:28Z" duration="0.000159" asserts="0">
                <properties>
                  <property name="Category" value="GDX.Tests" />
                </properties>
              </test-case>
              <test-case id="1353" name="PopBack_MockData_GetValue" fullname="GDX.Collections.Generic.CircularBufferTests.PopBack_MockData_GetValue" methodname="PopBack_MockData_GetValue" classname="GDX.Collections.Generic.CircularBufferTests" runstate="Runnable" seed="1935318043" result="Passed" start-time="2022-05-26 23:47:28Z" end-time="2022-05-26 23:47:28Z" duration="0.000250" asserts="0">
                <properties>
                  <property name="Category" value="GDX.Tests" />
                </properties>
              </test-case>
              <test-case id="1354" name="PopFront_MockData_GetValue" fullname="GDX.Collections.Generic.CircularBufferTests.PopFront_MockData_GetValue" methodname="PopFront_MockData_GetValue" classname="GDX.Collections.Generic.CircularBufferTests" runstate="Runnable" seed="1562970046" result="Passed" start-time="2022-05-26 23:47:28Z" end-time="2022-05-26 23:47:28Z" duration="0.000265" asserts="0">
                <properties>
                  <property name="Category" value="GDX.Tests" />
                </properties>
              </test-case>
              <test-case id="1355" name="PushBack_MockData_InjectedValue" fullname="GDX.Collections.Generic.CircularBufferTests.PushBack_MockData_InjectedValue" methodname="PushBack_MockData_InjectedValue" classname="GDX.Collections.Generic.CircularBufferTests" runstate="Runnable" seed="984721870" result="Passed" start-time="2022-05-26 23:47:28Z" end-time="2022-05-26 23:47:28Z" duration="0.000201" asserts="0">
                <properties>
                  <property name="Category" value="GDX.Tests" />
                </properties>
              </test-case>
              <test-case id="1356" name="PushFront_MockData_InjectedValue" fullname="GDX.Collections.Generic.CircularBufferTests.PushFront_MockData_InjectedValue" methodname="PushFront_MockData_InjectedValue" classname="GDX.Collections.Generic.CircularBufferTests" runstate="Runnable" seed="335318952" result="Passed" start-time="2022-05-26 23:47:28Z" end-time="2022-05-26 23:47:28Z" duration="0.000285" asserts="0">
                <properties>
                  <property name="Category" value="GDX.Tests" />
                </properties>
              </test-case>
              <test-case id="1357" name="Set_MockData_First" fullname="GDX.Collections.Generic.CircularBufferTests.Set_MockData_First" methodname="Set_MockData_First" classname="GDX.Collections.Generic.CircularBufferTests" runstate="Runnable" seed="1715465126" result="Passed" start-time="2022-05-26 23:47:28Z" end-time="2022-05-26 23:47:28Z" duration="0.000234" asserts="0">
                <properties>
                  <property name="Category" value="GDX.Tests" />
                </properties>
              </test-case>
              <test-case id="1358" name="Set_MockData_Last" fullname="GDX.Collections.Generic.CircularBufferTests.Set_MockData_Last" methodname="Set_MockData_Last" classname="GDX.Collections.Generic.CircularBufferTests" runstate="Runnable" seed="1515074235" result="Passed" start-time="2022-05-26 23:47:28Z" end-time="2022-05-26 23:47:28Z" duration="0.000167" asserts="0">
                <properties>
                  <property name="Category" value="GDX.Tests" />
                </properties>
              </test-case>
              <test-case id="1359" name="Set_MockData_Wrapped" fullname="GDX.Collections.Generic.CircularBufferTests.Set_MockData_Wrapped" methodname="Set_MockData_Wrapped" classname="GDX.Collections.Generic.CircularBufferTests" runstate="Runnable" seed="1496743608" result="Passed" start-time="2022-05-26 23:47:28Z" end-time="2022-05-26 23:47:28Z" duration="0.000169" asserts="0">
                <properties>
                  <property name="Category" value="GDX.Tests" />
                </properties>
              </test-case>
              <test-case id="1360" name="ToArray_MockData_NonWrapped" fullname="GDX.Collections.Generic.CircularBufferTests.ToArray_MockData_NonWrapped" methodname="ToArray_MockData_NonWrapped" classname="GDX.Collections.Generic.CircularBufferTests" runstate="Runnable" seed="979375397" result="Passed" start-time="2022-05-26 23:47:28Z" end-time="2022-05-26 23:47:28Z" duration="0.000318" asserts="0">
                <properties>
                  <property name="Category" value="GDX.Tests" />
                </properties>
              </test-case>
              <test-case id="1361" name="ToArray_MockData_Wrapped" fullname="GDX.Collections.Generic.CircularBufferTests.ToArray_MockData_Wrapped" methodname="ToArray_MockData_Wrapped" classname="GDX.Collections.Generic.CircularBufferTests" runstate="Runnable" seed="1602996617" result="Passed" start-time="2022-05-26 23:47:28Z" end-time="2022-05-26 23:47:28Z" duration="0.000271" asserts="0">
                <properties>
                  <property name="Category" value="GDX.Tests" />
                </properties>
              </test-case>
            </test-suite>
            <test-suite type="TestFixture" id="1318" name="FreeListTests" fullname="GDX.Collections.Generic.FreeListTests" classname="GDX.Collections.Generic.FreeListTests" runstate="Runnable" testcasecount="8" result="Passed" start-time="2022-05-26 23:47:28Z" end-time="2022-05-26 23:47:28Z" duration="0.009647" total="8" passed="8" failed="0" inconclusive="0" skipped="0" asserts="0">
              <properties />
              <test-case id="1320" name="AddUnchecked_MockData_ValueAdded" fullname="GDX.Collections.Generic.FreeListTests.AddUnchecked_MockData_ValueAdded" methodname="AddUnchecked_MockData_ValueAdded" classname="GDX.Collections.Generic.FreeListTests" runstate="Runnable" seed="1428242186" result="Passed" start-time="2022-05-26 23:47:28Z" end-time="2022-05-26 23:47:28Z" duration="0.000511" asserts="0">
                <properties>
                  <property name="Category" value="GDX.Tests" />
                </properties>
              </test-case>
              <test-case id="1321" name="AddUnchecked_MockDataOverflow_ThrowsException" fullname="GDX.Collections.Generic.FreeListTests.AddUnchecked_MockDataOverflow_ThrowsException" methodname="AddUnchecked_MockDataOverflow_ThrowsException" classname="GDX.Collections.Generic.FreeListTests" runstate="Runnable" seed="751487211" result="Passed" start-time="2022-05-26 23:47:28Z" end-time="2022-05-26 23:47:28Z" duration="0.003093" asserts="0">
                <properties>
                  <property name="Category" value="GDX.Tests" />
                </properties>
              </test-case>
              <test-case id="1322" name="AddWithExpandCheck_MockData_ValueAdded" fullname="GDX.Collections.Generic.FreeListTests.AddWithExpandCheck_MockData_ValueAdded" methodname="AddWithExpandCheck_MockData_ValueAdded" classname="GDX.Collections.Generic.FreeListTests" runstate="Runnable" seed="1330990366" result="Passed" start-time="2022-05-26 23:47:28Z" end-time="2022-05-26 23:47:28Z" duration="0.000314" asserts="0">
                <properties>
                  <property name="Category" value="GDX.Tests" />
                </properties>
              </test-case>
              <test-case id="1323" name="AddWithExpandCheck_MockDataWithExpansion_ValueAdded" fullname="GDX.Collections.Generic.FreeListTests.AddWithExpandCheck_MockDataWithExpansion_ValueAdded" methodname="AddWithExpandCheck_MockDataWithExpansion_ValueAdded" classname="GDX.Collections.Generic.FreeListTests" runstate="Runnable" seed="2042830247" result="Passed" start-time="2022-05-26 23:47:28Z" end-time="2022-05-26 23:47:28Z" duration="0.000294" asserts="0">
                <properties>
                  <property name="Category" value="GDX.Tests" />
                </properties>
              </test-case>
              <test-case id="1324" name="Clear_MockData_DataCleared" fullname="GDX.Collections.Generic.FreeListTests.Clear_MockData_DataCleared" methodname="Clear_MockData_DataCleared" classname="GDX.Collections.Generic.FreeListTests" runstate="Runnable" seed="622424876" result="Passed" start-time="2022-05-26 23:47:28Z" end-time="2022-05-26 23:47:28Z" duration="0.000222" asserts="0">
                <properties>
                  <property name="Category" value="GDX.Tests" />
                </properties>
              </test-case>
              <test-case id="1319" name="FreeList_CreateWithCount" fullname="GDX.Collections.Generic.FreeListTests.FreeList_CreateWithCount" methodname="FreeList_CreateWithCount" classname="GDX.Collections.Generic.FreeListTests" runstate="Runnable" seed="1738827365" result="Passed" start-time="2022-05-26 23:47:28Z" end-time="2022-05-26 23:47:28Z" duration="0.000172" asserts="0">
                <properties>
                  <property name="Category" value="GDX.Tests" />
                </properties>
              </test-case>
              <test-case id="1326" name="GetAndRemoveAt_MockData_ValueRemoved" fullname="GDX.Collections.Generic.FreeListTests.GetAndRemoveAt_MockData_ValueRemoved" methodname="GetAndRemoveAt_MockData_ValueRemoved" classname="GDX.Collections.Generic.FreeListTests" runstate="Runnable" seed="1124532504" result="Passed" start-time="2022-05-26 23:47:28Z" end-time="2022-05-26 23:47:28Z" duration="0.000249" asserts="0">
                <properties>
                  <property name="Category" value="GDX.Tests" />
                </properties>
              </test-case>
              <test-case id="1325" name="RemoveAt_MockData_ValueRemoved" fullname="GDX.Collections.Generic.FreeListTests.RemoveAt_MockData_ValueRemoved" methodname="RemoveAt_MockData_ValueRemoved" classname="GDX.Collections.Generic.FreeListTests" runstate="Runnable" seed="1901591808" result="Passed" start-time="2022-05-26 23:47:28Z" end-time="2022-05-26 23:47:28Z" duration="0.000232" asserts="0">
                <properties>
                  <property name="Category" value="GDX.Tests" />
                </properties>
              </test-case>
            </test-suite>
            <test-suite type="TestFixture" id="1362" name="SerializableDictionaryTests" fullname="GDX.Collections.Generic.SerializableDictionaryTests" classname="GDX.Collections.Generic.SerializableDictionaryTests" runstate="Runnable" testcasecount="5" result="Passed" start-time="2022-05-26 23:47:28Z" end-time="2022-05-26 23:47:28Z" duration="0.005836" total="5" passed="5" failed="0" inconclusive="0" skipped="0" asserts="0">
              <properties />
              <test-case id="1363" name="IsSerializableType_SystemObject_ReturnsFalse" fullname="GDX.Collections.Generic.SerializableDictionaryTests.IsSerializableType_SystemObject_ReturnsFalse" methodname="IsSerializableType_SystemObject_ReturnsFalse" classname="GDX.Collections.Generic.SerializableDictionaryTests" runstate="Runnable" seed="238573447" result="Passed" start-time="2022-05-26 23:47:28Z" end-time="2022-05-26 23:47:28Z" duration="0.000364" asserts="0">
                <properties>
                  <property name="Category" value="GDX.Tests" />
                </properties>
              </test-case>
              <test-case id="1365" name="IsSerializableType_UnityObject_ReturnsTrue" fullname="GDX.Collections.Generic.SerializableDictionaryTests.IsSerializableType_UnityObject_ReturnsTrue" methodname="IsSerializableType_UnityObject_ReturnsTrue" classname="GDX.Collections.Generic.SerializableDictionaryTests" runstate="Runnable" seed="60870835" result="Passed" start-time="2022-05-26 23:47:28Z" end-time="2022-05-26 23:47:28Z" duration="0.000180" asserts="0">
                <properties>
                  <property name="Category" value="GDX.Tests" />
                </properties>
              </test-case>
              <test-case id="1366" name="OverwriteSerializedData_MockData_PopulatesDictionary" fullname="GDX.Collections.Generic.SerializableDictionaryTests.OverwriteSerializedData_MockData_PopulatesDictionary" methodname="OverwriteSerializedData_MockData_PopulatesDictionary" classname="GDX.Collections.Generic.SerializableDictionaryTests" runstate="Runnable" seed="1008299059" result="Passed" start-time="2022-05-26 23:47:28Z" end-time="2022-05-26 23:47:28Z" duration="0.000954" asserts="0">
                <properties>
                  <property name="Category" value="GDX.Tests" />
                </properties>
              </test-case>
              <test-case id="1364" name="SaveSerializedData_MockData_ReturnsSerializedDataLength" fullname="GDX.Collections.Generic.SerializableDictionaryTests.SaveSerializedData_MockData_ReturnsSerializedDataLength" methodname="SaveSerializedData_MockData_ReturnsSerializedDataLength" classname="GDX.Collections.Generic.SerializableDictionaryTests" runstate="Runnable" seed="1931327095" result="Passed" start-time="2022-05-26 23:47:28Z" end-time="2022-05-26 23:47:28Z" duration="0.000721" asserts="0">
                <properties>
                  <property name="Category" value="GDX.Tests" />
                </properties>
              </test-case>
              <test-case id="1367" name="SaveSerializedData_NoData_ReturnsZeroSerializedDataLength" fullname="GDX.Collections.Generic.SerializableDictionaryTests.SaveSerializedData_NoData_ReturnsZeroSerializedDataLength" methodname="SaveSerializedData_NoData_ReturnsZeroSerializedDataLength" classname="GDX.Collections.Generic.SerializableDictionaryTests" runstate="Runnable" seed="1667157019" result="Passed" start-time="2022-05-26 23:47:28Z" end-time="2022-05-26 23:47:28Z" duration="0.000151" asserts="0">
                <properties>
                  <property name="Category" value="GDX.Tests" />
                </properties>
              </test-case>
            </test-suite>
            <test-suite type="TestFixture" id="1368" name="SimpleListTests" fullname="GDX.Collections.Generic.SimpleListTests" classname="GDX.Collections.Generic.SimpleListTests" runstate="Runnable" testcasecount="23" result="Passed" start-time="2022-05-26 23:47:28Z" end-time="2022-05-26 23:47:28Z" duration="0.015166" total="23" passed="23" failed="0" inconclusive="0" skipped="0" asserts="0">
              <properties />
              <test-case id="1379" name="AddExpandClearBoth_MockDataWithExpansion_ValueAdded" fullname="GDX.Collections.Generic.SimpleListTests.AddExpandClearBoth_MockDataWithExpansion_ValueAdded" methodname="AddExpandClearBoth_MockDataWithExpansion_ValueAdded" classname="GDX.Collections.Generic.SimpleListTests" runstate="Runnable" seed="211621286" result="Passed" start-time="2022-05-26 23:47:28Z" end-time="2022-05-26 23:47:28Z" duration="0.000852" asserts="0">
                <properties>
                  <property name="Category" value="GDX.Tests" />
                </properties>
              </test-case>
              <test-case id="1378" name="AddExpandClearNew_MockDataWithExpansion_ValueAdded" fullname="GDX.Collections.Generic.SimpleListTests.AddExpandClearNew_MockDataWithExpansion_ValueAdded" methodname="AddExpandClearNew_MockDataWithExpansion_ValueAdded" classname="GDX.Collections.Generic.SimpleListTests" runstate="Runnable" seed="537371368" result="Passed" start-time="2022-05-26 23:47:28Z" end-time="2022-05-26 23:47:28Z" duration="0.000472" asserts="0">
                <properties>
                  <property name="Category" value="GDX.Tests" />
                </properties>
              </test-case>
              <test-case id="1377" name="AddExpandClearOld_MockDataWithExpansion_ValueAdded" fullname="GDX.Collections.Generic.SimpleListTests.AddExpandClearOld_MockDataWithExpansion_ValueAdded" methodname="AddExpandClearOld_MockDataWithExpansion_ValueAdded" classname="GDX.Collections.Generic.SimpleListTests" runstate="Runnable" seed="552436676" result="Passed" start-time="2022-05-26 23:47:28Z" end-time="2022-05-26 23:47:28Z" duration="0.000367" asserts="0">
                <properties>
                  <property name="Category" value="GDX.Tests" />
                </properties>
              </test-case>
              <test-case id="1376" name="AddExpandNoClear_MockDataWithExpansion_ValueAdded" fullname="GDX.Collections.Generic.SimpleListTests.AddExpandNoClear_MockDataWithExpansion_ValueAdded" methodname="AddExpandNoClear_MockDataWithExpansion_ValueAdded" classname="GDX.Collections.Generic.SimpleListTests" runstate="Runnable" seed="759489824" result="Passed" start-time="2022-05-26 23:47:28Z" end-time="2022-05-26 23:47:28Z" duration="0.000391" asserts="0">
                <properties>
                  <property name="Category" value="GDX.Tests" />
                </properties>
              </test-case>
              <test-case id="1372" name="AddUnchecked_MockData_ValueAdded" fullname="GDX.Collections.Generic.SimpleListTests.AddUnchecked_MockData_ValueAdded" methodname="AddUnchecked_MockData_ValueAdded" classname="GDX.Collections.Generic.SimpleListTests" runstate="Runnable" seed="189853190" result="Passed" start-time="2022-05-26 23:47:28Z" end-time="2022-05-26 23:47:28Z" duration="0.000232" asserts="0">
                <properties>
                  <property name="Category" value="GDX.Tests" />
                </properties>
              </test-case>
              <test-case id="1373" name="AddUnchecked_MockDataOverflow_ThrowsException" fullname="GDX.Collections.Generic.SimpleListTests.AddUnchecked_MockDataOverflow_ThrowsException" methodname="AddUnchecked_MockDataOverflow_ThrowsException" classname="GDX.Collections.Generic.SimpleListTests" runstate="Runnable" seed="323591118" result="Passed" start-time="2022-05-26 23:47:28Z" end-time="2022-05-26 23:47:28Z" duration="0.000272" asserts="0">
                <properties>
                  <property name="Category" value="GDX.Tests" />
                </properties>
              </test-case>
              <test-case id="1374" name="AddWithExpandCheck_MockData_ValueAdded" fullname="GDX.Collections.Generic.SimpleListTests.AddWithExpandCheck_MockData_ValueAdded" methodname="AddWithExpandCheck_MockData_ValueAdded" classname="GDX.Collections.Generic.SimpleListTests" runstate="Runnable" seed="1983076083" result="Passed" start-time="2022-05-26 23:47:28Z" end-time="2022-05-26 23:47:28Z" duration="0.000359" asserts="0">
                <properties>
                  <property name="Category" value="GDX.Tests" />
                </properties>
              </test-case>
              <test-case id="1375" name="AddWithExpandCheck_MockDataWithExpansion_ValueAdded" fullname="GDX.Collections.Generic.SimpleListTests.AddWithExpandCheck_MockDataWithExpansion_ValueAdded" methodname="AddWithExpandCheck_MockDataWithExpansion_ValueAdded" classname="GDX.Collections.Generic.SimpleListTests" runstate="Runnable" seed="476559606" result="Passed" start-time="2022-05-26 23:47:28Z" end-time="2022-05-26 23:47:28Z" duration="0.000261" asserts="0">
                <properties>
                  <property name="Category" value="GDX.Tests" />
                </properties>
              </test-case>
              <test-case id="1380" name="Clear_MockData_DataCleared" fullname="GDX.Collections.Generic.SimpleListTests.Clear_MockData_DataCleared" methodname="Clear_MockData_DataCleared" classname="GDX.Collections.Generic.SimpleListTests" runstate="Runnable" seed="1984821795" result="Passed" start-time="2022-05-26 23:47:28Z" end-time="2022-05-26 23:47:28Z" duration="0.000210" asserts="0">
                <properties>
                  <property name="Category" value="GDX.Tests" />
                </properties>
              </test-case>
              <test-case id="1369" name="Constructor_CreateWithCount" fullname="GDX.Collections.Generic.SimpleListTests.Constructor_CreateWithCount" methodname="Constructor_CreateWithCount" classname="GDX.Collections.Generic.SimpleListTests" runstate="Runnable" seed="1633306520" result="Passed" start-time="2022-05-26 23:47:28Z" end-time="2022-05-26 23:47:28Z" duration="0.000164" asserts="0">
                <properties>
                  <property name="Category" value="GDX.Tests" />
                </properties>
              </test-case>
              <test-case id="1370" name="Constructor_CreateWithExisting_FillsList" fullname="GDX.Collections.Generic.SimpleListTests.Constructor_CreateWithExisting_FillsList" methodname="Constructor_CreateWithExisting_FillsList" classname="GDX.Collections.Generic.SimpleListTests" runstate="Runnable" seed="2047406674" result="Passed" start-time="2022-05-26 23:47:28Z" end-time="2022-05-26 23:47:28Z" duration="0.000222" asserts="0">
                <properties>
                  <property name="Category" value="GDX.Tests" />
                </properties>
              </test-case>
              <test-case id="1371" name="Constructor_CreateWithExistingNoCount_FillsListNoCount" fullname="GDX.Collections.Generic.SimpleListTests.Constructor_CreateWithExistingNoCount_FillsListNoCount" methodname="Constructor_CreateWithExistingNoCount_FillsListNoCount" classname="GDX.Collections.Generic.SimpleListTests" runstate="Runnable" seed="348040761" result="Passed" start-time="2022-05-26 23:47:28Z" end-time="2022-05-26 23:47:28Z" duration="0.000214" asserts="0">
                <properties>
                  <property name="Category" value="GDX.Tests" />
                </properties>
              </test-case>
              <test-case id="1381" name="Insert_MockDataAtEnd_ValueAdded" fullname="GDX.Collections.Generic.SimpleListTests.Insert_MockDataAtEnd_ValueAdded" methodname="Insert_MockDataAtEnd_ValueAdded" classname="GDX.Collections.Generic.SimpleListTests" runstate="Runnable" seed="1791127195" result="Passed" start-time="2022-05-26 23:47:28Z" end-time="2022-05-26 23:47:28Z" duration="0.000263" asserts="0">
                <properties>
                  <property name="Category" value="GDX.Tests" />
                </properties>
              </test-case>
              <test-case id="1382" name="Insert_MockDataAtStart_ValueAdded" fullname="GDX.Collections.Generic.SimpleListTests.Insert_MockDataAtStart_ValueAdded" methodname="Insert_MockDataAtStart_ValueAdded" classname="GDX.Collections.Generic.SimpleListTests" runstate="Runnable" seed="814847494" result="Passed" start-time="2022-05-26 23:47:28Z" end-time="2022-05-26 23:47:28Z" duration="0.000171" asserts="0">
                <properties>
                  <property name="Category" value="GDX.Tests" />
                </properties>
              </test-case>
              <test-case id="1383" name="Insert_MockDataInMiddle_ValueAdded" fullname="GDX.Collections.Generic.SimpleListTests.Insert_MockDataInMiddle_ValueAdded" methodname="Insert_MockDataInMiddle_ValueAdded" classname="GDX.Collections.Generic.SimpleListTests" runstate="Runnable" seed="683882809" result="Passed" start-time="2022-05-26 23:47:28Z" end-time="2022-05-26 23:47:28Z" duration="0.000162" asserts="0">
                <properties>
                  <property name="Category" value="GDX.Tests" />
                </properties>
              </test-case>
              <test-case id="1384" name="RemoveAt_MockDataAtEnd_ValueRemoved" fullname="GDX.Collections.Generic.SimpleListTests.RemoveAt_MockDataAtEnd_ValueRemoved" methodname="RemoveAt_MockDataAtEnd_ValueRemoved" classname="GDX.Collections.Generic.SimpleListTests" runstate="Runnable" seed="1996863165" result="Passed" start-time="2022-05-26 23:47:28Z" end-time="2022-05-26 23:47:28Z" duration="0.000253" asserts="0">
                <properties>
                  <property name="Category" value="GDX.Tests" />
                </properties>
              </test-case>
              <test-case id="1385" name="RemoveAt_MockDataAtStart_ValueRemoved" fullname="GDX.Collections.Generic.SimpleListTests.RemoveAt_MockDataAtStart_ValueRemoved" methodname="RemoveAt_MockDataAtStart_ValueRemoved" classname="GDX.Collections.Generic.SimpleListTests" runstate="Runnable" seed="1346769834" result="Passed" start-time="2022-05-26 23:47:28Z" end-time="2022-05-26 23:47:28Z" duration="0.000175" asserts="0">
                <properties>
                  <property name="Category" value="GDX.Tests" />
                </properties>
              </test-case>
              <test-case id="1386" name="RemoveAt_MockDataInMiddle_ValueRemoved" fullname="GDX.Collections.Generic.SimpleListTests.RemoveAt_MockDataInMiddle_ValueRemoved" methodname="RemoveAt_MockDataInMiddle_ValueRemoved" classname="GDX.Collections.Generic.SimpleListTests" runstate="Runnable" seed="1018570949" result="Passed" start-time="2022-05-26 23:47:28Z" end-time="2022-05-26 23:47:28Z" duration="0.000171" asserts="0">
                <properties>
                  <property name="Category" value="GDX.Tests" />
                </properties>
              </test-case>
              <test-case id="1387" name="RemoveFromBack_MockData_ValueRemoved" fullname="GDX.Collections.Generic.SimpleListTests.RemoveFromBack_MockData_ValueRemoved" methodname="RemoveFromBack_MockData_ValueRemoved" classname="GDX.Collections.Generic.SimpleListTests" runstate="Runnable" seed="2090960936" result="Passed" start-time="2022-05-26 23:47:28Z" end-time="2022-05-26 23:47:28Z" duration="0.000222" asserts="0">
                <properties>
                  <property name="Category" value="GDX.Tests" />
                </properties>
              </test-case>
              <test-case id="1388" name="Reserve_MockData_ArrayExpanded" fullname="GDX.Collections.Generic.SimpleListTests.Reserve_MockData_ArrayExpanded" methodname="Reserve_MockData_ArrayExpanded" classname="GDX.Collections.Generic.SimpleListTests" runstate="Runnable" seed="1804299572" result="Passed" start-time="2022-05-26 23:47:28Z" end-time="2022-05-26 23:47:28Z" duration="0.000217" asserts="0">
                <properties>
                  <property name="Category" value="GDX.Tests" />
                </properties>
              </test-case>
              <test-case id="1389" name="Reverse_MockDataEven_ArrayReversed" fullname="GDX.Collections.Generic.SimpleListTests.Reverse_MockDataEven_ArrayReversed" methodname="Reverse_MockDataEven_ArrayReversed" classname="GDX.Collections.Generic.SimpleListTests" runstate="Runnable" seed="124442825" result="Passed" start-time="2022-05-26 23:47:28Z" end-time="2022-05-26 23:47:28Z" duration="0.000283" asserts="0">
                <properties>
                  <property name="Category" value="GDX.Tests" />
                </properties>
              </test-case>
              <test-case id="1390" name="Reverse_MockDataOdd_ArrayReversed" fullname="GDX.Collections.Generic.SimpleListTests.Reverse_MockDataOdd_ArrayReversed" methodname="Reverse_MockDataOdd_ArrayReversed" classname="GDX.Collections.Generic.SimpleListTests" runstate="Runnable" seed="1090708831" result="Passed" start-time="2022-05-26 23:47:28Z" end-time="2022-05-26 23:47:28Z" duration="0.000195" asserts="0">
                <properties>
                  <property name="Category" value="GDX.Tests" />
                </properties>
              </test-case>
              <test-case id="1391" name="Reverse_MockDataOddLimited_ArrayReversed" fullname="GDX.Collections.Generic.SimpleListTests.Reverse_MockDataOddLimited_ArrayReversed" methodname="Reverse_MockDataOddLimited_ArrayReversed" classname="GDX.Collections.Generic.SimpleListTests" runstate="Runnable" seed="1607607493" result="Passed" start-time="2022-05-26 23:47:28Z" end-time="2022-05-26 23:47:28Z" duration="0.000182" asserts="0">
                <properties>
                  <property name="Category" value="GDX.Tests" />
                </properties>
              </test-case>
            </test-suite>
            <test-suite type="TestFixture" id="1392" name="StringKeyDictionaryTests" fullname="GDX.Collections.Generic.StringKeyDictionaryTests" classname="GDX.Collections.Generic.StringKeyDictionaryTests" runstate="Runnable" testcasecount="27" result="Passed" start-time="2022-05-26 23:47:28Z" end-time="2022-05-26 23:47:28Z" duration="0.019259" total="27" passed="27" failed="0" inconclusive="0" skipped="0" asserts="0">
              <properties />
              <test-case id="1402" name="AddSafe_CheckEntriesMaintainConnection" fullname="GDX.Collections.Generic.StringKeyDictionaryTests.AddSafe_CheckEntriesMaintainConnection" methodname="AddSafe_CheckEntriesMaintainConnection" classname="GDX.Collections.Generic.StringKeyDictionaryTests" runstate="Runnable" seed="971096353" result="Passed" start-time="2022-05-26 23:47:28Z" end-time="2022-05-26 23:47:28Z" duration="0.001767" asserts="0">
                <properties>
                  <property name="Category" value="GDX.Tests" />
                </properties>
              </test-case>
              <test-case id="1396" name="AddSafe_CheckExists" fullname="GDX.Collections.Generic.StringKeyDictionaryTests.AddSafe_CheckExists" methodname="AddSafe_CheckExists" classname="GDX.Collections.Generic.StringKeyDictionaryTests" runstate="Runnable" seed="1873873654" result="Passed" start-time="2022-05-26 23:47:28Z" end-time="2022-05-26 23:47:28Z" duration="0.000301" asserts="0">
                <properties>
                  <property name="Category" value="GDX.Tests" />
                </properties>
              </test-case>
              <test-case id="1401" name="AddSafe_CheckExpanded" fullname="GDX.Collections.Generic.StringKeyDictionaryTests.AddSafe_CheckExpanded" methodname="AddSafe_CheckExpanded" classname="GDX.Collections.Generic.StringKeyDictionaryTests" runstate="Runnable" seed="480174121" result="Passed" start-time="2022-05-26 23:47:28Z" end-time="2022-05-26 23:47:28Z" duration="0.000251" asserts="0">
                <properties>
                  <property name="Category" value="GDX.Tests" />
                </properties>
              </test-case>
              <test-case id="1413" name="AddTwoCollidingEntries_CheckAccess" fullname="GDX.Collections.Generic.StringKeyDictionaryTests.AddTwoCollidingEntries_CheckAccess" methodname="AddTwoCollidingEntries_CheckAccess" classname="GDX.Collections.Generic.StringKeyDictionaryTests" runstate="Runnable" seed="187864343" result="Passed" start-time="2022-05-26 23:47:28Z" end-time="2022-05-26 23:47:28Z" duration="0.000449" asserts="0">
                <properties>
                  <property name="Category" value="GDX.Tests" />
                </properties>
              </test-case>
              <test-case id="1414" name="AddTwoCollidingEntries_RemoveFirst_CheckSecondExists" fullname="GDX.Collections.Generic.StringKeyDictionaryTests.AddTwoCollidingEntries_RemoveFirst_CheckSecondExists" methodname="AddTwoCollidingEntries_RemoveFirst_CheckSecondExists" classname="GDX.Collections.Generic.StringKeyDictionaryTests" runstate="Runnable" seed="753838791" result="Passed" start-time="2022-05-26 23:47:28Z" end-time="2022-05-26 23:47:28Z" duration="0.000481" asserts="0">
                <properties>
                  <property name="Category" value="GDX.Tests" />
                </properties>
              </test-case>
              <test-case id="1415" name="AddTwoCollidingEntries_RemoveSecond_CheckFirstExists" fullname="GDX.Collections.Generic.StringKeyDictionaryTests.AddTwoCollidingEntries_RemoveSecond_CheckFirstExists" methodname="AddTwoCollidingEntries_RemoveSecond_CheckFirstExists" classname="GDX.Collections.Generic.StringKeyDictionaryTests" runstate="Runnable" seed="2078399726" result="Passed" start-time="2022-05-26 23:47:28Z" end-time="2022-05-26 23:47:28Z" duration="0.000219" asserts="0">
                <properties>
                  <property name="Category" value="GDX.Tests" />
                </properties>
              </test-case>
              <test-case id="1406" name="AddUnchecked_CheckExists" fullname="GDX.Collections.Generic.StringKeyDictionaryTests.AddUnchecked_CheckExists" methodname="AddUnchecked_CheckExists" classname="GDX.Collections.Generic.StringKeyDictionaryTests" runstate="Runnable" seed="981903557" result="Passed" start-time="2022-05-26 23:47:28Z" end-time="2022-05-26 23:47:28Z" duration="0.000171" asserts="0">
                <properties>
                  <property name="Category" value="GDX.Tests" />
                </properties>
              </test-case>
              <test-case id="1400" name="AddWithExpandCheck_CheckEntriesMaintainConnection" fullname="GDX.Collections.Generic.StringKeyDictionaryTests.AddWithExpandCheck_CheckEntriesMaintainConnection" methodname="AddWithExpandCheck_CheckEntriesMaintainConnection" classname="GDX.Collections.Generic.StringKeyDictionaryTests" runstate="Runnable" seed="149801496" result="Passed" start-time="2022-05-26 23:47:28Z" end-time="2022-05-26 23:47:28Z" duration="0.000566" asserts="0">
                <properties>
                  <property name="Category" value="GDX.Tests" />
                </properties>
              </test-case>
              <test-case id="1398" name="AddWithExpandCheck_CheckExists" fullname="GDX.Collections.Generic.StringKeyDictionaryTests.AddWithExpandCheck_CheckExists" methodname="AddWithExpandCheck_CheckExists" classname="GDX.Collections.Generic.StringKeyDictionaryTests" runstate="Runnable" seed="2097960486" result="Passed" start-time="2022-05-26 23:47:28Z" end-time="2022-05-26 23:47:28Z" duration="0.000175" asserts="0">
                <properties>
                  <property name="Category" value="GDX.Tests" />
                </properties>
              </test-case>
              <test-case id="1399" name="AddWithExpandCheck_CheckExpanded" fullname="GDX.Collections.Generic.StringKeyDictionaryTests.AddWithExpandCheck_CheckExpanded" methodname="AddWithExpandCheck_CheckExpanded" classname="GDX.Collections.Generic.StringKeyDictionaryTests" runstate="Runnable" seed="1370712646" result="Passed" start-time="2022-05-26 23:47:28Z" end-time="2022-05-26 23:47:28Z" duration="0.000244" asserts="0">
                <properties>
                  <property name="Category" value="GDX.Tests" />
                </properties>
              </test-case>
              <test-case id="1404" name="AddWithIndexer_CheckEntriesMaintainConnection" fullname="GDX.Collections.Generic.StringKeyDictionaryTests.AddWithIndexer_CheckEntriesMaintainConnection" methodname="AddWithIndexer_CheckEntriesMaintainConnection" classname="GDX.Collections.Generic.StringKeyDictionaryTests" runstate="Runnable" seed="2008714287" result="Passed" start-time="2022-05-26 23:47:28Z" end-time="2022-05-26 23:47:28Z" duration="0.000491" asserts="0">
                <properties>
                  <property name="Category" value="GDX.Tests" />
                </properties>
              </test-case>
              <test-case id="1403" name="AddWithIndexer_CheckExpanded" fullname="GDX.Collections.Generic.StringKeyDictionaryTests.AddWithIndexer_CheckExpanded" methodname="AddWithIndexer_CheckExpanded" classname="GDX.Collections.Generic.StringKeyDictionaryTests" runstate="Runnable" seed="322359498" result="Passed" start-time="2022-05-26 23:47:28Z" end-time="2022-05-26 23:47:28Z" duration="0.000245" asserts="0">
                <properties>
                  <property name="Category" value="GDX.Tests" />
                </properties>
              </test-case>
              <test-case id="1405" name="AddWithUniqueCheck_CheckExists" fullname="GDX.Collections.Generic.StringKeyDictionaryTests.AddWithUniqueCheck_CheckExists" methodname="AddWithUniqueCheck_CheckExists" classname="GDX.Collections.Generic.StringKeyDictionaryTests" runstate="Runnable" seed="1411883225" result="Passed" start-time="2022-05-26 23:47:28Z" end-time="2022-05-26 23:47:28Z" duration="0.000323" asserts="0">
                <properties>
                  <property name="Category" value="GDX.Tests" />
                </properties>
              </test-case>
              <test-case id="1409" name="AddWithUniqueCheckTwice_CheckAddedOnlyOnce" fullname="GDX.Collections.Generic.StringKeyDictionaryTests.AddWithUniqueCheckTwice_CheckAddedOnlyOnce" methodname="AddWithUniqueCheckTwice_CheckAddedOnlyOnce" classname="GDX.Collections.Generic.StringKeyDictionaryTests" runstate="Runnable" seed="250915713" result="Passed" start-time="2022-05-26 23:47:28Z" end-time="2022-05-26 23:47:28Z" duration="0.000314" asserts="0">
                <properties>
                  <property name="Category" value="GDX.Tests" />
                </properties>
              </test-case>
              <test-case id="1395" name="Constructor_RequestBelowPrimeMinimum_PrimeCapacity" fullname="GDX.Collections.Generic.StringKeyDictionaryTests.Constructor_RequestBelowPrimeMinimum_PrimeCapacity" methodname="Constructor_RequestBelowPrimeMinimum_PrimeCapacity" classname="GDX.Collections.Generic.StringKeyDictionaryTests" runstate="Runnable" seed="1937943612" result="Passed" start-time="2022-05-26 23:47:28Z" end-time="2022-05-26 23:47:28Z" duration="0.000211" asserts="0">
                <properties>
                  <property name="Category" value="GDX.Tests" />
                </properties>
              </test-case>
              <test-case id="1394" name="Constructor_RequestPrimeMinimum_PrimeCapacity" fullname="GDX.Collections.Generic.StringKeyDictionaryTests.Constructor_RequestPrimeMinimum_PrimeCapacity" methodname="Constructor_RequestPrimeMinimum_PrimeCapacity" classname="GDX.Collections.Generic.StringKeyDictionaryTests" runstate="Runnable" seed="256543482" result="Passed" start-time="2022-05-26 23:47:28Z" end-time="2022-05-26 23:47:28Z" duration="0.000158" asserts="0">
                <properties>
                  <property name="Category" value="GDX.Tests" />
                </properties>
              </test-case>
              <test-case id="1393" name="Constructor_RequestZeroMinimum_PrimeCapacity" fullname="GDX.Collections.Generic.StringKeyDictionaryTests.Constructor_RequestZeroMinimum_PrimeCapacity" methodname="Constructor_RequestZeroMinimum_PrimeCapacity" classname="GDX.Collections.Generic.StringKeyDictionaryTests" runstate="Runnable" seed="328736391" result="Passed" start-time="2022-05-26 23:47:28Z" end-time="2022-05-26 23:47:28Z" duration="0.000174" asserts="0">
                <properties>
                  <property name="Category" value="GDX.Tests" />
                </properties>
              </test-case>
              <test-case id="1397" name="IndexerAdd_CheckExists" fullname="GDX.Collections.Generic.StringKeyDictionaryTests.IndexerAdd_CheckExists" methodname="IndexerAdd_CheckExists" classname="GDX.Collections.Generic.StringKeyDictionaryTests" runstate="Runnable" seed="855663590" result="Passed" start-time="2022-05-26 23:47:28Z" end-time="2022-05-26 23:47:28Z" duration="0.000170" asserts="0">
                <properties>
                  <property name="Category" value="GDX.Tests" />
                </properties>
              </test-case>
              <test-case id="1411" name="IndexOf_CheckCorrectIndex" fullname="GDX.Collections.Generic.StringKeyDictionaryTests.IndexOf_CheckCorrectIndex" methodname="IndexOf_CheckCorrectIndex" classname="GDX.Collections.Generic.StringKeyDictionaryTests" runstate="Runnable" seed="402249840" result="Passed" start-time="2022-05-26 23:47:28Z" end-time="2022-05-26 23:47:28Z" duration="0.000239" asserts="0">
                <properties>
                  <property name="Category" value="GDX.Tests" />
                </properties>
              </test-case>
              <test-case id="1412" name="IndexOf_CheckEntryDoesNotExist" fullname="GDX.Collections.Generic.StringKeyDictionaryTests.IndexOf_CheckEntryDoesNotExist" methodname="IndexOf_CheckEntryDoesNotExist" classname="GDX.Collections.Generic.StringKeyDictionaryTests" runstate="Runnable" seed="1755875440" result="Passed" start-time="2022-05-26 23:47:28Z" end-time="2022-05-26 23:47:28Z" duration="0.000166" asserts="0">
                <properties>
                  <property name="Category" value="GDX.Tests" />
                </properties>
              </test-case>
              <test-case id="1416" name="MoveNext_FindAllEntries" fullname="GDX.Collections.Generic.StringKeyDictionaryTests.MoveNext_FindAllEntries" methodname="MoveNext_FindAllEntries" classname="GDX.Collections.Generic.StringKeyDictionaryTests" runstate="Runnable" seed="2060390011" result="Passed" start-time="2022-05-26 23:47:28Z" end-time="2022-05-26 23:47:28Z" duration="0.000339" asserts="0">
                <properties>
                  <property name="Category" value="GDX.Tests" />
                </properties>
              </test-case>
              <test-case id="1418" name="MoveNextWithVersion_CheckEarlyOutFromInvalidation" fullname="GDX.Collections.Generic.StringKeyDictionaryTests.MoveNextWithVersion_CheckEarlyOutFromInvalidation" methodname="MoveNextWithVersion_CheckEarlyOutFromInvalidation" classname="GDX.Collections.Generic.StringKeyDictionaryTests" runstate="Runnable" seed="1381121693" result="Passed" start-time="2022-05-26 23:47:28Z" end-time="2022-05-26 23:47:28Z" duration="0.000403" asserts="0">
                <properties>
                  <property name="Category" value="GDX.Tests" />
                </properties>
              </test-case>
              <test-case id="1417" name="MoveNextWithVersion_FindAllEntries" fullname="GDX.Collections.Generic.StringKeyDictionaryTests.MoveNextWithVersion_FindAllEntries" methodname="MoveNextWithVersion_FindAllEntries" classname="GDX.Collections.Generic.StringKeyDictionaryTests" runstate="Runnable" seed="817183068" result="Passed" start-time="2022-05-26 23:47:28Z" end-time="2022-05-26 23:47:28Z" duration="0.000249" asserts="0">
                <properties>
                  <property name="Category" value="GDX.Tests" />
                </properties>
              </test-case>
              <test-case id="1410" name="Reserve_CheckExpandedCapacity" fullname="GDX.Collections.Generic.StringKeyDictionaryTests.Reserve_CheckExpandedCapacity" methodname="Reserve_CheckExpandedCapacity" classname="GDX.Collections.Generic.StringKeyDictionaryTests" runstate="Runnable" seed="1596779094" result="Passed" start-time="2022-05-26 23:47:28Z" end-time="2022-05-26 23:47:28Z" duration="0.000381" asserts="0">
                <properties>
                  <property name="Category" value="GDX.Tests" />
                </properties>
              </test-case>
              <test-case id="1419" name="TryGetValue" fullname="GDX.Collections.Generic.StringKeyDictionaryTests.TryGetValue" methodname="TryGetValue" classname="GDX.Collections.Generic.StringKeyDictionaryTests" runstate="Runnable" seed="975786298" result="Passed" start-time="2022-05-26 23:47:28Z" end-time="2022-05-26 23:47:28Z" duration="0.000612" asserts="0">
                <properties>
                  <property name="Category" value="GDX.Tests" />
                </properties>
              </test-case>
              <test-case id="1407" name="TryRemove_CheckActuallyRemoved" fullname="GDX.Collections.Generic.StringKeyDictionaryTests.TryRemove_CheckActuallyRemoved" methodname="TryRemove_CheckActuallyRemoved" classname="GDX.Collections.Generic.StringKeyDictionaryTests" runstate="Runnable" seed="1911606566" result="Passed" start-time="2022-05-26 23:47:28Z" end-time="2022-05-26 23:47:28Z" duration="0.000240" asserts="0">
                <properties>
                  <property name="Category" value="GDX.Tests" />
                </properties>
              </test-case>
              <test-case id="1408" name="TryRemoveTwice_CheckCorrectReturnValues" fullname="GDX.Collections.Generic.StringKeyDictionaryTests.TryRemoveTwice_CheckCorrectReturnValues" methodname="TryRemoveTwice_CheckCorrectReturnValues" classname="GDX.Collections.Generic.StringKeyDictionaryTests" runstate="Runnable" seed="1226334207" result="Passed" start-time="2022-05-26 23:47:28Z" end-time="2022-05-26 23:47:28Z" duration="0.000187" asserts="0">
                <properties>
                  <property name="Category" value="GDX.Tests" />
                </properties>
              </test-case>
            </test-suite>
          </test-suite>
          <test-suite type="TestSuite" id="1440" name="Pooling" fullname="GDX.Collections.Pooling" runstate="Runnable" testcasecount="14" result="Passed" start-time="2022-05-26 23:47:28Z" end-time="2022-05-26 23:47:28Z" duration="0.027717" total="14" passed="14" failed="0" inconclusive="0" skipped="0" asserts="0">
            <properties />
            <test-suite type="TestFixture" id="1303" name="GameObjectPoolTests" fullname="GDX.Collections.Pooling.GameObjectPoolTests" classname="GDX.Collections.Pooling.GameObjectPoolTests" runstate="Runnable" testcasecount="14" result="Passed" start-time="2022-05-26 23:47:28Z" end-time="2022-05-26 23:47:28Z" duration="0.025354" total="14" passed="14" failed="0" inconclusive="0" skipped="0" asserts="0">
              <properties />
              <test-case id="1306" name="Get_MockData_DontTrigger" fullname="GDX.Collections.Pooling.GameObjectPoolTests.Get_MockData_DontTrigger" methodname="Get_MockData_DontTrigger" classname="GDX.Collections.Pooling.GameObjectPoolTests" runstate="Runnable" seed="1582970785" result="Passed" start-time="2022-05-26 23:47:28Z" end-time="2022-05-26 23:47:28Z" duration="0.007825" asserts="0">
                <properties>
                  <property name="Category" value="GDX.Tests" />
                </properties>
              </test-case>
              <test-case id="1308" name="Get_MockData_LocalPositionLocalRotationParented" fullname="GDX.Collections.Pooling.GameObjectPoolTests.Get_MockData_LocalPositionLocalRotationParented" methodname="Get_MockData_LocalPositionLocalRotationParented" classname="GDX.Collections.Pooling.GameObjectPoolTests" runstate="Runnable" seed="1209406244" result="Passed" start-time="2022-05-26 23:47:28Z" end-time="2022-05-26 23:47:28Z" duration="0.002596" asserts="0">
                <properties>
                  <property name="Category" value="GDX.Tests" />
                </properties>
              </test-case>
              <test-case id="1307" name="Get_MockData_LocalPositionWorldLookAtParented" fullname="GDX.Collections.Pooling.GameObjectPoolTests.Get_MockData_LocalPositionWorldLookAtParented" methodname="Get_MockData_LocalPositionWorldLookAtParented" classname="GDX.Collections.Pooling.GameObjectPoolTests" runstate="Runnable" seed="211367068" result="Passed" start-time="2022-05-26 23:47:28Z" end-time="2022-05-26 23:47:28Z" duration="0.000860" asserts="0">
                <properties>
                  <property name="Category" value="GDX.Tests" />
                </properties>
              </test-case>
              <test-case id="1309" name="Get_MockData_ParentedWorldPositionStay" fullname="GDX.Collections.Pooling.GameObjectPoolTests.Get_MockData_ParentedWorldPositionStay" methodname="Get_MockData_ParentedWorldPositionStay" classname="GDX.Collections.Pooling.GameObjectPoolTests" runstate="Runnable" seed="371145774" result="Passed" start-time="2022-05-26 23:47:28Z" end-time="2022-05-26 23:47:28Z" duration="0.000825" asserts="0">
                <properties>
                  <property name="Category" value="GDX.Tests" />
                </properties>
              </test-case>
              <test-case id="1310" name="Get_MockData_ParentedZeroLocalPosition" fullname="GDX.Collections.Pooling.GameObjectPoolTests.Get_MockData_ParentedZeroLocalPosition" methodname="Get_MockData_ParentedZeroLocalPosition" classname="GDX.Collections.Pooling.GameObjectPoolTests" runstate="Runnable" seed="444892730" result="Passed" start-time="2022-05-26 23:47:28Z" end-time="2022-05-26 23:47:28Z" duration="0.000589" asserts="0">
                <properties>
                  <property name="Category" value="GDX.Tests" />
                </properties>
              </test-case>
              <test-case id="1311" name="Get_MockData_Trigger" fullname="GDX.Collections.Pooling.GameObjectPoolTests.Get_MockData_Trigger" methodname="Get_MockData_Trigger" classname="GDX.Collections.Pooling.GameObjectPoolTests" runstate="Runnable" seed="722844259" result="Passed" start-time="2022-05-26 23:47:28Z" end-time="2022-05-26 23:47:28Z" duration="0.000403" asserts="0">
                <properties>
                  <property name="Category" value="GDX.Tests" />
                </properties>
              </test-case>
              <test-case id="1312" name="Get_MockData_WorldPositionWorldLookAt" fullname="GDX.Collections.Pooling.GameObjectPoolTests.Get_MockData_WorldPositionWorldLookAt" methodname="Get_MockData_WorldPositionWorldLookAt" classname="GDX.Collections.Pooling.GameObjectPoolTests" runstate="Runnable" seed="584043133" result="Passed" start-time="2022-05-26 23:47:28Z" end-time="2022-05-26 23:47:28Z" duration="0.000641" asserts="0">
                <properties>
                  <property name="Category" value="GDX.Tests" />
                </properties>
              </test-case>
              <test-case id="1313" name="Get_MockData_WorldPositionWorldLookAtParented" fullname="GDX.Collections.Pooling.GameObjectPoolTests.Get_MockData_WorldPositionWorldLookAtParented" methodname="Get_MockData_WorldPositionWorldLookAtParented" classname="GDX.Collections.Pooling.GameObjectPoolTests" runstate="Runnable" seed="2074937128" result="Passed" start-time="2022-05-26 23:47:28Z" end-time="2022-05-26 23:47:28Z" duration="0.000664" asserts="0">
                <properties>
                  <property name="Category" value="GDX.Tests" />
                </properties>
              </test-case>
              <test-case id="1314" name="Get_MockData_WorldPositionWorldRotation" fullname="GDX.Collections.Pooling.GameObjectPoolTests.Get_MockData_WorldPositionWorldRotation" methodname="Get_MockData_WorldPositionWorldRotation" classname="GDX.Collections.Pooling.GameObjectPoolTests" runstate="Runnable" seed="646619639" result="Passed" start-time="2022-05-26 23:47:28Z" end-time="2022-05-26 23:47:28Z" duration="0.000930" asserts="0">
                <properties>
                  <property name="Category" value="GDX.Tests" />
                </properties>
              </test-case>
              <test-case id="1315" name="Get_MockData_WorldPositionWorldRotationParented" fullname="GDX.Collections.Pooling.GameObjectPoolTests.Get_MockData_WorldPositionWorldRotationParented" methodname="Get_MockData_WorldPositionWorldRotationParented" classname="GDX.Collections.Pooling.GameObjectPoolTests" runstate="Runnable" seed="1452533765" result="Passed" start-time="2022-05-26 23:47:28Z" end-time="2022-05-26 23:47:28Z" duration="0.000663" asserts="0">
                <properties>
                  <property name="Category" value="GDX.Tests" />
                </properties>
              </test-case>
              <test-case id="1316" name="GetOrCreatePool_MockData_ReturnsPool" fullname="GDX.Collections.Pooling.GameObjectPoolTests.GetOrCreatePool_MockData_ReturnsPool" methodname="GetOrCreatePool_MockData_ReturnsPool" classname="GDX.Collections.Pooling.GameObjectPoolTests" runstate="Runnable" seed="61022549" result="Passed" start-time="2022-05-26 23:47:28Z" end-time="2022-05-26 23:47:28Z" duration="0.002536" asserts="0">
                <properties>
                  <property name="Category" value="GDX.Tests" />
                </properties>
              </test-case>
              <test-case id="1304" name="OnDestroyItemAction_MockData_DestroysGameObject" fullname="GDX.Collections.Pooling.GameObjectPoolTests.OnDestroyItemAction_MockData_DestroysGameObject" methodname="OnDestroyItemAction_MockData_DestroysGameObject" classname="GDX.Collections.Pooling.GameObjectPoolTests" runstate="Runnable" seed="1050528381" result="Passed" start-time="2022-05-26 23:47:28Z" end-time="2022-05-26 23:47:28Z" duration="0.000383" asserts="0">
                <properties>
                  <property name="Category" value="GDX.Tests" />
                </properties>
              </test-case>
              <test-case id="1305" name="OnDestroyItemAction_MockData_DestroysInterface" fullname="GDX.Collections.Pooling.GameObjectPoolTests.OnDestroyItemAction_MockData_DestroysInterface" methodname="OnDestroyItemAction_MockData_DestroysInterface" classname="GDX.Collections.Pooling.GameObjectPoolTests" runstate="Runnable" seed="349381456" result="Passed" start-time="2022-05-26 23:47:28Z" end-time="2022-05-26 23:47:28Z" duration="0.000387" asserts="0">
                <properties>
                  <property name="Category" value="GDX.Tests" />
                </properties>
              </test-case>
              <test-case id="1317" name="TearDown_Pool_UnregistersPool" fullname="GDX.Collections.Pooling.GameObjectPoolTests.TearDown_Pool_UnregistersPool" methodname="TearDown_Pool_UnregistersPool" classname="GDX.Collections.Pooling.GameObjectPoolTests" runstate="Runnable" seed="1145755933" result="Passed" start-time="2022-05-26 23:47:28Z" end-time="2022-05-26 23:47:28Z" duration="0.000408" asserts="0">
                <properties>
                  <property name="Category" value="GDX.Tests" />
                </properties>
              </test-case>
            </test-suite>
          </test-suite>
        </test-suite>
        <test-suite type="TestFixture" id="1047" name="CoreTests" fullname="GDX.CoreTests" classname="GDX.CoreTests" runstate="Runnable" testcasecount="2" result="Passed" start-time="2022-05-26 23:47:28Z" end-time="2022-05-26 23:47:28Z" duration="0.003538" total="2" passed="2" failed="0" inconclusive="0" skipped="0" asserts="0">
          <properties />
          <test-case id="1048" name="InitializeOnMainThread_AlreadyInitialized_EarlyOut" fullname="GDX.CoreTests.InitializeOnMainThread_AlreadyInitialized_EarlyOut" methodname="InitializeOnMainThread_AlreadyInitialized_EarlyOut" classname="GDX.CoreTests" runstate="Runnable" seed="1817293762" result="Passed" start-time="2022-05-26 23:47:28Z" end-time="2022-05-26 23:47:28Z" duration="0.000620" asserts="0">
            <properties>
              <property name="Category" value="GDX.Tests" />
            </properties>
          </test-case>
          <test-case id="1049" name="InitializeOnMainThread_NotAlreadyInitialized_Executes" fullname="GDX.CoreTests.InitializeOnMainThread_NotAlreadyInitialized_Executes" methodname="InitializeOnMainThread_NotAlreadyInitialized_Executes" classname="GDX.CoreTests" runstate="Runnable" seed="73166381" result="Passed" start-time="2022-05-26 23:47:28Z" end-time="2022-05-26 23:47:28Z" duration="0.000293" asserts="0">
            <properties>
              <property name="Category" value="GDX.Tests" />
            </properties>
          </test-case>
        </test-suite>
        <test-suite type="TestSuite" id="1436" name="Developer" fullname="GDX.Developer" runstate="Runnable" testcasecount="21" result="Passed" start-time="2022-05-26 23:47:28Z" end-time="2022-05-26 23:47:28Z" duration="0.214580" total="21" passed="21" failed="0" inconclusive="0" skipped="0" asserts="0">
          <properties />
          <test-suite type="TestFixture" id="1278" name="CommandLineParserTests" fullname="GDX.Developer.CommandLineParserTests" classname="GDX.Developer.CommandLineParserTests" runstate="Runnable" testcasecount="2" result="Passed" start-time="2022-05-26 23:47:28Z" end-time="2022-05-26 23:47:28Z" duration="0.005884" total="2" passed="2" failed="0" inconclusive="0" skipped="0" asserts="0">
            <properties />
            <test-case id="1279" name="ProcessArguments_MockData_ContainsFlag" fullname="GDX.Developer.CommandLineParserTests.ProcessArguments_MockData_ContainsFlag" methodname="ProcessArguments_MockData_ContainsFlag" classname="GDX.Developer.CommandLineParserTests" runstate="Runnable" seed="966314470" result="Passed" start-time="2022-05-26 23:47:28Z" end-time="2022-05-26 23:47:28Z" duration="0.001004" asserts="0">
              <properties>
                <property name="Category" value="GDX.Tests" />
              </properties>
            </test-case>
            <test-case id="1280" name="ProcessArguments_MockData_HasValue" fullname="GDX.Developer.CommandLineParserTests.ProcessArguments_MockData_HasValue" methodname="ProcessArguments_MockData_HasValue" classname="GDX.Developer.CommandLineParserTests" runstate="Runnable" seed="264415807" result="Passed" start-time="2022-05-26 23:47:28Z" end-time="2022-05-26 23:47:28Z" duration="0.000391" asserts="0">
              <properties>
                <property name="Category" value="GDX.Tests" />
              </properties>
            </test-case>
          </test-suite>
          <test-suite type="TestSuite" id="1437" name="Reports" fullname="GDX.Developer.Reports" runstate="Runnable" testcasecount="4" result="Passed" start-time="2022-05-26 23:47:28Z" end-time="2022-05-26 23:47:28Z" duration="0.189939" total="4" passed="4" failed="0" inconclusive="0" skipped="0" asserts="0">
            <properties />
            <test-suite type="TestSuite" id="1438" name="Resource" fullname="GDX.Developer.Reports.Resource" runstate="Runnable" testcasecount="3" result="Passed" start-time="2022-05-26 23:47:28Z" end-time="2022-05-26 23:47:28Z" duration="0.049085" total="3" passed="3" failed="0" inconclusive="0" skipped="0" asserts="0">
              <properties />
              <test-suite type="TestFixture" id="1299" name="ResourceReportTests" fullname="GDX.Developer.Reports.Resource.ResourceReportTests" classname="GDX.Developer.Reports.Resource.ResourceReportTests" runstate="Runnable" testcasecount="3" result="Passed" start-time="2022-05-26 23:47:28Z" end-time="2022-05-26 23:47:28Z" duration="0.044730" total="3" passed="3" failed="0" inconclusive="0" skipped="0" asserts="0">
                <properties />
                <test-case id="1300" name="CreateDivider_MockData_CorrectLength" fullname="GDX.Developer.Reports.Resource.ResourceReportTests.CreateDivider_MockData_CorrectLength" methodname="CreateDivider_MockData_CorrectLength" classname="GDX.Developer.Reports.Resource.ResourceReportTests" runstate="Runnable" seed="1250595746" result="Passed" start-time="2022-05-26 23:47:28Z" end-time="2022-05-26 23:47:28Z" duration="0.000260" asserts="0">
                  <properties>
                    <property name="Category" value="GDX.Tests" />
                  </properties>
                </test-case>
                <test-case id="1301" name="CreateHeader_MockData_CorrectLength" fullname="GDX.Developer.Reports.Resource.ResourceReportTests.CreateHeader_MockData_CorrectLength" methodname="CreateHeader_MockData_CorrectLength" classname="GDX.Developer.Reports.Resource.ResourceReportTests" runstate="Runnable" seed="972574402" result="Passed" start-time="2022-05-26 23:47:28Z" end-time="2022-05-26 23:47:28Z" duration="0.000169" asserts="0">
                  <properties>
                    <property name="Category" value="GDX.Tests" />
                  </properties>
                </test-case>
                <test-case id="1302" name="Output_MockData_StringBuilderSameAsStreamWriter" fullname="GDX.Developer.Reports.Resource.ResourceReportTests.Output_MockData_StringBuilderSameAsStreamWriter" methodname="Output_MockData_StringBuilderSameAsStreamWriter" classname="GDX.Developer.Reports.Resource.ResourceReportTests" runstate="Runnable" seed="1989886917" result="Passed" start-time="2022-05-26 23:47:28Z" end-time="2022-05-26 23:47:28Z" duration="0.039751" asserts="0">
                  <properties>
                    <property name="Category" value="GDX.Tests" />
                  </properties>
                </test-case>
              </test-suite>
            </test-suite>
            <test-suite type="TestFixture" id="1297" name="ResourcesDiffReportTests" fullname="GDX.Developer.Reports.ResourcesDiffReportTests" classname="GDX.Developer.Reports.ResourcesDiffReportTests" runstate="Runnable" testcasecount="1" result="Passed" start-time="2022-05-26 23:47:28Z" end-time="2022-05-26 23:47:28Z" duration="0.138667" total="1" passed="1" failed="0" inconclusive="0" skipped="0" asserts="0">
              <properties />
              <test-case id="1298" name="Output_GetCommonAndAll_ReturnsReport" fullname="GDX.Developer.Reports.ResourcesDiffReportTests.Output_GetCommonAndAll_ReturnsReport" methodname="Output_GetCommonAndAll_ReturnsReport" classname="GDX.Developer.Reports.ResourcesDiffReportTests" runstate="Runnable" seed="2128194989" result="Passed" start-time="2022-05-26 23:47:28Z" end-time="2022-05-26 23:47:28Z" duration="0.136146" asserts="0">
                <properties>
                  <property name="Category" value="GDX.Tests" />
                </properties>
              </test-case>
            </test-suite>
          </test-suite>
          <test-suite type="TestFixture" id="1281" name="SemanticVersionTests" fullname="GDX.Developer.SemanticVersionTests" classname="GDX.Developer.SemanticVersionTests" runstate="Runnable" testcasecount="15" result="Passed" start-time="2022-05-26 23:47:28Z" end-time="2022-05-26 23:47:28Z" duration="0.016135" total="15" passed="15" failed="0" inconclusive="0" skipped="0" asserts="0">
            <properties />
            <test-case id="1289" name="Equality_MockData_Matches" fullname="GDX.Developer.SemanticVersionTests.Equality_MockData_Matches" methodname="Equality_MockData_Matches" classname="GDX.Developer.SemanticVersionTests" runstate="Runnable" seed="1162398812" result="Passed" start-time="2022-05-26 23:47:28Z" end-time="2022-05-26 23:47:28Z" duration="0.000677" asserts="0">
              <properties>
                <property name="Category" value="GDX.Tests" />
              </properties>
            </test-case>
            <test-case id="1290" name="Equals_MockData_Matches" fullname="GDX.Developer.SemanticVersionTests.Equals_MockData_Matches" methodname="Equals_MockData_Matches" classname="GDX.Developer.SemanticVersionTests" runstate="Runnable" seed="589778693" result="Passed" start-time="2022-05-26 23:47:28Z" end-time="2022-05-26 23:47:28Z" duration="0.000355" asserts="0">
              <properties>
                <property name="Category" value="GDX.Tests" />
              </properties>
            </test-case>
            <test-case id="1291" name="GetHashCode_MockData_Valid" fullname="GDX.Developer.SemanticVersionTests.GetHashCode_MockData_Valid" methodname="GetHashCode_MockData_Valid" classname="GDX.Developer.SemanticVersionTests" runstate="Runnable" seed="19009646" result="Passed" start-time="2022-05-26 23:47:28Z" end-time="2022-05-26 23:47:28Z" duration="0.000252" asserts="0">
              <properties>
                <property name="Category" value="GDX.Tests" />
              </properties>
            </test-case>
            <test-case id="1293" name="GreaterThan_MockData_Evaluate" fullname="GDX.Developer.SemanticVersionTests.GreaterThan_MockData_Evaluate" methodname="GreaterThan_MockData_Evaluate" classname="GDX.Developer.SemanticVersionTests" runstate="Runnable" seed="1489145700" result="Passed" start-time="2022-05-26 23:47:28Z" end-time="2022-05-26 23:47:28Z" duration="0.000335" asserts="0">
              <properties>
                <property name="Category" value="GDX.Tests" />
              </properties>
            </test-case>
            <test-case id="1292" name="GreaterThanOrEqualTo_MockData_Evaluate" fullname="GDX.Developer.SemanticVersionTests.GreaterThanOrEqualTo_MockData_Evaluate" methodname="GreaterThanOrEqualTo_MockData_Evaluate" classname="GDX.Developer.SemanticVersionTests" runstate="Runnable" seed="93547283" result="Passed" start-time="2022-05-26 23:47:28Z" end-time="2022-05-26 23:47:28Z" duration="0.000434" asserts="0">
              <properties>
                <property name="Category" value="GDX.Tests" />
              </properties>
            </test-case>
            <test-case id="1294" name="Inequality_MockData_DoesNotMatch" fullname="GDX.Developer.SemanticVersionTests.Inequality_MockData_DoesNotMatch" methodname="Inequality_MockData_DoesNotMatch" classname="GDX.Developer.SemanticVersionTests" runstate="Runnable" seed="2147006055" result="Passed" start-time="2022-05-26 23:47:28Z" end-time="2022-05-26 23:47:28Z" duration="0.000307" asserts="0">
              <properties>
                <property name="Category" value="GDX.Tests" />
              </properties>
            </test-case>
            <test-case id="1296" name="LessThan_MockData_Evaluate" fullname="GDX.Developer.SemanticVersionTests.LessThan_MockData_Evaluate" methodname="LessThan_MockData_Evaluate" classname="GDX.Developer.SemanticVersionTests" runstate="Runnable" seed="1578941409" result="Passed" start-time="2022-05-26 23:47:28Z" end-time="2022-05-26 23:47:28Z" duration="0.000390" asserts="0">
              <properties>
                <property name="Category" value="GDX.Tests" />
              </properties>
            </test-case>
            <test-case id="1295" name="LessThanOrEqualTo_MockData_Evaluate" fullname="GDX.Developer.SemanticVersionTests.LessThanOrEqualTo_MockData_Evaluate" methodname="LessThanOrEqualTo_MockData_Evaluate" classname="GDX.Developer.SemanticVersionTests" runstate="Runnable" seed="1647464208" result="Passed" start-time="2022-05-26 23:47:28Z" end-time="2022-05-26 23:47:28Z" duration="0.000425" asserts="0">
              <properties>
                <property name="Category" value="GDX.Tests" />
              </properties>
            </test-case>
            <test-case id="1283" name="SemanticVersion_FromString_FourPartsParse" fullname="GDX.Developer.SemanticVersionTests.SemanticVersion_FromString_FourPartsParse" methodname="SemanticVersion_FromString_FourPartsParse" classname="GDX.Developer.SemanticVersionTests" runstate="Runnable" seed="790232423" result="Passed" start-time="2022-05-26 23:47:28Z" end-time="2022-05-26 23:47:28Z" duration="0.000181" asserts="0">
              <properties>
                <property name="Category" value="GDX.Tests" />
              </properties>
            </test-case>
            <test-case id="1286" name="SemanticVersion_FromString_OnePartParse" fullname="GDX.Developer.SemanticVersionTests.SemanticVersion_FromString_OnePartParse" methodname="SemanticVersion_FromString_OnePartParse" classname="GDX.Developer.SemanticVersionTests" runstate="Runnable" seed="1310171820" result="Passed" start-time="2022-05-26 23:47:28Z" end-time="2022-05-26 23:47:28Z" duration="0.000320" asserts="0">
              <properties>
                <property name="Category" value="GDX.Tests" />
              </properties>
            </test-case>
            <test-case id="1284" name="SemanticVersion_FromString_ThreePartsParse" fullname="GDX.Developer.SemanticVersionTests.SemanticVersion_FromString_ThreePartsParse" methodname="SemanticVersion_FromString_ThreePartsParse" classname="GDX.Developer.SemanticVersionTests" runstate="Runnable" seed="492185896" result="Passed" start-time="2022-05-26 23:47:28Z" end-time="2022-05-26 23:47:28Z" duration="0.000168" asserts="0">
              <properties>
                <property name="Category" value="GDX.Tests" />
              </properties>
            </test-case>
            <test-case id="1288" name="SemanticVersion_FromString_TooManyParts" fullname="GDX.Developer.SemanticVersionTests.SemanticVersion_FromString_TooManyParts" methodname="SemanticVersion_FromString_TooManyParts" classname="GDX.Developer.SemanticVersionTests" runstate="Runnable" seed="820019271" result="Passed" start-time="2022-05-26 23:47:28Z" end-time="2022-05-26 23:47:28Z" duration="0.000172" asserts="0">
              <properties>
                <property name="Category" value="GDX.Tests" />
              </properties>
            </test-case>
            <test-case id="1285" name="SemanticVersion_FromString_TwoPartsParse" fullname="GDX.Developer.SemanticVersionTests.SemanticVersion_FromString_TwoPartsParse" methodname="SemanticVersion_FromString_TwoPartsParse" classname="GDX.Developer.SemanticVersionTests" runstate="Runnable" seed="1124722070" result="Passed" start-time="2022-05-26 23:47:28Z" end-time="2022-05-26 23:47:28Z" duration="0.000166" asserts="0">
              <properties>
                <property name="Category" value="GDX.Tests" />
              </properties>
            </test-case>
            <test-case id="1282" name="SemanticVersion_NoVersion_Origin" fullname="GDX.Developer.SemanticVersionTests.SemanticVersion_NoVersion_Origin" methodname="SemanticVersion_NoVersion_Origin" classname="GDX.Developer.SemanticVersionTests" runstate="Runnable" seed="1028688495" result="Passed" start-time="2022-05-26 23:47:28Z" end-time="2022-05-26 23:47:28Z" duration="0.000155" asserts="0">
              <properties>
                <property name="Category" value="GDX.Tests" />
              </properties>
            </test-case>
            <test-case id="1287" name="SemanticVersion_UnityVersion_ThreePartsParse" fullname="GDX.Developer.SemanticVersionTests.SemanticVersion_UnityVersion_ThreePartsParse" methodname="SemanticVersion_UnityVersion_ThreePartsParse" classname="GDX.Developer.SemanticVersionTests" runstate="Runnable" seed="166508482" result="Passed" start-time="2022-05-26 23:47:28Z" end-time="2022-05-26 23:47:28Z" duration="0.000167" asserts="0">
              <properties>
                <property name="Category" value="GDX.Tests" />
              </properties>
            </test-case>
          </test-suite>
        </test-suite>
        <test-suite type="TestSuite" id="1431" name="Jobs" fullname="GDX.Jobs" runstate="Runnable" testcasecount="2" result="Passed" start-time="2022-05-26 23:47:28Z" end-time="2022-05-26 23:47:28Z" duration="0.014981" total="2" passed="2" failed="0" inconclusive="0" skipped="0" asserts="0">
          <properties />
          <test-suite type="TestSuite" id="1432" name="ParallelFor" fullname="GDX.Jobs.ParallelFor" runstate="Runnable" testcasecount="2" result="Passed" start-time="2022-05-26 23:47:28Z" end-time="2022-05-26 23:47:28Z" duration="0.012865" total="2" passed="2" failed="0" inconclusive="0" skipped="0" asserts="0">
            <properties />
            <test-suite type="TestFixture" id="1271" name="Color32CompareJobTests" fullname="GDX.Jobs.ParallelFor.Color32CompareJobTests" classname="GDX.Jobs.ParallelFor.Color32CompareJobTests" runstate="Runnable" testcasecount="2" result="Passed" start-time="2022-05-26 23:47:28Z" end-time="2022-05-26 23:47:28Z" duration="0.009402" total="2" passed="2" failed="0" inconclusive="0" skipped="0" asserts="0">
              <properties />
              <test-case id="1273" name="Compare_WhiteBlack_Different" fullname="GDX.Jobs.ParallelFor.Color32CompareJobTests.Compare_WhiteBlack_Different" methodname="Compare_WhiteBlack_Different" classname="GDX.Jobs.ParallelFor.Color32CompareJobTests" runstate="Runnable" seed="1707961438" result="Passed" start-time="2022-05-26 23:47:28Z" end-time="2022-05-26 23:47:28Z" duration="0.004688" asserts="0">
                <properties>
                  <property name="Category" value="GDX.Tests" />
                </properties>
              </test-case>
              <test-case id="1272" name="Compare_WhiteTexture_Same" fullname="GDX.Jobs.ParallelFor.Color32CompareJobTests.Compare_WhiteTexture_Same" methodname="Compare_WhiteTexture_Same" classname="GDX.Jobs.ParallelFor.Color32CompareJobTests" runstate="Runnable" seed="523047747" result="Passed" start-time="2022-05-26 23:47:28Z" end-time="2022-05-26 23:47:28Z" duration="0.000371" asserts="0">
                <properties>
                  <property name="Category" value="GDX.Tests" />
                </properties>
              </test-case>
            </test-suite>
          </test-suite>
        </test-suite>
        <test-suite type="TestFixture" id="1050" name="ListExtensionsTests" fullname="GDX.ListExtensionsTests" classname="GDX.ListExtensionsTests" runstate="Runnable" testcasecount="11" result="Passed" start-time="2022-05-26 23:47:28Z" end-time="2022-05-26 23:47:28Z" duration="0.009718" total="11" passed="11" failed="0" inconclusive="0" skipped="0" asserts="0">
          <properties />
          <test-case id="1052" name="AddUniqueItem_NonUniqueItem_ReturnsFalse" fullname="GDX.ListExtensionsTests.AddUniqueItem_NonUniqueItem_ReturnsFalse" methodname="AddUniqueItem_NonUniqueItem_ReturnsFalse" classname="GDX.ListExtensionsTests" runstate="Runnable" seed="2026041699" result="Passed" start-time="2022-05-26 23:47:28Z" end-time="2022-05-26 23:47:28Z" duration="0.000568" asserts="0">
            <properties>
              <property name="Category" value="GDX.Tests" />
            </properties>
          </test-case>
          <test-case id="1051" name="AddUniqueItem_UniqueItem_ReturnsTrue" fullname="GDX.ListExtensionsTests.AddUniqueItem_UniqueItem_ReturnsTrue" methodname="AddUniqueItem_UniqueItem_ReturnsTrue" classname="GDX.ListExtensionsTests" runstate="Runnable" seed="53304885" result="Passed" start-time="2022-05-26 23:47:28Z" end-time="2022-05-26 23:47:28Z" duration="0.000213" asserts="0">
            <properties>
              <property name="Category" value="GDX.Tests" />
            </properties>
          </test-case>
          <test-case id="1053" name="ContainsItem_MockData_FindsItem" fullname="GDX.ListExtensionsTests.ContainsItem_MockData_FindsItem" methodname="ContainsItem_MockData_FindsItem" classname="GDX.ListExtensionsTests" runstate="Runnable" seed="626098753" result="Passed" start-time="2022-05-26 23:47:28Z" end-time="2022-05-26 23:47:28Z" duration="0.000197" asserts="0">
            <properties>
              <property name="Category" value="GDX.Tests" />
            </properties>
          </test-case>
          <test-case id="1054" name="ContainsItem_StringArray_FindsItem" fullname="GDX.ListExtensionsTests.ContainsItem_StringArray_FindsItem" methodname="ContainsItem_StringArray_FindsItem" classname="GDX.ListExtensionsTests" runstate="Runnable" seed="440447550" result="Passed" start-time="2022-05-26 23:47:28Z" end-time="2022-05-26 23:47:28Z" duration="0.001132" asserts="0">
            <properties>
              <property name="Category" value="GDX.Tests" />
            </properties>
          </test-case>
          <test-case id="1056" name="RemoveFirstItem_BadMockData_ReturnsFalse" fullname="GDX.ListExtensionsTests.RemoveFirstItem_BadMockData_ReturnsFalse" methodname="RemoveFirstItem_BadMockData_ReturnsFalse" classname="GDX.ListExtensionsTests" runstate="Runnable" seed="687402423" result="Passed" start-time="2022-05-26 23:47:28Z" end-time="2022-05-26 23:47:28Z" duration="0.000335" asserts="0">
            <properties>
              <property name="Category" value="GDX.Tests" />
            </properties>
          </test-case>
          <test-case id="1055" name="RemoveFirstItem_MockData_RemovedItem" fullname="GDX.ListExtensionsTests.RemoveFirstItem_MockData_RemovedItem" methodname="RemoveFirstItem_MockData_RemovedItem" classname="GDX.ListExtensionsTests" runstate="Runnable" seed="1518300681" result="Passed" start-time="2022-05-26 23:47:28Z" end-time="2022-05-26 23:47:28Z" duration="0.000340" asserts="0">
            <properties>
              <property name="Category" value="GDX.Tests" />
            </properties>
          </test-case>
          <test-case id="1060" name="RemoveItems_MockData_RemovedItems" fullname="GDX.ListExtensionsTests.RemoveItems_MockData_RemovedItems" methodname="RemoveItems_MockData_RemovedItems" classname="GDX.ListExtensionsTests" runstate="Runnable" seed="242158809" result="Passed" start-time="2022-05-26 23:47:28Z" end-time="2022-05-26 23:47:28Z" duration="0.000504" asserts="0">
            <properties>
              <property name="Category" value="GDX.Tests" />
            </properties>
          </test-case>
          <test-case id="1057" name="RemoveItemSwap_MockData_RemovedItem" fullname="GDX.ListExtensionsTests.RemoveItemSwap_MockData_RemovedItem" methodname="RemoveItemSwap_MockData_RemovedItem" classname="GDX.ListExtensionsTests" runstate="Runnable" seed="239336364" result="Passed" start-time="2022-05-26 23:47:28Z" end-time="2022-05-26 23:47:28Z" duration="0.000323" asserts="0">
            <properties>
              <property name="Category" value="GDX.Tests" />
            </properties>
          </test-case>
          <test-case id="1059" name="RemoveLastItem_BadMockData_ReturnsFalse" fullname="GDX.ListExtensionsTests.RemoveLastItem_BadMockData_ReturnsFalse" methodname="RemoveLastItem_BadMockData_ReturnsFalse" classname="GDX.ListExtensionsTests" runstate="Runnable" seed="690562648" result="Passed" start-time="2022-05-26 23:47:28Z" end-time="2022-05-26 23:47:28Z" duration="0.000324" asserts="0">
            <properties>
              <property name="Category" value="GDX.Tests" />
            </properties>
          </test-case>
          <test-case id="1058" name="RemoveLastItem_MockData_RemovedItems" fullname="GDX.ListExtensionsTests.RemoveLastItem_MockData_RemovedItems" methodname="RemoveLastItem_MockData_RemovedItems" classname="GDX.ListExtensionsTests" runstate="Runnable" seed="993562536" result="Passed" start-time="2022-05-26 23:47:28Z" end-time="2022-05-26 23:47:28Z" duration="0.000221" asserts="0">
            <properties>
              <property name="Category" value="GDX.Tests" />
            </properties>
          </test-case>
          <test-case id="1061" name="Shuffle_MockData_HasDifferences" fullname="GDX.ListExtensionsTests.Shuffle_MockData_HasDifferences" methodname="Shuffle_MockData_HasDifferences" classname="GDX.ListExtensionsTests" runstate="Runnable" seed="2017570393" result="Passed" start-time="2022-05-26 23:47:28Z" end-time="2022-05-26 23:47:28Z" duration="0.000891" asserts="0">
            <properties>
              <property name="Category" value="GDX.Tests" />
            </properties>
          </test-case>
        </test-suite>
        <test-suite type="TestFixture" id="1062" name="LocalizationTests" fullname="GDX.LocalizationTests" classname="GDX.LocalizationTests" runstate="Runnable" testcasecount="3" result="Passed" start-time="2022-05-26 23:47:28Z" end-time="2022-05-26 23:47:28Z" duration="0.003139" total="3" passed="3" failed="0" inconclusive="0" skipped="0" asserts="0">
          <properties />
          <test-case id="1063" name="GetHumanReadableFileSize_100_ReturnsValidString" fullname="GDX.LocalizationTests.GetHumanReadableFileSize_100_ReturnsValidString" methodname="GetHumanReadableFileSize_100_ReturnsValidString" classname="GDX.LocalizationTests" runstate="Runnable" seed="1181763115" result="Passed" start-time="2022-05-26 23:47:28Z" end-time="2022-05-26 23:47:28Z" duration="0.000192" asserts="0">
            <properties>
              <property name="Category" value="GDX.Tests" />
            </properties>
          </test-case>
          <test-case id="1064" name="GetHumanReadableFileSize_1024_ReturnsValidString" fullname="GDX.LocalizationTests.GetHumanReadableFileSize_1024_ReturnsValidString" methodname="GetHumanReadableFileSize_1024_ReturnsValidString" classname="GDX.LocalizationTests" runstate="Runnable" seed="325666325" result="Passed" start-time="2022-05-26 23:47:28Z" end-time="2022-05-26 23:47:28Z" duration="0.000164" asserts="0">
            <properties>
              <property name="Category" value="GDX.Tests" />
            </properties>
          </test-case>
          <test-case id="1065" name="GetHumanReadableFileSize_1048576_ReturnsValidString" fullname="GDX.LocalizationTests.GetHumanReadableFileSize_1048576_ReturnsValidString" methodname="GetHumanReadableFileSize_1048576_ReturnsValidString" classname="GDX.LocalizationTests" runstate="Runnable" seed="1022629696" result="Passed" start-time="2022-05-26 23:47:28Z" end-time="2022-05-26 23:47:28Z" duration="0.000158" asserts="0">
            <properties>
              <property name="Category" value="GDX.Tests" />
            </properties>
          </test-case>
        </test-suite>
        <test-suite type="TestSuite" id="1429" name="Mathematics" fullname="GDX.Mathematics" runstate="Runnable" testcasecount="54" result="Passed" start-time="2022-05-26 23:47:28Z" end-time="2022-05-26 23:47:28Z" duration="0.043261" total="54" passed="54" failed="0" inconclusive="0" skipped="0" asserts="0">
          <properties />
          <test-suite type="TestSuite" id="1430" name="Random" fullname="GDX.Mathematics.Random" runstate="Runnable" testcasecount="42" result="Passed" start-time="2022-05-26 23:47:28Z" end-time="2022-05-26 23:47:28Z" duration="0.033830" total="42" passed="42" failed="0" inconclusive="0" skipped="0" asserts="0">
            <properties />
            <test-suite type="TestFixture" id="1226" name="RandomAdaptorTests" fullname="GDX.Mathematics.Random.RandomAdaptorTests" classname="GDX.Mathematics.Random.RandomAdaptorTests" runstate="Runnable" testcasecount="6" result="Passed" start-time="2022-05-26 23:47:28Z" end-time="2022-05-26 23:47:28Z" duration="0.007702" total="6" passed="6" failed="0" inconclusive="0" skipped="0" asserts="0">
              <properties />
              <test-case id="1229" name="Next_MaxValue_ValuesInRange" fullname="GDX.Mathematics.Random.RandomAdaptorTests.Next_MaxValue_ValuesInRange" methodname="Next_MaxValue_ValuesInRange" classname="GDX.Mathematics.Random.RandomAdaptorTests" runstate="Runnable" seed="1425109573" result="Passed" start-time="2022-05-26 23:47:28Z" end-time="2022-05-26 23:47:28Z" duration="0.000998" asserts="0">
                <properties>
                  <property name="Category" value="GDX.Tests" />
                </properties>
              </test-case>
              <test-case id="1228" name="Next_MockData_DifferentValues" fullname="GDX.Mathematics.Random.RandomAdaptorTests.Next_MockData_DifferentValues" methodname="Next_MockData_DifferentValues" classname="GDX.Mathematics.Random.RandomAdaptorTests" runstate="Runnable" seed="203975775" result="Passed" start-time="2022-05-26 23:47:28Z" end-time="2022-05-26 23:47:28Z" duration="0.000549" asserts="0">
                <properties>
                  <property name="Category" value="GDX.Tests" />
                </properties>
              </test-case>
              <test-case id="1230" name="Next_Range_ValuesInRange" fullname="GDX.Mathematics.Random.RandomAdaptorTests.Next_Range_ValuesInRange" methodname="Next_Range_ValuesInRange" classname="GDX.Mathematics.Random.RandomAdaptorTests" runstate="Runnable" seed="1221825274" result="Passed" start-time="2022-05-26 23:47:28Z" end-time="2022-05-26 23:47:28Z" duration="0.000281" asserts="0">
                <properties>
                  <property name="Category" value="GDX.Tests" />
                </properties>
              </test-case>
              <test-case id="1232" name="NextBytes_MockData_FillsBuffer" fullname="GDX.Mathematics.Random.RandomAdaptorTests.NextBytes_MockData_FillsBuffer" methodname="NextBytes_MockData_FillsBuffer" classname="GDX.Mathematics.Random.RandomAdaptorTests" runstate="Runnable" seed="625703653" result="Passed" start-time="2022-05-26 23:47:28Z" end-time="2022-05-26 23:47:28Z" duration="0.000359" asserts="0">
                <properties>
                  <property name="Category" value="GDX.Tests" />
                </properties>
              </test-case>
              <test-case id="1231" name="NextDouble_MockData_DifferentValues" fullname="GDX.Mathematics.Random.RandomAdaptorTests.NextDouble_MockData_DifferentValues" methodname="NextDouble_MockData_DifferentValues" classname="GDX.Mathematics.Random.RandomAdaptorTests" runstate="Runnable" seed="131403006" result="Passed" start-time="2022-05-26 23:47:28Z" end-time="2022-05-26 23:47:28Z" duration="0.000349" asserts="0">
                <properties>
                  <property name="Category" value="GDX.Tests" />
                </properties>
              </test-case>
              <test-case id="1227" name="RandomAdaptor_FromWELL1024a_Created" fullname="GDX.Mathematics.Random.RandomAdaptorTests.RandomAdaptor_FromWELL1024a_Created" methodname="RandomAdaptor_FromWELL1024a_Created" classname="GDX.Mathematics.Random.RandomAdaptorTests" runstate="Runnable" seed="916685004" result="Passed" start-time="2022-05-26 23:47:28Z" end-time="2022-05-26 23:47:28Z" duration="0.000231" asserts="0">
                <properties>
                  <property name="Category" value="GDX.Tests" />
                </properties>
              </test-case>
            </test-suite>
            <test-suite type="TestFixture" id="1233" name="RandomWrapperTests" fullname="GDX.Mathematics.Random.RandomWrapperTests" classname="GDX.Mathematics.Random.RandomWrapperTests" runstate="Runnable" testcasecount="11" result="Passed" start-time="2022-05-26 23:47:28Z" end-time="2022-05-26 23:47:28Z" duration="0.007739" total="11" passed="11" failed="0" inconclusive="0" skipped="0" asserts="0">
              <properties />
              <test-case id="1237" name="NextBoolean_FixedSeed_ReturnsFalse" fullname="GDX.Mathematics.Random.RandomWrapperTests.NextBoolean_FixedSeed_ReturnsFalse" methodname="NextBoolean_FixedSeed_ReturnsFalse" classname="GDX.Mathematics.Random.RandomWrapperTests" runstate="Runnable" seed="540705705" result="Passed" start-time="2022-05-26 23:47:28Z" end-time="2022-05-26 23:47:28Z" duration="0.000330" asserts="0">
                <properties>
                  <property name="Category" value="GDX.Tests" />
                </properties>
              </test-case>
              <test-case id="1236" name="NextBoolean_FixedSeed_ReturnsTrue" fullname="GDX.Mathematics.Random.RandomWrapperTests.NextBoolean_FixedSeed_ReturnsTrue" methodname="NextBoolean_FixedSeed_ReturnsTrue" classname="GDX.Mathematics.Random.RandomWrapperTests" runstate="Runnable" seed="1202230259" result="Passed" start-time="2022-05-26 23:47:28Z" end-time="2022-05-26 23:47:28Z" duration="0.000240" asserts="0">
                <properties>
                  <property name="Category" value="GDX.Tests" />
                </properties>
              </test-case>
              <test-case id="1238" name="NextBytes_MockData_FillsBuffer" fullname="GDX.Mathematics.Random.RandomWrapperTests.NextBytes_MockData_FillsBuffer" methodname="NextBytes_MockData_FillsBuffer" classname="GDX.Mathematics.Random.RandomWrapperTests" runstate="Runnable" seed="998986248" result="Passed" start-time="2022-05-26 23:47:28Z" end-time="2022-05-26 23:47:28Z" duration="0.000384" asserts="0">
                <properties>
                  <property name="Category" value="GDX.Tests" />
                </properties>
              </test-case>
              <test-case id="1239" name="NextDouble_MockData_InRange" fullname="GDX.Mathematics.Random.RandomWrapperTests.NextDouble_MockData_InRange" methodname="NextDouble_MockData_InRange" classname="GDX.Mathematics.Random.RandomWrapperTests" runstate="Runnable" seed="1641931124" result="Passed" start-time="2022-05-26 23:47:28Z" end-time="2022-05-26 23:47:28Z" duration="0.000319" asserts="0">
                <properties>
                  <property name="Category" value="GDX.Tests" />
                </properties>
              </test-case>
              <test-case id="1240" name="NextInteger_MockData_InRange" fullname="GDX.Mathematics.Random.RandomWrapperTests.NextInteger_MockData_InRange" methodname="NextInteger_MockData_InRange" classname="GDX.Mathematics.Random.RandomWrapperTests" runstate="Runnable" seed="980819730" result="Passed" start-time="2022-05-26 23:47:28Z" end-time="2022-05-26 23:47:28Z" duration="0.000242" asserts="0">
                <properties>
                  <property name="Category" value="GDX.Tests" />
                </properties>
              </test-case>
              <test-case id="1241" name="NextIntegerExclusive_MockData_InRange" fullname="GDX.Mathematics.Random.RandomWrapperTests.NextIntegerExclusive_MockData_InRange" methodname="NextIntegerExclusive_MockData_InRange" classname="GDX.Mathematics.Random.RandomWrapperTests" runstate="Runnable" seed="1165531186" result="Passed" start-time="2022-05-26 23:47:28Z" end-time="2022-05-26 23:47:28Z" duration="0.000231" asserts="0">
                <properties>
                  <property name="Category" value="GDX.Tests" />
                </properties>
              </test-case>
              <test-case id="1242" name="NextSingle_MockData_InRange" fullname="GDX.Mathematics.Random.RandomWrapperTests.NextSingle_MockData_InRange" methodname="NextSingle_MockData_InRange" classname="GDX.Mathematics.Random.RandomWrapperTests" runstate="Runnable" seed="1510187803" result="Passed" start-time="2022-05-26 23:47:28Z" end-time="2022-05-26 23:47:28Z" duration="0.000317" asserts="0">
                <properties>
                  <property name="Category" value="GDX.Tests" />
                </properties>
              </test-case>
              <test-case id="1243" name="NextUnsignedInteger_MockData_InRange" fullname="GDX.Mathematics.Random.RandomWrapperTests.NextUnsignedInteger_MockData_InRange" methodname="NextUnsignedInteger_MockData_InRange" classname="GDX.Mathematics.Random.RandomWrapperTests" runstate="Runnable" seed="1969751489" result="Passed" start-time="2022-05-26 23:47:28Z" end-time="2022-05-26 23:47:28Z" duration="0.000278" asserts="0">
                <properties>
                  <property name="Category" value="GDX.Tests" />
                </properties>
              </test-case>
              <test-case id="1244" name="NextUnsignedIntegerExclusive_MockData_InRange" fullname="GDX.Mathematics.Random.RandomWrapperTests.NextUnsignedIntegerExclusive_MockData_InRange" methodname="NextUnsignedIntegerExclusive_MockData_InRange" classname="GDX.Mathematics.Random.RandomWrapperTests" runstate="Runnable" seed="696633421" result="Passed" start-time="2022-05-26 23:47:28Z" end-time="2022-05-26 23:47:28Z" duration="0.000228" asserts="0">
                <properties>
                  <property name="Category" value="GDX.Tests" />
                </properties>
              </test-case>
              <test-case id="1234" name="RandomWrapper_NoSeed_Created" fullname="GDX.Mathematics.Random.RandomWrapperTests.RandomWrapper_NoSeed_Created" methodname="RandomWrapper_NoSeed_Created" classname="GDX.Mathematics.Random.RandomWrapperTests" runstate="Runnable" seed="1918026316" result="Passed" start-time="2022-05-26 23:47:28Z" end-time="2022-05-26 23:47:28Z" duration="0.000140" asserts="0">
                <properties>
                  <property name="Category" value="GDX.Tests" />
                </properties>
              </test-case>
              <test-case id="1235" name="RandomWrapper_WithSeed_Created" fullname="GDX.Mathematics.Random.RandomWrapperTests.RandomWrapper_WithSeed_Created" methodname="RandomWrapper_WithSeed_Created" classname="GDX.Mathematics.Random.RandomWrapperTests" runstate="Runnable" seed="261005950" result="Passed" start-time="2022-05-26 23:47:28Z" end-time="2022-05-26 23:47:28Z" duration="0.000133" asserts="0">
                <properties>
                  <property name="Category" value="GDX.Tests" />
                </properties>
              </test-case>
            </test-suite>
            <test-suite type="TestFixture" id="1245" name="WELL1024aTests" fullname="GDX.Mathematics.Random.WELL1024aTests" classname="GDX.Mathematics.Random.WELL1024aTests" runstate="Runnable" testcasecount="25" result="Passed" start-time="2022-05-26 23:47:28Z" end-time="2022-05-26 23:47:28Z" duration="0.014658" total="25" passed="25" failed="0" inconclusive="0" skipped="0" asserts="0">
              <properties />
              <test-case id="1251" name="Equals_ByReference_ReturnsTrue" fullname="GDX.Mathematics.Random.WELL1024aTests.Equals_ByReference_ReturnsTrue" methodname="Equals_ByReference_ReturnsTrue" classname="GDX.Mathematics.Random.WELL1024aTests" runstate="Runnable" seed="756252552" result="Passed" start-time="2022-05-26 23:47:28Z" end-time="2022-05-26 23:47:28Z" duration="0.000236" asserts="0">
                <properties>
                  <property name="Category" value="GDX.Tests" />
                </properties>
              </test-case>
              <test-case id="1253" name="Equals_Object_ReturnsTrue" fullname="GDX.Mathematics.Random.WELL1024aTests.Equals_Object_ReturnsTrue" methodname="Equals_Object_ReturnsTrue" classname="GDX.Mathematics.Random.WELL1024aTests" runstate="Runnable" seed="1657782259" result="Passed" start-time="2022-05-26 23:47:28Z" end-time="2022-05-26 23:47:28Z" duration="0.000275" asserts="0">
                <properties>
                  <property name="Category" value="GDX.Tests" />
                </properties>
              </test-case>
              <test-case id="1252" name="Equals_Reference_ReturnsTrue" fullname="GDX.Mathematics.Random.WELL1024aTests.Equals_Reference_ReturnsTrue" methodname="Equals_Reference_ReturnsTrue" classname="GDX.Mathematics.Random.WELL1024aTests" runstate="Runnable" seed="715225927" result="Passed" start-time="2022-05-26 23:47:28Z" end-time="2022-05-26 23:47:28Z" duration="0.000211" asserts="0">
                <properties>
                  <property name="Category" value="GDX.Tests" />
                </properties>
              </test-case>
              <test-case id="1255" name="NextBoolean_PerfectChance_ReturnsTrue" fullname="GDX.Mathematics.Random.WELL1024aTests.NextBoolean_PerfectChance_ReturnsTrue" methodname="NextBoolean_PerfectChance_ReturnsTrue" classname="GDX.Mathematics.Random.WELL1024aTests" runstate="Runnable" seed="1027344942" result="Passed" start-time="2022-05-26 23:47:28Z" end-time="2022-05-26 23:47:28Z" duration="0.000212" asserts="0">
                <properties>
                  <property name="Category" value="GDX.Tests" />
                </properties>
              </test-case>
              <test-case id="1256" name="NextBoolean_Simple_ReturnsDeterministicValue" fullname="GDX.Mathematics.Random.WELL1024aTests.NextBoolean_Simple_ReturnsDeterministicValue" methodname="NextBoolean_Simple_ReturnsDeterministicValue" classname="GDX.Mathematics.Random.WELL1024aTests" runstate="Runnable" seed="1031628671" result="Passed" start-time="2022-05-26 23:47:28Z" end-time="2022-05-26 23:47:28Z" duration="0.000157" asserts="0">
                <properties>
                  <property name="Category" value="GDX.Tests" />
                </properties>
              </test-case>
              <test-case id="1254" name="NextBoolean_ZeroChance_ReturnsFalse" fullname="GDX.Mathematics.Random.WELL1024aTests.NextBoolean_ZeroChance_ReturnsFalse" methodname="NextBoolean_ZeroChance_ReturnsFalse" classname="GDX.Mathematics.Random.WELL1024aTests" runstate="Runnable" seed="1466238121" result="Passed" start-time="2022-05-26 23:47:28Z" end-time="2022-05-26 23:47:28Z" duration="0.000164" asserts="0">
                <properties>
                  <property name="Category" value="GDX.Tests" />
                </properties>
              </test-case>
              <test-case id="1262" name="NextBytes_Simple_FillsBuffer" fullname="GDX.Mathematics.Random.WELL1024aTests.NextBytes_Simple_FillsBuffer" methodname="NextBytes_Simple_FillsBuffer" classname="GDX.Mathematics.Random.WELL1024aTests" runstate="Runnable" seed="358912552" result="Passed" start-time="2022-05-26 23:47:28Z" end-time="2022-05-26 23:47:28Z" duration="0.000213" asserts="0">
                <properties>
                  <property name="Category" value="GDX.Tests" />
                </properties>
              </test-case>
              <test-case id="1263" name="NextDouble_Multiple_ReturnsDifferentValues" fullname="GDX.Mathematics.Random.WELL1024aTests.NextDouble_Multiple_ReturnsDifferentValues" methodname="NextDouble_Multiple_ReturnsDifferentValues" classname="GDX.Mathematics.Random.WELL1024aTests" runstate="Runnable" seed="1571877942" result="Passed" start-time="2022-05-26 23:47:28Z" end-time="2022-05-26 23:47:28Z" duration="0.000301" asserts="0">
                <properties>
                  <property name="Category" value="GDX.Tests" />
                </properties>
              </test-case>
              <test-case id="1264" name="NextDouble_Simple_ReturnsDeterministicValue" fullname="GDX.Mathematics.Random.WELL1024aTests.NextDouble_Simple_ReturnsDeterministicValue" methodname="NextDouble_Simple_ReturnsDeterministicValue" classname="GDX.Mathematics.Random.WELL1024aTests" runstate="Runnable" seed="596128088" result="Passed" start-time="2022-05-26 23:47:28Z" end-time="2022-05-26 23:47:28Z" duration="0.000169" asserts="0">
                <properties>
                  <property name="Category" value="GDX.Tests" />
                </properties>
              </test-case>
              <test-case id="1260" name="NextInteger_MinMaxValue_ReturnsDeterministicValue" fullname="GDX.Mathematics.Random.WELL1024aTests.NextInteger_MinMaxValue_ReturnsDeterministicValue" methodname="NextInteger_MinMaxValue_ReturnsDeterministicValue" classname="GDX.Mathematics.Random.WELL1024aTests" runstate="Runnable" seed="94035702" result="Passed" start-time="2022-05-26 23:47:28Z" end-time="2022-05-26 23:47:28Z" duration="0.000174" asserts="0">
                <properties>
                  <property name="Category" value="GDX.Tests" />
                </properties>
              </test-case>
              <test-case id="1261" name="NextInteger_Multiple_ReturnsDifferentValues" fullname="GDX.Mathematics.Random.WELL1024aTests.NextInteger_Multiple_ReturnsDifferentValues" methodname="NextInteger_Multiple_ReturnsDifferentValues" classname="GDX.Mathematics.Random.WELL1024aTests" runstate="Runnable" seed="1833086407" result="Passed" start-time="2022-05-26 23:47:28Z" end-time="2022-05-26 23:47:28Z" duration="0.000233" asserts="0">
                <properties>
                  <property name="Category" value="GDX.Tests" />
                </properties>
              </test-case>
              <test-case id="1258" name="NextInteger_SameRange_ReturnsSameValue" fullname="GDX.Mathematics.Random.WELL1024aTests.NextInteger_SameRange_ReturnsSameValue" methodname="NextInteger_SameRange_ReturnsSameValue" classname="GDX.Mathematics.Random.WELL1024aTests" runstate="Runnable" seed="1837354879" result="Passed" start-time="2022-05-26 23:47:28Z" end-time="2022-05-26 23:47:28Z" duration="0.000168" asserts="0">
                <properties>
                  <property name="Category" value="GDX.Tests" />
                </properties>
              </test-case>
              <test-case id="1257" name="NextInteger_Simple_ReturnsDeterministicValue" fullname="GDX.Mathematics.Random.WELL1024aTests.NextInteger_Simple_ReturnsDeterministicValue" methodname="NextInteger_Simple_ReturnsDeterministicValue" classname="GDX.Mathematics.Random.WELL1024aTests" runstate="Runnable" seed="1116576158" result="Passed" start-time="2022-05-26 23:47:28Z" end-time="2022-05-26 23:47:28Z" duration="0.000166" asserts="0">
                <properties>
                  <property name="Category" value="GDX.Tests" />
                </properties>
              </test-case>
              <test-case id="1259" name="NextInteger_ZeroValues_ReturnsZeroValue" fullname="GDX.Mathematics.Random.WELL1024aTests.NextInteger_ZeroValues_ReturnsZeroValue" methodname="NextInteger_ZeroValues_ReturnsZeroValue" classname="GDX.Mathematics.Random.WELL1024aTests" runstate="Runnable" seed="27883780" result="Passed" start-time="2022-05-26 23:47:28Z" end-time="2022-05-26 23:47:28Z" duration="0.000159" asserts="0">
                <properties>
                  <property name="Category" value="GDX.Tests" />
                </properties>
              </test-case>
              <test-case id="1266" name="NextSingle_Multiple_ReturnsDifferentValues" fullname="GDX.Mathematics.Random.WELL1024aTests.NextSingle_Multiple_ReturnsDifferentValues" methodname="NextSingle_Multiple_ReturnsDifferentValues" classname="GDX.Mathematics.Random.WELL1024aTests" runstate="Runnable" seed="2130319105" result="Passed" start-time="2022-05-26 23:47:28Z" end-time="2022-05-26 23:47:28Z" duration="0.000298" asserts="0">
                <properties>
                  <property name="Category" value="GDX.Tests" />
                </properties>
              </test-case>
              <test-case id="1265" name="NextSingle_Simple_ReturnsDeterministicValue" fullname="GDX.Mathematics.Random.WELL1024aTests.NextSingle_Simple_ReturnsDeterministicValue" methodname="NextSingle_Simple_ReturnsDeterministicValue" classname="GDX.Mathematics.Random.WELL1024aTests" runstate="Runnable" seed="894715937" result="Passed" start-time="2022-05-26 23:47:28Z" end-time="2022-05-26 23:47:28Z" duration="0.000208" asserts="0">
                <properties>
                  <property name="Category" value="GDX.Tests" />
                </properties>
              </test-case>
              <test-case id="1270" name="NextUnsignedInteger_Multiple_ReturnsDifferentValues" fullname="GDX.Mathematics.Random.WELL1024aTests.NextUnsignedInteger_Multiple_ReturnsDifferentValues" methodname="NextUnsignedInteger_Multiple_ReturnsDifferentValues" classname="GDX.Mathematics.Random.WELL1024aTests" runstate="Runnable" seed="660056378" result="Passed" start-time="2022-05-26 23:47:28Z" end-time="2022-05-26 23:47:28Z" duration="0.000303" asserts="0">
                <properties>
                  <property name="Category" value="GDX.Tests" />
                </properties>
              </test-case>
              <test-case id="1267" name="NextUnsignedInteger_Simple_ReturnsDeterministicValue" fullname="GDX.Mathematics.Random.WELL1024aTests.NextUnsignedInteger_Simple_ReturnsDeterministicValue" methodname="NextUnsignedInteger_Simple_ReturnsDeterministicValue" classname="GDX.Mathematics.Random.WELL1024aTests" runstate="Runnable" seed="1300521417" result="Passed" start-time="2022-05-26 23:47:28Z" end-time="2022-05-26 23:47:28Z" duration="0.000242" asserts="0">
                <properties>
                  <property name="Category" value="GDX.Tests" />
                </properties>
              </test-case>
              <test-case id="1269" name="NextUnsignedIntegerExclusive_Limited_ReturnsDeterministicValue" fullname="GDX.Mathematics.Random.WELL1024aTests.NextUnsignedIntegerExclusive_Limited_ReturnsDeterministicValue" methodname="NextUnsignedIntegerExclusive_Limited_ReturnsDeterministicValue" classname="GDX.Mathematics.Random.WELL1024aTests" runstate="Runnable" seed="916450406" result="Passed" start-time="2022-05-26 23:47:28Z" end-time="2022-05-26 23:47:28Z" duration="0.000240" asserts="0">
                <properties>
                  <property name="Category" value="GDX.Tests" />
                </properties>
              </test-case>
              <test-case id="1268" name="NextUnsignedIntegerExclusive_Simple_ReturnsDeterministicValue" fullname="GDX.Mathematics.Random.WELL1024aTests.NextUnsignedIntegerExclusive_Simple_ReturnsDeterministicValue" methodname="NextUnsignedIntegerExclusive_Simple_ReturnsDeterministicValue" classname="GDX.Mathematics.Random.WELL1024aTests" runstate="Runnable" seed="1739704391" result="Passed" start-time="2022-05-26 23:47:28Z" end-time="2022-05-26 23:47:28Z" duration="0.000192" asserts="0">
                <properties>
                  <property name="Category" value="GDX.Tests" />
                </properties>
              </test-case>
              <test-case id="1246" name="WELL1024a_FromInteger_StrippedSeed" fullname="GDX.Mathematics.Random.WELL1024aTests.WELL1024a_FromInteger_StrippedSeed" methodname="WELL1024a_FromInteger_StrippedSeed" classname="GDX.Mathematics.Random.WELL1024aTests" runstate="Runnable" seed="1346604492" result="Passed" start-time="2022-05-26 23:47:28Z" end-time="2022-05-26 23:47:28Z" duration="0.000275" asserts="0">
                <properties>
                  <property name="Category" value="GDX.Tests" />
                </properties>
              </test-case>
              <test-case id="1250" name="WELL1024a_FromRestoreState_Matched" fullname="GDX.Mathematics.Random.WELL1024aTests.WELL1024a_FromRestoreState_Matched" methodname="WELL1024a_FromRestoreState_Matched" classname="GDX.Mathematics.Random.WELL1024aTests" runstate="Runnable" seed="1108839544" result="Passed" start-time="2022-05-26 23:47:28Z" end-time="2022-05-26 23:47:28Z" duration="0.000492" asserts="0">
                <properties>
                  <property name="Category" value="GDX.Tests" />
                </properties>
              </test-case>
              <test-case id="1247" name="WELL1024a_FromString_NonAndForcedDifferent" fullname="GDX.Mathematics.Random.WELL1024aTests.WELL1024a_FromString_NonAndForcedDifferent" methodname="WELL1024a_FromString_NonAndForcedDifferent" classname="GDX.Mathematics.Random.WELL1024aTests" runstate="Runnable" seed="1598193408" result="Passed" start-time="2022-05-26 23:47:28Z" end-time="2022-05-26 23:47:28Z" duration="0.000180" asserts="0">
                <properties>
                  <property name="Category" value="GDX.Tests" />
                </properties>
              </test-case>
              <test-case id="1248" name="WELL1024a_FromStringUppercase_SameOriginalSeed" fullname="GDX.Mathematics.Random.WELL1024aTests.WELL1024a_FromStringUppercase_SameOriginalSeed" methodname="WELL1024a_FromStringUppercase_SameOriginalSeed" classname="GDX.Mathematics.Random.WELL1024aTests" runstate="Runnable" seed="1807044760" result="Passed" start-time="2022-05-26 23:47:28Z" end-time="2022-05-26 23:47:28Z" duration="0.000169" asserts="0">
                <properties>
                  <property name="Category" value="GDX.Tests" />
                </properties>
              </test-case>
              <test-case id="1249" name="WELL1024a_FromUnsignedInteger_MatchedSeed" fullname="GDX.Mathematics.Random.WELL1024aTests.WELL1024a_FromUnsignedInteger_MatchedSeed" methodname="WELL1024a_FromUnsignedInteger_MatchedSeed" classname="GDX.Mathematics.Random.WELL1024aTests" runstate="Runnable" seed="350040925" result="Passed" start-time="2022-05-26 23:47:28Z" end-time="2022-05-26 23:47:28Z" duration="0.000160" asserts="0">
                <properties>
                  <property name="Category" value="GDX.Tests" />
                </properties>
              </test-case>
            </test-suite>
          </test-suite>
          <test-suite type="TestFixture" id="1213" name="RangeTests" fullname="GDX.Mathematics.RangeTests" classname="GDX.Mathematics.RangeTests" runstate="Runnable" testcasecount="12" result="Passed" start-time="2022-05-26 23:47:28Z" end-time="2022-05-26 23:47:28Z" duration="0.006929" total="12" passed="12" failed="0" inconclusive="0" skipped="0" asserts="0">
            <properties />
            <test-case id="1214" name="GetDouble_Bottom_Inclusive" fullname="GDX.Mathematics.RangeTests.GetDouble_Bottom_Inclusive" methodname="GetDouble_Bottom_Inclusive" classname="GDX.Mathematics.RangeTests" runstate="Runnable" seed="2007704937" result="Passed" start-time="2022-05-26 23:47:28Z" end-time="2022-05-26 23:47:28Z" duration="0.000169" asserts="0">
              <properties>
                <property name="Category" value="GDX.Tests" />
              </properties>
            </test-case>
            <test-case id="1216" name="GetDouble_Middle_Inclusive" fullname="GDX.Mathematics.RangeTests.GetDouble_Middle_Inclusive" methodname="GetDouble_Middle_Inclusive" classname="GDX.Mathematics.RangeTests" runstate="Runnable" seed="1410085420" result="Passed" start-time="2022-05-26 23:47:28Z" end-time="2022-05-26 23:47:28Z" duration="0.000144" asserts="0">
              <properties>
                <property name="Category" value="GDX.Tests" />
              </properties>
            </test-case>
            <test-case id="1215" name="GetDouble_Top_Inclusive" fullname="GDX.Mathematics.RangeTests.GetDouble_Top_Inclusive" methodname="GetDouble_Top_Inclusive" classname="GDX.Mathematics.RangeTests" runstate="Runnable" seed="110107508" result="Passed" start-time="2022-05-26 23:47:28Z" end-time="2022-05-26 23:47:28Z" duration="0.000147" asserts="0">
              <properties>
                <property name="Category" value="GDX.Tests" />
              </properties>
            </test-case>
            <test-case id="1217" name="GetInteger_Bottom_Inclusive" fullname="GDX.Mathematics.RangeTests.GetInteger_Bottom_Inclusive" methodname="GetInteger_Bottom_Inclusive" classname="GDX.Mathematics.RangeTests" runstate="Runnable" seed="1705596704" result="Passed" start-time="2022-05-26 23:47:28Z" end-time="2022-05-26 23:47:28Z" duration="0.000135" asserts="0">
              <properties>
                <property name="Category" value="GDX.Tests" />
              </properties>
            </test-case>
            <test-case id="1219" name="GetInteger_Middle_Inclusive" fullname="GDX.Mathematics.RangeTests.GetInteger_Middle_Inclusive" methodname="GetInteger_Middle_Inclusive" classname="GDX.Mathematics.RangeTests" runstate="Runnable" seed="34561579" result="Passed" start-time="2022-05-26 23:47:28Z" end-time="2022-05-26 23:47:28Z" duration="0.000147" asserts="0">
              <properties>
                <property name="Category" value="GDX.Tests" />
              </properties>
            </test-case>
            <test-case id="1218" name="GetInteger_Top_Inclusive" fullname="GDX.Mathematics.RangeTests.GetInteger_Top_Inclusive" methodname="GetInteger_Top_Inclusive" classname="GDX.Mathematics.RangeTests" runstate="Runnable" seed="608972562" result="Passed" start-time="2022-05-26 23:47:28Z" end-time="2022-05-26 23:47:28Z" duration="0.000134" asserts="0">
              <properties>
                <property name="Category" value="GDX.Tests" />
              </properties>
            </test-case>
            <test-case id="1220" name="GetSingle_Bottom_Inclusive" fullname="GDX.Mathematics.RangeTests.GetSingle_Bottom_Inclusive" methodname="GetSingle_Bottom_Inclusive" classname="GDX.Mathematics.RangeTests" runstate="Runnable" seed="591564633" result="Passed" start-time="2022-05-26 23:47:28Z" end-time="2022-05-26 23:47:28Z" duration="0.000138" asserts="0">
              <properties>
                <property name="Category" value="GDX.Tests" />
              </properties>
            </test-case>
            <test-case id="1222" name="GetSingle_Middle_Inclusive" fullname="GDX.Mathematics.RangeTests.GetSingle_Middle_Inclusive" methodname="GetSingle_Middle_Inclusive" classname="GDX.Mathematics.RangeTests" runstate="Runnable" seed="947711920" result="Passed" start-time="2022-05-26 23:47:28Z" end-time="2022-05-26 23:47:28Z" duration="0.000140" asserts="0">
              <properties>
                <property name="Category" value="GDX.Tests" />
              </properties>
            </test-case>
            <test-case id="1221" name="GetSingle_Top_Inclusive" fullname="GDX.Mathematics.RangeTests.GetSingle_Top_Inclusive" methodname="GetSingle_Top_Inclusive" classname="GDX.Mathematics.RangeTests" runstate="Runnable" seed="432998255" result="Passed" start-time="2022-05-26 23:47:28Z" end-time="2022-05-26 23:47:28Z" duration="0.000138" asserts="0">
              <properties>
                <property name="Category" value="GDX.Tests" />
              </properties>
            </test-case>
            <test-case id="1223" name="GetUnsignedInteger_Bottom_Inclusive" fullname="GDX.Mathematics.RangeTests.GetUnsignedInteger_Bottom_Inclusive" methodname="GetUnsignedInteger_Bottom_Inclusive" classname="GDX.Mathematics.RangeTests" runstate="Runnable" seed="926702872" result="Passed" start-time="2022-05-26 23:47:28Z" end-time="2022-05-26 23:47:28Z" duration="0.000171" asserts="0">
              <properties>
                <property name="Category" value="GDX.Tests" />
              </properties>
            </test-case>
            <test-case id="1225" name="GetUnsignedInteger_Middle_Inclusive" fullname="GDX.Mathematics.RangeTests.GetUnsignedInteger_Middle_Inclusive" methodname="GetUnsignedInteger_Middle_Inclusive" classname="GDX.Mathematics.RangeTests" runstate="Runnable" seed="1214439251" result="Passed" start-time="2022-05-26 23:47:28Z" end-time="2022-05-26 23:47:28Z" duration="0.000132" asserts="0">
              <properties>
                <property name="Category" value="GDX.Tests" />
              </properties>
            </test-case>
            <test-case id="1224" name="GetUnsignedInteger_Top_Inclusive" fullname="GDX.Mathematics.RangeTests.GetUnsignedInteger_Top_Inclusive" methodname="GetUnsignedInteger_Top_Inclusive" classname="GDX.Mathematics.RangeTests" runstate="Runnable" seed="492272803" result="Passed" start-time="2022-05-26 23:47:28Z" end-time="2022-05-26 23:47:28Z" duration="0.000133" asserts="0">
              <properties>
                <property name="Category" value="GDX.Tests" />
              </properties>
            </test-case>
          </test-suite>
        </test-suite>
        <test-suite type="TestFixture" id="1066" name="ReflectionTests" fullname="GDX.ReflectionTests" classname="GDX.ReflectionTests" runstate="Runnable" testcasecount="26" result="Passed" start-time="2022-05-26 23:47:28Z" end-time="2022-05-26 23:47:28Z" duration="0.041603" total="26" passed="26" failed="0" inconclusive="0" skipped="0" asserts="0">
          <properties />
          <test-case id="1068" name="GetDefault_NonNullable_ReturnsValue" fullname="GDX.ReflectionTests.GetDefault_NonNullable_ReturnsValue" methodname="GetDefault_NonNullable_ReturnsValue" classname="GDX.ReflectionTests" runstate="Runnable" seed="1338762317" result="Passed" start-time="2022-05-26 23:47:28Z" end-time="2022-05-26 23:47:28Z" duration="0.000333" asserts="0">
            <properties>
              <property name="Category" value="GDX.Tests" />
            </properties>
          </test-case>
          <test-case id="1067" name="GetDefault_Nullable_ReturnsNull" fullname="GDX.ReflectionTests.GetDefault_Nullable_ReturnsNull" methodname="GetDefault_Nullable_ReturnsNull" classname="GDX.ReflectionTests" runstate="Runnable" seed="1031565992" result="Passed" start-time="2022-05-26 23:47:28Z" end-time="2022-05-26 23:47:28Z" duration="0.000165" asserts="0">
            <properties>
              <property name="Category" value="GDX.Tests" />
            </properties>
          </test-case>
          <test-case id="1070" name="GetType_BadType_ReturnsNull" fullname="GDX.ReflectionTests.GetType_BadType_ReturnsNull" methodname="GetType_BadType_ReturnsNull" classname="GDX.ReflectionTests" runstate="Runnable" seed="1408396521" result="Passed" start-time="2022-05-26 23:47:28Z" end-time="2022-05-26 23:47:28Z" duration="0.001396" asserts="0">
            <properties>
              <property name="Category" value="GDX.Tests" />
            </properties>
          </test-case>
          <test-case id="1069" name="GetType_QualifiedType_ReturnsType" fullname="GDX.ReflectionTests.GetType_QualifiedType_ReturnsType" methodname="GetType_QualifiedType_ReturnsType" classname="GDX.ReflectionTests" runstate="Runnable" seed="1667527344" result="Passed" start-time="2022-05-26 23:47:28Z" end-time="2022-05-26 23:47:28Z" duration="0.000258" asserts="0">
            <properties>
              <property name="Category" value="GDX.Tests" />
            </properties>
          </test-case>
          <test-case id="1072" name="InvokeStaticMethod_BadMethod_ReturnsNull" fullname="GDX.ReflectionTests.InvokeStaticMethod_BadMethod_ReturnsNull" methodname="InvokeStaticMethod_BadMethod_ReturnsNull" classname="GDX.ReflectionTests" runstate="Runnable" seed="642544120" result="Passed" start-time="2022-05-26 23:47:28Z" end-time="2022-05-26 23:47:28Z" duration="0.000225" asserts="0">
            <properties>
              <property name="Category" value="GDX.Tests" />
              <property name="Category" value="GDX.Tests" />
            </properties>
          </test-case>
          <test-case id="1073" name="InvokeStaticMethod_BadType_ReturnsNull" fullname="GDX.ReflectionTests.InvokeStaticMethod_BadType_ReturnsNull" methodname="InvokeStaticMethod_BadType_ReturnsNull" classname="GDX.ReflectionTests" runstate="Runnable" seed="1686099452" result="Passed" start-time="2022-05-26 23:47:28Z" end-time="2022-05-26 23:47:28Z" duration="0.000348" asserts="0">
            <properties>
              <property name="Category" value="GDX.Tests" />
            </properties>
          </test-case>
          <test-case id="1071" name="InvokeStaticMethod_ProjectBrowser_ReturnsListOfBrowsers" fullname="GDX.ReflectionTests.InvokeStaticMethod_ProjectBrowser_ReturnsListOfBrowsers" methodname="InvokeStaticMethod_ProjectBrowser_ReturnsListOfBrowsers" classname="GDX.ReflectionTests" runstate="Runnable" seed="1932001586" result="Passed" start-time="2022-05-26 23:47:28Z" end-time="2022-05-26 23:47:28Z" duration="0.000281" asserts="0">
            <properties>
              <property name="Category" value="GDX.Tests" />
            </properties>
          </test-case>
          <test-case id="1077" name="SetFieldOrPropertyValue_NoTarget_ReturnsFalse" fullname="GDX.ReflectionTests.SetFieldOrPropertyValue_NoTarget_ReturnsFalse" methodname="SetFieldOrPropertyValue_NoTarget_ReturnsFalse" classname="GDX.ReflectionTests" runstate="Runnable" seed="1053384234" result="Passed" start-time="2022-05-26 23:47:28Z" end-time="2022-05-26 23:47:28Z" duration="0.000324" asserts="0">
            <properties>
              <property name="Category" value="GDX.Tests" />
            </properties>
          </test-case>
          <test-case id="1076" name="SetFieldOrPropertyValue_NoType_ReturnsFalse" fullname="GDX.ReflectionTests.SetFieldOrPropertyValue_NoType_ReturnsFalse" methodname="SetFieldOrPropertyValue_NoType_ReturnsFalse" classname="GDX.ReflectionTests" runstate="Runnable" seed="272964599" result="Passed" start-time="2022-05-26 23:47:28Z" end-time="2022-05-26 23:47:28Z" duration="0.020938" asserts="0">
            <properties>
              <property name="Category" value="GDX.Tests" />
            </properties>
          </test-case>
          <test-case id="1074" name="SetFieldOrPropertyValue_ProjectBrowser_SetIsLocked" fullname="GDX.ReflectionTests.SetFieldOrPropertyValue_ProjectBrowser_SetIsLocked" methodname="SetFieldOrPropertyValue_ProjectBrowser_SetIsLocked" classname="GDX.ReflectionTests" runstate="Runnable" seed="504293736" result="Passed" start-time="2022-05-26 23:47:28Z" end-time="2022-05-26 23:47:28Z" duration="0.001753" asserts="0">
            <properties>
              <property name="Category" value="GDX.Tests" />
            </properties>
          </test-case>
          <test-case id="1075" name="SetFieldOrPropertyValue_ProjectBrowser_SetSearchFieldText" fullname="GDX.ReflectionTests.SetFieldOrPropertyValue_ProjectBrowser_SetSearchFieldText" methodname="SetFieldOrPropertyValue_ProjectBrowser_SetSearchFieldText" classname="GDX.ReflectionTests" runstate="Runnable" seed="1483436387" result="Passed" start-time="2022-05-26 23:47:28Z" end-time="2022-05-26 23:47:28Z" duration="0.000626" asserts="0">
            <properties>
              <property name="Category" value="GDX.Tests" />
            </properties>
          </test-case>
          <test-case id="1079" name="SetFieldValue_NoType_ReturnsFalse" fullname="GDX.ReflectionTests.SetFieldValue_NoType_ReturnsFalse" methodname="SetFieldValue_NoType_ReturnsFalse" classname="GDX.ReflectionTests" runstate="Runnable" seed="471575074" result="Passed" start-time="2022-05-26 23:47:28Z" end-time="2022-05-26 23:47:28Z" duration="0.000347" asserts="0">
            <properties>
              <property name="Category" value="GDX.Tests" />
            </properties>
          </test-case>
          <test-case id="1078" name="SetFieldValue_ProjectBrowser_SetSearchFieldText" fullname="GDX.ReflectionTests.SetFieldValue_ProjectBrowser_SetSearchFieldText" methodname="SetFieldValue_ProjectBrowser_SetSearchFieldText" classname="GDX.ReflectionTests" runstate="Runnable" seed="123509427" result="Passed" start-time="2022-05-26 23:47:28Z" end-time="2022-05-26 23:47:28Z" duration="0.000395" asserts="0">
            <properties>
              <property name="Category" value="GDX.Tests" />
            </properties>
          </test-case>
          <test-case id="1082" name="SetPropertyValue_InvalidName_IsFalse" fullname="GDX.ReflectionTests.SetPropertyValue_InvalidName_IsFalse" methodname="SetPropertyValue_InvalidName_IsFalse" classname="GDX.ReflectionTests" runstate="Runnable" seed="2079685228" result="Passed" start-time="2022-05-26 23:47:28Z" end-time="2022-05-26 23:47:28Z" duration="0.000452" asserts="0">
            <properties>
              <property name="Category" value="GDX.Tests" />
            </properties>
          </test-case>
          <test-case id="1081" name="SetPropertyValue_NoType_IsFalse" fullname="GDX.ReflectionTests.SetPropertyValue_NoType_IsFalse" methodname="SetPropertyValue_NoType_IsFalse" classname="GDX.ReflectionTests" runstate="Runnable" seed="146812469" result="Passed" start-time="2022-05-26 23:47:28Z" end-time="2022-05-26 23:47:28Z" duration="0.000345" asserts="0">
            <properties>
              <property name="Category" value="GDX.Tests" />
            </properties>
          </test-case>
          <test-case id="1080" name="SetPropertyValue_QualifiedProperty_IsSet" fullname="GDX.ReflectionTests.SetPropertyValue_QualifiedProperty_IsSet" methodname="SetPropertyValue_QualifiedProperty_IsSet" classname="GDX.ReflectionTests" runstate="Runnable" seed="306771941" result="Passed" start-time="2022-05-26 23:47:28Z" end-time="2022-05-26 23:47:28Z" duration="0.000620" asserts="0">
            <properties>
              <property name="Category" value="GDX.Tests" />
            </properties>
          </test-case>
          <test-case id="1084" name="TryGetFieldOrPropertyValue_BadField_ReturnsStartGridSize" fullname="GDX.ReflectionTests.TryGetFieldOrPropertyValue_BadField_ReturnsStartGridSize" methodname="TryGetFieldOrPropertyValue_BadField_ReturnsStartGridSize" classname="GDX.ReflectionTests" runstate="Runnable" seed="1079840670" result="Passed" start-time="2022-05-26 23:47:28Z" end-time="2022-05-26 23:47:28Z" duration="0.000473" asserts="0">
            <properties>
              <property name="Category" value="GDX.Tests" />
            </properties>
          </test-case>
          <test-case id="1083" name="TryGetFieldOrPropertyValue_NoTarget_ReturnsDefault" fullname="GDX.ReflectionTests.TryGetFieldOrPropertyValue_NoTarget_ReturnsDefault" methodname="TryGetFieldOrPropertyValue_NoTarget_ReturnsDefault" classname="GDX.ReflectionTests" runstate="Runnable" seed="692131303" result="Passed" start-time="2022-05-26 23:47:28Z" end-time="2022-05-26 23:47:28Z" duration="0.000505" asserts="0">
            <properties>
              <property name="Category" value="GDX.Tests" />
            </properties>
          </test-case>
          <test-case id="1085" name="TryGetFieldOrPropertyValue_ProjectBrowserField_ReturnsStartGridSize" fullname="GDX.ReflectionTests.TryGetFieldOrPropertyValue_ProjectBrowserField_ReturnsStartGridSize" methodname="TryGetFieldOrPropertyValue_ProjectBrowserField_ReturnsStartGridSize" classname="GDX.ReflectionTests" runstate="Runnable" seed="537126639" result="Passed" start-time="2022-05-26 23:47:28Z" end-time="2022-05-26 23:47:28Z" duration="0.000367" asserts="0">
            <properties>
              <property name="Category" value="GDX.Tests" />
            </properties>
          </test-case>
          <test-case id="1086" name="TryGetFieldOrPropertyValue_ProjectBrowserProperty_ReturnsIsLocked" fullname="GDX.ReflectionTests.TryGetFieldOrPropertyValue_ProjectBrowserProperty_ReturnsIsLocked" methodname="TryGetFieldOrPropertyValue_ProjectBrowserProperty_ReturnsIsLocked" classname="GDX.ReflectionTests" runstate="Runnable" seed="752806866" result="Passed" start-time="2022-05-26 23:47:28Z" end-time="2022-05-26 23:47:28Z" duration="0.000367" asserts="0">
            <properties>
              <property name="Category" value="GDX.Tests" />
            </properties>
          </test-case>
          <test-case id="1089" name="TryGetFieldValue_BadField_ReturnsDefault" fullname="GDX.ReflectionTests.TryGetFieldValue_BadField_ReturnsDefault" methodname="TryGetFieldValue_BadField_ReturnsDefault" classname="GDX.ReflectionTests" runstate="Runnable" seed="2052881945" result="Passed" start-time="2022-05-26 23:47:28Z" end-time="2022-05-26 23:47:28Z" duration="0.000377" asserts="0">
            <properties>
              <property name="Category" value="GDX.Tests" />
            </properties>
          </test-case>
          <test-case id="1088" name="TryGetFieldValue_NoType_ReturnsDefault" fullname="GDX.ReflectionTests.TryGetFieldValue_NoType_ReturnsDefault" methodname="TryGetFieldValue_NoType_ReturnsDefault" classname="GDX.ReflectionTests" runstate="Runnable" seed="1836400259" result="Passed" start-time="2022-05-26 23:47:28Z" end-time="2022-05-26 23:47:28Z" duration="0.000361" asserts="0">
            <properties>
              <property name="Category" value="GDX.Tests" />
            </properties>
          </test-case>
          <test-case id="1087" name="TryGetFieldValue_ProjectBrowser_ReturnsTrueGetFieldText" fullname="GDX.ReflectionTests.TryGetFieldValue_ProjectBrowser_ReturnsTrueGetFieldText" methodname="TryGetFieldValue_ProjectBrowser_ReturnsTrueGetFieldText" classname="GDX.ReflectionTests" runstate="Runnable" seed="277282156" result="Passed" start-time="2022-05-26 23:47:28Z" end-time="2022-05-26 23:47:28Z" duration="0.000371" asserts="0">
            <properties>
              <property name="Category" value="GDX.Tests" />
            </properties>
          </test-case>
          <test-case id="1092" name="TryGetPropertyValue_InvalidName_IsFalse" fullname="GDX.ReflectionTests.TryGetPropertyValue_InvalidName_IsFalse" methodname="TryGetPropertyValue_InvalidName_IsFalse" classname="GDX.ReflectionTests" runstate="Runnable" seed="776455823" result="Passed" start-time="2022-05-26 23:47:28Z" end-time="2022-05-26 23:47:28Z" duration="0.000364" asserts="0">
            <properties>
              <property name="Category" value="GDX.Tests" />
            </properties>
          </test-case>
          <test-case id="1091" name="TryGetPropertyValue_NoType_IsFalse" fullname="GDX.ReflectionTests.TryGetPropertyValue_NoType_IsFalse" methodname="TryGetPropertyValue_NoType_IsFalse" classname="GDX.ReflectionTests" runstate="Runnable" seed="1285185592" result="Passed" start-time="2022-05-26 23:47:28Z" end-time="2022-05-26 23:47:28Z" duration="0.000357" asserts="0">
            <properties>
              <property name="Category" value="GDX.Tests" />
            </properties>
          </test-case>
          <test-case id="1090" name="TryGetPropertyValue_QualifiedProperty_IsTrue" fullname="GDX.ReflectionTests.TryGetPropertyValue_QualifiedProperty_IsTrue" methodname="TryGetPropertyValue_QualifiedProperty_IsTrue" classname="GDX.ReflectionTests" runstate="Runnable" seed="154764673" result="Passed" start-time="2022-05-26 23:47:28Z" end-time="2022-05-26 23:47:28Z" duration="0.000375" asserts="0">
            <properties>
              <property name="Category" value="GDX.Tests" />
            </properties>
          </test-case>
        </test-suite>
        <test-suite type="TestFixture" id="1093" name="SegmentedStringTests" fullname="GDX.SegmentedStringTests" classname="GDX.SegmentedStringTests" runstate="Runnable" testcasecount="9" result="Passed" start-time="2022-05-26 23:47:28Z" end-time="2022-05-26 23:47:28Z" duration="0.181073" total="9" passed="9" failed="0" inconclusive="0" skipped="0" asserts="0">
          <properties />
          <test-case id="1094" name="AsCharArray_MockData_ReturnsAll" fullname="GDX.SegmentedStringTests.AsCharArray_MockData_ReturnsAll" methodname="AsCharArray_MockData_ReturnsAll" classname="GDX.SegmentedStringTests" runstate="Runnable" seed="740984604" result="Passed" start-time="2022-05-26 23:47:28Z" end-time="2022-05-26 23:47:28Z" duration="0.000769" asserts="0">
            <properties>
              <property name="Category" value="GDX.Tests" />
            </properties>
          </test-case>
          <test-case id="1095" name="AsCharArray_MockDataSpecific_ReturnsTarget" fullname="GDX.SegmentedStringTests.AsCharArray_MockDataSpecific_ReturnsTarget" methodname="AsCharArray_MockDataSpecific_ReturnsTarget" classname="GDX.SegmentedStringTests" runstate="Runnable" seed="1075054588" result="Passed" start-time="2022-05-26 23:47:28Z" end-time="2022-05-26 23:47:28Z" duration="0.000254" asserts="0">
            <properties>
              <property name="Category" value="GDX.Tests" />
            </properties>
          </test-case>
          <test-case id="1096" name="AsString_MockData_ReturnsLowered" fullname="GDX.SegmentedStringTests.AsString_MockData_ReturnsLowered" methodname="AsString_MockData_ReturnsLowered" classname="GDX.SegmentedStringTests" runstate="Runnable" seed="1821111917" result="Passed" start-time="2022-05-26 23:47:28Z" end-time="2022-05-26 23:47:28Z" duration="0.000237" asserts="0">
            <properties>
              <property name="Category" value="GDX.Tests" />
            </properties>
          </test-case>
          <test-case id="1097" name="GetCount_MockData_Correct" fullname="GDX.SegmentedStringTests.GetCount_MockData_Correct" methodname="GetCount_MockData_Correct" classname="GDX.SegmentedStringTests" runstate="Runnable" seed="175170553" result="Passed" start-time="2022-05-26 23:47:28Z" end-time="2022-05-26 23:47:28Z" duration="0.000437" asserts="0">
            <properties>
              <property name="Category" value="GDX.Tests" />
            </properties>
          </test-case>
          <test-case id="1098" name="GetHashCode_MockData_Correct" fullname="GDX.SegmentedStringTests.GetHashCode_MockData_Correct" methodname="GetHashCode_MockData_Correct" classname="GDX.SegmentedStringTests" runstate="Runnable" seed="870249144" result="Passed" start-time="2022-05-26 23:47:28Z" end-time="2022-05-26 23:47:28Z" duration="0.000229" asserts="0">
            <properties>
              <property name="Category" value="GDX.Tests" />
            </properties>
          </test-case>
          <test-case id="1099" name="GetOffset_MockData_Valid" fullname="GDX.SegmentedStringTests.GetOffset_MockData_Valid" methodname="GetOffset_MockData_Valid" classname="GDX.SegmentedStringTests" runstate="Runnable" seed="1793359635" result="Passed" start-time="2022-05-26 23:47:28Z" end-time="2022-05-26 23:47:28Z" duration="0.000223" asserts="0">
            <properties>
              <property name="Category" value="GDX.Tests" />
            </properties>
          </test-case>
          <test-case id="1101" name="GetSegment_MockData_Matches" fullname="GDX.SegmentedStringTests.GetSegment_MockData_Matches" methodname="GetSegment_MockData_Matches" classname="GDX.SegmentedStringTests" runstate="Runnable" seed="911161906" result="Passed" start-time="2022-05-26 23:47:28Z" end-time="2022-05-26 23:47:28Z" duration="0.000301" asserts="0">
            <properties>
              <property name="Category" value="GDX.Tests" />
            </properties>
          </test-case>
          <test-case id="1100" name="GetSegmentLength_MockData_CorrectCount" fullname="GDX.SegmentedStringTests.GetSegmentLength_MockData_CorrectCount" methodname="GetSegmentLength_MockData_CorrectCount" classname="GDX.SegmentedStringTests" runstate="Runnable" seed="193679047" result="Passed" start-time="2022-05-26 23:47:28Z" end-time="2022-05-26 23:47:28Z" duration="0.000220" asserts="0">
            <properties>
              <property name="Category" value="GDX.Tests" />
            </properties>
          </test-case>
          <test-case id="1102" name="SplitOnNonAlphaNumericToLowerHashed_MockData_ValidHashCodes" fullname="GDX.SegmentedStringTests.SplitOnNonAlphaNumericToLowerHashed_MockData_ValidHashCodes" methodname="SplitOnNonAlphaNumericToLowerHashed_MockData_ValidHashCodes" classname="GDX.SegmentedStringTests" runstate="Runnable" seed="1604874323" result="Passed" start-time="2022-05-26 23:47:28Z" end-time="2022-05-26 23:47:28Z" duration="0.000423" asserts="0">
            <properties>
              <property name="Category" value="GDX.Tests" />
            </properties>
          </test-case>
        </test-suite>
        <test-suite type="TestFixture" id="1103" name="SimpleListExtensionsTests" fullname="GDX.SimpleListExtensionsTests" classname="GDX.SimpleListExtensionsTests" runstate="Runnable" testcasecount="24" result="Passed" start-time="2022-05-26 23:47:28Z" end-time="2022-05-26 23:47:28Z" duration="0.042370" total="24" passed="24" failed="0" inconclusive="0" skipped="0" asserts="0">
          <properties />
          <test-case id="1106" name="AddUncheckedUniqueItem_NonUniqueString_ReturnsFalse" fullname="GDX.SimpleListExtensionsTests.AddUncheckedUniqueItem_NonUniqueString_ReturnsFalse" methodname="AddUncheckedUniqueItem_NonUniqueString_ReturnsFalse" classname="GDX.SimpleListExtensionsTests" runstate="Runnable" seed="1480987514" result="Passed" start-time="2022-05-26 23:47:28Z" end-time="2022-05-26 23:47:28Z" duration="0.000710" asserts="0">
            <properties>
              <property name="Category" value="GDX.Tests" />
            </properties>
          </test-case>
          <test-case id="1108" name="AddUncheckedUniqueItem_UniqueStringWithNoRoom_ThrowsException" fullname="GDX.SimpleListExtensionsTests.AddUncheckedUniqueItem_UniqueStringWithNoRoom_ThrowsException" methodname="AddUncheckedUniqueItem_UniqueStringWithNoRoom_ThrowsException" classname="GDX.SimpleListExtensionsTests" runstate="Runnable" seed="1649136894" result="Passed" start-time="2022-05-26 23:47:28Z" end-time="2022-05-26 23:47:28Z" duration="0.000372" asserts="0">
            <properties>
              <property name="Category" value="GDX.Tests" />
            </properties>
          </test-case>
          <test-case id="1107" name="AddUncheckedUniqueItem_UniqueStringWithRoom_NoException" fullname="GDX.SimpleListExtensionsTests.AddUncheckedUniqueItem_UniqueStringWithRoom_NoException" methodname="AddUncheckedUniqueItem_UniqueStringWithRoom_NoException" classname="GDX.SimpleListExtensionsTests" runstate="Runnable" seed="1475055663" result="Passed" start-time="2022-05-26 23:47:28Z" end-time="2022-05-26 23:47:28Z" duration="0.000793" asserts="0">
            <properties>
              <property name="Category" value="GDX.Tests" />
            </properties>
          </test-case>
          <test-case id="1111" name="AddUncheckedUniqueReference_NonUniqueString_ReturnsFalse" fullname="GDX.SimpleListExtensionsTests.AddUncheckedUniqueReference_NonUniqueString_ReturnsFalse" methodname="AddUncheckedUniqueReference_NonUniqueString_ReturnsFalse" classname="GDX.SimpleListExtensionsTests" runstate="Runnable" seed="1899316218" result="Passed" start-time="2022-05-26 23:47:28Z" end-time="2022-05-26 23:47:28Z" duration="0.000458" asserts="0">
            <properties>
              <property name="Category" value="GDX.Tests" />
            </properties>
          </test-case>
          <test-case id="1113" name="AddUncheckedUniqueReference_UniqueStringWithNoRoom_ThrowsException" fullname="GDX.SimpleListExtensionsTests.AddUncheckedUniqueReference_UniqueStringWithNoRoom_ThrowsException" methodname="AddUncheckedUniqueReference_UniqueStringWithNoRoom_ThrowsException" classname="GDX.SimpleListExtensionsTests" runstate="Runnable" seed="1266620893" result="Passed" start-time="2022-05-26 23:47:28Z" end-time="2022-05-26 23:47:28Z" duration="0.000357" asserts="0">
            <properties>
              <property name="Category" value="GDX.Tests" />
            </properties>
          </test-case>
          <test-case id="1112" name="AddUncheckedUniqueReference_UniqueStringWithRoom_NoException" fullname="GDX.SimpleListExtensionsTests.AddUncheckedUniqueReference_UniqueStringWithRoom_NoException" methodname="AddUncheckedUniqueReference_UniqueStringWithRoom_NoException" classname="GDX.SimpleListExtensionsTests" runstate="Runnable" seed="1893868011" result="Passed" start-time="2022-05-26 23:47:28Z" end-time="2022-05-26 23:47:28Z" duration="0.000348" asserts="0">
            <properties>
              <property name="Category" value="GDX.Tests" />
            </properties>
          </test-case>
          <test-case id="1104" name="AddWithExpandCheckUniqueItem_NonUniqueString_ReturnsFalse" fullname="GDX.SimpleListExtensionsTests.AddWithExpandCheckUniqueItem_NonUniqueString_ReturnsFalse" methodname="AddWithExpandCheckUniqueItem_NonUniqueString_ReturnsFalse" classname="GDX.SimpleListExtensionsTests" runstate="Runnable" seed="1819753129" result="Passed" start-time="2022-05-26 23:47:28Z" end-time="2022-05-26 23:47:28Z" duration="0.000339" asserts="0">
            <properties>
              <property name="Category" value="GDX.Tests" />
            </properties>
          </test-case>
          <test-case id="1105" name="AddWithExpandCheckUniqueItem_UniqueString_ReturnsTrue" fullname="GDX.SimpleListExtensionsTests.AddWithExpandCheckUniqueItem_UniqueString_ReturnsTrue" methodname="AddWithExpandCheckUniqueItem_UniqueString_ReturnsTrue" classname="GDX.SimpleListExtensionsTests" runstate="Runnable" seed="411066021" result="Passed" start-time="2022-05-26 23:47:28Z" end-time="2022-05-26 23:47:28Z" duration="0.000254" asserts="0">
            <properties>
              <property name="Category" value="GDX.Tests" />
            </properties>
          </test-case>
          <test-case id="1109" name="AddWithExpandCheckUniqueReference_NonUniqueString_ReturnsFalse" fullname="GDX.SimpleListExtensionsTests.AddWithExpandCheckUniqueReference_NonUniqueString_ReturnsFalse" methodname="AddWithExpandCheckUniqueReference_NonUniqueString_ReturnsFalse" classname="GDX.SimpleListExtensionsTests" runstate="Runnable" seed="149058824" result="Passed" start-time="2022-05-26 23:47:28Z" end-time="2022-05-26 23:47:28Z" duration="0.000335" asserts="0">
            <properties>
              <property name="Category" value="GDX.Tests" />
            </properties>
          </test-case>
          <test-case id="1110" name="AddWithExpandCheckUniqueReference_UniqueString_ReturnsTrue" fullname="GDX.SimpleListExtensionsTests.AddWithExpandCheckUniqueReference_UniqueString_ReturnsTrue" methodname="AddWithExpandCheckUniqueReference_UniqueString_ReturnsTrue" classname="GDX.SimpleListExtensionsTests" runstate="Runnable" seed="1222617063" result="Passed" start-time="2022-05-26 23:47:28Z" end-time="2022-05-26 23:47:28Z" duration="0.000392" asserts="0">
            <properties>
              <property name="Category" value="GDX.Tests" />
            </properties>
          </test-case>
          <test-case id="1115" name="ContainsItem_Object_ReturnsTrue" fullname="GDX.SimpleListExtensionsTests.ContainsItem_Object_ReturnsTrue" methodname="ContainsItem_Object_ReturnsTrue" classname="GDX.SimpleListExtensionsTests" runstate="Runnable" seed="578572633" result="Passed" start-time="2022-05-26 23:47:28Z" end-time="2022-05-26 23:47:28Z" duration="0.000290" asserts="0">
            <properties>
              <property name="Category" value="GDX.Tests" />
            </properties>
          </test-case>
          <test-case id="1114" name="ContainsItem_String_ReturnsTrue" fullname="GDX.SimpleListExtensionsTests.ContainsItem_String_ReturnsTrue" methodname="ContainsItem_String_ReturnsTrue" classname="GDX.SimpleListExtensionsTests" runstate="Runnable" seed="910134919" result="Passed" start-time="2022-05-26 23:47:28Z" end-time="2022-05-26 23:47:28Z" duration="0.000243" asserts="0">
            <properties>
              <property name="Category" value="GDX.Tests" />
            </properties>
          </test-case>
          <test-case id="1117" name="ContainsReference_Object_ReturnsTrue" fullname="GDX.SimpleListExtensionsTests.ContainsReference_Object_ReturnsTrue" methodname="ContainsReference_Object_ReturnsTrue" classname="GDX.SimpleListExtensionsTests" runstate="Runnable" seed="824528845" result="Passed" start-time="2022-05-26 23:47:28Z" end-time="2022-05-26 23:47:28Z" duration="0.000275" asserts="0">
            <properties>
              <property name="Category" value="GDX.Tests" />
            </properties>
          </test-case>
          <test-case id="1116" name="ContainsReference_String_ReturnsTrue" fullname="GDX.SimpleListExtensionsTests.ContainsReference_String_ReturnsTrue" methodname="ContainsReference_String_ReturnsTrue" classname="GDX.SimpleListExtensionsTests" runstate="Runnable" seed="1335085590" result="Passed" start-time="2022-05-26 23:47:28Z" end-time="2022-05-26 23:47:28Z" duration="0.000245" asserts="0">
            <properties>
              <property name="Category" value="GDX.Tests" />
            </properties>
          </test-case>
          <test-case id="1119" name="RemoveFirstItem_MockData_NoItemReturnsFalse" fullname="GDX.SimpleListExtensionsTests.RemoveFirstItem_MockData_NoItemReturnsFalse" methodname="RemoveFirstItem_MockData_NoItemReturnsFalse" classname="GDX.SimpleListExtensionsTests" runstate="Runnable" seed="1220902111" result="Passed" start-time="2022-05-26 23:47:28Z" end-time="2022-05-26 23:47:28Z" duration="0.000393" asserts="0">
            <properties>
              <property name="Category" value="GDX.Tests" />
            </properties>
          </test-case>
          <test-case id="1118" name="RemoveFirstItem_MockData_RemovedItem" fullname="GDX.SimpleListExtensionsTests.RemoveFirstItem_MockData_RemovedItem" methodname="RemoveFirstItem_MockData_RemovedItem" classname="GDX.SimpleListExtensionsTests" runstate="Runnable" seed="604495176" result="Passed" start-time="2022-05-26 23:47:28Z" end-time="2022-05-26 23:47:28Z" duration="0.000300" asserts="0">
            <properties>
              <property name="Category" value="GDX.Tests" />
            </properties>
          </test-case>
          <test-case id="1121" name="RemoveFirstReference_MockData_NoItemReturnsFalse" fullname="GDX.SimpleListExtensionsTests.RemoveFirstReference_MockData_NoItemReturnsFalse" methodname="RemoveFirstReference_MockData_NoItemReturnsFalse" classname="GDX.SimpleListExtensionsTests" runstate="Runnable" seed="1073722839" result="Passed" start-time="2022-05-26 23:47:28Z" end-time="2022-05-26 23:47:28Z" duration="0.000409" asserts="0">
            <properties>
              <property name="Category" value="GDX.Tests" />
            </properties>
          </test-case>
          <test-case id="1120" name="RemoveFirstReference_MockData_RemovedItem" fullname="GDX.SimpleListExtensionsTests.RemoveFirstReference_MockData_RemovedItem" methodname="RemoveFirstReference_MockData_RemovedItem" classname="GDX.SimpleListExtensionsTests" runstate="Runnable" seed="1432288408" result="Passed" start-time="2022-05-26 23:47:28Z" end-time="2022-05-26 23:47:28Z" duration="0.000304" asserts="0">
            <properties>
              <property name="Category" value="GDX.Tests" />
            </properties>
          </test-case>
          <test-case id="1122" name="RemoveItems_MockData_RemovedItems" fullname="GDX.SimpleListExtensionsTests.RemoveItems_MockData_RemovedItems" methodname="RemoveItems_MockData_RemovedItems" classname="GDX.SimpleListExtensionsTests" runstate="Runnable" seed="619547867" result="Passed" start-time="2022-05-26 23:47:28Z" end-time="2022-05-26 23:47:28Z" duration="0.000399" asserts="0">
            <properties>
              <property name="Category" value="GDX.Tests" />
            </properties>
          </test-case>
          <test-case id="1125" name="RemoveLastItem_MockData_NoItemReturnsFalse" fullname="GDX.SimpleListExtensionsTests.RemoveLastItem_MockData_NoItemReturnsFalse" methodname="RemoveLastItem_MockData_NoItemReturnsFalse" classname="GDX.SimpleListExtensionsTests" runstate="Runnable" seed="486738794" result="Passed" start-time="2022-05-26 23:47:28Z" end-time="2022-05-26 23:47:28Z" duration="0.000388" asserts="0">
            <properties>
              <property name="Category" value="GDX.Tests" />
            </properties>
          </test-case>
          <test-case id="1124" name="RemoveLastItem_MockData_RemovedItem" fullname="GDX.SimpleListExtensionsTests.RemoveLastItem_MockData_RemovedItem" methodname="RemoveLastItem_MockData_RemovedItem" classname="GDX.SimpleListExtensionsTests" runstate="Runnable" seed="1829801125" result="Passed" start-time="2022-05-26 23:47:28Z" end-time="2022-05-26 23:47:28Z" duration="0.000306" asserts="0">
            <properties>
              <property name="Category" value="GDX.Tests" />
            </properties>
          </test-case>
          <test-case id="1127" name="RemoveLastReference_MockData_NoItemReturnsFalse" fullname="GDX.SimpleListExtensionsTests.RemoveLastReference_MockData_NoItemReturnsFalse" methodname="RemoveLastReference_MockData_NoItemReturnsFalse" classname="GDX.SimpleListExtensionsTests" runstate="Runnable" seed="1762175783" result="Passed" start-time="2022-05-26 23:47:28Z" end-time="2022-05-26 23:47:28Z" duration="0.000392" asserts="0">
            <properties>
              <property name="Category" value="GDX.Tests" />
            </properties>
          </test-case>
          <test-case id="1126" name="RemoveLastReference_MockData_RemovedItem" fullname="GDX.SimpleListExtensionsTests.RemoveLastReference_MockData_RemovedItem" methodname="RemoveLastReference_MockData_RemovedItem" classname="GDX.SimpleListExtensionsTests" runstate="Runnable" seed="34891035" result="Passed" start-time="2022-05-26 23:47:28Z" end-time="2022-05-26 23:47:28Z" duration="0.000307" asserts="0">
            <properties>
              <property name="Category" value="GDX.Tests" />
            </properties>
          </test-case>
          <test-case id="1123" name="RemoveReferences_MockData_RemovedItems" fullname="GDX.SimpleListExtensionsTests.RemoveReferences_MockData_RemovedItems" methodname="RemoveReferences_MockData_RemovedItems" classname="GDX.SimpleListExtensionsTests" runstate="Runnable" seed="314444200" result="Passed" start-time="2022-05-26 23:47:28Z" end-time="2022-05-26 23:47:28Z" duration="0.000412" asserts="0">
            <properties>
              <property name="Category" value="GDX.Tests" />
            </properties>
          </test-case>
        </test-suite>
        <test-suite type="TestFixture" id="1135" name="StringExtensionsTests" fullname="GDX.StringExtensionsTests" classname="GDX.StringExtensionsTests" runstate="Runnable" testcasecount="38" result="Passed" start-time="2022-05-26 23:47:28Z" end-time="2022-05-26 23:47:28Z" duration="0.037478" total="38" passed="38" failed="0" inconclusive="0" skipped="0" asserts="0">
          <properties />
          <test-case id="1166" name="Concatenate_Simple_NoSuffix" fullname="GDX.StringExtensionsTests.Concatenate_Simple_NoSuffix" methodname="Concatenate_Simple_NoSuffix" classname="GDX.StringExtensionsTests" runstate="Runnable" seed="859526439" result="Passed" start-time="2022-05-26 23:47:28Z" end-time="2022-05-26 23:47:28Z" duration="0.000721" asserts="0">
            <properties>
              <property name="Category" value="GDX.Tests" />
            </properties>
          </test-case>
          <test-case id="1167" name="Concatenate_Simple_Suffix" fullname="GDX.StringExtensionsTests.Concatenate_Simple_Suffix" methodname="Concatenate_Simple_Suffix" classname="GDX.StringExtensionsTests" runstate="Runnable" seed="486488714" result="Passed" start-time="2022-05-26 23:47:28Z" end-time="2022-05-26 23:47:28Z" duration="0.000270" asserts="0">
            <properties>
              <property name="Category" value="GDX.Tests" />
            </properties>
          </test-case>
          <test-case id="1164" name="CountOccurence_TwoMockData_ReturnsTwo" fullname="GDX.StringExtensionsTests.CountOccurence_TwoMockData_ReturnsTwo" methodname="CountOccurence_TwoMockData_ReturnsTwo" classname="GDX.StringExtensionsTests" runstate="Runnable" seed="1716905671" result="Passed" start-time="2022-05-26 23:47:28Z" end-time="2022-05-26 23:47:28Z" duration="0.000416" asserts="0">
            <properties>
              <property name="Category" value="GDX.Tests" />
            </properties>
          </test-case>
          <test-case id="1165" name="CountOccurence_ZeroMockData_ReturnsTwo" fullname="GDX.StringExtensionsTests.CountOccurence_ZeroMockData_ReturnsTwo" methodname="CountOccurence_ZeroMockData_ReturnsTwo" classname="GDX.StringExtensionsTests" runstate="Runnable" seed="1026807704" result="Passed" start-time="2022-05-26 23:47:28Z" end-time="2022-05-26 23:47:28Z" duration="0.000232" asserts="0">
            <properties>
              <property name="Category" value="GDX.Tests" />
            </properties>
          </test-case>
          <test-case id="1160" name="Encrypt_Decrypt_IsEqual" fullname="GDX.StringExtensionsTests.Encrypt_Decrypt_IsEqual" methodname="Encrypt_Decrypt_IsEqual" classname="GDX.StringExtensionsTests" runstate="Runnable" seed="140404090" result="Passed" start-time="2022-05-26 23:47:28Z" end-time="2022-05-26 23:47:28Z" duration="0.011032" asserts="0">
            <properties>
              <property name="Category" value="GDX.Tests" />
            </properties>
          </test-case>
          <test-case id="1161" name="Encrypt_MockData_ReturnsString" fullname="GDX.StringExtensionsTests.Encrypt_MockData_ReturnsString" methodname="Encrypt_MockData_ReturnsString" classname="GDX.StringExtensionsTests" runstate="Runnable" seed="1155630402" result="Passed" start-time="2022-05-26 23:47:28Z" end-time="2022-05-26 23:47:28Z" duration="0.000271" asserts="0">
            <properties>
              <property name="Category" value="GDX.Tests" />
            </properties>
          </test-case>
          <test-case id="1136" name="GetAfterFirst_MockData_ReturnsString" fullname="GDX.StringExtensionsTests.GetAfterFirst_MockData_ReturnsString" methodname="GetAfterFirst_MockData_ReturnsString" classname="GDX.StringExtensionsTests" runstate="Runnable" seed="1435654911" result="Passed" start-time="2022-05-26 23:47:28Z" end-time="2022-05-26 23:47:28Z" duration="0.000454" asserts="0">
            <properties>
              <property name="Category" value="GDX.Tests" />
            </properties>
          </test-case>
          <test-case id="1137" name="GetAfterLast_MockData_ReturnsString" fullname="GDX.StringExtensionsTests.GetAfterLast_MockData_ReturnsString" methodname="GetAfterLast_MockData_ReturnsString" classname="GDX.StringExtensionsTests" runstate="Runnable" seed="59929831" result="Passed" start-time="2022-05-26 23:47:28Z" end-time="2022-05-26 23:47:28Z" duration="0.000332" asserts="0">
            <properties>
              <property name="Category" value="GDX.Tests" />
            </properties>
          </test-case>
          <test-case id="1138" name="GetBeforeFirst_MockData_ReturnsEmptyString" fullname="GDX.StringExtensionsTests.GetBeforeFirst_MockData_ReturnsEmptyString" methodname="GetBeforeFirst_MockData_ReturnsEmptyString" classname="GDX.StringExtensionsTests" runstate="Runnable" seed="1084541928" result="Passed" start-time="2022-05-26 23:47:28Z" end-time="2022-05-26 23:47:28Z" duration="0.000293" asserts="0">
            <properties>
              <property name="Category" value="GDX.Tests" />
            </properties>
          </test-case>
          <test-case id="1139" name="GetBeforeLast_MockData_ReturnsString" fullname="GDX.StringExtensionsTests.GetBeforeLast_MockData_ReturnsString" methodname="GetBeforeLast_MockData_ReturnsString" classname="GDX.StringExtensionsTests" runstate="Runnable" seed="507326813" result="Passed" start-time="2022-05-26 23:47:28Z" end-time="2022-05-26 23:47:28Z" duration="0.000292" asserts="0">
            <properties>
              <property name="Category" value="GDX.Tests" />
            </properties>
          </test-case>
          <test-case id="1162" name="GetStableLowerCaseHashCode_ToLowerGetStableHashCode_IsEqual" fullname="GDX.StringExtensionsTests.GetStableLowerCaseHashCode_ToLowerGetStableHashCode_IsEqual" methodname="GetStableLowerCaseHashCode_ToLowerGetStableHashCode_IsEqual" classname="GDX.StringExtensionsTests" runstate="Runnable" seed="2064356479" result="Passed" start-time="2022-05-26 23:47:28Z" end-time="2022-05-26 23:47:28Z" duration="0.000281" asserts="0">
            <properties>
              <property name="Category" value="GDX.Tests" />
            </properties>
          </test-case>
          <test-case id="1163" name="GetStableUpperCaseHashCode_ToUpperGetStableHashCode_IsEqual" fullname="GDX.StringExtensionsTests.GetStableUpperCaseHashCode_ToUpperGetStableHashCode_IsEqual" methodname="GetStableUpperCaseHashCode_ToUpperGetStableHashCode_IsEqual" classname="GDX.StringExtensionsTests" runstate="Runnable" seed="1775409822" result="Passed" start-time="2022-05-26 23:47:28Z" end-time="2022-05-26 23:47:28Z" duration="0.000278" asserts="0">
            <properties>
              <property name="Category" value="GDX.Tests" />
            </properties>
          </test-case>
          <test-case id="1143" name="HasLowerCase_MixedCaseString_ReturnsTrue" fullname="GDX.StringExtensionsTests.HasLowerCase_MixedCaseString_ReturnsTrue" methodname="HasLowerCase_MixedCaseString_ReturnsTrue" classname="GDX.StringExtensionsTests" runstate="Runnable" seed="541419035" result="Passed" start-time="2022-05-26 23:47:28Z" end-time="2022-05-26 23:47:28Z" duration="0.000302" asserts="0">
            <properties>
              <property name="Category" value="GDX.Tests" />
            </properties>
          </test-case>
          <test-case id="1141" name="HasLowerCase_UpperCaseString_ReturnsFalse" fullname="GDX.StringExtensionsTests.HasLowerCase_UpperCaseString_ReturnsFalse" methodname="HasLowerCase_UpperCaseString_ReturnsFalse" classname="GDX.StringExtensionsTests" runstate="Runnable" seed="1890047871" result="Passed" start-time="2022-05-26 23:47:28Z" end-time="2022-05-26 23:47:28Z" duration="0.000210" asserts="0">
            <properties>
              <property name="Category" value="GDX.Tests" />
            </properties>
          </test-case>
          <test-case id="1140" name="HasUpperCase_LowerCaseString_ReturnsFalse" fullname="GDX.StringExtensionsTests.HasUpperCase_LowerCaseString_ReturnsFalse" methodname="HasUpperCase_LowerCaseString_ReturnsFalse" classname="GDX.StringExtensionsTests" runstate="Runnable" seed="1988273507" result="Passed" start-time="2022-05-26 23:47:28Z" end-time="2022-05-26 23:47:28Z" duration="0.000298" asserts="0">
            <properties>
              <property name="Category" value="GDX.Tests" />
            </properties>
          </test-case>
          <test-case id="1142" name="HasUpperCase_MixedCaseString_ReturnsTrue" fullname="GDX.StringExtensionsTests.HasUpperCase_MixedCaseString_ReturnsTrue" methodname="HasUpperCase_MixedCaseString_ReturnsTrue" classname="GDX.StringExtensionsTests" runstate="Runnable" seed="769709101" result="Passed" start-time="2022-05-26 23:47:28Z" end-time="2022-05-26 23:47:28Z" duration="0.000201" asserts="0">
            <properties>
              <property name="Category" value="GDX.Tests" />
            </properties>
          </test-case>
          <test-case id="1147" name="IsBooleanPositiveValue_BadString_ReturnsFalse" fullname="GDX.StringExtensionsTests.IsBooleanPositiveValue_BadString_ReturnsFalse" methodname="IsBooleanPositiveValue_BadString_ReturnsFalse" classname="GDX.StringExtensionsTests" runstate="Runnable" seed="1492603223" result="Passed" start-time="2022-05-26 23:47:28Z" end-time="2022-05-26 23:47:28Z" duration="0.000273" asserts="0">
            <properties>
              <property name="Category" value="GDX.Tests" />
            </properties>
          </test-case>
          <test-case id="1144" name="IsBooleanPositiveValue_TrueString_ReturnsTrue" fullname="GDX.StringExtensionsTests.IsBooleanPositiveValue_TrueString_ReturnsTrue" methodname="IsBooleanPositiveValue_TrueString_ReturnsTrue" classname="GDX.StringExtensionsTests" runstate="Runnable" seed="846738610" result="Passed" start-time="2022-05-26 23:47:28Z" end-time="2022-05-26 23:47:28Z" duration="0.000209" asserts="0">
            <properties>
              <property name="Category" value="GDX.Tests" />
            </properties>
          </test-case>
          <test-case id="1146" name="IsBooleanValue_BadString_ReturnsFalse" fullname="GDX.StringExtensionsTests.IsBooleanValue_BadString_ReturnsFalse" methodname="IsBooleanValue_BadString_ReturnsFalse" classname="GDX.StringExtensionsTests" runstate="Runnable" seed="56236197" result="Passed" start-time="2022-05-26 23:47:28Z" end-time="2022-05-26 23:47:28Z" duration="0.000282" asserts="0">
            <properties>
              <property name="Category" value="GDX.Tests" />
            </properties>
          </test-case>
          <test-case id="1145" name="IsBooleanValue_OffString_ReturnsTrue" fullname="GDX.StringExtensionsTests.IsBooleanValue_OffString_ReturnsTrue" methodname="IsBooleanValue_OffString_ReturnsTrue" classname="GDX.StringExtensionsTests" runstate="Runnable" seed="526391847" result="Passed" start-time="2022-05-26 23:47:28Z" end-time="2022-05-26 23:47:28Z" duration="0.000207" asserts="0">
            <properties>
              <property name="Category" value="GDX.Tests" />
            </properties>
          </test-case>
          <test-case id="1151" name="IsIntegerValue_BadString_ReturnsFalse" fullname="GDX.StringExtensionsTests.IsIntegerValue_BadString_ReturnsFalse" methodname="IsIntegerValue_BadString_ReturnsFalse" classname="GDX.StringExtensionsTests" runstate="Runnable" seed="1828884983" result="Passed" start-time="2022-05-26 23:47:28Z" end-time="2022-05-26 23:47:28Z" duration="0.000343" asserts="0">
            <properties>
              <property name="Category" value="GDX.Tests" />
            </properties>
          </test-case>
          <test-case id="1152" name="IsIntegerValue_MixedString_ReturnsFalse" fullname="GDX.StringExtensionsTests.IsIntegerValue_MixedString_ReturnsFalse" methodname="IsIntegerValue_MixedString_ReturnsFalse" classname="GDX.StringExtensionsTests" runstate="Runnable" seed="826668961" result="Passed" start-time="2022-05-26 23:47:28Z" end-time="2022-05-26 23:47:28Z" duration="0.000209" asserts="0">
            <properties>
              <property name="Category" value="GDX.Tests" />
            </properties>
          </test-case>
          <test-case id="1150" name="IsIntegerValue_NegativeNumber_ReturnsTrue" fullname="GDX.StringExtensionsTests.IsIntegerValue_NegativeNumber_ReturnsTrue" methodname="IsIntegerValue_NegativeNumber_ReturnsTrue" classname="GDX.StringExtensionsTests" runstate="Runnable" seed="979734303" result="Passed" start-time="2022-05-26 23:47:28Z" end-time="2022-05-26 23:47:28Z" duration="0.000205" asserts="0">
            <properties>
              <property name="Category" value="GDX.Tests" />
            </properties>
          </test-case>
          <test-case id="1148" name="IsIntegerValue_NullNumber_ReturnsFalse" fullname="GDX.StringExtensionsTests.IsIntegerValue_NullNumber_ReturnsFalse" methodname="IsIntegerValue_NullNumber_ReturnsFalse" classname="GDX.StringExtensionsTests" runstate="Runnable" seed="278812237" result="Passed" start-time="2022-05-26 23:47:28Z" end-time="2022-05-26 23:47:28Z" duration="0.000206" asserts="0">
            <properties>
              <property name="Category" value="GDX.Tests" />
            </properties>
          </test-case>
          <test-case id="1149" name="IsIntegerValue_PositiveNumber_ReturnsTrue" fullname="GDX.StringExtensionsTests.IsIntegerValue_PositiveNumber_ReturnsTrue" methodname="IsIntegerValue_PositiveNumber_ReturnsTrue" classname="GDX.StringExtensionsTests" runstate="Runnable" seed="132470789" result="Passed" start-time="2022-05-26 23:47:28Z" end-time="2022-05-26 23:47:28Z" duration="0.000212" asserts="0">
            <properties>
              <property name="Category" value="GDX.Tests" />
            </properties>
          </test-case>
          <test-case id="1155" name="IsNumericValue_Characters_ReturnsFalse" fullname="GDX.StringExtensionsTests.IsNumericValue_Characters_ReturnsFalse" methodname="IsNumericValue_Characters_ReturnsFalse" classname="GDX.StringExtensionsTests" runstate="Runnable" seed="667302664" result="Passed" start-time="2022-05-26 23:47:28Z" end-time="2022-05-26 23:47:28Z" duration="0.000204" asserts="0">
            <properties>
              <property name="Category" value="GDX.Tests" />
            </properties>
          </test-case>
          <test-case id="1156" name="IsNumericValue_NegativeNumber_ReturnsTrue" fullname="GDX.StringExtensionsTests.IsNumericValue_NegativeNumber_ReturnsTrue" methodname="IsNumericValue_NegativeNumber_ReturnsTrue" classname="GDX.StringExtensionsTests" runstate="Runnable" seed="354456419" result="Passed" start-time="2022-05-26 23:47:28Z" end-time="2022-05-26 23:47:28Z" duration="0.000205" asserts="0">
            <properties>
              <property name="Category" value="GDX.Tests" />
            </properties>
          </test-case>
          <test-case id="1154" name="IsNumericValue_NullNumber_ReturnsFalse" fullname="GDX.StringExtensionsTests.IsNumericValue_NullNumber_ReturnsFalse" methodname="IsNumericValue_NullNumber_ReturnsFalse" classname="GDX.StringExtensionsTests" runstate="Runnable" seed="867417907" result="Passed" start-time="2022-05-26 23:47:28Z" end-time="2022-05-26 23:47:28Z" duration="0.000201" asserts="0">
            <properties>
              <property name="Category" value="GDX.Tests" />
            </properties>
          </test-case>
          <test-case id="1153" name="IsNumericValue_PositiveNumber_ReturnsTrue" fullname="GDX.StringExtensionsTests.IsNumericValue_PositiveNumber_ReturnsTrue" methodname="IsNumericValue_PositiveNumber_ReturnsTrue" classname="GDX.StringExtensionsTests" runstate="Runnable" seed="663349509" result="Passed" start-time="2022-05-26 23:47:28Z" end-time="2022-05-26 23:47:28Z" duration="0.000201" asserts="0">
            <properties>
              <property name="Category" value="GDX.Tests" />
            </properties>
          </test-case>
          <test-case id="1157" name="IsNumericValue_TwoDecimals_ReturnsFalse" fullname="GDX.StringExtensionsTests.IsNumericValue_TwoDecimals_ReturnsFalse" methodname="IsNumericValue_TwoDecimals_ReturnsFalse" classname="GDX.StringExtensionsTests" runstate="Runnable" seed="584470110" result="Passed" start-time="2022-05-26 23:47:28Z" end-time="2022-05-26 23:47:28Z" duration="0.000208" asserts="0">
            <properties>
              <property name="Category" value="GDX.Tests" />
            </properties>
          </test-case>
          <test-case id="1173" name="PartialMatch_EmptySimpleList_NotFound" fullname="GDX.StringExtensionsTests.PartialMatch_EmptySimpleList_NotFound" methodname="PartialMatch_EmptySimpleList_NotFound" classname="GDX.StringExtensionsTests" runstate="Runnable" seed="1248083947" result="Passed" start-time="2022-05-26 23:47:28Z" end-time="2022-05-26 23:47:28Z" duration="0.000322" asserts="0">
            <properties>
              <property name="Category" value="GDX.Tests" />
            </properties>
          </test-case>
          <test-case id="1170" name="PartialMatch_NullStringArray_NotFound" fullname="GDX.StringExtensionsTests.PartialMatch_NullStringArray_NotFound" methodname="PartialMatch_NullStringArray_NotFound" classname="GDX.StringExtensionsTests" runstate="Runnable" seed="232740006" result="Passed" start-time="2022-05-26 23:47:28Z" end-time="2022-05-26 23:47:28Z" duration="0.000316" asserts="0">
            <properties>
              <property name="Category" value="GDX.Tests" />
            </properties>
          </test-case>
          <test-case id="1171" name="PartialMatch_SimpleList_Found" fullname="GDX.StringExtensionsTests.PartialMatch_SimpleList_Found" methodname="PartialMatch_SimpleList_Found" classname="GDX.StringExtensionsTests" runstate="Runnable" seed="319192717" result="Passed" start-time="2022-05-26 23:47:28Z" end-time="2022-05-26 23:47:28Z" duration="0.000319" asserts="0">
            <properties>
              <property name="Category" value="GDX.Tests" />
            </properties>
          </test-case>
          <test-case id="1172" name="PartialMatch_SimpleList_NotFound" fullname="GDX.StringExtensionsTests.PartialMatch_SimpleList_NotFound" methodname="PartialMatch_SimpleList_NotFound" classname="GDX.StringExtensionsTests" runstate="Runnable" seed="1814566670" result="Passed" start-time="2022-05-26 23:47:28Z" end-time="2022-05-26 23:47:28Z" duration="0.000255" asserts="0">
            <properties>
              <property name="Category" value="GDX.Tests" />
            </properties>
          </test-case>
          <test-case id="1168" name="PartialMatch_StringArray_Found" fullname="GDX.StringExtensionsTests.PartialMatch_StringArray_Found" methodname="PartialMatch_StringArray_Found" classname="GDX.StringExtensionsTests" runstate="Runnable" seed="318191087" result="Passed" start-time="2022-05-26 23:47:28Z" end-time="2022-05-26 23:47:28Z" duration="0.000230" asserts="0">
            <properties>
              <property name="Category" value="GDX.Tests" />
            </properties>
          </test-case>
          <test-case id="1169" name="PartialMatch_StringArray_NotFound" fullname="GDX.StringExtensionsTests.PartialMatch_StringArray_NotFound" methodname="PartialMatch_StringArray_NotFound" classname="GDX.StringExtensionsTests" runstate="Runnable" seed="545219218" result="Passed" start-time="2022-05-26 23:47:28Z" end-time="2022-05-26 23:47:28Z" duration="0.000223" asserts="0">
            <properties>
              <property name="Category" value="GDX.Tests" />
            </properties>
          </test-case>
          <test-case id="1159" name="SplitCamelCase_camelCase_ReturnsString" fullname="GDX.StringExtensionsTests.SplitCamelCase_camelCase_ReturnsString" methodname="SplitCamelCase_camelCase_ReturnsString" classname="GDX.StringExtensionsTests" runstate="Runnable" seed="1419426256" result="Passed" start-time="2022-05-26 23:47:28Z" end-time="2022-05-26 23:47:28Z" duration="0.000924" asserts="0">
            <properties>
              <property name="Category" value="GDX.Tests" />
            </properties>
          </test-case>
          <test-case id="1158" name="SplitCamelCase_CamelCase_ReturnsString" fullname="GDX.StringExtensionsTests.SplitCamelCase_CamelCase_ReturnsString" methodname="SplitCamelCase_CamelCase_ReturnsString" classname="GDX.StringExtensionsTests" runstate="Runnable" seed="69517590" result="Passed" start-time="2022-05-26 23:47:28Z" end-time="2022-05-26 23:47:28Z" duration="0.000240" asserts="0">
            <properties>
              <property name="Category" value="GDX.Tests" />
            </properties>
          </test-case>
        </test-suite>
        <test-suite type="TestFixture" id="1174" name="TransformExtensionsTests" fullname="GDX.TransformExtensionsTests" classname="GDX.TransformExtensionsTests" runstate="Runnable" testcasecount="5" result="Passed" start-time="2022-05-26 23:47:28Z" end-time="2022-05-26 23:47:28Z" duration="0.006305" total="5" passed="5" failed="0" inconclusive="0" skipped="0" asserts="0">
          <properties />
          <test-case id="1176" name="DestroyChildren_RemoveActiveOnly_OneChildRemaining" fullname="GDX.TransformExtensionsTests.DestroyChildren_RemoveActiveOnly_OneChildRemaining" methodname="DestroyChildren_RemoveActiveOnly_OneChildRemaining" classname="GDX.TransformExtensionsTests" runstate="Runnable" seed="733730121" result="Passed" start-time="2022-05-26 23:47:28Z" end-time="2022-05-26 23:47:28Z" duration="0.000872" asserts="0">
            <properties>
              <property name="Category" value="GDX.Tests" />
            </properties>
          </test-case>
          <test-case id="1175" name="DestroyChildren_RemoveAll_NoChildren" fullname="GDX.TransformExtensionsTests.DestroyChildren_RemoveAll_NoChildren" methodname="DestroyChildren_RemoveAll_NoChildren" classname="GDX.TransformExtensionsTests" runstate="Runnable" seed="103651479" result="Passed" start-time="2022-05-26 23:47:28Z" end-time="2022-05-26 23:47:28Z" duration="0.000325" asserts="0">
            <properties>
              <property name="Category" value="GDX.Tests" />
            </properties>
          </test-case>
          <test-case id="1177" name="GetActiveChildrenCount_MockData_AccurateCount" fullname="GDX.TransformExtensionsTests.GetActiveChildrenCount_MockData_AccurateCount" methodname="GetActiveChildrenCount_MockData_AccurateCount" classname="GDX.TransformExtensionsTests" runstate="Runnable" seed="2104232431" result="Passed" start-time="2022-05-26 23:47:28Z" end-time="2022-05-26 23:47:28Z" duration="0.000449" asserts="0">
            <properties>
              <property name="Category" value="GDX.Tests" />
            </properties>
          </test-case>
          <test-case id="1178" name="GetFirstComponentInChildrenComplex_MockData_FirstTransform" fullname="GDX.TransformExtensionsTests.GetFirstComponentInChildrenComplex_MockData_FirstTransform" methodname="GetFirstComponentInChildrenComplex_MockData_FirstTransform" classname="GDX.TransformExtensionsTests" runstate="Runnable" seed="1470902303" result="Passed" start-time="2022-05-26 23:47:28Z" end-time="2022-05-26 23:47:28Z" duration="0.000512" asserts="0">
            <properties>
              <property name="Category" value="GDX.Tests" />
            </properties>
          </test-case>
          <test-case id="1179" name="GetScenePath_MockData_RootPath" fullname="GDX.TransformExtensionsTests.GetScenePath_MockData_RootPath" methodname="GetScenePath_MockData_RootPath" classname="GDX.TransformExtensionsTests" runstate="Runnable" seed="835808668" result="Passed" start-time="2022-05-26 23:47:28Z" end-time="2022-05-26 23:47:28Z" duration="0.000679" asserts="0">
            <properties>
              <property name="Category" value="GDX.Tests" />
            </properties>
          </test-case>
        </test-suite>
        <test-suite type="TestFixture" id="1180" name="Vector2ExtensionsTests" fullname="GDX.Vector2ExtensionsTests" classname="GDX.Vector2ExtensionsTests" runstate="Runnable" testcasecount="14" result="Passed" start-time="2022-05-26 23:47:28Z" end-time="2022-05-26 23:47:28Z" duration="0.009608" total="14" passed="14" failed="0" inconclusive="0" skipped="0" asserts="0">
          <properties />
          <test-case id="1181" name="Approximately_FiveMillionths_ReturnsFalse" fullname="GDX.Vector2ExtensionsTests.Approximately_FiveMillionths_ReturnsFalse" methodname="Approximately_FiveMillionths_ReturnsFalse" classname="GDX.Vector2ExtensionsTests" runstate="Runnable" seed="139309683" result="Passed" start-time="2022-05-26 23:47:28Z" end-time="2022-05-26 23:47:28Z" duration="0.000299" asserts="0">
            <properties>
              <property name="Category" value="GDX.Tests" />
            </properties>
          </test-case>
          <test-case id="1182" name="Approximately_One_ReturnsTrue" fullname="GDX.Vector2ExtensionsTests.Approximately_One_ReturnsTrue" methodname="Approximately_One_ReturnsTrue" classname="GDX.Vector2ExtensionsTests" runstate="Runnable" seed="1388238117" result="Passed" start-time="2022-05-26 23:47:28Z" end-time="2022-05-26 23:47:28Z" duration="0.000164" asserts="0">
            <properties>
              <property name="Category" value="GDX.Tests" />
            </properties>
          </test-case>
          <test-case id="1183" name="Approximately_OneMillionth_ReturnsTrue" fullname="GDX.Vector2ExtensionsTests.Approximately_OneMillionth_ReturnsTrue" methodname="Approximately_OneMillionth_ReturnsTrue" classname="GDX.Vector2ExtensionsTests" runstate="Runnable" seed="516926352" result="Passed" start-time="2022-05-26 23:47:28Z" end-time="2022-05-26 23:47:28Z" duration="0.000162" asserts="0">
            <properties>
              <property name="Category" value="GDX.Tests" />
            </properties>
          </test-case>
          <test-case id="1184" name="Approximately_Zero_ReturnsTrue" fullname="GDX.Vector2ExtensionsTests.Approximately_Zero_ReturnsTrue" methodname="Approximately_Zero_ReturnsTrue" classname="GDX.Vector2ExtensionsTests" runstate="Runnable" seed="1222794770" result="Passed" start-time="2022-05-26 23:47:28Z" end-time="2022-05-26 23:47:28Z" duration="0.000152" asserts="0">
            <properties>
              <property name="Category" value="GDX.Tests" />
            </properties>
          </test-case>
          <test-case id="1185" name="Midpoint_ZeroAndOne_ReturnsHalf" fullname="GDX.Vector2ExtensionsTests.Midpoint_ZeroAndOne_ReturnsHalf" methodname="Midpoint_ZeroAndOne_ReturnsHalf" classname="GDX.Vector2ExtensionsTests" runstate="Runnable" seed="1425542468" result="Passed" start-time="2022-05-26 23:47:28Z" end-time="2022-05-26 23:47:28Z" duration="0.001185" asserts="0">
            <properties>
              <property name="Category" value="GDX.Tests" />
            </properties>
          </test-case>
          <test-case id="1186" name="NearestIndex_MockData_ReturnsClosest" fullname="GDX.Vector2ExtensionsTests.NearestIndex_MockData_ReturnsClosest" methodname="NearestIndex_MockData_ReturnsClosest" classname="GDX.Vector2ExtensionsTests" runstate="Runnable" seed="1806813045" result="Passed" start-time="2022-05-26 23:47:28Z" end-time="2022-05-26 23:47:28Z" duration="0.000438" asserts="0">
            <properties>
              <property name="Category" value="GDX.Tests" />
            </properties>
          </test-case>
          <test-case id="1187" name="NearestIndex_NullInput_ReturnsNegativeOne" fullname="GDX.Vector2ExtensionsTests.NearestIndex_NullInput_ReturnsNegativeOne" methodname="NearestIndex_NullInput_ReturnsNegativeOne" classname="GDX.Vector2ExtensionsTests" runstate="Runnable" seed="1752162551" result="Passed" start-time="2022-05-26 23:47:28Z" end-time="2022-05-26 23:47:28Z" duration="0.000204" asserts="0">
            <properties>
              <property name="Category" value="GDX.Tests" />
            </properties>
          </test-case>
          <test-case id="1189" name="Slope_MockData_ReturnsSlope" fullname="GDX.Vector2ExtensionsTests.Slope_MockData_ReturnsSlope" methodname="Slope_MockData_ReturnsSlope" classname="GDX.Vector2ExtensionsTests" runstate="Runnable" seed="1625145244" result="Passed" start-time="2022-05-26 23:47:28Z" end-time="2022-05-26 23:47:28Z" duration="0.000212" asserts="0">
            <properties>
              <property name="Category" value="GDX.Tests" />
            </properties>
          </test-case>
          <test-case id="1188" name="Slope_ZeroXValue_ReturnsZero" fullname="GDX.Vector2ExtensionsTests.Slope_ZeroXValue_ReturnsZero" methodname="Slope_ZeroXValue_ReturnsZero" classname="GDX.Vector2ExtensionsTests" runstate="Runnable" seed="1363326780" result="Passed" start-time="2022-05-26 23:47:28Z" end-time="2022-05-26 23:47:28Z" duration="0.000146" asserts="0">
            <properties>
              <property name="Category" value="GDX.Tests" />
            </properties>
          </test-case>
          <test-case id="1193" name="TryParseVector2_CharFirstSplit_ReturnsFalse" fullname="GDX.Vector2ExtensionsTests.TryParseVector2_CharFirstSplit_ReturnsFalse" methodname="TryParseVector2_CharFirstSplit_ReturnsFalse" classname="GDX.Vector2ExtensionsTests" runstate="Runnable" seed="1578242504" result="Passed" start-time="2022-05-26 23:47:28Z" end-time="2022-05-26 23:47:28Z" duration="0.000817" asserts="0">
            <properties>
              <property name="Category" value="GDX.Tests" />
            </properties>
          </test-case>
          <test-case id="1194" name="TryParseVector2_CharSecondSplit_ReturnsFalse" fullname="GDX.Vector2ExtensionsTests.TryParseVector2_CharSecondSplit_ReturnsFalse" methodname="TryParseVector2_CharSecondSplit_ReturnsFalse" classname="GDX.Vector2ExtensionsTests" runstate="Runnable" seed="201479612" result="Passed" start-time="2022-05-26 23:47:28Z" end-time="2022-05-26 23:47:28Z" duration="0.000175" asserts="0">
            <properties>
              <property name="Category" value="GDX.Tests" />
            </properties>
          </test-case>
          <test-case id="1191" name="TryParseVector2_NoSpaces_ReturnsVector2" fullname="GDX.Vector2ExtensionsTests.TryParseVector2_NoSpaces_ReturnsVector2" methodname="TryParseVector2_NoSpaces_ReturnsVector2" classname="GDX.Vector2ExtensionsTests" runstate="Runnable" seed="993521158" result="Passed" start-time="2022-05-26 23:47:28Z" end-time="2022-05-26 23:47:28Z" duration="0.000178" asserts="0">
            <properties>
              <property name="Category" value="GDX.Tests" />
            </properties>
          </test-case>
          <test-case id="1190" name="TryParseVector2_NoSplit_ReturnsFalse" fullname="GDX.Vector2ExtensionsTests.TryParseVector2_NoSplit_ReturnsFalse" methodname="TryParseVector2_NoSplit_ReturnsFalse" classname="GDX.Vector2ExtensionsTests" runstate="Runnable" seed="221740228" result="Passed" start-time="2022-05-26 23:47:28Z" end-time="2022-05-26 23:47:28Z" duration="0.000161" asserts="0">
            <properties>
              <property name="Category" value="GDX.Tests" />
            </properties>
          </test-case>
          <test-case id="1192" name="TryParseVector2_SpacedValues_ReturnsVector2" fullname="GDX.Vector2ExtensionsTests.TryParseVector2_SpacedValues_ReturnsVector2" methodname="TryParseVector2_SpacedValues_ReturnsVector2" classname="GDX.Vector2ExtensionsTests" runstate="Runnable" seed="791118949" result="Passed" start-time="2022-05-26 23:47:28Z" end-time="2022-05-26 23:47:28Z" duration="0.000169" asserts="0">
            <properties>
              <property name="Category" value="GDX.Tests" />
            </properties>
          </test-case>
        </test-suite>
        <test-suite type="TestFixture" id="1195" name="Vector3ExtensionsTests" fullname="GDX.Vector3ExtensionsTests" classname="GDX.Vector3ExtensionsTests" runstate="Runnable" testcasecount="17" result="Passed" start-time="2022-05-26 23:47:28Z" end-time="2022-05-26 23:47:28Z" duration="0.010663" total="17" passed="17" failed="0" inconclusive="0" skipped="0" asserts="0">
          <properties />
          <test-case id="1196" name="Approximately_FiveMillionths_ReturnsFalse" fullname="GDX.Vector3ExtensionsTests.Approximately_FiveMillionths_ReturnsFalse" methodname="Approximately_FiveMillionths_ReturnsFalse" classname="GDX.Vector3ExtensionsTests" runstate="Runnable" seed="2125542560" result="Passed" start-time="2022-05-26 23:47:28Z" end-time="2022-05-26 23:47:28Z" duration="0.000200" asserts="0">
            <properties>
              <property name="Category" value="GDX.Tests" />
            </properties>
          </test-case>
          <test-case id="1197" name="Approximately_One_ReturnsTrue" fullname="GDX.Vector3ExtensionsTests.Approximately_One_ReturnsTrue" methodname="Approximately_One_ReturnsTrue" classname="GDX.Vector3ExtensionsTests" runstate="Runnable" seed="1600374558" result="Passed" start-time="2022-05-26 23:47:28Z" end-time="2022-05-26 23:47:28Z" duration="0.000170" asserts="0">
            <properties>
              <property name="Category" value="GDX.Tests" />
            </properties>
          </test-case>
          <test-case id="1198" name="Approximately_OneMillionth_ReturnsTrue" fullname="GDX.Vector3ExtensionsTests.Approximately_OneMillionth_ReturnsTrue" methodname="Approximately_OneMillionth_ReturnsTrue" classname="GDX.Vector3ExtensionsTests" runstate="Runnable" seed="516682703" result="Passed" start-time="2022-05-26 23:47:28Z" end-time="2022-05-26 23:47:28Z" duration="0.000163" asserts="0">
            <properties>
              <property name="Category" value="GDX.Tests" />
            </properties>
          </test-case>
          <test-case id="1199" name="Approximately_Zero_ReturnsTrue" fullname="GDX.Vector3ExtensionsTests.Approximately_Zero_ReturnsTrue" methodname="Approximately_Zero_ReturnsTrue" classname="GDX.Vector3ExtensionsTests" runstate="Runnable" seed="403274572" result="Passed" start-time="2022-05-26 23:47:28Z" end-time="2022-05-26 23:47:28Z" duration="0.000167" asserts="0">
            <properties>
              <property name="Category" value="GDX.Tests" />
            </properties>
          </test-case>
          <test-case id="1200" name="DistanceSqr_MockData_ReturnsSame" fullname="GDX.Vector3ExtensionsTests.DistanceSqr_MockData_ReturnsSame" methodname="DistanceSqr_MockData_ReturnsSame" classname="GDX.Vector3ExtensionsTests" runstate="Runnable" seed="1219851715" result="Passed" start-time="2022-05-26 23:47:28Z" end-time="2022-05-26 23:47:28Z" duration="0.000326" asserts="0">
            <properties>
              <property name="Category" value="GDX.Tests" />
            </properties>
          </test-case>
          <test-case id="1201" name="DistanceToRay_MockData_ReturnsAccurate" fullname="GDX.Vector3ExtensionsTests.DistanceToRay_MockData_ReturnsAccurate" methodname="DistanceToRay_MockData_ReturnsAccurate" classname="GDX.Vector3ExtensionsTests" runstate="Runnable" seed="1345799978" result="Passed" start-time="2022-05-26 23:47:28Z" end-time="2022-05-26 23:47:28Z" duration="0.000888" asserts="0">
            <properties>
              <property name="Category" value="GDX.Tests" />
            </properties>
          </test-case>
          <test-case id="1202" name="HorizontalDistance_MockData_ReturnsAccurate" fullname="GDX.Vector3ExtensionsTests.HorizontalDistance_MockData_ReturnsAccurate" methodname="HorizontalDistance_MockData_ReturnsAccurate" classname="GDX.Vector3ExtensionsTests" runstate="Runnable" seed="396391567" result="Passed" start-time="2022-05-26 23:47:28Z" end-time="2022-05-26 23:47:28Z" duration="0.000315" asserts="0">
            <properties>
              <property name="Category" value="GDX.Tests" />
            </properties>
          </test-case>
          <test-case id="1203" name="Midpoint_ZeroAndOne_ReturnsHalf" fullname="GDX.Vector3ExtensionsTests.Midpoint_ZeroAndOne_ReturnsHalf" methodname="Midpoint_ZeroAndOne_ReturnsHalf" classname="GDX.Vector3ExtensionsTests" runstate="Runnable" seed="857249192" result="Passed" start-time="2022-05-26 23:47:28Z" end-time="2022-05-26 23:47:28Z" duration="0.000260" asserts="0">
            <properties>
              <property name="Category" value="GDX.Tests" />
            </properties>
          </test-case>
          <test-case id="1204" name="NearestIndex_MockData_ReturnsClosest" fullname="GDX.Vector3ExtensionsTests.NearestIndex_MockData_ReturnsClosest" methodname="NearestIndex_MockData_ReturnsClosest" classname="GDX.Vector3ExtensionsTests" runstate="Runnable" seed="1707990419" result="Passed" start-time="2022-05-26 23:47:28Z" end-time="2022-05-26 23:47:28Z" duration="0.000426" asserts="0">
            <properties>
              <property name="Category" value="GDX.Tests" />
            </properties>
          </test-case>
          <test-case id="1205" name="NearestIndex_NullInput_ReturnsNegativeOne" fullname="GDX.Vector3ExtensionsTests.NearestIndex_NullInput_ReturnsNegativeOne" methodname="NearestIndex_NullInput_ReturnsNegativeOne" classname="GDX.Vector3ExtensionsTests" runstate="Runnable" seed="1451161520" result="Passed" start-time="2022-05-26 23:47:28Z" end-time="2022-05-26 23:47:28Z" duration="0.000209" asserts="0">
            <properties>
              <property name="Category" value="GDX.Tests" />
            </properties>
          </test-case>
          <test-case id="1208" name="TryParseVector3_CharFirstSplit_ReturnsFalse" fullname="GDX.Vector3ExtensionsTests.TryParseVector3_CharFirstSplit_ReturnsFalse" methodname="TryParseVector3_CharFirstSplit_ReturnsFalse" classname="GDX.Vector3ExtensionsTests" runstate="Runnable" seed="1322476521" result="Passed" start-time="2022-05-26 23:47:28Z" end-time="2022-05-26 23:47:28Z" duration="0.000363" asserts="0">
            <properties>
              <property name="Category" value="GDX.Tests" />
            </properties>
          </test-case>
          <test-case id="1209" name="TryParseVector3_CharSecondSplit_ReturnsFalse" fullname="GDX.Vector3ExtensionsTests.TryParseVector3_CharSecondSplit_ReturnsFalse" methodname="TryParseVector3_CharSecondSplit_ReturnsFalse" classname="GDX.Vector3ExtensionsTests" runstate="Runnable" seed="150816907" result="Passed" start-time="2022-05-26 23:47:28Z" end-time="2022-05-26 23:47:28Z" duration="0.000177" asserts="0">
            <properties>
              <property name="Category" value="GDX.Tests" />
            </properties>
          </test-case>
          <test-case id="1210" name="TryParseVector3_CharThirdSplit_ReturnsFalse" fullname="GDX.Vector3ExtensionsTests.TryParseVector3_CharThirdSplit_ReturnsFalse" methodname="TryParseVector3_CharThirdSplit_ReturnsFalse" classname="GDX.Vector3ExtensionsTests" runstate="Runnable" seed="1605964756" result="Passed" start-time="2022-05-26 23:47:28Z" end-time="2022-05-26 23:47:28Z" duration="0.000173" asserts="0">
            <properties>
              <property name="Category" value="GDX.Tests" />
            </properties>
          </test-case>
          <test-case id="1207" name="TryParseVector3_NoSecondSplit_ReturnsFalse" fullname="GDX.Vector3ExtensionsTests.TryParseVector3_NoSecondSplit_ReturnsFalse" methodname="TryParseVector3_NoSecondSplit_ReturnsFalse" classname="GDX.Vector3ExtensionsTests" runstate="Runnable" seed="1427219244" result="Passed" start-time="2022-05-26 23:47:28Z" end-time="2022-05-26 23:47:28Z" duration="0.000163" asserts="0">
            <properties>
              <property name="Category" value="GDX.Tests" />
            </properties>
          </test-case>
          <test-case id="1211" name="TryParseVector3_NoSpaces_ReturnsVector3" fullname="GDX.Vector3ExtensionsTests.TryParseVector3_NoSpaces_ReturnsVector3" methodname="TryParseVector3_NoSpaces_ReturnsVector3" classname="GDX.Vector3ExtensionsTests" runstate="Runnable" seed="1010063801" result="Passed" start-time="2022-05-26 23:47:28Z" end-time="2022-05-26 23:47:28Z" duration="0.000171" asserts="0">
            <properties>
              <property name="Category" value="GDX.Tests" />
            </properties>
          </test-case>
          <test-case id="1206" name="TryParseVector3_NoSplit_ReturnsVector2Zero" fullname="GDX.Vector3ExtensionsTests.TryParseVector3_NoSplit_ReturnsVector2Zero" methodname="TryParseVector3_NoSplit_ReturnsVector2Zero" classname="GDX.Vector3ExtensionsTests" runstate="Runnable" seed="1189382716" result="Passed" start-time="2022-05-26 23:47:28Z" end-time="2022-05-26 23:47:28Z" duration="0.000173" asserts="0">
            <properties>
              <property name="Category" value="GDX.Tests" />
            </properties>
          </test-case>
          <test-case id="1212" name="TryParseVector3_SpacedValues_ReturnsVector3" fullname="GDX.Vector3ExtensionsTests.TryParseVector3_SpacedValues_ReturnsVector3" methodname="TryParseVector3_SpacedValues_ReturnsVector3" classname="GDX.Vector3ExtensionsTests" runstate="Runnable" seed="1328449034" result="Passed" start-time="2022-05-26 23:47:28Z" end-time="2022-05-26 23:47:28Z" duration="0.000171" asserts="0">
            <properties>
              <property name="Category" value="GDX.Tests" />
            </properties>
            <output><![CDATA[Executing cleanup for: Unity.PerformanceTesting.Editor.TestRunBuilder
]]></output>
          </test-case>
        </test-suite>
      </test-suite>
    </test-suite>
  </test-suite>
</test-run>