<?xml version="1.0" encoding="utf-8"?>
<test-run id="2" testcasecount="674" result="Passed" total="674" passed="674" failed="0" inconclusive="0" skipped="0" asserts="0" engine-version="3.5.0.0" clr-version="4.0.30319.42000" start-time="2022-09-04 01:21:36Z" end-time="2022-09-04 01:21:55Z" duration="18.4363266">
  <test-suite type="TestSuite" id="1000" name="GDX" fullname="GDX" runstate="Runnable" testcasecount="678" result="Passed" start-time="2022-09-04 01:21:36Z" end-time="2022-09-04 01:21:55Z" duration="18.436327" total="674" passed="674" failed="0" inconclusive="0" skipped="0" asserts="0">
    <properties />
    <test-suite type="Assembly" id="1020" name="GDX.Editor.Tests.EditMode.dll" fullname="D:/BuildAgent/work/GDX-Documentation/Projects/GDX_Development/Library/ScriptAssemblies/GDX.Editor.Tests.EditMode.dll" runstate="Runnable" testcasecount="11" result="Passed" start-time="2022-09-04 01:21:37Z" end-time="2022-09-04 01:21:39Z" duration="2.272828" total="11" passed="11" failed="0" inconclusive="0" skipped="0" asserts="0">
      <properties>
        <property name="_PID" value="2848" />
        <property name="_APPDOMAIN" value="Unity Child Domain" />
        <property name="platform" value="EditMode" />
      </properties>
      <test-suite type="TestSuite" id="1021" name="GDX" fullname="GDX" runstate="Runnable" testcasecount="11" result="Passed" start-time="2022-09-04 01:21:37Z" end-time="2022-09-04 01:21:39Z" duration="2.267737" total="11" passed="11" failed="0" inconclusive="0" skipped="0" asserts="0">
        <properties />
        <test-suite type="TestSuite" id="1022" name="Editor" fullname="GDX.Editor" runstate="Runnable" testcasecount="11" result="Passed" start-time="2022-09-04 01:21:37Z" end-time="2022-09-04 01:21:39Z" duration="2.266287" total="11" passed="11" failed="0" inconclusive="0" skipped="0" asserts="0">
          <properties />
          <test-suite type="TestFixture" id="1004" name="AutomationTests" fullname="GDX.Editor.AutomationTests" classname="GDX.Editor.AutomationTests" runstate="Runnable" testcasecount="6" result="Passed" start-time="2022-09-04 01:21:37Z" end-time="2022-09-04 01:21:37Z" duration="0.010226" total="6" passed="6" failed="0" inconclusive="0" skipped="0" asserts="0">
            <properties />
            <test-case id="1005" name="CaptureEditorWindow_SceneView_ReturnsTexture" fullname="GDX.Editor.AutomationTests.CaptureEditorWindow_SceneView_ReturnsTexture" methodname="CaptureEditorWindow_SceneView_ReturnsTexture" classname="GDX.Editor.AutomationTests" runstate="Runnable" seed="1542452943" result="Passed" start-time="2022-09-04 01:21:19Z" end-time="2022-09-04 01:21:19Z" duration="0.773962" asserts="0">
              <properties>
                <property name="Category" value="GDX.Tests" />
              </properties>
            </test-case>
            <test-case id="1010" name="CaptureEditorWindow_SceneView_SameTexture" fullname="GDX.Editor.AutomationTests.CaptureEditorWindow_SceneView_SameTexture" methodname="CaptureEditorWindow_SceneView_SameTexture" classname="GDX.Editor.AutomationTests" runstate="Runnable" seed="2121583477" result="Passed" start-time="2022-09-04 01:21:19Z" end-time="2022-09-04 01:21:21Z" duration="1.414331" asserts="0">
              <properties>
                <property name="_JOINTYPE" value="UnityCombinatorial" />
                <property name="Category" value="GDX.Tests" />
              </properties>
            </test-case>
            <test-case id="1006" name="CaptureEditorWindowToPNG_SceneView_OutputsImage" fullname="GDX.Editor.AutomationTests.CaptureEditorWindowToPNG_SceneView_OutputsImage" methodname="CaptureEditorWindowToPNG_SceneView_OutputsImage" classname="GDX.Editor.AutomationTests" runstate="Runnable" seed="345641507" result="Passed" start-time="2022-09-04 01:21:21Z" end-time="2022-09-04 01:21:21Z" duration="0.106268" asserts="0">
              <properties>
                <property name="Category" value="GDX.Tests" />
              </properties>
            </test-case>
            <test-case id="1007" name="CaptureFocusedEditorWindow_ReturnsTexture" fullname="GDX.Editor.AutomationTests.CaptureFocusedEditorWindow_ReturnsTexture" methodname="CaptureFocusedEditorWindow_ReturnsTexture" classname="GDX.Editor.AutomationTests" runstate="Runnable" seed="391426409" result="Passed" start-time="2022-09-04 01:21:21Z" end-time="2022-09-04 01:21:21Z" duration="0.124149" asserts="0">
              <properties>
                <property name="Category" value="GDX.Tests" />
              </properties>
            </test-case>
            <test-case id="1008" name="CaptureFocusedEditorWindowToPNG_OutputsImage" fullname="GDX.Editor.AutomationTests.CaptureFocusedEditorWindowToPNG_OutputsImage" methodname="CaptureFocusedEditorWindowToPNG_OutputsImage" classname="GDX.Editor.AutomationTests" runstate="Runnable" seed="1813601739" result="Passed" start-time="2022-09-04 01:21:21Z" end-time="2022-09-04 01:21:21Z" duration="0.024447" asserts="0">
              <properties>
                <property name="Category" value="GDX.Tests" />
              </properties>
            </test-case>
            <test-case id="1009" name="GetWindow_SceneView_NotNull" fullname="GDX.Editor.AutomationTests.GetWindow_SceneView_NotNull" methodname="GetWindow_SceneView_NotNull" classname="GDX.Editor.AutomationTests" runstate="Runnable" seed="1129174431" result="Passed" start-time="2022-09-04 01:21:21Z" end-time="2022-09-04 01:21:21Z" duration="0.068104" asserts="0">
              <properties>
                <property name="Category" value="GDX.Tests" />
              </properties>
            </test-case>
          </test-suite>
          <test-suite type="TestSuite" id="1023" name="Build" fullname="GDX.Editor.Build" runstate="Runnable" testcasecount="1" result="Passed" start-time="2022-09-04 01:21:37Z" end-time="2022-09-04 01:21:37Z" duration="0.000667" total="1" passed="1" failed="0" inconclusive="0" skipped="0" asserts="0">
            <properties />
            <test-suite type="TestFixture" id="1018" name="BuildInfoProviderTests" fullname="GDX.Editor.Build.BuildInfoProviderTests" classname="GDX.Editor.Build.BuildInfoProviderTests" runstate="Runnable" testcasecount="1" result="Passed" start-time="2022-09-04 01:21:37Z" end-time="2022-09-04 01:21:37Z" duration="0.000358" total="1" passed="1" failed="0" inconclusive="0" skipped="0" asserts="0">
              <properties />
              <test-case id="1019" name="GetContent_ForceDefaults_ReturnsDefaultContent" fullname="GDX.Editor.Build.BuildInfoProviderTests.GetContent_ForceDefaults_ReturnsDefaultContent" methodname="GetContent_ForceDefaults_ReturnsDefaultContent" classname="GDX.Editor.Build.BuildInfoProviderTests" runstate="Runnable" seed="2033100355" result="Passed" start-time="2022-09-04 01:21:21Z" end-time="2022-09-04 01:21:21Z" duration="0.001240" asserts="0">
                <properties>
                  <property name="Category" value="GDX.Tests" />
                </properties>
              </test-case>
            </test-suite>
          </test-suite>
          <test-suite type="TestFixture" id="1011" name="DomainReloadTests" fullname="GDX.Editor.DomainReloadTests" classname="GDX.Editor.DomainReloadTests" runstate="Runnable" testcasecount="2" result="Passed" start-time="2022-09-04 01:21:37Z" end-time="2022-09-04 01:21:37Z" duration="0.052752" total="2" passed="2" failed="0" inconclusive="0" skipped="0" asserts="0">
            <properties />
            <test-case id="1013" name="Recompile_JobsLeakDetection_NoUnexpectedMessages" fullname="GDX.Editor.DomainReloadTests.Recompile_JobsLeakDetection_NoUnexpectedMessages" methodname="Recompile_JobsLeakDetection_NoUnexpectedMessages" classname="GDX.Editor.DomainReloadTests" runstate="Runnable" seed="1402017508" result="Passed" start-time="2022-09-04 01:21:37Z" end-time="2022-09-04 01:21:37Z" duration="0.007640" asserts="0">
              <properties>
                <property name="_JOINTYPE" value="UnityCombinatorial" />
                <property name="Category" value="GDX.Tests" />
              </properties>
              <reason>
                <message><![CDATA[]]></message>
              </reason>
            </test-case>
            <test-case id="1012" name="Recompile_NoLeakDetection_NoUnexpectedMessages" fullname="GDX.Editor.DomainReloadTests.Recompile_NoLeakDetection_NoUnexpectedMessages" methodname="Recompile_NoLeakDetection_NoUnexpectedMessages" classname="GDX.Editor.DomainReloadTests" runstate="Runnable" seed="559139915" result="Passed" start-time="2022-09-04 01:21:21Z" end-time="2022-09-04 01:21:37Z" duration="15.874704" asserts="0">
              <properties>
                <property name="_JOINTYPE" value="UnityCombinatorial" />
                <property name="Category" value="GDX.Tests" />
              </properties>
            </test-case>
          </test-suite>
          <test-suite type="TestFixture" id="1014" name="EditorTaskDirectorTests" fullname="GDX.Editor.EditorTaskDirectorTests" classname="GDX.Editor.EditorTaskDirectorTests" runstate="Runnable" testcasecount="1" result="Passed" start-time="2022-09-04 01:21:37Z" end-time="2022-09-04 01:21:39Z" duration="2.134862" total="1" passed="1" failed="0" inconclusive="0" skipped="0" asserts="0">
            <properties />
            <test-case id="1015" name="SetTickRate_QueuesOnLessThanZero_BusyWhenSet" fullname="GDX.Editor.EditorTaskDirectorTests.SetTickRate_QueuesOnLessThanZero_BusyWhenSet" methodname="SetTickRate_QueuesOnLessThanZero_BusyWhenSet" classname="GDX.Editor.EditorTaskDirectorTests" runstate="Runnable" seed="562187077" result="Passed" start-time="2022-09-04 01:21:37Z" end-time="2022-09-04 01:21:39Z" duration="2.131507" asserts="0">
              <properties>
                <property name="_JOINTYPE" value="UnityCombinatorial" />
                <property name="Category" value="GDX.Tests" />
              </properties>
            </test-case>
          </test-suite>
          <test-suite type="TestFixture" id="1016" name="PackageProviderTests" fullname="GDX.Editor.PackageProviderTests" classname="GDX.Editor.PackageProviderTests" runstate="Runnable" testcasecount="1" result="Passed" start-time="2022-09-04 01:21:39Z" end-time="2022-09-04 01:21:39Z" duration="0.052100" total="1" passed="1" failed="0" inconclusive="0" skipped="0" asserts="0">
            <properties />
            <test-case id="1017" name="Get_DefaultPackage_NotNull" fullname="GDX.Editor.PackageProviderTests.Get_DefaultPackage_NotNull" methodname="Get_DefaultPackage_NotNull" classname="GDX.Editor.PackageProviderTests" runstate="Runnable" seed="318305237" result="Passed" start-time="2022-09-04 01:21:39Z" end-time="2022-09-04 01:21:39Z" duration="0.048001" asserts="0">
              <properties>
                <property name="Category" value="GDX.Tests" />
              </properties>
            </test-case>
          </test-suite>
        </test-suite>
      </test-suite>
    </test-suite>
    <test-suite type="Assembly" id="1743" name="GDX.Tests.EditMode.dll" fullname="D:/BuildAgent/work/GDX-Documentation/Projects/GDX_Development/Library/ScriptAssemblies/GDX.Tests.EditMode.dll" runstate="Runnable" testcasecount="667" result="Passed" start-time="2022-09-04 01:21:39Z" end-time="2022-09-04 01:21:55Z" duration="15.661725" total="663" passed="663" failed="0" inconclusive="0" skipped="0" asserts="0">
      <properties>
        <property name="_PID" value="2848" />
        <property name="_APPDOMAIN" value="Unity Child Domain" />
        <property name="platform" value="EditMode" />
      </properties>
      <test-suite type="TestSuite" id="1744" name="GDX" fullname="GDX" runstate="Runnable" testcasecount="667" result="Passed" start-time="2022-09-04 01:21:39Z" end-time="2022-09-04 01:21:55Z" duration="15.652516" total="663" passed="663" failed="0" inconclusive="0" skipped="0" asserts="0">
        <properties />
        <test-suite type="TestFixture" id="1024" name="Array2DExtensionsTests" fullname="GDX.Array2DExtensionsTests" classname="GDX.Array2DExtensionsTests" runstate="Runnable" testcasecount="1" result="Passed" start-time="2022-09-04 01:21:39Z" end-time="2022-09-04 01:21:39Z" duration="0.004472" total="1" passed="1" failed="0" inconclusive="0" skipped="0" asserts="0">
          <properties />
          <test-case id="1025" name="Scale_MockFloatData_ScaledData" fullname="GDX.Array2DExtensionsTests.Scale_MockFloatData_ScaledData" methodname="Scale_MockFloatData_ScaledData" classname="GDX.Array2DExtensionsTests" runstate="Runnable" seed="1387720183" result="Passed" start-time="2022-09-04 01:21:39Z" end-time="2022-09-04 01:21:39Z" duration="0.000825" asserts="0">
            <properties>
              <property name="Category" value="GDX.Tests" />
            </properties>
          </test-case>
        </test-suite>
        <test-suite type="TestFixture" id="1026" name="ArrayExtensionsTests" fullname="GDX.ArrayExtensionsTests" classname="GDX.ArrayExtensionsTests" runstate="Runnable" testcasecount="15" result="Passed" start-time="2022-09-04 01:21:39Z" end-time="2022-09-04 01:21:39Z" duration="0.010010" total="15" passed="15" failed="0" inconclusive="0" skipped="0" asserts="0">
          <properties />
          <test-case id="1027" name="Clear_MockData_HasDefaultValues" fullname="GDX.ArrayExtensionsTests.Clear_MockData_HasDefaultValues" methodname="Clear_MockData_HasDefaultValues" classname="GDX.ArrayExtensionsTests" runstate="Runnable" seed="1429062151" result="Passed" start-time="2022-09-04 01:21:39Z" end-time="2022-09-04 01:21:39Z" duration="0.000648" asserts="0">
            <properties>
              <property name="Category" value="GDX.Tests" />
            </properties>
          </test-case>
          <test-case id="1028" name="ContainsItem_MockData_HasValue" fullname="GDX.ArrayExtensionsTests.ContainsItem_MockData_HasValue" methodname="ContainsItem_MockData_HasValue" classname="GDX.ArrayExtensionsTests" runstate="Runnable" seed="1588429410" result="Passed" start-time="2022-09-04 01:21:39Z" end-time="2022-09-04 01:21:39Z" duration="0.000373" asserts="0">
            <properties>
              <property name="Category" value="GDX.Tests" />
            </properties>
          </test-case>
          <test-case id="1029" name="ContainsItem_MockData_NoValue" fullname="GDX.ArrayExtensionsTests.ContainsItem_MockData_NoValue" methodname="ContainsItem_MockData_NoValue" classname="GDX.ArrayExtensionsTests" runstate="Runnable" seed="1771607490" result="Passed" start-time="2022-09-04 01:21:39Z" end-time="2022-09-04 01:21:39Z" duration="0.000347" asserts="0">
            <properties>
              <property name="Category" value="GDX.Tests" />
            </properties>
          </test-case>
          <test-case id="1030" name="ContainsReference_MockData_HasReference" fullname="GDX.ArrayExtensionsTests.ContainsReference_MockData_HasReference" methodname="ContainsReference_MockData_HasReference" classname="GDX.ArrayExtensionsTests" runstate="Runnable" seed="1632324182" result="Passed" start-time="2022-09-04 01:21:39Z" end-time="2022-09-04 01:21:39Z" duration="0.000231" asserts="0">
            <properties>
              <property name="Category" value="GDX.Tests" />
            </properties>
          </test-case>
          <test-case id="1031" name="ContainsReference_MockData_NoReference" fullname="GDX.ArrayExtensionsTests.ContainsReference_MockData_NoReference" methodname="ContainsReference_MockData_NoReference" classname="GDX.ArrayExtensionsTests" runstate="Runnable" seed="1600263108" result="Passed" start-time="2022-09-04 01:21:39Z" end-time="2022-09-04 01:21:39Z" duration="0.000165" asserts="0">
            <properties>
              <property name="Category" value="GDX.Tests" />
            </properties>
          </test-case>
          <test-case id="1032" name="ContainsValue_MockData_HasValue" fullname="GDX.ArrayExtensionsTests.ContainsValue_MockData_HasValue" methodname="ContainsValue_MockData_HasValue" classname="GDX.ArrayExtensionsTests" runstate="Runnable" seed="1934422999" result="Passed" start-time="2022-09-04 01:21:39Z" end-time="2022-09-04 01:21:39Z" duration="0.000221" asserts="0">
            <properties>
              <property name="Category" value="GDX.Tests" />
            </properties>
          </test-case>
          <test-case id="1033" name="ContainsValue_MockData_NoValue" fullname="GDX.ArrayExtensionsTests.ContainsValue_MockData_NoValue" methodname="ContainsValue_MockData_NoValue" classname="GDX.ArrayExtensionsTests" runstate="Runnable" seed="159300000" result="Passed" start-time="2022-09-04 01:21:39Z" end-time="2022-09-04 01:21:39Z" duration="0.000142" asserts="0">
            <properties>
              <property name="Category" value="GDX.Tests" />
            </properties>
          </test-case>
          <test-case id="1034" name="FirstIndexOfItem_MockDataObject_ReturnsIndex" fullname="GDX.ArrayExtensionsTests.FirstIndexOfItem_MockDataObject_ReturnsIndex" methodname="FirstIndexOfItem_MockDataObject_ReturnsIndex" classname="GDX.ArrayExtensionsTests" runstate="Runnable" seed="1549860756" result="Passed" start-time="2022-09-04 01:21:39Z" end-time="2022-09-04 01:21:39Z" duration="0.000329" asserts="0">
            <properties>
              <property name="Category" value="GDX.Tests" />
            </properties>
          </test-case>
          <test-case id="1035" name="FirstIndexOfItem_NoMockDataObject_ReturnsIndex" fullname="GDX.ArrayExtensionsTests.FirstIndexOfItem_NoMockDataObject_ReturnsIndex" methodname="FirstIndexOfItem_NoMockDataObject_ReturnsIndex" classname="GDX.ArrayExtensionsTests" runstate="Runnable" seed="1944695428" result="Passed" start-time="2022-09-04 01:21:39Z" end-time="2022-09-04 01:21:39Z" duration="0.000168" asserts="0">
            <properties>
              <property name="Category" value="GDX.Tests" />
            </properties>
          </test-case>
          <test-case id="1036" name="FirstIndexOfValue_MockDataValue_ReturnsIndex" fullname="GDX.ArrayExtensionsTests.FirstIndexOfValue_MockDataValue_ReturnsIndex" methodname="FirstIndexOfValue_MockDataValue_ReturnsIndex" classname="GDX.ArrayExtensionsTests" runstate="Runnable" seed="1962249060" result="Passed" start-time="2022-09-04 01:21:39Z" end-time="2022-09-04 01:21:39Z" duration="0.000235" asserts="0">
            <properties>
              <property name="Category" value="GDX.Tests" />
            </properties>
          </test-case>
          <test-case id="1037" name="FirstIndexOfValue_NoMockDataValue_ReturnsNegativeOne" fullname="GDX.ArrayExtensionsTests.FirstIndexOfValue_NoMockDataValue_ReturnsNegativeOne" methodname="FirstIndexOfValue_NoMockDataValue_ReturnsNegativeOne" classname="GDX.ArrayExtensionsTests" runstate="Runnable" seed="2040561912" result="Passed" start-time="2022-09-04 01:21:39Z" end-time="2022-09-04 01:21:39Z" duration="0.000142" asserts="0">
            <properties>
              <property name="Category" value="GDX.Tests" />
            </properties>
          </test-case>
          <test-case id="1038" name="LastIndexOfItem_MockDataObject_ReturnsIndex" fullname="GDX.ArrayExtensionsTests.LastIndexOfItem_MockDataObject_ReturnsIndex" methodname="LastIndexOfItem_MockDataObject_ReturnsIndex" classname="GDX.ArrayExtensionsTests" runstate="Runnable" seed="1251957564" result="Passed" start-time="2022-09-04 01:21:39Z" end-time="2022-09-04 01:21:39Z" duration="0.000243" asserts="0">
            <properties>
              <property name="Category" value="GDX.Tests" />
            </properties>
          </test-case>
          <test-case id="1039" name="LastIndexOfItem_NoMockDataObject_ReturnsNegativeOne" fullname="GDX.ArrayExtensionsTests.LastIndexOfItem_NoMockDataObject_ReturnsNegativeOne" methodname="LastIndexOfItem_NoMockDataObject_ReturnsNegativeOne" classname="GDX.ArrayExtensionsTests" runstate="Runnable" seed="98789004" result="Passed" start-time="2022-09-04 01:21:39Z" end-time="2022-09-04 01:21:39Z" duration="0.000224" asserts="0">
            <properties>
              <property name="Category" value="GDX.Tests" />
            </properties>
          </test-case>
          <test-case id="1040" name="LastIndexOfValue_MockDataValue_ReturnsIndex" fullname="GDX.ArrayExtensionsTests.LastIndexOfValue_MockDataValue_ReturnsIndex" methodname="LastIndexOfValue_MockDataValue_ReturnsIndex" classname="GDX.ArrayExtensionsTests" runstate="Runnable" seed="1187672785" result="Passed" start-time="2022-09-04 01:21:39Z" end-time="2022-09-04 01:21:39Z" duration="0.000225" asserts="0">
            <properties>
              <property name="Category" value="GDX.Tests" />
            </properties>
          </test-case>
          <test-case id="1041" name="LastIndexOfValue_NoMockDataValue_ReturnsNegativeOne" fullname="GDX.ArrayExtensionsTests.LastIndexOfValue_NoMockDataValue_ReturnsNegativeOne" methodname="LastIndexOfValue_NoMockDataValue_ReturnsNegativeOne" classname="GDX.ArrayExtensionsTests" runstate="Runnable" seed="2114324049" result="Passed" start-time="2022-09-04 01:21:39Z" end-time="2022-09-04 01:21:39Z" duration="0.000140" asserts="0">
            <properties>
              <property name="Category" value="GDX.Tests" />
            </properties>
          </test-case>
        </test-suite>
        <test-suite type="TestFixture" id="1042" name="ByteExtensionsTests" fullname="GDX.ByteExtensionsTests" classname="GDX.ByteExtensionsTests" runstate="Runnable" testcasecount="6" result="Passed" start-time="2022-09-04 01:21:39Z" end-time="2022-09-04 01:21:39Z" duration="0.004225" total="6" passed="6" failed="0" inconclusive="0" skipped="0" asserts="0">
          <properties />
          <test-case id="1043" name="GetStableHashCode_MockData_ReturnsValidCode" fullname="GDX.ByteExtensionsTests.GetStableHashCode_MockData_ReturnsValidCode" methodname="GetStableHashCode_MockData_ReturnsValidCode" classname="GDX.ByteExtensionsTests" runstate="Runnable" seed="352706316" result="Passed" start-time="2022-09-04 01:21:39Z" end-time="2022-09-04 01:21:39Z" duration="0.000263" asserts="0">
            <properties>
              <property name="Category" value="GDX.Tests" />
            </properties>
          </test-case>
          <test-case id="1045" name="IsSame_DifferentData_ReturnsFalse" fullname="GDX.ByteExtensionsTests.IsSame_DifferentData_ReturnsFalse" methodname="IsSame_DifferentData_ReturnsFalse" classname="GDX.ByteExtensionsTests" runstate="Runnable" seed="258094593" result="Passed" start-time="2022-09-04 01:21:39Z" end-time="2022-09-04 01:21:39Z" duration="0.000321" asserts="0">
            <properties>
              <property name="Category" value="GDX.Tests" />
            </properties>
          </test-case>
          <test-case id="1048" name="IsSame_DifferentLengths_ReturnsFalse" fullname="GDX.ByteExtensionsTests.IsSame_DifferentLengths_ReturnsFalse" methodname="IsSame_DifferentLengths_ReturnsFalse" classname="GDX.ByteExtensionsTests" runstate="Runnable" seed="388809955" result="Passed" start-time="2022-09-04 01:21:39Z" end-time="2022-09-04 01:21:39Z" duration="0.000141" asserts="0">
            <properties>
              <property name="Category" value="GDX.Tests" />
            </properties>
          </test-case>
          <test-case id="1046" name="IsSame_NullLeftHandSide_ReturnsFalse" fullname="GDX.ByteExtensionsTests.IsSame_NullLeftHandSide_ReturnsFalse" methodname="IsSame_NullLeftHandSide_ReturnsFalse" classname="GDX.ByteExtensionsTests" runstate="Runnable" seed="427847152" result="Passed" start-time="2022-09-04 01:21:39Z" end-time="2022-09-04 01:21:39Z" duration="0.000125" asserts="0">
            <properties>
              <property name="Category" value="GDX.Tests" />
            </properties>
          </test-case>
          <test-case id="1047" name="IsSame_NullRightHandSide_ReturnsFalse" fullname="GDX.ByteExtensionsTests.IsSame_NullRightHandSide_ReturnsFalse" methodname="IsSame_NullRightHandSide_ReturnsFalse" classname="GDX.ByteExtensionsTests" runstate="Runnable" seed="1706653197" result="Passed" start-time="2022-09-04 01:21:39Z" end-time="2022-09-04 01:21:39Z" duration="0.000125" asserts="0">
            <properties>
              <property name="Category" value="GDX.Tests" />
            </properties>
          </test-case>
          <test-case id="1044" name="IsSame_SameData_ReturnsTrue" fullname="GDX.ByteExtensionsTests.IsSame_SameData_ReturnsTrue" methodname="IsSame_SameData_ReturnsTrue" classname="GDX.ByteExtensionsTests" runstate="Runnable" seed="2020704842" result="Passed" start-time="2022-09-04 01:21:39Z" end-time="2022-09-04 01:21:39Z" duration="0.000129" asserts="0">
            <properties>
              <property name="Category" value="GDX.Tests" />
            </properties>
          </test-case>
        </test-suite>
        <test-suite type="TestSuite" id="1755" name="Collections" fullname="GDX.Collections" runstate="Runnable" testcasecount="307" result="Passed" start-time="2022-09-04 01:21:39Z" end-time="2022-09-04 01:21:40Z" duration="0.254942" total="307" passed="307" failed="0" inconclusive="0" skipped="0" asserts="0">
          <properties />
          <test-suite type="TestSuite" id="1757" name="Generic" fullname="GDX.Collections.Generic" runstate="Runnable" testcasecount="293" result="Passed" start-time="2022-09-04 01:21:39Z" end-time="2022-09-04 01:21:39Z" duration="0.223816" total="293" passed="293" failed="0" inconclusive="0" skipped="0" asserts="0">
            <properties />
            <test-suite type="TestFixture" id="1444" name="Array2DTests" fullname="GDX.Collections.Generic.Array2DTests" classname="GDX.Collections.Generic.Array2DTests" runstate="Runnable" testcasecount="11" result="Passed" start-time="2022-09-04 01:21:39Z" end-time="2022-09-04 01:21:39Z" duration="0.008732" total="11" passed="11" failed="0" inconclusive="0" skipped="0" asserts="0">
              <properties />
              <test-case id="1445" name="AddColumns_MockData_ArrayResized" fullname="GDX.Collections.Generic.Array2DTests.AddColumns_MockData_ArrayResized" methodname="AddColumns_MockData_ArrayResized" classname="GDX.Collections.Generic.Array2DTests" runstate="Runnable" seed="145509675" result="Passed" start-time="2022-09-04 01:21:39Z" end-time="2022-09-04 01:21:39Z" duration="0.000501" asserts="0">
                <properties>
                  <property name="Category" value="GDX.Tests" />
                </properties>
              </test-case>
              <test-case id="1446" name="AddRows_MockData_ArrayResized" fullname="GDX.Collections.Generic.Array2DTests.AddRows_MockData_ArrayResized" methodname="AddRows_MockData_ArrayResized" classname="GDX.Collections.Generic.Array2DTests" runstate="Runnable" seed="1242493883" result="Passed" start-time="2022-09-04 01:21:39Z" end-time="2022-09-04 01:21:39Z" duration="0.000295" asserts="0">
                <properties>
                  <property name="Category" value="GDX.Tests" />
                </properties>
              </test-case>
              <test-case id="1447" name="GetColumnIndex_MockData_ReturnsIndex" fullname="GDX.Collections.Generic.Array2DTests.GetColumnIndex_MockData_ReturnsIndex" methodname="GetColumnIndex_MockData_ReturnsIndex" classname="GDX.Collections.Generic.Array2DTests" runstate="Runnable" seed="409387640" result="Passed" start-time="2022-09-04 01:21:39Z" end-time="2022-09-04 01:21:39Z" duration="0.000293" asserts="0">
                <properties>
                  <property name="Category" value="GDX.Tests" />
                </properties>
              </test-case>
              <test-case id="1448" name="GetRowIndex_MockData_ReturnsIndex" fullname="GDX.Collections.Generic.Array2DTests.GetRowIndex_MockData_ReturnsIndex" methodname="GetRowIndex_MockData_ReturnsIndex" classname="GDX.Collections.Generic.Array2DTests" runstate="Runnable" seed="186751197" result="Passed" start-time="2022-09-04 01:21:39Z" end-time="2022-09-04 01:21:39Z" duration="0.000233" asserts="0">
                <properties>
                  <property name="Category" value="GDX.Tests" />
                </properties>
              </test-case>
              <test-case id="1449" name="ReverseColumns_MockDataEven_ValuesReversed" fullname="GDX.Collections.Generic.Array2DTests.ReverseColumns_MockDataEven_ValuesReversed" methodname="ReverseColumns_MockDataEven_ValuesReversed" classname="GDX.Collections.Generic.Array2DTests" runstate="Runnable" seed="480091705" result="Passed" start-time="2022-09-04 01:21:39Z" end-time="2022-09-04 01:21:39Z" duration="0.000356" asserts="0">
                <properties>
                  <property name="Category" value="GDX.Tests" />
                </properties>
              </test-case>
              <test-case id="1450" name="ReverseColumns_MockDataOdd_ValuesReversed" fullname="GDX.Collections.Generic.Array2DTests.ReverseColumns_MockDataOdd_ValuesReversed" methodname="ReverseColumns_MockDataOdd_ValuesReversed" classname="GDX.Collections.Generic.Array2DTests" runstate="Runnable" seed="1967654477" result="Passed" start-time="2022-09-04 01:21:39Z" end-time="2022-09-04 01:21:39Z" duration="0.000202" asserts="0">
                <properties>
                  <property name="Category" value="GDX.Tests" />
                </properties>
              </test-case>
              <test-case id="1451" name="ReverseRows_MockDataEven_ValuesReversed" fullname="GDX.Collections.Generic.Array2DTests.ReverseRows_MockDataEven_ValuesReversed" methodname="ReverseRows_MockDataEven_ValuesReversed" classname="GDX.Collections.Generic.Array2DTests" runstate="Runnable" seed="551673323" result="Passed" start-time="2022-09-04 01:21:39Z" end-time="2022-09-04 01:21:39Z" duration="0.000329" asserts="0">
                <properties>
                  <property name="Category" value="GDX.Tests" />
                </properties>
              </test-case>
              <test-case id="1452" name="ReverseRows_MockDataOdd_ValuesReversed" fullname="GDX.Collections.Generic.Array2DTests.ReverseRows_MockDataOdd_ValuesReversed" methodname="ReverseRows_MockDataOdd_ValuesReversed" classname="GDX.Collections.Generic.Array2DTests" runstate="Runnable" seed="1386648561" result="Passed" start-time="2022-09-04 01:21:39Z" end-time="2022-09-04 01:21:39Z" duration="0.000202" asserts="0">
                <properties>
                  <property name="Category" value="GDX.Tests" />
                </properties>
              </test-case>
              <test-case id="1453" name="RotateClockwise_MockDataOdd_ValuesRotated" fullname="GDX.Collections.Generic.Array2DTests.RotateClockwise_MockDataOdd_ValuesRotated" methodname="RotateClockwise_MockDataOdd_ValuesRotated" classname="GDX.Collections.Generic.Array2DTests" runstate="Runnable" seed="2081337626" result="Passed" start-time="2022-09-04 01:21:39Z" end-time="2022-09-04 01:21:39Z" duration="0.000317" asserts="0">
                <properties>
                  <property name="Category" value="GDX.Tests" />
                </properties>
              </test-case>
              <test-case id="1454" name="RotateCounterClockwise_MockDataOdd_ValuesRotated" fullname="GDX.Collections.Generic.Array2DTests.RotateCounterClockwise_MockDataOdd_ValuesRotated" methodname="RotateCounterClockwise_MockDataOdd_ValuesRotated" classname="GDX.Collections.Generic.Array2DTests" runstate="Runnable" seed="2087535715" result="Passed" start-time="2022-09-04 01:21:39Z" end-time="2022-09-04 01:21:39Z" duration="0.000310" asserts="0">
                <properties>
                  <property name="Category" value="GDX.Tests" />
                </properties>
              </test-case>
              <test-case id="1455" name="ToMultiDimensionalArray_MockData_MatchingValues" fullname="GDX.Collections.Generic.Array2DTests.ToMultiDimensionalArray_MockData_MatchingValues" methodname="ToMultiDimensionalArray_MockData_MatchingValues" classname="GDX.Collections.Generic.Array2DTests" runstate="Runnable" seed="1010467160" result="Passed" start-time="2022-09-04 01:21:39Z" end-time="2022-09-04 01:21:39Z" duration="0.000426" asserts="0">
                <properties>
                  <property name="Category" value="GDX.Tests" />
                </properties>
              </test-case>
            </test-suite>
            <test-suite type="TestFixture" id="1456" name="Array3DTests" fullname="GDX.Collections.Generic.Array3DTests" classname="GDX.Collections.Generic.Array3DTests" runstate="Runnable" testcasecount="10" result="Passed" start-time="2022-09-04 01:21:39Z" end-time="2022-09-04 01:21:39Z" duration="0.008007" total="10" passed="10" failed="0" inconclusive="0" skipped="0" asserts="0">
              <properties />
              <test-case id="1457" name="Constructor_CorrectSizes" fullname="GDX.Collections.Generic.Array3DTests.Constructor_CorrectSizes" methodname="Constructor_CorrectSizes" classname="GDX.Collections.Generic.Array3DTests" runstate="Runnable" seed="1213800945" result="Passed" start-time="2022-09-04 01:21:39Z" end-time="2022-09-04 01:21:39Z" duration="0.001053" asserts="0">
                <properties>
                  <property name="Category" value="GDX.Tests" />
                </properties>
              </test-case>
              <test-case id="1458" name="GetByIndex_LastSpot_ValidEntry" fullname="GDX.Collections.Generic.Array3DTests.GetByIndex_LastSpot_ValidEntry" methodname="GetByIndex_LastSpot_ValidEntry" classname="GDX.Collections.Generic.Array3DTests" runstate="Runnable" seed="392287622" result="Passed" start-time="2022-09-04 01:21:39Z" end-time="2022-09-04 01:21:39Z" duration="0.000231" asserts="0">
                <properties>
                  <property name="Category" value="GDX.Tests" />
                </properties>
              </test-case>
              <test-case id="1460" name="GetByInt3_LastSpot_ValidEntry" fullname="GDX.Collections.Generic.Array3DTests.GetByInt3_LastSpot_ValidEntry" methodname="GetByInt3_LastSpot_ValidEntry" classname="GDX.Collections.Generic.Array3DTests" runstate="Runnable" seed="938141797" result="Passed" start-time="2022-09-04 01:21:39Z" end-time="2022-09-04 01:21:39Z" duration="0.000353" asserts="0">
                <properties>
                  <property name="Category" value="GDX.Tests" />
                </properties>
              </test-case>
              <test-case id="1463" name="GetFromIndex_FirstSpot_Valid" fullname="GDX.Collections.Generic.Array3DTests.GetFromIndex_FirstSpot_Valid" methodname="GetFromIndex_FirstSpot_Valid" classname="GDX.Collections.Generic.Array3DTests" runstate="Runnable" seed="955201851" result="Passed" start-time="2022-09-04 01:21:39Z" end-time="2022-09-04 01:21:39Z" duration="0.000345" asserts="0">
                <properties>
                  <property name="Category" value="GDX.Tests" />
                </properties>
              </test-case>
              <test-case id="1465" name="GetFromIndex_LastBottomRow_Valid" fullname="GDX.Collections.Generic.Array3DTests.GetFromIndex_LastBottomRow_Valid" methodname="GetFromIndex_LastBottomRow_Valid" classname="GDX.Collections.Generic.Array3DTests" runstate="Runnable" seed="318376769" result="Passed" start-time="2022-09-04 01:21:39Z" end-time="2022-09-04 01:21:39Z" duration="0.000278" asserts="0">
                <properties>
                  <property name="Category" value="GDX.Tests" />
                </properties>
              </test-case>
              <test-case id="1464" name="GetFromIndex_LastFirstRow_Valid" fullname="GDX.Collections.Generic.Array3DTests.GetFromIndex_LastFirstRow_Valid" methodname="GetFromIndex_LastFirstRow_Valid" classname="GDX.Collections.Generic.Array3DTests" runstate="Runnable" seed="2038049515" result="Passed" start-time="2022-09-04 01:21:39Z" end-time="2022-09-04 01:21:39Z" duration="0.000196" asserts="0">
                <properties>
                  <property name="Category" value="GDX.Tests" />
                </properties>
              </test-case>
              <test-case id="1462" name="GetFromIndex_LastSpot_Valid" fullname="GDX.Collections.Generic.Array3DTests.GetFromIndex_LastSpot_Valid" methodname="GetFromIndex_LastSpot_Valid" classname="GDX.Collections.Generic.Array3DTests" runstate="Runnable" seed="2018693901" result="Passed" start-time="2022-09-04 01:21:39Z" end-time="2022-09-04 01:21:39Z" duration="0.000194" asserts="0">
                <properties>
                  <property name="Category" value="GDX.Tests" />
                </properties>
              </test-case>
              <test-case id="1466" name="GetFromIndex_SecondTopRowAtBack_Valid" fullname="GDX.Collections.Generic.Array3DTests.GetFromIndex_SecondTopRowAtBack_Valid" methodname="GetFromIndex_SecondTopRowAtBack_Valid" classname="GDX.Collections.Generic.Array3DTests" runstate="Runnable" seed="92411182" result="Passed" start-time="2022-09-04 01:21:39Z" end-time="2022-09-04 01:21:39Z" duration="0.000202" asserts="0">
                <properties>
                  <property name="Category" value="GDX.Tests" />
                </properties>
              </test-case>
              <test-case id="1459" name="SetByIndex_LastSpot_ValidEntry" fullname="GDX.Collections.Generic.Array3DTests.SetByIndex_LastSpot_ValidEntry" methodname="SetByIndex_LastSpot_ValidEntry" classname="GDX.Collections.Generic.Array3DTests" runstate="Runnable" seed="258216780" result="Passed" start-time="2022-09-04 01:21:39Z" end-time="2022-09-04 01:21:39Z" duration="0.000225" asserts="0">
                <properties>
                  <property name="Category" value="GDX.Tests" />
                </properties>
              </test-case>
              <test-case id="1461" name="SetByInt3_LastSpot_ValidEntry" fullname="GDX.Collections.Generic.Array3DTests.SetByInt3_LastSpot_ValidEntry" methodname="SetByInt3_LastSpot_ValidEntry" classname="GDX.Collections.Generic.Array3DTests" runstate="Runnable" seed="1937805243" result="Passed" start-time="2022-09-04 01:21:39Z" end-time="2022-09-04 01:21:39Z" duration="0.000243" asserts="0">
                <properties>
                  <property name="Category" value="GDX.Tests" />
                </properties>
              </test-case>
            </test-suite>
            <test-suite type="TestFixture" id="1736" name="ArrayPoolTests" fullname="GDX.Collections.Generic.ArrayPoolTests" classname="GDX.Collections.Generic.ArrayPoolTests" runstate="Runnable" testcasecount="6" result="Passed" start-time="2022-09-04 01:21:39Z" end-time="2022-09-04 01:21:39Z" duration="0.005503" total="6" passed="6" failed="0" inconclusive="0" skipped="0" asserts="0">
              <properties />
              <test-case id="1737" name="Constructor_InitializeWithMinimumAndMaximum" fullname="GDX.Collections.Generic.ArrayPoolTests.Constructor_InitializeWithMinimumAndMaximum" methodname="Constructor_InitializeWithMinimumAndMaximum" classname="GDX.Collections.Generic.ArrayPoolTests" runstate="Runnable" seed="1185077624" result="Passed" start-time="2022-09-04 01:21:39Z" end-time="2022-09-04 01:21:39Z" duration="0.000466" asserts="0">
                <properties>
                  <property name="Category" value="GDX.Tests" />
                </properties>
              </test-case>
              <test-case id="1740" name="GetArrayFromPool_NonPowerOfTwoRequested_ArrayExistsInPool" fullname="GDX.Collections.Generic.ArrayPoolTests.GetArrayFromPool_NonPowerOfTwoRequested_ArrayExistsInPool" methodname="GetArrayFromPool_NonPowerOfTwoRequested_ArrayExistsInPool" classname="GDX.Collections.Generic.ArrayPoolTests" runstate="Runnable" seed="979583865" result="Passed" start-time="2022-09-04 01:21:39Z" end-time="2022-09-04 01:21:39Z" duration="0.000424" asserts="0">
                <properties>
                  <property name="Category" value="GDX.Tests" />
                </properties>
              </test-case>
              <test-case id="1738" name="GetArrayFromPool_PowerOfTwoRequested_ArrayExistsInPool" fullname="GDX.Collections.Generic.ArrayPoolTests.GetArrayFromPool_PowerOfTwoRequested_ArrayExistsInPool" methodname="GetArrayFromPool_PowerOfTwoRequested_ArrayExistsInPool" classname="GDX.Collections.Generic.ArrayPoolTests" runstate="Runnable" seed="2134164162" result="Passed" start-time="2022-09-04 01:21:39Z" end-time="2022-09-04 01:21:39Z" duration="0.000250" asserts="0">
                <properties>
                  <property name="Category" value="GDX.Tests" />
                </properties>
              </test-case>
              <test-case id="1739" name="GetArrayFromPool_PowerOfTwoRequested_PoolIsEmpty" fullname="GDX.Collections.Generic.ArrayPoolTests.GetArrayFromPool_PowerOfTwoRequested_PoolIsEmpty" methodname="GetArrayFromPool_PowerOfTwoRequested_PoolIsEmpty" classname="GDX.Collections.Generic.ArrayPoolTests" runstate="Runnable" seed="75796476" result="Passed" start-time="2022-09-04 01:21:39Z" end-time="2022-09-04 01:21:39Z" duration="0.000237" asserts="0">
                <properties>
                  <property name="Category" value="GDX.Tests" />
                </properties>
              </test-case>
              <test-case id="1741" name="ReturnArrayToPool_MaximumNotReached" fullname="GDX.Collections.Generic.ArrayPoolTests.ReturnArrayToPool_MaximumNotReached" methodname="ReturnArrayToPool_MaximumNotReached" classname="GDX.Collections.Generic.ArrayPoolTests" runstate="Runnable" seed="1915226617" result="Passed" start-time="2022-09-04 01:21:39Z" end-time="2022-09-04 01:21:39Z" duration="0.000395" asserts="0">
                <properties>
                  <property name="Category" value="GDX.Tests" />
                </properties>
              </test-case>
              <test-case id="1742" name="ReturnArrayToPool_MaximumReached" fullname="GDX.Collections.Generic.ArrayPoolTests.ReturnArrayToPool_MaximumReached" methodname="ReturnArrayToPool_MaximumReached" classname="GDX.Collections.Generic.ArrayPoolTests" runstate="Runnable" seed="1128281696" result="Passed" start-time="2022-09-04 01:21:39Z" end-time="2022-09-04 01:21:39Z" duration="0.000272" asserts="0">
                <properties>
                  <property name="Category" value="GDX.Tests" />
                </properties>
              </test-case>
            </test-suite>
            <test-suite type="TestFixture" id="1467" name="CircularBufferTests" fullname="GDX.Collections.Generic.CircularBufferTests" classname="GDX.Collections.Generic.CircularBufferTests" runstate="Runnable" testcasecount="22" result="Passed" start-time="2022-09-04 01:21:39Z" end-time="2022-09-04 01:21:39Z" duration="0.012796" total="22" passed="22" failed="0" inconclusive="0" skipped="0" asserts="0">
              <properties />
              <test-case id="1468" name="Add_MockData_Normal" fullname="GDX.Collections.Generic.CircularBufferTests.Add_MockData_Normal" methodname="Add_MockData_Normal" classname="GDX.Collections.Generic.CircularBufferTests" runstate="Runnable" seed="59427681" result="Passed" start-time="2022-09-04 01:21:39Z" end-time="2022-09-04 01:21:39Z" duration="0.000770" asserts="0">
                <properties>
                  <property name="Category" value="GDX.Tests" />
                </properties>
              </test-case>
              <test-case id="1469" name="Add_MockData_Wrapped" fullname="GDX.Collections.Generic.CircularBufferTests.Add_MockData_Wrapped" methodname="Add_MockData_Wrapped" classname="GDX.Collections.Generic.CircularBufferTests" runstate="Runnable" seed="2062377517" result="Passed" start-time="2022-09-04 01:21:39Z" end-time="2022-09-04 01:21:39Z" duration="0.000209" asserts="0">
                <properties>
                  <property name="Category" value="GDX.Tests" />
                </properties>
              </test-case>
              <test-case id="1470" name="Clear_MockData_Empty" fullname="GDX.Collections.Generic.CircularBufferTests.Clear_MockData_Empty" methodname="Clear_MockData_Empty" classname="GDX.Collections.Generic.CircularBufferTests" runstate="Runnable" seed="1177154524" result="Passed" start-time="2022-09-04 01:21:39Z" end-time="2022-09-04 01:21:39Z" duration="0.000258" asserts="0">
                <properties>
                  <property name="Category" value="GDX.Tests" />
                </properties>
              </test-case>
              <test-case id="1471" name="Get_MockData_First" fullname="GDX.Collections.Generic.CircularBufferTests.Get_MockData_First" methodname="Get_MockData_First" classname="GDX.Collections.Generic.CircularBufferTests" runstate="Runnable" seed="235059138" result="Passed" start-time="2022-09-04 01:21:39Z" end-time="2022-09-04 01:21:39Z" duration="0.000228" asserts="0">
                <properties>
                  <property name="Category" value="GDX.Tests" />
                </properties>
              </test-case>
              <test-case id="1472" name="Get_MockData_Last" fullname="GDX.Collections.Generic.CircularBufferTests.Get_MockData_Last" methodname="Get_MockData_Last" classname="GDX.Collections.Generic.CircularBufferTests" runstate="Runnable" seed="1796797955" result="Passed" start-time="2022-09-04 01:21:39Z" end-time="2022-09-04 01:21:39Z" duration="0.000159" asserts="0">
                <properties>
                  <property name="Category" value="GDX.Tests" />
                </properties>
              </test-case>
              <test-case id="1473" name="Get_MockData_Wrapped" fullname="GDX.Collections.Generic.CircularBufferTests.Get_MockData_Wrapped" methodname="Get_MockData_Wrapped" classname="GDX.Collections.Generic.CircularBufferTests" runstate="Runnable" seed="886114693" result="Passed" start-time="2022-09-04 01:21:39Z" end-time="2022-09-04 01:21:39Z" duration="0.000195" asserts="0">
                <properties>
                  <property name="Category" value="GDX.Tests" />
                </properties>
              </test-case>
              <test-case id="1474" name="GetBack_MockData_Valid" fullname="GDX.Collections.Generic.CircularBufferTests.GetBack_MockData_Valid" methodname="GetBack_MockData_Valid" classname="GDX.Collections.Generic.CircularBufferTests" runstate="Runnable" seed="147119369" result="Passed" start-time="2022-09-04 01:21:39Z" end-time="2022-09-04 01:21:39Z" duration="0.000226" asserts="0">
                <properties>
                  <property name="Category" value="GDX.Tests" />
                </properties>
              </test-case>
              <test-case id="1475" name="GetFront_MockData_Valid" fullname="GDX.Collections.Generic.CircularBufferTests.GetFront_MockData_Valid" methodname="GetFront_MockData_Valid" classname="GDX.Collections.Generic.CircularBufferTests" runstate="Runnable" seed="1002824145" result="Passed" start-time="2022-09-04 01:21:39Z" end-time="2022-09-04 01:21:39Z" duration="0.000211" asserts="0">
                <properties>
                  <property name="Category" value="GDX.Tests" />
                </properties>
              </test-case>
              <test-case id="1477" name="IsEmpty_MockData_ClearedEmpty" fullname="GDX.Collections.Generic.CircularBufferTests.IsEmpty_MockData_ClearedEmpty" methodname="IsEmpty_MockData_ClearedEmpty" classname="GDX.Collections.Generic.CircularBufferTests" runstate="Runnable" seed="496421746" result="Passed" start-time="2022-09-04 01:21:39Z" end-time="2022-09-04 01:21:39Z" duration="0.000226" asserts="0">
                <properties>
                  <property name="Category" value="GDX.Tests" />
                </properties>
              </test-case>
              <test-case id="1476" name="IsEmpty_MockData_Empty" fullname="GDX.Collections.Generic.CircularBufferTests.IsEmpty_MockData_Empty" methodname="IsEmpty_MockData_Empty" classname="GDX.Collections.Generic.CircularBufferTests" runstate="Runnable" seed="1083363237" result="Passed" start-time="2022-09-04 01:21:39Z" end-time="2022-09-04 01:21:39Z" duration="0.000140" asserts="0">
                <properties>
                  <property name="Category" value="GDX.Tests" />
                </properties>
              </test-case>
              <test-case id="1478" name="IsEmpty_MockData_NotEmpty" fullname="GDX.Collections.Generic.CircularBufferTests.IsEmpty_MockData_NotEmpty" methodname="IsEmpty_MockData_NotEmpty" classname="GDX.Collections.Generic.CircularBufferTests" runstate="Runnable" seed="684126950" result="Passed" start-time="2022-09-04 01:21:39Z" end-time="2022-09-04 01:21:39Z" duration="0.000160" asserts="0">
                <properties>
                  <property name="Category" value="GDX.Tests" />
                </properties>
              </test-case>
              <test-case id="1479" name="IsFull_MockData_Full" fullname="GDX.Collections.Generic.CircularBufferTests.IsFull_MockData_Full" methodname="IsFull_MockData_Full" classname="GDX.Collections.Generic.CircularBufferTests" runstate="Runnable" seed="1497639851" result="Passed" start-time="2022-09-04 01:21:39Z" end-time="2022-09-04 01:21:39Z" duration="0.000202" asserts="0">
                <properties>
                  <property name="Category" value="GDX.Tests" />
                </properties>
              </test-case>
              <test-case id="1480" name="IsFull_MockData_NotFull" fullname="GDX.Collections.Generic.CircularBufferTests.IsFull_MockData_NotFull" methodname="IsFull_MockData_NotFull" classname="GDX.Collections.Generic.CircularBufferTests" runstate="Runnable" seed="1084898115" result="Passed" start-time="2022-09-04 01:21:39Z" end-time="2022-09-04 01:21:39Z" duration="0.000151" asserts="0">
                <properties>
                  <property name="Category" value="GDX.Tests" />
                </properties>
              </test-case>
              <test-case id="1481" name="PopBack_MockData_GetValue" fullname="GDX.Collections.Generic.CircularBufferTests.PopBack_MockData_GetValue" methodname="PopBack_MockData_GetValue" classname="GDX.Collections.Generic.CircularBufferTests" runstate="Runnable" seed="888124597" result="Passed" start-time="2022-09-04 01:21:39Z" end-time="2022-09-04 01:21:39Z" duration="0.000248" asserts="0">
                <properties>
                  <property name="Category" value="GDX.Tests" />
                </properties>
              </test-case>
              <test-case id="1482" name="PopFront_MockData_GetValue" fullname="GDX.Collections.Generic.CircularBufferTests.PopFront_MockData_GetValue" methodname="PopFront_MockData_GetValue" classname="GDX.Collections.Generic.CircularBufferTests" runstate="Runnable" seed="1171942524" result="Passed" start-time="2022-09-04 01:21:39Z" end-time="2022-09-04 01:21:39Z" duration="0.000242" asserts="0">
                <properties>
                  <property name="Category" value="GDX.Tests" />
                </properties>
              </test-case>
              <test-case id="1483" name="PushBack_MockData_InjectedValue" fullname="GDX.Collections.Generic.CircularBufferTests.PushBack_MockData_InjectedValue" methodname="PushBack_MockData_InjectedValue" classname="GDX.Collections.Generic.CircularBufferTests" runstate="Runnable" seed="2030556964" result="Passed" start-time="2022-09-04 01:21:39Z" end-time="2022-09-04 01:21:39Z" duration="0.000177" asserts="0">
                <properties>
                  <property name="Category" value="GDX.Tests" />
                </properties>
              </test-case>
              <test-case id="1484" name="PushFront_MockData_InjectedValue" fullname="GDX.Collections.Generic.CircularBufferTests.PushFront_MockData_InjectedValue" methodname="PushFront_MockData_InjectedValue" classname="GDX.Collections.Generic.CircularBufferTests" runstate="Runnable" seed="1084780298" result="Passed" start-time="2022-09-04 01:21:39Z" end-time="2022-09-04 01:21:39Z" duration="0.000277" asserts="0">
                <properties>
                  <property name="Category" value="GDX.Tests" />
                </properties>
              </test-case>
              <test-case id="1485" name="Set_MockData_First" fullname="GDX.Collections.Generic.CircularBufferTests.Set_MockData_First" methodname="Set_MockData_First" classname="GDX.Collections.Generic.CircularBufferTests" runstate="Runnable" seed="761712110" result="Passed" start-time="2022-09-04 01:21:39Z" end-time="2022-09-04 01:21:39Z" duration="0.000235" asserts="0">
                <properties>
                  <property name="Category" value="GDX.Tests" />
                </properties>
              </test-case>
              <test-case id="1486" name="Set_MockData_Last" fullname="GDX.Collections.Generic.CircularBufferTests.Set_MockData_Last" methodname="Set_MockData_Last" classname="GDX.Collections.Generic.CircularBufferTests" runstate="Runnable" seed="1207805556" result="Passed" start-time="2022-09-04 01:21:39Z" end-time="2022-09-04 01:21:39Z" duration="0.000170" asserts="0">
                <properties>
                  <property name="Category" value="GDX.Tests" />
                </properties>
              </test-case>
              <test-case id="1487" name="Set_MockData_Wrapped" fullname="GDX.Collections.Generic.CircularBufferTests.Set_MockData_Wrapped" methodname="Set_MockData_Wrapped" classname="GDX.Collections.Generic.CircularBufferTests" runstate="Runnable" seed="1998673457" result="Passed" start-time="2022-09-04 01:21:39Z" end-time="2022-09-04 01:21:39Z" duration="0.000166" asserts="0">
                <properties>
                  <property name="Category" value="GDX.Tests" />
                </properties>
              </test-case>
              <test-case id="1488" name="ToArray_MockData_NonWrapped" fullname="GDX.Collections.Generic.CircularBufferTests.ToArray_MockData_NonWrapped" methodname="ToArray_MockData_NonWrapped" classname="GDX.Collections.Generic.CircularBufferTests" runstate="Runnable" seed="827864792" result="Passed" start-time="2022-09-04 01:21:39Z" end-time="2022-09-04 01:21:39Z" duration="0.000312" asserts="0">
                <properties>
                  <property name="Category" value="GDX.Tests" />
                </properties>
              </test-case>
              <test-case id="1489" name="ToArray_MockData_Wrapped" fullname="GDX.Collections.Generic.CircularBufferTests.ToArray_MockData_Wrapped" methodname="ToArray_MockData_Wrapped" classname="GDX.Collections.Generic.CircularBufferTests" runstate="Runnable" seed="1497269105" result="Passed" start-time="2022-09-04 01:21:39Z" end-time="2022-09-04 01:21:39Z" duration="0.000200" asserts="0">
                <properties>
                  <property name="Category" value="GDX.Tests" />
                </properties>
              </test-case>
            </test-suite>
            <test-suite type="TestFixture" id="1435" name="FreeListTests" fullname="GDX.Collections.Generic.FreeListTests" classname="GDX.Collections.Generic.FreeListTests" runstate="Runnable" testcasecount="8" result="Passed" start-time="2022-09-04 01:21:39Z" end-time="2022-09-04 01:21:39Z" duration="0.008976" total="8" passed="8" failed="0" inconclusive="0" skipped="0" asserts="0">
              <properties />
              <test-case id="1437" name="AddUnchecked_MockData_ValueAdded" fullname="GDX.Collections.Generic.FreeListTests.AddUnchecked_MockData_ValueAdded" methodname="AddUnchecked_MockData_ValueAdded" classname="GDX.Collections.Generic.FreeListTests" runstate="Runnable" seed="964308960" result="Passed" start-time="2022-09-04 01:21:39Z" end-time="2022-09-04 01:21:39Z" duration="0.000503" asserts="0">
                <properties>
                  <property name="Category" value="GDX.Tests" />
                </properties>
              </test-case>
              <test-case id="1438" name="AddUnchecked_MockDataOverflow_ThrowsException" fullname="GDX.Collections.Generic.FreeListTests.AddUnchecked_MockDataOverflow_ThrowsException" methodname="AddUnchecked_MockDataOverflow_ThrowsException" classname="GDX.Collections.Generic.FreeListTests" runstate="Runnable" seed="1512655927" result="Passed" start-time="2022-09-04 01:21:39Z" end-time="2022-09-04 01:21:39Z" duration="0.002806" asserts="0">
                <properties>
                  <property name="Category" value="GDX.Tests" />
                </properties>
              </test-case>
              <test-case id="1439" name="AddWithExpandCheck_MockData_ValueAdded" fullname="GDX.Collections.Generic.FreeListTests.AddWithExpandCheck_MockData_ValueAdded" methodname="AddWithExpandCheck_MockData_ValueAdded" classname="GDX.Collections.Generic.FreeListTests" runstate="Runnable" seed="1187558784" result="Passed" start-time="2022-09-04 01:21:39Z" end-time="2022-09-04 01:21:39Z" duration="0.000332" asserts="0">
                <properties>
                  <property name="Category" value="GDX.Tests" />
                </properties>
              </test-case>
              <test-case id="1440" name="AddWithExpandCheck_MockDataWithExpansion_ValueAdded" fullname="GDX.Collections.Generic.FreeListTests.AddWithExpandCheck_MockDataWithExpansion_ValueAdded" methodname="AddWithExpandCheck_MockDataWithExpansion_ValueAdded" classname="GDX.Collections.Generic.FreeListTests" runstate="Runnable" seed="883860918" result="Passed" start-time="2022-09-04 01:21:39Z" end-time="2022-09-04 01:21:39Z" duration="0.000290" asserts="0">
                <properties>
                  <property name="Category" value="GDX.Tests" />
                </properties>
              </test-case>
              <test-case id="1441" name="Clear_MockData_DataCleared" fullname="GDX.Collections.Generic.FreeListTests.Clear_MockData_DataCleared" methodname="Clear_MockData_DataCleared" classname="GDX.Collections.Generic.FreeListTests" runstate="Runnable" seed="972466853" result="Passed" start-time="2022-09-04 01:21:39Z" end-time="2022-09-04 01:21:39Z" duration="0.000230" asserts="0">
                <properties>
                  <property name="Category" value="GDX.Tests" />
                </properties>
              </test-case>
              <test-case id="1436" name="FreeList_CreateWithCount" fullname="GDX.Collections.Generic.FreeListTests.FreeList_CreateWithCount" methodname="FreeList_CreateWithCount" classname="GDX.Collections.Generic.FreeListTests" runstate="Runnable" seed="1376610779" result="Passed" start-time="2022-09-04 01:21:39Z" end-time="2022-09-04 01:21:39Z" duration="0.000149" asserts="0">
                <properties>
                  <property name="Category" value="GDX.Tests" />
                </properties>
              </test-case>
              <test-case id="1443" name="GetAndRemoveAt_MockData_ValueRemoved" fullname="GDX.Collections.Generic.FreeListTests.GetAndRemoveAt_MockData_ValueRemoved" methodname="GetAndRemoveAt_MockData_ValueRemoved" classname="GDX.Collections.Generic.FreeListTests" runstate="Runnable" seed="746735464" result="Passed" start-time="2022-09-04 01:21:39Z" end-time="2022-09-04 01:21:39Z" duration="0.000241" asserts="0">
                <properties>
                  <property name="Category" value="GDX.Tests" />
                </properties>
              </test-case>
              <test-case id="1442" name="RemoveAt_MockData_ValueRemoved" fullname="GDX.Collections.Generic.FreeListTests.RemoveAt_MockData_ValueRemoved" methodname="RemoveAt_MockData_ValueRemoved" classname="GDX.Collections.Generic.FreeListTests" runstate="Runnable" seed="56664109" result="Passed" start-time="2022-09-04 01:21:39Z" end-time="2022-09-04 01:21:39Z" duration="0.000222" asserts="0">
                <properties>
                  <property name="Category" value="GDX.Tests" />
                </properties>
              </test-case>
            </test-suite>
            <test-suite type="TestFixture" id="1490" name="IntKeyDictionaryTests" fullname="GDX.Collections.Generic.IntKeyDictionaryTests" classname="GDX.Collections.Generic.IntKeyDictionaryTests" runstate="Runnable" testcasecount="35" result="Passed" start-time="2022-09-04 01:21:39Z" end-time="2022-09-04 01:21:39Z" duration="0.022370" total="35" passed="35" failed="0" inconclusive="0" skipped="0" asserts="0">
              <properties />
              <test-case id="1501" name="AddSafe_CheckEntriesMaintainConnection" fullname="GDX.Collections.Generic.IntKeyDictionaryTests.AddSafe_CheckEntriesMaintainConnection" methodname="AddSafe_CheckEntriesMaintainConnection" classname="GDX.Collections.Generic.IntKeyDictionaryTests" runstate="Runnable" seed="866749615" result="Passed" start-time="2022-09-04 01:21:39Z" end-time="2022-09-04 01:21:39Z" duration="0.001630" asserts="0">
                <properties>
                  <property name="Category" value="GDX.Tests" />
                </properties>
              </test-case>
              <test-case id="1494" name="AddSafe_CheckExists" fullname="GDX.Collections.Generic.IntKeyDictionaryTests.AddSafe_CheckExists" methodname="AddSafe_CheckExists" classname="GDX.Collections.Generic.IntKeyDictionaryTests" runstate="Runnable" seed="585452077" result="Passed" start-time="2022-09-04 01:21:39Z" end-time="2022-09-04 01:21:39Z" duration="0.000288" asserts="0">
                <properties>
                  <property name="Category" value="GDX.Tests" />
                </properties>
              </test-case>
              <test-case id="1500" name="AddSafe_CheckExpanded" fullname="GDX.Collections.Generic.IntKeyDictionaryTests.AddSafe_CheckExpanded" methodname="AddSafe_CheckExpanded" classname="GDX.Collections.Generic.IntKeyDictionaryTests" runstate="Runnable" seed="547656957" result="Passed" start-time="2022-09-04 01:21:39Z" end-time="2022-09-04 01:21:39Z" duration="0.000200" asserts="0">
                <properties>
                  <property name="Category" value="GDX.Tests" />
                </properties>
              </test-case>
              <test-case id="1517" name="AddTwoCollidingEntries_CheckAccess" fullname="GDX.Collections.Generic.IntKeyDictionaryTests.AddTwoCollidingEntries_CheckAccess" methodname="AddTwoCollidingEntries_CheckAccess" classname="GDX.Collections.Generic.IntKeyDictionaryTests" runstate="Runnable" seed="2008500564" result="Passed" start-time="2022-09-04 01:21:39Z" end-time="2022-09-04 01:21:39Z" duration="0.000405" asserts="0">
                <properties>
                  <property name="Category" value="GDX.Tests" />
                </properties>
              </test-case>
              <test-case id="1518" name="AddTwoCollidingEntries_RemoveFirst_CheckSecondExists" fullname="GDX.Collections.Generic.IntKeyDictionaryTests.AddTwoCollidingEntries_RemoveFirst_CheckSecondExists" methodname="AddTwoCollidingEntries_RemoveFirst_CheckSecondExists" classname="GDX.Collections.Generic.IntKeyDictionaryTests" runstate="Runnable" seed="677284632" result="Passed" start-time="2022-09-04 01:21:39Z" end-time="2022-09-04 01:21:39Z" duration="0.000387" asserts="0">
                <properties>
                  <property name="Category" value="GDX.Tests" />
                </properties>
              </test-case>
              <test-case id="1519" name="AddTwoCollidingEntries_RemoveSecond_CheckFirstExists" fullname="GDX.Collections.Generic.IntKeyDictionaryTests.AddTwoCollidingEntries_RemoveSecond_CheckFirstExists" methodname="AddTwoCollidingEntries_RemoveSecond_CheckFirstExists" classname="GDX.Collections.Generic.IntKeyDictionaryTests" runstate="Runnable" seed="451310815" result="Passed" start-time="2022-09-04 01:21:39Z" end-time="2022-09-04 01:21:39Z" duration="0.000201" asserts="0">
                <properties>
                  <property name="Category" value="GDX.Tests" />
                </properties>
              </test-case>
              <test-case id="1506" name="AddUnchecked_CheckExists" fullname="GDX.Collections.Generic.IntKeyDictionaryTests.AddUnchecked_CheckExists" methodname="AddUnchecked_CheckExists" classname="GDX.Collections.Generic.IntKeyDictionaryTests" runstate="Runnable" seed="1345491678" result="Passed" start-time="2022-09-04 01:21:39Z" end-time="2022-09-04 01:21:39Z" duration="0.000162" asserts="0">
                <properties>
                  <property name="Category" value="GDX.Tests" />
                </properties>
              </test-case>
              <test-case id="1498" name="AddWithExpandCheck_CheckEntriesMaintainConnection" fullname="GDX.Collections.Generic.IntKeyDictionaryTests.AddWithExpandCheck_CheckEntriesMaintainConnection" methodname="AddWithExpandCheck_CheckEntriesMaintainConnection" classname="GDX.Collections.Generic.IntKeyDictionaryTests" runstate="Runnable" seed="1467937360" result="Passed" start-time="2022-09-04 01:21:39Z" end-time="2022-09-04 01:21:39Z" duration="0.000379" asserts="0">
                <properties>
                  <property name="Category" value="GDX.Tests" />
                </properties>
              </test-case>
              <test-case id="1496" name="AddWithExpandCheck_CheckExists" fullname="GDX.Collections.Generic.IntKeyDictionaryTests.AddWithExpandCheck_CheckExists" methodname="AddWithExpandCheck_CheckExists" classname="GDX.Collections.Generic.IntKeyDictionaryTests" runstate="Runnable" seed="1014212073" result="Passed" start-time="2022-09-04 01:21:39Z" end-time="2022-09-04 01:21:39Z" duration="0.000174" asserts="0">
                <properties>
                  <property name="Category" value="GDX.Tests" />
                </properties>
              </test-case>
              <test-case id="1497" name="AddWithExpandCheck_CheckExpanded" fullname="GDX.Collections.Generic.IntKeyDictionaryTests.AddWithExpandCheck_CheckExpanded" methodname="AddWithExpandCheck_CheckExpanded" classname="GDX.Collections.Generic.IntKeyDictionaryTests" runstate="Runnable" seed="1503493812" result="Passed" start-time="2022-09-04 01:21:39Z" end-time="2022-09-04 01:21:39Z" duration="0.000192" asserts="0">
                <properties>
                  <property name="Category" value="GDX.Tests" />
                </properties>
              </test-case>
              <test-case id="1503" name="AddWithIndexer_CheckEntriesExist" fullname="GDX.Collections.Generic.IntKeyDictionaryTests.AddWithIndexer_CheckEntriesExist" methodname="AddWithIndexer_CheckEntriesExist" classname="GDX.Collections.Generic.IntKeyDictionaryTests" runstate="Runnable" seed="300157248" result="Passed" start-time="2022-09-04 01:21:39Z" end-time="2022-09-04 01:21:39Z" duration="0.000510" asserts="0">
                <properties>
                  <property name="Category" value="GDX.Tests" />
                </properties>
              </test-case>
              <test-case id="1504" name="AddWithIndexer_CheckEntriesMaintainConnection" fullname="GDX.Collections.Generic.IntKeyDictionaryTests.AddWithIndexer_CheckEntriesMaintainConnection" methodname="AddWithIndexer_CheckEntriesMaintainConnection" classname="GDX.Collections.Generic.IntKeyDictionaryTests" runstate="Runnable" seed="309114763" result="Passed" start-time="2022-09-04 01:21:39Z" end-time="2022-09-04 01:21:39Z" duration="0.000262" asserts="0">
                <properties>
                  <property name="Category" value="GDX.Tests" />
                </properties>
              </test-case>
              <test-case id="1502" name="AddWithIndexer_CheckExpanded" fullname="GDX.Collections.Generic.IntKeyDictionaryTests.AddWithIndexer_CheckExpanded" methodname="AddWithIndexer_CheckExpanded" classname="GDX.Collections.Generic.IntKeyDictionaryTests" runstate="Runnable" seed="1333550199" result="Passed" start-time="2022-09-04 01:21:39Z" end-time="2022-09-04 01:21:39Z" duration="0.000199" asserts="0">
                <properties>
                  <property name="Category" value="GDX.Tests" />
                </properties>
              </test-case>
              <test-case id="1505" name="AddWithUniqueCheck_CheckExists" fullname="GDX.Collections.Generic.IntKeyDictionaryTests.AddWithUniqueCheck_CheckExists" methodname="AddWithUniqueCheck_CheckExists" classname="GDX.Collections.Generic.IntKeyDictionaryTests" runstate="Runnable" seed="585303220" result="Passed" start-time="2022-09-04 01:21:39Z" end-time="2022-09-04 01:21:39Z" duration="0.000297" asserts="0">
                <properties>
                  <property name="Category" value="GDX.Tests" />
                </properties>
              </test-case>
              <test-case id="1513" name="AddWithUniqueCheckTwice_CheckAddedOnlyOnce" fullname="GDX.Collections.Generic.IntKeyDictionaryTests.AddWithUniqueCheckTwice_CheckAddedOnlyOnce" methodname="AddWithUniqueCheckTwice_CheckAddedOnlyOnce" classname="GDX.Collections.Generic.IntKeyDictionaryTests" runstate="Runnable" seed="1872991264" result="Passed" start-time="2022-09-04 01:21:39Z" end-time="2022-09-04 01:21:39Z" duration="0.000281" asserts="0">
                <properties>
                  <property name="Category" value="GDX.Tests" />
                </properties>
              </test-case>
              <test-case id="1525" name="Clear_CheckCleared" fullname="GDX.Collections.Generic.IntKeyDictionaryTests.Clear_CheckCleared" methodname="Clear_CheckCleared" classname="GDX.Collections.Generic.IntKeyDictionaryTests" runstate="Runnable" seed="1572087868" result="Passed" start-time="2022-09-04 01:21:39Z" end-time="2022-09-04 01:21:39Z" duration="0.000409" asserts="0">
                <properties>
                  <property name="Category" value="GDX.Tests" />
                </properties>
              </test-case>
              <test-case id="1493" name="Constructor_RequestBelowPrimeMinimum_PrimeCapacity" fullname="GDX.Collections.Generic.IntKeyDictionaryTests.Constructor_RequestBelowPrimeMinimum_PrimeCapacity" methodname="Constructor_RequestBelowPrimeMinimum_PrimeCapacity" classname="GDX.Collections.Generic.IntKeyDictionaryTests" runstate="Runnable" seed="633002630" result="Passed" start-time="2022-09-04 01:21:39Z" end-time="2022-09-04 01:21:39Z" duration="0.000214" asserts="0">
                <properties>
                  <property name="Category" value="GDX.Tests" />
                </properties>
              </test-case>
              <test-case id="1492" name="Constructor_RequestPrimeMinimum_PrimeCapacity" fullname="GDX.Collections.Generic.IntKeyDictionaryTests.Constructor_RequestPrimeMinimum_PrimeCapacity" methodname="Constructor_RequestPrimeMinimum_PrimeCapacity" classname="GDX.Collections.Generic.IntKeyDictionaryTests" runstate="Runnable" seed="1005958873" result="Passed" start-time="2022-09-04 01:21:39Z" end-time="2022-09-04 01:21:39Z" duration="0.000161" asserts="0">
                <properties>
                  <property name="Category" value="GDX.Tests" />
                </properties>
              </test-case>
              <test-case id="1491" name="Constructor_RequestZeroMinimum_PrimeCapacity" fullname="GDX.Collections.Generic.IntKeyDictionaryTests.Constructor_RequestZeroMinimum_PrimeCapacity" methodname="Constructor_RequestZeroMinimum_PrimeCapacity" classname="GDX.Collections.Generic.IntKeyDictionaryTests" runstate="Runnable" seed="596499082" result="Passed" start-time="2022-09-04 01:21:39Z" end-time="2022-09-04 01:21:39Z" duration="0.000179" asserts="0">
                <properties>
                  <property name="Category" value="GDX.Tests" />
                </properties>
              </test-case>
              <test-case id="1499" name="ExpandWhenFull_CheckExpanded" fullname="GDX.Collections.Generic.IntKeyDictionaryTests.ExpandWhenFull_CheckExpanded" methodname="ExpandWhenFull_CheckExpanded" classname="GDX.Collections.Generic.IntKeyDictionaryTests" runstate="Runnable" seed="1811918855" result="Passed" start-time="2022-09-04 01:21:39Z" end-time="2022-09-04 01:21:39Z" duration="0.000240" asserts="0">
                <properties>
                  <property name="Category" value="GDX.Tests" />
                </properties>
              </test-case>
              <test-case id="1495" name="IndexerAdd_CheckExists" fullname="GDX.Collections.Generic.IntKeyDictionaryTests.IndexerAdd_CheckExists" methodname="IndexerAdd_CheckExists" classname="GDX.Collections.Generic.IntKeyDictionaryTests" runstate="Runnable" seed="2092803122" result="Passed" start-time="2022-09-04 01:21:39Z" end-time="2022-09-04 01:21:39Z" duration="0.000168" asserts="0">
                <properties>
                  <property name="Category" value="GDX.Tests" />
                </properties>
              </test-case>
              <test-case id="1515" name="IndexOf_CheckCorrectIndex" fullname="GDX.Collections.Generic.IntKeyDictionaryTests.IndexOf_CheckCorrectIndex" methodname="IndexOf_CheckCorrectIndex" classname="GDX.Collections.Generic.IntKeyDictionaryTests" runstate="Runnable" seed="422715178" result="Passed" start-time="2022-09-04 01:21:39Z" end-time="2022-09-04 01:21:39Z" duration="0.000227" asserts="0">
                <properties>
                  <property name="Category" value="GDX.Tests" />
                </properties>
              </test-case>
              <test-case id="1516" name="IndexOf_CheckEntryDoesNotExist" fullname="GDX.Collections.Generic.IntKeyDictionaryTests.IndexOf_CheckEntryDoesNotExist" methodname="IndexOf_CheckEntryDoesNotExist" classname="GDX.Collections.Generic.IntKeyDictionaryTests" runstate="Runnable" seed="1093812290" result="Passed" start-time="2022-09-04 01:21:39Z" end-time="2022-09-04 01:21:39Z" duration="0.000153" asserts="0">
                <properties>
                  <property name="Category" value="GDX.Tests" />
                </properties>
              </test-case>
              <test-case id="1520" name="MoveNext_FindAllEntries" fullname="GDX.Collections.Generic.IntKeyDictionaryTests.MoveNext_FindAllEntries" methodname="MoveNext_FindAllEntries" classname="GDX.Collections.Generic.IntKeyDictionaryTests" runstate="Runnable" seed="952805076" result="Passed" start-time="2022-09-04 01:21:39Z" end-time="2022-09-04 01:21:39Z" duration="0.000312" asserts="0">
                <properties>
                  <property name="Category" value="GDX.Tests" />
                </properties>
              </test-case>
              <test-case id="1521" name="MoveNext_NoVersionOrOutValue_FindAllEntries" fullname="GDX.Collections.Generic.IntKeyDictionaryTests.MoveNext_NoVersionOrOutValue_FindAllEntries" methodname="MoveNext_NoVersionOrOutValue_FindAllEntries" classname="GDX.Collections.Generic.IntKeyDictionaryTests" runstate="Runnable" seed="1492365193" result="Passed" start-time="2022-09-04 01:21:39Z" end-time="2022-09-04 01:21:39Z" duration="0.000312" asserts="0">
                <properties>
                  <property name="Category" value="GDX.Tests" />
                </properties>
              </test-case>
              <test-case id="1523" name="MoveNextWithVersion_CheckEarlyOutFromInvalidation" fullname="GDX.Collections.Generic.IntKeyDictionaryTests.MoveNextWithVersion_CheckEarlyOutFromInvalidation" methodname="MoveNextWithVersion_CheckEarlyOutFromInvalidation" classname="GDX.Collections.Generic.IntKeyDictionaryTests" runstate="Runnable" seed="899673973" result="Passed" start-time="2022-09-04 01:21:39Z" end-time="2022-09-04 01:21:39Z" duration="0.000371" asserts="0">
                <properties>
                  <property name="Category" value="GDX.Tests" />
                </properties>
              </test-case>
              <test-case id="1522" name="MoveNextWithVersion_FindAllEntries" fullname="GDX.Collections.Generic.IntKeyDictionaryTests.MoveNextWithVersion_FindAllEntries" methodname="MoveNextWithVersion_FindAllEntries" classname="GDX.Collections.Generic.IntKeyDictionaryTests" runstate="Runnable" seed="475649124" result="Passed" start-time="2022-09-04 01:21:39Z" end-time="2022-09-04 01:21:39Z" duration="0.000223" asserts="0">
                <properties>
                  <property name="Category" value="GDX.Tests" />
                </properties>
              </test-case>
              <test-case id="1514" name="Reserve_CheckExpandedCapacity" fullname="GDX.Collections.Generic.IntKeyDictionaryTests.Reserve_CheckExpandedCapacity" methodname="Reserve_CheckExpandedCapacity" classname="GDX.Collections.Generic.IntKeyDictionaryTests" runstate="Runnable" seed="552001960" result="Passed" start-time="2022-09-04 01:21:39Z" end-time="2022-09-04 01:21:39Z" duration="0.000373" asserts="0">
                <properties>
                  <property name="Category" value="GDX.Tests" />
                </properties>
              </test-case>
              <test-case id="1524" name="TryGetValue" fullname="GDX.Collections.Generic.IntKeyDictionaryTests.TryGetValue" methodname="TryGetValue" classname="GDX.Collections.Generic.IntKeyDictionaryTests" runstate="Runnable" seed="629109259" result="Passed" start-time="2022-09-04 01:21:39Z" end-time="2022-09-04 01:21:39Z" duration="0.000566" asserts="0">
                <properties>
                  <property name="Category" value="GDX.Tests" />
                </properties>
              </test-case>
              <test-case id="1507" name="TryModify_CheckActuallyModified" fullname="GDX.Collections.Generic.IntKeyDictionaryTests.TryModify_CheckActuallyModified" methodname="TryModify_CheckActuallyModified" classname="GDX.Collections.Generic.IntKeyDictionaryTests" runstate="Runnable" seed="568151359" result="Passed" start-time="2022-09-04 01:21:39Z" end-time="2022-09-04 01:21:39Z" duration="0.000372" asserts="0">
                <properties>
                  <property name="Category" value="GDX.Tests" />
                </properties>
              </test-case>
              <test-case id="1508" name="TryModify_CheckNotModified" fullname="GDX.Collections.Generic.IntKeyDictionaryTests.TryModify_CheckNotModified" methodname="TryModify_CheckNotModified" classname="GDX.Collections.Generic.IntKeyDictionaryTests" runstate="Runnable" seed="271919124" result="Passed" start-time="2022-09-04 01:21:39Z" end-time="2022-09-04 01:21:39Z" duration="0.000180" asserts="0">
                <properties>
                  <property name="Category" value="GDX.Tests" />
                </properties>
              </test-case>
              <test-case id="1509" name="TryRemove_CheckActuallyRemoved" fullname="GDX.Collections.Generic.IntKeyDictionaryTests.TryRemove_CheckActuallyRemoved" methodname="TryRemove_CheckActuallyRemoved" classname="GDX.Collections.Generic.IntKeyDictionaryTests" runstate="Runnable" seed="1466732706" result="Passed" start-time="2022-09-04 01:21:39Z" end-time="2022-09-04 01:21:39Z" duration="0.000229" asserts="0">
                <properties>
                  <property name="Category" value="GDX.Tests" />
                </properties>
              </test-case>
              <test-case id="1510" name="TryRemove_Twice_CheckCorrectReturnValues" fullname="GDX.Collections.Generic.IntKeyDictionaryTests.TryRemove_Twice_CheckCorrectReturnValues" methodname="TryRemove_Twice_CheckCorrectReturnValues" classname="GDX.Collections.Generic.IntKeyDictionaryTests" runstate="Runnable" seed="1454761261" result="Passed" start-time="2022-09-04 01:21:39Z" end-time="2022-09-04 01:21:39Z" duration="0.000181" asserts="0">
                <properties>
                  <property name="Category" value="GDX.Tests" />
                </properties>
              </test-case>
              <test-case id="1511" name="TryRemoveNoValueClear_CheckActuallyRemoved" fullname="GDX.Collections.Generic.IntKeyDictionaryTests.TryRemoveNoValueClear_CheckActuallyRemoved" methodname="TryRemoveNoValueClear_CheckActuallyRemoved" classname="GDX.Collections.Generic.IntKeyDictionaryTests" runstate="Runnable" seed="783803110" result="Passed" start-time="2022-09-04 01:21:39Z" end-time="2022-09-04 01:21:39Z" duration="0.000441" asserts="0">
                <properties>
                  <property name="Category" value="GDX.Tests" />
                </properties>
              </test-case>
              <test-case id="1512" name="TryRemoveNoValueClear_Twice_CheckCorrectReturnValues" fullname="GDX.Collections.Generic.IntKeyDictionaryTests.TryRemoveNoValueClear_Twice_CheckCorrectReturnValues" methodname="TryRemoveNoValueClear_Twice_CheckCorrectReturnValues" classname="GDX.Collections.Generic.IntKeyDictionaryTests" runstate="Runnable" seed="626091384" result="Passed" start-time="2022-09-04 01:21:39Z" end-time="2022-09-04 01:21:39Z" duration="0.000184" asserts="0">
                <properties>
                  <property name="Category" value="GDX.Tests" />
                </properties>
              </test-case>
            </test-suite>
            <test-suite type="TestFixture" id="1526" name="NativeArray3DTests" fullname="GDX.Collections.Generic.NativeArray3DTests" classname="GDX.Collections.Generic.NativeArray3DTests" runstate="Runnable" testcasecount="10" result="Passed" start-time="2022-09-04 01:21:39Z" end-time="2022-09-04 01:21:39Z" duration="0.010105" total="10" passed="10" failed="0" inconclusive="0" skipped="0" asserts="0">
              <properties />
              <test-case id="1527" name="Constructor_CorrectSizes" fullname="GDX.Collections.Generic.NativeArray3DTests.Constructor_CorrectSizes" methodname="Constructor_CorrectSizes" classname="GDX.Collections.Generic.NativeArray3DTests" runstate="Runnable" seed="1348383206" result="Passed" start-time="2022-09-04 01:21:39Z" end-time="2022-09-04 01:21:39Z" duration="0.002446" asserts="0">
                <properties>
                  <property name="Category" value="GDX.Tests" />
                </properties>
              </test-case>
              <test-case id="1528" name="GetByIndex_LastSpot_ValidEntry" fullname="GDX.Collections.Generic.NativeArray3DTests.GetByIndex_LastSpot_ValidEntry" methodname="GetByIndex_LastSpot_ValidEntry" classname="GDX.Collections.Generic.NativeArray3DTests" runstate="Runnable" seed="1394407534" result="Passed" start-time="2022-09-04 01:21:39Z" end-time="2022-09-04 01:21:39Z" duration="0.000807" asserts="0">
                <properties>
                  <property name="Category" value="GDX.Tests" />
                </properties>
              </test-case>
              <test-case id="1530" name="GetByInt3_LastSpot_ValidEntry" fullname="GDX.Collections.Generic.NativeArray3DTests.GetByInt3_LastSpot_ValidEntry" methodname="GetByInt3_LastSpot_ValidEntry" classname="GDX.Collections.Generic.NativeArray3DTests" runstate="Runnable" seed="946749496" result="Passed" start-time="2022-09-04 01:21:39Z" end-time="2022-09-04 01:21:39Z" duration="0.000332" asserts="0">
                <properties>
                  <property name="Category" value="GDX.Tests" />
                </properties>
              </test-case>
              <test-case id="1533" name="GetFromIndex_FirstSpot_Valid" fullname="GDX.Collections.Generic.NativeArray3DTests.GetFromIndex_FirstSpot_Valid" methodname="GetFromIndex_FirstSpot_Valid" classname="GDX.Collections.Generic.NativeArray3DTests" runstate="Runnable" seed="1167815071" result="Passed" start-time="2022-09-04 01:21:39Z" end-time="2022-09-04 01:21:39Z" duration="0.000355" asserts="0">
                <properties>
                  <property name="Category" value="GDX.Tests" />
                </properties>
              </test-case>
              <test-case id="1535" name="GetFromIndex_LastBottomRow_Valid" fullname="GDX.Collections.Generic.NativeArray3DTests.GetFromIndex_LastBottomRow_Valid" methodname="GetFromIndex_LastBottomRow_Valid" classname="GDX.Collections.Generic.NativeArray3DTests" runstate="Runnable" seed="1309937099" result="Passed" start-time="2022-09-04 01:21:39Z" end-time="2022-09-04 01:21:39Z" duration="0.000257" asserts="0">
                <properties>
                  <property name="Category" value="GDX.Tests" />
                </properties>
              </test-case>
              <test-case id="1534" name="GetFromIndex_LastFirstRow_Valid" fullname="GDX.Collections.Generic.NativeArray3DTests.GetFromIndex_LastFirstRow_Valid" methodname="GetFromIndex_LastFirstRow_Valid" classname="GDX.Collections.Generic.NativeArray3DTests" runstate="Runnable" seed="7634162" result="Passed" start-time="2022-09-04 01:21:39Z" end-time="2022-09-04 01:21:39Z" duration="0.000260" asserts="0">
                <properties>
                  <property name="Category" value="GDX.Tests" />
                </properties>
              </test-case>
              <test-case id="1532" name="GetFromIndex_LastSpot_Valid" fullname="GDX.Collections.Generic.NativeArray3DTests.GetFromIndex_LastSpot_Valid" methodname="GetFromIndex_LastSpot_Valid" classname="GDX.Collections.Generic.NativeArray3DTests" runstate="Runnable" seed="2034905622" result="Passed" start-time="2022-09-04 01:21:39Z" end-time="2022-09-04 01:21:39Z" duration="0.000252" asserts="0">
                <properties>
                  <property name="Category" value="GDX.Tests" />
                </properties>
              </test-case>
              <test-case id="1536" name="GetFromIndex_SecondTopRowAtBack_Valid" fullname="GDX.Collections.Generic.NativeArray3DTests.GetFromIndex_SecondTopRowAtBack_Valid" methodname="GetFromIndex_SecondTopRowAtBack_Valid" classname="GDX.Collections.Generic.NativeArray3DTests" runstate="Runnable" seed="323425345" result="Passed" start-time="2022-09-04 01:21:39Z" end-time="2022-09-04 01:21:39Z" duration="0.000252" asserts="0">
                <properties>
                  <property name="Category" value="GDX.Tests" />
                </properties>
              </test-case>
              <test-case id="1529" name="SetByIndex_LastSpot_ValidEntry" fullname="GDX.Collections.Generic.NativeArray3DTests.SetByIndex_LastSpot_ValidEntry" methodname="SetByIndex_LastSpot_ValidEntry" classname="GDX.Collections.Generic.NativeArray3DTests" runstate="Runnable" seed="1901438539" result="Passed" start-time="2022-09-04 01:21:39Z" end-time="2022-09-04 01:21:39Z" duration="0.000303" asserts="0">
                <properties>
                  <property name="Category" value="GDX.Tests" />
                </properties>
              </test-case>
              <test-case id="1531" name="SetByInt3_LastSpot_ValidEntry" fullname="GDX.Collections.Generic.NativeArray3DTests.SetByInt3_LastSpot_ValidEntry" methodname="SetByInt3_LastSpot_ValidEntry" classname="GDX.Collections.Generic.NativeArray3DTests" runstate="Runnable" seed="511723427" result="Passed" start-time="2022-09-04 01:21:39Z" end-time="2022-09-04 01:21:39Z" duration="0.000323" asserts="0">
                <properties>
                  <property name="Category" value="GDX.Tests" />
                </properties>
              </test-case>
            </test-suite>
            <test-suite type="TestFixture" id="1537" name="NativeArraySparseSetTests" fullname="GDX.Collections.Generic.NativeArraySparseSetTests" classname="GDX.Collections.Generic.NativeArraySparseSetTests" runstate="Runnable" testcasecount="31" result="Passed" start-time="2022-09-04 01:21:39Z" end-time="2022-09-04 01:21:39Z" duration="0.026443" total="31" passed="31" failed="0" inconclusive="0" skipped="0" asserts="0">
              <properties />
              <test-case id="1540" name="AddUnchecked_MockData_IndicesReserved" fullname="GDX.Collections.Generic.NativeArraySparseSetTests.AddUnchecked_MockData_IndicesReserved" methodname="AddUnchecked_MockData_IndicesReserved" classname="GDX.Collections.Generic.NativeArraySparseSetTests" runstate="Runnable" seed="293613781" result="Passed" start-time="2022-09-04 01:21:39Z" end-time="2022-09-04 01:21:39Z" duration="0.000595" asserts="0">
                <properties>
                  <property name="Category" value="GDX.Tests" />
                </properties>
              </test-case>
              <test-case id="1543" name="AddUnchecked_MockDataAndVersionArrayOverflow_ThrowsException" fullname="GDX.Collections.Generic.NativeArraySparseSetTests.AddUnchecked_MockDataAndVersionArrayOverflow_ThrowsException" methodname="AddUnchecked_MockDataAndVersionArrayOverflow_ThrowsException" classname="GDX.Collections.Generic.NativeArraySparseSetTests" runstate="Runnable" seed="1497119278" result="Passed" start-time="2022-09-04 01:21:39Z" end-time="2022-09-04 01:21:39Z" duration="0.001964" asserts="0">
                <properties>
                  <property name="Category" value="GDX.Tests" />
                </properties>
              </test-case>
              <test-case id="1542" name="AddUnchecked_MockDataOverflow_ThrowsException" fullname="GDX.Collections.Generic.NativeArraySparseSetTests.AddUnchecked_MockDataOverflow_ThrowsException" methodname="AddUnchecked_MockDataOverflow_ThrowsException" classname="GDX.Collections.Generic.NativeArraySparseSetTests" runstate="Runnable" seed="1569280465" result="Passed" start-time="2022-09-04 01:21:39Z" end-time="2022-09-04 01:21:39Z" duration="0.000340" asserts="0">
                <properties>
                  <property name="Category" value="GDX.Tests" />
                </properties>
              </test-case>
              <test-case id="1541" name="AddUnchecked_MockDataWithVersionArray__IndicesReserved" fullname="GDX.Collections.Generic.NativeArraySparseSetTests.AddUnchecked_MockDataWithVersionArray__IndicesReserved" methodname="AddUnchecked_MockDataWithVersionArray__IndicesReserved" classname="GDX.Collections.Generic.NativeArraySparseSetTests" runstate="Runnable" seed="1324196830" result="Passed" start-time="2022-09-04 01:21:39Z" end-time="2022-09-04 01:21:39Z" duration="0.000269" asserts="0">
                <properties>
                  <property name="Category" value="GDX.Tests" />
                </properties>
              </test-case>
              <test-case id="1546" name="AddUnchecked_MockDataWithVersionArray_Expanded" fullname="GDX.Collections.Generic.NativeArraySparseSetTests.AddUnchecked_MockDataWithVersionArray_Expanded" methodname="AddUnchecked_MockDataWithVersionArray_Expanded" classname="GDX.Collections.Generic.NativeArraySparseSetTests" runstate="Runnable" seed="938018249" result="Passed" start-time="2022-09-04 01:21:39Z" end-time="2022-09-04 01:21:39Z" duration="0.001505" asserts="0">
                <properties>
                  <property name="Category" value="GDX.Tests" />
                </properties>
              </test-case>
              <test-case id="1544" name="AddWithExpandCheck_MockData_Expanded" fullname="GDX.Collections.Generic.NativeArraySparseSetTests.AddWithExpandCheck_MockData_Expanded" methodname="AddWithExpandCheck_MockData_Expanded" classname="GDX.Collections.Generic.NativeArraySparseSetTests" runstate="Runnable" seed="1191890945" result="Passed" start-time="2022-09-04 01:21:39Z" end-time="2022-09-04 01:21:39Z" duration="0.000252" asserts="0">
                <properties>
                  <property name="Category" value="GDX.Tests" />
                </properties>
              </test-case>
              <test-case id="1545" name="AddWithExpandCheck_MockDataWithVersionArray_Expanded" fullname="GDX.Collections.Generic.NativeArraySparseSetTests.AddWithExpandCheck_MockDataWithVersionArray_Expanded" methodname="AddWithExpandCheck_MockDataWithVersionArray_Expanded" classname="GDX.Collections.Generic.NativeArraySparseSetTests" runstate="Runnable" seed="1961261175" result="Passed" start-time="2022-09-04 01:21:39Z" end-time="2022-09-04 01:21:39Z" duration="0.001454" asserts="0">
                <properties>
                  <property name="Category" value="GDX.Tests" />
                </properties>
              </test-case>
              <test-case id="1561" name="Clear_MockData_ArraysCleared" fullname="GDX.Collections.Generic.NativeArraySparseSetTests.Clear_MockData_ArraysCleared" methodname="Clear_MockData_ArraysCleared" classname="GDX.Collections.Generic.NativeArraySparseSetTests" runstate="Runnable" seed="2124550654" result="Passed" start-time="2022-09-04 01:21:39Z" end-time="2022-09-04 01:21:39Z" duration="0.000280" asserts="0">
                <properties>
                  <property name="Category" value="GDX.Tests" />
                </properties>
              </test-case>
              <test-case id="1562" name="Clear_MockDataWithVersionArray_ArraysCleared" fullname="GDX.Collections.Generic.NativeArraySparseSetTests.Clear_MockDataWithVersionArray_ArraysCleared" methodname="Clear_MockDataWithVersionArray_ArraysCleared" classname="GDX.Collections.Generic.NativeArraySparseSetTests" runstate="Runnable" seed="272173853" result="Passed" start-time="2022-09-04 01:21:39Z" end-time="2022-09-04 01:21:39Z" duration="0.000359" asserts="0">
                <properties>
                  <property name="Category" value="GDX.Tests" />
                </properties>
              </test-case>
              <test-case id="1563" name="ClearWithVersionReset_MockData_ArraysClearedAndVersionReset" fullname="GDX.Collections.Generic.NativeArraySparseSetTests.ClearWithVersionReset_MockData_ArraysClearedAndVersionReset" methodname="ClearWithVersionReset_MockData_ArraysClearedAndVersionReset" classname="GDX.Collections.Generic.NativeArraySparseSetTests" runstate="Runnable" seed="897604773" result="Passed" start-time="2022-09-04 01:21:39Z" end-time="2022-09-04 01:21:39Z" duration="0.000336" asserts="0">
                <properties>
                  <property name="Category" value="GDX.Tests" />
                </properties>
              </test-case>
              <test-case id="1538" name="Constructor_CreateWithCount" fullname="GDX.Collections.Generic.NativeArraySparseSetTests.Constructor_CreateWithCount" methodname="Constructor_CreateWithCount" classname="GDX.Collections.Generic.NativeArraySparseSetTests" runstate="Runnable" seed="1593332457" result="Passed" start-time="2022-09-04 01:21:39Z" end-time="2022-09-04 01:21:39Z" duration="0.000195" asserts="0">
                <properties>
                  <property name="Category" value="GDX.Tests" />
                </properties>
              </test-case>
              <test-case id="1539" name="Constructor_CreateWithCountAndVersionArray" fullname="GDX.Collections.Generic.NativeArraySparseSetTests.Constructor_CreateWithCountAndVersionArray" methodname="Constructor_CreateWithCountAndVersionArray" classname="GDX.Collections.Generic.NativeArraySparseSetTests" runstate="Runnable" seed="559121091" result="Passed" start-time="2022-09-04 01:21:39Z" end-time="2022-09-04 01:21:39Z" duration="0.000214" asserts="0">
                <properties>
                  <property name="Category" value="GDX.Tests" />
                </properties>
              </test-case>
              <test-case id="1568" name="Dispose_MockData_Disposed" fullname="GDX.Collections.Generic.NativeArraySparseSetTests.Dispose_MockData_Disposed" methodname="Dispose_MockData_Disposed" classname="GDX.Collections.Generic.NativeArraySparseSetTests" runstate="Runnable" seed="1712509646" result="Passed" start-time="2022-09-04 01:21:39Z" end-time="2022-09-04 01:21:39Z" duration="0.000294" asserts="0">
                <properties>
                  <property name="Category" value="GDX.Tests" />
                </properties>
              </test-case>
              <test-case id="1564" name="Expand_MockData_Expanded" fullname="GDX.Collections.Generic.NativeArraySparseSetTests.Expand_MockData_Expanded" methodname="Expand_MockData_Expanded" classname="GDX.Collections.Generic.NativeArraySparseSetTests" runstate="Runnable" seed="899914418" result="Passed" start-time="2022-09-04 01:21:39Z" end-time="2022-09-04 01:21:39Z" duration="0.000426" asserts="0">
                <properties>
                  <property name="Category" value="GDX.Tests" />
                </properties>
              </test-case>
              <test-case id="1565" name="Expand_MockDataWithVersionArray_Expanded" fullname="GDX.Collections.Generic.NativeArraySparseSetTests.Expand_MockDataWithVersionArray_Expanded" methodname="Expand_MockDataWithVersionArray_Expanded" classname="GDX.Collections.Generic.NativeArraySparseSetTests" runstate="Runnable" seed="1043567012" result="Passed" start-time="2022-09-04 01:21:39Z" end-time="2022-09-04 01:21:39Z" duration="0.000500" asserts="0">
                <properties>
                  <property name="Category" value="GDX.Tests" />
                </properties>
              </test-case>
              <test-case id="1547" name="GetDenseIndexUnchecked_MockData_CorrectIndex" fullname="GDX.Collections.Generic.NativeArraySparseSetTests.GetDenseIndexUnchecked_MockData_CorrectIndex" methodname="GetDenseIndexUnchecked_MockData_CorrectIndex" classname="GDX.Collections.Generic.NativeArraySparseSetTests" runstate="Runnable" seed="837408041" result="Passed" start-time="2022-09-04 01:21:39Z" end-time="2022-09-04 01:21:39Z" duration="0.000242" asserts="0">
                <properties>
                  <property name="Category" value="GDX.Tests" />
                </properties>
              </test-case>
              <test-case id="1550" name="GetDenseIndexWithBoundsAndVersionCheck_MockData_CorrectIndexAndHandlesInvalidIndex" fullname="GDX.Collections.Generic.NativeArraySparseSetTests.GetDenseIndexWithBoundsAndVersionCheck_MockData_CorrectIndexAndHandlesInvalidIndex" methodname="GetDenseIndexWithBoundsAndVersionCheck_MockData_CorrectIndexAndHandlesInvalidIndex" classname="GDX.Collections.Generic.NativeArraySparseSetTests" runstate="Runnable" seed="1702079422" result="Passed" start-time="2022-09-04 01:21:39Z" end-time="2022-09-04 01:21:39Z" duration="0.000689" asserts="0">
                <properties>
                  <property name="Category" value="GDX.Tests" />
                </properties>
              </test-case>
              <test-case id="1548" name="GetDenseIndexWithBoundsCheck_MockData_CorrectIndexAndHandlesInvalidIndex" fullname="GDX.Collections.Generic.NativeArraySparseSetTests.GetDenseIndexWithBoundsCheck_MockData_CorrectIndexAndHandlesInvalidIndex" methodname="GetDenseIndexWithBoundsCheck_MockData_CorrectIndexAndHandlesInvalidIndex" classname="GDX.Collections.Generic.NativeArraySparseSetTests" runstate="Runnable" seed="1029584471" result="Passed" start-time="2022-09-04 01:21:39Z" end-time="2022-09-04 01:21:39Z" duration="0.000328" asserts="0">
                <properties>
                  <property name="Category" value="GDX.Tests" />
                </properties>
              </test-case>
              <test-case id="1549" name="GetDenseIndexWithVersionCheck_MockData_CorrectIndexAndHandlesVersion" fullname="GDX.Collections.Generic.NativeArraySparseSetTests.GetDenseIndexWithVersionCheck_MockData_CorrectIndexAndHandlesVersion" methodname="GetDenseIndexWithVersionCheck_MockData_CorrectIndexAndHandlesVersion" classname="GDX.Collections.Generic.NativeArraySparseSetTests" runstate="Runnable" seed="1440765271" result="Passed" start-time="2022-09-04 01:21:39Z" end-time="2022-09-04 01:21:39Z" duration="0.000473" asserts="0">
                <properties>
                  <property name="Category" value="GDX.Tests" />
                </properties>
              </test-case>
              <test-case id="1556" name="RemoveUnchecked_MockData_ValidIndexRemoved" fullname="GDX.Collections.Generic.NativeArraySparseSetTests.RemoveUnchecked_MockData_ValidIndexRemoved" methodname="RemoveUnchecked_MockData_ValidIndexRemoved" classname="GDX.Collections.Generic.NativeArraySparseSetTests" runstate="Runnable" seed="1853724436" result="Passed" start-time="2022-09-04 01:21:39Z" end-time="2022-09-04 01:21:39Z" duration="0.000281" asserts="0">
                <properties>
                  <property name="Category" value="GDX.Tests" />
                </properties>
              </test-case>
              <test-case id="1555" name="RemoveUnchecked_MockDataWithIndices_ValidIndexRemoved" fullname="GDX.Collections.Generic.NativeArraySparseSetTests.RemoveUnchecked_MockDataWithIndices_ValidIndexRemoved" methodname="RemoveUnchecked_MockDataWithIndices_ValidIndexRemoved" classname="GDX.Collections.Generic.NativeArraySparseSetTests" runstate="Runnable" seed="551102936" result="Passed" start-time="2022-09-04 01:21:39Z" end-time="2022-09-04 01:21:39Z" duration="0.000303" asserts="0">
                <properties>
                  <property name="Category" value="GDX.Tests" />
                </properties>
              </test-case>
              <test-case id="1554" name="RemoveUnchecked_MockDataWithIndicesAndVersionArray_ValidIndexRemoved" fullname="GDX.Collections.Generic.NativeArraySparseSetTests.RemoveUnchecked_MockDataWithIndicesAndVersionArray_ValidIndexRemoved" methodname="RemoveUnchecked_MockDataWithIndicesAndVersionArray_ValidIndexRemoved" classname="GDX.Collections.Generic.NativeArraySparseSetTests" runstate="Runnable" seed="1662386120" result="Passed" start-time="2022-09-04 01:21:39Z" end-time="2022-09-04 01:21:39Z" duration="0.000257" asserts="0">
                <properties>
                  <property name="Category" value="GDX.Tests" />
                </properties>
              </test-case>
              <test-case id="1557" name="RemoveUncheckedFromDenseIndex_MockData_ValidIndexRemoved" fullname="GDX.Collections.Generic.NativeArraySparseSetTests.RemoveUncheckedFromDenseIndex_MockData_ValidIndexRemoved" methodname="RemoveUncheckedFromDenseIndex_MockData_ValidIndexRemoved" classname="GDX.Collections.Generic.NativeArraySparseSetTests" runstate="Runnable" seed="566439113" result="Passed" start-time="2022-09-04 01:21:39Z" end-time="2022-09-04 01:21:39Z" duration="0.000278" asserts="0">
                <properties>
                  <property name="Category" value="GDX.Tests" />
                </properties>
              </test-case>
              <test-case id="1558" name="RemoveUncheckedFromDenseIndex_MockDataWithSwapIndex_ValidIndexRemoved" fullname="GDX.Collections.Generic.NativeArraySparseSetTests.RemoveUncheckedFromDenseIndex_MockDataWithSwapIndex_ValidIndexRemoved" methodname="RemoveUncheckedFromDenseIndex_MockDataWithSwapIndex_ValidIndexRemoved" classname="GDX.Collections.Generic.NativeArraySparseSetTests" runstate="Runnable" seed="255600552" result="Passed" start-time="2022-09-04 01:21:39Z" end-time="2022-09-04 01:21:39Z" duration="0.000287" asserts="0">
                <properties>
                  <property name="Category" value="GDX.Tests" />
                </properties>
              </test-case>
              <test-case id="1559" name="RemoveUncheckedFromDenseIndex_MockDataWithVersionArray_ValidIndexRemoved" fullname="GDX.Collections.Generic.NativeArraySparseSetTests.RemoveUncheckedFromDenseIndex_MockDataWithVersionArray_ValidIndexRemoved" methodname="RemoveUncheckedFromDenseIndex_MockDataWithVersionArray_ValidIndexRemoved" classname="GDX.Collections.Generic.NativeArraySparseSetTests" runstate="Runnable" seed="874710524" result="Passed" start-time="2022-09-04 01:21:39Z" end-time="2022-09-04 01:21:39Z" duration="0.000373" asserts="0">
                <properties>
                  <property name="Category" value="GDX.Tests" />
                </properties>
              </test-case>
              <test-case id="1560" name="RemoveUncheckedFromDenseIndex_MockDataWithVersionArrayAndSwapIndex_ValidIndexRemoved" fullname="GDX.Collections.Generic.NativeArraySparseSetTests.RemoveUncheckedFromDenseIndex_MockDataWithVersionArrayAndSwapIndex_ValidIndexRemoved" methodname="RemoveUncheckedFromDenseIndex_MockDataWithVersionArrayAndSwapIndex_ValidIndexRemoved" classname="GDX.Collections.Generic.NativeArraySparseSetTests" runstate="Runnable" seed="744377797" result="Passed" start-time="2022-09-04 01:21:39Z" end-time="2022-09-04 01:21:39Z" duration="0.000363" asserts="0">
                <properties>
                  <property name="Category" value="GDX.Tests" />
                </properties>
              </test-case>
              <test-case id="1553" name="RemoveWithBoundsAndVersionChecks_MockData_ValidIndexRemovedInvalidIndicesNotRemoved" fullname="GDX.Collections.Generic.NativeArraySparseSetTests.RemoveWithBoundsAndVersionChecks_MockData_ValidIndexRemovedInvalidIndicesNotRemoved" methodname="RemoveWithBoundsAndVersionChecks_MockData_ValidIndexRemovedInvalidIndicesNotRemoved" classname="GDX.Collections.Generic.NativeArraySparseSetTests" runstate="Runnable" seed="1881635447" result="Passed" start-time="2022-09-04 01:21:39Z" end-time="2022-09-04 01:21:39Z" duration="0.000565" asserts="0">
                <properties>
                  <property name="Category" value="GDX.Tests" />
                </properties>
              </test-case>
              <test-case id="1551" name="RemoveWithBoundsCheck_MockData_ValidIndexRemovedInvalidIndicesNotRemoved" fullname="GDX.Collections.Generic.NativeArraySparseSetTests.RemoveWithBoundsCheck_MockData_ValidIndexRemovedInvalidIndicesNotRemoved" methodname="RemoveWithBoundsCheck_MockData_ValidIndexRemovedInvalidIndicesNotRemoved" classname="GDX.Collections.Generic.NativeArraySparseSetTests" runstate="Runnable" seed="2085324619" result="Passed" start-time="2022-09-04 01:21:39Z" end-time="2022-09-04 01:21:39Z" duration="0.000421" asserts="0">
                <properties>
                  <property name="Category" value="GDX.Tests" />
                </properties>
              </test-case>
              <test-case id="1552" name="RemoveWithVersionCheck_MockData_ValidIndexRemovedInvalidIndicesNotRemoved" fullname="GDX.Collections.Generic.NativeArraySparseSetTests.RemoveWithVersionCheck_MockData_ValidIndexRemovedInvalidIndicesNotRemoved" methodname="RemoveWithVersionCheck_MockData_ValidIndexRemovedInvalidIndicesNotRemoved" classname="GDX.Collections.Generic.NativeArraySparseSetTests" runstate="Runnable" seed="810650252" result="Passed" start-time="2022-09-04 01:21:39Z" end-time="2022-09-04 01:21:39Z" duration="0.000426" asserts="0">
                <properties>
                  <property name="Category" value="GDX.Tests" />
                </properties>
              </test-case>
              <test-case id="1566" name="Reserve_MockData_Expanded" fullname="GDX.Collections.Generic.NativeArraySparseSetTests.Reserve_MockData_Expanded" methodname="Reserve_MockData_Expanded" classname="GDX.Collections.Generic.NativeArraySparseSetTests" runstate="Runnable" seed="1932189874" result="Passed" start-time="2022-09-04 01:21:39Z" end-time="2022-09-04 01:21:39Z" duration="0.000443" asserts="0">
                <properties>
                  <property name="Category" value="GDX.Tests" />
                </properties>
              </test-case>
              <test-case id="1567" name="Reserve_MockDataWithVersionArray_Expanded" fullname="GDX.Collections.Generic.NativeArraySparseSetTests.Reserve_MockDataWithVersionArray_Expanded" methodname="Reserve_MockDataWithVersionArray_Expanded" classname="GDX.Collections.Generic.NativeArraySparseSetTests" runstate="Runnable" seed="1136244564" result="Passed" start-time="2022-09-04 01:21:39Z" end-time="2022-09-04 01:21:39Z" duration="0.000496" asserts="0">
                <properties>
                  <property name="Category" value="GDX.Tests" />
                </properties>
              </test-case>
            </test-suite>
            <test-suite type="TestFixture" id="1569" name="NativeUniformArray3DTests" fullname="GDX.Collections.Generic.NativeUniformArray3DTests" classname="GDX.Collections.Generic.NativeUniformArray3DTests" runstate="Runnable" testcasecount="2" result="Passed" start-time="2022-09-04 01:21:39Z" end-time="2022-09-04 01:21:39Z" duration="0.003514" total="2" passed="2" failed="0" inconclusive="0" skipped="0" asserts="0">
              <properties />
              <test-case id="1570" name="Constructor_CorrectSizes" fullname="GDX.Collections.Generic.NativeUniformArray3DTests.Constructor_CorrectSizes" methodname="Constructor_CorrectSizes" classname="GDX.Collections.Generic.NativeUniformArray3DTests" runstate="Runnable" seed="574302647" result="Passed" start-time="2022-09-04 01:21:39Z" end-time="2022-09-04 01:21:39Z" duration="0.000718" asserts="0">
                <properties>
                  <property name="Category" value="GDX.Tests" />
                </properties>
              </test-case>
              <test-case id="1571" name="GetByIndex_LastSpot_ValidEntry" fullname="GDX.Collections.Generic.NativeUniformArray3DTests.GetByIndex_LastSpot_ValidEntry" methodname="GetByIndex_LastSpot_ValidEntry" classname="GDX.Collections.Generic.NativeUniformArray3DTests" runstate="Runnable" seed="1299973438" result="Passed" start-time="2022-09-04 01:21:39Z" end-time="2022-09-04 01:21:39Z" duration="0.000259" asserts="0">
                <properties>
                  <property name="Category" value="GDX.Tests" />
                </properties>
              </test-case>
            </test-suite>
            <test-suite type="TestFixture" id="1572" name="SerializableDictionaryTests" fullname="GDX.Collections.Generic.SerializableDictionaryTests" classname="GDX.Collections.Generic.SerializableDictionaryTests" runstate="Runnable" testcasecount="5" result="Passed" start-time="2022-09-04 01:21:39Z" end-time="2022-09-04 01:21:39Z" duration="0.005653" total="5" passed="5" failed="0" inconclusive="0" skipped="0" asserts="0">
              <properties />
              <test-case id="1573" name="IsSerializableType_SystemObject_ReturnsFalse" fullname="GDX.Collections.Generic.SerializableDictionaryTests.IsSerializableType_SystemObject_ReturnsFalse" methodname="IsSerializableType_SystemObject_ReturnsFalse" classname="GDX.Collections.Generic.SerializableDictionaryTests" runstate="Runnable" seed="867908552" result="Passed" start-time="2022-09-04 01:21:39Z" end-time="2022-09-04 01:21:39Z" duration="0.000386" asserts="0">
                <properties>
                  <property name="Category" value="GDX.Tests" />
                </properties>
              </test-case>
              <test-case id="1575" name="IsSerializableType_UnityObject_ReturnsTrue" fullname="GDX.Collections.Generic.SerializableDictionaryTests.IsSerializableType_UnityObject_ReturnsTrue" methodname="IsSerializableType_UnityObject_ReturnsTrue" classname="GDX.Collections.Generic.SerializableDictionaryTests" runstate="Runnable" seed="930435107" result="Passed" start-time="2022-09-04 01:21:39Z" end-time="2022-09-04 01:21:39Z" duration="0.000189" asserts="0">
                <properties>
                  <property name="Category" value="GDX.Tests" />
                </properties>
              </test-case>
              <test-case id="1576" name="OverwriteSerializedData_MockData_PopulatesDictionary" fullname="GDX.Collections.Generic.SerializableDictionaryTests.OverwriteSerializedData_MockData_PopulatesDictionary" methodname="OverwriteSerializedData_MockData_PopulatesDictionary" classname="GDX.Collections.Generic.SerializableDictionaryTests" runstate="Runnable" seed="1049420477" result="Passed" start-time="2022-09-04 01:21:39Z" end-time="2022-09-04 01:21:39Z" duration="0.001104" asserts="0">
                <properties>
                  <property name="Category" value="GDX.Tests" />
                </properties>
              </test-case>
              <test-case id="1574" name="SaveSerializedData_MockData_ReturnsSerializedDataLength" fullname="GDX.Collections.Generic.SerializableDictionaryTests.SaveSerializedData_MockData_ReturnsSerializedDataLength" methodname="SaveSerializedData_MockData_ReturnsSerializedDataLength" classname="GDX.Collections.Generic.SerializableDictionaryTests" runstate="Runnable" seed="1802279383" result="Passed" start-time="2022-09-04 01:21:39Z" end-time="2022-09-04 01:21:39Z" duration="0.000709" asserts="0">
                <properties>
                  <property name="Category" value="GDX.Tests" />
                </properties>
              </test-case>
              <test-case id="1577" name="SaveSerializedData_NoData_ReturnsZeroSerializedDataLength" fullname="GDX.Collections.Generic.SerializableDictionaryTests.SaveSerializedData_NoData_ReturnsZeroSerializedDataLength" methodname="SaveSerializedData_NoData_ReturnsZeroSerializedDataLength" classname="GDX.Collections.Generic.SerializableDictionaryTests" runstate="Runnable" seed="1847348604" result="Passed" start-time="2022-09-04 01:21:39Z" end-time="2022-09-04 01:21:39Z" duration="0.000157" asserts="0">
                <properties>
                  <property name="Category" value="GDX.Tests" />
                </properties>
              </test-case>
            </test-suite>
            <test-suite type="TestFixture" id="1578" name="SimpleListTests" fullname="GDX.Collections.Generic.SimpleListTests" classname="GDX.Collections.Generic.SimpleListTests" runstate="Runnable" testcasecount="40" result="Passed" start-time="2022-09-04 01:21:39Z" end-time="2022-09-04 01:21:39Z" duration="0.025186" total="40" passed="40" failed="0" inconclusive="0" skipped="0" asserts="0">
              <properties />
              <test-case id="1589" name="AddExpandClearBoth_MockDataWithExpansion_ValueAdded" fullname="GDX.Collections.Generic.SimpleListTests.AddExpandClearBoth_MockDataWithExpansion_ValueAdded" methodname="AddExpandClearBoth_MockDataWithExpansion_ValueAdded" classname="GDX.Collections.Generic.SimpleListTests" runstate="Runnable" seed="651997297" result="Passed" start-time="2022-09-04 01:21:39Z" end-time="2022-09-04 01:21:39Z" duration="0.000536" asserts="0">
                <properties>
                  <property name="Category" value="GDX.Tests" />
                </properties>
              </test-case>
              <test-case id="1588" name="AddExpandClearNew_MockDataWithExpansion_ValueAdded" fullname="GDX.Collections.Generic.SimpleListTests.AddExpandClearNew_MockDataWithExpansion_ValueAdded" methodname="AddExpandClearNew_MockDataWithExpansion_ValueAdded" classname="GDX.Collections.Generic.SimpleListTests" runstate="Runnable" seed="1833622619" result="Passed" start-time="2022-09-04 01:21:39Z" end-time="2022-09-04 01:21:39Z" duration="0.000423" asserts="0">
                <properties>
                  <property name="Category" value="GDX.Tests" />
                </properties>
              </test-case>
              <test-case id="1587" name="AddExpandClearOld_MockDataWithExpansion_ValueAdded" fullname="GDX.Collections.Generic.SimpleListTests.AddExpandClearOld_MockDataWithExpansion_ValueAdded" methodname="AddExpandClearOld_MockDataWithExpansion_ValueAdded" classname="GDX.Collections.Generic.SimpleListTests" runstate="Runnable" seed="1813470195" result="Passed" start-time="2022-09-04 01:21:39Z" end-time="2022-09-04 01:21:39Z" duration="0.000385" asserts="0">
                <properties>
                  <property name="Category" value="GDX.Tests" />
                </properties>
              </test-case>
              <test-case id="1586" name="AddExpandNoClear_MockDataWithExpansion_ValueAdded" fullname="GDX.Collections.Generic.SimpleListTests.AddExpandNoClear_MockDataWithExpansion_ValueAdded" methodname="AddExpandNoClear_MockDataWithExpansion_ValueAdded" classname="GDX.Collections.Generic.SimpleListTests" runstate="Runnable" seed="1857185096" result="Passed" start-time="2022-09-04 01:21:39Z" end-time="2022-09-04 01:21:39Z" duration="0.000407" asserts="0">
                <properties>
                  <property name="Category" value="GDX.Tests" />
                </properties>
              </test-case>
              <test-case id="1582" name="AddUnchecked_MockData_ValueAdded" fullname="GDX.Collections.Generic.SimpleListTests.AddUnchecked_MockData_ValueAdded" methodname="AddUnchecked_MockData_ValueAdded" classname="GDX.Collections.Generic.SimpleListTests" runstate="Runnable" seed="2013732378" result="Passed" start-time="2022-09-04 01:21:39Z" end-time="2022-09-04 01:21:39Z" duration="0.000226" asserts="0">
                <properties>
                  <property name="Category" value="GDX.Tests" />
                </properties>
              </test-case>
              <test-case id="1583" name="AddUnchecked_MockDataOverflow_ThrowsException" fullname="GDX.Collections.Generic.SimpleListTests.AddUnchecked_MockDataOverflow_ThrowsException" methodname="AddUnchecked_MockDataOverflow_ThrowsException" classname="GDX.Collections.Generic.SimpleListTests" runstate="Runnable" seed="1663444262" result="Passed" start-time="2022-09-04 01:21:39Z" end-time="2022-09-04 01:21:39Z" duration="0.000280" asserts="0">
                <properties>
                  <property name="Category" value="GDX.Tests" />
                </properties>
              </test-case>
              <test-case id="1584" name="AddWithExpandCheck_MockData_ValueAdded" fullname="GDX.Collections.Generic.SimpleListTests.AddWithExpandCheck_MockData_ValueAdded" methodname="AddWithExpandCheck_MockData_ValueAdded" classname="GDX.Collections.Generic.SimpleListTests" runstate="Runnable" seed="422388535" result="Passed" start-time="2022-09-04 01:21:39Z" end-time="2022-09-04 01:21:39Z" duration="0.000346" asserts="0">
                <properties>
                  <property name="Category" value="GDX.Tests" />
                </properties>
              </test-case>
              <test-case id="1585" name="AddWithExpandCheck_MockDataWithExpansion_ValueAdded" fullname="GDX.Collections.Generic.SimpleListTests.AddWithExpandCheck_MockDataWithExpansion_ValueAdded" methodname="AddWithExpandCheck_MockDataWithExpansion_ValueAdded" classname="GDX.Collections.Generic.SimpleListTests" runstate="Runnable" seed="423760573" result="Passed" start-time="2022-09-04 01:21:39Z" end-time="2022-09-04 01:21:39Z" duration="0.000262" asserts="0">
                <properties>
                  <property name="Category" value="GDX.Tests" />
                </properties>
              </test-case>
              <test-case id="1594" name="Clear_MockData_DataCleared" fullname="GDX.Collections.Generic.SimpleListTests.Clear_MockData_DataCleared" methodname="Clear_MockData_DataCleared" classname="GDX.Collections.Generic.SimpleListTests" runstate="Runnable" seed="770490317" result="Passed" start-time="2022-09-04 01:21:39Z" end-time="2022-09-04 01:21:39Z" duration="0.000216" asserts="0">
                <properties>
                  <property name="Category" value="GDX.Tests" />
                </properties>
              </test-case>
              <test-case id="1579" name="Constructor_CreateWithCount" fullname="GDX.Collections.Generic.SimpleListTests.Constructor_CreateWithCount" methodname="Constructor_CreateWithCount" classname="GDX.Collections.Generic.SimpleListTests" runstate="Runnable" seed="714346058" result="Passed" start-time="2022-09-04 01:21:39Z" end-time="2022-09-04 01:21:39Z" duration="0.000166" asserts="0">
                <properties>
                  <property name="Category" value="GDX.Tests" />
                </properties>
              </test-case>
              <test-case id="1580" name="Constructor_CreateWithExisting_FillsList" fullname="GDX.Collections.Generic.SimpleListTests.Constructor_CreateWithExisting_FillsList" methodname="Constructor_CreateWithExisting_FillsList" classname="GDX.Collections.Generic.SimpleListTests" runstate="Runnable" seed="761870039" result="Passed" start-time="2022-09-04 01:21:39Z" end-time="2022-09-04 01:21:39Z" duration="0.000225" asserts="0">
                <properties>
                  <property name="Category" value="GDX.Tests" />
                </properties>
              </test-case>
              <test-case id="1581" name="Constructor_CreateWithExistingNoCount_FillsListNoCount" fullname="GDX.Collections.Generic.SimpleListTests.Constructor_CreateWithExistingNoCount_FillsListNoCount" methodname="Constructor_CreateWithExistingNoCount_FillsListNoCount" classname="GDX.Collections.Generic.SimpleListTests" runstate="Runnable" seed="1420997506" result="Passed" start-time="2022-09-04 01:21:39Z" end-time="2022-09-04 01:21:39Z" duration="0.000217" asserts="0">
                <properties>
                  <property name="Category" value="GDX.Tests" />
                </properties>
              </test-case>
              <test-case id="1593" name="InsertExpandClearBoth_MockDataWithExpansion_ValueAdded" fullname="GDX.Collections.Generic.SimpleListTests.InsertExpandClearBoth_MockDataWithExpansion_ValueAdded" methodname="InsertExpandClearBoth_MockDataWithExpansion_ValueAdded" classname="GDX.Collections.Generic.SimpleListTests" runstate="Runnable" seed="1475443337" result="Passed" start-time="2022-09-04 01:21:39Z" end-time="2022-09-04 01:21:39Z" duration="0.000486" asserts="0">
                <properties>
                  <property name="Category" value="GDX.Tests" />
                </properties>
              </test-case>
              <test-case id="1592" name="InsertExpandClearNew_MockDataWithExpansion_ValueAdded" fullname="GDX.Collections.Generic.SimpleListTests.InsertExpandClearNew_MockDataWithExpansion_ValueAdded" methodname="InsertExpandClearNew_MockDataWithExpansion_ValueAdded" classname="GDX.Collections.Generic.SimpleListTests" runstate="Runnable" seed="1292470604" result="Passed" start-time="2022-09-04 01:21:39Z" end-time="2022-09-04 01:21:39Z" duration="0.000409" asserts="0">
                <properties>
                  <property name="Category" value="GDX.Tests" />
                </properties>
              </test-case>
              <test-case id="1591" name="InsertExpandClearOld_MockDataWithExpansion_ValueAdded" fullname="GDX.Collections.Generic.SimpleListTests.InsertExpandClearOld_MockDataWithExpansion_ValueAdded" methodname="InsertExpandClearOld_MockDataWithExpansion_ValueAdded" classname="GDX.Collections.Generic.SimpleListTests" runstate="Runnable" seed="1416014181" result="Passed" start-time="2022-09-04 01:21:39Z" end-time="2022-09-04 01:21:39Z" duration="0.000436" asserts="0">
                <properties>
                  <property name="Category" value="GDX.Tests" />
                </properties>
              </test-case>
              <test-case id="1590" name="InsertExpandNoClear_MockDataWithExpansion_ValueAdded" fullname="GDX.Collections.Generic.SimpleListTests.InsertExpandNoClear_MockDataWithExpansion_ValueAdded" methodname="InsertExpandNoClear_MockDataWithExpansion_ValueAdded" classname="GDX.Collections.Generic.SimpleListTests" runstate="Runnable" seed="1326375000" result="Passed" start-time="2022-09-04 01:21:39Z" end-time="2022-09-04 01:21:39Z" duration="0.000411" asserts="0">
                <properties>
                  <property name="Category" value="GDX.Tests" />
                </properties>
              </test-case>
              <test-case id="1595" name="InsertUnchecked_MockDataAtEnd_ValueAdded" fullname="GDX.Collections.Generic.SimpleListTests.InsertUnchecked_MockDataAtEnd_ValueAdded" methodname="InsertUnchecked_MockDataAtEnd_ValueAdded" classname="GDX.Collections.Generic.SimpleListTests" runstate="Runnable" seed="12754067" result="Passed" start-time="2022-09-04 01:21:39Z" end-time="2022-09-04 01:21:39Z" duration="0.000239" asserts="0">
                <properties>
                  <property name="Category" value="GDX.Tests" />
                </properties>
              </test-case>
              <test-case id="1596" name="InsertUnchecked_MockDataAtStart_ValueAdded" fullname="GDX.Collections.Generic.SimpleListTests.InsertUnchecked_MockDataAtStart_ValueAdded" methodname="InsertUnchecked_MockDataAtStart_ValueAdded" classname="GDX.Collections.Generic.SimpleListTests" runstate="Runnable" seed="973868357" result="Passed" start-time="2022-09-04 01:21:39Z" end-time="2022-09-04 01:21:39Z" duration="0.000170" asserts="0">
                <properties>
                  <property name="Category" value="GDX.Tests" />
                </properties>
              </test-case>
              <test-case id="1597" name="InsertUnchecked_MockDataInMiddle_ValueAdded" fullname="GDX.Collections.Generic.SimpleListTests.InsertUnchecked_MockDataInMiddle_ValueAdded" methodname="InsertUnchecked_MockDataInMiddle_ValueAdded" classname="GDX.Collections.Generic.SimpleListTests" runstate="Runnable" seed="2057706787" result="Passed" start-time="2022-09-04 01:21:39Z" end-time="2022-09-04 01:21:39Z" duration="0.000167" asserts="0">
                <properties>
                  <property name="Category" value="GDX.Tests" />
                </properties>
              </test-case>
              <test-case id="1598" name="InsertWithExpandCheck_MockDataAtEnd_ValueAdded" fullname="GDX.Collections.Generic.SimpleListTests.InsertWithExpandCheck_MockDataAtEnd_ValueAdded" methodname="InsertWithExpandCheck_MockDataAtEnd_ValueAdded" classname="GDX.Collections.Generic.SimpleListTests" runstate="Runnable" seed="56109263" result="Passed" start-time="2022-09-04 01:21:39Z" end-time="2022-09-04 01:21:39Z" duration="0.000268" asserts="0">
                <properties>
                  <property name="Category" value="GDX.Tests" />
                </properties>
              </test-case>
              <test-case id="1601" name="InsertWithExpandCheck_MockDataAtEndAndCustomCount_ValueAdded" fullname="GDX.Collections.Generic.SimpleListTests.InsertWithExpandCheck_MockDataAtEndAndCustomCount_ValueAdded" methodname="InsertWithExpandCheck_MockDataAtEndAndCustomCount_ValueAdded" classname="GDX.Collections.Generic.SimpleListTests" runstate="Runnable" seed="897363126" result="Passed" start-time="2022-09-04 01:21:39Z" end-time="2022-09-04 01:21:39Z" duration="0.000278" asserts="0">
                <properties>
                  <property name="Category" value="GDX.Tests" />
                </properties>
              </test-case>
              <test-case id="1599" name="InsertWithExpandCheck_MockDataAtStart_ValueAdded" fullname="GDX.Collections.Generic.SimpleListTests.InsertWithExpandCheck_MockDataAtStart_ValueAdded" methodname="InsertWithExpandCheck_MockDataAtStart_ValueAdded" classname="GDX.Collections.Generic.SimpleListTests" runstate="Runnable" seed="1176173918" result="Passed" start-time="2022-09-04 01:21:39Z" end-time="2022-09-04 01:21:39Z" duration="0.000172" asserts="0">
                <properties>
                  <property name="Category" value="GDX.Tests" />
                </properties>
              </test-case>
              <test-case id="1602" name="InsertWithExpandCheck_MockDataAtStartAndCustomCount_ValueAdded" fullname="GDX.Collections.Generic.SimpleListTests.InsertWithExpandCheck_MockDataAtStartAndCustomCount_ValueAdded" methodname="InsertWithExpandCheck_MockDataAtStartAndCustomCount_ValueAdded" classname="GDX.Collections.Generic.SimpleListTests" runstate="Runnable" seed="513714572" result="Passed" start-time="2022-09-04 01:21:39Z" end-time="2022-09-04 01:21:39Z" duration="0.000180" asserts="0">
                <properties>
                  <property name="Category" value="GDX.Tests" />
                </properties>
              </test-case>
              <test-case id="1600" name="InsertWithExpandCheck_MockDataInMiddle_ValueAdded" fullname="GDX.Collections.Generic.SimpleListTests.InsertWithExpandCheck_MockDataInMiddle_ValueAdded" methodname="InsertWithExpandCheck_MockDataInMiddle_ValueAdded" classname="GDX.Collections.Generic.SimpleListTests" runstate="Runnable" seed="1322665086" result="Passed" start-time="2022-09-04 01:21:39Z" end-time="2022-09-04 01:21:39Z" duration="0.000166" asserts="0">
                <properties>
                  <property name="Category" value="GDX.Tests" />
                </properties>
              </test-case>
              <test-case id="1603" name="InsertWithExpandCheck_MockDataInMiddleAndCustomCount_ValueAdded" fullname="GDX.Collections.Generic.SimpleListTests.InsertWithExpandCheck_MockDataInMiddleAndCustomCount_ValueAdded" methodname="InsertWithExpandCheck_MockDataInMiddleAndCustomCount_ValueAdded" classname="GDX.Collections.Generic.SimpleListTests" runstate="Runnable" seed="1780847663" result="Passed" start-time="2022-09-04 01:21:39Z" end-time="2022-09-04 01:21:39Z" duration="0.000175" asserts="0">
                <properties>
                  <property name="Category" value="GDX.Tests" />
                </properties>
              </test-case>
              <test-case id="1604" name="RemoveAt_MockDataAtEnd_ValueRemoved" fullname="GDX.Collections.Generic.SimpleListTests.RemoveAt_MockDataAtEnd_ValueRemoved" methodname="RemoveAt_MockDataAtEnd_ValueRemoved" classname="GDX.Collections.Generic.SimpleListTests" runstate="Runnable" seed="97079928" result="Passed" start-time="2022-09-04 01:21:39Z" end-time="2022-09-04 01:21:39Z" duration="0.000256" asserts="0">
                <properties>
                  <property name="Category" value="GDX.Tests" />
                </properties>
              </test-case>
              <test-case id="1605" name="RemoveAt_MockDataAtStart_ValueRemoved" fullname="GDX.Collections.Generic.SimpleListTests.RemoveAt_MockDataAtStart_ValueRemoved" methodname="RemoveAt_MockDataAtStart_ValueRemoved" classname="GDX.Collections.Generic.SimpleListTests" runstate="Runnable" seed="2070987543" result="Passed" start-time="2022-09-04 01:21:39Z" end-time="2022-09-04 01:21:39Z" duration="0.000183" asserts="0">
                <properties>
                  <property name="Category" value="GDX.Tests" />
                </properties>
              </test-case>
              <test-case id="1606" name="RemoveAt_MockDataInMiddle_ValueRemoved" fullname="GDX.Collections.Generic.SimpleListTests.RemoveAt_MockDataInMiddle_ValueRemoved" methodname="RemoveAt_MockDataInMiddle_ValueRemoved" classname="GDX.Collections.Generic.SimpleListTests" runstate="Runnable" seed="1178090121" result="Passed" start-time="2022-09-04 01:21:39Z" end-time="2022-09-04 01:21:39Z" duration="0.000171" asserts="0">
                <properties>
                  <property name="Category" value="GDX.Tests" />
                </properties>
              </test-case>
              <test-case id="1607" name="RemoveAtSwapBack_MockDataAtEnd_ValueRemoved" fullname="GDX.Collections.Generic.SimpleListTests.RemoveAtSwapBack_MockDataAtEnd_ValueRemoved" methodname="RemoveAtSwapBack_MockDataAtEnd_ValueRemoved" classname="GDX.Collections.Generic.SimpleListTests" runstate="Runnable" seed="979512037" result="Passed" start-time="2022-09-04 01:21:39Z" end-time="2022-09-04 01:21:39Z" duration="0.000238" asserts="0">
                <properties>
                  <property name="Category" value="GDX.Tests" />
                </properties>
              </test-case>
              <test-case id="1608" name="RemoveAtSwapBack_MockDataAtStart_ValueRemoved" fullname="GDX.Collections.Generic.SimpleListTests.RemoveAtSwapBack_MockDataAtStart_ValueRemoved" methodname="RemoveAtSwapBack_MockDataAtStart_ValueRemoved" classname="GDX.Collections.Generic.SimpleListTests" runstate="Runnable" seed="1246708684" result="Passed" start-time="2022-09-04 01:21:39Z" end-time="2022-09-04 01:21:39Z" duration="0.000179" asserts="0">
                <properties>
                  <property name="Category" value="GDX.Tests" />
                </properties>
              </test-case>
              <test-case id="1609" name="RemoveAtSwapBack_MockDataInMiddle_ValueRemoved" fullname="GDX.Collections.Generic.SimpleListTests.RemoveAtSwapBack_MockDataInMiddle_ValueRemoved" methodname="RemoveAtSwapBack_MockDataInMiddle_ValueRemoved" classname="GDX.Collections.Generic.SimpleListTests" runstate="Runnable" seed="2059056515" result="Passed" start-time="2022-09-04 01:21:39Z" end-time="2022-09-04 01:21:39Z" duration="0.000168" asserts="0">
                <properties>
                  <property name="Category" value="GDX.Tests" />
                </properties>
              </test-case>
              <test-case id="1610" name="RemoveFromBack_MockData_ValueRemoved" fullname="GDX.Collections.Generic.SimpleListTests.RemoveFromBack_MockData_ValueRemoved" methodname="RemoveFromBack_MockData_ValueRemoved" classname="GDX.Collections.Generic.SimpleListTests" runstate="Runnable" seed="317281447" result="Passed" start-time="2022-09-04 01:21:39Z" end-time="2022-09-04 01:21:39Z" duration="0.000226" asserts="0">
                <properties>
                  <property name="Category" value="GDX.Tests" />
                </properties>
              </test-case>
              <test-case id="1611" name="Reserve_MockData_ArrayExpanded" fullname="GDX.Collections.Generic.SimpleListTests.Reserve_MockData_ArrayExpanded" methodname="Reserve_MockData_ArrayExpanded" classname="GDX.Collections.Generic.SimpleListTests" runstate="Runnable" seed="1419927170" result="Passed" start-time="2022-09-04 01:21:39Z" end-time="2022-09-04 01:21:39Z" duration="0.000224" asserts="0">
                <properties>
                  <property name="Category" value="GDX.Tests" />
                </properties>
              </test-case>
              <test-case id="1615" name="ReserveClearBoth_MockDataWithExpansion_ValueAdded" fullname="GDX.Collections.Generic.SimpleListTests.ReserveClearBoth_MockDataWithExpansion_ValueAdded" methodname="ReserveClearBoth_MockDataWithExpansion_ValueAdded" classname="GDX.Collections.Generic.SimpleListTests" runstate="Runnable" seed="609019555" result="Passed" start-time="2022-09-04 01:21:39Z" end-time="2022-09-04 01:21:39Z" duration="0.000377" asserts="0">
                <properties>
                  <property name="Category" value="GDX.Tests" />
                </properties>
              </test-case>
              <test-case id="1614" name="ReserveClearNew_MockDataWithExpansion_ValueAdded" fullname="GDX.Collections.Generic.SimpleListTests.ReserveClearNew_MockDataWithExpansion_ValueAdded" methodname="ReserveClearNew_MockDataWithExpansion_ValueAdded" classname="GDX.Collections.Generic.SimpleListTests" runstate="Runnable" seed="1711072291" result="Passed" start-time="2022-09-04 01:21:39Z" end-time="2022-09-04 01:21:39Z" duration="0.000383" asserts="0">
                <properties>
                  <property name="Category" value="GDX.Tests" />
                </properties>
              </test-case>
              <test-case id="1613" name="ReserveClearOld_MockDataWithExpansion_ValueAdded" fullname="GDX.Collections.Generic.SimpleListTests.ReserveClearOld_MockDataWithExpansion_ValueAdded" methodname="ReserveClearOld_MockDataWithExpansion_ValueAdded" classname="GDX.Collections.Generic.SimpleListTests" runstate="Runnable" seed="155255159" result="Passed" start-time="2022-09-04 01:21:39Z" end-time="2022-09-04 01:21:39Z" duration="0.000390" asserts="0">
                <properties>
                  <property name="Category" value="GDX.Tests" />
                </properties>
              </test-case>
              <test-case id="1612" name="ReserveNoClear_MockDataWithExpansion_ValueAdded" fullname="GDX.Collections.Generic.SimpleListTests.ReserveNoClear_MockDataWithExpansion_ValueAdded" methodname="ReserveNoClear_MockDataWithExpansion_ValueAdded" classname="GDX.Collections.Generic.SimpleListTests" runstate="Runnable" seed="138510038" result="Passed" start-time="2022-09-04 01:21:39Z" end-time="2022-09-04 01:21:39Z" duration="0.000386" asserts="0">
                <properties>
                  <property name="Category" value="GDX.Tests" />
                </properties>
              </test-case>
              <test-case id="1616" name="Reverse_MockDataEven_ArrayReversed" fullname="GDX.Collections.Generic.SimpleListTests.Reverse_MockDataEven_ArrayReversed" methodname="Reverse_MockDataEven_ArrayReversed" classname="GDX.Collections.Generic.SimpleListTests" runstate="Runnable" seed="2077600833" result="Passed" start-time="2022-09-04 01:21:39Z" end-time="2022-09-04 01:21:39Z" duration="0.000296" asserts="0">
                <properties>
                  <property name="Category" value="GDX.Tests" />
                </properties>
              </test-case>
              <test-case id="1617" name="Reverse_MockDataOdd_ArrayReversed" fullname="GDX.Collections.Generic.SimpleListTests.Reverse_MockDataOdd_ArrayReversed" methodname="Reverse_MockDataOdd_ArrayReversed" classname="GDX.Collections.Generic.SimpleListTests" runstate="Runnable" seed="2060564801" result="Passed" start-time="2022-09-04 01:21:39Z" end-time="2022-09-04 01:21:39Z" duration="0.000204" asserts="0">
                <properties>
                  <property name="Category" value="GDX.Tests" />
                </properties>
              </test-case>
              <test-case id="1618" name="Reverse_MockDataOddLimited_ArrayReversed" fullname="GDX.Collections.Generic.SimpleListTests.Reverse_MockDataOddLimited_ArrayReversed" methodname="Reverse_MockDataOddLimited_ArrayReversed" classname="GDX.Collections.Generic.SimpleListTests" runstate="Runnable" seed="1621112547" result="Passed" start-time="2022-09-04 01:21:39Z" end-time="2022-09-04 01:21:39Z" duration="0.000183" asserts="0">
                <properties>
                  <property name="Category" value="GDX.Tests" />
                </properties>
              </test-case>
            </test-suite>
            <test-suite type="TestFixture" id="1619" name="SparseSetTests" fullname="GDX.Collections.Generic.SparseSetTests" classname="GDX.Collections.Generic.SparseSetTests" runstate="Runnable" testcasecount="54" result="Passed" start-time="2022-09-04 01:21:39Z" end-time="2022-09-04 01:21:39Z" duration="0.035821" total="54" passed="54" failed="0" inconclusive="0" skipped="0" asserts="0">
              <properties />
              <test-case id="1622" name="AddUnchecked_MockData_IndicesReserved" fullname="GDX.Collections.Generic.SparseSetTests.AddUnchecked_MockData_IndicesReserved" methodname="AddUnchecked_MockData_IndicesReserved" classname="GDX.Collections.Generic.SparseSetTests" runstate="Runnable" seed="1176903574" result="Passed" start-time="2022-09-04 01:21:39Z" end-time="2022-09-04 01:21:39Z" duration="0.000384" asserts="0">
                <properties>
                  <property name="Category" value="GDX.Tests" />
                </properties>
              </test-case>
              <test-case id="1625" name="AddUnchecked_MockDataAndVersionArrayOverflow_ThrowsException" fullname="GDX.Collections.Generic.SparseSetTests.AddUnchecked_MockDataAndVersionArrayOverflow_ThrowsException" methodname="AddUnchecked_MockDataAndVersionArrayOverflow_ThrowsException" classname="GDX.Collections.Generic.SparseSetTests" runstate="Runnable" seed="69470591" result="Passed" start-time="2022-09-04 01:21:39Z" end-time="2022-09-04 01:21:39Z" duration="0.000462" asserts="0">
                <properties>
                  <property name="Category" value="GDX.Tests" />
                </properties>
              </test-case>
              <test-case id="1658" name="AddUnchecked_MockDataGeneric0_Added" fullname="GDX.Collections.Generic.SparseSetTests.AddUnchecked_MockDataGeneric0_Added" methodname="AddUnchecked_MockDataGeneric0_Added" classname="GDX.Collections.Generic.SparseSetTests" runstate="Runnable" seed="1690902473" result="Passed" start-time="2022-09-04 01:21:39Z" end-time="2022-09-04 01:21:39Z" duration="0.000266" asserts="0">
                <properties>
                  <property name="Category" value="GDX.Tests" />
                </properties>
              </test-case>
              <test-case id="1659" name="AddUnchecked_MockDataGeneric1_Added" fullname="GDX.Collections.Generic.SparseSetTests.AddUnchecked_MockDataGeneric1_Added" methodname="AddUnchecked_MockDataGeneric1_Added" classname="GDX.Collections.Generic.SparseSetTests" runstate="Runnable" seed="2058371739" result="Passed" start-time="2022-09-04 01:21:39Z" end-time="2022-09-04 01:21:39Z" duration="0.000291" asserts="0">
                <properties>
                  <property name="Category" value="GDX.Tests" />
                </properties>
              </test-case>
              <test-case id="1660" name="AddUnchecked_MockDataGeneric2_Added" fullname="GDX.Collections.Generic.SparseSetTests.AddUnchecked_MockDataGeneric2_Added" methodname="AddUnchecked_MockDataGeneric2_Added" classname="GDX.Collections.Generic.SparseSetTests" runstate="Runnable" seed="714017855" result="Passed" start-time="2022-09-04 01:21:39Z" end-time="2022-09-04 01:21:39Z" duration="0.000295" asserts="0">
                <properties>
                  <property name="Category" value="GDX.Tests" />
                </properties>
              </test-case>
              <test-case id="1661" name="AddUnchecked_MockDataGeneric3_Added" fullname="GDX.Collections.Generic.SparseSetTests.AddUnchecked_MockDataGeneric3_Added" methodname="AddUnchecked_MockDataGeneric3_Added" classname="GDX.Collections.Generic.SparseSetTests" runstate="Runnable" seed="1468504454" result="Passed" start-time="2022-09-04 01:21:39Z" end-time="2022-09-04 01:21:39Z" duration="0.000316" asserts="0">
                <properties>
                  <property name="Category" value="GDX.Tests" />
                </properties>
              </test-case>
              <test-case id="1662" name="AddUnchecked_MockDataGeneric4_Added" fullname="GDX.Collections.Generic.SparseSetTests.AddUnchecked_MockDataGeneric4_Added" methodname="AddUnchecked_MockDataGeneric4_Added" classname="GDX.Collections.Generic.SparseSetTests" runstate="Runnable" seed="1516575475" result="Passed" start-time="2022-09-04 01:21:39Z" end-time="2022-09-04 01:21:39Z" duration="0.000332" asserts="0">
                <properties>
                  <property name="Category" value="GDX.Tests" />
                </properties>
              </test-case>
              <test-case id="1663" name="AddUnchecked_MockDataGeneric5_Added" fullname="GDX.Collections.Generic.SparseSetTests.AddUnchecked_MockDataGeneric5_Added" methodname="AddUnchecked_MockDataGeneric5_Added" classname="GDX.Collections.Generic.SparseSetTests" runstate="Runnable" seed="2135173238" result="Passed" start-time="2022-09-04 01:21:39Z" end-time="2022-09-04 01:21:39Z" duration="0.000419" asserts="0">
                <properties>
                  <property name="Category" value="GDX.Tests" />
                </properties>
              </test-case>
              <test-case id="1664" name="AddUnchecked_MockDataGeneric6_Added" fullname="GDX.Collections.Generic.SparseSetTests.AddUnchecked_MockDataGeneric6_Added" methodname="AddUnchecked_MockDataGeneric6_Added" classname="GDX.Collections.Generic.SparseSetTests" runstate="Runnable" seed="2034599169" result="Passed" start-time="2022-09-04 01:21:39Z" end-time="2022-09-04 01:21:39Z" duration="0.000369" asserts="0">
                <properties>
                  <property name="Category" value="GDX.Tests" />
                </properties>
              </test-case>
              <test-case id="1665" name="AddUnchecked_MockDataGeneric7_Added" fullname="GDX.Collections.Generic.SparseSetTests.AddUnchecked_MockDataGeneric7_Added" methodname="AddUnchecked_MockDataGeneric7_Added" classname="GDX.Collections.Generic.SparseSetTests" runstate="Runnable" seed="397170030" result="Passed" start-time="2022-09-04 01:21:39Z" end-time="2022-09-04 01:21:39Z" duration="0.000382" asserts="0">
                <properties>
                  <property name="Category" value="GDX.Tests" />
                </properties>
              </test-case>
              <test-case id="1624" name="AddUnchecked_MockDataOverflow_ThrowsException" fullname="GDX.Collections.Generic.SparseSetTests.AddUnchecked_MockDataOverflow_ThrowsException" methodname="AddUnchecked_MockDataOverflow_ThrowsException" classname="GDX.Collections.Generic.SparseSetTests" runstate="Runnable" seed="438040599" result="Passed" start-time="2022-09-04 01:21:39Z" end-time="2022-09-04 01:21:39Z" duration="0.000283" asserts="0">
                <properties>
                  <property name="Category" value="GDX.Tests" />
                </properties>
              </test-case>
              <test-case id="1623" name="AddUnchecked_MockDataWithVersionArray__IndicesReserved" fullname="GDX.Collections.Generic.SparseSetTests.AddUnchecked_MockDataWithVersionArray__IndicesReserved" methodname="AddUnchecked_MockDataWithVersionArray__IndicesReserved" classname="GDX.Collections.Generic.SparseSetTests" runstate="Runnable" seed="137670560" result="Passed" start-time="2022-09-04 01:21:39Z" end-time="2022-09-04 01:21:39Z" duration="0.000207" asserts="0">
                <properties>
                  <property name="Category" value="GDX.Tests" />
                </properties>
              </test-case>
              <test-case id="1628" name="AddUnchecked_MockDataWithVersionArray_Expanded" fullname="GDX.Collections.Generic.SparseSetTests.AddUnchecked_MockDataWithVersionArray_Expanded" methodname="AddUnchecked_MockDataWithVersionArray_Expanded" classname="GDX.Collections.Generic.SparseSetTests" runstate="Runnable" seed="1939488323" result="Passed" start-time="2022-09-04 01:21:39Z" end-time="2022-09-04 01:21:39Z" duration="0.000358" asserts="0">
                <properties>
                  <property name="Category" value="GDX.Tests" />
                </properties>
              </test-case>
              <test-case id="1626" name="AddWithExpandCheck_MockData_Expanded" fullname="GDX.Collections.Generic.SparseSetTests.AddWithExpandCheck_MockData_Expanded" methodname="AddWithExpandCheck_MockData_Expanded" classname="GDX.Collections.Generic.SparseSetTests" runstate="Runnable" seed="1546213750" result="Passed" start-time="2022-09-04 01:21:39Z" end-time="2022-09-04 01:21:39Z" duration="0.000209" asserts="0">
                <properties>
                  <property name="Category" value="GDX.Tests" />
                </properties>
              </test-case>
              <test-case id="1650" name="AddWithExpandCheck_MockDataGeneric0_Expanded" fullname="GDX.Collections.Generic.SparseSetTests.AddWithExpandCheck_MockDataGeneric0_Expanded" methodname="AddWithExpandCheck_MockDataGeneric0_Expanded" classname="GDX.Collections.Generic.SparseSetTests" runstate="Runnable" seed="621619335" result="Passed" start-time="2022-09-04 01:21:39Z" end-time="2022-09-04 01:21:39Z" duration="0.000366" asserts="0">
                <properties>
                  <property name="Category" value="GDX.Tests" />
                </properties>
              </test-case>
              <test-case id="1651" name="AddWithExpandCheck_MockDataGeneric1_Expanded" fullname="GDX.Collections.Generic.SparseSetTests.AddWithExpandCheck_MockDataGeneric1_Expanded" methodname="AddWithExpandCheck_MockDataGeneric1_Expanded" classname="GDX.Collections.Generic.SparseSetTests" runstate="Runnable" seed="1983290962" result="Passed" start-time="2022-09-04 01:21:39Z" end-time="2022-09-04 01:21:39Z" duration="0.000402" asserts="0">
                <properties>
                  <property name="Category" value="GDX.Tests" />
                </properties>
              </test-case>
              <test-case id="1652" name="AddWithExpandCheck_MockDataGeneric2_Expanded" fullname="GDX.Collections.Generic.SparseSetTests.AddWithExpandCheck_MockDataGeneric2_Expanded" methodname="AddWithExpandCheck_MockDataGeneric2_Expanded" classname="GDX.Collections.Generic.SparseSetTests" runstate="Runnable" seed="377167748" result="Passed" start-time="2022-09-04 01:21:39Z" end-time="2022-09-04 01:21:39Z" duration="0.000432" asserts="0">
                <properties>
                  <property name="Category" value="GDX.Tests" />
                </properties>
              </test-case>
              <test-case id="1653" name="AddWithExpandCheck_MockDataGeneric3_Expanded" fullname="GDX.Collections.Generic.SparseSetTests.AddWithExpandCheck_MockDataGeneric3_Expanded" methodname="AddWithExpandCheck_MockDataGeneric3_Expanded" classname="GDX.Collections.Generic.SparseSetTests" runstate="Runnable" seed="1669764218" result="Passed" start-time="2022-09-04 01:21:39Z" end-time="2022-09-04 01:21:39Z" duration="0.000460" asserts="0">
                <properties>
                  <property name="Category" value="GDX.Tests" />
                </properties>
              </test-case>
              <test-case id="1654" name="AddWithExpandCheck_MockDataGeneric4_Expanded" fullname="GDX.Collections.Generic.SparseSetTests.AddWithExpandCheck_MockDataGeneric4_Expanded" methodname="AddWithExpandCheck_MockDataGeneric4_Expanded" classname="GDX.Collections.Generic.SparseSetTests" runstate="Runnable" seed="743304381" result="Passed" start-time="2022-09-04 01:21:39Z" end-time="2022-09-04 01:21:39Z" duration="0.000600" asserts="0">
                <properties>
                  <property name="Category" value="GDX.Tests" />
                </properties>
              </test-case>
              <test-case id="1655" name="AddWithExpandCheck_MockDataGeneric5_Expanded" fullname="GDX.Collections.Generic.SparseSetTests.AddWithExpandCheck_MockDataGeneric5_Expanded" methodname="AddWithExpandCheck_MockDataGeneric5_Expanded" classname="GDX.Collections.Generic.SparseSetTests" runstate="Runnable" seed="1420033689" result="Passed" start-time="2022-09-04 01:21:39Z" end-time="2022-09-04 01:21:39Z" duration="0.000511" asserts="0">
                <properties>
                  <property name="Category" value="GDX.Tests" />
                </properties>
              </test-case>
              <test-case id="1656" name="AddWithExpandCheck_MockDataGeneric6_Expanded" fullname="GDX.Collections.Generic.SparseSetTests.AddWithExpandCheck_MockDataGeneric6_Expanded" methodname="AddWithExpandCheck_MockDataGeneric6_Expanded" classname="GDX.Collections.Generic.SparseSetTests" runstate="Runnable" seed="1752554173" result="Passed" start-time="2022-09-04 01:21:39Z" end-time="2022-09-04 01:21:39Z" duration="0.000535" asserts="0">
                <properties>
                  <property name="Category" value="GDX.Tests" />
                </properties>
              </test-case>
              <test-case id="1657" name="AddWithExpandCheck_MockDataGeneric7_Expanded" fullname="GDX.Collections.Generic.SparseSetTests.AddWithExpandCheck_MockDataGeneric7_Expanded" methodname="AddWithExpandCheck_MockDataGeneric7_Expanded" classname="GDX.Collections.Generic.SparseSetTests" runstate="Runnable" seed="406220725" result="Passed" start-time="2022-09-04 01:21:39Z" end-time="2022-09-04 01:21:39Z" duration="0.000589" asserts="0">
                <properties>
                  <property name="Category" value="GDX.Tests" />
                </properties>
              </test-case>
              <test-case id="1627" name="AddWithExpandCheck_MockDataWithVersionArray_Expanded" fullname="GDX.Collections.Generic.SparseSetTests.AddWithExpandCheck_MockDataWithVersionArray_Expanded" methodname="AddWithExpandCheck_MockDataWithVersionArray_Expanded" classname="GDX.Collections.Generic.SparseSetTests" runstate="Runnable" seed="2003837789" result="Passed" start-time="2022-09-04 01:21:39Z" end-time="2022-09-04 01:21:39Z" duration="0.000218" asserts="0">
                <properties>
                  <property name="Category" value="GDX.Tests" />
                </properties>
              </test-case>
              <test-case id="1643" name="Clear_MockData_ArraysCleared" fullname="GDX.Collections.Generic.SparseSetTests.Clear_MockData_ArraysCleared" methodname="Clear_MockData_ArraysCleared" classname="GDX.Collections.Generic.SparseSetTests" runstate="Runnable" seed="359491837" result="Passed" start-time="2022-09-04 01:21:39Z" end-time="2022-09-04 01:21:39Z" duration="0.000255" asserts="0">
                <properties>
                  <property name="Category" value="GDX.Tests" />
                </properties>
              </test-case>
              <test-case id="1644" name="Clear_MockDataWithVersionArray_ArraysCleared" fullname="GDX.Collections.Generic.SparseSetTests.Clear_MockDataWithVersionArray_ArraysCleared" methodname="Clear_MockDataWithVersionArray_ArraysCleared" classname="GDX.Collections.Generic.SparseSetTests" runstate="Runnable" seed="689559518" result="Passed" start-time="2022-09-04 01:21:39Z" end-time="2022-09-04 01:21:39Z" duration="0.000265" asserts="0">
                <properties>
                  <property name="Category" value="GDX.Tests" />
                </properties>
              </test-case>
              <test-case id="1645" name="ClearWithVersionReset_MockData_ArraysClearedAndVersionReset" fullname="GDX.Collections.Generic.SparseSetTests.ClearWithVersionReset_MockData_ArraysClearedAndVersionReset" methodname="ClearWithVersionReset_MockData_ArraysClearedAndVersionReset" classname="GDX.Collections.Generic.SparseSetTests" runstate="Runnable" seed="20282020" result="Passed" start-time="2022-09-04 01:21:39Z" end-time="2022-09-04 01:21:39Z" duration="0.000258" asserts="0">
                <properties>
                  <property name="Category" value="GDX.Tests" />
                </properties>
              </test-case>
              <test-case id="1620" name="Constructor_CreateWithCount" fullname="GDX.Collections.Generic.SparseSetTests.Constructor_CreateWithCount" methodname="Constructor_CreateWithCount" classname="GDX.Collections.Generic.SparseSetTests" runstate="Runnable" seed="1517418854" result="Passed" start-time="2022-09-04 01:21:39Z" end-time="2022-09-04 01:21:39Z" duration="0.000154" asserts="0">
                <properties>
                  <property name="Category" value="GDX.Tests" />
                </properties>
              </test-case>
              <test-case id="1621" name="Constructor_CreateWithCountAndVersionArray" fullname="GDX.Collections.Generic.SparseSetTests.Constructor_CreateWithCountAndVersionArray" methodname="Constructor_CreateWithCountAndVersionArray" classname="GDX.Collections.Generic.SparseSetTests" runstate="Runnable" seed="394714536" result="Passed" start-time="2022-09-04 01:21:39Z" end-time="2022-09-04 01:21:39Z" duration="0.000164" asserts="0">
                <properties>
                  <property name="Category" value="GDX.Tests" />
                </properties>
              </test-case>
              <test-case id="1646" name="Expand_MockData_Expanded" fullname="GDX.Collections.Generic.SparseSetTests.Expand_MockData_Expanded" methodname="Expand_MockData_Expanded" classname="GDX.Collections.Generic.SparseSetTests" runstate="Runnable" seed="2026613740" result="Passed" start-time="2022-09-04 01:21:39Z" end-time="2022-09-04 01:21:39Z" duration="0.000252" asserts="0">
                <properties>
                  <property name="Category" value="GDX.Tests" />
                </properties>
              </test-case>
              <test-case id="1647" name="Expand_MockDataWithVersionArray_Expanded" fullname="GDX.Collections.Generic.SparseSetTests.Expand_MockDataWithVersionArray_Expanded" methodname="Expand_MockDataWithVersionArray_Expanded" classname="GDX.Collections.Generic.SparseSetTests" runstate="Runnable" seed="291799941" result="Passed" start-time="2022-09-04 01:21:39Z" end-time="2022-09-04 01:21:39Z" duration="0.000287" asserts="0">
                <properties>
                  <property name="Category" value="GDX.Tests" />
                </properties>
              </test-case>
              <test-case id="1629" name="GetDenseIndexUnchecked_MockData_CorrectIndex" fullname="GDX.Collections.Generic.SparseSetTests.GetDenseIndexUnchecked_MockData_CorrectIndex" methodname="GetDenseIndexUnchecked_MockData_CorrectIndex" classname="GDX.Collections.Generic.SparseSetTests" runstate="Runnable" seed="948911841" result="Passed" start-time="2022-09-04 01:21:39Z" end-time="2022-09-04 01:21:39Z" duration="0.000204" asserts="0">
                <properties>
                  <property name="Category" value="GDX.Tests" />
                </properties>
              </test-case>
              <test-case id="1632" name="GetDenseIndexWithBoundsAndVersionCheck_MockData_CorrectIndexAndHandlesInvalidIndex" fullname="GDX.Collections.Generic.SparseSetTests.GetDenseIndexWithBoundsAndVersionCheck_MockData_CorrectIndexAndHandlesInvalidIndex" methodname="GetDenseIndexWithBoundsAndVersionCheck_MockData_CorrectIndexAndHandlesInvalidIndex" classname="GDX.Collections.Generic.SparseSetTests" runstate="Runnable" seed="1568599727" result="Passed" start-time="2022-09-04 01:21:39Z" end-time="2022-09-04 01:21:39Z" duration="0.000423" asserts="0">
                <properties>
                  <property name="Category" value="GDX.Tests" />
                </properties>
              </test-case>
              <test-case id="1630" name="GetDenseIndexWithBoundsCheck_MockData_CorrectIndexAndHandlesInvalidIndex" fullname="GDX.Collections.Generic.SparseSetTests.GetDenseIndexWithBoundsCheck_MockData_CorrectIndexAndHandlesInvalidIndex" methodname="GetDenseIndexWithBoundsCheck_MockData_CorrectIndexAndHandlesInvalidIndex" classname="GDX.Collections.Generic.SparseSetTests" runstate="Runnable" seed="1505141723" result="Passed" start-time="2022-09-04 01:21:39Z" end-time="2022-09-04 01:21:39Z" duration="0.000284" asserts="0">
                <properties>
                  <property name="Category" value="GDX.Tests" />
                </properties>
              </test-case>
              <test-case id="1631" name="GetDenseIndexWithVersionCheck_MockData_CorrectIndexAndHandlesVersion" fullname="GDX.Collections.Generic.SparseSetTests.GetDenseIndexWithVersionCheck_MockData_CorrectIndexAndHandlesVersion" methodname="GetDenseIndexWithVersionCheck_MockData_CorrectIndexAndHandlesVersion" classname="GDX.Collections.Generic.SparseSetTests" runstate="Runnable" seed="450284976" result="Passed" start-time="2022-09-04 01:21:39Z" end-time="2022-09-04 01:21:39Z" duration="0.000365" asserts="0">
                <properties>
                  <property name="Category" value="GDX.Tests" />
                </properties>
              </test-case>
              <test-case id="1638" name="RemoveUnchecked_MockData_ValidIndexRemoved" fullname="GDX.Collections.Generic.SparseSetTests.RemoveUnchecked_MockData_ValidIndexRemoved" methodname="RemoveUnchecked_MockData_ValidIndexRemoved" classname="GDX.Collections.Generic.SparseSetTests" runstate="Runnable" seed="610609794" result="Passed" start-time="2022-09-04 01:21:39Z" end-time="2022-09-04 01:21:39Z" duration="0.000232" asserts="0">
                <properties>
                  <property name="Category" value="GDX.Tests" />
                </properties>
              </test-case>
              <test-case id="1666" name="RemoveUnchecked_MockDataGeneric0_Removed" fullname="GDX.Collections.Generic.SparseSetTests.RemoveUnchecked_MockDataGeneric0_Removed" methodname="RemoveUnchecked_MockDataGeneric0_Removed" classname="GDX.Collections.Generic.SparseSetTests" runstate="Runnable" seed="777445577" result="Passed" start-time="2022-09-04 01:21:39Z" end-time="2022-09-04 01:21:39Z" duration="0.000281" asserts="0">
                <properties>
                  <property name="Category" value="GDX.Tests" />
                </properties>
              </test-case>
              <test-case id="1667" name="RemoveUnchecked_MockDataGeneric1_Removed" fullname="GDX.Collections.Generic.SparseSetTests.RemoveUnchecked_MockDataGeneric1_Removed" methodname="RemoveUnchecked_MockDataGeneric1_Removed" classname="GDX.Collections.Generic.SparseSetTests" runstate="Runnable" seed="1516009921" result="Passed" start-time="2022-09-04 01:21:39Z" end-time="2022-09-04 01:21:39Z" duration="0.000307" asserts="0">
                <properties>
                  <property name="Category" value="GDX.Tests" />
                </properties>
              </test-case>
              <test-case id="1668" name="RemoveUnchecked_MockDataGeneric2_Removed" fullname="GDX.Collections.Generic.SparseSetTests.RemoveUnchecked_MockDataGeneric2_Removed" methodname="RemoveUnchecked_MockDataGeneric2_Removed" classname="GDX.Collections.Generic.SparseSetTests" runstate="Runnable" seed="467945711" result="Passed" start-time="2022-09-04 01:21:39Z" end-time="2022-09-04 01:21:39Z" duration="0.000327" asserts="0">
                <properties>
                  <property name="Category" value="GDX.Tests" />
                </properties>
              </test-case>
              <test-case id="1669" name="RemoveUnchecked_MockDataGeneric3_Removed" fullname="GDX.Collections.Generic.SparseSetTests.RemoveUnchecked_MockDataGeneric3_Removed" methodname="RemoveUnchecked_MockDataGeneric3_Removed" classname="GDX.Collections.Generic.SparseSetTests" runstate="Runnable" seed="100669884" result="Passed" start-time="2022-09-04 01:21:39Z" end-time="2022-09-04 01:21:39Z" duration="0.000344" asserts="0">
                <properties>
                  <property name="Category" value="GDX.Tests" />
                </properties>
              </test-case>
              <test-case id="1670" name="RemoveUnchecked_MockDataGeneric4_Removed" fullname="GDX.Collections.Generic.SparseSetTests.RemoveUnchecked_MockDataGeneric4_Removed" methodname="RemoveUnchecked_MockDataGeneric4_Removed" classname="GDX.Collections.Generic.SparseSetTests" runstate="Runnable" seed="2144046166" result="Passed" start-time="2022-09-04 01:21:39Z" end-time="2022-09-04 01:21:39Z" duration="0.000368" asserts="0">
                <properties>
                  <property name="Category" value="GDX.Tests" />
                </properties>
              </test-case>
              <test-case id="1671" name="RemoveUnchecked_MockDataGeneric5_Removed" fullname="GDX.Collections.Generic.SparseSetTests.RemoveUnchecked_MockDataGeneric5_Removed" methodname="RemoveUnchecked_MockDataGeneric5_Removed" classname="GDX.Collections.Generic.SparseSetTests" runstate="Runnable" seed="676821178" result="Passed" start-time="2022-09-04 01:21:39Z" end-time="2022-09-04 01:21:39Z" duration="0.000393" asserts="0">
                <properties>
                  <property name="Category" value="GDX.Tests" />
                </properties>
              </test-case>
              <test-case id="1672" name="RemoveUnchecked_MockDataGeneric6_Removed" fullname="GDX.Collections.Generic.SparseSetTests.RemoveUnchecked_MockDataGeneric6_Removed" methodname="RemoveUnchecked_MockDataGeneric6_Removed" classname="GDX.Collections.Generic.SparseSetTests" runstate="Runnable" seed="915836069" result="Passed" start-time="2022-09-04 01:21:39Z" end-time="2022-09-04 01:21:39Z" duration="0.000415" asserts="0">
                <properties>
                  <property name="Category" value="GDX.Tests" />
                </properties>
              </test-case>
              <test-case id="1673" name="RemoveUnchecked_MockDataGeneric7_Removed" fullname="GDX.Collections.Generic.SparseSetTests.RemoveUnchecked_MockDataGeneric7_Removed" methodname="RemoveUnchecked_MockDataGeneric7_Removed" classname="GDX.Collections.Generic.SparseSetTests" runstate="Runnable" seed="650108867" result="Passed" start-time="2022-09-04 01:21:39Z" end-time="2022-09-04 01:21:39Z" duration="0.000440" asserts="0">
                <properties>
                  <property name="Category" value="GDX.Tests" />
                </properties>
              </test-case>
              <test-case id="1637" name="RemoveUnchecked_MockDataWithIndices_ValidIndexRemoved" fullname="GDX.Collections.Generic.SparseSetTests.RemoveUnchecked_MockDataWithIndices_ValidIndexRemoved" methodname="RemoveUnchecked_MockDataWithIndices_ValidIndexRemoved" classname="GDX.Collections.Generic.SparseSetTests" runstate="Runnable" seed="1299240118" result="Passed" start-time="2022-09-04 01:21:39Z" end-time="2022-09-04 01:21:39Z" duration="0.000253" asserts="0">
                <properties>
                  <property name="Category" value="GDX.Tests" />
                </properties>
              </test-case>
              <test-case id="1636" name="RemoveUnchecked_MockDataWithIndicesAndVersionArray_ValidIndexRemoved" fullname="GDX.Collections.Generic.SparseSetTests.RemoveUnchecked_MockDataWithIndicesAndVersionArray_ValidIndexRemoved" methodname="RemoveUnchecked_MockDataWithIndicesAndVersionArray_ValidIndexRemoved" classname="GDX.Collections.Generic.SparseSetTests" runstate="Runnable" seed="442646472" result="Passed" start-time="2022-09-04 01:21:39Z" end-time="2022-09-04 01:21:39Z" duration="0.000197" asserts="0">
                <properties>
                  <property name="Category" value="GDX.Tests" />
                </properties>
              </test-case>
              <test-case id="1639" name="RemoveUncheckedFromDenseIndex_MockData_ValidIndexRemoved" fullname="GDX.Collections.Generic.SparseSetTests.RemoveUncheckedFromDenseIndex_MockData_ValidIndexRemoved" methodname="RemoveUncheckedFromDenseIndex_MockData_ValidIndexRemoved" classname="GDX.Collections.Generic.SparseSetTests" runstate="Runnable" seed="1024987947" result="Passed" start-time="2022-09-04 01:21:39Z" end-time="2022-09-04 01:21:39Z" duration="0.000255" asserts="0">
                <properties>
                  <property name="Category" value="GDX.Tests" />
                </properties>
              </test-case>
              <test-case id="1640" name="RemoveUncheckedFromDenseIndex_MockDataWithSwapIndex_ValidIndexRemoved" fullname="GDX.Collections.Generic.SparseSetTests.RemoveUncheckedFromDenseIndex_MockDataWithSwapIndex_ValidIndexRemoved" methodname="RemoveUncheckedFromDenseIndex_MockDataWithSwapIndex_ValidIndexRemoved" classname="GDX.Collections.Generic.SparseSetTests" runstate="Runnable" seed="126249078" result="Passed" start-time="2022-09-04 01:21:39Z" end-time="2022-09-04 01:21:39Z" duration="0.000249" asserts="0">
                <properties>
                  <property name="Category" value="GDX.Tests" />
                </properties>
              </test-case>
              <test-case id="1641" name="RemoveUncheckedFromDenseIndex_MockDataWithVersionArray_ValidIndexRemoved" fullname="GDX.Collections.Generic.SparseSetTests.RemoveUncheckedFromDenseIndex_MockDataWithVersionArray_ValidIndexRemoved" methodname="RemoveUncheckedFromDenseIndex_MockDataWithVersionArray_ValidIndexRemoved" classname="GDX.Collections.Generic.SparseSetTests" runstate="Runnable" seed="456375940" result="Passed" start-time="2022-09-04 01:21:39Z" end-time="2022-09-04 01:21:39Z" duration="0.000270" asserts="0">
                <properties>
                  <property name="Category" value="GDX.Tests" />
                </properties>
              </test-case>
              <test-case id="1642" name="RemoveUncheckedFromDenseIndex_MockDataWithVersionArrayAndSwapIndex_ValidIndexRemoved" fullname="GDX.Collections.Generic.SparseSetTests.RemoveUncheckedFromDenseIndex_MockDataWithVersionArrayAndSwapIndex_ValidIndexRemoved" methodname="RemoveUncheckedFromDenseIndex_MockDataWithVersionArrayAndSwapIndex_ValidIndexRemoved" classname="GDX.Collections.Generic.SparseSetTests" runstate="Runnable" seed="1978933852" result="Passed" start-time="2022-09-04 01:21:39Z" end-time="2022-09-04 01:21:39Z" duration="0.000290" asserts="0">
                <properties>
                  <property name="Category" value="GDX.Tests" />
                </properties>
              </test-case>
              <test-case id="1635" name="RemoveWithBoundsAndVersionChecks_MockData_ValidIndexRemovedInvalidIndicesNotRemoved" fullname="GDX.Collections.Generic.SparseSetTests.RemoveWithBoundsAndVersionChecks_MockData_ValidIndexRemovedInvalidIndicesNotRemoved" methodname="RemoveWithBoundsAndVersionChecks_MockData_ValidIndexRemovedInvalidIndicesNotRemoved" classname="GDX.Collections.Generic.SparseSetTests" runstate="Runnable" seed="1953534888" result="Passed" start-time="2022-09-04 01:21:39Z" end-time="2022-09-04 01:21:39Z" duration="0.000432" asserts="0">
                <properties>
                  <property name="Category" value="GDX.Tests" />
                </properties>
              </test-case>
              <test-case id="1633" name="RemoveWithBoundsCheck_MockData_ValidIndexRemovedInvalidIndicesNotRemoved" fullname="GDX.Collections.Generic.SparseSetTests.RemoveWithBoundsCheck_MockData_ValidIndexRemovedInvalidIndicesNotRemoved" methodname="RemoveWithBoundsCheck_MockData_ValidIndexRemovedInvalidIndicesNotRemoved" classname="GDX.Collections.Generic.SparseSetTests" runstate="Runnable" seed="1238816404" result="Passed" start-time="2022-09-04 01:21:39Z" end-time="2022-09-04 01:21:39Z" duration="0.000405" asserts="0">
                <properties>
                  <property name="Category" value="GDX.Tests" />
                </properties>
              </test-case>
              <test-case id="1634" name="RemoveWithVersionCheck_MockData_ValidIndexRemovedInvalidIndicesNotRemoved" fullname="GDX.Collections.Generic.SparseSetTests.RemoveWithVersionCheck_MockData_ValidIndexRemovedInvalidIndicesNotRemoved" methodname="RemoveWithVersionCheck_MockData_ValidIndexRemovedInvalidIndicesNotRemoved" classname="GDX.Collections.Generic.SparseSetTests" runstate="Runnable" seed="541933031" result="Passed" start-time="2022-09-04 01:21:39Z" end-time="2022-09-04 01:21:39Z" duration="0.000313" asserts="0">
                <properties>
                  <property name="Category" value="GDX.Tests" />
                </properties>
              </test-case>
              <test-case id="1648" name="Reserve_MockData_Expanded" fullname="GDX.Collections.Generic.SparseSetTests.Reserve_MockData_Expanded" methodname="Reserve_MockData_Expanded" classname="GDX.Collections.Generic.SparseSetTests" runstate="Runnable" seed="555075953" result="Passed" start-time="2022-09-04 01:21:39Z" end-time="2022-09-04 01:21:39Z" duration="0.000380" asserts="0">
                <properties>
                  <property name="Category" value="GDX.Tests" />
                </properties>
              </test-case>
              <test-case id="1649" name="Reserve_MockDataWithVersionArray_Expanded" fullname="GDX.Collections.Generic.SparseSetTests.Reserve_MockDataWithVersionArray_Expanded" methodname="Reserve_MockDataWithVersionArray_Expanded" classname="GDX.Collections.Generic.SparseSetTests" runstate="Runnable" seed="294507445" result="Passed" start-time="2022-09-04 01:21:39Z" end-time="2022-09-04 01:21:39Z" duration="0.000184" asserts="0">
                <properties>
                  <property name="Category" value="GDX.Tests" />
                </properties>
              </test-case>
            </test-suite>
            <test-suite type="TestFixture" id="1674" name="StringKeyDictionaryTests" fullname="GDX.Collections.Generic.StringKeyDictionaryTests" classname="GDX.Collections.Generic.StringKeyDictionaryTests" runstate="Runnable" testcasecount="27" result="Passed" start-time="2022-09-04 01:21:39Z" end-time="2022-09-04 01:21:39Z" duration="0.017688" total="27" passed="27" failed="0" inconclusive="0" skipped="0" asserts="0">
              <properties />
              <test-case id="1684" name="AddSafe_CheckEntriesMaintainConnection" fullname="GDX.Collections.Generic.StringKeyDictionaryTests.AddSafe_CheckEntriesMaintainConnection" methodname="AddSafe_CheckEntriesMaintainConnection" classname="GDX.Collections.Generic.StringKeyDictionaryTests" runstate="Runnable" seed="1133289669" result="Passed" start-time="2022-09-04 01:21:39Z" end-time="2022-09-04 01:21:39Z" duration="0.001103" asserts="0">
                <properties>
                  <property name="Category" value="GDX.Tests" />
                </properties>
              </test-case>
              <test-case id="1678" name="AddSafe_CheckExists" fullname="GDX.Collections.Generic.StringKeyDictionaryTests.AddSafe_CheckExists" methodname="AddSafe_CheckExists" classname="GDX.Collections.Generic.StringKeyDictionaryTests" runstate="Runnable" seed="858211176" result="Passed" start-time="2022-09-04 01:21:39Z" end-time="2022-09-04 01:21:39Z" duration="0.000296" asserts="0">
                <properties>
                  <property name="Category" value="GDX.Tests" />
                </properties>
              </test-case>
              <test-case id="1683" name="AddSafe_CheckExpanded" fullname="GDX.Collections.Generic.StringKeyDictionaryTests.AddSafe_CheckExpanded" methodname="AddSafe_CheckExpanded" classname="GDX.Collections.Generic.StringKeyDictionaryTests" runstate="Runnable" seed="604202462" result="Passed" start-time="2022-09-04 01:21:39Z" end-time="2022-09-04 01:21:39Z" duration="0.000223" asserts="0">
                <properties>
                  <property name="Category" value="GDX.Tests" />
                </properties>
              </test-case>
              <test-case id="1695" name="AddTwoCollidingEntries_CheckAccess" fullname="GDX.Collections.Generic.StringKeyDictionaryTests.AddTwoCollidingEntries_CheckAccess" methodname="AddTwoCollidingEntries_CheckAccess" classname="GDX.Collections.Generic.StringKeyDictionaryTests" runstate="Runnable" seed="800017072" result="Passed" start-time="2022-09-04 01:21:39Z" end-time="2022-09-04 01:21:39Z" duration="0.000440" asserts="0">
                <properties>
                  <property name="Category" value="GDX.Tests" />
                </properties>
              </test-case>
              <test-case id="1696" name="AddTwoCollidingEntries_RemoveFirst_CheckSecondExists" fullname="GDX.Collections.Generic.StringKeyDictionaryTests.AddTwoCollidingEntries_RemoveFirst_CheckSecondExists" methodname="AddTwoCollidingEntries_RemoveFirst_CheckSecondExists" classname="GDX.Collections.Generic.StringKeyDictionaryTests" runstate="Runnable" seed="1571853490" result="Passed" start-time="2022-09-04 01:21:39Z" end-time="2022-09-04 01:21:39Z" duration="0.000410" asserts="0">
                <properties>
                  <property name="Category" value="GDX.Tests" />
                </properties>
              </test-case>
              <test-case id="1697" name="AddTwoCollidingEntries_RemoveSecond_CheckFirstExists" fullname="GDX.Collections.Generic.StringKeyDictionaryTests.AddTwoCollidingEntries_RemoveSecond_CheckFirstExists" methodname="AddTwoCollidingEntries_RemoveSecond_CheckFirstExists" classname="GDX.Collections.Generic.StringKeyDictionaryTests" runstate="Runnable" seed="946785572" result="Passed" start-time="2022-09-04 01:21:39Z" end-time="2022-09-04 01:21:39Z" duration="0.000202" asserts="0">
                <properties>
                  <property name="Category" value="GDX.Tests" />
                </properties>
              </test-case>
              <test-case id="1688" name="AddUnchecked_CheckExists" fullname="GDX.Collections.Generic.StringKeyDictionaryTests.AddUnchecked_CheckExists" methodname="AddUnchecked_CheckExists" classname="GDX.Collections.Generic.StringKeyDictionaryTests" runstate="Runnable" seed="168341140" result="Passed" start-time="2022-09-04 01:21:39Z" end-time="2022-09-04 01:21:39Z" duration="0.000166" asserts="0">
                <properties>
                  <property name="Category" value="GDX.Tests" />
                </properties>
              </test-case>
              <test-case id="1682" name="AddWithExpandCheck_CheckEntriesMaintainConnection" fullname="GDX.Collections.Generic.StringKeyDictionaryTests.AddWithExpandCheck_CheckEntriesMaintainConnection" methodname="AddWithExpandCheck_CheckEntriesMaintainConnection" classname="GDX.Collections.Generic.StringKeyDictionaryTests" runstate="Runnable" seed="1623791024" result="Passed" start-time="2022-09-04 01:21:39Z" end-time="2022-09-04 01:21:39Z" duration="0.000433" asserts="0">
                <properties>
                  <property name="Category" value="GDX.Tests" />
                </properties>
              </test-case>
              <test-case id="1680" name="AddWithExpandCheck_CheckExists" fullname="GDX.Collections.Generic.StringKeyDictionaryTests.AddWithExpandCheck_CheckExists" methodname="AddWithExpandCheck_CheckExists" classname="GDX.Collections.Generic.StringKeyDictionaryTests" runstate="Runnable" seed="310844932" result="Passed" start-time="2022-09-04 01:21:39Z" end-time="2022-09-04 01:21:39Z" duration="0.000173" asserts="0">
                <properties>
                  <property name="Category" value="GDX.Tests" />
                </properties>
              </test-case>
              <test-case id="1681" name="AddWithExpandCheck_CheckExpanded" fullname="GDX.Collections.Generic.StringKeyDictionaryTests.AddWithExpandCheck_CheckExpanded" methodname="AddWithExpandCheck_CheckExpanded" classname="GDX.Collections.Generic.StringKeyDictionaryTests" runstate="Runnable" seed="119100704" result="Passed" start-time="2022-09-04 01:21:39Z" end-time="2022-09-04 01:21:39Z" duration="0.000219" asserts="0">
                <properties>
                  <property name="Category" value="GDX.Tests" />
                </properties>
              </test-case>
              <test-case id="1686" name="AddWithIndexer_CheckEntriesMaintainConnection" fullname="GDX.Collections.Generic.StringKeyDictionaryTests.AddWithIndexer_CheckEntriesMaintainConnection" methodname="AddWithIndexer_CheckEntriesMaintainConnection" classname="GDX.Collections.Generic.StringKeyDictionaryTests" runstate="Runnable" seed="1399888154" result="Passed" start-time="2022-09-04 01:21:39Z" end-time="2022-09-04 01:21:39Z" duration="0.000475" asserts="0">
                <properties>
                  <property name="Category" value="GDX.Tests" />
                </properties>
              </test-case>
              <test-case id="1685" name="AddWithIndexer_CheckExpanded" fullname="GDX.Collections.Generic.StringKeyDictionaryTests.AddWithIndexer_CheckExpanded" methodname="AddWithIndexer_CheckExpanded" classname="GDX.Collections.Generic.StringKeyDictionaryTests" runstate="Runnable" seed="1637424147" result="Passed" start-time="2022-09-04 01:21:39Z" end-time="2022-09-04 01:21:39Z" duration="0.000264" asserts="0">
                <properties>
                  <property name="Category" value="GDX.Tests" />
                </properties>
              </test-case>
              <test-case id="1687" name="AddWithUniqueCheck_CheckExists" fullname="GDX.Collections.Generic.StringKeyDictionaryTests.AddWithUniqueCheck_CheckExists" methodname="AddWithUniqueCheck_CheckExists" classname="GDX.Collections.Generic.StringKeyDictionaryTests" runstate="Runnable" seed="2009213099" result="Passed" start-time="2022-09-04 01:21:39Z" end-time="2022-09-04 01:21:39Z" duration="0.000323" asserts="0">
                <properties>
                  <property name="Category" value="GDX.Tests" />
                </properties>
              </test-case>
              <test-case id="1691" name="AddWithUniqueCheckTwice_CheckAddedOnlyOnce" fullname="GDX.Collections.Generic.StringKeyDictionaryTests.AddWithUniqueCheckTwice_CheckAddedOnlyOnce" methodname="AddWithUniqueCheckTwice_CheckAddedOnlyOnce" classname="GDX.Collections.Generic.StringKeyDictionaryTests" runstate="Runnable" seed="1002264334" result="Passed" start-time="2022-09-04 01:21:39Z" end-time="2022-09-04 01:21:39Z" duration="0.000287" asserts="0">
                <properties>
                  <property name="Category" value="GDX.Tests" />
                </properties>
              </test-case>
              <test-case id="1677" name="Constructor_RequestBelowPrimeMinimum_PrimeCapacity" fullname="GDX.Collections.Generic.StringKeyDictionaryTests.Constructor_RequestBelowPrimeMinimum_PrimeCapacity" methodname="Constructor_RequestBelowPrimeMinimum_PrimeCapacity" classname="GDX.Collections.Generic.StringKeyDictionaryTests" runstate="Runnable" seed="17515925" result="Passed" start-time="2022-09-04 01:21:39Z" end-time="2022-09-04 01:21:39Z" duration="0.000173" asserts="0">
                <properties>
                  <property name="Category" value="GDX.Tests" />
                </properties>
              </test-case>
              <test-case id="1676" name="Constructor_RequestPrimeMinimum_PrimeCapacity" fullname="GDX.Collections.Generic.StringKeyDictionaryTests.Constructor_RequestPrimeMinimum_PrimeCapacity" methodname="Constructor_RequestPrimeMinimum_PrimeCapacity" classname="GDX.Collections.Generic.StringKeyDictionaryTests" runstate="Runnable" seed="382407833" result="Passed" start-time="2022-09-04 01:21:39Z" end-time="2022-09-04 01:21:39Z" duration="0.000153" asserts="0">
                <properties>
                  <property name="Category" value="GDX.Tests" />
                </properties>
              </test-case>
              <test-case id="1675" name="Constructor_RequestZeroMinimum_PrimeCapacity" fullname="GDX.Collections.Generic.StringKeyDictionaryTests.Constructor_RequestZeroMinimum_PrimeCapacity" methodname="Constructor_RequestZeroMinimum_PrimeCapacity" classname="GDX.Collections.Generic.StringKeyDictionaryTests" runstate="Runnable" seed="2132266977" result="Passed" start-time="2022-09-04 01:21:39Z" end-time="2022-09-04 01:21:39Z" duration="0.000155" asserts="0">
                <properties>
                  <property name="Category" value="GDX.Tests" />
                </properties>
              </test-case>
              <test-case id="1679" name="IndexerAdd_CheckExists" fullname="GDX.Collections.Generic.StringKeyDictionaryTests.IndexerAdd_CheckExists" methodname="IndexerAdd_CheckExists" classname="GDX.Collections.Generic.StringKeyDictionaryTests" runstate="Runnable" seed="390001773" result="Passed" start-time="2022-09-04 01:21:39Z" end-time="2022-09-04 01:21:39Z" duration="0.000171" asserts="0">
                <properties>
                  <property name="Category" value="GDX.Tests" />
                </properties>
              </test-case>
              <test-case id="1693" name="IndexOf_CheckCorrectIndex" fullname="GDX.Collections.Generic.StringKeyDictionaryTests.IndexOf_CheckCorrectIndex" methodname="IndexOf_CheckCorrectIndex" classname="GDX.Collections.Generic.StringKeyDictionaryTests" runstate="Runnable" seed="754160229" result="Passed" start-time="2022-09-04 01:21:39Z" end-time="2022-09-04 01:21:39Z" duration="0.000229" asserts="0">
                <properties>
                  <property name="Category" value="GDX.Tests" />
                </properties>
              </test-case>
              <test-case id="1694" name="IndexOf_CheckEntryDoesNotExist" fullname="GDX.Collections.Generic.StringKeyDictionaryTests.IndexOf_CheckEntryDoesNotExist" methodname="IndexOf_CheckEntryDoesNotExist" classname="GDX.Collections.Generic.StringKeyDictionaryTests" runstate="Runnable" seed="1182490785" result="Passed" start-time="2022-09-04 01:21:39Z" end-time="2022-09-04 01:21:39Z" duration="0.000154" asserts="0">
                <properties>
                  <property name="Category" value="GDX.Tests" />
                </properties>
              </test-case>
              <test-case id="1698" name="MoveNext_FindAllEntries" fullname="GDX.Collections.Generic.StringKeyDictionaryTests.MoveNext_FindAllEntries" methodname="MoveNext_FindAllEntries" classname="GDX.Collections.Generic.StringKeyDictionaryTests" runstate="Runnable" seed="1482529050" result="Passed" start-time="2022-09-04 01:21:39Z" end-time="2022-09-04 01:21:39Z" duration="0.000453" asserts="0">
                <properties>
                  <property name="Category" value="GDX.Tests" />
                </properties>
              </test-case>
              <test-case id="1700" name="MoveNextWithVersion_CheckEarlyOutFromInvalidation" fullname="GDX.Collections.Generic.StringKeyDictionaryTests.MoveNextWithVersion_CheckEarlyOutFromInvalidation" methodname="MoveNextWithVersion_CheckEarlyOutFromInvalidation" classname="GDX.Collections.Generic.StringKeyDictionaryTests" runstate="Runnable" seed="974819567" result="Passed" start-time="2022-09-04 01:21:39Z" end-time="2022-09-04 01:21:39Z" duration="0.000378" asserts="0">
                <properties>
                  <property name="Category" value="GDX.Tests" />
                </properties>
              </test-case>
              <test-case id="1699" name="MoveNextWithVersion_FindAllEntries" fullname="GDX.Collections.Generic.StringKeyDictionaryTests.MoveNextWithVersion_FindAllEntries" methodname="MoveNextWithVersion_FindAllEntries" classname="GDX.Collections.Generic.StringKeyDictionaryTests" runstate="Runnable" seed="1385776031" result="Passed" start-time="2022-09-04 01:21:39Z" end-time="2022-09-04 01:21:39Z" duration="0.000238" asserts="0">
                <properties>
                  <property name="Category" value="GDX.Tests" />
                </properties>
              </test-case>
              <test-case id="1692" name="Reserve_CheckExpandedCapacity" fullname="GDX.Collections.Generic.StringKeyDictionaryTests.Reserve_CheckExpandedCapacity" methodname="Reserve_CheckExpandedCapacity" classname="GDX.Collections.Generic.StringKeyDictionaryTests" runstate="Runnable" seed="234920140" result="Passed" start-time="2022-09-04 01:21:39Z" end-time="2022-09-04 01:21:39Z" duration="0.000390" asserts="0">
                <properties>
                  <property name="Category" value="GDX.Tests" />
                </properties>
              </test-case>
              <test-case id="1701" name="TryGetValue" fullname="GDX.Collections.Generic.StringKeyDictionaryTests.TryGetValue" methodname="TryGetValue" classname="GDX.Collections.Generic.StringKeyDictionaryTests" runstate="Runnable" seed="1551076668" result="Passed" start-time="2022-09-04 01:21:39Z" end-time="2022-09-04 01:21:39Z" duration="0.000612" asserts="0">
                <properties>
                  <property name="Category" value="GDX.Tests" />
                </properties>
              </test-case>
              <test-case id="1689" name="TryRemove_CheckActuallyRemoved" fullname="GDX.Collections.Generic.StringKeyDictionaryTests.TryRemove_CheckActuallyRemoved" methodname="TryRemove_CheckActuallyRemoved" classname="GDX.Collections.Generic.StringKeyDictionaryTests" runstate="Runnable" seed="404276511" result="Passed" start-time="2022-09-04 01:21:39Z" end-time="2022-09-04 01:21:39Z" duration="0.000233" asserts="0">
                <properties>
                  <property name="Category" value="GDX.Tests" />
                </properties>
              </test-case>
              <test-case id="1690" name="TryRemoveTwice_CheckCorrectReturnValues" fullname="GDX.Collections.Generic.StringKeyDictionaryTests.TryRemoveTwice_CheckCorrectReturnValues" methodname="TryRemoveTwice_CheckCorrectReturnValues" classname="GDX.Collections.Generic.StringKeyDictionaryTests" runstate="Runnable" seed="977594927" result="Passed" start-time="2022-09-04 01:21:39Z" end-time="2022-09-04 01:21:39Z" duration="0.000174" asserts="0">
                <properties>
                  <property name="Category" value="GDX.Tests" />
                </properties>
              </test-case>
            </test-suite>
            <test-suite type="TestFixture" id="1702" name="UniformArray3DTests" fullname="GDX.Collections.Generic.UniformArray3DTests" classname="GDX.Collections.Generic.UniformArray3DTests" runstate="Runnable" testcasecount="2" result="Passed" start-time="2022-09-04 01:21:39Z" end-time="2022-09-04 01:21:39Z" duration="0.002736" total="2" passed="2" failed="0" inconclusive="0" skipped="0" asserts="0">
              <properties />
              <test-case id="1703" name="Constructor_CorrectSizes" fullname="GDX.Collections.Generic.UniformArray3DTests.Constructor_CorrectSizes" methodname="Constructor_CorrectSizes" classname="GDX.Collections.Generic.UniformArray3DTests" runstate="Runnable" seed="1350443923" result="Passed" start-time="2022-09-04 01:21:39Z" end-time="2022-09-04 01:21:39Z" duration="0.000328" asserts="0">
                <properties>
                  <property name="Category" value="GDX.Tests" />
                </properties>
              </test-case>
              <test-case id="1704" name="GetByIndex_LastSpot_ValidEntry" fullname="GDX.Collections.Generic.UniformArray3DTests.GetByIndex_LastSpot_ValidEntry" methodname="GetByIndex_LastSpot_ValidEntry" classname="GDX.Collections.Generic.UniformArray3DTests" runstate="Runnable" seed="1411566348" result="Passed" start-time="2022-09-04 01:21:39Z" end-time="2022-09-04 01:21:39Z" duration="0.000228" asserts="0">
                <properties>
                  <property name="Category" value="GDX.Tests" />
                </properties>
              </test-case>
            </test-suite>
            <test-suite type="TestFixture" id="1705" name="UnsafeSparseSetTests" fullname="GDX.Collections.Generic.UnsafeSparseSetTests" classname="GDX.Collections.Generic.UnsafeSparseSetTests" runstate="Runnable" testcasecount="30" result="Passed" start-time="2022-09-04 01:21:39Z" end-time="2022-09-04 01:21:39Z" duration="0.021640" total="30" passed="30" failed="0" inconclusive="0" skipped="0" asserts="0">
              <properties />
              <test-case id="1708" name="AddUnchecked_MockData_IndicesReserved" fullname="GDX.Collections.Generic.UnsafeSparseSetTests.AddUnchecked_MockData_IndicesReserved" methodname="AddUnchecked_MockData_IndicesReserved" classname="GDX.Collections.Generic.UnsafeSparseSetTests" runstate="Runnable" seed="2094561741" result="Passed" start-time="2022-09-04 01:21:39Z" end-time="2022-09-04 01:21:39Z" duration="0.002285" asserts="0">
                <properties>
                  <property name="Category" value="GDX.Tests" />
                </properties>
              </test-case>
              <test-case id="1709" name="AddUnchecked_MockDataWithVersionArray__IndicesReserved" fullname="GDX.Collections.Generic.UnsafeSparseSetTests.AddUnchecked_MockDataWithVersionArray__IndicesReserved" methodname="AddUnchecked_MockDataWithVersionArray__IndicesReserved" classname="GDX.Collections.Generic.UnsafeSparseSetTests" runstate="Runnable" seed="893336757" result="Passed" start-time="2022-09-04 01:21:39Z" end-time="2022-09-04 01:21:39Z" duration="0.000461" asserts="0">
                <properties>
                  <property name="Category" value="GDX.Tests" />
                </properties>
              </test-case>
              <test-case id="1712" name="AddUnchecked_MockDataWithVersionArray_Expanded" fullname="GDX.Collections.Generic.UnsafeSparseSetTests.AddUnchecked_MockDataWithVersionArray_Expanded" methodname="AddUnchecked_MockDataWithVersionArray_Expanded" classname="GDX.Collections.Generic.UnsafeSparseSetTests" runstate="Runnable" seed="1066299512" result="Passed" start-time="2022-09-04 01:21:39Z" end-time="2022-09-04 01:21:39Z" duration="0.000811" asserts="0">
                <properties>
                  <property name="Category" value="GDX.Tests" />
                </properties>
              </test-case>
              <test-case id="1710" name="AddWithExpandCheck_MockData_Expanded" fullname="GDX.Collections.Generic.UnsafeSparseSetTests.AddWithExpandCheck_MockData_Expanded" methodname="AddWithExpandCheck_MockData_Expanded" classname="GDX.Collections.Generic.UnsafeSparseSetTests" runstate="Runnable" seed="1738843235" result="Passed" start-time="2022-09-04 01:21:39Z" end-time="2022-09-04 01:21:39Z" duration="0.000244" asserts="0">
                <properties>
                  <property name="Category" value="GDX.Tests" />
                </properties>
              </test-case>
              <test-case id="1711" name="AddWithExpandCheck_MockDataWithVersionArray_Expanded" fullname="GDX.Collections.Generic.UnsafeSparseSetTests.AddWithExpandCheck_MockDataWithVersionArray_Expanded" methodname="AddWithExpandCheck_MockDataWithVersionArray_Expanded" classname="GDX.Collections.Generic.UnsafeSparseSetTests" runstate="Runnable" seed="1355585338" result="Passed" start-time="2022-09-04 01:21:39Z" end-time="2022-09-04 01:21:39Z" duration="0.000536" asserts="0">
                <properties>
                  <property name="Category" value="GDX.Tests" />
                </properties>
              </test-case>
              <test-case id="1727" name="Clear_MockData_ArraysCleared" fullname="GDX.Collections.Generic.UnsafeSparseSetTests.Clear_MockData_ArraysCleared" methodname="Clear_MockData_ArraysCleared" classname="GDX.Collections.Generic.UnsafeSparseSetTests" runstate="Runnable" seed="1857838681" result="Passed" start-time="2022-09-04 01:21:39Z" end-time="2022-09-04 01:21:39Z" duration="0.000253" asserts="0">
                <properties>
                  <property name="Category" value="GDX.Tests" />
                </properties>
              </test-case>
              <test-case id="1728" name="Clear_MockDataWithVersionArray_ArraysCleared" fullname="GDX.Collections.Generic.UnsafeSparseSetTests.Clear_MockDataWithVersionArray_ArraysCleared" methodname="Clear_MockDataWithVersionArray_ArraysCleared" classname="GDX.Collections.Generic.UnsafeSparseSetTests" runstate="Runnable" seed="1511393191" result="Passed" start-time="2022-09-04 01:21:39Z" end-time="2022-09-04 01:21:39Z" duration="0.000284" asserts="0">
                <properties>
                  <property name="Category" value="GDX.Tests" />
                </properties>
              </test-case>
              <test-case id="1729" name="ClearWithVersionReset_MockData_ArraysClearedAndVersionReset" fullname="GDX.Collections.Generic.UnsafeSparseSetTests.ClearWithVersionReset_MockData_ArraysClearedAndVersionReset" methodname="ClearWithVersionReset_MockData_ArraysClearedAndVersionReset" classname="GDX.Collections.Generic.UnsafeSparseSetTests" runstate="Runnable" seed="216948344" result="Passed" start-time="2022-09-04 01:21:39Z" end-time="2022-09-04 01:21:39Z" duration="0.000269" asserts="0">
                <properties>
                  <property name="Category" value="GDX.Tests" />
                </properties>
              </test-case>
              <test-case id="1706" name="Constructor_CreateWithCount" fullname="GDX.Collections.Generic.UnsafeSparseSetTests.Constructor_CreateWithCount" methodname="Constructor_CreateWithCount" classname="GDX.Collections.Generic.UnsafeSparseSetTests" runstate="Runnable" seed="156143326" result="Passed" start-time="2022-09-04 01:21:39Z" end-time="2022-09-04 01:21:39Z" duration="0.000161" asserts="0">
                <properties>
                  <property name="Category" value="GDX.Tests" />
                </properties>
              </test-case>
              <test-case id="1707" name="Constructor_CreateWithCountAndVersionArray" fullname="GDX.Collections.Generic.UnsafeSparseSetTests.Constructor_CreateWithCountAndVersionArray" methodname="Constructor_CreateWithCountAndVersionArray" classname="GDX.Collections.Generic.UnsafeSparseSetTests" runstate="Runnable" seed="857914020" result="Passed" start-time="2022-09-04 01:21:39Z" end-time="2022-09-04 01:21:39Z" duration="0.000170" asserts="0">
                <properties>
                  <property name="Category" value="GDX.Tests" />
                </properties>
              </test-case>
              <test-case id="1735" name="DenseAndSparseAccess_MockData_ArraysArePlacedCorrectly" fullname="GDX.Collections.Generic.UnsafeSparseSetTests.DenseAndSparseAccess_MockData_ArraysArePlacedCorrectly" methodname="DenseAndSparseAccess_MockData_ArraysArePlacedCorrectly" classname="GDX.Collections.Generic.UnsafeSparseSetTests" runstate="Runnable" seed="1119485964" result="Passed" start-time="2022-09-04 01:21:39Z" end-time="2022-09-04 01:21:39Z" duration="0.000164" asserts="0">
                <properties>
                  <property name="Category" value="GDX.Tests" />
                </properties>
              </test-case>
              <test-case id="1734" name="Dispose_MockDataWithVersionArray_Disposed" fullname="GDX.Collections.Generic.UnsafeSparseSetTests.Dispose_MockDataWithVersionArray_Disposed" methodname="Dispose_MockDataWithVersionArray_Disposed" classname="GDX.Collections.Generic.UnsafeSparseSetTests" runstate="Runnable" seed="1848990063" result="Passed" start-time="2022-09-04 01:21:39Z" end-time="2022-09-04 01:21:39Z" duration="0.000303" asserts="0">
                <properties>
                  <property name="Category" value="GDX.Tests" />
                </properties>
              </test-case>
              <test-case id="1730" name="Expand_MockData_Expanded" fullname="GDX.Collections.Generic.UnsafeSparseSetTests.Expand_MockData_Expanded" methodname="Expand_MockData_Expanded" classname="GDX.Collections.Generic.UnsafeSparseSetTests" runstate="Runnable" seed="2093078037" result="Passed" start-time="2022-09-04 01:21:39Z" end-time="2022-09-04 01:21:39Z" duration="0.000337" asserts="0">
                <properties>
                  <property name="Category" value="GDX.Tests" />
                </properties>
              </test-case>
              <test-case id="1731" name="Expand_MockDataWithVersionArray_Expanded" fullname="GDX.Collections.Generic.UnsafeSparseSetTests.Expand_MockDataWithVersionArray_Expanded" methodname="Expand_MockDataWithVersionArray_Expanded" classname="GDX.Collections.Generic.UnsafeSparseSetTests" runstate="Runnable" seed="1557408649" result="Passed" start-time="2022-09-04 01:21:39Z" end-time="2022-09-04 01:21:39Z" duration="0.000382" asserts="0">
                <properties>
                  <property name="Category" value="GDX.Tests" />
                </properties>
              </test-case>
              <test-case id="1713" name="GetDenseIndexUnchecked_MockData_CorrectIndex" fullname="GDX.Collections.Generic.UnsafeSparseSetTests.GetDenseIndexUnchecked_MockData_CorrectIndex" methodname="GetDenseIndexUnchecked_MockData_CorrectIndex" classname="GDX.Collections.Generic.UnsafeSparseSetTests" runstate="Runnable" seed="861880184" result="Passed" start-time="2022-09-04 01:21:39Z" end-time="2022-09-04 01:21:39Z" duration="0.000217" asserts="0">
                <properties>
                  <property name="Category" value="GDX.Tests" />
                </properties>
              </test-case>
              <test-case id="1716" name="GetDenseIndexWithBoundsAndVersionCheck_MockData_CorrectIndexAndHandlesInvalidIndex" fullname="GDX.Collections.Generic.UnsafeSparseSetTests.GetDenseIndexWithBoundsAndVersionCheck_MockData_CorrectIndexAndHandlesInvalidIndex" methodname="GetDenseIndexWithBoundsAndVersionCheck_MockData_CorrectIndexAndHandlesInvalidIndex" classname="GDX.Collections.Generic.UnsafeSparseSetTests" runstate="Runnable" seed="200683910" result="Passed" start-time="2022-09-04 01:21:39Z" end-time="2022-09-04 01:21:39Z" duration="0.000448" asserts="0">
                <properties>
                  <property name="Category" value="GDX.Tests" />
                </properties>
              </test-case>
              <test-case id="1714" name="GetDenseIndexWithBoundsCheck_MockData_CorrectIndexAndHandlesInvalidIndex" fullname="GDX.Collections.Generic.UnsafeSparseSetTests.GetDenseIndexWithBoundsCheck_MockData_CorrectIndexAndHandlesInvalidIndex" methodname="GetDenseIndexWithBoundsCheck_MockData_CorrectIndexAndHandlesInvalidIndex" classname="GDX.Collections.Generic.UnsafeSparseSetTests" runstate="Runnable" seed="333073680" result="Passed" start-time="2022-09-04 01:21:39Z" end-time="2022-09-04 01:21:39Z" duration="0.000297" asserts="0">
                <properties>
                  <property name="Category" value="GDX.Tests" />
                </properties>
              </test-case>
              <test-case id="1715" name="GetDenseIndexWithVersionCheck_MockData_CorrectIndexAndHandlesVersion" fullname="GDX.Collections.Generic.UnsafeSparseSetTests.GetDenseIndexWithVersionCheck_MockData_CorrectIndexAndHandlesVersion" methodname="GetDenseIndexWithVersionCheck_MockData_CorrectIndexAndHandlesVersion" classname="GDX.Collections.Generic.UnsafeSparseSetTests" runstate="Runnable" seed="1797447819" result="Passed" start-time="2022-09-04 01:21:39Z" end-time="2022-09-04 01:21:39Z" duration="0.000363" asserts="0">
                <properties>
                  <property name="Category" value="GDX.Tests" />
                </properties>
              </test-case>
              <test-case id="1722" name="RemoveUnchecked_MockData_ValidIndexRemoved" fullname="GDX.Collections.Generic.UnsafeSparseSetTests.RemoveUnchecked_MockData_ValidIndexRemoved" methodname="RemoveUnchecked_MockData_ValidIndexRemoved" classname="GDX.Collections.Generic.UnsafeSparseSetTests" runstate="Runnable" seed="1333848346" result="Passed" start-time="2022-09-04 01:21:39Z" end-time="2022-09-04 01:21:39Z" duration="0.000325" asserts="0">
                <properties>
                  <property name="Category" value="GDX.Tests" />
                </properties>
              </test-case>
              <test-case id="1721" name="RemoveUnchecked_MockDataWithIndices_ValidIndexRemoved" fullname="GDX.Collections.Generic.UnsafeSparseSetTests.RemoveUnchecked_MockDataWithIndices_ValidIndexRemoved" methodname="RemoveUnchecked_MockDataWithIndices_ValidIndexRemoved" classname="GDX.Collections.Generic.UnsafeSparseSetTests" runstate="Runnable" seed="347323314" result="Passed" start-time="2022-09-04 01:21:39Z" end-time="2022-09-04 01:21:39Z" duration="0.000279" asserts="0">
                <properties>
                  <property name="Category" value="GDX.Tests" />
                </properties>
              </test-case>
              <test-case id="1720" name="RemoveUnchecked_MockDataWithIndicesAndVersionArray_ValidIndexRemoved" fullname="GDX.Collections.Generic.UnsafeSparseSetTests.RemoveUnchecked_MockDataWithIndicesAndVersionArray_ValidIndexRemoved" methodname="RemoveUnchecked_MockDataWithIndicesAndVersionArray_ValidIndexRemoved" classname="GDX.Collections.Generic.UnsafeSparseSetTests" runstate="Runnable" seed="1693419475" result="Passed" start-time="2022-09-04 01:21:39Z" end-time="2022-09-04 01:21:39Z" duration="0.000208" asserts="0">
                <properties>
                  <property name="Category" value="GDX.Tests" />
                </properties>
              </test-case>
              <test-case id="1723" name="RemoveUncheckedFromDenseIndex_MockData_ValidIndexRemoved" fullname="GDX.Collections.Generic.UnsafeSparseSetTests.RemoveUncheckedFromDenseIndex_MockData_ValidIndexRemoved" methodname="RemoveUncheckedFromDenseIndex_MockData_ValidIndexRemoved" classname="GDX.Collections.Generic.UnsafeSparseSetTests" runstate="Runnable" seed="280062713" result="Passed" start-time="2022-09-04 01:21:39Z" end-time="2022-09-04 01:21:39Z" duration="0.000252" asserts="0">
                <properties>
                  <property name="Category" value="GDX.Tests" />
                </properties>
              </test-case>
              <test-case id="1724" name="RemoveUncheckedFromDenseIndex_MockDataWithSwapIndex_ValidIndexRemoved" fullname="GDX.Collections.Generic.UnsafeSparseSetTests.RemoveUncheckedFromDenseIndex_MockDataWithSwapIndex_ValidIndexRemoved" methodname="RemoveUncheckedFromDenseIndex_MockDataWithSwapIndex_ValidIndexRemoved" classname="GDX.Collections.Generic.UnsafeSparseSetTests" runstate="Runnable" seed="575675494" result="Passed" start-time="2022-09-04 01:21:39Z" end-time="2022-09-04 01:21:39Z" duration="0.000269" asserts="0">
                <properties>
                  <property name="Category" value="GDX.Tests" />
                </properties>
              </test-case>
              <test-case id="1725" name="RemoveUncheckedFromDenseIndex_MockDataWithVersionArray_ValidIndexRemoved" fullname="GDX.Collections.Generic.UnsafeSparseSetTests.RemoveUncheckedFromDenseIndex_MockDataWithVersionArray_ValidIndexRemoved" methodname="RemoveUncheckedFromDenseIndex_MockDataWithVersionArray_ValidIndexRemoved" classname="GDX.Collections.Generic.UnsafeSparseSetTests" runstate="Runnable" seed="1145901097" result="Passed" start-time="2022-09-04 01:21:39Z" end-time="2022-09-04 01:21:39Z" duration="0.000279" asserts="0">
                <properties>
                  <property name="Category" value="GDX.Tests" />
                </properties>
              </test-case>
              <test-case id="1726" name="RemoveUncheckedFromDenseIndex_MockDataWithVersionArrayAndSwapIndex_ValidIndexRemoved" fullname="GDX.Collections.Generic.UnsafeSparseSetTests.RemoveUncheckedFromDenseIndex_MockDataWithVersionArrayAndSwapIndex_ValidIndexRemoved" methodname="RemoveUncheckedFromDenseIndex_MockDataWithVersionArrayAndSwapIndex_ValidIndexRemoved" classname="GDX.Collections.Generic.UnsafeSparseSetTests" runstate="Runnable" seed="1715330217" result="Passed" start-time="2022-09-04 01:21:39Z" end-time="2022-09-04 01:21:39Z" duration="0.000287" asserts="0">
                <properties>
                  <property name="Category" value="GDX.Tests" />
                </properties>
              </test-case>
              <test-case id="1719" name="RemoveWithBoundsAndVersionChecks_MockData_ValidIndexRemovedInvalidIndicesNotRemoved" fullname="GDX.Collections.Generic.UnsafeSparseSetTests.RemoveWithBoundsAndVersionChecks_MockData_ValidIndexRemovedInvalidIndicesNotRemoved" methodname="RemoveWithBoundsAndVersionChecks_MockData_ValidIndexRemovedInvalidIndicesNotRemoved" classname="GDX.Collections.Generic.UnsafeSparseSetTests" runstate="Runnable" seed="19800257" result="Passed" start-time="2022-09-04 01:21:39Z" end-time="2022-09-04 01:21:39Z" duration="0.000499" asserts="0">
                <properties>
                  <property name="Category" value="GDX.Tests" />
                </properties>
              </test-case>
              <test-case id="1717" name="RemoveWithBoundsCheck_MockData_ValidIndexRemovedInvalidIndicesNotRemoved" fullname="GDX.Collections.Generic.UnsafeSparseSetTests.RemoveWithBoundsCheck_MockData_ValidIndexRemovedInvalidIndicesNotRemoved" methodname="RemoveWithBoundsCheck_MockData_ValidIndexRemovedInvalidIndicesNotRemoved" classname="GDX.Collections.Generic.UnsafeSparseSetTests" runstate="Runnable" seed="969372804" result="Passed" start-time="2022-09-04 01:21:39Z" end-time="2022-09-04 01:21:39Z" duration="0.000383" asserts="0">
                <properties>
                  <property name="Category" value="GDX.Tests" />
                </properties>
              </test-case>
              <test-case id="1718" name="RemoveWithVersionCheck_MockData_ValidIndexRemovedInvalidIndicesNotRemoved" fullname="GDX.Collections.Generic.UnsafeSparseSetTests.RemoveWithVersionCheck_MockData_ValidIndexRemovedInvalidIndicesNotRemoved" methodname="RemoveWithVersionCheck_MockData_ValidIndexRemovedInvalidIndicesNotRemoved" classname="GDX.Collections.Generic.UnsafeSparseSetTests" runstate="Runnable" seed="351109898" result="Passed" start-time="2022-09-04 01:21:39Z" end-time="2022-09-04 01:21:39Z" duration="0.000328" asserts="0">
                <properties>
                  <property name="Category" value="GDX.Tests" />
                </properties>
              </test-case>
              <test-case id="1732" name="Reserve_MockData_Expanded" fullname="GDX.Collections.Generic.UnsafeSparseSetTests.Reserve_MockData_Expanded" methodname="Reserve_MockData_Expanded" classname="GDX.Collections.Generic.UnsafeSparseSetTests" runstate="Runnable" seed="608949141" result="Passed" start-time="2022-09-04 01:21:39Z" end-time="2022-09-04 01:21:39Z" duration="0.000341" asserts="0">
                <properties>
                  <property name="Category" value="GDX.Tests" />
                </properties>
              </test-case>
              <test-case id="1733" name="Reserve_MockDataWithVersionArray_Expanded" fullname="GDX.Collections.Generic.UnsafeSparseSetTests.Reserve_MockDataWithVersionArray_Expanded" methodname="Reserve_MockDataWithVersionArray_Expanded" classname="GDX.Collections.Generic.UnsafeSparseSetTests" runstate="Runnable" seed="2115395202" result="Passed" start-time="2022-09-04 01:21:39Z" end-time="2022-09-04 01:21:39Z" duration="0.000389" asserts="0">
                <properties>
                  <property name="Category" value="GDX.Tests" />
                </properties>
              </test-case>
            </test-suite>
          </test-suite>
          <test-suite type="TestSuite" id="1756" name="Pooling" fullname="GDX.Collections.Pooling" runstate="Runnable" testcasecount="14" result="Passed" start-time="2022-09-04 01:21:39Z" end-time="2022-09-04 01:21:40Z" duration="0.026301" total="14" passed="14" failed="0" inconclusive="0" skipped="0" asserts="0">
            <properties />
            <test-suite type="TestFixture" id="1420" name="GameObjectPoolTests" fullname="GDX.Collections.Pooling.GameObjectPoolTests" classname="GDX.Collections.Pooling.GameObjectPoolTests" runstate="Runnable" testcasecount="14" result="Passed" start-time="2022-09-04 01:21:39Z" end-time="2022-09-04 01:21:40Z" duration="0.024405" total="14" passed="14" failed="0" inconclusive="0" skipped="0" asserts="0">
              <properties />
              <test-case id="1423" name="Get_MockData_DontTrigger" fullname="GDX.Collections.Pooling.GameObjectPoolTests.Get_MockData_DontTrigger" methodname="Get_MockData_DontTrigger" classname="GDX.Collections.Pooling.GameObjectPoolTests" runstate="Runnable" seed="510397737" result="Passed" start-time="2022-09-04 01:21:39Z" end-time="2022-09-04 01:21:40Z" duration="0.007259" asserts="0">
                <properties>
                  <property name="Category" value="GDX.Tests" />
                </properties>
              </test-case>
              <test-case id="1425" name="Get_MockData_LocalPositionLocalRotationParented" fullname="GDX.Collections.Pooling.GameObjectPoolTests.Get_MockData_LocalPositionLocalRotationParented" methodname="Get_MockData_LocalPositionLocalRotationParented" classname="GDX.Collections.Pooling.GameObjectPoolTests" runstate="Runnable" seed="409864851" result="Passed" start-time="2022-09-04 01:21:40Z" end-time="2022-09-04 01:21:40Z" duration="0.002500" asserts="0">
                <properties>
                  <property name="Category" value="GDX.Tests" />
                </properties>
              </test-case>
              <test-case id="1424" name="Get_MockData_LocalPositionWorldLookAtParented" fullname="GDX.Collections.Pooling.GameObjectPoolTests.Get_MockData_LocalPositionWorldLookAtParented" methodname="Get_MockData_LocalPositionWorldLookAtParented" classname="GDX.Collections.Pooling.GameObjectPoolTests" runstate="Runnable" seed="1252079814" result="Passed" start-time="2022-09-04 01:21:40Z" end-time="2022-09-04 01:21:40Z" duration="0.000856" asserts="0">
                <properties>
                  <property name="Category" value="GDX.Tests" />
                </properties>
              </test-case>
              <test-case id="1426" name="Get_MockData_ParentedWorldPositionStay" fullname="GDX.Collections.Pooling.GameObjectPoolTests.Get_MockData_ParentedWorldPositionStay" methodname="Get_MockData_ParentedWorldPositionStay" classname="GDX.Collections.Pooling.GameObjectPoolTests" runstate="Runnable" seed="2057808129" result="Passed" start-time="2022-09-04 01:21:40Z" end-time="2022-09-04 01:21:40Z" duration="0.000849" asserts="0">
                <properties>
                  <property name="Category" value="GDX.Tests" />
                </properties>
              </test-case>
              <test-case id="1427" name="Get_MockData_ParentedZeroLocalPosition" fullname="GDX.Collections.Pooling.GameObjectPoolTests.Get_MockData_ParentedZeroLocalPosition" methodname="Get_MockData_ParentedZeroLocalPosition" classname="GDX.Collections.Pooling.GameObjectPoolTests" runstate="Runnable" seed="1828744130" result="Passed" start-time="2022-09-04 01:21:40Z" end-time="2022-09-04 01:21:40Z" duration="0.000585" asserts="0">
                <properties>
                  <property name="Category" value="GDX.Tests" />
                </properties>
              </test-case>
              <test-case id="1428" name="Get_MockData_Trigger" fullname="GDX.Collections.Pooling.GameObjectPoolTests.Get_MockData_Trigger" methodname="Get_MockData_Trigger" classname="GDX.Collections.Pooling.GameObjectPoolTests" runstate="Runnable" seed="732893532" result="Passed" start-time="2022-09-04 01:21:40Z" end-time="2022-09-04 01:21:40Z" duration="0.000405" asserts="0">
                <properties>
                  <property name="Category" value="GDX.Tests" />
                </properties>
              </test-case>
              <test-case id="1429" name="Get_MockData_WorldPositionWorldLookAt" fullname="GDX.Collections.Pooling.GameObjectPoolTests.Get_MockData_WorldPositionWorldLookAt" methodname="Get_MockData_WorldPositionWorldLookAt" classname="GDX.Collections.Pooling.GameObjectPoolTests" runstate="Runnable" seed="963832015" result="Passed" start-time="2022-09-04 01:21:40Z" end-time="2022-09-04 01:21:40Z" duration="0.000642" asserts="0">
                <properties>
                  <property name="Category" value="GDX.Tests" />
                </properties>
              </test-case>
              <test-case id="1430" name="Get_MockData_WorldPositionWorldLookAtParented" fullname="GDX.Collections.Pooling.GameObjectPoolTests.Get_MockData_WorldPositionWorldLookAtParented" methodname="Get_MockData_WorldPositionWorldLookAtParented" classname="GDX.Collections.Pooling.GameObjectPoolTests" runstate="Runnable" seed="682013670" result="Passed" start-time="2022-09-04 01:21:40Z" end-time="2022-09-04 01:21:40Z" duration="0.000674" asserts="0">
                <properties>
                  <property name="Category" value="GDX.Tests" />
                </properties>
              </test-case>
              <test-case id="1431" name="Get_MockData_WorldPositionWorldRotation" fullname="GDX.Collections.Pooling.GameObjectPoolTests.Get_MockData_WorldPositionWorldRotation" methodname="Get_MockData_WorldPositionWorldRotation" classname="GDX.Collections.Pooling.GameObjectPoolTests" runstate="Runnable" seed="1311469036" result="Passed" start-time="2022-09-04 01:21:40Z" end-time="2022-09-04 01:21:40Z" duration="0.000920" asserts="0">
                <properties>
                  <property name="Category" value="GDX.Tests" />
                </properties>
              </test-case>
              <test-case id="1432" name="Get_MockData_WorldPositionWorldRotationParented" fullname="GDX.Collections.Pooling.GameObjectPoolTests.Get_MockData_WorldPositionWorldRotationParented" methodname="Get_MockData_WorldPositionWorldRotationParented" classname="GDX.Collections.Pooling.GameObjectPoolTests" runstate="Runnable" seed="400676003" result="Passed" start-time="2022-09-04 01:21:40Z" end-time="2022-09-04 01:21:40Z" duration="0.000695" asserts="0">
                <properties>
                  <property name="Category" value="GDX.Tests" />
                </properties>
              </test-case>
              <test-case id="1433" name="GetOrCreatePool_MockData_ReturnsPool" fullname="GDX.Collections.Pooling.GameObjectPoolTests.GetOrCreatePool_MockData_ReturnsPool" methodname="GetOrCreatePool_MockData_ReturnsPool" classname="GDX.Collections.Pooling.GameObjectPoolTests" runstate="Runnable" seed="1764333473" result="Passed" start-time="2022-09-04 01:21:40Z" end-time="2022-09-04 01:21:40Z" duration="0.002379" asserts="0">
                <properties>
                  <property name="Category" value="GDX.Tests" />
                </properties>
              </test-case>
              <test-case id="1421" name="OnDestroyItemAction_MockData_DestroysGameObject" fullname="GDX.Collections.Pooling.GameObjectPoolTests.OnDestroyItemAction_MockData_DestroysGameObject" methodname="OnDestroyItemAction_MockData_DestroysGameObject" classname="GDX.Collections.Pooling.GameObjectPoolTests" runstate="Runnable" seed="488369939" result="Passed" start-time="2022-09-04 01:21:40Z" end-time="2022-09-04 01:21:40Z" duration="0.000386" asserts="0">
                <properties>
                  <property name="Category" value="GDX.Tests" />
                </properties>
              </test-case>
              <test-case id="1422" name="OnDestroyItemAction_MockData_DestroysInterface" fullname="GDX.Collections.Pooling.GameObjectPoolTests.OnDestroyItemAction_MockData_DestroysInterface" methodname="OnDestroyItemAction_MockData_DestroysInterface" classname="GDX.Collections.Pooling.GameObjectPoolTests" runstate="Runnable" seed="1620091538" result="Passed" start-time="2022-09-04 01:21:40Z" end-time="2022-09-04 01:21:40Z" duration="0.000379" asserts="0">
                <properties>
                  <property name="Category" value="GDX.Tests" />
                </properties>
              </test-case>
              <test-case id="1434" name="TearDown_Pool_UnregistersPool" fullname="GDX.Collections.Pooling.GameObjectPoolTests.TearDown_Pool_UnregistersPool" methodname="TearDown_Pool_UnregistersPool" classname="GDX.Collections.Pooling.GameObjectPoolTests" runstate="Runnable" seed="127623990" result="Passed" start-time="2022-09-04 01:21:40Z" end-time="2022-09-04 01:21:40Z" duration="0.000403" asserts="0">
                <properties>
                  <property name="Category" value="GDX.Tests" />
                </properties>
              </test-case>
            </test-suite>
          </test-suite>
        </test-suite>
        <test-suite type="TestFixture" id="1049" name="CoreTests" fullname="GDX.CoreTests" classname="GDX.CoreTests" runstate="Runnable" testcasecount="2" result="Passed" start-time="2022-09-04 01:21:40Z" end-time="2022-09-04 01:21:40Z" duration="0.003343" total="2" passed="2" failed="0" inconclusive="0" skipped="0" asserts="0">
          <properties />
          <test-case id="1050" name="InitializeOnMainThread_AlreadyInitialized_EarlyOut" fullname="GDX.CoreTests.InitializeOnMainThread_AlreadyInitialized_EarlyOut" methodname="InitializeOnMainThread_AlreadyInitialized_EarlyOut" classname="GDX.CoreTests" runstate="Runnable" seed="2085014934" result="Passed" start-time="2022-09-04 01:21:40Z" end-time="2022-09-04 01:21:40Z" duration="0.000599" asserts="0">
            <properties>
              <property name="Category" value="GDX.Tests" />
            </properties>
          </test-case>
          <test-case id="1051" name="InitializeOnMainThread_NotAlreadyInitialized_Executes" fullname="GDX.CoreTests.InitializeOnMainThread_NotAlreadyInitialized_Executes" methodname="InitializeOnMainThread_NotAlreadyInitialized_Executes" classname="GDX.CoreTests" runstate="Runnable" seed="1146438177" result="Passed" start-time="2022-09-04 01:21:40Z" end-time="2022-09-04 01:21:40Z" duration="0.000304" asserts="0">
            <properties>
              <property name="Category" value="GDX.Tests" />
            </properties>
          </test-case>
        </test-suite>
        <test-suite type="TestSuite" id="1752" name="Developer" fullname="GDX.Developer" runstate="Runnable" testcasecount="49" result="Passed" start-time="2022-09-04 01:21:40Z" end-time="2022-09-04 01:21:40Z" duration="0.378083" total="49" passed="49" failed="0" inconclusive="0" skipped="0" asserts="0">
          <properties />
          <test-suite type="TestFixture" id="1362" name="CommandLineParserTests" fullname="GDX.Developer.CommandLineParserTests" classname="GDX.Developer.CommandLineParserTests" runstate="Runnable" testcasecount="2" result="Passed" start-time="2022-09-04 01:21:40Z" end-time="2022-09-04 01:21:40Z" duration="0.005315" total="2" passed="2" failed="0" inconclusive="0" skipped="0" asserts="0">
            <properties />
            <test-case id="1363" name="ProcessArguments_MockData_ContainsFlag" fullname="GDX.Developer.CommandLineParserTests.ProcessArguments_MockData_ContainsFlag" methodname="ProcessArguments_MockData_ContainsFlag" classname="GDX.Developer.CommandLineParserTests" runstate="Runnable" seed="834710406" result="Passed" start-time="2022-09-04 01:21:40Z" end-time="2022-09-04 01:21:40Z" duration="0.000994" asserts="0">
              <properties>
                <property name="Category" value="GDX.Tests" />
              </properties>
            </test-case>
            <test-case id="1364" name="ProcessArguments_MockData_HasValue" fullname="GDX.Developer.CommandLineParserTests.ProcessArguments_MockData_HasValue" methodname="ProcessArguments_MockData_HasValue" classname="GDX.Developer.CommandLineParserTests" runstate="Runnable" seed="2141466409" result="Passed" start-time="2022-09-04 01:21:40Z" end-time="2022-09-04 01:21:40Z" duration="0.000385" asserts="0">
              <properties>
                <property name="Category" value="GDX.Tests" />
              </properties>
            </test-case>
          </test-suite>
          <test-suite type="TestFixture" id="1365" name="DebugDrawTests" fullname="GDX.Developer.DebugDrawTests" classname="GDX.Developer.DebugDrawTests" runstate="Runnable" testcasecount="4" result="Passed" start-time="2022-09-04 01:21:40Z" end-time="2022-09-04 01:21:40Z" duration="0.014233" total="4" passed="4" failed="0" inconclusive="0" skipped="0" asserts="0">
            <properties />
            <test-case id="1367" name="GetUnmanagedBuffer_ByID_ReturnsInstance" fullname="GDX.Developer.DebugDrawTests.GetUnmanagedBuffer_ByID_ReturnsInstance" methodname="GetUnmanagedBuffer_ByID_ReturnsInstance" classname="GDX.Developer.DebugDrawTests" runstate="Runnable" seed="897442271" result="Passed" start-time="2022-09-04 01:21:40Z" end-time="2022-09-04 01:21:40Z" duration="0.011072" asserts="0">
              <properties>
                <property name="Category" value="GDX.Tests" />
              </properties>
            </test-case>
            <test-case id="1366" name="GetUnmanagedBuffer_New_ReturnsInstance" fullname="GDX.Developer.DebugDrawTests.GetUnmanagedBuffer_New_ReturnsInstance" methodname="GetUnmanagedBuffer_New_ReturnsInstance" classname="GDX.Developer.DebugDrawTests" runstate="Runnable" seed="290891813" result="Passed" start-time="2022-09-04 01:21:40Z" end-time="2022-09-04 01:21:40Z" duration="0.000183" asserts="0">
              <properties>
                <property name="Category" value="GDX.Tests" />
              </properties>
            </test-case>
            <test-case id="1368" name="HasUnmanagedBuffer_ByID_Valid" fullname="GDX.Developer.DebugDrawTests.HasUnmanagedBuffer_ByID_Valid" methodname="HasUnmanagedBuffer_ByID_Valid" classname="GDX.Developer.DebugDrawTests" runstate="Runnable" seed="1835753542" result="Passed" start-time="2022-09-04 01:21:40Z" end-time="2022-09-04 01:21:40Z" duration="0.000204" asserts="0">
              <properties>
                <property name="Category" value="GDX.Tests" />
              </properties>
            </test-case>
            <test-case id="1369" name="RemoveUnmanagedBuffer_ByID_RemovesInstance" fullname="GDX.Developer.DebugDrawTests.RemoveUnmanagedBuffer_ByID_RemovesInstance" methodname="RemoveUnmanagedBuffer_ByID_RemovesInstance" classname="GDX.Developer.DebugDrawTests" runstate="Runnable" seed="2042704841" result="Passed" start-time="2022-09-04 01:21:40Z" end-time="2022-09-04 01:21:40Z" duration="0.000142" asserts="0">
              <properties>
                <property name="Category" value="GDX.Tests" />
              </properties>
            </test-case>
          </test-suite>
          <test-suite type="TestSuite" id="1753" name="Reports" fullname="GDX.Developer.Reports" runstate="Runnable" testcasecount="20" result="Passed" start-time="2022-09-04 01:21:40Z" end-time="2022-09-04 01:21:40Z" duration="0.336812" total="20" passed="20" failed="0" inconclusive="0" skipped="0" asserts="0">
            <properties />
            <test-suite type="TestFixture" id="1396" name="NUnitReportTests" fullname="GDX.Developer.Reports.NUnitReportTests" classname="GDX.Developer.Reports.NUnitReportTests" runstate="Runnable" testcasecount="13" result="Passed" start-time="2022-09-04 01:21:40Z" end-time="2022-09-04 01:21:40Z" duration="0.013109" total="13" passed="13" failed="0" inconclusive="0" skipped="0" asserts="0">
              <properties />
              <test-case id="1400" name="AddDuration_FailNoFailNoSuite" fullname="GDX.Developer.Reports.NUnitReportTests.AddDuration_FailNoFailNoSuite" methodname="AddDuration_FailNoFailNoSuite" classname="GDX.Developer.Reports.NUnitReportTests" runstate="Runnable" seed="619373756" result="Passed" start-time="2022-09-04 01:21:40Z" end-time="2022-09-04 01:21:40Z" duration="0.001136" asserts="0">
                <properties>
                  <property name="Category" value="GDX.Tests" />
                </properties>
              </test-case>
              <test-case id="1401" name="AddDuration_FailWithFailNoSuite" fullname="GDX.Developer.Reports.NUnitReportTests.AddDuration_FailWithFailNoSuite" methodname="AddDuration_FailWithFailNoSuite" classname="GDX.Developer.Reports.NUnitReportTests" runstate="Runnable" seed="854484053" result="Passed" start-time="2022-09-04 01:21:40Z" end-time="2022-09-04 01:21:40Z" duration="0.000226" asserts="0">
                <properties>
                  <property name="Category" value="GDX.Tests" />
                </properties>
              </test-case>
              <test-case id="1398" name="AddDuration_PassNoFailNoSuite" fullname="GDX.Developer.Reports.NUnitReportTests.AddDuration_PassNoFailNoSuite" methodname="AddDuration_PassNoFailNoSuite" classname="GDX.Developer.Reports.NUnitReportTests" runstate="Runnable" seed="1929573073" result="Passed" start-time="2022-09-04 01:21:40Z" end-time="2022-09-04 01:21:40Z" duration="0.000208" asserts="0">
                <properties>
                  <property name="Category" value="GDX.Tests" />
                </properties>
              </test-case>
              <test-case id="1399" name="AddDuration_PassNoFailWithSuite" fullname="GDX.Developer.Reports.NUnitReportTests.AddDuration_PassNoFailWithSuite" methodname="AddDuration_PassNoFailWithSuite" classname="GDX.Developer.Reports.NUnitReportTests" runstate="Runnable" seed="1150760707" result="Passed" start-time="2022-09-04 01:21:40Z" end-time="2022-09-04 01:21:40Z" duration="0.000211" asserts="0">
                <properties>
                  <property name="Category" value="GDX.Tests" />
                </properties>
              </test-case>
              <test-case id="1402" name="AddSkippedTest_NoSkipNoSuite" fullname="GDX.Developer.Reports.NUnitReportTests.AddSkippedTest_NoSkipNoSuite" methodname="AddSkippedTest_NoSkipNoSuite" classname="GDX.Developer.Reports.NUnitReportTests" runstate="Runnable" seed="351523954" result="Passed" start-time="2022-09-04 01:21:40Z" end-time="2022-09-04 01:21:40Z" duration="0.000307" asserts="0">
                <properties>
                  <property name="Category" value="GDX.Tests" />
                </properties>
              </test-case>
              <test-case id="1403" name="AddSkippedTest_SkipNoSuite" fullname="GDX.Developer.Reports.NUnitReportTests.AddSkippedTest_SkipNoSuite" methodname="AddSkippedTest_SkipNoSuite" classname="GDX.Developer.Reports.NUnitReportTests" runstate="Runnable" seed="82726026" result="Passed" start-time="2022-09-04 01:21:40Z" end-time="2022-09-04 01:21:40Z" duration="0.000213" asserts="0">
                <properties>
                  <property name="Category" value="GDX.Tests" />
                </properties>
              </test-case>
              <test-case id="1404" name="AddSkippedTest_SkipSuite" fullname="GDX.Developer.Reports.NUnitReportTests.AddSkippedTest_SkipSuite" methodname="AddSkippedTest_SkipSuite" classname="GDX.Developer.Reports.NUnitReportTests" runstate="Runnable" seed="1345690740" result="Passed" start-time="2022-09-04 01:21:40Z" end-time="2022-09-04 01:21:40Z" duration="0.000201" asserts="0">
                <properties>
                  <property name="Category" value="GDX.Tests" />
                </properties>
              </test-case>
              <test-case id="1397" name="Constructor_Create" fullname="GDX.Developer.Reports.NUnitReportTests.Constructor_Create" methodname="Constructor_Create" classname="GDX.Developer.Reports.NUnitReportTests" runstate="Runnable" seed="1941434583" result="Passed" start-time="2022-09-04 01:21:40Z" end-time="2022-09-04 01:21:40Z" duration="0.000260" asserts="0">
                <properties>
                  <property name="Category" value="GDX.Tests" />
                </properties>
              </test-case>
              <test-case id="1406" name="GetResultCount_NoTestSuites" fullname="GDX.Developer.Reports.NUnitReportTests.GetResultCount_NoTestSuites" methodname="GetResultCount_NoTestSuites" classname="GDX.Developer.Reports.NUnitReportTests" runstate="Runnable" seed="1804971639" result="Passed" start-time="2022-09-04 01:21:40Z" end-time="2022-09-04 01:21:40Z" duration="0.001382" asserts="0">
                <properties>
                  <property name="Category" value="GDX.Tests" />
                </properties>
              </test-case>
              <test-case id="1407" name="GetResultCount_TestSuite" fullname="GDX.Developer.Reports.NUnitReportTests.GetResultCount_TestSuite" methodname="GetResultCount_TestSuite" classname="GDX.Developer.Reports.NUnitReportTests" runstate="Runnable" seed="480885061" result="Passed" start-time="2022-09-04 01:21:40Z" end-time="2022-09-04 01:21:40Z" duration="0.000164" asserts="0">
                <properties>
                  <property name="Category" value="GDX.Tests" />
                </properties>
              </test-case>
              <test-case id="1405" name="SetForceFail_Fails" fullname="GDX.Developer.Reports.NUnitReportTests.SetForceFail_Fails" methodname="SetForceFail_Fails" classname="GDX.Developer.Reports.NUnitReportTests" runstate="Runnable" seed="1121246422" result="Passed" start-time="2022-09-04 01:21:40Z" end-time="2022-09-04 01:21:40Z" duration="0.000235" asserts="0">
                <properties>
                  <property name="Category" value="GDX.Tests" />
                </properties>
              </test-case>
              <test-case id="1408" name="ToString_Fail_ExpectedOutput" fullname="GDX.Developer.Reports.NUnitReportTests.ToString_Fail_ExpectedOutput" methodname="ToString_Fail_ExpectedOutput" classname="GDX.Developer.Reports.NUnitReportTests" runstate="Runnable" seed="1493606647" result="Passed" start-time="2022-09-04 01:21:40Z" end-time="2022-09-04 01:21:40Z" duration="0.003095" asserts="0">
                <properties>
                  <property name="Category" value="GDX.Tests" />
                </properties>
              </test-case>
              <test-case id="1409" name="ToString_Pass_ExpectedOutput" fullname="GDX.Developer.Reports.NUnitReportTests.ToString_Pass_ExpectedOutput" methodname="ToString_Pass_ExpectedOutput" classname="GDX.Developer.Reports.NUnitReportTests" runstate="Runnable" seed="1582865923" result="Passed" start-time="2022-09-04 01:21:40Z" end-time="2022-09-04 01:21:40Z" duration="0.000235" asserts="0">
                <properties>
                  <property name="Category" value="GDX.Tests" />
                </properties>
              </test-case>
            </test-suite>
            <test-suite type="TestSuite" id="1754" name="Resource" fullname="GDX.Developer.Reports.Resource" runstate="Runnable" testcasecount="3" result="Passed" start-time="2022-09-04 01:21:40Z" end-time="2022-09-04 01:21:40Z" duration="0.056246" total="3" passed="3" failed="0" inconclusive="0" skipped="0" asserts="0">
              <properties />
              <test-suite type="TestFixture" id="1416" name="ResourceReportTests" fullname="GDX.Developer.Reports.Resource.ResourceReportTests" classname="GDX.Developer.Reports.Resource.ResourceReportTests" runstate="Runnable" testcasecount="3" result="Passed" start-time="2022-09-04 01:21:40Z" end-time="2022-09-04 01:21:40Z" duration="0.054440" total="3" passed="3" failed="0" inconclusive="0" skipped="0" asserts="0">
                <properties />
                <test-case id="1417" name="CreateDivider_MockData_CorrectLength" fullname="GDX.Developer.Reports.Resource.ResourceReportTests.CreateDivider_MockData_CorrectLength" methodname="CreateDivider_MockData_CorrectLength" classname="GDX.Developer.Reports.Resource.ResourceReportTests" runstate="Runnable" seed="1995737309" result="Passed" start-time="2022-09-04 01:21:40Z" end-time="2022-09-04 01:21:40Z" duration="0.000528" asserts="0">
                  <properties>
                    <property name="Category" value="GDX.Tests" />
                  </properties>
                </test-case>
                <test-case id="1418" name="CreateHeader_MockData_CorrectLength" fullname="GDX.Developer.Reports.Resource.ResourceReportTests.CreateHeader_MockData_CorrectLength" methodname="CreateHeader_MockData_CorrectLength" classname="GDX.Developer.Reports.Resource.ResourceReportTests" runstate="Runnable" seed="977422225" result="Passed" start-time="2022-09-04 01:21:40Z" end-time="2022-09-04 01:21:40Z" duration="0.000337" asserts="0">
                  <properties>
                    <property name="Category" value="GDX.Tests" />
                  </properties>
                </test-case>
                <test-case id="1419" name="Output_MockData_StringBuilderSameAsStreamWriter" fullname="GDX.Developer.Reports.Resource.ResourceReportTests.Output_MockData_StringBuilderSameAsStreamWriter" methodname="Output_MockData_StringBuilderSameAsStreamWriter" classname="GDX.Developer.Reports.Resource.ResourceReportTests" runstate="Runnable" seed="803101540" result="Passed" start-time="2022-09-04 01:21:40Z" end-time="2022-09-04 01:21:40Z" duration="0.049509" asserts="0">
                  <properties>
                    <property name="Category" value="GDX.Tests" />
                  </properties>
                </test-case>
              </test-suite>
            </test-suite>
            <test-suite type="TestFixture" id="1410" name="ResourcesAuditReportTests" fullname="GDX.Developer.Reports.ResourcesAuditReportTests" classname="GDX.Developer.Reports.ResourcesAuditReportTests" runstate="Runnable" testcasecount="3" result="Passed" start-time="2022-09-04 01:21:40Z" end-time="2022-09-04 01:21:40Z" duration="0.130305" total="3" passed="3" failed="0" inconclusive="0" skipped="0" asserts="0">
              <properties />
              <test-case id="1411" name="Get_MockData_ReturnsObject" fullname="GDX.Developer.Reports.ResourcesAuditReportTests.Get_MockData_ReturnsObject" methodname="Get_MockData_ReturnsObject" classname="GDX.Developer.Reports.ResourcesAuditReportTests" runstate="Runnable" seed="2117042794" result="Passed" start-time="2022-09-04 01:21:40Z" end-time="2022-09-04 01:21:40Z" duration="0.003389" asserts="0">
                <properties>
                  <property name="Category" value="GDX.Tests" />
                </properties>
              </test-case>
              <test-case id="1413" name="Output_GetAll_ReturnsReport" fullname="GDX.Developer.Reports.ResourcesAuditReportTests.Output_GetAll_ReturnsReport" methodname="Output_GetAll_ReturnsReport" classname="GDX.Developer.Reports.ResourcesAuditReportTests" runstate="Runnable" seed="441036727" result="Passed" start-time="2022-09-04 01:21:40Z" end-time="2022-09-04 01:21:40Z" duration="0.101989" asserts="0">
                <properties>
                  <property name="Category" value="GDX.Tests" />
                </properties>
              </test-case>
              <test-case id="1412" name="Output_GetCommon_ReturnsReport" fullname="GDX.Developer.Reports.ResourcesAuditReportTests.Output_GetCommon_ReturnsReport" methodname="Output_GetCommon_ReturnsReport" classname="GDX.Developer.Reports.ResourcesAuditReportTests" runstate="Runnable" seed="1520611352" result="Passed" start-time="2022-09-04 01:21:40Z" end-time="2022-09-04 01:21:40Z" duration="0.021827" asserts="0">
                <properties>
                  <property name="Category" value="GDX.Tests" />
                </properties>
              </test-case>
            </test-suite>
            <test-suite type="TestFixture" id="1414" name="ResourcesDiffReportTests" fullname="GDX.Developer.Reports.ResourcesDiffReportTests" classname="GDX.Developer.Reports.ResourcesDiffReportTests" runstate="Runnable" testcasecount="1" result="Passed" start-time="2022-09-04 01:21:40Z" end-time="2022-09-04 01:21:40Z" duration="0.134076" total="1" passed="1" failed="0" inconclusive="0" skipped="0" asserts="0">
              <properties />
              <test-case id="1415" name="Output_GetCommonAndAll_ReturnsReport" fullname="GDX.Developer.Reports.ResourcesDiffReportTests.Output_GetCommonAndAll_ReturnsReport" methodname="Output_GetCommonAndAll_ReturnsReport" classname="GDX.Developer.Reports.ResourcesDiffReportTests" runstate="Runnable" seed="533158809" result="Passed" start-time="2022-09-04 01:21:40Z" end-time="2022-09-04 01:21:40Z" duration="0.131083" asserts="0">
                <properties>
                  <property name="Category" value="GDX.Tests" />
                </properties>
              </test-case>
            </test-suite>
          </test-suite>
          <test-suite type="TestFixture" id="1370" name="SemanticVersionTests" fullname="GDX.Developer.SemanticVersionTests" classname="GDX.Developer.SemanticVersionTests" runstate="Runnable" testcasecount="15" result="Passed" start-time="2022-09-04 01:21:40Z" end-time="2022-09-04 01:21:40Z" duration="0.010647" total="15" passed="15" failed="0" inconclusive="0" skipped="0" asserts="0">
            <properties />
            <test-case id="1378" name="Equality_MockData_Matches" fullname="GDX.Developer.SemanticVersionTests.Equality_MockData_Matches" methodname="Equality_MockData_Matches" classname="GDX.Developer.SemanticVersionTests" runstate="Runnable" seed="165288583" result="Passed" start-time="2022-09-04 01:21:40Z" end-time="2022-09-04 01:21:40Z" duration="0.000841" asserts="0">
              <properties>
                <property name="Category" value="GDX.Tests" />
              </properties>
            </test-case>
            <test-case id="1379" name="Equals_MockData_Matches" fullname="GDX.Developer.SemanticVersionTests.Equals_MockData_Matches" methodname="Equals_MockData_Matches" classname="GDX.Developer.SemanticVersionTests" runstate="Runnable" seed="1226457795" result="Passed" start-time="2022-09-04 01:21:40Z" end-time="2022-09-04 01:21:40Z" duration="0.000346" asserts="0">
              <properties>
                <property name="Category" value="GDX.Tests" />
              </properties>
            </test-case>
            <test-case id="1380" name="GetHashCode_MockData_Valid" fullname="GDX.Developer.SemanticVersionTests.GetHashCode_MockData_Valid" methodname="GetHashCode_MockData_Valid" classname="GDX.Developer.SemanticVersionTests" runstate="Runnable" seed="1608288883" result="Passed" start-time="2022-09-04 01:21:40Z" end-time="2022-09-04 01:21:40Z" duration="0.000201" asserts="0">
              <properties>
                <property name="Category" value="GDX.Tests" />
              </properties>
            </test-case>
            <test-case id="1382" name="GreaterThan_MockData_Evaluate" fullname="GDX.Developer.SemanticVersionTests.GreaterThan_MockData_Evaluate" methodname="GreaterThan_MockData_Evaluate" classname="GDX.Developer.SemanticVersionTests" runstate="Runnable" seed="1754843075" result="Passed" start-time="2022-09-04 01:21:40Z" end-time="2022-09-04 01:21:40Z" duration="0.000293" asserts="0">
              <properties>
                <property name="Category" value="GDX.Tests" />
              </properties>
            </test-case>
            <test-case id="1381" name="GreaterThanOrEqualTo_MockData_Evaluate" fullname="GDX.Developer.SemanticVersionTests.GreaterThanOrEqualTo_MockData_Evaluate" methodname="GreaterThanOrEqualTo_MockData_Evaluate" classname="GDX.Developer.SemanticVersionTests" runstate="Runnable" seed="1997650417" result="Passed" start-time="2022-09-04 01:21:40Z" end-time="2022-09-04 01:21:40Z" duration="0.000463" asserts="0">
              <properties>
                <property name="Category" value="GDX.Tests" />
              </properties>
            </test-case>
            <test-case id="1383" name="Inequality_MockData_DoesNotMatch" fullname="GDX.Developer.SemanticVersionTests.Inequality_MockData_DoesNotMatch" methodname="Inequality_MockData_DoesNotMatch" classname="GDX.Developer.SemanticVersionTests" runstate="Runnable" seed="1995019282" result="Passed" start-time="2022-09-04 01:21:40Z" end-time="2022-09-04 01:21:40Z" duration="0.000217" asserts="0">
              <properties>
                <property name="Category" value="GDX.Tests" />
              </properties>
            </test-case>
            <test-case id="1385" name="LessThan_MockData_Evaluate" fullname="GDX.Developer.SemanticVersionTests.LessThan_MockData_Evaluate" methodname="LessThan_MockData_Evaluate" classname="GDX.Developer.SemanticVersionTests" runstate="Runnable" seed="476051551" result="Passed" start-time="2022-09-04 01:21:40Z" end-time="2022-09-04 01:21:40Z" duration="0.000336" asserts="0">
              <properties>
                <property name="Category" value="GDX.Tests" />
              </properties>
            </test-case>
            <test-case id="1384" name="LessThanOrEqualTo_MockData_Evaluate" fullname="GDX.Developer.SemanticVersionTests.LessThanOrEqualTo_MockData_Evaluate" methodname="LessThanOrEqualTo_MockData_Evaluate" classname="GDX.Developer.SemanticVersionTests" runstate="Runnable" seed="1680022898" result="Passed" start-time="2022-09-04 01:21:40Z" end-time="2022-09-04 01:21:40Z" duration="0.000395" asserts="0">
              <properties>
                <property name="Category" value="GDX.Tests" />
              </properties>
            </test-case>
            <test-case id="1372" name="SemanticVersion_FromString_FourPartsParse" fullname="GDX.Developer.SemanticVersionTests.SemanticVersion_FromString_FourPartsParse" methodname="SemanticVersion_FromString_FourPartsParse" classname="GDX.Developer.SemanticVersionTests" runstate="Runnable" seed="279613319" result="Passed" start-time="2022-09-04 01:21:40Z" end-time="2022-09-04 01:21:40Z" duration="0.000190" asserts="0">
              <properties>
                <property name="Category" value="GDX.Tests" />
              </properties>
            </test-case>
            <test-case id="1375" name="SemanticVersion_FromString_OnePartParse" fullname="GDX.Developer.SemanticVersionTests.SemanticVersion_FromString_OnePartParse" methodname="SemanticVersion_FromString_OnePartParse" classname="GDX.Developer.SemanticVersionTests" runstate="Runnable" seed="501611446" result="Passed" start-time="2022-09-04 01:21:40Z" end-time="2022-09-04 01:21:40Z" duration="0.000143" asserts="0">
              <properties>
                <property name="Category" value="GDX.Tests" />
              </properties>
            </test-case>
            <test-case id="1373" name="SemanticVersion_FromString_ThreePartsParse" fullname="GDX.Developer.SemanticVersionTests.SemanticVersion_FromString_ThreePartsParse" methodname="SemanticVersion_FromString_ThreePartsParse" classname="GDX.Developer.SemanticVersionTests" runstate="Runnable" seed="1831038138" result="Passed" start-time="2022-09-04 01:21:40Z" end-time="2022-09-04 01:21:40Z" duration="0.000142" asserts="0">
              <properties>
                <property name="Category" value="GDX.Tests" />
              </properties>
            </test-case>
            <test-case id="1377" name="SemanticVersion_FromString_TooManyParts" fullname="GDX.Developer.SemanticVersionTests.SemanticVersion_FromString_TooManyParts" methodname="SemanticVersion_FromString_TooManyParts" classname="GDX.Developer.SemanticVersionTests" runstate="Runnable" seed="1096105360" result="Passed" start-time="2022-09-04 01:21:40Z" end-time="2022-09-04 01:21:40Z" duration="0.000139" asserts="0">
              <properties>
                <property name="Category" value="GDX.Tests" />
              </properties>
            </test-case>
            <test-case id="1374" name="SemanticVersion_FromString_TwoPartsParse" fullname="GDX.Developer.SemanticVersionTests.SemanticVersion_FromString_TwoPartsParse" methodname="SemanticVersion_FromString_TwoPartsParse" classname="GDX.Developer.SemanticVersionTests" runstate="Runnable" seed="1395512300" result="Passed" start-time="2022-09-04 01:21:40Z" end-time="2022-09-04 01:21:40Z" duration="0.000152" asserts="0">
              <properties>
                <property name="Category" value="GDX.Tests" />
              </properties>
            </test-case>
            <test-case id="1371" name="SemanticVersion_NoVersion_Origin" fullname="GDX.Developer.SemanticVersionTests.SemanticVersion_NoVersion_Origin" methodname="SemanticVersion_NoVersion_Origin" classname="GDX.Developer.SemanticVersionTests" runstate="Runnable" seed="330697349" result="Passed" start-time="2022-09-04 01:21:40Z" end-time="2022-09-04 01:21:40Z" duration="0.000135" asserts="0">
              <properties>
                <property name="Category" value="GDX.Tests" />
              </properties>
            </test-case>
            <test-case id="1376" name="SemanticVersion_UnityVersion_ThreePartsParse" fullname="GDX.Developer.SemanticVersionTests.SemanticVersion_UnityVersion_ThreePartsParse" methodname="SemanticVersion_UnityVersion_ThreePartsParse" classname="GDX.Developer.SemanticVersionTests" runstate="Runnable" seed="1709931445" result="Passed" start-time="2022-09-04 01:21:40Z" end-time="2022-09-04 01:21:40Z" duration="0.000142" asserts="0">
              <properties>
                <property name="Category" value="GDX.Tests" />
              </properties>
            </test-case>
          </test-suite>
          <test-suite type="TestFixture" id="1386" name="TextGeneratorTests" fullname="GDX.Developer.TextGeneratorTests" classname="GDX.Developer.TextGeneratorTests" runstate="Runnable" testcasecount="2" result="Passed" start-time="2022-09-04 01:21:40Z" end-time="2022-09-04 01:21:40Z" duration="0.003209" total="2" passed="2" failed="0" inconclusive="0" skipped="0" asserts="0">
            <properties />
            <test-case id="1387" name="AppendLineRange_MockData_AddsContent" fullname="GDX.Developer.TextGeneratorTests.AppendLineRange_MockData_AddsContent" methodname="AppendLineRange_MockData_AddsContent" classname="GDX.Developer.TextGeneratorTests" runstate="Runnable" seed="1258611603" result="Passed" start-time="2022-09-04 01:21:40Z" end-time="2022-09-04 01:21:40Z" duration="0.000486" asserts="0">
              <properties>
                <property name="Category" value="GDX.Tests" />
              </properties>
            </test-case>
            <test-case id="1388" name="PopIndent_IndentLevelLessThenZero_DoesNothing" fullname="GDX.Developer.TextGeneratorTests.PopIndent_IndentLevelLessThenZero_DoesNothing" methodname="PopIndent_IndentLevelLessThenZero_DoesNothing" classname="GDX.Developer.TextGeneratorTests" runstate="Runnable" seed="152437011" result="Passed" start-time="2022-09-04 01:21:40Z" end-time="2022-09-04 01:21:40Z" duration="0.000208" asserts="0">
              <properties>
                <property name="Category" value="GDX.Tests" />
              </properties>
            </test-case>
          </test-suite>
          <test-suite type="TestFixture" id="1389" name="TransientReferenceTests" fullname="GDX.Developer.TransientReferenceTests" classname="GDX.Developer.TransientReferenceTests" runstate="Runnable" testcasecount="6" result="Passed" start-time="2022-09-04 01:21:40Z" end-time="2022-09-04 01:21:40Z" duration="0.004583" total="6" passed="6" failed="0" inconclusive="0" skipped="0" asserts="0">
            <properties />
            <test-case id="1393" name="CompareTo_BadTransientReference_ReturnsZero" fullname="GDX.Developer.TransientReferenceTests.CompareTo_BadTransientReference_ReturnsZero" methodname="CompareTo_BadTransientReference_ReturnsZero" classname="GDX.Developer.TransientReferenceTests" runstate="Runnable" seed="658409704" result="Passed" start-time="2022-09-04 01:21:40Z" end-time="2022-09-04 01:21:40Z" duration="0.000482" asserts="0">
              <properties>
                <property name="Category" value="GDX.Tests" />
              </properties>
            </test-case>
            <test-case id="1392" name="CompareTo_DuplicateTransientReference_ReturnsOne" fullname="GDX.Developer.TransientReferenceTests.CompareTo_DuplicateTransientReference_ReturnsOne" methodname="CompareTo_DuplicateTransientReference_ReturnsOne" classname="GDX.Developer.TransientReferenceTests" runstate="Runnable" seed="791659916" result="Passed" start-time="2022-09-04 01:21:40Z" end-time="2022-09-04 01:21:40Z" duration="0.000193" asserts="0">
              <properties>
                <property name="Category" value="GDX.Tests" />
              </properties>
            </test-case>
            <test-case id="1394" name="CompareTo_OriginalObject_ReturnsOne" fullname="GDX.Developer.TransientReferenceTests.CompareTo_OriginalObject_ReturnsOne" methodname="CompareTo_OriginalObject_ReturnsOne" classname="GDX.Developer.TransientReferenceTests" runstate="Runnable" seed="1058248326" result="Passed" start-time="2022-09-04 01:21:40Z" end-time="2022-09-04 01:21:40Z" duration="0.000213" asserts="0">
              <properties>
                <property name="Category" value="GDX.Tests" />
              </properties>
            </test-case>
            <test-case id="1395" name="CompareTo_WeakReference_ReturnsOne" fullname="GDX.Developer.TransientReferenceTests.CompareTo_WeakReference_ReturnsOne" methodname="CompareTo_WeakReference_ReturnsOne" classname="GDX.Developer.TransientReferenceTests" runstate="Runnable" seed="1808046299" result="Passed" start-time="2022-09-04 01:21:40Z" end-time="2022-09-04 01:21:40Z" duration="0.000229" asserts="0">
              <properties>
                <property name="Category" value="GDX.Tests" />
              </properties>
            </test-case>
            <test-case id="1390" name="TransientReference_ObjectBased_CreatedReference" fullname="GDX.Developer.TransientReferenceTests.TransientReference_ObjectBased_CreatedReference" methodname="TransientReference_ObjectBased_CreatedReference" classname="GDX.Developer.TransientReferenceTests" runstate="Runnable" seed="545586048" result="Passed" start-time="2022-09-04 01:21:40Z" end-time="2022-09-04 01:21:40Z" duration="0.000142" asserts="0">
              <properties>
                <property name="Category" value="GDX.Tests" />
              </properties>
            </test-case>
            <test-case id="1391" name="TransientReference_ObjectBasedResurrection_CreatedReference" fullname="GDX.Developer.TransientReferenceTests.TransientReference_ObjectBasedResurrection_CreatedReference" methodname="TransientReference_ObjectBasedResurrection_CreatedReference" classname="GDX.Developer.TransientReferenceTests" runstate="Runnable" seed="1239751740" result="Passed" start-time="2022-09-04 01:21:40Z" end-time="2022-09-04 01:21:40Z" duration="0.000143" asserts="0">
              <properties>
                <property name="Category" value="GDX.Tests" />
              </properties>
            </test-case>
          </test-suite>
        </test-suite>
        <test-suite type="TestSuite" id="1751" name="IO" fullname="GDX.IO" runstate="Runnable" testcasecount="9" result="Passed" start-time="2022-09-04 01:21:40Z" end-time="2022-09-04 01:21:40Z" duration="0.010020" total="9" passed="9" failed="0" inconclusive="0" skipped="0" asserts="0">
          <properties />
          <test-suite type="TestFixture" id="1352" name="CoalesceStreamTests" fullname="GDX.IO.CoalesceStreamTests" classname="GDX.IO.CoalesceStreamTests" runstate="Runnable" testcasecount="9" result="Passed" start-time="2022-09-04 01:21:40Z" end-time="2022-09-04 01:21:40Z" duration="0.008355" total="9" passed="9" failed="0" inconclusive="0" skipped="0" asserts="0">
            <properties />
            <test-case id="1354" name="Constructor_Bytes" fullname="GDX.IO.CoalesceStreamTests.Constructor_Bytes" methodname="Constructor_Bytes" classname="GDX.IO.CoalesceStreamTests" runstate="Runnable" seed="855010864" result="Passed" start-time="2022-09-04 01:21:40Z" end-time="2022-09-04 01:21:40Z" duration="0.002142" asserts="0">
              <properties>
                <property name="Category" value="GDX.Tests" />
              </properties>
            </test-case>
            <test-case id="1353" name="Constructor_Empty" fullname="GDX.IO.CoalesceStreamTests.Constructor_Empty" methodname="Constructor_Empty" classname="GDX.IO.CoalesceStreamTests" runstate="Runnable" seed="1219437244" result="Passed" start-time="2022-09-04 01:21:40Z" end-time="2022-09-04 01:21:40Z" duration="0.000328" asserts="0">
              <properties>
                <property name="Category" value="GDX.Tests" />
              </properties>
            </test-case>
            <test-case id="1355" name="Read_" fullname="GDX.IO.CoalesceStreamTests.Read_" methodname="Read_" classname="GDX.IO.CoalesceStreamTests" runstate="Runnable" seed="2135255050" result="Passed" start-time="2022-09-04 01:21:40Z" end-time="2022-09-04 01:21:40Z" duration="0.000189" asserts="0">
              <properties>
                <property name="Category" value="GDX.Tests" />
              </properties>
            </test-case>
            <test-case id="1357" name="ReadByte_Empty_NegativeOne" fullname="GDX.IO.CoalesceStreamTests.ReadByte_Empty_NegativeOne" methodname="ReadByte_Empty_NegativeOne" classname="GDX.IO.CoalesceStreamTests" runstate="Runnable" seed="891768595" result="Passed" start-time="2022-09-04 01:21:40Z" end-time="2022-09-04 01:21:40Z" duration="0.000291" asserts="0">
              <properties>
                <property name="Category" value="GDX.Tests" />
              </properties>
            </test-case>
            <test-case id="1356" name="ReadByte_MockData_Valid" fullname="GDX.IO.CoalesceStreamTests.ReadByte_MockData_Valid" methodname="ReadByte_MockData_Valid" classname="GDX.IO.CoalesceStreamTests" runstate="Runnable" seed="1468348089" result="Passed" start-time="2022-09-04 01:21:40Z" end-time="2022-09-04 01:21:40Z" duration="0.000239" asserts="0">
              <properties>
                <property name="Category" value="GDX.Tests" />
              </properties>
            </test-case>
            <test-case id="1358" name="Seek_" fullname="GDX.IO.CoalesceStreamTests.Seek_" methodname="Seek_" classname="GDX.IO.CoalesceStreamTests" runstate="Runnable" seed="1893137741" result="Passed" start-time="2022-09-04 01:21:40Z" end-time="2022-09-04 01:21:40Z" duration="0.000188" asserts="0">
              <properties>
                <property name="Category" value="GDX.Tests" />
              </properties>
            </test-case>
            <test-case id="1359" name="SetLength_" fullname="GDX.IO.CoalesceStreamTests.SetLength_" methodname="SetLength_" classname="GDX.IO.CoalesceStreamTests" runstate="Runnable" seed="2064969841" result="Passed" start-time="2022-09-04 01:21:40Z" end-time="2022-09-04 01:21:40Z" duration="0.000183" asserts="0">
              <properties>
                <property name="Category" value="GDX.Tests" />
              </properties>
            </test-case>
            <test-case id="1360" name="Write_" fullname="GDX.IO.CoalesceStreamTests.Write_" methodname="Write_" classname="GDX.IO.CoalesceStreamTests" runstate="Runnable" seed="1222606999" result="Passed" start-time="2022-09-04 01:21:40Z" end-time="2022-09-04 01:21:40Z" duration="0.000182" asserts="0">
              <properties>
                <property name="Category" value="GDX.Tests" />
              </properties>
            </test-case>
            <test-case id="1361" name="WriteByte_" fullname="GDX.IO.CoalesceStreamTests.WriteByte_" methodname="WriteByte_" classname="GDX.IO.CoalesceStreamTests" runstate="Runnable" seed="1470490432" result="Passed" start-time="2022-09-04 01:21:40Z" end-time="2022-09-04 01:21:40Z" duration="0.000180" asserts="0">
              <properties>
                <property name="Category" value="GDX.Tests" />
              </properties>
            </test-case>
          </test-suite>
        </test-suite>
        <test-suite type="TestSuite" id="1749" name="Jobs" fullname="GDX.Jobs" runstate="Runnable" testcasecount="2" result="Passed" start-time="2022-09-04 01:21:40Z" end-time="2022-09-04 01:21:40Z" duration="0.012875" total="2" passed="2" failed="0" inconclusive="0" skipped="0" asserts="0">
          <properties />
          <test-suite type="TestSuite" id="1750" name="ParallelFor" fullname="GDX.Jobs.ParallelFor" runstate="Runnable" testcasecount="2" result="Passed" start-time="2022-09-04 01:21:40Z" end-time="2022-09-04 01:21:40Z" duration="0.010849" total="2" passed="2" failed="0" inconclusive="0" skipped="0" asserts="0">
            <properties />
            <test-suite type="TestFixture" id="1349" name="Color32CompareJobTests" fullname="GDX.Jobs.ParallelFor.Color32CompareJobTests" classname="GDX.Jobs.ParallelFor.Color32CompareJobTests" runstate="Runnable" testcasecount="2" result="Passed" start-time="2022-09-04 01:21:40Z" end-time="2022-09-04 01:21:40Z" duration="0.008185" total="2" passed="2" failed="0" inconclusive="0" skipped="0" asserts="0">
              <properties />
              <test-case id="1351" name="Compare_WhiteBlack_Different" fullname="GDX.Jobs.ParallelFor.Color32CompareJobTests.Compare_WhiteBlack_Different" methodname="Compare_WhiteBlack_Different" classname="GDX.Jobs.ParallelFor.Color32CompareJobTests" runstate="Runnable" seed="1371143605" result="Passed" start-time="2022-09-04 01:21:40Z" end-time="2022-09-04 01:21:40Z" duration="0.004297" asserts="0">
                <properties>
                  <property name="Category" value="GDX.Tests" />
                </properties>
              </test-case>
              <test-case id="1350" name="Compare_WhiteTexture_Same" fullname="GDX.Jobs.ParallelFor.Color32CompareJobTests.Compare_WhiteTexture_Same" methodname="Compare_WhiteTexture_Same" classname="GDX.Jobs.ParallelFor.Color32CompareJobTests" runstate="Runnable" seed="222655390" result="Passed" start-time="2022-09-04 01:21:40Z" end-time="2022-09-04 01:21:40Z" duration="0.000379" asserts="0">
                <properties>
                  <property name="Category" value="GDX.Tests" />
                </properties>
              </test-case>
            </test-suite>
          </test-suite>
        </test-suite>
        <test-suite type="TestFixture" id="1052" name="ListExtensionsTests" fullname="GDX.ListExtensionsTests" classname="GDX.ListExtensionsTests" runstate="Runnable" testcasecount="11" result="Passed" start-time="2022-09-04 01:21:40Z" end-time="2022-09-04 01:21:40Z" duration="0.008073" total="11" passed="11" failed="0" inconclusive="0" skipped="0" asserts="0">
          <properties />
          <test-case id="1054" name="AddUniqueItem_NonUniqueItem_ReturnsFalse" fullname="GDX.ListExtensionsTests.AddUniqueItem_NonUniqueItem_ReturnsFalse" methodname="AddUniqueItem_NonUniqueItem_ReturnsFalse" classname="GDX.ListExtensionsTests" runstate="Runnable" seed="1055330097" result="Passed" start-time="2022-09-04 01:21:40Z" end-time="2022-09-04 01:21:40Z" duration="0.000569" asserts="0">
            <properties>
              <property name="Category" value="GDX.Tests" />
            </properties>
          </test-case>
          <test-case id="1053" name="AddUniqueItem_UniqueItem_ReturnsTrue" fullname="GDX.ListExtensionsTests.AddUniqueItem_UniqueItem_ReturnsTrue" methodname="AddUniqueItem_UniqueItem_ReturnsTrue" classname="GDX.ListExtensionsTests" runstate="Runnable" seed="1571762557" result="Passed" start-time="2022-09-04 01:21:40Z" end-time="2022-09-04 01:21:40Z" duration="0.000271" asserts="0">
            <properties>
              <property name="Category" value="GDX.Tests" />
            </properties>
          </test-case>
          <test-case id="1055" name="ContainsItem_MockData_FindsItem" fullname="GDX.ListExtensionsTests.ContainsItem_MockData_FindsItem" methodname="ContainsItem_MockData_FindsItem" classname="GDX.ListExtensionsTests" runstate="Runnable" seed="798697765" result="Passed" start-time="2022-09-04 01:21:40Z" end-time="2022-09-04 01:21:40Z" duration="0.000186" asserts="0">
            <properties>
              <property name="Category" value="GDX.Tests" />
            </properties>
          </test-case>
          <test-case id="1056" name="ContainsItem_StringArray_FindsItem" fullname="GDX.ListExtensionsTests.ContainsItem_StringArray_FindsItem" methodname="ContainsItem_StringArray_FindsItem" classname="GDX.ListExtensionsTests" runstate="Runnable" seed="438506123" result="Passed" start-time="2022-09-04 01:21:40Z" end-time="2022-09-04 01:21:40Z" duration="0.000157" asserts="0">
            <properties>
              <property name="Category" value="GDX.Tests" />
            </properties>
          </test-case>
          <test-case id="1058" name="RemoveFirstItem_BadMockData_ReturnsFalse" fullname="GDX.ListExtensionsTests.RemoveFirstItem_BadMockData_ReturnsFalse" methodname="RemoveFirstItem_BadMockData_ReturnsFalse" classname="GDX.ListExtensionsTests" runstate="Runnable" seed="1290648475" result="Passed" start-time="2022-09-04 01:21:40Z" end-time="2022-09-04 01:21:40Z" duration="0.000308" asserts="0">
            <properties>
              <property name="Category" value="GDX.Tests" />
            </properties>
          </test-case>
          <test-case id="1057" name="RemoveFirstItem_MockData_RemovedItem" fullname="GDX.ListExtensionsTests.RemoveFirstItem_MockData_RemovedItem" methodname="RemoveFirstItem_MockData_RemovedItem" classname="GDX.ListExtensionsTests" runstate="Runnable" seed="776505522" result="Passed" start-time="2022-09-04 01:21:40Z" end-time="2022-09-04 01:21:40Z" duration="0.000231" asserts="0">
            <properties>
              <property name="Category" value="GDX.Tests" />
            </properties>
          </test-case>
          <test-case id="1062" name="RemoveItems_MockData_RemovedItems" fullname="GDX.ListExtensionsTests.RemoveItems_MockData_RemovedItems" methodname="RemoveItems_MockData_RemovedItems" classname="GDX.ListExtensionsTests" runstate="Runnable" seed="1065598877" result="Passed" start-time="2022-09-04 01:21:40Z" end-time="2022-09-04 01:21:40Z" duration="0.000314" asserts="0">
            <properties>
              <property name="Category" value="GDX.Tests" />
            </properties>
          </test-case>
          <test-case id="1059" name="RemoveItemSwap_MockData_RemovedItem" fullname="GDX.ListExtensionsTests.RemoveItemSwap_MockData_RemovedItem" methodname="RemoveItemSwap_MockData_RemovedItem" classname="GDX.ListExtensionsTests" runstate="Runnable" seed="1944949828" result="Passed" start-time="2022-09-04 01:21:40Z" end-time="2022-09-04 01:21:40Z" duration="0.000352" asserts="0">
            <properties>
              <property name="Category" value="GDX.Tests" />
            </properties>
          </test-case>
          <test-case id="1061" name="RemoveLastItem_BadMockData_ReturnsFalse" fullname="GDX.ListExtensionsTests.RemoveLastItem_BadMockData_ReturnsFalse" methodname="RemoveLastItem_BadMockData_ReturnsFalse" classname="GDX.ListExtensionsTests" runstate="Runnable" seed="92052722" result="Passed" start-time="2022-09-04 01:21:40Z" end-time="2022-09-04 01:21:40Z" duration="0.000297" asserts="0">
            <properties>
              <property name="Category" value="GDX.Tests" />
            </properties>
          </test-case>
          <test-case id="1060" name="RemoveLastItem_MockData_RemovedItems" fullname="GDX.ListExtensionsTests.RemoveLastItem_MockData_RemovedItems" methodname="RemoveLastItem_MockData_RemovedItems" classname="GDX.ListExtensionsTests" runstate="Runnable" seed="568856167" result="Passed" start-time="2022-09-04 01:21:40Z" end-time="2022-09-04 01:21:40Z" duration="0.000245" asserts="0">
            <properties>
              <property name="Category" value="GDX.Tests" />
            </properties>
          </test-case>
          <test-case id="1063" name="Shuffle_MockData_HasDifferences" fullname="GDX.ListExtensionsTests.Shuffle_MockData_HasDifferences" methodname="Shuffle_MockData_HasDifferences" classname="GDX.ListExtensionsTests" runstate="Runnable" seed="1904556414" result="Passed" start-time="2022-09-04 01:21:40Z" end-time="2022-09-04 01:21:40Z" duration="0.000550" asserts="0">
            <properties>
              <property name="Category" value="GDX.Tests" />
            </properties>
          </test-case>
        </test-suite>
        <test-suite type="TestFixture" id="1064" name="LocalizationTests" fullname="GDX.LocalizationTests" classname="GDX.LocalizationTests" runstate="Runnable" testcasecount="3" result="Passed" start-time="2022-09-04 01:21:40Z" end-time="2022-09-04 01:21:40Z" duration="0.002887" total="3" passed="3" failed="0" inconclusive="0" skipped="0" asserts="0">
          <properties />
          <test-case id="1065" name="GetHumanReadableFileSize_100_ReturnsValidString" fullname="GDX.LocalizationTests.GetHumanReadableFileSize_100_ReturnsValidString" methodname="GetHumanReadableFileSize_100_ReturnsValidString" classname="GDX.LocalizationTests" runstate="Runnable" seed="663661791" result="Passed" start-time="2022-09-04 01:21:40Z" end-time="2022-09-04 01:21:40Z" duration="0.000179" asserts="0">
            <properties>
              <property name="Category" value="GDX.Tests" />
            </properties>
          </test-case>
          <test-case id="1066" name="GetHumanReadableFileSize_1024_ReturnsValidString" fullname="GDX.LocalizationTests.GetHumanReadableFileSize_1024_ReturnsValidString" methodname="GetHumanReadableFileSize_1024_ReturnsValidString" classname="GDX.LocalizationTests" runstate="Runnable" seed="2127167609" result="Passed" start-time="2022-09-04 01:21:40Z" end-time="2022-09-04 01:21:40Z" duration="0.000147" asserts="0">
            <properties>
              <property name="Category" value="GDX.Tests" />
            </properties>
          </test-case>
          <test-case id="1067" name="GetHumanReadableFileSize_1048576_ReturnsValidString" fullname="GDX.LocalizationTests.GetHumanReadableFileSize_1048576_ReturnsValidString" methodname="GetHumanReadableFileSize_1048576_ReturnsValidString" classname="GDX.LocalizationTests" runstate="Runnable" seed="2036555045" result="Passed" start-time="2022-09-04 01:21:40Z" end-time="2022-09-04 01:21:40Z" duration="0.000201" asserts="0">
            <properties>
              <property name="Category" value="GDX.Tests" />
            </properties>
          </test-case>
        </test-suite>
        <test-suite type="TestSuite" id="1747" name="Mathematics" fullname="GDX.Mathematics" runstate="Runnable" testcasecount="91" result="Passed" start-time="2022-09-04 01:21:40Z" end-time="2022-09-04 01:21:40Z" duration="0.060276" total="91" passed="91" failed="0" inconclusive="0" skipped="0" asserts="0">
          <properties />
          <test-suite type="TestFixture" id="1253" name="Byte2Tests" fullname="GDX.Mathematics.Byte2Tests" classname="GDX.Mathematics.Byte2Tests" runstate="Runnable" testcasecount="37" result="Passed" start-time="2022-09-04 01:21:40Z" end-time="2022-09-04 01:21:40Z" duration="0.020110" total="37" passed="37" failed="0" inconclusive="0" skipped="0" asserts="0">
            <properties />
            <test-case id="1270" name="Accessor_Get_InRange" fullname="GDX.Mathematics.Byte2Tests.Accessor_Get_InRange" methodname="Accessor_Get_InRange" classname="GDX.Mathematics.Byte2Tests" runstate="Runnable" seed="653672807" result="Passed" start-time="2022-09-04 01:21:40Z" end-time="2022-09-04 01:21:40Z" duration="0.000429" asserts="0">
              <properties>
                <property name="Category" value="GDX.Tests" />
              </properties>
            </test-case>
            <test-case id="1271" name="Accessor_Get_OutOfRange" fullname="GDX.Mathematics.Byte2Tests.Accessor_Get_OutOfRange" methodname="Accessor_Get_OutOfRange" classname="GDX.Mathematics.Byte2Tests" runstate="Runnable" seed="2018445901" result="Passed" start-time="2022-09-04 01:21:40Z" end-time="2022-09-04 01:21:40Z" duration="0.000334" asserts="0">
              <properties>
                <property name="Category" value="GDX.Tests" />
              </properties>
            </test-case>
            <test-case id="1272" name="Accessor_Set_InRange" fullname="GDX.Mathematics.Byte2Tests.Accessor_Set_InRange" methodname="Accessor_Set_InRange" classname="GDX.Mathematics.Byte2Tests" runstate="Runnable" seed="1699227054" result="Passed" start-time="2022-09-04 01:21:40Z" end-time="2022-09-04 01:21:40Z" duration="0.000257" asserts="0">
              <properties>
                <property name="Category" value="GDX.Tests" />
              </properties>
            </test-case>
            <test-case id="1273" name="Accessor_Set_OutOfRange" fullname="GDX.Mathematics.Byte2Tests.Accessor_Set_OutOfRange" methodname="Accessor_Set_OutOfRange" classname="GDX.Mathematics.Byte2Tests" runstate="Runnable" seed="1946478481" result="Passed" start-time="2022-09-04 01:21:40Z" end-time="2022-09-04 01:21:40Z" duration="0.000265" asserts="0">
              <properties>
                <property name="Category" value="GDX.Tests" />
              </properties>
            </test-case>
            <test-case id="1258" name="Constructor_CreateFromBool" fullname="GDX.Mathematics.Byte2Tests.Constructor_CreateFromBool" methodname="Constructor_CreateFromBool" classname="GDX.Mathematics.Byte2Tests" runstate="Runnable" seed="104916803" result="Passed" start-time="2022-09-04 01:21:40Z" end-time="2022-09-04 01:21:40Z" duration="0.000216" asserts="0">
              <properties>
                <property name="Category" value="GDX.Tests" />
              </properties>
            </test-case>
            <test-case id="1259" name="Constructor_CreateFromBool2" fullname="GDX.Mathematics.Byte2Tests.Constructor_CreateFromBool2" methodname="Constructor_CreateFromBool2" classname="GDX.Mathematics.Byte2Tests" runstate="Runnable" seed="802548382" result="Passed" start-time="2022-09-04 01:21:40Z" end-time="2022-09-04 01:21:40Z" duration="0.000338" asserts="0">
              <properties>
                <property name="Category" value="GDX.Tests" />
              </properties>
            </test-case>
            <test-case id="1256" name="Constructor_CreateFromByte" fullname="GDX.Mathematics.Byte2Tests.Constructor_CreateFromByte" methodname="Constructor_CreateFromByte" classname="GDX.Mathematics.Byte2Tests" runstate="Runnable" seed="423455546" result="Passed" start-time="2022-09-04 01:21:40Z" end-time="2022-09-04 01:21:40Z" duration="0.000194" asserts="0">
              <properties>
                <property name="Category" value="GDX.Tests" />
              </properties>
            </test-case>
            <test-case id="1257" name="Constructor_CreateFromByte2" fullname="GDX.Mathematics.Byte2Tests.Constructor_CreateFromByte2" methodname="Constructor_CreateFromByte2" classname="GDX.Mathematics.Byte2Tests" runstate="Runnable" seed="410054857" result="Passed" start-time="2022-09-04 01:21:40Z" end-time="2022-09-04 01:21:40Z" duration="0.000205" asserts="0">
              <properties>
                <property name="Category" value="GDX.Tests" />
              </properties>
            </test-case>
            <test-case id="1255" name="Constructor_CreateFromBytes" fullname="GDX.Mathematics.Byte2Tests.Constructor_CreateFromBytes" methodname="Constructor_CreateFromBytes" classname="GDX.Mathematics.Byte2Tests" runstate="Runnable" seed="1146164234" result="Passed" start-time="2022-09-04 01:21:40Z" end-time="2022-09-04 01:21:40Z" duration="0.000192" asserts="0">
              <properties>
                <property name="Category" value="GDX.Tests" />
              </properties>
            </test-case>
            <test-case id="1262" name="Constructor_CreateFromDouble" fullname="GDX.Mathematics.Byte2Tests.Constructor_CreateFromDouble" methodname="Constructor_CreateFromDouble" classname="GDX.Mathematics.Byte2Tests" runstate="Runnable" seed="840050937" result="Passed" start-time="2022-09-04 01:21:40Z" end-time="2022-09-04 01:21:40Z" duration="0.000196" asserts="0">
              <properties>
                <property name="Category" value="GDX.Tests" />
              </properties>
            </test-case>
            <test-case id="1263" name="Constructor_CreateFromDouble2" fullname="GDX.Mathematics.Byte2Tests.Constructor_CreateFromDouble2" methodname="Constructor_CreateFromDouble2" classname="GDX.Mathematics.Byte2Tests" runstate="Runnable" seed="1745589569" result="Passed" start-time="2022-09-04 01:21:40Z" end-time="2022-09-04 01:21:40Z" duration="0.000267" asserts="0">
              <properties>
                <property name="Category" value="GDX.Tests" />
              </properties>
            </test-case>
            <test-case id="1260" name="Constructor_CreateFromFloat" fullname="GDX.Mathematics.Byte2Tests.Constructor_CreateFromFloat" methodname="Constructor_CreateFromFloat" classname="GDX.Mathematics.Byte2Tests" runstate="Runnable" seed="763523507" result="Passed" start-time="2022-09-04 01:21:40Z" end-time="2022-09-04 01:21:40Z" duration="0.000193" asserts="0">
              <properties>
                <property name="Category" value="GDX.Tests" />
              </properties>
            </test-case>
            <test-case id="1261" name="Constructor_CreateFromFloat2" fullname="GDX.Mathematics.Byte2Tests.Constructor_CreateFromFloat2" methodname="Constructor_CreateFromFloat2" classname="GDX.Mathematics.Byte2Tests" runstate="Runnable" seed="1059566668" result="Passed" start-time="2022-09-04 01:21:40Z" end-time="2022-09-04 01:21:40Z" duration="0.000314" asserts="0">
              <properties>
                <property name="Category" value="GDX.Tests" />
              </properties>
            </test-case>
            <test-case id="1254" name="Constructor_CreateFromInteger" fullname="GDX.Mathematics.Byte2Tests.Constructor_CreateFromInteger" methodname="Constructor_CreateFromInteger" classname="GDX.Mathematics.Byte2Tests" runstate="Runnable" seed="1770295255" result="Passed" start-time="2022-09-04 01:21:40Z" end-time="2022-09-04 01:21:40Z" duration="0.000153" asserts="0">
              <properties>
                <property name="Category" value="GDX.Tests" />
              </properties>
            </test-case>
            <test-case id="1274" name="Equals_Compare_Byte2" fullname="GDX.Mathematics.Byte2Tests.Equals_Compare_Byte2" methodname="Equals_Compare_Byte2" classname="GDX.Mathematics.Byte2Tests" runstate="Runnable" seed="578697056" result="Passed" start-time="2022-09-04 01:21:40Z" end-time="2022-09-04 01:21:40Z" duration="0.000207" asserts="0">
              <properties>
                <property name="Category" value="GDX.Tests" />
              </properties>
            </test-case>
            <test-case id="1275" name="Equals_Compare_Object" fullname="GDX.Mathematics.Byte2Tests.Equals_Compare_Object" methodname="Equals_Compare_Object" classname="GDX.Mathematics.Byte2Tests" runstate="Runnable" seed="1433087341" result="Passed" start-time="2022-09-04 01:21:40Z" end-time="2022-09-04 01:21:40Z" duration="0.000215" asserts="0">
              <properties>
                <property name="Category" value="GDX.Tests" />
              </properties>
            </test-case>
            <test-case id="1289" name="Operator_Addition_Byte" fullname="GDX.Mathematics.Byte2Tests.Operator_Addition_Byte" methodname="Operator_Addition_Byte" classname="GDX.Mathematics.Byte2Tests" runstate="Runnable" seed="661285175" result="Passed" start-time="2022-09-04 01:21:40Z" end-time="2022-09-04 01:21:40Z" duration="0.000228" asserts="0">
              <properties>
                <property name="Category" value="GDX.Tests" />
              </properties>
            </test-case>
            <test-case id="1288" name="Operator_Addition_Byte2" fullname="GDX.Mathematics.Byte2Tests.Operator_Addition_Byte2" methodname="Operator_Addition_Byte2" classname="GDX.Mathematics.Byte2Tests" runstate="Runnable" seed="75640339" result="Passed" start-time="2022-09-04 01:21:40Z" end-time="2022-09-04 01:21:40Z" duration="0.000222" asserts="0">
              <properties>
                <property name="Category" value="GDX.Tests" />
              </properties>
            </test-case>
            <test-case id="1290" name="Operator_Addition_ByteBy" fullname="GDX.Mathematics.Byte2Tests.Operator_Addition_ByteBy" methodname="Operator_Addition_ByteBy" classname="GDX.Mathematics.Byte2Tests" runstate="Runnable" seed="1429627217" result="Passed" start-time="2022-09-04 01:21:40Z" end-time="2022-09-04 01:21:40Z" duration="0.000217" asserts="0">
              <properties>
                <property name="Category" value="GDX.Tests" />
              </properties>
            </test-case>
            <test-case id="1279" name="Operator_Explicit_Bool" fullname="GDX.Mathematics.Byte2Tests.Operator_Explicit_Bool" methodname="Operator_Explicit_Bool" classname="GDX.Mathematics.Byte2Tests" runstate="Runnable" seed="272455607" result="Passed" start-time="2022-09-04 01:21:40Z" end-time="2022-09-04 01:21:40Z" duration="0.000196" asserts="0">
              <properties>
                <property name="Category" value="GDX.Tests" />
              </properties>
            </test-case>
            <test-case id="1282" name="Operator_Explicit_Bool2" fullname="GDX.Mathematics.Byte2Tests.Operator_Explicit_Bool2" methodname="Operator_Explicit_Bool2" classname="GDX.Mathematics.Byte2Tests" runstate="Runnable" seed="224889162" result="Passed" start-time="2022-09-04 01:21:40Z" end-time="2022-09-04 01:21:40Z" duration="0.000216" asserts="0">
              <properties>
                <property name="Category" value="GDX.Tests" />
              </properties>
            </test-case>
            <test-case id="1281" name="Operator_Explicit_Double" fullname="GDX.Mathematics.Byte2Tests.Operator_Explicit_Double" methodname="Operator_Explicit_Double" classname="GDX.Mathematics.Byte2Tests" runstate="Runnable" seed="1455672051" result="Passed" start-time="2022-09-04 01:21:40Z" end-time="2022-09-04 01:21:40Z" duration="0.000201" asserts="0">
              <properties>
                <property name="Category" value="GDX.Tests" />
              </properties>
            </test-case>
            <test-case id="1284" name="Operator_Explicit_Double2" fullname="GDX.Mathematics.Byte2Tests.Operator_Explicit_Double2" methodname="Operator_Explicit_Double2" classname="GDX.Mathematics.Byte2Tests" runstate="Runnable" seed="667589216" result="Passed" start-time="2022-09-04 01:21:40Z" end-time="2022-09-04 01:21:40Z" duration="0.000215" asserts="0">
              <properties>
                <property name="Category" value="GDX.Tests" />
              </properties>
            </test-case>
            <test-case id="1280" name="Operator_Explicit_Float" fullname="GDX.Mathematics.Byte2Tests.Operator_Explicit_Float" methodname="Operator_Explicit_Float" classname="GDX.Mathematics.Byte2Tests" runstate="Runnable" seed="1394959315" result="Passed" start-time="2022-09-04 01:21:40Z" end-time="2022-09-04 01:21:40Z" duration="0.000200" asserts="0">
              <properties>
                <property name="Category" value="GDX.Tests" />
              </properties>
            </test-case>
            <test-case id="1283" name="Operator_Explicit_Float2" fullname="GDX.Mathematics.Byte2Tests.Operator_Explicit_Float2" methodname="Operator_Explicit_Float2" classname="GDX.Mathematics.Byte2Tests" runstate="Runnable" seed="344769808" result="Passed" start-time="2022-09-04 01:21:40Z" end-time="2022-09-04 01:21:40Z" duration="0.000228" asserts="0">
              <properties>
                <property name="Category" value="GDX.Tests" />
              </properties>
            </test-case>
            <test-case id="1278" name="Operator_Implicit_Byte" fullname="GDX.Mathematics.Byte2Tests.Operator_Implicit_Byte" methodname="Operator_Implicit_Byte" classname="GDX.Mathematics.Byte2Tests" runstate="Runnable" seed="186343070" result="Passed" start-time="2022-09-04 01:21:40Z" end-time="2022-09-04 01:21:40Z" duration="0.000998" asserts="0">
              <properties>
                <property name="Category" value="GDX.Tests" />
              </properties>
            </test-case>
            <test-case id="1285" name="Operator_Multiply_Byte" fullname="GDX.Mathematics.Byte2Tests.Operator_Multiply_Byte" methodname="Operator_Multiply_Byte" classname="GDX.Mathematics.Byte2Tests" runstate="Runnable" seed="1235826289" result="Passed" start-time="2022-09-04 01:21:40Z" end-time="2022-09-04 01:21:40Z" duration="0.000221" asserts="0">
              <properties>
                <property name="Category" value="GDX.Tests" />
              </properties>
            </test-case>
            <test-case id="1286" name="Operator_Multiply_Byte2" fullname="GDX.Mathematics.Byte2Tests.Operator_Multiply_Byte2" methodname="Operator_Multiply_Byte2" classname="GDX.Mathematics.Byte2Tests" runstate="Runnable" seed="23403915" result="Passed" start-time="2022-09-04 01:21:40Z" end-time="2022-09-04 01:21:40Z" duration="0.000219" asserts="0">
              <properties>
                <property name="Category" value="GDX.Tests" />
              </properties>
            </test-case>
            <test-case id="1287" name="Operator_Multiply_ByteBy" fullname="GDX.Mathematics.Byte2Tests.Operator_Multiply_ByteBy" methodname="Operator_Multiply_ByteBy" classname="GDX.Mathematics.Byte2Tests" runstate="Runnable" seed="419450022" result="Passed" start-time="2022-09-04 01:21:40Z" end-time="2022-09-04 01:21:40Z" duration="0.000326" asserts="0">
              <properties>
                <property name="Category" value="GDX.Tests" />
              </properties>
            </test-case>
            <test-case id="1277" name="ToString_Format_ByteIntegerValues" fullname="GDX.Mathematics.Byte2Tests.ToString_Format_ByteIntegerValues" methodname="ToString_Format_ByteIntegerValues" classname="GDX.Mathematics.Byte2Tests" runstate="Runnable" seed="270068574" result="Passed" start-time="2022-09-04 01:21:40Z" end-time="2022-09-04 01:21:40Z" duration="0.000413" asserts="0">
              <properties>
                <property name="Category" value="GDX.Tests" />
              </properties>
            </test-case>
            <test-case id="1276" name="ToString_Output_ByteIntegerValues" fullname="GDX.Mathematics.Byte2Tests.ToString_Output_ByteIntegerValues" methodname="ToString_Output_ByteIntegerValues" classname="GDX.Mathematics.Byte2Tests" runstate="Runnable" seed="1361625651" result="Passed" start-time="2022-09-04 01:21:40Z" end-time="2022-09-04 01:21:40Z" duration="0.000268" asserts="0">
              <properties>
                <property name="Category" value="GDX.Tests" />
              </properties>
            </test-case>
            <test-case id="1264" name="XX_CreateNew" fullname="GDX.Mathematics.Byte2Tests.XX_CreateNew" methodname="XX_CreateNew" classname="GDX.Mathematics.Byte2Tests" runstate="Runnable" seed="546726880" result="Passed" start-time="2022-09-04 01:21:40Z" end-time="2022-09-04 01:21:40Z" duration="0.000215" asserts="0">
              <properties>
                <property name="Category" value="GDX.Tests" />
              </properties>
            </test-case>
            <test-case id="1265" name="XY_CreateNew" fullname="GDX.Mathematics.Byte2Tests.XY_CreateNew" methodname="XY_CreateNew" classname="GDX.Mathematics.Byte2Tests" runstate="Runnable" seed="1880604434" result="Passed" start-time="2022-09-04 01:21:40Z" end-time="2022-09-04 01:21:40Z" duration="0.000216" asserts="0">
              <properties>
                <property name="Category" value="GDX.Tests" />
              </properties>
            </test-case>
            <test-case id="1266" name="XY_SetValue" fullname="GDX.Mathematics.Byte2Tests.XY_SetValue" methodname="XY_SetValue" classname="GDX.Mathematics.Byte2Tests" runstate="Runnable" seed="1408042439" result="Passed" start-time="2022-09-04 01:21:40Z" end-time="2022-09-04 01:21:40Z" duration="0.000208" asserts="0">
              <properties>
                <property name="Category" value="GDX.Tests" />
              </properties>
            </test-case>
            <test-case id="1267" name="YX_CreateNew" fullname="GDX.Mathematics.Byte2Tests.YX_CreateNew" methodname="YX_CreateNew" classname="GDX.Mathematics.Byte2Tests" runstate="Runnable" seed="1310505206" result="Passed" start-time="2022-09-04 01:21:40Z" end-time="2022-09-04 01:21:40Z" duration="0.000203" asserts="0">
              <properties>
                <property name="Category" value="GDX.Tests" />
              </properties>
            </test-case>
            <test-case id="1268" name="YX_SetValue" fullname="GDX.Mathematics.Byte2Tests.YX_SetValue" methodname="YX_SetValue" classname="GDX.Mathematics.Byte2Tests" runstate="Runnable" seed="1814267556" result="Passed" start-time="2022-09-04 01:21:40Z" end-time="2022-09-04 01:21:40Z" duration="0.000227" asserts="0">
              <properties>
                <property name="Category" value="GDX.Tests" />
              </properties>
            </test-case>
            <test-case id="1269" name="YY_CreateNew" fullname="GDX.Mathematics.Byte2Tests.YY_CreateNew" methodname="YY_CreateNew" classname="GDX.Mathematics.Byte2Tests" runstate="Runnable" seed="1075405420" result="Passed" start-time="2022-09-04 01:21:40Z" end-time="2022-09-04 01:21:40Z" duration="0.000206" asserts="0">
              <properties>
                <property name="Category" value="GDX.Tests" />
              </properties>
            </test-case>
          </test-suite>
          <test-suite type="TestSuite" id="1748" name="Random" fullname="GDX.Mathematics.Random" runstate="Runnable" testcasecount="42" result="Passed" start-time="2022-09-04 01:21:40Z" end-time="2022-09-04 01:21:40Z" duration="0.030622" total="42" passed="42" failed="0" inconclusive="0" skipped="0" asserts="0">
            <properties />
            <test-suite type="TestFixture" id="1304" name="RandomAdaptorTests" fullname="GDX.Mathematics.Random.RandomAdaptorTests" classname="GDX.Mathematics.Random.RandomAdaptorTests" runstate="Runnable" testcasecount="6" result="Passed" start-time="2022-09-04 01:21:40Z" end-time="2022-09-04 01:21:40Z" duration="0.006368" total="6" passed="6" failed="0" inconclusive="0" skipped="0" asserts="0">
              <properties />
              <test-case id="1307" name="Next_MaxValue_ValuesInRange" fullname="GDX.Mathematics.Random.RandomAdaptorTests.Next_MaxValue_ValuesInRange" methodname="Next_MaxValue_ValuesInRange" classname="GDX.Mathematics.Random.RandomAdaptorTests" runstate="Runnable" seed="882333432" result="Passed" start-time="2022-09-04 01:21:40Z" end-time="2022-09-04 01:21:40Z" duration="0.000544" asserts="0">
                <properties>
                  <property name="Category" value="GDX.Tests" />
                </properties>
              </test-case>
              <test-case id="1306" name="Next_MockData_DifferentValues" fullname="GDX.Mathematics.Random.RandomAdaptorTests.Next_MockData_DifferentValues" methodname="Next_MockData_DifferentValues" classname="GDX.Mathematics.Random.RandomAdaptorTests" runstate="Runnable" seed="1046380919" result="Passed" start-time="2022-09-04 01:21:40Z" end-time="2022-09-04 01:21:40Z" duration="0.000572" asserts="0">
                <properties>
                  <property name="Category" value="GDX.Tests" />
                </properties>
              </test-case>
              <test-case id="1308" name="Next_Range_ValuesInRange" fullname="GDX.Mathematics.Random.RandomAdaptorTests.Next_Range_ValuesInRange" methodname="Next_Range_ValuesInRange" classname="GDX.Mathematics.Random.RandomAdaptorTests" runstate="Runnable" seed="1419338703" result="Passed" start-time="2022-09-04 01:21:40Z" end-time="2022-09-04 01:21:40Z" duration="0.000363" asserts="0">
                <properties>
                  <property name="Category" value="GDX.Tests" />
                </properties>
              </test-case>
              <test-case id="1310" name="NextBytes_MockData_FillsBuffer" fullname="GDX.Mathematics.Random.RandomAdaptorTests.NextBytes_MockData_FillsBuffer" methodname="NextBytes_MockData_FillsBuffer" classname="GDX.Mathematics.Random.RandomAdaptorTests" runstate="Runnable" seed="1234939557" result="Passed" start-time="2022-09-04 01:21:40Z" end-time="2022-09-04 01:21:40Z" duration="0.000292" asserts="0">
                <properties>
                  <property name="Category" value="GDX.Tests" />
                </properties>
              </test-case>
              <test-case id="1309" name="NextDouble_MockData_DifferentValues" fullname="GDX.Mathematics.Random.RandomAdaptorTests.NextDouble_MockData_DifferentValues" methodname="NextDouble_MockData_DifferentValues" classname="GDX.Mathematics.Random.RandomAdaptorTests" runstate="Runnable" seed="1771388627" result="Passed" start-time="2022-09-04 01:21:40Z" end-time="2022-09-04 01:21:40Z" duration="0.000351" asserts="0">
                <properties>
                  <property name="Category" value="GDX.Tests" />
                </properties>
              </test-case>
              <test-case id="1305" name="RandomAdaptor_FromWELL1024a_Created" fullname="GDX.Mathematics.Random.RandomAdaptorTests.RandomAdaptor_FromWELL1024a_Created" methodname="RandomAdaptor_FromWELL1024a_Created" classname="GDX.Mathematics.Random.RandomAdaptorTests" runstate="Runnable" seed="738534058" result="Passed" start-time="2022-09-04 01:21:40Z" end-time="2022-09-04 01:21:40Z" duration="0.000219" asserts="0">
                <properties>
                  <property name="Category" value="GDX.Tests" />
                </properties>
              </test-case>
            </test-suite>
            <test-suite type="TestFixture" id="1311" name="RandomWrapperTests" fullname="GDX.Mathematics.Random.RandomWrapperTests" classname="GDX.Mathematics.Random.RandomWrapperTests" runstate="Runnable" testcasecount="11" result="Passed" start-time="2022-09-04 01:21:40Z" end-time="2022-09-04 01:21:40Z" duration="0.007524" total="11" passed="11" failed="0" inconclusive="0" skipped="0" asserts="0">
              <properties />
              <test-case id="1315" name="NextBoolean_FixedSeed_ReturnsFalse" fullname="GDX.Mathematics.Random.RandomWrapperTests.NextBoolean_FixedSeed_ReturnsFalse" methodname="NextBoolean_FixedSeed_ReturnsFalse" classname="GDX.Mathematics.Random.RandomWrapperTests" runstate="Runnable" seed="1903497102" result="Passed" start-time="2022-09-04 01:21:40Z" end-time="2022-09-04 01:21:40Z" duration="0.000335" asserts="0">
                <properties>
                  <property name="Category" value="GDX.Tests" />
                </properties>
              </test-case>
              <test-case id="1314" name="NextBoolean_FixedSeed_ReturnsTrue" fullname="GDX.Mathematics.Random.RandomWrapperTests.NextBoolean_FixedSeed_ReturnsTrue" methodname="NextBoolean_FixedSeed_ReturnsTrue" classname="GDX.Mathematics.Random.RandomWrapperTests" runstate="Runnable" seed="584715879" result="Passed" start-time="2022-09-04 01:21:40Z" end-time="2022-09-04 01:21:40Z" duration="0.000150" asserts="0">
                <properties>
                  <property name="Category" value="GDX.Tests" />
                </properties>
              </test-case>
              <test-case id="1316" name="NextBytes_MockData_FillsBuffer" fullname="GDX.Mathematics.Random.RandomWrapperTests.NextBytes_MockData_FillsBuffer" methodname="NextBytes_MockData_FillsBuffer" classname="GDX.Mathematics.Random.RandomWrapperTests" runstate="Runnable" seed="847924602" result="Passed" start-time="2022-09-04 01:21:40Z" end-time="2022-09-04 01:21:40Z" duration="0.000300" asserts="0">
                <properties>
                  <property name="Category" value="GDX.Tests" />
                </properties>
              </test-case>
              <test-case id="1317" name="NextDouble_MockData_InRange" fullname="GDX.Mathematics.Random.RandomWrapperTests.NextDouble_MockData_InRange" methodname="NextDouble_MockData_InRange" classname="GDX.Mathematics.Random.RandomWrapperTests" runstate="Runnable" seed="435009092" result="Passed" start-time="2022-09-04 01:21:40Z" end-time="2022-09-04 01:21:40Z" duration="0.000244" asserts="0">
                <properties>
                  <property name="Category" value="GDX.Tests" />
                </properties>
              </test-case>
              <test-case id="1318" name="NextInteger_MockData_InRange" fullname="GDX.Mathematics.Random.RandomWrapperTests.NextInteger_MockData_InRange" methodname="NextInteger_MockData_InRange" classname="GDX.Mathematics.Random.RandomWrapperTests" runstate="Runnable" seed="819506199" result="Passed" start-time="2022-09-04 01:21:40Z" end-time="2022-09-04 01:21:40Z" duration="0.000199" asserts="0">
                <properties>
                  <property name="Category" value="GDX.Tests" />
                </properties>
              </test-case>
              <test-case id="1319" name="NextIntegerExclusive_MockData_InRange" fullname="GDX.Mathematics.Random.RandomWrapperTests.NextIntegerExclusive_MockData_InRange" methodname="NextIntegerExclusive_MockData_InRange" classname="GDX.Mathematics.Random.RandomWrapperTests" runstate="Runnable" seed="1250732407" result="Passed" start-time="2022-09-04 01:21:40Z" end-time="2022-09-04 01:21:40Z" duration="0.000204" asserts="0">
                <properties>
                  <property name="Category" value="GDX.Tests" />
                </properties>
              </test-case>
              <test-case id="1320" name="NextSingle_MockData_InRange" fullname="GDX.Mathematics.Random.RandomWrapperTests.NextSingle_MockData_InRange" methodname="NextSingle_MockData_InRange" classname="GDX.Mathematics.Random.RandomWrapperTests" runstate="Runnable" seed="766053721" result="Passed" start-time="2022-09-04 01:21:40Z" end-time="2022-09-04 01:21:40Z" duration="0.000239" asserts="0">
                <properties>
                  <property name="Category" value="GDX.Tests" />
                </properties>
              </test-case>
              <test-case id="1321" name="NextUnsignedInteger_MockData_InRange" fullname="GDX.Mathematics.Random.RandomWrapperTests.NextUnsignedInteger_MockData_InRange" methodname="NextUnsignedInteger_MockData_InRange" classname="GDX.Mathematics.Random.RandomWrapperTests" runstate="Runnable" seed="1486783200" result="Passed" start-time="2022-09-04 01:21:40Z" end-time="2022-09-04 01:21:40Z" duration="0.000256" asserts="0">
                <properties>
                  <property name="Category" value="GDX.Tests" />
                </properties>
              </test-case>
              <test-case id="1322" name="NextUnsignedIntegerExclusive_MockData_InRange" fullname="GDX.Mathematics.Random.RandomWrapperTests.NextUnsignedIntegerExclusive_MockData_InRange" methodname="NextUnsignedIntegerExclusive_MockData_InRange" classname="GDX.Mathematics.Random.RandomWrapperTests" runstate="Runnable" seed="1816638585" result="Passed" start-time="2022-09-04 01:21:40Z" end-time="2022-09-04 01:21:40Z" duration="0.000201" asserts="0">
                <properties>
                  <property name="Category" value="GDX.Tests" />
                </properties>
              </test-case>
              <test-case id="1312" name="RandomWrapper_NoSeed_Created" fullname="GDX.Mathematics.Random.RandomWrapperTests.RandomWrapper_NoSeed_Created" methodname="RandomWrapper_NoSeed_Created" classname="GDX.Mathematics.Random.RandomWrapperTests" runstate="Runnable" seed="2013422477" result="Passed" start-time="2022-09-04 01:21:40Z" end-time="2022-09-04 01:21:40Z" duration="0.000173" asserts="0">
                <properties>
                  <property name="Category" value="GDX.Tests" />
                </properties>
              </test-case>
              <test-case id="1313" name="RandomWrapper_WithSeed_Created" fullname="GDX.Mathematics.Random.RandomWrapperTests.RandomWrapper_WithSeed_Created" methodname="RandomWrapper_WithSeed_Created" classname="GDX.Mathematics.Random.RandomWrapperTests" runstate="Runnable" seed="2050197578" result="Passed" start-time="2022-09-04 01:21:40Z" end-time="2022-09-04 01:21:40Z" duration="0.000131" asserts="0">
                <properties>
                  <property name="Category" value="GDX.Tests" />
                </properties>
              </test-case>
            </test-suite>
            <test-suite type="TestFixture" id="1323" name="WELL1024aTests" fullname="GDX.Mathematics.Random.WELL1024aTests" classname="GDX.Mathematics.Random.WELL1024aTests" runstate="Runnable" testcasecount="25" result="Passed" start-time="2022-09-04 01:21:40Z" end-time="2022-09-04 01:21:40Z" duration="0.013646" total="25" passed="25" failed="0" inconclusive="0" skipped="0" asserts="0">
              <properties />
              <test-case id="1329" name="Equals_ByReference_ReturnsTrue" fullname="GDX.Mathematics.Random.WELL1024aTests.Equals_ByReference_ReturnsTrue" methodname="Equals_ByReference_ReturnsTrue" classname="GDX.Mathematics.Random.WELL1024aTests" runstate="Runnable" seed="119768863" result="Passed" start-time="2022-09-04 01:21:40Z" end-time="2022-09-04 01:21:40Z" duration="0.000211" asserts="0">
                <properties>
                  <property name="Category" value="GDX.Tests" />
                </properties>
              </test-case>
              <test-case id="1331" name="Equals_Object_ReturnsTrue" fullname="GDX.Mathematics.Random.WELL1024aTests.Equals_Object_ReturnsTrue" methodname="Equals_Object_ReturnsTrue" classname="GDX.Mathematics.Random.WELL1024aTests" runstate="Runnable" seed="96868068" result="Passed" start-time="2022-09-04 01:21:40Z" end-time="2022-09-04 01:21:40Z" duration="0.000258" asserts="0">
                <properties>
                  <property name="Category" value="GDX.Tests" />
                </properties>
              </test-case>
              <test-case id="1330" name="Equals_Reference_ReturnsTrue" fullname="GDX.Mathematics.Random.WELL1024aTests.Equals_Reference_ReturnsTrue" methodname="Equals_Reference_ReturnsTrue" classname="GDX.Mathematics.Random.WELL1024aTests" runstate="Runnable" seed="345599885" result="Passed" start-time="2022-09-04 01:21:40Z" end-time="2022-09-04 01:21:40Z" duration="0.000200" asserts="0">
                <properties>
                  <property name="Category" value="GDX.Tests" />
                </properties>
              </test-case>
              <test-case id="1333" name="NextBoolean_PerfectChance_ReturnsTrue" fullname="GDX.Mathematics.Random.WELL1024aTests.NextBoolean_PerfectChance_ReturnsTrue" methodname="NextBoolean_PerfectChance_ReturnsTrue" classname="GDX.Mathematics.Random.WELL1024aTests" runstate="Runnable" seed="1300173852" result="Passed" start-time="2022-09-04 01:21:40Z" end-time="2022-09-04 01:21:40Z" duration="0.000206" asserts="0">
                <properties>
                  <property name="Category" value="GDX.Tests" />
                </properties>
              </test-case>
              <test-case id="1334" name="NextBoolean_Simple_ReturnsDeterministicValue" fullname="GDX.Mathematics.Random.WELL1024aTests.NextBoolean_Simple_ReturnsDeterministicValue" methodname="NextBoolean_Simple_ReturnsDeterministicValue" classname="GDX.Mathematics.Random.WELL1024aTests" runstate="Runnable" seed="1696183775" result="Passed" start-time="2022-09-04 01:21:40Z" end-time="2022-09-04 01:21:40Z" duration="0.000156" asserts="0">
                <properties>
                  <property name="Category" value="GDX.Tests" />
                </properties>
              </test-case>
              <test-case id="1332" name="NextBoolean_ZeroChance_ReturnsFalse" fullname="GDX.Mathematics.Random.WELL1024aTests.NextBoolean_ZeroChance_ReturnsFalse" methodname="NextBoolean_ZeroChance_ReturnsFalse" classname="GDX.Mathematics.Random.WELL1024aTests" runstate="Runnable" seed="81183649" result="Passed" start-time="2022-09-04 01:21:40Z" end-time="2022-09-04 01:21:40Z" duration="0.000154" asserts="0">
                <properties>
                  <property name="Category" value="GDX.Tests" />
                </properties>
              </test-case>
              <test-case id="1340" name="NextBytes_Simple_FillsBuffer" fullname="GDX.Mathematics.Random.WELL1024aTests.NextBytes_Simple_FillsBuffer" methodname="NextBytes_Simple_FillsBuffer" classname="GDX.Mathematics.Random.WELL1024aTests" runstate="Runnable" seed="1661911194" result="Passed" start-time="2022-09-04 01:21:40Z" end-time="2022-09-04 01:21:40Z" duration="0.000195" asserts="0">
                <properties>
                  <property name="Category" value="GDX.Tests" />
                </properties>
              </test-case>
              <test-case id="1341" name="NextDouble_Multiple_ReturnsDifferentValues" fullname="GDX.Mathematics.Random.WELL1024aTests.NextDouble_Multiple_ReturnsDifferentValues" methodname="NextDouble_Multiple_ReturnsDifferentValues" classname="GDX.Mathematics.Random.WELL1024aTests" runstate="Runnable" seed="436705637" result="Passed" start-time="2022-09-04 01:21:40Z" end-time="2022-09-04 01:21:40Z" duration="0.000235" asserts="0">
                <properties>
                  <property name="Category" value="GDX.Tests" />
                </properties>
              </test-case>
              <test-case id="1342" name="NextDouble_Simple_ReturnsDeterministicValue" fullname="GDX.Mathematics.Random.WELL1024aTests.NextDouble_Simple_ReturnsDeterministicValue" methodname="NextDouble_Simple_ReturnsDeterministicValue" classname="GDX.Mathematics.Random.WELL1024aTests" runstate="Runnable" seed="1890097035" result="Passed" start-time="2022-09-04 01:21:40Z" end-time="2022-09-04 01:21:40Z" duration="0.000162" asserts="0">
                <properties>
                  <property name="Category" value="GDX.Tests" />
                </properties>
              </test-case>
              <test-case id="1338" name="NextInteger_MinMaxValue_ReturnsDeterministicValue" fullname="GDX.Mathematics.Random.WELL1024aTests.NextInteger_MinMaxValue_ReturnsDeterministicValue" methodname="NextInteger_MinMaxValue_ReturnsDeterministicValue" classname="GDX.Mathematics.Random.WELL1024aTests" runstate="Runnable" seed="2045090173" result="Passed" start-time="2022-09-04 01:21:40Z" end-time="2022-09-04 01:21:40Z" duration="0.000171" asserts="0">
                <properties>
                  <property name="Category" value="GDX.Tests" />
                </properties>
              </test-case>
              <test-case id="1339" name="NextInteger_Multiple_ReturnsDifferentValues" fullname="GDX.Mathematics.Random.WELL1024aTests.NextInteger_Multiple_ReturnsDifferentValues" methodname="NextInteger_Multiple_ReturnsDifferentValues" classname="GDX.Mathematics.Random.WELL1024aTests" runstate="Runnable" seed="1539459254" result="Passed" start-time="2022-09-04 01:21:40Z" end-time="2022-09-04 01:21:40Z" duration="0.000226" asserts="0">
                <properties>
                  <property name="Category" value="GDX.Tests" />
                </properties>
              </test-case>
              <test-case id="1336" name="NextInteger_SameRange_ReturnsSameValue" fullname="GDX.Mathematics.Random.WELL1024aTests.NextInteger_SameRange_ReturnsSameValue" methodname="NextInteger_SameRange_ReturnsSameValue" classname="GDX.Mathematics.Random.WELL1024aTests" runstate="Runnable" seed="1836624262" result="Passed" start-time="2022-09-04 01:21:40Z" end-time="2022-09-04 01:21:40Z" duration="0.000160" asserts="0">
                <properties>
                  <property name="Category" value="GDX.Tests" />
                </properties>
              </test-case>
              <test-case id="1335" name="NextInteger_Simple_ReturnsDeterministicValue" fullname="GDX.Mathematics.Random.WELL1024aTests.NextInteger_Simple_ReturnsDeterministicValue" methodname="NextInteger_Simple_ReturnsDeterministicValue" classname="GDX.Mathematics.Random.WELL1024aTests" runstate="Runnable" seed="822989262" result="Passed" start-time="2022-09-04 01:21:40Z" end-time="2022-09-04 01:21:40Z" duration="0.000154" asserts="0">
                <properties>
                  <property name="Category" value="GDX.Tests" />
                </properties>
              </test-case>
              <test-case id="1337" name="NextInteger_ZeroValues_ReturnsZeroValue" fullname="GDX.Mathematics.Random.WELL1024aTests.NextInteger_ZeroValues_ReturnsZeroValue" methodname="NextInteger_ZeroValues_ReturnsZeroValue" classname="GDX.Mathematics.Random.WELL1024aTests" runstate="Runnable" seed="1635012397" result="Passed" start-time="2022-09-04 01:21:40Z" end-time="2022-09-04 01:21:40Z" duration="0.000161" asserts="0">
                <properties>
                  <property name="Category" value="GDX.Tests" />
                </properties>
              </test-case>
              <test-case id="1344" name="NextSingle_Multiple_ReturnsDifferentValues" fullname="GDX.Mathematics.Random.WELL1024aTests.NextSingle_Multiple_ReturnsDifferentValues" methodname="NextSingle_Multiple_ReturnsDifferentValues" classname="GDX.Mathematics.Random.WELL1024aTests" runstate="Runnable" seed="954485091" result="Passed" start-time="2022-09-04 01:21:40Z" end-time="2022-09-04 01:21:40Z" duration="0.000282" asserts="0">
                <properties>
                  <property name="Category" value="GDX.Tests" />
                </properties>
              </test-case>
              <test-case id="1343" name="NextSingle_Simple_ReturnsDeterministicValue" fullname="GDX.Mathematics.Random.WELL1024aTests.NextSingle_Simple_ReturnsDeterministicValue" methodname="NextSingle_Simple_ReturnsDeterministicValue" classname="GDX.Mathematics.Random.WELL1024aTests" runstate="Runnable" seed="2147134574" result="Passed" start-time="2022-09-04 01:21:40Z" end-time="2022-09-04 01:21:40Z" duration="0.000257" asserts="0">
                <properties>
                  <property name="Category" value="GDX.Tests" />
                </properties>
              </test-case>
              <test-case id="1348" name="NextUnsignedInteger_Multiple_ReturnsDifferentValues" fullname="GDX.Mathematics.Random.WELL1024aTests.NextUnsignedInteger_Multiple_ReturnsDifferentValues" methodname="NextUnsignedInteger_Multiple_ReturnsDifferentValues" classname="GDX.Mathematics.Random.WELL1024aTests" runstate="Runnable" seed="1011674805" result="Passed" start-time="2022-09-04 01:21:40Z" end-time="2022-09-04 01:21:40Z" duration="0.000285" asserts="0">
                <properties>
                  <property name="Category" value="GDX.Tests" />
                </properties>
              </test-case>
              <test-case id="1345" name="NextUnsignedInteger_Simple_ReturnsDeterministicValue" fullname="GDX.Mathematics.Random.WELL1024aTests.NextUnsignedInteger_Simple_ReturnsDeterministicValue" methodname="NextUnsignedInteger_Simple_ReturnsDeterministicValue" classname="GDX.Mathematics.Random.WELL1024aTests" runstate="Runnable" seed="565753393" result="Passed" start-time="2022-09-04 01:21:40Z" end-time="2022-09-04 01:21:40Z" duration="0.000152" asserts="0">
                <properties>
                  <property name="Category" value="GDX.Tests" />
                </properties>
              </test-case>
              <test-case id="1347" name="NextUnsignedIntegerExclusive_Limited_ReturnsDeterministicValue" fullname="GDX.Mathematics.Random.WELL1024aTests.NextUnsignedIntegerExclusive_Limited_ReturnsDeterministicValue" methodname="NextUnsignedIntegerExclusive_Limited_ReturnsDeterministicValue" classname="GDX.Mathematics.Random.WELL1024aTests" runstate="Runnable" seed="369130426" result="Passed" start-time="2022-09-04 01:21:40Z" end-time="2022-09-04 01:21:40Z" duration="0.000314" asserts="0">
                <properties>
                  <property name="Category" value="GDX.Tests" />
                </properties>
              </test-case>
              <test-case id="1346" name="NextUnsignedIntegerExclusive_Simple_ReturnsDeterministicValue" fullname="GDX.Mathematics.Random.WELL1024aTests.NextUnsignedIntegerExclusive_Simple_ReturnsDeterministicValue" methodname="NextUnsignedIntegerExclusive_Simple_ReturnsDeterministicValue" classname="GDX.Mathematics.Random.WELL1024aTests" runstate="Runnable" seed="2057033981" result="Passed" start-time="2022-09-04 01:21:40Z" end-time="2022-09-04 01:21:40Z" duration="0.000163" asserts="0">
                <properties>
                  <property name="Category" value="GDX.Tests" />
                </properties>
              </test-case>
              <test-case id="1324" name="WELL1024a_FromInteger_StrippedSeed" fullname="GDX.Mathematics.Random.WELL1024aTests.WELL1024a_FromInteger_StrippedSeed" methodname="WELL1024a_FromInteger_StrippedSeed" classname="GDX.Mathematics.Random.WELL1024aTests" runstate="Runnable" seed="1283965371" result="Passed" start-time="2022-09-04 01:21:40Z" end-time="2022-09-04 01:21:40Z" duration="0.000269" asserts="0">
                <properties>
                  <property name="Category" value="GDX.Tests" />
                </properties>
              </test-case>
              <test-case id="1328" name="WELL1024a_FromRestoreState_Matched" fullname="GDX.Mathematics.Random.WELL1024aTests.WELL1024a_FromRestoreState_Matched" methodname="WELL1024a_FromRestoreState_Matched" classname="GDX.Mathematics.Random.WELL1024aTests" runstate="Runnable" seed="302289867" result="Passed" start-time="2022-09-04 01:21:40Z" end-time="2022-09-04 01:21:40Z" duration="0.000470" asserts="0">
                <properties>
                  <property name="Category" value="GDX.Tests" />
                </properties>
              </test-case>
              <test-case id="1325" name="WELL1024a_FromString_NonAndForcedDifferent" fullname="GDX.Mathematics.Random.WELL1024aTests.WELL1024a_FromString_NonAndForcedDifferent" methodname="WELL1024a_FromString_NonAndForcedDifferent" classname="GDX.Mathematics.Random.WELL1024aTests" runstate="Runnable" seed="893630465" result="Passed" start-time="2022-09-04 01:21:40Z" end-time="2022-09-04 01:21:40Z" duration="0.000173" asserts="0">
                <properties>
                  <property name="Category" value="GDX.Tests" />
                </properties>
              </test-case>
              <test-case id="1326" name="WELL1024a_FromStringUppercase_SameOriginalSeed" fullname="GDX.Mathematics.Random.WELL1024aTests.WELL1024a_FromStringUppercase_SameOriginalSeed" methodname="WELL1024a_FromStringUppercase_SameOriginalSeed" classname="GDX.Mathematics.Random.WELL1024aTests" runstate="Runnable" seed="1130418104" result="Passed" start-time="2022-09-04 01:21:40Z" end-time="2022-09-04 01:21:40Z" duration="0.000163" asserts="0">
                <properties>
                  <property name="Category" value="GDX.Tests" />
                </properties>
              </test-case>
              <test-case id="1327" name="WELL1024a_FromUnsignedInteger_MatchedSeed" fullname="GDX.Mathematics.Random.WELL1024aTests.WELL1024a_FromUnsignedInteger_MatchedSeed" methodname="WELL1024a_FromUnsignedInteger_MatchedSeed" classname="GDX.Mathematics.Random.WELL1024aTests" runstate="Runnable" seed="1235467037" result="Passed" start-time="2022-09-04 01:21:40Z" end-time="2022-09-04 01:21:40Z" duration="0.000152" asserts="0">
                <properties>
                  <property name="Category" value="GDX.Tests" />
                </properties>
              </test-case>
            </test-suite>
          </test-suite>
          <test-suite type="TestFixture" id="1291" name="RangeTests" fullname="GDX.Mathematics.RangeTests" classname="GDX.Mathematics.RangeTests" runstate="Runnable" testcasecount="12" result="Passed" start-time="2022-09-04 01:21:40Z" end-time="2022-09-04 01:21:40Z" duration="0.006449" total="12" passed="12" failed="0" inconclusive="0" skipped="0" asserts="0">
            <properties />
            <test-case id="1292" name="GetDouble_Bottom_Inclusive" fullname="GDX.Mathematics.RangeTests.GetDouble_Bottom_Inclusive" methodname="GetDouble_Bottom_Inclusive" classname="GDX.Mathematics.RangeTests" runstate="Runnable" seed="1138577769" result="Passed" start-time="2022-09-04 01:21:40Z" end-time="2022-09-04 01:21:40Z" duration="0.000162" asserts="0">
              <properties>
                <property name="Category" value="GDX.Tests" />
              </properties>
            </test-case>
            <test-case id="1294" name="GetDouble_Middle_Inclusive" fullname="GDX.Mathematics.RangeTests.GetDouble_Middle_Inclusive" methodname="GetDouble_Middle_Inclusive" classname="GDX.Mathematics.RangeTests" runstate="Runnable" seed="267315809" result="Passed" start-time="2022-09-04 01:21:40Z" end-time="2022-09-04 01:21:40Z" duration="0.000143" asserts="0">
              <properties>
                <property name="Category" value="GDX.Tests" />
              </properties>
            </test-case>
            <test-case id="1293" name="GetDouble_Top_Inclusive" fullname="GDX.Mathematics.RangeTests.GetDouble_Top_Inclusive" methodname="GetDouble_Top_Inclusive" classname="GDX.Mathematics.RangeTests" runstate="Runnable" seed="2085923925" result="Passed" start-time="2022-09-04 01:21:40Z" end-time="2022-09-04 01:21:40Z" duration="0.000134" asserts="0">
              <properties>
                <property name="Category" value="GDX.Tests" />
              </properties>
            </test-case>
            <test-case id="1295" name="GetInteger_Bottom_Inclusive" fullname="GDX.Mathematics.RangeTests.GetInteger_Bottom_Inclusive" methodname="GetInteger_Bottom_Inclusive" classname="GDX.Mathematics.RangeTests" runstate="Runnable" seed="498362499" result="Passed" start-time="2022-09-04 01:21:40Z" end-time="2022-09-04 01:21:40Z" duration="0.000136" asserts="0">
              <properties>
                <property name="Category" value="GDX.Tests" />
              </properties>
            </test-case>
            <test-case id="1297" name="GetInteger_Middle_Inclusive" fullname="GDX.Mathematics.RangeTests.GetInteger_Middle_Inclusive" methodname="GetInteger_Middle_Inclusive" classname="GDX.Mathematics.RangeTests" runstate="Runnable" seed="458203504" result="Passed" start-time="2022-09-04 01:21:40Z" end-time="2022-09-04 01:21:40Z" duration="0.000128" asserts="0">
              <properties>
                <property name="Category" value="GDX.Tests" />
              </properties>
            </test-case>
            <test-case id="1296" name="GetInteger_Top_Inclusive" fullname="GDX.Mathematics.RangeTests.GetInteger_Top_Inclusive" methodname="GetInteger_Top_Inclusive" classname="GDX.Mathematics.RangeTests" runstate="Runnable" seed="992990908" result="Passed" start-time="2022-09-04 01:21:40Z" end-time="2022-09-04 01:21:40Z" duration="0.000131" asserts="0">
              <properties>
                <property name="Category" value="GDX.Tests" />
              </properties>
            </test-case>
            <test-case id="1298" name="GetSingle_Bottom_Inclusive" fullname="GDX.Mathematics.RangeTests.GetSingle_Bottom_Inclusive" methodname="GetSingle_Bottom_Inclusive" classname="GDX.Mathematics.RangeTests" runstate="Runnable" seed="1057836868" result="Passed" start-time="2022-09-04 01:21:40Z" end-time="2022-09-04 01:21:40Z" duration="0.000132" asserts="0">
              <properties>
                <property name="Category" value="GDX.Tests" />
              </properties>
            </test-case>
            <test-case id="1300" name="GetSingle_Middle_Inclusive" fullname="GDX.Mathematics.RangeTests.GetSingle_Middle_Inclusive" methodname="GetSingle_Middle_Inclusive" classname="GDX.Mathematics.RangeTests" runstate="Runnable" seed="513735480" result="Passed" start-time="2022-09-04 01:21:40Z" end-time="2022-09-04 01:21:40Z" duration="0.000136" asserts="0">
              <properties>
                <property name="Category" value="GDX.Tests" />
              </properties>
            </test-case>
            <test-case id="1299" name="GetSingle_Top_Inclusive" fullname="GDX.Mathematics.RangeTests.GetSingle_Top_Inclusive" methodname="GetSingle_Top_Inclusive" classname="GDX.Mathematics.RangeTests" runstate="Runnable" seed="1406005517" result="Passed" start-time="2022-09-04 01:21:40Z" end-time="2022-09-04 01:21:40Z" duration="0.000135" asserts="0">
              <properties>
                <property name="Category" value="GDX.Tests" />
              </properties>
            </test-case>
            <test-case id="1301" name="GetUnsignedInteger_Bottom_Inclusive" fullname="GDX.Mathematics.RangeTests.GetUnsignedInteger_Bottom_Inclusive" methodname="GetUnsignedInteger_Bottom_Inclusive" classname="GDX.Mathematics.RangeTests" runstate="Runnable" seed="518696662" result="Passed" start-time="2022-09-04 01:21:40Z" end-time="2022-09-04 01:21:40Z" duration="0.000132" asserts="0">
              <properties>
                <property name="Category" value="GDX.Tests" />
              </properties>
            </test-case>
            <test-case id="1303" name="GetUnsignedInteger_Middle_Inclusive" fullname="GDX.Mathematics.RangeTests.GetUnsignedInteger_Middle_Inclusive" methodname="GetUnsignedInteger_Middle_Inclusive" classname="GDX.Mathematics.RangeTests" runstate="Runnable" seed="1957924463" result="Passed" start-time="2022-09-04 01:21:40Z" end-time="2022-09-04 01:21:40Z" duration="0.000130" asserts="0">
              <properties>
                <property name="Category" value="GDX.Tests" />
              </properties>
            </test-case>
            <test-case id="1302" name="GetUnsignedInteger_Top_Inclusive" fullname="GDX.Mathematics.RangeTests.GetUnsignedInteger_Top_Inclusive" methodname="GetUnsignedInteger_Top_Inclusive" classname="GDX.Mathematics.RangeTests" runstate="Runnable" seed="1651833038" result="Passed" start-time="2022-09-04 01:21:40Z" end-time="2022-09-04 01:21:40Z" duration="0.000130" asserts="0">
              <properties>
                <property name="Category" value="GDX.Tests" />
              </properties>
            </test-case>
          </test-suite>
        </test-suite>
        <test-suite type="TestFixture" id="1068" name="PlayerLoopSystemExtensionsTests" fullname="GDX.PlayerLoopSystemExtensionsTests" classname="GDX.PlayerLoopSystemExtensionsTests" runstate="Runnable" testcasecount="2" result="Passed" start-time="2022-09-04 01:21:40Z" end-time="2022-09-04 01:21:40Z" duration="0.006044" total="2" passed="2" failed="0" inconclusive="0" skipped="0" asserts="0">
          <properties />
          <test-case id="1070" name="AddSubSystemToFirstSubSystemOfType_MethodType_Added" fullname="GDX.PlayerLoopSystemExtensionsTests.AddSubSystemToFirstSubSystemOfType_MethodType_Added" methodname="AddSubSystemToFirstSubSystemOfType_MethodType_Added" classname="GDX.PlayerLoopSystemExtensionsTests" runstate="Runnable" seed="1537484566" result="Passed" start-time="2022-09-04 01:21:40Z" end-time="2022-09-04 01:21:40Z" duration="0.003138" asserts="0">
            <properties>
              <property name="Category" value="GDX.Tests" />
            </properties>
          </test-case>
          <test-case id="1069" name="AddSubSystemToFirstSubSystemOfType_PlayerSystem_Added" fullname="GDX.PlayerLoopSystemExtensionsTests.AddSubSystemToFirstSubSystemOfType_PlayerSystem_Added" methodname="AddSubSystemToFirstSubSystemOfType_PlayerSystem_Added" classname="GDX.PlayerLoopSystemExtensionsTests" runstate="Runnable" seed="54534963" result="Passed" start-time="2022-09-04 01:21:40Z" end-time="2022-09-04 01:21:40Z" duration="0.000799" asserts="0">
            <properties>
              <property name="Category" value="GDX.Tests" />
            </properties>
          </test-case>
        </test-suite>
        <test-suite type="TestFixture" id="1071" name="ReflectionTests" fullname="GDX.ReflectionTests" classname="GDX.ReflectionTests" runstate="Runnable" testcasecount="28" result="Passed" start-time="2022-09-04 01:21:40Z" end-time="2022-09-04 01:21:40Z" duration="0.040535" total="28" passed="28" failed="0" inconclusive="0" skipped="0" asserts="0">
          <properties />
          <test-case id="1073" name="GetDefault_NonNullable_ReturnsValue" fullname="GDX.ReflectionTests.GetDefault_NonNullable_ReturnsValue" methodname="GetDefault_NonNullable_ReturnsValue" classname="GDX.ReflectionTests" runstate="Runnable" seed="352101476" result="Passed" start-time="2022-09-04 01:21:40Z" end-time="2022-09-04 01:21:40Z" duration="0.000306" asserts="0">
            <properties>
              <property name="Category" value="GDX.Tests" />
            </properties>
          </test-case>
          <test-case id="1072" name="GetDefault_Nullable_ReturnsNull" fullname="GDX.ReflectionTests.GetDefault_Nullable_ReturnsNull" methodname="GetDefault_Nullable_ReturnsNull" classname="GDX.ReflectionTests" runstate="Runnable" seed="1645508514" result="Passed" start-time="2022-09-04 01:21:40Z" end-time="2022-09-04 01:21:40Z" duration="0.000135" asserts="0">
            <properties>
              <property name="Category" value="GDX.Tests" />
            </properties>
          </test-case>
          <test-case id="1075" name="GetType_BadType_ReturnsNull" fullname="GDX.ReflectionTests.GetType_BadType_ReturnsNull" methodname="GetType_BadType_ReturnsNull" classname="GDX.ReflectionTests" runstate="Runnable" seed="762193512" result="Passed" start-time="2022-09-04 01:21:40Z" end-time="2022-09-04 01:21:40Z" duration="0.001379" asserts="0">
            <properties>
              <property name="Category" value="GDX.Tests" />
            </properties>
          </test-case>
          <test-case id="1074" name="GetType_QualifiedType_ReturnsType" fullname="GDX.ReflectionTests.GetType_QualifiedType_ReturnsType" methodname="GetType_QualifiedType_ReturnsType" classname="GDX.ReflectionTests" runstate="Runnable" seed="319830301" result="Passed" start-time="2022-09-04 01:21:40Z" end-time="2022-09-04 01:21:40Z" duration="0.000239" asserts="0">
            <properties>
              <property name="Category" value="GDX.Tests" />
            </properties>
          </test-case>
          <test-case id="1077" name="InvokeStaticMethod_BadMethod_ReturnsNull" fullname="GDX.ReflectionTests.InvokeStaticMethod_BadMethod_ReturnsNull" methodname="InvokeStaticMethod_BadMethod_ReturnsNull" classname="GDX.ReflectionTests" runstate="Runnable" seed="1767775841" result="Passed" start-time="2022-09-04 01:21:40Z" end-time="2022-09-04 01:21:40Z" duration="0.000218" asserts="0">
            <properties>
              <property name="Category" value="GDX.Tests" />
              <property name="Category" value="GDX.Tests" />
            </properties>
          </test-case>
          <test-case id="1078" name="InvokeStaticMethod_BadType_ReturnsNull" fullname="GDX.ReflectionTests.InvokeStaticMethod_BadType_ReturnsNull" methodname="InvokeStaticMethod_BadType_ReturnsNull" classname="GDX.ReflectionTests" runstate="Runnable" seed="1060060511" result="Passed" start-time="2022-09-04 01:21:40Z" end-time="2022-09-04 01:21:40Z" duration="0.000341" asserts="0">
            <properties>
              <property name="Category" value="GDX.Tests" />
            </properties>
          </test-case>
          <test-case id="1076" name="InvokeStaticMethod_ProjectBrowser_ReturnsListOfBrowsers" fullname="GDX.ReflectionTests.InvokeStaticMethod_ProjectBrowser_ReturnsListOfBrowsers" methodname="InvokeStaticMethod_ProjectBrowser_ReturnsListOfBrowsers" classname="GDX.ReflectionTests" runstate="Runnable" seed="1223757292" result="Passed" start-time="2022-09-04 01:21:40Z" end-time="2022-09-04 01:21:40Z" duration="0.000358" asserts="0">
            <properties>
              <property name="Category" value="GDX.Tests" />
            </properties>
          </test-case>
          <test-case id="1082" name="SetFieldOrPropertyValue_NoTarget_ReturnsFalse" fullname="GDX.ReflectionTests.SetFieldOrPropertyValue_NoTarget_ReturnsFalse" methodname="SetFieldOrPropertyValue_NoTarget_ReturnsFalse" classname="GDX.ReflectionTests" runstate="Runnable" seed="507080064" result="Passed" start-time="2022-09-04 01:21:40Z" end-time="2022-09-04 01:21:40Z" duration="0.000262" asserts="0">
            <properties>
              <property name="Category" value="GDX.Tests" />
            </properties>
          </test-case>
          <test-case id="1081" name="SetFieldOrPropertyValue_NoType_ReturnsFalse" fullname="GDX.ReflectionTests.SetFieldOrPropertyValue_NoType_ReturnsFalse" methodname="SetFieldOrPropertyValue_NoType_ReturnsFalse" classname="GDX.ReflectionTests" runstate="Runnable" seed="548011880" result="Passed" start-time="2022-09-04 01:21:40Z" end-time="2022-09-04 01:21:40Z" duration="0.019385" asserts="0">
            <properties>
              <property name="Category" value="GDX.Tests" />
            </properties>
          </test-case>
          <test-case id="1079" name="SetFieldOrPropertyValue_ProjectBrowser_SetIsLocked" fullname="GDX.ReflectionTests.SetFieldOrPropertyValue_ProjectBrowser_SetIsLocked" methodname="SetFieldOrPropertyValue_ProjectBrowser_SetIsLocked" classname="GDX.ReflectionTests" runstate="Runnable" seed="1606924723" result="Passed" start-time="2022-09-04 01:21:40Z" end-time="2022-09-04 01:21:40Z" duration="0.001752" asserts="0">
            <properties>
              <property name="Category" value="GDX.Tests" />
            </properties>
          </test-case>
          <test-case id="1080" name="SetFieldOrPropertyValue_ProjectBrowser_SetSearchFieldText" fullname="GDX.ReflectionTests.SetFieldOrPropertyValue_ProjectBrowser_SetSearchFieldText" methodname="SetFieldOrPropertyValue_ProjectBrowser_SetSearchFieldText" classname="GDX.ReflectionTests" runstate="Runnable" seed="686477901" result="Passed" start-time="2022-09-04 01:21:40Z" end-time="2022-09-04 01:21:40Z" duration="0.000879" asserts="0">
            <properties>
              <property name="Category" value="GDX.Tests" />
            </properties>
          </test-case>
          <test-case id="1085" name="SetFieldValue_BadField_ReturnsFalse" fullname="GDX.ReflectionTests.SetFieldValue_BadField_ReturnsFalse" methodname="SetFieldValue_BadField_ReturnsFalse" classname="GDX.ReflectionTests" runstate="Runnable" seed="405136999" result="Passed" start-time="2022-09-04 01:21:40Z" end-time="2022-09-04 01:21:40Z" duration="0.000413" asserts="0">
            <properties>
              <property name="Category" value="GDX.Tests" />
            </properties>
          </test-case>
          <test-case id="1084" name="SetFieldValue_NoType_ReturnsFalse" fullname="GDX.ReflectionTests.SetFieldValue_NoType_ReturnsFalse" methodname="SetFieldValue_NoType_ReturnsFalse" classname="GDX.ReflectionTests" runstate="Runnable" seed="362078139" result="Passed" start-time="2022-09-04 01:21:40Z" end-time="2022-09-04 01:21:40Z" duration="0.000358" asserts="0">
            <properties>
              <property name="Category" value="GDX.Tests" />
            </properties>
          </test-case>
          <test-case id="1083" name="SetFieldValue_ProjectBrowser_SetSearchFieldText" fullname="GDX.ReflectionTests.SetFieldValue_ProjectBrowser_SetSearchFieldText" methodname="SetFieldValue_ProjectBrowser_SetSearchFieldText" classname="GDX.ReflectionTests" runstate="Runnable" seed="285021681" result="Passed" start-time="2022-09-04 01:21:40Z" end-time="2022-09-04 01:21:40Z" duration="0.000412" asserts="0">
            <properties>
              <property name="Category" value="GDX.Tests" />
            </properties>
          </test-case>
          <test-case id="1088" name="SetPropertyValue_InvalidName_IsFalse" fullname="GDX.ReflectionTests.SetPropertyValue_InvalidName_IsFalse" methodname="SetPropertyValue_InvalidName_IsFalse" classname="GDX.ReflectionTests" runstate="Runnable" seed="449548995" result="Passed" start-time="2022-09-04 01:21:40Z" end-time="2022-09-04 01:21:40Z" duration="0.000468" asserts="0">
            <properties>
              <property name="Category" value="GDX.Tests" />
            </properties>
          </test-case>
          <test-case id="1087" name="SetPropertyValue_NoType_IsFalse" fullname="GDX.ReflectionTests.SetPropertyValue_NoType_IsFalse" methodname="SetPropertyValue_NoType_IsFalse" classname="GDX.ReflectionTests" runstate="Runnable" seed="1348656835" result="Passed" start-time="2022-09-04 01:21:40Z" end-time="2022-09-04 01:21:40Z" duration="0.000360" asserts="0">
            <properties>
              <property name="Category" value="GDX.Tests" />
            </properties>
          </test-case>
          <test-case id="1086" name="SetPropertyValue_QualifiedProperty_IsSet" fullname="GDX.ReflectionTests.SetPropertyValue_QualifiedProperty_IsSet" methodname="SetPropertyValue_QualifiedProperty_IsSet" classname="GDX.ReflectionTests" runstate="Runnable" seed="674108013" result="Passed" start-time="2022-09-04 01:21:40Z" end-time="2022-09-04 01:21:40Z" duration="0.000544" asserts="0">
            <properties>
              <property name="Category" value="GDX.Tests" />
            </properties>
          </test-case>
          <test-case id="1091" name="TryGetFieldOrPropertyValue_BadField_ReturnsStartGridSize" fullname="GDX.ReflectionTests.TryGetFieldOrPropertyValue_BadField_ReturnsStartGridSize" methodname="TryGetFieldOrPropertyValue_BadField_ReturnsStartGridSize" classname="GDX.ReflectionTests" runstate="Runnable" seed="1084154968" result="Passed" start-time="2022-09-04 01:21:40Z" end-time="2022-09-04 01:21:40Z" duration="0.000377" asserts="0">
            <properties>
              <property name="Category" value="GDX.Tests" />
            </properties>
          </test-case>
          <test-case id="1090" name="TryGetFieldOrPropertyValue_NoField_ReturnsDefault" fullname="GDX.ReflectionTests.TryGetFieldOrPropertyValue_NoField_ReturnsDefault" methodname="TryGetFieldOrPropertyValue_NoField_ReturnsDefault" classname="GDX.ReflectionTests" runstate="Runnable" seed="1934807825" result="Passed" start-time="2022-09-04 01:21:40Z" end-time="2022-09-04 01:21:40Z" duration="0.000481" asserts="0">
            <properties>
              <property name="Category" value="GDX.Tests" />
            </properties>
          </test-case>
          <test-case id="1089" name="TryGetFieldOrPropertyValue_NoTarget_ReturnsDefault" fullname="GDX.ReflectionTests.TryGetFieldOrPropertyValue_NoTarget_ReturnsDefault" methodname="TryGetFieldOrPropertyValue_NoTarget_ReturnsDefault" classname="GDX.ReflectionTests" runstate="Runnable" seed="1520586737" result="Passed" start-time="2022-09-04 01:21:40Z" end-time="2022-09-04 01:21:40Z" duration="0.000146" asserts="0">
            <properties>
              <property name="Category" value="GDX.Tests" />
            </properties>
          </test-case>
          <test-case id="1092" name="TryGetFieldOrPropertyValue_ProjectBrowserField_ReturnsStartGridSize" fullname="GDX.ReflectionTests.TryGetFieldOrPropertyValue_ProjectBrowserField_ReturnsStartGridSize" methodname="TryGetFieldOrPropertyValue_ProjectBrowserField_ReturnsStartGridSize" classname="GDX.ReflectionTests" runstate="Runnable" seed="2036313300" result="Passed" start-time="2022-09-04 01:21:40Z" end-time="2022-09-04 01:21:40Z" duration="0.000375" asserts="0">
            <properties>
              <property name="Category" value="GDX.Tests" />
            </properties>
          </test-case>
          <test-case id="1093" name="TryGetFieldOrPropertyValue_ProjectBrowserProperty_ReturnsIsLocked" fullname="GDX.ReflectionTests.TryGetFieldOrPropertyValue_ProjectBrowserProperty_ReturnsIsLocked" methodname="TryGetFieldOrPropertyValue_ProjectBrowserProperty_ReturnsIsLocked" classname="GDX.ReflectionTests" runstate="Runnable" seed="1436654060" result="Passed" start-time="2022-09-04 01:21:40Z" end-time="2022-09-04 01:21:40Z" duration="0.000378" asserts="0">
            <properties>
              <property name="Category" value="GDX.Tests" />
            </properties>
          </test-case>
          <test-case id="1096" name="TryGetFieldValue_BadField_ReturnsDefault" fullname="GDX.ReflectionTests.TryGetFieldValue_BadField_ReturnsDefault" methodname="TryGetFieldValue_BadField_ReturnsDefault" classname="GDX.ReflectionTests" runstate="Runnable" seed="1793053082" result="Passed" start-time="2022-09-04 01:21:40Z" end-time="2022-09-04 01:21:40Z" duration="0.000382" asserts="0">
            <properties>
              <property name="Category" value="GDX.Tests" />
            </properties>
          </test-case>
          <test-case id="1095" name="TryGetFieldValue_NoType_ReturnsDefault" fullname="GDX.ReflectionTests.TryGetFieldValue_NoType_ReturnsDefault" methodname="TryGetFieldValue_NoType_ReturnsDefault" classname="GDX.ReflectionTests" runstate="Runnable" seed="1730880482" result="Passed" start-time="2022-09-04 01:21:40Z" end-time="2022-09-04 01:21:40Z" duration="0.000384" asserts="0">
            <properties>
              <property name="Category" value="GDX.Tests" />
            </properties>
          </test-case>
          <test-case id="1094" name="TryGetFieldValue_ProjectBrowser_ReturnsTrueGetFieldText" fullname="GDX.ReflectionTests.TryGetFieldValue_ProjectBrowser_ReturnsTrueGetFieldText" methodname="TryGetFieldValue_ProjectBrowser_ReturnsTrueGetFieldText" classname="GDX.ReflectionTests" runstate="Runnable" seed="693285181" result="Passed" start-time="2022-09-04 01:21:40Z" end-time="2022-09-04 01:21:40Z" duration="0.000389" asserts="0">
            <properties>
              <property name="Category" value="GDX.Tests" />
            </properties>
          </test-case>
          <test-case id="1099" name="TryGetPropertyValue_InvalidName_IsFalse" fullname="GDX.ReflectionTests.TryGetPropertyValue_InvalidName_IsFalse" methodname="TryGetPropertyValue_InvalidName_IsFalse" classname="GDX.ReflectionTests" runstate="Runnable" seed="711022425" result="Passed" start-time="2022-09-04 01:21:40Z" end-time="2022-09-04 01:21:40Z" duration="0.000370" asserts="0">
            <properties>
              <property name="Category" value="GDX.Tests" />
            </properties>
          </test-case>
          <test-case id="1098" name="TryGetPropertyValue_NoType_IsFalse" fullname="GDX.ReflectionTests.TryGetPropertyValue_NoType_IsFalse" methodname="TryGetPropertyValue_NoType_IsFalse" classname="GDX.ReflectionTests" runstate="Runnable" seed="1604843954" result="Passed" start-time="2022-09-04 01:21:40Z" end-time="2022-09-04 01:21:40Z" duration="0.000367" asserts="0">
            <properties>
              <property name="Category" value="GDX.Tests" />
            </properties>
          </test-case>
          <test-case id="1097" name="TryGetPropertyValue_QualifiedProperty_IsTrue" fullname="GDX.ReflectionTests.TryGetPropertyValue_QualifiedProperty_IsTrue" methodname="TryGetPropertyValue_QualifiedProperty_IsTrue" classname="GDX.ReflectionTests" runstate="Runnable" seed="1606161584" result="Passed" start-time="2022-09-04 01:21:40Z" end-time="2022-09-04 01:21:40Z" duration="0.000369" asserts="0">
            <properties>
              <property name="Category" value="GDX.Tests" />
            </properties>
          </test-case>
        </test-suite>
        <test-suite type="TestSuite" id="1746" name="Rendering" fullname="GDX.Rendering" runstate="Runnable" testcasecount="2" result="Passed" start-time="2022-09-04 01:21:40Z" end-time="2022-09-04 01:21:40Z" duration="0.141636" total="2" passed="2" failed="0" inconclusive="0" skipped="0" asserts="0">
          <properties />
          <test-suite type="TestFixture" id="1250" name="ShaderProviderTests" fullname="GDX.Rendering.ShaderProviderTests" classname="GDX.Rendering.ShaderProviderTests" runstate="Runnable" testcasecount="2" result="Passed" start-time="2022-09-04 01:21:40Z" end-time="2022-09-04 01:21:40Z" duration="0.026760" total="2" passed="2" failed="0" inconclusive="0" skipped="0" asserts="0">
            <properties />
            <test-case id="1251" name="DottedLine_NotNull" fullname="GDX.Rendering.ShaderProviderTests.DottedLine_NotNull" methodname="DottedLine_NotNull" classname="GDX.Rendering.ShaderProviderTests" runstate="Runnable" seed="341789391" result="Passed" start-time="2022-09-04 01:21:40Z" end-time="2022-09-04 01:21:40Z" duration="0.000205" asserts="0">
              <properties>
                <property name="Category" value="GDX.Tests" />
              </properties>
            </test-case>
            <test-case id="1252" name="UnlitColor_NotNull" fullname="GDX.Rendering.ShaderProviderTests.UnlitColor_NotNull" methodname="UnlitColor_NotNull" classname="GDX.Rendering.ShaderProviderTests" runstate="Runnable" seed="760579617" result="Passed" start-time="2022-09-04 01:21:40Z" end-time="2022-09-04 01:21:40Z" duration="0.000145" asserts="0">
              <properties>
                <property name="Category" value="GDX.Tests" />
              </properties>
            </test-case>
          </test-suite>
        </test-suite>
        <test-suite type="TestFixture" id="1100" name="SegmentedStringTests" fullname="GDX.SegmentedStringTests" classname="GDX.SegmentedStringTests" runstate="Runnable" testcasecount="9" result="Passed" start-time="2022-09-04 01:21:40Z" end-time="2022-09-04 01:21:40Z" duration="0.011492" total="9" passed="9" failed="0" inconclusive="0" skipped="0" asserts="0">
          <properties />
          <test-case id="1101" name="AsCharArray_MockData_ReturnsAll" fullname="GDX.SegmentedStringTests.AsCharArray_MockData_ReturnsAll" methodname="AsCharArray_MockData_ReturnsAll" classname="GDX.SegmentedStringTests" runstate="Runnable" seed="244354208" result="Passed" start-time="2022-09-04 01:21:40Z" end-time="2022-09-04 01:21:40Z" duration="0.000807" asserts="0">
            <properties>
              <property name="Category" value="GDX.Tests" />
            </properties>
          </test-case>
          <test-case id="1102" name="AsCharArray_MockDataSpecific_ReturnsTarget" fullname="GDX.SegmentedStringTests.AsCharArray_MockDataSpecific_ReturnsTarget" methodname="AsCharArray_MockDataSpecific_ReturnsTarget" classname="GDX.SegmentedStringTests" runstate="Runnable" seed="1099209594" result="Passed" start-time="2022-09-04 01:21:40Z" end-time="2022-09-04 01:21:40Z" duration="0.000246" asserts="0">
            <properties>
              <property name="Category" value="GDX.Tests" />
            </properties>
          </test-case>
          <test-case id="1103" name="AsString_MockData_ReturnsLowered" fullname="GDX.SegmentedStringTests.AsString_MockData_ReturnsLowered" methodname="AsString_MockData_ReturnsLowered" classname="GDX.SegmentedStringTests" runstate="Runnable" seed="1311136256" result="Passed" start-time="2022-09-04 01:21:40Z" end-time="2022-09-04 01:21:40Z" duration="0.000238" asserts="0">
            <properties>
              <property name="Category" value="GDX.Tests" />
            </properties>
          </test-case>
          <test-case id="1104" name="GetCount_MockData_Correct" fullname="GDX.SegmentedStringTests.GetCount_MockData_Correct" methodname="GetCount_MockData_Correct" classname="GDX.SegmentedStringTests" runstate="Runnable" seed="123798123" result="Passed" start-time="2022-09-04 01:21:40Z" end-time="2022-09-04 01:21:40Z" duration="0.000478" asserts="0">
            <properties>
              <property name="Category" value="GDX.Tests" />
            </properties>
          </test-case>
          <test-case id="1105" name="GetHashCode_MockData_Correct" fullname="GDX.SegmentedStringTests.GetHashCode_MockData_Correct" methodname="GetHashCode_MockData_Correct" classname="GDX.SegmentedStringTests" runstate="Runnable" seed="517046255" result="Passed" start-time="2022-09-04 01:21:40Z" end-time="2022-09-04 01:21:40Z" duration="0.000197" asserts="0">
            <properties>
              <property name="Category" value="GDX.Tests" />
            </properties>
          </test-case>
          <test-case id="1106" name="GetOffset_MockData_Valid" fullname="GDX.SegmentedStringTests.GetOffset_MockData_Valid" methodname="GetOffset_MockData_Valid" classname="GDX.SegmentedStringTests" runstate="Runnable" seed="1685340742" result="Passed" start-time="2022-09-04 01:21:40Z" end-time="2022-09-04 01:21:40Z" duration="0.000200" asserts="0">
            <properties>
              <property name="Category" value="GDX.Tests" />
            </properties>
          </test-case>
          <test-case id="1108" name="GetSegment_MockData_Matches" fullname="GDX.SegmentedStringTests.GetSegment_MockData_Matches" methodname="GetSegment_MockData_Matches" classname="GDX.SegmentedStringTests" runstate="Runnable" seed="869847199" result="Passed" start-time="2022-09-04 01:21:40Z" end-time="2022-09-04 01:21:40Z" duration="0.000255" asserts="0">
            <properties>
              <property name="Category" value="GDX.Tests" />
            </properties>
          </test-case>
          <test-case id="1107" name="GetSegmentLength_MockData_CorrectCount" fullname="GDX.SegmentedStringTests.GetSegmentLength_MockData_CorrectCount" methodname="GetSegmentLength_MockData_CorrectCount" classname="GDX.SegmentedStringTests" runstate="Runnable" seed="1142637520" result="Passed" start-time="2022-09-04 01:21:40Z" end-time="2022-09-04 01:21:40Z" duration="0.000202" asserts="0">
            <properties>
              <property name="Category" value="GDX.Tests" />
            </properties>
          </test-case>
          <test-case id="1109" name="SplitOnNonAlphaNumericToLowerHashed_MockData_ValidHashCodes" fullname="GDX.SegmentedStringTests.SplitOnNonAlphaNumericToLowerHashed_MockData_ValidHashCodes" methodname="SplitOnNonAlphaNumericToLowerHashed_MockData_ValidHashCodes" classname="GDX.SegmentedStringTests" runstate="Runnable" seed="1290044007" result="Passed" start-time="2022-09-04 01:21:40Z" end-time="2022-09-04 01:21:40Z" duration="0.000401" asserts="0">
            <properties>
              <property name="Category" value="GDX.Tests" />
            </properties>
          </test-case>
        </test-suite>
        <test-suite type="TestFixture" id="1110" name="SimpleListExtensionsTests" fullname="GDX.SimpleListExtensionsTests" classname="GDX.SimpleListExtensionsTests" runstate="Runnable" testcasecount="28" result="Passed" start-time="2022-09-04 01:21:40Z" end-time="2022-09-04 01:21:40Z" duration="0.019868" total="28" passed="28" failed="0" inconclusive="0" skipped="0" asserts="0">
          <properties />
          <test-case id="1115" name="AddUncheckedUniqueItem_NonUniqueString_ReturnsFalse" fullname="GDX.SimpleListExtensionsTests.AddUncheckedUniqueItem_NonUniqueString_ReturnsFalse" methodname="AddUncheckedUniqueItem_NonUniqueString_ReturnsFalse" classname="GDX.SimpleListExtensionsTests" runstate="Runnable" seed="343613852" result="Passed" start-time="2022-09-04 01:21:40Z" end-time="2022-09-04 01:21:40Z" duration="0.000791" asserts="0">
            <properties>
              <property name="Category" value="GDX.Tests" />
            </properties>
          </test-case>
          <test-case id="1117" name="AddUncheckedUniqueItem_UniqueStringWithNoRoom_ThrowsException" fullname="GDX.SimpleListExtensionsTests.AddUncheckedUniqueItem_UniqueStringWithNoRoom_ThrowsException" methodname="AddUncheckedUniqueItem_UniqueStringWithNoRoom_ThrowsException" classname="GDX.SimpleListExtensionsTests" runstate="Runnable" seed="756594718" result="Passed" start-time="2022-09-04 01:21:40Z" end-time="2022-09-04 01:21:40Z" duration="0.000383" asserts="0">
            <properties>
              <property name="Category" value="GDX.Tests" />
            </properties>
          </test-case>
          <test-case id="1116" name="AddUncheckedUniqueItem_UniqueStringWithRoom_NoException" fullname="GDX.SimpleListExtensionsTests.AddUncheckedUniqueItem_UniqueStringWithRoom_NoException" methodname="AddUncheckedUniqueItem_UniqueStringWithRoom_NoException" classname="GDX.SimpleListExtensionsTests" runstate="Runnable" seed="949226248" result="Passed" start-time="2022-09-04 01:21:40Z" end-time="2022-09-04 01:21:40Z" duration="0.000805" asserts="0">
            <properties>
              <property name="Category" value="GDX.Tests" />
            </properties>
          </test-case>
          <test-case id="1120" name="AddUncheckedUniqueReference_NonUniqueString_ReturnsFalse" fullname="GDX.SimpleListExtensionsTests.AddUncheckedUniqueReference_NonUniqueString_ReturnsFalse" methodname="AddUncheckedUniqueReference_NonUniqueString_ReturnsFalse" classname="GDX.SimpleListExtensionsTests" runstate="Runnable" seed="463645267" result="Passed" start-time="2022-09-04 01:21:40Z" end-time="2022-09-04 01:21:40Z" duration="0.000469" asserts="0">
            <properties>
              <property name="Category" value="GDX.Tests" />
            </properties>
          </test-case>
          <test-case id="1122" name="AddUncheckedUniqueReference_UniqueStringWithNoRoom_ThrowsException" fullname="GDX.SimpleListExtensionsTests.AddUncheckedUniqueReference_UniqueStringWithNoRoom_ThrowsException" methodname="AddUncheckedUniqueReference_UniqueStringWithNoRoom_ThrowsException" classname="GDX.SimpleListExtensionsTests" runstate="Runnable" seed="1835335037" result="Passed" start-time="2022-09-04 01:21:40Z" end-time="2022-09-04 01:21:40Z" duration="0.000360" asserts="0">
            <properties>
              <property name="Category" value="GDX.Tests" />
            </properties>
          </test-case>
          <test-case id="1121" name="AddUncheckedUniqueReference_UniqueStringWithRoom_NoException" fullname="GDX.SimpleListExtensionsTests.AddUncheckedUniqueReference_UniqueStringWithRoom_NoException" methodname="AddUncheckedUniqueReference_UniqueStringWithRoom_NoException" classname="GDX.SimpleListExtensionsTests" runstate="Runnable" seed="1961722751" result="Passed" start-time="2022-09-04 01:21:40Z" end-time="2022-09-04 01:21:40Z" duration="0.000349" asserts="0">
            <properties>
              <property name="Category" value="GDX.Tests" />
            </properties>
          </test-case>
          <test-case id="1111" name="AddWithExpandCheckUniqueItem_NonUniqueString_ReturnsFalse" fullname="GDX.SimpleListExtensionsTests.AddWithExpandCheckUniqueItem_NonUniqueString_ReturnsFalse" methodname="AddWithExpandCheckUniqueItem_NonUniqueString_ReturnsFalse" classname="GDX.SimpleListExtensionsTests" runstate="Runnable" seed="1097007076" result="Passed" start-time="2022-09-04 01:21:40Z" end-time="2022-09-04 01:21:40Z" duration="0.000340" asserts="0">
            <properties>
              <property name="Category" value="GDX.Tests" />
            </properties>
          </test-case>
          <test-case id="1112" name="AddWithExpandCheckUniqueItem_UniqueString_ReturnsTrue" fullname="GDX.SimpleListExtensionsTests.AddWithExpandCheckUniqueItem_UniqueString_ReturnsTrue" methodname="AddWithExpandCheckUniqueItem_UniqueString_ReturnsTrue" classname="GDX.SimpleListExtensionsTests" runstate="Runnable" seed="1757092082" result="Passed" start-time="2022-09-04 01:21:40Z" end-time="2022-09-04 01:21:40Z" duration="0.000255" asserts="0">
            <properties>
              <property name="Category" value="GDX.Tests" />
            </properties>
          </test-case>
          <test-case id="1118" name="AddWithExpandCheckUniqueReference_NonUniqueString_ReturnsFalse" fullname="GDX.SimpleListExtensionsTests.AddWithExpandCheckUniqueReference_NonUniqueString_ReturnsFalse" methodname="AddWithExpandCheckUniqueReference_NonUniqueString_ReturnsFalse" classname="GDX.SimpleListExtensionsTests" runstate="Runnable" seed="395725313" result="Passed" start-time="2022-09-04 01:21:40Z" end-time="2022-09-04 01:21:40Z" duration="0.000335" asserts="0">
            <properties>
              <property name="Category" value="GDX.Tests" />
            </properties>
          </test-case>
          <test-case id="1119" name="AddWithExpandCheckUniqueReference_UniqueString_ReturnsTrue" fullname="GDX.SimpleListExtensionsTests.AddWithExpandCheckUniqueReference_UniqueString_ReturnsTrue" methodname="AddWithExpandCheckUniqueReference_UniqueString_ReturnsTrue" classname="GDX.SimpleListExtensionsTests" runstate="Runnable" seed="781130434" result="Passed" start-time="2022-09-04 01:21:40Z" end-time="2022-09-04 01:21:40Z" duration="0.000248" asserts="0">
            <properties>
              <property name="Category" value="GDX.Tests" />
            </properties>
          </test-case>
          <test-case id="1113" name="AddWithExpandCheckUniqueValue_NonUniqueFloat_ReturnsFalse" fullname="GDX.SimpleListExtensionsTests.AddWithExpandCheckUniqueValue_NonUniqueFloat_ReturnsFalse" methodname="AddWithExpandCheckUniqueValue_NonUniqueFloat_ReturnsFalse" classname="GDX.SimpleListExtensionsTests" runstate="Runnable" seed="1968102297" result="Passed" start-time="2022-09-04 01:21:40Z" end-time="2022-09-04 01:21:40Z" duration="0.000468" asserts="0">
            <properties>
              <property name="Category" value="GDX.Tests" />
            </properties>
          </test-case>
          <test-case id="1114" name="AddWithExpandCheckUniqueValue_UniqueFloat_ReturnsTrue" fullname="GDX.SimpleListExtensionsTests.AddWithExpandCheckUniqueValue_UniqueFloat_ReturnsTrue" methodname="AddWithExpandCheckUniqueValue_UniqueFloat_ReturnsTrue" classname="GDX.SimpleListExtensionsTests" runstate="Runnable" seed="1596193370" result="Passed" start-time="2022-09-04 01:21:40Z" end-time="2022-09-04 01:21:40Z" duration="0.000438" asserts="0">
            <properties>
              <property name="Category" value="GDX.Tests" />
            </properties>
          </test-case>
          <test-case id="1124" name="ContainsItem_Object_ReturnsTrue" fullname="GDX.SimpleListExtensionsTests.ContainsItem_Object_ReturnsTrue" methodname="ContainsItem_Object_ReturnsTrue" classname="GDX.SimpleListExtensionsTests" runstate="Runnable" seed="310769432" result="Passed" start-time="2022-09-04 01:21:40Z" end-time="2022-09-04 01:21:40Z" duration="0.000291" asserts="0">
            <properties>
              <property name="Category" value="GDX.Tests" />
            </properties>
          </test-case>
          <test-case id="1123" name="ContainsItem_String_ReturnsTrue" fullname="GDX.SimpleListExtensionsTests.ContainsItem_String_ReturnsTrue" methodname="ContainsItem_String_ReturnsTrue" classname="GDX.SimpleListExtensionsTests" runstate="Runnable" seed="971140753" result="Passed" start-time="2022-09-04 01:21:40Z" end-time="2022-09-04 01:21:40Z" duration="0.000254" asserts="0">
            <properties>
              <property name="Category" value="GDX.Tests" />
            </properties>
          </test-case>
          <test-case id="1126" name="ContainsReference_Object_ReturnsTrue" fullname="GDX.SimpleListExtensionsTests.ContainsReference_Object_ReturnsTrue" methodname="ContainsReference_Object_ReturnsTrue" classname="GDX.SimpleListExtensionsTests" runstate="Runnable" seed="992619580" result="Passed" start-time="2022-09-04 01:21:40Z" end-time="2022-09-04 01:21:40Z" duration="0.000280" asserts="0">
            <properties>
              <property name="Category" value="GDX.Tests" />
            </properties>
          </test-case>
          <test-case id="1125" name="ContainsReference_String_ReturnsTrue" fullname="GDX.SimpleListExtensionsTests.ContainsReference_String_ReturnsTrue" methodname="ContainsReference_String_ReturnsTrue" classname="GDX.SimpleListExtensionsTests" runstate="Runnable" seed="1400836074" result="Passed" start-time="2022-09-04 01:21:40Z" end-time="2022-09-04 01:21:40Z" duration="0.000252" asserts="0">
            <properties>
              <property name="Category" value="GDX.Tests" />
            </properties>
          </test-case>
          <test-case id="1138" name="ContainsValue_MockDataNoValue_NotFound" fullname="GDX.SimpleListExtensionsTests.ContainsValue_MockDataNoValue_NotFound" methodname="ContainsValue_MockDataNoValue_NotFound" classname="GDX.SimpleListExtensionsTests" runstate="Runnable" seed="345498337" result="Passed" start-time="2022-09-04 01:21:40Z" end-time="2022-09-04 01:21:40Z" duration="0.000381" asserts="0">
            <properties>
              <property name="Category" value="GDX.Tests" />
            </properties>
          </test-case>
          <test-case id="1137" name="ContainsValue_MockDataValue_Found" fullname="GDX.SimpleListExtensionsTests.ContainsValue_MockDataValue_Found" methodname="ContainsValue_MockDataValue_Found" classname="GDX.SimpleListExtensionsTests" runstate="Runnable" seed="1328232538" result="Passed" start-time="2022-09-04 01:21:40Z" end-time="2022-09-04 01:21:40Z" duration="0.000240" asserts="0">
            <properties>
              <property name="Category" value="GDX.Tests" />
            </properties>
          </test-case>
          <test-case id="1128" name="RemoveFirstItem_MockData_NoItemReturnsFalse" fullname="GDX.SimpleListExtensionsTests.RemoveFirstItem_MockData_NoItemReturnsFalse" methodname="RemoveFirstItem_MockData_NoItemReturnsFalse" classname="GDX.SimpleListExtensionsTests" runstate="Runnable" seed="1243479923" result="Passed" start-time="2022-09-04 01:21:40Z" end-time="2022-09-04 01:21:40Z" duration="0.000388" asserts="0">
            <properties>
              <property name="Category" value="GDX.Tests" />
            </properties>
          </test-case>
          <test-case id="1127" name="RemoveFirstItem_MockData_RemovedItem" fullname="GDX.SimpleListExtensionsTests.RemoveFirstItem_MockData_RemovedItem" methodname="RemoveFirstItem_MockData_RemovedItem" classname="GDX.SimpleListExtensionsTests" runstate="Runnable" seed="607849729" result="Passed" start-time="2022-09-04 01:21:40Z" end-time="2022-09-04 01:21:40Z" duration="0.000320" asserts="0">
            <properties>
              <property name="Category" value="GDX.Tests" />
            </properties>
          </test-case>
          <test-case id="1130" name="RemoveFirstReference_MockData_NoItemReturnsFalse" fullname="GDX.SimpleListExtensionsTests.RemoveFirstReference_MockData_NoItemReturnsFalse" methodname="RemoveFirstReference_MockData_NoItemReturnsFalse" classname="GDX.SimpleListExtensionsTests" runstate="Runnable" seed="1057464996" result="Passed" start-time="2022-09-04 01:21:40Z" end-time="2022-09-04 01:21:40Z" duration="0.000387" asserts="0">
            <properties>
              <property name="Category" value="GDX.Tests" />
            </properties>
          </test-case>
          <test-case id="1129" name="RemoveFirstReference_MockData_RemovedItem" fullname="GDX.SimpleListExtensionsTests.RemoveFirstReference_MockData_RemovedItem" methodname="RemoveFirstReference_MockData_RemovedItem" classname="GDX.SimpleListExtensionsTests" runstate="Runnable" seed="1117483517" result="Passed" start-time="2022-09-04 01:21:40Z" end-time="2022-09-04 01:21:40Z" duration="0.000308" asserts="0">
            <properties>
              <property name="Category" value="GDX.Tests" />
            </properties>
          </test-case>
          <test-case id="1131" name="RemoveItems_MockData_RemovedItems" fullname="GDX.SimpleListExtensionsTests.RemoveItems_MockData_RemovedItems" methodname="RemoveItems_MockData_RemovedItems" classname="GDX.SimpleListExtensionsTests" runstate="Runnable" seed="2000640357" result="Passed" start-time="2022-09-04 01:21:40Z" end-time="2022-09-04 01:21:40Z" duration="0.000400" asserts="0">
            <properties>
              <property name="Category" value="GDX.Tests" />
            </properties>
          </test-case>
          <test-case id="1134" name="RemoveLastItem_MockData_NoItemReturnsFalse" fullname="GDX.SimpleListExtensionsTests.RemoveLastItem_MockData_NoItemReturnsFalse" methodname="RemoveLastItem_MockData_NoItemReturnsFalse" classname="GDX.SimpleListExtensionsTests" runstate="Runnable" seed="1741274273" result="Passed" start-time="2022-09-04 01:21:40Z" end-time="2022-09-04 01:21:40Z" duration="0.000391" asserts="0">
            <properties>
              <property name="Category" value="GDX.Tests" />
            </properties>
          </test-case>
          <test-case id="1133" name="RemoveLastItem_MockData_RemovedItem" fullname="GDX.SimpleListExtensionsTests.RemoveLastItem_MockData_RemovedItem" methodname="RemoveLastItem_MockData_RemovedItem" classname="GDX.SimpleListExtensionsTests" runstate="Runnable" seed="1831582392" result="Passed" start-time="2022-09-04 01:21:40Z" end-time="2022-09-04 01:21:40Z" duration="0.000303" asserts="0">
            <properties>
              <property name="Category" value="GDX.Tests" />
            </properties>
          </test-case>
          <test-case id="1136" name="RemoveLastReference_MockData_NoItemReturnsFalse" fullname="GDX.SimpleListExtensionsTests.RemoveLastReference_MockData_NoItemReturnsFalse" methodname="RemoveLastReference_MockData_NoItemReturnsFalse" classname="GDX.SimpleListExtensionsTests" runstate="Runnable" seed="914836908" result="Passed" start-time="2022-09-04 01:21:40Z" end-time="2022-09-04 01:21:40Z" duration="0.000480" asserts="0">
            <properties>
              <property name="Category" value="GDX.Tests" />
            </properties>
          </test-case>
          <test-case id="1135" name="RemoveLastReference_MockData_RemovedItem" fullname="GDX.SimpleListExtensionsTests.RemoveLastReference_MockData_RemovedItem" methodname="RemoveLastReference_MockData_RemovedItem" classname="GDX.SimpleListExtensionsTests" runstate="Runnable" seed="359711594" result="Passed" start-time="2022-09-04 01:21:40Z" end-time="2022-09-04 01:21:40Z" duration="0.000313" asserts="0">
            <properties>
              <property name="Category" value="GDX.Tests" />
            </properties>
          </test-case>
          <test-case id="1132" name="RemoveReferences_MockData_RemovedItems" fullname="GDX.SimpleListExtensionsTests.RemoveReferences_MockData_RemovedItems" methodname="RemoveReferences_MockData_RemovedItems" classname="GDX.SimpleListExtensionsTests" runstate="Runnable" seed="1421772348" result="Passed" start-time="2022-09-04 01:21:40Z" end-time="2022-09-04 01:21:40Z" duration="0.000410" asserts="0">
            <properties>
              <property name="Category" value="GDX.Tests" />
            </properties>
          </test-case>
        </test-suite>
        <test-suite type="TestFixture" id="1144" name="StringExtensionsTests" fullname="GDX.StringExtensionsTests" classname="GDX.StringExtensionsTests" runstate="Runnable" testcasecount="38" result="Passed" start-time="2022-09-04 01:21:40Z" end-time="2022-09-04 01:21:40Z" duration="0.031351" total="38" passed="38" failed="0" inconclusive="0" skipped="0" asserts="0">
          <properties />
          <test-case id="1175" name="Concatenate_Simple_NoSuffix" fullname="GDX.StringExtensionsTests.Concatenate_Simple_NoSuffix" methodname="Concatenate_Simple_NoSuffix" classname="GDX.StringExtensionsTests" runstate="Runnable" seed="1405336806" result="Passed" start-time="2022-09-04 01:21:40Z" end-time="2022-09-04 01:21:40Z" duration="0.000547" asserts="0">
            <properties>
              <property name="Category" value="GDX.Tests" />
            </properties>
          </test-case>
          <test-case id="1176" name="Concatenate_Simple_Suffix" fullname="GDX.StringExtensionsTests.Concatenate_Simple_Suffix" methodname="Concatenate_Simple_Suffix" classname="GDX.StringExtensionsTests" runstate="Runnable" seed="221014873" result="Passed" start-time="2022-09-04 01:21:40Z" end-time="2022-09-04 01:21:40Z" duration="0.000240" asserts="0">
            <properties>
              <property name="Category" value="GDX.Tests" />
            </properties>
          </test-case>
          <test-case id="1173" name="CountOccurence_TwoMockData_ReturnsTwo" fullname="GDX.StringExtensionsTests.CountOccurence_TwoMockData_ReturnsTwo" methodname="CountOccurence_TwoMockData_ReturnsTwo" classname="GDX.StringExtensionsTests" runstate="Runnable" seed="1439561985" result="Passed" start-time="2022-09-04 01:21:40Z" end-time="2022-09-04 01:21:40Z" duration="0.000426" asserts="0">
            <properties>
              <property name="Category" value="GDX.Tests" />
            </properties>
          </test-case>
          <test-case id="1174" name="CountOccurence_ZeroMockData_ReturnsTwo" fullname="GDX.StringExtensionsTests.CountOccurence_ZeroMockData_ReturnsTwo" methodname="CountOccurence_ZeroMockData_ReturnsTwo" classname="GDX.StringExtensionsTests" runstate="Runnable" seed="597853761" result="Passed" start-time="2022-09-04 01:21:40Z" end-time="2022-09-04 01:21:40Z" duration="0.000214" asserts="0">
            <properties>
              <property name="Category" value="GDX.Tests" />
            </properties>
          </test-case>
          <test-case id="1169" name="Encrypt_Decrypt_IsEqual" fullname="GDX.StringExtensionsTests.Encrypt_Decrypt_IsEqual" methodname="Encrypt_Decrypt_IsEqual" classname="GDX.StringExtensionsTests" runstate="Runnable" seed="2119572674" result="Passed" start-time="2022-09-04 01:21:40Z" end-time="2022-09-04 01:21:40Z" duration="0.009527" asserts="0">
            <properties>
              <property name="Category" value="GDX.Tests" />
            </properties>
          </test-case>
          <test-case id="1170" name="Encrypt_MockData_ReturnsString" fullname="GDX.StringExtensionsTests.Encrypt_MockData_ReturnsString" methodname="Encrypt_MockData_ReturnsString" classname="GDX.StringExtensionsTests" runstate="Runnable" seed="71553309" result="Passed" start-time="2022-09-04 01:21:40Z" end-time="2022-09-04 01:21:40Z" duration="0.000253" asserts="0">
            <properties>
              <property name="Category" value="GDX.Tests" />
            </properties>
          </test-case>
          <test-case id="1145" name="GetAfterFirst_MockData_ReturnsString" fullname="GDX.StringExtensionsTests.GetAfterFirst_MockData_ReturnsString" methodname="GetAfterFirst_MockData_ReturnsString" classname="GDX.StringExtensionsTests" runstate="Runnable" seed="2081924098" result="Passed" start-time="2022-09-04 01:21:40Z" end-time="2022-09-04 01:21:40Z" duration="0.000304" asserts="0">
            <properties>
              <property name="Category" value="GDX.Tests" />
            </properties>
          </test-case>
          <test-case id="1146" name="GetAfterLast_MockData_ReturnsString" fullname="GDX.StringExtensionsTests.GetAfterLast_MockData_ReturnsString" methodname="GetAfterLast_MockData_ReturnsString" classname="GDX.StringExtensionsTests" runstate="Runnable" seed="688497966" result="Passed" start-time="2022-09-04 01:21:40Z" end-time="2022-09-04 01:21:40Z" duration="0.000332" asserts="0">
            <properties>
              <property name="Category" value="GDX.Tests" />
            </properties>
          </test-case>
          <test-case id="1147" name="GetBeforeFirst_MockData_ReturnsEmptyString" fullname="GDX.StringExtensionsTests.GetBeforeFirst_MockData_ReturnsEmptyString" methodname="GetBeforeFirst_MockData_ReturnsEmptyString" classname="GDX.StringExtensionsTests" runstate="Runnable" seed="1800388434" result="Passed" start-time="2022-09-04 01:21:40Z" end-time="2022-09-04 01:21:40Z" duration="0.000287" asserts="0">
            <properties>
              <property name="Category" value="GDX.Tests" />
            </properties>
          </test-case>
          <test-case id="1148" name="GetBeforeLast_MockData_ReturnsString" fullname="GDX.StringExtensionsTests.GetBeforeLast_MockData_ReturnsString" methodname="GetBeforeLast_MockData_ReturnsString" classname="GDX.StringExtensionsTests" runstate="Runnable" seed="610292618" result="Passed" start-time="2022-09-04 01:21:40Z" end-time="2022-09-04 01:21:40Z" duration="0.000291" asserts="0">
            <properties>
              <property name="Category" value="GDX.Tests" />
            </properties>
          </test-case>
          <test-case id="1171" name="GetStableLowerCaseHashCode_ToLowerGetStableHashCode_IsEqual" fullname="GDX.StringExtensionsTests.GetStableLowerCaseHashCode_ToLowerGetStableHashCode_IsEqual" methodname="GetStableLowerCaseHashCode_ToLowerGetStableHashCode_IsEqual" classname="GDX.StringExtensionsTests" runstate="Runnable" seed="641348838" result="Passed" start-time="2022-09-04 01:21:40Z" end-time="2022-09-04 01:21:40Z" duration="0.000279" asserts="0">
            <properties>
              <property name="Category" value="GDX.Tests" />
            </properties>
          </test-case>
          <test-case id="1172" name="GetStableUpperCaseHashCode_ToUpperGetStableHashCode_IsEqual" fullname="GDX.StringExtensionsTests.GetStableUpperCaseHashCode_ToUpperGetStableHashCode_IsEqual" methodname="GetStableUpperCaseHashCode_ToUpperGetStableHashCode_IsEqual" classname="GDX.StringExtensionsTests" runstate="Runnable" seed="982301577" result="Passed" start-time="2022-09-04 01:21:40Z" end-time="2022-09-04 01:21:40Z" duration="0.000281" asserts="0">
            <properties>
              <property name="Category" value="GDX.Tests" />
            </properties>
          </test-case>
          <test-case id="1152" name="HasLowerCase_MixedCaseString_ReturnsTrue" fullname="GDX.StringExtensionsTests.HasLowerCase_MixedCaseString_ReturnsTrue" methodname="HasLowerCase_MixedCaseString_ReturnsTrue" classname="GDX.StringExtensionsTests" runstate="Runnable" seed="1776018684" result="Passed" start-time="2022-09-04 01:21:40Z" end-time="2022-09-04 01:21:40Z" duration="0.000302" asserts="0">
            <properties>
              <property name="Category" value="GDX.Tests" />
            </properties>
          </test-case>
          <test-case id="1150" name="HasLowerCase_UpperCaseString_ReturnsFalse" fullname="GDX.StringExtensionsTests.HasLowerCase_UpperCaseString_ReturnsFalse" methodname="HasLowerCase_UpperCaseString_ReturnsFalse" classname="GDX.StringExtensionsTests" runstate="Runnable" seed="1289047508" result="Passed" start-time="2022-09-04 01:21:40Z" end-time="2022-09-04 01:21:40Z" duration="0.000206" asserts="0">
            <properties>
              <property name="Category" value="GDX.Tests" />
            </properties>
          </test-case>
          <test-case id="1149" name="HasUpperCase_LowerCaseString_ReturnsFalse" fullname="GDX.StringExtensionsTests.HasUpperCase_LowerCaseString_ReturnsFalse" methodname="HasUpperCase_LowerCaseString_ReturnsFalse" classname="GDX.StringExtensionsTests" runstate="Runnable" seed="406438734" result="Passed" start-time="2022-09-04 01:21:40Z" end-time="2022-09-04 01:21:40Z" duration="0.000299" asserts="0">
            <properties>
              <property name="Category" value="GDX.Tests" />
            </properties>
          </test-case>
          <test-case id="1151" name="HasUpperCase_MixedCaseString_ReturnsTrue" fullname="GDX.StringExtensionsTests.HasUpperCase_MixedCaseString_ReturnsTrue" methodname="HasUpperCase_MixedCaseString_ReturnsTrue" classname="GDX.StringExtensionsTests" runstate="Runnable" seed="252172985" result="Passed" start-time="2022-09-04 01:21:40Z" end-time="2022-09-04 01:21:40Z" duration="0.000205" asserts="0">
            <properties>
              <property name="Category" value="GDX.Tests" />
            </properties>
          </test-case>
          <test-case id="1156" name="IsBooleanPositiveValue_BadString_ReturnsFalse" fullname="GDX.StringExtensionsTests.IsBooleanPositiveValue_BadString_ReturnsFalse" methodname="IsBooleanPositiveValue_BadString_ReturnsFalse" classname="GDX.StringExtensionsTests" runstate="Runnable" seed="612829048" result="Passed" start-time="2022-09-04 01:21:40Z" end-time="2022-09-04 01:21:40Z" duration="0.000275" asserts="0">
            <properties>
              <property name="Category" value="GDX.Tests" />
            </properties>
          </test-case>
          <test-case id="1153" name="IsBooleanPositiveValue_TrueString_ReturnsTrue" fullname="GDX.StringExtensionsTests.IsBooleanPositiveValue_TrueString_ReturnsTrue" methodname="IsBooleanPositiveValue_TrueString_ReturnsTrue" classname="GDX.StringExtensionsTests" runstate="Runnable" seed="2068789248" result="Passed" start-time="2022-09-04 01:21:40Z" end-time="2022-09-04 01:21:40Z" duration="0.000211" asserts="0">
            <properties>
              <property name="Category" value="GDX.Tests" />
            </properties>
          </test-case>
          <test-case id="1155" name="IsBooleanValue_BadString_ReturnsFalse" fullname="GDX.StringExtensionsTests.IsBooleanValue_BadString_ReturnsFalse" methodname="IsBooleanValue_BadString_ReturnsFalse" classname="GDX.StringExtensionsTests" runstate="Runnable" seed="1028949130" result="Passed" start-time="2022-09-04 01:21:40Z" end-time="2022-09-04 01:21:40Z" duration="0.000388" asserts="0">
            <properties>
              <property name="Category" value="GDX.Tests" />
            </properties>
          </test-case>
          <test-case id="1154" name="IsBooleanValue_OffString_ReturnsTrue" fullname="GDX.StringExtensionsTests.IsBooleanValue_OffString_ReturnsTrue" methodname="IsBooleanValue_OffString_ReturnsTrue" classname="GDX.StringExtensionsTests" runstate="Runnable" seed="104879528" result="Passed" start-time="2022-09-04 01:21:40Z" end-time="2022-09-04 01:21:40Z" duration="0.000213" asserts="0">
            <properties>
              <property name="Category" value="GDX.Tests" />
            </properties>
          </test-case>
          <test-case id="1160" name="IsIntegerValue_BadString_ReturnsFalse" fullname="GDX.StringExtensionsTests.IsIntegerValue_BadString_ReturnsFalse" methodname="IsIntegerValue_BadString_ReturnsFalse" classname="GDX.StringExtensionsTests" runstate="Runnable" seed="747687841" result="Passed" start-time="2022-09-04 01:21:40Z" end-time="2022-09-04 01:21:40Z" duration="0.000348" asserts="0">
            <properties>
              <property name="Category" value="GDX.Tests" />
            </properties>
          </test-case>
          <test-case id="1161" name="IsIntegerValue_MixedString_ReturnsFalse" fullname="GDX.StringExtensionsTests.IsIntegerValue_MixedString_ReturnsFalse" methodname="IsIntegerValue_MixedString_ReturnsFalse" classname="GDX.StringExtensionsTests" runstate="Runnable" seed="1513534086" result="Passed" start-time="2022-09-04 01:21:40Z" end-time="2022-09-04 01:21:40Z" duration="0.000219" asserts="0">
            <properties>
              <property name="Category" value="GDX.Tests" />
            </properties>
          </test-case>
          <test-case id="1159" name="IsIntegerValue_NegativeNumber_ReturnsTrue" fullname="GDX.StringExtensionsTests.IsIntegerValue_NegativeNumber_ReturnsTrue" methodname="IsIntegerValue_NegativeNumber_ReturnsTrue" classname="GDX.StringExtensionsTests" runstate="Runnable" seed="1070946148" result="Passed" start-time="2022-09-04 01:21:40Z" end-time="2022-09-04 01:21:40Z" duration="0.000211" asserts="0">
            <properties>
              <property name="Category" value="GDX.Tests" />
            </properties>
          </test-case>
          <test-case id="1157" name="IsIntegerValue_NullNumber_ReturnsFalse" fullname="GDX.StringExtensionsTests.IsIntegerValue_NullNumber_ReturnsFalse" methodname="IsIntegerValue_NullNumber_ReturnsFalse" classname="GDX.StringExtensionsTests" runstate="Runnable" seed="935274633" result="Passed" start-time="2022-09-04 01:21:40Z" end-time="2022-09-04 01:21:40Z" duration="0.000221" asserts="0">
            <properties>
              <property name="Category" value="GDX.Tests" />
            </properties>
          </test-case>
          <test-case id="1158" name="IsIntegerValue_PositiveNumber_ReturnsTrue" fullname="GDX.StringExtensionsTests.IsIntegerValue_PositiveNumber_ReturnsTrue" methodname="IsIntegerValue_PositiveNumber_ReturnsTrue" classname="GDX.StringExtensionsTests" runstate="Runnable" seed="185695577" result="Passed" start-time="2022-09-04 01:21:40Z" end-time="2022-09-04 01:21:40Z" duration="0.000210" asserts="0">
            <properties>
              <property name="Category" value="GDX.Tests" />
            </properties>
          </test-case>
          <test-case id="1164" name="IsNumericValue_Characters_ReturnsFalse" fullname="GDX.StringExtensionsTests.IsNumericValue_Characters_ReturnsFalse" methodname="IsNumericValue_Characters_ReturnsFalse" classname="GDX.StringExtensionsTests" runstate="Runnable" seed="950560861" result="Passed" start-time="2022-09-04 01:21:40Z" end-time="2022-09-04 01:21:40Z" duration="0.000207" asserts="0">
            <properties>
              <property name="Category" value="GDX.Tests" />
            </properties>
          </test-case>
          <test-case id="1165" name="IsNumericValue_NegativeNumber_ReturnsTrue" fullname="GDX.StringExtensionsTests.IsNumericValue_NegativeNumber_ReturnsTrue" methodname="IsNumericValue_NegativeNumber_ReturnsTrue" classname="GDX.StringExtensionsTests" runstate="Runnable" seed="1764945810" result="Passed" start-time="2022-09-04 01:21:40Z" end-time="2022-09-04 01:21:40Z" duration="0.000208" asserts="0">
            <properties>
              <property name="Category" value="GDX.Tests" />
            </properties>
          </test-case>
          <test-case id="1163" name="IsNumericValue_NullNumber_ReturnsFalse" fullname="GDX.StringExtensionsTests.IsNumericValue_NullNumber_ReturnsFalse" methodname="IsNumericValue_NullNumber_ReturnsFalse" classname="GDX.StringExtensionsTests" runstate="Runnable" seed="1250388276" result="Passed" start-time="2022-09-04 01:21:40Z" end-time="2022-09-04 01:21:40Z" duration="0.000209" asserts="0">
            <properties>
              <property name="Category" value="GDX.Tests" />
            </properties>
          </test-case>
          <test-case id="1162" name="IsNumericValue_PositiveNumber_ReturnsTrue" fullname="GDX.StringExtensionsTests.IsNumericValue_PositiveNumber_ReturnsTrue" methodname="IsNumericValue_PositiveNumber_ReturnsTrue" classname="GDX.StringExtensionsTests" runstate="Runnable" seed="2057856439" result="Passed" start-time="2022-09-04 01:21:40Z" end-time="2022-09-04 01:21:40Z" duration="0.000202" asserts="0">
            <properties>
              <property name="Category" value="GDX.Tests" />
            </properties>
          </test-case>
          <test-case id="1166" name="IsNumericValue_TwoDecimals_ReturnsFalse" fullname="GDX.StringExtensionsTests.IsNumericValue_TwoDecimals_ReturnsFalse" methodname="IsNumericValue_TwoDecimals_ReturnsFalse" classname="GDX.StringExtensionsTests" runstate="Runnable" seed="1437721264" result="Passed" start-time="2022-09-04 01:21:40Z" end-time="2022-09-04 01:21:40Z" duration="0.000209" asserts="0">
            <properties>
              <property name="Category" value="GDX.Tests" />
            </properties>
          </test-case>
          <test-case id="1182" name="PartialMatch_EmptySimpleList_NotFound" fullname="GDX.StringExtensionsTests.PartialMatch_EmptySimpleList_NotFound" methodname="PartialMatch_EmptySimpleList_NotFound" classname="GDX.StringExtensionsTests" runstate="Runnable" seed="2070684230" result="Passed" start-time="2022-09-04 01:21:40Z" end-time="2022-09-04 01:21:40Z" duration="0.000326" asserts="0">
            <properties>
              <property name="Category" value="GDX.Tests" />
            </properties>
          </test-case>
          <test-case id="1179" name="PartialMatch_NullStringArray_NotFound" fullname="GDX.StringExtensionsTests.PartialMatch_NullStringArray_NotFound" methodname="PartialMatch_NullStringArray_NotFound" classname="GDX.StringExtensionsTests" runstate="Runnable" seed="705066658" result="Passed" start-time="2022-09-04 01:21:40Z" end-time="2022-09-04 01:21:40Z" duration="0.000294" asserts="0">
            <properties>
              <property name="Category" value="GDX.Tests" />
            </properties>
          </test-case>
          <test-case id="1180" name="PartialMatch_SimpleList_Found" fullname="GDX.StringExtensionsTests.PartialMatch_SimpleList_Found" methodname="PartialMatch_SimpleList_Found" classname="GDX.StringExtensionsTests" runstate="Runnable" seed="507057312" result="Passed" start-time="2022-09-04 01:21:40Z" end-time="2022-09-04 01:21:40Z" duration="0.000310" asserts="0">
            <properties>
              <property name="Category" value="GDX.Tests" />
            </properties>
          </test-case>
          <test-case id="1181" name="PartialMatch_SimpleList_NotFound" fullname="GDX.StringExtensionsTests.PartialMatch_SimpleList_NotFound" methodname="PartialMatch_SimpleList_NotFound" classname="GDX.StringExtensionsTests" runstate="Runnable" seed="1547001425" result="Passed" start-time="2022-09-04 01:21:40Z" end-time="2022-09-04 01:21:40Z" duration="0.000264" asserts="0">
            <properties>
              <property name="Category" value="GDX.Tests" />
            </properties>
          </test-case>
          <test-case id="1177" name="PartialMatch_StringArray_Found" fullname="GDX.StringExtensionsTests.PartialMatch_StringArray_Found" methodname="PartialMatch_StringArray_Found" classname="GDX.StringExtensionsTests" runstate="Runnable" seed="1477630897" result="Passed" start-time="2022-09-04 01:21:40Z" end-time="2022-09-04 01:21:40Z" duration="0.000233" asserts="0">
            <properties>
              <property name="Category" value="GDX.Tests" />
            </properties>
          </test-case>
          <test-case id="1178" name="PartialMatch_StringArray_NotFound" fullname="GDX.StringExtensionsTests.PartialMatch_StringArray_NotFound" methodname="PartialMatch_StringArray_NotFound" classname="GDX.StringExtensionsTests" runstate="Runnable" seed="1876307263" result="Passed" start-time="2022-09-04 01:21:40Z" end-time="2022-09-04 01:21:40Z" duration="0.000232" asserts="0">
            <properties>
              <property name="Category" value="GDX.Tests" />
            </properties>
          </test-case>
          <test-case id="1168" name="SplitCamelCase_camelCase_ReturnsString" fullname="GDX.StringExtensionsTests.SplitCamelCase_camelCase_ReturnsString" methodname="SplitCamelCase_camelCase_ReturnsString" classname="GDX.StringExtensionsTests" runstate="Runnable" seed="2102678910" result="Passed" start-time="2022-09-04 01:21:40Z" end-time="2022-09-04 01:21:40Z" duration="0.000905" asserts="0">
            <properties>
              <property name="Category" value="GDX.Tests" />
            </properties>
          </test-case>
          <test-case id="1167" name="SplitCamelCase_CamelCase_ReturnsString" fullname="GDX.StringExtensionsTests.SplitCamelCase_CamelCase_ReturnsString" methodname="SplitCamelCase_CamelCase_ReturnsString" classname="GDX.StringExtensionsTests" runstate="Runnable" seed="1659006985" result="Passed" start-time="2022-09-04 01:21:40Z" end-time="2022-09-04 01:21:40Z" duration="0.000241" asserts="0">
            <properties>
              <property name="Category" value="GDX.Tests" />
            </properties>
          </test-case>
        </test-suite>
        <test-suite type="TestSuite" id="1745" name="Threading" fullname="GDX.Threading" runstate="Runnable" testcasecount="24" result="Passed" start-time="2022-09-04 01:21:40Z" end-time="2022-09-04 01:21:55Z" duration="14.614430" total="24" passed="24" failed="0" inconclusive="0" skipped="0" asserts="0">
          <properties />
          <test-suite type="TestFixture" id="1222" name="TaskDirectorSystemTests" fullname="GDX.Threading.TaskDirectorSystemTests" classname="GDX.Threading.TaskDirectorSystemTests" runstate="Runnable" testcasecount="7" result="Passed" start-time="2022-09-04 01:21:40Z" end-time="2022-09-04 01:21:48Z" duration="8.044905" total="7" passed="7" failed="0" inconclusive="0" skipped="0" asserts="0">
            <properties />
            <test-case id="1224" name="Initialize_DefaultTickRate" fullname="GDX.Threading.TaskDirectorSystemTests.Initialize_DefaultTickRate" methodname="Initialize_DefaultTickRate" classname="GDX.Threading.TaskDirectorSystemTests" runstate="Runnable" seed="721324256" result="Passed" start-time="2022-09-04 01:21:40Z" end-time="2022-09-04 01:21:42Z" duration="1.483404" asserts="0">
              <properties>
                <property name="_JOINTYPE" value="UnityCombinatorial" />
                <property name="Category" value="GDX.Tests" />
              </properties>
            </test-case>
            <test-case id="1229" name="Invoke_PlayerLoopTick_NoTickInEditMode" fullname="GDX.Threading.TaskDirectorSystemTests.Invoke_PlayerLoopTick_NoTickInEditMode" methodname="Invoke_PlayerLoopTick_NoTickInEditMode" classname="GDX.Threading.TaskDirectorSystemTests" runstate="Runnable" seed="2049171834" result="Passed" start-time="2022-09-04 01:21:42Z" end-time="2022-09-04 01:21:42Z" duration="0.067818" asserts="0">
              <properties>
                <property name="Category" value="GDX.Tests" />
              </properties>
              <output><![CDATA[Unable to tick Task Director from PlayerLoop outside of PlayMode.
]]></output>
            </test-case>
            <test-case id="1225" name="Offline_NoTick" fullname="GDX.Threading.TaskDirectorSystemTests.Offline_NoTick" methodname="Offline_NoTick" classname="GDX.Threading.TaskDirectorSystemTests" runstate="Runnable" seed="1766014464" result="Passed" start-time="2022-09-04 01:21:42Z" end-time="2022-09-04 01:21:44Z" duration="2.486961" asserts="0">
              <properties>
                <property name="_JOINTYPE" value="UnityCombinatorial" />
                <property name="Category" value="GDX.Tests" />
              </properties>
            </test-case>
            <test-case id="1226" name="Online_Ticks" fullname="GDX.Threading.TaskDirectorSystemTests.Online_Ticks" methodname="Online_Ticks" classname="GDX.Threading.TaskDirectorSystemTests" runstate="Runnable" seed="1992070492" result="Passed" start-time="2022-09-04 01:21:44Z" end-time="2022-09-04 01:21:46Z" duration="1.436933" asserts="0">
              <properties>
                <property name="_JOINTYPE" value="UnityCombinatorial" />
                <property name="Category" value="GDX.Tests" />
              </properties>
            </test-case>
            <test-case id="1228" name="SetTickRate_WhileOff_Warning" fullname="GDX.Threading.TaskDirectorSystemTests.SetTickRate_WhileOff_Warning" methodname="SetTickRate_WhileOff_Warning" classname="GDX.Threading.TaskDirectorSystemTests" runstate="Runnable" seed="1821592475" result="Passed" start-time="2022-09-04 01:21:46Z" end-time="2022-09-04 01:21:46Z" duration="0.063766" asserts="0">
              <properties>
                <property name="Category" value="GDX.Tests" />
              </properties>
              <output><![CDATA[Tick rate set whilst TaskDirectorSystem has been configured off.
]]></output>
            </test-case>
            <test-case id="1223" name="Task_Complete_TicksDirector" fullname="GDX.Threading.TaskDirectorSystemTests.Task_Complete_TicksDirector" methodname="Task_Complete_TicksDirector" classname="GDX.Threading.TaskDirectorSystemTests" runstate="Runnable" seed="1319694898" result="Passed" start-time="2022-09-04 01:21:46Z" end-time="2022-09-04 01:21:46Z" duration="0.063732" asserts="0">
              <properties>
                <property name="Category" value="GDX.Tests" />
              </properties>
            </test-case>
            <test-case id="1227" name="Ticks_AtRate" fullname="GDX.Threading.TaskDirectorSystemTests.Ticks_AtRate" methodname="Ticks_AtRate" classname="GDX.Threading.TaskDirectorSystemTests" runstate="Runnable" seed="1157327133" result="Passed" start-time="2022-09-04 01:21:46Z" end-time="2022-09-04 01:21:48Z" duration="2.439341" asserts="0">
              <properties>
                <property name="_JOINTYPE" value="UnityCombinatorial" />
                <property name="Category" value="GDX.Tests" />
              </properties>
            </test-case>
          </test-suite>
          <test-suite type="TestFixture" id="1230" name="TaskDirectorTests" fullname="GDX.Threading.TaskDirectorTests" classname="GDX.Threading.TaskDirectorTests" runstate="Runnable" testcasecount="13" result="Passed" start-time="2022-09-04 01:21:48Z" end-time="2022-09-04 01:21:53Z" duration="4.404306" total="13" passed="13" failed="0" inconclusive="0" skipped="0" asserts="0">
            <properties />
            <test-case id="1233" name="AddLog_Logging_ExpectedCount" fullname="GDX.Threading.TaskDirectorTests.AddLog_Logging_ExpectedCount" methodname="AddLog_Logging_ExpectedCount" classname="GDX.Threading.TaskDirectorTests" runstate="Runnable" seed="245555088" result="Passed" start-time="2022-09-04 01:21:48Z" end-time="2022-09-04 01:21:48Z" duration="0.022061" asserts="0">
              <properties>
                <property name="Category" value="GDX.Tests" />
              </properties>
            </test-case>
            <test-case id="1231" name="AddLog_OnLogAdded_ExpectedCount" fullname="GDX.Threading.TaskDirectorTests.AddLog_OnLogAdded_ExpectedCount" methodname="AddLog_OnLogAdded_ExpectedCount" classname="GDX.Threading.TaskDirectorTests" runstate="Runnable" seed="1217132123" result="Passed" start-time="2022-09-04 01:21:48Z" end-time="2022-09-04 01:21:48Z" duration="0.031518" asserts="0">
              <properties>
                <property name="Category" value="GDX.Tests" />
              </properties>
            </test-case>
            <test-case id="1238" name="BlockingBits_BlocksBits_CompletesCalled" fullname="GDX.Threading.TaskDirectorTests.BlockingBits_BlocksBits_CompletesCalled" methodname="BlockingBits_BlocksBits_CompletesCalled" classname="GDX.Threading.TaskDirectorTests" runstate="Runnable" seed="1881951159" result="Passed" start-time="2022-09-04 01:21:48Z" end-time="2022-09-04 01:21:49Z" duration="0.253398" asserts="0">
              <properties>
                <property name="Category" value="GDX.Tests" />
              </properties>
            </test-case>
            <test-case id="1232" name="BuiltIn_Logging_ExpectedCount" fullname="GDX.Threading.TaskDirectorTests.BuiltIn_Logging_ExpectedCount" methodname="BuiltIn_Logging_ExpectedCount" classname="GDX.Threading.TaskDirectorTests" runstate="Runnable" seed="13889015" result="Passed" start-time="2022-09-04 01:21:49Z" end-time="2022-09-04 01:21:49Z" duration="0.111591" asserts="0">
              <properties>
                <property name="_JOINTYPE" value="UnityCombinatorial" />
                <property name="Category" value="GDX.Tests" />
              </properties>
            </test-case>
            <test-case id="1236" name="ExceptionOccured_Throws_Logs" fullname="GDX.Threading.TaskDirectorTests.ExceptionOccured_Throws_Logs" methodname="ExceptionOccured_Throws_Logs" classname="GDX.Threading.TaskDirectorTests" runstate="Runnable" seed="917476581" result="Passed" start-time="2022-09-04 01:21:49Z" end-time="2022-09-04 01:21:49Z" duration="0.029564" asserts="0">
              <properties>
                <property name="Category" value="GDX.Tests" />
              </properties>
            </test-case>
            <test-case id="1235" name="GetCounts_BlockingName_CorrectCounts" fullname="GDX.Threading.TaskDirectorTests.GetCounts_BlockingName_CorrectCounts" methodname="GetCounts_BlockingName_CorrectCounts" classname="GDX.Threading.TaskDirectorTests" runstate="Runnable" seed="880536759" result="Passed" start-time="2022-09-04 01:21:49Z" end-time="2022-09-04 01:21:49Z" duration="0.380015" asserts="0">
              <properties>
                <property name="Category" value="GDX.Tests" />
              </properties>
            </test-case>
            <test-case id="1239" name="GetStatus_Busy_Content" fullname="GDX.Threading.TaskDirectorTests.GetStatus_Busy_Content" methodname="GetStatus_Busy_Content" classname="GDX.Threading.TaskDirectorTests" runstate="Runnable" seed="1602284693" result="Passed" start-time="2022-09-04 01:21:49Z" end-time="2022-09-04 01:21:49Z" duration="0.123831" asserts="0">
              <properties>
                <property name="Category" value="GDX.Tests" />
              </properties>
            </test-case>
            <test-case id="1241" name="GetStatus_Nothing_ReturnsNull" fullname="GDX.Threading.TaskDirectorTests.GetStatus_Nothing_ReturnsNull" methodname="GetStatus_Nothing_ReturnsNull" classname="GDX.Threading.TaskDirectorTests" runstate="Runnable" seed="1965701309" result="Passed" start-time="2022-09-04 01:21:49Z" end-time="2022-09-04 01:21:49Z" duration="0.000441" asserts="0">
              <properties>
                <property name="Category" value="GDX.Tests" />
              </properties>
            </test-case>
            <test-case id="1240" name="GetStatus_Queued_ReturnsContent" fullname="GDX.Threading.TaskDirectorTests.GetStatus_Queued_ReturnsContent" methodname="GetStatus_Queued_ReturnsContent" classname="GDX.Threading.TaskDirectorTests" runstate="Runnable" seed="1773972026" result="Passed" start-time="2022-09-04 01:21:49Z" end-time="2022-09-04 01:21:49Z" duration="0.141861" asserts="0">
              <properties>
                <property name="Category" value="GDX.Tests" />
              </properties>
            </test-case>
            <test-case id="1237" name="HasTasks_BlockingName_Valid" fullname="GDX.Threading.TaskDirectorTests.HasTasks_BlockingName_Valid" methodname="HasTasks_BlockingName_Valid" classname="GDX.Threading.TaskDirectorTests" runstate="Runnable" seed="1057507437" result="Passed" start-time="2022-09-04 01:21:49Z" end-time="2022-09-04 01:21:50Z" duration="0.233902" asserts="0">
              <properties>
                <property name="Category" value="GDX.Tests" />
              </properties>
            </test-case>
            <test-case id="1242" name="QueueTask_AddAlreadyExecuting_TaskAdded" fullname="GDX.Threading.TaskDirectorTests.QueueTask_AddAlreadyExecuting_TaskAdded" methodname="QueueTask_AddAlreadyExecuting_TaskAdded" classname="GDX.Threading.TaskDirectorTests" runstate="Runnable" seed="1380534468" result="Passed" start-time="2022-09-04 01:21:50Z" end-time="2022-09-04 01:21:51Z" duration="1.003894" asserts="0">
              <properties>
                <property name="Category" value="GDX.Tests" />
              </properties>
            </test-case>
            <test-case id="1243" name="QueueTask_AlreadyQueued_NotQueued" fullname="GDX.Threading.TaskDirectorTests.QueueTask_AlreadyQueued_NotQueued" methodname="QueueTask_AlreadyQueued_NotQueued" classname="GDX.Threading.TaskDirectorTests" runstate="Runnable" seed="1956475434" result="Passed" start-time="2022-09-04 01:21:51Z" end-time="2022-09-04 01:21:52Z" duration="1.021747" asserts="0">
              <properties>
                <property name="Category" value="GDX.Tests" />
              </properties>
            </test-case>
            <test-case id="1234" name="WaitAsync_OnBlockedUserInput_Blocked" fullname="GDX.Threading.TaskDirectorTests.WaitAsync_OnBlockedUserInput_Blocked" methodname="WaitAsync_OnBlockedUserInput_Blocked" classname="GDX.Threading.TaskDirectorTests" runstate="Runnable" seed="1051583195" result="Passed" start-time="2022-09-04 01:21:52Z" end-time="2022-09-04 01:21:53Z" duration="1.043446" asserts="0">
              <properties>
                <property name="_JOINTYPE" value="UnityCombinatorial" />
                <property name="Category" value="GDX.Tests" />
              </properties>
            </test-case>
          </test-suite>
          <test-suite type="TestFixture" id="1244" name="WaitForTests" fullname="GDX.Threading.WaitForTests" classname="GDX.Threading.WaitForTests" runstate="Runnable" testcasecount="2" result="Passed" start-time="2022-09-04 01:21:53Z" end-time="2022-09-04 01:21:55Z" duration="2.061324" total="2" passed="2" failed="0" inconclusive="0" skipped="0" asserts="0">
            <properties />
            <test-case id="1245" name="GetEnumerator_OneSecond_Elapsed" fullname="GDX.Threading.WaitForTests.GetEnumerator_OneSecond_Elapsed" methodname="GetEnumerator_OneSecond_Elapsed" classname="GDX.Threading.WaitForTests" runstate="Runnable" seed="658742584" result="Passed" start-time="2022-09-04 01:21:53Z" end-time="2022-09-04 01:21:54Z" duration="1.013353" asserts="0">
              <properties>
                <property name="_JOINTYPE" value="UnityCombinatorial" />
                <property name="Category" value="GDX.Tests" />
              </properties>
            </test-case>
            <test-case id="1246" name="GetTask_OneSecond_Elapsed" fullname="GDX.Threading.WaitForTests.GetTask_OneSecond_Elapsed" methodname="GetTask_OneSecond_Elapsed" classname="GDX.Threading.WaitForTests" runstate="Runnable" seed="580746974" result="Passed" start-time="2022-09-04 01:21:54Z" end-time="2022-09-04 01:21:55Z" duration="1.044510" asserts="0">
              <properties>
                <property name="_JOINTYPE" value="UnityCombinatorial" />
                <property name="Category" value="GDX.Tests" />
              </properties>
            </test-case>
          </test-suite>
          <test-suite type="TestFixture" id="1247" name="WaitWhileTests" fullname="GDX.Threading.WaitWhileTests" classname="GDX.Threading.WaitWhileTests" runstate="Runnable" testcasecount="2" result="Passed" start-time="2022-09-04 01:21:55Z" end-time="2022-09-04 01:21:55Z" duration="0.101049" total="2" passed="2" failed="0" inconclusive="0" skipped="0" asserts="0">
            <properties />
            <test-case id="1248" name="GetEnumerator_OneSecond_Elapsed" fullname="GDX.Threading.WaitWhileTests.GetEnumerator_OneSecond_Elapsed" methodname="GetEnumerator_OneSecond_Elapsed" classname="GDX.Threading.WaitWhileTests" runstate="Runnable" seed="1870829684" result="Passed" start-time="2022-09-04 01:21:55Z" end-time="2022-09-04 01:21:55Z" duration="0.030532" asserts="0">
              <properties>
                <property name="_JOINTYPE" value="UnityCombinatorial" />
                <property name="Category" value="GDX.Tests" />
              </properties>
            </test-case>
            <test-case id="1249" name="GetTask_LessThanOne" fullname="GDX.Threading.WaitWhileTests.GetTask_LessThanOne" methodname="GetTask_LessThanOne" classname="GDX.Threading.WaitWhileTests" runstate="Runnable" seed="202865941" result="Passed" start-time="2022-09-04 01:21:55Z" end-time="2022-09-04 01:21:55Z" duration="0.067155" asserts="0">
              <properties>
                <property name="_JOINTYPE" value="UnityCombinatorial" />
                <property name="Category" value="GDX.Tests" />
              </properties>
            </test-case>
          </test-suite>
        </test-suite>
        <test-suite type="TestFixture" id="1183" name="TransformExtensionsTests" fullname="GDX.TransformExtensionsTests" classname="GDX.TransformExtensionsTests" runstate="Runnable" testcasecount="5" result="Passed" start-time="2022-09-04 01:21:55Z" end-time="2022-09-04 01:21:55Z" duration="0.006705" total="5" passed="5" failed="0" inconclusive="0" skipped="0" asserts="0">
          <properties />
          <test-case id="1185" name="DestroyChildren_RemoveActiveOnly_OneChildRemaining" fullname="GDX.TransformExtensionsTests.DestroyChildren_RemoveActiveOnly_OneChildRemaining" methodname="DestroyChildren_RemoveActiveOnly_OneChildRemaining" classname="GDX.TransformExtensionsTests" runstate="Runnable" seed="1049774651" result="Passed" start-time="2022-09-04 01:21:55Z" end-time="2022-09-04 01:21:55Z" duration="0.001107" asserts="0">
            <properties>
              <property name="Category" value="GDX.Tests" />
            </properties>
          </test-case>
          <test-case id="1184" name="DestroyChildren_RemoveAll_NoChildren" fullname="GDX.TransformExtensionsTests.DestroyChildren_RemoveAll_NoChildren" methodname="DestroyChildren_RemoveAll_NoChildren" classname="GDX.TransformExtensionsTests" runstate="Runnable" seed="1970893257" result="Passed" start-time="2022-09-04 01:21:55Z" end-time="2022-09-04 01:21:55Z" duration="0.000307" asserts="0">
            <properties>
              <property name="Category" value="GDX.Tests" />
            </properties>
          </test-case>
          <test-case id="1186" name="GetActiveChildrenCount_MockData_AccurateCount" fullname="GDX.TransformExtensionsTests.GetActiveChildrenCount_MockData_AccurateCount" methodname="GetActiveChildrenCount_MockData_AccurateCount" classname="GDX.TransformExtensionsTests" runstate="Runnable" seed="600369490" result="Passed" start-time="2022-09-04 01:21:55Z" end-time="2022-09-04 01:21:55Z" duration="0.000461" asserts="0">
            <properties>
              <property name="Category" value="GDX.Tests" />
            </properties>
          </test-case>
          <test-case id="1187" name="GetFirstComponentInChildrenComplex_MockData_FirstTransform" fullname="GDX.TransformExtensionsTests.GetFirstComponentInChildrenComplex_MockData_FirstTransform" methodname="GetFirstComponentInChildrenComplex_MockData_FirstTransform" classname="GDX.TransformExtensionsTests" runstate="Runnable" seed="107354655" result="Passed" start-time="2022-09-04 01:21:55Z" end-time="2022-09-04 01:21:55Z" duration="0.000518" asserts="0">
            <properties>
              <property name="Category" value="GDX.Tests" />
            </properties>
          </test-case>
          <test-case id="1188" name="GetScenePath_MockData_RootPath" fullname="GDX.TransformExtensionsTests.GetScenePath_MockData_RootPath" methodname="GetScenePath_MockData_RootPath" classname="GDX.TransformExtensionsTests" runstate="Runnable" seed="776551225" result="Passed" start-time="2022-09-04 01:21:55Z" end-time="2022-09-04 01:21:55Z" duration="0.000564" asserts="0">
            <properties>
              <property name="Category" value="GDX.Tests" />
            </properties>
          </test-case>
        </test-suite>
        <test-suite type="TestFixture" id="1189" name="Vector2ExtensionsTests" fullname="GDX.Vector2ExtensionsTests" classname="GDX.Vector2ExtensionsTests" runstate="Runnable" testcasecount="14" result="Passed" start-time="2022-09-04 01:21:55Z" end-time="2022-09-04 01:21:55Z" duration="0.008899" total="14" passed="14" failed="0" inconclusive="0" skipped="0" asserts="0">
          <properties />
          <test-case id="1190" name="Approximately_FiveMillionths_ReturnsFalse" fullname="GDX.Vector2ExtensionsTests.Approximately_FiveMillionths_ReturnsFalse" methodname="Approximately_FiveMillionths_ReturnsFalse" classname="GDX.Vector2ExtensionsTests" runstate="Runnable" seed="1377575725" result="Passed" start-time="2022-09-04 01:21:55Z" end-time="2022-09-04 01:21:55Z" duration="0.000343" asserts="0">
            <properties>
              <property name="Category" value="GDX.Tests" />
            </properties>
          </test-case>
          <test-case id="1191" name="Approximately_One_ReturnsTrue" fullname="GDX.Vector2ExtensionsTests.Approximately_One_ReturnsTrue" methodname="Approximately_One_ReturnsTrue" classname="GDX.Vector2ExtensionsTests" runstate="Runnable" seed="1944917993" result="Passed" start-time="2022-09-04 01:21:55Z" end-time="2022-09-04 01:21:55Z" duration="0.000174" asserts="0">
            <properties>
              <property name="Category" value="GDX.Tests" />
            </properties>
          </test-case>
          <test-case id="1192" name="Approximately_OneMillionth_ReturnsTrue" fullname="GDX.Vector2ExtensionsTests.Approximately_OneMillionth_ReturnsTrue" methodname="Approximately_OneMillionth_ReturnsTrue" classname="GDX.Vector2ExtensionsTests" runstate="Runnable" seed="825284698" result="Passed" start-time="2022-09-04 01:21:55Z" end-time="2022-09-04 01:21:55Z" duration="0.000162" asserts="0">
            <properties>
              <property name="Category" value="GDX.Tests" />
            </properties>
          </test-case>
          <test-case id="1193" name="Approximately_Zero_ReturnsTrue" fullname="GDX.Vector2ExtensionsTests.Approximately_Zero_ReturnsTrue" methodname="Approximately_Zero_ReturnsTrue" classname="GDX.Vector2ExtensionsTests" runstate="Runnable" seed="837538007" result="Passed" start-time="2022-09-04 01:21:55Z" end-time="2022-09-04 01:21:55Z" duration="0.000159" asserts="0">
            <properties>
              <property name="Category" value="GDX.Tests" />
            </properties>
          </test-case>
          <test-case id="1194" name="Midpoint_ZeroAndOne_ReturnsHalf" fullname="GDX.Vector2ExtensionsTests.Midpoint_ZeroAndOne_ReturnsHalf" methodname="Midpoint_ZeroAndOne_ReturnsHalf" classname="GDX.Vector2ExtensionsTests" runstate="Runnable" seed="1214045083" result="Passed" start-time="2022-09-04 01:21:55Z" end-time="2022-09-04 01:21:55Z" duration="0.000259" asserts="0">
            <properties>
              <property name="Category" value="GDX.Tests" />
            </properties>
          </test-case>
          <test-case id="1195" name="NearestIndex_MockData_ReturnsClosest" fullname="GDX.Vector2ExtensionsTests.NearestIndex_MockData_ReturnsClosest" methodname="NearestIndex_MockData_ReturnsClosest" classname="GDX.Vector2ExtensionsTests" runstate="Runnable" seed="485770064" result="Passed" start-time="2022-09-04 01:21:55Z" end-time="2022-09-04 01:21:55Z" duration="0.000441" asserts="0">
            <properties>
              <property name="Category" value="GDX.Tests" />
            </properties>
          </test-case>
          <test-case id="1196" name="NearestIndex_NullInput_ReturnsNegativeOne" fullname="GDX.Vector2ExtensionsTests.NearestIndex_NullInput_ReturnsNegativeOne" methodname="NearestIndex_NullInput_ReturnsNegativeOne" classname="GDX.Vector2ExtensionsTests" runstate="Runnable" seed="1986046795" result="Passed" start-time="2022-09-04 01:21:55Z" end-time="2022-09-04 01:21:55Z" duration="0.000219" asserts="0">
            <properties>
              <property name="Category" value="GDX.Tests" />
            </properties>
          </test-case>
          <test-case id="1198" name="Slope_MockData_ReturnsSlope" fullname="GDX.Vector2ExtensionsTests.Slope_MockData_ReturnsSlope" methodname="Slope_MockData_ReturnsSlope" classname="GDX.Vector2ExtensionsTests" runstate="Runnable" seed="1370501518" result="Passed" start-time="2022-09-04 01:21:55Z" end-time="2022-09-04 01:21:55Z" duration="0.000232" asserts="0">
            <properties>
              <property name="Category" value="GDX.Tests" />
            </properties>
          </test-case>
          <test-case id="1197" name="Slope_ZeroXValue_ReturnsZero" fullname="GDX.Vector2ExtensionsTests.Slope_ZeroXValue_ReturnsZero" methodname="Slope_ZeroXValue_ReturnsZero" classname="GDX.Vector2ExtensionsTests" runstate="Runnable" seed="1747484020" result="Passed" start-time="2022-09-04 01:21:55Z" end-time="2022-09-04 01:21:55Z" duration="0.000157" asserts="0">
            <properties>
              <property name="Category" value="GDX.Tests" />
            </properties>
          </test-case>
          <test-case id="1202" name="TryParseVector2_CharFirstSplit_ReturnsFalse" fullname="GDX.Vector2ExtensionsTests.TryParseVector2_CharFirstSplit_ReturnsFalse" methodname="TryParseVector2_CharFirstSplit_ReturnsFalse" classname="GDX.Vector2ExtensionsTests" runstate="Runnable" seed="88580772" result="Passed" start-time="2022-09-04 01:21:55Z" end-time="2022-09-04 01:21:55Z" duration="0.000396" asserts="0">
            <properties>
              <property name="Category" value="GDX.Tests" />
            </properties>
          </test-case>
          <test-case id="1203" name="TryParseVector2_CharSecondSplit_ReturnsFalse" fullname="GDX.Vector2ExtensionsTests.TryParseVector2_CharSecondSplit_ReturnsFalse" methodname="TryParseVector2_CharSecondSplit_ReturnsFalse" classname="GDX.Vector2ExtensionsTests" runstate="Runnable" seed="920749600" result="Passed" start-time="2022-09-04 01:21:55Z" end-time="2022-09-04 01:21:55Z" duration="0.000192" asserts="0">
            <properties>
              <property name="Category" value="GDX.Tests" />
            </properties>
          </test-case>
          <test-case id="1200" name="TryParseVector2_NoSpaces_ReturnsVector2" fullname="GDX.Vector2ExtensionsTests.TryParseVector2_NoSpaces_ReturnsVector2" methodname="TryParseVector2_NoSpaces_ReturnsVector2" classname="GDX.Vector2ExtensionsTests" runstate="Runnable" seed="1346115961" result="Passed" start-time="2022-09-04 01:21:55Z" end-time="2022-09-04 01:21:55Z" duration="0.000181" asserts="0">
            <properties>
              <property name="Category" value="GDX.Tests" />
            </properties>
          </test-case>
          <test-case id="1199" name="TryParseVector2_NoSplit_ReturnsFalse" fullname="GDX.Vector2ExtensionsTests.TryParseVector2_NoSplit_ReturnsFalse" methodname="TryParseVector2_NoSplit_ReturnsFalse" classname="GDX.Vector2ExtensionsTests" runstate="Runnable" seed="1270010461" result="Passed" start-time="2022-09-04 01:21:55Z" end-time="2022-09-04 01:21:55Z" duration="0.000168" asserts="0">
            <properties>
              <property name="Category" value="GDX.Tests" />
            </properties>
          </test-case>
          <test-case id="1201" name="TryParseVector2_SpacedValues_ReturnsVector2" fullname="GDX.Vector2ExtensionsTests.TryParseVector2_SpacedValues_ReturnsVector2" methodname="TryParseVector2_SpacedValues_ReturnsVector2" classname="GDX.Vector2ExtensionsTests" runstate="Runnable" seed="736407206" result="Passed" start-time="2022-09-04 01:21:55Z" end-time="2022-09-04 01:21:55Z" duration="0.000174" asserts="0">
            <properties>
              <property name="Category" value="GDX.Tests" />
            </properties>
          </test-case>
        </test-suite>
        <test-suite type="TestFixture" id="1204" name="Vector3ExtensionsTests" fullname="GDX.Vector3ExtensionsTests" classname="GDX.Vector3ExtensionsTests" runstate="Runnable" testcasecount="17" result="Passed" start-time="2022-09-04 01:21:55Z" end-time="2022-09-04 01:21:55Z" duration="0.010713" total="17" passed="17" failed="0" inconclusive="0" skipped="0" asserts="0">
          <properties />
          <test-case id="1205" name="Approximately_FiveMillionths_ReturnsFalse" fullname="GDX.Vector3ExtensionsTests.Approximately_FiveMillionths_ReturnsFalse" methodname="Approximately_FiveMillionths_ReturnsFalse" classname="GDX.Vector3ExtensionsTests" runstate="Runnable" seed="1188301450" result="Passed" start-time="2022-09-04 01:21:55Z" end-time="2022-09-04 01:21:55Z" duration="0.000215" asserts="0">
            <properties>
              <property name="Category" value="GDX.Tests" />
            </properties>
          </test-case>
          <test-case id="1206" name="Approximately_One_ReturnsTrue" fullname="GDX.Vector3ExtensionsTests.Approximately_One_ReturnsTrue" methodname="Approximately_One_ReturnsTrue" classname="GDX.Vector3ExtensionsTests" runstate="Runnable" seed="989553770" result="Passed" start-time="2022-09-04 01:21:55Z" end-time="2022-09-04 01:21:55Z" duration="0.000176" asserts="0">
            <properties>
              <property name="Category" value="GDX.Tests" />
            </properties>
          </test-case>
          <test-case id="1207" name="Approximately_OneMillionth_ReturnsTrue" fullname="GDX.Vector3ExtensionsTests.Approximately_OneMillionth_ReturnsTrue" methodname="Approximately_OneMillionth_ReturnsTrue" classname="GDX.Vector3ExtensionsTests" runstate="Runnable" seed="1659675008" result="Passed" start-time="2022-09-04 01:21:55Z" end-time="2022-09-04 01:21:55Z" duration="0.000169" asserts="0">
            <properties>
              <property name="Category" value="GDX.Tests" />
            </properties>
          </test-case>
          <test-case id="1208" name="Approximately_Zero_ReturnsTrue" fullname="GDX.Vector3ExtensionsTests.Approximately_Zero_ReturnsTrue" methodname="Approximately_Zero_ReturnsTrue" classname="GDX.Vector3ExtensionsTests" runstate="Runnable" seed="105669253" result="Passed" start-time="2022-09-04 01:21:55Z" end-time="2022-09-04 01:21:55Z" duration="0.000167" asserts="0">
            <properties>
              <property name="Category" value="GDX.Tests" />
            </properties>
          </test-case>
          <test-case id="1209" name="DistanceSqr_MockData_ReturnsSame" fullname="GDX.Vector3ExtensionsTests.DistanceSqr_MockData_ReturnsSame" methodname="DistanceSqr_MockData_ReturnsSame" classname="GDX.Vector3ExtensionsTests" runstate="Runnable" seed="1272250359" result="Passed" start-time="2022-09-04 01:21:55Z" end-time="2022-09-04 01:21:55Z" duration="0.000353" asserts="0">
            <properties>
              <property name="Category" value="GDX.Tests" />
            </properties>
          </test-case>
          <test-case id="1210" name="DistanceToRay_MockData_ReturnsAccurate" fullname="GDX.Vector3ExtensionsTests.DistanceToRay_MockData_ReturnsAccurate" methodname="DistanceToRay_MockData_ReturnsAccurate" classname="GDX.Vector3ExtensionsTests" runstate="Runnable" seed="848893946" result="Passed" start-time="2022-09-04 01:21:55Z" end-time="2022-09-04 01:21:55Z" duration="0.000915" asserts="0">
            <properties>
              <property name="Category" value="GDX.Tests" />
            </properties>
          </test-case>
          <test-case id="1211" name="HorizontalDistance_MockData_ReturnsAccurate" fullname="GDX.Vector3ExtensionsTests.HorizontalDistance_MockData_ReturnsAccurate" methodname="HorizontalDistance_MockData_ReturnsAccurate" classname="GDX.Vector3ExtensionsTests" runstate="Runnable" seed="1469521171" result="Passed" start-time="2022-09-04 01:21:55Z" end-time="2022-09-04 01:21:55Z" duration="0.000302" asserts="0">
            <properties>
              <property name="Category" value="GDX.Tests" />
            </properties>
          </test-case>
          <test-case id="1212" name="Midpoint_ZeroAndOne_ReturnsHalf" fullname="GDX.Vector3ExtensionsTests.Midpoint_ZeroAndOne_ReturnsHalf" methodname="Midpoint_ZeroAndOne_ReturnsHalf" classname="GDX.Vector3ExtensionsTests" runstate="Runnable" seed="2026572740" result="Passed" start-time="2022-09-04 01:21:55Z" end-time="2022-09-04 01:21:55Z" duration="0.000269" asserts="0">
            <properties>
              <property name="Category" value="GDX.Tests" />
            </properties>
          </test-case>
          <test-case id="1213" name="NearestIndex_MockData_ReturnsClosest" fullname="GDX.Vector3ExtensionsTests.NearestIndex_MockData_ReturnsClosest" methodname="NearestIndex_MockData_ReturnsClosest" classname="GDX.Vector3ExtensionsTests" runstate="Runnable" seed="405194861" result="Passed" start-time="2022-09-04 01:21:55Z" end-time="2022-09-04 01:21:55Z" duration="0.000447" asserts="0">
            <properties>
              <property name="Category" value="GDX.Tests" />
            </properties>
          </test-case>
          <test-case id="1214" name="NearestIndex_NullInput_ReturnsNegativeOne" fullname="GDX.Vector3ExtensionsTests.NearestIndex_NullInput_ReturnsNegativeOne" methodname="NearestIndex_NullInput_ReturnsNegativeOne" classname="GDX.Vector3ExtensionsTests" runstate="Runnable" seed="1453256090" result="Passed" start-time="2022-09-04 01:21:55Z" end-time="2022-09-04 01:21:55Z" duration="0.000233" asserts="0">
            <properties>
              <property name="Category" value="GDX.Tests" />
            </properties>
          </test-case>
          <test-case id="1217" name="TryParseVector3_CharFirstSplit_ReturnsFalse" fullname="GDX.Vector3ExtensionsTests.TryParseVector3_CharFirstSplit_ReturnsFalse" methodname="TryParseVector3_CharFirstSplit_ReturnsFalse" classname="GDX.Vector3ExtensionsTests" runstate="Runnable" seed="2129006545" result="Passed" start-time="2022-09-04 01:21:55Z" end-time="2022-09-04 01:21:55Z" duration="0.000372" asserts="0">
            <properties>
              <property name="Category" value="GDX.Tests" />
            </properties>
          </test-case>
          <test-case id="1218" name="TryParseVector3_CharSecondSplit_ReturnsFalse" fullname="GDX.Vector3ExtensionsTests.TryParseVector3_CharSecondSplit_ReturnsFalse" methodname="TryParseVector3_CharSecondSplit_ReturnsFalse" classname="GDX.Vector3ExtensionsTests" runstate="Runnable" seed="1871789584" result="Passed" start-time="2022-09-04 01:21:55Z" end-time="2022-09-04 01:21:55Z" duration="0.000184" asserts="0">
            <properties>
              <property name="Category" value="GDX.Tests" />
            </properties>
          </test-case>
          <test-case id="1219" name="TryParseVector3_CharThirdSplit_ReturnsFalse" fullname="GDX.Vector3ExtensionsTests.TryParseVector3_CharThirdSplit_ReturnsFalse" methodname="TryParseVector3_CharThirdSplit_ReturnsFalse" classname="GDX.Vector3ExtensionsTests" runstate="Runnable" seed="1057902737" result="Passed" start-time="2022-09-04 01:21:55Z" end-time="2022-09-04 01:21:55Z" duration="0.000176" asserts="0">
            <properties>
              <property name="Category" value="GDX.Tests" />
            </properties>
          </test-case>
          <test-case id="1216" name="TryParseVector3_NoSecondSplit_ReturnsFalse" fullname="GDX.Vector3ExtensionsTests.TryParseVector3_NoSecondSplit_ReturnsFalse" methodname="TryParseVector3_NoSecondSplit_ReturnsFalse" classname="GDX.Vector3ExtensionsTests" runstate="Runnable" seed="839775413" result="Passed" start-time="2022-09-04 01:21:55Z" end-time="2022-09-04 01:21:55Z" duration="0.000170" asserts="0">
            <properties>
              <property name="Category" value="GDX.Tests" />
            </properties>
          </test-case>
          <test-case id="1220" name="TryParseVector3_NoSpaces_ReturnsVector3" fullname="GDX.Vector3ExtensionsTests.TryParseVector3_NoSpaces_ReturnsVector3" methodname="TryParseVector3_NoSpaces_ReturnsVector3" classname="GDX.Vector3ExtensionsTests" runstate="Runnable" seed="245852619" result="Passed" start-time="2022-09-04 01:21:55Z" end-time="2022-09-04 01:21:55Z" duration="0.000182" asserts="0">
            <properties>
              <property name="Category" value="GDX.Tests" />
            </properties>
          </test-case>
          <test-case id="1215" name="TryParseVector3_NoSplit_ReturnsVector2Zero" fullname="GDX.Vector3ExtensionsTests.TryParseVector3_NoSplit_ReturnsVector2Zero" methodname="TryParseVector3_NoSplit_ReturnsVector2Zero" classname="GDX.Vector3ExtensionsTests" runstate="Runnable" seed="1838410494" result="Passed" start-time="2022-09-04 01:21:55Z" end-time="2022-09-04 01:21:55Z" duration="0.000165" asserts="0">
            <properties>
              <property name="Category" value="GDX.Tests" />
            </properties>
          </test-case>
          <test-case id="1221" name="TryParseVector3_SpacedValues_ReturnsVector3" fullname="GDX.Vector3ExtensionsTests.TryParseVector3_SpacedValues_ReturnsVector3" methodname="TryParseVector3_SpacedValues_ReturnsVector3" classname="GDX.Vector3ExtensionsTests" runstate="Runnable" seed="1683474641" result="Passed" start-time="2022-09-04 01:21:55Z" end-time="2022-09-04 01:21:55Z" duration="0.000172" asserts="0">
            <properties>
              <property name="Category" value="GDX.Tests" />
            </properties>
            <output><![CDATA[Executing cleanup for: Unity.PerformanceTesting.Editor.TestRunBuilder
]]></output>
          </test-case>
        </test-suite>
      </test-suite>
    </test-suite>
  </test-suite>
</test-run>