<?xml version="1.0" encoding="utf-8"?>
<test-run id="2" testcasecount="676" result="Skipped:Ignored" total="676" passed="674" failed="0" inconclusive="0" skipped="2" asserts="0" engine-version="3.5.0.0" clr-version="4.0.30319.42000" start-time="2023-05-24 20:15:34Z" end-time="2023-05-24 20:30:11Z" duration="876.9313999">
  <test-suite type="TestSuite" id="1000" name="GDX" fullname="GDX" runstate="Runnable" testcasecount="680" result="Skipped" label="Ignored" start-time="2023-05-24 20:15:34Z" end-time="2023-05-24 20:30:11Z" duration="876.931400" total="676" passed="674" failed="0" inconclusive="0" skipped="2" asserts="0">
    <properties />
    <reason>
      <message><![CDATA[One or more child tests were ignored]]></message>
    </reason>
    <test-suite type="Assembly" id="1020" name="GDX.Editor.Tests.EditMode.dll" fullname="D:/BuildAgent/work/GDX-Documentation/Projects/GDX_Development/Library/ScriptAssemblies/GDX.Editor.Tests.EditMode.dll" runstate="Runnable" testcasecount="11" result="Passed" start-time="2023-05-24 20:15:35Z" end-time="2023-05-24 20:15:42Z" duration="7.529573" total="11" passed="11" failed="0" inconclusive="0" skipped="0" asserts="0">
      <properties>
        <property name="_PID" value="21432" />
        <property name="_APPDOMAIN" value="Unity Child Domain" />
        <property name="platform" value="EditMode" />
      </properties>
      <test-suite type="TestSuite" id="1021" name="GDX" fullname="GDX" runstate="Runnable" testcasecount="11" result="Passed" start-time="2023-05-24 20:15:35Z" end-time="2023-05-24 20:15:42Z" duration="7.524690" total="11" passed="11" failed="0" inconclusive="0" skipped="0" asserts="0">
        <properties />
        <test-suite type="TestSuite" id="1022" name="Editor" fullname="GDX.Editor" runstate="Runnable" testcasecount="11" result="Passed" start-time="2023-05-24 20:15:35Z" end-time="2023-05-24 20:15:42Z" duration="7.523104" total="11" passed="11" failed="0" inconclusive="0" skipped="0" asserts="0">
          <properties />
          <test-suite type="TestFixture" id="1004" name="AutomationTests" fullname="GDX.Editor.AutomationTests" classname="GDX.Editor.AutomationTests" runstate="Runnable" testcasecount="6" result="Passed" start-time="2023-05-24 20:15:35Z" end-time="2023-05-24 20:15:35Z" duration="0.010105" total="6" passed="6" failed="0" inconclusive="0" skipped="0" asserts="0">
            <properties />
            <test-case id="1005" name="CaptureEditorWindow_SceneView_ReturnsTexture" fullname="GDX.Editor.AutomationTests.CaptureEditorWindow_SceneView_ReturnsTexture" methodname="CaptureEditorWindow_SceneView_ReturnsTexture" classname="GDX.Editor.AutomationTests" runstate="Runnable" seed="1139871172" result="Passed" start-time="2023-05-24 20:15:10Z" end-time="2023-05-24 20:15:11Z" duration="0.716222" asserts="0">
              <properties>
                <property name="Category" value="GDX.Tests" />
              </properties>
              <output><![CDATA[[Code Coverage] Code Coverage results for visited sequence points were saved in D:/BuildAgent/work/GDX-Documentation/Staging/CodeCoverage/GDX_Development-opencov/EditMode/TestCoverageResults_0001.xml
[Code Coverage] Code Coverage requires Burst Compilation to be disabled in order to obtain accurate coverage information. To disable Burst Compilation uncheck Jobs > Burst > Enable Compilation or pass '--burst-disable-compilation' to the command line in batchmode.
]]></output>
            </test-case>
            <test-case id="1010" name="CaptureEditorWindow_SceneView_SameTexture" fullname="GDX.Editor.AutomationTests.CaptureEditorWindow_SceneView_SameTexture" methodname="CaptureEditorWindow_SceneView_SameTexture" classname="GDX.Editor.AutomationTests" runstate="Runnable" seed="240220004" result="Passed" start-time="2023-05-24 20:15:12Z" end-time="2023-05-24 20:15:13Z" duration="1.567777" asserts="0">
              <properties>
                <property name="_JOINTYPE" value="UnityCombinatorial" />
                <property name="Category" value="GDX.Tests" />
              </properties>
              <output><![CDATA[[Code Coverage] Code Coverage results for visited sequence points were saved in D:/BuildAgent/work/GDX-Documentation/Staging/CodeCoverage/GDX_Development-opencov/EditMode/TestCoverageResults_0002.xml
[Code Coverage] Code Coverage requires Burst Compilation to be disabled in order to obtain accurate coverage information. To disable Burst Compilation uncheck Jobs > Burst > Enable Compilation or pass '--burst-disable-compilation' to the command line in batchmode.
]]></output>
            </test-case>
            <test-case id="1006" name="CaptureEditorWindowToPNG_SceneView_OutputsImage" fullname="GDX.Editor.AutomationTests.CaptureEditorWindowToPNG_SceneView_OutputsImage" methodname="CaptureEditorWindowToPNG_SceneView_OutputsImage" classname="GDX.Editor.AutomationTests" runstate="Runnable" seed="1646921146" result="Passed" start-time="2023-05-24 20:15:15Z" end-time="2023-05-24 20:15:15Z" duration="0.140211" asserts="0">
              <properties>
                <property name="Category" value="GDX.Tests" />
              </properties>
              <output><![CDATA[[Code Coverage] Code Coverage results for visited sequence points were saved in D:/BuildAgent/work/GDX-Documentation/Staging/CodeCoverage/GDX_Development-opencov/EditMode/TestCoverageResults_0003.xml
[Code Coverage] Code Coverage requires Burst Compilation to be disabled in order to obtain accurate coverage information. To disable Burst Compilation uncheck Jobs > Burst > Enable Compilation or pass '--burst-disable-compilation' to the command line in batchmode.
]]></output>
            </test-case>
            <test-case id="1007" name="CaptureFocusedEditorWindow_ReturnsTexture" fullname="GDX.Editor.AutomationTests.CaptureFocusedEditorWindow_ReturnsTexture" methodname="CaptureFocusedEditorWindow_ReturnsTexture" classname="GDX.Editor.AutomationTests" runstate="Runnable" seed="572634845" result="Passed" start-time="2023-05-24 20:15:16Z" end-time="2023-05-24 20:15:16Z" duration="0.053989" asserts="0">
              <properties>
                <property name="Category" value="GDX.Tests" />
              </properties>
              <output><![CDATA[[Code Coverage] Code Coverage results for visited sequence points were saved in D:/BuildAgent/work/GDX-Documentation/Staging/CodeCoverage/GDX_Development-opencov/EditMode/TestCoverageResults_0004.xml
[Code Coverage] Code Coverage requires Burst Compilation to be disabled in order to obtain accurate coverage information. To disable Burst Compilation uncheck Jobs > Burst > Enable Compilation or pass '--burst-disable-compilation' to the command line in batchmode.
]]></output>
            </test-case>
            <test-case id="1008" name="CaptureFocusedEditorWindowToPNG_OutputsImage" fullname="GDX.Editor.AutomationTests.CaptureFocusedEditorWindowToPNG_OutputsImage" methodname="CaptureFocusedEditorWindowToPNG_OutputsImage" classname="GDX.Editor.AutomationTests" runstate="Runnable" seed="312346210" result="Passed" start-time="2023-05-24 20:15:17Z" end-time="2023-05-24 20:15:17Z" duration="0.056424" asserts="0">
              <properties>
                <property name="Category" value="GDX.Tests" />
              </properties>
              <output><![CDATA[[Code Coverage] Code Coverage results for visited sequence points were saved in D:/BuildAgent/work/GDX-Documentation/Staging/CodeCoverage/GDX_Development-opencov/EditMode/TestCoverageResults_0005.xml
[Code Coverage] Code Coverage requires Burst Compilation to be disabled in order to obtain accurate coverage information. To disable Burst Compilation uncheck Jobs > Burst > Enable Compilation or pass '--burst-disable-compilation' to the command line in batchmode.
]]></output>
            </test-case>
            <test-case id="1009" name="GetWindow_SceneView_NotNull" fullname="GDX.Editor.AutomationTests.GetWindow_SceneView_NotNull" methodname="GetWindow_SceneView_NotNull" classname="GDX.Editor.AutomationTests" runstate="Runnable" seed="2122742610" result="Passed" start-time="2023-05-24 20:15:18Z" end-time="2023-05-24 20:15:18Z" duration="0.066857" asserts="0">
              <properties>
                <property name="Category" value="GDX.Tests" />
              </properties>
              <output><![CDATA[[Code Coverage] Code Coverage results for visited sequence points were saved in D:/BuildAgent/work/GDX-Documentation/Staging/CodeCoverage/GDX_Development-opencov/EditMode/TestCoverageResults_0006.xml
[Code Coverage] Code Coverage requires Burst Compilation to be disabled in order to obtain accurate coverage information. To disable Burst Compilation uncheck Jobs > Burst > Enable Compilation or pass '--burst-disable-compilation' to the command line in batchmode.
]]></output>
            </test-case>
          </test-suite>
          <test-suite type="TestSuite" id="1023" name="Build" fullname="GDX.Editor.Build" runstate="Runnable" testcasecount="1" result="Passed" start-time="2023-05-24 20:15:35Z" end-time="2023-05-24 20:15:35Z" duration="0.000627" total="1" passed="1" failed="0" inconclusive="0" skipped="0" asserts="0">
            <properties />
            <test-suite type="TestFixture" id="1018" name="BuildInfoProviderTests" fullname="GDX.Editor.Build.BuildInfoProviderTests" classname="GDX.Editor.Build.BuildInfoProviderTests" runstate="Runnable" testcasecount="1" result="Passed" start-time="2023-05-24 20:15:35Z" end-time="2023-05-24 20:15:35Z" duration="0.000341" total="1" passed="1" failed="0" inconclusive="0" skipped="0" asserts="0">
              <properties />
              <test-case id="1019" name="GetContent_ForceDefaults_ReturnsDefaultContent" fullname="GDX.Editor.Build.BuildInfoProviderTests.GetContent_ForceDefaults_ReturnsDefaultContent" methodname="GetContent_ForceDefaults_ReturnsDefaultContent" classname="GDX.Editor.Build.BuildInfoProviderTests" runstate="Runnable" seed="605573804" result="Passed" start-time="2023-05-24 20:15:20Z" end-time="2023-05-24 20:15:20Z" duration="0.001134" asserts="0">
                <properties>
                  <property name="Category" value="GDX.Tests" />
                </properties>
                <output><![CDATA[[Code Coverage] Code Coverage results for visited sequence points were saved in D:/BuildAgent/work/GDX-Documentation/Staging/CodeCoverage/GDX_Development-opencov/EditMode/TestCoverageResults_0007.xml
[Code Coverage] Code Coverage requires Burst Compilation to be disabled in order to obtain accurate coverage information. To disable Burst Compilation uncheck Jobs > Burst > Enable Compilation or pass '--burst-disable-compilation' to the command line in batchmode.
]]></output>
              </test-case>
            </test-suite>
          </test-suite>
          <test-suite type="TestFixture" id="1011" name="DomainReloadTests" fullname="GDX.Editor.DomainReloadTests" classname="GDX.Editor.DomainReloadTests" runstate="Runnable" testcasecount="2" result="Passed" start-time="2023-05-24 20:15:35Z" end-time="2023-05-24 20:15:38Z" duration="2.933241" total="2" passed="2" failed="0" inconclusive="0" skipped="0" asserts="0">
            <properties />
            <test-case id="1013" name="Recompile_JobsLeakDetection_NoUnexpectedMessages" fullname="GDX.Editor.DomainReloadTests.Recompile_JobsLeakDetection_NoUnexpectedMessages" methodname="Recompile_JobsLeakDetection_NoUnexpectedMessages" classname="GDX.Editor.DomainReloadTests" runstate="Runnable" seed="128901470" result="Passed" start-time="2023-05-24 20:15:35Z" end-time="2023-05-24 20:15:35Z" duration="0.007422" asserts="0">
              <properties>
                <property name="_JOINTYPE" value="UnityCombinatorial" />
                <property name="Category" value="GDX.Tests" />
              </properties>
              <reason>
                <message><![CDATA[]]></message>
              </reason>
              <output><![CDATA[[Code Coverage] Code Coverage results for visited sequence points were saved in D:/BuildAgent/work/GDX-Documentation/Staging/CodeCoverage/GDX_Development-opencov/EditMode/TestCoverageResults_0010.xml
[Code Coverage] Code Coverage requires Burst Compilation to be disabled in order to obtain accurate coverage information. To disable Burst Compilation uncheck Jobs > Burst > Enable Compilation or pass '--burst-disable-compilation' to the command line in batchmode.
]]></output>
            </test-case>
            <test-case id="1012" name="Recompile_NoLeakDetection_NoUnexpectedMessages" fullname="GDX.Editor.DomainReloadTests.Recompile_NoLeakDetection_NoUnexpectedMessages" methodname="Recompile_NoLeakDetection_NoUnexpectedMessages" classname="GDX.Editor.DomainReloadTests" runstate="Runnable" seed="445886032" result="Passed" start-time="2023-05-24 20:15:21Z" end-time="2023-05-24 20:15:36Z" duration="15.659266" asserts="0">
              <properties>
                <property name="_JOINTYPE" value="UnityCombinatorial" />
                <property name="Category" value="GDX.Tests" />
              </properties>
              <output><![CDATA[[Code Coverage] Code Coverage results for visited sequence points were saved in D:/BuildAgent/work/GDX-Documentation/Staging/CodeCoverage/GDX_Development-opencov/EditMode/TestCoverageResults_0011.xml
[Code Coverage] Code Coverage requires Burst Compilation to be disabled in order to obtain accurate coverage information. To disable Burst Compilation uncheck Jobs > Burst > Enable Compilation or pass '--burst-disable-compilation' to the command line in batchmode.
]]></output>
            </test-case>
          </test-suite>
          <test-suite type="TestFixture" id="1014" name="EditorTaskDirectorTests" fullname="GDX.Editor.EditorTaskDirectorTests" classname="GDX.Editor.EditorTaskDirectorTests" runstate="Runnable" testcasecount="1" result="Passed" start-time="2023-05-24 20:15:38Z" end-time="2023-05-24 20:15:41Z" duration="3.344601" total="1" passed="1" failed="0" inconclusive="0" skipped="0" asserts="0">
            <properties />
            <test-case id="1015" name="SetTickRate_QueuesOnLessThanZero_BusyWhenSet" fullname="GDX.Editor.EditorTaskDirectorTests.SetTickRate_QueuesOnLessThanZero_BusyWhenSet" methodname="SetTickRate_QueuesOnLessThanZero_BusyWhenSet" classname="GDX.Editor.EditorTaskDirectorTests" runstate="Runnable" seed="666530304" result="Passed" start-time="2023-05-24 20:15:38Z" end-time="2023-05-24 20:15:40Z" duration="2.124805" asserts="0">
              <properties>
                <property name="_JOINTYPE" value="UnityCombinatorial" />
                <property name="Category" value="GDX.Tests" />
              </properties>
              <output><![CDATA[[Code Coverage] Code Coverage results for visited sequence points were saved in D:/BuildAgent/work/GDX-Documentation/Staging/CodeCoverage/GDX_Development-opencov/EditMode/TestCoverageResults_0012.xml
[Code Coverage] Code Coverage requires Burst Compilation to be disabled in order to obtain accurate coverage information. To disable Burst Compilation uncheck Jobs > Burst > Enable Compilation or pass '--burst-disable-compilation' to the command line in batchmode.
]]></output>
            </test-case>
          </test-suite>
          <test-suite type="TestFixture" id="1016" name="PackageProviderTests" fullname="GDX.Editor.PackageProviderTests" classname="GDX.Editor.PackageProviderTests" runstate="Runnable" testcasecount="1" result="Passed" start-time="2023-05-24 20:15:41Z" end-time="2023-05-24 20:15:42Z" duration="1.220015" total="1" passed="1" failed="0" inconclusive="0" skipped="0" asserts="0">
            <properties />
            <test-case id="1017" name="Get_DefaultPackage_NotNull" fullname="GDX.Editor.PackageProviderTests.Get_DefaultPackage_NotNull" methodname="Get_DefaultPackage_NotNull" classname="GDX.Editor.PackageProviderTests" runstate="Runnable" seed="1108860844" result="Passed" start-time="2023-05-24 20:15:41Z" end-time="2023-05-24 20:15:41Z" duration="0.002502" asserts="0">
              <properties>
                <property name="Category" value="GDX.Tests" />
              </properties>
              <output><![CDATA[[Code Coverage] Code Coverage results for visited sequence points were saved in D:/BuildAgent/work/GDX-Documentation/Staging/CodeCoverage/GDX_Development-opencov/EditMode/TestCoverageResults_0013.xml
[Code Coverage] Code Coverage requires Burst Compilation to be disabled in order to obtain accurate coverage information. To disable Burst Compilation uncheck Jobs > Burst > Enable Compilation or pass '--burst-disable-compilation' to the command line in batchmode.
]]></output>
            </test-case>
          </test-suite>
        </test-suite>
      </test-suite>
    </test-suite>
    <test-suite type="Assembly" id="1747" name="GDX.Tests.EditMode.dll" fullname="D:/BuildAgent/work/GDX-Documentation/Projects/GDX_Development/Library/ScriptAssemblies/GDX.Tests.EditMode.dll" runstate="Runnable" testcasecount="669" result="Skipped" label="Ignored" start-time="2023-05-24 20:15:42Z" end-time="2023-05-24 20:30:11Z" duration="868.831971" total="665" passed="663" failed="0" inconclusive="0" skipped="2" asserts="0">
      <properties>
        <property name="_PID" value="21432" />
        <property name="_APPDOMAIN" value="Unity Child Domain" />
        <property name="platform" value="EditMode" />
      </properties>
      <reason>
        <message><![CDATA[One or more child tests were ignored]]></message>
      </reason>
      <test-suite type="TestSuite" id="1748" name="GDX" fullname="GDX" runstate="Runnable" testcasecount="669" result="Skipped" label="Ignored" start-time="2023-05-24 20:15:42Z" end-time="2023-05-24 20:30:11Z" duration="868.821092" total="665" passed="663" failed="0" inconclusive="0" skipped="2" asserts="0">
        <properties />
        <reason>
          <message><![CDATA[One or more child tests were ignored]]></message>
        </reason>
        <test-suite type="TestFixture" id="1024" name="Array2DExtensionsTests" fullname="GDX.Array2DExtensionsTests" classname="GDX.Array2DExtensionsTests" runstate="Runnable" testcasecount="1" result="Passed" start-time="2023-05-24 20:15:42Z" end-time="2023-05-24 20:15:44Z" duration="1.222811" total="1" passed="1" failed="0" inconclusive="0" skipped="0" asserts="0">
          <properties />
          <test-case id="1025" name="Scale_MockFloatData_ScaledData" fullname="GDX.Array2DExtensionsTests.Scale_MockFloatData_ScaledData" methodname="Scale_MockFloatData_ScaledData" classname="GDX.Array2DExtensionsTests" runstate="Runnable" seed="2011369089" result="Passed" start-time="2023-05-24 20:15:42Z" end-time="2023-05-24 20:15:42Z" duration="0.000869" asserts="0">
            <properties>
              <property name="Category" value="GDX.Tests" />
            </properties>
            <output><![CDATA[[Code Coverage] Code Coverage results for visited sequence points were saved in D:/BuildAgent/work/GDX-Documentation/Staging/CodeCoverage/GDX_Development-opencov/EditMode/TestCoverageResults_0014.xml
[Code Coverage] Code Coverage requires Burst Compilation to be disabled in order to obtain accurate coverage information. To disable Burst Compilation uncheck Jobs > Burst > Enable Compilation or pass '--burst-disable-compilation' to the command line in batchmode.
]]></output>
          </test-case>
        </test-suite>
        <test-suite type="TestFixture" id="1026" name="ArrayExtensionsTests" fullname="GDX.ArrayExtensionsTests" classname="GDX.ArrayExtensionsTests" runstate="Runnable" testcasecount="15" result="Passed" start-time="2023-05-24 20:15:44Z" end-time="2023-05-24 20:16:02Z" duration="18.533924" total="15" passed="15" failed="0" inconclusive="0" skipped="0" asserts="0">
          <properties />
          <test-case id="1027" name="Clear_MockData_HasDefaultValues" fullname="GDX.ArrayExtensionsTests.Clear_MockData_HasDefaultValues" methodname="Clear_MockData_HasDefaultValues" classname="GDX.ArrayExtensionsTests" runstate="Runnable" seed="752446689" result="Passed" start-time="2023-05-24 20:15:44Z" end-time="2023-05-24 20:15:44Z" duration="0.000419" asserts="0">
            <properties>
              <property name="Category" value="GDX.Tests" />
            </properties>
            <output><![CDATA[[Code Coverage] Code Coverage results for visited sequence points were saved in D:/BuildAgent/work/GDX-Documentation/Staging/CodeCoverage/GDX_Development-opencov/EditMode/TestCoverageResults_0015.xml
[Code Coverage] Code Coverage requires Burst Compilation to be disabled in order to obtain accurate coverage information. To disable Burst Compilation uncheck Jobs > Burst > Enable Compilation or pass '--burst-disable-compilation' to the command line in batchmode.
]]></output>
          </test-case>
          <test-case id="1028" name="ContainsItem_MockData_HasValue" fullname="GDX.ArrayExtensionsTests.ContainsItem_MockData_HasValue" methodname="ContainsItem_MockData_HasValue" classname="GDX.ArrayExtensionsTests" runstate="Runnable" seed="1407322518" result="Passed" start-time="2023-05-24 20:15:45Z" end-time="2023-05-24 20:15:45Z" duration="0.000387" asserts="0">
            <properties>
              <property name="Category" value="GDX.Tests" />
            </properties>
            <output><![CDATA[[Code Coverage] Code Coverage results for visited sequence points were saved in D:/BuildAgent/work/GDX-Documentation/Staging/CodeCoverage/GDX_Development-opencov/EditMode/TestCoverageResults_0016.xml
[Code Coverage] Code Coverage requires Burst Compilation to be disabled in order to obtain accurate coverage information. To disable Burst Compilation uncheck Jobs > Burst > Enable Compilation or pass '--burst-disable-compilation' to the command line in batchmode.
]]></output>
          </test-case>
          <test-case id="1029" name="ContainsItem_MockData_NoValue" fullname="GDX.ArrayExtensionsTests.ContainsItem_MockData_NoValue" methodname="ContainsItem_MockData_NoValue" classname="GDX.ArrayExtensionsTests" runstate="Runnable" seed="1083738020" result="Passed" start-time="2023-05-24 20:15:46Z" end-time="2023-05-24 20:15:46Z" duration="0.000548" asserts="0">
            <properties>
              <property name="Category" value="GDX.Tests" />
            </properties>
            <output><![CDATA[[Code Coverage] Code Coverage results for visited sequence points were saved in D:/BuildAgent/work/GDX-Documentation/Staging/CodeCoverage/GDX_Development-opencov/EditMode/TestCoverageResults_0017.xml
[Code Coverage] Code Coverage requires Burst Compilation to be disabled in order to obtain accurate coverage information. To disable Burst Compilation uncheck Jobs > Burst > Enable Compilation or pass '--burst-disable-compilation' to the command line in batchmode.
]]></output>
          </test-case>
          <test-case id="1030" name="ContainsReference_MockData_HasReference" fullname="GDX.ArrayExtensionsTests.ContainsReference_MockData_HasReference" methodname="ContainsReference_MockData_HasReference" classname="GDX.ArrayExtensionsTests" runstate="Runnable" seed="1799535281" result="Passed" start-time="2023-05-24 20:15:47Z" end-time="2023-05-24 20:15:47Z" duration="0.000355" asserts="0">
            <properties>
              <property name="Category" value="GDX.Tests" />
            </properties>
            <output><![CDATA[[Code Coverage] Code Coverage results for visited sequence points were saved in D:/BuildAgent/work/GDX-Documentation/Staging/CodeCoverage/GDX_Development-opencov/EditMode/TestCoverageResults_0018.xml
[Code Coverage] Code Coverage requires Burst Compilation to be disabled in order to obtain accurate coverage information. To disable Burst Compilation uncheck Jobs > Burst > Enable Compilation or pass '--burst-disable-compilation' to the command line in batchmode.
]]></output>
          </test-case>
          <test-case id="1031" name="ContainsReference_MockData_NoReference" fullname="GDX.ArrayExtensionsTests.ContainsReference_MockData_NoReference" methodname="ContainsReference_MockData_NoReference" classname="GDX.ArrayExtensionsTests" runstate="Runnable" seed="418730648" result="Passed" start-time="2023-05-24 20:15:48Z" end-time="2023-05-24 20:15:48Z" duration="0.000277" asserts="0">
            <properties>
              <property name="Category" value="GDX.Tests" />
            </properties>
            <output><![CDATA[[Code Coverage] Code Coverage results for visited sequence points were saved in D:/BuildAgent/work/GDX-Documentation/Staging/CodeCoverage/GDX_Development-opencov/EditMode/TestCoverageResults_0019.xml
[Code Coverage] Code Coverage requires Burst Compilation to be disabled in order to obtain accurate coverage information. To disable Burst Compilation uncheck Jobs > Burst > Enable Compilation or pass '--burst-disable-compilation' to the command line in batchmode.
]]></output>
          </test-case>
          <test-case id="1032" name="ContainsValue_MockData_HasValue" fullname="GDX.ArrayExtensionsTests.ContainsValue_MockData_HasValue" methodname="ContainsValue_MockData_HasValue" classname="GDX.ArrayExtensionsTests" runstate="Runnable" seed="1862039142" result="Passed" start-time="2023-05-24 20:15:50Z" end-time="2023-05-24 20:15:50Z" duration="0.000360" asserts="0">
            <properties>
              <property name="Category" value="GDX.Tests" />
            </properties>
            <output><![CDATA[[Code Coverage] Code Coverage results for visited sequence points were saved in D:/BuildAgent/work/GDX-Documentation/Staging/CodeCoverage/GDX_Development-opencov/EditMode/TestCoverageResults_0020.xml
[Code Coverage] Code Coverage requires Burst Compilation to be disabled in order to obtain accurate coverage information. To disable Burst Compilation uncheck Jobs > Burst > Enable Compilation or pass '--burst-disable-compilation' to the command line in batchmode.
]]></output>
          </test-case>
          <test-case id="1033" name="ContainsValue_MockData_NoValue" fullname="GDX.ArrayExtensionsTests.ContainsValue_MockData_NoValue" methodname="ContainsValue_MockData_NoValue" classname="GDX.ArrayExtensionsTests" runstate="Runnable" seed="733121440" result="Passed" start-time="2023-05-24 20:15:51Z" end-time="2023-05-24 20:15:51Z" duration="0.000251" asserts="0">
            <properties>
              <property name="Category" value="GDX.Tests" />
            </properties>
            <output><![CDATA[[Code Coverage] Code Coverage results for visited sequence points were saved in D:/BuildAgent/work/GDX-Documentation/Staging/CodeCoverage/GDX_Development-opencov/EditMode/TestCoverageResults_0021.xml
[Code Coverage] Code Coverage requires Burst Compilation to be disabled in order to obtain accurate coverage information. To disable Burst Compilation uncheck Jobs > Burst > Enable Compilation or pass '--burst-disable-compilation' to the command line in batchmode.
]]></output>
          </test-case>
          <test-case id="1034" name="FirstIndexOfItem_MockDataObject_ReturnsIndex" fullname="GDX.ArrayExtensionsTests.FirstIndexOfItem_MockDataObject_ReturnsIndex" methodname="FirstIndexOfItem_MockDataObject_ReturnsIndex" classname="GDX.ArrayExtensionsTests" runstate="Runnable" seed="1356741930" result="Passed" start-time="2023-05-24 20:15:52Z" end-time="2023-05-24 20:15:52Z" duration="0.000375" asserts="0">
            <properties>
              <property name="Category" value="GDX.Tests" />
            </properties>
            <output><![CDATA[[Code Coverage] Code Coverage results for visited sequence points were saved in D:/BuildAgent/work/GDX-Documentation/Staging/CodeCoverage/GDX_Development-opencov/EditMode/TestCoverageResults_0022.xml
[Code Coverage] Code Coverage requires Burst Compilation to be disabled in order to obtain accurate coverage information. To disable Burst Compilation uncheck Jobs > Burst > Enable Compilation or pass '--burst-disable-compilation' to the command line in batchmode.
]]></output>
          </test-case>
          <test-case id="1035" name="FirstIndexOfItem_NoMockDataObject_ReturnsIndex" fullname="GDX.ArrayExtensionsTests.FirstIndexOfItem_NoMockDataObject_ReturnsIndex" methodname="FirstIndexOfItem_NoMockDataObject_ReturnsIndex" classname="GDX.ArrayExtensionsTests" runstate="Runnable" seed="1678282100" result="Passed" start-time="2023-05-24 20:15:53Z" end-time="2023-05-24 20:15:53Z" duration="0.000296" asserts="0">
            <properties>
              <property name="Category" value="GDX.Tests" />
            </properties>
            <output><![CDATA[[Code Coverage] Code Coverage results for visited sequence points were saved in D:/BuildAgent/work/GDX-Documentation/Staging/CodeCoverage/GDX_Development-opencov/EditMode/TestCoverageResults_0023.xml
[Code Coverage] Code Coverage requires Burst Compilation to be disabled in order to obtain accurate coverage information. To disable Burst Compilation uncheck Jobs > Burst > Enable Compilation or pass '--burst-disable-compilation' to the command line in batchmode.
]]></output>
          </test-case>
          <test-case id="1036" name="FirstIndexOfValue_MockDataValue_ReturnsIndex" fullname="GDX.ArrayExtensionsTests.FirstIndexOfValue_MockDataValue_ReturnsIndex" methodname="FirstIndexOfValue_MockDataValue_ReturnsIndex" classname="GDX.ArrayExtensionsTests" runstate="Runnable" seed="159241747" result="Passed" start-time="2023-05-24 20:15:55Z" end-time="2023-05-24 20:15:55Z" duration="0.000370" asserts="0">
            <properties>
              <property name="Category" value="GDX.Tests" />
            </properties>
            <output><![CDATA[[Code Coverage] Code Coverage results for visited sequence points were saved in D:/BuildAgent/work/GDX-Documentation/Staging/CodeCoverage/GDX_Development-opencov/EditMode/TestCoverageResults_0024.xml
[Code Coverage] Code Coverage requires Burst Compilation to be disabled in order to obtain accurate coverage information. To disable Burst Compilation uncheck Jobs > Burst > Enable Compilation or pass '--burst-disable-compilation' to the command line in batchmode.
]]></output>
          </test-case>
          <test-case id="1037" name="FirstIndexOfValue_NoMockDataValue_ReturnsNegativeOne" fullname="GDX.ArrayExtensionsTests.FirstIndexOfValue_NoMockDataValue_ReturnsNegativeOne" methodname="FirstIndexOfValue_NoMockDataValue_ReturnsNegativeOne" classname="GDX.ArrayExtensionsTests" runstate="Runnable" seed="1945032476" result="Passed" start-time="2023-05-24 20:15:56Z" end-time="2023-05-24 20:15:56Z" duration="0.000277" asserts="0">
            <properties>
              <property name="Category" value="GDX.Tests" />
            </properties>
            <output><![CDATA[[Code Coverage] Code Coverage results for visited sequence points were saved in D:/BuildAgent/work/GDX-Documentation/Staging/CodeCoverage/GDX_Development-opencov/EditMode/TestCoverageResults_0025.xml
[Code Coverage] Code Coverage requires Burst Compilation to be disabled in order to obtain accurate coverage information. To disable Burst Compilation uncheck Jobs > Burst > Enable Compilation or pass '--burst-disable-compilation' to the command line in batchmode.
]]></output>
          </test-case>
          <test-case id="1038" name="LastIndexOfItem_MockDataObject_ReturnsIndex" fullname="GDX.ArrayExtensionsTests.LastIndexOfItem_MockDataObject_ReturnsIndex" methodname="LastIndexOfItem_MockDataObject_ReturnsIndex" classname="GDX.ArrayExtensionsTests" runstate="Runnable" seed="454101241" result="Passed" start-time="2023-05-24 20:15:57Z" end-time="2023-05-24 20:15:57Z" duration="0.000385" asserts="0">
            <properties>
              <property name="Category" value="GDX.Tests" />
            </properties>
            <output><![CDATA[[Code Coverage] Code Coverage results for visited sequence points were saved in D:/BuildAgent/work/GDX-Documentation/Staging/CodeCoverage/GDX_Development-opencov/EditMode/TestCoverageResults_0026.xml
[Code Coverage] Code Coverage requires Burst Compilation to be disabled in order to obtain accurate coverage information. To disable Burst Compilation uncheck Jobs > Burst > Enable Compilation or pass '--burst-disable-compilation' to the command line in batchmode.
]]></output>
          </test-case>
          <test-case id="1039" name="LastIndexOfItem_NoMockDataObject_ReturnsNegativeOne" fullname="GDX.ArrayExtensionsTests.LastIndexOfItem_NoMockDataObject_ReturnsNegativeOne" methodname="LastIndexOfItem_NoMockDataObject_ReturnsNegativeOne" classname="GDX.ArrayExtensionsTests" runstate="Runnable" seed="1848129576" result="Passed" start-time="2023-05-24 20:15:58Z" end-time="2023-05-24 20:15:58Z" duration="0.000332" asserts="0">
            <properties>
              <property name="Category" value="GDX.Tests" />
            </properties>
            <output><![CDATA[[Code Coverage] Code Coverage results for visited sequence points were saved in D:/BuildAgent/work/GDX-Documentation/Staging/CodeCoverage/GDX_Development-opencov/EditMode/TestCoverageResults_0027.xml
[Code Coverage] Code Coverage requires Burst Compilation to be disabled in order to obtain accurate coverage information. To disable Burst Compilation uncheck Jobs > Burst > Enable Compilation or pass '--burst-disable-compilation' to the command line in batchmode.
]]></output>
          </test-case>
          <test-case id="1040" name="LastIndexOfValue_MockDataValue_ReturnsIndex" fullname="GDX.ArrayExtensionsTests.LastIndexOfValue_MockDataValue_ReturnsIndex" methodname="LastIndexOfValue_MockDataValue_ReturnsIndex" classname="GDX.ArrayExtensionsTests" runstate="Runnable" seed="234974110" result="Passed" start-time="2023-05-24 20:16:00Z" end-time="2023-05-24 20:16:00Z" duration="0.000373" asserts="0">
            <properties>
              <property name="Category" value="GDX.Tests" />
            </properties>
            <output><![CDATA[[Code Coverage] Code Coverage results for visited sequence points were saved in D:/BuildAgent/work/GDX-Documentation/Staging/CodeCoverage/GDX_Development-opencov/EditMode/TestCoverageResults_0028.xml
[Code Coverage] Code Coverage requires Burst Compilation to be disabled in order to obtain accurate coverage information. To disable Burst Compilation uncheck Jobs > Burst > Enable Compilation or pass '--burst-disable-compilation' to the command line in batchmode.
]]></output>
          </test-case>
          <test-case id="1041" name="LastIndexOfValue_NoMockDataValue_ReturnsNegativeOne" fullname="GDX.ArrayExtensionsTests.LastIndexOfValue_NoMockDataValue_ReturnsNegativeOne" methodname="LastIndexOfValue_NoMockDataValue_ReturnsNegativeOne" classname="GDX.ArrayExtensionsTests" runstate="Runnable" seed="1072172250" result="Passed" start-time="2023-05-24 20:16:01Z" end-time="2023-05-24 20:16:01Z" duration="0.000268" asserts="0">
            <properties>
              <property name="Category" value="GDX.Tests" />
            </properties>
            <output><![CDATA[[Code Coverage] Code Coverage results for visited sequence points were saved in D:/BuildAgent/work/GDX-Documentation/Staging/CodeCoverage/GDX_Development-opencov/EditMode/TestCoverageResults_0029.xml
[Code Coverage] Code Coverage requires Burst Compilation to be disabled in order to obtain accurate coverage information. To disable Burst Compilation uncheck Jobs > Burst > Enable Compilation or pass '--burst-disable-compilation' to the command line in batchmode.
]]></output>
          </test-case>
        </test-suite>
        <test-suite type="TestFixture" id="1042" name="ByteExtensionsTests" fullname="GDX.ByteExtensionsTests" classname="GDX.ByteExtensionsTests" runstate="Runnable" testcasecount="6" result="Passed" start-time="2023-05-24 20:16:02Z" end-time="2023-05-24 20:16:10Z" duration="7.505474" total="6" passed="6" failed="0" inconclusive="0" skipped="0" asserts="0">
          <properties />
          <test-case id="1043" name="GetStableHashCode_MockData_ReturnsValidCode" fullname="GDX.ByteExtensionsTests.GetStableHashCode_MockData_ReturnsValidCode" methodname="GetStableHashCode_MockData_ReturnsValidCode" classname="GDX.ByteExtensionsTests" runstate="Runnable" seed="1312433305" result="Passed" start-time="2023-05-24 20:16:02Z" end-time="2023-05-24 20:16:02Z" duration="0.000411" asserts="0">
            <properties>
              <property name="Category" value="GDX.Tests" />
            </properties>
            <output><![CDATA[[Code Coverage] Code Coverage results for visited sequence points were saved in D:/BuildAgent/work/GDX-Documentation/Staging/CodeCoverage/GDX_Development-opencov/EditMode/TestCoverageResults_0030.xml
[Code Coverage] Code Coverage requires Burst Compilation to be disabled in order to obtain accurate coverage information. To disable Burst Compilation uncheck Jobs > Burst > Enable Compilation or pass '--burst-disable-compilation' to the command line in batchmode.
]]></output>
          </test-case>
          <test-case id="1045" name="IsSame_DifferentData_ReturnsFalse" fullname="GDX.ByteExtensionsTests.IsSame_DifferentData_ReturnsFalse" methodname="IsSame_DifferentData_ReturnsFalse" classname="GDX.ByteExtensionsTests" runstate="Runnable" seed="156862511" result="Passed" start-time="2023-05-24 20:16:03Z" end-time="2023-05-24 20:16:03Z" duration="0.000516" asserts="0">
            <properties>
              <property name="Category" value="GDX.Tests" />
            </properties>
            <output><![CDATA[[Code Coverage] Code Coverage results for visited sequence points were saved in D:/BuildAgent/work/GDX-Documentation/Staging/CodeCoverage/GDX_Development-opencov/EditMode/TestCoverageResults_0031.xml
[Code Coverage] Code Coverage requires Burst Compilation to be disabled in order to obtain accurate coverage information. To disable Burst Compilation uncheck Jobs > Burst > Enable Compilation or pass '--burst-disable-compilation' to the command line in batchmode.
]]></output>
          </test-case>
          <test-case id="1048" name="IsSame_DifferentLengths_ReturnsFalse" fullname="GDX.ByteExtensionsTests.IsSame_DifferentLengths_ReturnsFalse" methodname="IsSame_DifferentLengths_ReturnsFalse" classname="GDX.ByteExtensionsTests" runstate="Runnable" seed="1360319482" result="Passed" start-time="2023-05-24 20:16:05Z" end-time="2023-05-24 20:16:05Z" duration="0.000258" asserts="0">
            <properties>
              <property name="Category" value="GDX.Tests" />
            </properties>
            <output><![CDATA[[Code Coverage] Code Coverage results for visited sequence points were saved in D:/BuildAgent/work/GDX-Documentation/Staging/CodeCoverage/GDX_Development-opencov/EditMode/TestCoverageResults_0032.xml
[Code Coverage] Code Coverage requires Burst Compilation to be disabled in order to obtain accurate coverage information. To disable Burst Compilation uncheck Jobs > Burst > Enable Compilation or pass '--burst-disable-compilation' to the command line in batchmode.
]]></output>
          </test-case>
          <test-case id="1046" name="IsSame_NullLeftHandSide_ReturnsFalse" fullname="GDX.ByteExtensionsTests.IsSame_NullLeftHandSide_ReturnsFalse" methodname="IsSame_NullLeftHandSide_ReturnsFalse" classname="GDX.ByteExtensionsTests" runstate="Runnable" seed="1666265438" result="Passed" start-time="2023-05-24 20:16:06Z" end-time="2023-05-24 20:16:06Z" duration="0.000243" asserts="0">
            <properties>
              <property name="Category" value="GDX.Tests" />
            </properties>
            <output><![CDATA[[Code Coverage] Code Coverage results for visited sequence points were saved in D:/BuildAgent/work/GDX-Documentation/Staging/CodeCoverage/GDX_Development-opencov/EditMode/TestCoverageResults_0033.xml
[Code Coverage] Code Coverage requires Burst Compilation to be disabled in order to obtain accurate coverage information. To disable Burst Compilation uncheck Jobs > Burst > Enable Compilation or pass '--burst-disable-compilation' to the command line in batchmode.
]]></output>
          </test-case>
          <test-case id="1047" name="IsSame_NullRightHandSide_ReturnsFalse" fullname="GDX.ByteExtensionsTests.IsSame_NullRightHandSide_ReturnsFalse" methodname="IsSame_NullRightHandSide_ReturnsFalse" classname="GDX.ByteExtensionsTests" runstate="Runnable" seed="234175816" result="Passed" start-time="2023-05-24 20:16:07Z" end-time="2023-05-24 20:16:07Z" duration="0.000239" asserts="0">
            <properties>
              <property name="Category" value="GDX.Tests" />
            </properties>
            <output><![CDATA[[Code Coverage] Code Coverage results for visited sequence points were saved in D:/BuildAgent/work/GDX-Documentation/Staging/CodeCoverage/GDX_Development-opencov/EditMode/TestCoverageResults_0034.xml
[Code Coverage] Code Coverage requires Burst Compilation to be disabled in order to obtain accurate coverage information. To disable Burst Compilation uncheck Jobs > Burst > Enable Compilation or pass '--burst-disable-compilation' to the command line in batchmode.
]]></output>
          </test-case>
          <test-case id="1044" name="IsSame_SameData_ReturnsTrue" fullname="GDX.ByteExtensionsTests.IsSame_SameData_ReturnsTrue" methodname="IsSame_SameData_ReturnsTrue" classname="GDX.ByteExtensionsTests" runstate="Runnable" seed="443278051" result="Passed" start-time="2023-05-24 20:16:08Z" end-time="2023-05-24 20:16:08Z" duration="0.000244" asserts="0">
            <properties>
              <property name="Category" value="GDX.Tests" />
            </properties>
            <output><![CDATA[[Code Coverage] Code Coverage results for visited sequence points were saved in D:/BuildAgent/work/GDX-Documentation/Staging/CodeCoverage/GDX_Development-opencov/EditMode/TestCoverageResults_0035.xml
[Code Coverage] Code Coverage requires Burst Compilation to be disabled in order to obtain accurate coverage information. To disable Burst Compilation uncheck Jobs > Burst > Enable Compilation or pass '--burst-disable-compilation' to the command line in batchmode.
]]></output>
          </test-case>
        </test-suite>
        <test-suite type="TestSuite" id="1759" name="Collections" fullname="GDX.Collections" runstate="Runnable" testcasecount="307" result="Passed" start-time="2023-05-24 20:16:10Z" end-time="2023-05-24 20:22:26Z" duration="376.540856" total="307" passed="307" failed="0" inconclusive="0" skipped="0" asserts="0">
          <properties />
          <test-suite type="TestSuite" id="1761" name="Generic" fullname="GDX.Collections.Generic" runstate="Runnable" testcasecount="293" result="Passed" start-time="2023-05-24 20:16:10Z" end-time="2023-05-24 20:22:09Z" duration="359.490716" total="293" passed="293" failed="0" inconclusive="0" skipped="0" asserts="0">
            <properties />
            <test-suite type="TestFixture" id="1448" name="Array2DTests" fullname="GDX.Collections.Generic.Array2DTests" classname="GDX.Collections.Generic.Array2DTests" runstate="Runnable" testcasecount="11" result="Passed" start-time="2023-05-24 20:16:10Z" end-time="2023-05-24 20:16:23Z" duration="13.875923" total="11" passed="11" failed="0" inconclusive="0" skipped="0" asserts="0">
              <properties />
              <test-case id="1449" name="AddColumns_MockData_ArrayResized" fullname="GDX.Collections.Generic.Array2DTests.AddColumns_MockData_ArrayResized" methodname="AddColumns_MockData_ArrayResized" classname="GDX.Collections.Generic.Array2DTests" runstate="Runnable" seed="385657240" result="Passed" start-time="2023-05-24 20:16:10Z" end-time="2023-05-24 20:16:10Z" duration="0.004182" asserts="0">
                <properties>
                  <property name="Category" value="GDX.Tests" />
                </properties>
                <output><![CDATA[[Code Coverage] Code Coverage results for visited sequence points were saved in D:/BuildAgent/work/GDX-Documentation/Staging/CodeCoverage/GDX_Development-opencov/EditMode/TestCoverageResults_0036.xml
[Code Coverage] Code Coverage requires Burst Compilation to be disabled in order to obtain accurate coverage information. To disable Burst Compilation uncheck Jobs > Burst > Enable Compilation or pass '--burst-disable-compilation' to the command line in batchmode.
]]></output>
              </test-case>
              <test-case id="1450" name="AddRows_MockData_ArrayResized" fullname="GDX.Collections.Generic.Array2DTests.AddRows_MockData_ArrayResized" methodname="AddRows_MockData_ArrayResized" classname="GDX.Collections.Generic.Array2DTests" runstate="Runnable" seed="1664064955" result="Passed" start-time="2023-05-24 20:16:11Z" end-time="2023-05-24 20:16:11Z" duration="0.000482" asserts="0">
                <properties>
                  <property name="Category" value="GDX.Tests" />
                </properties>
                <output><![CDATA[[Code Coverage] Code Coverage results for visited sequence points were saved in D:/BuildAgent/work/GDX-Documentation/Staging/CodeCoverage/GDX_Development-opencov/EditMode/TestCoverageResults_0037.xml
[Code Coverage] Code Coverage requires Burst Compilation to be disabled in order to obtain accurate coverage information. To disable Burst Compilation uncheck Jobs > Burst > Enable Compilation or pass '--burst-disable-compilation' to the command line in batchmode.
]]></output>
              </test-case>
              <test-case id="1451" name="GetColumnIndex_MockData_ReturnsIndex" fullname="GDX.Collections.Generic.Array2DTests.GetColumnIndex_MockData_ReturnsIndex" methodname="GetColumnIndex_MockData_ReturnsIndex" classname="GDX.Collections.Generic.Array2DTests" runstate="Runnable" seed="1039739476" result="Passed" start-time="2023-05-24 20:16:12Z" end-time="2023-05-24 20:16:12Z" duration="0.000404" asserts="0">
                <properties>
                  <property name="Category" value="GDX.Tests" />
                </properties>
                <output><![CDATA[[Code Coverage] Code Coverage results for visited sequence points were saved in D:/BuildAgent/work/GDX-Documentation/Staging/CodeCoverage/GDX_Development-opencov/EditMode/TestCoverageResults_0038.xml
[Code Coverage] Code Coverage requires Burst Compilation to be disabled in order to obtain accurate coverage information. To disable Burst Compilation uncheck Jobs > Burst > Enable Compilation or pass '--burst-disable-compilation' to the command line in batchmode.
]]></output>
              </test-case>
              <test-case id="1452" name="GetRowIndex_MockData_ReturnsIndex" fullname="GDX.Collections.Generic.Array2DTests.GetRowIndex_MockData_ReturnsIndex" methodname="GetRowIndex_MockData_ReturnsIndex" classname="GDX.Collections.Generic.Array2DTests" runstate="Runnable" seed="182835208" result="Passed" start-time="2023-05-24 20:16:13Z" end-time="2023-05-24 20:16:13Z" duration="0.000373" asserts="0">
                <properties>
                  <property name="Category" value="GDX.Tests" />
                </properties>
                <output><![CDATA[[Code Coverage] Code Coverage results for visited sequence points were saved in D:/BuildAgent/work/GDX-Documentation/Staging/CodeCoverage/GDX_Development-opencov/EditMode/TestCoverageResults_0039.xml
[Code Coverage] Code Coverage requires Burst Compilation to be disabled in order to obtain accurate coverage information. To disable Burst Compilation uncheck Jobs > Burst > Enable Compilation or pass '--burst-disable-compilation' to the command line in batchmode.
]]></output>
              </test-case>
              <test-case id="1453" name="ReverseColumns_MockDataEven_ValuesReversed" fullname="GDX.Collections.Generic.Array2DTests.ReverseColumns_MockDataEven_ValuesReversed" methodname="ReverseColumns_MockDataEven_ValuesReversed" classname="GDX.Collections.Generic.Array2DTests" runstate="Runnable" seed="1622516674" result="Passed" start-time="2023-05-24 20:16:14Z" end-time="2023-05-24 20:16:14Z" duration="0.000566" asserts="0">
                <properties>
                  <property name="Category" value="GDX.Tests" />
                </properties>
                <output><![CDATA[[Code Coverage] Code Coverage results for visited sequence points were saved in D:/BuildAgent/work/GDX-Documentation/Staging/CodeCoverage/GDX_Development-opencov/EditMode/TestCoverageResults_0040.xml
[Code Coverage] Code Coverage requires Burst Compilation to be disabled in order to obtain accurate coverage information. To disable Burst Compilation uncheck Jobs > Burst > Enable Compilation or pass '--burst-disable-compilation' to the command line in batchmode.
]]></output>
              </test-case>
              <test-case id="1454" name="ReverseColumns_MockDataOdd_ValuesReversed" fullname="GDX.Collections.Generic.Array2DTests.ReverseColumns_MockDataOdd_ValuesReversed" methodname="ReverseColumns_MockDataOdd_ValuesReversed" classname="GDX.Collections.Generic.Array2DTests" runstate="Runnable" seed="1669541864" result="Passed" start-time="2023-05-24 20:16:16Z" end-time="2023-05-24 20:16:16Z" duration="0.000383" asserts="0">
                <properties>
                  <property name="Category" value="GDX.Tests" />
                </properties>
                <output><![CDATA[[Code Coverage] Code Coverage results for visited sequence points were saved in D:/BuildAgent/work/GDX-Documentation/Staging/CodeCoverage/GDX_Development-opencov/EditMode/TestCoverageResults_0041.xml
[Code Coverage] Code Coverage requires Burst Compilation to be disabled in order to obtain accurate coverage information. To disable Burst Compilation uncheck Jobs > Burst > Enable Compilation or pass '--burst-disable-compilation' to the command line in batchmode.
]]></output>
              </test-case>
              <test-case id="1455" name="ReverseRows_MockDataEven_ValuesReversed" fullname="GDX.Collections.Generic.Array2DTests.ReverseRows_MockDataEven_ValuesReversed" methodname="ReverseRows_MockDataEven_ValuesReversed" classname="GDX.Collections.Generic.Array2DTests" runstate="Runnable" seed="1784021207" result="Passed" start-time="2023-05-24 20:16:17Z" end-time="2023-05-24 20:16:17Z" duration="0.000458" asserts="0">
                <properties>
                  <property name="Category" value="GDX.Tests" />
                </properties>
                <output><![CDATA[[Code Coverage] Code Coverage results for visited sequence points were saved in D:/BuildAgent/work/GDX-Documentation/Staging/CodeCoverage/GDX_Development-opencov/EditMode/TestCoverageResults_0042.xml
[Code Coverage] Code Coverage requires Burst Compilation to be disabled in order to obtain accurate coverage information. To disable Burst Compilation uncheck Jobs > Burst > Enable Compilation or pass '--burst-disable-compilation' to the command line in batchmode.
]]></output>
              </test-case>
              <test-case id="1456" name="ReverseRows_MockDataOdd_ValuesReversed" fullname="GDX.Collections.Generic.Array2DTests.ReverseRows_MockDataOdd_ValuesReversed" methodname="ReverseRows_MockDataOdd_ValuesReversed" classname="GDX.Collections.Generic.Array2DTests" runstate="Runnable" seed="573127505" result="Passed" start-time="2023-05-24 20:16:18Z" end-time="2023-05-24 20:16:18Z" duration="0.000325" asserts="0">
                <properties>
                  <property name="Category" value="GDX.Tests" />
                </properties>
                <output><![CDATA[[Code Coverage] Code Coverage results for visited sequence points were saved in D:/BuildAgent/work/GDX-Documentation/Staging/CodeCoverage/GDX_Development-opencov/EditMode/TestCoverageResults_0043.xml
[Code Coverage] Code Coverage requires Burst Compilation to be disabled in order to obtain accurate coverage information. To disable Burst Compilation uncheck Jobs > Burst > Enable Compilation or pass '--burst-disable-compilation' to the command line in batchmode.
]]></output>
              </test-case>
              <test-case id="1457" name="RotateClockwise_MockDataOdd_ValuesRotated" fullname="GDX.Collections.Generic.Array2DTests.RotateClockwise_MockDataOdd_ValuesRotated" methodname="RotateClockwise_MockDataOdd_ValuesRotated" classname="GDX.Collections.Generic.Array2DTests" runstate="Runnable" seed="1413369565" result="Passed" start-time="2023-05-24 20:16:19Z" end-time="2023-05-24 20:16:19Z" duration="0.000685" asserts="0">
                <properties>
                  <property name="Category" value="GDX.Tests" />
                </properties>
                <output><![CDATA[[Code Coverage] Code Coverage results for visited sequence points were saved in D:/BuildAgent/work/GDX-Documentation/Staging/CodeCoverage/GDX_Development-opencov/EditMode/TestCoverageResults_0044.xml
[Code Coverage] Code Coverage requires Burst Compilation to be disabled in order to obtain accurate coverage information. To disable Burst Compilation uncheck Jobs > Burst > Enable Compilation or pass '--burst-disable-compilation' to the command line in batchmode.
]]></output>
              </test-case>
              <test-case id="1458" name="RotateCounterClockwise_MockDataOdd_ValuesRotated" fullname="GDX.Collections.Generic.Array2DTests.RotateCounterClockwise_MockDataOdd_ValuesRotated" methodname="RotateCounterClockwise_MockDataOdd_ValuesRotated" classname="GDX.Collections.Generic.Array2DTests" runstate="Runnable" seed="514468561" result="Passed" start-time="2023-05-24 20:16:21Z" end-time="2023-05-24 20:16:21Z" duration="0.000512" asserts="0">
                <properties>
                  <property name="Category" value="GDX.Tests" />
                </properties>
                <output><![CDATA[[Code Coverage] Code Coverage results for visited sequence points were saved in D:/BuildAgent/work/GDX-Documentation/Staging/CodeCoverage/GDX_Development-opencov/EditMode/TestCoverageResults_0045.xml
[Code Coverage] Code Coverage requires Burst Compilation to be disabled in order to obtain accurate coverage information. To disable Burst Compilation uncheck Jobs > Burst > Enable Compilation or pass '--burst-disable-compilation' to the command line in batchmode.
]]></output>
              </test-case>
              <test-case id="1459" name="ToMultiDimensionalArray_MockData_MatchingValues" fullname="GDX.Collections.Generic.Array2DTests.ToMultiDimensionalArray_MockData_MatchingValues" methodname="ToMultiDimensionalArray_MockData_MatchingValues" classname="GDX.Collections.Generic.Array2DTests" runstate="Runnable" seed="388988378" result="Passed" start-time="2023-05-24 20:16:22Z" end-time="2023-05-24 20:16:22Z" duration="0.000678" asserts="0">
                <properties>
                  <property name="Category" value="GDX.Tests" />
                </properties>
                <output><![CDATA[[Code Coverage] Code Coverage results for visited sequence points were saved in D:/BuildAgent/work/GDX-Documentation/Staging/CodeCoverage/GDX_Development-opencov/EditMode/TestCoverageResults_0046.xml
[Code Coverage] Code Coverage requires Burst Compilation to be disabled in order to obtain accurate coverage information. To disable Burst Compilation uncheck Jobs > Burst > Enable Compilation or pass '--burst-disable-compilation' to the command line in batchmode.
]]></output>
              </test-case>
            </test-suite>
            <test-suite type="TestFixture" id="1460" name="Array3DTests" fullname="GDX.Collections.Generic.Array3DTests" classname="GDX.Collections.Generic.Array3DTests" runstate="Runnable" testcasecount="10" result="Passed" start-time="2023-05-24 20:16:23Z" end-time="2023-05-24 20:16:36Z" duration="12.414974" total="10" passed="10" failed="0" inconclusive="0" skipped="0" asserts="0">
              <properties />
              <test-case id="1461" name="Constructor_CorrectSizes" fullname="GDX.Collections.Generic.Array3DTests.Constructor_CorrectSizes" methodname="Constructor_CorrectSizes" classname="GDX.Collections.Generic.Array3DTests" runstate="Runnable" seed="774684710" result="Passed" start-time="2023-05-24 20:16:23Z" end-time="2023-05-24 20:16:23Z" duration="0.000866" asserts="0">
                <properties>
                  <property name="Category" value="GDX.Tests" />
                </properties>
                <output><![CDATA[[Code Coverage] Code Coverage results for visited sequence points were saved in D:/BuildAgent/work/GDX-Documentation/Staging/CodeCoverage/GDX_Development-opencov/EditMode/TestCoverageResults_0047.xml
[Code Coverage] Code Coverage requires Burst Compilation to be disabled in order to obtain accurate coverage information. To disable Burst Compilation uncheck Jobs > Burst > Enable Compilation or pass '--burst-disable-compilation' to the command line in batchmode.
]]></output>
              </test-case>
              <test-case id="1462" name="GetByIndex_LastSpot_ValidEntry" fullname="GDX.Collections.Generic.Array3DTests.GetByIndex_LastSpot_ValidEntry" methodname="GetByIndex_LastSpot_ValidEntry" classname="GDX.Collections.Generic.Array3DTests" runstate="Runnable" seed="508070904" result="Passed" start-time="2023-05-24 20:16:25Z" end-time="2023-05-24 20:16:25Z" duration="0.000368" asserts="0">
                <properties>
                  <property name="Category" value="GDX.Tests" />
                </properties>
                <output><![CDATA[[Code Coverage] Code Coverage results for visited sequence points were saved in D:/BuildAgent/work/GDX-Documentation/Staging/CodeCoverage/GDX_Development-opencov/EditMode/TestCoverageResults_0048.xml
[Code Coverage] Code Coverage requires Burst Compilation to be disabled in order to obtain accurate coverage information. To disable Burst Compilation uncheck Jobs > Burst > Enable Compilation or pass '--burst-disable-compilation' to the command line in batchmode.
]]></output>
              </test-case>
              <test-case id="1464" name="GetByInt3_LastSpot_ValidEntry" fullname="GDX.Collections.Generic.Array3DTests.GetByInt3_LastSpot_ValidEntry" methodname="GetByInt3_LastSpot_ValidEntry" classname="GDX.Collections.Generic.Array3DTests" runstate="Runnable" seed="1859770935" result="Passed" start-time="2023-05-24 20:16:26Z" end-time="2023-05-24 20:16:26Z" duration="0.000574" asserts="0">
                <properties>
                  <property name="Category" value="GDX.Tests" />
                </properties>
                <output><![CDATA[[Code Coverage] Code Coverage results for visited sequence points were saved in D:/BuildAgent/work/GDX-Documentation/Staging/CodeCoverage/GDX_Development-opencov/EditMode/TestCoverageResults_0049.xml
[Code Coverage] Code Coverage requires Burst Compilation to be disabled in order to obtain accurate coverage information. To disable Burst Compilation uncheck Jobs > Burst > Enable Compilation or pass '--burst-disable-compilation' to the command line in batchmode.
]]></output>
              </test-case>
              <test-case id="1467" name="GetFromIndex_FirstSpot_Valid" fullname="GDX.Collections.Generic.Array3DTests.GetFromIndex_FirstSpot_Valid" methodname="GetFromIndex_FirstSpot_Valid" classname="GDX.Collections.Generic.Array3DTests" runstate="Runnable" seed="614437572" result="Passed" start-time="2023-05-24 20:16:27Z" end-time="2023-05-24 20:16:27Z" duration="0.000621" asserts="0">
                <properties>
                  <property name="Category" value="GDX.Tests" />
                </properties>
                <output><![CDATA[[Code Coverage] Code Coverage results for visited sequence points were saved in D:/BuildAgent/work/GDX-Documentation/Staging/CodeCoverage/GDX_Development-opencov/EditMode/TestCoverageResults_0050.xml
[Code Coverage] Code Coverage requires Burst Compilation to be disabled in order to obtain accurate coverage information. To disable Burst Compilation uncheck Jobs > Burst > Enable Compilation or pass '--burst-disable-compilation' to the command line in batchmode.
]]></output>
              </test-case>
              <test-case id="1469" name="GetFromIndex_LastBottomRow_Valid" fullname="GDX.Collections.Generic.Array3DTests.GetFromIndex_LastBottomRow_Valid" methodname="GetFromIndex_LastBottomRow_Valid" classname="GDX.Collections.Generic.Array3DTests" runstate="Runnable" seed="1364884155" result="Passed" start-time="2023-05-24 20:16:28Z" end-time="2023-05-24 20:16:28Z" duration="0.000366" asserts="0">
                <properties>
                  <property name="Category" value="GDX.Tests" />
                </properties>
                <output><![CDATA[[Code Coverage] Code Coverage results for visited sequence points were saved in D:/BuildAgent/work/GDX-Documentation/Staging/CodeCoverage/GDX_Development-opencov/EditMode/TestCoverageResults_0051.xml
[Code Coverage] Code Coverage requires Burst Compilation to be disabled in order to obtain accurate coverage information. To disable Burst Compilation uncheck Jobs > Burst > Enable Compilation or pass '--burst-disable-compilation' to the command line in batchmode.
]]></output>
              </test-case>
              <test-case id="1468" name="GetFromIndex_LastFirstRow_Valid" fullname="GDX.Collections.Generic.Array3DTests.GetFromIndex_LastFirstRow_Valid" methodname="GetFromIndex_LastFirstRow_Valid" classname="GDX.Collections.Generic.Array3DTests" runstate="Runnable" seed="1856224863" result="Passed" start-time="2023-05-24 20:16:30Z" end-time="2023-05-24 20:16:30Z" duration="0.000363" asserts="0">
                <properties>
                  <property name="Category" value="GDX.Tests" />
                </properties>
                <output><![CDATA[[Code Coverage] Code Coverage results for visited sequence points were saved in D:/BuildAgent/work/GDX-Documentation/Staging/CodeCoverage/GDX_Development-opencov/EditMode/TestCoverageResults_0052.xml
[Code Coverage] Code Coverage requires Burst Compilation to be disabled in order to obtain accurate coverage information. To disable Burst Compilation uncheck Jobs > Burst > Enable Compilation or pass '--burst-disable-compilation' to the command line in batchmode.
]]></output>
              </test-case>
              <test-case id="1466" name="GetFromIndex_LastSpot_Valid" fullname="GDX.Collections.Generic.Array3DTests.GetFromIndex_LastSpot_Valid" methodname="GetFromIndex_LastSpot_Valid" classname="GDX.Collections.Generic.Array3DTests" runstate="Runnable" seed="1039828999" result="Passed" start-time="2023-05-24 20:16:31Z" end-time="2023-05-24 20:16:31Z" duration="0.000379" asserts="0">
                <properties>
                  <property name="Category" value="GDX.Tests" />
                </properties>
                <output><![CDATA[[Code Coverage] Code Coverage results for visited sequence points were saved in D:/BuildAgent/work/GDX-Documentation/Staging/CodeCoverage/GDX_Development-opencov/EditMode/TestCoverageResults_0053.xml
[Code Coverage] Code Coverage requires Burst Compilation to be disabled in order to obtain accurate coverage information. To disable Burst Compilation uncheck Jobs > Burst > Enable Compilation or pass '--burst-disable-compilation' to the command line in batchmode.
]]></output>
              </test-case>
              <test-case id="1470" name="GetFromIndex_SecondTopRowAtBack_Valid" fullname="GDX.Collections.Generic.Array3DTests.GetFromIndex_SecondTopRowAtBack_Valid" methodname="GetFromIndex_SecondTopRowAtBack_Valid" classname="GDX.Collections.Generic.Array3DTests" runstate="Runnable" seed="616995726" result="Passed" start-time="2023-05-24 20:16:32Z" end-time="2023-05-24 20:16:32Z" duration="0.000370" asserts="0">
                <properties>
                  <property name="Category" value="GDX.Tests" />
                </properties>
                <output><![CDATA[[Code Coverage] Code Coverage results for visited sequence points were saved in D:/BuildAgent/work/GDX-Documentation/Staging/CodeCoverage/GDX_Development-opencov/EditMode/TestCoverageResults_0054.xml
[Code Coverage] Code Coverage requires Burst Compilation to be disabled in order to obtain accurate coverage information. To disable Burst Compilation uncheck Jobs > Burst > Enable Compilation or pass '--burst-disable-compilation' to the command line in batchmode.
]]></output>
              </test-case>
              <test-case id="1463" name="SetByIndex_LastSpot_ValidEntry" fullname="GDX.Collections.Generic.Array3DTests.SetByIndex_LastSpot_ValidEntry" methodname="SetByIndex_LastSpot_ValidEntry" classname="GDX.Collections.Generic.Array3DTests" runstate="Runnable" seed="2040683761" result="Passed" start-time="2023-05-24 20:16:33Z" end-time="2023-05-24 20:16:33Z" duration="0.000457" asserts="0">
                <properties>
                  <property name="Category" value="GDX.Tests" />
                </properties>
                <output><![CDATA[[Code Coverage] Code Coverage results for visited sequence points were saved in D:/BuildAgent/work/GDX-Documentation/Staging/CodeCoverage/GDX_Development-opencov/EditMode/TestCoverageResults_0055.xml
[Code Coverage] Code Coverage requires Burst Compilation to be disabled in order to obtain accurate coverage information. To disable Burst Compilation uncheck Jobs > Burst > Enable Compilation or pass '--burst-disable-compilation' to the command line in batchmode.
]]></output>
              </test-case>
              <test-case id="1465" name="SetByInt3_LastSpot_ValidEntry" fullname="GDX.Collections.Generic.Array3DTests.SetByInt3_LastSpot_ValidEntry" methodname="SetByInt3_LastSpot_ValidEntry" classname="GDX.Collections.Generic.Array3DTests" runstate="Runnable" seed="1495402245" result="Passed" start-time="2023-05-24 20:16:34Z" end-time="2023-05-24 20:16:34Z" duration="0.000412" asserts="0">
                <properties>
                  <property name="Category" value="GDX.Tests" />
                </properties>
                <output><![CDATA[[Code Coverage] Code Coverage results for visited sequence points were saved in D:/BuildAgent/work/GDX-Documentation/Staging/CodeCoverage/GDX_Development-opencov/EditMode/TestCoverageResults_0056.xml
[Code Coverage] Code Coverage requires Burst Compilation to be disabled in order to obtain accurate coverage information. To disable Burst Compilation uncheck Jobs > Burst > Enable Compilation or pass '--burst-disable-compilation' to the command line in batchmode.
]]></output>
              </test-case>
            </test-suite>
            <test-suite type="TestFixture" id="1740" name="ArrayPoolTests" fullname="GDX.Collections.Generic.ArrayPoolTests" classname="GDX.Collections.Generic.ArrayPoolTests" runstate="Runnable" testcasecount="6" result="Passed" start-time="2023-05-24 20:16:36Z" end-time="2023-05-24 20:16:43Z" duration="7.336213" total="6" passed="6" failed="0" inconclusive="0" skipped="0" asserts="0">
              <properties />
              <test-case id="1741" name="Constructor_InitializeWithMinimumAndMaximum" fullname="GDX.Collections.Generic.ArrayPoolTests.Constructor_InitializeWithMinimumAndMaximum" methodname="Constructor_InitializeWithMinimumAndMaximum" classname="GDX.Collections.Generic.ArrayPoolTests" runstate="Runnable" seed="1986646186" result="Passed" start-time="2023-05-24 20:16:36Z" end-time="2023-05-24 20:16:36Z" duration="0.000581" asserts="0">
                <properties>
                  <property name="Category" value="GDX.Tests" />
                </properties>
                <output><![CDATA[[Code Coverage] Code Coverage results for visited sequence points were saved in D:/BuildAgent/work/GDX-Documentation/Staging/CodeCoverage/GDX_Development-opencov/EditMode/TestCoverageResults_0057.xml
[Code Coverage] Code Coverage requires Burst Compilation to be disabled in order to obtain accurate coverage information. To disable Burst Compilation uncheck Jobs > Burst > Enable Compilation or pass '--burst-disable-compilation' to the command line in batchmode.
]]></output>
              </test-case>
              <test-case id="1744" name="GetArrayFromPool_NonPowerOfTwoRequested_ArrayExistsInPool" fullname="GDX.Collections.Generic.ArrayPoolTests.GetArrayFromPool_NonPowerOfTwoRequested_ArrayExistsInPool" methodname="GetArrayFromPool_NonPowerOfTwoRequested_ArrayExistsInPool" classname="GDX.Collections.Generic.ArrayPoolTests" runstate="Runnable" seed="1157231873" result="Passed" start-time="2023-05-24 20:16:37Z" end-time="2023-05-24 20:16:37Z" duration="0.000557" asserts="0">
                <properties>
                  <property name="Category" value="GDX.Tests" />
                </properties>
                <output><![CDATA[[Code Coverage] Code Coverage results for visited sequence points were saved in D:/BuildAgent/work/GDX-Documentation/Staging/CodeCoverage/GDX_Development-opencov/EditMode/TestCoverageResults_0058.xml
[Code Coverage] Code Coverage requires Burst Compilation to be disabled in order to obtain accurate coverage information. To disable Burst Compilation uncheck Jobs > Burst > Enable Compilation or pass '--burst-disable-compilation' to the command line in batchmode.
]]></output>
              </test-case>
              <test-case id="1742" name="GetArrayFromPool_PowerOfTwoRequested_ArrayExistsInPool" fullname="GDX.Collections.Generic.ArrayPoolTests.GetArrayFromPool_PowerOfTwoRequested_ArrayExistsInPool" methodname="GetArrayFromPool_PowerOfTwoRequested_ArrayExistsInPool" classname="GDX.Collections.Generic.ArrayPoolTests" runstate="Runnable" seed="620342639" result="Passed" start-time="2023-05-24 20:16:38Z" end-time="2023-05-24 20:16:38Z" duration="0.000731" asserts="0">
                <properties>
                  <property name="Category" value="GDX.Tests" />
                </properties>
                <output><![CDATA[[Code Coverage] Code Coverage results for visited sequence points were saved in D:/BuildAgent/work/GDX-Documentation/Staging/CodeCoverage/GDX_Development-opencov/EditMode/TestCoverageResults_0059.xml
[Code Coverage] Code Coverage requires Burst Compilation to be disabled in order to obtain accurate coverage information. To disable Burst Compilation uncheck Jobs > Burst > Enable Compilation or pass '--burst-disable-compilation' to the command line in batchmode.
]]></output>
              </test-case>
              <test-case id="1743" name="GetArrayFromPool_PowerOfTwoRequested_PoolIsEmpty" fullname="GDX.Collections.Generic.ArrayPoolTests.GetArrayFromPool_PowerOfTwoRequested_PoolIsEmpty" methodname="GetArrayFromPool_PowerOfTwoRequested_PoolIsEmpty" classname="GDX.Collections.Generic.ArrayPoolTests" runstate="Runnable" seed="2040767231" result="Passed" start-time="2023-05-24 20:16:40Z" end-time="2023-05-24 20:16:40Z" duration="0.000449" asserts="0">
                <properties>
                  <property name="Category" value="GDX.Tests" />
                </properties>
                <output><![CDATA[[Code Coverage] Code Coverage results for visited sequence points were saved in D:/BuildAgent/work/GDX-Documentation/Staging/CodeCoverage/GDX_Development-opencov/EditMode/TestCoverageResults_0060.xml
[Code Coverage] Code Coverage requires Burst Compilation to be disabled in order to obtain accurate coverage information. To disable Burst Compilation uncheck Jobs > Burst > Enable Compilation or pass '--burst-disable-compilation' to the command line in batchmode.
]]></output>
              </test-case>
              <test-case id="1745" name="ReturnArrayToPool_MaximumNotReached" fullname="GDX.Collections.Generic.ArrayPoolTests.ReturnArrayToPool_MaximumNotReached" methodname="ReturnArrayToPool_MaximumNotReached" classname="GDX.Collections.Generic.ArrayPoolTests" runstate="Runnable" seed="72182288" result="Passed" start-time="2023-05-24 20:16:41Z" end-time="2023-05-24 20:16:41Z" duration="0.000529" asserts="0">
                <properties>
                  <property name="Category" value="GDX.Tests" />
                </properties>
                <output><![CDATA[[Code Coverage] Code Coverage results for visited sequence points were saved in D:/BuildAgent/work/GDX-Documentation/Staging/CodeCoverage/GDX_Development-opencov/EditMode/TestCoverageResults_0061.xml
[Code Coverage] Code Coverage requires Burst Compilation to be disabled in order to obtain accurate coverage information. To disable Burst Compilation uncheck Jobs > Burst > Enable Compilation or pass '--burst-disable-compilation' to the command line in batchmode.
]]></output>
              </test-case>
              <test-case id="1746" name="ReturnArrayToPool_MaximumReached" fullname="GDX.Collections.Generic.ArrayPoolTests.ReturnArrayToPool_MaximumReached" methodname="ReturnArrayToPool_MaximumReached" classname="GDX.Collections.Generic.ArrayPoolTests" runstate="Runnable" seed="1435891117" result="Passed" start-time="2023-05-24 20:16:42Z" end-time="2023-05-24 20:16:42Z" duration="0.000410" asserts="0">
                <properties>
                  <property name="Category" value="GDX.Tests" />
                </properties>
                <output><![CDATA[[Code Coverage] Code Coverage results for visited sequence points were saved in D:/BuildAgent/work/GDX-Documentation/Staging/CodeCoverage/GDX_Development-opencov/EditMode/TestCoverageResults_0062.xml
[Code Coverage] Code Coverage requires Burst Compilation to be disabled in order to obtain accurate coverage information. To disable Burst Compilation uncheck Jobs > Burst > Enable Compilation or pass '--burst-disable-compilation' to the command line in batchmode.
]]></output>
              </test-case>
            </test-suite>
            <test-suite type="TestFixture" id="1471" name="CircularBufferTests" fullname="GDX.Collections.Generic.CircularBufferTests" classname="GDX.Collections.Generic.CircularBufferTests" runstate="Runnable" testcasecount="22" result="Passed" start-time="2023-05-24 20:16:43Z" end-time="2023-05-24 20:17:10Z" duration="26.868406" total="22" passed="22" failed="0" inconclusive="0" skipped="0" asserts="0">
              <properties />
              <test-case id="1472" name="Add_MockData_Normal" fullname="GDX.Collections.Generic.CircularBufferTests.Add_MockData_Normal" methodname="Add_MockData_Normal" classname="GDX.Collections.Generic.CircularBufferTests" runstate="Runnable" seed="562885938" result="Passed" start-time="2023-05-24 20:16:43Z" end-time="2023-05-24 20:16:43Z" duration="0.000556" asserts="0">
                <properties>
                  <property name="Category" value="GDX.Tests" />
                </properties>
                <output><![CDATA[[Code Coverage] Code Coverage results for visited sequence points were saved in D:/BuildAgent/work/GDX-Documentation/Staging/CodeCoverage/GDX_Development-opencov/EditMode/TestCoverageResults_0063.xml
[Code Coverage] Code Coverage requires Burst Compilation to be disabled in order to obtain accurate coverage information. To disable Burst Compilation uncheck Jobs > Burst > Enable Compilation or pass '--burst-disable-compilation' to the command line in batchmode.
]]></output>
              </test-case>
              <test-case id="1473" name="Add_MockData_Wrapped" fullname="GDX.Collections.Generic.CircularBufferTests.Add_MockData_Wrapped" methodname="Add_MockData_Wrapped" classname="GDX.Collections.Generic.CircularBufferTests" runstate="Runnable" seed="29020229" result="Passed" start-time="2023-05-24 20:16:44Z" end-time="2023-05-24 20:16:44Z" duration="0.000338" asserts="0">
                <properties>
                  <property name="Category" value="GDX.Tests" />
                </properties>
                <output><![CDATA[[Code Coverage] Code Coverage results for visited sequence points were saved in D:/BuildAgent/work/GDX-Documentation/Staging/CodeCoverage/GDX_Development-opencov/EditMode/TestCoverageResults_0064.xml
[Code Coverage] Code Coverage requires Burst Compilation to be disabled in order to obtain accurate coverage information. To disable Burst Compilation uncheck Jobs > Burst > Enable Compilation or pass '--burst-disable-compilation' to the command line in batchmode.
]]></output>
              </test-case>
              <test-case id="1474" name="Clear_MockData_Empty" fullname="GDX.Collections.Generic.CircularBufferTests.Clear_MockData_Empty" methodname="Clear_MockData_Empty" classname="GDX.Collections.Generic.CircularBufferTests" runstate="Runnable" seed="1979047075" result="Passed" start-time="2023-05-24 20:16:46Z" end-time="2023-05-24 20:16:46Z" duration="0.000383" asserts="0">
                <properties>
                  <property name="Category" value="GDX.Tests" />
                </properties>
                <output><![CDATA[[Code Coverage] Code Coverage results for visited sequence points were saved in D:/BuildAgent/work/GDX-Documentation/Staging/CodeCoverage/GDX_Development-opencov/EditMode/TestCoverageResults_0065.xml
[Code Coverage] Code Coverage requires Burst Compilation to be disabled in order to obtain accurate coverage information. To disable Burst Compilation uncheck Jobs > Burst > Enable Compilation or pass '--burst-disable-compilation' to the command line in batchmode.
]]></output>
              </test-case>
              <test-case id="1475" name="Get_MockData_First" fullname="GDX.Collections.Generic.CircularBufferTests.Get_MockData_First" methodname="Get_MockData_First" classname="GDX.Collections.Generic.CircularBufferTests" runstate="Runnable" seed="309960616" result="Passed" start-time="2023-05-24 20:16:47Z" end-time="2023-05-24 20:16:47Z" duration="0.000370" asserts="0">
                <properties>
                  <property name="Category" value="GDX.Tests" />
                </properties>
                <output><![CDATA[[Code Coverage] Code Coverage results for visited sequence points were saved in D:/BuildAgent/work/GDX-Documentation/Staging/CodeCoverage/GDX_Development-opencov/EditMode/TestCoverageResults_0066.xml
[Code Coverage] Code Coverage requires Burst Compilation to be disabled in order to obtain accurate coverage information. To disable Burst Compilation uncheck Jobs > Burst > Enable Compilation or pass '--burst-disable-compilation' to the command line in batchmode.
]]></output>
              </test-case>
              <test-case id="1476" name="Get_MockData_Last" fullname="GDX.Collections.Generic.CircularBufferTests.Get_MockData_Last" methodname="Get_MockData_Last" classname="GDX.Collections.Generic.CircularBufferTests" runstate="Runnable" seed="1112031696" result="Passed" start-time="2023-05-24 20:16:48Z" end-time="2023-05-24 20:16:48Z" duration="0.000332" asserts="0">
                <properties>
                  <property name="Category" value="GDX.Tests" />
                </properties>
                <output><![CDATA[[Code Coverage] Code Coverage results for visited sequence points were saved in D:/BuildAgent/work/GDX-Documentation/Staging/CodeCoverage/GDX_Development-opencov/EditMode/TestCoverageResults_0067.xml
[Code Coverage] Code Coverage requires Burst Compilation to be disabled in order to obtain accurate coverage information. To disable Burst Compilation uncheck Jobs > Burst > Enable Compilation or pass '--burst-disable-compilation' to the command line in batchmode.
]]></output>
              </test-case>
              <test-case id="1477" name="Get_MockData_Wrapped" fullname="GDX.Collections.Generic.CircularBufferTests.Get_MockData_Wrapped" methodname="Get_MockData_Wrapped" classname="GDX.Collections.Generic.CircularBufferTests" runstate="Runnable" seed="959778285" result="Passed" start-time="2023-05-24 20:16:49Z" end-time="2023-05-24 20:16:49Z" duration="0.000307" asserts="0">
                <properties>
                  <property name="Category" value="GDX.Tests" />
                </properties>
                <output><![CDATA[[Code Coverage] Code Coverage results for visited sequence points were saved in D:/BuildAgent/work/GDX-Documentation/Staging/CodeCoverage/GDX_Development-opencov/EditMode/TestCoverageResults_0068.xml
[Code Coverage] Code Coverage requires Burst Compilation to be disabled in order to obtain accurate coverage information. To disable Burst Compilation uncheck Jobs > Burst > Enable Compilation or pass '--burst-disable-compilation' to the command line in batchmode.
]]></output>
              </test-case>
              <test-case id="1478" name="GetBack_MockData_Valid" fullname="GDX.Collections.Generic.CircularBufferTests.GetBack_MockData_Valid" methodname="GetBack_MockData_Valid" classname="GDX.Collections.Generic.CircularBufferTests" runstate="Runnable" seed="442679422" result="Passed" start-time="2023-05-24 20:16:50Z" end-time="2023-05-24 20:16:50Z" duration="0.000373" asserts="0">
                <properties>
                  <property name="Category" value="GDX.Tests" />
                </properties>
                <output><![CDATA[[Code Coverage] Code Coverage results for visited sequence points were saved in D:/BuildAgent/work/GDX-Documentation/Staging/CodeCoverage/GDX_Development-opencov/EditMode/TestCoverageResults_0069.xml
[Code Coverage] Code Coverage requires Burst Compilation to be disabled in order to obtain accurate coverage information. To disable Burst Compilation uncheck Jobs > Burst > Enable Compilation or pass '--burst-disable-compilation' to the command line in batchmode.
]]></output>
              </test-case>
              <test-case id="1479" name="GetFront_MockData_Valid" fullname="GDX.Collections.Generic.CircularBufferTests.GetFront_MockData_Valid" methodname="GetFront_MockData_Valid" classname="GDX.Collections.Generic.CircularBufferTests" runstate="Runnable" seed="1595361155" result="Passed" start-time="2023-05-24 20:16:52Z" end-time="2023-05-24 20:16:52Z" duration="0.000371" asserts="0">
                <properties>
                  <property name="Category" value="GDX.Tests" />
                </properties>
                <output><![CDATA[[Code Coverage] Code Coverage results for visited sequence points were saved in D:/BuildAgent/work/GDX-Documentation/Staging/CodeCoverage/GDX_Development-opencov/EditMode/TestCoverageResults_0070.xml
[Code Coverage] Code Coverage requires Burst Compilation to be disabled in order to obtain accurate coverage information. To disable Burst Compilation uncheck Jobs > Burst > Enable Compilation or pass '--burst-disable-compilation' to the command line in batchmode.
]]></output>
              </test-case>
              <test-case id="1481" name="IsEmpty_MockData_ClearedEmpty" fullname="GDX.Collections.Generic.CircularBufferTests.IsEmpty_MockData_ClearedEmpty" methodname="IsEmpty_MockData_ClearedEmpty" classname="GDX.Collections.Generic.CircularBufferTests" runstate="Runnable" seed="1084375354" result="Passed" start-time="2023-05-24 20:16:53Z" end-time="2023-05-24 20:16:53Z" duration="0.000377" asserts="0">
                <properties>
                  <property name="Category" value="GDX.Tests" />
                </properties>
                <output><![CDATA[[Code Coverage] Code Coverage results for visited sequence points were saved in D:/BuildAgent/work/GDX-Documentation/Staging/CodeCoverage/GDX_Development-opencov/EditMode/TestCoverageResults_0071.xml
[Code Coverage] Code Coverage requires Burst Compilation to be disabled in order to obtain accurate coverage information. To disable Burst Compilation uncheck Jobs > Burst > Enable Compilation or pass '--burst-disable-compilation' to the command line in batchmode.
]]></output>
              </test-case>
              <test-case id="1480" name="IsEmpty_MockData_Empty" fullname="GDX.Collections.Generic.CircularBufferTests.IsEmpty_MockData_Empty" methodname="IsEmpty_MockData_Empty" classname="GDX.Collections.Generic.CircularBufferTests" runstate="Runnable" seed="877660418" result="Passed" start-time="2023-05-24 20:16:54Z" end-time="2023-05-24 20:16:54Z" duration="0.000282" asserts="0">
                <properties>
                  <property name="Category" value="GDX.Tests" />
                </properties>
                <output><![CDATA[[Code Coverage] Code Coverage results for visited sequence points were saved in D:/BuildAgent/work/GDX-Documentation/Staging/CodeCoverage/GDX_Development-opencov/EditMode/TestCoverageResults_0072.xml
[Code Coverage] Code Coverage requires Burst Compilation to be disabled in order to obtain accurate coverage information. To disable Burst Compilation uncheck Jobs > Burst > Enable Compilation or pass '--burst-disable-compilation' to the command line in batchmode.
]]></output>
              </test-case>
              <test-case id="1482" name="IsEmpty_MockData_NotEmpty" fullname="GDX.Collections.Generic.CircularBufferTests.IsEmpty_MockData_NotEmpty" methodname="IsEmpty_MockData_NotEmpty" classname="GDX.Collections.Generic.CircularBufferTests" runstate="Runnable" seed="568255640" result="Passed" start-time="2023-05-24 20:16:56Z" end-time="2023-05-24 20:16:56Z" duration="0.000307" asserts="0">
                <properties>
                  <property name="Category" value="GDX.Tests" />
                </properties>
                <output><![CDATA[[Code Coverage] Code Coverage results for visited sequence points were saved in D:/BuildAgent/work/GDX-Documentation/Staging/CodeCoverage/GDX_Development-opencov/EditMode/TestCoverageResults_0073.xml
[Code Coverage] Code Coverage requires Burst Compilation to be disabled in order to obtain accurate coverage information. To disable Burst Compilation uncheck Jobs > Burst > Enable Compilation or pass '--burst-disable-compilation' to the command line in batchmode.
]]></output>
              </test-case>
              <test-case id="1483" name="IsFull_MockData_Full" fullname="GDX.Collections.Generic.CircularBufferTests.IsFull_MockData_Full" methodname="IsFull_MockData_Full" classname="GDX.Collections.Generic.CircularBufferTests" runstate="Runnable" seed="1673598754" result="Passed" start-time="2023-05-24 20:16:57Z" end-time="2023-05-24 20:16:57Z" duration="0.000347" asserts="0">
                <properties>
                  <property name="Category" value="GDX.Tests" />
                </properties>
                <output><![CDATA[[Code Coverage] Code Coverage results for visited sequence points were saved in D:/BuildAgent/work/GDX-Documentation/Staging/CodeCoverage/GDX_Development-opencov/EditMode/TestCoverageResults_0074.xml
[Code Coverage] Code Coverage requires Burst Compilation to be disabled in order to obtain accurate coverage information. To disable Burst Compilation uncheck Jobs > Burst > Enable Compilation or pass '--burst-disable-compilation' to the command line in batchmode.
]]></output>
              </test-case>
              <test-case id="1484" name="IsFull_MockData_NotFull" fullname="GDX.Collections.Generic.CircularBufferTests.IsFull_MockData_NotFull" methodname="IsFull_MockData_NotFull" classname="GDX.Collections.Generic.CircularBufferTests" runstate="Runnable" seed="1748074615" result="Passed" start-time="2023-05-24 20:16:58Z" end-time="2023-05-24 20:16:58Z" duration="0.000290" asserts="0">
                <properties>
                  <property name="Category" value="GDX.Tests" />
                </properties>
                <output><![CDATA[[Code Coverage] Code Coverage results for visited sequence points were saved in D:/BuildAgent/work/GDX-Documentation/Staging/CodeCoverage/GDX_Development-opencov/EditMode/TestCoverageResults_0075.xml
[Code Coverage] Code Coverage requires Burst Compilation to be disabled in order to obtain accurate coverage information. To disable Burst Compilation uncheck Jobs > Burst > Enable Compilation or pass '--burst-disable-compilation' to the command line in batchmode.
]]></output>
              </test-case>
              <test-case id="1485" name="PopBack_MockData_GetValue" fullname="GDX.Collections.Generic.CircularBufferTests.PopBack_MockData_GetValue" methodname="PopBack_MockData_GetValue" classname="GDX.Collections.Generic.CircularBufferTests" runstate="Runnable" seed="280295746" result="Passed" start-time="2023-05-24 20:16:59Z" end-time="2023-05-24 20:16:59Z" duration="0.000500" asserts="0">
                <properties>
                  <property name="Category" value="GDX.Tests" />
                </properties>
                <output><![CDATA[[Code Coverage] Code Coverage results for visited sequence points were saved in D:/BuildAgent/work/GDX-Documentation/Staging/CodeCoverage/GDX_Development-opencov/EditMode/TestCoverageResults_0076.xml
[Code Coverage] Code Coverage requires Burst Compilation to be disabled in order to obtain accurate coverage information. To disable Burst Compilation uncheck Jobs > Burst > Enable Compilation or pass '--burst-disable-compilation' to the command line in batchmode.
]]></output>
              </test-case>
              <test-case id="1486" name="PopFront_MockData_GetValue" fullname="GDX.Collections.Generic.CircularBufferTests.PopFront_MockData_GetValue" methodname="PopFront_MockData_GetValue" classname="GDX.Collections.Generic.CircularBufferTests" runstate="Runnable" seed="1433366856" result="Passed" start-time="2023-05-24 20:17:00Z" end-time="2023-05-24 20:17:00Z" duration="0.000430" asserts="0">
                <properties>
                  <property name="Category" value="GDX.Tests" />
                </properties>
                <output><![CDATA[[Code Coverage] Code Coverage results for visited sequence points were saved in D:/BuildAgent/work/GDX-Documentation/Staging/CodeCoverage/GDX_Development-opencov/EditMode/TestCoverageResults_0077.xml
[Code Coverage] Code Coverage requires Burst Compilation to be disabled in order to obtain accurate coverage information. To disable Burst Compilation uncheck Jobs > Burst > Enable Compilation or pass '--burst-disable-compilation' to the command line in batchmode.
]]></output>
              </test-case>
              <test-case id="1487" name="PushBack_MockData_InjectedValue" fullname="GDX.Collections.Generic.CircularBufferTests.PushBack_MockData_InjectedValue" methodname="PushBack_MockData_InjectedValue" classname="GDX.Collections.Generic.CircularBufferTests" runstate="Runnable" seed="1074162410" result="Passed" start-time="2023-05-24 20:17:02Z" end-time="2023-05-24 20:17:02Z" duration="0.000319" asserts="0">
                <properties>
                  <property name="Category" value="GDX.Tests" />
                </properties>
                <output><![CDATA[[Code Coverage] Code Coverage results for visited sequence points were saved in D:/BuildAgent/work/GDX-Documentation/Staging/CodeCoverage/GDX_Development-opencov/EditMode/TestCoverageResults_0078.xml
[Code Coverage] Code Coverage requires Burst Compilation to be disabled in order to obtain accurate coverage information. To disable Burst Compilation uncheck Jobs > Burst > Enable Compilation or pass '--burst-disable-compilation' to the command line in batchmode.
]]></output>
              </test-case>
              <test-case id="1488" name="PushFront_MockData_InjectedValue" fullname="GDX.Collections.Generic.CircularBufferTests.PushFront_MockData_InjectedValue" methodname="PushFront_MockData_InjectedValue" classname="GDX.Collections.Generic.CircularBufferTests" runstate="Runnable" seed="233883979" result="Passed" start-time="2023-05-24 20:17:03Z" end-time="2023-05-24 20:17:03Z" duration="0.000439" asserts="0">
                <properties>
                  <property name="Category" value="GDX.Tests" />
                </properties>
                <output><![CDATA[[Code Coverage] Code Coverage results for visited sequence points were saved in D:/BuildAgent/work/GDX-Documentation/Staging/CodeCoverage/GDX_Development-opencov/EditMode/TestCoverageResults_0079.xml
[Code Coverage] Code Coverage requires Burst Compilation to be disabled in order to obtain accurate coverage information. To disable Burst Compilation uncheck Jobs > Burst > Enable Compilation or pass '--burst-disable-compilation' to the command line in batchmode.
]]></output>
              </test-case>
              <test-case id="1489" name="Set_MockData_First" fullname="GDX.Collections.Generic.CircularBufferTests.Set_MockData_First" methodname="Set_MockData_First" classname="GDX.Collections.Generic.CircularBufferTests" runstate="Runnable" seed="221949827" result="Passed" start-time="2023-05-24 20:17:04Z" end-time="2023-05-24 20:17:04Z" duration="0.000377" asserts="0">
                <properties>
                  <property name="Category" value="GDX.Tests" />
                </properties>
                <output><![CDATA[[Code Coverage] Code Coverage results for visited sequence points were saved in D:/BuildAgent/work/GDX-Documentation/Staging/CodeCoverage/GDX_Development-opencov/EditMode/TestCoverageResults_0080.xml
[Code Coverage] Code Coverage requires Burst Compilation to be disabled in order to obtain accurate coverage information. To disable Burst Compilation uncheck Jobs > Burst > Enable Compilation or pass '--burst-disable-compilation' to the command line in batchmode.
]]></output>
              </test-case>
              <test-case id="1490" name="Set_MockData_Last" fullname="GDX.Collections.Generic.CircularBufferTests.Set_MockData_Last" methodname="Set_MockData_Last" classname="GDX.Collections.Generic.CircularBufferTests" runstate="Runnable" seed="3801589" result="Passed" start-time="2023-05-24 20:17:05Z" end-time="2023-05-24 20:17:05Z" duration="0.000310" asserts="0">
                <properties>
                  <property name="Category" value="GDX.Tests" />
                </properties>
                <output><![CDATA[[Code Coverage] Code Coverage results for visited sequence points were saved in D:/BuildAgent/work/GDX-Documentation/Staging/CodeCoverage/GDX_Development-opencov/EditMode/TestCoverageResults_0081.xml
[Code Coverage] Code Coverage requires Burst Compilation to be disabled in order to obtain accurate coverage information. To disable Burst Compilation uncheck Jobs > Burst > Enable Compilation or pass '--burst-disable-compilation' to the command line in batchmode.
]]></output>
              </test-case>
              <test-case id="1491" name="Set_MockData_Wrapped" fullname="GDX.Collections.Generic.CircularBufferTests.Set_MockData_Wrapped" methodname="Set_MockData_Wrapped" classname="GDX.Collections.Generic.CircularBufferTests" runstate="Runnable" seed="798382052" result="Passed" start-time="2023-05-24 20:17:06Z" end-time="2023-05-24 20:17:06Z" duration="0.000301" asserts="0">
                <properties>
                  <property name="Category" value="GDX.Tests" />
                </properties>
                <output><![CDATA[[Code Coverage] Code Coverage results for visited sequence points were saved in D:/BuildAgent/work/GDX-Documentation/Staging/CodeCoverage/GDX_Development-opencov/EditMode/TestCoverageResults_0082.xml
[Code Coverage] Code Coverage requires Burst Compilation to be disabled in order to obtain accurate coverage information. To disable Burst Compilation uncheck Jobs > Burst > Enable Compilation or pass '--burst-disable-compilation' to the command line in batchmode.
]]></output>
              </test-case>
              <test-case id="1492" name="ToArray_MockData_NonWrapped" fullname="GDX.Collections.Generic.CircularBufferTests.ToArray_MockData_NonWrapped" methodname="ToArray_MockData_NonWrapped" classname="GDX.Collections.Generic.CircularBufferTests" runstate="Runnable" seed="1594913772" result="Passed" start-time="2023-05-24 20:17:08Z" end-time="2023-05-24 20:17:08Z" duration="0.000474" asserts="0">
                <properties>
                  <property name="Category" value="GDX.Tests" />
                </properties>
                <output><![CDATA[[Code Coverage] Code Coverage results for visited sequence points were saved in D:/BuildAgent/work/GDX-Documentation/Staging/CodeCoverage/GDX_Development-opencov/EditMode/TestCoverageResults_0083.xml
[Code Coverage] Code Coverage requires Burst Compilation to be disabled in order to obtain accurate coverage information. To disable Burst Compilation uncheck Jobs > Burst > Enable Compilation or pass '--burst-disable-compilation' to the command line in batchmode.
]]></output>
              </test-case>
              <test-case id="1493" name="ToArray_MockData_Wrapped" fullname="GDX.Collections.Generic.CircularBufferTests.ToArray_MockData_Wrapped" methodname="ToArray_MockData_Wrapped" classname="GDX.Collections.Generic.CircularBufferTests" runstate="Runnable" seed="581577341" result="Passed" start-time="2023-05-24 20:17:09Z" end-time="2023-05-24 20:17:09Z" duration="0.000349" asserts="0">
                <properties>
                  <property name="Category" value="GDX.Tests" />
                </properties>
                <output><![CDATA[[Code Coverage] Code Coverage results for visited sequence points were saved in D:/BuildAgent/work/GDX-Documentation/Staging/CodeCoverage/GDX_Development-opencov/EditMode/TestCoverageResults_0084.xml
[Code Coverage] Code Coverage requires Burst Compilation to be disabled in order to obtain accurate coverage information. To disable Burst Compilation uncheck Jobs > Burst > Enable Compilation or pass '--burst-disable-compilation' to the command line in batchmode.
]]></output>
              </test-case>
            </test-suite>
            <test-suite type="TestFixture" id="1439" name="FreeListTests" fullname="GDX.Collections.Generic.FreeListTests" classname="GDX.Collections.Generic.FreeListTests" runstate="Runnable" testcasecount="8" result="Passed" start-time="2023-05-24 20:17:10Z" end-time="2023-05-24 20:17:20Z" duration="9.935906" total="8" passed="8" failed="0" inconclusive="0" skipped="0" asserts="0">
              <properties />
              <test-case id="1441" name="AddUnchecked_MockData_ValueAdded" fullname="GDX.Collections.Generic.FreeListTests.AddUnchecked_MockData_ValueAdded" methodname="AddUnchecked_MockData_ValueAdded" classname="GDX.Collections.Generic.FreeListTests" runstate="Runnable" seed="1145188728" result="Passed" start-time="2023-05-24 20:17:10Z" end-time="2023-05-24 20:17:10Z" duration="0.000468" asserts="0">
                <properties>
                  <property name="Category" value="GDX.Tests" />
                </properties>
                <output><![CDATA[[Code Coverage] Code Coverage results for visited sequence points were saved in D:/BuildAgent/work/GDX-Documentation/Staging/CodeCoverage/GDX_Development-opencov/EditMode/TestCoverageResults_0085.xml
[Code Coverage] Code Coverage requires Burst Compilation to be disabled in order to obtain accurate coverage information. To disable Burst Compilation uncheck Jobs > Burst > Enable Compilation or pass '--burst-disable-compilation' to the command line in batchmode.
]]></output>
              </test-case>
              <test-case id="1442" name="AddUnchecked_MockDataOverflow_ThrowsException" fullname="GDX.Collections.Generic.FreeListTests.AddUnchecked_MockDataOverflow_ThrowsException" methodname="AddUnchecked_MockDataOverflow_ThrowsException" classname="GDX.Collections.Generic.FreeListTests" runstate="Runnable" seed="711962212" result="Passed" start-time="2023-05-24 20:17:11Z" end-time="2023-05-24 20:17:11Z" duration="0.003142" asserts="0">
                <properties>
                  <property name="Category" value="GDX.Tests" />
                </properties>
                <output><![CDATA[[Code Coverage] Code Coverage results for visited sequence points were saved in D:/BuildAgent/work/GDX-Documentation/Staging/CodeCoverage/GDX_Development-opencov/EditMode/TestCoverageResults_0086.xml
[Code Coverage] Code Coverage requires Burst Compilation to be disabled in order to obtain accurate coverage information. To disable Burst Compilation uncheck Jobs > Burst > Enable Compilation or pass '--burst-disable-compilation' to the command line in batchmode.
]]></output>
              </test-case>
              <test-case id="1443" name="AddWithExpandCheck_MockData_ValueAdded" fullname="GDX.Collections.Generic.FreeListTests.AddWithExpandCheck_MockData_ValueAdded" methodname="AddWithExpandCheck_MockData_ValueAdded" classname="GDX.Collections.Generic.FreeListTests" runstate="Runnable" seed="251356075" result="Passed" start-time="2023-05-24 20:17:12Z" end-time="2023-05-24 20:17:12Z" duration="0.000437" asserts="0">
                <properties>
                  <property name="Category" value="GDX.Tests" />
                </properties>
                <output><![CDATA[[Code Coverage] Code Coverage results for visited sequence points were saved in D:/BuildAgent/work/GDX-Documentation/Staging/CodeCoverage/GDX_Development-opencov/EditMode/TestCoverageResults_0087.xml
[Code Coverage] Code Coverage requires Burst Compilation to be disabled in order to obtain accurate coverage information. To disable Burst Compilation uncheck Jobs > Burst > Enable Compilation or pass '--burst-disable-compilation' to the command line in batchmode.
]]></output>
              </test-case>
              <test-case id="1444" name="AddWithExpandCheck_MockDataWithExpansion_ValueAdded" fullname="GDX.Collections.Generic.FreeListTests.AddWithExpandCheck_MockDataWithExpansion_ValueAdded" methodname="AddWithExpandCheck_MockDataWithExpansion_ValueAdded" classname="GDX.Collections.Generic.FreeListTests" runstate="Runnable" seed="1019519363" result="Passed" start-time="2023-05-24 20:17:14Z" end-time="2023-05-24 20:17:14Z" duration="0.000465" asserts="0">
                <properties>
                  <property name="Category" value="GDX.Tests" />
                </properties>
                <output><![CDATA[[Code Coverage] Code Coverage results for visited sequence points were saved in D:/BuildAgent/work/GDX-Documentation/Staging/CodeCoverage/GDX_Development-opencov/EditMode/TestCoverageResults_0088.xml
[Code Coverage] Code Coverage requires Burst Compilation to be disabled in order to obtain accurate coverage information. To disable Burst Compilation uncheck Jobs > Burst > Enable Compilation or pass '--burst-disable-compilation' to the command line in batchmode.
]]></output>
              </test-case>
              <test-case id="1445" name="Clear_MockData_DataCleared" fullname="GDX.Collections.Generic.FreeListTests.Clear_MockData_DataCleared" methodname="Clear_MockData_DataCleared" classname="GDX.Collections.Generic.FreeListTests" runstate="Runnable" seed="1278234099" result="Passed" start-time="2023-05-24 20:17:15Z" end-time="2023-05-24 20:17:15Z" duration="0.000370" asserts="0">
                <properties>
                  <property name="Category" value="GDX.Tests" />
                </properties>
                <output><![CDATA[[Code Coverage] Code Coverage results for visited sequence points were saved in D:/BuildAgent/work/GDX-Documentation/Staging/CodeCoverage/GDX_Development-opencov/EditMode/TestCoverageResults_0089.xml
[Code Coverage] Code Coverage requires Burst Compilation to be disabled in order to obtain accurate coverage information. To disable Burst Compilation uncheck Jobs > Burst > Enable Compilation or pass '--burst-disable-compilation' to the command line in batchmode.
]]></output>
              </test-case>
              <test-case id="1440" name="FreeList_CreateWithCount" fullname="GDX.Collections.Generic.FreeListTests.FreeList_CreateWithCount" methodname="FreeList_CreateWithCount" classname="GDX.Collections.Generic.FreeListTests" runstate="Runnable" seed="1530637693" result="Passed" start-time="2023-05-24 20:17:16Z" end-time="2023-05-24 20:17:16Z" duration="0.000279" asserts="0">
                <properties>
                  <property name="Category" value="GDX.Tests" />
                </properties>
                <output><![CDATA[[Code Coverage] Code Coverage results for visited sequence points were saved in D:/BuildAgent/work/GDX-Documentation/Staging/CodeCoverage/GDX_Development-opencov/EditMode/TestCoverageResults_0090.xml
[Code Coverage] Code Coverage requires Burst Compilation to be disabled in order to obtain accurate coverage information. To disable Burst Compilation uncheck Jobs > Burst > Enable Compilation or pass '--burst-disable-compilation' to the command line in batchmode.
]]></output>
              </test-case>
              <test-case id="1447" name="GetAndRemoveAt_MockData_ValueRemoved" fullname="GDX.Collections.Generic.FreeListTests.GetAndRemoveAt_MockData_ValueRemoved" methodname="GetAndRemoveAt_MockData_ValueRemoved" classname="GDX.Collections.Generic.FreeListTests" runstate="Runnable" seed="482694671" result="Passed" start-time="2023-05-24 20:17:18Z" end-time="2023-05-24 20:17:18Z" duration="0.000390" asserts="0">
                <properties>
                  <property name="Category" value="GDX.Tests" />
                </properties>
                <output><![CDATA[[Code Coverage] Code Coverage results for visited sequence points were saved in D:/BuildAgent/work/GDX-Documentation/Staging/CodeCoverage/GDX_Development-opencov/EditMode/TestCoverageResults_0091.xml
[Code Coverage] Code Coverage requires Burst Compilation to be disabled in order to obtain accurate coverage information. To disable Burst Compilation uncheck Jobs > Burst > Enable Compilation or pass '--burst-disable-compilation' to the command line in batchmode.
]]></output>
              </test-case>
              <test-case id="1446" name="RemoveAt_MockData_ValueRemoved" fullname="GDX.Collections.Generic.FreeListTests.RemoveAt_MockData_ValueRemoved" methodname="RemoveAt_MockData_ValueRemoved" classname="GDX.Collections.Generic.FreeListTests" runstate="Runnable" seed="936939231" result="Passed" start-time="2023-05-24 20:17:19Z" end-time="2023-05-24 20:17:19Z" duration="0.000363" asserts="0">
                <properties>
                  <property name="Category" value="GDX.Tests" />
                </properties>
                <output><![CDATA[[Code Coverage] Code Coverage results for visited sequence points were saved in D:/BuildAgent/work/GDX-Documentation/Staging/CodeCoverage/GDX_Development-opencov/EditMode/TestCoverageResults_0092.xml
[Code Coverage] Code Coverage requires Burst Compilation to be disabled in order to obtain accurate coverage information. To disable Burst Compilation uncheck Jobs > Burst > Enable Compilation or pass '--burst-disable-compilation' to the command line in batchmode.
]]></output>
              </test-case>
            </test-suite>
            <test-suite type="TestFixture" id="1494" name="IntKeyDictionaryTests" fullname="GDX.Collections.Generic.IntKeyDictionaryTests" classname="GDX.Collections.Generic.IntKeyDictionaryTests" runstate="Runnable" testcasecount="35" result="Passed" start-time="2023-05-24 20:17:20Z" end-time="2023-05-24 20:18:03Z" duration="42.865344" total="35" passed="35" failed="0" inconclusive="0" skipped="0" asserts="0">
              <properties />
              <test-case id="1505" name="AddSafe_CheckEntriesMaintainConnection" fullname="GDX.Collections.Generic.IntKeyDictionaryTests.AddSafe_CheckEntriesMaintainConnection" methodname="AddSafe_CheckEntriesMaintainConnection" classname="GDX.Collections.Generic.IntKeyDictionaryTests" runstate="Runnable" seed="1942205036" result="Passed" start-time="2023-05-24 20:17:20Z" end-time="2023-05-24 20:17:20Z" duration="0.001321" asserts="0">
                <properties>
                  <property name="Category" value="GDX.Tests" />
                </properties>
                <output><![CDATA[[Code Coverage] Code Coverage results for visited sequence points were saved in D:/BuildAgent/work/GDX-Documentation/Staging/CodeCoverage/GDX_Development-opencov/EditMode/TestCoverageResults_0093.xml
[Code Coverage] Code Coverage requires Burst Compilation to be disabled in order to obtain accurate coverage information. To disable Burst Compilation uncheck Jobs > Burst > Enable Compilation or pass '--burst-disable-compilation' to the command line in batchmode.
]]></output>
              </test-case>
              <test-case id="1498" name="AddSafe_CheckExists" fullname="GDX.Collections.Generic.IntKeyDictionaryTests.AddSafe_CheckExists" methodname="AddSafe_CheckExists" classname="GDX.Collections.Generic.IntKeyDictionaryTests" runstate="Runnable" seed="1203013061" result="Passed" start-time="2023-05-24 20:17:21Z" end-time="2023-05-24 20:17:21Z" duration="0.000414" asserts="0">
                <properties>
                  <property name="Category" value="GDX.Tests" />
                </properties>
                <output><![CDATA[[Code Coverage] Code Coverage results for visited sequence points were saved in D:/BuildAgent/work/GDX-Documentation/Staging/CodeCoverage/GDX_Development-opencov/EditMode/TestCoverageResults_0094.xml
[Code Coverage] Code Coverage requires Burst Compilation to be disabled in order to obtain accurate coverage information. To disable Burst Compilation uncheck Jobs > Burst > Enable Compilation or pass '--burst-disable-compilation' to the command line in batchmode.
]]></output>
              </test-case>
              <test-case id="1504" name="AddSafe_CheckExpanded" fullname="GDX.Collections.Generic.IntKeyDictionaryTests.AddSafe_CheckExpanded" methodname="AddSafe_CheckExpanded" classname="GDX.Collections.Generic.IntKeyDictionaryTests" runstate="Runnable" seed="585592537" result="Passed" start-time="2023-05-24 20:17:22Z" end-time="2023-05-24 20:17:22Z" duration="0.000324" asserts="0">
                <properties>
                  <property name="Category" value="GDX.Tests" />
                </properties>
                <output><![CDATA[[Code Coverage] Code Coverage results for visited sequence points were saved in D:/BuildAgent/work/GDX-Documentation/Staging/CodeCoverage/GDX_Development-opencov/EditMode/TestCoverageResults_0095.xml
[Code Coverage] Code Coverage requires Burst Compilation to be disabled in order to obtain accurate coverage information. To disable Burst Compilation uncheck Jobs > Burst > Enable Compilation or pass '--burst-disable-compilation' to the command line in batchmode.
]]></output>
              </test-case>
              <test-case id="1521" name="AddTwoCollidingEntries_CheckAccess" fullname="GDX.Collections.Generic.IntKeyDictionaryTests.AddTwoCollidingEntries_CheckAccess" methodname="AddTwoCollidingEntries_CheckAccess" classname="GDX.Collections.Generic.IntKeyDictionaryTests" runstate="Runnable" seed="788457982" result="Passed" start-time="2023-05-24 20:17:24Z" end-time="2023-05-24 20:17:24Z" duration="0.000550" asserts="0">
                <properties>
                  <property name="Category" value="GDX.Tests" />
                </properties>
                <output><![CDATA[[Code Coverage] Code Coverage results for visited sequence points were saved in D:/BuildAgent/work/GDX-Documentation/Staging/CodeCoverage/GDX_Development-opencov/EditMode/TestCoverageResults_0096.xml
[Code Coverage] Code Coverage requires Burst Compilation to be disabled in order to obtain accurate coverage information. To disable Burst Compilation uncheck Jobs > Burst > Enable Compilation or pass '--burst-disable-compilation' to the command line in batchmode.
]]></output>
              </test-case>
              <test-case id="1522" name="AddTwoCollidingEntries_RemoveFirst_CheckSecondExists" fullname="GDX.Collections.Generic.IntKeyDictionaryTests.AddTwoCollidingEntries_RemoveFirst_CheckSecondExists" methodname="AddTwoCollidingEntries_RemoveFirst_CheckSecondExists" classname="GDX.Collections.Generic.IntKeyDictionaryTests" runstate="Runnable" seed="231788654" result="Passed" start-time="2023-05-24 20:17:25Z" end-time="2023-05-24 20:17:25Z" duration="0.000519" asserts="0">
                <properties>
                  <property name="Category" value="GDX.Tests" />
                </properties>
                <output><![CDATA[[Code Coverage] Code Coverage results for visited sequence points were saved in D:/BuildAgent/work/GDX-Documentation/Staging/CodeCoverage/GDX_Development-opencov/EditMode/TestCoverageResults_0097.xml
[Code Coverage] Code Coverage requires Burst Compilation to be disabled in order to obtain accurate coverage information. To disable Burst Compilation uncheck Jobs > Burst > Enable Compilation or pass '--burst-disable-compilation' to the command line in batchmode.
]]></output>
              </test-case>
              <test-case id="1523" name="AddTwoCollidingEntries_RemoveSecond_CheckFirstExists" fullname="GDX.Collections.Generic.IntKeyDictionaryTests.AddTwoCollidingEntries_RemoveSecond_CheckFirstExists" methodname="AddTwoCollidingEntries_RemoveSecond_CheckFirstExists" classname="GDX.Collections.Generic.IntKeyDictionaryTests" runstate="Runnable" seed="1829009050" result="Passed" start-time="2023-05-24 20:17:26Z" end-time="2023-05-24 20:17:26Z" duration="0.000348" asserts="0">
                <properties>
                  <property name="Category" value="GDX.Tests" />
                </properties>
                <output><![CDATA[[Code Coverage] Code Coverage results for visited sequence points were saved in D:/BuildAgent/work/GDX-Documentation/Staging/CodeCoverage/GDX_Development-opencov/EditMode/TestCoverageResults_0098.xml
[Code Coverage] Code Coverage requires Burst Compilation to be disabled in order to obtain accurate coverage information. To disable Burst Compilation uncheck Jobs > Burst > Enable Compilation or pass '--burst-disable-compilation' to the command line in batchmode.
]]></output>
              </test-case>
              <test-case id="1510" name="AddUnchecked_CheckExists" fullname="GDX.Collections.Generic.IntKeyDictionaryTests.AddUnchecked_CheckExists" methodname="AddUnchecked_CheckExists" classname="GDX.Collections.Generic.IntKeyDictionaryTests" runstate="Runnable" seed="2108817720" result="Passed" start-time="2023-05-24 20:17:27Z" end-time="2023-05-24 20:17:27Z" duration="0.000295" asserts="0">
                <properties>
                  <property name="Category" value="GDX.Tests" />
                </properties>
                <output><![CDATA[[Code Coverage] Code Coverage results for visited sequence points were saved in D:/BuildAgent/work/GDX-Documentation/Staging/CodeCoverage/GDX_Development-opencov/EditMode/TestCoverageResults_0099.xml
[Code Coverage] Code Coverage requires Burst Compilation to be disabled in order to obtain accurate coverage information. To disable Burst Compilation uncheck Jobs > Burst > Enable Compilation or pass '--burst-disable-compilation' to the command line in batchmode.
]]></output>
              </test-case>
              <test-case id="1502" name="AddWithExpandCheck_CheckEntriesMaintainConnection" fullname="GDX.Collections.Generic.IntKeyDictionaryTests.AddWithExpandCheck_CheckEntriesMaintainConnection" methodname="AddWithExpandCheck_CheckEntriesMaintainConnection" classname="GDX.Collections.Generic.IntKeyDictionaryTests" runstate="Runnable" seed="1342793524" result="Passed" start-time="2023-05-24 20:17:28Z" end-time="2023-05-24 20:17:28Z" duration="0.000604" asserts="0">
                <properties>
                  <property name="Category" value="GDX.Tests" />
                </properties>
                <output><![CDATA[[Code Coverage] Code Coverage results for visited sequence points were saved in D:/BuildAgent/work/GDX-Documentation/Staging/CodeCoverage/GDX_Development-opencov/EditMode/TestCoverageResults_0100.xml
[Code Coverage] Code Coverage requires Burst Compilation to be disabled in order to obtain accurate coverage information. To disable Burst Compilation uncheck Jobs > Burst > Enable Compilation or pass '--burst-disable-compilation' to the command line in batchmode.
]]></output>
              </test-case>
              <test-case id="1500" name="AddWithExpandCheck_CheckExists" fullname="GDX.Collections.Generic.IntKeyDictionaryTests.AddWithExpandCheck_CheckExists" methodname="AddWithExpandCheck_CheckExists" classname="GDX.Collections.Generic.IntKeyDictionaryTests" runstate="Runnable" seed="1407424134" result="Passed" start-time="2023-05-24 20:17:30Z" end-time="2023-05-24 20:17:30Z" duration="0.000295" asserts="0">
                <properties>
                  <property name="Category" value="GDX.Tests" />
                </properties>
                <output><![CDATA[[Code Coverage] Code Coverage results for visited sequence points were saved in D:/BuildAgent/work/GDX-Documentation/Staging/CodeCoverage/GDX_Development-opencov/EditMode/TestCoverageResults_0101.xml
[Code Coverage] Code Coverage requires Burst Compilation to be disabled in order to obtain accurate coverage information. To disable Burst Compilation uncheck Jobs > Burst > Enable Compilation or pass '--burst-disable-compilation' to the command line in batchmode.
]]></output>
              </test-case>
              <test-case id="1501" name="AddWithExpandCheck_CheckExpanded" fullname="GDX.Collections.Generic.IntKeyDictionaryTests.AddWithExpandCheck_CheckExpanded" methodname="AddWithExpandCheck_CheckExpanded" classname="GDX.Collections.Generic.IntKeyDictionaryTests" runstate="Runnable" seed="24069343" result="Passed" start-time="2023-05-24 20:17:31Z" end-time="2023-05-24 20:17:31Z" duration="0.000338" asserts="0">
                <properties>
                  <property name="Category" value="GDX.Tests" />
                </properties>
                <output><![CDATA[[Code Coverage] Code Coverage results for visited sequence points were saved in D:/BuildAgent/work/GDX-Documentation/Staging/CodeCoverage/GDX_Development-opencov/EditMode/TestCoverageResults_0102.xml
[Code Coverage] Code Coverage requires Burst Compilation to be disabled in order to obtain accurate coverage information. To disable Burst Compilation uncheck Jobs > Burst > Enable Compilation or pass '--burst-disable-compilation' to the command line in batchmode.
]]></output>
              </test-case>
              <test-case id="1507" name="AddWithIndexer_CheckEntriesExist" fullname="GDX.Collections.Generic.IntKeyDictionaryTests.AddWithIndexer_CheckEntriesExist" methodname="AddWithIndexer_CheckEntriesExist" classname="GDX.Collections.Generic.IntKeyDictionaryTests" runstate="Runnable" seed="947329844" result="Passed" start-time="2023-05-24 20:17:32Z" end-time="2023-05-24 20:17:32Z" duration="0.000967" asserts="0">
                <properties>
                  <property name="Category" value="GDX.Tests" />
                </properties>
                <output><![CDATA[[Code Coverage] Code Coverage results for visited sequence points were saved in D:/BuildAgent/work/GDX-Documentation/Staging/CodeCoverage/GDX_Development-opencov/EditMode/TestCoverageResults_0103.xml
[Code Coverage] Code Coverage requires Burst Compilation to be disabled in order to obtain accurate coverage information. To disable Burst Compilation uncheck Jobs > Burst > Enable Compilation or pass '--burst-disable-compilation' to the command line in batchmode.
]]></output>
              </test-case>
              <test-case id="1508" name="AddWithIndexer_CheckEntriesMaintainConnection" fullname="GDX.Collections.Generic.IntKeyDictionaryTests.AddWithIndexer_CheckEntriesMaintainConnection" methodname="AddWithIndexer_CheckEntriesMaintainConnection" classname="GDX.Collections.Generic.IntKeyDictionaryTests" runstate="Runnable" seed="1293254665" result="Passed" start-time="2023-05-24 20:17:33Z" end-time="2023-05-24 20:17:33Z" duration="0.000621" asserts="0">
                <properties>
                  <property name="Category" value="GDX.Tests" />
                </properties>
                <output><![CDATA[[Code Coverage] Code Coverage results for visited sequence points were saved in D:/BuildAgent/work/GDX-Documentation/Staging/CodeCoverage/GDX_Development-opencov/EditMode/TestCoverageResults_0104.xml
[Code Coverage] Code Coverage requires Burst Compilation to be disabled in order to obtain accurate coverage information. To disable Burst Compilation uncheck Jobs > Burst > Enable Compilation or pass '--burst-disable-compilation' to the command line in batchmode.
]]></output>
              </test-case>
              <test-case id="1506" name="AddWithIndexer_CheckExpanded" fullname="GDX.Collections.Generic.IntKeyDictionaryTests.AddWithIndexer_CheckExpanded" methodname="AddWithIndexer_CheckExpanded" classname="GDX.Collections.Generic.IntKeyDictionaryTests" runstate="Runnable" seed="47798506" result="Passed" start-time="2023-05-24 20:17:35Z" end-time="2023-05-24 20:17:35Z" duration="0.000345" asserts="0">
                <properties>
                  <property name="Category" value="GDX.Tests" />
                </properties>
                <output><![CDATA[[Code Coverage] Code Coverage results for visited sequence points were saved in D:/BuildAgent/work/GDX-Documentation/Staging/CodeCoverage/GDX_Development-opencov/EditMode/TestCoverageResults_0105.xml
[Code Coverage] Code Coverage requires Burst Compilation to be disabled in order to obtain accurate coverage information. To disable Burst Compilation uncheck Jobs > Burst > Enable Compilation or pass '--burst-disable-compilation' to the command line in batchmode.
]]></output>
              </test-case>
              <test-case id="1509" name="AddWithUniqueCheck_CheckExists" fullname="GDX.Collections.Generic.IntKeyDictionaryTests.AddWithUniqueCheck_CheckExists" methodname="AddWithUniqueCheck_CheckExists" classname="GDX.Collections.Generic.IntKeyDictionaryTests" runstate="Runnable" seed="48885614" result="Passed" start-time="2023-05-24 20:17:36Z" end-time="2023-05-24 20:17:36Z" duration="0.000449" asserts="0">
                <properties>
                  <property name="Category" value="GDX.Tests" />
                </properties>
                <output><![CDATA[[Code Coverage] Code Coverage results for visited sequence points were saved in D:/BuildAgent/work/GDX-Documentation/Staging/CodeCoverage/GDX_Development-opencov/EditMode/TestCoverageResults_0106.xml
[Code Coverage] Code Coverage requires Burst Compilation to be disabled in order to obtain accurate coverage information. To disable Burst Compilation uncheck Jobs > Burst > Enable Compilation or pass '--burst-disable-compilation' to the command line in batchmode.
]]></output>
              </test-case>
              <test-case id="1517" name="AddWithUniqueCheckTwice_CheckAddedOnlyOnce" fullname="GDX.Collections.Generic.IntKeyDictionaryTests.AddWithUniqueCheckTwice_CheckAddedOnlyOnce" methodname="AddWithUniqueCheckTwice_CheckAddedOnlyOnce" classname="GDX.Collections.Generic.IntKeyDictionaryTests" runstate="Runnable" seed="466897416" result="Passed" start-time="2023-05-24 20:17:37Z" end-time="2023-05-24 20:17:37Z" duration="0.000429" asserts="0">
                <properties>
                  <property name="Category" value="GDX.Tests" />
                </properties>
                <output><![CDATA[[Code Coverage] Code Coverage results for visited sequence points were saved in D:/BuildAgent/work/GDX-Documentation/Staging/CodeCoverage/GDX_Development-opencov/EditMode/TestCoverageResults_0107.xml
[Code Coverage] Code Coverage requires Burst Compilation to be disabled in order to obtain accurate coverage information. To disable Burst Compilation uncheck Jobs > Burst > Enable Compilation or pass '--burst-disable-compilation' to the command line in batchmode.
]]></output>
              </test-case>
              <test-case id="1529" name="Clear_CheckCleared" fullname="GDX.Collections.Generic.IntKeyDictionaryTests.Clear_CheckCleared" methodname="Clear_CheckCleared" classname="GDX.Collections.Generic.IntKeyDictionaryTests" runstate="Runnable" seed="2045719795" result="Passed" start-time="2023-05-24 20:17:38Z" end-time="2023-05-24 20:17:38Z" duration="0.000535" asserts="0">
                <properties>
                  <property name="Category" value="GDX.Tests" />
                </properties>
                <output><![CDATA[[Code Coverage] Code Coverage results for visited sequence points were saved in D:/BuildAgent/work/GDX-Documentation/Staging/CodeCoverage/GDX_Development-opencov/EditMode/TestCoverageResults_0108.xml
[Code Coverage] Code Coverage requires Burst Compilation to be disabled in order to obtain accurate coverage information. To disable Burst Compilation uncheck Jobs > Burst > Enable Compilation or pass '--burst-disable-compilation' to the command line in batchmode.
]]></output>
              </test-case>
              <test-case id="1497" name="Constructor_RequestBelowPrimeMinimum_PrimeCapacity" fullname="GDX.Collections.Generic.IntKeyDictionaryTests.Constructor_RequestBelowPrimeMinimum_PrimeCapacity" methodname="Constructor_RequestBelowPrimeMinimum_PrimeCapacity" classname="GDX.Collections.Generic.IntKeyDictionaryTests" runstate="Runnable" seed="679179442" result="Passed" start-time="2023-05-24 20:17:40Z" end-time="2023-05-24 20:17:40Z" duration="0.000376" asserts="0">
                <properties>
                  <property name="Category" value="GDX.Tests" />
                </properties>
                <output><![CDATA[[Code Coverage] Code Coverage results for visited sequence points were saved in D:/BuildAgent/work/GDX-Documentation/Staging/CodeCoverage/GDX_Development-opencov/EditMode/TestCoverageResults_0109.xml
[Code Coverage] Code Coverage requires Burst Compilation to be disabled in order to obtain accurate coverage information. To disable Burst Compilation uncheck Jobs > Burst > Enable Compilation or pass '--burst-disable-compilation' to the command line in batchmode.
]]></output>
              </test-case>
              <test-case id="1496" name="Constructor_RequestPrimeMinimum_PrimeCapacity" fullname="GDX.Collections.Generic.IntKeyDictionaryTests.Constructor_RequestPrimeMinimum_PrimeCapacity" methodname="Constructor_RequestPrimeMinimum_PrimeCapacity" classname="GDX.Collections.Generic.IntKeyDictionaryTests" runstate="Runnable" seed="1498783377" result="Passed" start-time="2023-05-24 20:17:41Z" end-time="2023-05-24 20:17:41Z" duration="0.000316" asserts="0">
                <properties>
                  <property name="Category" value="GDX.Tests" />
                </properties>
                <output><![CDATA[[Code Coverage] Code Coverage results for visited sequence points were saved in D:/BuildAgent/work/GDX-Documentation/Staging/CodeCoverage/GDX_Development-opencov/EditMode/TestCoverageResults_0110.xml
[Code Coverage] Code Coverage requires Burst Compilation to be disabled in order to obtain accurate coverage information. To disable Burst Compilation uncheck Jobs > Burst > Enable Compilation or pass '--burst-disable-compilation' to the command line in batchmode.
]]></output>
              </test-case>
              <test-case id="1495" name="Constructor_RequestZeroMinimum_PrimeCapacity" fullname="GDX.Collections.Generic.IntKeyDictionaryTests.Constructor_RequestZeroMinimum_PrimeCapacity" methodname="Constructor_RequestZeroMinimum_PrimeCapacity" classname="GDX.Collections.Generic.IntKeyDictionaryTests" runstate="Runnable" seed="132401956" result="Passed" start-time="2023-05-24 20:17:42Z" end-time="2023-05-24 20:17:42Z" duration="0.000312" asserts="0">
                <properties>
                  <property name="Category" value="GDX.Tests" />
                </properties>
                <output><![CDATA[[Code Coverage] Code Coverage results for visited sequence points were saved in D:/BuildAgent/work/GDX-Documentation/Staging/CodeCoverage/GDX_Development-opencov/EditMode/TestCoverageResults_0111.xml
[Code Coverage] Code Coverage requires Burst Compilation to be disabled in order to obtain accurate coverage information. To disable Burst Compilation uncheck Jobs > Burst > Enable Compilation or pass '--burst-disable-compilation' to the command line in batchmode.
]]></output>
              </test-case>
              <test-case id="1503" name="ExpandWhenFull_CheckExpanded" fullname="GDX.Collections.Generic.IntKeyDictionaryTests.ExpandWhenFull_CheckExpanded" methodname="ExpandWhenFull_CheckExpanded" classname="GDX.Collections.Generic.IntKeyDictionaryTests" runstate="Runnable" seed="435653200" result="Passed" start-time="2023-05-24 20:17:43Z" end-time="2023-05-24 20:17:43Z" duration="0.000329" asserts="0">
                <properties>
                  <property name="Category" value="GDX.Tests" />
                </properties>
                <output><![CDATA[[Code Coverage] Code Coverage results for visited sequence points were saved in D:/BuildAgent/work/GDX-Documentation/Staging/CodeCoverage/GDX_Development-opencov/EditMode/TestCoverageResults_0112.xml
[Code Coverage] Code Coverage requires Burst Compilation to be disabled in order to obtain accurate coverage information. To disable Burst Compilation uncheck Jobs > Burst > Enable Compilation or pass '--burst-disable-compilation' to the command line in batchmode.
]]></output>
              </test-case>
              <test-case id="1499" name="IndexerAdd_CheckExists" fullname="GDX.Collections.Generic.IntKeyDictionaryTests.IndexerAdd_CheckExists" methodname="IndexerAdd_CheckExists" classname="GDX.Collections.Generic.IntKeyDictionaryTests" runstate="Runnable" seed="658561792" result="Passed" start-time="2023-05-24 20:17:44Z" end-time="2023-05-24 20:17:44Z" duration="0.000295" asserts="0">
                <properties>
                  <property name="Category" value="GDX.Tests" />
                </properties>
                <output><![CDATA[[Code Coverage] Code Coverage results for visited sequence points were saved in D:/BuildAgent/work/GDX-Documentation/Staging/CodeCoverage/GDX_Development-opencov/EditMode/TestCoverageResults_0113.xml
[Code Coverage] Code Coverage requires Burst Compilation to be disabled in order to obtain accurate coverage information. To disable Burst Compilation uncheck Jobs > Burst > Enable Compilation or pass '--burst-disable-compilation' to the command line in batchmode.
]]></output>
              </test-case>
              <test-case id="1519" name="IndexOf_CheckCorrectIndex" fullname="GDX.Collections.Generic.IntKeyDictionaryTests.IndexOf_CheckCorrectIndex" methodname="IndexOf_CheckCorrectIndex" classname="GDX.Collections.Generic.IntKeyDictionaryTests" runstate="Runnable" seed="1251757872" result="Passed" start-time="2023-05-24 20:17:46Z" end-time="2023-05-24 20:17:46Z" duration="0.000367" asserts="0">
                <properties>
                  <property name="Category" value="GDX.Tests" />
                </properties>
                <output><![CDATA[[Code Coverage] Code Coverage results for visited sequence points were saved in D:/BuildAgent/work/GDX-Documentation/Staging/CodeCoverage/GDX_Development-opencov/EditMode/TestCoverageResults_0114.xml
[Code Coverage] Code Coverage requires Burst Compilation to be disabled in order to obtain accurate coverage information. To disable Burst Compilation uncheck Jobs > Burst > Enable Compilation or pass '--burst-disable-compilation' to the command line in batchmode.
]]></output>
              </test-case>
              <test-case id="1520" name="IndexOf_CheckEntryDoesNotExist" fullname="GDX.Collections.Generic.IntKeyDictionaryTests.IndexOf_CheckEntryDoesNotExist" methodname="IndexOf_CheckEntryDoesNotExist" classname="GDX.Collections.Generic.IntKeyDictionaryTests" runstate="Runnable" seed="649551002" result="Passed" start-time="2023-05-24 20:17:47Z" end-time="2023-05-24 20:17:47Z" duration="0.000286" asserts="0">
                <properties>
                  <property name="Category" value="GDX.Tests" />
                </properties>
                <output><![CDATA[[Code Coverage] Code Coverage results for visited sequence points were saved in D:/BuildAgent/work/GDX-Documentation/Staging/CodeCoverage/GDX_Development-opencov/EditMode/TestCoverageResults_0115.xml
[Code Coverage] Code Coverage requires Burst Compilation to be disabled in order to obtain accurate coverage information. To disable Burst Compilation uncheck Jobs > Burst > Enable Compilation or pass '--burst-disable-compilation' to the command line in batchmode.
]]></output>
              </test-case>
              <test-case id="1524" name="MoveNext_FindAllEntries" fullname="GDX.Collections.Generic.IntKeyDictionaryTests.MoveNext_FindAllEntries" methodname="MoveNext_FindAllEntries" classname="GDX.Collections.Generic.IntKeyDictionaryTests" runstate="Runnable" seed="579484716" result="Passed" start-time="2023-05-24 20:17:48Z" end-time="2023-05-24 20:17:48Z" duration="0.000453" asserts="0">
                <properties>
                  <property name="Category" value="GDX.Tests" />
                </properties>
                <output><![CDATA[[Code Coverage] Code Coverage results for visited sequence points were saved in D:/BuildAgent/work/GDX-Documentation/Staging/CodeCoverage/GDX_Development-opencov/EditMode/TestCoverageResults_0116.xml
[Code Coverage] Code Coverage requires Burst Compilation to be disabled in order to obtain accurate coverage information. To disable Burst Compilation uncheck Jobs > Burst > Enable Compilation or pass '--burst-disable-compilation' to the command line in batchmode.
]]></output>
              </test-case>
              <test-case id="1525" name="MoveNext_NoVersionOrOutValue_FindAllEntries" fullname="GDX.Collections.Generic.IntKeyDictionaryTests.MoveNext_NoVersionOrOutValue_FindAllEntries" methodname="MoveNext_NoVersionOrOutValue_FindAllEntries" classname="GDX.Collections.Generic.IntKeyDictionaryTests" runstate="Runnable" seed="801752700" result="Passed" start-time="2023-05-24 20:17:49Z" end-time="2023-05-24 20:17:49Z" duration="0.000480" asserts="0">
                <properties>
                  <property name="Category" value="GDX.Tests" />
                </properties>
                <output><![CDATA[[Code Coverage] Code Coverage results for visited sequence points were saved in D:/BuildAgent/work/GDX-Documentation/Staging/CodeCoverage/GDX_Development-opencov/EditMode/TestCoverageResults_0117.xml
[Code Coverage] Code Coverage requires Burst Compilation to be disabled in order to obtain accurate coverage information. To disable Burst Compilation uncheck Jobs > Burst > Enable Compilation or pass '--burst-disable-compilation' to the command line in batchmode.
]]></output>
              </test-case>
              <test-case id="1527" name="MoveNextWithVersion_CheckEarlyOutFromInvalidation" fullname="GDX.Collections.Generic.IntKeyDictionaryTests.MoveNextWithVersion_CheckEarlyOutFromInvalidation" methodname="MoveNextWithVersion_CheckEarlyOutFromInvalidation" classname="GDX.Collections.Generic.IntKeyDictionaryTests" runstate="Runnable" seed="94526472" result="Passed" start-time="2023-05-24 20:17:50Z" end-time="2023-05-24 20:17:50Z" duration="0.000510" asserts="0">
                <properties>
                  <property name="Category" value="GDX.Tests" />
                </properties>
                <output><![CDATA[[Code Coverage] Code Coverage results for visited sequence points were saved in D:/BuildAgent/work/GDX-Documentation/Staging/CodeCoverage/GDX_Development-opencov/EditMode/TestCoverageResults_0118.xml
[Code Coverage] Code Coverage requires Burst Compilation to be disabled in order to obtain accurate coverage information. To disable Burst Compilation uncheck Jobs > Burst > Enable Compilation or pass '--burst-disable-compilation' to the command line in batchmode.
]]></output>
              </test-case>
              <test-case id="1526" name="MoveNextWithVersion_FindAllEntries" fullname="GDX.Collections.Generic.IntKeyDictionaryTests.MoveNextWithVersion_FindAllEntries" methodname="MoveNextWithVersion_FindAllEntries" classname="GDX.Collections.Generic.IntKeyDictionaryTests" runstate="Runnable" seed="196019345" result="Passed" start-time="2023-05-24 20:17:52Z" end-time="2023-05-24 20:17:52Z" duration="0.000367" asserts="0">
                <properties>
                  <property name="Category" value="GDX.Tests" />
                </properties>
                <output><![CDATA[[Code Coverage] Code Coverage results for visited sequence points were saved in D:/BuildAgent/work/GDX-Documentation/Staging/CodeCoverage/GDX_Development-opencov/EditMode/TestCoverageResults_0119.xml
[Code Coverage] Code Coverage requires Burst Compilation to be disabled in order to obtain accurate coverage information. To disable Burst Compilation uncheck Jobs > Burst > Enable Compilation or pass '--burst-disable-compilation' to the command line in batchmode.
]]></output>
              </test-case>
              <test-case id="1518" name="Reserve_CheckExpandedCapacity" fullname="GDX.Collections.Generic.IntKeyDictionaryTests.Reserve_CheckExpandedCapacity" methodname="Reserve_CheckExpandedCapacity" classname="GDX.Collections.Generic.IntKeyDictionaryTests" runstate="Runnable" seed="575585648" result="Passed" start-time="2023-05-24 20:17:53Z" end-time="2023-05-24 20:17:53Z" duration="0.000524" asserts="0">
                <properties>
                  <property name="Category" value="GDX.Tests" />
                </properties>
                <output><![CDATA[[Code Coverage] Code Coverage results for visited sequence points were saved in D:/BuildAgent/work/GDX-Documentation/Staging/CodeCoverage/GDX_Development-opencov/EditMode/TestCoverageResults_0120.xml
[Code Coverage] Code Coverage requires Burst Compilation to be disabled in order to obtain accurate coverage information. To disable Burst Compilation uncheck Jobs > Burst > Enable Compilation or pass '--burst-disable-compilation' to the command line in batchmode.
]]></output>
              </test-case>
              <test-case id="1528" name="TryGetValue" fullname="GDX.Collections.Generic.IntKeyDictionaryTests.TryGetValue" methodname="TryGetValue" classname="GDX.Collections.Generic.IntKeyDictionaryTests" runstate="Runnable" seed="1054921246" result="Passed" start-time="2023-05-24 20:17:54Z" end-time="2023-05-24 20:17:54Z" duration="0.000775" asserts="0">
                <properties>
                  <property name="Category" value="GDX.Tests" />
                </properties>
                <output><![CDATA[[Code Coverage] Code Coverage results for visited sequence points were saved in D:/BuildAgent/work/GDX-Documentation/Staging/CodeCoverage/GDX_Development-opencov/EditMode/TestCoverageResults_0121.xml
[Code Coverage] Code Coverage requires Burst Compilation to be disabled in order to obtain accurate coverage information. To disable Burst Compilation uncheck Jobs > Burst > Enable Compilation or pass '--burst-disable-compilation' to the command line in batchmode.
]]></output>
              </test-case>
              <test-case id="1511" name="TryModify_CheckActuallyModified" fullname="GDX.Collections.Generic.IntKeyDictionaryTests.TryModify_CheckActuallyModified" methodname="TryModify_CheckActuallyModified" classname="GDX.Collections.Generic.IntKeyDictionaryTests" runstate="Runnable" seed="1019733689" result="Passed" start-time="2023-05-24 20:17:55Z" end-time="2023-05-24 20:17:55Z" duration="0.000427" asserts="0">
                <properties>
                  <property name="Category" value="GDX.Tests" />
                </properties>
                <output><![CDATA[[Code Coverage] Code Coverage results for visited sequence points were saved in D:/BuildAgent/work/GDX-Documentation/Staging/CodeCoverage/GDX_Development-opencov/EditMode/TestCoverageResults_0122.xml
[Code Coverage] Code Coverage requires Burst Compilation to be disabled in order to obtain accurate coverage information. To disable Burst Compilation uncheck Jobs > Burst > Enable Compilation or pass '--burst-disable-compilation' to the command line in batchmode.
]]></output>
              </test-case>
              <test-case id="1512" name="TryModify_CheckNotModified" fullname="GDX.Collections.Generic.IntKeyDictionaryTests.TryModify_CheckNotModified" methodname="TryModify_CheckNotModified" classname="GDX.Collections.Generic.IntKeyDictionaryTests" runstate="Runnable" seed="544831584" result="Passed" start-time="2023-05-24 20:17:56Z" end-time="2023-05-24 20:17:56Z" duration="0.000304" asserts="0">
                <properties>
                  <property name="Category" value="GDX.Tests" />
                </properties>
                <output><![CDATA[[Code Coverage] Code Coverage results for visited sequence points were saved in D:/BuildAgent/work/GDX-Documentation/Staging/CodeCoverage/GDX_Development-opencov/EditMode/TestCoverageResults_0123.xml
[Code Coverage] Code Coverage requires Burst Compilation to be disabled in order to obtain accurate coverage information. To disable Burst Compilation uncheck Jobs > Burst > Enable Compilation or pass '--burst-disable-compilation' to the command line in batchmode.
]]></output>
              </test-case>
              <test-case id="1513" name="TryRemove_CheckActuallyRemoved" fullname="GDX.Collections.Generic.IntKeyDictionaryTests.TryRemove_CheckActuallyRemoved" methodname="TryRemove_CheckActuallyRemoved" classname="GDX.Collections.Generic.IntKeyDictionaryTests" runstate="Runnable" seed="777356873" result="Passed" start-time="2023-05-24 20:17:58Z" end-time="2023-05-24 20:17:58Z" duration="0.000383" asserts="0">
                <properties>
                  <property name="Category" value="GDX.Tests" />
                </properties>
                <output><![CDATA[[Code Coverage] Code Coverage results for visited sequence points were saved in D:/BuildAgent/work/GDX-Documentation/Staging/CodeCoverage/GDX_Development-opencov/EditMode/TestCoverageResults_0124.xml
[Code Coverage] Code Coverage requires Burst Compilation to be disabled in order to obtain accurate coverage information. To disable Burst Compilation uncheck Jobs > Burst > Enable Compilation or pass '--burst-disable-compilation' to the command line in batchmode.
]]></output>
              </test-case>
              <test-case id="1514" name="TryRemove_Twice_CheckCorrectReturnValues" fullname="GDX.Collections.Generic.IntKeyDictionaryTests.TryRemove_Twice_CheckCorrectReturnValues" methodname="TryRemove_Twice_CheckCorrectReturnValues" classname="GDX.Collections.Generic.IntKeyDictionaryTests" runstate="Runnable" seed="941674199" result="Passed" start-time="2023-05-24 20:17:59Z" end-time="2023-05-24 20:17:59Z" duration="0.000311" asserts="0">
                <properties>
                  <property name="Category" value="GDX.Tests" />
                </properties>
                <output><![CDATA[[Code Coverage] Code Coverage results for visited sequence points were saved in D:/BuildAgent/work/GDX-Documentation/Staging/CodeCoverage/GDX_Development-opencov/EditMode/TestCoverageResults_0125.xml
[Code Coverage] Code Coverage requires Burst Compilation to be disabled in order to obtain accurate coverage information. To disable Burst Compilation uncheck Jobs > Burst > Enable Compilation or pass '--burst-disable-compilation' to the command line in batchmode.
]]></output>
              </test-case>
              <test-case id="1515" name="TryRemoveNoValueClear_CheckActuallyRemoved" fullname="GDX.Collections.Generic.IntKeyDictionaryTests.TryRemoveNoValueClear_CheckActuallyRemoved" methodname="TryRemoveNoValueClear_CheckActuallyRemoved" classname="GDX.Collections.Generic.IntKeyDictionaryTests" runstate="Runnable" seed="1991125939" result="Passed" start-time="2023-05-24 20:18:00Z" end-time="2023-05-24 20:18:00Z" duration="0.000702" asserts="0">
                <properties>
                  <property name="Category" value="GDX.Tests" />
                </properties>
                <output><![CDATA[[Code Coverage] Code Coverage results for visited sequence points were saved in D:/BuildAgent/work/GDX-Documentation/Staging/CodeCoverage/GDX_Development-opencov/EditMode/TestCoverageResults_0126.xml
[Code Coverage] Code Coverage requires Burst Compilation to be disabled in order to obtain accurate coverage information. To disable Burst Compilation uncheck Jobs > Burst > Enable Compilation or pass '--burst-disable-compilation' to the command line in batchmode.
]]></output>
              </test-case>
              <test-case id="1516" name="TryRemoveNoValueClear_Twice_CheckCorrectReturnValues" fullname="GDX.Collections.Generic.IntKeyDictionaryTests.TryRemoveNoValueClear_Twice_CheckCorrectReturnValues" methodname="TryRemoveNoValueClear_Twice_CheckCorrectReturnValues" classname="GDX.Collections.Generic.IntKeyDictionaryTests" runstate="Runnable" seed="1659859334" result="Passed" start-time="2023-05-24 20:18:02Z" end-time="2023-05-24 20:18:02Z" duration="0.000430" asserts="0">
                <properties>
                  <property name="Category" value="GDX.Tests" />
                </properties>
                <output><![CDATA[[Code Coverage] Code Coverage results for visited sequence points were saved in D:/BuildAgent/work/GDX-Documentation/Staging/CodeCoverage/GDX_Development-opencov/EditMode/TestCoverageResults_0127.xml
[Code Coverage] Code Coverage requires Burst Compilation to be disabled in order to obtain accurate coverage information. To disable Burst Compilation uncheck Jobs > Burst > Enable Compilation or pass '--burst-disable-compilation' to the command line in batchmode.
]]></output>
              </test-case>
            </test-suite>
            <test-suite type="TestFixture" id="1530" name="NativeArray3DTests" fullname="GDX.Collections.Generic.NativeArray3DTests" classname="GDX.Collections.Generic.NativeArray3DTests" runstate="Runnable" testcasecount="10" result="Passed" start-time="2023-05-24 20:18:03Z" end-time="2023-05-24 20:18:15Z" duration="12.018159" total="10" passed="10" failed="0" inconclusive="0" skipped="0" asserts="0">
              <properties />
              <test-case id="1531" name="Constructor_CorrectSizes" fullname="GDX.Collections.Generic.NativeArray3DTests.Constructor_CorrectSizes" methodname="Constructor_CorrectSizes" classname="GDX.Collections.Generic.NativeArray3DTests" runstate="Runnable" seed="1635868766" result="Passed" start-time="2023-05-24 20:18:03Z" end-time="2023-05-24 20:18:03Z" duration="0.002290" asserts="0">
                <properties>
                  <property name="Category" value="GDX.Tests" />
                </properties>
                <output><![CDATA[[Code Coverage] Code Coverage results for visited sequence points were saved in D:/BuildAgent/work/GDX-Documentation/Staging/CodeCoverage/GDX_Development-opencov/EditMode/TestCoverageResults_0128.xml
[Code Coverage] Code Coverage requires Burst Compilation to be disabled in order to obtain accurate coverage information. To disable Burst Compilation uncheck Jobs > Burst > Enable Compilation or pass '--burst-disable-compilation' to the command line in batchmode.
]]></output>
              </test-case>
              <test-case id="1532" name="GetByIndex_LastSpot_ValidEntry" fullname="GDX.Collections.Generic.NativeArray3DTests.GetByIndex_LastSpot_ValidEntry" methodname="GetByIndex_LastSpot_ValidEntry" classname="GDX.Collections.Generic.NativeArray3DTests" runstate="Runnable" seed="151459281" result="Passed" start-time="2023-05-24 20:18:04Z" end-time="2023-05-24 20:18:04Z" duration="0.000854" asserts="0">
                <properties>
                  <property name="Category" value="GDX.Tests" />
                </properties>
                <output><![CDATA[[Code Coverage] Code Coverage results for visited sequence points were saved in D:/BuildAgent/work/GDX-Documentation/Staging/CodeCoverage/GDX_Development-opencov/EditMode/TestCoverageResults_0129.xml
[Code Coverage] Code Coverage requires Burst Compilation to be disabled in order to obtain accurate coverage information. To disable Burst Compilation uncheck Jobs > Burst > Enable Compilation or pass '--burst-disable-compilation' to the command line in batchmode.
]]></output>
              </test-case>
              <test-case id="1534" name="GetByInt3_LastSpot_ValidEntry" fullname="GDX.Collections.Generic.NativeArray3DTests.GetByInt3_LastSpot_ValidEntry" methodname="GetByInt3_LastSpot_ValidEntry" classname="GDX.Collections.Generic.NativeArray3DTests" runstate="Runnable" seed="1159217997" result="Passed" start-time="2023-05-24 20:18:05Z" end-time="2023-05-24 20:18:05Z" duration="0.000437" asserts="0">
                <properties>
                  <property name="Category" value="GDX.Tests" />
                </properties>
                <output><![CDATA[[Code Coverage] Code Coverage results for visited sequence points were saved in D:/BuildAgent/work/GDX-Documentation/Staging/CodeCoverage/GDX_Development-opencov/EditMode/TestCoverageResults_0130.xml
[Code Coverage] Code Coverage requires Burst Compilation to be disabled in order to obtain accurate coverage information. To disable Burst Compilation uncheck Jobs > Burst > Enable Compilation or pass '--burst-disable-compilation' to the command line in batchmode.
]]></output>
              </test-case>
              <test-case id="1537" name="GetFromIndex_FirstSpot_Valid" fullname="GDX.Collections.Generic.NativeArray3DTests.GetFromIndex_FirstSpot_Valid" methodname="GetFromIndex_FirstSpot_Valid" classname="GDX.Collections.Generic.NativeArray3DTests" runstate="Runnable" seed="416664725" result="Passed" start-time="2023-05-24 20:18:06Z" end-time="2023-05-24 20:18:06Z" duration="0.000449" asserts="0">
                <properties>
                  <property name="Category" value="GDX.Tests" />
                </properties>
                <output><![CDATA[[Code Coverage] Code Coverage results for visited sequence points were saved in D:/BuildAgent/work/GDX-Documentation/Staging/CodeCoverage/GDX_Development-opencov/EditMode/TestCoverageResults_0131.xml
[Code Coverage] Code Coverage requires Burst Compilation to be disabled in order to obtain accurate coverage information. To disable Burst Compilation uncheck Jobs > Burst > Enable Compilation or pass '--burst-disable-compilation' to the command line in batchmode.
]]></output>
              </test-case>
              <test-case id="1539" name="GetFromIndex_LastBottomRow_Valid" fullname="GDX.Collections.Generic.NativeArray3DTests.GetFromIndex_LastBottomRow_Valid" methodname="GetFromIndex_LastBottomRow_Valid" classname="GDX.Collections.Generic.NativeArray3DTests" runstate="Runnable" seed="766463847" result="Passed" start-time="2023-05-24 20:18:08Z" end-time="2023-05-24 20:18:08Z" duration="0.000386" asserts="0">
                <properties>
                  <property name="Category" value="GDX.Tests" />
                </properties>
                <output><![CDATA[[Code Coverage] Code Coverage results for visited sequence points were saved in D:/BuildAgent/work/GDX-Documentation/Staging/CodeCoverage/GDX_Development-opencov/EditMode/TestCoverageResults_0132.xml
[Code Coverage] Code Coverage requires Burst Compilation to be disabled in order to obtain accurate coverage information. To disable Burst Compilation uncheck Jobs > Burst > Enable Compilation or pass '--burst-disable-compilation' to the command line in batchmode.
]]></output>
              </test-case>
              <test-case id="1538" name="GetFromIndex_LastFirstRow_Valid" fullname="GDX.Collections.Generic.NativeArray3DTests.GetFromIndex_LastFirstRow_Valid" methodname="GetFromIndex_LastFirstRow_Valid" classname="GDX.Collections.Generic.NativeArray3DTests" runstate="Runnable" seed="1708048600" result="Passed" start-time="2023-05-24 20:18:09Z" end-time="2023-05-24 20:18:09Z" duration="0.000380" asserts="0">
                <properties>
                  <property name="Category" value="GDX.Tests" />
                </properties>
                <output><![CDATA[[Code Coverage] Code Coverage results for visited sequence points were saved in D:/BuildAgent/work/GDX-Documentation/Staging/CodeCoverage/GDX_Development-opencov/EditMode/TestCoverageResults_0133.xml
[Code Coverage] Code Coverage requires Burst Compilation to be disabled in order to obtain accurate coverage information. To disable Burst Compilation uncheck Jobs > Burst > Enable Compilation or pass '--burst-disable-compilation' to the command line in batchmode.
]]></output>
              </test-case>
              <test-case id="1536" name="GetFromIndex_LastSpot_Valid" fullname="GDX.Collections.Generic.NativeArray3DTests.GetFromIndex_LastSpot_Valid" methodname="GetFromIndex_LastSpot_Valid" classname="GDX.Collections.Generic.NativeArray3DTests" runstate="Runnable" seed="575518813" result="Passed" start-time="2023-05-24 20:18:10Z" end-time="2023-05-24 20:18:10Z" duration="0.000372" asserts="0">
                <properties>
                  <property name="Category" value="GDX.Tests" />
                </properties>
                <output><![CDATA[[Code Coverage] Code Coverage results for visited sequence points were saved in D:/BuildAgent/work/GDX-Documentation/Staging/CodeCoverage/GDX_Development-opencov/EditMode/TestCoverageResults_0134.xml
[Code Coverage] Code Coverage requires Burst Compilation to be disabled in order to obtain accurate coverage information. To disable Burst Compilation uncheck Jobs > Burst > Enable Compilation or pass '--burst-disable-compilation' to the command line in batchmode.
]]></output>
              </test-case>
              <test-case id="1540" name="GetFromIndex_SecondTopRowAtBack_Valid" fullname="GDX.Collections.Generic.NativeArray3DTests.GetFromIndex_SecondTopRowAtBack_Valid" methodname="GetFromIndex_SecondTopRowAtBack_Valid" classname="GDX.Collections.Generic.NativeArray3DTests" runstate="Runnable" seed="593656386" result="Passed" start-time="2023-05-24 20:18:11Z" end-time="2023-05-24 20:18:11Z" duration="0.000363" asserts="0">
                <properties>
                  <property name="Category" value="GDX.Tests" />
                </properties>
                <output><![CDATA[[Code Coverage] Code Coverage results for visited sequence points were saved in D:/BuildAgent/work/GDX-Documentation/Staging/CodeCoverage/GDX_Development-opencov/EditMode/TestCoverageResults_0135.xml
[Code Coverage] Code Coverage requires Burst Compilation to be disabled in order to obtain accurate coverage information. To disable Burst Compilation uncheck Jobs > Burst > Enable Compilation or pass '--burst-disable-compilation' to the command line in batchmode.
]]></output>
              </test-case>
              <test-case id="1533" name="SetByIndex_LastSpot_ValidEntry" fullname="GDX.Collections.Generic.NativeArray3DTests.SetByIndex_LastSpot_ValidEntry" methodname="SetByIndex_LastSpot_ValidEntry" classname="GDX.Collections.Generic.NativeArray3DTests" runstate="Runnable" seed="754189980" result="Passed" start-time="2023-05-24 20:18:12Z" end-time="2023-05-24 20:18:12Z" duration="0.000445" asserts="0">
                <properties>
                  <property name="Category" value="GDX.Tests" />
                </properties>
                <output><![CDATA[[Code Coverage] Code Coverage results for visited sequence points were saved in D:/BuildAgent/work/GDX-Documentation/Staging/CodeCoverage/GDX_Development-opencov/EditMode/TestCoverageResults_0136.xml
[Code Coverage] Code Coverage requires Burst Compilation to be disabled in order to obtain accurate coverage information. To disable Burst Compilation uncheck Jobs > Burst > Enable Compilation or pass '--burst-disable-compilation' to the command line in batchmode.
]]></output>
              </test-case>
              <test-case id="1535" name="SetByInt3_LastSpot_ValidEntry" fullname="GDX.Collections.Generic.NativeArray3DTests.SetByInt3_LastSpot_ValidEntry" methodname="SetByInt3_LastSpot_ValidEntry" classname="GDX.Collections.Generic.NativeArray3DTests" runstate="Runnable" seed="243737618" result="Passed" start-time="2023-05-24 20:18:14Z" end-time="2023-05-24 20:18:14Z" duration="0.000435" asserts="0">
                <properties>
                  <property name="Category" value="GDX.Tests" />
                </properties>
                <output><![CDATA[[Code Coverage] Code Coverage results for visited sequence points were saved in D:/BuildAgent/work/GDX-Documentation/Staging/CodeCoverage/GDX_Development-opencov/EditMode/TestCoverageResults_0137.xml
[Code Coverage] Code Coverage requires Burst Compilation to be disabled in order to obtain accurate coverage information. To disable Burst Compilation uncheck Jobs > Burst > Enable Compilation or pass '--burst-disable-compilation' to the command line in batchmode.
]]></output>
              </test-case>
            </test-suite>
            <test-suite type="TestFixture" id="1541" name="NativeArraySparseSetTests" fullname="GDX.Collections.Generic.NativeArraySparseSetTests" classname="GDX.Collections.Generic.NativeArraySparseSetTests" runstate="Runnable" testcasecount="31" result="Passed" start-time="2023-05-24 20:18:15Z" end-time="2023-05-24 20:18:53Z" duration="37.750685" total="31" passed="31" failed="0" inconclusive="0" skipped="0" asserts="0">
              <properties />
              <test-case id="1544" name="AddUnchecked_MockData_IndicesReserved" fullname="GDX.Collections.Generic.NativeArraySparseSetTests.AddUnchecked_MockData_IndicesReserved" methodname="AddUnchecked_MockData_IndicesReserved" classname="GDX.Collections.Generic.NativeArraySparseSetTests" runstate="Runnable" seed="27183743" result="Passed" start-time="2023-05-24 20:18:15Z" end-time="2023-05-24 20:18:15Z" duration="0.000550" asserts="0">
                <properties>
                  <property name="Category" value="GDX.Tests" />
                </properties>
                <output><![CDATA[[Code Coverage] Code Coverage results for visited sequence points were saved in D:/BuildAgent/work/GDX-Documentation/Staging/CodeCoverage/GDX_Development-opencov/EditMode/TestCoverageResults_0138.xml
[Code Coverage] Code Coverage requires Burst Compilation to be disabled in order to obtain accurate coverage information. To disable Burst Compilation uncheck Jobs > Burst > Enable Compilation or pass '--burst-disable-compilation' to the command line in batchmode.
]]></output>
              </test-case>
              <test-case id="1547" name="AddUnchecked_MockDataAndVersionArrayOverflow_ThrowsException" fullname="GDX.Collections.Generic.NativeArraySparseSetTests.AddUnchecked_MockDataAndVersionArrayOverflow_ThrowsException" methodname="AddUnchecked_MockDataAndVersionArrayOverflow_ThrowsException" classname="GDX.Collections.Generic.NativeArraySparseSetTests" runstate="Runnable" seed="481050969" result="Passed" start-time="2023-05-24 20:18:16Z" end-time="2023-05-24 20:18:16Z" duration="0.001992" asserts="0">
                <properties>
                  <property name="Category" value="GDX.Tests" />
                </properties>
                <output><![CDATA[[Code Coverage] Code Coverage results for visited sequence points were saved in D:/BuildAgent/work/GDX-Documentation/Staging/CodeCoverage/GDX_Development-opencov/EditMode/TestCoverageResults_0139.xml
[Code Coverage] Code Coverage requires Burst Compilation to be disabled in order to obtain accurate coverage information. To disable Burst Compilation uncheck Jobs > Burst > Enable Compilation or pass '--burst-disable-compilation' to the command line in batchmode.
]]></output>
              </test-case>
              <test-case id="1546" name="AddUnchecked_MockDataOverflow_ThrowsException" fullname="GDX.Collections.Generic.NativeArraySparseSetTests.AddUnchecked_MockDataOverflow_ThrowsException" methodname="AddUnchecked_MockDataOverflow_ThrowsException" classname="GDX.Collections.Generic.NativeArraySparseSetTests" runstate="Runnable" seed="790238568" result="Passed" start-time="2023-05-24 20:18:17Z" end-time="2023-05-24 20:18:17Z" duration="0.000428" asserts="0">
                <properties>
                  <property name="Category" value="GDX.Tests" />
                </properties>
                <output><![CDATA[[Code Coverage] Code Coverage results for visited sequence points were saved in D:/BuildAgent/work/GDX-Documentation/Staging/CodeCoverage/GDX_Development-opencov/EditMode/TestCoverageResults_0140.xml
[Code Coverage] Code Coverage requires Burst Compilation to be disabled in order to obtain accurate coverage information. To disable Burst Compilation uncheck Jobs > Burst > Enable Compilation or pass '--burst-disable-compilation' to the command line in batchmode.
]]></output>
              </test-case>
              <test-case id="1545" name="AddUnchecked_MockDataWithVersionArray__IndicesReserved" fullname="GDX.Collections.Generic.NativeArraySparseSetTests.AddUnchecked_MockDataWithVersionArray__IndicesReserved" methodname="AddUnchecked_MockDataWithVersionArray__IndicesReserved" classname="GDX.Collections.Generic.NativeArraySparseSetTests" runstate="Runnable" seed="1921079752" result="Passed" start-time="2023-05-24 20:18:19Z" end-time="2023-05-24 20:18:19Z" duration="0.000365" asserts="0">
                <properties>
                  <property name="Category" value="GDX.Tests" />
                </properties>
                <output><![CDATA[[Code Coverage] Code Coverage results for visited sequence points were saved in D:/BuildAgent/work/GDX-Documentation/Staging/CodeCoverage/GDX_Development-opencov/EditMode/TestCoverageResults_0141.xml
[Code Coverage] Code Coverage requires Burst Compilation to be disabled in order to obtain accurate coverage information. To disable Burst Compilation uncheck Jobs > Burst > Enable Compilation or pass '--burst-disable-compilation' to the command line in batchmode.
]]></output>
              </test-case>
              <test-case id="1550" name="AddUnchecked_MockDataWithVersionArray_Expanded" fullname="GDX.Collections.Generic.NativeArraySparseSetTests.AddUnchecked_MockDataWithVersionArray_Expanded" methodname="AddUnchecked_MockDataWithVersionArray_Expanded" classname="GDX.Collections.Generic.NativeArraySparseSetTests" runstate="Runnable" seed="832552249" result="Passed" start-time="2023-05-24 20:18:20Z" end-time="2023-05-24 20:18:20Z" duration="0.001784" asserts="0">
                <properties>
                  <property name="Category" value="GDX.Tests" />
                </properties>
                <output><![CDATA[[Code Coverage] Code Coverage results for visited sequence points were saved in D:/BuildAgent/work/GDX-Documentation/Staging/CodeCoverage/GDX_Development-opencov/EditMode/TestCoverageResults_0142.xml
[Code Coverage] Code Coverage requires Burst Compilation to be disabled in order to obtain accurate coverage information. To disable Burst Compilation uncheck Jobs > Burst > Enable Compilation or pass '--burst-disable-compilation' to the command line in batchmode.
]]></output>
              </test-case>
              <test-case id="1548" name="AddWithExpandCheck_MockData_Expanded" fullname="GDX.Collections.Generic.NativeArraySparseSetTests.AddWithExpandCheck_MockData_Expanded" methodname="AddWithExpandCheck_MockData_Expanded" classname="GDX.Collections.Generic.NativeArraySparseSetTests" runstate="Runnable" seed="1088657829" result="Passed" start-time="2023-05-24 20:18:21Z" end-time="2023-05-24 20:18:21Z" duration="0.000435" asserts="0">
                <properties>
                  <property name="Category" value="GDX.Tests" />
                </properties>
                <output><![CDATA[[Code Coverage] Code Coverage results for visited sequence points were saved in D:/BuildAgent/work/GDX-Documentation/Staging/CodeCoverage/GDX_Development-opencov/EditMode/TestCoverageResults_0143.xml
[Code Coverage] Code Coverage requires Burst Compilation to be disabled in order to obtain accurate coverage information. To disable Burst Compilation uncheck Jobs > Burst > Enable Compilation or pass '--burst-disable-compilation' to the command line in batchmode.
]]></output>
              </test-case>
              <test-case id="1549" name="AddWithExpandCheck_MockDataWithVersionArray_Expanded" fullname="GDX.Collections.Generic.NativeArraySparseSetTests.AddWithExpandCheck_MockDataWithVersionArray_Expanded" methodname="AddWithExpandCheck_MockDataWithVersionArray_Expanded" classname="GDX.Collections.Generic.NativeArraySparseSetTests" runstate="Runnable" seed="1895814514" result="Passed" start-time="2023-05-24 20:18:22Z" end-time="2023-05-24 20:18:22Z" duration="0.001534" asserts="0">
                <properties>
                  <property name="Category" value="GDX.Tests" />
                </properties>
                <output><![CDATA[[Code Coverage] Code Coverage results for visited sequence points were saved in D:/BuildAgent/work/GDX-Documentation/Staging/CodeCoverage/GDX_Development-opencov/EditMode/TestCoverageResults_0144.xml
[Code Coverage] Code Coverage requires Burst Compilation to be disabled in order to obtain accurate coverage information. To disable Burst Compilation uncheck Jobs > Burst > Enable Compilation or pass '--burst-disable-compilation' to the command line in batchmode.
]]></output>
              </test-case>
              <test-case id="1565" name="Clear_MockData_ArraysCleared" fullname="GDX.Collections.Generic.NativeArraySparseSetTests.Clear_MockData_ArraysCleared" methodname="Clear_MockData_ArraysCleared" classname="GDX.Collections.Generic.NativeArraySparseSetTests" runstate="Runnable" seed="1971569502" result="Passed" start-time="2023-05-24 20:18:23Z" end-time="2023-05-24 20:18:23Z" duration="0.000451" asserts="0">
                <properties>
                  <property name="Category" value="GDX.Tests" />
                </properties>
                <output><![CDATA[[Code Coverage] Code Coverage results for visited sequence points were saved in D:/BuildAgent/work/GDX-Documentation/Staging/CodeCoverage/GDX_Development-opencov/EditMode/TestCoverageResults_0145.xml
[Code Coverage] Code Coverage requires Burst Compilation to be disabled in order to obtain accurate coverage information. To disable Burst Compilation uncheck Jobs > Burst > Enable Compilation or pass '--burst-disable-compilation' to the command line in batchmode.
]]></output>
              </test-case>
              <test-case id="1566" name="Clear_MockDataWithVersionArray_ArraysCleared" fullname="GDX.Collections.Generic.NativeArraySparseSetTests.Clear_MockDataWithVersionArray_ArraysCleared" methodname="Clear_MockDataWithVersionArray_ArraysCleared" classname="GDX.Collections.Generic.NativeArraySparseSetTests" runstate="Runnable" seed="480061542" result="Passed" start-time="2023-05-24 20:18:25Z" end-time="2023-05-24 20:18:25Z" duration="0.000627" asserts="0">
                <properties>
                  <property name="Category" value="GDX.Tests" />
                </properties>
                <output><![CDATA[[Code Coverage] Code Coverage results for visited sequence points were saved in D:/BuildAgent/work/GDX-Documentation/Staging/CodeCoverage/GDX_Development-opencov/EditMode/TestCoverageResults_0146.xml
[Code Coverage] Code Coverage requires Burst Compilation to be disabled in order to obtain accurate coverage information. To disable Burst Compilation uncheck Jobs > Burst > Enable Compilation or pass '--burst-disable-compilation' to the command line in batchmode.
]]></output>
              </test-case>
              <test-case id="1567" name="ClearWithVersionReset_MockData_ArraysClearedAndVersionReset" fullname="GDX.Collections.Generic.NativeArraySparseSetTests.ClearWithVersionReset_MockData_ArraysClearedAndVersionReset" methodname="ClearWithVersionReset_MockData_ArraysClearedAndVersionReset" classname="GDX.Collections.Generic.NativeArraySparseSetTests" runstate="Runnable" seed="1707232238" result="Passed" start-time="2023-05-24 20:18:26Z" end-time="2023-05-24 20:18:26Z" duration="0.000450" asserts="0">
                <properties>
                  <property name="Category" value="GDX.Tests" />
                </properties>
                <output><![CDATA[[Code Coverage] Code Coverage results for visited sequence points were saved in D:/BuildAgent/work/GDX-Documentation/Staging/CodeCoverage/GDX_Development-opencov/EditMode/TestCoverageResults_0147.xml
[Code Coverage] Code Coverage requires Burst Compilation to be disabled in order to obtain accurate coverage information. To disable Burst Compilation uncheck Jobs > Burst > Enable Compilation or pass '--burst-disable-compilation' to the command line in batchmode.
]]></output>
              </test-case>
              <test-case id="1542" name="Constructor_CreateWithCount" fullname="GDX.Collections.Generic.NativeArraySparseSetTests.Constructor_CreateWithCount" methodname="Constructor_CreateWithCount" classname="GDX.Collections.Generic.NativeArraySparseSetTests" runstate="Runnable" seed="692927228" result="Passed" start-time="2023-05-24 20:18:27Z" end-time="2023-05-24 20:18:27Z" duration="0.000311" asserts="0">
                <properties>
                  <property name="Category" value="GDX.Tests" />
                </properties>
                <output><![CDATA[[Code Coverage] Code Coverage results for visited sequence points were saved in D:/BuildAgent/work/GDX-Documentation/Staging/CodeCoverage/GDX_Development-opencov/EditMode/TestCoverageResults_0148.xml
[Code Coverage] Code Coverage requires Burst Compilation to be disabled in order to obtain accurate coverage information. To disable Burst Compilation uncheck Jobs > Burst > Enable Compilation or pass '--burst-disable-compilation' to the command line in batchmode.
]]></output>
              </test-case>
              <test-case id="1543" name="Constructor_CreateWithCountAndVersionArray" fullname="GDX.Collections.Generic.NativeArraySparseSetTests.Constructor_CreateWithCountAndVersionArray" methodname="Constructor_CreateWithCountAndVersionArray" classname="GDX.Collections.Generic.NativeArraySparseSetTests" runstate="Runnable" seed="330092534" result="Passed" start-time="2023-05-24 20:18:28Z" end-time="2023-05-24 20:18:28Z" duration="0.000343" asserts="0">
                <properties>
                  <property name="Category" value="GDX.Tests" />
                </properties>
                <output><![CDATA[[Code Coverage] Code Coverage results for visited sequence points were saved in D:/BuildAgent/work/GDX-Documentation/Staging/CodeCoverage/GDX_Development-opencov/EditMode/TestCoverageResults_0149.xml
[Code Coverage] Code Coverage requires Burst Compilation to be disabled in order to obtain accurate coverage information. To disable Burst Compilation uncheck Jobs > Burst > Enable Compilation or pass '--burst-disable-compilation' to the command line in batchmode.
]]></output>
              </test-case>
              <test-case id="1572" name="Dispose_MockData_Disposed" fullname="GDX.Collections.Generic.NativeArraySparseSetTests.Dispose_MockData_Disposed" methodname="Dispose_MockData_Disposed" classname="GDX.Collections.Generic.NativeArraySparseSetTests" runstate="Runnable" seed="2133399242" result="Passed" start-time="2023-05-24 20:18:30Z" end-time="2023-05-24 20:18:30Z" duration="0.000420" asserts="0">
                <properties>
                  <property name="Category" value="GDX.Tests" />
                </properties>
                <output><![CDATA[[Code Coverage] Code Coverage results for visited sequence points were saved in D:/BuildAgent/work/GDX-Documentation/Staging/CodeCoverage/GDX_Development-opencov/EditMode/TestCoverageResults_0150.xml
[Code Coverage] Code Coverage requires Burst Compilation to be disabled in order to obtain accurate coverage information. To disable Burst Compilation uncheck Jobs > Burst > Enable Compilation or pass '--burst-disable-compilation' to the command line in batchmode.
]]></output>
              </test-case>
              <test-case id="1568" name="Expand_MockData_Expanded" fullname="GDX.Collections.Generic.NativeArraySparseSetTests.Expand_MockData_Expanded" methodname="Expand_MockData_Expanded" classname="GDX.Collections.Generic.NativeArraySparseSetTests" runstate="Runnable" seed="356156764" result="Passed" start-time="2023-05-24 20:18:31Z" end-time="2023-05-24 20:18:31Z" duration="0.000542" asserts="0">
                <properties>
                  <property name="Category" value="GDX.Tests" />
                </properties>
                <output><![CDATA[[Code Coverage] Code Coverage results for visited sequence points were saved in D:/BuildAgent/work/GDX-Documentation/Staging/CodeCoverage/GDX_Development-opencov/EditMode/TestCoverageResults_0151.xml
[Code Coverage] Code Coverage requires Burst Compilation to be disabled in order to obtain accurate coverage information. To disable Burst Compilation uncheck Jobs > Burst > Enable Compilation or pass '--burst-disable-compilation' to the command line in batchmode.
]]></output>
              </test-case>
              <test-case id="1569" name="Expand_MockDataWithVersionArray_Expanded" fullname="GDX.Collections.Generic.NativeArraySparseSetTests.Expand_MockDataWithVersionArray_Expanded" methodname="Expand_MockDataWithVersionArray_Expanded" classname="GDX.Collections.Generic.NativeArraySparseSetTests" runstate="Runnable" seed="2072960846" result="Passed" start-time="2023-05-24 20:18:32Z" end-time="2023-05-24 20:18:32Z" duration="0.000610" asserts="0">
                <properties>
                  <property name="Category" value="GDX.Tests" />
                </properties>
                <output><![CDATA[[Code Coverage] Code Coverage results for visited sequence points were saved in D:/BuildAgent/work/GDX-Documentation/Staging/CodeCoverage/GDX_Development-opencov/EditMode/TestCoverageResults_0152.xml
[Code Coverage] Code Coverage requires Burst Compilation to be disabled in order to obtain accurate coverage information. To disable Burst Compilation uncheck Jobs > Burst > Enable Compilation or pass '--burst-disable-compilation' to the command line in batchmode.
]]></output>
              </test-case>
              <test-case id="1551" name="GetDenseIndexUnchecked_MockData_CorrectIndex" fullname="GDX.Collections.Generic.NativeArraySparseSetTests.GetDenseIndexUnchecked_MockData_CorrectIndex" methodname="GetDenseIndexUnchecked_MockData_CorrectIndex" classname="GDX.Collections.Generic.NativeArraySparseSetTests" runstate="Runnable" seed="1810119267" result="Passed" start-time="2023-05-24 20:18:33Z" end-time="2023-05-24 20:18:33Z" duration="0.000342" asserts="0">
                <properties>
                  <property name="Category" value="GDX.Tests" />
                </properties>
                <output><![CDATA[[Code Coverage] Code Coverage results for visited sequence points were saved in D:/BuildAgent/work/GDX-Documentation/Staging/CodeCoverage/GDX_Development-opencov/EditMode/TestCoverageResults_0153.xml
[Code Coverage] Code Coverage requires Burst Compilation to be disabled in order to obtain accurate coverage information. To disable Burst Compilation uncheck Jobs > Burst > Enable Compilation or pass '--burst-disable-compilation' to the command line in batchmode.
]]></output>
              </test-case>
              <test-case id="1554" name="GetDenseIndexWithBoundsAndVersionCheck_MockData_CorrectIndexAndHandlesInvalidIndex" fullname="GDX.Collections.Generic.NativeArraySparseSetTests.GetDenseIndexWithBoundsAndVersionCheck_MockData_CorrectIndexAndHandlesInvalidIndex" methodname="GetDenseIndexWithBoundsAndVersionCheck_MockData_CorrectIndexAndHandlesInvalidIndex" classname="GDX.Collections.Generic.NativeArraySparseSetTests" runstate="Runnable" seed="818129149" result="Passed" start-time="2023-05-24 20:18:35Z" end-time="2023-05-24 20:18:35Z" duration="0.000700" asserts="0">
                <properties>
                  <property name="Category" value="GDX.Tests" />
                </properties>
                <output><![CDATA[[Code Coverage] Code Coverage results for visited sequence points were saved in D:/BuildAgent/work/GDX-Documentation/Staging/CodeCoverage/GDX_Development-opencov/EditMode/TestCoverageResults_0154.xml
[Code Coverage] Code Coverage requires Burst Compilation to be disabled in order to obtain accurate coverage information. To disable Burst Compilation uncheck Jobs > Burst > Enable Compilation or pass '--burst-disable-compilation' to the command line in batchmode.
]]></output>
              </test-case>
              <test-case id="1552" name="GetDenseIndexWithBoundsCheck_MockData_CorrectIndexAndHandlesInvalidIndex" fullname="GDX.Collections.Generic.NativeArraySparseSetTests.GetDenseIndexWithBoundsCheck_MockData_CorrectIndexAndHandlesInvalidIndex" methodname="GetDenseIndexWithBoundsCheck_MockData_CorrectIndexAndHandlesInvalidIndex" classname="GDX.Collections.Generic.NativeArraySparseSetTests" runstate="Runnable" seed="445381732" result="Passed" start-time="2023-05-24 20:18:36Z" end-time="2023-05-24 20:18:36Z" duration="0.000428" asserts="0">
                <properties>
                  <property name="Category" value="GDX.Tests" />
                </properties>
                <output><![CDATA[[Code Coverage] Code Coverage results for visited sequence points were saved in D:/BuildAgent/work/GDX-Documentation/Staging/CodeCoverage/GDX_Development-opencov/EditMode/TestCoverageResults_0155.xml
[Code Coverage] Code Coverage requires Burst Compilation to be disabled in order to obtain accurate coverage information. To disable Burst Compilation uncheck Jobs > Burst > Enable Compilation or pass '--burst-disable-compilation' to the command line in batchmode.
]]></output>
              </test-case>
              <test-case id="1553" name="GetDenseIndexWithVersionCheck_MockData_CorrectIndexAndHandlesVersion" fullname="GDX.Collections.Generic.NativeArraySparseSetTests.GetDenseIndexWithVersionCheck_MockData_CorrectIndexAndHandlesVersion" methodname="GetDenseIndexWithVersionCheck_MockData_CorrectIndexAndHandlesVersion" classname="GDX.Collections.Generic.NativeArraySparseSetTests" runstate="Runnable" seed="1168524126" result="Passed" start-time="2023-05-24 20:18:37Z" end-time="2023-05-24 20:18:37Z" duration="0.000570" asserts="0">
                <properties>
                  <property name="Category" value="GDX.Tests" />
                </properties>
                <output><![CDATA[[Code Coverage] Code Coverage results for visited sequence points were saved in D:/BuildAgent/work/GDX-Documentation/Staging/CodeCoverage/GDX_Development-opencov/EditMode/TestCoverageResults_0156.xml
[Code Coverage] Code Coverage requires Burst Compilation to be disabled in order to obtain accurate coverage information. To disable Burst Compilation uncheck Jobs > Burst > Enable Compilation or pass '--burst-disable-compilation' to the command line in batchmode.
]]></output>
              </test-case>
              <test-case id="1560" name="RemoveUnchecked_MockData_ValidIndexRemoved" fullname="GDX.Collections.Generic.NativeArraySparseSetTests.RemoveUnchecked_MockData_ValidIndexRemoved" methodname="RemoveUnchecked_MockData_ValidIndexRemoved" classname="GDX.Collections.Generic.NativeArraySparseSetTests" runstate="Runnable" seed="784970412" result="Passed" start-time="2023-05-24 20:18:38Z" end-time="2023-05-24 20:18:38Z" duration="0.000394" asserts="0">
                <properties>
                  <property name="Category" value="GDX.Tests" />
                </properties>
                <output><![CDATA[[Code Coverage] Code Coverage results for visited sequence points were saved in D:/BuildAgent/work/GDX-Documentation/Staging/CodeCoverage/GDX_Development-opencov/EditMode/TestCoverageResults_0157.xml
[Code Coverage] Code Coverage requires Burst Compilation to be disabled in order to obtain accurate coverage information. To disable Burst Compilation uncheck Jobs > Burst > Enable Compilation or pass '--burst-disable-compilation' to the command line in batchmode.
]]></output>
              </test-case>
              <test-case id="1559" name="RemoveUnchecked_MockDataWithIndices_ValidIndexRemoved" fullname="GDX.Collections.Generic.NativeArraySparseSetTests.RemoveUnchecked_MockDataWithIndices_ValidIndexRemoved" methodname="RemoveUnchecked_MockDataWithIndices_ValidIndexRemoved" classname="GDX.Collections.Generic.NativeArraySparseSetTests" runstate="Runnable" seed="1611333886" result="Passed" start-time="2023-05-24 20:18:39Z" end-time="2023-05-24 20:18:39Z" duration="0.000398" asserts="0">
                <properties>
                  <property name="Category" value="GDX.Tests" />
                </properties>
                <output><![CDATA[[Code Coverage] Code Coverage results for visited sequence points were saved in D:/BuildAgent/work/GDX-Documentation/Staging/CodeCoverage/GDX_Development-opencov/EditMode/TestCoverageResults_0158.xml
[Code Coverage] Code Coverage requires Burst Compilation to be disabled in order to obtain accurate coverage information. To disable Burst Compilation uncheck Jobs > Burst > Enable Compilation or pass '--burst-disable-compilation' to the command line in batchmode.
]]></output>
              </test-case>
              <test-case id="1558" name="RemoveUnchecked_MockDataWithIndicesAndVersionArray_ValidIndexRemoved" fullname="GDX.Collections.Generic.NativeArraySparseSetTests.RemoveUnchecked_MockDataWithIndicesAndVersionArray_ValidIndexRemoved" methodname="RemoveUnchecked_MockDataWithIndicesAndVersionArray_ValidIndexRemoved" classname="GDX.Collections.Generic.NativeArraySparseSetTests" runstate="Runnable" seed="1298006410" result="Passed" start-time="2023-05-24 20:18:41Z" end-time="2023-05-24 20:18:41Z" duration="0.000363" asserts="0">
                <properties>
                  <property name="Category" value="GDX.Tests" />
                </properties>
                <output><![CDATA[[Code Coverage] Code Coverage results for visited sequence points were saved in D:/BuildAgent/work/GDX-Documentation/Staging/CodeCoverage/GDX_Development-opencov/EditMode/TestCoverageResults_0159.xml
[Code Coverage] Code Coverage requires Burst Compilation to be disabled in order to obtain accurate coverage information. To disable Burst Compilation uncheck Jobs > Burst > Enable Compilation or pass '--burst-disable-compilation' to the command line in batchmode.
]]></output>
              </test-case>
              <test-case id="1561" name="RemoveUncheckedFromDenseIndex_MockData_ValidIndexRemoved" fullname="GDX.Collections.Generic.NativeArraySparseSetTests.RemoveUncheckedFromDenseIndex_MockData_ValidIndexRemoved" methodname="RemoveUncheckedFromDenseIndex_MockData_ValidIndexRemoved" classname="GDX.Collections.Generic.NativeArraySparseSetTests" runstate="Runnable" seed="10991260" result="Passed" start-time="2023-05-24 20:18:42Z" end-time="2023-05-24 20:18:42Z" duration="0.000387" asserts="0">
                <properties>
                  <property name="Category" value="GDX.Tests" />
                </properties>
                <output><![CDATA[[Code Coverage] Code Coverage results for visited sequence points were saved in D:/BuildAgent/work/GDX-Documentation/Staging/CodeCoverage/GDX_Development-opencov/EditMode/TestCoverageResults_0160.xml
[Code Coverage] Code Coverage requires Burst Compilation to be disabled in order to obtain accurate coverage information. To disable Burst Compilation uncheck Jobs > Burst > Enable Compilation or pass '--burst-disable-compilation' to the command line in batchmode.
]]></output>
              </test-case>
              <test-case id="1562" name="RemoveUncheckedFromDenseIndex_MockDataWithSwapIndex_ValidIndexRemoved" fullname="GDX.Collections.Generic.NativeArraySparseSetTests.RemoveUncheckedFromDenseIndex_MockDataWithSwapIndex_ValidIndexRemoved" methodname="RemoveUncheckedFromDenseIndex_MockDataWithSwapIndex_ValidIndexRemoved" classname="GDX.Collections.Generic.NativeArraySparseSetTests" runstate="Runnable" seed="1131592807" result="Passed" start-time="2023-05-24 20:18:43Z" end-time="2023-05-24 20:18:43Z" duration="0.000473" asserts="0">
                <properties>
                  <property name="Category" value="GDX.Tests" />
                </properties>
                <output><![CDATA[[Code Coverage] Code Coverage results for visited sequence points were saved in D:/BuildAgent/work/GDX-Documentation/Staging/CodeCoverage/GDX_Development-opencov/EditMode/TestCoverageResults_0161.xml
[Code Coverage] Code Coverage requires Burst Compilation to be disabled in order to obtain accurate coverage information. To disable Burst Compilation uncheck Jobs > Burst > Enable Compilation or pass '--burst-disable-compilation' to the command line in batchmode.
]]></output>
              </test-case>
              <test-case id="1563" name="RemoveUncheckedFromDenseIndex_MockDataWithVersionArray_ValidIndexRemoved" fullname="GDX.Collections.Generic.NativeArraySparseSetTests.RemoveUncheckedFromDenseIndex_MockDataWithVersionArray_ValidIndexRemoved" methodname="RemoveUncheckedFromDenseIndex_MockDataWithVersionArray_ValidIndexRemoved" classname="GDX.Collections.Generic.NativeArraySparseSetTests" runstate="Runnable" seed="1129449967" result="Passed" start-time="2023-05-24 20:18:44Z" end-time="2023-05-24 20:18:44Z" duration="0.000467" asserts="0">
                <properties>
                  <property name="Category" value="GDX.Tests" />
                </properties>
                <output><![CDATA[[Code Coverage] Code Coverage results for visited sequence points were saved in D:/BuildAgent/work/GDX-Documentation/Staging/CodeCoverage/GDX_Development-opencov/EditMode/TestCoverageResults_0162.xml
[Code Coverage] Code Coverage requires Burst Compilation to be disabled in order to obtain accurate coverage information. To disable Burst Compilation uncheck Jobs > Burst > Enable Compilation or pass '--burst-disable-compilation' to the command line in batchmode.
]]></output>
              </test-case>
              <test-case id="1564" name="RemoveUncheckedFromDenseIndex_MockDataWithVersionArrayAndSwapIndex_ValidIndexRemoved" fullname="GDX.Collections.Generic.NativeArraySparseSetTests.RemoveUncheckedFromDenseIndex_MockDataWithVersionArrayAndSwapIndex_ValidIndexRemoved" methodname="RemoveUncheckedFromDenseIndex_MockDataWithVersionArrayAndSwapIndex_ValidIndexRemoved" classname="GDX.Collections.Generic.NativeArraySparseSetTests" runstate="Runnable" seed="992355493" result="Passed" start-time="2023-05-24 20:18:45Z" end-time="2023-05-24 20:18:45Z" duration="0.000477" asserts="0">
                <properties>
                  <property name="Category" value="GDX.Tests" />
                </properties>
                <output><![CDATA[[Code Coverage] Code Coverage results for visited sequence points were saved in D:/BuildAgent/work/GDX-Documentation/Staging/CodeCoverage/GDX_Development-opencov/EditMode/TestCoverageResults_0163.xml
[Code Coverage] Code Coverage requires Burst Compilation to be disabled in order to obtain accurate coverage information. To disable Burst Compilation uncheck Jobs > Burst > Enable Compilation or pass '--burst-disable-compilation' to the command line in batchmode.
]]></output>
              </test-case>
              <test-case id="1557" name="RemoveWithBoundsAndVersionChecks_MockData_ValidIndexRemovedInvalidIndicesNotRemoved" fullname="GDX.Collections.Generic.NativeArraySparseSetTests.RemoveWithBoundsAndVersionChecks_MockData_ValidIndexRemovedInvalidIndicesNotRemoved" methodname="RemoveWithBoundsAndVersionChecks_MockData_ValidIndexRemovedInvalidIndicesNotRemoved" classname="GDX.Collections.Generic.NativeArraySparseSetTests" runstate="Runnable" seed="14111116" result="Passed" start-time="2023-05-24 20:18:47Z" end-time="2023-05-24 20:18:47Z" duration="0.000941" asserts="0">
                <properties>
                  <property name="Category" value="GDX.Tests" />
                </properties>
                <output><![CDATA[[Code Coverage] Code Coverage results for visited sequence points were saved in D:/BuildAgent/work/GDX-Documentation/Staging/CodeCoverage/GDX_Development-opencov/EditMode/TestCoverageResults_0164.xml
[Code Coverage] Code Coverage requires Burst Compilation to be disabled in order to obtain accurate coverage information. To disable Burst Compilation uncheck Jobs > Burst > Enable Compilation or pass '--burst-disable-compilation' to the command line in batchmode.
]]></output>
              </test-case>
              <test-case id="1555" name="RemoveWithBoundsCheck_MockData_ValidIndexRemovedInvalidIndicesNotRemoved" fullname="GDX.Collections.Generic.NativeArraySparseSetTests.RemoveWithBoundsCheck_MockData_ValidIndexRemovedInvalidIndicesNotRemoved" methodname="RemoveWithBoundsCheck_MockData_ValidIndexRemovedInvalidIndicesNotRemoved" classname="GDX.Collections.Generic.NativeArraySparseSetTests" runstate="Runnable" seed="1613697673" result="Passed" start-time="2023-05-24 20:18:48Z" end-time="2023-05-24 20:18:48Z" duration="0.000551" asserts="0">
                <properties>
                  <property name="Category" value="GDX.Tests" />
                </properties>
                <output><![CDATA[[Code Coverage] Code Coverage results for visited sequence points were saved in D:/BuildAgent/work/GDX-Documentation/Staging/CodeCoverage/GDX_Development-opencov/EditMode/TestCoverageResults_0165.xml
[Code Coverage] Code Coverage requires Burst Compilation to be disabled in order to obtain accurate coverage information. To disable Burst Compilation uncheck Jobs > Burst > Enable Compilation or pass '--burst-disable-compilation' to the command line in batchmode.
]]></output>
              </test-case>
              <test-case id="1556" name="RemoveWithVersionCheck_MockData_ValidIndexRemovedInvalidIndicesNotRemoved" fullname="GDX.Collections.Generic.NativeArraySparseSetTests.RemoveWithVersionCheck_MockData_ValidIndexRemovedInvalidIndicesNotRemoved" methodname="RemoveWithVersionCheck_MockData_ValidIndexRemovedInvalidIndicesNotRemoved" classname="GDX.Collections.Generic.NativeArraySparseSetTests" runstate="Runnable" seed="1609797790" result="Passed" start-time="2023-05-24 20:18:49Z" end-time="2023-05-24 20:18:49Z" duration="0.000630" asserts="0">
                <properties>
                  <property name="Category" value="GDX.Tests" />
                </properties>
                <output><![CDATA[[Code Coverage] Code Coverage results for visited sequence points were saved in D:/BuildAgent/work/GDX-Documentation/Staging/CodeCoverage/GDX_Development-opencov/EditMode/TestCoverageResults_0166.xml
[Code Coverage] Code Coverage requires Burst Compilation to be disabled in order to obtain accurate coverage information. To disable Burst Compilation uncheck Jobs > Burst > Enable Compilation or pass '--burst-disable-compilation' to the command line in batchmode.
]]></output>
              </test-case>
              <test-case id="1570" name="Reserve_MockData_Expanded" fullname="GDX.Collections.Generic.NativeArraySparseSetTests.Reserve_MockData_Expanded" methodname="Reserve_MockData_Expanded" classname="GDX.Collections.Generic.NativeArraySparseSetTests" runstate="Runnable" seed="428141211" result="Passed" start-time="2023-05-24 20:18:50Z" end-time="2023-05-24 20:18:50Z" duration="0.000502" asserts="0">
                <properties>
                  <property name="Category" value="GDX.Tests" />
                </properties>
                <output><![CDATA[[Code Coverage] Code Coverage results for visited sequence points were saved in D:/BuildAgent/work/GDX-Documentation/Staging/CodeCoverage/GDX_Development-opencov/EditMode/TestCoverageResults_0167.xml
[Code Coverage] Code Coverage requires Burst Compilation to be disabled in order to obtain accurate coverage information. To disable Burst Compilation uncheck Jobs > Burst > Enable Compilation or pass '--burst-disable-compilation' to the command line in batchmode.
]]></output>
              </test-case>
              <test-case id="1571" name="Reserve_MockDataWithVersionArray_Expanded" fullname="GDX.Collections.Generic.NativeArraySparseSetTests.Reserve_MockDataWithVersionArray_Expanded" methodname="Reserve_MockDataWithVersionArray_Expanded" classname="GDX.Collections.Generic.NativeArraySparseSetTests" runstate="Runnable" seed="577657077" result="Passed" start-time="2023-05-24 20:18:51Z" end-time="2023-05-24 20:18:51Z" duration="0.000629" asserts="0">
                <properties>
                  <property name="Category" value="GDX.Tests" />
                </properties>
                <output><![CDATA[[Code Coverage] Code Coverage results for visited sequence points were saved in D:/BuildAgent/work/GDX-Documentation/Staging/CodeCoverage/GDX_Development-opencov/EditMode/TestCoverageResults_0168.xml
[Code Coverage] Code Coverage requires Burst Compilation to be disabled in order to obtain accurate coverage information. To disable Burst Compilation uncheck Jobs > Burst > Enable Compilation or pass '--burst-disable-compilation' to the command line in batchmode.
]]></output>
              </test-case>
            </test-suite>
            <test-suite type="TestFixture" id="1573" name="NativeUniformArray3DTests" fullname="GDX.Collections.Generic.NativeUniformArray3DTests" classname="GDX.Collections.Generic.NativeUniformArray3DTests" runstate="Runnable" testcasecount="2" result="Passed" start-time="2023-05-24 20:18:53Z" end-time="2023-05-24 20:18:55Z" duration="2.808010" total="2" passed="2" failed="0" inconclusive="0" skipped="0" asserts="0">
              <properties />
              <test-case id="1574" name="Constructor_CorrectSizes" fullname="GDX.Collections.Generic.NativeUniformArray3DTests.Constructor_CorrectSizes" methodname="Constructor_CorrectSizes" classname="GDX.Collections.Generic.NativeUniformArray3DTests" runstate="Runnable" seed="931985428" result="Passed" start-time="2023-05-24 20:18:53Z" end-time="2023-05-24 20:18:53Z" duration="0.000900" asserts="0">
                <properties>
                  <property name="Category" value="GDX.Tests" />
                </properties>
                <output><![CDATA[[Code Coverage] Code Coverage results for visited sequence points were saved in D:/BuildAgent/work/GDX-Documentation/Staging/CodeCoverage/GDX_Development-opencov/EditMode/TestCoverageResults_0169.xml
[Code Coverage] Code Coverage requires Burst Compilation to be disabled in order to obtain accurate coverage information. To disable Burst Compilation uncheck Jobs > Burst > Enable Compilation or pass '--burst-disable-compilation' to the command line in batchmode.
]]></output>
              </test-case>
              <test-case id="1575" name="GetByIndex_LastSpot_ValidEntry" fullname="GDX.Collections.Generic.NativeUniformArray3DTests.GetByIndex_LastSpot_ValidEntry" methodname="GetByIndex_LastSpot_ValidEntry" classname="GDX.Collections.Generic.NativeUniformArray3DTests" runstate="Runnable" seed="2123436457" result="Passed" start-time="2023-05-24 20:18:54Z" end-time="2023-05-24 20:18:54Z" duration="0.000402" asserts="0">
                <properties>
                  <property name="Category" value="GDX.Tests" />
                </properties>
                <output><![CDATA[[Code Coverage] Code Coverage results for visited sequence points were saved in D:/BuildAgent/work/GDX-Documentation/Staging/CodeCoverage/GDX_Development-opencov/EditMode/TestCoverageResults_0170.xml
[Code Coverage] Code Coverage requires Burst Compilation to be disabled in order to obtain accurate coverage information. To disable Burst Compilation uncheck Jobs > Burst > Enable Compilation or pass '--burst-disable-compilation' to the command line in batchmode.
]]></output>
              </test-case>
            </test-suite>
            <test-suite type="TestFixture" id="1576" name="SerializableDictionaryTests" fullname="GDX.Collections.Generic.SerializableDictionaryTests" classname="GDX.Collections.Generic.SerializableDictionaryTests" runstate="Runnable" testcasecount="5" result="Passed" start-time="2023-05-24 20:18:55Z" end-time="2023-05-24 20:19:02Z" duration="6.078210" total="5" passed="5" failed="0" inconclusive="0" skipped="0" asserts="0">
              <properties />
              <test-case id="1577" name="IsSerializableType_SystemObject_ReturnsFalse" fullname="GDX.Collections.Generic.SerializableDictionaryTests.IsSerializableType_SystemObject_ReturnsFalse" methodname="IsSerializableType_SystemObject_ReturnsFalse" classname="GDX.Collections.Generic.SerializableDictionaryTests" runstate="Runnable" seed="1398836648" result="Passed" start-time="2023-05-24 20:18:55Z" end-time="2023-05-24 20:18:55Z" duration="0.000499" asserts="0">
                <properties>
                  <property name="Category" value="GDX.Tests" />
                </properties>
                <output><![CDATA[[Code Coverage] Code Coverage results for visited sequence points were saved in D:/BuildAgent/work/GDX-Documentation/Staging/CodeCoverage/GDX_Development-opencov/EditMode/TestCoverageResults_0171.xml
[Code Coverage] Code Coverage requires Burst Compilation to be disabled in order to obtain accurate coverage information. To disable Burst Compilation uncheck Jobs > Burst > Enable Compilation or pass '--burst-disable-compilation' to the command line in batchmode.
]]></output>
              </test-case>
              <test-case id="1579" name="IsSerializableType_UnityObject_ReturnsTrue" fullname="GDX.Collections.Generic.SerializableDictionaryTests.IsSerializableType_UnityObject_ReturnsTrue" methodname="IsSerializableType_UnityObject_ReturnsTrue" classname="GDX.Collections.Generic.SerializableDictionaryTests" runstate="Runnable" seed="179203805" result="Passed" start-time="2023-05-24 20:18:57Z" end-time="2023-05-24 20:18:57Z" duration="0.000316" asserts="0">
                <properties>
                  <property name="Category" value="GDX.Tests" />
                </properties>
                <output><![CDATA[[Code Coverage] Code Coverage results for visited sequence points were saved in D:/BuildAgent/work/GDX-Documentation/Staging/CodeCoverage/GDX_Development-opencov/EditMode/TestCoverageResults_0172.xml
[Code Coverage] Code Coverage requires Burst Compilation to be disabled in order to obtain accurate coverage information. To disable Burst Compilation uncheck Jobs > Burst > Enable Compilation or pass '--burst-disable-compilation' to the command line in batchmode.
]]></output>
              </test-case>
              <test-case id="1580" name="OverwriteSerializedData_MockData_PopulatesDictionary" fullname="GDX.Collections.Generic.SerializableDictionaryTests.OverwriteSerializedData_MockData_PopulatesDictionary" methodname="OverwriteSerializedData_MockData_PopulatesDictionary" classname="GDX.Collections.Generic.SerializableDictionaryTests" runstate="Runnable" seed="882662486" result="Passed" start-time="2023-05-24 20:18:58Z" end-time="2023-05-24 20:18:58Z" duration="0.000885" asserts="0">
                <properties>
                  <property name="Category" value="GDX.Tests" />
                </properties>
                <output><![CDATA[[Code Coverage] Code Coverage results for visited sequence points were saved in D:/BuildAgent/work/GDX-Documentation/Staging/CodeCoverage/GDX_Development-opencov/EditMode/TestCoverageResults_0173.xml
[Code Coverage] Code Coverage requires Burst Compilation to be disabled in order to obtain accurate coverage information. To disable Burst Compilation uncheck Jobs > Burst > Enable Compilation or pass '--burst-disable-compilation' to the command line in batchmode.
]]></output>
              </test-case>
              <test-case id="1578" name="SaveSerializedData_MockData_ReturnsSerializedDataLength" fullname="GDX.Collections.Generic.SerializableDictionaryTests.SaveSerializedData_MockData_ReturnsSerializedDataLength" methodname="SaveSerializedData_MockData_ReturnsSerializedDataLength" classname="GDX.Collections.Generic.SerializableDictionaryTests" runstate="Runnable" seed="713054852" result="Passed" start-time="2023-05-24 20:18:59Z" end-time="2023-05-24 20:18:59Z" duration="0.000949" asserts="0">
                <properties>
                  <property name="Category" value="GDX.Tests" />
                </properties>
                <output><![CDATA[[Code Coverage] Code Coverage results for visited sequence points were saved in D:/BuildAgent/work/GDX-Documentation/Staging/CodeCoverage/GDX_Development-opencov/EditMode/TestCoverageResults_0174.xml
[Code Coverage] Code Coverage requires Burst Compilation to be disabled in order to obtain accurate coverage information. To disable Burst Compilation uncheck Jobs > Burst > Enable Compilation or pass '--burst-disable-compilation' to the command line in batchmode.
]]></output>
              </test-case>
              <test-case id="1581" name="SaveSerializedData_NoData_ReturnsZeroSerializedDataLength" fullname="GDX.Collections.Generic.SerializableDictionaryTests.SaveSerializedData_NoData_ReturnsZeroSerializedDataLength" methodname="SaveSerializedData_NoData_ReturnsZeroSerializedDataLength" classname="GDX.Collections.Generic.SerializableDictionaryTests" runstate="Runnable" seed="1425590179" result="Passed" start-time="2023-05-24 20:19:00Z" end-time="2023-05-24 20:19:00Z" duration="0.000270" asserts="0">
                <properties>
                  <property name="Category" value="GDX.Tests" />
                </properties>
                <output><![CDATA[[Code Coverage] Code Coverage results for visited sequence points were saved in D:/BuildAgent/work/GDX-Documentation/Staging/CodeCoverage/GDX_Development-opencov/EditMode/TestCoverageResults_0175.xml
[Code Coverage] Code Coverage requires Burst Compilation to be disabled in order to obtain accurate coverage information. To disable Burst Compilation uncheck Jobs > Burst > Enable Compilation or pass '--burst-disable-compilation' to the command line in batchmode.
]]></output>
              </test-case>
            </test-suite>
            <test-suite type="TestFixture" id="1582" name="SimpleListTests" fullname="GDX.Collections.Generic.SimpleListTests" classname="GDX.Collections.Generic.SimpleListTests" runstate="Runnable" testcasecount="40" result="Passed" start-time="2023-05-24 20:19:02Z" end-time="2023-05-24 20:19:50Z" duration="48.805448" total="40" passed="40" failed="0" inconclusive="0" skipped="0" asserts="0">
              <properties />
              <test-case id="1593" name="AddExpandClearBoth_MockDataWithExpansion_ValueAdded" fullname="GDX.Collections.Generic.SimpleListTests.AddExpandClearBoth_MockDataWithExpansion_ValueAdded" methodname="AddExpandClearBoth_MockDataWithExpansion_ValueAdded" classname="GDX.Collections.Generic.SimpleListTests" runstate="Runnable" seed="422710317" result="Passed" start-time="2023-05-24 20:19:02Z" end-time="2023-05-24 20:19:02Z" duration="0.000773" asserts="0">
                <properties>
                  <property name="Category" value="GDX.Tests" />
                </properties>
                <output><![CDATA[[Code Coverage] Code Coverage results for visited sequence points were saved in D:/BuildAgent/work/GDX-Documentation/Staging/CodeCoverage/GDX_Development-opencov/EditMode/TestCoverageResults_0176.xml
[Code Coverage] Code Coverage requires Burst Compilation to be disabled in order to obtain accurate coverage information. To disable Burst Compilation uncheck Jobs > Burst > Enable Compilation or pass '--burst-disable-compilation' to the command line in batchmode.
]]></output>
              </test-case>
              <test-case id="1592" name="AddExpandClearNew_MockDataWithExpansion_ValueAdded" fullname="GDX.Collections.Generic.SimpleListTests.AddExpandClearNew_MockDataWithExpansion_ValueAdded" methodname="AddExpandClearNew_MockDataWithExpansion_ValueAdded" classname="GDX.Collections.Generic.SimpleListTests" runstate="Runnable" seed="37608535" result="Passed" start-time="2023-05-24 20:19:03Z" end-time="2023-05-24 20:19:03Z" duration="0.000557" asserts="0">
                <properties>
                  <property name="Category" value="GDX.Tests" />
                </properties>
                <output><![CDATA[[Code Coverage] Code Coverage results for visited sequence points were saved in D:/BuildAgent/work/GDX-Documentation/Staging/CodeCoverage/GDX_Development-opencov/EditMode/TestCoverageResults_0177.xml
[Code Coverage] Code Coverage requires Burst Compilation to be disabled in order to obtain accurate coverage information. To disable Burst Compilation uncheck Jobs > Burst > Enable Compilation or pass '--burst-disable-compilation' to the command line in batchmode.
]]></output>
              </test-case>
              <test-case id="1591" name="AddExpandClearOld_MockDataWithExpansion_ValueAdded" fullname="GDX.Collections.Generic.SimpleListTests.AddExpandClearOld_MockDataWithExpansion_ValueAdded" methodname="AddExpandClearOld_MockDataWithExpansion_ValueAdded" classname="GDX.Collections.Generic.SimpleListTests" runstate="Runnable" seed="36687044" result="Passed" start-time="2023-05-24 20:19:04Z" end-time="2023-05-24 20:19:04Z" duration="0.000585" asserts="0">
                <properties>
                  <property name="Category" value="GDX.Tests" />
                </properties>
                <output><![CDATA[[Code Coverage] Code Coverage results for visited sequence points were saved in D:/BuildAgent/work/GDX-Documentation/Staging/CodeCoverage/GDX_Development-opencov/EditMode/TestCoverageResults_0178.xml
[Code Coverage] Code Coverage requires Burst Compilation to be disabled in order to obtain accurate coverage information. To disable Burst Compilation uncheck Jobs > Burst > Enable Compilation or pass '--burst-disable-compilation' to the command line in batchmode.
]]></output>
              </test-case>
              <test-case id="1590" name="AddExpandNoClear_MockDataWithExpansion_ValueAdded" fullname="GDX.Collections.Generic.SimpleListTests.AddExpandNoClear_MockDataWithExpansion_ValueAdded" methodname="AddExpandNoClear_MockDataWithExpansion_ValueAdded" classname="GDX.Collections.Generic.SimpleListTests" runstate="Runnable" seed="1420993737" result="Passed" start-time="2023-05-24 20:19:05Z" end-time="2023-05-24 20:19:05Z" duration="0.000616" asserts="0">
                <properties>
                  <property name="Category" value="GDX.Tests" />
                </properties>
                <output><![CDATA[[Code Coverage] Code Coverage results for visited sequence points were saved in D:/BuildAgent/work/GDX-Documentation/Staging/CodeCoverage/GDX_Development-opencov/EditMode/TestCoverageResults_0179.xml
[Code Coverage] Code Coverage requires Burst Compilation to be disabled in order to obtain accurate coverage information. To disable Burst Compilation uncheck Jobs > Burst > Enable Compilation or pass '--burst-disable-compilation' to the command line in batchmode.
]]></output>
              </test-case>
              <test-case id="1586" name="AddUnchecked_MockData_ValueAdded" fullname="GDX.Collections.Generic.SimpleListTests.AddUnchecked_MockData_ValueAdded" methodname="AddUnchecked_MockData_ValueAdded" classname="GDX.Collections.Generic.SimpleListTests" runstate="Runnable" seed="608411717" result="Passed" start-time="2023-05-24 20:19:06Z" end-time="2023-05-24 20:19:06Z" duration="0.000377" asserts="0">
                <properties>
                  <property name="Category" value="GDX.Tests" />
                </properties>
                <output><![CDATA[[Code Coverage] Code Coverage results for visited sequence points were saved in D:/BuildAgent/work/GDX-Documentation/Staging/CodeCoverage/GDX_Development-opencov/EditMode/TestCoverageResults_0180.xml
[Code Coverage] Code Coverage requires Burst Compilation to be disabled in order to obtain accurate coverage information. To disable Burst Compilation uncheck Jobs > Burst > Enable Compilation or pass '--burst-disable-compilation' to the command line in batchmode.
]]></output>
              </test-case>
              <test-case id="1587" name="AddUnchecked_MockDataOverflow_ThrowsException" fullname="GDX.Collections.Generic.SimpleListTests.AddUnchecked_MockDataOverflow_ThrowsException" methodname="AddUnchecked_MockDataOverflow_ThrowsException" classname="GDX.Collections.Generic.SimpleListTests" runstate="Runnable" seed="1080634517" result="Passed" start-time="2023-05-24 20:19:08Z" end-time="2023-05-24 20:19:08Z" duration="0.000397" asserts="0">
                <properties>
                  <property name="Category" value="GDX.Tests" />
                </properties>
                <output><![CDATA[[Code Coverage] Code Coverage results for visited sequence points were saved in D:/BuildAgent/work/GDX-Documentation/Staging/CodeCoverage/GDX_Development-opencov/EditMode/TestCoverageResults_0181.xml
[Code Coverage] Code Coverage requires Burst Compilation to be disabled in order to obtain accurate coverage information. To disable Burst Compilation uncheck Jobs > Burst > Enable Compilation or pass '--burst-disable-compilation' to the command line in batchmode.
]]></output>
              </test-case>
              <test-case id="1588" name="AddWithExpandCheck_MockData_ValueAdded" fullname="GDX.Collections.Generic.SimpleListTests.AddWithExpandCheck_MockData_ValueAdded" methodname="AddWithExpandCheck_MockData_ValueAdded" classname="GDX.Collections.Generic.SimpleListTests" runstate="Runnable" seed="1306875962" result="Passed" start-time="2023-05-24 20:19:09Z" end-time="2023-05-24 20:19:09Z" duration="0.000415" asserts="0">
                <properties>
                  <property name="Category" value="GDX.Tests" />
                </properties>
                <output><![CDATA[[Code Coverage] Code Coverage results for visited sequence points were saved in D:/BuildAgent/work/GDX-Documentation/Staging/CodeCoverage/GDX_Development-opencov/EditMode/TestCoverageResults_0182.xml
[Code Coverage] Code Coverage requires Burst Compilation to be disabled in order to obtain accurate coverage information. To disable Burst Compilation uncheck Jobs > Burst > Enable Compilation or pass '--burst-disable-compilation' to the command line in batchmode.
]]></output>
              </test-case>
              <test-case id="1589" name="AddWithExpandCheck_MockDataWithExpansion_ValueAdded" fullname="GDX.Collections.Generic.SimpleListTests.AddWithExpandCheck_MockDataWithExpansion_ValueAdded" methodname="AddWithExpandCheck_MockDataWithExpansion_ValueAdded" classname="GDX.Collections.Generic.SimpleListTests" runstate="Runnable" seed="1230727749" result="Passed" start-time="2023-05-24 20:19:10Z" end-time="2023-05-24 20:19:10Z" duration="0.000403" asserts="0">
                <properties>
                  <property name="Category" value="GDX.Tests" />
                </properties>
                <output><![CDATA[[Code Coverage] Code Coverage results for visited sequence points were saved in D:/BuildAgent/work/GDX-Documentation/Staging/CodeCoverage/GDX_Development-opencov/EditMode/TestCoverageResults_0183.xml
[Code Coverage] Code Coverage requires Burst Compilation to be disabled in order to obtain accurate coverage information. To disable Burst Compilation uncheck Jobs > Burst > Enable Compilation or pass '--burst-disable-compilation' to the command line in batchmode.
]]></output>
              </test-case>
              <test-case id="1598" name="Clear_MockData_DataCleared" fullname="GDX.Collections.Generic.SimpleListTests.Clear_MockData_DataCleared" methodname="Clear_MockData_DataCleared" classname="GDX.Collections.Generic.SimpleListTests" runstate="Runnable" seed="1178819026" result="Passed" start-time="2023-05-24 20:19:11Z" end-time="2023-05-24 20:19:11Z" duration="0.000349" asserts="0">
                <properties>
                  <property name="Category" value="GDX.Tests" />
                </properties>
                <output><![CDATA[[Code Coverage] Code Coverage results for visited sequence points were saved in D:/BuildAgent/work/GDX-Documentation/Staging/CodeCoverage/GDX_Development-opencov/EditMode/TestCoverageResults_0184.xml
[Code Coverage] Code Coverage requires Burst Compilation to be disabled in order to obtain accurate coverage information. To disable Burst Compilation uncheck Jobs > Burst > Enable Compilation or pass '--burst-disable-compilation' to the command line in batchmode.
]]></output>
              </test-case>
              <test-case id="1583" name="Constructor_CreateWithCount" fullname="GDX.Collections.Generic.SimpleListTests.Constructor_CreateWithCount" methodname="Constructor_CreateWithCount" classname="GDX.Collections.Generic.SimpleListTests" runstate="Runnable" seed="667421883" result="Passed" start-time="2023-05-24 20:19:13Z" end-time="2023-05-24 20:19:13Z" duration="0.000298" asserts="0">
                <properties>
                  <property name="Category" value="GDX.Tests" />
                </properties>
                <output><![CDATA[[Code Coverage] Code Coverage results for visited sequence points were saved in D:/BuildAgent/work/GDX-Documentation/Staging/CodeCoverage/GDX_Development-opencov/EditMode/TestCoverageResults_0185.xml
[Code Coverage] Code Coverage requires Burst Compilation to be disabled in order to obtain accurate coverage information. To disable Burst Compilation uncheck Jobs > Burst > Enable Compilation or pass '--burst-disable-compilation' to the command line in batchmode.
]]></output>
              </test-case>
              <test-case id="1584" name="Constructor_CreateWithExisting_FillsList" fullname="GDX.Collections.Generic.SimpleListTests.Constructor_CreateWithExisting_FillsList" methodname="Constructor_CreateWithExisting_FillsList" classname="GDX.Collections.Generic.SimpleListTests" runstate="Runnable" seed="1355559344" result="Passed" start-time="2023-05-24 20:19:14Z" end-time="2023-05-24 20:19:14Z" duration="0.000355" asserts="0">
                <properties>
                  <property name="Category" value="GDX.Tests" />
                </properties>
                <output><![CDATA[[Code Coverage] Code Coverage results for visited sequence points were saved in D:/BuildAgent/work/GDX-Documentation/Staging/CodeCoverage/GDX_Development-opencov/EditMode/TestCoverageResults_0186.xml
[Code Coverage] Code Coverage requires Burst Compilation to be disabled in order to obtain accurate coverage information. To disable Burst Compilation uncheck Jobs > Burst > Enable Compilation or pass '--burst-disable-compilation' to the command line in batchmode.
]]></output>
              </test-case>
              <test-case id="1585" name="Constructor_CreateWithExistingNoCount_FillsListNoCount" fullname="GDX.Collections.Generic.SimpleListTests.Constructor_CreateWithExistingNoCount_FillsListNoCount" methodname="Constructor_CreateWithExistingNoCount_FillsListNoCount" classname="GDX.Collections.Generic.SimpleListTests" runstate="Runnable" seed="791089635" result="Passed" start-time="2023-05-24 20:19:15Z" end-time="2023-05-24 20:19:15Z" duration="0.000346" asserts="0">
                <properties>
                  <property name="Category" value="GDX.Tests" />
                </properties>
                <output><![CDATA[[Code Coverage] Code Coverage results for visited sequence points were saved in D:/BuildAgent/work/GDX-Documentation/Staging/CodeCoverage/GDX_Development-opencov/EditMode/TestCoverageResults_0187.xml
[Code Coverage] Code Coverage requires Burst Compilation to be disabled in order to obtain accurate coverage information. To disable Burst Compilation uncheck Jobs > Burst > Enable Compilation or pass '--burst-disable-compilation' to the command line in batchmode.
]]></output>
              </test-case>
              <test-case id="1597" name="InsertExpandClearBoth_MockDataWithExpansion_ValueAdded" fullname="GDX.Collections.Generic.SimpleListTests.InsertExpandClearBoth_MockDataWithExpansion_ValueAdded" methodname="InsertExpandClearBoth_MockDataWithExpansion_ValueAdded" classname="GDX.Collections.Generic.SimpleListTests" runstate="Runnable" seed="1470046761" result="Passed" start-time="2023-05-24 20:19:16Z" end-time="2023-05-24 20:19:16Z" duration="0.000657" asserts="0">
                <properties>
                  <property name="Category" value="GDX.Tests" />
                </properties>
                <output><![CDATA[[Code Coverage] Code Coverage results for visited sequence points were saved in D:/BuildAgent/work/GDX-Documentation/Staging/CodeCoverage/GDX_Development-opencov/EditMode/TestCoverageResults_0188.xml
[Code Coverage] Code Coverage requires Burst Compilation to be disabled in order to obtain accurate coverage information. To disable Burst Compilation uncheck Jobs > Burst > Enable Compilation or pass '--burst-disable-compilation' to the command line in batchmode.
]]></output>
              </test-case>
              <test-case id="1596" name="InsertExpandClearNew_MockDataWithExpansion_ValueAdded" fullname="GDX.Collections.Generic.SimpleListTests.InsertExpandClearNew_MockDataWithExpansion_ValueAdded" methodname="InsertExpandClearNew_MockDataWithExpansion_ValueAdded" classname="GDX.Collections.Generic.SimpleListTests" runstate="Runnable" seed="232799619" result="Passed" start-time="2023-05-24 20:19:17Z" end-time="2023-05-24 20:19:17Z" duration="0.000538" asserts="0">
                <properties>
                  <property name="Category" value="GDX.Tests" />
                </properties>
                <output><![CDATA[[Code Coverage] Code Coverage results for visited sequence points were saved in D:/BuildAgent/work/GDX-Documentation/Staging/CodeCoverage/GDX_Development-opencov/EditMode/TestCoverageResults_0189.xml
[Code Coverage] Code Coverage requires Burst Compilation to be disabled in order to obtain accurate coverage information. To disable Burst Compilation uncheck Jobs > Burst > Enable Compilation or pass '--burst-disable-compilation' to the command line in batchmode.
]]></output>
              </test-case>
              <test-case id="1595" name="InsertExpandClearOld_MockDataWithExpansion_ValueAdded" fullname="GDX.Collections.Generic.SimpleListTests.InsertExpandClearOld_MockDataWithExpansion_ValueAdded" methodname="InsertExpandClearOld_MockDataWithExpansion_ValueAdded" classname="GDX.Collections.Generic.SimpleListTests" runstate="Runnable" seed="1890947227" result="Passed" start-time="2023-05-24 20:19:19Z" end-time="2023-05-24 20:19:19Z" duration="0.000505" asserts="0">
                <properties>
                  <property name="Category" value="GDX.Tests" />
                </properties>
                <output><![CDATA[[Code Coverage] Code Coverage results for visited sequence points were saved in D:/BuildAgent/work/GDX-Documentation/Staging/CodeCoverage/GDX_Development-opencov/EditMode/TestCoverageResults_0190.xml
[Code Coverage] Code Coverage requires Burst Compilation to be disabled in order to obtain accurate coverage information. To disable Burst Compilation uncheck Jobs > Burst > Enable Compilation or pass '--burst-disable-compilation' to the command line in batchmode.
]]></output>
              </test-case>
              <test-case id="1594" name="InsertExpandNoClear_MockDataWithExpansion_ValueAdded" fullname="GDX.Collections.Generic.SimpleListTests.InsertExpandNoClear_MockDataWithExpansion_ValueAdded" methodname="InsertExpandNoClear_MockDataWithExpansion_ValueAdded" classname="GDX.Collections.Generic.SimpleListTests" runstate="Runnable" seed="1149117546" result="Passed" start-time="2023-05-24 20:19:20Z" end-time="2023-05-24 20:19:20Z" duration="0.000539" asserts="0">
                <properties>
                  <property name="Category" value="GDX.Tests" />
                </properties>
                <output><![CDATA[[Code Coverage] Code Coverage results for visited sequence points were saved in D:/BuildAgent/work/GDX-Documentation/Staging/CodeCoverage/GDX_Development-opencov/EditMode/TestCoverageResults_0191.xml
[Code Coverage] Code Coverage requires Burst Compilation to be disabled in order to obtain accurate coverage information. To disable Burst Compilation uncheck Jobs > Burst > Enable Compilation or pass '--burst-disable-compilation' to the command line in batchmode.
]]></output>
              </test-case>
              <test-case id="1599" name="InsertUnchecked_MockDataAtEnd_ValueAdded" fullname="GDX.Collections.Generic.SimpleListTests.InsertUnchecked_MockDataAtEnd_ValueAdded" methodname="InsertUnchecked_MockDataAtEnd_ValueAdded" classname="GDX.Collections.Generic.SimpleListTests" runstate="Runnable" seed="449295010" result="Passed" start-time="2023-05-24 20:19:21Z" end-time="2023-05-24 20:19:21Z" duration="0.000373" asserts="0">
                <properties>
                  <property name="Category" value="GDX.Tests" />
                </properties>
                <output><![CDATA[[Code Coverage] Code Coverage results for visited sequence points were saved in D:/BuildAgent/work/GDX-Documentation/Staging/CodeCoverage/GDX_Development-opencov/EditMode/TestCoverageResults_0192.xml
[Code Coverage] Code Coverage requires Burst Compilation to be disabled in order to obtain accurate coverage information. To disable Burst Compilation uncheck Jobs > Burst > Enable Compilation or pass '--burst-disable-compilation' to the command line in batchmode.
]]></output>
              </test-case>
              <test-case id="1600" name="InsertUnchecked_MockDataAtStart_ValueAdded" fullname="GDX.Collections.Generic.SimpleListTests.InsertUnchecked_MockDataAtStart_ValueAdded" methodname="InsertUnchecked_MockDataAtStart_ValueAdded" classname="GDX.Collections.Generic.SimpleListTests" runstate="Runnable" seed="265022635" result="Passed" start-time="2023-05-24 20:19:22Z" end-time="2023-05-24 20:19:22Z" duration="0.000320" asserts="0">
                <properties>
                  <property name="Category" value="GDX.Tests" />
                </properties>
                <output><![CDATA[[Code Coverage] Code Coverage results for visited sequence points were saved in D:/BuildAgent/work/GDX-Documentation/Staging/CodeCoverage/GDX_Development-opencov/EditMode/TestCoverageResults_0193.xml
[Code Coverage] Code Coverage requires Burst Compilation to be disabled in order to obtain accurate coverage information. To disable Burst Compilation uncheck Jobs > Burst > Enable Compilation or pass '--burst-disable-compilation' to the command line in batchmode.
]]></output>
              </test-case>
              <test-case id="1601" name="InsertUnchecked_MockDataInMiddle_ValueAdded" fullname="GDX.Collections.Generic.SimpleListTests.InsertUnchecked_MockDataInMiddle_ValueAdded" methodname="InsertUnchecked_MockDataInMiddle_ValueAdded" classname="GDX.Collections.Generic.SimpleListTests" runstate="Runnable" seed="589492835" result="Passed" start-time="2023-05-24 20:19:24Z" end-time="2023-05-24 20:19:24Z" duration="0.000298" asserts="0">
                <properties>
                  <property name="Category" value="GDX.Tests" />
                </properties>
                <output><![CDATA[[Code Coverage] Code Coverage results for visited sequence points were saved in D:/BuildAgent/work/GDX-Documentation/Staging/CodeCoverage/GDX_Development-opencov/EditMode/TestCoverageResults_0194.xml
[Code Coverage] Code Coverage requires Burst Compilation to be disabled in order to obtain accurate coverage information. To disable Burst Compilation uncheck Jobs > Burst > Enable Compilation or pass '--burst-disable-compilation' to the command line in batchmode.
]]></output>
              </test-case>
              <test-case id="1602" name="InsertWithExpandCheck_MockDataAtEnd_ValueAdded" fullname="GDX.Collections.Generic.SimpleListTests.InsertWithExpandCheck_MockDataAtEnd_ValueAdded" methodname="InsertWithExpandCheck_MockDataAtEnd_ValueAdded" classname="GDX.Collections.Generic.SimpleListTests" runstate="Runnable" seed="226354863" result="Passed" start-time="2023-05-24 20:19:25Z" end-time="2023-05-24 20:19:25Z" duration="0.000402" asserts="0">
                <properties>
                  <property name="Category" value="GDX.Tests" />
                </properties>
                <output><![CDATA[[Code Coverage] Code Coverage results for visited sequence points were saved in D:/BuildAgent/work/GDX-Documentation/Staging/CodeCoverage/GDX_Development-opencov/EditMode/TestCoverageResults_0195.xml
[Code Coverage] Code Coverage requires Burst Compilation to be disabled in order to obtain accurate coverage information. To disable Burst Compilation uncheck Jobs > Burst > Enable Compilation or pass '--burst-disable-compilation' to the command line in batchmode.
]]></output>
              </test-case>
              <test-case id="1605" name="InsertWithExpandCheck_MockDataAtEndAndCustomCount_ValueAdded" fullname="GDX.Collections.Generic.SimpleListTests.InsertWithExpandCheck_MockDataAtEndAndCustomCount_ValueAdded" methodname="InsertWithExpandCheck_MockDataAtEndAndCustomCount_ValueAdded" classname="GDX.Collections.Generic.SimpleListTests" runstate="Runnable" seed="1410559731" result="Passed" start-time="2023-05-24 20:19:26Z" end-time="2023-05-24 20:19:26Z" duration="0.000426" asserts="0">
                <properties>
                  <property name="Category" value="GDX.Tests" />
                </properties>
                <output><![CDATA[[Code Coverage] Code Coverage results for visited sequence points were saved in D:/BuildAgent/work/GDX-Documentation/Staging/CodeCoverage/GDX_Development-opencov/EditMode/TestCoverageResults_0196.xml
[Code Coverage] Code Coverage requires Burst Compilation to be disabled in order to obtain accurate coverage information. To disable Burst Compilation uncheck Jobs > Burst > Enable Compilation or pass '--burst-disable-compilation' to the command line in batchmode.
]]></output>
              </test-case>
              <test-case id="1603" name="InsertWithExpandCheck_MockDataAtStart_ValueAdded" fullname="GDX.Collections.Generic.SimpleListTests.InsertWithExpandCheck_MockDataAtStart_ValueAdded" methodname="InsertWithExpandCheck_MockDataAtStart_ValueAdded" classname="GDX.Collections.Generic.SimpleListTests" runstate="Runnable" seed="56019277" result="Passed" start-time="2023-05-24 20:19:27Z" end-time="2023-05-24 20:19:27Z" duration="0.000293" asserts="0">
                <properties>
                  <property name="Category" value="GDX.Tests" />
                </properties>
                <output><![CDATA[[Code Coverage] Code Coverage results for visited sequence points were saved in D:/BuildAgent/work/GDX-Documentation/Staging/CodeCoverage/GDX_Development-opencov/EditMode/TestCoverageResults_0197.xml
[Code Coverage] Code Coverage requires Burst Compilation to be disabled in order to obtain accurate coverage information. To disable Burst Compilation uncheck Jobs > Burst > Enable Compilation or pass '--burst-disable-compilation' to the command line in batchmode.
]]></output>
              </test-case>
              <test-case id="1606" name="InsertWithExpandCheck_MockDataAtStartAndCustomCount_ValueAdded" fullname="GDX.Collections.Generic.SimpleListTests.InsertWithExpandCheck_MockDataAtStartAndCustomCount_ValueAdded" methodname="InsertWithExpandCheck_MockDataAtStartAndCustomCount_ValueAdded" classname="GDX.Collections.Generic.SimpleListTests" runstate="Runnable" seed="1276461578" result="Passed" start-time="2023-05-24 20:19:29Z" end-time="2023-05-24 20:19:29Z" duration="0.000294" asserts="0">
                <properties>
                  <property name="Category" value="GDX.Tests" />
                </properties>
                <output><![CDATA[[Code Coverage] Code Coverage results for visited sequence points were saved in D:/BuildAgent/work/GDX-Documentation/Staging/CodeCoverage/GDX_Development-opencov/EditMode/TestCoverageResults_0198.xml
[Code Coverage] Code Coverage requires Burst Compilation to be disabled in order to obtain accurate coverage information. To disable Burst Compilation uncheck Jobs > Burst > Enable Compilation or pass '--burst-disable-compilation' to the command line in batchmode.
]]></output>
              </test-case>
              <test-case id="1604" name="InsertWithExpandCheck_MockDataInMiddle_ValueAdded" fullname="GDX.Collections.Generic.SimpleListTests.InsertWithExpandCheck_MockDataInMiddle_ValueAdded" methodname="InsertWithExpandCheck_MockDataInMiddle_ValueAdded" classname="GDX.Collections.Generic.SimpleListTests" runstate="Runnable" seed="1639424381" result="Passed" start-time="2023-05-24 20:19:30Z" end-time="2023-05-24 20:19:30Z" duration="0.000291" asserts="0">
                <properties>
                  <property name="Category" value="GDX.Tests" />
                </properties>
                <output><![CDATA[[Code Coverage] Code Coverage results for visited sequence points were saved in D:/BuildAgent/work/GDX-Documentation/Staging/CodeCoverage/GDX_Development-opencov/EditMode/TestCoverageResults_0199.xml
[Code Coverage] Code Coverage requires Burst Compilation to be disabled in order to obtain accurate coverage information. To disable Burst Compilation uncheck Jobs > Burst > Enable Compilation or pass '--burst-disable-compilation' to the command line in batchmode.
]]></output>
              </test-case>
              <test-case id="1607" name="InsertWithExpandCheck_MockDataInMiddleAndCustomCount_ValueAdded" fullname="GDX.Collections.Generic.SimpleListTests.InsertWithExpandCheck_MockDataInMiddleAndCustomCount_ValueAdded" methodname="InsertWithExpandCheck_MockDataInMiddleAndCustomCount_ValueAdded" classname="GDX.Collections.Generic.SimpleListTests" runstate="Runnable" seed="1586225380" result="Passed" start-time="2023-05-24 20:19:31Z" end-time="2023-05-24 20:19:31Z" duration="0.000310" asserts="0">
                <properties>
                  <property name="Category" value="GDX.Tests" />
                </properties>
                <output><![CDATA[[Code Coverage] Code Coverage results for visited sequence points were saved in D:/BuildAgent/work/GDX-Documentation/Staging/CodeCoverage/GDX_Development-opencov/EditMode/TestCoverageResults_0200.xml
[Code Coverage] Code Coverage requires Burst Compilation to be disabled in order to obtain accurate coverage information. To disable Burst Compilation uncheck Jobs > Burst > Enable Compilation or pass '--burst-disable-compilation' to the command line in batchmode.
]]></output>
              </test-case>
              <test-case id="1608" name="RemoveAt_MockDataAtEnd_ValueRemoved" fullname="GDX.Collections.Generic.SimpleListTests.RemoveAt_MockDataAtEnd_ValueRemoved" methodname="RemoveAt_MockDataAtEnd_ValueRemoved" classname="GDX.Collections.Generic.SimpleListTests" runstate="Runnable" seed="454256555" result="Passed" start-time="2023-05-24 20:19:32Z" end-time="2023-05-24 20:19:32Z" duration="0.000382" asserts="0">
                <properties>
                  <property name="Category" value="GDX.Tests" />
                </properties>
                <output><![CDATA[[Code Coverage] Code Coverage results for visited sequence points were saved in D:/BuildAgent/work/GDX-Documentation/Staging/CodeCoverage/GDX_Development-opencov/EditMode/TestCoverageResults_0201.xml
[Code Coverage] Code Coverage requires Burst Compilation to be disabled in order to obtain accurate coverage information. To disable Burst Compilation uncheck Jobs > Burst > Enable Compilation or pass '--burst-disable-compilation' to the command line in batchmode.
]]></output>
              </test-case>
              <test-case id="1609" name="RemoveAt_MockDataAtStart_ValueRemoved" fullname="GDX.Collections.Generic.SimpleListTests.RemoveAt_MockDataAtStart_ValueRemoved" methodname="RemoveAt_MockDataAtStart_ValueRemoved" classname="GDX.Collections.Generic.SimpleListTests" runstate="Runnable" seed="1109521200" result="Passed" start-time="2023-05-24 20:19:33Z" end-time="2023-05-24 20:19:33Z" duration="0.000304" asserts="0">
                <properties>
                  <property name="Category" value="GDX.Tests" />
                </properties>
                <output><![CDATA[[Code Coverage] Code Coverage results for visited sequence points were saved in D:/BuildAgent/work/GDX-Documentation/Staging/CodeCoverage/GDX_Development-opencov/EditMode/TestCoverageResults_0202.xml
[Code Coverage] Code Coverage requires Burst Compilation to be disabled in order to obtain accurate coverage information. To disable Burst Compilation uncheck Jobs > Burst > Enable Compilation or pass '--burst-disable-compilation' to the command line in batchmode.
]]></output>
              </test-case>
              <test-case id="1610" name="RemoveAt_MockDataInMiddle_ValueRemoved" fullname="GDX.Collections.Generic.SimpleListTests.RemoveAt_MockDataInMiddle_ValueRemoved" methodname="RemoveAt_MockDataInMiddle_ValueRemoved" classname="GDX.Collections.Generic.SimpleListTests" runstate="Runnable" seed="1974142112" result="Passed" start-time="2023-05-24 20:19:35Z" end-time="2023-05-24 20:19:35Z" duration="0.000297" asserts="0">
                <properties>
                  <property name="Category" value="GDX.Tests" />
                </properties>
                <output><![CDATA[[Code Coverage] Code Coverage results for visited sequence points were saved in D:/BuildAgent/work/GDX-Documentation/Staging/CodeCoverage/GDX_Development-opencov/EditMode/TestCoverageResults_0203.xml
[Code Coverage] Code Coverage requires Burst Compilation to be disabled in order to obtain accurate coverage information. To disable Burst Compilation uncheck Jobs > Burst > Enable Compilation or pass '--burst-disable-compilation' to the command line in batchmode.
]]></output>
              </test-case>
              <test-case id="1611" name="RemoveAtSwapBack_MockDataAtEnd_ValueRemoved" fullname="GDX.Collections.Generic.SimpleListTests.RemoveAtSwapBack_MockDataAtEnd_ValueRemoved" methodname="RemoveAtSwapBack_MockDataAtEnd_ValueRemoved" classname="GDX.Collections.Generic.SimpleListTests" runstate="Runnable" seed="1223985046" result="Passed" start-time="2023-05-24 20:19:36Z" end-time="2023-05-24 20:19:36Z" duration="0.000386" asserts="0">
                <properties>
                  <property name="Category" value="GDX.Tests" />
                </properties>
                <output><![CDATA[[Code Coverage] Code Coverage results for visited sequence points were saved in D:/BuildAgent/work/GDX-Documentation/Staging/CodeCoverage/GDX_Development-opencov/EditMode/TestCoverageResults_0204.xml
[Code Coverage] Code Coverage requires Burst Compilation to be disabled in order to obtain accurate coverage information. To disable Burst Compilation uncheck Jobs > Burst > Enable Compilation or pass '--burst-disable-compilation' to the command line in batchmode.
]]></output>
              </test-case>
              <test-case id="1612" name="RemoveAtSwapBack_MockDataAtStart_ValueRemoved" fullname="GDX.Collections.Generic.SimpleListTests.RemoveAtSwapBack_MockDataAtStart_ValueRemoved" methodname="RemoveAtSwapBack_MockDataAtStart_ValueRemoved" classname="GDX.Collections.Generic.SimpleListTests" runstate="Runnable" seed="2014384559" result="Passed" start-time="2023-05-24 20:19:37Z" end-time="2023-05-24 20:19:37Z" duration="0.000289" asserts="0">
                <properties>
                  <property name="Category" value="GDX.Tests" />
                </properties>
                <output><![CDATA[[Code Coverage] Code Coverage results for visited sequence points were saved in D:/BuildAgent/work/GDX-Documentation/Staging/CodeCoverage/GDX_Development-opencov/EditMode/TestCoverageResults_0205.xml
[Code Coverage] Code Coverage requires Burst Compilation to be disabled in order to obtain accurate coverage information. To disable Burst Compilation uncheck Jobs > Burst > Enable Compilation or pass '--burst-disable-compilation' to the command line in batchmode.
]]></output>
              </test-case>
              <test-case id="1613" name="RemoveAtSwapBack_MockDataInMiddle_ValueRemoved" fullname="GDX.Collections.Generic.SimpleListTests.RemoveAtSwapBack_MockDataInMiddle_ValueRemoved" methodname="RemoveAtSwapBack_MockDataInMiddle_ValueRemoved" classname="GDX.Collections.Generic.SimpleListTests" runstate="Runnable" seed="989375190" result="Passed" start-time="2023-05-24 20:19:38Z" end-time="2023-05-24 20:19:38Z" duration="0.000295" asserts="0">
                <properties>
                  <property name="Category" value="GDX.Tests" />
                </properties>
                <output><![CDATA[[Code Coverage] Code Coverage results for visited sequence points were saved in D:/BuildAgent/work/GDX-Documentation/Staging/CodeCoverage/GDX_Development-opencov/EditMode/TestCoverageResults_0206.xml
[Code Coverage] Code Coverage requires Burst Compilation to be disabled in order to obtain accurate coverage information. To disable Burst Compilation uncheck Jobs > Burst > Enable Compilation or pass '--burst-disable-compilation' to the command line in batchmode.
]]></output>
              </test-case>
              <test-case id="1614" name="RemoveFromBack_MockData_ValueRemoved" fullname="GDX.Collections.Generic.SimpleListTests.RemoveFromBack_MockData_ValueRemoved" methodname="RemoveFromBack_MockData_ValueRemoved" classname="GDX.Collections.Generic.SimpleListTests" runstate="Runnable" seed="886263263" result="Passed" start-time="2023-05-24 20:19:40Z" end-time="2023-05-24 20:19:40Z" duration="0.000439" asserts="0">
                <properties>
                  <property name="Category" value="GDX.Tests" />
                </properties>
                <output><![CDATA[[Code Coverage] Code Coverage results for visited sequence points were saved in D:/BuildAgent/work/GDX-Documentation/Staging/CodeCoverage/GDX_Development-opencov/EditMode/TestCoverageResults_0207.xml
[Code Coverage] Code Coverage requires Burst Compilation to be disabled in order to obtain accurate coverage information. To disable Burst Compilation uncheck Jobs > Burst > Enable Compilation or pass '--burst-disable-compilation' to the command line in batchmode.
]]></output>
              </test-case>
              <test-case id="1615" name="Reserve_MockData_ArrayExpanded" fullname="GDX.Collections.Generic.SimpleListTests.Reserve_MockData_ArrayExpanded" methodname="Reserve_MockData_ArrayExpanded" classname="GDX.Collections.Generic.SimpleListTests" runstate="Runnable" seed="1594432575" result="Passed" start-time="2023-05-24 20:19:41Z" end-time="2023-05-24 20:19:41Z" duration="0.000354" asserts="0">
                <properties>
                  <property name="Category" value="GDX.Tests" />
                </properties>
                <output><![CDATA[[Code Coverage] Code Coverage results for visited sequence points were saved in D:/BuildAgent/work/GDX-Documentation/Staging/CodeCoverage/GDX_Development-opencov/EditMode/TestCoverageResults_0208.xml
[Code Coverage] Code Coverage requires Burst Compilation to be disabled in order to obtain accurate coverage information. To disable Burst Compilation uncheck Jobs > Burst > Enable Compilation or pass '--burst-disable-compilation' to the command line in batchmode.
]]></output>
              </test-case>
              <test-case id="1619" name="ReserveClearBoth_MockDataWithExpansion_ValueAdded" fullname="GDX.Collections.Generic.SimpleListTests.ReserveClearBoth_MockDataWithExpansion_ValueAdded" methodname="ReserveClearBoth_MockDataWithExpansion_ValueAdded" classname="GDX.Collections.Generic.SimpleListTests" runstate="Runnable" seed="1760053176" result="Passed" start-time="2023-05-24 20:19:42Z" end-time="2023-05-24 20:19:42Z" duration="0.000517" asserts="0">
                <properties>
                  <property name="Category" value="GDX.Tests" />
                </properties>
                <output><![CDATA[[Code Coverage] Code Coverage results for visited sequence points were saved in D:/BuildAgent/work/GDX-Documentation/Staging/CodeCoverage/GDX_Development-opencov/EditMode/TestCoverageResults_0209.xml
[Code Coverage] Code Coverage requires Burst Compilation to be disabled in order to obtain accurate coverage information. To disable Burst Compilation uncheck Jobs > Burst > Enable Compilation or pass '--burst-disable-compilation' to the command line in batchmode.
]]></output>
              </test-case>
              <test-case id="1618" name="ReserveClearNew_MockDataWithExpansion_ValueAdded" fullname="GDX.Collections.Generic.SimpleListTests.ReserveClearNew_MockDataWithExpansion_ValueAdded" methodname="ReserveClearNew_MockDataWithExpansion_ValueAdded" classname="GDX.Collections.Generic.SimpleListTests" runstate="Runnable" seed="90135624" result="Passed" start-time="2023-05-24 20:19:43Z" end-time="2023-05-24 20:19:43Z" duration="0.000492" asserts="0">
                <properties>
                  <property name="Category" value="GDX.Tests" />
                </properties>
                <output><![CDATA[[Code Coverage] Code Coverage results for visited sequence points were saved in D:/BuildAgent/work/GDX-Documentation/Staging/CodeCoverage/GDX_Development-opencov/EditMode/TestCoverageResults_0210.xml
[Code Coverage] Code Coverage requires Burst Compilation to be disabled in order to obtain accurate coverage information. To disable Burst Compilation uncheck Jobs > Burst > Enable Compilation or pass '--burst-disable-compilation' to the command line in batchmode.
]]></output>
              </test-case>
              <test-case id="1617" name="ReserveClearOld_MockDataWithExpansion_ValueAdded" fullname="GDX.Collections.Generic.SimpleListTests.ReserveClearOld_MockDataWithExpansion_ValueAdded" methodname="ReserveClearOld_MockDataWithExpansion_ValueAdded" classname="GDX.Collections.Generic.SimpleListTests" runstate="Runnable" seed="1711795560" result="Passed" start-time="2023-05-24 20:19:44Z" end-time="2023-05-24 20:19:44Z" duration="0.000547" asserts="0">
                <properties>
                  <property name="Category" value="GDX.Tests" />
                </properties>
                <output><![CDATA[[Code Coverage] Code Coverage results for visited sequence points were saved in D:/BuildAgent/work/GDX-Documentation/Staging/CodeCoverage/GDX_Development-opencov/EditMode/TestCoverageResults_0211.xml
[Code Coverage] Code Coverage requires Burst Compilation to be disabled in order to obtain accurate coverage information. To disable Burst Compilation uncheck Jobs > Burst > Enable Compilation or pass '--burst-disable-compilation' to the command line in batchmode.
]]></output>
              </test-case>
              <test-case id="1616" name="ReserveNoClear_MockDataWithExpansion_ValueAdded" fullname="GDX.Collections.Generic.SimpleListTests.ReserveNoClear_MockDataWithExpansion_ValueAdded" methodname="ReserveNoClear_MockDataWithExpansion_ValueAdded" classname="GDX.Collections.Generic.SimpleListTests" runstate="Runnable" seed="1917500997" result="Passed" start-time="2023-05-24 20:19:46Z" end-time="2023-05-24 20:19:46Z" duration="0.000509" asserts="0">
                <properties>
                  <property name="Category" value="GDX.Tests" />
                </properties>
                <output><![CDATA[[Code Coverage] Code Coverage results for visited sequence points were saved in D:/BuildAgent/work/GDX-Documentation/Staging/CodeCoverage/GDX_Development-opencov/EditMode/TestCoverageResults_0212.xml
[Code Coverage] Code Coverage requires Burst Compilation to be disabled in order to obtain accurate coverage information. To disable Burst Compilation uncheck Jobs > Burst > Enable Compilation or pass '--burst-disable-compilation' to the command line in batchmode.
]]></output>
              </test-case>
              <test-case id="1620" name="Reverse_MockDataEven_ArrayReversed" fullname="GDX.Collections.Generic.SimpleListTests.Reverse_MockDataEven_ArrayReversed" methodname="Reverse_MockDataEven_ArrayReversed" classname="GDX.Collections.Generic.SimpleListTests" runstate="Runnable" seed="150542301" result="Passed" start-time="2023-05-24 20:19:47Z" end-time="2023-05-24 20:19:47Z" duration="0.000423" asserts="0">
                <properties>
                  <property name="Category" value="GDX.Tests" />
                </properties>
                <output><![CDATA[[Code Coverage] Code Coverage results for visited sequence points were saved in D:/BuildAgent/work/GDX-Documentation/Staging/CodeCoverage/GDX_Development-opencov/EditMode/TestCoverageResults_0213.xml
[Code Coverage] Code Coverage requires Burst Compilation to be disabled in order to obtain accurate coverage information. To disable Burst Compilation uncheck Jobs > Burst > Enable Compilation or pass '--burst-disable-compilation' to the command line in batchmode.
]]></output>
              </test-case>
              <test-case id="1621" name="Reverse_MockDataOdd_ArrayReversed" fullname="GDX.Collections.Generic.SimpleListTests.Reverse_MockDataOdd_ArrayReversed" methodname="Reverse_MockDataOdd_ArrayReversed" classname="GDX.Collections.Generic.SimpleListTests" runstate="Runnable" seed="861598778" result="Passed" start-time="2023-05-24 20:19:48Z" end-time="2023-05-24 20:19:48Z" duration="0.000323" asserts="0">
                <properties>
                  <property name="Category" value="GDX.Tests" />
                </properties>
                <output><![CDATA[[Code Coverage] Code Coverage results for visited sequence points were saved in D:/BuildAgent/work/GDX-Documentation/Staging/CodeCoverage/GDX_Development-opencov/EditMode/TestCoverageResults_0214.xml
[Code Coverage] Code Coverage requires Burst Compilation to be disabled in order to obtain accurate coverage information. To disable Burst Compilation uncheck Jobs > Burst > Enable Compilation or pass '--burst-disable-compilation' to the command line in batchmode.
]]></output>
              </test-case>
              <test-case id="1622" name="Reverse_MockDataOddLimited_ArrayReversed" fullname="GDX.Collections.Generic.SimpleListTests.Reverse_MockDataOddLimited_ArrayReversed" methodname="Reverse_MockDataOddLimited_ArrayReversed" classname="GDX.Collections.Generic.SimpleListTests" runstate="Runnable" seed="12607657" result="Passed" start-time="2023-05-24 20:19:49Z" end-time="2023-05-24 20:19:49Z" duration="0.000299" asserts="0">
                <properties>
                  <property name="Category" value="GDX.Tests" />
                </properties>
                <output><![CDATA[[Code Coverage] Code Coverage results for visited sequence points were saved in D:/BuildAgent/work/GDX-Documentation/Staging/CodeCoverage/GDX_Development-opencov/EditMode/TestCoverageResults_0215.xml
[Code Coverage] Code Coverage requires Burst Compilation to be disabled in order to obtain accurate coverage information. To disable Burst Compilation uncheck Jobs > Burst > Enable Compilation or pass '--burst-disable-compilation' to the command line in batchmode.
]]></output>
              </test-case>
            </test-suite>
            <test-suite type="TestFixture" id="1623" name="SparseSetTests" fullname="GDX.Collections.Generic.SparseSetTests" classname="GDX.Collections.Generic.SparseSetTests" runstate="Runnable" testcasecount="54" result="Passed" start-time="2023-05-24 20:19:50Z" end-time="2023-05-24 20:20:57Z" duration="66.289706" total="54" passed="54" failed="0" inconclusive="0" skipped="0" asserts="0">
              <properties />
              <test-case id="1626" name="AddUnchecked_MockData_IndicesReserved" fullname="GDX.Collections.Generic.SparseSetTests.AddUnchecked_MockData_IndicesReserved" methodname="AddUnchecked_MockData_IndicesReserved" classname="GDX.Collections.Generic.SparseSetTests" runstate="Runnable" seed="926509401" result="Passed" start-time="2023-05-24 20:19:50Z" end-time="2023-05-24 20:19:50Z" duration="0.000471" asserts="0">
                <properties>
                  <property name="Category" value="GDX.Tests" />
                </properties>
                <output><![CDATA[[Code Coverage] Code Coverage results for visited sequence points were saved in D:/BuildAgent/work/GDX-Documentation/Staging/CodeCoverage/GDX_Development-opencov/EditMode/TestCoverageResults_0216.xml
[Code Coverage] Code Coverage requires Burst Compilation to be disabled in order to obtain accurate coverage information. To disable Burst Compilation uncheck Jobs > Burst > Enable Compilation or pass '--burst-disable-compilation' to the command line in batchmode.
]]></output>
              </test-case>
              <test-case id="1629" name="AddUnchecked_MockDataAndVersionArrayOverflow_ThrowsException" fullname="GDX.Collections.Generic.SparseSetTests.AddUnchecked_MockDataAndVersionArrayOverflow_ThrowsException" methodname="AddUnchecked_MockDataAndVersionArrayOverflow_ThrowsException" classname="GDX.Collections.Generic.SparseSetTests" runstate="Runnable" seed="1395427700" result="Passed" start-time="2023-05-24 20:19:52Z" end-time="2023-05-24 20:19:52Z" duration="0.000636" asserts="0">
                <properties>
                  <property name="Category" value="GDX.Tests" />
                </properties>
                <output><![CDATA[[Code Coverage] Code Coverage results for visited sequence points were saved in D:/BuildAgent/work/GDX-Documentation/Staging/CodeCoverage/GDX_Development-opencov/EditMode/TestCoverageResults_0217.xml
[Code Coverage] Code Coverage requires Burst Compilation to be disabled in order to obtain accurate coverage information. To disable Burst Compilation uncheck Jobs > Burst > Enable Compilation or pass '--burst-disable-compilation' to the command line in batchmode.
]]></output>
              </test-case>
              <test-case id="1662" name="AddUnchecked_MockDataGeneric0_Added" fullname="GDX.Collections.Generic.SparseSetTests.AddUnchecked_MockDataGeneric0_Added" methodname="AddUnchecked_MockDataGeneric0_Added" classname="GDX.Collections.Generic.SparseSetTests" runstate="Runnable" seed="1718609081" result="Passed" start-time="2023-05-24 20:19:53Z" end-time="2023-05-24 20:19:53Z" duration="0.000371" asserts="0">
                <properties>
                  <property name="Category" value="GDX.Tests" />
                </properties>
                <output><![CDATA[[Code Coverage] Code Coverage results for visited sequence points were saved in D:/BuildAgent/work/GDX-Documentation/Staging/CodeCoverage/GDX_Development-opencov/EditMode/TestCoverageResults_0218.xml
[Code Coverage] Code Coverage requires Burst Compilation to be disabled in order to obtain accurate coverage information. To disable Burst Compilation uncheck Jobs > Burst > Enable Compilation or pass '--burst-disable-compilation' to the command line in batchmode.
]]></output>
              </test-case>
              <test-case id="1663" name="AddUnchecked_MockDataGeneric1_Added" fullname="GDX.Collections.Generic.SparseSetTests.AddUnchecked_MockDataGeneric1_Added" methodname="AddUnchecked_MockDataGeneric1_Added" classname="GDX.Collections.Generic.SparseSetTests" runstate="Runnable" seed="1676399771" result="Passed" start-time="2023-05-24 20:19:54Z" end-time="2023-05-24 20:19:54Z" duration="0.000432" asserts="0">
                <properties>
                  <property name="Category" value="GDX.Tests" />
                </properties>
                <output><![CDATA[[Code Coverage] Code Coverage results for visited sequence points were saved in D:/BuildAgent/work/GDX-Documentation/Staging/CodeCoverage/GDX_Development-opencov/EditMode/TestCoverageResults_0219.xml
[Code Coverage] Code Coverage requires Burst Compilation to be disabled in order to obtain accurate coverage information. To disable Burst Compilation uncheck Jobs > Burst > Enable Compilation or pass '--burst-disable-compilation' to the command line in batchmode.
]]></output>
              </test-case>
              <test-case id="1664" name="AddUnchecked_MockDataGeneric2_Added" fullname="GDX.Collections.Generic.SparseSetTests.AddUnchecked_MockDataGeneric2_Added" methodname="AddUnchecked_MockDataGeneric2_Added" classname="GDX.Collections.Generic.SparseSetTests" runstate="Runnable" seed="44398817" result="Passed" start-time="2023-05-24 20:19:55Z" end-time="2023-05-24 20:19:55Z" duration="0.000448" asserts="0">
                <properties>
                  <property name="Category" value="GDX.Tests" />
                </properties>
                <output><![CDATA[[Code Coverage] Code Coverage results for visited sequence points were saved in D:/BuildAgent/work/GDX-Documentation/Staging/CodeCoverage/GDX_Development-opencov/EditMode/TestCoverageResults_0220.xml
[Code Coverage] Code Coverage requires Burst Compilation to be disabled in order to obtain accurate coverage information. To disable Burst Compilation uncheck Jobs > Burst > Enable Compilation or pass '--burst-disable-compilation' to the command line in batchmode.
]]></output>
              </test-case>
              <test-case id="1665" name="AddUnchecked_MockDataGeneric3_Added" fullname="GDX.Collections.Generic.SparseSetTests.AddUnchecked_MockDataGeneric3_Added" methodname="AddUnchecked_MockDataGeneric3_Added" classname="GDX.Collections.Generic.SparseSetTests" runstate="Runnable" seed="1014487147" result="Passed" start-time="2023-05-24 20:19:56Z" end-time="2023-05-24 20:19:56Z" duration="0.000458" asserts="0">
                <properties>
                  <property name="Category" value="GDX.Tests" />
                </properties>
                <output><![CDATA[[Code Coverage] Code Coverage results for visited sequence points were saved in D:/BuildAgent/work/GDX-Documentation/Staging/CodeCoverage/GDX_Development-opencov/EditMode/TestCoverageResults_0221.xml
[Code Coverage] Code Coverage requires Burst Compilation to be disabled in order to obtain accurate coverage information. To disable Burst Compilation uncheck Jobs > Burst > Enable Compilation or pass '--burst-disable-compilation' to the command line in batchmode.
]]></output>
              </test-case>
              <test-case id="1666" name="AddUnchecked_MockDataGeneric4_Added" fullname="GDX.Collections.Generic.SparseSetTests.AddUnchecked_MockDataGeneric4_Added" methodname="AddUnchecked_MockDataGeneric4_Added" classname="GDX.Collections.Generic.SparseSetTests" runstate="Runnable" seed="1033470292" result="Passed" start-time="2023-05-24 20:19:58Z" end-time="2023-05-24 20:19:58Z" duration="0.000449" asserts="0">
                <properties>
                  <property name="Category" value="GDX.Tests" />
                </properties>
                <output><![CDATA[[Code Coverage] Code Coverage results for visited sequence points were saved in D:/BuildAgent/work/GDX-Documentation/Staging/CodeCoverage/GDX_Development-opencov/EditMode/TestCoverageResults_0222.xml
[Code Coverage] Code Coverage requires Burst Compilation to be disabled in order to obtain accurate coverage information. To disable Burst Compilation uncheck Jobs > Burst > Enable Compilation or pass '--burst-disable-compilation' to the command line in batchmode.
]]></output>
              </test-case>
              <test-case id="1667" name="AddUnchecked_MockDataGeneric5_Added" fullname="GDX.Collections.Generic.SparseSetTests.AddUnchecked_MockDataGeneric5_Added" methodname="AddUnchecked_MockDataGeneric5_Added" classname="GDX.Collections.Generic.SparseSetTests" runstate="Runnable" seed="302654905" result="Passed" start-time="2023-05-24 20:19:59Z" end-time="2023-05-24 20:19:59Z" duration="0.000487" asserts="0">
                <properties>
                  <property name="Category" value="GDX.Tests" />
                </properties>
                <output><![CDATA[[Code Coverage] Code Coverage results for visited sequence points were saved in D:/BuildAgent/work/GDX-Documentation/Staging/CodeCoverage/GDX_Development-opencov/EditMode/TestCoverageResults_0223.xml
[Code Coverage] Code Coverage requires Burst Compilation to be disabled in order to obtain accurate coverage information. To disable Burst Compilation uncheck Jobs > Burst > Enable Compilation or pass '--burst-disable-compilation' to the command line in batchmode.
]]></output>
              </test-case>
              <test-case id="1668" name="AddUnchecked_MockDataGeneric6_Added" fullname="GDX.Collections.Generic.SparseSetTests.AddUnchecked_MockDataGeneric6_Added" methodname="AddUnchecked_MockDataGeneric6_Added" classname="GDX.Collections.Generic.SparseSetTests" runstate="Runnable" seed="357318548" result="Passed" start-time="2023-05-24 20:20:00Z" end-time="2023-05-24 20:20:00Z" duration="0.000497" asserts="0">
                <properties>
                  <property name="Category" value="GDX.Tests" />
                </properties>
                <output><![CDATA[[Code Coverage] Code Coverage results for visited sequence points were saved in D:/BuildAgent/work/GDX-Documentation/Staging/CodeCoverage/GDX_Development-opencov/EditMode/TestCoverageResults_0224.xml
[Code Coverage] Code Coverage requires Burst Compilation to be disabled in order to obtain accurate coverage information. To disable Burst Compilation uncheck Jobs > Burst > Enable Compilation or pass '--burst-disable-compilation' to the command line in batchmode.
]]></output>
              </test-case>
              <test-case id="1669" name="AddUnchecked_MockDataGeneric7_Added" fullname="GDX.Collections.Generic.SparseSetTests.AddUnchecked_MockDataGeneric7_Added" methodname="AddUnchecked_MockDataGeneric7_Added" classname="GDX.Collections.Generic.SparseSetTests" runstate="Runnable" seed="744635692" result="Passed" start-time="2023-05-24 20:20:02Z" end-time="2023-05-24 20:20:02Z" duration="0.000521" asserts="0">
                <properties>
                  <property name="Category" value="GDX.Tests" />
                </properties>
                <output><![CDATA[[Code Coverage] Code Coverage results for visited sequence points were saved in D:/BuildAgent/work/GDX-Documentation/Staging/CodeCoverage/GDX_Development-opencov/EditMode/TestCoverageResults_0225.xml
[Code Coverage] Code Coverage requires Burst Compilation to be disabled in order to obtain accurate coverage information. To disable Burst Compilation uncheck Jobs > Burst > Enable Compilation or pass '--burst-disable-compilation' to the command line in batchmode.
]]></output>
              </test-case>
              <test-case id="1628" name="AddUnchecked_MockDataOverflow_ThrowsException" fullname="GDX.Collections.Generic.SparseSetTests.AddUnchecked_MockDataOverflow_ThrowsException" methodname="AddUnchecked_MockDataOverflow_ThrowsException" classname="GDX.Collections.Generic.SparseSetTests" runstate="Runnable" seed="748433023" result="Passed" start-time="2023-05-24 20:20:03Z" end-time="2023-05-24 20:20:03Z" duration="0.000429" asserts="0">
                <properties>
                  <property name="Category" value="GDX.Tests" />
                </properties>
                <output><![CDATA[[Code Coverage] Code Coverage results for visited sequence points were saved in D:/BuildAgent/work/GDX-Documentation/Staging/CodeCoverage/GDX_Development-opencov/EditMode/TestCoverageResults_0226.xml
[Code Coverage] Code Coverage requires Burst Compilation to be disabled in order to obtain accurate coverage information. To disable Burst Compilation uncheck Jobs > Burst > Enable Compilation or pass '--burst-disable-compilation' to the command line in batchmode.
]]></output>
              </test-case>
              <test-case id="1627" name="AddUnchecked_MockDataWithVersionArray__IndicesReserved" fullname="GDX.Collections.Generic.SparseSetTests.AddUnchecked_MockDataWithVersionArray__IndicesReserved" methodname="AddUnchecked_MockDataWithVersionArray__IndicesReserved" classname="GDX.Collections.Generic.SparseSetTests" runstate="Runnable" seed="54902736" result="Passed" start-time="2023-05-24 20:20:04Z" end-time="2023-05-24 20:20:04Z" duration="0.000321" asserts="0">
                <properties>
                  <property name="Category" value="GDX.Tests" />
                </properties>
                <output><![CDATA[[Code Coverage] Code Coverage results for visited sequence points were saved in D:/BuildAgent/work/GDX-Documentation/Staging/CodeCoverage/GDX_Development-opencov/EditMode/TestCoverageResults_0227.xml
[Code Coverage] Code Coverage requires Burst Compilation to be disabled in order to obtain accurate coverage information. To disable Burst Compilation uncheck Jobs > Burst > Enable Compilation or pass '--burst-disable-compilation' to the command line in batchmode.
]]></output>
              </test-case>
              <test-case id="1632" name="AddUnchecked_MockDataWithVersionArray_Expanded" fullname="GDX.Collections.Generic.SparseSetTests.AddUnchecked_MockDataWithVersionArray_Expanded" methodname="AddUnchecked_MockDataWithVersionArray_Expanded" classname="GDX.Collections.Generic.SparseSetTests" runstate="Runnable" seed="1134766128" result="Passed" start-time="2023-05-24 20:20:05Z" end-time="2023-05-24 20:20:05Z" duration="0.000507" asserts="0">
                <properties>
                  <property name="Category" value="GDX.Tests" />
                </properties>
                <output><![CDATA[[Code Coverage] Code Coverage results for visited sequence points were saved in D:/BuildAgent/work/GDX-Documentation/Staging/CodeCoverage/GDX_Development-opencov/EditMode/TestCoverageResults_0228.xml
[Code Coverage] Code Coverage requires Burst Compilation to be disabled in order to obtain accurate coverage information. To disable Burst Compilation uncheck Jobs > Burst > Enable Compilation or pass '--burst-disable-compilation' to the command line in batchmode.
]]></output>
              </test-case>
              <test-case id="1630" name="AddWithExpandCheck_MockData_Expanded" fullname="GDX.Collections.Generic.SparseSetTests.AddWithExpandCheck_MockData_Expanded" methodname="AddWithExpandCheck_MockData_Expanded" classname="GDX.Collections.Generic.SparseSetTests" runstate="Runnable" seed="1518945824" result="Passed" start-time="2023-05-24 20:20:07Z" end-time="2023-05-24 20:20:07Z" duration="0.000324" asserts="0">
                <properties>
                  <property name="Category" value="GDX.Tests" />
                </properties>
                <output><![CDATA[[Code Coverage] Code Coverage results for visited sequence points were saved in D:/BuildAgent/work/GDX-Documentation/Staging/CodeCoverage/GDX_Development-opencov/EditMode/TestCoverageResults_0229.xml
[Code Coverage] Code Coverage requires Burst Compilation to be disabled in order to obtain accurate coverage information. To disable Burst Compilation uncheck Jobs > Burst > Enable Compilation or pass '--burst-disable-compilation' to the command line in batchmode.
]]></output>
              </test-case>
              <test-case id="1654" name="AddWithExpandCheck_MockDataGeneric0_Expanded" fullname="GDX.Collections.Generic.SparseSetTests.AddWithExpandCheck_MockDataGeneric0_Expanded" methodname="AddWithExpandCheck_MockDataGeneric0_Expanded" classname="GDX.Collections.Generic.SparseSetTests" runstate="Runnable" seed="642352233" result="Passed" start-time="2023-05-24 20:20:08Z" end-time="2023-05-24 20:20:08Z" duration="0.000498" asserts="0">
                <properties>
                  <property name="Category" value="GDX.Tests" />
                </properties>
                <output><![CDATA[[Code Coverage] Code Coverage results for visited sequence points were saved in D:/BuildAgent/work/GDX-Documentation/Staging/CodeCoverage/GDX_Development-opencov/EditMode/TestCoverageResults_0230.xml
[Code Coverage] Code Coverage requires Burst Compilation to be disabled in order to obtain accurate coverage information. To disable Burst Compilation uncheck Jobs > Burst > Enable Compilation or pass '--burst-disable-compilation' to the command line in batchmode.
]]></output>
              </test-case>
              <test-case id="1655" name="AddWithExpandCheck_MockDataGeneric1_Expanded" fullname="GDX.Collections.Generic.SparseSetTests.AddWithExpandCheck_MockDataGeneric1_Expanded" methodname="AddWithExpandCheck_MockDataGeneric1_Expanded" classname="GDX.Collections.Generic.SparseSetTests" runstate="Runnable" seed="997089091" result="Passed" start-time="2023-05-24 20:20:09Z" end-time="2023-05-24 20:20:09Z" duration="0.000548" asserts="0">
                <properties>
                  <property name="Category" value="GDX.Tests" />
                </properties>
                <output><![CDATA[[Code Coverage] Code Coverage results for visited sequence points were saved in D:/BuildAgent/work/GDX-Documentation/Staging/CodeCoverage/GDX_Development-opencov/EditMode/TestCoverageResults_0231.xml
[Code Coverage] Code Coverage requires Burst Compilation to be disabled in order to obtain accurate coverage information. To disable Burst Compilation uncheck Jobs > Burst > Enable Compilation or pass '--burst-disable-compilation' to the command line in batchmode.
]]></output>
              </test-case>
              <test-case id="1656" name="AddWithExpandCheck_MockDataGeneric2_Expanded" fullname="GDX.Collections.Generic.SparseSetTests.AddWithExpandCheck_MockDataGeneric2_Expanded" methodname="AddWithExpandCheck_MockDataGeneric2_Expanded" classname="GDX.Collections.Generic.SparseSetTests" runstate="Runnable" seed="1010616699" result="Passed" start-time="2023-05-24 20:20:10Z" end-time="2023-05-24 20:20:10Z" duration="0.000553" asserts="0">
                <properties>
                  <property name="Category" value="GDX.Tests" />
                </properties>
                <output><![CDATA[[Code Coverage] Code Coverage results for visited sequence points were saved in D:/BuildAgent/work/GDX-Documentation/Staging/CodeCoverage/GDX_Development-opencov/EditMode/TestCoverageResults_0232.xml
[Code Coverage] Code Coverage requires Burst Compilation to be disabled in order to obtain accurate coverage information. To disable Burst Compilation uncheck Jobs > Burst > Enable Compilation or pass '--burst-disable-compilation' to the command line in batchmode.
]]></output>
              </test-case>
              <test-case id="1657" name="AddWithExpandCheck_MockDataGeneric3_Expanded" fullname="GDX.Collections.Generic.SparseSetTests.AddWithExpandCheck_MockDataGeneric3_Expanded" methodname="AddWithExpandCheck_MockDataGeneric3_Expanded" classname="GDX.Collections.Generic.SparseSetTests" runstate="Runnable" seed="1262041490" result="Passed" start-time="2023-05-24 20:20:11Z" end-time="2023-05-24 20:20:11Z" duration="0.000621" asserts="0">
                <properties>
                  <property name="Category" value="GDX.Tests" />
                </properties>
                <output><![CDATA[[Code Coverage] Code Coverage results for visited sequence points were saved in D:/BuildAgent/work/GDX-Documentation/Staging/CodeCoverage/GDX_Development-opencov/EditMode/TestCoverageResults_0233.xml
[Code Coverage] Code Coverage requires Burst Compilation to be disabled in order to obtain accurate coverage information. To disable Burst Compilation uncheck Jobs > Burst > Enable Compilation or pass '--burst-disable-compilation' to the command line in batchmode.
]]></output>
              </test-case>
              <test-case id="1658" name="AddWithExpandCheck_MockDataGeneric4_Expanded" fullname="GDX.Collections.Generic.SparseSetTests.AddWithExpandCheck_MockDataGeneric4_Expanded" methodname="AddWithExpandCheck_MockDataGeneric4_Expanded" classname="GDX.Collections.Generic.SparseSetTests" runstate="Runnable" seed="1885396043" result="Passed" start-time="2023-05-24 20:20:13Z" end-time="2023-05-24 20:20:13Z" duration="0.000607" asserts="0">
                <properties>
                  <property name="Category" value="GDX.Tests" />
                </properties>
                <output><![CDATA[[Code Coverage] Code Coverage results for visited sequence points were saved in D:/BuildAgent/work/GDX-Documentation/Staging/CodeCoverage/GDX_Development-opencov/EditMode/TestCoverageResults_0234.xml
[Code Coverage] Code Coverage requires Burst Compilation to be disabled in order to obtain accurate coverage information. To disable Burst Compilation uncheck Jobs > Burst > Enable Compilation or pass '--burst-disable-compilation' to the command line in batchmode.
]]></output>
              </test-case>
              <test-case id="1659" name="AddWithExpandCheck_MockDataGeneric5_Expanded" fullname="GDX.Collections.Generic.SparseSetTests.AddWithExpandCheck_MockDataGeneric5_Expanded" methodname="AddWithExpandCheck_MockDataGeneric5_Expanded" classname="GDX.Collections.Generic.SparseSetTests" runstate="Runnable" seed="1003602451" result="Passed" start-time="2023-05-24 20:20:14Z" end-time="2023-05-24 20:20:14Z" duration="0.000636" asserts="0">
                <properties>
                  <property name="Category" value="GDX.Tests" />
                </properties>
                <output><![CDATA[[Code Coverage] Code Coverage results for visited sequence points were saved in D:/BuildAgent/work/GDX-Documentation/Staging/CodeCoverage/GDX_Development-opencov/EditMode/TestCoverageResults_0235.xml
[Code Coverage] Code Coverage requires Burst Compilation to be disabled in order to obtain accurate coverage information. To disable Burst Compilation uncheck Jobs > Burst > Enable Compilation or pass '--burst-disable-compilation' to the command line in batchmode.
]]></output>
              </test-case>
              <test-case id="1660" name="AddWithExpandCheck_MockDataGeneric6_Expanded" fullname="GDX.Collections.Generic.SparseSetTests.AddWithExpandCheck_MockDataGeneric6_Expanded" methodname="AddWithExpandCheck_MockDataGeneric6_Expanded" classname="GDX.Collections.Generic.SparseSetTests" runstate="Runnable" seed="1018445907" result="Passed" start-time="2023-05-24 20:20:15Z" end-time="2023-05-24 20:20:15Z" duration="0.000669" asserts="0">
                <properties>
                  <property name="Category" value="GDX.Tests" />
                </properties>
                <output><![CDATA[[Code Coverage] Code Coverage results for visited sequence points were saved in D:/BuildAgent/work/GDX-Documentation/Staging/CodeCoverage/GDX_Development-opencov/EditMode/TestCoverageResults_0236.xml
[Code Coverage] Code Coverage requires Burst Compilation to be disabled in order to obtain accurate coverage information. To disable Burst Compilation uncheck Jobs > Burst > Enable Compilation or pass '--burst-disable-compilation' to the command line in batchmode.
]]></output>
              </test-case>
              <test-case id="1661" name="AddWithExpandCheck_MockDataGeneric7_Expanded" fullname="GDX.Collections.Generic.SparseSetTests.AddWithExpandCheck_MockDataGeneric7_Expanded" methodname="AddWithExpandCheck_MockDataGeneric7_Expanded" classname="GDX.Collections.Generic.SparseSetTests" runstate="Runnable" seed="4774745" result="Passed" start-time="2023-05-24 20:20:16Z" end-time="2023-05-24 20:20:16Z" duration="0.000709" asserts="0">
                <properties>
                  <property name="Category" value="GDX.Tests" />
                </properties>
                <output><![CDATA[[Code Coverage] Code Coverage results for visited sequence points were saved in D:/BuildAgent/work/GDX-Documentation/Staging/CodeCoverage/GDX_Development-opencov/EditMode/TestCoverageResults_0237.xml
[Code Coverage] Code Coverage requires Burst Compilation to be disabled in order to obtain accurate coverage information. To disable Burst Compilation uncheck Jobs > Burst > Enable Compilation or pass '--burst-disable-compilation' to the command line in batchmode.
]]></output>
              </test-case>
              <test-case id="1631" name="AddWithExpandCheck_MockDataWithVersionArray_Expanded" fullname="GDX.Collections.Generic.SparseSetTests.AddWithExpandCheck_MockDataWithVersionArray_Expanded" methodname="AddWithExpandCheck_MockDataWithVersionArray_Expanded" classname="GDX.Collections.Generic.SparseSetTests" runstate="Runnable" seed="728124232" result="Passed" start-time="2023-05-24 20:20:17Z" end-time="2023-05-24 20:20:17Z" duration="0.000350" asserts="0">
                <properties>
                  <property name="Category" value="GDX.Tests" />
                </properties>
                <output><![CDATA[[Code Coverage] Code Coverage results for visited sequence points were saved in D:/BuildAgent/work/GDX-Documentation/Staging/CodeCoverage/GDX_Development-opencov/EditMode/TestCoverageResults_0238.xml
[Code Coverage] Code Coverage requires Burst Compilation to be disabled in order to obtain accurate coverage information. To disable Burst Compilation uncheck Jobs > Burst > Enable Compilation or pass '--burst-disable-compilation' to the command line in batchmode.
]]></output>
              </test-case>
              <test-case id="1647" name="Clear_MockData_ArraysCleared" fullname="GDX.Collections.Generic.SparseSetTests.Clear_MockData_ArraysCleared" methodname="Clear_MockData_ArraysCleared" classname="GDX.Collections.Generic.SparseSetTests" runstate="Runnable" seed="277120146" result="Passed" start-time="2023-05-24 20:20:19Z" end-time="2023-05-24 20:20:19Z" duration="0.000369" asserts="0">
                <properties>
                  <property name="Category" value="GDX.Tests" />
                </properties>
                <output><![CDATA[[Code Coverage] Code Coverage results for visited sequence points were saved in D:/BuildAgent/work/GDX-Documentation/Staging/CodeCoverage/GDX_Development-opencov/EditMode/TestCoverageResults_0239.xml
[Code Coverage] Code Coverage requires Burst Compilation to be disabled in order to obtain accurate coverage information. To disable Burst Compilation uncheck Jobs > Burst > Enable Compilation or pass '--burst-disable-compilation' to the command line in batchmode.
]]></output>
              </test-case>
              <test-case id="1648" name="Clear_MockDataWithVersionArray_ArraysCleared" fullname="GDX.Collections.Generic.SparseSetTests.Clear_MockDataWithVersionArray_ArraysCleared" methodname="Clear_MockDataWithVersionArray_ArraysCleared" classname="GDX.Collections.Generic.SparseSetTests" runstate="Runnable" seed="941844948" result="Passed" start-time="2023-05-24 20:20:20Z" end-time="2023-05-24 20:20:20Z" duration="0.000407" asserts="0">
                <properties>
                  <property name="Category" value="GDX.Tests" />
                </properties>
                <output><![CDATA[[Code Coverage] Code Coverage results for visited sequence points were saved in D:/BuildAgent/work/GDX-Documentation/Staging/CodeCoverage/GDX_Development-opencov/EditMode/TestCoverageResults_0240.xml
[Code Coverage] Code Coverage requires Burst Compilation to be disabled in order to obtain accurate coverage information. To disable Burst Compilation uncheck Jobs > Burst > Enable Compilation or pass '--burst-disable-compilation' to the command line in batchmode.
]]></output>
              </test-case>
              <test-case id="1649" name="ClearWithVersionReset_MockData_ArraysClearedAndVersionReset" fullname="GDX.Collections.Generic.SparseSetTests.ClearWithVersionReset_MockData_ArraysClearedAndVersionReset" methodname="ClearWithVersionReset_MockData_ArraysClearedAndVersionReset" classname="GDX.Collections.Generic.SparseSetTests" runstate="Runnable" seed="764683541" result="Passed" start-time="2023-05-24 20:20:21Z" end-time="2023-05-24 20:20:21Z" duration="0.000471" asserts="0">
                <properties>
                  <property name="Category" value="GDX.Tests" />
                </properties>
                <output><![CDATA[[Code Coverage] Code Coverage results for visited sequence points were saved in D:/BuildAgent/work/GDX-Documentation/Staging/CodeCoverage/GDX_Development-opencov/EditMode/TestCoverageResults_0241.xml
[Code Coverage] Code Coverage requires Burst Compilation to be disabled in order to obtain accurate coverage information. To disable Burst Compilation uncheck Jobs > Burst > Enable Compilation or pass '--burst-disable-compilation' to the command line in batchmode.
]]></output>
              </test-case>
              <test-case id="1624" name="Constructor_CreateWithCount" fullname="GDX.Collections.Generic.SparseSetTests.Constructor_CreateWithCount" methodname="Constructor_CreateWithCount" classname="GDX.Collections.Generic.SparseSetTests" runstate="Runnable" seed="177010110" result="Passed" start-time="2023-05-24 20:20:22Z" end-time="2023-05-24 20:20:22Z" duration="0.000282" asserts="0">
                <properties>
                  <property name="Category" value="GDX.Tests" />
                </properties>
                <output><![CDATA[[Code Coverage] Code Coverage results for visited sequence points were saved in D:/BuildAgent/work/GDX-Documentation/Staging/CodeCoverage/GDX_Development-opencov/EditMode/TestCoverageResults_0242.xml
[Code Coverage] Code Coverage requires Burst Compilation to be disabled in order to obtain accurate coverage information. To disable Burst Compilation uncheck Jobs > Burst > Enable Compilation or pass '--burst-disable-compilation' to the command line in batchmode.
]]></output>
              </test-case>
              <test-case id="1625" name="Constructor_CreateWithCountAndVersionArray" fullname="GDX.Collections.Generic.SparseSetTests.Constructor_CreateWithCountAndVersionArray" methodname="Constructor_CreateWithCountAndVersionArray" classname="GDX.Collections.Generic.SparseSetTests" runstate="Runnable" seed="1972456363" result="Passed" start-time="2023-05-24 20:20:23Z" end-time="2023-05-24 20:20:23Z" duration="0.000310" asserts="0">
                <properties>
                  <property name="Category" value="GDX.Tests" />
                </properties>
                <output><![CDATA[[Code Coverage] Code Coverage results for visited sequence points were saved in D:/BuildAgent/work/GDX-Documentation/Staging/CodeCoverage/GDX_Development-opencov/EditMode/TestCoverageResults_0243.xml
[Code Coverage] Code Coverage requires Burst Compilation to be disabled in order to obtain accurate coverage information. To disable Burst Compilation uncheck Jobs > Burst > Enable Compilation or pass '--burst-disable-compilation' to the command line in batchmode.
]]></output>
              </test-case>
              <test-case id="1650" name="Expand_MockData_Expanded" fullname="GDX.Collections.Generic.SparseSetTests.Expand_MockData_Expanded" methodname="Expand_MockData_Expanded" classname="GDX.Collections.Generic.SparseSetTests" runstate="Runnable" seed="708571677" result="Passed" start-time="2023-05-24 20:20:25Z" end-time="2023-05-24 20:20:25Z" duration="0.000393" asserts="0">
                <properties>
                  <property name="Category" value="GDX.Tests" />
                </properties>
                <output><![CDATA[[Code Coverage] Code Coverage results for visited sequence points were saved in D:/BuildAgent/work/GDX-Documentation/Staging/CodeCoverage/GDX_Development-opencov/EditMode/TestCoverageResults_0244.xml
[Code Coverage] Code Coverage requires Burst Compilation to be disabled in order to obtain accurate coverage information. To disable Burst Compilation uncheck Jobs > Burst > Enable Compilation or pass '--burst-disable-compilation' to the command line in batchmode.
]]></output>
              </test-case>
              <test-case id="1651" name="Expand_MockDataWithVersionArray_Expanded" fullname="GDX.Collections.Generic.SparseSetTests.Expand_MockDataWithVersionArray_Expanded" methodname="Expand_MockDataWithVersionArray_Expanded" classname="GDX.Collections.Generic.SparseSetTests" runstate="Runnable" seed="2035057140" result="Passed" start-time="2023-05-24 20:20:26Z" end-time="2023-05-24 20:20:26Z" duration="0.000420" asserts="0">
                <properties>
                  <property name="Category" value="GDX.Tests" />
                </properties>
                <output><![CDATA[[Code Coverage] Code Coverage results for visited sequence points were saved in D:/BuildAgent/work/GDX-Documentation/Staging/CodeCoverage/GDX_Development-opencov/EditMode/TestCoverageResults_0245.xml
[Code Coverage] Code Coverage requires Burst Compilation to be disabled in order to obtain accurate coverage information. To disable Burst Compilation uncheck Jobs > Burst > Enable Compilation or pass '--burst-disable-compilation' to the command line in batchmode.
]]></output>
              </test-case>
              <test-case id="1633" name="GetDenseIndexUnchecked_MockData_CorrectIndex" fullname="GDX.Collections.Generic.SparseSetTests.GetDenseIndexUnchecked_MockData_CorrectIndex" methodname="GetDenseIndexUnchecked_MockData_CorrectIndex" classname="GDX.Collections.Generic.SparseSetTests" runstate="Runnable" seed="695079724" result="Passed" start-time="2023-05-24 20:20:27Z" end-time="2023-05-24 20:20:27Z" duration="0.000336" asserts="0">
                <properties>
                  <property name="Category" value="GDX.Tests" />
                </properties>
                <output><![CDATA[[Code Coverage] Code Coverage results for visited sequence points were saved in D:/BuildAgent/work/GDX-Documentation/Staging/CodeCoverage/GDX_Development-opencov/EditMode/TestCoverageResults_0246.xml
[Code Coverage] Code Coverage requires Burst Compilation to be disabled in order to obtain accurate coverage information. To disable Burst Compilation uncheck Jobs > Burst > Enable Compilation or pass '--burst-disable-compilation' to the command line in batchmode.
]]></output>
              </test-case>
              <test-case id="1636" name="GetDenseIndexWithBoundsAndVersionCheck_MockData_CorrectIndexAndHandlesInvalidIndex" fullname="GDX.Collections.Generic.SparseSetTests.GetDenseIndexWithBoundsAndVersionCheck_MockData_CorrectIndexAndHandlesInvalidIndex" methodname="GetDenseIndexWithBoundsAndVersionCheck_MockData_CorrectIndexAndHandlesInvalidIndex" classname="GDX.Collections.Generic.SparseSetTests" runstate="Runnable" seed="1354755603" result="Passed" start-time="2023-05-24 20:20:28Z" end-time="2023-05-24 20:20:28Z" duration="0.000620" asserts="0">
                <properties>
                  <property name="Category" value="GDX.Tests" />
                </properties>
                <output><![CDATA[[Code Coverage] Code Coverage results for visited sequence points were saved in D:/BuildAgent/work/GDX-Documentation/Staging/CodeCoverage/GDX_Development-opencov/EditMode/TestCoverageResults_0247.xml
[Code Coverage] Code Coverage requires Burst Compilation to be disabled in order to obtain accurate coverage information. To disable Burst Compilation uncheck Jobs > Burst > Enable Compilation or pass '--burst-disable-compilation' to the command line in batchmode.
]]></output>
              </test-case>
              <test-case id="1634" name="GetDenseIndexWithBoundsCheck_MockData_CorrectIndexAndHandlesInvalidIndex" fullname="GDX.Collections.Generic.SparseSetTests.GetDenseIndexWithBoundsCheck_MockData_CorrectIndexAndHandlesInvalidIndex" methodname="GetDenseIndexWithBoundsCheck_MockData_CorrectIndexAndHandlesInvalidIndex" classname="GDX.Collections.Generic.SparseSetTests" runstate="Runnable" seed="248693884" result="Passed" start-time="2023-05-24 20:20:29Z" end-time="2023-05-24 20:20:29Z" duration="0.000424" asserts="0">
                <properties>
                  <property name="Category" value="GDX.Tests" />
                </properties>
                <output><![CDATA[[Code Coverage] Code Coverage results for visited sequence points were saved in D:/BuildAgent/work/GDX-Documentation/Staging/CodeCoverage/GDX_Development-opencov/EditMode/TestCoverageResults_0248.xml
[Code Coverage] Code Coverage requires Burst Compilation to be disabled in order to obtain accurate coverage information. To disable Burst Compilation uncheck Jobs > Burst > Enable Compilation or pass '--burst-disable-compilation' to the command line in batchmode.
]]></output>
              </test-case>
              <test-case id="1635" name="GetDenseIndexWithVersionCheck_MockData_CorrectIndexAndHandlesVersion" fullname="GDX.Collections.Generic.SparseSetTests.GetDenseIndexWithVersionCheck_MockData_CorrectIndexAndHandlesVersion" methodname="GetDenseIndexWithVersionCheck_MockData_CorrectIndexAndHandlesVersion" classname="GDX.Collections.Generic.SparseSetTests" runstate="Runnable" seed="1450523563" result="Passed" start-time="2023-05-24 20:20:31Z" end-time="2023-05-24 20:20:31Z" duration="0.000626" asserts="0">
                <properties>
                  <property name="Category" value="GDX.Tests" />
                </properties>
                <output><![CDATA[[Code Coverage] Code Coverage results for visited sequence points were saved in D:/BuildAgent/work/GDX-Documentation/Staging/CodeCoverage/GDX_Development-opencov/EditMode/TestCoverageResults_0249.xml
[Code Coverage] Code Coverage requires Burst Compilation to be disabled in order to obtain accurate coverage information. To disable Burst Compilation uncheck Jobs > Burst > Enable Compilation or pass '--burst-disable-compilation' to the command line in batchmode.
]]></output>
              </test-case>
              <test-case id="1642" name="RemoveUnchecked_MockData_ValidIndexRemoved" fullname="GDX.Collections.Generic.SparseSetTests.RemoveUnchecked_MockData_ValidIndexRemoved" methodname="RemoveUnchecked_MockData_ValidIndexRemoved" classname="GDX.Collections.Generic.SparseSetTests" runstate="Runnable" seed="108718837" result="Passed" start-time="2023-05-24 20:20:32Z" end-time="2023-05-24 20:20:32Z" duration="0.000374" asserts="0">
                <properties>
                  <property name="Category" value="GDX.Tests" />
                </properties>
                <output><![CDATA[[Code Coverage] Code Coverage results for visited sequence points were saved in D:/BuildAgent/work/GDX-Documentation/Staging/CodeCoverage/GDX_Development-opencov/EditMode/TestCoverageResults_0250.xml
[Code Coverage] Code Coverage requires Burst Compilation to be disabled in order to obtain accurate coverage information. To disable Burst Compilation uncheck Jobs > Burst > Enable Compilation or pass '--burst-disable-compilation' to the command line in batchmode.
]]></output>
              </test-case>
              <test-case id="1670" name="RemoveUnchecked_MockDataGeneric0_Removed" fullname="GDX.Collections.Generic.SparseSetTests.RemoveUnchecked_MockDataGeneric0_Removed" methodname="RemoveUnchecked_MockDataGeneric0_Removed" classname="GDX.Collections.Generic.SparseSetTests" runstate="Runnable" seed="545106325" result="Passed" start-time="2023-05-24 20:20:33Z" end-time="2023-05-24 20:20:33Z" duration="0.000411" asserts="0">
                <properties>
                  <property name="Category" value="GDX.Tests" />
                </properties>
                <output><![CDATA[[Code Coverage] Code Coverage results for visited sequence points were saved in D:/BuildAgent/work/GDX-Documentation/Staging/CodeCoverage/GDX_Development-opencov/EditMode/TestCoverageResults_0251.xml
[Code Coverage] Code Coverage requires Burst Compilation to be disabled in order to obtain accurate coverage information. To disable Burst Compilation uncheck Jobs > Burst > Enable Compilation or pass '--burst-disable-compilation' to the command line in batchmode.
]]></output>
              </test-case>
              <test-case id="1671" name="RemoveUnchecked_MockDataGeneric1_Removed" fullname="GDX.Collections.Generic.SparseSetTests.RemoveUnchecked_MockDataGeneric1_Removed" methodname="RemoveUnchecked_MockDataGeneric1_Removed" classname="GDX.Collections.Generic.SparseSetTests" runstate="Runnable" seed="1557442011" result="Passed" start-time="2023-05-24 20:20:34Z" end-time="2023-05-24 20:20:34Z" duration="0.000436" asserts="0">
                <properties>
                  <property name="Category" value="GDX.Tests" />
                </properties>
                <output><![CDATA[[Code Coverage] Code Coverage results for visited sequence points were saved in D:/BuildAgent/work/GDX-Documentation/Staging/CodeCoverage/GDX_Development-opencov/EditMode/TestCoverageResults_0252.xml
[Code Coverage] Code Coverage requires Burst Compilation to be disabled in order to obtain accurate coverage information. To disable Burst Compilation uncheck Jobs > Burst > Enable Compilation or pass '--burst-disable-compilation' to the command line in batchmode.
]]></output>
              </test-case>
              <test-case id="1672" name="RemoveUnchecked_MockDataGeneric2_Removed" fullname="GDX.Collections.Generic.SparseSetTests.RemoveUnchecked_MockDataGeneric2_Removed" methodname="RemoveUnchecked_MockDataGeneric2_Removed" classname="GDX.Collections.Generic.SparseSetTests" runstate="Runnable" seed="900089557" result="Passed" start-time="2023-05-24 20:20:36Z" end-time="2023-05-24 20:20:36Z" duration="0.000531" asserts="0">
                <properties>
                  <property name="Category" value="GDX.Tests" />
                </properties>
                <output><![CDATA[[Code Coverage] Code Coverage results for visited sequence points were saved in D:/BuildAgent/work/GDX-Documentation/Staging/CodeCoverage/GDX_Development-opencov/EditMode/TestCoverageResults_0253.xml
[Code Coverage] Code Coverage requires Burst Compilation to be disabled in order to obtain accurate coverage information. To disable Burst Compilation uncheck Jobs > Burst > Enable Compilation or pass '--burst-disable-compilation' to the command line in batchmode.
]]></output>
              </test-case>
              <test-case id="1673" name="RemoveUnchecked_MockDataGeneric3_Removed" fullname="GDX.Collections.Generic.SparseSetTests.RemoveUnchecked_MockDataGeneric3_Removed" methodname="RemoveUnchecked_MockDataGeneric3_Removed" classname="GDX.Collections.Generic.SparseSetTests" runstate="Runnable" seed="23568281" result="Passed" start-time="2023-05-24 20:20:37Z" end-time="2023-05-24 20:20:37Z" duration="0.000487" asserts="0">
                <properties>
                  <property name="Category" value="GDX.Tests" />
                </properties>
                <output><![CDATA[[Code Coverage] Code Coverage results for visited sequence points were saved in D:/BuildAgent/work/GDX-Documentation/Staging/CodeCoverage/GDX_Development-opencov/EditMode/TestCoverageResults_0254.xml
[Code Coverage] Code Coverage requires Burst Compilation to be disabled in order to obtain accurate coverage information. To disable Burst Compilation uncheck Jobs > Burst > Enable Compilation or pass '--burst-disable-compilation' to the command line in batchmode.
]]></output>
              </test-case>
              <test-case id="1674" name="RemoveUnchecked_MockDataGeneric4_Removed" fullname="GDX.Collections.Generic.SparseSetTests.RemoveUnchecked_MockDataGeneric4_Removed" methodname="RemoveUnchecked_MockDataGeneric4_Removed" classname="GDX.Collections.Generic.SparseSetTests" runstate="Runnable" seed="319418328" result="Passed" start-time="2023-05-24 20:20:38Z" end-time="2023-05-24 20:20:38Z" duration="0.000547" asserts="0">
                <properties>
                  <property name="Category" value="GDX.Tests" />
                </properties>
                <output><![CDATA[[Code Coverage] Code Coverage results for visited sequence points were saved in D:/BuildAgent/work/GDX-Documentation/Staging/CodeCoverage/GDX_Development-opencov/EditMode/TestCoverageResults_0255.xml
[Code Coverage] Code Coverage requires Burst Compilation to be disabled in order to obtain accurate coverage information. To disable Burst Compilation uncheck Jobs > Burst > Enable Compilation or pass '--burst-disable-compilation' to the command line in batchmode.
]]></output>
              </test-case>
              <test-case id="1675" name="RemoveUnchecked_MockDataGeneric5_Removed" fullname="GDX.Collections.Generic.SparseSetTests.RemoveUnchecked_MockDataGeneric5_Removed" methodname="RemoveUnchecked_MockDataGeneric5_Removed" classname="GDX.Collections.Generic.SparseSetTests" runstate="Runnable" seed="1591739138" result="Passed" start-time="2023-05-24 20:20:40Z" end-time="2023-05-24 20:20:40Z" duration="0.000529" asserts="0">
                <properties>
                  <property name="Category" value="GDX.Tests" />
                </properties>
                <output><![CDATA[[Code Coverage] Code Coverage results for visited sequence points were saved in D:/BuildAgent/work/GDX-Documentation/Staging/CodeCoverage/GDX_Development-opencov/EditMode/TestCoverageResults_0256.xml
[Code Coverage] Code Coverage requires Burst Compilation to be disabled in order to obtain accurate coverage information. To disable Burst Compilation uncheck Jobs > Burst > Enable Compilation or pass '--burst-disable-compilation' to the command line in batchmode.
]]></output>
              </test-case>
              <test-case id="1676" name="RemoveUnchecked_MockDataGeneric6_Removed" fullname="GDX.Collections.Generic.SparseSetTests.RemoveUnchecked_MockDataGeneric6_Removed" methodname="RemoveUnchecked_MockDataGeneric6_Removed" classname="GDX.Collections.Generic.SparseSetTests" runstate="Runnable" seed="1560206983" result="Passed" start-time="2023-05-24 20:20:41Z" end-time="2023-05-24 20:20:41Z" duration="0.000570" asserts="0">
                <properties>
                  <property name="Category" value="GDX.Tests" />
                </properties>
                <output><![CDATA[[Code Coverage] Code Coverage results for visited sequence points were saved in D:/BuildAgent/work/GDX-Documentation/Staging/CodeCoverage/GDX_Development-opencov/EditMode/TestCoverageResults_0257.xml
[Code Coverage] Code Coverage requires Burst Compilation to be disabled in order to obtain accurate coverage information. To disable Burst Compilation uncheck Jobs > Burst > Enable Compilation or pass '--burst-disable-compilation' to the command line in batchmode.
]]></output>
              </test-case>
              <test-case id="1677" name="RemoveUnchecked_MockDataGeneric7_Removed" fullname="GDX.Collections.Generic.SparseSetTests.RemoveUnchecked_MockDataGeneric7_Removed" methodname="RemoveUnchecked_MockDataGeneric7_Removed" classname="GDX.Collections.Generic.SparseSetTests" runstate="Runnable" seed="1792078658" result="Passed" start-time="2023-05-24 20:20:42Z" end-time="2023-05-24 20:20:42Z" duration="0.000599" asserts="0">
                <properties>
                  <property name="Category" value="GDX.Tests" />
                </properties>
                <output><![CDATA[[Code Coverage] Code Coverage results for visited sequence points were saved in D:/BuildAgent/work/GDX-Documentation/Staging/CodeCoverage/GDX_Development-opencov/EditMode/TestCoverageResults_0258.xml
[Code Coverage] Code Coverage requires Burst Compilation to be disabled in order to obtain accurate coverage information. To disable Burst Compilation uncheck Jobs > Burst > Enable Compilation or pass '--burst-disable-compilation' to the command line in batchmode.
]]></output>
              </test-case>
              <test-case id="1641" name="RemoveUnchecked_MockDataWithIndices_ValidIndexRemoved" fullname="GDX.Collections.Generic.SparseSetTests.RemoveUnchecked_MockDataWithIndices_ValidIndexRemoved" methodname="RemoveUnchecked_MockDataWithIndices_ValidIndexRemoved" classname="GDX.Collections.Generic.SparseSetTests" runstate="Runnable" seed="161799381" result="Passed" start-time="2023-05-24 20:20:43Z" end-time="2023-05-24 20:20:43Z" duration="0.000398" asserts="0">
                <properties>
                  <property name="Category" value="GDX.Tests" />
                </properties>
                <output><![CDATA[[Code Coverage] Code Coverage results for visited sequence points were saved in D:/BuildAgent/work/GDX-Documentation/Staging/CodeCoverage/GDX_Development-opencov/EditMode/TestCoverageResults_0259.xml
[Code Coverage] Code Coverage requires Burst Compilation to be disabled in order to obtain accurate coverage information. To disable Burst Compilation uncheck Jobs > Burst > Enable Compilation or pass '--burst-disable-compilation' to the command line in batchmode.
]]></output>
              </test-case>
              <test-case id="1640" name="RemoveUnchecked_MockDataWithIndicesAndVersionArray_ValidIndexRemoved" fullname="GDX.Collections.Generic.SparseSetTests.RemoveUnchecked_MockDataWithIndicesAndVersionArray_ValidIndexRemoved" methodname="RemoveUnchecked_MockDataWithIndicesAndVersionArray_ValidIndexRemoved" classname="GDX.Collections.Generic.SparseSetTests" runstate="Runnable" seed="636023811" result="Passed" start-time="2023-05-24 20:20:45Z" end-time="2023-05-24 20:20:45Z" duration="0.000343" asserts="0">
                <properties>
                  <property name="Category" value="GDX.Tests" />
                </properties>
                <output><![CDATA[[Code Coverage] Code Coverage results for visited sequence points were saved in D:/BuildAgent/work/GDX-Documentation/Staging/CodeCoverage/GDX_Development-opencov/EditMode/TestCoverageResults_0260.xml
[Code Coverage] Code Coverage requires Burst Compilation to be disabled in order to obtain accurate coverage information. To disable Burst Compilation uncheck Jobs > Burst > Enable Compilation or pass '--burst-disable-compilation' to the command line in batchmode.
]]></output>
              </test-case>
              <test-case id="1643" name="RemoveUncheckedFromDenseIndex_MockData_ValidIndexRemoved" fullname="GDX.Collections.Generic.SparseSetTests.RemoveUncheckedFromDenseIndex_MockData_ValidIndexRemoved" methodname="RemoveUncheckedFromDenseIndex_MockData_ValidIndexRemoved" classname="GDX.Collections.Generic.SparseSetTests" runstate="Runnable" seed="507099375" result="Passed" start-time="2023-05-24 20:20:46Z" end-time="2023-05-24 20:20:46Z" duration="0.000384" asserts="0">
                <properties>
                  <property name="Category" value="GDX.Tests" />
                </properties>
                <output><![CDATA[[Code Coverage] Code Coverage results for visited sequence points were saved in D:/BuildAgent/work/GDX-Documentation/Staging/CodeCoverage/GDX_Development-opencov/EditMode/TestCoverageResults_0261.xml
[Code Coverage] Code Coverage requires Burst Compilation to be disabled in order to obtain accurate coverage information. To disable Burst Compilation uncheck Jobs > Burst > Enable Compilation or pass '--burst-disable-compilation' to the command line in batchmode.
]]></output>
              </test-case>
              <test-case id="1644" name="RemoveUncheckedFromDenseIndex_MockDataWithSwapIndex_ValidIndexRemoved" fullname="GDX.Collections.Generic.SparseSetTests.RemoveUncheckedFromDenseIndex_MockDataWithSwapIndex_ValidIndexRemoved" methodname="RemoveUncheckedFromDenseIndex_MockDataWithSwapIndex_ValidIndexRemoved" classname="GDX.Collections.Generic.SparseSetTests" runstate="Runnable" seed="1058140510" result="Passed" start-time="2023-05-24 20:20:47Z" end-time="2023-05-24 20:20:47Z" duration="0.000393" asserts="0">
                <properties>
                  <property name="Category" value="GDX.Tests" />
                </properties>
                <output><![CDATA[[Code Coverage] Code Coverage results for visited sequence points were saved in D:/BuildAgent/work/GDX-Documentation/Staging/CodeCoverage/GDX_Development-opencov/EditMode/TestCoverageResults_0262.xml
[Code Coverage] Code Coverage requires Burst Compilation to be disabled in order to obtain accurate coverage information. To disable Burst Compilation uncheck Jobs > Burst > Enable Compilation or pass '--burst-disable-compilation' to the command line in batchmode.
]]></output>
              </test-case>
              <test-case id="1645" name="RemoveUncheckedFromDenseIndex_MockDataWithVersionArray_ValidIndexRemoved" fullname="GDX.Collections.Generic.SparseSetTests.RemoveUncheckedFromDenseIndex_MockDataWithVersionArray_ValidIndexRemoved" methodname="RemoveUncheckedFromDenseIndex_MockDataWithVersionArray_ValidIndexRemoved" classname="GDX.Collections.Generic.SparseSetTests" runstate="Runnable" seed="285840157" result="Passed" start-time="2023-05-24 20:20:48Z" end-time="2023-05-24 20:20:48Z" duration="0.000436" asserts="0">
                <properties>
                  <property name="Category" value="GDX.Tests" />
                </properties>
                <output><![CDATA[[Code Coverage] Code Coverage results for visited sequence points were saved in D:/BuildAgent/work/GDX-Documentation/Staging/CodeCoverage/GDX_Development-opencov/EditMode/TestCoverageResults_0263.xml
[Code Coverage] Code Coverage requires Burst Compilation to be disabled in order to obtain accurate coverage information. To disable Burst Compilation uncheck Jobs > Burst > Enable Compilation or pass '--burst-disable-compilation' to the command line in batchmode.
]]></output>
              </test-case>
              <test-case id="1646" name="RemoveUncheckedFromDenseIndex_MockDataWithVersionArrayAndSwapIndex_ValidIndexRemoved" fullname="GDX.Collections.Generic.SparseSetTests.RemoveUncheckedFromDenseIndex_MockDataWithVersionArrayAndSwapIndex_ValidIndexRemoved" methodname="RemoveUncheckedFromDenseIndex_MockDataWithVersionArrayAndSwapIndex_ValidIndexRemoved" classname="GDX.Collections.Generic.SparseSetTests" runstate="Runnable" seed="117253450" result="Passed" start-time="2023-05-24 20:20:49Z" end-time="2023-05-24 20:20:49Z" duration="0.000432" asserts="0">
                <properties>
                  <property name="Category" value="GDX.Tests" />
                </properties>
                <output><![CDATA[[Code Coverage] Code Coverage results for visited sequence points were saved in D:/BuildAgent/work/GDX-Documentation/Staging/CodeCoverage/GDX_Development-opencov/EditMode/TestCoverageResults_0264.xml
[Code Coverage] Code Coverage requires Burst Compilation to be disabled in order to obtain accurate coverage information. To disable Burst Compilation uncheck Jobs > Burst > Enable Compilation or pass '--burst-disable-compilation' to the command line in batchmode.
]]></output>
              </test-case>
              <test-case id="1639" name="RemoveWithBoundsAndVersionChecks_MockData_ValidIndexRemovedInvalidIndicesNotRemoved" fullname="GDX.Collections.Generic.SparseSetTests.RemoveWithBoundsAndVersionChecks_MockData_ValidIndexRemovedInvalidIndicesNotRemoved" methodname="RemoveWithBoundsAndVersionChecks_MockData_ValidIndexRemovedInvalidIndicesNotRemoved" classname="GDX.Collections.Generic.SparseSetTests" runstate="Runnable" seed="734752120" result="Passed" start-time="2023-05-24 20:20:51Z" end-time="2023-05-24 20:20:51Z" duration="0.000593" asserts="0">
                <properties>
                  <property name="Category" value="GDX.Tests" />
                </properties>
                <output><![CDATA[[Code Coverage] Code Coverage results for visited sequence points were saved in D:/BuildAgent/work/GDX-Documentation/Staging/CodeCoverage/GDX_Development-opencov/EditMode/TestCoverageResults_0265.xml
[Code Coverage] Code Coverage requires Burst Compilation to be disabled in order to obtain accurate coverage information. To disable Burst Compilation uncheck Jobs > Burst > Enable Compilation or pass '--burst-disable-compilation' to the command line in batchmode.
]]></output>
              </test-case>
              <test-case id="1637" name="RemoveWithBoundsCheck_MockData_ValidIndexRemovedInvalidIndicesNotRemoved" fullname="GDX.Collections.Generic.SparseSetTests.RemoveWithBoundsCheck_MockData_ValidIndexRemovedInvalidIndicesNotRemoved" methodname="RemoveWithBoundsCheck_MockData_ValidIndexRemovedInvalidIndicesNotRemoved" classname="GDX.Collections.Generic.SparseSetTests" runstate="Runnable" seed="1820633317" result="Passed" start-time="2023-05-24 20:20:52Z" end-time="2023-05-24 20:20:52Z" duration="0.000535" asserts="0">
                <properties>
                  <property name="Category" value="GDX.Tests" />
                </properties>
                <output><![CDATA[[Code Coverage] Code Coverage results for visited sequence points were saved in D:/BuildAgent/work/GDX-Documentation/Staging/CodeCoverage/GDX_Development-opencov/EditMode/TestCoverageResults_0266.xml
[Code Coverage] Code Coverage requires Burst Compilation to be disabled in order to obtain accurate coverage information. To disable Burst Compilation uncheck Jobs > Burst > Enable Compilation or pass '--burst-disable-compilation' to the command line in batchmode.
]]></output>
              </test-case>
              <test-case id="1638" name="RemoveWithVersionCheck_MockData_ValidIndexRemovedInvalidIndicesNotRemoved" fullname="GDX.Collections.Generic.SparseSetTests.RemoveWithVersionCheck_MockData_ValidIndexRemovedInvalidIndicesNotRemoved" methodname="RemoveWithVersionCheck_MockData_ValidIndexRemovedInvalidIndicesNotRemoved" classname="GDX.Collections.Generic.SparseSetTests" runstate="Runnable" seed="2082865705" result="Passed" start-time="2023-05-24 20:20:53Z" end-time="2023-05-24 20:20:53Z" duration="0.000638" asserts="0">
                <properties>
                  <property name="Category" value="GDX.Tests" />
                </properties>
                <output><![CDATA[[Code Coverage] Code Coverage results for visited sequence points were saved in D:/BuildAgent/work/GDX-Documentation/Staging/CodeCoverage/GDX_Development-opencov/EditMode/TestCoverageResults_0267.xml
[Code Coverage] Code Coverage requires Burst Compilation to be disabled in order to obtain accurate coverage information. To disable Burst Compilation uncheck Jobs > Burst > Enable Compilation or pass '--burst-disable-compilation' to the command line in batchmode.
]]></output>
              </test-case>
              <test-case id="1652" name="Reserve_MockData_Expanded" fullname="GDX.Collections.Generic.SparseSetTests.Reserve_MockData_Expanded" methodname="Reserve_MockData_Expanded" classname="GDX.Collections.Generic.SparseSetTests" runstate="Runnable" seed="1540000816" result="Passed" start-time="2023-05-24 20:20:54Z" end-time="2023-05-24 20:20:54Z" duration="0.000441" asserts="0">
                <properties>
                  <property name="Category" value="GDX.Tests" />
                </properties>
                <output><![CDATA[[Code Coverage] Code Coverage results for visited sequence points were saved in D:/BuildAgent/work/GDX-Documentation/Staging/CodeCoverage/GDX_Development-opencov/EditMode/TestCoverageResults_0268.xml
[Code Coverage] Code Coverage requires Burst Compilation to be disabled in order to obtain accurate coverage information. To disable Burst Compilation uncheck Jobs > Burst > Enable Compilation or pass '--burst-disable-compilation' to the command line in batchmode.
]]></output>
              </test-case>
              <test-case id="1653" name="Reserve_MockDataWithVersionArray_Expanded" fullname="GDX.Collections.Generic.SparseSetTests.Reserve_MockDataWithVersionArray_Expanded" methodname="Reserve_MockDataWithVersionArray_Expanded" classname="GDX.Collections.Generic.SparseSetTests" runstate="Runnable" seed="1693188678" result="Passed" start-time="2023-05-24 20:20:55Z" end-time="2023-05-24 20:20:55Z" duration="0.000322" asserts="0">
                <properties>
                  <property name="Category" value="GDX.Tests" />
                </properties>
                <output><![CDATA[[Code Coverage] Code Coverage results for visited sequence points were saved in D:/BuildAgent/work/GDX-Documentation/Staging/CodeCoverage/GDX_Development-opencov/EditMode/TestCoverageResults_0269.xml
[Code Coverage] Code Coverage requires Burst Compilation to be disabled in order to obtain accurate coverage information. To disable Burst Compilation uncheck Jobs > Burst > Enable Compilation or pass '--burst-disable-compilation' to the command line in batchmode.
]]></output>
              </test-case>
            </test-suite>
            <test-suite type="TestFixture" id="1678" name="StringKeyDictionaryTests" fullname="GDX.Collections.Generic.StringKeyDictionaryTests" classname="GDX.Collections.Generic.StringKeyDictionaryTests" runstate="Runnable" testcasecount="27" result="Passed" start-time="2023-05-24 20:20:57Z" end-time="2023-05-24 20:21:30Z" duration="33.143580" total="27" passed="27" failed="0" inconclusive="0" skipped="0" asserts="0">
              <properties />
              <test-case id="1688" name="AddSafe_CheckEntriesMaintainConnection" fullname="GDX.Collections.Generic.StringKeyDictionaryTests.AddSafe_CheckEntriesMaintainConnection" methodname="AddSafe_CheckEntriesMaintainConnection" classname="GDX.Collections.Generic.StringKeyDictionaryTests" runstate="Runnable" seed="1296160633" result="Passed" start-time="2023-05-24 20:20:57Z" end-time="2023-05-24 20:20:57Z" duration="0.001288" asserts="0">
                <properties>
                  <property name="Category" value="GDX.Tests" />
                </properties>
                <output><![CDATA[[Code Coverage] Code Coverage results for visited sequence points were saved in D:/BuildAgent/work/GDX-Documentation/Staging/CodeCoverage/GDX_Development-opencov/EditMode/TestCoverageResults_0270.xml
[Code Coverage] Code Coverage requires Burst Compilation to be disabled in order to obtain accurate coverage information. To disable Burst Compilation uncheck Jobs > Burst > Enable Compilation or pass '--burst-disable-compilation' to the command line in batchmode.
]]></output>
              </test-case>
              <test-case id="1682" name="AddSafe_CheckExists" fullname="GDX.Collections.Generic.StringKeyDictionaryTests.AddSafe_CheckExists" methodname="AddSafe_CheckExists" classname="GDX.Collections.Generic.StringKeyDictionaryTests" runstate="Runnable" seed="2031817062" result="Passed" start-time="2023-05-24 20:20:58Z" end-time="2023-05-24 20:20:58Z" duration="0.000427" asserts="0">
                <properties>
                  <property name="Category" value="GDX.Tests" />
                </properties>
                <output><![CDATA[[Code Coverage] Code Coverage results for visited sequence points were saved in D:/BuildAgent/work/GDX-Documentation/Staging/CodeCoverage/GDX_Development-opencov/EditMode/TestCoverageResults_0271.xml
[Code Coverage] Code Coverage requires Burst Compilation to be disabled in order to obtain accurate coverage information. To disable Burst Compilation uncheck Jobs > Burst > Enable Compilation or pass '--burst-disable-compilation' to the command line in batchmode.
]]></output>
              </test-case>
              <test-case id="1687" name="AddSafe_CheckExpanded" fullname="GDX.Collections.Generic.StringKeyDictionaryTests.AddSafe_CheckExpanded" methodname="AddSafe_CheckExpanded" classname="GDX.Collections.Generic.StringKeyDictionaryTests" runstate="Runnable" seed="1799093259" result="Passed" start-time="2023-05-24 20:20:59Z" end-time="2023-05-24 20:20:59Z" duration="0.000369" asserts="0">
                <properties>
                  <property name="Category" value="GDX.Tests" />
                </properties>
                <output><![CDATA[[Code Coverage] Code Coverage results for visited sequence points were saved in D:/BuildAgent/work/GDX-Documentation/Staging/CodeCoverage/GDX_Development-opencov/EditMode/TestCoverageResults_0272.xml
[Code Coverage] Code Coverage requires Burst Compilation to be disabled in order to obtain accurate coverage information. To disable Burst Compilation uncheck Jobs > Burst > Enable Compilation or pass '--burst-disable-compilation' to the command line in batchmode.
]]></output>
              </test-case>
              <test-case id="1699" name="AddTwoCollidingEntries_CheckAccess" fullname="GDX.Collections.Generic.StringKeyDictionaryTests.AddTwoCollidingEntries_CheckAccess" methodname="AddTwoCollidingEntries_CheckAccess" classname="GDX.Collections.Generic.StringKeyDictionaryTests" runstate="Runnable" seed="1535221896" result="Passed" start-time="2023-05-24 20:21:00Z" end-time="2023-05-24 20:21:00Z" duration="0.000593" asserts="0">
                <properties>
                  <property name="Category" value="GDX.Tests" />
                </properties>
                <output><![CDATA[[Code Coverage] Code Coverage results for visited sequence points were saved in D:/BuildAgent/work/GDX-Documentation/Staging/CodeCoverage/GDX_Development-opencov/EditMode/TestCoverageResults_0273.xml
[Code Coverage] Code Coverage requires Burst Compilation to be disabled in order to obtain accurate coverage information. To disable Burst Compilation uncheck Jobs > Burst > Enable Compilation or pass '--burst-disable-compilation' to the command line in batchmode.
]]></output>
              </test-case>
              <test-case id="1700" name="AddTwoCollidingEntries_RemoveFirst_CheckSecondExists" fullname="GDX.Collections.Generic.StringKeyDictionaryTests.AddTwoCollidingEntries_RemoveFirst_CheckSecondExists" methodname="AddTwoCollidingEntries_RemoveFirst_CheckSecondExists" classname="GDX.Collections.Generic.StringKeyDictionaryTests" runstate="Runnable" seed="1154265618" result="Passed" start-time="2023-05-24 20:21:02Z" end-time="2023-05-24 20:21:02Z" duration="0.000566" asserts="0">
                <properties>
                  <property name="Category" value="GDX.Tests" />
                </properties>
                <output><![CDATA[[Code Coverage] Code Coverage results for visited sequence points were saved in D:/BuildAgent/work/GDX-Documentation/Staging/CodeCoverage/GDX_Development-opencov/EditMode/TestCoverageResults_0274.xml
[Code Coverage] Code Coverage requires Burst Compilation to be disabled in order to obtain accurate coverage information. To disable Burst Compilation uncheck Jobs > Burst > Enable Compilation or pass '--burst-disable-compilation' to the command line in batchmode.
]]></output>
              </test-case>
              <test-case id="1701" name="AddTwoCollidingEntries_RemoveSecond_CheckFirstExists" fullname="GDX.Collections.Generic.StringKeyDictionaryTests.AddTwoCollidingEntries_RemoveSecond_CheckFirstExists" methodname="AddTwoCollidingEntries_RemoveSecond_CheckFirstExists" classname="GDX.Collections.Generic.StringKeyDictionaryTests" runstate="Runnable" seed="1350253963" result="Passed" start-time="2023-05-24 20:21:03Z" end-time="2023-05-24 20:21:03Z" duration="0.000351" asserts="0">
                <properties>
                  <property name="Category" value="GDX.Tests" />
                </properties>
                <output><![CDATA[[Code Coverage] Code Coverage results for visited sequence points were saved in D:/BuildAgent/work/GDX-Documentation/Staging/CodeCoverage/GDX_Development-opencov/EditMode/TestCoverageResults_0275.xml
[Code Coverage] Code Coverage requires Burst Compilation to be disabled in order to obtain accurate coverage information. To disable Burst Compilation uncheck Jobs > Burst > Enable Compilation or pass '--burst-disable-compilation' to the command line in batchmode.
]]></output>
              </test-case>
              <test-case id="1692" name="AddUnchecked_CheckExists" fullname="GDX.Collections.Generic.StringKeyDictionaryTests.AddUnchecked_CheckExists" methodname="AddUnchecked_CheckExists" classname="GDX.Collections.Generic.StringKeyDictionaryTests" runstate="Runnable" seed="109242918" result="Passed" start-time="2023-05-24 20:21:04Z" end-time="2023-05-24 20:21:04Z" duration="0.000295" asserts="0">
                <properties>
                  <property name="Category" value="GDX.Tests" />
                </properties>
                <output><![CDATA[[Code Coverage] Code Coverage results for visited sequence points were saved in D:/BuildAgent/work/GDX-Documentation/Staging/CodeCoverage/GDX_Development-opencov/EditMode/TestCoverageResults_0276.xml
[Code Coverage] Code Coverage requires Burst Compilation to be disabled in order to obtain accurate coverage information. To disable Burst Compilation uncheck Jobs > Burst > Enable Compilation or pass '--burst-disable-compilation' to the command line in batchmode.
]]></output>
              </test-case>
              <test-case id="1686" name="AddWithExpandCheck_CheckEntriesMaintainConnection" fullname="GDX.Collections.Generic.StringKeyDictionaryTests.AddWithExpandCheck_CheckEntriesMaintainConnection" methodname="AddWithExpandCheck_CheckEntriesMaintainConnection" classname="GDX.Collections.Generic.StringKeyDictionaryTests" runstate="Runnable" seed="903489456" result="Passed" start-time="2023-05-24 20:21:05Z" end-time="2023-05-24 20:21:05Z" duration="0.000630" asserts="0">
                <properties>
                  <property name="Category" value="GDX.Tests" />
                </properties>
                <output><![CDATA[[Code Coverage] Code Coverage results for visited sequence points were saved in D:/BuildAgent/work/GDX-Documentation/Staging/CodeCoverage/GDX_Development-opencov/EditMode/TestCoverageResults_0277.xml
[Code Coverage] Code Coverage requires Burst Compilation to be disabled in order to obtain accurate coverage information. To disable Burst Compilation uncheck Jobs > Burst > Enable Compilation or pass '--burst-disable-compilation' to the command line in batchmode.
]]></output>
              </test-case>
              <test-case id="1684" name="AddWithExpandCheck_CheckExists" fullname="GDX.Collections.Generic.StringKeyDictionaryTests.AddWithExpandCheck_CheckExists" methodname="AddWithExpandCheck_CheckExists" classname="GDX.Collections.Generic.StringKeyDictionaryTests" runstate="Runnable" seed="1812898144" result="Passed" start-time="2023-05-24 20:21:06Z" end-time="2023-05-24 20:21:06Z" duration="0.000307" asserts="0">
                <properties>
                  <property name="Category" value="GDX.Tests" />
                </properties>
                <output><![CDATA[[Code Coverage] Code Coverage results for visited sequence points were saved in D:/BuildAgent/work/GDX-Documentation/Staging/CodeCoverage/GDX_Development-opencov/EditMode/TestCoverageResults_0278.xml
[Code Coverage] Code Coverage requires Burst Compilation to be disabled in order to obtain accurate coverage information. To disable Burst Compilation uncheck Jobs > Burst > Enable Compilation or pass '--burst-disable-compilation' to the command line in batchmode.
]]></output>
              </test-case>
              <test-case id="1685" name="AddWithExpandCheck_CheckExpanded" fullname="GDX.Collections.Generic.StringKeyDictionaryTests.AddWithExpandCheck_CheckExpanded" methodname="AddWithExpandCheck_CheckExpanded" classname="GDX.Collections.Generic.StringKeyDictionaryTests" runstate="Runnable" seed="1850966532" result="Passed" start-time="2023-05-24 20:21:08Z" end-time="2023-05-24 20:21:08Z" duration="0.000367" asserts="0">
                <properties>
                  <property name="Category" value="GDX.Tests" />
                </properties>
                <output><![CDATA[[Code Coverage] Code Coverage results for visited sequence points were saved in D:/BuildAgent/work/GDX-Documentation/Staging/CodeCoverage/GDX_Development-opencov/EditMode/TestCoverageResults_0279.xml
[Code Coverage] Code Coverage requires Burst Compilation to be disabled in order to obtain accurate coverage information. To disable Burst Compilation uncheck Jobs > Burst > Enable Compilation or pass '--burst-disable-compilation' to the command line in batchmode.
]]></output>
              </test-case>
              <test-case id="1690" name="AddWithIndexer_CheckEntriesMaintainConnection" fullname="GDX.Collections.Generic.StringKeyDictionaryTests.AddWithIndexer_CheckEntriesMaintainConnection" methodname="AddWithIndexer_CheckEntriesMaintainConnection" classname="GDX.Collections.Generic.StringKeyDictionaryTests" runstate="Runnable" seed="1003853393" result="Passed" start-time="2023-05-24 20:21:09Z" end-time="2023-05-24 20:21:09Z" duration="0.000616" asserts="0">
                <properties>
                  <property name="Category" value="GDX.Tests" />
                </properties>
                <output><![CDATA[[Code Coverage] Code Coverage results for visited sequence points were saved in D:/BuildAgent/work/GDX-Documentation/Staging/CodeCoverage/GDX_Development-opencov/EditMode/TestCoverageResults_0280.xml
[Code Coverage] Code Coverage requires Burst Compilation to be disabled in order to obtain accurate coverage information. To disable Burst Compilation uncheck Jobs > Burst > Enable Compilation or pass '--burst-disable-compilation' to the command line in batchmode.
]]></output>
              </test-case>
              <test-case id="1689" name="AddWithIndexer_CheckExpanded" fullname="GDX.Collections.Generic.StringKeyDictionaryTests.AddWithIndexer_CheckExpanded" methodname="AddWithIndexer_CheckExpanded" classname="GDX.Collections.Generic.StringKeyDictionaryTests" runstate="Runnable" seed="535612042" result="Passed" start-time="2023-05-24 20:21:10Z" end-time="2023-05-24 20:21:10Z" duration="0.000359" asserts="0">
                <properties>
                  <property name="Category" value="GDX.Tests" />
                </properties>
                <output><![CDATA[[Code Coverage] Code Coverage results for visited sequence points were saved in D:/BuildAgent/work/GDX-Documentation/Staging/CodeCoverage/GDX_Development-opencov/EditMode/TestCoverageResults_0281.xml
[Code Coverage] Code Coverage requires Burst Compilation to be disabled in order to obtain accurate coverage information. To disable Burst Compilation uncheck Jobs > Burst > Enable Compilation or pass '--burst-disable-compilation' to the command line in batchmode.
]]></output>
              </test-case>
              <test-case id="1691" name="AddWithUniqueCheck_CheckExists" fullname="GDX.Collections.Generic.StringKeyDictionaryTests.AddWithUniqueCheck_CheckExists" methodname="AddWithUniqueCheck_CheckExists" classname="GDX.Collections.Generic.StringKeyDictionaryTests" runstate="Runnable" seed="1819912875" result="Passed" start-time="2023-05-24 20:21:11Z" end-time="2023-05-24 20:21:11Z" duration="0.000473" asserts="0">
                <properties>
                  <property name="Category" value="GDX.Tests" />
                </properties>
                <output><![CDATA[[Code Coverage] Code Coverage results for visited sequence points were saved in D:/BuildAgent/work/GDX-Documentation/Staging/CodeCoverage/GDX_Development-opencov/EditMode/TestCoverageResults_0282.xml
[Code Coverage] Code Coverage requires Burst Compilation to be disabled in order to obtain accurate coverage information. To disable Burst Compilation uncheck Jobs > Burst > Enable Compilation or pass '--burst-disable-compilation' to the command line in batchmode.
]]></output>
              </test-case>
              <test-case id="1695" name="AddWithUniqueCheckTwice_CheckAddedOnlyOnce" fullname="GDX.Collections.Generic.StringKeyDictionaryTests.AddWithUniqueCheckTwice_CheckAddedOnlyOnce" methodname="AddWithUniqueCheckTwice_CheckAddedOnlyOnce" classname="GDX.Collections.Generic.StringKeyDictionaryTests" runstate="Runnable" seed="1708740149" result="Passed" start-time="2023-05-24 20:21:12Z" end-time="2023-05-24 20:21:12Z" duration="0.000413" asserts="0">
                <properties>
                  <property name="Category" value="GDX.Tests" />
                </properties>
                <output><![CDATA[[Code Coverage] Code Coverage results for visited sequence points were saved in D:/BuildAgent/work/GDX-Documentation/Staging/CodeCoverage/GDX_Development-opencov/EditMode/TestCoverageResults_0283.xml
[Code Coverage] Code Coverage requires Burst Compilation to be disabled in order to obtain accurate coverage information. To disable Burst Compilation uncheck Jobs > Burst > Enable Compilation or pass '--burst-disable-compilation' to the command line in batchmode.
]]></output>
              </test-case>
              <test-case id="1681" name="Constructor_RequestBelowPrimeMinimum_PrimeCapacity" fullname="GDX.Collections.Generic.StringKeyDictionaryTests.Constructor_RequestBelowPrimeMinimum_PrimeCapacity" methodname="Constructor_RequestBelowPrimeMinimum_PrimeCapacity" classname="GDX.Collections.Generic.StringKeyDictionaryTests" runstate="Runnable" seed="67272788" result="Passed" start-time="2023-05-24 20:21:14Z" end-time="2023-05-24 20:21:14Z" duration="0.000280" asserts="0">
                <properties>
                  <property name="Category" value="GDX.Tests" />
                </properties>
                <output><![CDATA[[Code Coverage] Code Coverage results for visited sequence points were saved in D:/BuildAgent/work/GDX-Documentation/Staging/CodeCoverage/GDX_Development-opencov/EditMode/TestCoverageResults_0284.xml
[Code Coverage] Code Coverage requires Burst Compilation to be disabled in order to obtain accurate coverage information. To disable Burst Compilation uncheck Jobs > Burst > Enable Compilation or pass '--burst-disable-compilation' to the command line in batchmode.
]]></output>
              </test-case>
              <test-case id="1680" name="Constructor_RequestPrimeMinimum_PrimeCapacity" fullname="GDX.Collections.Generic.StringKeyDictionaryTests.Constructor_RequestPrimeMinimum_PrimeCapacity" methodname="Constructor_RequestPrimeMinimum_PrimeCapacity" classname="GDX.Collections.Generic.StringKeyDictionaryTests" runstate="Runnable" seed="1220022624" result="Passed" start-time="2023-05-24 20:21:15Z" end-time="2023-05-24 20:21:15Z" duration="0.000308" asserts="0">
                <properties>
                  <property name="Category" value="GDX.Tests" />
                </properties>
                <output><![CDATA[[Code Coverage] Code Coverage results for visited sequence points were saved in D:/BuildAgent/work/GDX-Documentation/Staging/CodeCoverage/GDX_Development-opencov/EditMode/TestCoverageResults_0285.xml
[Code Coverage] Code Coverage requires Burst Compilation to be disabled in order to obtain accurate coverage information. To disable Burst Compilation uncheck Jobs > Burst > Enable Compilation or pass '--burst-disable-compilation' to the command line in batchmode.
]]></output>
              </test-case>
              <test-case id="1679" name="Constructor_RequestZeroMinimum_PrimeCapacity" fullname="GDX.Collections.Generic.StringKeyDictionaryTests.Constructor_RequestZeroMinimum_PrimeCapacity" methodname="Constructor_RequestZeroMinimum_PrimeCapacity" classname="GDX.Collections.Generic.StringKeyDictionaryTests" runstate="Runnable" seed="1419125172" result="Passed" start-time="2023-05-24 20:21:17Z" end-time="2023-05-24 20:21:17Z" duration="0.000285" asserts="0">
                <properties>
                  <property name="Category" value="GDX.Tests" />
                </properties>
                <output><![CDATA[[Code Coverage] Code Coverage results for visited sequence points were saved in D:/BuildAgent/work/GDX-Documentation/Staging/CodeCoverage/GDX_Development-opencov/EditMode/TestCoverageResults_0286.xml
[Code Coverage] Code Coverage requires Burst Compilation to be disabled in order to obtain accurate coverage information. To disable Burst Compilation uncheck Jobs > Burst > Enable Compilation or pass '--burst-disable-compilation' to the command line in batchmode.
]]></output>
              </test-case>
              <test-case id="1683" name="IndexerAdd_CheckExists" fullname="GDX.Collections.Generic.StringKeyDictionaryTests.IndexerAdd_CheckExists" methodname="IndexerAdd_CheckExists" classname="GDX.Collections.Generic.StringKeyDictionaryTests" runstate="Runnable" seed="411969825" result="Passed" start-time="2023-05-24 20:21:18Z" end-time="2023-05-24 20:21:18Z" duration="0.000299" asserts="0">
                <properties>
                  <property name="Category" value="GDX.Tests" />
                </properties>
                <output><![CDATA[[Code Coverage] Code Coverage results for visited sequence points were saved in D:/BuildAgent/work/GDX-Documentation/Staging/CodeCoverage/GDX_Development-opencov/EditMode/TestCoverageResults_0287.xml
[Code Coverage] Code Coverage requires Burst Compilation to be disabled in order to obtain accurate coverage information. To disable Burst Compilation uncheck Jobs > Burst > Enable Compilation or pass '--burst-disable-compilation' to the command line in batchmode.
]]></output>
              </test-case>
              <test-case id="1697" name="IndexOf_CheckCorrectIndex" fullname="GDX.Collections.Generic.StringKeyDictionaryTests.IndexOf_CheckCorrectIndex" methodname="IndexOf_CheckCorrectIndex" classname="GDX.Collections.Generic.StringKeyDictionaryTests" runstate="Runnable" seed="168518275" result="Passed" start-time="2023-05-24 20:21:19Z" end-time="2023-05-24 20:21:19Z" duration="0.000434" asserts="0">
                <properties>
                  <property name="Category" value="GDX.Tests" />
                </properties>
                <output><![CDATA[[Code Coverage] Code Coverage results for visited sequence points were saved in D:/BuildAgent/work/GDX-Documentation/Staging/CodeCoverage/GDX_Development-opencov/EditMode/TestCoverageResults_0288.xml
[Code Coverage] Code Coverage requires Burst Compilation to be disabled in order to obtain accurate coverage information. To disable Burst Compilation uncheck Jobs > Burst > Enable Compilation or pass '--burst-disable-compilation' to the command line in batchmode.
]]></output>
              </test-case>
              <test-case id="1698" name="IndexOf_CheckEntryDoesNotExist" fullname="GDX.Collections.Generic.StringKeyDictionaryTests.IndexOf_CheckEntryDoesNotExist" methodname="IndexOf_CheckEntryDoesNotExist" classname="GDX.Collections.Generic.StringKeyDictionaryTests" runstate="Runnable" seed="729714086" result="Passed" start-time="2023-05-24 20:21:20Z" end-time="2023-05-24 20:21:20Z" duration="0.000277" asserts="0">
                <properties>
                  <property name="Category" value="GDX.Tests" />
                </properties>
                <output><![CDATA[[Code Coverage] Code Coverage results for visited sequence points were saved in D:/BuildAgent/work/GDX-Documentation/Staging/CodeCoverage/GDX_Development-opencov/EditMode/TestCoverageResults_0289.xml
[Code Coverage] Code Coverage requires Burst Compilation to be disabled in order to obtain accurate coverage information. To disable Burst Compilation uncheck Jobs > Burst > Enable Compilation or pass '--burst-disable-compilation' to the command line in batchmode.
]]></output>
              </test-case>
              <test-case id="1702" name="MoveNext_FindAllEntries" fullname="GDX.Collections.Generic.StringKeyDictionaryTests.MoveNext_FindAllEntries" methodname="MoveNext_FindAllEntries" classname="GDX.Collections.Generic.StringKeyDictionaryTests" runstate="Runnable" seed="1497449425" result="Passed" start-time="2023-05-24 20:21:21Z" end-time="2023-05-24 20:21:21Z" duration="0.000467" asserts="0">
                <properties>
                  <property name="Category" value="GDX.Tests" />
                </properties>
                <output><![CDATA[[Code Coverage] Code Coverage results for visited sequence points were saved in D:/BuildAgent/work/GDX-Documentation/Staging/CodeCoverage/GDX_Development-opencov/EditMode/TestCoverageResults_0290.xml
[Code Coverage] Code Coverage requires Burst Compilation to be disabled in order to obtain accurate coverage information. To disable Burst Compilation uncheck Jobs > Burst > Enable Compilation or pass '--burst-disable-compilation' to the command line in batchmode.
]]></output>
              </test-case>
              <test-case id="1704" name="MoveNextWithVersion_CheckEarlyOutFromInvalidation" fullname="GDX.Collections.Generic.StringKeyDictionaryTests.MoveNextWithVersion_CheckEarlyOutFromInvalidation" methodname="MoveNextWithVersion_CheckEarlyOutFromInvalidation" classname="GDX.Collections.Generic.StringKeyDictionaryTests" runstate="Runnable" seed="1773881125" result="Passed" start-time="2023-05-24 20:21:23Z" end-time="2023-05-24 20:21:23Z" duration="0.000512" asserts="0">
                <properties>
                  <property name="Category" value="GDX.Tests" />
                </properties>
                <output><![CDATA[[Code Coverage] Code Coverage results for visited sequence points were saved in D:/BuildAgent/work/GDX-Documentation/Staging/CodeCoverage/GDX_Development-opencov/EditMode/TestCoverageResults_0291.xml
[Code Coverage] Code Coverage requires Burst Compilation to be disabled in order to obtain accurate coverage information. To disable Burst Compilation uncheck Jobs > Burst > Enable Compilation or pass '--burst-disable-compilation' to the command line in batchmode.
]]></output>
              </test-case>
              <test-case id="1703" name="MoveNextWithVersion_FindAllEntries" fullname="GDX.Collections.Generic.StringKeyDictionaryTests.MoveNextWithVersion_FindAllEntries" methodname="MoveNextWithVersion_FindAllEntries" classname="GDX.Collections.Generic.StringKeyDictionaryTests" runstate="Runnable" seed="1714148327" result="Passed" start-time="2023-05-24 20:21:24Z" end-time="2023-05-24 20:21:24Z" duration="0.000353" asserts="0">
                <properties>
                  <property name="Category" value="GDX.Tests" />
                </properties>
                <output><![CDATA[[Code Coverage] Code Coverage results for visited sequence points were saved in D:/BuildAgent/work/GDX-Documentation/Staging/CodeCoverage/GDX_Development-opencov/EditMode/TestCoverageResults_0292.xml
[Code Coverage] Code Coverage requires Burst Compilation to be disabled in order to obtain accurate coverage information. To disable Burst Compilation uncheck Jobs > Burst > Enable Compilation or pass '--burst-disable-compilation' to the command line in batchmode.
]]></output>
              </test-case>
              <test-case id="1696" name="Reserve_CheckExpandedCapacity" fullname="GDX.Collections.Generic.StringKeyDictionaryTests.Reserve_CheckExpandedCapacity" methodname="Reserve_CheckExpandedCapacity" classname="GDX.Collections.Generic.StringKeyDictionaryTests" runstate="Runnable" seed="1139057226" result="Passed" start-time="2023-05-24 20:21:25Z" end-time="2023-05-24 20:21:25Z" duration="0.000565" asserts="0">
                <properties>
                  <property name="Category" value="GDX.Tests" />
                </properties>
                <output><![CDATA[[Code Coverage] Code Coverage results for visited sequence points were saved in D:/BuildAgent/work/GDX-Documentation/Staging/CodeCoverage/GDX_Development-opencov/EditMode/TestCoverageResults_0293.xml
[Code Coverage] Code Coverage requires Burst Compilation to be disabled in order to obtain accurate coverage information. To disable Burst Compilation uncheck Jobs > Burst > Enable Compilation or pass '--burst-disable-compilation' to the command line in batchmode.
]]></output>
              </test-case>
              <test-case id="1705" name="TryGetValue" fullname="GDX.Collections.Generic.StringKeyDictionaryTests.TryGetValue" methodname="TryGetValue" classname="GDX.Collections.Generic.StringKeyDictionaryTests" runstate="Runnable" seed="1629038331" result="Passed" start-time="2023-05-24 20:21:26Z" end-time="2023-05-24 20:21:26Z" duration="0.000767" asserts="0">
                <properties>
                  <property name="Category" value="GDX.Tests" />
                </properties>
                <output><![CDATA[[Code Coverage] Code Coverage results for visited sequence points were saved in D:/BuildAgent/work/GDX-Documentation/Staging/CodeCoverage/GDX_Development-opencov/EditMode/TestCoverageResults_0294.xml
[Code Coverage] Code Coverage requires Burst Compilation to be disabled in order to obtain accurate coverage information. To disable Burst Compilation uncheck Jobs > Burst > Enable Compilation or pass '--burst-disable-compilation' to the command line in batchmode.
]]></output>
              </test-case>
              <test-case id="1693" name="TryRemove_CheckActuallyRemoved" fullname="GDX.Collections.Generic.StringKeyDictionaryTests.TryRemove_CheckActuallyRemoved" methodname="TryRemove_CheckActuallyRemoved" classname="GDX.Collections.Generic.StringKeyDictionaryTests" runstate="Runnable" seed="130615416" result="Passed" start-time="2023-05-24 20:21:27Z" end-time="2023-05-24 20:21:27Z" duration="0.000425" asserts="0">
                <properties>
                  <property name="Category" value="GDX.Tests" />
                </properties>
                <output><![CDATA[[Code Coverage] Code Coverage results for visited sequence points were saved in D:/BuildAgent/work/GDX-Documentation/Staging/CodeCoverage/GDX_Development-opencov/EditMode/TestCoverageResults_0295.xml
[Code Coverage] Code Coverage requires Burst Compilation to be disabled in order to obtain accurate coverage information. To disable Burst Compilation uncheck Jobs > Burst > Enable Compilation or pass '--burst-disable-compilation' to the command line in batchmode.
]]></output>
              </test-case>
              <test-case id="1694" name="TryRemoveTwice_CheckCorrectReturnValues" fullname="GDX.Collections.Generic.StringKeyDictionaryTests.TryRemoveTwice_CheckCorrectReturnValues" methodname="TryRemoveTwice_CheckCorrectReturnValues" classname="GDX.Collections.Generic.StringKeyDictionaryTests" runstate="Runnable" seed="2106373483" result="Passed" start-time="2023-05-24 20:21:29Z" end-time="2023-05-24 20:21:29Z" duration="0.000298" asserts="0">
                <properties>
                  <property name="Category" value="GDX.Tests" />
                </properties>
                <output><![CDATA[[Code Coverage] Code Coverage results for visited sequence points were saved in D:/BuildAgent/work/GDX-Documentation/Staging/CodeCoverage/GDX_Development-opencov/EditMode/TestCoverageResults_0296.xml
[Code Coverage] Code Coverage requires Burst Compilation to be disabled in order to obtain accurate coverage information. To disable Burst Compilation uncheck Jobs > Burst > Enable Compilation or pass '--burst-disable-compilation' to the command line in batchmode.
]]></output>
              </test-case>
            </test-suite>
            <test-suite type="TestFixture" id="1706" name="UniformArray3DTests" fullname="GDX.Collections.Generic.UniformArray3DTests" classname="GDX.Collections.Generic.UniformArray3DTests" runstate="Runnable" testcasecount="2" result="Passed" start-time="2023-05-24 20:21:30Z" end-time="2023-05-24 20:21:32Z" duration="2.453076" total="2" passed="2" failed="0" inconclusive="0" skipped="0" asserts="0">
              <properties />
              <test-case id="1707" name="Constructor_CorrectSizes" fullname="GDX.Collections.Generic.UniformArray3DTests.Constructor_CorrectSizes" methodname="Constructor_CorrectSizes" classname="GDX.Collections.Generic.UniformArray3DTests" runstate="Runnable" seed="1352764487" result="Passed" start-time="2023-05-24 20:21:30Z" end-time="2023-05-24 20:21:30Z" duration="0.000492" asserts="0">
                <properties>
                  <property name="Category" value="GDX.Tests" />
                </properties>
                <output><![CDATA[[Code Coverage] Code Coverage results for visited sequence points were saved in D:/BuildAgent/work/GDX-Documentation/Staging/CodeCoverage/GDX_Development-opencov/EditMode/TestCoverageResults_0297.xml
[Code Coverage] Code Coverage requires Burst Compilation to be disabled in order to obtain accurate coverage information. To disable Burst Compilation uncheck Jobs > Burst > Enable Compilation or pass '--burst-disable-compilation' to the command line in batchmode.
]]></output>
              </test-case>
              <test-case id="1708" name="GetByIndex_LastSpot_ValidEntry" fullname="GDX.Collections.Generic.UniformArray3DTests.GetByIndex_LastSpot_ValidEntry" methodname="GetByIndex_LastSpot_ValidEntry" classname="GDX.Collections.Generic.UniformArray3DTests" runstate="Runnable" seed="81836441" result="Passed" start-time="2023-05-24 20:21:31Z" end-time="2023-05-24 20:21:31Z" duration="0.000357" asserts="0">
                <properties>
                  <property name="Category" value="GDX.Tests" />
                </properties>
                <output><![CDATA[[Code Coverage] Code Coverage results for visited sequence points were saved in D:/BuildAgent/work/GDX-Documentation/Staging/CodeCoverage/GDX_Development-opencov/EditMode/TestCoverageResults_0298.xml
[Code Coverage] Code Coverage requires Burst Compilation to be disabled in order to obtain accurate coverage information. To disable Burst Compilation uncheck Jobs > Burst > Enable Compilation or pass '--burst-disable-compilation' to the command line in batchmode.
]]></output>
              </test-case>
            </test-suite>
            <test-suite type="TestFixture" id="1709" name="UnsafeSparseSetTests" fullname="GDX.Collections.Generic.UnsafeSparseSetTests" classname="GDX.Collections.Generic.UnsafeSparseSetTests" runstate="Runnable" testcasecount="30" result="Passed" start-time="2023-05-24 20:21:32Z" end-time="2023-05-24 20:22:09Z" duration="36.837634" total="30" passed="30" failed="0" inconclusive="0" skipped="0" asserts="0">
              <properties />
              <test-case id="1712" name="AddUnchecked_MockData_IndicesReserved" fullname="GDX.Collections.Generic.UnsafeSparseSetTests.AddUnchecked_MockData_IndicesReserved" methodname="AddUnchecked_MockData_IndicesReserved" classname="GDX.Collections.Generic.UnsafeSparseSetTests" runstate="Runnable" seed="1667840050" result="Passed" start-time="2023-05-24 20:21:32Z" end-time="2023-05-24 20:21:32Z" duration="0.002522" asserts="0">
                <properties>
                  <property name="Category" value="GDX.Tests" />
                </properties>
                <output><![CDATA[[Code Coverage] Code Coverage results for visited sequence points were saved in D:/BuildAgent/work/GDX-Documentation/Staging/CodeCoverage/GDX_Development-opencov/EditMode/TestCoverageResults_0299.xml
[Code Coverage] Code Coverage requires Burst Compilation to be disabled in order to obtain accurate coverage information. To disable Burst Compilation uncheck Jobs > Burst > Enable Compilation or pass '--burst-disable-compilation' to the command line in batchmode.
]]></output>
              </test-case>
              <test-case id="1713" name="AddUnchecked_MockDataWithVersionArray__IndicesReserved" fullname="GDX.Collections.Generic.UnsafeSparseSetTests.AddUnchecked_MockDataWithVersionArray__IndicesReserved" methodname="AddUnchecked_MockDataWithVersionArray__IndicesReserved" classname="GDX.Collections.Generic.UnsafeSparseSetTests" runstate="Runnable" seed="222041134" result="Passed" start-time="2023-05-24 20:21:33Z" end-time="2023-05-24 20:21:33Z" duration="0.000596" asserts="0">
                <properties>
                  <property name="Category" value="GDX.Tests" />
                </properties>
                <output><![CDATA[[Code Coverage] Code Coverage results for visited sequence points were saved in D:/BuildAgent/work/GDX-Documentation/Staging/CodeCoverage/GDX_Development-opencov/EditMode/TestCoverageResults_0300.xml
[Code Coverage] Code Coverage requires Burst Compilation to be disabled in order to obtain accurate coverage information. To disable Burst Compilation uncheck Jobs > Burst > Enable Compilation or pass '--burst-disable-compilation' to the command line in batchmode.
]]></output>
              </test-case>
              <test-case id="1716" name="AddUnchecked_MockDataWithVersionArray_Expanded" fullname="GDX.Collections.Generic.UnsafeSparseSetTests.AddUnchecked_MockDataWithVersionArray_Expanded" methodname="AddUnchecked_MockDataWithVersionArray_Expanded" classname="GDX.Collections.Generic.UnsafeSparseSetTests" runstate="Runnable" seed="1881776195" result="Passed" start-time="2023-05-24 20:21:35Z" end-time="2023-05-24 20:21:35Z" duration="0.000962" asserts="0">
                <properties>
                  <property name="Category" value="GDX.Tests" />
                </properties>
                <output><![CDATA[[Code Coverage] Code Coverage results for visited sequence points were saved in D:/BuildAgent/work/GDX-Documentation/Staging/CodeCoverage/GDX_Development-opencov/EditMode/TestCoverageResults_0301.xml
[Code Coverage] Code Coverage requires Burst Compilation to be disabled in order to obtain accurate coverage information. To disable Burst Compilation uncheck Jobs > Burst > Enable Compilation or pass '--burst-disable-compilation' to the command line in batchmode.
]]></output>
              </test-case>
              <test-case id="1714" name="AddWithExpandCheck_MockData_Expanded" fullname="GDX.Collections.Generic.UnsafeSparseSetTests.AddWithExpandCheck_MockData_Expanded" methodname="AddWithExpandCheck_MockData_Expanded" classname="GDX.Collections.Generic.UnsafeSparseSetTests" runstate="Runnable" seed="1679220543" result="Passed" start-time="2023-05-24 20:21:36Z" end-time="2023-05-24 20:21:36Z" duration="0.000374" asserts="0">
                <properties>
                  <property name="Category" value="GDX.Tests" />
                </properties>
                <output><![CDATA[[Code Coverage] Code Coverage results for visited sequence points were saved in D:/BuildAgent/work/GDX-Documentation/Staging/CodeCoverage/GDX_Development-opencov/EditMode/TestCoverageResults_0302.xml
[Code Coverage] Code Coverage requires Burst Compilation to be disabled in order to obtain accurate coverage information. To disable Burst Compilation uncheck Jobs > Burst > Enable Compilation or pass '--burst-disable-compilation' to the command line in batchmode.
]]></output>
              </test-case>
              <test-case id="1715" name="AddWithExpandCheck_MockDataWithVersionArray_Expanded" fullname="GDX.Collections.Generic.UnsafeSparseSetTests.AddWithExpandCheck_MockDataWithVersionArray_Expanded" methodname="AddWithExpandCheck_MockDataWithVersionArray_Expanded" classname="GDX.Collections.Generic.UnsafeSparseSetTests" runstate="Runnable" seed="1646674152" result="Passed" start-time="2023-05-24 20:21:37Z" end-time="2023-05-24 20:21:37Z" duration="0.000660" asserts="0">
                <properties>
                  <property name="Category" value="GDX.Tests" />
                </properties>
                <output><![CDATA[[Code Coverage] Code Coverage results for visited sequence points were saved in D:/BuildAgent/work/GDX-Documentation/Staging/CodeCoverage/GDX_Development-opencov/EditMode/TestCoverageResults_0303.xml
[Code Coverage] Code Coverage requires Burst Compilation to be disabled in order to obtain accurate coverage information. To disable Burst Compilation uncheck Jobs > Burst > Enable Compilation or pass '--burst-disable-compilation' to the command line in batchmode.
]]></output>
              </test-case>
              <test-case id="1731" name="Clear_MockData_ArraysCleared" fullname="GDX.Collections.Generic.UnsafeSparseSetTests.Clear_MockData_ArraysCleared" methodname="Clear_MockData_ArraysCleared" classname="GDX.Collections.Generic.UnsafeSparseSetTests" runstate="Runnable" seed="1413603566" result="Passed" start-time="2023-05-24 20:21:38Z" end-time="2023-05-24 20:21:38Z" duration="0.000369" asserts="0">
                <properties>
                  <property name="Category" value="GDX.Tests" />
                </properties>
                <output><![CDATA[[Code Coverage] Code Coverage results for visited sequence points were saved in D:/BuildAgent/work/GDX-Documentation/Staging/CodeCoverage/GDX_Development-opencov/EditMode/TestCoverageResults_0304.xml
[Code Coverage] Code Coverage requires Burst Compilation to be disabled in order to obtain accurate coverage information. To disable Burst Compilation uncheck Jobs > Burst > Enable Compilation or pass '--burst-disable-compilation' to the command line in batchmode.
]]></output>
              </test-case>
              <test-case id="1732" name="Clear_MockDataWithVersionArray_ArraysCleared" fullname="GDX.Collections.Generic.UnsafeSparseSetTests.Clear_MockDataWithVersionArray_ArraysCleared" methodname="Clear_MockDataWithVersionArray_ArraysCleared" classname="GDX.Collections.Generic.UnsafeSparseSetTests" runstate="Runnable" seed="546308882" result="Passed" start-time="2023-05-24 20:21:39Z" end-time="2023-05-24 20:21:39Z" duration="0.000481" asserts="0">
                <properties>
                  <property name="Category" value="GDX.Tests" />
                </properties>
                <output><![CDATA[[Code Coverage] Code Coverage results for visited sequence points were saved in D:/BuildAgent/work/GDX-Documentation/Staging/CodeCoverage/GDX_Development-opencov/EditMode/TestCoverageResults_0305.xml
[Code Coverage] Code Coverage requires Burst Compilation to be disabled in order to obtain accurate coverage information. To disable Burst Compilation uncheck Jobs > Burst > Enable Compilation or pass '--burst-disable-compilation' to the command line in batchmode.
]]></output>
              </test-case>
              <test-case id="1733" name="ClearWithVersionReset_MockData_ArraysClearedAndVersionReset" fullname="GDX.Collections.Generic.UnsafeSparseSetTests.ClearWithVersionReset_MockData_ArraysClearedAndVersionReset" methodname="ClearWithVersionReset_MockData_ArraysClearedAndVersionReset" classname="GDX.Collections.Generic.UnsafeSparseSetTests" runstate="Runnable" seed="463499819" result="Passed" start-time="2023-05-24 20:21:41Z" end-time="2023-05-24 20:21:41Z" duration="0.000441" asserts="0">
                <properties>
                  <property name="Category" value="GDX.Tests" />
                </properties>
                <output><![CDATA[[Code Coverage] Code Coverage results for visited sequence points were saved in D:/BuildAgent/work/GDX-Documentation/Staging/CodeCoverage/GDX_Development-opencov/EditMode/TestCoverageResults_0306.xml
[Code Coverage] Code Coverage requires Burst Compilation to be disabled in order to obtain accurate coverage information. To disable Burst Compilation uncheck Jobs > Burst > Enable Compilation or pass '--burst-disable-compilation' to the command line in batchmode.
]]></output>
              </test-case>
              <test-case id="1710" name="Constructor_CreateWithCount" fullname="GDX.Collections.Generic.UnsafeSparseSetTests.Constructor_CreateWithCount" methodname="Constructor_CreateWithCount" classname="GDX.Collections.Generic.UnsafeSparseSetTests" runstate="Runnable" seed="1018147957" result="Passed" start-time="2023-05-24 20:21:42Z" end-time="2023-05-24 20:21:42Z" duration="0.000283" asserts="0">
                <properties>
                  <property name="Category" value="GDX.Tests" />
                </properties>
                <output><![CDATA[[Code Coverage] Code Coverage results for visited sequence points were saved in D:/BuildAgent/work/GDX-Documentation/Staging/CodeCoverage/GDX_Development-opencov/EditMode/TestCoverageResults_0307.xml
[Code Coverage] Code Coverage requires Burst Compilation to be disabled in order to obtain accurate coverage information. To disable Burst Compilation uncheck Jobs > Burst > Enable Compilation or pass '--burst-disable-compilation' to the command line in batchmode.
]]></output>
              </test-case>
              <test-case id="1711" name="Constructor_CreateWithCountAndVersionArray" fullname="GDX.Collections.Generic.UnsafeSparseSetTests.Constructor_CreateWithCountAndVersionArray" methodname="Constructor_CreateWithCountAndVersionArray" classname="GDX.Collections.Generic.UnsafeSparseSetTests" runstate="Runnable" seed="785992890" result="Passed" start-time="2023-05-24 20:21:43Z" end-time="2023-05-24 20:21:43Z" duration="0.000300" asserts="0">
                <properties>
                  <property name="Category" value="GDX.Tests" />
                </properties>
                <output><![CDATA[[Code Coverage] Code Coverage results for visited sequence points were saved in D:/BuildAgent/work/GDX-Documentation/Staging/CodeCoverage/GDX_Development-opencov/EditMode/TestCoverageResults_0308.xml
[Code Coverage] Code Coverage requires Burst Compilation to be disabled in order to obtain accurate coverage information. To disable Burst Compilation uncheck Jobs > Burst > Enable Compilation or pass '--burst-disable-compilation' to the command line in batchmode.
]]></output>
              </test-case>
              <test-case id="1739" name="DenseAndSparseAccess_MockData_ArraysArePlacedCorrectly" fullname="GDX.Collections.Generic.UnsafeSparseSetTests.DenseAndSparseAccess_MockData_ArraysArePlacedCorrectly" methodname="DenseAndSparseAccess_MockData_ArraysArePlacedCorrectly" classname="GDX.Collections.Generic.UnsafeSparseSetTests" runstate="Runnable" seed="1540116186" result="Passed" start-time="2023-05-24 20:21:44Z" end-time="2023-05-24 20:21:44Z" duration="0.000287" asserts="0">
                <properties>
                  <property name="Category" value="GDX.Tests" />
                </properties>
                <output><![CDATA[[Code Coverage] Code Coverage results for visited sequence points were saved in D:/BuildAgent/work/GDX-Documentation/Staging/CodeCoverage/GDX_Development-opencov/EditMode/TestCoverageResults_0309.xml
[Code Coverage] Code Coverage requires Burst Compilation to be disabled in order to obtain accurate coverage information. To disable Burst Compilation uncheck Jobs > Burst > Enable Compilation or pass '--burst-disable-compilation' to the command line in batchmode.
]]></output>
              </test-case>
              <test-case id="1738" name="Dispose_MockDataWithVersionArray_Disposed" fullname="GDX.Collections.Generic.UnsafeSparseSetTests.Dispose_MockDataWithVersionArray_Disposed" methodname="Dispose_MockDataWithVersionArray_Disposed" classname="GDX.Collections.Generic.UnsafeSparseSetTests" runstate="Runnable" seed="1367157457" result="Passed" start-time="2023-05-24 20:21:45Z" end-time="2023-05-24 20:21:45Z" duration="0.000464" asserts="0">
                <properties>
                  <property name="Category" value="GDX.Tests" />
                </properties>
                <output><![CDATA[[Code Coverage] Code Coverage results for visited sequence points were saved in D:/BuildAgent/work/GDX-Documentation/Staging/CodeCoverage/GDX_Development-opencov/EditMode/TestCoverageResults_0310.xml
[Code Coverage] Code Coverage requires Burst Compilation to be disabled in order to obtain accurate coverage information. To disable Burst Compilation uncheck Jobs > Burst > Enable Compilation or pass '--burst-disable-compilation' to the command line in batchmode.
]]></output>
              </test-case>
              <test-case id="1734" name="Expand_MockData_Expanded" fullname="GDX.Collections.Generic.UnsafeSparseSetTests.Expand_MockData_Expanded" methodname="Expand_MockData_Expanded" classname="GDX.Collections.Generic.UnsafeSparseSetTests" runstate="Runnable" seed="263648989" result="Passed" start-time="2023-05-24 20:21:47Z" end-time="2023-05-24 20:21:47Z" duration="0.000451" asserts="0">
                <properties>
                  <property name="Category" value="GDX.Tests" />
                </properties>
                <output><![CDATA[[Code Coverage] Code Coverage results for visited sequence points were saved in D:/BuildAgent/work/GDX-Documentation/Staging/CodeCoverage/GDX_Development-opencov/EditMode/TestCoverageResults_0311.xml
[Code Coverage] Code Coverage requires Burst Compilation to be disabled in order to obtain accurate coverage information. To disable Burst Compilation uncheck Jobs > Burst > Enable Compilation or pass '--burst-disable-compilation' to the command line in batchmode.
]]></output>
              </test-case>
              <test-case id="1735" name="Expand_MockDataWithVersionArray_Expanded" fullname="GDX.Collections.Generic.UnsafeSparseSetTests.Expand_MockDataWithVersionArray_Expanded" methodname="Expand_MockDataWithVersionArray_Expanded" classname="GDX.Collections.Generic.UnsafeSparseSetTests" runstate="Runnable" seed="886248760" result="Passed" start-time="2023-05-24 20:21:48Z" end-time="2023-05-24 20:21:48Z" duration="0.000603" asserts="0">
                <properties>
                  <property name="Category" value="GDX.Tests" />
                </properties>
                <output><![CDATA[[Code Coverage] Code Coverage results for visited sequence points were saved in D:/BuildAgent/work/GDX-Documentation/Staging/CodeCoverage/GDX_Development-opencov/EditMode/TestCoverageResults_0312.xml
[Code Coverage] Code Coverage requires Burst Compilation to be disabled in order to obtain accurate coverage information. To disable Burst Compilation uncheck Jobs > Burst > Enable Compilation or pass '--burst-disable-compilation' to the command line in batchmode.
]]></output>
              </test-case>
              <test-case id="1717" name="GetDenseIndexUnchecked_MockData_CorrectIndex" fullname="GDX.Collections.Generic.UnsafeSparseSetTests.GetDenseIndexUnchecked_MockData_CorrectIndex" methodname="GetDenseIndexUnchecked_MockData_CorrectIndex" classname="GDX.Collections.Generic.UnsafeSparseSetTests" runstate="Runnable" seed="1613702823" result="Passed" start-time="2023-05-24 20:21:49Z" end-time="2023-05-24 20:21:49Z" duration="0.000339" asserts="0">
                <properties>
                  <property name="Category" value="GDX.Tests" />
                </properties>
                <output><![CDATA[[Code Coverage] Code Coverage results for visited sequence points were saved in D:/BuildAgent/work/GDX-Documentation/Staging/CodeCoverage/GDX_Development-opencov/EditMode/TestCoverageResults_0313.xml
[Code Coverage] Code Coverage requires Burst Compilation to be disabled in order to obtain accurate coverage information. To disable Burst Compilation uncheck Jobs > Burst > Enable Compilation or pass '--burst-disable-compilation' to the command line in batchmode.
]]></output>
              </test-case>
              <test-case id="1720" name="GetDenseIndexWithBoundsAndVersionCheck_MockData_CorrectIndexAndHandlesInvalidIndex" fullname="GDX.Collections.Generic.UnsafeSparseSetTests.GetDenseIndexWithBoundsAndVersionCheck_MockData_CorrectIndexAndHandlesInvalidIndex" methodname="GetDenseIndexWithBoundsAndVersionCheck_MockData_CorrectIndexAndHandlesInvalidIndex" classname="GDX.Collections.Generic.UnsafeSparseSetTests" runstate="Runnable" seed="1764536709" result="Passed" start-time="2023-05-24 20:21:50Z" end-time="2023-05-24 20:21:50Z" duration="0.000583" asserts="0">
                <properties>
                  <property name="Category" value="GDX.Tests" />
                </properties>
                <output><![CDATA[[Code Coverage] Code Coverage results for visited sequence points were saved in D:/BuildAgent/work/GDX-Documentation/Staging/CodeCoverage/GDX_Development-opencov/EditMode/TestCoverageResults_0314.xml
[Code Coverage] Code Coverage requires Burst Compilation to be disabled in order to obtain accurate coverage information. To disable Burst Compilation uncheck Jobs > Burst > Enable Compilation or pass '--burst-disable-compilation' to the command line in batchmode.
]]></output>
              </test-case>
              <test-case id="1718" name="GetDenseIndexWithBoundsCheck_MockData_CorrectIndexAndHandlesInvalidIndex" fullname="GDX.Collections.Generic.UnsafeSparseSetTests.GetDenseIndexWithBoundsCheck_MockData_CorrectIndexAndHandlesInvalidIndex" methodname="GetDenseIndexWithBoundsCheck_MockData_CorrectIndexAndHandlesInvalidIndex" classname="GDX.Collections.Generic.UnsafeSparseSetTests" runstate="Runnable" seed="596514660" result="Passed" start-time="2023-05-24 20:21:52Z" end-time="2023-05-24 20:21:52Z" duration="0.000453" asserts="0">
                <properties>
                  <property name="Category" value="GDX.Tests" />
                </properties>
                <output><![CDATA[[Code Coverage] Code Coverage results for visited sequence points were saved in D:/BuildAgent/work/GDX-Documentation/Staging/CodeCoverage/GDX_Development-opencov/EditMode/TestCoverageResults_0315.xml
[Code Coverage] Code Coverage requires Burst Compilation to be disabled in order to obtain accurate coverage information. To disable Burst Compilation uncheck Jobs > Burst > Enable Compilation or pass '--burst-disable-compilation' to the command line in batchmode.
]]></output>
              </test-case>
              <test-case id="1719" name="GetDenseIndexWithVersionCheck_MockData_CorrectIndexAndHandlesVersion" fullname="GDX.Collections.Generic.UnsafeSparseSetTests.GetDenseIndexWithVersionCheck_MockData_CorrectIndexAndHandlesVersion" methodname="GetDenseIndexWithVersionCheck_MockData_CorrectIndexAndHandlesVersion" classname="GDX.Collections.Generic.UnsafeSparseSetTests" runstate="Runnable" seed="560694942" result="Passed" start-time="2023-05-24 20:21:53Z" end-time="2023-05-24 20:21:53Z" duration="0.000496" asserts="0">
                <properties>
                  <property name="Category" value="GDX.Tests" />
                </properties>
                <output><![CDATA[[Code Coverage] Code Coverage results for visited sequence points were saved in D:/BuildAgent/work/GDX-Documentation/Staging/CodeCoverage/GDX_Development-opencov/EditMode/TestCoverageResults_0316.xml
[Code Coverage] Code Coverage requires Burst Compilation to be disabled in order to obtain accurate coverage information. To disable Burst Compilation uncheck Jobs > Burst > Enable Compilation or pass '--burst-disable-compilation' to the command line in batchmode.
]]></output>
              </test-case>
              <test-case id="1726" name="RemoveUnchecked_MockData_ValidIndexRemoved" fullname="GDX.Collections.Generic.UnsafeSparseSetTests.RemoveUnchecked_MockData_ValidIndexRemoved" methodname="RemoveUnchecked_MockData_ValidIndexRemoved" classname="GDX.Collections.Generic.UnsafeSparseSetTests" runstate="Runnable" seed="1668720056" result="Passed" start-time="2023-05-24 20:21:54Z" end-time="2023-05-24 20:21:54Z" duration="0.000389" asserts="0">
                <properties>
                  <property name="Category" value="GDX.Tests" />
                </properties>
                <output><![CDATA[[Code Coverage] Code Coverage results for visited sequence points were saved in D:/BuildAgent/work/GDX-Documentation/Staging/CodeCoverage/GDX_Development-opencov/EditMode/TestCoverageResults_0317.xml
[Code Coverage] Code Coverage requires Burst Compilation to be disabled in order to obtain accurate coverage information. To disable Burst Compilation uncheck Jobs > Burst > Enable Compilation or pass '--burst-disable-compilation' to the command line in batchmode.
]]></output>
              </test-case>
              <test-case id="1725" name="RemoveUnchecked_MockDataWithIndices_ValidIndexRemoved" fullname="GDX.Collections.Generic.UnsafeSparseSetTests.RemoveUnchecked_MockDataWithIndices_ValidIndexRemoved" methodname="RemoveUnchecked_MockDataWithIndices_ValidIndexRemoved" classname="GDX.Collections.Generic.UnsafeSparseSetTests" runstate="Runnable" seed="21383670" result="Passed" start-time="2023-05-24 20:21:55Z" end-time="2023-05-24 20:21:55Z" duration="0.000411" asserts="0">
                <properties>
                  <property name="Category" value="GDX.Tests" />
                </properties>
                <output><![CDATA[[Code Coverage] Code Coverage results for visited sequence points were saved in D:/BuildAgent/work/GDX-Documentation/Staging/CodeCoverage/GDX_Development-opencov/EditMode/TestCoverageResults_0318.xml
[Code Coverage] Code Coverage requires Burst Compilation to be disabled in order to obtain accurate coverage information. To disable Burst Compilation uncheck Jobs > Burst > Enable Compilation or pass '--burst-disable-compilation' to the command line in batchmode.
]]></output>
              </test-case>
              <test-case id="1724" name="RemoveUnchecked_MockDataWithIndicesAndVersionArray_ValidIndexRemoved" fullname="GDX.Collections.Generic.UnsafeSparseSetTests.RemoveUnchecked_MockDataWithIndicesAndVersionArray_ValidIndexRemoved" methodname="RemoveUnchecked_MockDataWithIndicesAndVersionArray_ValidIndexRemoved" classname="GDX.Collections.Generic.UnsafeSparseSetTests" runstate="Runnable" seed="1428018726" result="Passed" start-time="2023-05-24 20:21:56Z" end-time="2023-05-24 20:21:56Z" duration="0.000367" asserts="0">
                <properties>
                  <property name="Category" value="GDX.Tests" />
                </properties>
                <output><![CDATA[[Code Coverage] Code Coverage results for visited sequence points were saved in D:/BuildAgent/work/GDX-Documentation/Staging/CodeCoverage/GDX_Development-opencov/EditMode/TestCoverageResults_0319.xml
[Code Coverage] Code Coverage requires Burst Compilation to be disabled in order to obtain accurate coverage information. To disable Burst Compilation uncheck Jobs > Burst > Enable Compilation or pass '--burst-disable-compilation' to the command line in batchmode.
]]></output>
              </test-case>
              <test-case id="1727" name="RemoveUncheckedFromDenseIndex_MockData_ValidIndexRemoved" fullname="GDX.Collections.Generic.UnsafeSparseSetTests.RemoveUncheckedFromDenseIndex_MockData_ValidIndexRemoved" methodname="RemoveUncheckedFromDenseIndex_MockData_ValidIndexRemoved" classname="GDX.Collections.Generic.UnsafeSparseSetTests" runstate="Runnable" seed="1242391846" result="Passed" start-time="2023-05-24 20:21:58Z" end-time="2023-05-24 20:21:58Z" duration="0.000379" asserts="0">
                <properties>
                  <property name="Category" value="GDX.Tests" />
                </properties>
                <output><![CDATA[[Code Coverage] Code Coverage results for visited sequence points were saved in D:/BuildAgent/work/GDX-Documentation/Staging/CodeCoverage/GDX_Development-opencov/EditMode/TestCoverageResults_0320.xml
[Code Coverage] Code Coverage requires Burst Compilation to be disabled in order to obtain accurate coverage information. To disable Burst Compilation uncheck Jobs > Burst > Enable Compilation or pass '--burst-disable-compilation' to the command line in batchmode.
]]></output>
              </test-case>
              <test-case id="1728" name="RemoveUncheckedFromDenseIndex_MockDataWithSwapIndex_ValidIndexRemoved" fullname="GDX.Collections.Generic.UnsafeSparseSetTests.RemoveUncheckedFromDenseIndex_MockDataWithSwapIndex_ValidIndexRemoved" methodname="RemoveUncheckedFromDenseIndex_MockDataWithSwapIndex_ValidIndexRemoved" classname="GDX.Collections.Generic.UnsafeSparseSetTests" runstate="Runnable" seed="24638928" result="Passed" start-time="2023-05-24 20:21:59Z" end-time="2023-05-24 20:21:59Z" duration="0.000408" asserts="0">
                <properties>
                  <property name="Category" value="GDX.Tests" />
                </properties>
                <output><![CDATA[[Code Coverage] Code Coverage results for visited sequence points were saved in D:/BuildAgent/work/GDX-Documentation/Staging/CodeCoverage/GDX_Development-opencov/EditMode/TestCoverageResults_0321.xml
[Code Coverage] Code Coverage requires Burst Compilation to be disabled in order to obtain accurate coverage information. To disable Burst Compilation uncheck Jobs > Burst > Enable Compilation or pass '--burst-disable-compilation' to the command line in batchmode.
]]></output>
              </test-case>
              <test-case id="1729" name="RemoveUncheckedFromDenseIndex_MockDataWithVersionArray_ValidIndexRemoved" fullname="GDX.Collections.Generic.UnsafeSparseSetTests.RemoveUncheckedFromDenseIndex_MockDataWithVersionArray_ValidIndexRemoved" methodname="RemoveUncheckedFromDenseIndex_MockDataWithVersionArray_ValidIndexRemoved" classname="GDX.Collections.Generic.UnsafeSparseSetTests" runstate="Runnable" seed="1439514993" result="Passed" start-time="2023-05-24 20:22:01Z" end-time="2023-05-24 20:22:01Z" duration="0.000424" asserts="0">
                <properties>
                  <property name="Category" value="GDX.Tests" />
                </properties>
                <output><![CDATA[[Code Coverage] Code Coverage results for visited sequence points were saved in D:/BuildAgent/work/GDX-Documentation/Staging/CodeCoverage/GDX_Development-opencov/EditMode/TestCoverageResults_0322.xml
[Code Coverage] Code Coverage requires Burst Compilation to be disabled in order to obtain accurate coverage information. To disable Burst Compilation uncheck Jobs > Burst > Enable Compilation or pass '--burst-disable-compilation' to the command line in batchmode.
]]></output>
              </test-case>
              <test-case id="1730" name="RemoveUncheckedFromDenseIndex_MockDataWithVersionArrayAndSwapIndex_ValidIndexRemoved" fullname="GDX.Collections.Generic.UnsafeSparseSetTests.RemoveUncheckedFromDenseIndex_MockDataWithVersionArrayAndSwapIndex_ValidIndexRemoved" methodname="RemoveUncheckedFromDenseIndex_MockDataWithVersionArrayAndSwapIndex_ValidIndexRemoved" classname="GDX.Collections.Generic.UnsafeSparseSetTests" runstate="Runnable" seed="2090523525" result="Passed" start-time="2023-05-24 20:22:02Z" end-time="2023-05-24 20:22:02Z" duration="0.000424" asserts="0">
                <properties>
                  <property name="Category" value="GDX.Tests" />
                </properties>
                <output><![CDATA[[Code Coverage] Code Coverage results for visited sequence points were saved in D:/BuildAgent/work/GDX-Documentation/Staging/CodeCoverage/GDX_Development-opencov/EditMode/TestCoverageResults_0323.xml
[Code Coverage] Code Coverage requires Burst Compilation to be disabled in order to obtain accurate coverage information. To disable Burst Compilation uncheck Jobs > Burst > Enable Compilation or pass '--burst-disable-compilation' to the command line in batchmode.
]]></output>
              </test-case>
              <test-case id="1723" name="RemoveWithBoundsAndVersionChecks_MockData_ValidIndexRemovedInvalidIndicesNotRemoved" fullname="GDX.Collections.Generic.UnsafeSparseSetTests.RemoveWithBoundsAndVersionChecks_MockData_ValidIndexRemovedInvalidIndicesNotRemoved" methodname="RemoveWithBoundsAndVersionChecks_MockData_ValidIndexRemovedInvalidIndicesNotRemoved" classname="GDX.Collections.Generic.UnsafeSparseSetTests" runstate="Runnable" seed="1734788635" result="Passed" start-time="2023-05-24 20:22:03Z" end-time="2023-05-24 20:22:03Z" duration="0.000598" asserts="0">
                <properties>
                  <property name="Category" value="GDX.Tests" />
                </properties>
                <output><![CDATA[[Code Coverage] Code Coverage results for visited sequence points were saved in D:/BuildAgent/work/GDX-Documentation/Staging/CodeCoverage/GDX_Development-opencov/EditMode/TestCoverageResults_0324.xml
[Code Coverage] Code Coverage requires Burst Compilation to be disabled in order to obtain accurate coverage information. To disable Burst Compilation uncheck Jobs > Burst > Enable Compilation or pass '--burst-disable-compilation' to the command line in batchmode.
]]></output>
              </test-case>
              <test-case id="1721" name="RemoveWithBoundsCheck_MockData_ValidIndexRemovedInvalidIndicesNotRemoved" fullname="GDX.Collections.Generic.UnsafeSparseSetTests.RemoveWithBoundsCheck_MockData_ValidIndexRemovedInvalidIndicesNotRemoved" methodname="RemoveWithBoundsCheck_MockData_ValidIndexRemovedInvalidIndicesNotRemoved" classname="GDX.Collections.Generic.UnsafeSparseSetTests" runstate="Runnable" seed="830978490" result="Passed" start-time="2023-05-24 20:22:04Z" end-time="2023-05-24 20:22:04Z" duration="0.000524" asserts="0">
                <properties>
                  <property name="Category" value="GDX.Tests" />
                </properties>
                <output><![CDATA[[Code Coverage] Code Coverage results for visited sequence points were saved in D:/BuildAgent/work/GDX-Documentation/Staging/CodeCoverage/GDX_Development-opencov/EditMode/TestCoverageResults_0325.xml
[Code Coverage] Code Coverage requires Burst Compilation to be disabled in order to obtain accurate coverage information. To disable Burst Compilation uncheck Jobs > Burst > Enable Compilation or pass '--burst-disable-compilation' to the command line in batchmode.
]]></output>
              </test-case>
              <test-case id="1722" name="RemoveWithVersionCheck_MockData_ValidIndexRemovedInvalidIndicesNotRemoved" fullname="GDX.Collections.Generic.UnsafeSparseSetTests.RemoveWithVersionCheck_MockData_ValidIndexRemovedInvalidIndicesNotRemoved" methodname="RemoveWithVersionCheck_MockData_ValidIndexRemovedInvalidIndicesNotRemoved" classname="GDX.Collections.Generic.UnsafeSparseSetTests" runstate="Runnable" seed="285554390" result="Passed" start-time="2023-05-24 20:22:05Z" end-time="2023-05-24 20:22:05Z" duration="0.000463" asserts="0">
                <properties>
                  <property name="Category" value="GDX.Tests" />
                </properties>
                <output><![CDATA[[Code Coverage] Code Coverage results for visited sequence points were saved in D:/BuildAgent/work/GDX-Documentation/Staging/CodeCoverage/GDX_Development-opencov/EditMode/TestCoverageResults_0326.xml
[Code Coverage] Code Coverage requires Burst Compilation to be disabled in order to obtain accurate coverage information. To disable Burst Compilation uncheck Jobs > Burst > Enable Compilation or pass '--burst-disable-compilation' to the command line in batchmode.
]]></output>
              </test-case>
              <test-case id="1736" name="Reserve_MockData_Expanded" fullname="GDX.Collections.Generic.UnsafeSparseSetTests.Reserve_MockData_Expanded" methodname="Reserve_MockData_Expanded" classname="GDX.Collections.Generic.UnsafeSparseSetTests" runstate="Runnable" seed="1653316627" result="Passed" start-time="2023-05-24 20:22:07Z" end-time="2023-05-24 20:22:07Z" duration="0.000486" asserts="0">
                <properties>
                  <property name="Category" value="GDX.Tests" />
                </properties>
                <output><![CDATA[[Code Coverage] Code Coverage results for visited sequence points were saved in D:/BuildAgent/work/GDX-Documentation/Staging/CodeCoverage/GDX_Development-opencov/EditMode/TestCoverageResults_0327.xml
[Code Coverage] Code Coverage requires Burst Compilation to be disabled in order to obtain accurate coverage information. To disable Burst Compilation uncheck Jobs > Burst > Enable Compilation or pass '--burst-disable-compilation' to the command line in batchmode.
]]></output>
              </test-case>
              <test-case id="1737" name="Reserve_MockDataWithVersionArray_Expanded" fullname="GDX.Collections.Generic.UnsafeSparseSetTests.Reserve_MockDataWithVersionArray_Expanded" methodname="Reserve_MockDataWithVersionArray_Expanded" classname="GDX.Collections.Generic.UnsafeSparseSetTests" runstate="Runnable" seed="203721232" result="Passed" start-time="2023-05-24 20:22:08Z" end-time="2023-05-24 20:22:08Z" duration="0.000545" asserts="0">
                <properties>
                  <property name="Category" value="GDX.Tests" />
                </properties>
                <output><![CDATA[[Code Coverage] Code Coverage results for visited sequence points were saved in D:/BuildAgent/work/GDX-Documentation/Staging/CodeCoverage/GDX_Development-opencov/EditMode/TestCoverageResults_0328.xml
[Code Coverage] Code Coverage requires Burst Compilation to be disabled in order to obtain accurate coverage information. To disable Burst Compilation uncheck Jobs > Burst > Enable Compilation or pass '--burst-disable-compilation' to the command line in batchmode.
]]></output>
              </test-case>
            </test-suite>
          </test-suite>
          <test-suite type="TestSuite" id="1760" name="Pooling" fullname="GDX.Collections.Pooling" runstate="Runnable" testcasecount="14" result="Passed" start-time="2023-05-24 20:22:09Z" end-time="2023-05-24 20:22:26Z" duration="17.033301" total="14" passed="14" failed="0" inconclusive="0" skipped="0" asserts="0">
            <properties />
            <test-suite type="TestFixture" id="1424" name="GameObjectPoolTests" fullname="GDX.Collections.Pooling.GameObjectPoolTests" classname="GDX.Collections.Pooling.GameObjectPoolTests" runstate="Runnable" testcasecount="14" result="Passed" start-time="2023-05-24 20:22:09Z" end-time="2023-05-24 20:22:26Z" duration="17.030447" total="14" passed="14" failed="0" inconclusive="0" skipped="0" asserts="0">
              <properties />
              <test-case id="1427" name="Get_MockData_DontTrigger" fullname="GDX.Collections.Pooling.GameObjectPoolTests.Get_MockData_DontTrigger" methodname="Get_MockData_DontTrigger" classname="GDX.Collections.Pooling.GameObjectPoolTests" runstate="Runnable" seed="729013610" result="Passed" start-time="2023-05-24 20:22:09Z" end-time="2023-05-24 20:22:09Z" duration="0.007189" asserts="0">
                <properties>
                  <property name="Category" value="GDX.Tests" />
                </properties>
                <output><![CDATA[[Code Coverage] Code Coverage results for visited sequence points were saved in D:/BuildAgent/work/GDX-Documentation/Staging/CodeCoverage/GDX_Development-opencov/EditMode/TestCoverageResults_0329.xml
[Code Coverage] Code Coverage requires Burst Compilation to be disabled in order to obtain accurate coverage information. To disable Burst Compilation uncheck Jobs > Burst > Enable Compilation or pass '--burst-disable-compilation' to the command line in batchmode.
]]></output>
              </test-case>
              <test-case id="1429" name="Get_MockData_LocalPositionLocalRotationParented" fullname="GDX.Collections.Pooling.GameObjectPoolTests.Get_MockData_LocalPositionLocalRotationParented" methodname="Get_MockData_LocalPositionLocalRotationParented" classname="GDX.Collections.Pooling.GameObjectPoolTests" runstate="Runnable" seed="18284280" result="Passed" start-time="2023-05-24 20:22:10Z" end-time="2023-05-24 20:22:10Z" duration="0.002848" asserts="0">
                <properties>
                  <property name="Category" value="GDX.Tests" />
                </properties>
                <output><![CDATA[[Code Coverage] Code Coverage results for visited sequence points were saved in D:/BuildAgent/work/GDX-Documentation/Staging/CodeCoverage/GDX_Development-opencov/EditMode/TestCoverageResults_0330.xml
[Code Coverage] Code Coverage requires Burst Compilation to be disabled in order to obtain accurate coverage information. To disable Burst Compilation uncheck Jobs > Burst > Enable Compilation or pass '--burst-disable-compilation' to the command line in batchmode.
]]></output>
              </test-case>
              <test-case id="1428" name="Get_MockData_LocalPositionWorldLookAtParented" fullname="GDX.Collections.Pooling.GameObjectPoolTests.Get_MockData_LocalPositionWorldLookAtParented" methodname="Get_MockData_LocalPositionWorldLookAtParented" classname="GDX.Collections.Pooling.GameObjectPoolTests" runstate="Runnable" seed="704030654" result="Passed" start-time="2023-05-24 20:22:12Z" end-time="2023-05-24 20:22:12Z" duration="0.001165" asserts="0">
                <properties>
                  <property name="Category" value="GDX.Tests" />
                </properties>
                <output><![CDATA[[Code Coverage] Code Coverage results for visited sequence points were saved in D:/BuildAgent/work/GDX-Documentation/Staging/CodeCoverage/GDX_Development-opencov/EditMode/TestCoverageResults_0331.xml
[Code Coverage] Code Coverage requires Burst Compilation to be disabled in order to obtain accurate coverage information. To disable Burst Compilation uncheck Jobs > Burst > Enable Compilation or pass '--burst-disable-compilation' to the command line in batchmode.
]]></output>
              </test-case>
              <test-case id="1430" name="Get_MockData_ParentedWorldPositionStay" fullname="GDX.Collections.Pooling.GameObjectPoolTests.Get_MockData_ParentedWorldPositionStay" methodname="Get_MockData_ParentedWorldPositionStay" classname="GDX.Collections.Pooling.GameObjectPoolTests" runstate="Runnable" seed="1624365889" result="Passed" start-time="2023-05-24 20:22:13Z" end-time="2023-05-24 20:22:13Z" duration="0.001120" asserts="0">
                <properties>
                  <property name="Category" value="GDX.Tests" />
                </properties>
                <output><![CDATA[[Code Coverage] Code Coverage results for visited sequence points were saved in D:/BuildAgent/work/GDX-Documentation/Staging/CodeCoverage/GDX_Development-opencov/EditMode/TestCoverageResults_0332.xml
[Code Coverage] Code Coverage requires Burst Compilation to be disabled in order to obtain accurate coverage information. To disable Burst Compilation uncheck Jobs > Burst > Enable Compilation or pass '--burst-disable-compilation' to the command line in batchmode.
]]></output>
              </test-case>
              <test-case id="1431" name="Get_MockData_ParentedZeroLocalPosition" fullname="GDX.Collections.Pooling.GameObjectPoolTests.Get_MockData_ParentedZeroLocalPosition" methodname="Get_MockData_ParentedZeroLocalPosition" classname="GDX.Collections.Pooling.GameObjectPoolTests" runstate="Runnable" seed="1901390009" result="Passed" start-time="2023-05-24 20:22:14Z" end-time="2023-05-24 20:22:14Z" duration="0.000894" asserts="0">
                <properties>
                  <property name="Category" value="GDX.Tests" />
                </properties>
                <output><![CDATA[[Code Coverage] Code Coverage results for visited sequence points were saved in D:/BuildAgent/work/GDX-Documentation/Staging/CodeCoverage/GDX_Development-opencov/EditMode/TestCoverageResults_0333.xml
[Code Coverage] Code Coverage requires Burst Compilation to be disabled in order to obtain accurate coverage information. To disable Burst Compilation uncheck Jobs > Burst > Enable Compilation or pass '--burst-disable-compilation' to the command line in batchmode.
]]></output>
              </test-case>
              <test-case id="1432" name="Get_MockData_Trigger" fullname="GDX.Collections.Pooling.GameObjectPoolTests.Get_MockData_Trigger" methodname="Get_MockData_Trigger" classname="GDX.Collections.Pooling.GameObjectPoolTests" runstate="Runnable" seed="2019153132" result="Passed" start-time="2023-05-24 20:22:15Z" end-time="2023-05-24 20:22:15Z" duration="0.000665" asserts="0">
                <properties>
                  <property name="Category" value="GDX.Tests" />
                </properties>
                <output><![CDATA[[Code Coverage] Code Coverage results for visited sequence points were saved in D:/BuildAgent/work/GDX-Documentation/Staging/CodeCoverage/GDX_Development-opencov/EditMode/TestCoverageResults_0334.xml
[Code Coverage] Code Coverage requires Burst Compilation to be disabled in order to obtain accurate coverage information. To disable Burst Compilation uncheck Jobs > Burst > Enable Compilation or pass '--burst-disable-compilation' to the command line in batchmode.
]]></output>
              </test-case>
              <test-case id="1433" name="Get_MockData_WorldPositionWorldLookAt" fullname="GDX.Collections.Pooling.GameObjectPoolTests.Get_MockData_WorldPositionWorldLookAt" methodname="Get_MockData_WorldPositionWorldLookAt" classname="GDX.Collections.Pooling.GameObjectPoolTests" runstate="Runnable" seed="739556548" result="Passed" start-time="2023-05-24 20:22:16Z" end-time="2023-05-24 20:22:16Z" duration="0.000946" asserts="0">
                <properties>
                  <property name="Category" value="GDX.Tests" />
                </properties>
                <output><![CDATA[[Code Coverage] Code Coverage results for visited sequence points were saved in D:/BuildAgent/work/GDX-Documentation/Staging/CodeCoverage/GDX_Development-opencov/EditMode/TestCoverageResults_0335.xml
[Code Coverage] Code Coverage requires Burst Compilation to be disabled in order to obtain accurate coverage information. To disable Burst Compilation uncheck Jobs > Burst > Enable Compilation or pass '--burst-disable-compilation' to the command line in batchmode.
]]></output>
              </test-case>
              <test-case id="1434" name="Get_MockData_WorldPositionWorldLookAtParented" fullname="GDX.Collections.Pooling.GameObjectPoolTests.Get_MockData_WorldPositionWorldLookAtParented" methodname="Get_MockData_WorldPositionWorldLookAtParented" classname="GDX.Collections.Pooling.GameObjectPoolTests" runstate="Runnable" seed="1874010425" result="Passed" start-time="2023-05-24 20:22:18Z" end-time="2023-05-24 20:22:18Z" duration="0.000885" asserts="0">
                <properties>
                  <property name="Category" value="GDX.Tests" />
                </properties>
                <output><![CDATA[[Code Coverage] Code Coverage results for visited sequence points were saved in D:/BuildAgent/work/GDX-Documentation/Staging/CodeCoverage/GDX_Development-opencov/EditMode/TestCoverageResults_0336.xml
[Code Coverage] Code Coverage requires Burst Compilation to be disabled in order to obtain accurate coverage information. To disable Burst Compilation uncheck Jobs > Burst > Enable Compilation or pass '--burst-disable-compilation' to the command line in batchmode.
]]></output>
              </test-case>
              <test-case id="1435" name="Get_MockData_WorldPositionWorldRotation" fullname="GDX.Collections.Pooling.GameObjectPoolTests.Get_MockData_WorldPositionWorldRotation" methodname="Get_MockData_WorldPositionWorldRotation" classname="GDX.Collections.Pooling.GameObjectPoolTests" runstate="Runnable" seed="1017092062" result="Passed" start-time="2023-05-24 20:22:19Z" end-time="2023-05-24 20:22:19Z" duration="0.001228" asserts="0">
                <properties>
                  <property name="Category" value="GDX.Tests" />
                </properties>
                <output><![CDATA[[Code Coverage] Code Coverage results for visited sequence points were saved in D:/BuildAgent/work/GDX-Documentation/Staging/CodeCoverage/GDX_Development-opencov/EditMode/TestCoverageResults_0337.xml
[Code Coverage] Code Coverage requires Burst Compilation to be disabled in order to obtain accurate coverage information. To disable Burst Compilation uncheck Jobs > Burst > Enable Compilation or pass '--burst-disable-compilation' to the command line in batchmode.
]]></output>
              </test-case>
              <test-case id="1436" name="Get_MockData_WorldPositionWorldRotationParented" fullname="GDX.Collections.Pooling.GameObjectPoolTests.Get_MockData_WorldPositionWorldRotationParented" methodname="Get_MockData_WorldPositionWorldRotationParented" classname="GDX.Collections.Pooling.GameObjectPoolTests" runstate="Runnable" seed="690745027" result="Passed" start-time="2023-05-24 20:22:20Z" end-time="2023-05-24 20:22:20Z" duration="0.000911" asserts="0">
                <properties>
                  <property name="Category" value="GDX.Tests" />
                </properties>
                <output><![CDATA[[Code Coverage] Code Coverage results for visited sequence points were saved in D:/BuildAgent/work/GDX-Documentation/Staging/CodeCoverage/GDX_Development-opencov/EditMode/TestCoverageResults_0338.xml
[Code Coverage] Code Coverage requires Burst Compilation to be disabled in order to obtain accurate coverage information. To disable Burst Compilation uncheck Jobs > Burst > Enable Compilation or pass '--burst-disable-compilation' to the command line in batchmode.
]]></output>
              </test-case>
              <test-case id="1437" name="GetOrCreatePool_MockData_ReturnsPool" fullname="GDX.Collections.Pooling.GameObjectPoolTests.GetOrCreatePool_MockData_ReturnsPool" methodname="GetOrCreatePool_MockData_ReturnsPool" classname="GDX.Collections.Pooling.GameObjectPoolTests" runstate="Runnable" seed="1008904528" result="Passed" start-time="2023-05-24 20:22:21Z" end-time="2023-05-24 20:22:21Z" duration="0.002522" asserts="0">
                <properties>
                  <property name="Category" value="GDX.Tests" />
                </properties>
                <output><![CDATA[[Code Coverage] Code Coverage results for visited sequence points were saved in D:/BuildAgent/work/GDX-Documentation/Staging/CodeCoverage/GDX_Development-opencov/EditMode/TestCoverageResults_0339.xml
[Code Coverage] Code Coverage requires Burst Compilation to be disabled in order to obtain accurate coverage information. To disable Burst Compilation uncheck Jobs > Burst > Enable Compilation or pass '--burst-disable-compilation' to the command line in batchmode.
]]></output>
              </test-case>
              <test-case id="1425" name="OnDestroyItemAction_MockData_DestroysGameObject" fullname="GDX.Collections.Pooling.GameObjectPoolTests.OnDestroyItemAction_MockData_DestroysGameObject" methodname="OnDestroyItemAction_MockData_DestroysGameObject" classname="GDX.Collections.Pooling.GameObjectPoolTests" runstate="Runnable" seed="2136720057" result="Passed" start-time="2023-05-24 20:22:22Z" end-time="2023-05-24 20:22:22Z" duration="0.000639" asserts="0">
                <properties>
                  <property name="Category" value="GDX.Tests" />
                </properties>
                <output><![CDATA[[Code Coverage] Code Coverage results for visited sequence points were saved in D:/BuildAgent/work/GDX-Documentation/Staging/CodeCoverage/GDX_Development-opencov/EditMode/TestCoverageResults_0340.xml
[Code Coverage] Code Coverage requires Burst Compilation to be disabled in order to obtain accurate coverage information. To disable Burst Compilation uncheck Jobs > Burst > Enable Compilation or pass '--burst-disable-compilation' to the command line in batchmode.
]]></output>
              </test-case>
              <test-case id="1426" name="OnDestroyItemAction_MockData_DestroysInterface" fullname="GDX.Collections.Pooling.GameObjectPoolTests.OnDestroyItemAction_MockData_DestroysInterface" methodname="OnDestroyItemAction_MockData_DestroysInterface" classname="GDX.Collections.Pooling.GameObjectPoolTests" runstate="Runnable" seed="36944547" result="Passed" start-time="2023-05-24 20:22:24Z" end-time="2023-05-24 20:22:24Z" duration="0.000571" asserts="0">
                <properties>
                  <property name="Category" value="GDX.Tests" />
                </properties>
                <output><![CDATA[[Code Coverage] Code Coverage results for visited sequence points were saved in D:/BuildAgent/work/GDX-Documentation/Staging/CodeCoverage/GDX_Development-opencov/EditMode/TestCoverageResults_0341.xml
[Code Coverage] Code Coverage requires Burst Compilation to be disabled in order to obtain accurate coverage information. To disable Burst Compilation uncheck Jobs > Burst > Enable Compilation or pass '--burst-disable-compilation' to the command line in batchmode.
]]></output>
              </test-case>
              <test-case id="1438" name="TearDown_Pool_UnregistersPool" fullname="GDX.Collections.Pooling.GameObjectPoolTests.TearDown_Pool_UnregistersPool" methodname="TearDown_Pool_UnregistersPool" classname="GDX.Collections.Pooling.GameObjectPoolTests" runstate="Runnable" seed="101164167" result="Passed" start-time="2023-05-24 20:22:25Z" end-time="2023-05-24 20:22:25Z" duration="0.000698" asserts="0">
                <properties>
                  <property name="Category" value="GDX.Tests" />
                </properties>
                <output><![CDATA[[Code Coverage] Code Coverage results for visited sequence points were saved in D:/BuildAgent/work/GDX-Documentation/Staging/CodeCoverage/GDX_Development-opencov/EditMode/TestCoverageResults_0342.xml
[Code Coverage] Code Coverage requires Burst Compilation to be disabled in order to obtain accurate coverage information. To disable Burst Compilation uncheck Jobs > Burst > Enable Compilation or pass '--burst-disable-compilation' to the command line in batchmode.
]]></output>
              </test-case>
            </test-suite>
          </test-suite>
        </test-suite>
        <test-suite type="TestFixture" id="1049" name="CoreTests" fullname="GDX.CoreTests" classname="GDX.CoreTests" runstate="Runnable" testcasecount="2" result="Passed" start-time="2023-05-24 20:22:26Z" end-time="2023-05-24 20:22:29Z" duration="2.423116" total="2" passed="2" failed="0" inconclusive="0" skipped="0" asserts="0">
          <properties />
          <test-case id="1050" name="InitializeOnMainThread_AlreadyInitialized_EarlyOut" fullname="GDX.CoreTests.InitializeOnMainThread_AlreadyInitialized_EarlyOut" methodname="InitializeOnMainThread_AlreadyInitialized_EarlyOut" classname="GDX.CoreTests" runstate="Runnable" seed="1497639442" result="Passed" start-time="2023-05-24 20:22:26Z" end-time="2023-05-24 20:22:26Z" duration="0.000841" asserts="0">
            <properties>
              <property name="Category" value="GDX.Tests" />
            </properties>
            <output><![CDATA[[Code Coverage] Code Coverage results for visited sequence points were saved in D:/BuildAgent/work/GDX-Documentation/Staging/CodeCoverage/GDX_Development-opencov/EditMode/TestCoverageResults_0343.xml
[Code Coverage] Code Coverage requires Burst Compilation to be disabled in order to obtain accurate coverage information. To disable Burst Compilation uncheck Jobs > Burst > Enable Compilation or pass '--burst-disable-compilation' to the command line in batchmode.
]]></output>
          </test-case>
          <test-case id="1051" name="InitializeOnMainThread_NotAlreadyInitialized_Executes" fullname="GDX.CoreTests.InitializeOnMainThread_NotAlreadyInitialized_Executes" methodname="InitializeOnMainThread_NotAlreadyInitialized_Executes" classname="GDX.CoreTests" runstate="Runnable" seed="1565454018" result="Passed" start-time="2023-05-24 20:22:27Z" end-time="2023-05-24 20:22:27Z" duration="0.000431" asserts="0">
            <properties>
              <property name="Category" value="GDX.Tests" />
            </properties>
            <output><![CDATA[[Code Coverage] Code Coverage results for visited sequence points were saved in D:/BuildAgent/work/GDX-Documentation/Staging/CodeCoverage/GDX_Development-opencov/EditMode/TestCoverageResults_0344.xml
[Code Coverage] Code Coverage requires Burst Compilation to be disabled in order to obtain accurate coverage information. To disable Burst Compilation uncheck Jobs > Burst > Enable Compilation or pass '--burst-disable-compilation' to the command line in batchmode.
]]></output>
          </test-case>
        </test-suite>
        <test-suite type="TestSuite" id="1756" name="Developer" fullname="GDX.Developer" runstate="Runnable" testcasecount="51" result="Skipped" label="Ignored" start-time="2023-05-24 20:22:29Z" end-time="2023-05-24 20:23:32Z" duration="63.612715" total="51" passed="49" failed="0" inconclusive="0" skipped="2" asserts="0">
          <properties />
          <reason>
            <message><![CDATA[One or more child tests were ignored]]></message>
          </reason>
          <test-suite type="TestFixture" id="1363" name="CommandLineParserTests" fullname="GDX.Developer.CommandLineParserTests" classname="GDX.Developer.CommandLineParserTests" runstate="Runnable" testcasecount="2" result="Passed" start-time="2023-05-24 20:22:29Z" end-time="2023-05-24 20:22:31Z" duration="2.426853" total="2" passed="2" failed="0" inconclusive="0" skipped="0" asserts="0">
            <properties />
            <test-case id="1364" name="ProcessArguments_MockData_ContainsFlag" fullname="GDX.Developer.CommandLineParserTests.ProcessArguments_MockData_ContainsFlag" methodname="ProcessArguments_MockData_ContainsFlag" classname="GDX.Developer.CommandLineParserTests" runstate="Runnable" seed="451284375" result="Passed" start-time="2023-05-24 20:22:29Z" end-time="2023-05-24 20:22:29Z" duration="0.001134" asserts="0">
              <properties>
                <property name="Category" value="GDX.Tests" />
              </properties>
              <output><![CDATA[[Code Coverage] Code Coverage results for visited sequence points were saved in D:/BuildAgent/work/GDX-Documentation/Staging/CodeCoverage/GDX_Development-opencov/EditMode/TestCoverageResults_0345.xml
[Code Coverage] Code Coverage requires Burst Compilation to be disabled in order to obtain accurate coverage information. To disable Burst Compilation uncheck Jobs > Burst > Enable Compilation or pass '--burst-disable-compilation' to the command line in batchmode.
]]></output>
            </test-case>
            <test-case id="1365" name="ProcessArguments_MockData_HasValue" fullname="GDX.Developer.CommandLineParserTests.ProcessArguments_MockData_HasValue" methodname="ProcessArguments_MockData_HasValue" classname="GDX.Developer.CommandLineParserTests" runstate="Runnable" seed="1351521333" result="Passed" start-time="2023-05-24 20:22:30Z" end-time="2023-05-24 20:22:30Z" duration="0.000562" asserts="0">
              <properties>
                <property name="Category" value="GDX.Tests" />
              </properties>
              <output><![CDATA[[Code Coverage] Code Coverage results for visited sequence points were saved in D:/BuildAgent/work/GDX-Documentation/Staging/CodeCoverage/GDX_Development-opencov/EditMode/TestCoverageResults_0346.xml
[Code Coverage] Code Coverage requires Burst Compilation to be disabled in order to obtain accurate coverage information. To disable Burst Compilation uncheck Jobs > Burst > Enable Compilation or pass '--burst-disable-compilation' to the command line in batchmode.
]]></output>
            </test-case>
          </test-suite>
          <test-suite type="TestFixture" id="1366" name="DebugDrawTests" fullname="GDX.Developer.DebugDrawTests" classname="GDX.Developer.DebugDrawTests" runstate="Runnable" testcasecount="4" result="Passed" start-time="2023-05-24 20:22:31Z" end-time="2023-05-24 20:22:36Z" duration="4.916686" total="4" passed="4" failed="0" inconclusive="0" skipped="0" asserts="0">
            <properties />
            <test-case id="1368" name="GetUnmanagedBuffer_ByID_ReturnsInstance" fullname="GDX.Developer.DebugDrawTests.GetUnmanagedBuffer_ByID_ReturnsInstance" methodname="GetUnmanagedBuffer_ByID_ReturnsInstance" classname="GDX.Developer.DebugDrawTests" runstate="Runnable" seed="91569585" result="Passed" start-time="2023-05-24 20:22:31Z" end-time="2023-05-24 20:22:31Z" duration="0.011827" asserts="0">
              <properties>
                <property name="Category" value="GDX.Tests" />
              </properties>
              <output><![CDATA[[Code Coverage] Code Coverage results for visited sequence points were saved in D:/BuildAgent/work/GDX-Documentation/Staging/CodeCoverage/GDX_Development-opencov/EditMode/TestCoverageResults_0347.xml
[Code Coverage] Code Coverage requires Burst Compilation to be disabled in order to obtain accurate coverage information. To disable Burst Compilation uncheck Jobs > Burst > Enable Compilation or pass '--burst-disable-compilation' to the command line in batchmode.
]]></output>
            </test-case>
            <test-case id="1367" name="GetUnmanagedBuffer_New_ReturnsInstance" fullname="GDX.Developer.DebugDrawTests.GetUnmanagedBuffer_New_ReturnsInstance" methodname="GetUnmanagedBuffer_New_ReturnsInstance" classname="GDX.Developer.DebugDrawTests" runstate="Runnable" seed="1500964219" result="Passed" start-time="2023-05-24 20:22:32Z" end-time="2023-05-24 20:22:32Z" duration="0.000276" asserts="0">
              <properties>
                <property name="Category" value="GDX.Tests" />
              </properties>
              <output><![CDATA[[Code Coverage] Code Coverage results for visited sequence points were saved in D:/BuildAgent/work/GDX-Documentation/Staging/CodeCoverage/GDX_Development-opencov/EditMode/TestCoverageResults_0348.xml
[Code Coverage] Code Coverage requires Burst Compilation to be disabled in order to obtain accurate coverage information. To disable Burst Compilation uncheck Jobs > Burst > Enable Compilation or pass '--burst-disable-compilation' to the command line in batchmode.
]]></output>
            </test-case>
            <test-case id="1369" name="HasUnmanagedBuffer_ByID_Valid" fullname="GDX.Developer.DebugDrawTests.HasUnmanagedBuffer_ByID_Valid" methodname="HasUnmanagedBuffer_ByID_Valid" classname="GDX.Developer.DebugDrawTests" runstate="Runnable" seed="786071135" result="Passed" start-time="2023-05-24 20:22:33Z" end-time="2023-05-24 20:22:33Z" duration="0.000328" asserts="0">
              <properties>
                <property name="Category" value="GDX.Tests" />
              </properties>
              <output><![CDATA[[Code Coverage] Code Coverage results for visited sequence points were saved in D:/BuildAgent/work/GDX-Documentation/Staging/CodeCoverage/GDX_Development-opencov/EditMode/TestCoverageResults_0349.xml
[Code Coverage] Code Coverage requires Burst Compilation to be disabled in order to obtain accurate coverage information. To disable Burst Compilation uncheck Jobs > Burst > Enable Compilation or pass '--burst-disable-compilation' to the command line in batchmode.
]]></output>
            </test-case>
            <test-case id="1370" name="RemoveUnmanagedBuffer_ByID_RemovesInstance" fullname="GDX.Developer.DebugDrawTests.RemoveUnmanagedBuffer_ByID_RemovesInstance" methodname="RemoveUnmanagedBuffer_ByID_RemovesInstance" classname="GDX.Developer.DebugDrawTests" runstate="Runnable" seed="1383862235" result="Passed" start-time="2023-05-24 20:22:35Z" end-time="2023-05-24 20:22:35Z" duration="0.000260" asserts="0">
              <properties>
                <property name="Category" value="GDX.Tests" />
              </properties>
              <output><![CDATA[[Code Coverage] Code Coverage results for visited sequence points were saved in D:/BuildAgent/work/GDX-Documentation/Staging/CodeCoverage/GDX_Development-opencov/EditMode/TestCoverageResults_0350.xml
[Code Coverage] Code Coverage requires Burst Compilation to be disabled in order to obtain accurate coverage information. To disable Burst Compilation uncheck Jobs > Burst > Enable Compilation or pass '--burst-disable-compilation' to the command line in batchmode.
]]></output>
            </test-case>
          </test-suite>
          <test-suite type="TestFixture" id="1371" name="InputProxyTests" fullname="GDX.Developer.InputProxyTests" classname="GDX.Developer.InputProxyTests" runstate="Runnable" testcasecount="2" result="Skipped" label="Ignored" start-time="2023-05-24 20:22:36Z" end-time="2023-05-24 20:22:38Z" duration="2.432458" total="2" passed="0" failed="0" inconclusive="0" skipped="2" asserts="0">
            <properties />
            <reason>
              <message><![CDATA[One or more child tests were ignored]]></message>
            </reason>
            <test-case id="1372" name="Keyboard_Synthesize_CompoundExtendedKeys" fullname="GDX.Developer.InputProxyTests.Keyboard_Synthesize_CompoundExtendedKeys" methodname="Keyboard_Synthesize_CompoundExtendedKeys" classname="GDX.Developer.InputProxyTests" runstate="Runnable" seed="2040260209" result="Skipped" label="Ignored" start-time="2023-05-24 20:22:36Z" end-time="2023-05-24 20:22:36Z" duration="0.005038" asserts="0">
              <properties>
                <property name="_JOINTYPE" value="UnityCombinatorial" />
                <property name="Category" value="GDX.Tests" />
              </properties>
              <reason>
                <message><![CDATA[InputProxy is not supported in batch mode.]]></message>
              </reason>
              <output><![CDATA[[Code Coverage] Code Coverage results for visited sequence points were saved in D:/BuildAgent/work/GDX-Documentation/Staging/CodeCoverage/GDX_Development-opencov/EditMode/TestCoverageResults_0351.xml
[Code Coverage] Code Coverage requires Burst Compilation to be disabled in order to obtain accurate coverage information. To disable Burst Compilation uncheck Jobs > Burst > Enable Compilation or pass '--burst-disable-compilation' to the command line in batchmode.
]]></output>
            </test-case>
            <test-case id="1373" name="Mouse_Synthesize_MoveClick" fullname="GDX.Developer.InputProxyTests.Mouse_Synthesize_MoveClick" methodname="Mouse_Synthesize_MoveClick" classname="GDX.Developer.InputProxyTests" runstate="Runnable" seed="436188204" result="Skipped" label="Ignored" start-time="2023-05-24 20:22:37Z" end-time="2023-05-24 20:22:37Z" duration="0.004784" asserts="0">
              <properties>
                <property name="_JOINTYPE" value="UnityCombinatorial" />
                <property name="Category" value="GDX.Tests" />
              </properties>
              <reason>
                <message><![CDATA[InputProxy is not supported in batch mode.]]></message>
              </reason>
              <output><![CDATA[[Code Coverage] Code Coverage results for visited sequence points were saved in D:/BuildAgent/work/GDX-Documentation/Staging/CodeCoverage/GDX_Development-opencov/EditMode/TestCoverageResults_0352.xml
[Code Coverage] Code Coverage requires Burst Compilation to be disabled in order to obtain accurate coverage information. To disable Burst Compilation uncheck Jobs > Burst > Enable Compilation or pass '--burst-disable-compilation' to the command line in batchmode.
]]></output>
            </test-case>
          </test-suite>
          <test-suite type="TestSuite" id="1757" name="Reports" fullname="GDX.Developer.Reports" runstate="Runnable" testcasecount="20" result="Passed" start-time="2023-05-24 20:22:38Z" end-time="2023-05-24 20:23:04Z" duration="25.290565" total="20" passed="20" failed="0" inconclusive="0" skipped="0" asserts="0">
            <properties />
            <test-suite type="TestFixture" id="1400" name="NUnitReportTests" fullname="GDX.Developer.Reports.NUnitReportTests" classname="GDX.Developer.Reports.NUnitReportTests" runstate="Runnable" testcasecount="13" result="Passed" start-time="2023-05-24 20:22:38Z" end-time="2023-05-24 20:22:55Z" duration="16.392076" total="13" passed="13" failed="0" inconclusive="0" skipped="0" asserts="0">
              <properties />
              <test-case id="1404" name="AddDuration_FailNoFailNoSuite" fullname="GDX.Developer.Reports.NUnitReportTests.AddDuration_FailNoFailNoSuite" methodname="AddDuration_FailNoFailNoSuite" classname="GDX.Developer.Reports.NUnitReportTests" runstate="Runnable" seed="268501402" result="Passed" start-time="2023-05-24 20:22:38Z" end-time="2023-05-24 20:22:38Z" duration="0.001314" asserts="0">
                <properties>
                  <property name="Category" value="GDX.Tests" />
                </properties>
                <output><![CDATA[[Code Coverage] Code Coverage results for visited sequence points were saved in D:/BuildAgent/work/GDX-Documentation/Staging/CodeCoverage/GDX_Development-opencov/EditMode/TestCoverageResults_0353.xml
[Code Coverage] Code Coverage requires Burst Compilation to be disabled in order to obtain accurate coverage information. To disable Burst Compilation uncheck Jobs > Burst > Enable Compilation or pass '--burst-disable-compilation' to the command line in batchmode.
]]></output>
              </test-case>
              <test-case id="1405" name="AddDuration_FailWithFailNoSuite" fullname="GDX.Developer.Reports.NUnitReportTests.AddDuration_FailWithFailNoSuite" methodname="AddDuration_FailWithFailNoSuite" classname="GDX.Developer.Reports.NUnitReportTests" runstate="Runnable" seed="284877011" result="Passed" start-time="2023-05-24 20:22:40Z" end-time="2023-05-24 20:22:40Z" duration="0.000353" asserts="0">
                <properties>
                  <property name="Category" value="GDX.Tests" />
                </properties>
                <output><![CDATA[[Code Coverage] Code Coverage results for visited sequence points were saved in D:/BuildAgent/work/GDX-Documentation/Staging/CodeCoverage/GDX_Development-opencov/EditMode/TestCoverageResults_0354.xml
[Code Coverage] Code Coverage requires Burst Compilation to be disabled in order to obtain accurate coverage information. To disable Burst Compilation uncheck Jobs > Burst > Enable Compilation or pass '--burst-disable-compilation' to the command line in batchmode.
]]></output>
              </test-case>
              <test-case id="1402" name="AddDuration_PassNoFailNoSuite" fullname="GDX.Developer.Reports.NUnitReportTests.AddDuration_PassNoFailNoSuite" methodname="AddDuration_PassNoFailNoSuite" classname="GDX.Developer.Reports.NUnitReportTests" runstate="Runnable" seed="303746039" result="Passed" start-time="2023-05-24 20:22:41Z" end-time="2023-05-24 20:22:41Z" duration="0.000348" asserts="0">
                <properties>
                  <property name="Category" value="GDX.Tests" />
                </properties>
                <output><![CDATA[[Code Coverage] Code Coverage results for visited sequence points were saved in D:/BuildAgent/work/GDX-Documentation/Staging/CodeCoverage/GDX_Development-opencov/EditMode/TestCoverageResults_0355.xml
[Code Coverage] Code Coverage requires Burst Compilation to be disabled in order to obtain accurate coverage information. To disable Burst Compilation uncheck Jobs > Burst > Enable Compilation or pass '--burst-disable-compilation' to the command line in batchmode.
]]></output>
              </test-case>
              <test-case id="1403" name="AddDuration_PassNoFailWithSuite" fullname="GDX.Developer.Reports.NUnitReportTests.AddDuration_PassNoFailWithSuite" methodname="AddDuration_PassNoFailWithSuite" classname="GDX.Developer.Reports.NUnitReportTests" runstate="Runnable" seed="1724401216" result="Passed" start-time="2023-05-24 20:22:42Z" end-time="2023-05-24 20:22:42Z" duration="0.000346" asserts="0">
                <properties>
                  <property name="Category" value="GDX.Tests" />
                </properties>
                <output><![CDATA[[Code Coverage] Code Coverage results for visited sequence points were saved in D:/BuildAgent/work/GDX-Documentation/Staging/CodeCoverage/GDX_Development-opencov/EditMode/TestCoverageResults_0356.xml
[Code Coverage] Code Coverage requires Burst Compilation to be disabled in order to obtain accurate coverage information. To disable Burst Compilation uncheck Jobs > Burst > Enable Compilation or pass '--burst-disable-compilation' to the command line in batchmode.
]]></output>
              </test-case>
              <test-case id="1406" name="AddSkippedTest_NoSkipNoSuite" fullname="GDX.Developer.Reports.NUnitReportTests.AddSkippedTest_NoSkipNoSuite" methodname="AddSkippedTest_NoSkipNoSuite" classname="GDX.Developer.Reports.NUnitReportTests" runstate="Runnable" seed="1281193516" result="Passed" start-time="2023-05-24 20:22:43Z" end-time="2023-05-24 20:22:43Z" duration="0.000455" asserts="0">
                <properties>
                  <property name="Category" value="GDX.Tests" />
                </properties>
                <output><![CDATA[[Code Coverage] Code Coverage results for visited sequence points were saved in D:/BuildAgent/work/GDX-Documentation/Staging/CodeCoverage/GDX_Development-opencov/EditMode/TestCoverageResults_0357.xml
[Code Coverage] Code Coverage requires Burst Compilation to be disabled in order to obtain accurate coverage information. To disable Burst Compilation uncheck Jobs > Burst > Enable Compilation or pass '--burst-disable-compilation' to the command line in batchmode.
]]></output>
              </test-case>
              <test-case id="1407" name="AddSkippedTest_SkipNoSuite" fullname="GDX.Developer.Reports.NUnitReportTests.AddSkippedTest_SkipNoSuite" methodname="AddSkippedTest_SkipNoSuite" classname="GDX.Developer.Reports.NUnitReportTests" runstate="Runnable" seed="1412328838" result="Passed" start-time="2023-05-24 20:22:44Z" end-time="2023-05-24 20:22:44Z" duration="0.000323" asserts="0">
                <properties>
                  <property name="Category" value="GDX.Tests" />
                </properties>
                <output><![CDATA[[Code Coverage] Code Coverage results for visited sequence points were saved in D:/BuildAgent/work/GDX-Documentation/Staging/CodeCoverage/GDX_Development-opencov/EditMode/TestCoverageResults_0358.xml
[Code Coverage] Code Coverage requires Burst Compilation to be disabled in order to obtain accurate coverage information. To disable Burst Compilation uncheck Jobs > Burst > Enable Compilation or pass '--burst-disable-compilation' to the command line in batchmode.
]]></output>
              </test-case>
              <test-case id="1408" name="AddSkippedTest_SkipSuite" fullname="GDX.Developer.Reports.NUnitReportTests.AddSkippedTest_SkipSuite" methodname="AddSkippedTest_SkipSuite" classname="GDX.Developer.Reports.NUnitReportTests" runstate="Runnable" seed="2037367478" result="Passed" start-time="2023-05-24 20:22:46Z" end-time="2023-05-24 20:22:46Z" duration="0.000339" asserts="0">
                <properties>
                  <property name="Category" value="GDX.Tests" />
                </properties>
                <output><![CDATA[[Code Coverage] Code Coverage results for visited sequence points were saved in D:/BuildAgent/work/GDX-Documentation/Staging/CodeCoverage/GDX_Development-opencov/EditMode/TestCoverageResults_0359.xml
[Code Coverage] Code Coverage requires Burst Compilation to be disabled in order to obtain accurate coverage information. To disable Burst Compilation uncheck Jobs > Burst > Enable Compilation or pass '--burst-disable-compilation' to the command line in batchmode.
]]></output>
              </test-case>
              <test-case id="1401" name="Constructor_Create" fullname="GDX.Developer.Reports.NUnitReportTests.Constructor_Create" methodname="Constructor_Create" classname="GDX.Developer.Reports.NUnitReportTests" runstate="Runnable" seed="2131407158" result="Passed" start-time="2023-05-24 20:22:47Z" end-time="2023-05-24 20:22:47Z" duration="0.000446" asserts="0">
                <properties>
                  <property name="Category" value="GDX.Tests" />
                </properties>
                <output><![CDATA[[Code Coverage] Code Coverage results for visited sequence points were saved in D:/BuildAgent/work/GDX-Documentation/Staging/CodeCoverage/GDX_Development-opencov/EditMode/TestCoverageResults_0360.xml
[Code Coverage] Code Coverage requires Burst Compilation to be disabled in order to obtain accurate coverage information. To disable Burst Compilation uncheck Jobs > Burst > Enable Compilation or pass '--burst-disable-compilation' to the command line in batchmode.
]]></output>
              </test-case>
              <test-case id="1410" name="GetResultCount_NoTestSuites" fullname="GDX.Developer.Reports.NUnitReportTests.GetResultCount_NoTestSuites" methodname="GetResultCount_NoTestSuites" classname="GDX.Developer.Reports.NUnitReportTests" runstate="Runnable" seed="1855069540" result="Passed" start-time="2023-05-24 20:22:48Z" end-time="2023-05-24 20:22:48Z" duration="0.001617" asserts="0">
                <properties>
                  <property name="Category" value="GDX.Tests" />
                </properties>
                <output><![CDATA[[Code Coverage] Code Coverage results for visited sequence points were saved in D:/BuildAgent/work/GDX-Documentation/Staging/CodeCoverage/GDX_Development-opencov/EditMode/TestCoverageResults_0361.xml
[Code Coverage] Code Coverage requires Burst Compilation to be disabled in order to obtain accurate coverage information. To disable Burst Compilation uncheck Jobs > Burst > Enable Compilation or pass '--burst-disable-compilation' to the command line in batchmode.
]]></output>
              </test-case>
              <test-case id="1411" name="GetResultCount_TestSuite" fullname="GDX.Developer.Reports.NUnitReportTests.GetResultCount_TestSuite" methodname="GetResultCount_TestSuite" classname="GDX.Developer.Reports.NUnitReportTests" runstate="Runnable" seed="931061800" result="Passed" start-time="2023-05-24 20:22:50Z" end-time="2023-05-24 20:22:50Z" duration="0.000319" asserts="0">
                <properties>
                  <property name="Category" value="GDX.Tests" />
                </properties>
                <output><![CDATA[[Code Coverage] Code Coverage results for visited sequence points were saved in D:/BuildAgent/work/GDX-Documentation/Staging/CodeCoverage/GDX_Development-opencov/EditMode/TestCoverageResults_0362.xml
[Code Coverage] Code Coverage requires Burst Compilation to be disabled in order to obtain accurate coverage information. To disable Burst Compilation uncheck Jobs > Burst > Enable Compilation or pass '--burst-disable-compilation' to the command line in batchmode.
]]></output>
              </test-case>
              <test-case id="1409" name="SetForceFail_Fails" fullname="GDX.Developer.Reports.NUnitReportTests.SetForceFail_Fails" methodname="SetForceFail_Fails" classname="GDX.Developer.Reports.NUnitReportTests" runstate="Runnable" seed="1365890350" result="Passed" start-time="2023-05-24 20:22:51Z" end-time="2023-05-24 20:22:51Z" duration="0.000392" asserts="0">
                <properties>
                  <property name="Category" value="GDX.Tests" />
                </properties>
                <output><![CDATA[[Code Coverage] Code Coverage results for visited sequence points were saved in D:/BuildAgent/work/GDX-Documentation/Staging/CodeCoverage/GDX_Development-opencov/EditMode/TestCoverageResults_0363.xml
[Code Coverage] Code Coverage requires Burst Compilation to be disabled in order to obtain accurate coverage information. To disable Burst Compilation uncheck Jobs > Burst > Enable Compilation or pass '--burst-disable-compilation' to the command line in batchmode.
]]></output>
              </test-case>
              <test-case id="1412" name="ToString_Fail_ExpectedOutput" fullname="GDX.Developer.Reports.NUnitReportTests.ToString_Fail_ExpectedOutput" methodname="ToString_Fail_ExpectedOutput" classname="GDX.Developer.Reports.NUnitReportTests" runstate="Runnable" seed="1286006759" result="Passed" start-time="2023-05-24 20:22:52Z" end-time="2023-05-24 20:22:52Z" duration="0.002645" asserts="0">
                <properties>
                  <property name="Category" value="GDX.Tests" />
                </properties>
                <output><![CDATA[[Code Coverage] Code Coverage results for visited sequence points were saved in D:/BuildAgent/work/GDX-Documentation/Staging/CodeCoverage/GDX_Development-opencov/EditMode/TestCoverageResults_0364.xml
[Code Coverage] Code Coverage requires Burst Compilation to be disabled in order to obtain accurate coverage information. To disable Burst Compilation uncheck Jobs > Burst > Enable Compilation or pass '--burst-disable-compilation' to the command line in batchmode.
]]></output>
              </test-case>
              <test-case id="1413" name="ToString_Pass_ExpectedOutput" fullname="GDX.Developer.Reports.NUnitReportTests.ToString_Pass_ExpectedOutput" methodname="ToString_Pass_ExpectedOutput" classname="GDX.Developer.Reports.NUnitReportTests" runstate="Runnable" seed="419388303" result="Passed" start-time="2023-05-24 20:22:53Z" end-time="2023-05-24 20:22:53Z" duration="0.000370" asserts="0">
                <properties>
                  <property name="Category" value="GDX.Tests" />
                </properties>
                <output><![CDATA[[Code Coverage] Code Coverage results for visited sequence points were saved in D:/BuildAgent/work/GDX-Documentation/Staging/CodeCoverage/GDX_Development-opencov/EditMode/TestCoverageResults_0365.xml
[Code Coverage] Code Coverage requires Burst Compilation to be disabled in order to obtain accurate coverage information. To disable Burst Compilation uncheck Jobs > Burst > Enable Compilation or pass '--burst-disable-compilation' to the command line in batchmode.
]]></output>
              </test-case>
            </test-suite>
            <test-suite type="TestSuite" id="1758" name="Resource" fullname="GDX.Developer.Reports.Resource" runstate="Runnable" testcasecount="3" result="Passed" start-time="2023-05-24 20:22:55Z" end-time="2023-05-24 20:22:58Z" duration="3.717694" total="3" passed="3" failed="0" inconclusive="0" skipped="0" asserts="0">
              <properties />
              <test-suite type="TestFixture" id="1420" name="ResourceReportTests" fullname="GDX.Developer.Reports.Resource.ResourceReportTests" classname="GDX.Developer.Reports.Resource.ResourceReportTests" runstate="Runnable" testcasecount="3" result="Passed" start-time="2023-05-24 20:22:55Z" end-time="2023-05-24 20:22:58Z" duration="3.715229" total="3" passed="3" failed="0" inconclusive="0" skipped="0" asserts="0">
                <properties />
                <test-case id="1421" name="CreateDivider_MockData_CorrectLength" fullname="GDX.Developer.Reports.Resource.ResourceReportTests.CreateDivider_MockData_CorrectLength" methodname="CreateDivider_MockData_CorrectLength" classname="GDX.Developer.Reports.Resource.ResourceReportTests" runstate="Runnable" seed="674400577" result="Passed" start-time="2023-05-24 20:22:55Z" end-time="2023-05-24 20:22:55Z" duration="0.000620" asserts="0">
                  <properties>
                    <property name="Category" value="GDX.Tests" />
                  </properties>
                  <output><![CDATA[[Code Coverage] Code Coverage results for visited sequence points were saved in D:/BuildAgent/work/GDX-Documentation/Staging/CodeCoverage/GDX_Development-opencov/EditMode/TestCoverageResults_0366.xml
[Code Coverage] Code Coverage requires Burst Compilation to be disabled in order to obtain accurate coverage information. To disable Burst Compilation uncheck Jobs > Burst > Enable Compilation or pass '--burst-disable-compilation' to the command line in batchmode.
]]></output>
                </test-case>
                <test-case id="1422" name="CreateHeader_MockData_CorrectLength" fullname="GDX.Developer.Reports.Resource.ResourceReportTests.CreateHeader_MockData_CorrectLength" methodname="CreateHeader_MockData_CorrectLength" classname="GDX.Developer.Reports.Resource.ResourceReportTests" runstate="Runnable" seed="2133278276" result="Passed" start-time="2023-05-24 20:22:56Z" end-time="2023-05-24 20:22:56Z" duration="0.000467" asserts="0">
                  <properties>
                    <property name="Category" value="GDX.Tests" />
                  </properties>
                  <output><![CDATA[[Code Coverage] Code Coverage results for visited sequence points were saved in D:/BuildAgent/work/GDX-Documentation/Staging/CodeCoverage/GDX_Development-opencov/EditMode/TestCoverageResults_0367.xml
[Code Coverage] Code Coverage requires Burst Compilation to be disabled in order to obtain accurate coverage information. To disable Burst Compilation uncheck Jobs > Burst > Enable Compilation or pass '--burst-disable-compilation' to the command line in batchmode.
]]></output>
                </test-case>
                <test-case id="1423" name="Output_MockData_StringBuilderSameAsStreamWriter" fullname="GDX.Developer.Reports.Resource.ResourceReportTests.Output_MockData_StringBuilderSameAsStreamWriter" methodname="Output_MockData_StringBuilderSameAsStreamWriter" classname="GDX.Developer.Reports.Resource.ResourceReportTests" runstate="Runnable" seed="9169024" result="Passed" start-time="2023-05-24 20:22:57Z" end-time="2023-05-24 20:22:57Z" duration="0.053720" asserts="0">
                  <properties>
                    <property name="Category" value="GDX.Tests" />
                  </properties>
                  <output><![CDATA[[Code Coverage] Code Coverage results for visited sequence points were saved in D:/BuildAgent/work/GDX-Documentation/Staging/CodeCoverage/GDX_Development-opencov/EditMode/TestCoverageResults_0368.xml
[Code Coverage] Code Coverage requires Burst Compilation to be disabled in order to obtain accurate coverage information. To disable Burst Compilation uncheck Jobs > Burst > Enable Compilation or pass '--burst-disable-compilation' to the command line in batchmode.
]]></output>
                </test-case>
              </test-suite>
            </test-suite>
            <test-suite type="TestFixture" id="1414" name="ResourcesAuditReportTests" fullname="GDX.Developer.Reports.ResourcesAuditReportTests" classname="GDX.Developer.Reports.ResourcesAuditReportTests" runstate="Runnable" testcasecount="3" result="Passed" start-time="2023-05-24 20:22:58Z" end-time="2023-05-24 20:23:02Z" duration="3.825319" total="3" passed="3" failed="0" inconclusive="0" skipped="0" asserts="0">
              <properties />
              <test-case id="1415" name="Get_MockData_ReturnsObject" fullname="GDX.Developer.Reports.ResourcesAuditReportTests.Get_MockData_ReturnsObject" methodname="Get_MockData_ReturnsObject" classname="GDX.Developer.Reports.ResourcesAuditReportTests" runstate="Runnable" seed="1283521207" result="Passed" start-time="2023-05-24 20:22:58Z" end-time="2023-05-24 20:22:58Z" duration="0.003403" asserts="0">
                <properties>
                  <property name="Category" value="GDX.Tests" />
                </properties>
                <output><![CDATA[[Code Coverage] Code Coverage results for visited sequence points were saved in D:/BuildAgent/work/GDX-Documentation/Staging/CodeCoverage/GDX_Development-opencov/EditMode/TestCoverageResults_0369.xml
[Code Coverage] Code Coverage requires Burst Compilation to be disabled in order to obtain accurate coverage information. To disable Burst Compilation uncheck Jobs > Burst > Enable Compilation or pass '--burst-disable-compilation' to the command line in batchmode.
]]></output>
              </test-case>
              <test-case id="1417" name="Output_GetAll_ReturnsReport" fullname="GDX.Developer.Reports.ResourcesAuditReportTests.Output_GetAll_ReturnsReport" methodname="Output_GetAll_ReturnsReport" classname="GDX.Developer.Reports.ResourcesAuditReportTests" runstate="Runnable" seed="1607704670" result="Passed" start-time="2023-05-24 20:23:00Z" end-time="2023-05-24 20:23:00Z" duration="0.095180" asserts="0">
                <properties>
                  <property name="Category" value="GDX.Tests" />
                </properties>
                <output><![CDATA[[Code Coverage] Code Coverage results for visited sequence points were saved in D:/BuildAgent/work/GDX-Documentation/Staging/CodeCoverage/GDX_Development-opencov/EditMode/TestCoverageResults_0370.xml
[Code Coverage] Code Coverage requires Burst Compilation to be disabled in order to obtain accurate coverage information. To disable Burst Compilation uncheck Jobs > Burst > Enable Compilation or pass '--burst-disable-compilation' to the command line in batchmode.
]]></output>
              </test-case>
              <test-case id="1416" name="Output_GetCommon_ReturnsReport" fullname="GDX.Developer.Reports.ResourcesAuditReportTests.Output_GetCommon_ReturnsReport" methodname="Output_GetCommon_ReturnsReport" classname="GDX.Developer.Reports.ResourcesAuditReportTests" runstate="Runnable" seed="67920248" result="Passed" start-time="2023-05-24 20:23:01Z" end-time="2023-05-24 20:23:01Z" duration="0.022207" asserts="0">
                <properties>
                  <property name="Category" value="GDX.Tests" />
                </properties>
                <output><![CDATA[[Code Coverage] Code Coverage results for visited sequence points were saved in D:/BuildAgent/work/GDX-Documentation/Staging/CodeCoverage/GDX_Development-opencov/EditMode/TestCoverageResults_0371.xml
[Code Coverage] Code Coverage requires Burst Compilation to be disabled in order to obtain accurate coverage information. To disable Burst Compilation uncheck Jobs > Burst > Enable Compilation or pass '--burst-disable-compilation' to the command line in batchmode.
]]></output>
              </test-case>
            </test-suite>
            <test-suite type="TestFixture" id="1418" name="ResourcesDiffReportTests" fullname="GDX.Developer.Reports.ResourcesDiffReportTests" classname="GDX.Developer.Reports.ResourcesDiffReportTests" runstate="Runnable" testcasecount="1" result="Passed" start-time="2023-05-24 20:23:02Z" end-time="2023-05-24 20:23:04Z" duration="1.353796" total="1" passed="1" failed="0" inconclusive="0" skipped="0" asserts="0">
              <properties />
              <test-case id="1419" name="Output_GetCommonAndAll_ReturnsReport" fullname="GDX.Developer.Reports.ResourcesDiffReportTests.Output_GetCommonAndAll_ReturnsReport" methodname="Output_GetCommonAndAll_ReturnsReport" classname="GDX.Developer.Reports.ResourcesDiffReportTests" runstate="Runnable" seed="777720370" result="Passed" start-time="2023-05-24 20:23:02Z" end-time="2023-05-24 20:23:02Z" duration="0.127001" asserts="0">
                <properties>
                  <property name="Category" value="GDX.Tests" />
                </properties>
                <output><![CDATA[[Code Coverage] Code Coverage results for visited sequence points were saved in D:/BuildAgent/work/GDX-Documentation/Staging/CodeCoverage/GDX_Development-opencov/EditMode/TestCoverageResults_0372.xml
[Code Coverage] Code Coverage requires Burst Compilation to be disabled in order to obtain accurate coverage information. To disable Burst Compilation uncheck Jobs > Burst > Enable Compilation or pass '--burst-disable-compilation' to the command line in batchmode.
]]></output>
              </test-case>
            </test-suite>
          </test-suite>
          <test-suite type="TestFixture" id="1374" name="SemanticVersionTests" fullname="GDX.Developer.SemanticVersionTests" classname="GDX.Developer.SemanticVersionTests" runstate="Runnable" testcasecount="15" result="Passed" start-time="2023-05-24 20:23:04Z" end-time="2023-05-24 20:23:22Z" duration="18.133660" total="15" passed="15" failed="0" inconclusive="0" skipped="0" asserts="0">
            <properties />
            <test-case id="1382" name="Equality_MockData_Matches" fullname="GDX.Developer.SemanticVersionTests.Equality_MockData_Matches" methodname="Equality_MockData_Matches" classname="GDX.Developer.SemanticVersionTests" runstate="Runnable" seed="1774061680" result="Passed" start-time="2023-05-24 20:23:04Z" end-time="2023-05-24 20:23:04Z" duration="0.000708" asserts="0">
              <properties>
                <property name="Category" value="GDX.Tests" />
              </properties>
              <output><![CDATA[[Code Coverage] Code Coverage results for visited sequence points were saved in D:/BuildAgent/work/GDX-Documentation/Staging/CodeCoverage/GDX_Development-opencov/EditMode/TestCoverageResults_0373.xml
[Code Coverage] Code Coverage requires Burst Compilation to be disabled in order to obtain accurate coverage information. To disable Burst Compilation uncheck Jobs > Burst > Enable Compilation or pass '--burst-disable-compilation' to the command line in batchmode.
]]></output>
            </test-case>
            <test-case id="1383" name="Equals_MockData_Matches" fullname="GDX.Developer.SemanticVersionTests.Equals_MockData_Matches" methodname="Equals_MockData_Matches" classname="GDX.Developer.SemanticVersionTests" runstate="Runnable" seed="1088825404" result="Passed" start-time="2023-05-24 20:23:05Z" end-time="2023-05-24 20:23:05Z" duration="0.000436" asserts="0">
              <properties>
                <property name="Category" value="GDX.Tests" />
              </properties>
              <output><![CDATA[[Code Coverage] Code Coverage results for visited sequence points were saved in D:/BuildAgent/work/GDX-Documentation/Staging/CodeCoverage/GDX_Development-opencov/EditMode/TestCoverageResults_0374.xml
[Code Coverage] Code Coverage requires Burst Compilation to be disabled in order to obtain accurate coverage information. To disable Burst Compilation uncheck Jobs > Burst > Enable Compilation or pass '--burst-disable-compilation' to the command line in batchmode.
]]></output>
            </test-case>
            <test-case id="1384" name="GetHashCode_MockData_Valid" fullname="GDX.Developer.SemanticVersionTests.GetHashCode_MockData_Valid" methodname="GetHashCode_MockData_Valid" classname="GDX.Developer.SemanticVersionTests" runstate="Runnable" seed="584607270" result="Passed" start-time="2023-05-24 20:23:06Z" end-time="2023-05-24 20:23:06Z" duration="0.000331" asserts="0">
              <properties>
                <property name="Category" value="GDX.Tests" />
              </properties>
              <output><![CDATA[[Code Coverage] Code Coverage results for visited sequence points were saved in D:/BuildAgent/work/GDX-Documentation/Staging/CodeCoverage/GDX_Development-opencov/EditMode/TestCoverageResults_0375.xml
[Code Coverage] Code Coverage requires Burst Compilation to be disabled in order to obtain accurate coverage information. To disable Burst Compilation uncheck Jobs > Burst > Enable Compilation or pass '--burst-disable-compilation' to the command line in batchmode.
]]></output>
            </test-case>
            <test-case id="1386" name="GreaterThan_MockData_Evaluate" fullname="GDX.Developer.SemanticVersionTests.GreaterThan_MockData_Evaluate" methodname="GreaterThan_MockData_Evaluate" classname="GDX.Developer.SemanticVersionTests" runstate="Runnable" seed="1799770846" result="Passed" start-time="2023-05-24 20:23:07Z" end-time="2023-05-24 20:23:07Z" duration="0.000441" asserts="0">
              <properties>
                <property name="Category" value="GDX.Tests" />
              </properties>
              <output><![CDATA[[Code Coverage] Code Coverage results for visited sequence points were saved in D:/BuildAgent/work/GDX-Documentation/Staging/CodeCoverage/GDX_Development-opencov/EditMode/TestCoverageResults_0376.xml
[Code Coverage] Code Coverage requires Burst Compilation to be disabled in order to obtain accurate coverage information. To disable Burst Compilation uncheck Jobs > Burst > Enable Compilation or pass '--burst-disable-compilation' to the command line in batchmode.
]]></output>
            </test-case>
            <test-case id="1385" name="GreaterThanOrEqualTo_MockData_Evaluate" fullname="GDX.Developer.SemanticVersionTests.GreaterThanOrEqualTo_MockData_Evaluate" methodname="GreaterThanOrEqualTo_MockData_Evaluate" classname="GDX.Developer.SemanticVersionTests" runstate="Runnable" seed="175059603" result="Passed" start-time="2023-05-24 20:23:08Z" end-time="2023-05-24 20:23:08Z" duration="0.000557" asserts="0">
              <properties>
                <property name="Category" value="GDX.Tests" />
              </properties>
              <output><![CDATA[[Code Coverage] Code Coverage results for visited sequence points were saved in D:/BuildAgent/work/GDX-Documentation/Staging/CodeCoverage/GDX_Development-opencov/EditMode/TestCoverageResults_0377.xml
[Code Coverage] Code Coverage requires Burst Compilation to be disabled in order to obtain accurate coverage information. To disable Burst Compilation uncheck Jobs > Burst > Enable Compilation or pass '--burst-disable-compilation' to the command line in batchmode.
]]></output>
            </test-case>
            <test-case id="1387" name="Inequality_MockData_DoesNotMatch" fullname="GDX.Developer.SemanticVersionTests.Inequality_MockData_DoesNotMatch" methodname="Inequality_MockData_DoesNotMatch" classname="GDX.Developer.SemanticVersionTests" runstate="Runnable" seed="1120413306" result="Passed" start-time="2023-05-24 20:23:10Z" end-time="2023-05-24 20:23:10Z" duration="0.000530" asserts="0">
              <properties>
                <property name="Category" value="GDX.Tests" />
              </properties>
              <output><![CDATA[[Code Coverage] Code Coverage results for visited sequence points were saved in D:/BuildAgent/work/GDX-Documentation/Staging/CodeCoverage/GDX_Development-opencov/EditMode/TestCoverageResults_0378.xml
[Code Coverage] Code Coverage requires Burst Compilation to be disabled in order to obtain accurate coverage information. To disable Burst Compilation uncheck Jobs > Burst > Enable Compilation or pass '--burst-disable-compilation' to the command line in batchmode.
]]></output>
            </test-case>
            <test-case id="1389" name="LessThan_MockData_Evaluate" fullname="GDX.Developer.SemanticVersionTests.LessThan_MockData_Evaluate" methodname="LessThan_MockData_Evaluate" classname="GDX.Developer.SemanticVersionTests" runstate="Runnable" seed="2067750364" result="Passed" start-time="2023-05-24 20:23:11Z" end-time="2023-05-24 20:23:11Z" duration="0.000450" asserts="0">
              <properties>
                <property name="Category" value="GDX.Tests" />
              </properties>
              <output><![CDATA[[Code Coverage] Code Coverage results for visited sequence points were saved in D:/BuildAgent/work/GDX-Documentation/Staging/CodeCoverage/GDX_Development-opencov/EditMode/TestCoverageResults_0379.xml
[Code Coverage] Code Coverage requires Burst Compilation to be disabled in order to obtain accurate coverage information. To disable Burst Compilation uncheck Jobs > Burst > Enable Compilation or pass '--burst-disable-compilation' to the command line in batchmode.
]]></output>
            </test-case>
            <test-case id="1388" name="LessThanOrEqualTo_MockData_Evaluate" fullname="GDX.Developer.SemanticVersionTests.LessThanOrEqualTo_MockData_Evaluate" methodname="LessThanOrEqualTo_MockData_Evaluate" classname="GDX.Developer.SemanticVersionTests" runstate="Runnable" seed="1522395568" result="Passed" start-time="2023-05-24 20:23:12Z" end-time="2023-05-24 20:23:12Z" duration="0.000523" asserts="0">
              <properties>
                <property name="Category" value="GDX.Tests" />
              </properties>
              <output><![CDATA[[Code Coverage] Code Coverage results for visited sequence points were saved in D:/BuildAgent/work/GDX-Documentation/Staging/CodeCoverage/GDX_Development-opencov/EditMode/TestCoverageResults_0380.xml
[Code Coverage] Code Coverage requires Burst Compilation to be disabled in order to obtain accurate coverage information. To disable Burst Compilation uncheck Jobs > Burst > Enable Compilation or pass '--burst-disable-compilation' to the command line in batchmode.
]]></output>
            </test-case>
            <test-case id="1376" name="SemanticVersion_FromString_FourPartsParse" fullname="GDX.Developer.SemanticVersionTests.SemanticVersion_FromString_FourPartsParse" methodname="SemanticVersion_FromString_FourPartsParse" classname="GDX.Developer.SemanticVersionTests" runstate="Runnable" seed="713138983" result="Passed" start-time="2023-05-24 20:23:13Z" end-time="2023-05-24 20:23:13Z" duration="0.000282" asserts="0">
              <properties>
                <property name="Category" value="GDX.Tests" />
              </properties>
              <output><![CDATA[[Code Coverage] Code Coverage results for visited sequence points were saved in D:/BuildAgent/work/GDX-Documentation/Staging/CodeCoverage/GDX_Development-opencov/EditMode/TestCoverageResults_0381.xml
[Code Coverage] Code Coverage requires Burst Compilation to be disabled in order to obtain accurate coverage information. To disable Burst Compilation uncheck Jobs > Burst > Enable Compilation or pass '--burst-disable-compilation' to the command line in batchmode.
]]></output>
            </test-case>
            <test-case id="1379" name="SemanticVersion_FromString_OnePartParse" fullname="GDX.Developer.SemanticVersionTests.SemanticVersion_FromString_OnePartParse" methodname="SemanticVersion_FromString_OnePartParse" classname="GDX.Developer.SemanticVersionTests" runstate="Runnable" seed="1262644875" result="Passed" start-time="2023-05-24 20:23:14Z" end-time="2023-05-24 20:23:14Z" duration="0.000289" asserts="0">
              <properties>
                <property name="Category" value="GDX.Tests" />
              </properties>
              <output><![CDATA[[Code Coverage] Code Coverage results for visited sequence points were saved in D:/BuildAgent/work/GDX-Documentation/Staging/CodeCoverage/GDX_Development-opencov/EditMode/TestCoverageResults_0382.xml
[Code Coverage] Code Coverage requires Burst Compilation to be disabled in order to obtain accurate coverage information. To disable Burst Compilation uncheck Jobs > Burst > Enable Compilation or pass '--burst-disable-compilation' to the command line in batchmode.
]]></output>
            </test-case>
            <test-case id="1377" name="SemanticVersion_FromString_ThreePartsParse" fullname="GDX.Developer.SemanticVersionTests.SemanticVersion_FromString_ThreePartsParse" methodname="SemanticVersion_FromString_ThreePartsParse" classname="GDX.Developer.SemanticVersionTests" runstate="Runnable" seed="2132876268" result="Passed" start-time="2023-05-24 20:23:16Z" end-time="2023-05-24 20:23:16Z" duration="0.000277" asserts="0">
              <properties>
                <property name="Category" value="GDX.Tests" />
              </properties>
              <output><![CDATA[[Code Coverage] Code Coverage results for visited sequence points were saved in D:/BuildAgent/work/GDX-Documentation/Staging/CodeCoverage/GDX_Development-opencov/EditMode/TestCoverageResults_0383.xml
[Code Coverage] Code Coverage requires Burst Compilation to be disabled in order to obtain accurate coverage information. To disable Burst Compilation uncheck Jobs > Burst > Enable Compilation or pass '--burst-disable-compilation' to the command line in batchmode.
]]></output>
            </test-case>
            <test-case id="1381" name="SemanticVersion_FromString_TooManyParts" fullname="GDX.Developer.SemanticVersionTests.SemanticVersion_FromString_TooManyParts" methodname="SemanticVersion_FromString_TooManyParts" classname="GDX.Developer.SemanticVersionTests" runstate="Runnable" seed="1844207352" result="Passed" start-time="2023-05-24 20:23:17Z" end-time="2023-05-24 20:23:17Z" duration="0.000269" asserts="0">
              <properties>
                <property name="Category" value="GDX.Tests" />
              </properties>
              <output><![CDATA[[Code Coverage] Code Coverage results for visited sequence points were saved in D:/BuildAgent/work/GDX-Documentation/Staging/CodeCoverage/GDX_Development-opencov/EditMode/TestCoverageResults_0384.xml
[Code Coverage] Code Coverage requires Burst Compilation to be disabled in order to obtain accurate coverage information. To disable Burst Compilation uncheck Jobs > Burst > Enable Compilation or pass '--burst-disable-compilation' to the command line in batchmode.
]]></output>
            </test-case>
            <test-case id="1378" name="SemanticVersion_FromString_TwoPartsParse" fullname="GDX.Developer.SemanticVersionTests.SemanticVersion_FromString_TwoPartsParse" methodname="SemanticVersion_FromString_TwoPartsParse" classname="GDX.Developer.SemanticVersionTests" runstate="Runnable" seed="1667656001" result="Passed" start-time="2023-05-24 20:23:18Z" end-time="2023-05-24 20:23:18Z" duration="0.000278" asserts="0">
              <properties>
                <property name="Category" value="GDX.Tests" />
              </properties>
              <output><![CDATA[[Code Coverage] Code Coverage results for visited sequence points were saved in D:/BuildAgent/work/GDX-Documentation/Staging/CodeCoverage/GDX_Development-opencov/EditMode/TestCoverageResults_0385.xml
[Code Coverage] Code Coverage requires Burst Compilation to be disabled in order to obtain accurate coverage information. To disable Burst Compilation uncheck Jobs > Burst > Enable Compilation or pass '--burst-disable-compilation' to the command line in batchmode.
]]></output>
            </test-case>
            <test-case id="1375" name="SemanticVersion_NoVersion_Origin" fullname="GDX.Developer.SemanticVersionTests.SemanticVersion_NoVersion_Origin" methodname="SemanticVersion_NoVersion_Origin" classname="GDX.Developer.SemanticVersionTests" runstate="Runnable" seed="377916757" result="Passed" start-time="2023-05-24 20:23:19Z" end-time="2023-05-24 20:23:19Z" duration="0.000302" asserts="0">
              <properties>
                <property name="Category" value="GDX.Tests" />
              </properties>
              <output><![CDATA[[Code Coverage] Code Coverage results for visited sequence points were saved in D:/BuildAgent/work/GDX-Documentation/Staging/CodeCoverage/GDX_Development-opencov/EditMode/TestCoverageResults_0386.xml
[Code Coverage] Code Coverage requires Burst Compilation to be disabled in order to obtain accurate coverage information. To disable Burst Compilation uncheck Jobs > Burst > Enable Compilation or pass '--burst-disable-compilation' to the command line in batchmode.
]]></output>
            </test-case>
            <test-case id="1380" name="SemanticVersion_UnityVersion_ThreePartsParse" fullname="GDX.Developer.SemanticVersionTests.SemanticVersion_UnityVersion_ThreePartsParse" methodname="SemanticVersion_UnityVersion_ThreePartsParse" classname="GDX.Developer.SemanticVersionTests" runstate="Runnable" seed="806790067" result="Passed" start-time="2023-05-24 20:23:21Z" end-time="2023-05-24 20:23:21Z" duration="0.000277" asserts="0">
              <properties>
                <property name="Category" value="GDX.Tests" />
              </properties>
              <output><![CDATA[[Code Coverage] Code Coverage results for visited sequence points were saved in D:/BuildAgent/work/GDX-Documentation/Staging/CodeCoverage/GDX_Development-opencov/EditMode/TestCoverageResults_0387.xml
[Code Coverage] Code Coverage requires Burst Compilation to be disabled in order to obtain accurate coverage information. To disable Burst Compilation uncheck Jobs > Burst > Enable Compilation or pass '--burst-disable-compilation' to the command line in batchmode.
]]></output>
            </test-case>
          </test-suite>
          <test-suite type="TestFixture" id="1390" name="TextGeneratorTests" fullname="GDX.Developer.TextGeneratorTests" classname="GDX.Developer.TextGeneratorTests" runstate="Runnable" testcasecount="2" result="Passed" start-time="2023-05-24 20:23:22Z" end-time="2023-05-24 20:23:24Z" duration="2.421245" total="2" passed="2" failed="0" inconclusive="0" skipped="0" asserts="0">
            <properties />
            <test-case id="1391" name="AppendLineRange_MockData_AddsContent" fullname="GDX.Developer.TextGeneratorTests.AppendLineRange_MockData_AddsContent" methodname="AppendLineRange_MockData_AddsContent" classname="GDX.Developer.TextGeneratorTests" runstate="Runnable" seed="1571335935" result="Passed" start-time="2023-05-24 20:23:22Z" end-time="2023-05-24 20:23:22Z" duration="0.000490" asserts="0">
              <properties>
                <property name="Category" value="GDX.Tests" />
              </properties>
              <output><![CDATA[[Code Coverage] Code Coverage results for visited sequence points were saved in D:/BuildAgent/work/GDX-Documentation/Staging/CodeCoverage/GDX_Development-opencov/EditMode/TestCoverageResults_0388.xml
[Code Coverage] Code Coverage requires Burst Compilation to be disabled in order to obtain accurate coverage information. To disable Burst Compilation uncheck Jobs > Burst > Enable Compilation or pass '--burst-disable-compilation' to the command line in batchmode.
]]></output>
            </test-case>
            <test-case id="1392" name="PopIndent_IndentLevelLessThenZero_DoesNothing" fullname="GDX.Developer.TextGeneratorTests.PopIndent_IndentLevelLessThenZero_DoesNothing" methodname="PopIndent_IndentLevelLessThenZero_DoesNothing" classname="GDX.Developer.TextGeneratorTests" runstate="Runnable" seed="574464949" result="Passed" start-time="2023-05-24 20:23:23Z" end-time="2023-05-24 20:23:23Z" duration="0.000295" asserts="0">
              <properties>
                <property name="Category" value="GDX.Tests" />
              </properties>
              <output><![CDATA[[Code Coverage] Code Coverage results for visited sequence points were saved in D:/BuildAgent/work/GDX-Documentation/Staging/CodeCoverage/GDX_Development-opencov/EditMode/TestCoverageResults_0389.xml
[Code Coverage] Code Coverage requires Burst Compilation to be disabled in order to obtain accurate coverage information. To disable Burst Compilation uncheck Jobs > Burst > Enable Compilation or pass '--burst-disable-compilation' to the command line in batchmode.
]]></output>
            </test-case>
          </test-suite>
          <test-suite type="TestFixture" id="1393" name="TransientReferenceTests" fullname="GDX.Developer.TransientReferenceTests" classname="GDX.Developer.TransientReferenceTests" runstate="Runnable" testcasecount="6" result="Passed" start-time="2023-05-24 20:23:24Z" end-time="2023-05-24 20:23:32Z" duration="7.986499" total="6" passed="6" failed="0" inconclusive="0" skipped="0" asserts="0">
            <properties />
            <test-case id="1397" name="CompareTo_BadTransientReference_ReturnsZero" fullname="GDX.Developer.TransientReferenceTests.CompareTo_BadTransientReference_ReturnsZero" methodname="CompareTo_BadTransientReference_ReturnsZero" classname="GDX.Developer.TransientReferenceTests" runstate="Runnable" seed="106765511" result="Passed" start-time="2023-05-24 20:23:24Z" end-time="2023-05-24 20:23:24Z" duration="0.000637" asserts="0">
              <properties>
                <property name="Category" value="GDX.Tests" />
              </properties>
              <output><![CDATA[[Code Coverage] Code Coverage results for visited sequence points were saved in D:/BuildAgent/work/GDX-Documentation/Staging/CodeCoverage/GDX_Development-opencov/EditMode/TestCoverageResults_0390.xml
[Code Coverage] Code Coverage requires Burst Compilation to be disabled in order to obtain accurate coverage information. To disable Burst Compilation uncheck Jobs > Burst > Enable Compilation or pass '--burst-disable-compilation' to the command line in batchmode.
]]></output>
            </test-case>
            <test-case id="1396" name="CompareTo_DuplicateTransientReference_ReturnsOne" fullname="GDX.Developer.TransientReferenceTests.CompareTo_DuplicateTransientReference_ReturnsOne" methodname="CompareTo_DuplicateTransientReference_ReturnsOne" classname="GDX.Developer.TransientReferenceTests" runstate="Runnable" seed="1936559692" result="Passed" start-time="2023-05-24 20:23:25Z" end-time="2023-05-24 20:23:25Z" duration="0.000270" asserts="0">
              <properties>
                <property name="Category" value="GDX.Tests" />
              </properties>
              <output><![CDATA[[Code Coverage] Code Coverage results for visited sequence points were saved in D:/BuildAgent/work/GDX-Documentation/Staging/CodeCoverage/GDX_Development-opencov/EditMode/TestCoverageResults_0391.xml
[Code Coverage] Code Coverage requires Burst Compilation to be disabled in order to obtain accurate coverage information. To disable Burst Compilation uncheck Jobs > Burst > Enable Compilation or pass '--burst-disable-compilation' to the command line in batchmode.
]]></output>
            </test-case>
            <test-case id="1398" name="CompareTo_OriginalObject_ReturnsOne" fullname="GDX.Developer.TransientReferenceTests.CompareTo_OriginalObject_ReturnsOne" methodname="CompareTo_OriginalObject_ReturnsOne" classname="GDX.Developer.TransientReferenceTests" runstate="Runnable" seed="1809673827" result="Passed" start-time="2023-05-24 20:23:27Z" end-time="2023-05-24 20:23:27Z" duration="0.000347" asserts="0">
              <properties>
                <property name="Category" value="GDX.Tests" />
              </properties>
              <output><![CDATA[[Code Coverage] Code Coverage results for visited sequence points were saved in D:/BuildAgent/work/GDX-Documentation/Staging/CodeCoverage/GDX_Development-opencov/EditMode/TestCoverageResults_0392.xml
[Code Coverage] Code Coverage requires Burst Compilation to be disabled in order to obtain accurate coverage information. To disable Burst Compilation uncheck Jobs > Burst > Enable Compilation or pass '--burst-disable-compilation' to the command line in batchmode.
]]></output>
            </test-case>
            <test-case id="1399" name="CompareTo_WeakReference_ReturnsOne" fullname="GDX.Developer.TransientReferenceTests.CompareTo_WeakReference_ReturnsOne" methodname="CompareTo_WeakReference_ReturnsOne" classname="GDX.Developer.TransientReferenceTests" runstate="Runnable" seed="1471618308" result="Passed" start-time="2023-05-24 20:23:28Z" end-time="2023-05-24 20:23:28Z" duration="0.000397" asserts="0">
              <properties>
                <property name="Category" value="GDX.Tests" />
              </properties>
              <output><![CDATA[[Code Coverage] Code Coverage results for visited sequence points were saved in D:/BuildAgent/work/GDX-Documentation/Staging/CodeCoverage/GDX_Development-opencov/EditMode/TestCoverageResults_0393.xml
[Code Coverage] Code Coverage requires Burst Compilation to be disabled in order to obtain accurate coverage information. To disable Burst Compilation uncheck Jobs > Burst > Enable Compilation or pass '--burst-disable-compilation' to the command line in batchmode.
]]></output>
            </test-case>
            <test-case id="1394" name="TransientReference_ObjectBased_CreatedReference" fullname="GDX.Developer.TransientReferenceTests.TransientReference_ObjectBased_CreatedReference" methodname="TransientReference_ObjectBased_CreatedReference" classname="GDX.Developer.TransientReferenceTests" runstate="Runnable" seed="1729770990" result="Passed" start-time="2023-05-24 20:23:29Z" end-time="2023-05-24 20:23:29Z" duration="0.000275" asserts="0">
              <properties>
                <property name="Category" value="GDX.Tests" />
              </properties>
              <output><![CDATA[[Code Coverage] Code Coverage results for visited sequence points were saved in D:/BuildAgent/work/GDX-Documentation/Staging/CodeCoverage/GDX_Development-opencov/EditMode/TestCoverageResults_0394.xml
[Code Coverage] Code Coverage requires Burst Compilation to be disabled in order to obtain accurate coverage information. To disable Burst Compilation uncheck Jobs > Burst > Enable Compilation or pass '--burst-disable-compilation' to the command line in batchmode.
]]></output>
            </test-case>
            <test-case id="1395" name="TransientReference_ObjectBasedResurrection_CreatedReference" fullname="GDX.Developer.TransientReferenceTests.TransientReference_ObjectBasedResurrection_CreatedReference" methodname="TransientReference_ObjectBasedResurrection_CreatedReference" classname="GDX.Developer.TransientReferenceTests" runstate="Runnable" seed="239489417" result="Passed" start-time="2023-05-24 20:23:31Z" end-time="2023-05-24 20:23:31Z" duration="0.000262" asserts="0">
              <properties>
                <property name="Category" value="GDX.Tests" />
              </properties>
              <output><![CDATA[[Code Coverage] Code Coverage results for visited sequence points were saved in D:/BuildAgent/work/GDX-Documentation/Staging/CodeCoverage/GDX_Development-opencov/EditMode/TestCoverageResults_0395.xml
[Code Coverage] Code Coverage requires Burst Compilation to be disabled in order to obtain accurate coverage information. To disable Burst Compilation uncheck Jobs > Burst > Enable Compilation or pass '--burst-disable-compilation' to the command line in batchmode.
]]></output>
            </test-case>
          </test-suite>
        </test-suite>
        <test-suite type="TestFixture" id="1052" name="GameObjectExtensionsTests" fullname="GDX.GameObjectExtensionsTests" classname="GDX.GameObjectExtensionsTests" runstate="Runnable" testcasecount="2" result="Passed" start-time="2023-05-24 20:23:32Z" end-time="2023-05-24 20:23:35Z" duration="2.418891" total="2" passed="2" failed="0" inconclusive="0" skipped="0" asserts="0">
          <properties />
          <test-case id="1053" name="GetFirstComponentInChildrenComplex_" fullname="GDX.GameObjectExtensionsTests.GetFirstComponentInChildrenComplex_" methodname="GetFirstComponentInChildrenComplex_" classname="GDX.GameObjectExtensionsTests" runstate="Runnable" seed="1230667117" result="Passed" start-time="2023-05-24 20:23:32Z" end-time="2023-05-24 20:23:32Z" duration="0.000287" asserts="0">
            <properties>
              <property name="Category" value="GDX.Tests" />
            </properties>
            <output><![CDATA[[Code Coverage] Code Coverage results for visited sequence points were saved in D:/BuildAgent/work/GDX-Documentation/Staging/CodeCoverage/GDX_Development-opencov/EditMode/TestCoverageResults_0396.xml
[Code Coverage] Code Coverage requires Burst Compilation to be disabled in order to obtain accurate coverage information. To disable Burst Compilation uncheck Jobs > Burst > Enable Compilation or pass '--burst-disable-compilation' to the command line in batchmode.
]]></output>
          </test-case>
          <test-case id="1054" name="GetOrAddComponent_" fullname="GDX.GameObjectExtensionsTests.GetOrAddComponent_" methodname="GetOrAddComponent_" classname="GDX.GameObjectExtensionsTests" runstate="Runnable" seed="1574031910" result="Passed" start-time="2023-05-24 20:23:33Z" end-time="2023-05-24 20:23:33Z" duration="0.000206" asserts="0">
            <properties>
              <property name="Category" value="GDX.Tests" />
            </properties>
            <output><![CDATA[[Code Coverage] Code Coverage results for visited sequence points were saved in D:/BuildAgent/work/GDX-Documentation/Staging/CodeCoverage/GDX_Development-opencov/EditMode/TestCoverageResults_0397.xml
[Code Coverage] Code Coverage requires Burst Compilation to be disabled in order to obtain accurate coverage information. To disable Burst Compilation uncheck Jobs > Burst > Enable Compilation or pass '--burst-disable-compilation' to the command line in batchmode.
]]></output>
          </test-case>
        </test-suite>
        <test-suite type="TestSuite" id="1755" name="IO" fullname="GDX.IO" runstate="Runnable" testcasecount="4" result="Passed" start-time="2023-05-24 20:23:35Z" end-time="2023-05-24 20:23:39Z" duration="4.857193" total="4" passed="4" failed="0" inconclusive="0" skipped="0" asserts="0">
          <properties />
          <test-suite type="TestFixture" id="1358" name="CoalesceStreamTests" fullname="GDX.IO.CoalesceStreamTests" classname="GDX.IO.CoalesceStreamTests" runstate="Runnable" testcasecount="4" result="Passed" start-time="2023-05-24 20:23:35Z" end-time="2023-05-24 20:23:39Z" duration="4.854588" total="4" passed="4" failed="0" inconclusive="0" skipped="0" asserts="0">
            <properties />
            <test-case id="1360" name="Constructor_Bytes" fullname="GDX.IO.CoalesceStreamTests.Constructor_Bytes" methodname="Constructor_Bytes" classname="GDX.IO.CoalesceStreamTests" runstate="Runnable" seed="1904678985" result="Passed" start-time="2023-05-24 20:23:35Z" end-time="2023-05-24 20:23:35Z" duration="0.001834" asserts="0">
              <properties>
                <property name="Category" value="GDX.Tests" />
              </properties>
              <output><![CDATA[[Code Coverage] Code Coverage results for visited sequence points were saved in D:/BuildAgent/work/GDX-Documentation/Staging/CodeCoverage/GDX_Development-opencov/EditMode/TestCoverageResults_0398.xml
[Code Coverage] Code Coverage requires Burst Compilation to be disabled in order to obtain accurate coverage information. To disable Burst Compilation uncheck Jobs > Burst > Enable Compilation or pass '--burst-disable-compilation' to the command line in batchmode.
]]></output>
            </test-case>
            <test-case id="1359" name="Constructor_Empty" fullname="GDX.IO.CoalesceStreamTests.Constructor_Empty" methodname="Constructor_Empty" classname="GDX.IO.CoalesceStreamTests" runstate="Runnable" seed="1488702894" result="Passed" start-time="2023-05-24 20:23:36Z" end-time="2023-05-24 20:23:36Z" duration="0.000475" asserts="0">
              <properties>
                <property name="Category" value="GDX.Tests" />
              </properties>
              <output><![CDATA[[Code Coverage] Code Coverage results for visited sequence points were saved in D:/BuildAgent/work/GDX-Documentation/Staging/CodeCoverage/GDX_Development-opencov/EditMode/TestCoverageResults_0399.xml
[Code Coverage] Code Coverage requires Burst Compilation to be disabled in order to obtain accurate coverage information. To disable Burst Compilation uncheck Jobs > Burst > Enable Compilation or pass '--burst-disable-compilation' to the command line in batchmode.
]]></output>
            </test-case>
            <test-case id="1362" name="ReadByte_Empty_NegativeOne" fullname="GDX.IO.CoalesceStreamTests.ReadByte_Empty_NegativeOne" methodname="ReadByte_Empty_NegativeOne" classname="GDX.IO.CoalesceStreamTests" runstate="Runnable" seed="1222069571" result="Passed" start-time="2023-05-24 20:23:37Z" end-time="2023-05-24 20:23:37Z" duration="0.000452" asserts="0">
              <properties>
                <property name="Category" value="GDX.Tests" />
              </properties>
              <output><![CDATA[[Code Coverage] Code Coverage results for visited sequence points were saved in D:/BuildAgent/work/GDX-Documentation/Staging/CodeCoverage/GDX_Development-opencov/EditMode/TestCoverageResults_0400.xml
[Code Coverage] Code Coverage requires Burst Compilation to be disabled in order to obtain accurate coverage information. To disable Burst Compilation uncheck Jobs > Burst > Enable Compilation or pass '--burst-disable-compilation' to the command line in batchmode.
]]></output>
            </test-case>
            <test-case id="1361" name="ReadByte_MockData_Valid" fullname="GDX.IO.CoalesceStreamTests.ReadByte_MockData_Valid" methodname="ReadByte_MockData_Valid" classname="GDX.IO.CoalesceStreamTests" runstate="Runnable" seed="1062173329" result="Passed" start-time="2023-05-24 20:23:38Z" end-time="2023-05-24 20:23:38Z" duration="0.000388" asserts="0">
              <properties>
                <property name="Category" value="GDX.Tests" />
              </properties>
              <output><![CDATA[[Code Coverage] Code Coverage results for visited sequence points were saved in D:/BuildAgent/work/GDX-Documentation/Staging/CodeCoverage/GDX_Development-opencov/EditMode/TestCoverageResults_0401.xml
[Code Coverage] Code Coverage requires Burst Compilation to be disabled in order to obtain accurate coverage information. To disable Burst Compilation uncheck Jobs > Burst > Enable Compilation or pass '--burst-disable-compilation' to the command line in batchmode.
]]></output>
            </test-case>
          </test-suite>
        </test-suite>
        <test-suite type="TestSuite" id="1753" name="Jobs" fullname="GDX.Jobs" runstate="Runnable" testcasecount="2" result="Passed" start-time="2023-05-24 20:23:39Z" end-time="2023-05-24 20:23:42Z" duration="2.423731" total="2" passed="2" failed="0" inconclusive="0" skipped="0" asserts="0">
          <properties />
          <test-suite type="TestSuite" id="1754" name="ParallelFor" fullname="GDX.Jobs.ParallelFor" runstate="Runnable" testcasecount="2" result="Passed" start-time="2023-05-24 20:23:39Z" end-time="2023-05-24 20:23:42Z" duration="2.421305" total="2" passed="2" failed="0" inconclusive="0" skipped="0" asserts="0">
            <properties />
            <test-suite type="TestFixture" id="1355" name="Color32CompareJobTests" fullname="GDX.Jobs.ParallelFor.Color32CompareJobTests" classname="GDX.Jobs.ParallelFor.Color32CompareJobTests" runstate="Runnable" testcasecount="2" result="Passed" start-time="2023-05-24 20:23:39Z" end-time="2023-05-24 20:23:42Z" duration="2.418006" total="2" passed="2" failed="0" inconclusive="0" skipped="0" asserts="0">
              <properties />
              <test-case id="1357" name="Compare_WhiteBlack_Different" fullname="GDX.Jobs.ParallelFor.Color32CompareJobTests.Compare_WhiteBlack_Different" methodname="Compare_WhiteBlack_Different" classname="GDX.Jobs.ParallelFor.Color32CompareJobTests" runstate="Runnable" seed="556886714" result="Passed" start-time="2023-05-24 20:23:39Z" end-time="2023-05-24 20:23:39Z" duration="0.004265" asserts="0">
                <properties>
                  <property name="Category" value="GDX.Tests" />
                </properties>
                <output><![CDATA[[Code Coverage] Code Coverage results for visited sequence points were saved in D:/BuildAgent/work/GDX-Documentation/Staging/CodeCoverage/GDX_Development-opencov/EditMode/TestCoverageResults_0402.xml
[Code Coverage] Code Coverage requires Burst Compilation to be disabled in order to obtain accurate coverage information. To disable Burst Compilation uncheck Jobs > Burst > Enable Compilation or pass '--burst-disable-compilation' to the command line in batchmode.
]]></output>
              </test-case>
              <test-case id="1356" name="Compare_WhiteTexture_Same" fullname="GDX.Jobs.ParallelFor.Color32CompareJobTests.Compare_WhiteTexture_Same" methodname="Compare_WhiteTexture_Same" classname="GDX.Jobs.ParallelFor.Color32CompareJobTests" runstate="Runnable" seed="572435770" result="Passed" start-time="2023-05-24 20:23:41Z" end-time="2023-05-24 20:23:41Z" duration="0.000783" asserts="0">
                <properties>
                  <property name="Category" value="GDX.Tests" />
                </properties>
                <output><![CDATA[[Code Coverage] Code Coverage results for visited sequence points were saved in D:/BuildAgent/work/GDX-Documentation/Staging/CodeCoverage/GDX_Development-opencov/EditMode/TestCoverageResults_0403.xml
[Code Coverage] Code Coverage requires Burst Compilation to be disabled in order to obtain accurate coverage information. To disable Burst Compilation uncheck Jobs > Burst > Enable Compilation or pass '--burst-disable-compilation' to the command line in batchmode.
]]></output>
              </test-case>
            </test-suite>
          </test-suite>
        </test-suite>
        <test-suite type="TestFixture" id="1055" name="ListExtensionsTests" fullname="GDX.ListExtensionsTests" classname="GDX.ListExtensionsTests" runstate="Runnable" testcasecount="11" result="Passed" start-time="2023-05-24 20:23:42Z" end-time="2023-05-24 20:23:55Z" duration="13.260558" total="11" passed="11" failed="0" inconclusive="0" skipped="0" asserts="0">
          <properties />
          <test-case id="1057" name="AddUniqueItem_NonUniqueItem_ReturnsFalse" fullname="GDX.ListExtensionsTests.AddUniqueItem_NonUniqueItem_ReturnsFalse" methodname="AddUniqueItem_NonUniqueItem_ReturnsFalse" classname="GDX.ListExtensionsTests" runstate="Runnable" seed="1445882510" result="Passed" start-time="2023-05-24 20:23:42Z" end-time="2023-05-24 20:23:42Z" duration="0.000782" asserts="0">
            <properties>
              <property name="Category" value="GDX.Tests" />
            </properties>
            <output><![CDATA[[Code Coverage] Code Coverage results for visited sequence points were saved in D:/BuildAgent/work/GDX-Documentation/Staging/CodeCoverage/GDX_Development-opencov/EditMode/TestCoverageResults_0404.xml
[Code Coverage] Code Coverage requires Burst Compilation to be disabled in order to obtain accurate coverage information. To disable Burst Compilation uncheck Jobs > Burst > Enable Compilation or pass '--burst-disable-compilation' to the command line in batchmode.
]]></output>
          </test-case>
          <test-case id="1056" name="AddUniqueItem_UniqueItem_ReturnsTrue" fullname="GDX.ListExtensionsTests.AddUniqueItem_UniqueItem_ReturnsTrue" methodname="AddUniqueItem_UniqueItem_ReturnsTrue" classname="GDX.ListExtensionsTests" runstate="Runnable" seed="910330402" result="Passed" start-time="2023-05-24 20:23:43Z" end-time="2023-05-24 20:23:43Z" duration="0.000363" asserts="0">
            <properties>
              <property name="Category" value="GDX.Tests" />
            </properties>
            <output><![CDATA[[Code Coverage] Code Coverage results for visited sequence points were saved in D:/BuildAgent/work/GDX-Documentation/Staging/CodeCoverage/GDX_Development-opencov/EditMode/TestCoverageResults_0405.xml
[Code Coverage] Code Coverage requires Burst Compilation to be disabled in order to obtain accurate coverage information. To disable Burst Compilation uncheck Jobs > Burst > Enable Compilation or pass '--burst-disable-compilation' to the command line in batchmode.
]]></output>
          </test-case>
          <test-case id="1058" name="ContainsItem_MockData_FindsItem" fullname="GDX.ListExtensionsTests.ContainsItem_MockData_FindsItem" methodname="ContainsItem_MockData_FindsItem" classname="GDX.ListExtensionsTests" runstate="Runnable" seed="812818623" result="Passed" start-time="2023-05-24 20:23:44Z" end-time="2023-05-24 20:23:44Z" duration="0.000317" asserts="0">
            <properties>
              <property name="Category" value="GDX.Tests" />
            </properties>
            <output><![CDATA[[Code Coverage] Code Coverage results for visited sequence points were saved in D:/BuildAgent/work/GDX-Documentation/Staging/CodeCoverage/GDX_Development-opencov/EditMode/TestCoverageResults_0406.xml
[Code Coverage] Code Coverage requires Burst Compilation to be disabled in order to obtain accurate coverage information. To disable Burst Compilation uncheck Jobs > Burst > Enable Compilation or pass '--burst-disable-compilation' to the command line in batchmode.
]]></output>
          </test-case>
          <test-case id="1059" name="ContainsItem_StringArray_FindsItem" fullname="GDX.ListExtensionsTests.ContainsItem_StringArray_FindsItem" methodname="ContainsItem_StringArray_FindsItem" classname="GDX.ListExtensionsTests" runstate="Runnable" seed="1752229036" result="Passed" start-time="2023-05-24 20:23:45Z" end-time="2023-05-24 20:23:45Z" duration="0.000273" asserts="0">
            <properties>
              <property name="Category" value="GDX.Tests" />
            </properties>
            <output><![CDATA[[Code Coverage] Code Coverage results for visited sequence points were saved in D:/BuildAgent/work/GDX-Documentation/Staging/CodeCoverage/GDX_Development-opencov/EditMode/TestCoverageResults_0407.xml
[Code Coverage] Code Coverage requires Burst Compilation to be disabled in order to obtain accurate coverage information. To disable Burst Compilation uncheck Jobs > Burst > Enable Compilation or pass '--burst-disable-compilation' to the command line in batchmode.
]]></output>
          </test-case>
          <test-case id="1061" name="RemoveFirstItem_BadMockData_ReturnsFalse" fullname="GDX.ListExtensionsTests.RemoveFirstItem_BadMockData_ReturnsFalse" methodname="RemoveFirstItem_BadMockData_ReturnsFalse" classname="GDX.ListExtensionsTests" runstate="Runnable" seed="497405657" result="Passed" start-time="2023-05-24 20:23:47Z" end-time="2023-05-24 20:23:47Z" duration="0.000451" asserts="0">
            <properties>
              <property name="Category" value="GDX.Tests" />
            </properties>
            <output><![CDATA[[Code Coverage] Code Coverage results for visited sequence points were saved in D:/BuildAgent/work/GDX-Documentation/Staging/CodeCoverage/GDX_Development-opencov/EditMode/TestCoverageResults_0408.xml
[Code Coverage] Code Coverage requires Burst Compilation to be disabled in order to obtain accurate coverage information. To disable Burst Compilation uncheck Jobs > Burst > Enable Compilation or pass '--burst-disable-compilation' to the command line in batchmode.
]]></output>
          </test-case>
          <test-case id="1060" name="RemoveFirstItem_MockData_RemovedItem" fullname="GDX.ListExtensionsTests.RemoveFirstItem_MockData_RemovedItem" methodname="RemoveFirstItem_MockData_RemovedItem" classname="GDX.ListExtensionsTests" runstate="Runnable" seed="499297400" result="Passed" start-time="2023-05-24 20:23:48Z" end-time="2023-05-24 20:23:48Z" duration="0.000431" asserts="0">
            <properties>
              <property name="Category" value="GDX.Tests" />
            </properties>
            <output><![CDATA[[Code Coverage] Code Coverage results for visited sequence points were saved in D:/BuildAgent/work/GDX-Documentation/Staging/CodeCoverage/GDX_Development-opencov/EditMode/TestCoverageResults_0409.xml
[Code Coverage] Code Coverage requires Burst Compilation to be disabled in order to obtain accurate coverage information. To disable Burst Compilation uncheck Jobs > Burst > Enable Compilation or pass '--burst-disable-compilation' to the command line in batchmode.
]]></output>
          </test-case>
          <test-case id="1065" name="RemoveItems_MockData_RemovedItems" fullname="GDX.ListExtensionsTests.RemoveItems_MockData_RemovedItems" methodname="RemoveItems_MockData_RemovedItems" classname="GDX.ListExtensionsTests" runstate="Runnable" seed="1315655617" result="Passed" start-time="2023-05-24 20:23:49Z" end-time="2023-05-24 20:23:49Z" duration="0.000527" asserts="0">
            <properties>
              <property name="Category" value="GDX.Tests" />
            </properties>
            <output><![CDATA[[Code Coverage] Code Coverage results for visited sequence points were saved in D:/BuildAgent/work/GDX-Documentation/Staging/CodeCoverage/GDX_Development-opencov/EditMode/TestCoverageResults_0410.xml
[Code Coverage] Code Coverage requires Burst Compilation to be disabled in order to obtain accurate coverage information. To disable Burst Compilation uncheck Jobs > Burst > Enable Compilation or pass '--burst-disable-compilation' to the command line in batchmode.
]]></output>
          </test-case>
          <test-case id="1062" name="RemoveItemSwap_MockData_RemovedItem" fullname="GDX.ListExtensionsTests.RemoveItemSwap_MockData_RemovedItem" methodname="RemoveItemSwap_MockData_RemovedItem" classname="GDX.ListExtensionsTests" runstate="Runnable" seed="1533605987" result="Passed" start-time="2023-05-24 20:23:50Z" end-time="2023-05-24 20:23:50Z" duration="0.000491" asserts="0">
            <properties>
              <property name="Category" value="GDX.Tests" />
            </properties>
            <output><![CDATA[[Code Coverage] Code Coverage results for visited sequence points were saved in D:/BuildAgent/work/GDX-Documentation/Staging/CodeCoverage/GDX_Development-opencov/EditMode/TestCoverageResults_0411.xml
[Code Coverage] Code Coverage requires Burst Compilation to be disabled in order to obtain accurate coverage information. To disable Burst Compilation uncheck Jobs > Burst > Enable Compilation or pass '--burst-disable-compilation' to the command line in batchmode.
]]></output>
          </test-case>
          <test-case id="1064" name="RemoveLastItem_BadMockData_ReturnsFalse" fullname="GDX.ListExtensionsTests.RemoveLastItem_BadMockData_ReturnsFalse" methodname="RemoveLastItem_BadMockData_ReturnsFalse" classname="GDX.ListExtensionsTests" runstate="Runnable" seed="1403834629" result="Passed" start-time="2023-05-24 20:23:51Z" end-time="2023-05-24 20:23:51Z" duration="0.000469" asserts="0">
            <properties>
              <property name="Category" value="GDX.Tests" />
            </properties>
            <output><![CDATA[[Code Coverage] Code Coverage results for visited sequence points were saved in D:/BuildAgent/work/GDX-Documentation/Staging/CodeCoverage/GDX_Development-opencov/EditMode/TestCoverageResults_0412.xml
[Code Coverage] Code Coverage requires Burst Compilation to be disabled in order to obtain accurate coverage information. To disable Burst Compilation uncheck Jobs > Burst > Enable Compilation or pass '--burst-disable-compilation' to the command line in batchmode.
]]></output>
          </test-case>
          <test-case id="1063" name="RemoveLastItem_MockData_RemovedItems" fullname="GDX.ListExtensionsTests.RemoveLastItem_MockData_RemovedItems" methodname="RemoveLastItem_MockData_RemovedItems" classname="GDX.ListExtensionsTests" runstate="Runnable" seed="409585461" result="Passed" start-time="2023-05-24 20:23:53Z" end-time="2023-05-24 20:23:53Z" duration="0.000408" asserts="0">
            <properties>
              <property name="Category" value="GDX.Tests" />
            </properties>
            <output><![CDATA[[Code Coverage] Code Coverage results for visited sequence points were saved in D:/BuildAgent/work/GDX-Documentation/Staging/CodeCoverage/GDX_Development-opencov/EditMode/TestCoverageResults_0413.xml
[Code Coverage] Code Coverage requires Burst Compilation to be disabled in order to obtain accurate coverage information. To disable Burst Compilation uncheck Jobs > Burst > Enable Compilation or pass '--burst-disable-compilation' to the command line in batchmode.
]]></output>
          </test-case>
          <test-case id="1066" name="Shuffle_MockData_HasDifferences" fullname="GDX.ListExtensionsTests.Shuffle_MockData_HasDifferences" methodname="Shuffle_MockData_HasDifferences" classname="GDX.ListExtensionsTests" runstate="Runnable" seed="1788623954" result="Passed" start-time="2023-05-24 20:23:54Z" end-time="2023-05-24 20:23:54Z" duration="0.000766" asserts="0">
            <properties>
              <property name="Category" value="GDX.Tests" />
            </properties>
            <output><![CDATA[[Code Coverage] Code Coverage results for visited sequence points were saved in D:/BuildAgent/work/GDX-Documentation/Staging/CodeCoverage/GDX_Development-opencov/EditMode/TestCoverageResults_0414.xml
[Code Coverage] Code Coverage requires Burst Compilation to be disabled in order to obtain accurate coverage information. To disable Burst Compilation uncheck Jobs > Burst > Enable Compilation or pass '--burst-disable-compilation' to the command line in batchmode.
]]></output>
          </test-case>
        </test-suite>
        <test-suite type="TestFixture" id="1067" name="LocalizationTests" fullname="GDX.LocalizationTests" classname="GDX.LocalizationTests" runstate="Runnable" testcasecount="3" result="Passed" start-time="2023-05-24 20:23:55Z" end-time="2023-05-24 20:23:59Z" duration="3.623222" total="3" passed="3" failed="0" inconclusive="0" skipped="0" asserts="0">
          <properties />
          <test-case id="1068" name="GetHumanReadableFileSize_100_ReturnsValidString" fullname="GDX.LocalizationTests.GetHumanReadableFileSize_100_ReturnsValidString" methodname="GetHumanReadableFileSize_100_ReturnsValidString" classname="GDX.LocalizationTests" runstate="Runnable" seed="165589568" result="Passed" start-time="2023-05-24 20:23:55Z" end-time="2023-05-24 20:23:55Z" duration="0.000342" asserts="0">
            <properties>
              <property name="Category" value="GDX.Tests" />
            </properties>
            <output><![CDATA[[Code Coverage] Code Coverage results for visited sequence points were saved in D:/BuildAgent/work/GDX-Documentation/Staging/CodeCoverage/GDX_Development-opencov/EditMode/TestCoverageResults_0415.xml
[Code Coverage] Code Coverage requires Burst Compilation to be disabled in order to obtain accurate coverage information. To disable Burst Compilation uncheck Jobs > Burst > Enable Compilation or pass '--burst-disable-compilation' to the command line in batchmode.
]]></output>
          </test-case>
          <test-case id="1069" name="GetHumanReadableFileSize_1024_ReturnsValidString" fullname="GDX.LocalizationTests.GetHumanReadableFileSize_1024_ReturnsValidString" methodname="GetHumanReadableFileSize_1024_ReturnsValidString" classname="GDX.LocalizationTests" runstate="Runnable" seed="1675456626" result="Passed" start-time="2023-05-24 20:23:56Z" end-time="2023-05-24 20:23:56Z" duration="0.000259" asserts="0">
            <properties>
              <property name="Category" value="GDX.Tests" />
            </properties>
            <output><![CDATA[[Code Coverage] Code Coverage results for visited sequence points were saved in D:/BuildAgent/work/GDX-Documentation/Staging/CodeCoverage/GDX_Development-opencov/EditMode/TestCoverageResults_0416.xml
[Code Coverage] Code Coverage requires Burst Compilation to be disabled in order to obtain accurate coverage information. To disable Burst Compilation uncheck Jobs > Burst > Enable Compilation or pass '--burst-disable-compilation' to the command line in batchmode.
]]></output>
          </test-case>
          <test-case id="1070" name="GetHumanReadableFileSize_1048576_ReturnsValidString" fullname="GDX.LocalizationTests.GetHumanReadableFileSize_1048576_ReturnsValidString" methodname="GetHumanReadableFileSize_1048576_ReturnsValidString" classname="GDX.LocalizationTests" runstate="Runnable" seed="2041430787" result="Passed" start-time="2023-05-24 20:23:58Z" end-time="2023-05-24 20:23:58Z" duration="0.000275" asserts="0">
            <properties>
              <property name="Category" value="GDX.Tests" />
            </properties>
            <output><![CDATA[[Code Coverage] Code Coverage results for visited sequence points were saved in D:/BuildAgent/work/GDX-Documentation/Staging/CodeCoverage/GDX_Development-opencov/EditMode/TestCoverageResults_0417.xml
[Code Coverage] Code Coverage requires Burst Compilation to be disabled in order to obtain accurate coverage information. To disable Burst Compilation uncheck Jobs > Burst > Enable Compilation or pass '--burst-disable-compilation' to the command line in batchmode.
]]></output>
          </test-case>
        </test-suite>
        <test-suite type="TestSuite" id="1751" name="Mathematics" fullname="GDX.Mathematics" runstate="Runnable" testcasecount="91" result="Passed" start-time="2023-05-24 20:23:59Z" end-time="2023-05-24 20:25:51Z" duration="112.037873" total="91" passed="91" failed="0" inconclusive="0" skipped="0" asserts="0">
          <properties />
          <test-suite type="TestFixture" id="1259" name="Byte2Tests" fullname="GDX.Mathematics.Byte2Tests" classname="GDX.Mathematics.Byte2Tests" runstate="Runnable" testcasecount="37" result="Passed" start-time="2023-05-24 20:23:59Z" end-time="2023-05-24 20:24:44Z" duration="45.647949" total="37" passed="37" failed="0" inconclusive="0" skipped="0" asserts="0">
            <properties />
            <test-case id="1276" name="Accessor_Get_InRange" fullname="GDX.Mathematics.Byte2Tests.Accessor_Get_InRange" methodname="Accessor_Get_InRange" classname="GDX.Mathematics.Byte2Tests" runstate="Runnable" seed="156650021" result="Passed" start-time="2023-05-24 20:23:59Z" end-time="2023-05-24 20:23:59Z" duration="0.000393" asserts="0">
              <properties>
                <property name="Category" value="GDX.Tests" />
              </properties>
              <output><![CDATA[[Code Coverage] Code Coverage results for visited sequence points were saved in D:/BuildAgent/work/GDX-Documentation/Staging/CodeCoverage/GDX_Development-opencov/EditMode/TestCoverageResults_0418.xml
[Code Coverage] Code Coverage requires Burst Compilation to be disabled in order to obtain accurate coverage information. To disable Burst Compilation uncheck Jobs > Burst > Enable Compilation or pass '--burst-disable-compilation' to the command line in batchmode.
]]></output>
            </test-case>
            <test-case id="1277" name="Accessor_Get_OutOfRange" fullname="GDX.Mathematics.Byte2Tests.Accessor_Get_OutOfRange" methodname="Accessor_Get_OutOfRange" classname="GDX.Mathematics.Byte2Tests" runstate="Runnable" seed="2093053677" result="Passed" start-time="2023-05-24 20:24:00Z" end-time="2023-05-24 20:24:00Z" duration="0.000402" asserts="0">
              <properties>
                <property name="Category" value="GDX.Tests" />
              </properties>
              <output><![CDATA[[Code Coverage] Code Coverage results for visited sequence points were saved in D:/BuildAgent/work/GDX-Documentation/Staging/CodeCoverage/GDX_Development-opencov/EditMode/TestCoverageResults_0419.xml
[Code Coverage] Code Coverage requires Burst Compilation to be disabled in order to obtain accurate coverage information. To disable Burst Compilation uncheck Jobs > Burst > Enable Compilation or pass '--burst-disable-compilation' to the command line in batchmode.
]]></output>
            </test-case>
            <test-case id="1278" name="Accessor_Set_InRange" fullname="GDX.Mathematics.Byte2Tests.Accessor_Set_InRange" methodname="Accessor_Set_InRange" classname="GDX.Mathematics.Byte2Tests" runstate="Runnable" seed="1502716358" result="Passed" start-time="2023-05-24 20:24:01Z" end-time="2023-05-24 20:24:01Z" duration="0.000396" asserts="0">
              <properties>
                <property name="Category" value="GDX.Tests" />
              </properties>
              <output><![CDATA[[Code Coverage] Code Coverage results for visited sequence points were saved in D:/BuildAgent/work/GDX-Documentation/Staging/CodeCoverage/GDX_Development-opencov/EditMode/TestCoverageResults_0420.xml
[Code Coverage] Code Coverage requires Burst Compilation to be disabled in order to obtain accurate coverage information. To disable Burst Compilation uncheck Jobs > Burst > Enable Compilation or pass '--burst-disable-compilation' to the command line in batchmode.
]]></output>
            </test-case>
            <test-case id="1279" name="Accessor_Set_OutOfRange" fullname="GDX.Mathematics.Byte2Tests.Accessor_Set_OutOfRange" methodname="Accessor_Set_OutOfRange" classname="GDX.Mathematics.Byte2Tests" runstate="Runnable" seed="1203867999" result="Passed" start-time="2023-05-24 20:24:02Z" end-time="2023-05-24 20:24:02Z" duration="0.000569" asserts="0">
              <properties>
                <property name="Category" value="GDX.Tests" />
              </properties>
              <output><![CDATA[[Code Coverage] Code Coverage results for visited sequence points were saved in D:/BuildAgent/work/GDX-Documentation/Staging/CodeCoverage/GDX_Development-opencov/EditMode/TestCoverageResults_0421.xml
[Code Coverage] Code Coverage requires Burst Compilation to be disabled in order to obtain accurate coverage information. To disable Burst Compilation uncheck Jobs > Burst > Enable Compilation or pass '--burst-disable-compilation' to the command line in batchmode.
]]></output>
            </test-case>
            <test-case id="1264" name="Constructor_CreateFromBool" fullname="GDX.Mathematics.Byte2Tests.Constructor_CreateFromBool" methodname="Constructor_CreateFromBool" classname="GDX.Mathematics.Byte2Tests" runstate="Runnable" seed="1468939880" result="Passed" start-time="2023-05-24 20:24:04Z" end-time="2023-05-24 20:24:04Z" duration="0.000325" asserts="0">
              <properties>
                <property name="Category" value="GDX.Tests" />
              </properties>
              <output><![CDATA[[Code Coverage] Code Coverage results for visited sequence points were saved in D:/BuildAgent/work/GDX-Documentation/Staging/CodeCoverage/GDX_Development-opencov/EditMode/TestCoverageResults_0422.xml
[Code Coverage] Code Coverage requires Burst Compilation to be disabled in order to obtain accurate coverage information. To disable Burst Compilation uncheck Jobs > Burst > Enable Compilation or pass '--burst-disable-compilation' to the command line in batchmode.
]]></output>
            </test-case>
            <test-case id="1265" name="Constructor_CreateFromBool2" fullname="GDX.Mathematics.Byte2Tests.Constructor_CreateFromBool2" methodname="Constructor_CreateFromBool2" classname="GDX.Mathematics.Byte2Tests" runstate="Runnable" seed="250781952" result="Passed" start-time="2023-05-24 20:24:05Z" end-time="2023-05-24 20:24:05Z" duration="0.000398" asserts="0">
              <properties>
                <property name="Category" value="GDX.Tests" />
              </properties>
              <output><![CDATA[[Code Coverage] Code Coverage results for visited sequence points were saved in D:/BuildAgent/work/GDX-Documentation/Staging/CodeCoverage/GDX_Development-opencov/EditMode/TestCoverageResults_0423.xml
[Code Coverage] Code Coverage requires Burst Compilation to be disabled in order to obtain accurate coverage information. To disable Burst Compilation uncheck Jobs > Burst > Enable Compilation or pass '--burst-disable-compilation' to the command line in batchmode.
]]></output>
            </test-case>
            <test-case id="1262" name="Constructor_CreateFromByte" fullname="GDX.Mathematics.Byte2Tests.Constructor_CreateFromByte" methodname="Constructor_CreateFromByte" classname="GDX.Mathematics.Byte2Tests" runstate="Runnable" seed="1223497148" result="Passed" start-time="2023-05-24 20:24:06Z" end-time="2023-05-24 20:24:06Z" duration="0.000309" asserts="0">
              <properties>
                <property name="Category" value="GDX.Tests" />
              </properties>
              <output><![CDATA[[Code Coverage] Code Coverage results for visited sequence points were saved in D:/BuildAgent/work/GDX-Documentation/Staging/CodeCoverage/GDX_Development-opencov/EditMode/TestCoverageResults_0424.xml
[Code Coverage] Code Coverage requires Burst Compilation to be disabled in order to obtain accurate coverage information. To disable Burst Compilation uncheck Jobs > Burst > Enable Compilation or pass '--burst-disable-compilation' to the command line in batchmode.
]]></output>
            </test-case>
            <test-case id="1263" name="Constructor_CreateFromByte2" fullname="GDX.Mathematics.Byte2Tests.Constructor_CreateFromByte2" methodname="Constructor_CreateFromByte2" classname="GDX.Mathematics.Byte2Tests" runstate="Runnable" seed="1677734633" result="Passed" start-time="2023-05-24 20:24:07Z" end-time="2023-05-24 20:24:07Z" duration="0.000332" asserts="0">
              <properties>
                <property name="Category" value="GDX.Tests" />
              </properties>
              <output><![CDATA[[Code Coverage] Code Coverage results for visited sequence points were saved in D:/BuildAgent/work/GDX-Documentation/Staging/CodeCoverage/GDX_Development-opencov/EditMode/TestCoverageResults_0425.xml
[Code Coverage] Code Coverage requires Burst Compilation to be disabled in order to obtain accurate coverage information. To disable Burst Compilation uncheck Jobs > Burst > Enable Compilation or pass '--burst-disable-compilation' to the command line in batchmode.
]]></output>
            </test-case>
            <test-case id="1261" name="Constructor_CreateFromBytes" fullname="GDX.Mathematics.Byte2Tests.Constructor_CreateFromBytes" methodname="Constructor_CreateFromBytes" classname="GDX.Mathematics.Byte2Tests" runstate="Runnable" seed="55174773" result="Passed" start-time="2023-05-24 20:24:08Z" end-time="2023-05-24 20:24:08Z" duration="0.000323" asserts="0">
              <properties>
                <property name="Category" value="GDX.Tests" />
              </properties>
              <output><![CDATA[[Code Coverage] Code Coverage results for visited sequence points were saved in D:/BuildAgent/work/GDX-Documentation/Staging/CodeCoverage/GDX_Development-opencov/EditMode/TestCoverageResults_0426.xml
[Code Coverage] Code Coverage requires Burst Compilation to be disabled in order to obtain accurate coverage information. To disable Burst Compilation uncheck Jobs > Burst > Enable Compilation or pass '--burst-disable-compilation' to the command line in batchmode.
]]></output>
            </test-case>
            <test-case id="1268" name="Constructor_CreateFromDouble" fullname="GDX.Mathematics.Byte2Tests.Constructor_CreateFromDouble" methodname="Constructor_CreateFromDouble" classname="GDX.Mathematics.Byte2Tests" runstate="Runnable" seed="1364366525" result="Passed" start-time="2023-05-24 20:24:10Z" end-time="2023-05-24 20:24:10Z" duration="0.000313" asserts="0">
              <properties>
                <property name="Category" value="GDX.Tests" />
              </properties>
              <output><![CDATA[[Code Coverage] Code Coverage results for visited sequence points were saved in D:/BuildAgent/work/GDX-Documentation/Staging/CodeCoverage/GDX_Development-opencov/EditMode/TestCoverageResults_0427.xml
[Code Coverage] Code Coverage requires Burst Compilation to be disabled in order to obtain accurate coverage information. To disable Burst Compilation uncheck Jobs > Burst > Enable Compilation or pass '--burst-disable-compilation' to the command line in batchmode.
]]></output>
            </test-case>
            <test-case id="1269" name="Constructor_CreateFromDouble2" fullname="GDX.Mathematics.Byte2Tests.Constructor_CreateFromDouble2" methodname="Constructor_CreateFromDouble2" classname="GDX.Mathematics.Byte2Tests" runstate="Runnable" seed="1516725793" result="Passed" start-time="2023-05-24 20:24:11Z" end-time="2023-05-24 20:24:11Z" duration="0.000412" asserts="0">
              <properties>
                <property name="Category" value="GDX.Tests" />
              </properties>
              <output><![CDATA[[Code Coverage] Code Coverage results for visited sequence points were saved in D:/BuildAgent/work/GDX-Documentation/Staging/CodeCoverage/GDX_Development-opencov/EditMode/TestCoverageResults_0428.xml
[Code Coverage] Code Coverage requires Burst Compilation to be disabled in order to obtain accurate coverage information. To disable Burst Compilation uncheck Jobs > Burst > Enable Compilation or pass '--burst-disable-compilation' to the command line in batchmode.
]]></output>
            </test-case>
            <test-case id="1266" name="Constructor_CreateFromFloat" fullname="GDX.Mathematics.Byte2Tests.Constructor_CreateFromFloat" methodname="Constructor_CreateFromFloat" classname="GDX.Mathematics.Byte2Tests" runstate="Runnable" seed="325724997" result="Passed" start-time="2023-05-24 20:24:12Z" end-time="2023-05-24 20:24:12Z" duration="0.000321" asserts="0">
              <properties>
                <property name="Category" value="GDX.Tests" />
              </properties>
              <output><![CDATA[[Code Coverage] Code Coverage results for visited sequence points were saved in D:/BuildAgent/work/GDX-Documentation/Staging/CodeCoverage/GDX_Development-opencov/EditMode/TestCoverageResults_0429.xml
[Code Coverage] Code Coverage requires Burst Compilation to be disabled in order to obtain accurate coverage information. To disable Burst Compilation uncheck Jobs > Burst > Enable Compilation or pass '--burst-disable-compilation' to the command line in batchmode.
]]></output>
            </test-case>
            <test-case id="1267" name="Constructor_CreateFromFloat2" fullname="GDX.Mathematics.Byte2Tests.Constructor_CreateFromFloat2" methodname="Constructor_CreateFromFloat2" classname="GDX.Mathematics.Byte2Tests" runstate="Runnable" seed="341008320" result="Passed" start-time="2023-05-24 20:24:13Z" end-time="2023-05-24 20:24:13Z" duration="0.000410" asserts="0">
              <properties>
                <property name="Category" value="GDX.Tests" />
              </properties>
              <output><![CDATA[[Code Coverage] Code Coverage results for visited sequence points were saved in D:/BuildAgent/work/GDX-Documentation/Staging/CodeCoverage/GDX_Development-opencov/EditMode/TestCoverageResults_0430.xml
[Code Coverage] Code Coverage requires Burst Compilation to be disabled in order to obtain accurate coverage information. To disable Burst Compilation uncheck Jobs > Burst > Enable Compilation or pass '--burst-disable-compilation' to the command line in batchmode.
]]></output>
            </test-case>
            <test-case id="1260" name="Constructor_CreateFromInteger" fullname="GDX.Mathematics.Byte2Tests.Constructor_CreateFromInteger" methodname="Constructor_CreateFromInteger" classname="GDX.Mathematics.Byte2Tests" runstate="Runnable" seed="678355246" result="Passed" start-time="2023-05-24 20:24:15Z" end-time="2023-05-24 20:24:15Z" duration="0.000290" asserts="0">
              <properties>
                <property name="Category" value="GDX.Tests" />
              </properties>
              <output><![CDATA[[Code Coverage] Code Coverage results for visited sequence points were saved in D:/BuildAgent/work/GDX-Documentation/Staging/CodeCoverage/GDX_Development-opencov/EditMode/TestCoverageResults_0431.xml
[Code Coverage] Code Coverage requires Burst Compilation to be disabled in order to obtain accurate coverage information. To disable Burst Compilation uncheck Jobs > Burst > Enable Compilation or pass '--burst-disable-compilation' to the command line in batchmode.
]]></output>
            </test-case>
            <test-case id="1280" name="Equals_Compare_Byte2" fullname="GDX.Mathematics.Byte2Tests.Equals_Compare_Byte2" methodname="Equals_Compare_Byte2" classname="GDX.Mathematics.Byte2Tests" runstate="Runnable" seed="163209034" result="Passed" start-time="2023-05-24 20:24:16Z" end-time="2023-05-24 20:24:16Z" duration="0.000330" asserts="0">
              <properties>
                <property name="Category" value="GDX.Tests" />
              </properties>
              <output><![CDATA[[Code Coverage] Code Coverage results for visited sequence points were saved in D:/BuildAgent/work/GDX-Documentation/Staging/CodeCoverage/GDX_Development-opencov/EditMode/TestCoverageResults_0432.xml
[Code Coverage] Code Coverage requires Burst Compilation to be disabled in order to obtain accurate coverage information. To disable Burst Compilation uncheck Jobs > Burst > Enable Compilation or pass '--burst-disable-compilation' to the command line in batchmode.
]]></output>
            </test-case>
            <test-case id="1281" name="Equals_Compare_Object" fullname="GDX.Mathematics.Byte2Tests.Equals_Compare_Object" methodname="Equals_Compare_Object" classname="GDX.Mathematics.Byte2Tests" runstate="Runnable" seed="1115494683" result="Passed" start-time="2023-05-24 20:24:17Z" end-time="2023-05-24 20:24:17Z" duration="0.000349" asserts="0">
              <properties>
                <property name="Category" value="GDX.Tests" />
              </properties>
              <output><![CDATA[[Code Coverage] Code Coverage results for visited sequence points were saved in D:/BuildAgent/work/GDX-Documentation/Staging/CodeCoverage/GDX_Development-opencov/EditMode/TestCoverageResults_0433.xml
[Code Coverage] Code Coverage requires Burst Compilation to be disabled in order to obtain accurate coverage information. To disable Burst Compilation uncheck Jobs > Burst > Enable Compilation or pass '--burst-disable-compilation' to the command line in batchmode.
]]></output>
            </test-case>
            <test-case id="1295" name="Operator_Addition_Byte" fullname="GDX.Mathematics.Byte2Tests.Operator_Addition_Byte" methodname="Operator_Addition_Byte" classname="GDX.Mathematics.Byte2Tests" runstate="Runnable" seed="1854497717" result="Passed" start-time="2023-05-24 20:24:18Z" end-time="2023-05-24 20:24:18Z" duration="0.000346" asserts="0">
              <properties>
                <property name="Category" value="GDX.Tests" />
              </properties>
              <output><![CDATA[[Code Coverage] Code Coverage results for visited sequence points were saved in D:/BuildAgent/work/GDX-Documentation/Staging/CodeCoverage/GDX_Development-opencov/EditMode/TestCoverageResults_0434.xml
[Code Coverage] Code Coverage requires Burst Compilation to be disabled in order to obtain accurate coverage information. To disable Burst Compilation uncheck Jobs > Burst > Enable Compilation or pass '--burst-disable-compilation' to the command line in batchmode.
]]></output>
            </test-case>
            <test-case id="1294" name="Operator_Addition_Byte2" fullname="GDX.Mathematics.Byte2Tests.Operator_Addition_Byte2" methodname="Operator_Addition_Byte2" classname="GDX.Mathematics.Byte2Tests" runstate="Runnable" seed="879587959" result="Passed" start-time="2023-05-24 20:24:19Z" end-time="2023-05-24 20:24:19Z" duration="0.000374" asserts="0">
              <properties>
                <property name="Category" value="GDX.Tests" />
              </properties>
              <output><![CDATA[[Code Coverage] Code Coverage results for visited sequence points were saved in D:/BuildAgent/work/GDX-Documentation/Staging/CodeCoverage/GDX_Development-opencov/EditMode/TestCoverageResults_0435.xml
[Code Coverage] Code Coverage requires Burst Compilation to be disabled in order to obtain accurate coverage information. To disable Burst Compilation uncheck Jobs > Burst > Enable Compilation or pass '--burst-disable-compilation' to the command line in batchmode.
]]></output>
            </test-case>
            <test-case id="1296" name="Operator_Addition_ByteBy" fullname="GDX.Mathematics.Byte2Tests.Operator_Addition_ByteBy" methodname="Operator_Addition_ByteBy" classname="GDX.Mathematics.Byte2Tests" runstate="Runnable" seed="137421562" result="Passed" start-time="2023-05-24 20:24:21Z" end-time="2023-05-24 20:24:21Z" duration="0.000353" asserts="0">
              <properties>
                <property name="Category" value="GDX.Tests" />
              </properties>
              <output><![CDATA[[Code Coverage] Code Coverage results for visited sequence points were saved in D:/BuildAgent/work/GDX-Documentation/Staging/CodeCoverage/GDX_Development-opencov/EditMode/TestCoverageResults_0436.xml
[Code Coverage] Code Coverage requires Burst Compilation to be disabled in order to obtain accurate coverage information. To disable Burst Compilation uncheck Jobs > Burst > Enable Compilation or pass '--burst-disable-compilation' to the command line in batchmode.
]]></output>
            </test-case>
            <test-case id="1285" name="Operator_Explicit_Bool" fullname="GDX.Mathematics.Byte2Tests.Operator_Explicit_Bool" methodname="Operator_Explicit_Bool" classname="GDX.Mathematics.Byte2Tests" runstate="Runnable" seed="348446640" result="Passed" start-time="2023-05-24 20:24:22Z" end-time="2023-05-24 20:24:22Z" duration="0.000335" asserts="0">
              <properties>
                <property name="Category" value="GDX.Tests" />
              </properties>
              <output><![CDATA[[Code Coverage] Code Coverage results for visited sequence points were saved in D:/BuildAgent/work/GDX-Documentation/Staging/CodeCoverage/GDX_Development-opencov/EditMode/TestCoverageResults_0437.xml
[Code Coverage] Code Coverage requires Burst Compilation to be disabled in order to obtain accurate coverage information. To disable Burst Compilation uncheck Jobs > Burst > Enable Compilation or pass '--burst-disable-compilation' to the command line in batchmode.
]]></output>
            </test-case>
            <test-case id="1288" name="Operator_Explicit_Bool2" fullname="GDX.Mathematics.Byte2Tests.Operator_Explicit_Bool2" methodname="Operator_Explicit_Bool2" classname="GDX.Mathematics.Byte2Tests" runstate="Runnable" seed="1664908373" result="Passed" start-time="2023-05-24 20:24:23Z" end-time="2023-05-24 20:24:23Z" duration="0.000348" asserts="0">
              <properties>
                <property name="Category" value="GDX.Tests" />
              </properties>
              <output><![CDATA[[Code Coverage] Code Coverage results for visited sequence points were saved in D:/BuildAgent/work/GDX-Documentation/Staging/CodeCoverage/GDX_Development-opencov/EditMode/TestCoverageResults_0438.xml
[Code Coverage] Code Coverage requires Burst Compilation to be disabled in order to obtain accurate coverage information. To disable Burst Compilation uncheck Jobs > Burst > Enable Compilation or pass '--burst-disable-compilation' to the command line in batchmode.
]]></output>
            </test-case>
            <test-case id="1287" name="Operator_Explicit_Double" fullname="GDX.Mathematics.Byte2Tests.Operator_Explicit_Double" methodname="Operator_Explicit_Double" classname="GDX.Mathematics.Byte2Tests" runstate="Runnable" seed="927213039" result="Passed" start-time="2023-05-24 20:24:24Z" end-time="2023-05-24 20:24:24Z" duration="0.000328" asserts="0">
              <properties>
                <property name="Category" value="GDX.Tests" />
              </properties>
              <output><![CDATA[[Code Coverage] Code Coverage results for visited sequence points were saved in D:/BuildAgent/work/GDX-Documentation/Staging/CodeCoverage/GDX_Development-opencov/EditMode/TestCoverageResults_0439.xml
[Code Coverage] Code Coverage requires Burst Compilation to be disabled in order to obtain accurate coverage information. To disable Burst Compilation uncheck Jobs > Burst > Enable Compilation or pass '--burst-disable-compilation' to the command line in batchmode.
]]></output>
            </test-case>
            <test-case id="1290" name="Operator_Explicit_Double2" fullname="GDX.Mathematics.Byte2Tests.Operator_Explicit_Double2" methodname="Operator_Explicit_Double2" classname="GDX.Mathematics.Byte2Tests" runstate="Runnable" seed="604807687" result="Passed" start-time="2023-05-24 20:24:25Z" end-time="2023-05-24 20:24:25Z" duration="0.000417" asserts="0">
              <properties>
                <property name="Category" value="GDX.Tests" />
              </properties>
              <output><![CDATA[[Code Coverage] Code Coverage results for visited sequence points were saved in D:/BuildAgent/work/GDX-Documentation/Staging/CodeCoverage/GDX_Development-opencov/EditMode/TestCoverageResults_0440.xml
[Code Coverage] Code Coverage requires Burst Compilation to be disabled in order to obtain accurate coverage information. To disable Burst Compilation uncheck Jobs > Burst > Enable Compilation or pass '--burst-disable-compilation' to the command line in batchmode.
]]></output>
            </test-case>
            <test-case id="1286" name="Operator_Explicit_Float" fullname="GDX.Mathematics.Byte2Tests.Operator_Explicit_Float" methodname="Operator_Explicit_Float" classname="GDX.Mathematics.Byte2Tests" runstate="Runnable" seed="1519697045" result="Passed" start-time="2023-05-24 20:24:27Z" end-time="2023-05-24 20:24:27Z" duration="0.000339" asserts="0">
              <properties>
                <property name="Category" value="GDX.Tests" />
              </properties>
              <output><![CDATA[[Code Coverage] Code Coverage results for visited sequence points were saved in D:/BuildAgent/work/GDX-Documentation/Staging/CodeCoverage/GDX_Development-opencov/EditMode/TestCoverageResults_0441.xml
[Code Coverage] Code Coverage requires Burst Compilation to be disabled in order to obtain accurate coverage information. To disable Burst Compilation uncheck Jobs > Burst > Enable Compilation or pass '--burst-disable-compilation' to the command line in batchmode.
]]></output>
            </test-case>
            <test-case id="1289" name="Operator_Explicit_Float2" fullname="GDX.Mathematics.Byte2Tests.Operator_Explicit_Float2" methodname="Operator_Explicit_Float2" classname="GDX.Mathematics.Byte2Tests" runstate="Runnable" seed="639430325" result="Passed" start-time="2023-05-24 20:24:28Z" end-time="2023-05-24 20:24:28Z" duration="0.000343" asserts="0">
              <properties>
                <property name="Category" value="GDX.Tests" />
              </properties>
              <output><![CDATA[[Code Coverage] Code Coverage results for visited sequence points were saved in D:/BuildAgent/work/GDX-Documentation/Staging/CodeCoverage/GDX_Development-opencov/EditMode/TestCoverageResults_0442.xml
[Code Coverage] Code Coverage requires Burst Compilation to be disabled in order to obtain accurate coverage information. To disable Burst Compilation uncheck Jobs > Burst > Enable Compilation or pass '--burst-disable-compilation' to the command line in batchmode.
]]></output>
            </test-case>
            <test-case id="1284" name="Operator_Implicit_Byte" fullname="GDX.Mathematics.Byte2Tests.Operator_Implicit_Byte" methodname="Operator_Implicit_Byte" classname="GDX.Mathematics.Byte2Tests" runstate="Runnable" seed="2006819556" result="Passed" start-time="2023-05-24 20:24:30Z" end-time="2023-05-24 20:24:30Z" duration="0.001141" asserts="0">
              <properties>
                <property name="Category" value="GDX.Tests" />
              </properties>
              <output><![CDATA[[Code Coverage] Code Coverage results for visited sequence points were saved in D:/BuildAgent/work/GDX-Documentation/Staging/CodeCoverage/GDX_Development-opencov/EditMode/TestCoverageResults_0443.xml
[Code Coverage] Code Coverage requires Burst Compilation to be disabled in order to obtain accurate coverage information. To disable Burst Compilation uncheck Jobs > Burst > Enable Compilation or pass '--burst-disable-compilation' to the command line in batchmode.
]]></output>
            </test-case>
            <test-case id="1291" name="Operator_Multiply_Byte" fullname="GDX.Mathematics.Byte2Tests.Operator_Multiply_Byte" methodname="Operator_Multiply_Byte" classname="GDX.Mathematics.Byte2Tests" runstate="Runnable" seed="484702825" result="Passed" start-time="2023-05-24 20:24:31Z" end-time="2023-05-24 20:24:31Z" duration="0.000352" asserts="0">
              <properties>
                <property name="Category" value="GDX.Tests" />
              </properties>
              <output><![CDATA[[Code Coverage] Code Coverage results for visited sequence points were saved in D:/BuildAgent/work/GDX-Documentation/Staging/CodeCoverage/GDX_Development-opencov/EditMode/TestCoverageResults_0444.xml
[Code Coverage] Code Coverage requires Burst Compilation to be disabled in order to obtain accurate coverage information. To disable Burst Compilation uncheck Jobs > Burst > Enable Compilation or pass '--burst-disable-compilation' to the command line in batchmode.
]]></output>
            </test-case>
            <test-case id="1292" name="Operator_Multiply_Byte2" fullname="GDX.Mathematics.Byte2Tests.Operator_Multiply_Byte2" methodname="Operator_Multiply_Byte2" classname="GDX.Mathematics.Byte2Tests" runstate="Runnable" seed="1166824957" result="Passed" start-time="2023-05-24 20:24:32Z" end-time="2023-05-24 20:24:32Z" duration="0.000382" asserts="0">
              <properties>
                <property name="Category" value="GDX.Tests" />
              </properties>
              <output><![CDATA[[Code Coverage] Code Coverage results for visited sequence points were saved in D:/BuildAgent/work/GDX-Documentation/Staging/CodeCoverage/GDX_Development-opencov/EditMode/TestCoverageResults_0445.xml
[Code Coverage] Code Coverage requires Burst Compilation to be disabled in order to obtain accurate coverage information. To disable Burst Compilation uncheck Jobs > Burst > Enable Compilation or pass '--burst-disable-compilation' to the command line in batchmode.
]]></output>
            </test-case>
            <test-case id="1293" name="Operator_Multiply_ByteBy" fullname="GDX.Mathematics.Byte2Tests.Operator_Multiply_ByteBy" methodname="Operator_Multiply_ByteBy" classname="GDX.Mathematics.Byte2Tests" runstate="Runnable" seed="1746089463" result="Passed" start-time="2023-05-24 20:24:33Z" end-time="2023-05-24 20:24:33Z" duration="0.000347" asserts="0">
              <properties>
                <property name="Category" value="GDX.Tests" />
              </properties>
              <output><![CDATA[[Code Coverage] Code Coverage results for visited sequence points were saved in D:/BuildAgent/work/GDX-Documentation/Staging/CodeCoverage/GDX_Development-opencov/EditMode/TestCoverageResults_0446.xml
[Code Coverage] Code Coverage requires Burst Compilation to be disabled in order to obtain accurate coverage information. To disable Burst Compilation uncheck Jobs > Burst > Enable Compilation or pass '--burst-disable-compilation' to the command line in batchmode.
]]></output>
            </test-case>
            <test-case id="1283" name="ToString_Format_ByteIntegerValues" fullname="GDX.Mathematics.Byte2Tests.ToString_Format_ByteIntegerValues" methodname="ToString_Format_ByteIntegerValues" classname="GDX.Mathematics.Byte2Tests" runstate="Runnable" seed="657193373" result="Passed" start-time="2023-05-24 20:24:35Z" end-time="2023-05-24 20:24:35Z" duration="0.000551" asserts="0">
              <properties>
                <property name="Category" value="GDX.Tests" />
              </properties>
              <output><![CDATA[[Code Coverage] Code Coverage results for visited sequence points were saved in D:/BuildAgent/work/GDX-Documentation/Staging/CodeCoverage/GDX_Development-opencov/EditMode/TestCoverageResults_0447.xml
[Code Coverage] Code Coverage requires Burst Compilation to be disabled in order to obtain accurate coverage information. To disable Burst Compilation uncheck Jobs > Burst > Enable Compilation or pass '--burst-disable-compilation' to the command line in batchmode.
]]></output>
            </test-case>
            <test-case id="1282" name="ToString_Output_ByteIntegerValues" fullname="GDX.Mathematics.Byte2Tests.ToString_Output_ByteIntegerValues" methodname="ToString_Output_ByteIntegerValues" classname="GDX.Mathematics.Byte2Tests" runstate="Runnable" seed="1368766162" result="Passed" start-time="2023-05-24 20:24:36Z" end-time="2023-05-24 20:24:36Z" duration="0.000563" asserts="0">
              <properties>
                <property name="Category" value="GDX.Tests" />
              </properties>
              <output><![CDATA[[Code Coverage] Code Coverage results for visited sequence points were saved in D:/BuildAgent/work/GDX-Documentation/Staging/CodeCoverage/GDX_Development-opencov/EditMode/TestCoverageResults_0448.xml
[Code Coverage] Code Coverage requires Burst Compilation to be disabled in order to obtain accurate coverage information. To disable Burst Compilation uncheck Jobs > Burst > Enable Compilation or pass '--burst-disable-compilation' to the command line in batchmode.
]]></output>
            </test-case>
            <test-case id="1270" name="XX_CreateNew" fullname="GDX.Mathematics.Byte2Tests.XX_CreateNew" methodname="XX_CreateNew" classname="GDX.Mathematics.Byte2Tests" runstate="Runnable" seed="1873510478" result="Passed" start-time="2023-05-24 20:24:37Z" end-time="2023-05-24 20:24:37Z" duration="0.000367" asserts="0">
              <properties>
                <property name="Category" value="GDX.Tests" />
              </properties>
              <output><![CDATA[[Code Coverage] Code Coverage results for visited sequence points were saved in D:/BuildAgent/work/GDX-Documentation/Staging/CodeCoverage/GDX_Development-opencov/EditMode/TestCoverageResults_0449.xml
[Code Coverage] Code Coverage requires Burst Compilation to be disabled in order to obtain accurate coverage information. To disable Burst Compilation uncheck Jobs > Burst > Enable Compilation or pass '--burst-disable-compilation' to the command line in batchmode.
]]></output>
            </test-case>
            <test-case id="1271" name="XY_CreateNew" fullname="GDX.Mathematics.Byte2Tests.XY_CreateNew" methodname="XY_CreateNew" classname="GDX.Mathematics.Byte2Tests" runstate="Runnable" seed="1649360040" result="Passed" start-time="2023-05-24 20:24:38Z" end-time="2023-05-24 20:24:38Z" duration="0.000345" asserts="0">
              <properties>
                <property name="Category" value="GDX.Tests" />
              </properties>
              <output><![CDATA[[Code Coverage] Code Coverage results for visited sequence points were saved in D:/BuildAgent/work/GDX-Documentation/Staging/CodeCoverage/GDX_Development-opencov/EditMode/TestCoverageResults_0450.xml
[Code Coverage] Code Coverage requires Burst Compilation to be disabled in order to obtain accurate coverage information. To disable Burst Compilation uncheck Jobs > Burst > Enable Compilation or pass '--burst-disable-compilation' to the command line in batchmode.
]]></output>
            </test-case>
            <test-case id="1272" name="XY_SetValue" fullname="GDX.Mathematics.Byte2Tests.XY_SetValue" methodname="XY_SetValue" classname="GDX.Mathematics.Byte2Tests" runstate="Runnable" seed="1538624438" result="Passed" start-time="2023-05-24 20:24:40Z" end-time="2023-05-24 20:24:40Z" duration="0.000335" asserts="0">
              <properties>
                <property name="Category" value="GDX.Tests" />
              </properties>
              <output><![CDATA[[Code Coverage] Code Coverage results for visited sequence points were saved in D:/BuildAgent/work/GDX-Documentation/Staging/CodeCoverage/GDX_Development-opencov/EditMode/TestCoverageResults_0451.xml
[Code Coverage] Code Coverage requires Burst Compilation to be disabled in order to obtain accurate coverage information. To disable Burst Compilation uncheck Jobs > Burst > Enable Compilation or pass '--burst-disable-compilation' to the command line in batchmode.
]]></output>
            </test-case>
            <test-case id="1273" name="YX_CreateNew" fullname="GDX.Mathematics.Byte2Tests.YX_CreateNew" methodname="YX_CreateNew" classname="GDX.Mathematics.Byte2Tests" runstate="Runnable" seed="936924357" result="Passed" start-time="2023-05-24 20:24:41Z" end-time="2023-05-24 20:24:41Z" duration="0.000329" asserts="0">
              <properties>
                <property name="Category" value="GDX.Tests" />
              </properties>
              <output><![CDATA[[Code Coverage] Code Coverage results for visited sequence points were saved in D:/BuildAgent/work/GDX-Documentation/Staging/CodeCoverage/GDX_Development-opencov/EditMode/TestCoverageResults_0452.xml
[Code Coverage] Code Coverage requires Burst Compilation to be disabled in order to obtain accurate coverage information. To disable Burst Compilation uncheck Jobs > Burst > Enable Compilation or pass '--burst-disable-compilation' to the command line in batchmode.
]]></output>
            </test-case>
            <test-case id="1274" name="YX_SetValue" fullname="GDX.Mathematics.Byte2Tests.YX_SetValue" methodname="YX_SetValue" classname="GDX.Mathematics.Byte2Tests" runstate="Runnable" seed="488523625" result="Passed" start-time="2023-05-24 20:24:42Z" end-time="2023-05-24 20:24:42Z" duration="0.000338" asserts="0">
              <properties>
                <property name="Category" value="GDX.Tests" />
              </properties>
              <output><![CDATA[[Code Coverage] Code Coverage results for visited sequence points were saved in D:/BuildAgent/work/GDX-Documentation/Staging/CodeCoverage/GDX_Development-opencov/EditMode/TestCoverageResults_0453.xml
[Code Coverage] Code Coverage requires Burst Compilation to be disabled in order to obtain accurate coverage information. To disable Burst Compilation uncheck Jobs > Burst > Enable Compilation or pass '--burst-disable-compilation' to the command line in batchmode.
]]></output>
            </test-case>
            <test-case id="1275" name="YY_CreateNew" fullname="GDX.Mathematics.Byte2Tests.YY_CreateNew" methodname="YY_CreateNew" classname="GDX.Mathematics.Byte2Tests" runstate="Runnable" seed="621063258" result="Passed" start-time="2023-05-24 20:24:43Z" end-time="2023-05-24 20:24:43Z" duration="0.000335" asserts="0">
              <properties>
                <property name="Category" value="GDX.Tests" />
              </properties>
              <output><![CDATA[[Code Coverage] Code Coverage results for visited sequence points were saved in D:/BuildAgent/work/GDX-Documentation/Staging/CodeCoverage/GDX_Development-opencov/EditMode/TestCoverageResults_0454.xml
[Code Coverage] Code Coverage requires Burst Compilation to be disabled in order to obtain accurate coverage information. To disable Burst Compilation uncheck Jobs > Burst > Enable Compilation or pass '--burst-disable-compilation' to the command line in batchmode.
]]></output>
            </test-case>
          </test-suite>
          <test-suite type="TestSuite" id="1752" name="Random" fullname="GDX.Mathematics.Random" runstate="Runnable" testcasecount="42" result="Passed" start-time="2023-05-24 20:24:44Z" end-time="2023-05-24 20:25:36Z" duration="51.855305" total="42" passed="42" failed="0" inconclusive="0" skipped="0" asserts="0">
            <properties />
            <test-suite type="TestFixture" id="1310" name="RandomAdaptorTests" fullname="GDX.Mathematics.Random.RandomAdaptorTests" classname="GDX.Mathematics.Random.RandomAdaptorTests" runstate="Runnable" testcasecount="6" result="Passed" start-time="2023-05-24 20:24:44Z" end-time="2023-05-24 20:24:52Z" duration="7.277756" total="6" passed="6" failed="0" inconclusive="0" skipped="0" asserts="0">
              <properties />
              <test-case id="1313" name="Next_MaxValue_ValuesInRange" fullname="GDX.Mathematics.Random.RandomAdaptorTests.Next_MaxValue_ValuesInRange" methodname="Next_MaxValue_ValuesInRange" classname="GDX.Mathematics.Random.RandomAdaptorTests" runstate="Runnable" seed="809573001" result="Passed" start-time="2023-05-24 20:24:44Z" end-time="2023-05-24 20:24:44Z" duration="0.000531" asserts="0">
                <properties>
                  <property name="Category" value="GDX.Tests" />
                </properties>
                <output><![CDATA[[Code Coverage] Code Coverage results for visited sequence points were saved in D:/BuildAgent/work/GDX-Documentation/Staging/CodeCoverage/GDX_Development-opencov/EditMode/TestCoverageResults_0455.xml
[Code Coverage] Code Coverage requires Burst Compilation to be disabled in order to obtain accurate coverage information. To disable Burst Compilation uncheck Jobs > Burst > Enable Compilation or pass '--burst-disable-compilation' to the command line in batchmode.
]]></output>
              </test-case>
              <test-case id="1312" name="Next_MockData_DifferentValues" fullname="GDX.Mathematics.Random.RandomAdaptorTests.Next_MockData_DifferentValues" methodname="Next_MockData_DifferentValues" classname="GDX.Mathematics.Random.RandomAdaptorTests" runstate="Runnable" seed="1067833933" result="Passed" start-time="2023-05-24 20:24:46Z" end-time="2023-05-24 20:24:46Z" duration="0.000710" asserts="0">
                <properties>
                  <property name="Category" value="GDX.Tests" />
                </properties>
                <output><![CDATA[[Code Coverage] Code Coverage results for visited sequence points were saved in D:/BuildAgent/work/GDX-Documentation/Staging/CodeCoverage/GDX_Development-opencov/EditMode/TestCoverageResults_0456.xml
[Code Coverage] Code Coverage requires Burst Compilation to be disabled in order to obtain accurate coverage information. To disable Burst Compilation uncheck Jobs > Burst > Enable Compilation or pass '--burst-disable-compilation' to the command line in batchmode.
]]></output>
              </test-case>
              <test-case id="1314" name="Next_Range_ValuesInRange" fullname="GDX.Mathematics.Random.RandomAdaptorTests.Next_Range_ValuesInRange" methodname="Next_Range_ValuesInRange" classname="GDX.Mathematics.Random.RandomAdaptorTests" runstate="Runnable" seed="1024113580" result="Passed" start-time="2023-05-24 20:24:47Z" end-time="2023-05-24 20:24:47Z" duration="0.000436" asserts="0">
                <properties>
                  <property name="Category" value="GDX.Tests" />
                </properties>
                <output><![CDATA[[Code Coverage] Code Coverage results for visited sequence points were saved in D:/BuildAgent/work/GDX-Documentation/Staging/CodeCoverage/GDX_Development-opencov/EditMode/TestCoverageResults_0457.xml
[Code Coverage] Code Coverage requires Burst Compilation to be disabled in order to obtain accurate coverage information. To disable Burst Compilation uncheck Jobs > Burst > Enable Compilation or pass '--burst-disable-compilation' to the command line in batchmode.
]]></output>
              </test-case>
              <test-case id="1316" name="NextBytes_MockData_FillsBuffer" fullname="GDX.Mathematics.Random.RandomAdaptorTests.NextBytes_MockData_FillsBuffer" methodname="NextBytes_MockData_FillsBuffer" classname="GDX.Mathematics.Random.RandomAdaptorTests" runstate="Runnable" seed="830601582" result="Passed" start-time="2023-05-24 20:24:48Z" end-time="2023-05-24 20:24:48Z" duration="0.000607" asserts="0">
                <properties>
                  <property name="Category" value="GDX.Tests" />
                </properties>
                <output><![CDATA[[Code Coverage] Code Coverage results for visited sequence points were saved in D:/BuildAgent/work/GDX-Documentation/Staging/CodeCoverage/GDX_Development-opencov/EditMode/TestCoverageResults_0458.xml
[Code Coverage] Code Coverage requires Burst Compilation to be disabled in order to obtain accurate coverage information. To disable Burst Compilation uncheck Jobs > Burst > Enable Compilation or pass '--burst-disable-compilation' to the command line in batchmode.
]]></output>
              </test-case>
              <test-case id="1315" name="NextDouble_MockData_DifferentValues" fullname="GDX.Mathematics.Random.RandomAdaptorTests.NextDouble_MockData_DifferentValues" methodname="NextDouble_MockData_DifferentValues" classname="GDX.Mathematics.Random.RandomAdaptorTests" runstate="Runnable" seed="1326176080" result="Passed" start-time="2023-05-24 20:24:49Z" end-time="2023-05-24 20:24:49Z" duration="0.000486" asserts="0">
                <properties>
                  <property name="Category" value="GDX.Tests" />
                </properties>
                <output><![CDATA[[Code Coverage] Code Coverage results for visited sequence points were saved in D:/BuildAgent/work/GDX-Documentation/Staging/CodeCoverage/GDX_Development-opencov/EditMode/TestCoverageResults_0459.xml
[Code Coverage] Code Coverage requires Burst Compilation to be disabled in order to obtain accurate coverage information. To disable Burst Compilation uncheck Jobs > Burst > Enable Compilation or pass '--burst-disable-compilation' to the command line in batchmode.
]]></output>
              </test-case>
              <test-case id="1311" name="RandomAdaptor_FromWELL1024a_Created" fullname="GDX.Mathematics.Random.RandomAdaptorTests.RandomAdaptor_FromWELL1024a_Created" methodname="RandomAdaptor_FromWELL1024a_Created" classname="GDX.Mathematics.Random.RandomAdaptorTests" runstate="Runnable" seed="1325842379" result="Passed" start-time="2023-05-24 20:24:50Z" end-time="2023-05-24 20:24:50Z" duration="0.000374" asserts="0">
                <properties>
                  <property name="Category" value="GDX.Tests" />
                </properties>
                <output><![CDATA[[Code Coverage] Code Coverage results for visited sequence points were saved in D:/BuildAgent/work/GDX-Documentation/Staging/CodeCoverage/GDX_Development-opencov/EditMode/TestCoverageResults_0460.xml
[Code Coverage] Code Coverage requires Burst Compilation to be disabled in order to obtain accurate coverage information. To disable Burst Compilation uncheck Jobs > Burst > Enable Compilation or pass '--burst-disable-compilation' to the command line in batchmode.
]]></output>
              </test-case>
            </test-suite>
            <test-suite type="TestFixture" id="1317" name="RandomWrapperTests" fullname="GDX.Mathematics.Random.RandomWrapperTests" classname="GDX.Mathematics.Random.RandomWrapperTests" runstate="Runnable" testcasecount="11" result="Passed" start-time="2023-05-24 20:24:52Z" end-time="2023-05-24 20:25:05Z" duration="13.341704" total="11" passed="11" failed="0" inconclusive="0" skipped="0" asserts="0">
              <properties />
              <test-case id="1321" name="NextBoolean_FixedSeed_ReturnsFalse" fullname="GDX.Mathematics.Random.RandomWrapperTests.NextBoolean_FixedSeed_ReturnsFalse" methodname="NextBoolean_FixedSeed_ReturnsFalse" classname="GDX.Mathematics.Random.RandomWrapperTests" runstate="Runnable" seed="1889140220" result="Passed" start-time="2023-05-24 20:24:52Z" end-time="2023-05-24 20:24:52Z" duration="0.000406" asserts="0">
                <properties>
                  <property name="Category" value="GDX.Tests" />
                </properties>
                <output><![CDATA[[Code Coverage] Code Coverage results for visited sequence points were saved in D:/BuildAgent/work/GDX-Documentation/Staging/CodeCoverage/GDX_Development-opencov/EditMode/TestCoverageResults_0461.xml
[Code Coverage] Code Coverage requires Burst Compilation to be disabled in order to obtain accurate coverage information. To disable Burst Compilation uncheck Jobs > Burst > Enable Compilation or pass '--burst-disable-compilation' to the command line in batchmode.
]]></output>
              </test-case>
              <test-case id="1320" name="NextBoolean_FixedSeed_ReturnsTrue" fullname="GDX.Mathematics.Random.RandomWrapperTests.NextBoolean_FixedSeed_ReturnsTrue" methodname="NextBoolean_FixedSeed_ReturnsTrue" classname="GDX.Mathematics.Random.RandomWrapperTests" runstate="Runnable" seed="193155652" result="Passed" start-time="2023-05-24 20:24:53Z" end-time="2023-05-24 20:24:53Z" duration="0.000264" asserts="0">
                <properties>
                  <property name="Category" value="GDX.Tests" />
                </properties>
                <output><![CDATA[[Code Coverage] Code Coverage results for visited sequence points were saved in D:/BuildAgent/work/GDX-Documentation/Staging/CodeCoverage/GDX_Development-opencov/EditMode/TestCoverageResults_0462.xml
[Code Coverage] Code Coverage requires Burst Compilation to be disabled in order to obtain accurate coverage information. To disable Burst Compilation uncheck Jobs > Burst > Enable Compilation or pass '--burst-disable-compilation' to the command line in batchmode.
]]></output>
              </test-case>
              <test-case id="1322" name="NextBytes_MockData_FillsBuffer" fullname="GDX.Mathematics.Random.RandomWrapperTests.NextBytes_MockData_FillsBuffer" methodname="NextBytes_MockData_FillsBuffer" classname="GDX.Mathematics.Random.RandomWrapperTests" runstate="Runnable" seed="92674093" result="Passed" start-time="2023-05-24 20:24:54Z" end-time="2023-05-24 20:24:54Z" duration="0.000462" asserts="0">
                <properties>
                  <property name="Category" value="GDX.Tests" />
                </properties>
                <output><![CDATA[[Code Coverage] Code Coverage results for visited sequence points were saved in D:/BuildAgent/work/GDX-Documentation/Staging/CodeCoverage/GDX_Development-opencov/EditMode/TestCoverageResults_0463.xml
[Code Coverage] Code Coverage requires Burst Compilation to be disabled in order to obtain accurate coverage information. To disable Burst Compilation uncheck Jobs > Burst > Enable Compilation or pass '--burst-disable-compilation' to the command line in batchmode.
]]></output>
              </test-case>
              <test-case id="1323" name="NextDouble_MockData_InRange" fullname="GDX.Mathematics.Random.RandomWrapperTests.NextDouble_MockData_InRange" methodname="NextDouble_MockData_InRange" classname="GDX.Mathematics.Random.RandomWrapperTests" runstate="Runnable" seed="1433894783" result="Passed" start-time="2023-05-24 20:24:55Z" end-time="2023-05-24 20:24:55Z" duration="0.000386" asserts="0">
                <properties>
                  <property name="Category" value="GDX.Tests" />
                </properties>
                <output><![CDATA[[Code Coverage] Code Coverage results for visited sequence points were saved in D:/BuildAgent/work/GDX-Documentation/Staging/CodeCoverage/GDX_Development-opencov/EditMode/TestCoverageResults_0464.xml
[Code Coverage] Code Coverage requires Burst Compilation to be disabled in order to obtain accurate coverage information. To disable Burst Compilation uncheck Jobs > Burst > Enable Compilation or pass '--burst-disable-compilation' to the command line in batchmode.
]]></output>
              </test-case>
              <test-case id="1324" name="NextInteger_MockData_InRange" fullname="GDX.Mathematics.Random.RandomWrapperTests.NextInteger_MockData_InRange" methodname="NextInteger_MockData_InRange" classname="GDX.Mathematics.Random.RandomWrapperTests" runstate="Runnable" seed="784445182" result="Passed" start-time="2023-05-24 20:24:56Z" end-time="2023-05-24 20:24:56Z" duration="0.000334" asserts="0">
                <properties>
                  <property name="Category" value="GDX.Tests" />
                </properties>
                <output><![CDATA[[Code Coverage] Code Coverage results for visited sequence points were saved in D:/BuildAgent/work/GDX-Documentation/Staging/CodeCoverage/GDX_Development-opencov/EditMode/TestCoverageResults_0465.xml
[Code Coverage] Code Coverage requires Burst Compilation to be disabled in order to obtain accurate coverage information. To disable Burst Compilation uncheck Jobs > Burst > Enable Compilation or pass '--burst-disable-compilation' to the command line in batchmode.
]]></output>
              </test-case>
              <test-case id="1325" name="NextIntegerExclusive_MockData_InRange" fullname="GDX.Mathematics.Random.RandomWrapperTests.NextIntegerExclusive_MockData_InRange" methodname="NextIntegerExclusive_MockData_InRange" classname="GDX.Mathematics.Random.RandomWrapperTests" runstate="Runnable" seed="2116608667" result="Passed" start-time="2023-05-24 20:24:58Z" end-time="2023-05-24 20:24:58Z" duration="0.000398" asserts="0">
                <properties>
                  <property name="Category" value="GDX.Tests" />
                </properties>
                <output><![CDATA[[Code Coverage] Code Coverage results for visited sequence points were saved in D:/BuildAgent/work/GDX-Documentation/Staging/CodeCoverage/GDX_Development-opencov/EditMode/TestCoverageResults_0466.xml
[Code Coverage] Code Coverage requires Burst Compilation to be disabled in order to obtain accurate coverage information. To disable Burst Compilation uncheck Jobs > Burst > Enable Compilation or pass '--burst-disable-compilation' to the command line in batchmode.
]]></output>
              </test-case>
              <test-case id="1326" name="NextSingle_MockData_InRange" fullname="GDX.Mathematics.Random.RandomWrapperTests.NextSingle_MockData_InRange" methodname="NextSingle_MockData_InRange" classname="GDX.Mathematics.Random.RandomWrapperTests" runstate="Runnable" seed="232673164" result="Passed" start-time="2023-05-24 20:24:59Z" end-time="2023-05-24 20:24:59Z" duration="0.000366" asserts="0">
                <properties>
                  <property name="Category" value="GDX.Tests" />
                </properties>
                <output><![CDATA[[Code Coverage] Code Coverage results for visited sequence points were saved in D:/BuildAgent/work/GDX-Documentation/Staging/CodeCoverage/GDX_Development-opencov/EditMode/TestCoverageResults_0467.xml
[Code Coverage] Code Coverage requires Burst Compilation to be disabled in order to obtain accurate coverage information. To disable Burst Compilation uncheck Jobs > Burst > Enable Compilation or pass '--burst-disable-compilation' to the command line in batchmode.
]]></output>
              </test-case>
              <test-case id="1327" name="NextUnsignedInteger_MockData_InRange" fullname="GDX.Mathematics.Random.RandomWrapperTests.NextUnsignedInteger_MockData_InRange" methodname="NextUnsignedInteger_MockData_InRange" classname="GDX.Mathematics.Random.RandomWrapperTests" runstate="Runnable" seed="1825660061" result="Passed" start-time="2023-05-24 20:25:00Z" end-time="2023-05-24 20:25:00Z" duration="0.000383" asserts="0">
                <properties>
                  <property name="Category" value="GDX.Tests" />
                </properties>
                <output><![CDATA[[Code Coverage] Code Coverage results for visited sequence points were saved in D:/BuildAgent/work/GDX-Documentation/Staging/CodeCoverage/GDX_Development-opencov/EditMode/TestCoverageResults_0468.xml
[Code Coverage] Code Coverage requires Burst Compilation to be disabled in order to obtain accurate coverage information. To disable Burst Compilation uncheck Jobs > Burst > Enable Compilation or pass '--burst-disable-compilation' to the command line in batchmode.
]]></output>
              </test-case>
              <test-case id="1328" name="NextUnsignedIntegerExclusive_MockData_InRange" fullname="GDX.Mathematics.Random.RandomWrapperTests.NextUnsignedIntegerExclusive_MockData_InRange" methodname="NextUnsignedIntegerExclusive_MockData_InRange" classname="GDX.Mathematics.Random.RandomWrapperTests" runstate="Runnable" seed="542217189" result="Passed" start-time="2023-05-24 20:25:01Z" end-time="2023-05-24 20:25:01Z" duration="0.000326" asserts="0">
                <properties>
                  <property name="Category" value="GDX.Tests" />
                </properties>
                <output><![CDATA[[Code Coverage] Code Coverage results for visited sequence points were saved in D:/BuildAgent/work/GDX-Documentation/Staging/CodeCoverage/GDX_Development-opencov/EditMode/TestCoverageResults_0469.xml
[Code Coverage] Code Coverage requires Burst Compilation to be disabled in order to obtain accurate coverage information. To disable Burst Compilation uncheck Jobs > Burst > Enable Compilation or pass '--burst-disable-compilation' to the command line in batchmode.
]]></output>
              </test-case>
              <test-case id="1318" name="RandomWrapper_NoSeed_Created" fullname="GDX.Mathematics.Random.RandomWrapperTests.RandomWrapper_NoSeed_Created" methodname="RandomWrapper_NoSeed_Created" classname="GDX.Mathematics.Random.RandomWrapperTests" runstate="Runnable" seed="1565002024" result="Passed" start-time="2023-05-24 20:25:03Z" end-time="2023-05-24 20:25:03Z" duration="0.000303" asserts="0">
                <properties>
                  <property name="Category" value="GDX.Tests" />
                </properties>
                <output><![CDATA[[Code Coverage] Code Coverage results for visited sequence points were saved in D:/BuildAgent/work/GDX-Documentation/Staging/CodeCoverage/GDX_Development-opencov/EditMode/TestCoverageResults_0470.xml
[Code Coverage] Code Coverage requires Burst Compilation to be disabled in order to obtain accurate coverage information. To disable Burst Compilation uncheck Jobs > Burst > Enable Compilation or pass '--burst-disable-compilation' to the command line in batchmode.
]]></output>
              </test-case>
              <test-case id="1319" name="RandomWrapper_WithSeed_Created" fullname="GDX.Mathematics.Random.RandomWrapperTests.RandomWrapper_WithSeed_Created" methodname="RandomWrapper_WithSeed_Created" classname="GDX.Mathematics.Random.RandomWrapperTests" runstate="Runnable" seed="163578003" result="Passed" start-time="2023-05-24 20:25:04Z" end-time="2023-05-24 20:25:04Z" duration="0.000248" asserts="0">
                <properties>
                  <property name="Category" value="GDX.Tests" />
                </properties>
                <output><![CDATA[[Code Coverage] Code Coverage results for visited sequence points were saved in D:/BuildAgent/work/GDX-Documentation/Staging/CodeCoverage/GDX_Development-opencov/EditMode/TestCoverageResults_0471.xml
[Code Coverage] Code Coverage requires Burst Compilation to be disabled in order to obtain accurate coverage information. To disable Burst Compilation uncheck Jobs > Burst > Enable Compilation or pass '--burst-disable-compilation' to the command line in batchmode.
]]></output>
              </test-case>
            </test-suite>
            <test-suite type="TestFixture" id="1329" name="WELL1024aTests" fullname="GDX.Mathematics.Random.WELL1024aTests" classname="GDX.Mathematics.Random.WELL1024aTests" runstate="Runnable" testcasecount="25" result="Passed" start-time="2023-05-24 20:25:05Z" end-time="2023-05-24 20:25:36Z" duration="31.231908" total="25" passed="25" failed="0" inconclusive="0" skipped="0" asserts="0">
              <properties />
              <test-case id="1335" name="Equals_ByReference_ReturnsTrue" fullname="GDX.Mathematics.Random.WELL1024aTests.Equals_ByReference_ReturnsTrue" methodname="Equals_ByReference_ReturnsTrue" classname="GDX.Mathematics.Random.WELL1024aTests" runstate="Runnable" seed="629305274" result="Passed" start-time="2023-05-24 20:25:05Z" end-time="2023-05-24 20:25:05Z" duration="0.000315" asserts="0">
                <properties>
                  <property name="Category" value="GDX.Tests" />
                </properties>
                <output><![CDATA[[Code Coverage] Code Coverage results for visited sequence points were saved in D:/BuildAgent/work/GDX-Documentation/Staging/CodeCoverage/GDX_Development-opencov/EditMode/TestCoverageResults_0472.xml
[Code Coverage] Code Coverage requires Burst Compilation to be disabled in order to obtain accurate coverage information. To disable Burst Compilation uncheck Jobs > Burst > Enable Compilation or pass '--burst-disable-compilation' to the command line in batchmode.
]]></output>
              </test-case>
              <test-case id="1337" name="Equals_Object_ReturnsTrue" fullname="GDX.Mathematics.Random.WELL1024aTests.Equals_Object_ReturnsTrue" methodname="Equals_Object_ReturnsTrue" classname="GDX.Mathematics.Random.WELL1024aTests" runstate="Runnable" seed="1960701809" result="Passed" start-time="2023-05-24 20:25:06Z" end-time="2023-05-24 20:25:06Z" duration="0.000423" asserts="0">
                <properties>
                  <property name="Category" value="GDX.Tests" />
                </properties>
                <output><![CDATA[[Code Coverage] Code Coverage results for visited sequence points were saved in D:/BuildAgent/work/GDX-Documentation/Staging/CodeCoverage/GDX_Development-opencov/EditMode/TestCoverageResults_0473.xml
[Code Coverage] Code Coverage requires Burst Compilation to be disabled in order to obtain accurate coverage information. To disable Burst Compilation uncheck Jobs > Burst > Enable Compilation or pass '--burst-disable-compilation' to the command line in batchmode.
]]></output>
              </test-case>
              <test-case id="1336" name="Equals_Reference_ReturnsTrue" fullname="GDX.Mathematics.Random.WELL1024aTests.Equals_Reference_ReturnsTrue" methodname="Equals_Reference_ReturnsTrue" classname="GDX.Mathematics.Random.WELL1024aTests" runstate="Runnable" seed="272532757" result="Passed" start-time="2023-05-24 20:25:07Z" end-time="2023-05-24 20:25:07Z" duration="0.000335" asserts="0">
                <properties>
                  <property name="Category" value="GDX.Tests" />
                </properties>
                <output><![CDATA[[Code Coverage] Code Coverage results for visited sequence points were saved in D:/BuildAgent/work/GDX-Documentation/Staging/CodeCoverage/GDX_Development-opencov/EditMode/TestCoverageResults_0474.xml
[Code Coverage] Code Coverage requires Burst Compilation to be disabled in order to obtain accurate coverage information. To disable Burst Compilation uncheck Jobs > Burst > Enable Compilation or pass '--burst-disable-compilation' to the command line in batchmode.
]]></output>
              </test-case>
              <test-case id="1339" name="NextBoolean_PerfectChance_ReturnsTrue" fullname="GDX.Mathematics.Random.WELL1024aTests.NextBoolean_PerfectChance_ReturnsTrue" methodname="NextBoolean_PerfectChance_ReturnsTrue" classname="GDX.Mathematics.Random.WELL1024aTests" runstate="Runnable" seed="1040882603" result="Passed" start-time="2023-05-24 20:25:09Z" end-time="2023-05-24 20:25:09Z" duration="0.000341" asserts="0">
                <properties>
                  <property name="Category" value="GDX.Tests" />
                </properties>
                <output><![CDATA[[Code Coverage] Code Coverage results for visited sequence points were saved in D:/BuildAgent/work/GDX-Documentation/Staging/CodeCoverage/GDX_Development-opencov/EditMode/TestCoverageResults_0475.xml
[Code Coverage] Code Coverage requires Burst Compilation to be disabled in order to obtain accurate coverage information. To disable Burst Compilation uncheck Jobs > Burst > Enable Compilation or pass '--burst-disable-compilation' to the command line in batchmode.
]]></output>
              </test-case>
              <test-case id="1340" name="NextBoolean_Simple_ReturnsDeterministicValue" fullname="GDX.Mathematics.Random.WELL1024aTests.NextBoolean_Simple_ReturnsDeterministicValue" methodname="NextBoolean_Simple_ReturnsDeterministicValue" classname="GDX.Mathematics.Random.WELL1024aTests" runstate="Runnable" seed="632703140" result="Passed" start-time="2023-05-24 20:25:10Z" end-time="2023-05-24 20:25:10Z" duration="0.000309" asserts="0">
                <properties>
                  <property name="Category" value="GDX.Tests" />
                </properties>
                <output><![CDATA[[Code Coverage] Code Coverage results for visited sequence points were saved in D:/BuildAgent/work/GDX-Documentation/Staging/CodeCoverage/GDX_Development-opencov/EditMode/TestCoverageResults_0476.xml
[Code Coverage] Code Coverage requires Burst Compilation to be disabled in order to obtain accurate coverage information. To disable Burst Compilation uncheck Jobs > Burst > Enable Compilation or pass '--burst-disable-compilation' to the command line in batchmode.
]]></output>
              </test-case>
              <test-case id="1338" name="NextBoolean_ZeroChance_ReturnsFalse" fullname="GDX.Mathematics.Random.WELL1024aTests.NextBoolean_ZeroChance_ReturnsFalse" methodname="NextBoolean_ZeroChance_ReturnsFalse" classname="GDX.Mathematics.Random.WELL1024aTests" runstate="Runnable" seed="474833977" result="Passed" start-time="2023-05-24 20:25:11Z" end-time="2023-05-24 20:25:11Z" duration="0.000283" asserts="0">
                <properties>
                  <property name="Category" value="GDX.Tests" />
                </properties>
                <output><![CDATA[[Code Coverage] Code Coverage results for visited sequence points were saved in D:/BuildAgent/work/GDX-Documentation/Staging/CodeCoverage/GDX_Development-opencov/EditMode/TestCoverageResults_0477.xml
[Code Coverage] Code Coverage requires Burst Compilation to be disabled in order to obtain accurate coverage information. To disable Burst Compilation uncheck Jobs > Burst > Enable Compilation or pass '--burst-disable-compilation' to the command line in batchmode.
]]></output>
              </test-case>
              <test-case id="1346" name="NextBytes_Simple_FillsBuffer" fullname="GDX.Mathematics.Random.WELL1024aTests.NextBytes_Simple_FillsBuffer" methodname="NextBytes_Simple_FillsBuffer" classname="GDX.Mathematics.Random.WELL1024aTests" runstate="Runnable" seed="1745183978" result="Passed" start-time="2023-05-24 20:25:12Z" end-time="2023-05-24 20:25:12Z" duration="0.000340" asserts="0">
                <properties>
                  <property name="Category" value="GDX.Tests" />
                </properties>
                <output><![CDATA[[Code Coverage] Code Coverage results for visited sequence points were saved in D:/BuildAgent/work/GDX-Documentation/Staging/CodeCoverage/GDX_Development-opencov/EditMode/TestCoverageResults_0478.xml
[Code Coverage] Code Coverage requires Burst Compilation to be disabled in order to obtain accurate coverage information. To disable Burst Compilation uncheck Jobs > Burst > Enable Compilation or pass '--burst-disable-compilation' to the command line in batchmode.
]]></output>
              </test-case>
              <test-case id="1347" name="NextDouble_Multiple_ReturnsDifferentValues" fullname="GDX.Mathematics.Random.WELL1024aTests.NextDouble_Multiple_ReturnsDifferentValues" methodname="NextDouble_Multiple_ReturnsDifferentValues" classname="GDX.Mathematics.Random.WELL1024aTests" runstate="Runnable" seed="2021150105" result="Passed" start-time="2023-05-24 20:25:13Z" end-time="2023-05-24 20:25:13Z" duration="0.000380" asserts="0">
                <properties>
                  <property name="Category" value="GDX.Tests" />
                </properties>
                <output><![CDATA[[Code Coverage] Code Coverage results for visited sequence points were saved in D:/BuildAgent/work/GDX-Documentation/Staging/CodeCoverage/GDX_Development-opencov/EditMode/TestCoverageResults_0479.xml
[Code Coverage] Code Coverage requires Burst Compilation to be disabled in order to obtain accurate coverage information. To disable Burst Compilation uncheck Jobs > Burst > Enable Compilation or pass '--burst-disable-compilation' to the command line in batchmode.
]]></output>
              </test-case>
              <test-case id="1348" name="NextDouble_Simple_ReturnsDeterministicValue" fullname="GDX.Mathematics.Random.WELL1024aTests.NextDouble_Simple_ReturnsDeterministicValue" methodname="NextDouble_Simple_ReturnsDeterministicValue" classname="GDX.Mathematics.Random.WELL1024aTests" runstate="Runnable" seed="558887443" result="Passed" start-time="2023-05-24 20:25:15Z" end-time="2023-05-24 20:25:15Z" duration="0.000304" asserts="0">
                <properties>
                  <property name="Category" value="GDX.Tests" />
                </properties>
                <output><![CDATA[[Code Coverage] Code Coverage results for visited sequence points were saved in D:/BuildAgent/work/GDX-Documentation/Staging/CodeCoverage/GDX_Development-opencov/EditMode/TestCoverageResults_0480.xml
[Code Coverage] Code Coverage requires Burst Compilation to be disabled in order to obtain accurate coverage information. To disable Burst Compilation uncheck Jobs > Burst > Enable Compilation or pass '--burst-disable-compilation' to the command line in batchmode.
]]></output>
              </test-case>
              <test-case id="1344" name="NextInteger_MinMaxValue_ReturnsDeterministicValue" fullname="GDX.Mathematics.Random.WELL1024aTests.NextInteger_MinMaxValue_ReturnsDeterministicValue" methodname="NextInteger_MinMaxValue_ReturnsDeterministicValue" classname="GDX.Mathematics.Random.WELL1024aTests" runstate="Runnable" seed="1432414373" result="Passed" start-time="2023-05-24 20:25:16Z" end-time="2023-05-24 20:25:16Z" duration="0.000297" asserts="0">
                <properties>
                  <property name="Category" value="GDX.Tests" />
                </properties>
                <output><![CDATA[[Code Coverage] Code Coverage results for visited sequence points were saved in D:/BuildAgent/work/GDX-Documentation/Staging/CodeCoverage/GDX_Development-opencov/EditMode/TestCoverageResults_0481.xml
[Code Coverage] Code Coverage requires Burst Compilation to be disabled in order to obtain accurate coverage information. To disable Burst Compilation uncheck Jobs > Burst > Enable Compilation or pass '--burst-disable-compilation' to the command line in batchmode.
]]></output>
              </test-case>
              <test-case id="1345" name="NextInteger_Multiple_ReturnsDifferentValues" fullname="GDX.Mathematics.Random.WELL1024aTests.NextInteger_Multiple_ReturnsDifferentValues" methodname="NextInteger_Multiple_ReturnsDifferentValues" classname="GDX.Mathematics.Random.WELL1024aTests" runstate="Runnable" seed="725281173" result="Passed" start-time="2023-05-24 20:25:17Z" end-time="2023-05-24 20:25:17Z" duration="0.000363" asserts="0">
                <properties>
                  <property name="Category" value="GDX.Tests" />
                </properties>
                <output><![CDATA[[Code Coverage] Code Coverage results for visited sequence points were saved in D:/BuildAgent/work/GDX-Documentation/Staging/CodeCoverage/GDX_Development-opencov/EditMode/TestCoverageResults_0482.xml
[Code Coverage] Code Coverage requires Burst Compilation to be disabled in order to obtain accurate coverage information. To disable Burst Compilation uncheck Jobs > Burst > Enable Compilation or pass '--burst-disable-compilation' to the command line in batchmode.
]]></output>
              </test-case>
              <test-case id="1342" name="NextInteger_SameRange_ReturnsSameValue" fullname="GDX.Mathematics.Random.WELL1024aTests.NextInteger_SameRange_ReturnsSameValue" methodname="NextInteger_SameRange_ReturnsSameValue" classname="GDX.Mathematics.Random.WELL1024aTests" runstate="Runnable" seed="1651864064" result="Passed" start-time="2023-05-24 20:25:18Z" end-time="2023-05-24 20:25:18Z" duration="0.000284" asserts="0">
                <properties>
                  <property name="Category" value="GDX.Tests" />
                </properties>
                <output><![CDATA[[Code Coverage] Code Coverage results for visited sequence points were saved in D:/BuildAgent/work/GDX-Documentation/Staging/CodeCoverage/GDX_Development-opencov/EditMode/TestCoverageResults_0483.xml
[Code Coverage] Code Coverage requires Burst Compilation to be disabled in order to obtain accurate coverage information. To disable Burst Compilation uncheck Jobs > Burst > Enable Compilation or pass '--burst-disable-compilation' to the command line in batchmode.
]]></output>
              </test-case>
              <test-case id="1341" name="NextInteger_Simple_ReturnsDeterministicValue" fullname="GDX.Mathematics.Random.WELL1024aTests.NextInteger_Simple_ReturnsDeterministicValue" methodname="NextInteger_Simple_ReturnsDeterministicValue" classname="GDX.Mathematics.Random.WELL1024aTests" runstate="Runnable" seed="1475682022" result="Passed" start-time="2023-05-24 20:25:20Z" end-time="2023-05-24 20:25:20Z" duration="0.000280" asserts="0">
                <properties>
                  <property name="Category" value="GDX.Tests" />
                </properties>
                <output><![CDATA[[Code Coverage] Code Coverage results for visited sequence points were saved in D:/BuildAgent/work/GDX-Documentation/Staging/CodeCoverage/GDX_Development-opencov/EditMode/TestCoverageResults_0484.xml
[Code Coverage] Code Coverage requires Burst Compilation to be disabled in order to obtain accurate coverage information. To disable Burst Compilation uncheck Jobs > Burst > Enable Compilation or pass '--burst-disable-compilation' to the command line in batchmode.
]]></output>
              </test-case>
              <test-case id="1343" name="NextInteger_ZeroValues_ReturnsZeroValue" fullname="GDX.Mathematics.Random.WELL1024aTests.NextInteger_ZeroValues_ReturnsZeroValue" methodname="NextInteger_ZeroValues_ReturnsZeroValue" classname="GDX.Mathematics.Random.WELL1024aTests" runstate="Runnable" seed="795475118" result="Passed" start-time="2023-05-24 20:25:21Z" end-time="2023-05-24 20:25:21Z" duration="0.000284" asserts="0">
                <properties>
                  <property name="Category" value="GDX.Tests" />
                </properties>
                <output><![CDATA[[Code Coverage] Code Coverage results for visited sequence points were saved in D:/BuildAgent/work/GDX-Documentation/Staging/CodeCoverage/GDX_Development-opencov/EditMode/TestCoverageResults_0485.xml
[Code Coverage] Code Coverage requires Burst Compilation to be disabled in order to obtain accurate coverage information. To disable Burst Compilation uncheck Jobs > Burst > Enable Compilation or pass '--burst-disable-compilation' to the command line in batchmode.
]]></output>
              </test-case>
              <test-case id="1350" name="NextSingle_Multiple_ReturnsDifferentValues" fullname="GDX.Mathematics.Random.WELL1024aTests.NextSingle_Multiple_ReturnsDifferentValues" methodname="NextSingle_Multiple_ReturnsDifferentValues" classname="GDX.Mathematics.Random.WELL1024aTests" runstate="Runnable" seed="760603" result="Passed" start-time="2023-05-24 20:25:22Z" end-time="2023-05-24 20:25:22Z" duration="0.000434" asserts="0">
                <properties>
                  <property name="Category" value="GDX.Tests" />
                </properties>
                <output><![CDATA[[Code Coverage] Code Coverage results for visited sequence points were saved in D:/BuildAgent/work/GDX-Documentation/Staging/CodeCoverage/GDX_Development-opencov/EditMode/TestCoverageResults_0486.xml
[Code Coverage] Code Coverage requires Burst Compilation to be disabled in order to obtain accurate coverage information. To disable Burst Compilation uncheck Jobs > Burst > Enable Compilation or pass '--burst-disable-compilation' to the command line in batchmode.
]]></output>
              </test-case>
              <test-case id="1349" name="NextSingle_Simple_ReturnsDeterministicValue" fullname="GDX.Mathematics.Random.WELL1024aTests.NextSingle_Simple_ReturnsDeterministicValue" methodname="NextSingle_Simple_ReturnsDeterministicValue" classname="GDX.Mathematics.Random.WELL1024aTests" runstate="Runnable" seed="1037551377" result="Passed" start-time="2023-05-24 20:25:23Z" end-time="2023-05-24 20:25:23Z" duration="0.000382" asserts="0">
                <properties>
                  <property name="Category" value="GDX.Tests" />
                </properties>
                <output><![CDATA[[Code Coverage] Code Coverage results for visited sequence points were saved in D:/BuildAgent/work/GDX-Documentation/Staging/CodeCoverage/GDX_Development-opencov/EditMode/TestCoverageResults_0487.xml
[Code Coverage] Code Coverage requires Burst Compilation to be disabled in order to obtain accurate coverage information. To disable Burst Compilation uncheck Jobs > Burst > Enable Compilation or pass '--burst-disable-compilation' to the command line in batchmode.
]]></output>
              </test-case>
              <test-case id="1354" name="NextUnsignedInteger_Multiple_ReturnsDifferentValues" fullname="GDX.Mathematics.Random.WELL1024aTests.NextUnsignedInteger_Multiple_ReturnsDifferentValues" methodname="NextUnsignedInteger_Multiple_ReturnsDifferentValues" classname="GDX.Mathematics.Random.WELL1024aTests" runstate="Runnable" seed="1542060681" result="Passed" start-time="2023-05-24 20:25:24Z" end-time="2023-05-24 20:25:24Z" duration="0.000419" asserts="0">
                <properties>
                  <property name="Category" value="GDX.Tests" />
                </properties>
                <output><![CDATA[[Code Coverage] Code Coverage results for visited sequence points were saved in D:/BuildAgent/work/GDX-Documentation/Staging/CodeCoverage/GDX_Development-opencov/EditMode/TestCoverageResults_0488.xml
[Code Coverage] Code Coverage requires Burst Compilation to be disabled in order to obtain accurate coverage information. To disable Burst Compilation uncheck Jobs > Burst > Enable Compilation or pass '--burst-disable-compilation' to the command line in batchmode.
]]></output>
              </test-case>
              <test-case id="1351" name="NextUnsignedInteger_Simple_ReturnsDeterministicValue" fullname="GDX.Mathematics.Random.WELL1024aTests.NextUnsignedInteger_Simple_ReturnsDeterministicValue" methodname="NextUnsignedInteger_Simple_ReturnsDeterministicValue" classname="GDX.Mathematics.Random.WELL1024aTests" runstate="Runnable" seed="781271643" result="Passed" start-time="2023-05-24 20:25:26Z" end-time="2023-05-24 20:25:26Z" duration="0.000291" asserts="0">
                <properties>
                  <property name="Category" value="GDX.Tests" />
                </properties>
                <output><![CDATA[[Code Coverage] Code Coverage results for visited sequence points were saved in D:/BuildAgent/work/GDX-Documentation/Staging/CodeCoverage/GDX_Development-opencov/EditMode/TestCoverageResults_0489.xml
[Code Coverage] Code Coverage requires Burst Compilation to be disabled in order to obtain accurate coverage information. To disable Burst Compilation uncheck Jobs > Burst > Enable Compilation or pass '--burst-disable-compilation' to the command line in batchmode.
]]></output>
              </test-case>
              <test-case id="1353" name="NextUnsignedIntegerExclusive_Limited_ReturnsDeterministicValue" fullname="GDX.Mathematics.Random.WELL1024aTests.NextUnsignedIntegerExclusive_Limited_ReturnsDeterministicValue" methodname="NextUnsignedIntegerExclusive_Limited_ReturnsDeterministicValue" classname="GDX.Mathematics.Random.WELL1024aTests" runstate="Runnable" seed="564527740" result="Passed" start-time="2023-05-24 20:25:27Z" end-time="2023-05-24 20:25:27Z" duration="0.000341" asserts="0">
                <properties>
                  <property name="Category" value="GDX.Tests" />
                </properties>
                <output><![CDATA[[Code Coverage] Code Coverage results for visited sequence points were saved in D:/BuildAgent/work/GDX-Documentation/Staging/CodeCoverage/GDX_Development-opencov/EditMode/TestCoverageResults_0490.xml
[Code Coverage] Code Coverage requires Burst Compilation to be disabled in order to obtain accurate coverage information. To disable Burst Compilation uncheck Jobs > Burst > Enable Compilation or pass '--burst-disable-compilation' to the command line in batchmode.
]]></output>
              </test-case>
              <test-case id="1352" name="NextUnsignedIntegerExclusive_Simple_ReturnsDeterministicValue" fullname="GDX.Mathematics.Random.WELL1024aTests.NextUnsignedIntegerExclusive_Simple_ReturnsDeterministicValue" methodname="NextUnsignedIntegerExclusive_Simple_ReturnsDeterministicValue" classname="GDX.Mathematics.Random.WELL1024aTests" runstate="Runnable" seed="891735211" result="Passed" start-time="2023-05-24 20:25:28Z" end-time="2023-05-24 20:25:28Z" duration="0.000284" asserts="0">
                <properties>
                  <property name="Category" value="GDX.Tests" />
                </properties>
                <output><![CDATA[[Code Coverage] Code Coverage results for visited sequence points were saved in D:/BuildAgent/work/GDX-Documentation/Staging/CodeCoverage/GDX_Development-opencov/EditMode/TestCoverageResults_0491.xml
[Code Coverage] Code Coverage requires Burst Compilation to be disabled in order to obtain accurate coverage information. To disable Burst Compilation uncheck Jobs > Burst > Enable Compilation or pass '--burst-disable-compilation' to the command line in batchmode.
]]></output>
              </test-case>
              <test-case id="1330" name="WELL1024a_FromInteger_StrippedSeed" fullname="GDX.Mathematics.Random.WELL1024aTests.WELL1024a_FromInteger_StrippedSeed" methodname="WELL1024a_FromInteger_StrippedSeed" classname="GDX.Mathematics.Random.WELL1024aTests" runstate="Runnable" seed="726805122" result="Passed" start-time="2023-05-24 20:25:29Z" end-time="2023-05-24 20:25:29Z" duration="0.000494" asserts="0">
                <properties>
                  <property name="Category" value="GDX.Tests" />
                </properties>
                <output><![CDATA[[Code Coverage] Code Coverage results for visited sequence points were saved in D:/BuildAgent/work/GDX-Documentation/Staging/CodeCoverage/GDX_Development-opencov/EditMode/TestCoverageResults_0492.xml
[Code Coverage] Code Coverage requires Burst Compilation to be disabled in order to obtain accurate coverage information. To disable Burst Compilation uncheck Jobs > Burst > Enable Compilation or pass '--burst-disable-compilation' to the command line in batchmode.
]]></output>
              </test-case>
              <test-case id="1334" name="WELL1024a_FromRestoreState_Matched" fullname="GDX.Mathematics.Random.WELL1024aTests.WELL1024a_FromRestoreState_Matched" methodname="WELL1024a_FromRestoreState_Matched" classname="GDX.Mathematics.Random.WELL1024aTests" runstate="Runnable" seed="2002713378" result="Passed" start-time="2023-05-24 20:25:30Z" end-time="2023-05-24 20:25:30Z" duration="0.000643" asserts="0">
                <properties>
                  <property name="Category" value="GDX.Tests" />
                </properties>
                <output><![CDATA[[Code Coverage] Code Coverage results for visited sequence points were saved in D:/BuildAgent/work/GDX-Documentation/Staging/CodeCoverage/GDX_Development-opencov/EditMode/TestCoverageResults_0493.xml
[Code Coverage] Code Coverage requires Burst Compilation to be disabled in order to obtain accurate coverage information. To disable Burst Compilation uncheck Jobs > Burst > Enable Compilation or pass '--burst-disable-compilation' to the command line in batchmode.
]]></output>
              </test-case>
              <test-case id="1331" name="WELL1024a_FromString_NonAndForcedDifferent" fullname="GDX.Mathematics.Random.WELL1024aTests.WELL1024a_FromString_NonAndForcedDifferent" methodname="WELL1024a_FromString_NonAndForcedDifferent" classname="GDX.Mathematics.Random.WELL1024aTests" runstate="Runnable" seed="152134012" result="Passed" start-time="2023-05-24 20:25:33Z" end-time="2023-05-24 20:25:33Z" duration="0.000315" asserts="0">
                <properties>
                  <property name="Category" value="GDX.Tests" />
                </properties>
                <output><![CDATA[[Code Coverage] Code Coverage results for visited sequence points were saved in D:/BuildAgent/work/GDX-Documentation/Staging/CodeCoverage/GDX_Development-opencov/EditMode/TestCoverageResults_0494.xml
[Code Coverage] Code Coverage requires Burst Compilation to be disabled in order to obtain accurate coverage information. To disable Burst Compilation uncheck Jobs > Burst > Enable Compilation or pass '--burst-disable-compilation' to the command line in batchmode.
]]></output>
              </test-case>
              <test-case id="1332" name="WELL1024a_FromStringUppercase_SameOriginalSeed" fullname="GDX.Mathematics.Random.WELL1024aTests.WELL1024a_FromStringUppercase_SameOriginalSeed" methodname="WELL1024a_FromStringUppercase_SameOriginalSeed" classname="GDX.Mathematics.Random.WELL1024aTests" runstate="Runnable" seed="1761460312" result="Passed" start-time="2023-05-24 20:25:34Z" end-time="2023-05-24 20:25:34Z" duration="0.000342" asserts="0">
                <properties>
                  <property name="Category" value="GDX.Tests" />
                </properties>
                <output><![CDATA[[Code Coverage] Code Coverage results for visited sequence points were saved in D:/BuildAgent/work/GDX-Documentation/Staging/CodeCoverage/GDX_Development-opencov/EditMode/TestCoverageResults_0495.xml
[Code Coverage] Code Coverage requires Burst Compilation to be disabled in order to obtain accurate coverage information. To disable Burst Compilation uncheck Jobs > Burst > Enable Compilation or pass '--burst-disable-compilation' to the command line in batchmode.
]]></output>
              </test-case>
              <test-case id="1333" name="WELL1024a_FromUnsignedInteger_MatchedSeed" fullname="GDX.Mathematics.Random.WELL1024aTests.WELL1024a_FromUnsignedInteger_MatchedSeed" methodname="WELL1024a_FromUnsignedInteger_MatchedSeed" classname="GDX.Mathematics.Random.WELL1024aTests" runstate="Runnable" seed="1841862524" result="Passed" start-time="2023-05-24 20:25:35Z" end-time="2023-05-24 20:25:35Z" duration="0.000284" asserts="0">
                <properties>
                  <property name="Category" value="GDX.Tests" />
                </properties>
                <output><![CDATA[[Code Coverage] Code Coverage results for visited sequence points were saved in D:/BuildAgent/work/GDX-Documentation/Staging/CodeCoverage/GDX_Development-opencov/EditMode/TestCoverageResults_0496.xml
[Code Coverage] Code Coverage requires Burst Compilation to be disabled in order to obtain accurate coverage information. To disable Burst Compilation uncheck Jobs > Burst > Enable Compilation or pass '--burst-disable-compilation' to the command line in batchmode.
]]></output>
              </test-case>
            </test-suite>
          </test-suite>
          <test-suite type="TestFixture" id="1297" name="RangeTests" fullname="GDX.Mathematics.RangeTests" classname="GDX.Mathematics.RangeTests" runstate="Runnable" testcasecount="12" result="Passed" start-time="2023-05-24 20:25:36Z" end-time="2023-05-24 20:25:51Z" duration="14.530557" total="12" passed="12" failed="0" inconclusive="0" skipped="0" asserts="0">
            <properties />
            <test-case id="1298" name="GetDouble_Bottom_Inclusive" fullname="GDX.Mathematics.RangeTests.GetDouble_Bottom_Inclusive" methodname="GetDouble_Bottom_Inclusive" classname="GDX.Mathematics.RangeTests" runstate="Runnable" seed="929783235" result="Passed" start-time="2023-05-24 20:25:36Z" end-time="2023-05-24 20:25:36Z" duration="0.000256" asserts="0">
              <properties>
                <property name="Category" value="GDX.Tests" />
              </properties>
              <output><![CDATA[[Code Coverage] Code Coverage results for visited sequence points were saved in D:/BuildAgent/work/GDX-Documentation/Staging/CodeCoverage/GDX_Development-opencov/EditMode/TestCoverageResults_0497.xml
[Code Coverage] Code Coverage requires Burst Compilation to be disabled in order to obtain accurate coverage information. To disable Burst Compilation uncheck Jobs > Burst > Enable Compilation or pass '--burst-disable-compilation' to the command line in batchmode.
]]></output>
            </test-case>
            <test-case id="1300" name="GetDouble_Middle_Inclusive" fullname="GDX.Mathematics.RangeTests.GetDouble_Middle_Inclusive" methodname="GetDouble_Middle_Inclusive" classname="GDX.Mathematics.RangeTests" runstate="Runnable" seed="1409261399" result="Passed" start-time="2023-05-24 20:25:37Z" end-time="2023-05-24 20:25:37Z" duration="0.000250" asserts="0">
              <properties>
                <property name="Category" value="GDX.Tests" />
              </properties>
              <output><![CDATA[[Code Coverage] Code Coverage results for visited sequence points were saved in D:/BuildAgent/work/GDX-Documentation/Staging/CodeCoverage/GDX_Development-opencov/EditMode/TestCoverageResults_0498.xml
[Code Coverage] Code Coverage requires Burst Compilation to be disabled in order to obtain accurate coverage information. To disable Burst Compilation uncheck Jobs > Burst > Enable Compilation or pass '--burst-disable-compilation' to the command line in batchmode.
]]></output>
            </test-case>
            <test-case id="1299" name="GetDouble_Top_Inclusive" fullname="GDX.Mathematics.RangeTests.GetDouble_Top_Inclusive" methodname="GetDouble_Top_Inclusive" classname="GDX.Mathematics.RangeTests" runstate="Runnable" seed="961249920" result="Passed" start-time="2023-05-24 20:25:39Z" end-time="2023-05-24 20:25:39Z" duration="0.000251" asserts="0">
              <properties>
                <property name="Category" value="GDX.Tests" />
              </properties>
              <output><![CDATA[[Code Coverage] Code Coverage results for visited sequence points were saved in D:/BuildAgent/work/GDX-Documentation/Staging/CodeCoverage/GDX_Development-opencov/EditMode/TestCoverageResults_0499.xml
[Code Coverage] Code Coverage requires Burst Compilation to be disabled in order to obtain accurate coverage information. To disable Burst Compilation uncheck Jobs > Burst > Enable Compilation or pass '--burst-disable-compilation' to the command line in batchmode.
]]></output>
            </test-case>
            <test-case id="1301" name="GetInteger_Bottom_Inclusive" fullname="GDX.Mathematics.RangeTests.GetInteger_Bottom_Inclusive" methodname="GetInteger_Bottom_Inclusive" classname="GDX.Mathematics.RangeTests" runstate="Runnable" seed="820323175" result="Passed" start-time="2023-05-24 20:25:40Z" end-time="2023-05-24 20:25:40Z" duration="0.000258" asserts="0">
              <properties>
                <property name="Category" value="GDX.Tests" />
              </properties>
              <output><![CDATA[[Code Coverage] Code Coverage results for visited sequence points were saved in D:/BuildAgent/work/GDX-Documentation/Staging/CodeCoverage/GDX_Development-opencov/EditMode/TestCoverageResults_0500.xml
[Code Coverage] Code Coverage requires Burst Compilation to be disabled in order to obtain accurate coverage information. To disable Burst Compilation uncheck Jobs > Burst > Enable Compilation or pass '--burst-disable-compilation' to the command line in batchmode.
]]></output>
            </test-case>
            <test-case id="1303" name="GetInteger_Middle_Inclusive" fullname="GDX.Mathematics.RangeTests.GetInteger_Middle_Inclusive" methodname="GetInteger_Middle_Inclusive" classname="GDX.Mathematics.RangeTests" runstate="Runnable" seed="463671474" result="Passed" start-time="2023-05-24 20:25:41Z" end-time="2023-05-24 20:25:41Z" duration="0.000252" asserts="0">
              <properties>
                <property name="Category" value="GDX.Tests" />
              </properties>
              <output><![CDATA[[Code Coverage] Code Coverage results for visited sequence points were saved in D:/BuildAgent/work/GDX-Documentation/Staging/CodeCoverage/GDX_Development-opencov/EditMode/TestCoverageResults_0501.xml
[Code Coverage] Code Coverage requires Burst Compilation to be disabled in order to obtain accurate coverage information. To disable Burst Compilation uncheck Jobs > Burst > Enable Compilation or pass '--burst-disable-compilation' to the command line in batchmode.
]]></output>
            </test-case>
            <test-case id="1302" name="GetInteger_Top_Inclusive" fullname="GDX.Mathematics.RangeTests.GetInteger_Top_Inclusive" methodname="GetInteger_Top_Inclusive" classname="GDX.Mathematics.RangeTests" runstate="Runnable" seed="539046737" result="Passed" start-time="2023-05-24 20:25:42Z" end-time="2023-05-24 20:25:42Z" duration="0.000255" asserts="0">
              <properties>
                <property name="Category" value="GDX.Tests" />
              </properties>
              <output><![CDATA[[Code Coverage] Code Coverage results for visited sequence points were saved in D:/BuildAgent/work/GDX-Documentation/Staging/CodeCoverage/GDX_Development-opencov/EditMode/TestCoverageResults_0502.xml
[Code Coverage] Code Coverage requires Burst Compilation to be disabled in order to obtain accurate coverage information. To disable Burst Compilation uncheck Jobs > Burst > Enable Compilation or pass '--burst-disable-compilation' to the command line in batchmode.
]]></output>
            </test-case>
            <test-case id="1304" name="GetSingle_Bottom_Inclusive" fullname="GDX.Mathematics.RangeTests.GetSingle_Bottom_Inclusive" methodname="GetSingle_Bottom_Inclusive" classname="GDX.Mathematics.RangeTests" runstate="Runnable" seed="2094137044" result="Passed" start-time="2023-05-24 20:25:43Z" end-time="2023-05-24 20:25:43Z" duration="0.000253" asserts="0">
              <properties>
                <property name="Category" value="GDX.Tests" />
              </properties>
              <output><![CDATA[[Code Coverage] Code Coverage results for visited sequence points were saved in D:/BuildAgent/work/GDX-Documentation/Staging/CodeCoverage/GDX_Development-opencov/EditMode/TestCoverageResults_0503.xml
[Code Coverage] Code Coverage requires Burst Compilation to be disabled in order to obtain accurate coverage information. To disable Burst Compilation uncheck Jobs > Burst > Enable Compilation or pass '--burst-disable-compilation' to the command line in batchmode.
]]></output>
            </test-case>
            <test-case id="1306" name="GetSingle_Middle_Inclusive" fullname="GDX.Mathematics.RangeTests.GetSingle_Middle_Inclusive" methodname="GetSingle_Middle_Inclusive" classname="GDX.Mathematics.RangeTests" runstate="Runnable" seed="2053097622" result="Passed" start-time="2023-05-24 20:25:45Z" end-time="2023-05-24 20:25:45Z" duration="0.000289" asserts="0">
              <properties>
                <property name="Category" value="GDX.Tests" />
              </properties>
              <output><![CDATA[[Code Coverage] Code Coverage results for visited sequence points were saved in D:/BuildAgent/work/GDX-Documentation/Staging/CodeCoverage/GDX_Development-opencov/EditMode/TestCoverageResults_0504.xml
[Code Coverage] Code Coverage requires Burst Compilation to be disabled in order to obtain accurate coverage information. To disable Burst Compilation uncheck Jobs > Burst > Enable Compilation or pass '--burst-disable-compilation' to the command line in batchmode.
]]></output>
            </test-case>
            <test-case id="1305" name="GetSingle_Top_Inclusive" fullname="GDX.Mathematics.RangeTests.GetSingle_Top_Inclusive" methodname="GetSingle_Top_Inclusive" classname="GDX.Mathematics.RangeTests" runstate="Runnable" seed="1539851499" result="Passed" start-time="2023-05-24 20:25:46Z" end-time="2023-05-24 20:25:46Z" duration="0.000355" asserts="0">
              <properties>
                <property name="Category" value="GDX.Tests" />
              </properties>
              <output><![CDATA[[Code Coverage] Code Coverage results for visited sequence points were saved in D:/BuildAgent/work/GDX-Documentation/Staging/CodeCoverage/GDX_Development-opencov/EditMode/TestCoverageResults_0505.xml
[Code Coverage] Code Coverage requires Burst Compilation to be disabled in order to obtain accurate coverage information. To disable Burst Compilation uncheck Jobs > Burst > Enable Compilation or pass '--burst-disable-compilation' to the command line in batchmode.
]]></output>
            </test-case>
            <test-case id="1307" name="GetUnsignedInteger_Bottom_Inclusive" fullname="GDX.Mathematics.RangeTests.GetUnsignedInteger_Bottom_Inclusive" methodname="GetUnsignedInteger_Bottom_Inclusive" classname="GDX.Mathematics.RangeTests" runstate="Runnable" seed="1202937139" result="Passed" start-time="2023-05-24 20:25:47Z" end-time="2023-05-24 20:25:47Z" duration="0.000258" asserts="0">
              <properties>
                <property name="Category" value="GDX.Tests" />
              </properties>
              <output><![CDATA[[Code Coverage] Code Coverage results for visited sequence points were saved in D:/BuildAgent/work/GDX-Documentation/Staging/CodeCoverage/GDX_Development-opencov/EditMode/TestCoverageResults_0506.xml
[Code Coverage] Code Coverage requires Burst Compilation to be disabled in order to obtain accurate coverage information. To disable Burst Compilation uncheck Jobs > Burst > Enable Compilation or pass '--burst-disable-compilation' to the command line in batchmode.
]]></output>
            </test-case>
            <test-case id="1309" name="GetUnsignedInteger_Middle_Inclusive" fullname="GDX.Mathematics.RangeTests.GetUnsignedInteger_Middle_Inclusive" methodname="GetUnsignedInteger_Middle_Inclusive" classname="GDX.Mathematics.RangeTests" runstate="Runnable" seed="1867484588" result="Passed" start-time="2023-05-24 20:25:48Z" end-time="2023-05-24 20:25:48Z" duration="0.000255" asserts="0">
              <properties>
                <property name="Category" value="GDX.Tests" />
              </properties>
              <output><![CDATA[[Code Coverage] Code Coverage results for visited sequence points were saved in D:/BuildAgent/work/GDX-Documentation/Staging/CodeCoverage/GDX_Development-opencov/EditMode/TestCoverageResults_0507.xml
[Code Coverage] Code Coverage requires Burst Compilation to be disabled in order to obtain accurate coverage information. To disable Burst Compilation uncheck Jobs > Burst > Enable Compilation or pass '--burst-disable-compilation' to the command line in batchmode.
]]></output>
            </test-case>
            <test-case id="1308" name="GetUnsignedInteger_Top_Inclusive" fullname="GDX.Mathematics.RangeTests.GetUnsignedInteger_Top_Inclusive" methodname="GetUnsignedInteger_Top_Inclusive" classname="GDX.Mathematics.RangeTests" runstate="Runnable" seed="1724196201" result="Passed" start-time="2023-05-24 20:25:50Z" end-time="2023-05-24 20:25:50Z" duration="0.000250" asserts="0">
              <properties>
                <property name="Category" value="GDX.Tests" />
              </properties>
              <output><![CDATA[[Code Coverage] Code Coverage results for visited sequence points were saved in D:/BuildAgent/work/GDX-Documentation/Staging/CodeCoverage/GDX_Development-opencov/EditMode/TestCoverageResults_0508.xml
[Code Coverage] Code Coverage requires Burst Compilation to be disabled in order to obtain accurate coverage information. To disable Burst Compilation uncheck Jobs > Burst > Enable Compilation or pass '--burst-disable-compilation' to the command line in batchmode.
]]></output>
            </test-case>
          </test-suite>
        </test-suite>
        <test-suite type="TestFixture" id="1071" name="PlayerLoopSystemExtensionsTests" fullname="GDX.PlayerLoopSystemExtensionsTests" classname="GDX.PlayerLoopSystemExtensionsTests" runstate="Runnable" testcasecount="2" result="Passed" start-time="2023-05-24 20:25:51Z" end-time="2023-05-24 20:25:53Z" duration="2.438869" total="2" passed="2" failed="0" inconclusive="0" skipped="0" asserts="0">
          <properties />
          <test-case id="1073" name="AddSubSystemToFirstSubSystemOfType_MethodType_Added" fullname="GDX.PlayerLoopSystemExtensionsTests.AddSubSystemToFirstSubSystemOfType_MethodType_Added" methodname="AddSubSystemToFirstSubSystemOfType_MethodType_Added" classname="GDX.PlayerLoopSystemExtensionsTests" runstate="Runnable" seed="1304426958" result="Passed" start-time="2023-05-24 20:25:51Z" end-time="2023-05-24 20:25:51Z" duration="0.003092" asserts="0">
            <properties>
              <property name="Category" value="GDX.Tests" />
            </properties>
            <output><![CDATA[[Code Coverage] Code Coverage results for visited sequence points were saved in D:/BuildAgent/work/GDX-Documentation/Staging/CodeCoverage/GDX_Development-opencov/EditMode/TestCoverageResults_0509.xml
[Code Coverage] Code Coverage requires Burst Compilation to be disabled in order to obtain accurate coverage information. To disable Burst Compilation uncheck Jobs > Burst > Enable Compilation or pass '--burst-disable-compilation' to the command line in batchmode.
]]></output>
          </test-case>
          <test-case id="1072" name="AddSubSystemToFirstSubSystemOfType_PlayerSystem_Added" fullname="GDX.PlayerLoopSystemExtensionsTests.AddSubSystemToFirstSubSystemOfType_PlayerSystem_Added" methodname="AddSubSystemToFirstSubSystemOfType_PlayerSystem_Added" classname="GDX.PlayerLoopSystemExtensionsTests" runstate="Runnable" seed="25777683" result="Passed" start-time="2023-05-24 20:25:52Z" end-time="2023-05-24 20:25:52Z" duration="0.000845" asserts="0">
            <properties>
              <property name="Category" value="GDX.Tests" />
            </properties>
            <output><![CDATA[[Code Coverage] Code Coverage results for visited sequence points were saved in D:/BuildAgent/work/GDX-Documentation/Staging/CodeCoverage/GDX_Development-opencov/EditMode/TestCoverageResults_0510.xml
[Code Coverage] Code Coverage requires Burst Compilation to be disabled in order to obtain accurate coverage information. To disable Burst Compilation uncheck Jobs > Burst > Enable Compilation or pass '--burst-disable-compilation' to the command line in batchmode.
]]></output>
          </test-case>
        </test-suite>
        <test-suite type="TestFixture" id="1074" name="ReflectionTests" fullname="GDX.ReflectionTests" classname="GDX.ReflectionTests" runstate="Runnable" testcasecount="28" result="Passed" start-time="2023-05-24 20:25:53Z" end-time="2023-05-24 20:26:27Z" duration="34.012869" total="28" passed="28" failed="0" inconclusive="0" skipped="0" asserts="0">
          <properties />
          <test-case id="1076" name="GetDefault_NonNullable_ReturnsValue" fullname="GDX.ReflectionTests.GetDefault_NonNullable_ReturnsValue" methodname="GetDefault_NonNullable_ReturnsValue" classname="GDX.ReflectionTests" runstate="Runnable" seed="676480389" result="Passed" start-time="2023-05-24 20:25:53Z" end-time="2023-05-24 20:25:53Z" duration="0.000457" asserts="0">
            <properties>
              <property name="Category" value="GDX.Tests" />
            </properties>
            <output><![CDATA[[Code Coverage] Code Coverage results for visited sequence points were saved in D:/BuildAgent/work/GDX-Documentation/Staging/CodeCoverage/GDX_Development-opencov/EditMode/TestCoverageResults_0511.xml
[Code Coverage] Code Coverage requires Burst Compilation to be disabled in order to obtain accurate coverage information. To disable Burst Compilation uncheck Jobs > Burst > Enable Compilation or pass '--burst-disable-compilation' to the command line in batchmode.
]]></output>
          </test-case>
          <test-case id="1075" name="GetDefault_Nullable_ReturnsNull" fullname="GDX.ReflectionTests.GetDefault_Nullable_ReturnsNull" methodname="GetDefault_Nullable_ReturnsNull" classname="GDX.ReflectionTests" runstate="Runnable" seed="383392366" result="Passed" start-time="2023-05-24 20:25:54Z" end-time="2023-05-24 20:25:54Z" duration="0.000241" asserts="0">
            <properties>
              <property name="Category" value="GDX.Tests" />
            </properties>
            <output><![CDATA[[Code Coverage] Code Coverage results for visited sequence points were saved in D:/BuildAgent/work/GDX-Documentation/Staging/CodeCoverage/GDX_Development-opencov/EditMode/TestCoverageResults_0512.xml
[Code Coverage] Code Coverage requires Burst Compilation to be disabled in order to obtain accurate coverage information. To disable Burst Compilation uncheck Jobs > Burst > Enable Compilation or pass '--burst-disable-compilation' to the command line in batchmode.
]]></output>
          </test-case>
          <test-case id="1078" name="GetType_BadType_ReturnsNull" fullname="GDX.ReflectionTests.GetType_BadType_ReturnsNull" methodname="GetType_BadType_ReturnsNull" classname="GDX.ReflectionTests" runstate="Runnable" seed="1543245870" result="Passed" start-time="2023-05-24 20:25:56Z" end-time="2023-05-24 20:25:56Z" duration="0.001397" asserts="0">
            <properties>
              <property name="Category" value="GDX.Tests" />
            </properties>
            <output><![CDATA[[Code Coverage] Code Coverage results for visited sequence points were saved in D:/BuildAgent/work/GDX-Documentation/Staging/CodeCoverage/GDX_Development-opencov/EditMode/TestCoverageResults_0513.xml
[Code Coverage] Code Coverage requires Burst Compilation to be disabled in order to obtain accurate coverage information. To disable Burst Compilation uncheck Jobs > Burst > Enable Compilation or pass '--burst-disable-compilation' to the command line in batchmode.
]]></output>
          </test-case>
          <test-case id="1077" name="GetType_QualifiedType_ReturnsType" fullname="GDX.ReflectionTests.GetType_QualifiedType_ReturnsType" methodname="GetType_QualifiedType_ReturnsType" classname="GDX.ReflectionTests" runstate="Runnable" seed="1509375393" result="Passed" start-time="2023-05-24 20:25:57Z" end-time="2023-05-24 20:25:57Z" duration="0.000393" asserts="0">
            <properties>
              <property name="Category" value="GDX.Tests" />
            </properties>
            <output><![CDATA[[Code Coverage] Code Coverage results for visited sequence points were saved in D:/BuildAgent/work/GDX-Documentation/Staging/CodeCoverage/GDX_Development-opencov/EditMode/TestCoverageResults_0514.xml
[Code Coverage] Code Coverage requires Burst Compilation to be disabled in order to obtain accurate coverage information. To disable Burst Compilation uncheck Jobs > Burst > Enable Compilation or pass '--burst-disable-compilation' to the command line in batchmode.
]]></output>
          </test-case>
          <test-case id="1080" name="InvokeStaticMethod_BadMethod_ReturnsNull" fullname="GDX.ReflectionTests.InvokeStaticMethod_BadMethod_ReturnsNull" methodname="InvokeStaticMethod_BadMethod_ReturnsNull" classname="GDX.ReflectionTests" runstate="Runnable" seed="1493674223" result="Passed" start-time="2023-05-24 20:25:58Z" end-time="2023-05-24 20:25:58Z" duration="0.000369" asserts="0">
            <properties>
              <property name="Category" value="GDX.Tests" />
              <property name="Category" value="GDX.Tests" />
            </properties>
            <output><![CDATA[[Code Coverage] Code Coverage results for visited sequence points were saved in D:/BuildAgent/work/GDX-Documentation/Staging/CodeCoverage/GDX_Development-opencov/EditMode/TestCoverageResults_0515.xml
[Code Coverage] Code Coverage requires Burst Compilation to be disabled in order to obtain accurate coverage information. To disable Burst Compilation uncheck Jobs > Burst > Enable Compilation or pass '--burst-disable-compilation' to the command line in batchmode.
]]></output>
          </test-case>
          <test-case id="1081" name="InvokeStaticMethod_BadType_ReturnsNull" fullname="GDX.ReflectionTests.InvokeStaticMethod_BadType_ReturnsNull" methodname="InvokeStaticMethod_BadType_ReturnsNull" classname="GDX.ReflectionTests" runstate="Runnable" seed="2038387323" result="Passed" start-time="2023-05-24 20:25:59Z" end-time="2023-05-24 20:25:59Z" duration="0.000499" asserts="0">
            <properties>
              <property name="Category" value="GDX.Tests" />
            </properties>
            <output><![CDATA[[Code Coverage] Code Coverage results for visited sequence points were saved in D:/BuildAgent/work/GDX-Documentation/Staging/CodeCoverage/GDX_Development-opencov/EditMode/TestCoverageResults_0516.xml
[Code Coverage] Code Coverage requires Burst Compilation to be disabled in order to obtain accurate coverage information. To disable Burst Compilation uncheck Jobs > Burst > Enable Compilation or pass '--burst-disable-compilation' to the command line in batchmode.
]]></output>
          </test-case>
          <test-case id="1079" name="InvokeStaticMethod_ProjectBrowser_ReturnsListOfBrowsers" fullname="GDX.ReflectionTests.InvokeStaticMethod_ProjectBrowser_ReturnsListOfBrowsers" methodname="InvokeStaticMethod_ProjectBrowser_ReturnsListOfBrowsers" classname="GDX.ReflectionTests" runstate="Runnable" seed="1164653540" result="Passed" start-time="2023-05-24 20:26:00Z" end-time="2023-05-24 20:26:00Z" duration="0.000450" asserts="0">
            <properties>
              <property name="Category" value="GDX.Tests" />
            </properties>
            <output><![CDATA[[Code Coverage] Code Coverage results for visited sequence points were saved in D:/BuildAgent/work/GDX-Documentation/Staging/CodeCoverage/GDX_Development-opencov/EditMode/TestCoverageResults_0517.xml
[Code Coverage] Code Coverage requires Burst Compilation to be disabled in order to obtain accurate coverage information. To disable Burst Compilation uncheck Jobs > Burst > Enable Compilation or pass '--burst-disable-compilation' to the command line in batchmode.
]]></output>
          </test-case>
          <test-case id="1085" name="SetFieldOrPropertyValue_NoTarget_ReturnsFalse" fullname="GDX.ReflectionTests.SetFieldOrPropertyValue_NoTarget_ReturnsFalse" methodname="SetFieldOrPropertyValue_NoTarget_ReturnsFalse" classname="GDX.ReflectionTests" runstate="Runnable" seed="1244359028" result="Passed" start-time="2023-05-24 20:26:02Z" end-time="2023-05-24 20:26:02Z" duration="0.000404" asserts="0">
            <properties>
              <property name="Category" value="GDX.Tests" />
            </properties>
            <output><![CDATA[[Code Coverage] Code Coverage results for visited sequence points were saved in D:/BuildAgent/work/GDX-Documentation/Staging/CodeCoverage/GDX_Development-opencov/EditMode/TestCoverageResults_0518.xml
[Code Coverage] Code Coverage requires Burst Compilation to be disabled in order to obtain accurate coverage information. To disable Burst Compilation uncheck Jobs > Burst > Enable Compilation or pass '--burst-disable-compilation' to the command line in batchmode.
]]></output>
          </test-case>
          <test-case id="1084" name="SetFieldOrPropertyValue_NoType_ReturnsFalse" fullname="GDX.ReflectionTests.SetFieldOrPropertyValue_NoType_ReturnsFalse" methodname="SetFieldOrPropertyValue_NoType_ReturnsFalse" classname="GDX.ReflectionTests" runstate="Runnable" seed="813634917" result="Passed" start-time="2023-05-24 20:26:03Z" end-time="2023-05-24 20:26:03Z" duration="0.019751" asserts="0">
            <properties>
              <property name="Category" value="GDX.Tests" />
            </properties>
            <output><![CDATA[[Code Coverage] Code Coverage results for visited sequence points were saved in D:/BuildAgent/work/GDX-Documentation/Staging/CodeCoverage/GDX_Development-opencov/EditMode/TestCoverageResults_0519.xml
[Code Coverage] Code Coverage requires Burst Compilation to be disabled in order to obtain accurate coverage information. To disable Burst Compilation uncheck Jobs > Burst > Enable Compilation or pass '--burst-disable-compilation' to the command line in batchmode.
]]></output>
          </test-case>
          <test-case id="1082" name="SetFieldOrPropertyValue_ProjectBrowser_SetIsLocked" fullname="GDX.ReflectionTests.SetFieldOrPropertyValue_ProjectBrowser_SetIsLocked" methodname="SetFieldOrPropertyValue_ProjectBrowser_SetIsLocked" classname="GDX.ReflectionTests" runstate="Runnable" seed="320142877" result="Passed" start-time="2023-05-24 20:26:04Z" end-time="2023-05-24 20:26:04Z" duration="0.002087" asserts="0">
            <properties>
              <property name="Category" value="GDX.Tests" />
            </properties>
            <output><![CDATA[[Code Coverage] Code Coverage results for visited sequence points were saved in D:/BuildAgent/work/GDX-Documentation/Staging/CodeCoverage/GDX_Development-opencov/EditMode/TestCoverageResults_0520.xml
[Code Coverage] Code Coverage requires Burst Compilation to be disabled in order to obtain accurate coverage information. To disable Burst Compilation uncheck Jobs > Burst > Enable Compilation or pass '--burst-disable-compilation' to the command line in batchmode.
]]></output>
          </test-case>
          <test-case id="1083" name="SetFieldOrPropertyValue_ProjectBrowser_SetSearchFieldText" fullname="GDX.ReflectionTests.SetFieldOrPropertyValue_ProjectBrowser_SetSearchFieldText" methodname="SetFieldOrPropertyValue_ProjectBrowser_SetSearchFieldText" classname="GDX.ReflectionTests" runstate="Runnable" seed="874767496" result="Passed" start-time="2023-05-24 20:26:05Z" end-time="2023-05-24 20:26:05Z" duration="0.000980" asserts="0">
            <properties>
              <property name="Category" value="GDX.Tests" />
            </properties>
            <output><![CDATA[[Code Coverage] Code Coverage results for visited sequence points were saved in D:/BuildAgent/work/GDX-Documentation/Staging/CodeCoverage/GDX_Development-opencov/EditMode/TestCoverageResults_0521.xml
[Code Coverage] Code Coverage requires Burst Compilation to be disabled in order to obtain accurate coverage information. To disable Burst Compilation uncheck Jobs > Burst > Enable Compilation or pass '--burst-disable-compilation' to the command line in batchmode.
]]></output>
          </test-case>
          <test-case id="1088" name="SetFieldValue_BadField_ReturnsFalse" fullname="GDX.ReflectionTests.SetFieldValue_BadField_ReturnsFalse" methodname="SetFieldValue_BadField_ReturnsFalse" classname="GDX.ReflectionTests" runstate="Runnable" seed="716203163" result="Passed" start-time="2023-05-24 20:26:07Z" end-time="2023-05-24 20:26:07Z" duration="0.000896" asserts="0">
            <properties>
              <property name="Category" value="GDX.Tests" />
            </properties>
            <output><![CDATA[[Code Coverage] Code Coverage results for visited sequence points were saved in D:/BuildAgent/work/GDX-Documentation/Staging/CodeCoverage/GDX_Development-opencov/EditMode/TestCoverageResults_0522.xml
[Code Coverage] Code Coverage requires Burst Compilation to be disabled in order to obtain accurate coverage information. To disable Burst Compilation uncheck Jobs > Burst > Enable Compilation or pass '--burst-disable-compilation' to the command line in batchmode.
]]></output>
          </test-case>
          <test-case id="1087" name="SetFieldValue_NoType_ReturnsFalse" fullname="GDX.ReflectionTests.SetFieldValue_NoType_ReturnsFalse" methodname="SetFieldValue_NoType_ReturnsFalse" classname="GDX.ReflectionTests" runstate="Runnable" seed="1889264836" result="Passed" start-time="2023-05-24 20:26:08Z" end-time="2023-05-24 20:26:08Z" duration="0.000758" asserts="0">
            <properties>
              <property name="Category" value="GDX.Tests" />
            </properties>
            <output><![CDATA[[Code Coverage] Code Coverage results for visited sequence points were saved in D:/BuildAgent/work/GDX-Documentation/Staging/CodeCoverage/GDX_Development-opencov/EditMode/TestCoverageResults_0523.xml
[Code Coverage] Code Coverage requires Burst Compilation to be disabled in order to obtain accurate coverage information. To disable Burst Compilation uncheck Jobs > Burst > Enable Compilation or pass '--burst-disable-compilation' to the command line in batchmode.
]]></output>
          </test-case>
          <test-case id="1086" name="SetFieldValue_ProjectBrowser_SetSearchFieldText" fullname="GDX.ReflectionTests.SetFieldValue_ProjectBrowser_SetSearchFieldText" methodname="SetFieldValue_ProjectBrowser_SetSearchFieldText" classname="GDX.ReflectionTests" runstate="Runnable" seed="1108302731" result="Passed" start-time="2023-05-24 20:26:09Z" end-time="2023-05-24 20:26:09Z" duration="0.000799" asserts="0">
            <properties>
              <property name="Category" value="GDX.Tests" />
            </properties>
            <output><![CDATA[[Code Coverage] Code Coverage results for visited sequence points were saved in D:/BuildAgent/work/GDX-Documentation/Staging/CodeCoverage/GDX_Development-opencov/EditMode/TestCoverageResults_0524.xml
[Code Coverage] Code Coverage requires Burst Compilation to be disabled in order to obtain accurate coverage information. To disable Burst Compilation uncheck Jobs > Burst > Enable Compilation or pass '--burst-disable-compilation' to the command line in batchmode.
]]></output>
          </test-case>
          <test-case id="1091" name="SetPropertyValue_InvalidName_IsFalse" fullname="GDX.ReflectionTests.SetPropertyValue_InvalidName_IsFalse" methodname="SetPropertyValue_InvalidName_IsFalse" classname="GDX.ReflectionTests" runstate="Runnable" seed="117291714" result="Passed" start-time="2023-05-24 20:26:10Z" end-time="2023-05-24 20:26:10Z" duration="0.000998" asserts="0">
            <properties>
              <property name="Category" value="GDX.Tests" />
            </properties>
            <output><![CDATA[[Code Coverage] Code Coverage results for visited sequence points were saved in D:/BuildAgent/work/GDX-Documentation/Staging/CodeCoverage/GDX_Development-opencov/EditMode/TestCoverageResults_0525.xml
[Code Coverage] Code Coverage requires Burst Compilation to be disabled in order to obtain accurate coverage information. To disable Burst Compilation uncheck Jobs > Burst > Enable Compilation or pass '--burst-disable-compilation' to the command line in batchmode.
]]></output>
          </test-case>
          <test-case id="1090" name="SetPropertyValue_NoType_IsFalse" fullname="GDX.ReflectionTests.SetPropertyValue_NoType_IsFalse" methodname="SetPropertyValue_NoType_IsFalse" classname="GDX.ReflectionTests" runstate="Runnable" seed="303917661" result="Passed" start-time="2023-05-24 20:26:11Z" end-time="2023-05-24 20:26:11Z" duration="0.000669" asserts="0">
            <properties>
              <property name="Category" value="GDX.Tests" />
            </properties>
            <output><![CDATA[[Code Coverage] Code Coverage results for visited sequence points were saved in D:/BuildAgent/work/GDX-Documentation/Staging/CodeCoverage/GDX_Development-opencov/EditMode/TestCoverageResults_0526.xml
[Code Coverage] Code Coverage requires Burst Compilation to be disabled in order to obtain accurate coverage information. To disable Burst Compilation uncheck Jobs > Burst > Enable Compilation or pass '--burst-disable-compilation' to the command line in batchmode.
]]></output>
          </test-case>
          <test-case id="1089" name="SetPropertyValue_QualifiedProperty_IsSet" fullname="GDX.ReflectionTests.SetPropertyValue_QualifiedProperty_IsSet" methodname="SetPropertyValue_QualifiedProperty_IsSet" classname="GDX.ReflectionTests" runstate="Runnable" seed="2108177400" result="Passed" start-time="2023-05-24 20:26:13Z" end-time="2023-05-24 20:26:13Z" duration="0.000947" asserts="0">
            <properties>
              <property name="Category" value="GDX.Tests" />
            </properties>
            <output><![CDATA[[Code Coverage] Code Coverage results for visited sequence points were saved in D:/BuildAgent/work/GDX-Documentation/Staging/CodeCoverage/GDX_Development-opencov/EditMode/TestCoverageResults_0527.xml
[Code Coverage] Code Coverage requires Burst Compilation to be disabled in order to obtain accurate coverage information. To disable Burst Compilation uncheck Jobs > Burst > Enable Compilation or pass '--burst-disable-compilation' to the command line in batchmode.
]]></output>
          </test-case>
          <test-case id="1094" name="TryGetFieldOrPropertyValue_BadField_ReturnsStartGridSize" fullname="GDX.ReflectionTests.TryGetFieldOrPropertyValue_BadField_ReturnsStartGridSize" methodname="TryGetFieldOrPropertyValue_BadField_ReturnsStartGridSize" classname="GDX.ReflectionTests" runstate="Runnable" seed="1428858192" result="Passed" start-time="2023-05-24 20:26:14Z" end-time="2023-05-24 20:26:14Z" duration="0.000741" asserts="0">
            <properties>
              <property name="Category" value="GDX.Tests" />
            </properties>
            <output><![CDATA[[Code Coverage] Code Coverage results for visited sequence points were saved in D:/BuildAgent/work/GDX-Documentation/Staging/CodeCoverage/GDX_Development-opencov/EditMode/TestCoverageResults_0528.xml
[Code Coverage] Code Coverage requires Burst Compilation to be disabled in order to obtain accurate coverage information. To disable Burst Compilation uncheck Jobs > Burst > Enable Compilation or pass '--burst-disable-compilation' to the command line in batchmode.
]]></output>
          </test-case>
          <test-case id="1093" name="TryGetFieldOrPropertyValue_NoField_ReturnsDefault" fullname="GDX.ReflectionTests.TryGetFieldOrPropertyValue_NoField_ReturnsDefault" methodname="TryGetFieldOrPropertyValue_NoField_ReturnsDefault" classname="GDX.ReflectionTests" runstate="Runnable" seed="409521089" result="Passed" start-time="2023-05-24 20:26:15Z" end-time="2023-05-24 20:26:15Z" duration="0.000936" asserts="0">
            <properties>
              <property name="Category" value="GDX.Tests" />
            </properties>
            <output><![CDATA[[Code Coverage] Code Coverage results for visited sequence points were saved in D:/BuildAgent/work/GDX-Documentation/Staging/CodeCoverage/GDX_Development-opencov/EditMode/TestCoverageResults_0529.xml
[Code Coverage] Code Coverage requires Burst Compilation to be disabled in order to obtain accurate coverage information. To disable Burst Compilation uncheck Jobs > Burst > Enable Compilation or pass '--burst-disable-compilation' to the command line in batchmode.
]]></output>
          </test-case>
          <test-case id="1092" name="TryGetFieldOrPropertyValue_NoTarget_ReturnsDefault" fullname="GDX.ReflectionTests.TryGetFieldOrPropertyValue_NoTarget_ReturnsDefault" methodname="TryGetFieldOrPropertyValue_NoTarget_ReturnsDefault" classname="GDX.ReflectionTests" runstate="Runnable" seed="715556316" result="Passed" start-time="2023-05-24 20:26:16Z" end-time="2023-05-24 20:26:16Z" duration="0.000260" asserts="0">
            <properties>
              <property name="Category" value="GDX.Tests" />
            </properties>
            <output><![CDATA[[Code Coverage] Code Coverage results for visited sequence points were saved in D:/BuildAgent/work/GDX-Documentation/Staging/CodeCoverage/GDX_Development-opencov/EditMode/TestCoverageResults_0530.xml
[Code Coverage] Code Coverage requires Burst Compilation to be disabled in order to obtain accurate coverage information. To disable Burst Compilation uncheck Jobs > Burst > Enable Compilation or pass '--burst-disable-compilation' to the command line in batchmode.
]]></output>
          </test-case>
          <test-case id="1095" name="TryGetFieldOrPropertyValue_ProjectBrowserField_ReturnsStartGridSize" fullname="GDX.ReflectionTests.TryGetFieldOrPropertyValue_ProjectBrowserField_ReturnsStartGridSize" methodname="TryGetFieldOrPropertyValue_ProjectBrowserField_ReturnsStartGridSize" classname="GDX.ReflectionTests" runstate="Runnable" seed="560967185" result="Passed" start-time="2023-05-24 20:26:18Z" end-time="2023-05-24 20:26:18Z" duration="0.000793" asserts="0">
            <properties>
              <property name="Category" value="GDX.Tests" />
            </properties>
            <output><![CDATA[[Code Coverage] Code Coverage results for visited sequence points were saved in D:/BuildAgent/work/GDX-Documentation/Staging/CodeCoverage/GDX_Development-opencov/EditMode/TestCoverageResults_0531.xml
[Code Coverage] Code Coverage requires Burst Compilation to be disabled in order to obtain accurate coverage information. To disable Burst Compilation uncheck Jobs > Burst > Enable Compilation or pass '--burst-disable-compilation' to the command line in batchmode.
]]></output>
          </test-case>
          <test-case id="1096" name="TryGetFieldOrPropertyValue_ProjectBrowserProperty_ReturnsIsLocked" fullname="GDX.ReflectionTests.TryGetFieldOrPropertyValue_ProjectBrowserProperty_ReturnsIsLocked" methodname="TryGetFieldOrPropertyValue_ProjectBrowserProperty_ReturnsIsLocked" classname="GDX.ReflectionTests" runstate="Runnable" seed="293026369" result="Passed" start-time="2023-05-24 20:26:19Z" end-time="2023-05-24 20:26:19Z" duration="0.000769" asserts="0">
            <properties>
              <property name="Category" value="GDX.Tests" />
            </properties>
            <output><![CDATA[[Code Coverage] Code Coverage results for visited sequence points were saved in D:/BuildAgent/work/GDX-Documentation/Staging/CodeCoverage/GDX_Development-opencov/EditMode/TestCoverageResults_0532.xml
[Code Coverage] Code Coverage requires Burst Compilation to be disabled in order to obtain accurate coverage information. To disable Burst Compilation uncheck Jobs > Burst > Enable Compilation or pass '--burst-disable-compilation' to the command line in batchmode.
]]></output>
          </test-case>
          <test-case id="1099" name="TryGetFieldValue_BadField_ReturnsDefault" fullname="GDX.ReflectionTests.TryGetFieldValue_BadField_ReturnsDefault" methodname="TryGetFieldValue_BadField_ReturnsDefault" classname="GDX.ReflectionTests" runstate="Runnable" seed="1927562938" result="Passed" start-time="2023-05-24 20:26:20Z" end-time="2023-05-24 20:26:20Z" duration="0.000762" asserts="0">
            <properties>
              <property name="Category" value="GDX.Tests" />
            </properties>
            <output><![CDATA[[Code Coverage] Code Coverage results for visited sequence points were saved in D:/BuildAgent/work/GDX-Documentation/Staging/CodeCoverage/GDX_Development-opencov/EditMode/TestCoverageResults_0533.xml
[Code Coverage] Code Coverage requires Burst Compilation to be disabled in order to obtain accurate coverage information. To disable Burst Compilation uncheck Jobs > Burst > Enable Compilation or pass '--burst-disable-compilation' to the command line in batchmode.
]]></output>
          </test-case>
          <test-case id="1098" name="TryGetFieldValue_NoType_ReturnsDefault" fullname="GDX.ReflectionTests.TryGetFieldValue_NoType_ReturnsDefault" methodname="TryGetFieldValue_NoType_ReturnsDefault" classname="GDX.ReflectionTests" runstate="Runnable" seed="1436115187" result="Passed" start-time="2023-05-24 20:26:21Z" end-time="2023-05-24 20:26:21Z" duration="0.000842" asserts="0">
            <properties>
              <property name="Category" value="GDX.Tests" />
            </properties>
            <output><![CDATA[[Code Coverage] Code Coverage results for visited sequence points were saved in D:/BuildAgent/work/GDX-Documentation/Staging/CodeCoverage/GDX_Development-opencov/EditMode/TestCoverageResults_0534.xml
[Code Coverage] Code Coverage requires Burst Compilation to be disabled in order to obtain accurate coverage information. To disable Burst Compilation uncheck Jobs > Burst > Enable Compilation or pass '--burst-disable-compilation' to the command line in batchmode.
]]></output>
          </test-case>
          <test-case id="1097" name="TryGetFieldValue_ProjectBrowser_ReturnsTrueGetFieldText" fullname="GDX.ReflectionTests.TryGetFieldValue_ProjectBrowser_ReturnsTrueGetFieldText" methodname="TryGetFieldValue_ProjectBrowser_ReturnsTrueGetFieldText" classname="GDX.ReflectionTests" runstate="Runnable" seed="1350158738" result="Passed" start-time="2023-05-24 20:26:22Z" end-time="2023-05-24 20:26:22Z" duration="0.000711" asserts="0">
            <properties>
              <property name="Category" value="GDX.Tests" />
            </properties>
            <output><![CDATA[[Code Coverage] Code Coverage results for visited sequence points were saved in D:/BuildAgent/work/GDX-Documentation/Staging/CodeCoverage/GDX_Development-opencov/EditMode/TestCoverageResults_0535.xml
[Code Coverage] Code Coverage requires Burst Compilation to be disabled in order to obtain accurate coverage information. To disable Burst Compilation uncheck Jobs > Burst > Enable Compilation or pass '--burst-disable-compilation' to the command line in batchmode.
]]></output>
          </test-case>
          <test-case id="1102" name="TryGetPropertyValue_InvalidName_IsFalse" fullname="GDX.ReflectionTests.TryGetPropertyValue_InvalidName_IsFalse" methodname="TryGetPropertyValue_InvalidName_IsFalse" classname="GDX.ReflectionTests" runstate="Runnable" seed="983895109" result="Passed" start-time="2023-05-24 20:26:24Z" end-time="2023-05-24 20:26:24Z" duration="0.000718" asserts="0">
            <properties>
              <property name="Category" value="GDX.Tests" />
            </properties>
            <output><![CDATA[[Code Coverage] Code Coverage results for visited sequence points were saved in D:/BuildAgent/work/GDX-Documentation/Staging/CodeCoverage/GDX_Development-opencov/EditMode/TestCoverageResults_0536.xml
[Code Coverage] Code Coverage requires Burst Compilation to be disabled in order to obtain accurate coverage information. To disable Burst Compilation uncheck Jobs > Burst > Enable Compilation or pass '--burst-disable-compilation' to the command line in batchmode.
]]></output>
          </test-case>
          <test-case id="1101" name="TryGetPropertyValue_NoType_IsFalse" fullname="GDX.ReflectionTests.TryGetPropertyValue_NoType_IsFalse" methodname="TryGetPropertyValue_NoType_IsFalse" classname="GDX.ReflectionTests" runstate="Runnable" seed="1344043281" result="Passed" start-time="2023-05-24 20:26:25Z" end-time="2023-05-24 20:26:25Z" duration="0.000721" asserts="0">
            <properties>
              <property name="Category" value="GDX.Tests" />
            </properties>
            <output><![CDATA[[Code Coverage] Code Coverage results for visited sequence points were saved in D:/BuildAgent/work/GDX-Documentation/Staging/CodeCoverage/GDX_Development-opencov/EditMode/TestCoverageResults_0537.xml
[Code Coverage] Code Coverage requires Burst Compilation to be disabled in order to obtain accurate coverage information. To disable Burst Compilation uncheck Jobs > Burst > Enable Compilation or pass '--burst-disable-compilation' to the command line in batchmode.
]]></output>
          </test-case>
          <test-case id="1100" name="TryGetPropertyValue_QualifiedProperty_IsTrue" fullname="GDX.ReflectionTests.TryGetPropertyValue_QualifiedProperty_IsTrue" methodname="TryGetPropertyValue_QualifiedProperty_IsTrue" classname="GDX.ReflectionTests" runstate="Runnable" seed="1483789865" result="Passed" start-time="2023-05-24 20:26:26Z" end-time="2023-05-24 20:26:26Z" duration="0.000736" asserts="0">
            <properties>
              <property name="Category" value="GDX.Tests" />
            </properties>
            <output><![CDATA[[Code Coverage] Code Coverage results for visited sequence points were saved in D:/BuildAgent/work/GDX-Documentation/Staging/CodeCoverage/GDX_Development-opencov/EditMode/TestCoverageResults_0538.xml
[Code Coverage] Code Coverage requires Burst Compilation to be disabled in order to obtain accurate coverage information. To disable Burst Compilation uncheck Jobs > Burst > Enable Compilation or pass '--burst-disable-compilation' to the command line in batchmode.
]]></output>
          </test-case>
        </test-suite>
        <test-suite type="TestSuite" id="1750" name="Rendering" fullname="GDX.Rendering" runstate="Runnable" testcasecount="2" result="Passed" start-time="2023-05-24 20:26:27Z" end-time="2023-05-24 20:26:30Z" duration="2.596376" total="2" passed="2" failed="0" inconclusive="0" skipped="0" asserts="0">
          <properties />
          <test-suite type="TestFixture" id="1256" name="ShaderProviderTests" fullname="GDX.Rendering.ShaderProviderTests" classname="GDX.Rendering.ShaderProviderTests" runstate="Runnable" testcasecount="2" result="Passed" start-time="2023-05-24 20:26:27Z" end-time="2023-05-24 20:26:30Z" duration="2.478155" total="2" passed="2" failed="0" inconclusive="0" skipped="0" asserts="0">
            <properties />
            <test-case id="1257" name="DottedLine_NotNull" fullname="GDX.Rendering.ShaderProviderTests.DottedLine_NotNull" methodname="DottedLine_NotNull" classname="GDX.Rendering.ShaderProviderTests" runstate="Runnable" seed="1401888369" result="Passed" start-time="2023-05-24 20:26:27Z" end-time="2023-05-24 20:26:27Z" duration="0.000233" asserts="0">
              <properties>
                <property name="Category" value="GDX.Tests" />
              </properties>
              <output><![CDATA[[Code Coverage] Code Coverage results for visited sequence points were saved in D:/BuildAgent/work/GDX-Documentation/Staging/CodeCoverage/GDX_Development-opencov/EditMode/TestCoverageResults_0539.xml
[Code Coverage] Code Coverage requires Burst Compilation to be disabled in order to obtain accurate coverage information. To disable Burst Compilation uncheck Jobs > Burst > Enable Compilation or pass '--burst-disable-compilation' to the command line in batchmode.
]]></output>
            </test-case>
            <test-case id="1258" name="UnlitColor_NotNull" fullname="GDX.Rendering.ShaderProviderTests.UnlitColor_NotNull" methodname="UnlitColor_NotNull" classname="GDX.Rendering.ShaderProviderTests" runstate="Runnable" seed="1895584284" result="Passed" start-time="2023-05-24 20:26:29Z" end-time="2023-05-24 20:26:29Z" duration="0.000241" asserts="0">
              <properties>
                <property name="Category" value="GDX.Tests" />
              </properties>
              <output><![CDATA[[Code Coverage] Code Coverage results for visited sequence points were saved in D:/BuildAgent/work/GDX-Documentation/Staging/CodeCoverage/GDX_Development-opencov/EditMode/TestCoverageResults_0540.xml
[Code Coverage] Code Coverage requires Burst Compilation to be disabled in order to obtain accurate coverage information. To disable Burst Compilation uncheck Jobs > Burst > Enable Compilation or pass '--burst-disable-compilation' to the command line in batchmode.
]]></output>
            </test-case>
          </test-suite>
        </test-suite>
        <test-suite type="TestFixture" id="1103" name="SegmentedStringTests" fullname="GDX.SegmentedStringTests" classname="GDX.SegmentedStringTests" runstate="Runnable" testcasecount="9" result="Passed" start-time="2023-05-24 20:26:30Z" end-time="2023-05-24 20:26:42Z" duration="11.966866" total="9" passed="9" failed="0" inconclusive="0" skipped="0" asserts="0">
          <properties />
          <test-case id="1104" name="AsCharArray_MockData_ReturnsAll" fullname="GDX.SegmentedStringTests.AsCharArray_MockData_ReturnsAll" methodname="AsCharArray_MockData_ReturnsAll" classname="GDX.SegmentedStringTests" runstate="Runnable" seed="1606912624" result="Passed" start-time="2023-05-24 20:26:30Z" end-time="2023-05-24 20:26:30Z" duration="0.000746" asserts="0">
            <properties>
              <property name="Category" value="GDX.Tests" />
            </properties>
            <output><![CDATA[[Code Coverage] Code Coverage results for visited sequence points were saved in D:/BuildAgent/work/GDX-Documentation/Staging/CodeCoverage/GDX_Development-opencov/EditMode/TestCoverageResults_0541.xml
[Code Coverage] Code Coverage requires Burst Compilation to be disabled in order to obtain accurate coverage information. To disable Burst Compilation uncheck Jobs > Burst > Enable Compilation or pass '--burst-disable-compilation' to the command line in batchmode.
]]></output>
          </test-case>
          <test-case id="1105" name="AsCharArray_MockDataSpecific_ReturnsTarget" fullname="GDX.SegmentedStringTests.AsCharArray_MockDataSpecific_ReturnsTarget" methodname="AsCharArray_MockDataSpecific_ReturnsTarget" classname="GDX.SegmentedStringTests" runstate="Runnable" seed="1655453076" result="Passed" start-time="2023-05-24 20:26:31Z" end-time="2023-05-24 20:26:31Z" duration="0.000380" asserts="0">
            <properties>
              <property name="Category" value="GDX.Tests" />
            </properties>
            <output><![CDATA[[Code Coverage] Code Coverage results for visited sequence points were saved in D:/BuildAgent/work/GDX-Documentation/Staging/CodeCoverage/GDX_Development-opencov/EditMode/TestCoverageResults_0542.xml
[Code Coverage] Code Coverage requires Burst Compilation to be disabled in order to obtain accurate coverage information. To disable Burst Compilation uncheck Jobs > Burst > Enable Compilation or pass '--burst-disable-compilation' to the command line in batchmode.
]]></output>
          </test-case>
          <test-case id="1106" name="AsString_MockData_ReturnsLowered" fullname="GDX.SegmentedStringTests.AsString_MockData_ReturnsLowered" methodname="AsString_MockData_ReturnsLowered" classname="GDX.SegmentedStringTests" runstate="Runnable" seed="275116238" result="Passed" start-time="2023-05-24 20:26:32Z" end-time="2023-05-24 20:26:32Z" duration="0.000385" asserts="0">
            <properties>
              <property name="Category" value="GDX.Tests" />
            </properties>
            <output><![CDATA[[Code Coverage] Code Coverage results for visited sequence points were saved in D:/BuildAgent/work/GDX-Documentation/Staging/CodeCoverage/GDX_Development-opencov/EditMode/TestCoverageResults_0543.xml
[Code Coverage] Code Coverage requires Burst Compilation to be disabled in order to obtain accurate coverage information. To disable Burst Compilation uncheck Jobs > Burst > Enable Compilation or pass '--burst-disable-compilation' to the command line in batchmode.
]]></output>
          </test-case>
          <test-case id="1107" name="GetCount_MockData_Correct" fullname="GDX.SegmentedStringTests.GetCount_MockData_Correct" methodname="GetCount_MockData_Correct" classname="GDX.SegmentedStringTests" runstate="Runnable" seed="1701233148" result="Passed" start-time="2023-05-24 20:26:34Z" end-time="2023-05-24 20:26:34Z" duration="0.000567" asserts="0">
            <properties>
              <property name="Category" value="GDX.Tests" />
            </properties>
            <output><![CDATA[[Code Coverage] Code Coverage results for visited sequence points were saved in D:/BuildAgent/work/GDX-Documentation/Staging/CodeCoverage/GDX_Development-opencov/EditMode/TestCoverageResults_0544.xml
[Code Coverage] Code Coverage requires Burst Compilation to be disabled in order to obtain accurate coverage information. To disable Burst Compilation uncheck Jobs > Burst > Enable Compilation or pass '--burst-disable-compilation' to the command line in batchmode.
]]></output>
          </test-case>
          <test-case id="1108" name="GetHashCode_MockData_Correct" fullname="GDX.SegmentedStringTests.GetHashCode_MockData_Correct" methodname="GetHashCode_MockData_Correct" classname="GDX.SegmentedStringTests" runstate="Runnable" seed="1697848478" result="Passed" start-time="2023-05-24 20:26:35Z" end-time="2023-05-24 20:26:35Z" duration="0.000317" asserts="0">
            <properties>
              <property name="Category" value="GDX.Tests" />
            </properties>
            <output><![CDATA[[Code Coverage] Code Coverage results for visited sequence points were saved in D:/BuildAgent/work/GDX-Documentation/Staging/CodeCoverage/GDX_Development-opencov/EditMode/TestCoverageResults_0545.xml
[Code Coverage] Code Coverage requires Burst Compilation to be disabled in order to obtain accurate coverage information. To disable Burst Compilation uncheck Jobs > Burst > Enable Compilation or pass '--burst-disable-compilation' to the command line in batchmode.
]]></output>
          </test-case>
          <test-case id="1109" name="GetOffset_MockData_Valid" fullname="GDX.SegmentedStringTests.GetOffset_MockData_Valid" methodname="GetOffset_MockData_Valid" classname="GDX.SegmentedStringTests" runstate="Runnable" seed="363200761" result="Passed" start-time="2023-05-24 20:26:36Z" end-time="2023-05-24 20:26:36Z" duration="0.000333" asserts="0">
            <properties>
              <property name="Category" value="GDX.Tests" />
            </properties>
            <output><![CDATA[[Code Coverage] Code Coverage results for visited sequence points were saved in D:/BuildAgent/work/GDX-Documentation/Staging/CodeCoverage/GDX_Development-opencov/EditMode/TestCoverageResults_0546.xml
[Code Coverage] Code Coverage requires Burst Compilation to be disabled in order to obtain accurate coverage information. To disable Burst Compilation uncheck Jobs > Burst > Enable Compilation or pass '--burst-disable-compilation' to the command line in batchmode.
]]></output>
          </test-case>
          <test-case id="1111" name="GetSegment_MockData_Matches" fullname="GDX.SegmentedStringTests.GetSegment_MockData_Matches" methodname="GetSegment_MockData_Matches" classname="GDX.SegmentedStringTests" runstate="Runnable" seed="342455706" result="Passed" start-time="2023-05-24 20:26:37Z" end-time="2023-05-24 20:26:37Z" duration="0.000515" asserts="0">
            <properties>
              <property name="Category" value="GDX.Tests" />
            </properties>
            <output><![CDATA[[Code Coverage] Code Coverage results for visited sequence points were saved in D:/BuildAgent/work/GDX-Documentation/Staging/CodeCoverage/GDX_Development-opencov/EditMode/TestCoverageResults_0547.xml
[Code Coverage] Code Coverage requires Burst Compilation to be disabled in order to obtain accurate coverage information. To disable Burst Compilation uncheck Jobs > Burst > Enable Compilation or pass '--burst-disable-compilation' to the command line in batchmode.
]]></output>
          </test-case>
          <test-case id="1110" name="GetSegmentLength_MockData_CorrectCount" fullname="GDX.SegmentedStringTests.GetSegmentLength_MockData_CorrectCount" methodname="GetSegmentLength_MockData_CorrectCount" classname="GDX.SegmentedStringTests" runstate="Runnable" seed="1897549997" result="Passed" start-time="2023-05-24 20:26:38Z" end-time="2023-05-24 20:26:38Z" duration="0.000419" asserts="0">
            <properties>
              <property name="Category" value="GDX.Tests" />
            </properties>
            <output><![CDATA[[Code Coverage] Code Coverage results for visited sequence points were saved in D:/BuildAgent/work/GDX-Documentation/Staging/CodeCoverage/GDX_Development-opencov/EditMode/TestCoverageResults_0548.xml
[Code Coverage] Code Coverage requires Burst Compilation to be disabled in order to obtain accurate coverage information. To disable Burst Compilation uncheck Jobs > Burst > Enable Compilation or pass '--burst-disable-compilation' to the command line in batchmode.
]]></output>
          </test-case>
          <test-case id="1112" name="SplitOnNonAlphaNumericToLowerHashed_MockData_ValidHashCodes" fullname="GDX.SegmentedStringTests.SplitOnNonAlphaNumericToLowerHashed_MockData_ValidHashCodes" methodname="SplitOnNonAlphaNumericToLowerHashed_MockData_ValidHashCodes" classname="GDX.SegmentedStringTests" runstate="Runnable" seed="614550675" result="Passed" start-time="2023-05-24 20:26:40Z" end-time="2023-05-24 20:26:40Z" duration="0.000547" asserts="0">
            <properties>
              <property name="Category" value="GDX.Tests" />
            </properties>
            <output><![CDATA[[Code Coverage] Code Coverage results for visited sequence points were saved in D:/BuildAgent/work/GDX-Documentation/Staging/CodeCoverage/GDX_Development-opencov/EditMode/TestCoverageResults_0549.xml
[Code Coverage] Code Coverage requires Burst Compilation to be disabled in order to obtain accurate coverage information. To disable Burst Compilation uncheck Jobs > Burst > Enable Compilation or pass '--burst-disable-compilation' to the command line in batchmode.
]]></output>
          </test-case>
        </test-suite>
        <test-suite type="TestFixture" id="1113" name="SimpleListExtensionsTests" fullname="GDX.SimpleListExtensionsTests" classname="GDX.SimpleListExtensionsTests" runstate="Runnable" testcasecount="28" result="Passed" start-time="2023-05-24 20:26:42Z" end-time="2023-05-24 20:27:16Z" duration="34.334919" total="28" passed="28" failed="0" inconclusive="0" skipped="0" asserts="0">
          <properties />
          <test-case id="1118" name="AddUncheckedUniqueItem_NonUniqueString_ReturnsFalse" fullname="GDX.SimpleListExtensionsTests.AddUncheckedUniqueItem_NonUniqueString_ReturnsFalse" methodname="AddUncheckedUniqueItem_NonUniqueString_ReturnsFalse" classname="GDX.SimpleListExtensionsTests" runstate="Runnable" seed="1402965186" result="Passed" start-time="2023-05-24 20:26:42Z" end-time="2023-05-24 20:26:42Z" duration="0.000766" asserts="0">
            <properties>
              <property name="Category" value="GDX.Tests" />
            </properties>
            <output><![CDATA[[Code Coverage] Code Coverage results for visited sequence points were saved in D:/BuildAgent/work/GDX-Documentation/Staging/CodeCoverage/GDX_Development-opencov/EditMode/TestCoverageResults_0550.xml
[Code Coverage] Code Coverage requires Burst Compilation to be disabled in order to obtain accurate coverage information. To disable Burst Compilation uncheck Jobs > Burst > Enable Compilation or pass '--burst-disable-compilation' to the command line in batchmode.
]]></output>
          </test-case>
          <test-case id="1120" name="AddUncheckedUniqueItem_UniqueStringWithNoRoom_ThrowsException" fullname="GDX.SimpleListExtensionsTests.AddUncheckedUniqueItem_UniqueStringWithNoRoom_ThrowsException" methodname="AddUncheckedUniqueItem_UniqueStringWithNoRoom_ThrowsException" classname="GDX.SimpleListExtensionsTests" runstate="Runnable" seed="981648210" result="Passed" start-time="2023-05-24 20:26:43Z" end-time="2023-05-24 20:26:43Z" duration="0.000579" asserts="0">
            <properties>
              <property name="Category" value="GDX.Tests" />
            </properties>
            <output><![CDATA[[Code Coverage] Code Coverage results for visited sequence points were saved in D:/BuildAgent/work/GDX-Documentation/Staging/CodeCoverage/GDX_Development-opencov/EditMode/TestCoverageResults_0551.xml
[Code Coverage] Code Coverage requires Burst Compilation to be disabled in order to obtain accurate coverage information. To disable Burst Compilation uncheck Jobs > Burst > Enable Compilation or pass '--burst-disable-compilation' to the command line in batchmode.
]]></output>
          </test-case>
          <test-case id="1119" name="AddUncheckedUniqueItem_UniqueStringWithRoom_NoException" fullname="GDX.SimpleListExtensionsTests.AddUncheckedUniqueItem_UniqueStringWithRoom_NoException" methodname="AddUncheckedUniqueItem_UniqueStringWithRoom_NoException" classname="GDX.SimpleListExtensionsTests" runstate="Runnable" seed="1248110038" result="Passed" start-time="2023-05-24 20:26:44Z" end-time="2023-05-24 20:26:44Z" duration="0.001070" asserts="0">
            <properties>
              <property name="Category" value="GDX.Tests" />
            </properties>
            <output><![CDATA[[Code Coverage] Code Coverage results for visited sequence points were saved in D:/BuildAgent/work/GDX-Documentation/Staging/CodeCoverage/GDX_Development-opencov/EditMode/TestCoverageResults_0552.xml
[Code Coverage] Code Coverage requires Burst Compilation to be disabled in order to obtain accurate coverage information. To disable Burst Compilation uncheck Jobs > Burst > Enable Compilation or pass '--burst-disable-compilation' to the command line in batchmode.
]]></output>
          </test-case>
          <test-case id="1123" name="AddUncheckedUniqueReference_NonUniqueString_ReturnsFalse" fullname="GDX.SimpleListExtensionsTests.AddUncheckedUniqueReference_NonUniqueString_ReturnsFalse" methodname="AddUncheckedUniqueReference_NonUniqueString_ReturnsFalse" classname="GDX.SimpleListExtensionsTests" runstate="Runnable" seed="188638497" result="Passed" start-time="2023-05-24 20:26:45Z" end-time="2023-05-24 20:26:45Z" duration="0.000613" asserts="0">
            <properties>
              <property name="Category" value="GDX.Tests" />
            </properties>
            <output><![CDATA[[Code Coverage] Code Coverage results for visited sequence points were saved in D:/BuildAgent/work/GDX-Documentation/Staging/CodeCoverage/GDX_Development-opencov/EditMode/TestCoverageResults_0553.xml
[Code Coverage] Code Coverage requires Burst Compilation to be disabled in order to obtain accurate coverage information. To disable Burst Compilation uncheck Jobs > Burst > Enable Compilation or pass '--burst-disable-compilation' to the command line in batchmode.
]]></output>
          </test-case>
          <test-case id="1125" name="AddUncheckedUniqueReference_UniqueStringWithNoRoom_ThrowsException" fullname="GDX.SimpleListExtensionsTests.AddUncheckedUniqueReference_UniqueStringWithNoRoom_ThrowsException" methodname="AddUncheckedUniqueReference_UniqueStringWithNoRoom_ThrowsException" classname="GDX.SimpleListExtensionsTests" runstate="Runnable" seed="577325296" result="Passed" start-time="2023-05-24 20:26:47Z" end-time="2023-05-24 20:26:47Z" duration="0.000588" asserts="0">
            <properties>
              <property name="Category" value="GDX.Tests" />
            </properties>
            <output><![CDATA[[Code Coverage] Code Coverage results for visited sequence points were saved in D:/BuildAgent/work/GDX-Documentation/Staging/CodeCoverage/GDX_Development-opencov/EditMode/TestCoverageResults_0554.xml
[Code Coverage] Code Coverage requires Burst Compilation to be disabled in order to obtain accurate coverage information. To disable Burst Compilation uncheck Jobs > Burst > Enable Compilation or pass '--burst-disable-compilation' to the command line in batchmode.
]]></output>
          </test-case>
          <test-case id="1124" name="AddUncheckedUniqueReference_UniqueStringWithRoom_NoException" fullname="GDX.SimpleListExtensionsTests.AddUncheckedUniqueReference_UniqueStringWithRoom_NoException" methodname="AddUncheckedUniqueReference_UniqueStringWithRoom_NoException" classname="GDX.SimpleListExtensionsTests" runstate="Runnable" seed="154140813" result="Passed" start-time="2023-05-24 20:26:48Z" end-time="2023-05-24 20:26:48Z" duration="0.000552" asserts="0">
            <properties>
              <property name="Category" value="GDX.Tests" />
            </properties>
            <output><![CDATA[[Code Coverage] Code Coverage results for visited sequence points were saved in D:/BuildAgent/work/GDX-Documentation/Staging/CodeCoverage/GDX_Development-opencov/EditMode/TestCoverageResults_0555.xml
[Code Coverage] Code Coverage requires Burst Compilation to be disabled in order to obtain accurate coverage information. To disable Burst Compilation uncheck Jobs > Burst > Enable Compilation or pass '--burst-disable-compilation' to the command line in batchmode.
]]></output>
          </test-case>
          <test-case id="1114" name="AddWithExpandCheckUniqueItem_NonUniqueString_ReturnsFalse" fullname="GDX.SimpleListExtensionsTests.AddWithExpandCheckUniqueItem_NonUniqueString_ReturnsFalse" methodname="AddWithExpandCheckUniqueItem_NonUniqueString_ReturnsFalse" classname="GDX.SimpleListExtensionsTests" runstate="Runnable" seed="486202406" result="Passed" start-time="2023-05-24 20:26:49Z" end-time="2023-05-24 20:26:49Z" duration="0.000538" asserts="0">
            <properties>
              <property name="Category" value="GDX.Tests" />
            </properties>
            <output><![CDATA[[Code Coverage] Code Coverage results for visited sequence points were saved in D:/BuildAgent/work/GDX-Documentation/Staging/CodeCoverage/GDX_Development-opencov/EditMode/TestCoverageResults_0556.xml
[Code Coverage] Code Coverage requires Burst Compilation to be disabled in order to obtain accurate coverage information. To disable Burst Compilation uncheck Jobs > Burst > Enable Compilation or pass '--burst-disable-compilation' to the command line in batchmode.
]]></output>
          </test-case>
          <test-case id="1115" name="AddWithExpandCheckUniqueItem_UniqueString_ReturnsTrue" fullname="GDX.SimpleListExtensionsTests.AddWithExpandCheckUniqueItem_UniqueString_ReturnsTrue" methodname="AddWithExpandCheckUniqueItem_UniqueString_ReturnsTrue" classname="GDX.SimpleListExtensionsTests" runstate="Runnable" seed="1344964669" result="Passed" start-time="2023-05-24 20:26:50Z" end-time="2023-05-24 20:26:50Z" duration="0.000430" asserts="0">
            <properties>
              <property name="Category" value="GDX.Tests" />
            </properties>
            <output><![CDATA[[Code Coverage] Code Coverage results for visited sequence points were saved in D:/BuildAgent/work/GDX-Documentation/Staging/CodeCoverage/GDX_Development-opencov/EditMode/TestCoverageResults_0557.xml
[Code Coverage] Code Coverage requires Burst Compilation to be disabled in order to obtain accurate coverage information. To disable Burst Compilation uncheck Jobs > Burst > Enable Compilation or pass '--burst-disable-compilation' to the command line in batchmode.
]]></output>
          </test-case>
          <test-case id="1121" name="AddWithExpandCheckUniqueReference_NonUniqueString_ReturnsFalse" fullname="GDX.SimpleListExtensionsTests.AddWithExpandCheckUniqueReference_NonUniqueString_ReturnsFalse" methodname="AddWithExpandCheckUniqueReference_NonUniqueString_ReturnsFalse" classname="GDX.SimpleListExtensionsTests" runstate="Runnable" seed="416009907" result="Passed" start-time="2023-05-24 20:26:52Z" end-time="2023-05-24 20:26:52Z" duration="0.000522" asserts="0">
            <properties>
              <property name="Category" value="GDX.Tests" />
            </properties>
            <output><![CDATA[[Code Coverage] Code Coverage results for visited sequence points were saved in D:/BuildAgent/work/GDX-Documentation/Staging/CodeCoverage/GDX_Development-opencov/EditMode/TestCoverageResults_0558.xml
[Code Coverage] Code Coverage requires Burst Compilation to be disabled in order to obtain accurate coverage information. To disable Burst Compilation uncheck Jobs > Burst > Enable Compilation or pass '--burst-disable-compilation' to the command line in batchmode.
]]></output>
          </test-case>
          <test-case id="1122" name="AddWithExpandCheckUniqueReference_UniqueString_ReturnsTrue" fullname="GDX.SimpleListExtensionsTests.AddWithExpandCheckUniqueReference_UniqueString_ReturnsTrue" methodname="AddWithExpandCheckUniqueReference_UniqueString_ReturnsTrue" classname="GDX.SimpleListExtensionsTests" runstate="Runnable" seed="1502050708" result="Passed" start-time="2023-05-24 20:26:53Z" end-time="2023-05-24 20:26:53Z" duration="0.000422" asserts="0">
            <properties>
              <property name="Category" value="GDX.Tests" />
            </properties>
            <output><![CDATA[[Code Coverage] Code Coverage results for visited sequence points were saved in D:/BuildAgent/work/GDX-Documentation/Staging/CodeCoverage/GDX_Development-opencov/EditMode/TestCoverageResults_0559.xml
[Code Coverage] Code Coverage requires Burst Compilation to be disabled in order to obtain accurate coverage information. To disable Burst Compilation uncheck Jobs > Burst > Enable Compilation or pass '--burst-disable-compilation' to the command line in batchmode.
]]></output>
          </test-case>
          <test-case id="1116" name="AddWithExpandCheckUniqueValue_NonUniqueFloat_ReturnsFalse" fullname="GDX.SimpleListExtensionsTests.AddWithExpandCheckUniqueValue_NonUniqueFloat_ReturnsFalse" methodname="AddWithExpandCheckUniqueValue_NonUniqueFloat_ReturnsFalse" classname="GDX.SimpleListExtensionsTests" runstate="Runnable" seed="1972312038" result="Passed" start-time="2023-05-24 20:26:54Z" end-time="2023-05-24 20:26:54Z" duration="0.000676" asserts="0">
            <properties>
              <property name="Category" value="GDX.Tests" />
            </properties>
            <output><![CDATA[[Code Coverage] Code Coverage results for visited sequence points were saved in D:/BuildAgent/work/GDX-Documentation/Staging/CodeCoverage/GDX_Development-opencov/EditMode/TestCoverageResults_0560.xml
[Code Coverage] Code Coverage requires Burst Compilation to be disabled in order to obtain accurate coverage information. To disable Burst Compilation uncheck Jobs > Burst > Enable Compilation or pass '--burst-disable-compilation' to the command line in batchmode.
]]></output>
          </test-case>
          <test-case id="1117" name="AddWithExpandCheckUniqueValue_UniqueFloat_ReturnsTrue" fullname="GDX.SimpleListExtensionsTests.AddWithExpandCheckUniqueValue_UniqueFloat_ReturnsTrue" methodname="AddWithExpandCheckUniqueValue_UniqueFloat_ReturnsTrue" classname="GDX.SimpleListExtensionsTests" runstate="Runnable" seed="668867720" result="Passed" start-time="2023-05-24 20:26:55Z" end-time="2023-05-24 20:26:55Z" duration="0.000585" asserts="0">
            <properties>
              <property name="Category" value="GDX.Tests" />
            </properties>
            <output><![CDATA[[Code Coverage] Code Coverage results for visited sequence points were saved in D:/BuildAgent/work/GDX-Documentation/Staging/CodeCoverage/GDX_Development-opencov/EditMode/TestCoverageResults_0561.xml
[Code Coverage] Code Coverage requires Burst Compilation to be disabled in order to obtain accurate coverage information. To disable Burst Compilation uncheck Jobs > Burst > Enable Compilation or pass '--burst-disable-compilation' to the command line in batchmode.
]]></output>
          </test-case>
          <test-case id="1127" name="ContainsItem_Object_ReturnsTrue" fullname="GDX.SimpleListExtensionsTests.ContainsItem_Object_ReturnsTrue" methodname="ContainsItem_Object_ReturnsTrue" classname="GDX.SimpleListExtensionsTests" runstate="Runnable" seed="1668155619" result="Passed" start-time="2023-05-24 20:26:57Z" end-time="2023-05-24 20:26:57Z" duration="0.000446" asserts="0">
            <properties>
              <property name="Category" value="GDX.Tests" />
            </properties>
            <output><![CDATA[[Code Coverage] Code Coverage results for visited sequence points were saved in D:/BuildAgent/work/GDX-Documentation/Staging/CodeCoverage/GDX_Development-opencov/EditMode/TestCoverageResults_0562.xml
[Code Coverage] Code Coverage requires Burst Compilation to be disabled in order to obtain accurate coverage information. To disable Burst Compilation uncheck Jobs > Burst > Enable Compilation or pass '--burst-disable-compilation' to the command line in batchmode.
]]></output>
          </test-case>
          <test-case id="1126" name="ContainsItem_String_ReturnsTrue" fullname="GDX.SimpleListExtensionsTests.ContainsItem_String_ReturnsTrue" methodname="ContainsItem_String_ReturnsTrue" classname="GDX.SimpleListExtensionsTests" runstate="Runnable" seed="1491679513" result="Passed" start-time="2023-05-24 20:26:58Z" end-time="2023-05-24 20:26:58Z" duration="0.000424" asserts="0">
            <properties>
              <property name="Category" value="GDX.Tests" />
            </properties>
            <output><![CDATA[[Code Coverage] Code Coverage results for visited sequence points were saved in D:/BuildAgent/work/GDX-Documentation/Staging/CodeCoverage/GDX_Development-opencov/EditMode/TestCoverageResults_0563.xml
[Code Coverage] Code Coverage requires Burst Compilation to be disabled in order to obtain accurate coverage information. To disable Burst Compilation uncheck Jobs > Burst > Enable Compilation or pass '--burst-disable-compilation' to the command line in batchmode.
]]></output>
          </test-case>
          <test-case id="1129" name="ContainsReference_Object_ReturnsTrue" fullname="GDX.SimpleListExtensionsTests.ContainsReference_Object_ReturnsTrue" methodname="ContainsReference_Object_ReturnsTrue" classname="GDX.SimpleListExtensionsTests" runstate="Runnable" seed="874969170" result="Passed" start-time="2023-05-24 20:26:59Z" end-time="2023-05-24 20:26:59Z" duration="0.000529" asserts="0">
            <properties>
              <property name="Category" value="GDX.Tests" />
            </properties>
            <output><![CDATA[[Code Coverage] Code Coverage results for visited sequence points were saved in D:/BuildAgent/work/GDX-Documentation/Staging/CodeCoverage/GDX_Development-opencov/EditMode/TestCoverageResults_0564.xml
[Code Coverage] Code Coverage requires Burst Compilation to be disabled in order to obtain accurate coverage information. To disable Burst Compilation uncheck Jobs > Burst > Enable Compilation or pass '--burst-disable-compilation' to the command line in batchmode.
]]></output>
          </test-case>
          <test-case id="1128" name="ContainsReference_String_ReturnsTrue" fullname="GDX.SimpleListExtensionsTests.ContainsReference_String_ReturnsTrue" methodname="ContainsReference_String_ReturnsTrue" classname="GDX.SimpleListExtensionsTests" runstate="Runnable" seed="1622835330" result="Passed" start-time="2023-05-24 20:27:00Z" end-time="2023-05-24 20:27:00Z" duration="0.000410" asserts="0">
            <properties>
              <property name="Category" value="GDX.Tests" />
            </properties>
            <output><![CDATA[[Code Coverage] Code Coverage results for visited sequence points were saved in D:/BuildAgent/work/GDX-Documentation/Staging/CodeCoverage/GDX_Development-opencov/EditMode/TestCoverageResults_0565.xml
[Code Coverage] Code Coverage requires Burst Compilation to be disabled in order to obtain accurate coverage information. To disable Burst Compilation uncheck Jobs > Burst > Enable Compilation or pass '--burst-disable-compilation' to the command line in batchmode.
]]></output>
          </test-case>
          <test-case id="1141" name="ContainsValue_MockDataNoValue_NotFound" fullname="GDX.SimpleListExtensionsTests.ContainsValue_MockDataNoValue_NotFound" methodname="ContainsValue_MockDataNoValue_NotFound" classname="GDX.SimpleListExtensionsTests" runstate="Runnable" seed="1759617350" result="Passed" start-time="2023-05-24 20:27:01Z" end-time="2023-05-24 20:27:01Z" duration="0.000591" asserts="0">
            <properties>
              <property name="Category" value="GDX.Tests" />
            </properties>
            <output><![CDATA[[Code Coverage] Code Coverage results for visited sequence points were saved in D:/BuildAgent/work/GDX-Documentation/Staging/CodeCoverage/GDX_Development-opencov/EditMode/TestCoverageResults_0566.xml
[Code Coverage] Code Coverage requires Burst Compilation to be disabled in order to obtain accurate coverage information. To disable Burst Compilation uncheck Jobs > Burst > Enable Compilation or pass '--burst-disable-compilation' to the command line in batchmode.
]]></output>
          </test-case>
          <test-case id="1140" name="ContainsValue_MockDataValue_Found" fullname="GDX.SimpleListExtensionsTests.ContainsValue_MockDataValue_Found" methodname="ContainsValue_MockDataValue_Found" classname="GDX.SimpleListExtensionsTests" runstate="Runnable" seed="1770149550" result="Passed" start-time="2023-05-24 20:27:03Z" end-time="2023-05-24 20:27:03Z" duration="0.000426" asserts="0">
            <properties>
              <property name="Category" value="GDX.Tests" />
            </properties>
            <output><![CDATA[[Code Coverage] Code Coverage results for visited sequence points were saved in D:/BuildAgent/work/GDX-Documentation/Staging/CodeCoverage/GDX_Development-opencov/EditMode/TestCoverageResults_0567.xml
[Code Coverage] Code Coverage requires Burst Compilation to be disabled in order to obtain accurate coverage information. To disable Burst Compilation uncheck Jobs > Burst > Enable Compilation or pass '--burst-disable-compilation' to the command line in batchmode.
]]></output>
          </test-case>
          <test-case id="1131" name="RemoveFirstItem_MockData_NoItemReturnsFalse" fullname="GDX.SimpleListExtensionsTests.RemoveFirstItem_MockData_NoItemReturnsFalse" methodname="RemoveFirstItem_MockData_NoItemReturnsFalse" classname="GDX.SimpleListExtensionsTests" runstate="Runnable" seed="483986486" result="Passed" start-time="2023-05-24 20:27:04Z" end-time="2023-05-24 20:27:04Z" duration="0.000594" asserts="0">
            <properties>
              <property name="Category" value="GDX.Tests" />
            </properties>
            <output><![CDATA[[Code Coverage] Code Coverage results for visited sequence points were saved in D:/BuildAgent/work/GDX-Documentation/Staging/CodeCoverage/GDX_Development-opencov/EditMode/TestCoverageResults_0568.xml
[Code Coverage] Code Coverage requires Burst Compilation to be disabled in order to obtain accurate coverage information. To disable Burst Compilation uncheck Jobs > Burst > Enable Compilation or pass '--burst-disable-compilation' to the command line in batchmode.
]]></output>
          </test-case>
          <test-case id="1130" name="RemoveFirstItem_MockData_RemovedItem" fullname="GDX.SimpleListExtensionsTests.RemoveFirstItem_MockData_RemovedItem" methodname="RemoveFirstItem_MockData_RemovedItem" classname="GDX.SimpleListExtensionsTests" runstate="Runnable" seed="1343286876" result="Passed" start-time="2023-05-24 20:27:05Z" end-time="2023-05-24 20:27:05Z" duration="0.000490" asserts="0">
            <properties>
              <property name="Category" value="GDX.Tests" />
            </properties>
            <output><![CDATA[[Code Coverage] Code Coverage results for visited sequence points were saved in D:/BuildAgent/work/GDX-Documentation/Staging/CodeCoverage/GDX_Development-opencov/EditMode/TestCoverageResults_0569.xml
[Code Coverage] Code Coverage requires Burst Compilation to be disabled in order to obtain accurate coverage information. To disable Burst Compilation uncheck Jobs > Burst > Enable Compilation or pass '--burst-disable-compilation' to the command line in batchmode.
]]></output>
          </test-case>
          <test-case id="1133" name="RemoveFirstReference_MockData_NoItemReturnsFalse" fullname="GDX.SimpleListExtensionsTests.RemoveFirstReference_MockData_NoItemReturnsFalse" methodname="RemoveFirstReference_MockData_NoItemReturnsFalse" classname="GDX.SimpleListExtensionsTests" runstate="Runnable" seed="1320851339" result="Passed" start-time="2023-05-24 20:27:06Z" end-time="2023-05-24 20:27:06Z" duration="0.000578" asserts="0">
            <properties>
              <property name="Category" value="GDX.Tests" />
            </properties>
            <output><![CDATA[[Code Coverage] Code Coverage results for visited sequence points were saved in D:/BuildAgent/work/GDX-Documentation/Staging/CodeCoverage/GDX_Development-opencov/EditMode/TestCoverageResults_0570.xml
[Code Coverage] Code Coverage requires Burst Compilation to be disabled in order to obtain accurate coverage information. To disable Burst Compilation uncheck Jobs > Burst > Enable Compilation or pass '--burst-disable-compilation' to the command line in batchmode.
]]></output>
          </test-case>
          <test-case id="1132" name="RemoveFirstReference_MockData_RemovedItem" fullname="GDX.SimpleListExtensionsTests.RemoveFirstReference_MockData_RemovedItem" methodname="RemoveFirstReference_MockData_RemovedItem" classname="GDX.SimpleListExtensionsTests" runstate="Runnable" seed="571614171" result="Passed" start-time="2023-05-24 20:27:08Z" end-time="2023-05-24 20:27:08Z" duration="0.000492" asserts="0">
            <properties>
              <property name="Category" value="GDX.Tests" />
            </properties>
            <output><![CDATA[[Code Coverage] Code Coverage results for visited sequence points were saved in D:/BuildAgent/work/GDX-Documentation/Staging/CodeCoverage/GDX_Development-opencov/EditMode/TestCoverageResults_0571.xml
[Code Coverage] Code Coverage requires Burst Compilation to be disabled in order to obtain accurate coverage information. To disable Burst Compilation uncheck Jobs > Burst > Enable Compilation or pass '--burst-disable-compilation' to the command line in batchmode.
]]></output>
          </test-case>
          <test-case id="1134" name="RemoveItems_MockData_RemovedItems" fullname="GDX.SimpleListExtensionsTests.RemoveItems_MockData_RemovedItems" methodname="RemoveItems_MockData_RemovedItems" classname="GDX.SimpleListExtensionsTests" runstate="Runnable" seed="1691309790" result="Passed" start-time="2023-05-24 20:27:09Z" end-time="2023-05-24 20:27:09Z" duration="0.000813" asserts="0">
            <properties>
              <property name="Category" value="GDX.Tests" />
            </properties>
            <output><![CDATA[[Code Coverage] Code Coverage results for visited sequence points were saved in D:/BuildAgent/work/GDX-Documentation/Staging/CodeCoverage/GDX_Development-opencov/EditMode/TestCoverageResults_0572.xml
[Code Coverage] Code Coverage requires Burst Compilation to be disabled in order to obtain accurate coverage information. To disable Burst Compilation uncheck Jobs > Burst > Enable Compilation or pass '--burst-disable-compilation' to the command line in batchmode.
]]></output>
          </test-case>
          <test-case id="1137" name="RemoveLastItem_MockData_NoItemReturnsFalse" fullname="GDX.SimpleListExtensionsTests.RemoveLastItem_MockData_NoItemReturnsFalse" methodname="RemoveLastItem_MockData_NoItemReturnsFalse" classname="GDX.SimpleListExtensionsTests" runstate="Runnable" seed="328006556" result="Passed" start-time="2023-05-24 20:27:10Z" end-time="2023-05-24 20:27:10Z" duration="0.000587" asserts="0">
            <properties>
              <property name="Category" value="GDX.Tests" />
            </properties>
            <output><![CDATA[[Code Coverage] Code Coverage results for visited sequence points were saved in D:/BuildAgent/work/GDX-Documentation/Staging/CodeCoverage/GDX_Development-opencov/EditMode/TestCoverageResults_0573.xml
[Code Coverage] Code Coverage requires Burst Compilation to be disabled in order to obtain accurate coverage information. To disable Burst Compilation uncheck Jobs > Burst > Enable Compilation or pass '--burst-disable-compilation' to the command line in batchmode.
]]></output>
          </test-case>
          <test-case id="1136" name="RemoveLastItem_MockData_RemovedItem" fullname="GDX.SimpleListExtensionsTests.RemoveLastItem_MockData_RemovedItem" methodname="RemoveLastItem_MockData_RemovedItem" classname="GDX.SimpleListExtensionsTests" runstate="Runnable" seed="1291597942" result="Passed" start-time="2023-05-24 20:27:11Z" end-time="2023-05-24 20:27:11Z" duration="0.000469" asserts="0">
            <properties>
              <property name="Category" value="GDX.Tests" />
            </properties>
            <output><![CDATA[[Code Coverage] Code Coverage results for visited sequence points were saved in D:/BuildAgent/work/GDX-Documentation/Staging/CodeCoverage/GDX_Development-opencov/EditMode/TestCoverageResults_0574.xml
[Code Coverage] Code Coverage requires Burst Compilation to be disabled in order to obtain accurate coverage information. To disable Burst Compilation uncheck Jobs > Burst > Enable Compilation or pass '--burst-disable-compilation' to the command line in batchmode.
]]></output>
          </test-case>
          <test-case id="1139" name="RemoveLastReference_MockData_NoItemReturnsFalse" fullname="GDX.SimpleListExtensionsTests.RemoveLastReference_MockData_NoItemReturnsFalse" methodname="RemoveLastReference_MockData_NoItemReturnsFalse" classname="GDX.SimpleListExtensionsTests" runstate="Runnable" seed="1269823647" result="Passed" start-time="2023-05-24 20:27:12Z" end-time="2023-05-24 20:27:12Z" duration="0.000592" asserts="0">
            <properties>
              <property name="Category" value="GDX.Tests" />
            </properties>
            <output><![CDATA[[Code Coverage] Code Coverage results for visited sequence points were saved in D:/BuildAgent/work/GDX-Documentation/Staging/CodeCoverage/GDX_Development-opencov/EditMode/TestCoverageResults_0575.xml
[Code Coverage] Code Coverage requires Burst Compilation to be disabled in order to obtain accurate coverage information. To disable Burst Compilation uncheck Jobs > Burst > Enable Compilation or pass '--burst-disable-compilation' to the command line in batchmode.
]]></output>
          </test-case>
          <test-case id="1138" name="RemoveLastReference_MockData_RemovedItem" fullname="GDX.SimpleListExtensionsTests.RemoveLastReference_MockData_RemovedItem" methodname="RemoveLastReference_MockData_RemovedItem" classname="GDX.SimpleListExtensionsTests" runstate="Runnable" seed="896179" result="Passed" start-time="2023-05-24 20:27:14Z" end-time="2023-05-24 20:27:14Z" duration="0.000487" asserts="0">
            <properties>
              <property name="Category" value="GDX.Tests" />
            </properties>
            <output><![CDATA[[Code Coverage] Code Coverage results for visited sequence points were saved in D:/BuildAgent/work/GDX-Documentation/Staging/CodeCoverage/GDX_Development-opencov/EditMode/TestCoverageResults_0576.xml
[Code Coverage] Code Coverage requires Burst Compilation to be disabled in order to obtain accurate coverage information. To disable Burst Compilation uncheck Jobs > Burst > Enable Compilation or pass '--burst-disable-compilation' to the command line in batchmode.
]]></output>
          </test-case>
          <test-case id="1135" name="RemoveReferences_MockData_RemovedItems" fullname="GDX.SimpleListExtensionsTests.RemoveReferences_MockData_RemovedItems" methodname="RemoveReferences_MockData_RemovedItems" classname="GDX.SimpleListExtensionsTests" runstate="Runnable" seed="1736353989" result="Passed" start-time="2023-05-24 20:27:15Z" end-time="2023-05-24 20:27:15Z" duration="0.000657" asserts="0">
            <properties>
              <property name="Category" value="GDX.Tests" />
            </properties>
            <output><![CDATA[[Code Coverage] Code Coverage results for visited sequence points were saved in D:/BuildAgent/work/GDX-Documentation/Staging/CodeCoverage/GDX_Development-opencov/EditMode/TestCoverageResults_0577.xml
[Code Coverage] Code Coverage requires Burst Compilation to be disabled in order to obtain accurate coverage information. To disable Burst Compilation uncheck Jobs > Burst > Enable Compilation or pass '--burst-disable-compilation' to the command line in batchmode.
]]></output>
          </test-case>
        </test-suite>
        <test-suite type="TestFixture" id="1147" name="StringExtensionsTests" fullname="GDX.StringExtensionsTests" classname="GDX.StringExtensionsTests" runstate="Runnable" testcasecount="38" result="Passed" start-time="2023-05-24 20:27:16Z" end-time="2023-05-24 20:28:04Z" duration="47.667981" total="38" passed="38" failed="0" inconclusive="0" skipped="0" asserts="0">
          <properties />
          <test-case id="1178" name="Concatenate_Simple_NoSuffix" fullname="GDX.StringExtensionsTests.Concatenate_Simple_NoSuffix" methodname="Concatenate_Simple_NoSuffix" classname="GDX.StringExtensionsTests" runstate="Runnable" seed="1872387432" result="Passed" start-time="2023-05-24 20:27:16Z" end-time="2023-05-24 20:27:16Z" duration="0.000724" asserts="0">
            <properties>
              <property name="Category" value="GDX.Tests" />
            </properties>
            <output><![CDATA[[Code Coverage] Code Coverage results for visited sequence points were saved in D:/BuildAgent/work/GDX-Documentation/Staging/CodeCoverage/GDX_Development-opencov/EditMode/TestCoverageResults_0578.xml
[Code Coverage] Code Coverage requires Burst Compilation to be disabled in order to obtain accurate coverage information. To disable Burst Compilation uncheck Jobs > Burst > Enable Compilation or pass '--burst-disable-compilation' to the command line in batchmode.
]]></output>
          </test-case>
          <test-case id="1179" name="Concatenate_Simple_Suffix" fullname="GDX.StringExtensionsTests.Concatenate_Simple_Suffix" methodname="Concatenate_Simple_Suffix" classname="GDX.StringExtensionsTests" runstate="Runnable" seed="118676443" result="Passed" start-time="2023-05-24 20:27:17Z" end-time="2023-05-24 20:27:17Z" duration="0.000398" asserts="0">
            <properties>
              <property name="Category" value="GDX.Tests" />
            </properties>
            <output><![CDATA[[Code Coverage] Code Coverage results for visited sequence points were saved in D:/BuildAgent/work/GDX-Documentation/Staging/CodeCoverage/GDX_Development-opencov/EditMode/TestCoverageResults_0579.xml
[Code Coverage] Code Coverage requires Burst Compilation to be disabled in order to obtain accurate coverage information. To disable Burst Compilation uncheck Jobs > Burst > Enable Compilation or pass '--burst-disable-compilation' to the command line in batchmode.
]]></output>
          </test-case>
          <test-case id="1176" name="CountOccurence_TwoMockData_ReturnsTwo" fullname="GDX.StringExtensionsTests.CountOccurence_TwoMockData_ReturnsTwo" methodname="CountOccurence_TwoMockData_ReturnsTwo" classname="GDX.StringExtensionsTests" runstate="Runnable" seed="525071512" result="Passed" start-time="2023-05-24 20:27:19Z" end-time="2023-05-24 20:27:19Z" duration="0.000475" asserts="0">
            <properties>
              <property name="Category" value="GDX.Tests" />
            </properties>
            <output><![CDATA[[Code Coverage] Code Coverage results for visited sequence points were saved in D:/BuildAgent/work/GDX-Documentation/Staging/CodeCoverage/GDX_Development-opencov/EditMode/TestCoverageResults_0580.xml
[Code Coverage] Code Coverage requires Burst Compilation to be disabled in order to obtain accurate coverage information. To disable Burst Compilation uncheck Jobs > Burst > Enable Compilation or pass '--burst-disable-compilation' to the command line in batchmode.
]]></output>
          </test-case>
          <test-case id="1177" name="CountOccurence_ZeroMockData_ReturnsTwo" fullname="GDX.StringExtensionsTests.CountOccurence_ZeroMockData_ReturnsTwo" methodname="CountOccurence_ZeroMockData_ReturnsTwo" classname="GDX.StringExtensionsTests" runstate="Runnable" seed="851088919" result="Passed" start-time="2023-05-24 20:27:20Z" end-time="2023-05-24 20:27:20Z" duration="0.000837" asserts="0">
            <properties>
              <property name="Category" value="GDX.Tests" />
            </properties>
            <output><![CDATA[[Code Coverage] Code Coverage results for visited sequence points were saved in D:/BuildAgent/work/GDX-Documentation/Staging/CodeCoverage/GDX_Development-opencov/EditMode/TestCoverageResults_0581.xml
[Code Coverage] Code Coverage requires Burst Compilation to be disabled in order to obtain accurate coverage information. To disable Burst Compilation uncheck Jobs > Burst > Enable Compilation or pass '--burst-disable-compilation' to the command line in batchmode.
]]></output>
          </test-case>
          <test-case id="1172" name="Encrypt_Decrypt_IsEqual" fullname="GDX.StringExtensionsTests.Encrypt_Decrypt_IsEqual" methodname="Encrypt_Decrypt_IsEqual" classname="GDX.StringExtensionsTests" runstate="Runnable" seed="1879201306" result="Passed" start-time="2023-05-24 20:27:21Z" end-time="2023-05-24 20:27:21Z" duration="0.010003" asserts="0">
            <properties>
              <property name="Category" value="GDX.Tests" />
            </properties>
            <output><![CDATA[[Code Coverage] Code Coverage results for visited sequence points were saved in D:/BuildAgent/work/GDX-Documentation/Staging/CodeCoverage/GDX_Development-opencov/EditMode/TestCoverageResults_0582.xml
[Code Coverage] Code Coverage requires Burst Compilation to be disabled in order to obtain accurate coverage information. To disable Burst Compilation uncheck Jobs > Burst > Enable Compilation or pass '--burst-disable-compilation' to the command line in batchmode.
]]></output>
          </test-case>
          <test-case id="1173" name="Encrypt_MockData_ReturnsString" fullname="GDX.StringExtensionsTests.Encrypt_MockData_ReturnsString" methodname="Encrypt_MockData_ReturnsString" classname="GDX.StringExtensionsTests" runstate="Runnable" seed="225395224" result="Passed" start-time="2023-05-24 20:27:22Z" end-time="2023-05-24 20:27:22Z" duration="0.000413" asserts="0">
            <properties>
              <property name="Category" value="GDX.Tests" />
            </properties>
            <output><![CDATA[[Code Coverage] Code Coverage results for visited sequence points were saved in D:/BuildAgent/work/GDX-Documentation/Staging/CodeCoverage/GDX_Development-opencov/EditMode/TestCoverageResults_0583.xml
[Code Coverage] Code Coverage requires Burst Compilation to be disabled in order to obtain accurate coverage information. To disable Burst Compilation uncheck Jobs > Burst > Enable Compilation or pass '--burst-disable-compilation' to the command line in batchmode.
]]></output>
          </test-case>
          <test-case id="1148" name="GetAfterFirst_MockData_ReturnsString" fullname="GDX.StringExtensionsTests.GetAfterFirst_MockData_ReturnsString" methodname="GetAfterFirst_MockData_ReturnsString" classname="GDX.StringExtensionsTests" runstate="Runnable" seed="824525064" result="Passed" start-time="2023-05-24 20:27:23Z" end-time="2023-05-24 20:27:23Z" duration="0.000466" asserts="0">
            <properties>
              <property name="Category" value="GDX.Tests" />
            </properties>
            <output><![CDATA[[Code Coverage] Code Coverage results for visited sequence points were saved in D:/BuildAgent/work/GDX-Documentation/Staging/CodeCoverage/GDX_Development-opencov/EditMode/TestCoverageResults_0584.xml
[Code Coverage] Code Coverage requires Burst Compilation to be disabled in order to obtain accurate coverage information. To disable Burst Compilation uncheck Jobs > Burst > Enable Compilation or pass '--burst-disable-compilation' to the command line in batchmode.
]]></output>
          </test-case>
          <test-case id="1149" name="GetAfterLast_MockData_ReturnsString" fullname="GDX.StringExtensionsTests.GetAfterLast_MockData_ReturnsString" methodname="GetAfterLast_MockData_ReturnsString" classname="GDX.StringExtensionsTests" runstate="Runnable" seed="17361899" result="Passed" start-time="2023-05-24 20:27:25Z" end-time="2023-05-24 20:27:25Z" duration="0.000520" asserts="0">
            <properties>
              <property name="Category" value="GDX.Tests" />
            </properties>
            <output><![CDATA[[Code Coverage] Code Coverage results for visited sequence points were saved in D:/BuildAgent/work/GDX-Documentation/Staging/CodeCoverage/GDX_Development-opencov/EditMode/TestCoverageResults_0585.xml
[Code Coverage] Code Coverage requires Burst Compilation to be disabled in order to obtain accurate coverage information. To disable Burst Compilation uncheck Jobs > Burst > Enable Compilation or pass '--burst-disable-compilation' to the command line in batchmode.
]]></output>
          </test-case>
          <test-case id="1150" name="GetBeforeFirst_MockData_ReturnsEmptyString" fullname="GDX.StringExtensionsTests.GetBeforeFirst_MockData_ReturnsEmptyString" methodname="GetBeforeFirst_MockData_ReturnsEmptyString" classname="GDX.StringExtensionsTests" runstate="Runnable" seed="2002655301" result="Passed" start-time="2023-05-24 20:27:26Z" end-time="2023-05-24 20:27:26Z" duration="0.000479" asserts="0">
            <properties>
              <property name="Category" value="GDX.Tests" />
            </properties>
            <output><![CDATA[[Code Coverage] Code Coverage results for visited sequence points were saved in D:/BuildAgent/work/GDX-Documentation/Staging/CodeCoverage/GDX_Development-opencov/EditMode/TestCoverageResults_0586.xml
[Code Coverage] Code Coverage requires Burst Compilation to be disabled in order to obtain accurate coverage information. To disable Burst Compilation uncheck Jobs > Burst > Enable Compilation or pass '--burst-disable-compilation' to the command line in batchmode.
]]></output>
          </test-case>
          <test-case id="1151" name="GetBeforeLast_MockData_ReturnsString" fullname="GDX.StringExtensionsTests.GetBeforeLast_MockData_ReturnsString" methodname="GetBeforeLast_MockData_ReturnsString" classname="GDX.StringExtensionsTests" runstate="Runnable" seed="251197823" result="Passed" start-time="2023-05-24 20:27:27Z" end-time="2023-05-24 20:27:27Z" duration="0.000464" asserts="0">
            <properties>
              <property name="Category" value="GDX.Tests" />
            </properties>
            <output><![CDATA[[Code Coverage] Code Coverage results for visited sequence points were saved in D:/BuildAgent/work/GDX-Documentation/Staging/CodeCoverage/GDX_Development-opencov/EditMode/TestCoverageResults_0587.xml
[Code Coverage] Code Coverage requires Burst Compilation to be disabled in order to obtain accurate coverage information. To disable Burst Compilation uncheck Jobs > Burst > Enable Compilation or pass '--burst-disable-compilation' to the command line in batchmode.
]]></output>
          </test-case>
          <test-case id="1174" name="GetStableLowerCaseHashCode_ToLowerGetStableHashCode_IsEqual" fullname="GDX.StringExtensionsTests.GetStableLowerCaseHashCode_ToLowerGetStableHashCode_IsEqual" methodname="GetStableLowerCaseHashCode_ToLowerGetStableHashCode_IsEqual" classname="GDX.StringExtensionsTests" runstate="Runnable" seed="1069620459" result="Passed" start-time="2023-05-24 20:27:28Z" end-time="2023-05-24 20:27:28Z" duration="0.000474" asserts="0">
            <properties>
              <property name="Category" value="GDX.Tests" />
            </properties>
            <output><![CDATA[[Code Coverage] Code Coverage results for visited sequence points were saved in D:/BuildAgent/work/GDX-Documentation/Staging/CodeCoverage/GDX_Development-opencov/EditMode/TestCoverageResults_0588.xml
[Code Coverage] Code Coverage requires Burst Compilation to be disabled in order to obtain accurate coverage information. To disable Burst Compilation uncheck Jobs > Burst > Enable Compilation or pass '--burst-disable-compilation' to the command line in batchmode.
]]></output>
          </test-case>
          <test-case id="1175" name="GetStableUpperCaseHashCode_ToUpperGetStableHashCode_IsEqual" fullname="GDX.StringExtensionsTests.GetStableUpperCaseHashCode_ToUpperGetStableHashCode_IsEqual" methodname="GetStableUpperCaseHashCode_ToUpperGetStableHashCode_IsEqual" classname="GDX.StringExtensionsTests" runstate="Runnable" seed="1675603710" result="Passed" start-time="2023-05-24 20:27:30Z" end-time="2023-05-24 20:27:30Z" duration="0.000435" asserts="0">
            <properties>
              <property name="Category" value="GDX.Tests" />
            </properties>
            <output><![CDATA[[Code Coverage] Code Coverage results for visited sequence points were saved in D:/BuildAgent/work/GDX-Documentation/Staging/CodeCoverage/GDX_Development-opencov/EditMode/TestCoverageResults_0589.xml
[Code Coverage] Code Coverage requires Burst Compilation to be disabled in order to obtain accurate coverage information. To disable Burst Compilation uncheck Jobs > Burst > Enable Compilation or pass '--burst-disable-compilation' to the command line in batchmode.
]]></output>
          </test-case>
          <test-case id="1155" name="HasLowerCase_MixedCaseString_ReturnsTrue" fullname="GDX.StringExtensionsTests.HasLowerCase_MixedCaseString_ReturnsTrue" methodname="HasLowerCase_MixedCaseString_ReturnsTrue" classname="GDX.StringExtensionsTests" runstate="Runnable" seed="1106108417" result="Passed" start-time="2023-05-24 20:27:31Z" end-time="2023-05-24 20:27:31Z" duration="0.000506" asserts="0">
            <properties>
              <property name="Category" value="GDX.Tests" />
            </properties>
            <output><![CDATA[[Code Coverage] Code Coverage results for visited sequence points were saved in D:/BuildAgent/work/GDX-Documentation/Staging/CodeCoverage/GDX_Development-opencov/EditMode/TestCoverageResults_0590.xml
[Code Coverage] Code Coverage requires Burst Compilation to be disabled in order to obtain accurate coverage information. To disable Burst Compilation uncheck Jobs > Burst > Enable Compilation or pass '--burst-disable-compilation' to the command line in batchmode.
]]></output>
          </test-case>
          <test-case id="1153" name="HasLowerCase_UpperCaseString_ReturnsFalse" fullname="GDX.StringExtensionsTests.HasLowerCase_UpperCaseString_ReturnsFalse" methodname="HasLowerCase_UpperCaseString_ReturnsFalse" classname="GDX.StringExtensionsTests" runstate="Runnable" seed="1524542105" result="Passed" start-time="2023-05-24 20:27:32Z" end-time="2023-05-24 20:27:32Z" duration="0.000348" asserts="0">
            <properties>
              <property name="Category" value="GDX.Tests" />
            </properties>
            <output><![CDATA[[Code Coverage] Code Coverage results for visited sequence points were saved in D:/BuildAgent/work/GDX-Documentation/Staging/CodeCoverage/GDX_Development-opencov/EditMode/TestCoverageResults_0591.xml
[Code Coverage] Code Coverage requires Burst Compilation to be disabled in order to obtain accurate coverage information. To disable Burst Compilation uncheck Jobs > Burst > Enable Compilation or pass '--burst-disable-compilation' to the command line in batchmode.
]]></output>
          </test-case>
          <test-case id="1152" name="HasUpperCase_LowerCaseString_ReturnsFalse" fullname="GDX.StringExtensionsTests.HasUpperCase_LowerCaseString_ReturnsFalse" methodname="HasUpperCase_LowerCaseString_ReturnsFalse" classname="GDX.StringExtensionsTests" runstate="Runnable" seed="638980436" result="Passed" start-time="2023-05-24 20:27:33Z" end-time="2023-05-24 20:27:33Z" duration="0.000480" asserts="0">
            <properties>
              <property name="Category" value="GDX.Tests" />
            </properties>
            <output><![CDATA[[Code Coverage] Code Coverage results for visited sequence points were saved in D:/BuildAgent/work/GDX-Documentation/Staging/CodeCoverage/GDX_Development-opencov/EditMode/TestCoverageResults_0592.xml
[Code Coverage] Code Coverage requires Burst Compilation to be disabled in order to obtain accurate coverage information. To disable Burst Compilation uncheck Jobs > Burst > Enable Compilation or pass '--burst-disable-compilation' to the command line in batchmode.
]]></output>
          </test-case>
          <test-case id="1154" name="HasUpperCase_MixedCaseString_ReturnsTrue" fullname="GDX.StringExtensionsTests.HasUpperCase_MixedCaseString_ReturnsTrue" methodname="HasUpperCase_MixedCaseString_ReturnsTrue" classname="GDX.StringExtensionsTests" runstate="Runnable" seed="1311078562" result="Passed" start-time="2023-05-24 20:27:35Z" end-time="2023-05-24 20:27:35Z" duration="0.000347" asserts="0">
            <properties>
              <property name="Category" value="GDX.Tests" />
            </properties>
            <output><![CDATA[[Code Coverage] Code Coverage results for visited sequence points were saved in D:/BuildAgent/work/GDX-Documentation/Staging/CodeCoverage/GDX_Development-opencov/EditMode/TestCoverageResults_0593.xml
[Code Coverage] Code Coverage requires Burst Compilation to be disabled in order to obtain accurate coverage information. To disable Burst Compilation uncheck Jobs > Burst > Enable Compilation or pass '--burst-disable-compilation' to the command line in batchmode.
]]></output>
          </test-case>
          <test-case id="1159" name="IsBooleanPositiveValue_BadString_ReturnsFalse" fullname="GDX.StringExtensionsTests.IsBooleanPositiveValue_BadString_ReturnsFalse" methodname="IsBooleanPositiveValue_BadString_ReturnsFalse" classname="GDX.StringExtensionsTests" runstate="Runnable" seed="1530653947" result="Passed" start-time="2023-05-24 20:27:36Z" end-time="2023-05-24 20:27:36Z" duration="0.000436" asserts="0">
            <properties>
              <property name="Category" value="GDX.Tests" />
            </properties>
            <output><![CDATA[[Code Coverage] Code Coverage results for visited sequence points were saved in D:/BuildAgent/work/GDX-Documentation/Staging/CodeCoverage/GDX_Development-opencov/EditMode/TestCoverageResults_0594.xml
[Code Coverage] Code Coverage requires Burst Compilation to be disabled in order to obtain accurate coverage information. To disable Burst Compilation uncheck Jobs > Burst > Enable Compilation or pass '--burst-disable-compilation' to the command line in batchmode.
]]></output>
          </test-case>
          <test-case id="1156" name="IsBooleanPositiveValue_TrueString_ReturnsTrue" fullname="GDX.StringExtensionsTests.IsBooleanPositiveValue_TrueString_ReturnsTrue" methodname="IsBooleanPositiveValue_TrueString_ReturnsTrue" classname="GDX.StringExtensionsTests" runstate="Runnable" seed="952882518" result="Passed" start-time="2023-05-24 20:27:37Z" end-time="2023-05-24 20:27:37Z" duration="0.000400" asserts="0">
            <properties>
              <property name="Category" value="GDX.Tests" />
            </properties>
            <output><![CDATA[[Code Coverage] Code Coverage results for visited sequence points were saved in D:/BuildAgent/work/GDX-Documentation/Staging/CodeCoverage/GDX_Development-opencov/EditMode/TestCoverageResults_0595.xml
[Code Coverage] Code Coverage requires Burst Compilation to be disabled in order to obtain accurate coverage information. To disable Burst Compilation uncheck Jobs > Burst > Enable Compilation or pass '--burst-disable-compilation' to the command line in batchmode.
]]></output>
          </test-case>
          <test-case id="1158" name="IsBooleanValue_BadString_ReturnsFalse" fullname="GDX.StringExtensionsTests.IsBooleanValue_BadString_ReturnsFalse" methodname="IsBooleanValue_BadString_ReturnsFalse" classname="GDX.StringExtensionsTests" runstate="Runnable" seed="916302339" result="Passed" start-time="2023-05-24 20:27:38Z" end-time="2023-05-24 20:27:38Z" duration="0.000534" asserts="0">
            <properties>
              <property name="Category" value="GDX.Tests" />
            </properties>
            <output><![CDATA[[Code Coverage] Code Coverage results for visited sequence points were saved in D:/BuildAgent/work/GDX-Documentation/Staging/CodeCoverage/GDX_Development-opencov/EditMode/TestCoverageResults_0596.xml
[Code Coverage] Code Coverage requires Burst Compilation to be disabled in order to obtain accurate coverage information. To disable Burst Compilation uncheck Jobs > Burst > Enable Compilation or pass '--burst-disable-compilation' to the command line in batchmode.
]]></output>
          </test-case>
          <test-case id="1157" name="IsBooleanValue_OffString_ReturnsTrue" fullname="GDX.StringExtensionsTests.IsBooleanValue_OffString_ReturnsTrue" methodname="IsBooleanValue_OffString_ReturnsTrue" classname="GDX.StringExtensionsTests" runstate="Runnable" seed="1065475683" result="Passed" start-time="2023-05-24 20:27:39Z" end-time="2023-05-24 20:27:39Z" duration="0.000365" asserts="0">
            <properties>
              <property name="Category" value="GDX.Tests" />
            </properties>
            <output><![CDATA[[Code Coverage] Code Coverage results for visited sequence points were saved in D:/BuildAgent/work/GDX-Documentation/Staging/CodeCoverage/GDX_Development-opencov/EditMode/TestCoverageResults_0597.xml
[Code Coverage] Code Coverage requires Burst Compilation to be disabled in order to obtain accurate coverage information. To disable Burst Compilation uncheck Jobs > Burst > Enable Compilation or pass '--burst-disable-compilation' to the command line in batchmode.
]]></output>
          </test-case>
          <test-case id="1163" name="IsIntegerValue_BadString_ReturnsFalse" fullname="GDX.StringExtensionsTests.IsIntegerValue_BadString_ReturnsFalse" methodname="IsIntegerValue_BadString_ReturnsFalse" classname="GDX.StringExtensionsTests" runstate="Runnable" seed="500701961" result="Passed" start-time="2023-05-24 20:27:41Z" end-time="2023-05-24 20:27:41Z" duration="0.000495" asserts="0">
            <properties>
              <property name="Category" value="GDX.Tests" />
            </properties>
            <output><![CDATA[[Code Coverage] Code Coverage results for visited sequence points were saved in D:/BuildAgent/work/GDX-Documentation/Staging/CodeCoverage/GDX_Development-opencov/EditMode/TestCoverageResults_0598.xml
[Code Coverage] Code Coverage requires Burst Compilation to be disabled in order to obtain accurate coverage information. To disable Burst Compilation uncheck Jobs > Burst > Enable Compilation or pass '--burst-disable-compilation' to the command line in batchmode.
]]></output>
          </test-case>
          <test-case id="1164" name="IsIntegerValue_MixedString_ReturnsFalse" fullname="GDX.StringExtensionsTests.IsIntegerValue_MixedString_ReturnsFalse" methodname="IsIntegerValue_MixedString_ReturnsFalse" classname="GDX.StringExtensionsTests" runstate="Runnable" seed="1298957" result="Passed" start-time="2023-05-24 20:27:42Z" end-time="2023-05-24 20:27:42Z" duration="0.000373" asserts="0">
            <properties>
              <property name="Category" value="GDX.Tests" />
            </properties>
            <output><![CDATA[[Code Coverage] Code Coverage results for visited sequence points were saved in D:/BuildAgent/work/GDX-Documentation/Staging/CodeCoverage/GDX_Development-opencov/EditMode/TestCoverageResults_0599.xml
[Code Coverage] Code Coverage requires Burst Compilation to be disabled in order to obtain accurate coverage information. To disable Burst Compilation uncheck Jobs > Burst > Enable Compilation or pass '--burst-disable-compilation' to the command line in batchmode.
]]></output>
          </test-case>
          <test-case id="1162" name="IsIntegerValue_NegativeNumber_ReturnsTrue" fullname="GDX.StringExtensionsTests.IsIntegerValue_NegativeNumber_ReturnsTrue" methodname="IsIntegerValue_NegativeNumber_ReturnsTrue" classname="GDX.StringExtensionsTests" runstate="Runnable" seed="96824359" result="Passed" start-time="2023-05-24 20:27:43Z" end-time="2023-05-24 20:27:43Z" duration="0.000374" asserts="0">
            <properties>
              <property name="Category" value="GDX.Tests" />
            </properties>
            <output><![CDATA[[Code Coverage] Code Coverage results for visited sequence points were saved in D:/BuildAgent/work/GDX-Documentation/Staging/CodeCoverage/GDX_Development-opencov/EditMode/TestCoverageResults_0600.xml
[Code Coverage] Code Coverage requires Burst Compilation to be disabled in order to obtain accurate coverage information. To disable Burst Compilation uncheck Jobs > Burst > Enable Compilation or pass '--burst-disable-compilation' to the command line in batchmode.
]]></output>
          </test-case>
          <test-case id="1160" name="IsIntegerValue_NullNumber_ReturnsFalse" fullname="GDX.StringExtensionsTests.IsIntegerValue_NullNumber_ReturnsFalse" methodname="IsIntegerValue_NullNumber_ReturnsFalse" classname="GDX.StringExtensionsTests" runstate="Runnable" seed="1519015244" result="Passed" start-time="2023-05-24 20:27:44Z" end-time="2023-05-24 20:27:44Z" duration="0.000369" asserts="0">
            <properties>
              <property name="Category" value="GDX.Tests" />
            </properties>
            <output><![CDATA[[Code Coverage] Code Coverage results for visited sequence points were saved in D:/BuildAgent/work/GDX-Documentation/Staging/CodeCoverage/GDX_Development-opencov/EditMode/TestCoverageResults_0601.xml
[Code Coverage] Code Coverage requires Burst Compilation to be disabled in order to obtain accurate coverage information. To disable Burst Compilation uncheck Jobs > Burst > Enable Compilation or pass '--burst-disable-compilation' to the command line in batchmode.
]]></output>
          </test-case>
          <test-case id="1161" name="IsIntegerValue_PositiveNumber_ReturnsTrue" fullname="GDX.StringExtensionsTests.IsIntegerValue_PositiveNumber_ReturnsTrue" methodname="IsIntegerValue_PositiveNumber_ReturnsTrue" classname="GDX.StringExtensionsTests" runstate="Runnable" seed="482410926" result="Passed" start-time="2023-05-24 20:27:46Z" end-time="2023-05-24 20:27:46Z" duration="0.000367" asserts="0">
            <properties>
              <property name="Category" value="GDX.Tests" />
            </properties>
            <output><![CDATA[[Code Coverage] Code Coverage results for visited sequence points were saved in D:/BuildAgent/work/GDX-Documentation/Staging/CodeCoverage/GDX_Development-opencov/EditMode/TestCoverageResults_0602.xml
[Code Coverage] Code Coverage requires Burst Compilation to be disabled in order to obtain accurate coverage information. To disable Burst Compilation uncheck Jobs > Burst > Enable Compilation or pass '--burst-disable-compilation' to the command line in batchmode.
]]></output>
          </test-case>
          <test-case id="1167" name="IsNumericValue_Characters_ReturnsFalse" fullname="GDX.StringExtensionsTests.IsNumericValue_Characters_ReturnsFalse" methodname="IsNumericValue_Characters_ReturnsFalse" classname="GDX.StringExtensionsTests" runstate="Runnable" seed="2042112747" result="Passed" start-time="2023-05-24 20:27:47Z" end-time="2023-05-24 20:27:47Z" duration="0.000401" asserts="0">
            <properties>
              <property name="Category" value="GDX.Tests" />
            </properties>
            <output><![CDATA[[Code Coverage] Code Coverage results for visited sequence points were saved in D:/BuildAgent/work/GDX-Documentation/Staging/CodeCoverage/GDX_Development-opencov/EditMode/TestCoverageResults_0603.xml
[Code Coverage] Code Coverage requires Burst Compilation to be disabled in order to obtain accurate coverage information. To disable Burst Compilation uncheck Jobs > Burst > Enable Compilation or pass '--burst-disable-compilation' to the command line in batchmode.
]]></output>
          </test-case>
          <test-case id="1168" name="IsNumericValue_NegativeNumber_ReturnsTrue" fullname="GDX.StringExtensionsTests.IsNumericValue_NegativeNumber_ReturnsTrue" methodname="IsNumericValue_NegativeNumber_ReturnsTrue" classname="GDX.StringExtensionsTests" runstate="Runnable" seed="408611702" result="Passed" start-time="2023-05-24 20:27:48Z" end-time="2023-05-24 20:27:48Z" duration="0.000370" asserts="0">
            <properties>
              <property name="Category" value="GDX.Tests" />
            </properties>
            <output><![CDATA[[Code Coverage] Code Coverage results for visited sequence points were saved in D:/BuildAgent/work/GDX-Documentation/Staging/CodeCoverage/GDX_Development-opencov/EditMode/TestCoverageResults_0604.xml
[Code Coverage] Code Coverage requires Burst Compilation to be disabled in order to obtain accurate coverage information. To disable Burst Compilation uncheck Jobs > Burst > Enable Compilation or pass '--burst-disable-compilation' to the command line in batchmode.
]]></output>
          </test-case>
          <test-case id="1166" name="IsNumericValue_NullNumber_ReturnsFalse" fullname="GDX.StringExtensionsTests.IsNumericValue_NullNumber_ReturnsFalse" methodname="IsNumericValue_NullNumber_ReturnsFalse" classname="GDX.StringExtensionsTests" runstate="Runnable" seed="858103819" result="Passed" start-time="2023-05-24 20:27:49Z" end-time="2023-05-24 20:27:49Z" duration="0.000366" asserts="0">
            <properties>
              <property name="Category" value="GDX.Tests" />
            </properties>
            <output><![CDATA[[Code Coverage] Code Coverage results for visited sequence points were saved in D:/BuildAgent/work/GDX-Documentation/Staging/CodeCoverage/GDX_Development-opencov/EditMode/TestCoverageResults_0605.xml
[Code Coverage] Code Coverage requires Burst Compilation to be disabled in order to obtain accurate coverage information. To disable Burst Compilation uncheck Jobs > Burst > Enable Compilation or pass '--burst-disable-compilation' to the command line in batchmode.
]]></output>
          </test-case>
          <test-case id="1165" name="IsNumericValue_PositiveNumber_ReturnsTrue" fullname="GDX.StringExtensionsTests.IsNumericValue_PositiveNumber_ReturnsTrue" methodname="IsNumericValue_PositiveNumber_ReturnsTrue" classname="GDX.StringExtensionsTests" runstate="Runnable" seed="709633994" result="Passed" start-time="2023-05-24 20:27:50Z" end-time="2023-05-24 20:27:50Z" duration="0.000368" asserts="0">
            <properties>
              <property name="Category" value="GDX.Tests" />
            </properties>
            <output><![CDATA[[Code Coverage] Code Coverage results for visited sequence points were saved in D:/BuildAgent/work/GDX-Documentation/Staging/CodeCoverage/GDX_Development-opencov/EditMode/TestCoverageResults_0606.xml
[Code Coverage] Code Coverage requires Burst Compilation to be disabled in order to obtain accurate coverage information. To disable Burst Compilation uncheck Jobs > Burst > Enable Compilation or pass '--burst-disable-compilation' to the command line in batchmode.
]]></output>
          </test-case>
          <test-case id="1169" name="IsNumericValue_TwoDecimals_ReturnsFalse" fullname="GDX.StringExtensionsTests.IsNumericValue_TwoDecimals_ReturnsFalse" methodname="IsNumericValue_TwoDecimals_ReturnsFalse" classname="GDX.StringExtensionsTests" runstate="Runnable" seed="1311908338" result="Passed" start-time="2023-05-24 20:27:52Z" end-time="2023-05-24 20:27:52Z" duration="0.000370" asserts="0">
            <properties>
              <property name="Category" value="GDX.Tests" />
            </properties>
            <output><![CDATA[[Code Coverage] Code Coverage results for visited sequence points were saved in D:/BuildAgent/work/GDX-Documentation/Staging/CodeCoverage/GDX_Development-opencov/EditMode/TestCoverageResults_0607.xml
[Code Coverage] Code Coverage requires Burst Compilation to be disabled in order to obtain accurate coverage information. To disable Burst Compilation uncheck Jobs > Burst > Enable Compilation or pass '--burst-disable-compilation' to the command line in batchmode.
]]></output>
          </test-case>
          <test-case id="1185" name="PartialMatch_EmptySimpleList_NotFound" fullname="GDX.StringExtensionsTests.PartialMatch_EmptySimpleList_NotFound" methodname="PartialMatch_EmptySimpleList_NotFound" classname="GDX.StringExtensionsTests" runstate="Runnable" seed="1200976727" result="Passed" start-time="2023-05-24 20:27:53Z" end-time="2023-05-24 20:27:53Z" duration="0.000516" asserts="0">
            <properties>
              <property name="Category" value="GDX.Tests" />
            </properties>
            <output><![CDATA[[Code Coverage] Code Coverage results for visited sequence points were saved in D:/BuildAgent/work/GDX-Documentation/Staging/CodeCoverage/GDX_Development-opencov/EditMode/TestCoverageResults_0608.xml
[Code Coverage] Code Coverage requires Burst Compilation to be disabled in order to obtain accurate coverage information. To disable Burst Compilation uncheck Jobs > Burst > Enable Compilation or pass '--burst-disable-compilation' to the command line in batchmode.
]]></output>
          </test-case>
          <test-case id="1182" name="PartialMatch_NullStringArray_NotFound" fullname="GDX.StringExtensionsTests.PartialMatch_NullStringArray_NotFound" methodname="PartialMatch_NullStringArray_NotFound" classname="GDX.StringExtensionsTests" runstate="Runnable" seed="1259540559" result="Passed" start-time="2023-05-24 20:27:54Z" end-time="2023-05-24 20:27:54Z" duration="0.000892" asserts="0">
            <properties>
              <property name="Category" value="GDX.Tests" />
            </properties>
            <output><![CDATA[[Code Coverage] Code Coverage results for visited sequence points were saved in D:/BuildAgent/work/GDX-Documentation/Staging/CodeCoverage/GDX_Development-opencov/EditMode/TestCoverageResults_0609.xml
[Code Coverage] Code Coverage requires Burst Compilation to be disabled in order to obtain accurate coverage information. To disable Burst Compilation uncheck Jobs > Burst > Enable Compilation or pass '--burst-disable-compilation' to the command line in batchmode.
]]></output>
          </test-case>
          <test-case id="1183" name="PartialMatch_SimpleList_Found" fullname="GDX.StringExtensionsTests.PartialMatch_SimpleList_Found" methodname="PartialMatch_SimpleList_Found" classname="GDX.StringExtensionsTests" runstate="Runnable" seed="86840499" result="Passed" start-time="2023-05-24 20:27:55Z" end-time="2023-05-24 20:27:55Z" duration="0.000477" asserts="0">
            <properties>
              <property name="Category" value="GDX.Tests" />
            </properties>
            <output><![CDATA[[Code Coverage] Code Coverage results for visited sequence points were saved in D:/BuildAgent/work/GDX-Documentation/Staging/CodeCoverage/GDX_Development-opencov/EditMode/TestCoverageResults_0610.xml
[Code Coverage] Code Coverage requires Burst Compilation to be disabled in order to obtain accurate coverage information. To disable Burst Compilation uncheck Jobs > Burst > Enable Compilation or pass '--burst-disable-compilation' to the command line in batchmode.
]]></output>
          </test-case>
          <test-case id="1184" name="PartialMatch_SimpleList_NotFound" fullname="GDX.StringExtensionsTests.PartialMatch_SimpleList_NotFound" methodname="PartialMatch_SimpleList_NotFound" classname="GDX.StringExtensionsTests" runstate="Runnable" seed="1430018544" result="Passed" start-time="2023-05-24 20:27:58Z" end-time="2023-05-24 20:27:58Z" duration="0.000435" asserts="0">
            <properties>
              <property name="Category" value="GDX.Tests" />
            </properties>
            <output><![CDATA[[Code Coverage] Code Coverage results for visited sequence points were saved in D:/BuildAgent/work/GDX-Documentation/Staging/CodeCoverage/GDX_Development-opencov/EditMode/TestCoverageResults_0611.xml
[Code Coverage] Code Coverage requires Burst Compilation to be disabled in order to obtain accurate coverage information. To disable Burst Compilation uncheck Jobs > Burst > Enable Compilation or pass '--burst-disable-compilation' to the command line in batchmode.
]]></output>
          </test-case>
          <test-case id="1180" name="PartialMatch_StringArray_Found" fullname="GDX.StringExtensionsTests.PartialMatch_StringArray_Found" methodname="PartialMatch_StringArray_Found" classname="GDX.StringExtensionsTests" runstate="Runnable" seed="166145489" result="Passed" start-time="2023-05-24 20:27:59Z" end-time="2023-05-24 20:27:59Z" duration="0.000397" asserts="0">
            <properties>
              <property name="Category" value="GDX.Tests" />
            </properties>
            <output><![CDATA[[Code Coverage] Code Coverage results for visited sequence points were saved in D:/BuildAgent/work/GDX-Documentation/Staging/CodeCoverage/GDX_Development-opencov/EditMode/TestCoverageResults_0612.xml
[Code Coverage] Code Coverage requires Burst Compilation to be disabled in order to obtain accurate coverage information. To disable Burst Compilation uncheck Jobs > Burst > Enable Compilation or pass '--burst-disable-compilation' to the command line in batchmode.
]]></output>
          </test-case>
          <test-case id="1181" name="PartialMatch_StringArray_NotFound" fullname="GDX.StringExtensionsTests.PartialMatch_StringArray_NotFound" methodname="PartialMatch_StringArray_NotFound" classname="GDX.StringExtensionsTests" runstate="Runnable" seed="764916601" result="Passed" start-time="2023-05-24 20:28:00Z" end-time="2023-05-24 20:28:00Z" duration="0.000391" asserts="0">
            <properties>
              <property name="Category" value="GDX.Tests" />
            </properties>
            <output><![CDATA[[Code Coverage] Code Coverage results for visited sequence points were saved in D:/BuildAgent/work/GDX-Documentation/Staging/CodeCoverage/GDX_Development-opencov/EditMode/TestCoverageResults_0613.xml
[Code Coverage] Code Coverage requires Burst Compilation to be disabled in order to obtain accurate coverage information. To disable Burst Compilation uncheck Jobs > Burst > Enable Compilation or pass '--burst-disable-compilation' to the command line in batchmode.
]]></output>
          </test-case>
          <test-case id="1171" name="SplitCamelCase_camelCase_ReturnsString" fullname="GDX.StringExtensionsTests.SplitCamelCase_camelCase_ReturnsString" methodname="SplitCamelCase_camelCase_ReturnsString" classname="GDX.StringExtensionsTests" runstate="Runnable" seed="1782436585" result="Passed" start-time="2023-05-24 20:28:01Z" end-time="2023-05-24 20:28:01Z" duration="0.001155" asserts="0">
            <properties>
              <property name="Category" value="GDX.Tests" />
            </properties>
            <output><![CDATA[[Code Coverage] Code Coverage results for visited sequence points were saved in D:/BuildAgent/work/GDX-Documentation/Staging/CodeCoverage/GDX_Development-opencov/EditMode/TestCoverageResults_0614.xml
[Code Coverage] Code Coverage requires Burst Compilation to be disabled in order to obtain accurate coverage information. To disable Burst Compilation uncheck Jobs > Burst > Enable Compilation or pass '--burst-disable-compilation' to the command line in batchmode.
]]></output>
          </test-case>
          <test-case id="1170" name="SplitCamelCase_CamelCase_ReturnsString" fullname="GDX.StringExtensionsTests.SplitCamelCase_CamelCase_ReturnsString" methodname="SplitCamelCase_CamelCase_ReturnsString" classname="GDX.StringExtensionsTests" runstate="Runnable" seed="394875011" result="Passed" start-time="2023-05-24 20:28:03Z" end-time="2023-05-24 20:28:03Z" duration="0.000409" asserts="0">
            <properties>
              <property name="Category" value="GDX.Tests" />
            </properties>
            <output><![CDATA[[Code Coverage] Code Coverage results for visited sequence points were saved in D:/BuildAgent/work/GDX-Documentation/Staging/CodeCoverage/GDX_Development-opencov/EditMode/TestCoverageResults_0615.xml
[Code Coverage] Code Coverage requires Burst Compilation to be disabled in order to obtain accurate coverage information. To disable Burst Compilation uncheck Jobs > Burst > Enable Compilation or pass '--burst-disable-compilation' to the command line in batchmode.
]]></output>
          </test-case>
        </test-suite>
        <test-suite type="TestSuite" id="1749" name="Threading" fullname="GDX.Threading" runstate="Runnable" testcasecount="24" result="Passed" start-time="2023-05-24 20:28:04Z" end-time="2023-05-24 20:29:19Z" duration="74.938768" total="24" passed="24" failed="0" inconclusive="0" skipped="0" asserts="0">
          <properties />
          <test-suite type="TestFixture" id="1228" name="TaskDirectorSystemTests" fullname="GDX.Threading.TaskDirectorSystemTests" classname="GDX.Threading.TaskDirectorSystemTests" runstate="Runnable" testcasecount="7" result="Passed" start-time="2023-05-24 20:28:04Z" end-time="2023-05-24 20:28:51Z" duration="47.438639" total="7" passed="7" failed="0" inconclusive="0" skipped="0" asserts="0">
            <properties />
            <test-case id="1230" name="Initialize_DefaultTickRate" fullname="GDX.Threading.TaskDirectorSystemTests.Initialize_DefaultTickRate" methodname="Initialize_DefaultTickRate" classname="GDX.Threading.TaskDirectorSystemTests" runstate="Runnable" seed="97309982" result="Passed" start-time="2023-05-24 20:28:04Z" end-time="2023-05-24 20:28:11Z" duration="7.709096" asserts="0">
              <properties>
                <property name="_JOINTYPE" value="UnityCombinatorial" />
                <property name="Category" value="GDX.Tests" />
              </properties>
              <output><![CDATA[[Code Coverage] Code Coverage results for visited sequence points were saved in D:/BuildAgent/work/GDX-Documentation/Staging/CodeCoverage/GDX_Development-opencov/EditMode/TestCoverageResults_0616.xml
[Code Coverage] Code Coverage requires Burst Compilation to be disabled in order to obtain accurate coverage information. To disable Burst Compilation uncheck Jobs > Burst > Enable Compilation or pass '--burst-disable-compilation' to the command line in batchmode.
]]></output>
            </test-case>
            <test-case id="1235" name="Invoke_PlayerLoopTick_NoTickInEditMode" fullname="GDX.Threading.TaskDirectorSystemTests.Invoke_PlayerLoopTick_NoTickInEditMode" methodname="Invoke_PlayerLoopTick_NoTickInEditMode" classname="GDX.Threading.TaskDirectorSystemTests" runstate="Runnable" seed="242804200" result="Passed" start-time="2023-05-24 20:28:13Z" end-time="2023-05-24 20:28:15Z" duration="2.244562" asserts="0">
              <properties>
                <property name="Category" value="GDX.Tests" />
              </properties>
              <output><![CDATA[Unable to tick Task Director from PlayerLoop outside of PlayMode.
[Code Coverage] Code Coverage results for visited sequence points were saved in D:/BuildAgent/work/GDX-Documentation/Staging/CodeCoverage/GDX_Development-opencov/EditMode/TestCoverageResults_0617.xml
[Code Coverage] Code Coverage requires Burst Compilation to be disabled in order to obtain accurate coverage information. To disable Burst Compilation uncheck Jobs > Burst > Enable Compilation or pass '--burst-disable-compilation' to the command line in batchmode.
]]></output>
            </test-case>
            <test-case id="1231" name="Offline_NoTick" fullname="GDX.Threading.TaskDirectorSystemTests.Offline_NoTick" methodname="Offline_NoTick" classname="GDX.Threading.TaskDirectorSystemTests" runstate="Runnable" seed="904583154" result="Passed" start-time="2023-05-24 20:28:16Z" end-time="2023-05-24 20:28:25Z" duration="8.469721" asserts="0">
              <properties>
                <property name="_JOINTYPE" value="UnityCombinatorial" />
                <property name="Category" value="GDX.Tests" />
              </properties>
            </test-case>
            <test-case id="1232" name="Online_Ticks" fullname="GDX.Threading.TaskDirectorSystemTests.Online_Ticks" methodname="Online_Ticks" classname="GDX.Threading.TaskDirectorSystemTests" runstate="Runnable" seed="1609869985" result="Passed" start-time="2023-05-24 20:28:26Z" end-time="2023-05-24 20:28:33Z" duration="7.409072" asserts="0">
              <properties>
                <property name="_JOINTYPE" value="UnityCombinatorial" />
                <property name="Category" value="GDX.Tests" />
              </properties>
              <output><![CDATA[[Code Coverage] Code Coverage results for visited sequence points were saved in D:/BuildAgent/work/GDX-Documentation/Staging/CodeCoverage/GDX_Development-opencov/EditMode/TestCoverageResults_0619.xml
[Code Coverage] Code Coverage requires Burst Compilation to be disabled in order to obtain accurate coverage information. To disable Burst Compilation uncheck Jobs > Burst > Enable Compilation or pass '--burst-disable-compilation' to the command line in batchmode.
]]></output>
            </test-case>
            <test-case id="1234" name="SetTickRate_WhileOff_Warning" fullname="GDX.Threading.TaskDirectorSystemTests.SetTickRate_WhileOff_Warning" methodname="SetTickRate_WhileOff_Warning" classname="GDX.Threading.TaskDirectorSystemTests" runstate="Runnable" seed="730139165" result="Passed" start-time="2023-05-24 20:28:35Z" end-time="2023-05-24 20:28:37Z" duration="2.231078" asserts="0">
              <properties>
                <property name="Category" value="GDX.Tests" />
              </properties>
              <output><![CDATA[Tick rate set whilst TaskDirectorSystem has been configured off.
[Code Coverage] Code Coverage results for visited sequence points were saved in D:/BuildAgent/work/GDX-Documentation/Staging/CodeCoverage/GDX_Development-opencov/EditMode/TestCoverageResults_0620.xml
[Code Coverage] Code Coverage requires Burst Compilation to be disabled in order to obtain accurate coverage information. To disable Burst Compilation uncheck Jobs > Burst > Enable Compilation or pass '--burst-disable-compilation' to the command line in batchmode.
]]></output>
            </test-case>
            <test-case id="1229" name="Task_Complete_TicksDirector" fullname="GDX.Threading.TaskDirectorSystemTests.Task_Complete_TicksDirector" methodname="Task_Complete_TicksDirector" classname="GDX.Threading.TaskDirectorSystemTests" runstate="Runnable" seed="1673364992" result="Passed" start-time="2023-05-24 20:28:38Z" end-time="2023-05-24 20:28:40Z" duration="2.252871" asserts="0">
              <properties>
                <property name="Category" value="GDX.Tests" />
              </properties>
              <output><![CDATA[[Code Coverage] Code Coverage results for visited sequence points were saved in D:/BuildAgent/work/GDX-Documentation/Staging/CodeCoverage/GDX_Development-opencov/EditMode/TestCoverageResults_0621.xml
[Code Coverage] Code Coverage requires Burst Compilation to be disabled in order to obtain accurate coverage information. To disable Burst Compilation uncheck Jobs > Burst > Enable Compilation or pass '--burst-disable-compilation' to the command line in batchmode.
]]></output>
            </test-case>
            <test-case id="1233" name="Ticks_AtRate" fullname="GDX.Threading.TaskDirectorSystemTests.Ticks_AtRate" methodname="Ticks_AtRate" classname="GDX.Threading.TaskDirectorSystemTests" runstate="Runnable" seed="1791644890" result="Passed" start-time="2023-05-24 20:28:42Z" end-time="2023-05-24 20:28:50Z" duration="8.479691" asserts="0">
              <properties>
                <property name="_JOINTYPE" value="UnityCombinatorial" />
                <property name="Category" value="GDX.Tests" />
              </properties>
              <output><![CDATA[[Code Coverage] Code Coverage results for visited sequence points were saved in D:/BuildAgent/work/GDX-Documentation/Staging/CodeCoverage/GDX_Development-opencov/EditMode/TestCoverageResults_0622.xml
[Code Coverage] Code Coverage requires Burst Compilation to be disabled in order to obtain accurate coverage information. To disable Burst Compilation uncheck Jobs > Burst > Enable Compilation or pass '--burst-disable-compilation' to the command line in batchmode.
]]></output>
            </test-case>
          </test-suite>
          <test-suite type="TestFixture" id="1236" name="TaskDirectorTests" fullname="GDX.Threading.TaskDirectorTests" classname="GDX.Threading.TaskDirectorTests" runstate="Runnable" testcasecount="13" result="Passed" start-time="2023-05-24 20:28:51Z" end-time="2023-05-24 20:29:12Z" duration="20.457440" total="13" passed="13" failed="0" inconclusive="0" skipped="0" asserts="0">
            <properties />
            <test-case id="1239" name="AddLog_Logging_ExpectedCount" fullname="GDX.Threading.TaskDirectorTests.AddLog_Logging_ExpectedCount" methodname="AddLog_Logging_ExpectedCount" classname="GDX.Threading.TaskDirectorTests" runstate="Runnable" seed="1467925585" result="Passed" start-time="2023-05-24 20:28:51Z" end-time="2023-05-24 20:28:51Z" duration="0.018220" asserts="0">
              <properties>
                <property name="Category" value="GDX.Tests" />
              </properties>
              <output><![CDATA[[Code Coverage] Code Coverage results for visited sequence points were saved in D:/BuildAgent/work/GDX-Documentation/Staging/CodeCoverage/GDX_Development-opencov/EditMode/TestCoverageResults_0623.xml
[Code Coverage] Code Coverage requires Burst Compilation to be disabled in order to obtain accurate coverage information. To disable Burst Compilation uncheck Jobs > Burst > Enable Compilation or pass '--burst-disable-compilation' to the command line in batchmode.
]]></output>
            </test-case>
            <test-case id="1237" name="AddLog_OnLogAdded_ExpectedCount" fullname="GDX.Threading.TaskDirectorTests.AddLog_OnLogAdded_ExpectedCount" methodname="AddLog_OnLogAdded_ExpectedCount" classname="GDX.Threading.TaskDirectorTests" runstate="Runnable" seed="1406808504" result="Passed" start-time="2023-05-24 20:28:52Z" end-time="2023-05-24 20:28:52Z" duration="0.018395" asserts="0">
              <properties>
                <property name="Category" value="GDX.Tests" />
              </properties>
              <output><![CDATA[[Code Coverage] Code Coverage results for visited sequence points were saved in D:/BuildAgent/work/GDX-Documentation/Staging/CodeCoverage/GDX_Development-opencov/EditMode/TestCoverageResults_0624.xml
[Code Coverage] Code Coverage requires Burst Compilation to be disabled in order to obtain accurate coverage information. To disable Burst Compilation uncheck Jobs > Burst > Enable Compilation or pass '--burst-disable-compilation' to the command line in batchmode.
]]></output>
            </test-case>
            <test-case id="1244" name="BlockingBits_BlocksBits_CompletesCalled" fullname="GDX.Threading.TaskDirectorTests.BlockingBits_BlocksBits_CompletesCalled" methodname="BlockingBits_BlocksBits_CompletesCalled" classname="GDX.Threading.TaskDirectorTests" runstate="Runnable" seed="1210703956" result="Passed" start-time="2023-05-24 20:28:54Z" end-time="2023-05-24 20:28:54Z" duration="0.242649" asserts="0">
              <properties>
                <property name="Category" value="GDX.Tests" />
              </properties>
              <output><![CDATA[[Code Coverage] Code Coverage results for visited sequence points were saved in D:/BuildAgent/work/GDX-Documentation/Staging/CodeCoverage/GDX_Development-opencov/EditMode/TestCoverageResults_0625.xml
[Code Coverage] Code Coverage requires Burst Compilation to be disabled in order to obtain accurate coverage information. To disable Burst Compilation uncheck Jobs > Burst > Enable Compilation or pass '--burst-disable-compilation' to the command line in batchmode.
]]></output>
            </test-case>
            <test-case id="1238" name="BuiltIn_Logging_ExpectedCount" fullname="GDX.Threading.TaskDirectorTests.BuiltIn_Logging_ExpectedCount" methodname="BuiltIn_Logging_ExpectedCount" classname="GDX.Threading.TaskDirectorTests" runstate="Runnable" seed="2108018571" result="Passed" start-time="2023-05-24 20:28:55Z" end-time="2023-05-24 20:28:55Z" duration="0.114288" asserts="0">
              <properties>
                <property name="_JOINTYPE" value="UnityCombinatorial" />
                <property name="Category" value="GDX.Tests" />
              </properties>
              <output><![CDATA[[Code Coverage] Code Coverage results for visited sequence points were saved in D:/BuildAgent/work/GDX-Documentation/Staging/CodeCoverage/GDX_Development-opencov/EditMode/TestCoverageResults_0626.xml
[Code Coverage] Code Coverage requires Burst Compilation to be disabled in order to obtain accurate coverage information. To disable Burst Compilation uncheck Jobs > Burst > Enable Compilation or pass '--burst-disable-compilation' to the command line in batchmode.
]]></output>
            </test-case>
            <test-case id="1242" name="ExceptionOccured_Throws_Logs" fullname="GDX.Threading.TaskDirectorTests.ExceptionOccured_Throws_Logs" methodname="ExceptionOccured_Throws_Logs" classname="GDX.Threading.TaskDirectorTests" runstate="Runnable" seed="338798794" result="Passed" start-time="2023-05-24 20:28:57Z" end-time="2023-05-24 20:28:57Z" duration="0.028454" asserts="0">
              <properties>
                <property name="Category" value="GDX.Tests" />
              </properties>
              <output><![CDATA[[Code Coverage] Code Coverage results for visited sequence points were saved in D:/BuildAgent/work/GDX-Documentation/Staging/CodeCoverage/GDX_Development-opencov/EditMode/TestCoverageResults_0627.xml
[Code Coverage] Code Coverage requires Burst Compilation to be disabled in order to obtain accurate coverage information. To disable Burst Compilation uncheck Jobs > Burst > Enable Compilation or pass '--burst-disable-compilation' to the command line in batchmode.
]]></output>
            </test-case>
            <test-case id="1241" name="GetCounts_BlockingName_CorrectCounts" fullname="GDX.Threading.TaskDirectorTests.GetCounts_BlockingName_CorrectCounts" methodname="GetCounts_BlockingName_CorrectCounts" classname="GDX.Threading.TaskDirectorTests" runstate="Runnable" seed="539767425" result="Passed" start-time="2023-05-24 20:28:58Z" end-time="2023-05-24 20:28:58Z" duration="0.381550" asserts="0">
              <properties>
                <property name="Category" value="GDX.Tests" />
              </properties>
              <output><![CDATA[[Code Coverage] Code Coverage results for visited sequence points were saved in D:/BuildAgent/work/GDX-Documentation/Staging/CodeCoverage/GDX_Development-opencov/EditMode/TestCoverageResults_0628.xml
[Code Coverage] Code Coverage requires Burst Compilation to be disabled in order to obtain accurate coverage information. To disable Burst Compilation uncheck Jobs > Burst > Enable Compilation or pass '--burst-disable-compilation' to the command line in batchmode.
]]></output>
            </test-case>
            <test-case id="1245" name="GetStatus_Busy_Content" fullname="GDX.Threading.TaskDirectorTests.GetStatus_Busy_Content" methodname="GetStatus_Busy_Content" classname="GDX.Threading.TaskDirectorTests" runstate="Runnable" seed="595590158" result="Passed" start-time="2023-05-24 20:28:59Z" end-time="2023-05-24 20:29:00Z" duration="0.103323" asserts="0">
              <properties>
                <property name="Category" value="GDX.Tests" />
              </properties>
              <output><![CDATA[[Code Coverage] Code Coverage results for visited sequence points were saved in D:/BuildAgent/work/GDX-Documentation/Staging/CodeCoverage/GDX_Development-opencov/EditMode/TestCoverageResults_0629.xml
[Code Coverage] Code Coverage requires Burst Compilation to be disabled in order to obtain accurate coverage information. To disable Burst Compilation uncheck Jobs > Burst > Enable Compilation or pass '--burst-disable-compilation' to the command line in batchmode.
]]></output>
            </test-case>
            <test-case id="1247" name="GetStatus_Nothing_ReturnsNull" fullname="GDX.Threading.TaskDirectorTests.GetStatus_Nothing_ReturnsNull" methodname="GetStatus_Nothing_ReturnsNull" classname="GDX.Threading.TaskDirectorTests" runstate="Runnable" seed="219540874" result="Passed" start-time="2023-05-24 20:29:01Z" end-time="2023-05-24 20:29:01Z" duration="0.000356" asserts="0">
              <properties>
                <property name="Category" value="GDX.Tests" />
              </properties>
              <output><![CDATA[[Code Coverage] Code Coverage results for visited sequence points were saved in D:/BuildAgent/work/GDX-Documentation/Staging/CodeCoverage/GDX_Development-opencov/EditMode/TestCoverageResults_0630.xml
[Code Coverage] Code Coverage requires Burst Compilation to be disabled in order to obtain accurate coverage information. To disable Burst Compilation uncheck Jobs > Burst > Enable Compilation or pass '--burst-disable-compilation' to the command line in batchmode.
]]></output>
            </test-case>
            <test-case id="1246" name="GetStatus_Queued_ReturnsContent" fullname="GDX.Threading.TaskDirectorTests.GetStatus_Queued_ReturnsContent" methodname="GetStatus_Queued_ReturnsContent" classname="GDX.Threading.TaskDirectorTests" runstate="Runnable" seed="563270461" result="Passed" start-time="2023-05-24 20:29:02Z" end-time="2023-05-24 20:29:02Z" duration="0.134599" asserts="0">
              <properties>
                <property name="Category" value="GDX.Tests" />
              </properties>
              <output><![CDATA[[Code Coverage] Code Coverage results for visited sequence points were saved in D:/BuildAgent/work/GDX-Documentation/Staging/CodeCoverage/GDX_Development-opencov/EditMode/TestCoverageResults_0631.xml
[Code Coverage] Code Coverage requires Burst Compilation to be disabled in order to obtain accurate coverage information. To disable Burst Compilation uncheck Jobs > Burst > Enable Compilation or pass '--burst-disable-compilation' to the command line in batchmode.
]]></output>
            </test-case>
            <test-case id="1243" name="HasTasks_BlockingName_Valid" fullname="GDX.Threading.TaskDirectorTests.HasTasks_BlockingName_Valid" methodname="HasTasks_BlockingName_Valid" classname="GDX.Threading.TaskDirectorTests" runstate="Runnable" seed="929532448" result="Passed" start-time="2023-05-24 20:29:03Z" end-time="2023-05-24 20:29:04Z" duration="0.243383" asserts="0">
              <properties>
                <property name="Category" value="GDX.Tests" />
              </properties>
              <output><![CDATA[[Code Coverage] Code Coverage results for visited sequence points were saved in D:/BuildAgent/work/GDX-Documentation/Staging/CodeCoverage/GDX_Development-opencov/EditMode/TestCoverageResults_0632.xml
[Code Coverage] Code Coverage requires Burst Compilation to be disabled in order to obtain accurate coverage information. To disable Burst Compilation uncheck Jobs > Burst > Enable Compilation or pass '--burst-disable-compilation' to the command line in batchmode.
]]></output>
            </test-case>
            <test-case id="1248" name="QueueTask_AddAlreadyExecuting_TaskAdded" fullname="GDX.Threading.TaskDirectorTests.QueueTask_AddAlreadyExecuting_TaskAdded" methodname="QueueTask_AddAlreadyExecuting_TaskAdded" classname="GDX.Threading.TaskDirectorTests" runstate="Runnable" seed="1178834207" result="Passed" start-time="2023-05-24 20:29:05Z" end-time="2023-05-24 20:29:06Z" duration="1.030812" asserts="0">
              <properties>
                <property name="Category" value="GDX.Tests" />
              </properties>
              <output><![CDATA[[Code Coverage] Code Coverage results for visited sequence points were saved in D:/BuildAgent/work/GDX-Documentation/Staging/CodeCoverage/GDX_Development-opencov/EditMode/TestCoverageResults_0633.xml
[Code Coverage] Code Coverage requires Burst Compilation to be disabled in order to obtain accurate coverage information. To disable Burst Compilation uncheck Jobs > Burst > Enable Compilation or pass '--burst-disable-compilation' to the command line in batchmode.
]]></output>
            </test-case>
            <test-case id="1249" name="QueueTask_AlreadyQueued_NotQueued" fullname="GDX.Threading.TaskDirectorTests.QueueTask_AlreadyQueued_NotQueued" methodname="QueueTask_AlreadyQueued_NotQueued" classname="GDX.Threading.TaskDirectorTests" runstate="Runnable" seed="1235156970" result="Passed" start-time="2023-05-24 20:29:07Z" end-time="2023-05-24 20:29:08Z" duration="1.042323" asserts="0">
              <properties>
                <property name="Category" value="GDX.Tests" />
              </properties>
              <output><![CDATA[[Code Coverage] Code Coverage results for visited sequence points were saved in D:/BuildAgent/work/GDX-Documentation/Staging/CodeCoverage/GDX_Development-opencov/EditMode/TestCoverageResults_0634.xml
[Code Coverage] Code Coverage requires Burst Compilation to be disabled in order to obtain accurate coverage information. To disable Burst Compilation uncheck Jobs > Burst > Enable Compilation or pass '--burst-disable-compilation' to the command line in batchmode.
]]></output>
            </test-case>
            <test-case id="1240" name="WaitAsync_OnBlockedUserInput_Blocked" fullname="GDX.Threading.TaskDirectorTests.WaitAsync_OnBlockedUserInput_Blocked" methodname="WaitAsync_OnBlockedUserInput_Blocked" classname="GDX.Threading.TaskDirectorTests" runstate="Runnable" seed="1201107510" result="Passed" start-time="2023-05-24 20:29:09Z" end-time="2023-05-24 20:29:10Z" duration="1.046907" asserts="0">
              <properties>
                <property name="_JOINTYPE" value="UnityCombinatorial" />
                <property name="Category" value="GDX.Tests" />
              </properties>
              <output><![CDATA[[Code Coverage] Code Coverage results for visited sequence points were saved in D:/BuildAgent/work/GDX-Documentation/Staging/CodeCoverage/GDX_Development-opencov/EditMode/TestCoverageResults_0635.xml
[Code Coverage] Code Coverage requires Burst Compilation to be disabled in order to obtain accurate coverage information. To disable Burst Compilation uncheck Jobs > Burst > Enable Compilation or pass '--burst-disable-compilation' to the command line in batchmode.
]]></output>
            </test-case>
          </test-suite>
          <test-suite type="TestFixture" id="1250" name="WaitForTests" fullname="GDX.Threading.WaitForTests" classname="GDX.Threading.WaitForTests" runstate="Runnable" testcasecount="2" result="Passed" start-time="2023-05-24 20:29:12Z" end-time="2023-05-24 20:29:16Z" duration="4.509827" total="2" passed="2" failed="0" inconclusive="0" skipped="0" asserts="0">
            <properties />
            <test-case id="1251" name="GetEnumerator_OneSecond_Elapsed" fullname="GDX.Threading.WaitForTests.GetEnumerator_OneSecond_Elapsed" methodname="GetEnumerator_OneSecond_Elapsed" classname="GDX.Threading.WaitForTests" runstate="Runnable" seed="13903456" result="Passed" start-time="2023-05-24 20:29:12Z" end-time="2023-05-24 20:29:13Z" duration="1.009394" asserts="0">
              <properties>
                <property name="_JOINTYPE" value="UnityCombinatorial" />
                <property name="Category" value="GDX.Tests" />
              </properties>
              <output><![CDATA[[Code Coverage] Code Coverage results for visited sequence points were saved in D:/BuildAgent/work/GDX-Documentation/Staging/CodeCoverage/GDX_Development-opencov/EditMode/TestCoverageResults_0636.xml
[Code Coverage] Code Coverage requires Burst Compilation to be disabled in order to obtain accurate coverage information. To disable Burst Compilation uncheck Jobs > Burst > Enable Compilation or pass '--burst-disable-compilation' to the command line in batchmode.
]]></output>
            </test-case>
            <test-case id="1252" name="GetTask_OneSecond_Elapsed" fullname="GDX.Threading.WaitForTests.GetTask_OneSecond_Elapsed" methodname="GetTask_OneSecond_Elapsed" classname="GDX.Threading.WaitForTests" runstate="Runnable" seed="1262632321" result="Passed" start-time="2023-05-24 20:29:14Z" end-time="2023-05-24 20:29:15Z" duration="1.037514" asserts="0">
              <properties>
                <property name="_JOINTYPE" value="UnityCombinatorial" />
                <property name="Category" value="GDX.Tests" />
              </properties>
              <output><![CDATA[[Code Coverage] Code Coverage results for visited sequence points were saved in D:/BuildAgent/work/GDX-Documentation/Staging/CodeCoverage/GDX_Development-opencov/EditMode/TestCoverageResults_0637.xml
[Code Coverage] Code Coverage requires Burst Compilation to be disabled in order to obtain accurate coverage information. To disable Burst Compilation uncheck Jobs > Burst > Enable Compilation or pass '--burst-disable-compilation' to the command line in batchmode.
]]></output>
            </test-case>
          </test-suite>
          <test-suite type="TestFixture" id="1253" name="WaitWhileTests" fullname="GDX.Threading.WaitWhileTests" classname="GDX.Threading.WaitWhileTests" runstate="Runnable" testcasecount="2" result="Passed" start-time="2023-05-24 20:29:16Z" end-time="2023-05-24 20:29:19Z" duration="2.529022" total="2" passed="2" failed="0" inconclusive="0" skipped="0" asserts="0">
            <properties />
            <test-case id="1254" name="GetEnumerator_OneSecond_Elapsed" fullname="GDX.Threading.WaitWhileTests.GetEnumerator_OneSecond_Elapsed" methodname="GetEnumerator_OneSecond_Elapsed" classname="GDX.Threading.WaitWhileTests" runstate="Runnable" seed="1432881703" result="Passed" start-time="2023-05-24 20:29:16Z" end-time="2023-05-24 20:29:16Z" duration="0.029163" asserts="0">
              <properties>
                <property name="_JOINTYPE" value="UnityCombinatorial" />
                <property name="Category" value="GDX.Tests" />
              </properties>
              <output><![CDATA[[Code Coverage] Code Coverage results for visited sequence points were saved in D:/BuildAgent/work/GDX-Documentation/Staging/CodeCoverage/GDX_Development-opencov/EditMode/TestCoverageResults_0638.xml
[Code Coverage] Code Coverage requires Burst Compilation to be disabled in order to obtain accurate coverage information. To disable Burst Compilation uncheck Jobs > Burst > Enable Compilation or pass '--burst-disable-compilation' to the command line in batchmode.
]]></output>
            </test-case>
            <test-case id="1255" name="GetTask_LessThanOne" fullname="GDX.Threading.WaitWhileTests.GetTask_LessThanOne" methodname="GetTask_LessThanOne" classname="GDX.Threading.WaitWhileTests" runstate="Runnable" seed="284447326" result="Passed" start-time="2023-05-24 20:29:17Z" end-time="2023-05-24 20:29:17Z" duration="0.056814" asserts="0">
              <properties>
                <property name="_JOINTYPE" value="UnityCombinatorial" />
                <property name="Category" value="GDX.Tests" />
              </properties>
              <output><![CDATA[[Code Coverage] Code Coverage results for visited sequence points were saved in D:/BuildAgent/work/GDX-Documentation/Staging/CodeCoverage/GDX_Development-opencov/EditMode/TestCoverageResults_0639.xml
[Code Coverage] Code Coverage requires Burst Compilation to be disabled in order to obtain accurate coverage information. To disable Burst Compilation uncheck Jobs > Burst > Enable Compilation or pass '--burst-disable-compilation' to the command line in batchmode.
]]></output>
            </test-case>
          </test-suite>
        </test-suite>
        <test-suite type="TestFixture" id="1186" name="TransformExtensionsTests" fullname="GDX.TransformExtensionsTests" classname="GDX.TransformExtensionsTests" runstate="Runnable" testcasecount="8" result="Passed" start-time="2023-05-24 20:29:19Z" end-time="2023-05-24 20:29:33Z" duration="14.361272" total="8" passed="8" failed="0" inconclusive="0" skipped="0" asserts="0">
          <properties />
          <test-case id="1189" name="DestroyChildren_NotImmediate_OneChildRemaining" fullname="GDX.TransformExtensionsTests.DestroyChildren_NotImmediate_OneChildRemaining" methodname="DestroyChildren_NotImmediate_OneChildRemaining" classname="GDX.TransformExtensionsTests" runstate="Runnable" seed="1103381638" result="Passed" start-time="2023-05-24 20:29:19Z" end-time="2023-05-24 20:29:23Z" duration="4.478778" asserts="0">
            <properties>
              <property name="_JOINTYPE" value="UnityCombinatorial" />
              <property name="Category" value="GDX.Tests" />
            </properties>
            <output><![CDATA[[Code Coverage] Code Coverage results for visited sequence points were saved in D:/BuildAgent/work/GDX-Documentation/Staging/CodeCoverage/GDX_Development-opencov/EditMode/TestCoverageResults_0640.xml
[Code Coverage] Code Coverage requires Burst Compilation to be disabled in order to obtain accurate coverage information. To disable Burst Compilation uncheck Jobs > Burst > Enable Compilation or pass '--burst-disable-compilation' to the command line in batchmode.
]]></output>
          </test-case>
          <test-case id="1188" name="DestroyChildren_RemoveActiveOnly_OneChildRemaining" fullname="GDX.TransformExtensionsTests.DestroyChildren_RemoveActiveOnly_OneChildRemaining" methodname="DestroyChildren_RemoveActiveOnly_OneChildRemaining" classname="GDX.TransformExtensionsTests" runstate="Runnable" seed="298030725" result="Passed" start-time="2023-05-24 20:29:24Z" end-time="2023-05-24 20:29:24Z" duration="0.006534" asserts="0">
            <properties>
              <property name="Category" value="GDX.Tests" />
            </properties>
            <output><![CDATA[[Code Coverage] Code Coverage results for visited sequence points were saved in D:/BuildAgent/work/GDX-Documentation/Staging/CodeCoverage/GDX_Development-opencov/EditMode/TestCoverageResults_0641.xml
[Code Coverage] Code Coverage requires Burst Compilation to be disabled in order to obtain accurate coverage information. To disable Burst Compilation uncheck Jobs > Burst > Enable Compilation or pass '--burst-disable-compilation' to the command line in batchmode.
]]></output>
          </test-case>
          <test-case id="1187" name="DestroyChildren_RemoveAll_NoChildren" fullname="GDX.TransformExtensionsTests.DestroyChildren_RemoveAll_NoChildren" methodname="DestroyChildren_RemoveAll_NoChildren" classname="GDX.TransformExtensionsTests" runstate="Runnable" seed="1909424247" result="Passed" start-time="2023-05-24 20:29:26Z" end-time="2023-05-24 20:29:26Z" duration="0.005424" asserts="0">
            <properties>
              <property name="Category" value="GDX.Tests" />
            </properties>
            <output><![CDATA[[Code Coverage] Code Coverage results for visited sequence points were saved in D:/BuildAgent/work/GDX-Documentation/Staging/CodeCoverage/GDX_Development-opencov/EditMode/TestCoverageResults_0642.xml
[Code Coverage] Code Coverage requires Burst Compilation to be disabled in order to obtain accurate coverage information. To disable Burst Compilation uncheck Jobs > Burst > Enable Compilation or pass '--burst-disable-compilation' to the command line in batchmode.
]]></output>
          </test-case>
          <test-case id="1190" name="GetActiveChildrenCount_MockData_AccurateCount" fullname="GDX.TransformExtensionsTests.GetActiveChildrenCount_MockData_AccurateCount" methodname="GetActiveChildrenCount_MockData_AccurateCount" classname="GDX.TransformExtensionsTests" runstate="Runnable" seed="964168708" result="Passed" start-time="2023-05-24 20:29:27Z" end-time="2023-05-24 20:29:27Z" duration="0.006283" asserts="0">
            <properties>
              <property name="Category" value="GDX.Tests" />
            </properties>
            <output><![CDATA[[Code Coverage] Code Coverage results for visited sequence points were saved in D:/BuildAgent/work/GDX-Documentation/Staging/CodeCoverage/GDX_Development-opencov/EditMode/TestCoverageResults_0643.xml
[Code Coverage] Code Coverage requires Burst Compilation to be disabled in order to obtain accurate coverage information. To disable Burst Compilation uncheck Jobs > Burst > Enable Compilation or pass '--burst-disable-compilation' to the command line in batchmode.
]]></output>
          </test-case>
          <test-case id="1193" name="GetFirstComponentInChildrenComplex_MockData_DeepDive" fullname="GDX.TransformExtensionsTests.GetFirstComponentInChildrenComplex_MockData_DeepDive" methodname="GetFirstComponentInChildrenComplex_MockData_DeepDive" classname="GDX.TransformExtensionsTests" runstate="Runnable" seed="1396330703" result="Passed" start-time="2023-05-24 20:29:28Z" end-time="2023-05-24 20:29:28Z" duration="0.005585" asserts="0">
            <properties>
              <property name="Category" value="GDX.Tests" />
            </properties>
            <output><![CDATA[[Code Coverage] Code Coverage results for visited sequence points were saved in D:/BuildAgent/work/GDX-Documentation/Staging/CodeCoverage/GDX_Development-opencov/EditMode/TestCoverageResults_0644.xml
[Code Coverage] Code Coverage requires Burst Compilation to be disabled in order to obtain accurate coverage information. To disable Burst Compilation uncheck Jobs > Burst > Enable Compilation or pass '--burst-disable-compilation' to the command line in batchmode.
]]></output>
          </test-case>
          <test-case id="1191" name="GetFirstComponentInChildrenComplex_MockData_FirstTransform" fullname="GDX.TransformExtensionsTests.GetFirstComponentInChildrenComplex_MockData_FirstTransform" methodname="GetFirstComponentInChildrenComplex_MockData_FirstTransform" classname="GDX.TransformExtensionsTests" runstate="Runnable" seed="767059859" result="Passed" start-time="2023-05-24 20:29:29Z" end-time="2023-05-24 20:29:29Z" duration="0.004764" asserts="0">
            <properties>
              <property name="Category" value="GDX.Tests" />
            </properties>
            <output><![CDATA[[Code Coverage] Code Coverage results for visited sequence points were saved in D:/BuildAgent/work/GDX-Documentation/Staging/CodeCoverage/GDX_Development-opencov/EditMode/TestCoverageResults_0645.xml
[Code Coverage] Code Coverage requires Burst Compilation to be disabled in order to obtain accurate coverage information. To disable Burst Compilation uncheck Jobs > Burst > Enable Compilation or pass '--burst-disable-compilation' to the command line in batchmode.
]]></output>
          </test-case>
          <test-case id="1192" name="GetFirstComponentInChildrenComplex_MockData_ThirdChildComponentInActive" fullname="GDX.TransformExtensionsTests.GetFirstComponentInChildrenComplex_MockData_ThirdChildComponentInActive" methodname="GetFirstComponentInChildrenComplex_MockData_ThirdChildComponentInActive" classname="GDX.TransformExtensionsTests" runstate="Runnable" seed="1801918671" result="Passed" start-time="2023-05-24 20:29:31Z" end-time="2023-05-24 20:29:31Z" duration="0.006626" asserts="0">
            <properties>
              <property name="Category" value="GDX.Tests" />
            </properties>
            <output><![CDATA[[Code Coverage] Code Coverage results for visited sequence points were saved in D:/BuildAgent/work/GDX-Documentation/Staging/CodeCoverage/GDX_Development-opencov/EditMode/TestCoverageResults_0646.xml
[Code Coverage] Code Coverage requires Burst Compilation to be disabled in order to obtain accurate coverage information. To disable Burst Compilation uncheck Jobs > Burst > Enable Compilation or pass '--burst-disable-compilation' to the command line in batchmode.
]]></output>
          </test-case>
          <test-case id="1194" name="GetScenePath_MockData_RootPath" fullname="GDX.TransformExtensionsTests.GetScenePath_MockData_RootPath" methodname="GetScenePath_MockData_RootPath" classname="GDX.TransformExtensionsTests" runstate="Runnable" seed="743535803" result="Passed" start-time="2023-05-24 20:29:32Z" end-time="2023-05-24 20:29:32Z" duration="0.006769" asserts="0">
            <properties>
              <property name="Category" value="GDX.Tests" />
            </properties>
            <output><![CDATA[[Code Coverage] Code Coverage results for visited sequence points were saved in D:/BuildAgent/work/GDX-Documentation/Staging/CodeCoverage/GDX_Development-opencov/EditMode/TestCoverageResults_0647.xml
[Code Coverage] Code Coverage requires Burst Compilation to be disabled in order to obtain accurate coverage information. To disable Burst Compilation uncheck Jobs > Burst > Enable Compilation or pass '--burst-disable-compilation' to the command line in batchmode.
]]></output>
          </test-case>
        </test-suite>
        <test-suite type="TestFixture" id="1195" name="Vector2ExtensionsTests" fullname="GDX.Vector2ExtensionsTests" classname="GDX.Vector2ExtensionsTests" runstate="Runnable" testcasecount="14" result="Passed" start-time="2023-05-24 20:29:33Z" end-time="2023-05-24 20:29:50Z" duration="17.175854" total="14" passed="14" failed="0" inconclusive="0" skipped="0" asserts="0">
          <properties />
          <test-case id="1196" name="Approximately_FiveMillionths_ReturnsFalse" fullname="GDX.Vector2ExtensionsTests.Approximately_FiveMillionths_ReturnsFalse" methodname="Approximately_FiveMillionths_ReturnsFalse" classname="GDX.Vector2ExtensionsTests" runstate="Runnable" seed="70219033" result="Passed" start-time="2023-05-24 20:29:33Z" end-time="2023-05-24 20:29:33Z" duration="0.000416" asserts="0">
            <properties>
              <property name="Category" value="GDX.Tests" />
            </properties>
            <output><![CDATA[[Code Coverage] Code Coverage results for visited sequence points were saved in D:/BuildAgent/work/GDX-Documentation/Staging/CodeCoverage/GDX_Development-opencov/EditMode/TestCoverageResults_0648.xml
[Code Coverage] Code Coverage requires Burst Compilation to be disabled in order to obtain accurate coverage information. To disable Burst Compilation uncheck Jobs > Burst > Enable Compilation or pass '--burst-disable-compilation' to the command line in batchmode.
]]></output>
          </test-case>
          <test-case id="1197" name="Approximately_One_ReturnsTrue" fullname="GDX.Vector2ExtensionsTests.Approximately_One_ReturnsTrue" methodname="Approximately_One_ReturnsTrue" classname="GDX.Vector2ExtensionsTests" runstate="Runnable" seed="1429861246" result="Passed" start-time="2023-05-24 20:29:34Z" end-time="2023-05-24 20:29:34Z" duration="0.000282" asserts="0">
            <properties>
              <property name="Category" value="GDX.Tests" />
            </properties>
            <output><![CDATA[[Code Coverage] Code Coverage results for visited sequence points were saved in D:/BuildAgent/work/GDX-Documentation/Staging/CodeCoverage/GDX_Development-opencov/EditMode/TestCoverageResults_0649.xml
[Code Coverage] Code Coverage requires Burst Compilation to be disabled in order to obtain accurate coverage information. To disable Burst Compilation uncheck Jobs > Burst > Enable Compilation or pass '--burst-disable-compilation' to the command line in batchmode.
]]></output>
          </test-case>
          <test-case id="1198" name="Approximately_OneMillionth_ReturnsTrue" fullname="GDX.Vector2ExtensionsTests.Approximately_OneMillionth_ReturnsTrue" methodname="Approximately_OneMillionth_ReturnsTrue" classname="GDX.Vector2ExtensionsTests" runstate="Runnable" seed="1340637698" result="Passed" start-time="2023-05-24 20:29:36Z" end-time="2023-05-24 20:29:36Z" duration="0.000277" asserts="0">
            <properties>
              <property name="Category" value="GDX.Tests" />
            </properties>
            <output><![CDATA[[Code Coverage] Code Coverage results for visited sequence points were saved in D:/BuildAgent/work/GDX-Documentation/Staging/CodeCoverage/GDX_Development-opencov/EditMode/TestCoverageResults_0650.xml
[Code Coverage] Code Coverage requires Burst Compilation to be disabled in order to obtain accurate coverage information. To disable Burst Compilation uncheck Jobs > Burst > Enable Compilation or pass '--burst-disable-compilation' to the command line in batchmode.
]]></output>
          </test-case>
          <test-case id="1199" name="Approximately_Zero_ReturnsTrue" fullname="GDX.Vector2ExtensionsTests.Approximately_Zero_ReturnsTrue" methodname="Approximately_Zero_ReturnsTrue" classname="GDX.Vector2ExtensionsTests" runstate="Runnable" seed="506375085" result="Passed" start-time="2023-05-24 20:29:37Z" end-time="2023-05-24 20:29:37Z" duration="0.000311" asserts="0">
            <properties>
              <property name="Category" value="GDX.Tests" />
            </properties>
            <output><![CDATA[[Code Coverage] Code Coverage results for visited sequence points were saved in D:/BuildAgent/work/GDX-Documentation/Staging/CodeCoverage/GDX_Development-opencov/EditMode/TestCoverageResults_0651.xml
[Code Coverage] Code Coverage requires Burst Compilation to be disabled in order to obtain accurate coverage information. To disable Burst Compilation uncheck Jobs > Burst > Enable Compilation or pass '--burst-disable-compilation' to the command line in batchmode.
]]></output>
          </test-case>
          <test-case id="1200" name="Midpoint_ZeroAndOne_ReturnsHalf" fullname="GDX.Vector2ExtensionsTests.Midpoint_ZeroAndOne_ReturnsHalf" methodname="Midpoint_ZeroAndOne_ReturnsHalf" classname="GDX.Vector2ExtensionsTests" runstate="Runnable" seed="1141565451" result="Passed" start-time="2023-05-24 20:29:38Z" end-time="2023-05-24 20:29:38Z" duration="0.000399" asserts="0">
            <properties>
              <property name="Category" value="GDX.Tests" />
            </properties>
            <output><![CDATA[[Code Coverage] Code Coverage results for visited sequence points were saved in D:/BuildAgent/work/GDX-Documentation/Staging/CodeCoverage/GDX_Development-opencov/EditMode/TestCoverageResults_0652.xml
[Code Coverage] Code Coverage requires Burst Compilation to be disabled in order to obtain accurate coverage information. To disable Burst Compilation uncheck Jobs > Burst > Enable Compilation or pass '--burst-disable-compilation' to the command line in batchmode.
]]></output>
          </test-case>
          <test-case id="1201" name="NearestIndex_MockData_ReturnsClosest" fullname="GDX.Vector2ExtensionsTests.NearestIndex_MockData_ReturnsClosest" methodname="NearestIndex_MockData_ReturnsClosest" classname="GDX.Vector2ExtensionsTests" runstate="Runnable" seed="1126917446" result="Passed" start-time="2023-05-24 20:29:39Z" end-time="2023-05-24 20:29:39Z" duration="0.000617" asserts="0">
            <properties>
              <property name="Category" value="GDX.Tests" />
            </properties>
            <output><![CDATA[[Code Coverage] Code Coverage results for visited sequence points were saved in D:/BuildAgent/work/GDX-Documentation/Staging/CodeCoverage/GDX_Development-opencov/EditMode/TestCoverageResults_0653.xml
[Code Coverage] Code Coverage requires Burst Compilation to be disabled in order to obtain accurate coverage information. To disable Burst Compilation uncheck Jobs > Burst > Enable Compilation or pass '--burst-disable-compilation' to the command line in batchmode.
]]></output>
          </test-case>
          <test-case id="1202" name="NearestIndex_NullInput_ReturnsNegativeOne" fullname="GDX.Vector2ExtensionsTests.NearestIndex_NullInput_ReturnsNegativeOne" methodname="NearestIndex_NullInput_ReturnsNegativeOne" classname="GDX.Vector2ExtensionsTests" runstate="Runnable" seed="184633457" result="Passed" start-time="2023-05-24 20:29:40Z" end-time="2023-05-24 20:29:40Z" duration="0.000361" asserts="0">
            <properties>
              <property name="Category" value="GDX.Tests" />
            </properties>
            <output><![CDATA[[Code Coverage] Code Coverage results for visited sequence points were saved in D:/BuildAgent/work/GDX-Documentation/Staging/CodeCoverage/GDX_Development-opencov/EditMode/TestCoverageResults_0654.xml
[Code Coverage] Code Coverage requires Burst Compilation to be disabled in order to obtain accurate coverage information. To disable Burst Compilation uncheck Jobs > Burst > Enable Compilation or pass '--burst-disable-compilation' to the command line in batchmode.
]]></output>
          </test-case>
          <test-case id="1204" name="Slope_MockData_ReturnsSlope" fullname="GDX.Vector2ExtensionsTests.Slope_MockData_ReturnsSlope" methodname="Slope_MockData_ReturnsSlope" classname="GDX.Vector2ExtensionsTests" runstate="Runnable" seed="191843745" result="Passed" start-time="2023-05-24 20:29:42Z" end-time="2023-05-24 20:29:42Z" duration="0.000350" asserts="0">
            <properties>
              <property name="Category" value="GDX.Tests" />
            </properties>
            <output><![CDATA[[Code Coverage] Code Coverage results for visited sequence points were saved in D:/BuildAgent/work/GDX-Documentation/Staging/CodeCoverage/GDX_Development-opencov/EditMode/TestCoverageResults_0655.xml
[Code Coverage] Code Coverage requires Burst Compilation to be disabled in order to obtain accurate coverage information. To disable Burst Compilation uncheck Jobs > Burst > Enable Compilation or pass '--burst-disable-compilation' to the command line in batchmode.
]]></output>
          </test-case>
          <test-case id="1203" name="Slope_ZeroXValue_ReturnsZero" fullname="GDX.Vector2ExtensionsTests.Slope_ZeroXValue_ReturnsZero" methodname="Slope_ZeroXValue_ReturnsZero" classname="GDX.Vector2ExtensionsTests" runstate="Runnable" seed="312013420" result="Passed" start-time="2023-05-24 20:29:43Z" end-time="2023-05-24 20:29:43Z" duration="0.000267" asserts="0">
            <properties>
              <property name="Category" value="GDX.Tests" />
            </properties>
            <output><![CDATA[[Code Coverage] Code Coverage results for visited sequence points were saved in D:/BuildAgent/work/GDX-Documentation/Staging/CodeCoverage/GDX_Development-opencov/EditMode/TestCoverageResults_0656.xml
[Code Coverage] Code Coverage requires Burst Compilation to be disabled in order to obtain accurate coverage information. To disable Burst Compilation uncheck Jobs > Burst > Enable Compilation or pass '--burst-disable-compilation' to the command line in batchmode.
]]></output>
          </test-case>
          <test-case id="1208" name="TryParseVector2_CharFirstSplit_ReturnsFalse" fullname="GDX.Vector2ExtensionsTests.TryParseVector2_CharFirstSplit_ReturnsFalse" methodname="TryParseVector2_CharFirstSplit_ReturnsFalse" classname="GDX.Vector2ExtensionsTests" runstate="Runnable" seed="2103014021" result="Passed" start-time="2023-05-24 20:29:44Z" end-time="2023-05-24 20:29:44Z" duration="0.000541" asserts="0">
            <properties>
              <property name="Category" value="GDX.Tests" />
            </properties>
            <output><![CDATA[[Code Coverage] Code Coverage results for visited sequence points were saved in D:/BuildAgent/work/GDX-Documentation/Staging/CodeCoverage/GDX_Development-opencov/EditMode/TestCoverageResults_0657.xml
[Code Coverage] Code Coverage requires Burst Compilation to be disabled in order to obtain accurate coverage information. To disable Burst Compilation uncheck Jobs > Burst > Enable Compilation or pass '--burst-disable-compilation' to the command line in batchmode.
]]></output>
          </test-case>
          <test-case id="1209" name="TryParseVector2_CharSecondSplit_ReturnsFalse" fullname="GDX.Vector2ExtensionsTests.TryParseVector2_CharSecondSplit_ReturnsFalse" methodname="TryParseVector2_CharSecondSplit_ReturnsFalse" classname="GDX.Vector2ExtensionsTests" runstate="Runnable" seed="1436326054" result="Passed" start-time="2023-05-24 20:29:45Z" end-time="2023-05-24 20:29:45Z" duration="0.000288" asserts="0">
            <properties>
              <property name="Category" value="GDX.Tests" />
            </properties>
            <output><![CDATA[[Code Coverage] Code Coverage results for visited sequence points were saved in D:/BuildAgent/work/GDX-Documentation/Staging/CodeCoverage/GDX_Development-opencov/EditMode/TestCoverageResults_0658.xml
[Code Coverage] Code Coverage requires Burst Compilation to be disabled in order to obtain accurate coverage information. To disable Burst Compilation uncheck Jobs > Burst > Enable Compilation or pass '--burst-disable-compilation' to the command line in batchmode.
]]></output>
          </test-case>
          <test-case id="1206" name="TryParseVector2_NoSpaces_ReturnsVector2" fullname="GDX.Vector2ExtensionsTests.TryParseVector2_NoSpaces_ReturnsVector2" methodname="TryParseVector2_NoSpaces_ReturnsVector2" classname="GDX.Vector2ExtensionsTests" runstate="Runnable" seed="734767731" result="Passed" start-time="2023-05-24 20:29:47Z" end-time="2023-05-24 20:29:47Z" duration="0.000306" asserts="0">
            <properties>
              <property name="Category" value="GDX.Tests" />
            </properties>
            <output><![CDATA[[Code Coverage] Code Coverage results for visited sequence points were saved in D:/BuildAgent/work/GDX-Documentation/Staging/CodeCoverage/GDX_Development-opencov/EditMode/TestCoverageResults_0659.xml
[Code Coverage] Code Coverage requires Burst Compilation to be disabled in order to obtain accurate coverage information. To disable Burst Compilation uncheck Jobs > Burst > Enable Compilation or pass '--burst-disable-compilation' to the command line in batchmode.
]]></output>
          </test-case>
          <test-case id="1205" name="TryParseVector2_NoSplit_ReturnsFalse" fullname="GDX.Vector2ExtensionsTests.TryParseVector2_NoSplit_ReturnsFalse" methodname="TryParseVector2_NoSplit_ReturnsFalse" classname="GDX.Vector2ExtensionsTests" runstate="Runnable" seed="1973024410" result="Passed" start-time="2023-05-24 20:29:48Z" end-time="2023-05-24 20:29:48Z" duration="0.000326" asserts="0">
            <properties>
              <property name="Category" value="GDX.Tests" />
            </properties>
            <output><![CDATA[[Code Coverage] Code Coverage results for visited sequence points were saved in D:/BuildAgent/work/GDX-Documentation/Staging/CodeCoverage/GDX_Development-opencov/EditMode/TestCoverageResults_0660.xml
[Code Coverage] Code Coverage requires Burst Compilation to be disabled in order to obtain accurate coverage information. To disable Burst Compilation uncheck Jobs > Burst > Enable Compilation or pass '--burst-disable-compilation' to the command line in batchmode.
]]></output>
          </test-case>
          <test-case id="1207" name="TryParseVector2_SpacedValues_ReturnsVector2" fullname="GDX.Vector2ExtensionsTests.TryParseVector2_SpacedValues_ReturnsVector2" methodname="TryParseVector2_SpacedValues_ReturnsVector2" classname="GDX.Vector2ExtensionsTests" runstate="Runnable" seed="1459070675" result="Passed" start-time="2023-05-24 20:29:49Z" end-time="2023-05-24 20:29:49Z" duration="0.000297" asserts="0">
            <properties>
              <property name="Category" value="GDX.Tests" />
            </properties>
            <output><![CDATA[[Code Coverage] Code Coverage results for visited sequence points were saved in D:/BuildAgent/work/GDX-Documentation/Staging/CodeCoverage/GDX_Development-opencov/EditMode/TestCoverageResults_0661.xml
[Code Coverage] Code Coverage requires Burst Compilation to be disabled in order to obtain accurate coverage information. To disable Burst Compilation uncheck Jobs > Burst > Enable Compilation or pass '--burst-disable-compilation' to the command line in batchmode.
]]></output>
          </test-case>
        </test-suite>
        <test-suite type="TestFixture" id="1210" name="Vector3ExtensionsTests" fullname="GDX.Vector3ExtensionsTests" classname="GDX.Vector3ExtensionsTests" runstate="Runnable" testcasecount="17" result="Passed" start-time="2023-05-24 20:29:50Z" end-time="2023-05-24 20:30:11Z" duration="20.852532" total="17" passed="17" failed="0" inconclusive="0" skipped="0" asserts="0">
          <properties />
          <test-case id="1211" name="Approximately_FiveMillionths_ReturnsFalse" fullname="GDX.Vector3ExtensionsTests.Approximately_FiveMillionths_ReturnsFalse" methodname="Approximately_FiveMillionths_ReturnsFalse" classname="GDX.Vector3ExtensionsTests" runstate="Runnable" seed="973672726" result="Passed" start-time="2023-05-24 20:29:50Z" end-time="2023-05-24 20:29:50Z" duration="0.000265" asserts="0">
            <properties>
              <property name="Category" value="GDX.Tests" />
            </properties>
            <output><![CDATA[[Code Coverage] Code Coverage results for visited sequence points were saved in D:/BuildAgent/work/GDX-Documentation/Staging/CodeCoverage/GDX_Development-opencov/EditMode/TestCoverageResults_0662.xml
[Code Coverage] Code Coverage requires Burst Compilation to be disabled in order to obtain accurate coverage information. To disable Burst Compilation uncheck Jobs > Burst > Enable Compilation or pass '--burst-disable-compilation' to the command line in batchmode.
]]></output>
          </test-case>
          <test-case id="1212" name="Approximately_One_ReturnsTrue" fullname="GDX.Vector3ExtensionsTests.Approximately_One_ReturnsTrue" methodname="Approximately_One_ReturnsTrue" classname="GDX.Vector3ExtensionsTests" runstate="Runnable" seed="1490917094" result="Passed" start-time="2023-05-24 20:29:51Z" end-time="2023-05-24 20:29:51Z" duration="0.000273" asserts="0">
            <properties>
              <property name="Category" value="GDX.Tests" />
            </properties>
            <output><![CDATA[[Code Coverage] Code Coverage results for visited sequence points were saved in D:/BuildAgent/work/GDX-Documentation/Staging/CodeCoverage/GDX_Development-opencov/EditMode/TestCoverageResults_0663.xml
[Code Coverage] Code Coverage requires Burst Compilation to be disabled in order to obtain accurate coverage information. To disable Burst Compilation uncheck Jobs > Burst > Enable Compilation or pass '--burst-disable-compilation' to the command line in batchmode.
]]></output>
          </test-case>
          <test-case id="1213" name="Approximately_OneMillionth_ReturnsTrue" fullname="GDX.Vector3ExtensionsTests.Approximately_OneMillionth_ReturnsTrue" methodname="Approximately_OneMillionth_ReturnsTrue" classname="GDX.Vector3ExtensionsTests" runstate="Runnable" seed="1343908295" result="Passed" start-time="2023-05-24 20:29:53Z" end-time="2023-05-24 20:29:53Z" duration="0.000314" asserts="0">
            <properties>
              <property name="Category" value="GDX.Tests" />
            </properties>
            <output><![CDATA[[Code Coverage] Code Coverage results for visited sequence points were saved in D:/BuildAgent/work/GDX-Documentation/Staging/CodeCoverage/GDX_Development-opencov/EditMode/TestCoverageResults_0664.xml
[Code Coverage] Code Coverage requires Burst Compilation to be disabled in order to obtain accurate coverage information. To disable Burst Compilation uncheck Jobs > Burst > Enable Compilation or pass '--burst-disable-compilation' to the command line in batchmode.
]]></output>
          </test-case>
          <test-case id="1214" name="Approximately_Zero_ReturnsTrue" fullname="GDX.Vector3ExtensionsTests.Approximately_Zero_ReturnsTrue" methodname="Approximately_Zero_ReturnsTrue" classname="GDX.Vector3ExtensionsTests" runstate="Runnable" seed="1801129387" result="Passed" start-time="2023-05-24 20:29:54Z" end-time="2023-05-24 20:29:54Z" duration="0.000288" asserts="0">
            <properties>
              <property name="Category" value="GDX.Tests" />
            </properties>
            <output><![CDATA[[Code Coverage] Code Coverage results for visited sequence points were saved in D:/BuildAgent/work/GDX-Documentation/Staging/CodeCoverage/GDX_Development-opencov/EditMode/TestCoverageResults_0665.xml
[Code Coverage] Code Coverage requires Burst Compilation to be disabled in order to obtain accurate coverage information. To disable Burst Compilation uncheck Jobs > Burst > Enable Compilation or pass '--burst-disable-compilation' to the command line in batchmode.
]]></output>
          </test-case>
          <test-case id="1215" name="DistanceSqr_MockData_ReturnsSame" fullname="GDX.Vector3ExtensionsTests.DistanceSqr_MockData_ReturnsSame" methodname="DistanceSqr_MockData_ReturnsSame" classname="GDX.Vector3ExtensionsTests" runstate="Runnable" seed="1570956084" result="Passed" start-time="2023-05-24 20:29:55Z" end-time="2023-05-24 20:29:55Z" duration="0.000484" asserts="0">
            <properties>
              <property name="Category" value="GDX.Tests" />
            </properties>
            <output><![CDATA[[Code Coverage] Code Coverage results for visited sequence points were saved in D:/BuildAgent/work/GDX-Documentation/Staging/CodeCoverage/GDX_Development-opencov/EditMode/TestCoverageResults_0666.xml
[Code Coverage] Code Coverage requires Burst Compilation to be disabled in order to obtain accurate coverage information. To disable Burst Compilation uncheck Jobs > Burst > Enable Compilation or pass '--burst-disable-compilation' to the command line in batchmode.
]]></output>
          </test-case>
          <test-case id="1216" name="DistanceToRay_MockData_ReturnsAccurate" fullname="GDX.Vector3ExtensionsTests.DistanceToRay_MockData_ReturnsAccurate" methodname="DistanceToRay_MockData_ReturnsAccurate" classname="GDX.Vector3ExtensionsTests" runstate="Runnable" seed="1025978219" result="Passed" start-time="2023-05-24 20:29:56Z" end-time="2023-05-24 20:29:56Z" duration="0.001171" asserts="0">
            <properties>
              <property name="Category" value="GDX.Tests" />
            </properties>
            <output><![CDATA[[Code Coverage] Code Coverage results for visited sequence points were saved in D:/BuildAgent/work/GDX-Documentation/Staging/CodeCoverage/GDX_Development-opencov/EditMode/TestCoverageResults_0667.xml
[Code Coverage] Code Coverage requires Burst Compilation to be disabled in order to obtain accurate coverage information. To disable Burst Compilation uncheck Jobs > Burst > Enable Compilation or pass '--burst-disable-compilation' to the command line in batchmode.
]]></output>
          </test-case>
          <test-case id="1217" name="HorizontalDistance_MockData_ReturnsAccurate" fullname="GDX.Vector3ExtensionsTests.HorizontalDistance_MockData_ReturnsAccurate" methodname="HorizontalDistance_MockData_ReturnsAccurate" classname="GDX.Vector3ExtensionsTests" runstate="Runnable" seed="1543700972" result="Passed" start-time="2023-05-24 20:29:58Z" end-time="2023-05-24 20:29:58Z" duration="0.000434" asserts="0">
            <properties>
              <property name="Category" value="GDX.Tests" />
            </properties>
            <output><![CDATA[[Code Coverage] Code Coverage results for visited sequence points were saved in D:/BuildAgent/work/GDX-Documentation/Staging/CodeCoverage/GDX_Development-opencov/EditMode/TestCoverageResults_0668.xml
[Code Coverage] Code Coverage requires Burst Compilation to be disabled in order to obtain accurate coverage information. To disable Burst Compilation uncheck Jobs > Burst > Enable Compilation or pass '--burst-disable-compilation' to the command line in batchmode.
]]></output>
          </test-case>
          <test-case id="1218" name="Midpoint_ZeroAndOne_ReturnsHalf" fullname="GDX.Vector3ExtensionsTests.Midpoint_ZeroAndOne_ReturnsHalf" methodname="Midpoint_ZeroAndOne_ReturnsHalf" classname="GDX.Vector3ExtensionsTests" runstate="Runnable" seed="288474643" result="Passed" start-time="2023-05-24 20:29:59Z" end-time="2023-05-24 20:29:59Z" duration="0.000419" asserts="0">
            <properties>
              <property name="Category" value="GDX.Tests" />
            </properties>
            <output><![CDATA[[Code Coverage] Code Coverage results for visited sequence points were saved in D:/BuildAgent/work/GDX-Documentation/Staging/CodeCoverage/GDX_Development-opencov/EditMode/TestCoverageResults_0669.xml
[Code Coverage] Code Coverage requires Burst Compilation to be disabled in order to obtain accurate coverage information. To disable Burst Compilation uncheck Jobs > Burst > Enable Compilation or pass '--burst-disable-compilation' to the command line in batchmode.
]]></output>
          </test-case>
          <test-case id="1219" name="NearestIndex_MockData_ReturnsClosest" fullname="GDX.Vector3ExtensionsTests.NearestIndex_MockData_ReturnsClosest" methodname="NearestIndex_MockData_ReturnsClosest" classname="GDX.Vector3ExtensionsTests" runstate="Runnable" seed="1356552575" result="Passed" start-time="2023-05-24 20:30:00Z" end-time="2023-05-24 20:30:00Z" duration="0.000580" asserts="0">
            <properties>
              <property name="Category" value="GDX.Tests" />
            </properties>
            <output><![CDATA[[Code Coverage] Code Coverage results for visited sequence points were saved in D:/BuildAgent/work/GDX-Documentation/Staging/CodeCoverage/GDX_Development-opencov/EditMode/TestCoverageResults_0670.xml
[Code Coverage] Code Coverage requires Burst Compilation to be disabled in order to obtain accurate coverage information. To disable Burst Compilation uncheck Jobs > Burst > Enable Compilation or pass '--burst-disable-compilation' to the command line in batchmode.
]]></output>
          </test-case>
          <test-case id="1220" name="NearestIndex_NullInput_ReturnsNegativeOne" fullname="GDX.Vector3ExtensionsTests.NearestIndex_NullInput_ReturnsNegativeOne" methodname="NearestIndex_NullInput_ReturnsNegativeOne" classname="GDX.Vector3ExtensionsTests" runstate="Runnable" seed="1998920687" result="Passed" start-time="2023-05-24 20:30:01Z" end-time="2023-05-24 20:30:01Z" duration="0.000335" asserts="0">
            <properties>
              <property name="Category" value="GDX.Tests" />
            </properties>
            <output><![CDATA[[Code Coverage] Code Coverage results for visited sequence points were saved in D:/BuildAgent/work/GDX-Documentation/Staging/CodeCoverage/GDX_Development-opencov/EditMode/TestCoverageResults_0671.xml
[Code Coverage] Code Coverage requires Burst Compilation to be disabled in order to obtain accurate coverage information. To disable Burst Compilation uncheck Jobs > Burst > Enable Compilation or pass '--burst-disable-compilation' to the command line in batchmode.
]]></output>
          </test-case>
          <test-case id="1223" name="TryParseVector3_CharFirstSplit_ReturnsFalse" fullname="GDX.Vector3ExtensionsTests.TryParseVector3_CharFirstSplit_ReturnsFalse" methodname="TryParseVector3_CharFirstSplit_ReturnsFalse" classname="GDX.Vector3ExtensionsTests" runstate="Runnable" seed="1941919435" result="Passed" start-time="2023-05-24 20:30:02Z" end-time="2023-05-24 20:30:02Z" duration="0.000506" asserts="0">
            <properties>
              <property name="Category" value="GDX.Tests" />
            </properties>
            <output><![CDATA[[Code Coverage] Code Coverage results for visited sequence points were saved in D:/BuildAgent/work/GDX-Documentation/Staging/CodeCoverage/GDX_Development-opencov/EditMode/TestCoverageResults_0672.xml
[Code Coverage] Code Coverage requires Burst Compilation to be disabled in order to obtain accurate coverage information. To disable Burst Compilation uncheck Jobs > Burst > Enable Compilation or pass '--burst-disable-compilation' to the command line in batchmode.
]]></output>
          </test-case>
          <test-case id="1224" name="TryParseVector3_CharSecondSplit_ReturnsFalse" fullname="GDX.Vector3ExtensionsTests.TryParseVector3_CharSecondSplit_ReturnsFalse" methodname="TryParseVector3_CharSecondSplit_ReturnsFalse" classname="GDX.Vector3ExtensionsTests" runstate="Runnable" seed="1311651628" result="Passed" start-time="2023-05-24 20:30:04Z" end-time="2023-05-24 20:30:04Z" duration="0.000299" asserts="0">
            <properties>
              <property name="Category" value="GDX.Tests" />
            </properties>
            <output><![CDATA[[Code Coverage] Code Coverage results for visited sequence points were saved in D:/BuildAgent/work/GDX-Documentation/Staging/CodeCoverage/GDX_Development-opencov/EditMode/TestCoverageResults_0673.xml
[Code Coverage] Code Coverage requires Burst Compilation to be disabled in order to obtain accurate coverage information. To disable Burst Compilation uncheck Jobs > Burst > Enable Compilation or pass '--burst-disable-compilation' to the command line in batchmode.
]]></output>
          </test-case>
          <test-case id="1225" name="TryParseVector3_CharThirdSplit_ReturnsFalse" fullname="GDX.Vector3ExtensionsTests.TryParseVector3_CharThirdSplit_ReturnsFalse" methodname="TryParseVector3_CharThirdSplit_ReturnsFalse" classname="GDX.Vector3ExtensionsTests" runstate="Runnable" seed="1030812244" result="Passed" start-time="2023-05-24 20:30:05Z" end-time="2023-05-24 20:30:05Z" duration="0.000306" asserts="0">
            <properties>
              <property name="Category" value="GDX.Tests" />
            </properties>
            <output><![CDATA[[Code Coverage] Code Coverage results for visited sequence points were saved in D:/BuildAgent/work/GDX-Documentation/Staging/CodeCoverage/GDX_Development-opencov/EditMode/TestCoverageResults_0674.xml
[Code Coverage] Code Coverage requires Burst Compilation to be disabled in order to obtain accurate coverage information. To disable Burst Compilation uncheck Jobs > Burst > Enable Compilation or pass '--burst-disable-compilation' to the command line in batchmode.
]]></output>
          </test-case>
          <test-case id="1222" name="TryParseVector3_NoSecondSplit_ReturnsFalse" fullname="GDX.Vector3ExtensionsTests.TryParseVector3_NoSecondSplit_ReturnsFalse" methodname="TryParseVector3_NoSecondSplit_ReturnsFalse" classname="GDX.Vector3ExtensionsTests" runstate="Runnable" seed="1520681645" result="Passed" start-time="2023-05-24 20:30:06Z" end-time="2023-05-24 20:30:06Z" duration="0.000335" asserts="0">
            <properties>
              <property name="Category" value="GDX.Tests" />
            </properties>
            <output><![CDATA[[Code Coverage] Code Coverage results for visited sequence points were saved in D:/BuildAgent/work/GDX-Documentation/Staging/CodeCoverage/GDX_Development-opencov/EditMode/TestCoverageResults_0675.xml
[Code Coverage] Code Coverage requires Burst Compilation to be disabled in order to obtain accurate coverage information. To disable Burst Compilation uncheck Jobs > Burst > Enable Compilation or pass '--burst-disable-compilation' to the command line in batchmode.
]]></output>
          </test-case>
          <test-case id="1226" name="TryParseVector3_NoSpaces_ReturnsVector3" fullname="GDX.Vector3ExtensionsTests.TryParseVector3_NoSpaces_ReturnsVector3" methodname="TryParseVector3_NoSpaces_ReturnsVector3" classname="GDX.Vector3ExtensionsTests" runstate="Runnable" seed="592642137" result="Passed" start-time="2023-05-24 20:30:07Z" end-time="2023-05-24 20:30:07Z" duration="0.000306" asserts="0">
            <properties>
              <property name="Category" value="GDX.Tests" />
            </properties>
            <output><![CDATA[[Code Coverage] Code Coverage results for visited sequence points were saved in D:/BuildAgent/work/GDX-Documentation/Staging/CodeCoverage/GDX_Development-opencov/EditMode/TestCoverageResults_0676.xml
[Code Coverage] Code Coverage requires Burst Compilation to be disabled in order to obtain accurate coverage information. To disable Burst Compilation uncheck Jobs > Burst > Enable Compilation or pass '--burst-disable-compilation' to the command line in batchmode.
]]></output>
          </test-case>
          <test-case id="1221" name="TryParseVector3_NoSplit_ReturnsVector2Zero" fullname="GDX.Vector3ExtensionsTests.TryParseVector3_NoSplit_ReturnsVector2Zero" methodname="TryParseVector3_NoSplit_ReturnsVector2Zero" classname="GDX.Vector3ExtensionsTests" runstate="Runnable" seed="629770317" result="Passed" start-time="2023-05-24 20:30:09Z" end-time="2023-05-24 20:30:09Z" duration="0.000289" asserts="0">
            <properties>
              <property name="Category" value="GDX.Tests" />
            </properties>
            <output><![CDATA[[Code Coverage] Code Coverage results for visited sequence points were saved in D:/BuildAgent/work/GDX-Documentation/Staging/CodeCoverage/GDX_Development-opencov/EditMode/TestCoverageResults_0677.xml
[Code Coverage] Code Coverage requires Burst Compilation to be disabled in order to obtain accurate coverage information. To disable Burst Compilation uncheck Jobs > Burst > Enable Compilation or pass '--burst-disable-compilation' to the command line in batchmode.
]]></output>
          </test-case>
          <test-case id="1227" name="TryParseVector3_SpacedValues_ReturnsVector3" fullname="GDX.Vector3ExtensionsTests.TryParseVector3_SpacedValues_ReturnsVector3" methodname="TryParseVector3_SpacedValues_ReturnsVector3" classname="GDX.Vector3ExtensionsTests" runstate="Runnable" seed="776715926" result="Passed" start-time="2023-05-24 20:30:10Z" end-time="2023-05-24 20:30:10Z" duration="0.000306" asserts="0">
            <properties>
              <property name="Category" value="GDX.Tests" />
            </properties>
            <output><![CDATA[[Code Coverage] Code Coverage results for visited sequence points were saved in D:/BuildAgent/work/GDX-Documentation/Staging/CodeCoverage/GDX_Development-opencov/EditMode/TestCoverageResults_0678.xml
[Code Coverage] Code Coverage requires Burst Compilation to be disabled in order to obtain accurate coverage information. To disable Burst Compilation uncheck Jobs > Burst > Enable Compilation or pass '--burst-disable-compilation' to the command line in batchmode.
Executing cleanup for: Unity.PerformanceTesting.Editor.TestRunBuilder
]]></output>
          </test-case>
        </test-suite>
      </test-suite>
    </test-suite>
  </test-suite>
</test-run>