<?xml version="1.0" encoding="utf-8"?>
<test-run id="2" testcasecount="559" result="Passed" total="559" passed="559" failed="0" inconclusive="0" skipped="0" asserts="0" engine-version="3.5.0.0" clr-version="4.0.30319.42000" start-time="2022-07-02 23:05:08Z" end-time="2022-07-02 23:05:10Z" duration="1.9050418">
  <test-suite type="TestSuite" id="1000" name="GDX" fullname="GDX" runstate="Runnable" testcasecount="563" result="Passed" start-time="2022-07-02 23:05:08Z" end-time="2022-07-02 23:05:10Z" duration="1.905042" total="559" passed="559" failed="0" inconclusive="0" skipped="0" asserts="0">
    <properties />
    <test-suite type="Assembly" id="1018" name="GDX.Editor.Tests.EditMode.dll" fullname="D:/BuildAgent/work/GDX-Documentation/Projects/GDX_Development/Library/ScriptAssemblies/GDX.Editor.Tests.EditMode.dll" runstate="Runnable" testcasecount="10" result="Passed" start-time="2022-07-02 23:05:09Z" end-time="2022-07-02 23:05:09Z" duration="0.099806" total="10" passed="10" failed="0" inconclusive="0" skipped="0" asserts="0">
      <properties>
        <property name="_PID" value="1520" />
        <property name="_APPDOMAIN" value="Unity Child Domain" />
        <property name="platform" value="EditMode" />
      </properties>
      <test-suite type="TestSuite" id="1019" name="GDX" fullname="GDX" runstate="Runnable" testcasecount="10" result="Passed" start-time="2022-07-02 23:05:09Z" end-time="2022-07-02 23:05:09Z" duration="0.094868" total="10" passed="10" failed="0" inconclusive="0" skipped="0" asserts="0">
        <properties />
        <test-suite type="TestSuite" id="1020" name="Editor" fullname="GDX.Editor" runstate="Runnable" testcasecount="10" result="Passed" start-time="2022-07-02 23:05:09Z" end-time="2022-07-02 23:05:09Z" duration="0.093368" total="10" passed="10" failed="0" inconclusive="0" skipped="0" asserts="0">
          <properties />
          <test-suite type="TestFixture" id="1004" name="AutomationTests" fullname="GDX.Editor.AutomationTests" classname="GDX.Editor.AutomationTests" runstate="Runnable" testcasecount="6" result="Passed" start-time="2022-07-02 23:05:09Z" end-time="2022-07-02 23:05:09Z" duration="0.009829" total="6" passed="6" failed="0" inconclusive="0" skipped="0" asserts="0">
            <properties />
            <test-case id="1005" name="CaptureEditorWindow_SceneView_ReturnsTexture" fullname="GDX.Editor.AutomationTests.CaptureEditorWindow_SceneView_ReturnsTexture" methodname="CaptureEditorWindow_SceneView_ReturnsTexture" classname="GDX.Editor.AutomationTests" runstate="Runnable" seed="33532824" result="Passed" start-time="2022-07-02 23:04:52Z" end-time="2022-07-02 23:04:53Z" duration="0.595108" asserts="0">
              <properties>
                <property name="Category" value="GDX.Tests" />
              </properties>
            </test-case>
            <test-case id="1010" name="CaptureEditorWindow_SceneView_SameTexture" fullname="GDX.Editor.AutomationTests.CaptureEditorWindow_SceneView_SameTexture" methodname="CaptureEditorWindow_SceneView_SameTexture" classname="GDX.Editor.AutomationTests" runstate="Runnable" seed="1570211923" result="Passed" start-time="2022-07-02 23:04:53Z" end-time="2022-07-02 23:04:54Z" duration="1.387793" asserts="0">
              <properties>
                <property name="_JOINTYPE" value="UnityCombinatorial" />
                <property name="Category" value="GDX.Tests" />
              </properties>
            </test-case>
            <test-case id="1006" name="CaptureEditorWindowToPNG_SceneView_OutputsImage" fullname="GDX.Editor.AutomationTests.CaptureEditorWindowToPNG_SceneView_OutputsImage" methodname="CaptureEditorWindowToPNG_SceneView_OutputsImage" classname="GDX.Editor.AutomationTests" runstate="Runnable" seed="1542235706" result="Passed" start-time="2022-07-02 23:04:54Z" end-time="2022-07-02 23:04:54Z" duration="0.101935" asserts="0">
              <properties>
                <property name="Category" value="GDX.Tests" />
              </properties>
            </test-case>
            <test-case id="1007" name="CaptureFocusedEditorWindow_ReturnsTexture" fullname="GDX.Editor.AutomationTests.CaptureFocusedEditorWindow_ReturnsTexture" methodname="CaptureFocusedEditorWindow_ReturnsTexture" classname="GDX.Editor.AutomationTests" runstate="Runnable" seed="1607374951" result="Passed" start-time="2022-07-02 23:04:54Z" end-time="2022-07-02 23:04:55Z" duration="0.125227" asserts="0">
              <properties>
                <property name="Category" value="GDX.Tests" />
              </properties>
            </test-case>
            <test-case id="1008" name="CaptureFocusedEditorWindowToPNG_OutputsImage" fullname="GDX.Editor.AutomationTests.CaptureFocusedEditorWindowToPNG_OutputsImage" methodname="CaptureFocusedEditorWindowToPNG_OutputsImage" classname="GDX.Editor.AutomationTests" runstate="Runnable" seed="661029623" result="Passed" start-time="2022-07-02 23:04:55Z" end-time="2022-07-02 23:04:55Z" duration="0.024978" asserts="0">
              <properties>
                <property name="Category" value="GDX.Tests" />
              </properties>
            </test-case>
            <test-case id="1009" name="GetWindow_SceneView_NotNull" fullname="GDX.Editor.AutomationTests.GetWindow_SceneView_NotNull" methodname="GetWindow_SceneView_NotNull" classname="GDX.Editor.AutomationTests" runstate="Runnable" seed="1319680365" result="Passed" start-time="2022-07-02 23:04:55Z" end-time="2022-07-02 23:04:55Z" duration="0.066219" asserts="0">
              <properties>
                <property name="Category" value="GDX.Tests" />
              </properties>
            </test-case>
          </test-suite>
          <test-suite type="TestSuite" id="1021" name="Build" fullname="GDX.Editor.Build" runstate="Runnable" testcasecount="1" result="Passed" start-time="2022-07-02 23:05:09Z" end-time="2022-07-02 23:05:09Z" duration="0.000632" total="1" passed="1" failed="0" inconclusive="0" skipped="0" asserts="0">
            <properties />
            <test-suite type="TestFixture" id="1016" name="BuildInfoProviderTests" fullname="GDX.Editor.Build.BuildInfoProviderTests" classname="GDX.Editor.Build.BuildInfoProviderTests" runstate="Runnable" testcasecount="1" result="Passed" start-time="2022-07-02 23:05:09Z" end-time="2022-07-02 23:05:09Z" duration="0.000342" total="1" passed="1" failed="0" inconclusive="0" skipped="0" asserts="0">
              <properties />
              <test-case id="1017" name="GetContent_ForceDefaults_ReturnsDefaultContent" fullname="GDX.Editor.Build.BuildInfoProviderTests.GetContent_ForceDefaults_ReturnsDefaultContent" methodname="GetContent_ForceDefaults_ReturnsDefaultContent" classname="GDX.Editor.Build.BuildInfoProviderTests" runstate="Runnable" seed="1962057933" result="Passed" start-time="2022-07-02 23:04:55Z" end-time="2022-07-02 23:04:55Z" duration="0.001250" asserts="0">
                <properties>
                  <property name="Category" value="GDX.Tests" />
                </properties>
              </test-case>
            </test-suite>
          </test-suite>
          <test-suite type="TestFixture" id="1011" name="DomainReloadTests" fullname="GDX.Editor.DomainReloadTests" classname="GDX.Editor.DomainReloadTests" runstate="Runnable" testcasecount="2" result="Passed" start-time="2022-07-02 23:05:09Z" end-time="2022-07-02 23:05:09Z" duration="0.021824" total="2" passed="2" failed="0" inconclusive="0" skipped="0" asserts="0">
            <properties />
            <test-case id="1013" name="Recompile_JobsLeakDetection_NoUnexpectedMessages" fullname="GDX.Editor.DomainReloadTests.Recompile_JobsLeakDetection_NoUnexpectedMessages" methodname="Recompile_JobsLeakDetection_NoUnexpectedMessages" classname="GDX.Editor.DomainReloadTests" runstate="Runnable" seed="496179611" result="Passed" start-time="2022-07-02 23:04:55Z" end-time="2022-07-02 23:05:03Z" duration="7.830143" asserts="0">
              <properties>
                <property name="_JOINTYPE" value="UnityCombinatorial" />
                <property name="Category" value="GDX.Tests" />
              </properties>
            </test-case>
            <test-case id="1012" name="Recompile_NoLeakDetection_NoUnexpectedMessages" fullname="GDX.Editor.DomainReloadTests.Recompile_NoLeakDetection_NoUnexpectedMessages" methodname="Recompile_NoLeakDetection_NoUnexpectedMessages" classname="GDX.Editor.DomainReloadTests" runstate="Runnable" seed="1522013615" result="Passed" start-time="2022-07-02 23:05:03Z" end-time="2022-07-02 23:05:09Z" duration="6.348962" asserts="0">
              <properties>
                <property name="_JOINTYPE" value="UnityCombinatorial" />
                <property name="Category" value="GDX.Tests" />
              </properties>
            </test-case>
          </test-suite>
          <test-suite type="TestFixture" id="1014" name="PackageProviderTests" fullname="GDX.Editor.PackageProviderTests" classname="GDX.Editor.PackageProviderTests" runstate="Runnable" testcasecount="1" result="Passed" start-time="2022-07-02 23:05:09Z" end-time="2022-07-02 23:05:09Z" duration="0.044808" total="1" passed="1" failed="0" inconclusive="0" skipped="0" asserts="0">
            <properties />
            <test-case id="1015" name="Get_DefaultPackage_NotNull" fullname="GDX.Editor.PackageProviderTests.Get_DefaultPackage_NotNull" methodname="Get_DefaultPackage_NotNull" classname="GDX.Editor.PackageProviderTests" runstate="Runnable" seed="16369709" result="Passed" start-time="2022-07-02 23:05:09Z" end-time="2022-07-02 23:05:09Z" duration="0.043765" asserts="0">
              <properties>
                <property name="Category" value="GDX.Tests" />
              </properties>
            </test-case>
          </test-suite>
        </test-suite>
      </test-suite>
    </test-suite>
    <test-suite type="Assembly" id="1613" name="GDX.Tests.EditMode.dll" fullname="D:/BuildAgent/work/GDX-Documentation/Projects/GDX_Development/Library/ScriptAssemblies/GDX.Tests.EditMode.dll" runstate="Runnable" testcasecount="553" result="Passed" start-time="2022-07-02 23:05:09Z" end-time="2022-07-02 23:05:10Z" duration="1.165199" total="549" passed="549" failed="0" inconclusive="0" skipped="0" asserts="0">
      <properties>
        <property name="_PID" value="1520" />
        <property name="_APPDOMAIN" value="Unity Child Domain" />
        <property name="platform" value="EditMode" />
      </properties>
      <test-suite type="TestSuite" id="1614" name="GDX" fullname="GDX" runstate="Runnable" testcasecount="553" result="Passed" start-time="2022-07-02 23:05:09Z" end-time="2022-07-02 23:05:10Z" duration="1.157255" total="549" passed="549" failed="0" inconclusive="0" skipped="0" asserts="0">
        <properties />
        <test-suite type="TestFixture" id="1022" name="Array2DExtensionsTests" fullname="GDX.Array2DExtensionsTests" classname="GDX.Array2DExtensionsTests" runstate="Runnable" testcasecount="1" result="Passed" start-time="2022-07-02 23:05:09Z" end-time="2022-07-02 23:05:09Z" duration="0.005051" total="1" passed="1" failed="0" inconclusive="0" skipped="0" asserts="0">
          <properties />
          <test-case id="1023" name="Scale_MockFloatData_ScaledData" fullname="GDX.Array2DExtensionsTests.Scale_MockFloatData_ScaledData" methodname="Scale_MockFloatData_ScaledData" classname="GDX.Array2DExtensionsTests" runstate="Runnable" seed="584733810" result="Passed" start-time="2022-07-02 23:05:09Z" end-time="2022-07-02 23:05:09Z" duration="0.001143" asserts="0">
            <properties>
              <property name="Category" value="GDX.Tests" />
            </properties>
          </test-case>
        </test-suite>
        <test-suite type="TestFixture" id="1024" name="ArrayExtensionsTests" fullname="GDX.ArrayExtensionsTests" classname="GDX.ArrayExtensionsTests" runstate="Runnable" testcasecount="15" result="Passed" start-time="2022-07-02 23:05:09Z" end-time="2022-07-02 23:05:09Z" duration="0.009936" total="15" passed="15" failed="0" inconclusive="0" skipped="0" asserts="0">
          <properties />
          <test-case id="1025" name="Clear_MockData_HasDefaultValues" fullname="GDX.ArrayExtensionsTests.Clear_MockData_HasDefaultValues" methodname="Clear_MockData_HasDefaultValues" classname="GDX.ArrayExtensionsTests" runstate="Runnable" seed="2106606990" result="Passed" start-time="2022-07-02 23:05:09Z" end-time="2022-07-02 23:05:09Z" duration="0.000294" asserts="0">
            <properties>
              <property name="Category" value="GDX.Tests" />
            </properties>
          </test-case>
          <test-case id="1026" name="ContainsItem_MockData_HasValue" fullname="GDX.ArrayExtensionsTests.ContainsItem_MockData_HasValue" methodname="ContainsItem_MockData_HasValue" classname="GDX.ArrayExtensionsTests" runstate="Runnable" seed="1431838869" result="Passed" start-time="2022-07-02 23:05:09Z" end-time="2022-07-02 23:05:09Z" duration="0.000259" asserts="0">
            <properties>
              <property name="Category" value="GDX.Tests" />
            </properties>
          </test-case>
          <test-case id="1027" name="ContainsItem_MockData_NoValue" fullname="GDX.ArrayExtensionsTests.ContainsItem_MockData_NoValue" methodname="ContainsItem_MockData_NoValue" classname="GDX.ArrayExtensionsTests" runstate="Runnable" seed="147372581" result="Passed" start-time="2022-07-02 23:05:09Z" end-time="2022-07-02 23:05:09Z" duration="0.000338" asserts="0">
            <properties>
              <property name="Category" value="GDX.Tests" />
            </properties>
          </test-case>
          <test-case id="1028" name="ContainsReference_MockData_HasReference" fullname="GDX.ArrayExtensionsTests.ContainsReference_MockData_HasReference" methodname="ContainsReference_MockData_HasReference" classname="GDX.ArrayExtensionsTests" runstate="Runnable" seed="21156901" result="Passed" start-time="2022-07-02 23:05:09Z" end-time="2022-07-02 23:05:09Z" duration="0.000232" asserts="0">
            <properties>
              <property name="Category" value="GDX.Tests" />
            </properties>
          </test-case>
          <test-case id="1029" name="ContainsReference_MockData_NoReference" fullname="GDX.ArrayExtensionsTests.ContainsReference_MockData_NoReference" methodname="ContainsReference_MockData_NoReference" classname="GDX.ArrayExtensionsTests" runstate="Runnable" seed="930529588" result="Passed" start-time="2022-07-02 23:05:09Z" end-time="2022-07-02 23:05:09Z" duration="0.000149" asserts="0">
            <properties>
              <property name="Category" value="GDX.Tests" />
            </properties>
          </test-case>
          <test-case id="1030" name="ContainsValue_MockData_HasValue" fullname="GDX.ArrayExtensionsTests.ContainsValue_MockData_HasValue" methodname="ContainsValue_MockData_HasValue" classname="GDX.ArrayExtensionsTests" runstate="Runnable" seed="2070120784" result="Passed" start-time="2022-07-02 23:05:09Z" end-time="2022-07-02 23:05:09Z" duration="0.000228" asserts="0">
            <properties>
              <property name="Category" value="GDX.Tests" />
            </properties>
          </test-case>
          <test-case id="1031" name="ContainsValue_MockData_NoValue" fullname="GDX.ArrayExtensionsTests.ContainsValue_MockData_NoValue" methodname="ContainsValue_MockData_NoValue" classname="GDX.ArrayExtensionsTests" runstate="Runnable" seed="212419472" result="Passed" start-time="2022-07-02 23:05:09Z" end-time="2022-07-02 23:05:09Z" duration="0.000140" asserts="0">
            <properties>
              <property name="Category" value="GDX.Tests" />
            </properties>
          </test-case>
          <test-case id="1032" name="FirstIndexOfItem_MockDataObject_ReturnsIndex" fullname="GDX.ArrayExtensionsTests.FirstIndexOfItem_MockDataObject_ReturnsIndex" methodname="FirstIndexOfItem_MockDataObject_ReturnsIndex" classname="GDX.ArrayExtensionsTests" runstate="Runnable" seed="411585155" result="Passed" start-time="2022-07-02 23:05:09Z" end-time="2022-07-02 23:05:09Z" duration="0.000246" asserts="0">
            <properties>
              <property name="Category" value="GDX.Tests" />
            </properties>
          </test-case>
          <test-case id="1033" name="FirstIndexOfItem_NoMockDataObject_ReturnsIndex" fullname="GDX.ArrayExtensionsTests.FirstIndexOfItem_NoMockDataObject_ReturnsIndex" methodname="FirstIndexOfItem_NoMockDataObject_ReturnsIndex" classname="GDX.ArrayExtensionsTests" runstate="Runnable" seed="382225445" result="Passed" start-time="2022-07-02 23:05:09Z" end-time="2022-07-02 23:05:09Z" duration="0.000167" asserts="0">
            <properties>
              <property name="Category" value="GDX.Tests" />
            </properties>
          </test-case>
          <test-case id="1034" name="FirstIndexOfValue_MockDataValue_ReturnsIndex" fullname="GDX.ArrayExtensionsTests.FirstIndexOfValue_MockDataValue_ReturnsIndex" methodname="FirstIndexOfValue_MockDataValue_ReturnsIndex" classname="GDX.ArrayExtensionsTests" runstate="Runnable" seed="767791530" result="Passed" start-time="2022-07-02 23:05:09Z" end-time="2022-07-02 23:05:09Z" duration="0.000235" asserts="0">
            <properties>
              <property name="Category" value="GDX.Tests" />
            </properties>
          </test-case>
          <test-case id="1035" name="FirstIndexOfValue_NoMockDataValue_ReturnsNegativeOne" fullname="GDX.ArrayExtensionsTests.FirstIndexOfValue_NoMockDataValue_ReturnsNegativeOne" methodname="FirstIndexOfValue_NoMockDataValue_ReturnsNegativeOne" classname="GDX.ArrayExtensionsTests" runstate="Runnable" seed="1363108266" result="Passed" start-time="2022-07-02 23:05:09Z" end-time="2022-07-02 23:05:09Z" duration="0.000142" asserts="0">
            <properties>
              <property name="Category" value="GDX.Tests" />
            </properties>
          </test-case>
          <test-case id="1036" name="LastIndexOfItem_MockDataObject_ReturnsIndex" fullname="GDX.ArrayExtensionsTests.LastIndexOfItem_MockDataObject_ReturnsIndex" methodname="LastIndexOfItem_MockDataObject_ReturnsIndex" classname="GDX.ArrayExtensionsTests" runstate="Runnable" seed="1567886092" result="Passed" start-time="2022-07-02 23:05:09Z" end-time="2022-07-02 23:05:09Z" duration="0.000239" asserts="0">
            <properties>
              <property name="Category" value="GDX.Tests" />
            </properties>
          </test-case>
          <test-case id="1037" name="LastIndexOfItem_NoMockDataObject_ReturnsNegativeOne" fullname="GDX.ArrayExtensionsTests.LastIndexOfItem_NoMockDataObject_ReturnsNegativeOne" methodname="LastIndexOfItem_NoMockDataObject_ReturnsNegativeOne" classname="GDX.ArrayExtensionsTests" runstate="Runnable" seed="1970367636" result="Passed" start-time="2022-07-02 23:05:09Z" end-time="2022-07-02 23:05:09Z" duration="0.000169" asserts="0">
            <properties>
              <property name="Category" value="GDX.Tests" />
            </properties>
          </test-case>
          <test-case id="1038" name="LastIndexOfValue_MockDataValue_ReturnsIndex" fullname="GDX.ArrayExtensionsTests.LastIndexOfValue_MockDataValue_ReturnsIndex" methodname="LastIndexOfValue_MockDataValue_ReturnsIndex" classname="GDX.ArrayExtensionsTests" runstate="Runnable" seed="1476767951" result="Passed" start-time="2022-07-02 23:05:09Z" end-time="2022-07-02 23:05:09Z" duration="0.000221" asserts="0">
            <properties>
              <property name="Category" value="GDX.Tests" />
            </properties>
          </test-case>
          <test-case id="1039" name="LastIndexOfValue_NoMockDataValue_ReturnsNegativeOne" fullname="GDX.ArrayExtensionsTests.LastIndexOfValue_NoMockDataValue_ReturnsNegativeOne" methodname="LastIndexOfValue_NoMockDataValue_ReturnsNegativeOne" classname="GDX.ArrayExtensionsTests" runstate="Runnable" seed="1264932058" result="Passed" start-time="2022-07-02 23:05:09Z" end-time="2022-07-02 23:05:09Z" duration="0.000142" asserts="0">
            <properties>
              <property name="Category" value="GDX.Tests" />
            </properties>
          </test-case>
        </test-suite>
        <test-suite type="TestFixture" id="1040" name="ByteExtensionsTests" fullname="GDX.ByteExtensionsTests" classname="GDX.ByteExtensionsTests" runstate="Runnable" testcasecount="6" result="Passed" start-time="2022-07-02 23:05:09Z" end-time="2022-07-02 23:05:09Z" duration="0.005267" total="6" passed="6" failed="0" inconclusive="0" skipped="0" asserts="0">
          <properties />
          <test-case id="1041" name="GetStableHashCode_MockData_ReturnsValidCode" fullname="GDX.ByteExtensionsTests.GetStableHashCode_MockData_ReturnsValidCode" methodname="GetStableHashCode_MockData_ReturnsValidCode" classname="GDX.ByteExtensionsTests" runstate="Runnable" seed="724949874" result="Passed" start-time="2022-07-02 23:05:09Z" end-time="2022-07-02 23:05:09Z" duration="0.000588" asserts="0">
            <properties>
              <property name="Category" value="GDX.Tests" />
            </properties>
          </test-case>
          <test-case id="1043" name="IsSame_DifferentData_ReturnsFalse" fullname="GDX.ByteExtensionsTests.IsSame_DifferentData_ReturnsFalse" methodname="IsSame_DifferentData_ReturnsFalse" classname="GDX.ByteExtensionsTests" runstate="Runnable" seed="1585158481" result="Passed" start-time="2022-07-02 23:05:09Z" end-time="2022-07-02 23:05:09Z" duration="0.000592" asserts="0">
            <properties>
              <property name="Category" value="GDX.Tests" />
            </properties>
          </test-case>
          <test-case id="1046" name="IsSame_DifferentLengths_ReturnsFalse" fullname="GDX.ByteExtensionsTests.IsSame_DifferentLengths_ReturnsFalse" methodname="IsSame_DifferentLengths_ReturnsFalse" classname="GDX.ByteExtensionsTests" runstate="Runnable" seed="1103993607" result="Passed" start-time="2022-07-02 23:05:09Z" end-time="2022-07-02 23:05:09Z" duration="0.000142" asserts="0">
            <properties>
              <property name="Category" value="GDX.Tests" />
            </properties>
          </test-case>
          <test-case id="1044" name="IsSame_NullLeftHandSide_ReturnsFalse" fullname="GDX.ByteExtensionsTests.IsSame_NullLeftHandSide_ReturnsFalse" methodname="IsSame_NullLeftHandSide_ReturnsFalse" classname="GDX.ByteExtensionsTests" runstate="Runnable" seed="798571868" result="Passed" start-time="2022-07-02 23:05:09Z" end-time="2022-07-02 23:05:09Z" duration="0.000127" asserts="0">
            <properties>
              <property name="Category" value="GDX.Tests" />
            </properties>
          </test-case>
          <test-case id="1045" name="IsSame_NullRightHandSide_ReturnsFalse" fullname="GDX.ByteExtensionsTests.IsSame_NullRightHandSide_ReturnsFalse" methodname="IsSame_NullRightHandSide_ReturnsFalse" classname="GDX.ByteExtensionsTests" runstate="Runnable" seed="1709276286" result="Passed" start-time="2022-07-02 23:05:09Z" end-time="2022-07-02 23:05:09Z" duration="0.000139" asserts="0">
            <properties>
              <property name="Category" value="GDX.Tests" />
            </properties>
          </test-case>
          <test-case id="1042" name="IsSame_SameData_ReturnsTrue" fullname="GDX.ByteExtensionsTests.IsSame_SameData_ReturnsTrue" methodname="IsSame_SameData_ReturnsTrue" classname="GDX.ByteExtensionsTests" runstate="Runnable" seed="1838960985" result="Passed" start-time="2022-07-02 23:05:09Z" end-time="2022-07-02 23:05:09Z" duration="0.000125" asserts="0">
            <properties>
              <property name="Category" value="GDX.Tests" />
            </properties>
          </test-case>
        </test-suite>
        <test-suite type="TestSuite" id="1619" name="Classic" fullname="GDX.Classic" runstate="Runnable" testcasecount="3" result="Passed" start-time="2022-07-02 23:05:09Z" end-time="2022-07-02 23:05:09Z" duration="0.277671" total="3" passed="3" failed="0" inconclusive="0" skipped="0" asserts="0">
          <properties />
          <test-suite type="TestSuite" id="1620" name="Developer" fullname="GDX.Classic.Developer" runstate="Runnable" testcasecount="3" result="Passed" start-time="2022-07-02 23:05:09Z" end-time="2022-07-02 23:05:09Z" duration="0.275702" total="3" passed="3" failed="0" inconclusive="0" skipped="0" asserts="0">
            <properties />
            <test-suite type="TestSuite" id="1621" name="Reports" fullname="GDX.Classic.Developer.Reports" runstate="Runnable" testcasecount="3" result="Passed" start-time="2022-07-02 23:05:09Z" end-time="2022-07-02 23:05:09Z" duration="0.272918" total="3" passed="3" failed="0" inconclusive="0" skipped="0" asserts="0">
              <properties />
              <test-suite type="TestFixture" id="1312" name="ResourcesAuditReportTests" fullname="GDX.Classic.Developer.Reports.ResourcesAuditReportTests" classname="GDX.Classic.Developer.Reports.ResourcesAuditReportTests" runstate="Runnable" testcasecount="3" result="Passed" start-time="2022-07-02 23:05:09Z" end-time="2022-07-02 23:05:09Z" duration="0.268819" total="3" passed="3" failed="0" inconclusive="0" skipped="0" asserts="0">
                <properties />
                <test-case id="1313" name="Get_MockData_ReturnsObject" fullname="GDX.Classic.Developer.Reports.ResourcesAuditReportTests.Get_MockData_ReturnsObject" methodname="Get_MockData_ReturnsObject" classname="GDX.Classic.Developer.Reports.ResourcesAuditReportTests" runstate="Runnable" seed="1558169776" result="Passed" start-time="2022-07-02 23:05:09Z" end-time="2022-07-02 23:05:09Z" duration="0.006979" asserts="0">
                  <properties>
                    <property name="Category" value="GDX.Tests" />
                  </properties>
                </test-case>
                <test-case id="1315" name="Output_GetAll_ReturnsReport" fullname="GDX.Classic.Developer.Reports.ResourcesAuditReportTests.Output_GetAll_ReturnsReport" methodname="Output_GetAll_ReturnsReport" classname="GDX.Classic.Developer.Reports.ResourcesAuditReportTests" runstate="Runnable" seed="2029810935" result="Passed" start-time="2022-07-02 23:05:09Z" end-time="2022-07-02 23:05:09Z" duration="0.230469" asserts="0">
                  <properties>
                    <property name="Category" value="GDX.Tests" />
                  </properties>
                </test-case>
                <test-case id="1314" name="Output_GetCommon_ReturnsReport" fullname="GDX.Classic.Developer.Reports.ResourcesAuditReportTests.Output_GetCommon_ReturnsReport" methodname="Output_GetCommon_ReturnsReport" classname="GDX.Classic.Developer.Reports.ResourcesAuditReportTests" runstate="Runnable" seed="1800018647" result="Passed" start-time="2022-07-02 23:05:09Z" end-time="2022-07-02 23:05:09Z" duration="0.026726" asserts="0">
                  <properties>
                    <property name="Category" value="GDX.Tests" />
                  </properties>
                </test-case>
              </test-suite>
            </test-suite>
          </test-suite>
        </test-suite>
        <test-suite type="TestSuite" id="1625" name="Collections" fullname="GDX.Collections" runstate="Runnable" testcasecount="252" result="Passed" start-time="2022-07-02 23:05:09Z" end-time="2022-07-02 23:05:09Z" duration="0.219958" total="252" passed="252" failed="0" inconclusive="0" skipped="0" asserts="0">
          <properties />
          <test-suite type="TestSuite" id="1627" name="Generic" fullname="GDX.Collections.Generic" runstate="Runnable" testcasecount="238" result="Passed" start-time="2022-07-02 23:05:09Z" end-time="2022-07-02 23:05:09Z" duration="0.186999" total="238" passed="238" failed="0" inconclusive="0" skipped="0" asserts="0">
            <properties />
            <test-suite type="TestFixture" id="1374" name="Array2DTests" fullname="GDX.Collections.Generic.Array2DTests" classname="GDX.Collections.Generic.Array2DTests" runstate="Runnable" testcasecount="11" result="Passed" start-time="2022-07-02 23:05:09Z" end-time="2022-07-02 23:05:09Z" duration="0.009236" total="11" passed="11" failed="0" inconclusive="0" skipped="0" asserts="0">
              <properties />
              <test-case id="1375" name="AddColumns_MockData_ArrayResized" fullname="GDX.Collections.Generic.Array2DTests.AddColumns_MockData_ArrayResized" methodname="AddColumns_MockData_ArrayResized" classname="GDX.Collections.Generic.Array2DTests" runstate="Runnable" seed="2038417297" result="Passed" start-time="2022-07-02 23:05:09Z" end-time="2022-07-02 23:05:09Z" duration="0.000483" asserts="0">
                <properties>
                  <property name="Category" value="GDX.Tests" />
                </properties>
              </test-case>
              <test-case id="1376" name="AddRows_MockData_ArrayResized" fullname="GDX.Collections.Generic.Array2DTests.AddRows_MockData_ArrayResized" methodname="AddRows_MockData_ArrayResized" classname="GDX.Collections.Generic.Array2DTests" runstate="Runnable" seed="514045643" result="Passed" start-time="2022-07-02 23:05:09Z" end-time="2022-07-02 23:05:09Z" duration="0.000313" asserts="0">
                <properties>
                  <property name="Category" value="GDX.Tests" />
                </properties>
              </test-case>
              <test-case id="1377" name="GetColumnIndex_MockData_ReturnsIndex" fullname="GDX.Collections.Generic.Array2DTests.GetColumnIndex_MockData_ReturnsIndex" methodname="GetColumnIndex_MockData_ReturnsIndex" classname="GDX.Collections.Generic.Array2DTests" runstate="Runnable" seed="809405103" result="Passed" start-time="2022-07-02 23:05:09Z" end-time="2022-07-02 23:05:09Z" duration="0.000269" asserts="0">
                <properties>
                  <property name="Category" value="GDX.Tests" />
                </properties>
              </test-case>
              <test-case id="1378" name="GetRowIndex_MockData_ReturnsIndex" fullname="GDX.Collections.Generic.Array2DTests.GetRowIndex_MockData_ReturnsIndex" methodname="GetRowIndex_MockData_ReturnsIndex" classname="GDX.Collections.Generic.Array2DTests" runstate="Runnable" seed="2048130640" result="Passed" start-time="2022-07-02 23:05:09Z" end-time="2022-07-02 23:05:09Z" duration="0.000247" asserts="0">
                <properties>
                  <property name="Category" value="GDX.Tests" />
                </properties>
              </test-case>
              <test-case id="1379" name="ReverseColumns_MockDataEven_ValuesReversed" fullname="GDX.Collections.Generic.Array2DTests.ReverseColumns_MockDataEven_ValuesReversed" methodname="ReverseColumns_MockDataEven_ValuesReversed" classname="GDX.Collections.Generic.Array2DTests" runstate="Runnable" seed="1097810540" result="Passed" start-time="2022-07-02 23:05:09Z" end-time="2022-07-02 23:05:09Z" duration="0.000340" asserts="0">
                <properties>
                  <property name="Category" value="GDX.Tests" />
                </properties>
              </test-case>
              <test-case id="1380" name="ReverseColumns_MockDataOdd_ValuesReversed" fullname="GDX.Collections.Generic.Array2DTests.ReverseColumns_MockDataOdd_ValuesReversed" methodname="ReverseColumns_MockDataOdd_ValuesReversed" classname="GDX.Collections.Generic.Array2DTests" runstate="Runnable" seed="679527169" result="Passed" start-time="2022-07-02 23:05:09Z" end-time="2022-07-02 23:05:09Z" duration="0.000202" asserts="0">
                <properties>
                  <property name="Category" value="GDX.Tests" />
                </properties>
              </test-case>
              <test-case id="1381" name="ReverseRows_MockDataEven_ValuesReversed" fullname="GDX.Collections.Generic.Array2DTests.ReverseRows_MockDataEven_ValuesReversed" methodname="ReverseRows_MockDataEven_ValuesReversed" classname="GDX.Collections.Generic.Array2DTests" runstate="Runnable" seed="1661972890" result="Passed" start-time="2022-07-02 23:05:09Z" end-time="2022-07-02 23:05:09Z" duration="0.000421" asserts="0">
                <properties>
                  <property name="Category" value="GDX.Tests" />
                </properties>
              </test-case>
              <test-case id="1382" name="ReverseRows_MockDataOdd_ValuesReversed" fullname="GDX.Collections.Generic.Array2DTests.ReverseRows_MockDataOdd_ValuesReversed" methodname="ReverseRows_MockDataOdd_ValuesReversed" classname="GDX.Collections.Generic.Array2DTests" runstate="Runnable" seed="1547179091" result="Passed" start-time="2022-07-02 23:05:09Z" end-time="2022-07-02 23:05:09Z" duration="0.000210" asserts="0">
                <properties>
                  <property name="Category" value="GDX.Tests" />
                </properties>
              </test-case>
              <test-case id="1383" name="RotateClockwise_MockDataOdd_ValuesRotated" fullname="GDX.Collections.Generic.Array2DTests.RotateClockwise_MockDataOdd_ValuesRotated" methodname="RotateClockwise_MockDataOdd_ValuesRotated" classname="GDX.Collections.Generic.Array2DTests" runstate="Runnable" seed="1738404070" result="Passed" start-time="2022-07-02 23:05:09Z" end-time="2022-07-02 23:05:09Z" duration="0.000308" asserts="0">
                <properties>
                  <property name="Category" value="GDX.Tests" />
                </properties>
              </test-case>
              <test-case id="1384" name="RotateCounterClockwise_MockDataOdd_ValuesRotated" fullname="GDX.Collections.Generic.Array2DTests.RotateCounterClockwise_MockDataOdd_ValuesRotated" methodname="RotateCounterClockwise_MockDataOdd_ValuesRotated" classname="GDX.Collections.Generic.Array2DTests" runstate="Runnable" seed="693880479" result="Passed" start-time="2022-07-02 23:05:09Z" end-time="2022-07-02 23:05:09Z" duration="0.000325" asserts="0">
                <properties>
                  <property name="Category" value="GDX.Tests" />
                </properties>
              </test-case>
              <test-case id="1385" name="ToMultiDimensionalArray_MockData_MatchingValues" fullname="GDX.Collections.Generic.Array2DTests.ToMultiDimensionalArray_MockData_MatchingValues" methodname="ToMultiDimensionalArray_MockData_MatchingValues" classname="GDX.Collections.Generic.Array2DTests" runstate="Runnable" seed="930038791" result="Passed" start-time="2022-07-02 23:05:09Z" end-time="2022-07-02 23:05:09Z" duration="0.000460" asserts="0">
                <properties>
                  <property name="Category" value="GDX.Tests" />
                </properties>
              </test-case>
            </test-suite>
            <test-suite type="TestFixture" id="1606" name="ArrayPoolTests" fullname="GDX.Collections.Generic.ArrayPoolTests" classname="GDX.Collections.Generic.ArrayPoolTests" runstate="Runnable" testcasecount="6" result="Passed" start-time="2022-07-02 23:05:09Z" end-time="2022-07-02 23:05:09Z" duration="0.007023" total="6" passed="6" failed="0" inconclusive="0" skipped="0" asserts="0">
              <properties />
              <test-case id="1607" name="Constructor_InitializeWithMinimumAndMaximum" fullname="GDX.Collections.Generic.ArrayPoolTests.Constructor_InitializeWithMinimumAndMaximum" methodname="Constructor_InitializeWithMinimumAndMaximum" classname="GDX.Collections.Generic.ArrayPoolTests" runstate="Runnable" seed="206495330" result="Passed" start-time="2022-07-02 23:05:09Z" end-time="2022-07-02 23:05:09Z" duration="0.001173" asserts="0">
                <properties>
                  <property name="Category" value="GDX.Tests" />
                </properties>
              </test-case>
              <test-case id="1610" name="GetArrayFromPool_NonPowerOfTwoRequested_ArrayExistsInPool" fullname="GDX.Collections.Generic.ArrayPoolTests.GetArrayFromPool_NonPowerOfTwoRequested_ArrayExistsInPool" methodname="GetArrayFromPool_NonPowerOfTwoRequested_ArrayExistsInPool" classname="GDX.Collections.Generic.ArrayPoolTests" runstate="Runnable" seed="1004419258" result="Passed" start-time="2022-07-02 23:05:09Z" end-time="2022-07-02 23:05:09Z" duration="0.000439" asserts="0">
                <properties>
                  <property name="Category" value="GDX.Tests" />
                </properties>
              </test-case>
              <test-case id="1608" name="GetArrayFromPool_PowerOfTwoRequested_ArrayExistsInPool" fullname="GDX.Collections.Generic.ArrayPoolTests.GetArrayFromPool_PowerOfTwoRequested_ArrayExistsInPool" methodname="GetArrayFromPool_PowerOfTwoRequested_ArrayExistsInPool" classname="GDX.Collections.Generic.ArrayPoolTests" runstate="Runnable" seed="229861201" result="Passed" start-time="2022-07-02 23:05:09Z" end-time="2022-07-02 23:05:09Z" duration="0.000256" asserts="0">
                <properties>
                  <property name="Category" value="GDX.Tests" />
                </properties>
              </test-case>
              <test-case id="1609" name="GetArrayFromPool_PowerOfTwoRequested_PoolIsEmpty" fullname="GDX.Collections.Generic.ArrayPoolTests.GetArrayFromPool_PowerOfTwoRequested_PoolIsEmpty" methodname="GetArrayFromPool_PowerOfTwoRequested_PoolIsEmpty" classname="GDX.Collections.Generic.ArrayPoolTests" runstate="Runnable" seed="1012134065" result="Passed" start-time="2022-07-02 23:05:09Z" end-time="2022-07-02 23:05:09Z" duration="0.000246" asserts="0">
                <properties>
                  <property name="Category" value="GDX.Tests" />
                </properties>
              </test-case>
              <test-case id="1611" name="ReturnArrayToPool_MaximumNotReached" fullname="GDX.Collections.Generic.ArrayPoolTests.ReturnArrayToPool_MaximumNotReached" methodname="ReturnArrayToPool_MaximumNotReached" classname="GDX.Collections.Generic.ArrayPoolTests" runstate="Runnable" seed="959775624" result="Passed" start-time="2022-07-02 23:05:09Z" end-time="2022-07-02 23:05:09Z" duration="0.000413" asserts="0">
                <properties>
                  <property name="Category" value="GDX.Tests" />
                </properties>
              </test-case>
              <test-case id="1612" name="ReturnArrayToPool_MaximumReached" fullname="GDX.Collections.Generic.ArrayPoolTests.ReturnArrayToPool_MaximumReached" methodname="ReturnArrayToPool_MaximumReached" classname="GDX.Collections.Generic.ArrayPoolTests" runstate="Runnable" seed="704307720" result="Passed" start-time="2022-07-02 23:05:09Z" end-time="2022-07-02 23:05:09Z" duration="0.000280" asserts="0">
                <properties>
                  <property name="Category" value="GDX.Tests" />
                </properties>
              </test-case>
            </test-suite>
            <test-suite type="TestFixture" id="1386" name="CircularBufferTests" fullname="GDX.Collections.Generic.CircularBufferTests" classname="GDX.Collections.Generic.CircularBufferTests" runstate="Runnable" testcasecount="22" result="Passed" start-time="2022-07-02 23:05:09Z" end-time="2022-07-02 23:05:09Z" duration="0.014891" total="22" passed="22" failed="0" inconclusive="0" skipped="0" asserts="0">
              <properties />
              <test-case id="1387" name="Add_MockData_Normal" fullname="GDX.Collections.Generic.CircularBufferTests.Add_MockData_Normal" methodname="Add_MockData_Normal" classname="GDX.Collections.Generic.CircularBufferTests" runstate="Runnable" seed="1911133148" result="Passed" start-time="2022-07-02 23:05:09Z" end-time="2022-07-02 23:05:09Z" duration="0.000592" asserts="0">
                <properties>
                  <property name="Category" value="GDX.Tests" />
                </properties>
              </test-case>
              <test-case id="1388" name="Add_MockData_Wrapped" fullname="GDX.Collections.Generic.CircularBufferTests.Add_MockData_Wrapped" methodname="Add_MockData_Wrapped" classname="GDX.Collections.Generic.CircularBufferTests" runstate="Runnable" seed="150791002" result="Passed" start-time="2022-07-02 23:05:09Z" end-time="2022-07-02 23:05:09Z" duration="0.000204" asserts="0">
                <properties>
                  <property name="Category" value="GDX.Tests" />
                </properties>
              </test-case>
              <test-case id="1389" name="Clear_MockData_Empty" fullname="GDX.Collections.Generic.CircularBufferTests.Clear_MockData_Empty" methodname="Clear_MockData_Empty" classname="GDX.Collections.Generic.CircularBufferTests" runstate="Runnable" seed="1973258706" result="Passed" start-time="2022-07-02 23:05:09Z" end-time="2022-07-02 23:05:09Z" duration="0.000260" asserts="0">
                <properties>
                  <property name="Category" value="GDX.Tests" />
                </properties>
              </test-case>
              <test-case id="1390" name="Get_MockData_First" fullname="GDX.Collections.Generic.CircularBufferTests.Get_MockData_First" methodname="Get_MockData_First" classname="GDX.Collections.Generic.CircularBufferTests" runstate="Runnable" seed="1164813565" result="Passed" start-time="2022-07-02 23:05:09Z" end-time="2022-07-02 23:05:09Z" duration="0.000265" asserts="0">
                <properties>
                  <property name="Category" value="GDX.Tests" />
                </properties>
              </test-case>
              <test-case id="1391" name="Get_MockData_Last" fullname="GDX.Collections.Generic.CircularBufferTests.Get_MockData_Last" methodname="Get_MockData_Last" classname="GDX.Collections.Generic.CircularBufferTests" runstate="Runnable" seed="753680999" result="Passed" start-time="2022-07-02 23:05:09Z" end-time="2022-07-02 23:05:09Z" duration="0.000165" asserts="0">
                <properties>
                  <property name="Category" value="GDX.Tests" />
                </properties>
              </test-case>
              <test-case id="1392" name="Get_MockData_Wrapped" fullname="GDX.Collections.Generic.CircularBufferTests.Get_MockData_Wrapped" methodname="Get_MockData_Wrapped" classname="GDX.Collections.Generic.CircularBufferTests" runstate="Runnable" seed="1304162416" result="Passed" start-time="2022-07-02 23:05:09Z" end-time="2022-07-02 23:05:09Z" duration="0.000177" asserts="0">
                <properties>
                  <property name="Category" value="GDX.Tests" />
                </properties>
              </test-case>
              <test-case id="1393" name="GetBack_MockData_Valid" fullname="GDX.Collections.Generic.CircularBufferTests.GetBack_MockData_Valid" methodname="GetBack_MockData_Valid" classname="GDX.Collections.Generic.CircularBufferTests" runstate="Runnable" seed="1798739145" result="Passed" start-time="2022-07-02 23:05:09Z" end-time="2022-07-02 23:05:09Z" duration="0.000255" asserts="0">
                <properties>
                  <property name="Category" value="GDX.Tests" />
                </properties>
              </test-case>
              <test-case id="1394" name="GetFront_MockData_Valid" fullname="GDX.Collections.Generic.CircularBufferTests.GetFront_MockData_Valid" methodname="GetFront_MockData_Valid" classname="GDX.Collections.Generic.CircularBufferTests" runstate="Runnable" seed="178524294" result="Passed" start-time="2022-07-02 23:05:09Z" end-time="2022-07-02 23:05:09Z" duration="0.000220" asserts="0">
                <properties>
                  <property name="Category" value="GDX.Tests" />
                </properties>
              </test-case>
              <test-case id="1396" name="IsEmpty_MockData_ClearedEmpty" fullname="GDX.Collections.Generic.CircularBufferTests.IsEmpty_MockData_ClearedEmpty" methodname="IsEmpty_MockData_ClearedEmpty" classname="GDX.Collections.Generic.CircularBufferTests" runstate="Runnable" seed="1355960377" result="Passed" start-time="2022-07-02 23:05:09Z" end-time="2022-07-02 23:05:09Z" duration="0.000212" asserts="0">
                <properties>
                  <property name="Category" value="GDX.Tests" />
                </properties>
              </test-case>
              <test-case id="1395" name="IsEmpty_MockData_Empty" fullname="GDX.Collections.Generic.CircularBufferTests.IsEmpty_MockData_Empty" methodname="IsEmpty_MockData_Empty" classname="GDX.Collections.Generic.CircularBufferTests" runstate="Runnable" seed="811354745" result="Passed" start-time="2022-07-02 23:05:09Z" end-time="2022-07-02 23:05:09Z" duration="0.000142" asserts="0">
                <properties>
                  <property name="Category" value="GDX.Tests" />
                </properties>
              </test-case>
              <test-case id="1397" name="IsEmpty_MockData_NotEmpty" fullname="GDX.Collections.Generic.CircularBufferTests.IsEmpty_MockData_NotEmpty" methodname="IsEmpty_MockData_NotEmpty" classname="GDX.Collections.Generic.CircularBufferTests" runstate="Runnable" seed="1151479931" result="Passed" start-time="2022-07-02 23:05:09Z" end-time="2022-07-02 23:05:09Z" duration="0.000162" asserts="0">
                <properties>
                  <property name="Category" value="GDX.Tests" />
                </properties>
              </test-case>
              <test-case id="1398" name="IsFull_MockData_Full" fullname="GDX.Collections.Generic.CircularBufferTests.IsFull_MockData_Full" methodname="IsFull_MockData_Full" classname="GDX.Collections.Generic.CircularBufferTests" runstate="Runnable" seed="1703005165" result="Passed" start-time="2022-07-02 23:05:09Z" end-time="2022-07-02 23:05:09Z" duration="0.000228" asserts="0">
                <properties>
                  <property name="Category" value="GDX.Tests" />
                </properties>
              </test-case>
              <test-case id="1399" name="IsFull_MockData_NotFull" fullname="GDX.Collections.Generic.CircularBufferTests.IsFull_MockData_NotFull" methodname="IsFull_MockData_NotFull" classname="GDX.Collections.Generic.CircularBufferTests" runstate="Runnable" seed="279604205" result="Passed" start-time="2022-07-02 23:05:09Z" end-time="2022-07-02 23:05:09Z" duration="0.000344" asserts="0">
                <properties>
                  <property name="Category" value="GDX.Tests" />
                </properties>
              </test-case>
              <test-case id="1400" name="PopBack_MockData_GetValue" fullname="GDX.Collections.Generic.CircularBufferTests.PopBack_MockData_GetValue" methodname="PopBack_MockData_GetValue" classname="GDX.Collections.Generic.CircularBufferTests" runstate="Runnable" seed="1256506189" result="Passed" start-time="2022-07-02 23:05:09Z" end-time="2022-07-02 23:05:09Z" duration="0.000479" asserts="0">
                <properties>
                  <property name="Category" value="GDX.Tests" />
                </properties>
              </test-case>
              <test-case id="1401" name="PopFront_MockData_GetValue" fullname="GDX.Collections.Generic.CircularBufferTests.PopFront_MockData_GetValue" methodname="PopFront_MockData_GetValue" classname="GDX.Collections.Generic.CircularBufferTests" runstate="Runnable" seed="857613554" result="Passed" start-time="2022-07-02 23:05:09Z" end-time="2022-07-02 23:05:09Z" duration="0.000394" asserts="0">
                <properties>
                  <property name="Category" value="GDX.Tests" />
                </properties>
              </test-case>
              <test-case id="1402" name="PushBack_MockData_InjectedValue" fullname="GDX.Collections.Generic.CircularBufferTests.PushBack_MockData_InjectedValue" methodname="PushBack_MockData_InjectedValue" classname="GDX.Collections.Generic.CircularBufferTests" runstate="Runnable" seed="295777252" result="Passed" start-time="2022-07-02 23:05:09Z" end-time="2022-07-02 23:05:09Z" duration="0.000186" asserts="0">
                <properties>
                  <property name="Category" value="GDX.Tests" />
                </properties>
              </test-case>
              <test-case id="1403" name="PushFront_MockData_InjectedValue" fullname="GDX.Collections.Generic.CircularBufferTests.PushFront_MockData_InjectedValue" methodname="PushFront_MockData_InjectedValue" classname="GDX.Collections.Generic.CircularBufferTests" runstate="Runnable" seed="979747131" result="Passed" start-time="2022-07-02 23:05:09Z" end-time="2022-07-02 23:05:09Z" duration="0.000312" asserts="0">
                <properties>
                  <property name="Category" value="GDX.Tests" />
                </properties>
              </test-case>
              <test-case id="1404" name="Set_MockData_First" fullname="GDX.Collections.Generic.CircularBufferTests.Set_MockData_First" methodname="Set_MockData_First" classname="GDX.Collections.Generic.CircularBufferTests" runstate="Runnable" seed="5471406" result="Passed" start-time="2022-07-02 23:05:09Z" end-time="2022-07-02 23:05:09Z" duration="0.000246" asserts="0">
                <properties>
                  <property name="Category" value="GDX.Tests" />
                </properties>
              </test-case>
              <test-case id="1405" name="Set_MockData_Last" fullname="GDX.Collections.Generic.CircularBufferTests.Set_MockData_Last" methodname="Set_MockData_Last" classname="GDX.Collections.Generic.CircularBufferTests" runstate="Runnable" seed="818822188" result="Passed" start-time="2022-07-02 23:05:09Z" end-time="2022-07-02 23:05:09Z" duration="0.000172" asserts="0">
                <properties>
                  <property name="Category" value="GDX.Tests" />
                </properties>
              </test-case>
              <test-case id="1406" name="Set_MockData_Wrapped" fullname="GDX.Collections.Generic.CircularBufferTests.Set_MockData_Wrapped" methodname="Set_MockData_Wrapped" classname="GDX.Collections.Generic.CircularBufferTests" runstate="Runnable" seed="565706159" result="Passed" start-time="2022-07-02 23:05:09Z" end-time="2022-07-02 23:05:09Z" duration="0.000210" asserts="0">
                <properties>
                  <property name="Category" value="GDX.Tests" />
                </properties>
              </test-case>
              <test-case id="1407" name="ToArray_MockData_NonWrapped" fullname="GDX.Collections.Generic.CircularBufferTests.ToArray_MockData_NonWrapped" methodname="ToArray_MockData_NonWrapped" classname="GDX.Collections.Generic.CircularBufferTests" runstate="Runnable" seed="1962424712" result="Passed" start-time="2022-07-02 23:05:09Z" end-time="2022-07-02 23:05:09Z" duration="0.000329" asserts="0">
                <properties>
                  <property name="Category" value="GDX.Tests" />
                </properties>
              </test-case>
              <test-case id="1408" name="ToArray_MockData_Wrapped" fullname="GDX.Collections.Generic.CircularBufferTests.ToArray_MockData_Wrapped" methodname="ToArray_MockData_Wrapped" classname="GDX.Collections.Generic.CircularBufferTests" runstate="Runnable" seed="413142017" result="Passed" start-time="2022-07-02 23:05:09Z" end-time="2022-07-02 23:05:09Z" duration="0.000217" asserts="0">
                <properties>
                  <property name="Category" value="GDX.Tests" />
                </properties>
              </test-case>
            </test-suite>
            <test-suite type="TestFixture" id="1365" name="FreeListTests" fullname="GDX.Collections.Generic.FreeListTests" classname="GDX.Collections.Generic.FreeListTests" runstate="Runnable" testcasecount="8" result="Passed" start-time="2022-07-02 23:05:09Z" end-time="2022-07-02 23:05:09Z" duration="0.010131" total="8" passed="8" failed="0" inconclusive="0" skipped="0" asserts="0">
              <properties />
              <test-case id="1367" name="AddUnchecked_MockData_ValueAdded" fullname="GDX.Collections.Generic.FreeListTests.AddUnchecked_MockData_ValueAdded" methodname="AddUnchecked_MockData_ValueAdded" classname="GDX.Collections.Generic.FreeListTests" runstate="Runnable" seed="322079876" result="Passed" start-time="2022-07-02 23:05:09Z" end-time="2022-07-02 23:05:09Z" duration="0.000791" asserts="0">
                <properties>
                  <property name="Category" value="GDX.Tests" />
                </properties>
              </test-case>
              <test-case id="1368" name="AddUnchecked_MockDataOverflow_ThrowsException" fullname="GDX.Collections.Generic.FreeListTests.AddUnchecked_MockDataOverflow_ThrowsException" methodname="AddUnchecked_MockDataOverflow_ThrowsException" classname="GDX.Collections.Generic.FreeListTests" runstate="Runnable" seed="1515827437" result="Passed" start-time="2022-07-02 23:05:09Z" end-time="2022-07-02 23:05:09Z" duration="0.003038" asserts="0">
                <properties>
                  <property name="Category" value="GDX.Tests" />
                </properties>
              </test-case>
              <test-case id="1369" name="AddWithExpandCheck_MockData_ValueAdded" fullname="GDX.Collections.Generic.FreeListTests.AddWithExpandCheck_MockData_ValueAdded" methodname="AddWithExpandCheck_MockData_ValueAdded" classname="GDX.Collections.Generic.FreeListTests" runstate="Runnable" seed="857099956" result="Passed" start-time="2022-07-02 23:05:09Z" end-time="2022-07-02 23:05:09Z" duration="0.000296" asserts="0">
                <properties>
                  <property name="Category" value="GDX.Tests" />
                </properties>
              </test-case>
              <test-case id="1370" name="AddWithExpandCheck_MockDataWithExpansion_ValueAdded" fullname="GDX.Collections.Generic.FreeListTests.AddWithExpandCheck_MockDataWithExpansion_ValueAdded" methodname="AddWithExpandCheck_MockDataWithExpansion_ValueAdded" classname="GDX.Collections.Generic.FreeListTests" runstate="Runnable" seed="1624485030" result="Passed" start-time="2022-07-02 23:05:09Z" end-time="2022-07-02 23:05:09Z" duration="0.000407" asserts="0">
                <properties>
                  <property name="Category" value="GDX.Tests" />
                </properties>
              </test-case>
              <test-case id="1371" name="Clear_MockData_DataCleared" fullname="GDX.Collections.Generic.FreeListTests.Clear_MockData_DataCleared" methodname="Clear_MockData_DataCleared" classname="GDX.Collections.Generic.FreeListTests" runstate="Runnable" seed="2037632080" result="Passed" start-time="2022-07-02 23:05:09Z" end-time="2022-07-02 23:05:09Z" duration="0.000221" asserts="0">
                <properties>
                  <property name="Category" value="GDX.Tests" />
                </properties>
              </test-case>
              <test-case id="1366" name="FreeList_CreateWithCount" fullname="GDX.Collections.Generic.FreeListTests.FreeList_CreateWithCount" methodname="FreeList_CreateWithCount" classname="GDX.Collections.Generic.FreeListTests" runstate="Runnable" seed="1414594419" result="Passed" start-time="2022-07-02 23:05:09Z" end-time="2022-07-02 23:05:09Z" duration="0.000149" asserts="0">
                <properties>
                  <property name="Category" value="GDX.Tests" />
                </properties>
              </test-case>
              <test-case id="1373" name="GetAndRemoveAt_MockData_ValueRemoved" fullname="GDX.Collections.Generic.FreeListTests.GetAndRemoveAt_MockData_ValueRemoved" methodname="GetAndRemoveAt_MockData_ValueRemoved" classname="GDX.Collections.Generic.FreeListTests" runstate="Runnable" seed="2016306424" result="Passed" start-time="2022-07-02 23:05:09Z" end-time="2022-07-02 23:05:09Z" duration="0.000235" asserts="0">
                <properties>
                  <property name="Category" value="GDX.Tests" />
                </properties>
              </test-case>
              <test-case id="1372" name="RemoveAt_MockData_ValueRemoved" fullname="GDX.Collections.Generic.FreeListTests.RemoveAt_MockData_ValueRemoved" methodname="RemoveAt_MockData_ValueRemoved" classname="GDX.Collections.Generic.FreeListTests" runstate="Runnable" seed="1164664836" result="Passed" start-time="2022-07-02 23:05:09Z" end-time="2022-07-02 23:05:09Z" duration="0.000220" asserts="0">
                <properties>
                  <property name="Category" value="GDX.Tests" />
                </properties>
              </test-case>
            </test-suite>
            <test-suite type="TestFixture" id="1409" name="IntKeyDictionaryTests" fullname="GDX.Collections.Generic.IntKeyDictionaryTests" classname="GDX.Collections.Generic.IntKeyDictionaryTests" runstate="Runnable" testcasecount="35" result="Passed" start-time="2022-07-02 23:05:09Z" end-time="2022-07-02 23:05:09Z" duration="0.024409" total="35" passed="35" failed="0" inconclusive="0" skipped="0" asserts="0">
              <properties />
              <test-case id="1420" name="AddSafe_CheckEntriesMaintainConnection" fullname="GDX.Collections.Generic.IntKeyDictionaryTests.AddSafe_CheckEntriesMaintainConnection" methodname="AddSafe_CheckEntriesMaintainConnection" classname="GDX.Collections.Generic.IntKeyDictionaryTests" runstate="Runnable" seed="1254612031" result="Passed" start-time="2022-07-02 23:05:09Z" end-time="2022-07-02 23:05:09Z" duration="0.001615" asserts="0">
                <properties>
                  <property name="Category" value="GDX.Tests" />
                </properties>
              </test-case>
              <test-case id="1413" name="AddSafe_CheckExists" fullname="GDX.Collections.Generic.IntKeyDictionaryTests.AddSafe_CheckExists" methodname="AddSafe_CheckExists" classname="GDX.Collections.Generic.IntKeyDictionaryTests" runstate="Runnable" seed="1595942249" result="Passed" start-time="2022-07-02 23:05:09Z" end-time="2022-07-02 23:05:09Z" duration="0.000284" asserts="0">
                <properties>
                  <property name="Category" value="GDX.Tests" />
                </properties>
              </test-case>
              <test-case id="1419" name="AddSafe_CheckExpanded" fullname="GDX.Collections.Generic.IntKeyDictionaryTests.AddSafe_CheckExpanded" methodname="AddSafe_CheckExpanded" classname="GDX.Collections.Generic.IntKeyDictionaryTests" runstate="Runnable" seed="1240021605" result="Passed" start-time="2022-07-02 23:05:09Z" end-time="2022-07-02 23:05:09Z" duration="0.000204" asserts="0">
                <properties>
                  <property name="Category" value="GDX.Tests" />
                </properties>
              </test-case>
              <test-case id="1436" name="AddTwoCollidingEntries_CheckAccess" fullname="GDX.Collections.Generic.IntKeyDictionaryTests.AddTwoCollidingEntries_CheckAccess" methodname="AddTwoCollidingEntries_CheckAccess" classname="GDX.Collections.Generic.IntKeyDictionaryTests" runstate="Runnable" seed="896933264" result="Passed" start-time="2022-07-02 23:05:09Z" end-time="2022-07-02 23:05:09Z" duration="0.000418" asserts="0">
                <properties>
                  <property name="Category" value="GDX.Tests" />
                </properties>
              </test-case>
              <test-case id="1437" name="AddTwoCollidingEntries_RemoveFirst_CheckSecondExists" fullname="GDX.Collections.Generic.IntKeyDictionaryTests.AddTwoCollidingEntries_RemoveFirst_CheckSecondExists" methodname="AddTwoCollidingEntries_RemoveFirst_CheckSecondExists" classname="GDX.Collections.Generic.IntKeyDictionaryTests" runstate="Runnable" seed="1777553045" result="Passed" start-time="2022-07-02 23:05:09Z" end-time="2022-07-02 23:05:09Z" duration="0.000372" asserts="0">
                <properties>
                  <property name="Category" value="GDX.Tests" />
                </properties>
              </test-case>
              <test-case id="1438" name="AddTwoCollidingEntries_RemoveSecond_CheckFirstExists" fullname="GDX.Collections.Generic.IntKeyDictionaryTests.AddTwoCollidingEntries_RemoveSecond_CheckFirstExists" methodname="AddTwoCollidingEntries_RemoveSecond_CheckFirstExists" classname="GDX.Collections.Generic.IntKeyDictionaryTests" runstate="Runnable" seed="389926318" result="Passed" start-time="2022-07-02 23:05:09Z" end-time="2022-07-02 23:05:09Z" duration="0.000197" asserts="0">
                <properties>
                  <property name="Category" value="GDX.Tests" />
                </properties>
              </test-case>
              <test-case id="1425" name="AddUnchecked_CheckExists" fullname="GDX.Collections.Generic.IntKeyDictionaryTests.AddUnchecked_CheckExists" methodname="AddUnchecked_CheckExists" classname="GDX.Collections.Generic.IntKeyDictionaryTests" runstate="Runnable" seed="1390630886" result="Passed" start-time="2022-07-02 23:05:09Z" end-time="2022-07-02 23:05:09Z" duration="0.000161" asserts="0">
                <properties>
                  <property name="Category" value="GDX.Tests" />
                </properties>
              </test-case>
              <test-case id="1417" name="AddWithExpandCheck_CheckEntriesMaintainConnection" fullname="GDX.Collections.Generic.IntKeyDictionaryTests.AddWithExpandCheck_CheckEntriesMaintainConnection" methodname="AddWithExpandCheck_CheckEntriesMaintainConnection" classname="GDX.Collections.Generic.IntKeyDictionaryTests" runstate="Runnable" seed="930657414" result="Passed" start-time="2022-07-02 23:05:09Z" end-time="2022-07-02 23:05:09Z" duration="0.000393" asserts="0">
                <properties>
                  <property name="Category" value="GDX.Tests" />
                </properties>
              </test-case>
              <test-case id="1415" name="AddWithExpandCheck_CheckExists" fullname="GDX.Collections.Generic.IntKeyDictionaryTests.AddWithExpandCheck_CheckExists" methodname="AddWithExpandCheck_CheckExists" classname="GDX.Collections.Generic.IntKeyDictionaryTests" runstate="Runnable" seed="2012804390" result="Passed" start-time="2022-07-02 23:05:09Z" end-time="2022-07-02 23:05:09Z" duration="0.000200" asserts="0">
                <properties>
                  <property name="Category" value="GDX.Tests" />
                </properties>
              </test-case>
              <test-case id="1416" name="AddWithExpandCheck_CheckExpanded" fullname="GDX.Collections.Generic.IntKeyDictionaryTests.AddWithExpandCheck_CheckExpanded" methodname="AddWithExpandCheck_CheckExpanded" classname="GDX.Collections.Generic.IntKeyDictionaryTests" runstate="Runnable" seed="57927467" result="Passed" start-time="2022-07-02 23:05:09Z" end-time="2022-07-02 23:05:09Z" duration="0.000196" asserts="0">
                <properties>
                  <property name="Category" value="GDX.Tests" />
                </properties>
              </test-case>
              <test-case id="1422" name="AddWithIndexer_CheckEntriesExist" fullname="GDX.Collections.Generic.IntKeyDictionaryTests.AddWithIndexer_CheckEntriesExist" methodname="AddWithIndexer_CheckEntriesExist" classname="GDX.Collections.Generic.IntKeyDictionaryTests" runstate="Runnable" seed="34657951" result="Passed" start-time="2022-07-02 23:05:09Z" end-time="2022-07-02 23:05:09Z" duration="0.000529" asserts="0">
                <properties>
                  <property name="Category" value="GDX.Tests" />
                </properties>
              </test-case>
              <test-case id="1423" name="AddWithIndexer_CheckEntriesMaintainConnection" fullname="GDX.Collections.Generic.IntKeyDictionaryTests.AddWithIndexer_CheckEntriesMaintainConnection" methodname="AddWithIndexer_CheckEntriesMaintainConnection" classname="GDX.Collections.Generic.IntKeyDictionaryTests" runstate="Runnable" seed="710875788" result="Passed" start-time="2022-07-02 23:05:09Z" end-time="2022-07-02 23:05:09Z" duration="0.000269" asserts="0">
                <properties>
                  <property name="Category" value="GDX.Tests" />
                </properties>
              </test-case>
              <test-case id="1421" name="AddWithIndexer_CheckExpanded" fullname="GDX.Collections.Generic.IntKeyDictionaryTests.AddWithIndexer_CheckExpanded" methodname="AddWithIndexer_CheckExpanded" classname="GDX.Collections.Generic.IntKeyDictionaryTests" runstate="Runnable" seed="336775611" result="Passed" start-time="2022-07-02 23:05:09Z" end-time="2022-07-02 23:05:09Z" duration="0.000198" asserts="0">
                <properties>
                  <property name="Category" value="GDX.Tests" />
                </properties>
              </test-case>
              <test-case id="1424" name="AddWithUniqueCheck_CheckExists" fullname="GDX.Collections.Generic.IntKeyDictionaryTests.AddWithUniqueCheck_CheckExists" methodname="AddWithUniqueCheck_CheckExists" classname="GDX.Collections.Generic.IntKeyDictionaryTests" runstate="Runnable" seed="2085414304" result="Passed" start-time="2022-07-02 23:05:09Z" end-time="2022-07-02 23:05:09Z" duration="0.000294" asserts="0">
                <properties>
                  <property name="Category" value="GDX.Tests" />
                </properties>
              </test-case>
              <test-case id="1432" name="AddWithUniqueCheckTwice_CheckAddedOnlyOnce" fullname="GDX.Collections.Generic.IntKeyDictionaryTests.AddWithUniqueCheckTwice_CheckAddedOnlyOnce" methodname="AddWithUniqueCheckTwice_CheckAddedOnlyOnce" classname="GDX.Collections.Generic.IntKeyDictionaryTests" runstate="Runnable" seed="1299436334" result="Passed" start-time="2022-07-02 23:05:09Z" end-time="2022-07-02 23:05:09Z" duration="0.000287" asserts="0">
                <properties>
                  <property name="Category" value="GDX.Tests" />
                </properties>
              </test-case>
              <test-case id="1444" name="Clear_CheckCleared" fullname="GDX.Collections.Generic.IntKeyDictionaryTests.Clear_CheckCleared" methodname="Clear_CheckCleared" classname="GDX.Collections.Generic.IntKeyDictionaryTests" runstate="Runnable" seed="30804950" result="Passed" start-time="2022-07-02 23:05:09Z" end-time="2022-07-02 23:05:09Z" duration="0.000507" asserts="0">
                <properties>
                  <property name="Category" value="GDX.Tests" />
                </properties>
              </test-case>
              <test-case id="1412" name="Constructor_RequestBelowPrimeMinimum_PrimeCapacity" fullname="GDX.Collections.Generic.IntKeyDictionaryTests.Constructor_RequestBelowPrimeMinimum_PrimeCapacity" methodname="Constructor_RequestBelowPrimeMinimum_PrimeCapacity" classname="GDX.Collections.Generic.IntKeyDictionaryTests" runstate="Runnable" seed="1972220816" result="Passed" start-time="2022-07-02 23:05:09Z" end-time="2022-07-02 23:05:09Z" duration="0.000208" asserts="0">
                <properties>
                  <property name="Category" value="GDX.Tests" />
                </properties>
              </test-case>
              <test-case id="1411" name="Constructor_RequestPrimeMinimum_PrimeCapacity" fullname="GDX.Collections.Generic.IntKeyDictionaryTests.Constructor_RequestPrimeMinimum_PrimeCapacity" methodname="Constructor_RequestPrimeMinimum_PrimeCapacity" classname="GDX.Collections.Generic.IntKeyDictionaryTests" runstate="Runnable" seed="1498230015" result="Passed" start-time="2022-07-02 23:05:09Z" end-time="2022-07-02 23:05:09Z" duration="0.000173" asserts="0">
                <properties>
                  <property name="Category" value="GDX.Tests" />
                </properties>
              </test-case>
              <test-case id="1410" name="Constructor_RequestZeroMinimum_PrimeCapacity" fullname="GDX.Collections.Generic.IntKeyDictionaryTests.Constructor_RequestZeroMinimum_PrimeCapacity" methodname="Constructor_RequestZeroMinimum_PrimeCapacity" classname="GDX.Collections.Generic.IntKeyDictionaryTests" runstate="Runnable" seed="132849119" result="Passed" start-time="2022-07-02 23:05:09Z" end-time="2022-07-02 23:05:09Z" duration="0.000172" asserts="0">
                <properties>
                  <property name="Category" value="GDX.Tests" />
                </properties>
              </test-case>
              <test-case id="1418" name="ExpandWhenFull_CheckExpanded" fullname="GDX.Collections.Generic.IntKeyDictionaryTests.ExpandWhenFull_CheckExpanded" methodname="ExpandWhenFull_CheckExpanded" classname="GDX.Collections.Generic.IntKeyDictionaryTests" runstate="Runnable" seed="1436037356" result="Passed" start-time="2022-07-02 23:05:09Z" end-time="2022-07-02 23:05:09Z" duration="0.000192" asserts="0">
                <properties>
                  <property name="Category" value="GDX.Tests" />
                </properties>
              </test-case>
              <test-case id="1414" name="IndexerAdd_CheckExists" fullname="GDX.Collections.Generic.IntKeyDictionaryTests.IndexerAdd_CheckExists" methodname="IndexerAdd_CheckExists" classname="GDX.Collections.Generic.IntKeyDictionaryTests" runstate="Runnable" seed="390835845" result="Passed" start-time="2022-07-02 23:05:09Z" end-time="2022-07-02 23:05:09Z" duration="0.000162" asserts="0">
                <properties>
                  <property name="Category" value="GDX.Tests" />
                </properties>
              </test-case>
              <test-case id="1434" name="IndexOf_CheckCorrectIndex" fullname="GDX.Collections.Generic.IntKeyDictionaryTests.IndexOf_CheckCorrectIndex" methodname="IndexOf_CheckCorrectIndex" classname="GDX.Collections.Generic.IntKeyDictionaryTests" runstate="Runnable" seed="1772758608" result="Passed" start-time="2022-07-02 23:05:09Z" end-time="2022-07-02 23:05:09Z" duration="0.000228" asserts="0">
                <properties>
                  <property name="Category" value="GDX.Tests" />
                </properties>
              </test-case>
              <test-case id="1435" name="IndexOf_CheckEntryDoesNotExist" fullname="GDX.Collections.Generic.IntKeyDictionaryTests.IndexOf_CheckEntryDoesNotExist" methodname="IndexOf_CheckEntryDoesNotExist" classname="GDX.Collections.Generic.IntKeyDictionaryTests" runstate="Runnable" seed="662353765" result="Passed" start-time="2022-07-02 23:05:09Z" end-time="2022-07-02 23:05:09Z" duration="0.000153" asserts="0">
                <properties>
                  <property name="Category" value="GDX.Tests" />
                </properties>
              </test-case>
              <test-case id="1439" name="MoveNext_FindAllEntries" fullname="GDX.Collections.Generic.IntKeyDictionaryTests.MoveNext_FindAllEntries" methodname="MoveNext_FindAllEntries" classname="GDX.Collections.Generic.IntKeyDictionaryTests" runstate="Runnable" seed="913818682" result="Passed" start-time="2022-07-02 23:05:09Z" end-time="2022-07-02 23:05:09Z" duration="0.000306" asserts="0">
                <properties>
                  <property name="Category" value="GDX.Tests" />
                </properties>
              </test-case>
              <test-case id="1440" name="MoveNext_NoVersionOrOutValue_FindAllEntries" fullname="GDX.Collections.Generic.IntKeyDictionaryTests.MoveNext_NoVersionOrOutValue_FindAllEntries" methodname="MoveNext_NoVersionOrOutValue_FindAllEntries" classname="GDX.Collections.Generic.IntKeyDictionaryTests" runstate="Runnable" seed="1032182632" result="Passed" start-time="2022-07-02 23:05:09Z" end-time="2022-07-02 23:05:09Z" duration="0.000314" asserts="0">
                <properties>
                  <property name="Category" value="GDX.Tests" />
                </properties>
              </test-case>
              <test-case id="1442" name="MoveNextWithVersion_CheckEarlyOutFromInvalidation" fullname="GDX.Collections.Generic.IntKeyDictionaryTests.MoveNextWithVersion_CheckEarlyOutFromInvalidation" methodname="MoveNextWithVersion_CheckEarlyOutFromInvalidation" classname="GDX.Collections.Generic.IntKeyDictionaryTests" runstate="Runnable" seed="1047994404" result="Passed" start-time="2022-07-02 23:05:09Z" end-time="2022-07-02 23:05:09Z" duration="0.000360" asserts="0">
                <properties>
                  <property name="Category" value="GDX.Tests" />
                </properties>
              </test-case>
              <test-case id="1441" name="MoveNextWithVersion_FindAllEntries" fullname="GDX.Collections.Generic.IntKeyDictionaryTests.MoveNextWithVersion_FindAllEntries" methodname="MoveNextWithVersion_FindAllEntries" classname="GDX.Collections.Generic.IntKeyDictionaryTests" runstate="Runnable" seed="761578880" result="Passed" start-time="2022-07-02 23:05:09Z" end-time="2022-07-02 23:05:09Z" duration="0.000224" asserts="0">
                <properties>
                  <property name="Category" value="GDX.Tests" />
                </properties>
              </test-case>
              <test-case id="1433" name="Reserve_CheckExpandedCapacity" fullname="GDX.Collections.Generic.IntKeyDictionaryTests.Reserve_CheckExpandedCapacity" methodname="Reserve_CheckExpandedCapacity" classname="GDX.Collections.Generic.IntKeyDictionaryTests" runstate="Runnable" seed="1711434105" result="Passed" start-time="2022-07-02 23:05:09Z" end-time="2022-07-02 23:05:09Z" duration="0.000420" asserts="0">
                <properties>
                  <property name="Category" value="GDX.Tests" />
                </properties>
              </test-case>
              <test-case id="1443" name="TryGetValue" fullname="GDX.Collections.Generic.IntKeyDictionaryTests.TryGetValue" methodname="TryGetValue" classname="GDX.Collections.Generic.IntKeyDictionaryTests" runstate="Runnable" seed="799887163" result="Passed" start-time="2022-07-02 23:05:09Z" end-time="2022-07-02 23:05:09Z" duration="0.000581" asserts="0">
                <properties>
                  <property name="Category" value="GDX.Tests" />
                </properties>
              </test-case>
              <test-case id="1426" name="TryModify_CheckActuallyModified" fullname="GDX.Collections.Generic.IntKeyDictionaryTests.TryModify_CheckActuallyModified" methodname="TryModify_CheckActuallyModified" classname="GDX.Collections.Generic.IntKeyDictionaryTests" runstate="Runnable" seed="1699849971" result="Passed" start-time="2022-07-02 23:05:09Z" end-time="2022-07-02 23:05:09Z" duration="0.000388" asserts="0">
                <properties>
                  <property name="Category" value="GDX.Tests" />
                </properties>
              </test-case>
              <test-case id="1427" name="TryModify_CheckNotModified" fullname="GDX.Collections.Generic.IntKeyDictionaryTests.TryModify_CheckNotModified" methodname="TryModify_CheckNotModified" classname="GDX.Collections.Generic.IntKeyDictionaryTests" runstate="Runnable" seed="765959214" result="Passed" start-time="2022-07-02 23:05:09Z" end-time="2022-07-02 23:05:09Z" duration="0.000204" asserts="0">
                <properties>
                  <property name="Category" value="GDX.Tests" />
                </properties>
              </test-case>
              <test-case id="1428" name="TryRemove_CheckActuallyRemoved" fullname="GDX.Collections.Generic.IntKeyDictionaryTests.TryRemove_CheckActuallyRemoved" methodname="TryRemove_CheckActuallyRemoved" classname="GDX.Collections.Generic.IntKeyDictionaryTests" runstate="Runnable" seed="178549531" result="Passed" start-time="2022-07-02 23:05:09Z" end-time="2022-07-02 23:05:09Z" duration="0.000231" asserts="0">
                <properties>
                  <property name="Category" value="GDX.Tests" />
                </properties>
              </test-case>
              <test-case id="1429" name="TryRemove_Twice_CheckCorrectReturnValues" fullname="GDX.Collections.Generic.IntKeyDictionaryTests.TryRemove_Twice_CheckCorrectReturnValues" methodname="TryRemove_Twice_CheckCorrectReturnValues" classname="GDX.Collections.Generic.IntKeyDictionaryTests" runstate="Runnable" seed="1563703862" result="Passed" start-time="2022-07-02 23:05:09Z" end-time="2022-07-02 23:05:09Z" duration="0.000171" asserts="0">
                <properties>
                  <property name="Category" value="GDX.Tests" />
                </properties>
              </test-case>
              <test-case id="1430" name="TryRemoveNoValueClear_CheckActuallyRemoved" fullname="GDX.Collections.Generic.IntKeyDictionaryTests.TryRemoveNoValueClear_CheckActuallyRemoved" methodname="TryRemoveNoValueClear_CheckActuallyRemoved" classname="GDX.Collections.Generic.IntKeyDictionaryTests" runstate="Runnable" seed="326697136" result="Passed" start-time="2022-07-02 23:05:09Z" end-time="2022-07-02 23:05:09Z" duration="0.000454" asserts="0">
                <properties>
                  <property name="Category" value="GDX.Tests" />
                </properties>
              </test-case>
              <test-case id="1431" name="TryRemoveNoValueClear_Twice_CheckCorrectReturnValues" fullname="GDX.Collections.Generic.IntKeyDictionaryTests.TryRemoveNoValueClear_Twice_CheckCorrectReturnValues" methodname="TryRemoveNoValueClear_Twice_CheckCorrectReturnValues" classname="GDX.Collections.Generic.IntKeyDictionaryTests" runstate="Runnable" seed="1006315394" result="Passed" start-time="2022-07-02 23:05:09Z" end-time="2022-07-02 23:05:09Z" duration="0.000177" asserts="0">
                <properties>
                  <property name="Category" value="GDX.Tests" />
                </properties>
              </test-case>
            </test-suite>
            <test-suite type="TestFixture" id="1445" name="NativeArraySparseSetTests" fullname="GDX.Collections.Generic.NativeArraySparseSetTests" classname="GDX.Collections.Generic.NativeArraySparseSetTests" runstate="Runnable" testcasecount="30" result="Passed" start-time="2022-07-02 23:05:09Z" end-time="2022-07-02 23:05:09Z" duration="0.026426" total="30" passed="30" failed="0" inconclusive="0" skipped="0" asserts="0">
              <properties />
              <test-case id="1448" name="AddUnchecked_MockData_IndicesReserved" fullname="GDX.Collections.Generic.NativeArraySparseSetTests.AddUnchecked_MockData_IndicesReserved" methodname="AddUnchecked_MockData_IndicesReserved" classname="GDX.Collections.Generic.NativeArraySparseSetTests" runstate="Runnable" seed="212269012" result="Passed" start-time="2022-07-02 23:05:09Z" end-time="2022-07-02 23:05:09Z" duration="0.002237" asserts="0">
                <properties>
                  <property name="Category" value="GDX.Tests" />
                </properties>
              </test-case>
              <test-case id="1451" name="AddUnchecked_MockDataAndVersionArrayOverflow_ThrowsException" fullname="GDX.Collections.Generic.NativeArraySparseSetTests.AddUnchecked_MockDataAndVersionArrayOverflow_ThrowsException" methodname="AddUnchecked_MockDataAndVersionArrayOverflow_ThrowsException" classname="GDX.Collections.Generic.NativeArraySparseSetTests" runstate="Runnable" seed="346777762" result="Passed" start-time="2022-07-02 23:05:09Z" end-time="2022-07-02 23:05:09Z" duration="0.001781" asserts="0">
                <properties>
                  <property name="Category" value="GDX.Tests" />
                </properties>
              </test-case>
              <test-case id="1450" name="AddUnchecked_MockDataOverflow_ThrowsException" fullname="GDX.Collections.Generic.NativeArraySparseSetTests.AddUnchecked_MockDataOverflow_ThrowsException" methodname="AddUnchecked_MockDataOverflow_ThrowsException" classname="GDX.Collections.Generic.NativeArraySparseSetTests" runstate="Runnable" seed="1315802223" result="Passed" start-time="2022-07-02 23:05:09Z" end-time="2022-07-02 23:05:09Z" duration="0.000284" asserts="0">
                <properties>
                  <property name="Category" value="GDX.Tests" />
                </properties>
              </test-case>
              <test-case id="1449" name="AddUnchecked_MockDataWithVersionArray__IndicesReserved" fullname="GDX.Collections.Generic.NativeArraySparseSetTests.AddUnchecked_MockDataWithVersionArray__IndicesReserved" methodname="AddUnchecked_MockDataWithVersionArray__IndicesReserved" classname="GDX.Collections.Generic.NativeArraySparseSetTests" runstate="Runnable" seed="1183744332" result="Passed" start-time="2022-07-02 23:05:09Z" end-time="2022-07-02 23:05:09Z" duration="0.000285" asserts="0">
                <properties>
                  <property name="Category" value="GDX.Tests" />
                </properties>
              </test-case>
              <test-case id="1454" name="AddUnchecked_MockDataWithVersionArray_Expanded" fullname="GDX.Collections.Generic.NativeArraySparseSetTests.AddUnchecked_MockDataWithVersionArray_Expanded" methodname="AddUnchecked_MockDataWithVersionArray_Expanded" classname="GDX.Collections.Generic.NativeArraySparseSetTests" runstate="Runnable" seed="928851161" result="Passed" start-time="2022-07-02 23:05:09Z" end-time="2022-07-02 23:05:09Z" duration="0.001899" asserts="0">
                <properties>
                  <property name="Category" value="GDX.Tests" />
                </properties>
              </test-case>
              <test-case id="1452" name="AddWithExpandCheck_MockData_Expanded" fullname="GDX.Collections.Generic.NativeArraySparseSetTests.AddWithExpandCheck_MockData_Expanded" methodname="AddWithExpandCheck_MockData_Expanded" classname="GDX.Collections.Generic.NativeArraySparseSetTests" runstate="Runnable" seed="951508478" result="Passed" start-time="2022-07-02 23:05:09Z" end-time="2022-07-02 23:05:09Z" duration="0.000227" asserts="0">
                <properties>
                  <property name="Category" value="GDX.Tests" />
                </properties>
              </test-case>
              <test-case id="1453" name="AddWithExpandCheck_MockDataWithVersionArray_Expanded" fullname="GDX.Collections.Generic.NativeArraySparseSetTests.AddWithExpandCheck_MockDataWithVersionArray_Expanded" methodname="AddWithExpandCheck_MockDataWithVersionArray_Expanded" classname="GDX.Collections.Generic.NativeArraySparseSetTests" runstate="Runnable" seed="887483572" result="Passed" start-time="2022-07-02 23:05:09Z" end-time="2022-07-02 23:05:09Z" duration="0.000232" asserts="0">
                <properties>
                  <property name="Category" value="GDX.Tests" />
                </properties>
              </test-case>
              <test-case id="1469" name="Clear_MockData_ArraysCleared" fullname="GDX.Collections.Generic.NativeArraySparseSetTests.Clear_MockData_ArraysCleared" methodname="Clear_MockData_ArraysCleared" classname="GDX.Collections.Generic.NativeArraySparseSetTests" runstate="Runnable" seed="2064304383" result="Passed" start-time="2022-07-02 23:05:09Z" end-time="2022-07-02 23:05:09Z" duration="0.000240" asserts="0">
                <properties>
                  <property name="Category" value="GDX.Tests" />
                </properties>
              </test-case>
              <test-case id="1470" name="Clear_MockDataWithVersionArray_ArraysCleared" fullname="GDX.Collections.Generic.NativeArraySparseSetTests.Clear_MockDataWithVersionArray_ArraysCleared" methodname="Clear_MockDataWithVersionArray_ArraysCleared" classname="GDX.Collections.Generic.NativeArraySparseSetTests" runstate="Runnable" seed="813399386" result="Passed" start-time="2022-07-02 23:05:09Z" end-time="2022-07-02 23:05:09Z" duration="0.000307" asserts="0">
                <properties>
                  <property name="Category" value="GDX.Tests" />
                </properties>
              </test-case>
              <test-case id="1471" name="ClearWithVersionReset_MockData_ArraysClearedAndVersionReset" fullname="GDX.Collections.Generic.NativeArraySparseSetTests.ClearWithVersionReset_MockData_ArraysClearedAndVersionReset" methodname="ClearWithVersionReset_MockData_ArraysClearedAndVersionReset" classname="GDX.Collections.Generic.NativeArraySparseSetTests" runstate="Runnable" seed="820153464" result="Passed" start-time="2022-07-02 23:05:09Z" end-time="2022-07-02 23:05:09Z" duration="0.000339" asserts="0">
                <properties>
                  <property name="Category" value="GDX.Tests" />
                </properties>
              </test-case>
              <test-case id="1446" name="Constructor_CreateWithCount" fullname="GDX.Collections.Generic.NativeArraySparseSetTests.Constructor_CreateWithCount" methodname="Constructor_CreateWithCount" classname="GDX.Collections.Generic.NativeArraySparseSetTests" runstate="Runnable" seed="905984499" result="Passed" start-time="2022-07-02 23:05:09Z" end-time="2022-07-02 23:05:09Z" duration="0.000166" asserts="0">
                <properties>
                  <property name="Category" value="GDX.Tests" />
                </properties>
              </test-case>
              <test-case id="1447" name="Constructor_CreateWithCountAndVersionArray" fullname="GDX.Collections.Generic.NativeArraySparseSetTests.Constructor_CreateWithCountAndVersionArray" methodname="Constructor_CreateWithCountAndVersionArray" classname="GDX.Collections.Generic.NativeArraySparseSetTests" runstate="Runnable" seed="1609130014" result="Passed" start-time="2022-07-02 23:05:09Z" end-time="2022-07-02 23:05:09Z" duration="0.000192" asserts="0">
                <properties>
                  <property name="Category" value="GDX.Tests" />
                </properties>
              </test-case>
              <test-case id="1472" name="Expand_MockData_Expanded" fullname="GDX.Collections.Generic.NativeArraySparseSetTests.Expand_MockData_Expanded" methodname="Expand_MockData_Expanded" classname="GDX.Collections.Generic.NativeArraySparseSetTests" runstate="Runnable" seed="834917659" result="Passed" start-time="2022-07-02 23:05:09Z" end-time="2022-07-02 23:05:09Z" duration="0.000341" asserts="0">
                <properties>
                  <property name="Category" value="GDX.Tests" />
                </properties>
              </test-case>
              <test-case id="1473" name="Expand_MockDataWithVersionArray_Expanded" fullname="GDX.Collections.Generic.NativeArraySparseSetTests.Expand_MockDataWithVersionArray_Expanded" methodname="Expand_MockDataWithVersionArray_Expanded" classname="GDX.Collections.Generic.NativeArraySparseSetTests" runstate="Runnable" seed="1010513559" result="Passed" start-time="2022-07-02 23:05:09Z" end-time="2022-07-02 23:05:09Z" duration="0.001206" asserts="0">
                <properties>
                  <property name="Category" value="GDX.Tests" />
                </properties>
              </test-case>
              <test-case id="1455" name="GetDenseIndexUnchecked_MockData_CorrectIndex" fullname="GDX.Collections.Generic.NativeArraySparseSetTests.GetDenseIndexUnchecked_MockData_CorrectIndex" methodname="GetDenseIndexUnchecked_MockData_CorrectIndex" classname="GDX.Collections.Generic.NativeArraySparseSetTests" runstate="Runnable" seed="44381569" result="Passed" start-time="2022-07-02 23:05:09Z" end-time="2022-07-02 23:05:09Z" duration="0.000240" asserts="0">
                <properties>
                  <property name="Category" value="GDX.Tests" />
                </properties>
              </test-case>
              <test-case id="1458" name="GetDenseIndexWithBoundsAndVersionCheck_MockData_CorrectIndexAndHandlesInvalidIndex" fullname="GDX.Collections.Generic.NativeArraySparseSetTests.GetDenseIndexWithBoundsAndVersionCheck_MockData_CorrectIndexAndHandlesInvalidIndex" methodname="GetDenseIndexWithBoundsAndVersionCheck_MockData_CorrectIndexAndHandlesInvalidIndex" classname="GDX.Collections.Generic.NativeArraySparseSetTests" runstate="Runnable" seed="640689662" result="Passed" start-time="2022-07-02 23:05:09Z" end-time="2022-07-02 23:05:09Z" duration="0.000506" asserts="0">
                <properties>
                  <property name="Category" value="GDX.Tests" />
                </properties>
              </test-case>
              <test-case id="1456" name="GetDenseIndexWithBoundsCheck_MockData_CorrectIndexAndHandlesInvalidIndex" fullname="GDX.Collections.Generic.NativeArraySparseSetTests.GetDenseIndexWithBoundsCheck_MockData_CorrectIndexAndHandlesInvalidIndex" methodname="GetDenseIndexWithBoundsCheck_MockData_CorrectIndexAndHandlesInvalidIndex" classname="GDX.Collections.Generic.NativeArraySparseSetTests" runstate="Runnable" seed="977813198" result="Passed" start-time="2022-07-02 23:05:09Z" end-time="2022-07-02 23:05:09Z" duration="0.000290" asserts="0">
                <properties>
                  <property name="Category" value="GDX.Tests" />
                </properties>
              </test-case>
              <test-case id="1457" name="GetDenseIndexWithVersionCheck_MockData_CorrectIndexAndHandlesVersion" fullname="GDX.Collections.Generic.NativeArraySparseSetTests.GetDenseIndexWithVersionCheck_MockData_CorrectIndexAndHandlesVersion" methodname="GetDenseIndexWithVersionCheck_MockData_CorrectIndexAndHandlesVersion" classname="GDX.Collections.Generic.NativeArraySparseSetTests" runstate="Runnable" seed="785099171" result="Passed" start-time="2022-07-02 23:05:09Z" end-time="2022-07-02 23:05:09Z" duration="0.000426" asserts="0">
                <properties>
                  <property name="Category" value="GDX.Tests" />
                </properties>
              </test-case>
              <test-case id="1464" name="RemoveUnchecked_MockData_ValidIndexRemoved" fullname="GDX.Collections.Generic.NativeArraySparseSetTests.RemoveUnchecked_MockData_ValidIndexRemoved" methodname="RemoveUnchecked_MockData_ValidIndexRemoved" classname="GDX.Collections.Generic.NativeArraySparseSetTests" runstate="Runnable" seed="318844373" result="Passed" start-time="2022-07-02 23:05:09Z" end-time="2022-07-02 23:05:09Z" duration="0.000241" asserts="0">
                <properties>
                  <property name="Category" value="GDX.Tests" />
                </properties>
              </test-case>
              <test-case id="1463" name="RemoveUnchecked_MockDataWithIndices_ValidIndexRemoved" fullname="GDX.Collections.Generic.NativeArraySparseSetTests.RemoveUnchecked_MockDataWithIndices_ValidIndexRemoved" methodname="RemoveUnchecked_MockDataWithIndices_ValidIndexRemoved" classname="GDX.Collections.Generic.NativeArraySparseSetTests" runstate="Runnable" seed="1784571472" result="Passed" start-time="2022-07-02 23:05:09Z" end-time="2022-07-02 23:05:09Z" duration="0.000264" asserts="0">
                <properties>
                  <property name="Category" value="GDX.Tests" />
                </properties>
              </test-case>
              <test-case id="1462" name="RemoveUnchecked_MockDataWithIndicesAndVersionArray_ValidIndexRemoved" fullname="GDX.Collections.Generic.NativeArraySparseSetTests.RemoveUnchecked_MockDataWithIndicesAndVersionArray_ValidIndexRemoved" methodname="RemoveUnchecked_MockDataWithIndicesAndVersionArray_ValidIndexRemoved" classname="GDX.Collections.Generic.NativeArraySparseSetTests" runstate="Runnable" seed="588467866" result="Passed" start-time="2022-07-02 23:05:09Z" end-time="2022-07-02 23:05:09Z" duration="0.000260" asserts="0">
                <properties>
                  <property name="Category" value="GDX.Tests" />
                </properties>
              </test-case>
              <test-case id="1465" name="RemoveUncheckedFromDenseIndex_MockData_ValidIndexRemoved" fullname="GDX.Collections.Generic.NativeArraySparseSetTests.RemoveUncheckedFromDenseIndex_MockData_ValidIndexRemoved" methodname="RemoveUncheckedFromDenseIndex_MockData_ValidIndexRemoved" classname="GDX.Collections.Generic.NativeArraySparseSetTests" runstate="Runnable" seed="1457401743" result="Passed" start-time="2022-07-02 23:05:09Z" end-time="2022-07-02 23:05:09Z" duration="0.000243" asserts="0">
                <properties>
                  <property name="Category" value="GDX.Tests" />
                </properties>
              </test-case>
              <test-case id="1466" name="RemoveUncheckedFromDenseIndex_MockDataWithSwapIndex_ValidIndexRemoved" fullname="GDX.Collections.Generic.NativeArraySparseSetTests.RemoveUncheckedFromDenseIndex_MockDataWithSwapIndex_ValidIndexRemoved" methodname="RemoveUncheckedFromDenseIndex_MockDataWithSwapIndex_ValidIndexRemoved" classname="GDX.Collections.Generic.NativeArraySparseSetTests" runstate="Runnable" seed="2002916294" result="Passed" start-time="2022-07-02 23:05:09Z" end-time="2022-07-02 23:05:09Z" duration="0.000315" asserts="0">
                <properties>
                  <property name="Category" value="GDX.Tests" />
                </properties>
              </test-case>
              <test-case id="1467" name="RemoveUncheckedFromDenseIndex_MockDataWithVersionArray_ValidIndexRemoved" fullname="GDX.Collections.Generic.NativeArraySparseSetTests.RemoveUncheckedFromDenseIndex_MockDataWithVersionArray_ValidIndexRemoved" methodname="RemoveUncheckedFromDenseIndex_MockDataWithVersionArray_ValidIndexRemoved" classname="GDX.Collections.Generic.NativeArraySparseSetTests" runstate="Runnable" seed="1622169817" result="Passed" start-time="2022-07-02 23:05:09Z" end-time="2022-07-02 23:05:09Z" duration="0.000340" asserts="0">
                <properties>
                  <property name="Category" value="GDX.Tests" />
                </properties>
              </test-case>
              <test-case id="1468" name="RemoveUncheckedFromDenseIndex_MockDataWithVersionArrayAndSwapIndex_ValidIndexRemoved" fullname="GDX.Collections.Generic.NativeArraySparseSetTests.RemoveUncheckedFromDenseIndex_MockDataWithVersionArrayAndSwapIndex_ValidIndexRemoved" methodname="RemoveUncheckedFromDenseIndex_MockDataWithVersionArrayAndSwapIndex_ValidIndexRemoved" classname="GDX.Collections.Generic.NativeArraySparseSetTests" runstate="Runnable" seed="1052383708" result="Passed" start-time="2022-07-02 23:05:09Z" end-time="2022-07-02 23:05:09Z" duration="0.000357" asserts="0">
                <properties>
                  <property name="Category" value="GDX.Tests" />
                </properties>
              </test-case>
              <test-case id="1461" name="RemoveWithBoundsAndVersionChecks_MockData_ValidIndexRemovedInvalidIndicesNotRemoved" fullname="GDX.Collections.Generic.NativeArraySparseSetTests.RemoveWithBoundsAndVersionChecks_MockData_ValidIndexRemovedInvalidIndicesNotRemoved" methodname="RemoveWithBoundsAndVersionChecks_MockData_ValidIndexRemovedInvalidIndicesNotRemoved" classname="GDX.Collections.Generic.NativeArraySparseSetTests" runstate="Runnable" seed="1963586642" result="Passed" start-time="2022-07-02 23:05:09Z" end-time="2022-07-02 23:05:09Z" duration="0.000518" asserts="0">
                <properties>
                  <property name="Category" value="GDX.Tests" />
                </properties>
              </test-case>
              <test-case id="1459" name="RemoveWithBoundsCheck_MockData_ValidIndexRemovedInvalidIndicesNotRemoved" fullname="GDX.Collections.Generic.NativeArraySparseSetTests.RemoveWithBoundsCheck_MockData_ValidIndexRemovedInvalidIndicesNotRemoved" methodname="RemoveWithBoundsCheck_MockData_ValidIndexRemovedInvalidIndicesNotRemoved" classname="GDX.Collections.Generic.NativeArraySparseSetTests" runstate="Runnable" seed="15899732" result="Passed" start-time="2022-07-02 23:05:09Z" end-time="2022-07-02 23:05:09Z" duration="0.000381" asserts="0">
                <properties>
                  <property name="Category" value="GDX.Tests" />
                </properties>
              </test-case>
              <test-case id="1460" name="RemoveWithVersionCheck_MockData_ValidIndexRemovedInvalidIndicesNotRemoved" fullname="GDX.Collections.Generic.NativeArraySparseSetTests.RemoveWithVersionCheck_MockData_ValidIndexRemovedInvalidIndicesNotRemoved" methodname="RemoveWithVersionCheck_MockData_ValidIndexRemovedInvalidIndicesNotRemoved" classname="GDX.Collections.Generic.NativeArraySparseSetTests" runstate="Runnable" seed="962133814" result="Passed" start-time="2022-07-02 23:05:09Z" end-time="2022-07-02 23:05:09Z" duration="0.000429" asserts="0">
                <properties>
                  <property name="Category" value="GDX.Tests" />
                </properties>
              </test-case>
              <test-case id="1474" name="Reserve_MockData_Expanded" fullname="GDX.Collections.Generic.NativeArraySparseSetTests.Reserve_MockData_Expanded" methodname="Reserve_MockData_Expanded" classname="GDX.Collections.Generic.NativeArraySparseSetTests" runstate="Runnable" seed="1808230564" result="Passed" start-time="2022-07-02 23:05:09Z" end-time="2022-07-02 23:05:09Z" duration="0.000369" asserts="0">
                <properties>
                  <property name="Category" value="GDX.Tests" />
                </properties>
              </test-case>
              <test-case id="1475" name="Reserve_MockDataWithVersionArray_Expanded" fullname="GDX.Collections.Generic.NativeArraySparseSetTests.Reserve_MockDataWithVersionArray_Expanded" methodname="Reserve_MockDataWithVersionArray_Expanded" classname="GDX.Collections.Generic.NativeArraySparseSetTests" runstate="Runnable" seed="1802186921" result="Passed" start-time="2022-07-02 23:05:09Z" end-time="2022-07-02 23:05:09Z" duration="0.000218" asserts="0">
                <properties>
                  <property name="Category" value="GDX.Tests" />
                </properties>
              </test-case>
            </test-suite>
            <test-suite type="TestFixture" id="1476" name="SerializableDictionaryTests" fullname="GDX.Collections.Generic.SerializableDictionaryTests" classname="GDX.Collections.Generic.SerializableDictionaryTests" runstate="Runnable" testcasecount="5" result="Passed" start-time="2022-07-02 23:05:09Z" end-time="2022-07-02 23:05:09Z" duration="0.006812" total="5" passed="5" failed="0" inconclusive="0" skipped="0" asserts="0">
              <properties />
              <test-case id="1477" name="IsSerializableType_SystemObject_ReturnsFalse" fullname="GDX.Collections.Generic.SerializableDictionaryTests.IsSerializableType_SystemObject_ReturnsFalse" methodname="IsSerializableType_SystemObject_ReturnsFalse" classname="GDX.Collections.Generic.SerializableDictionaryTests" runstate="Runnable" seed="778059585" result="Passed" start-time="2022-07-02 23:05:09Z" end-time="2022-07-02 23:05:09Z" duration="0.000846" asserts="0">
                <properties>
                  <property name="Category" value="GDX.Tests" />
                </properties>
              </test-case>
              <test-case id="1479" name="IsSerializableType_UnityObject_ReturnsTrue" fullname="GDX.Collections.Generic.SerializableDictionaryTests.IsSerializableType_UnityObject_ReturnsTrue" methodname="IsSerializableType_UnityObject_ReturnsTrue" classname="GDX.Collections.Generic.SerializableDictionaryTests" runstate="Runnable" seed="941538187" result="Passed" start-time="2022-07-02 23:05:09Z" end-time="2022-07-02 23:05:09Z" duration="0.000197" asserts="0">
                <properties>
                  <property name="Category" value="GDX.Tests" />
                </properties>
              </test-case>
              <test-case id="1480" name="OverwriteSerializedData_MockData_PopulatesDictionary" fullname="GDX.Collections.Generic.SerializableDictionaryTests.OverwriteSerializedData_MockData_PopulatesDictionary" methodname="OverwriteSerializedData_MockData_PopulatesDictionary" classname="GDX.Collections.Generic.SerializableDictionaryTests" runstate="Runnable" seed="149783170" result="Passed" start-time="2022-07-02 23:05:09Z" end-time="2022-07-02 23:05:09Z" duration="0.001004" asserts="0">
                <properties>
                  <property name="Category" value="GDX.Tests" />
                </properties>
              </test-case>
              <test-case id="1478" name="SaveSerializedData_MockData_ReturnsSerializedDataLength" fullname="GDX.Collections.Generic.SerializableDictionaryTests.SaveSerializedData_MockData_ReturnsSerializedDataLength" methodname="SaveSerializedData_MockData_ReturnsSerializedDataLength" classname="GDX.Collections.Generic.SerializableDictionaryTests" runstate="Runnable" seed="152305808" result="Passed" start-time="2022-07-02 23:05:09Z" end-time="2022-07-02 23:05:09Z" duration="0.000732" asserts="0">
                <properties>
                  <property name="Category" value="GDX.Tests" />
                </properties>
              </test-case>
              <test-case id="1481" name="SaveSerializedData_NoData_ReturnsZeroSerializedDataLength" fullname="GDX.Collections.Generic.SerializableDictionaryTests.SaveSerializedData_NoData_ReturnsZeroSerializedDataLength" methodname="SaveSerializedData_NoData_ReturnsZeroSerializedDataLength" classname="GDX.Collections.Generic.SerializableDictionaryTests" runstate="Runnable" seed="889858123" result="Passed" start-time="2022-07-02 23:05:09Z" end-time="2022-07-02 23:05:09Z" duration="0.000153" asserts="0">
                <properties>
                  <property name="Category" value="GDX.Tests" />
                </properties>
              </test-case>
            </test-suite>
            <test-suite type="TestFixture" id="1482" name="SimpleListTests" fullname="GDX.Collections.Generic.SimpleListTests" classname="GDX.Collections.Generic.SimpleListTests" runstate="Runnable" testcasecount="40" result="Passed" start-time="2022-07-02 23:05:09Z" end-time="2022-07-02 23:05:09Z" duration="0.025015" total="40" passed="40" failed="0" inconclusive="0" skipped="0" asserts="0">
              <properties />
              <test-case id="1493" name="AddExpandClearBoth_MockDataWithExpansion_ValueAdded" fullname="GDX.Collections.Generic.SimpleListTests.AddExpandClearBoth_MockDataWithExpansion_ValueAdded" methodname="AddExpandClearBoth_MockDataWithExpansion_ValueAdded" classname="GDX.Collections.Generic.SimpleListTests" runstate="Runnable" seed="92789950" result="Passed" start-time="2022-07-02 23:05:09Z" end-time="2022-07-02 23:05:09Z" duration="0.000556" asserts="0">
                <properties>
                  <property name="Category" value="GDX.Tests" />
                </properties>
              </test-case>
              <test-case id="1492" name="AddExpandClearNew_MockDataWithExpansion_ValueAdded" fullname="GDX.Collections.Generic.SimpleListTests.AddExpandClearNew_MockDataWithExpansion_ValueAdded" methodname="AddExpandClearNew_MockDataWithExpansion_ValueAdded" classname="GDX.Collections.Generic.SimpleListTests" runstate="Runnable" seed="1473553665" result="Passed" start-time="2022-07-02 23:05:09Z" end-time="2022-07-02 23:05:09Z" duration="0.000411" asserts="0">
                <properties>
                  <property name="Category" value="GDX.Tests" />
                </properties>
              </test-case>
              <test-case id="1491" name="AddExpandClearOld_MockDataWithExpansion_ValueAdded" fullname="GDX.Collections.Generic.SimpleListTests.AddExpandClearOld_MockDataWithExpansion_ValueAdded" methodname="AddExpandClearOld_MockDataWithExpansion_ValueAdded" classname="GDX.Collections.Generic.SimpleListTests" runstate="Runnable" seed="766907222" result="Passed" start-time="2022-07-02 23:05:09Z" end-time="2022-07-02 23:05:09Z" duration="0.000382" asserts="0">
                <properties>
                  <property name="Category" value="GDX.Tests" />
                </properties>
              </test-case>
              <test-case id="1490" name="AddExpandNoClear_MockDataWithExpansion_ValueAdded" fullname="GDX.Collections.Generic.SimpleListTests.AddExpandNoClear_MockDataWithExpansion_ValueAdded" methodname="AddExpandNoClear_MockDataWithExpansion_ValueAdded" classname="GDX.Collections.Generic.SimpleListTests" runstate="Runnable" seed="1868631068" result="Passed" start-time="2022-07-02 23:05:09Z" end-time="2022-07-02 23:05:09Z" duration="0.000395" asserts="0">
                <properties>
                  <property name="Category" value="GDX.Tests" />
                </properties>
              </test-case>
              <test-case id="1486" name="AddUnchecked_MockData_ValueAdded" fullname="GDX.Collections.Generic.SimpleListTests.AddUnchecked_MockData_ValueAdded" methodname="AddUnchecked_MockData_ValueAdded" classname="GDX.Collections.Generic.SimpleListTests" runstate="Runnable" seed="1579264771" result="Passed" start-time="2022-07-02 23:05:09Z" end-time="2022-07-02 23:05:09Z" duration="0.000226" asserts="0">
                <properties>
                  <property name="Category" value="GDX.Tests" />
                </properties>
              </test-case>
              <test-case id="1487" name="AddUnchecked_MockDataOverflow_ThrowsException" fullname="GDX.Collections.Generic.SimpleListTests.AddUnchecked_MockDataOverflow_ThrowsException" methodname="AddUnchecked_MockDataOverflow_ThrowsException" classname="GDX.Collections.Generic.SimpleListTests" runstate="Runnable" seed="337899696" result="Passed" start-time="2022-07-02 23:05:09Z" end-time="2022-07-02 23:05:09Z" duration="0.000347" asserts="0">
                <properties>
                  <property name="Category" value="GDX.Tests" />
                </properties>
              </test-case>
              <test-case id="1488" name="AddWithExpandCheck_MockData_ValueAdded" fullname="GDX.Collections.Generic.SimpleListTests.AddWithExpandCheck_MockData_ValueAdded" methodname="AddWithExpandCheck_MockData_ValueAdded" classname="GDX.Collections.Generic.SimpleListTests" runstate="Runnable" seed="2136990860" result="Passed" start-time="2022-07-02 23:05:09Z" end-time="2022-07-02 23:05:09Z" duration="0.000351" asserts="0">
                <properties>
                  <property name="Category" value="GDX.Tests" />
                </properties>
              </test-case>
              <test-case id="1489" name="AddWithExpandCheck_MockDataWithExpansion_ValueAdded" fullname="GDX.Collections.Generic.SimpleListTests.AddWithExpandCheck_MockDataWithExpansion_ValueAdded" methodname="AddWithExpandCheck_MockDataWithExpansion_ValueAdded" classname="GDX.Collections.Generic.SimpleListTests" runstate="Runnable" seed="1079118264" result="Passed" start-time="2022-07-02 23:05:09Z" end-time="2022-07-02 23:05:09Z" duration="0.000262" asserts="0">
                <properties>
                  <property name="Category" value="GDX.Tests" />
                </properties>
              </test-case>
              <test-case id="1498" name="Clear_MockData_DataCleared" fullname="GDX.Collections.Generic.SimpleListTests.Clear_MockData_DataCleared" methodname="Clear_MockData_DataCleared" classname="GDX.Collections.Generic.SimpleListTests" runstate="Runnable" seed="1499647983" result="Passed" start-time="2022-07-02 23:05:09Z" end-time="2022-07-02 23:05:09Z" duration="0.000217" asserts="0">
                <properties>
                  <property name="Category" value="GDX.Tests" />
                </properties>
              </test-case>
              <test-case id="1483" name="Constructor_CreateWithCount" fullname="GDX.Collections.Generic.SimpleListTests.Constructor_CreateWithCount" methodname="Constructor_CreateWithCount" classname="GDX.Collections.Generic.SimpleListTests" runstate="Runnable" seed="184243462" result="Passed" start-time="2022-07-02 23:05:09Z" end-time="2022-07-02 23:05:09Z" duration="0.000200" asserts="0">
                <properties>
                  <property name="Category" value="GDX.Tests" />
                </properties>
              </test-case>
              <test-case id="1484" name="Constructor_CreateWithExisting_FillsList" fullname="GDX.Collections.Generic.SimpleListTests.Constructor_CreateWithExisting_FillsList" methodname="Constructor_CreateWithExisting_FillsList" classname="GDX.Collections.Generic.SimpleListTests" runstate="Runnable" seed="1009422086" result="Passed" start-time="2022-07-02 23:05:09Z" end-time="2022-07-02 23:05:09Z" duration="0.000229" asserts="0">
                <properties>
                  <property name="Category" value="GDX.Tests" />
                </properties>
              </test-case>
              <test-case id="1485" name="Constructor_CreateWithExistingNoCount_FillsListNoCount" fullname="GDX.Collections.Generic.SimpleListTests.Constructor_CreateWithExistingNoCount_FillsListNoCount" methodname="Constructor_CreateWithExistingNoCount_FillsListNoCount" classname="GDX.Collections.Generic.SimpleListTests" runstate="Runnable" seed="255754891" result="Passed" start-time="2022-07-02 23:05:09Z" end-time="2022-07-02 23:05:09Z" duration="0.000212" asserts="0">
                <properties>
                  <property name="Category" value="GDX.Tests" />
                </properties>
              </test-case>
              <test-case id="1497" name="InsertExpandClearBoth_MockDataWithExpansion_ValueAdded" fullname="GDX.Collections.Generic.SimpleListTests.InsertExpandClearBoth_MockDataWithExpansion_ValueAdded" methodname="InsertExpandClearBoth_MockDataWithExpansion_ValueAdded" classname="GDX.Collections.Generic.SimpleListTests" runstate="Runnable" seed="616474674" result="Passed" start-time="2022-07-02 23:05:09Z" end-time="2022-07-02 23:05:09Z" duration="0.000417" asserts="0">
                <properties>
                  <property name="Category" value="GDX.Tests" />
                </properties>
              </test-case>
              <test-case id="1496" name="InsertExpandClearNew_MockDataWithExpansion_ValueAdded" fullname="GDX.Collections.Generic.SimpleListTests.InsertExpandClearNew_MockDataWithExpansion_ValueAdded" methodname="InsertExpandClearNew_MockDataWithExpansion_ValueAdded" classname="GDX.Collections.Generic.SimpleListTests" runstate="Runnable" seed="931885269" result="Passed" start-time="2022-07-02 23:05:09Z" end-time="2022-07-02 23:05:09Z" duration="0.000424" asserts="0">
                <properties>
                  <property name="Category" value="GDX.Tests" />
                </properties>
              </test-case>
              <test-case id="1495" name="InsertExpandClearOld_MockDataWithExpansion_ValueAdded" fullname="GDX.Collections.Generic.SimpleListTests.InsertExpandClearOld_MockDataWithExpansion_ValueAdded" methodname="InsertExpandClearOld_MockDataWithExpansion_ValueAdded" classname="GDX.Collections.Generic.SimpleListTests" runstate="Runnable" seed="1788392149" result="Passed" start-time="2022-07-02 23:05:09Z" end-time="2022-07-02 23:05:09Z" duration="0.000387" asserts="0">
                <properties>
                  <property name="Category" value="GDX.Tests" />
                </properties>
              </test-case>
              <test-case id="1494" name="InsertExpandNoClear_MockDataWithExpansion_ValueAdded" fullname="GDX.Collections.Generic.SimpleListTests.InsertExpandNoClear_MockDataWithExpansion_ValueAdded" methodname="InsertExpandNoClear_MockDataWithExpansion_ValueAdded" classname="GDX.Collections.Generic.SimpleListTests" runstate="Runnable" seed="456510945" result="Passed" start-time="2022-07-02 23:05:09Z" end-time="2022-07-02 23:05:09Z" duration="0.000406" asserts="0">
                <properties>
                  <property name="Category" value="GDX.Tests" />
                </properties>
              </test-case>
              <test-case id="1499" name="InsertUnchecked_MockDataAtEnd_ValueAdded" fullname="GDX.Collections.Generic.SimpleListTests.InsertUnchecked_MockDataAtEnd_ValueAdded" methodname="InsertUnchecked_MockDataAtEnd_ValueAdded" classname="GDX.Collections.Generic.SimpleListTests" runstate="Runnable" seed="2066293199" result="Passed" start-time="2022-07-02 23:05:09Z" end-time="2022-07-02 23:05:09Z" duration="0.000234" asserts="0">
                <properties>
                  <property name="Category" value="GDX.Tests" />
                </properties>
              </test-case>
              <test-case id="1500" name="InsertUnchecked_MockDataAtStart_ValueAdded" fullname="GDX.Collections.Generic.SimpleListTests.InsertUnchecked_MockDataAtStart_ValueAdded" methodname="InsertUnchecked_MockDataAtStart_ValueAdded" classname="GDX.Collections.Generic.SimpleListTests" runstate="Runnable" seed="696636421" result="Passed" start-time="2022-07-02 23:05:09Z" end-time="2022-07-02 23:05:09Z" duration="0.000167" asserts="0">
                <properties>
                  <property name="Category" value="GDX.Tests" />
                </properties>
              </test-case>
              <test-case id="1501" name="InsertUnchecked_MockDataInMiddle_ValueAdded" fullname="GDX.Collections.Generic.SimpleListTests.InsertUnchecked_MockDataInMiddle_ValueAdded" methodname="InsertUnchecked_MockDataInMiddle_ValueAdded" classname="GDX.Collections.Generic.SimpleListTests" runstate="Runnable" seed="1783816666" result="Passed" start-time="2022-07-02 23:05:09Z" end-time="2022-07-02 23:05:09Z" duration="0.000169" asserts="0">
                <properties>
                  <property name="Category" value="GDX.Tests" />
                </properties>
              </test-case>
              <test-case id="1502" name="InsertWithExpandCheck_MockDataAtEnd_ValueAdded" fullname="GDX.Collections.Generic.SimpleListTests.InsertWithExpandCheck_MockDataAtEnd_ValueAdded" methodname="InsertWithExpandCheck_MockDataAtEnd_ValueAdded" classname="GDX.Collections.Generic.SimpleListTests" runstate="Runnable" seed="1075625258" result="Passed" start-time="2022-07-02 23:05:09Z" end-time="2022-07-02 23:05:09Z" duration="0.000260" asserts="0">
                <properties>
                  <property name="Category" value="GDX.Tests" />
                </properties>
              </test-case>
              <test-case id="1505" name="InsertWithExpandCheck_MockDataAtEndAndCustomCount_ValueAdded" fullname="GDX.Collections.Generic.SimpleListTests.InsertWithExpandCheck_MockDataAtEndAndCustomCount_ValueAdded" methodname="InsertWithExpandCheck_MockDataAtEndAndCustomCount_ValueAdded" classname="GDX.Collections.Generic.SimpleListTests" runstate="Runnable" seed="1339819066" result="Passed" start-time="2022-07-02 23:05:09Z" end-time="2022-07-02 23:05:09Z" duration="0.000362" asserts="0">
                <properties>
                  <property name="Category" value="GDX.Tests" />
                </properties>
              </test-case>
              <test-case id="1503" name="InsertWithExpandCheck_MockDataAtStart_ValueAdded" fullname="GDX.Collections.Generic.SimpleListTests.InsertWithExpandCheck_MockDataAtStart_ValueAdded" methodname="InsertWithExpandCheck_MockDataAtStart_ValueAdded" classname="GDX.Collections.Generic.SimpleListTests" runstate="Runnable" seed="1067360954" result="Passed" start-time="2022-07-02 23:05:09Z" end-time="2022-07-02 23:05:09Z" duration="0.000173" asserts="0">
                <properties>
                  <property name="Category" value="GDX.Tests" />
                </properties>
              </test-case>
              <test-case id="1506" name="InsertWithExpandCheck_MockDataAtStartAndCustomCount_ValueAdded" fullname="GDX.Collections.Generic.SimpleListTests.InsertWithExpandCheck_MockDataAtStartAndCustomCount_ValueAdded" methodname="InsertWithExpandCheck_MockDataAtStartAndCustomCount_ValueAdded" classname="GDX.Collections.Generic.SimpleListTests" runstate="Runnable" seed="55248020" result="Passed" start-time="2022-07-02 23:05:09Z" end-time="2022-07-02 23:05:09Z" duration="0.000183" asserts="0">
                <properties>
                  <property name="Category" value="GDX.Tests" />
                </properties>
              </test-case>
              <test-case id="1504" name="InsertWithExpandCheck_MockDataInMiddle_ValueAdded" fullname="GDX.Collections.Generic.SimpleListTests.InsertWithExpandCheck_MockDataInMiddle_ValueAdded" methodname="InsertWithExpandCheck_MockDataInMiddle_ValueAdded" classname="GDX.Collections.Generic.SimpleListTests" runstate="Runnable" seed="925581001" result="Passed" start-time="2022-07-02 23:05:09Z" end-time="2022-07-02 23:05:09Z" duration="0.000168" asserts="0">
                <properties>
                  <property name="Category" value="GDX.Tests" />
                </properties>
              </test-case>
              <test-case id="1507" name="InsertWithExpandCheck_MockDataInMiddleAndCustomCount_ValueAdded" fullname="GDX.Collections.Generic.SimpleListTests.InsertWithExpandCheck_MockDataInMiddleAndCustomCount_ValueAdded" methodname="InsertWithExpandCheck_MockDataInMiddleAndCustomCount_ValueAdded" classname="GDX.Collections.Generic.SimpleListTests" runstate="Runnable" seed="656479911" result="Passed" start-time="2022-07-02 23:05:09Z" end-time="2022-07-02 23:05:09Z" duration="0.000185" asserts="0">
                <properties>
                  <property name="Category" value="GDX.Tests" />
                </properties>
              </test-case>
              <test-case id="1508" name="RemoveAt_MockDataAtEnd_ValueRemoved" fullname="GDX.Collections.Generic.SimpleListTests.RemoveAt_MockDataAtEnd_ValueRemoved" methodname="RemoveAt_MockDataAtEnd_ValueRemoved" classname="GDX.Collections.Generic.SimpleListTests" runstate="Runnable" seed="1374108245" result="Passed" start-time="2022-07-02 23:05:09Z" end-time="2022-07-02 23:05:09Z" duration="0.000257" asserts="0">
                <properties>
                  <property name="Category" value="GDX.Tests" />
                </properties>
              </test-case>
              <test-case id="1509" name="RemoveAt_MockDataAtStart_ValueRemoved" fullname="GDX.Collections.Generic.SimpleListTests.RemoveAt_MockDataAtStart_ValueRemoved" methodname="RemoveAt_MockDataAtStart_ValueRemoved" classname="GDX.Collections.Generic.SimpleListTests" runstate="Runnable" seed="1019189210" result="Passed" start-time="2022-07-02 23:05:09Z" end-time="2022-07-02 23:05:09Z" duration="0.000176" asserts="0">
                <properties>
                  <property name="Category" value="GDX.Tests" />
                </properties>
              </test-case>
              <test-case id="1510" name="RemoveAt_MockDataInMiddle_ValueRemoved" fullname="GDX.Collections.Generic.SimpleListTests.RemoveAt_MockDataInMiddle_ValueRemoved" methodname="RemoveAt_MockDataInMiddle_ValueRemoved" classname="GDX.Collections.Generic.SimpleListTests" runstate="Runnable" seed="471472916" result="Passed" start-time="2022-07-02 23:05:09Z" end-time="2022-07-02 23:05:09Z" duration="0.000175" asserts="0">
                <properties>
                  <property name="Category" value="GDX.Tests" />
                </properties>
              </test-case>
              <test-case id="1511" name="RemoveAtSwapBack_MockDataAtEnd_ValueRemoved" fullname="GDX.Collections.Generic.SimpleListTests.RemoveAtSwapBack_MockDataAtEnd_ValueRemoved" methodname="RemoveAtSwapBack_MockDataAtEnd_ValueRemoved" classname="GDX.Collections.Generic.SimpleListTests" runstate="Runnable" seed="100134631" result="Passed" start-time="2022-07-02 23:05:09Z" end-time="2022-07-02 23:05:09Z" duration="0.000235" asserts="0">
                <properties>
                  <property name="Category" value="GDX.Tests" />
                </properties>
              </test-case>
              <test-case id="1512" name="RemoveAtSwapBack_MockDataAtStart_ValueRemoved" fullname="GDX.Collections.Generic.SimpleListTests.RemoveAtSwapBack_MockDataAtStart_ValueRemoved" methodname="RemoveAtSwapBack_MockDataAtStart_ValueRemoved" classname="GDX.Collections.Generic.SimpleListTests" runstate="Runnable" seed="958459787" result="Passed" start-time="2022-07-02 23:05:09Z" end-time="2022-07-02 23:05:09Z" duration="0.000177" asserts="0">
                <properties>
                  <property name="Category" value="GDX.Tests" />
                </properties>
              </test-case>
              <test-case id="1513" name="RemoveAtSwapBack_MockDataInMiddle_ValueRemoved" fullname="GDX.Collections.Generic.SimpleListTests.RemoveAtSwapBack_MockDataInMiddle_ValueRemoved" methodname="RemoveAtSwapBack_MockDataInMiddle_ValueRemoved" classname="GDX.Collections.Generic.SimpleListTests" runstate="Runnable" seed="1619070325" result="Passed" start-time="2022-07-02 23:05:09Z" end-time="2022-07-02 23:05:09Z" duration="0.000173" asserts="0">
                <properties>
                  <property name="Category" value="GDX.Tests" />
                </properties>
              </test-case>
              <test-case id="1514" name="RemoveFromBack_MockData_ValueRemoved" fullname="GDX.Collections.Generic.SimpleListTests.RemoveFromBack_MockData_ValueRemoved" methodname="RemoveFromBack_MockData_ValueRemoved" classname="GDX.Collections.Generic.SimpleListTests" runstate="Runnable" seed="759600156" result="Passed" start-time="2022-07-02 23:05:09Z" end-time="2022-07-02 23:05:09Z" duration="0.000243" asserts="0">
                <properties>
                  <property name="Category" value="GDX.Tests" />
                </properties>
              </test-case>
              <test-case id="1515" name="Reserve_MockData_ArrayExpanded" fullname="GDX.Collections.Generic.SimpleListTests.Reserve_MockData_ArrayExpanded" methodname="Reserve_MockData_ArrayExpanded" classname="GDX.Collections.Generic.SimpleListTests" runstate="Runnable" seed="183049786" result="Passed" start-time="2022-07-02 23:05:09Z" end-time="2022-07-02 23:05:09Z" duration="0.000222" asserts="0">
                <properties>
                  <property name="Category" value="GDX.Tests" />
                </properties>
              </test-case>
              <test-case id="1519" name="ReserveClearBoth_MockDataWithExpansion_ValueAdded" fullname="GDX.Collections.Generic.SimpleListTests.ReserveClearBoth_MockDataWithExpansion_ValueAdded" methodname="ReserveClearBoth_MockDataWithExpansion_ValueAdded" classname="GDX.Collections.Generic.SimpleListTests" runstate="Runnable" seed="181057774" result="Passed" start-time="2022-07-02 23:05:09Z" end-time="2022-07-02 23:05:09Z" duration="0.000387" asserts="0">
                <properties>
                  <property name="Category" value="GDX.Tests" />
                </properties>
              </test-case>
              <test-case id="1518" name="ReserveClearNew_MockDataWithExpansion_ValueAdded" fullname="GDX.Collections.Generic.SimpleListTests.ReserveClearNew_MockDataWithExpansion_ValueAdded" methodname="ReserveClearNew_MockDataWithExpansion_ValueAdded" classname="GDX.Collections.Generic.SimpleListTests" runstate="Runnable" seed="468202447" result="Passed" start-time="2022-07-02 23:05:09Z" end-time="2022-07-02 23:05:09Z" duration="0.000365" asserts="0">
                <properties>
                  <property name="Category" value="GDX.Tests" />
                </properties>
              </test-case>
              <test-case id="1517" name="ReserveClearOld_MockDataWithExpansion_ValueAdded" fullname="GDX.Collections.Generic.SimpleListTests.ReserveClearOld_MockDataWithExpansion_ValueAdded" methodname="ReserveClearOld_MockDataWithExpansion_ValueAdded" classname="GDX.Collections.Generic.SimpleListTests" runstate="Runnable" seed="748184492" result="Passed" start-time="2022-07-02 23:05:09Z" end-time="2022-07-02 23:05:09Z" duration="0.000354" asserts="0">
                <properties>
                  <property name="Category" value="GDX.Tests" />
                </properties>
              </test-case>
              <test-case id="1516" name="ReserveNoClear_MockDataWithExpansion_ValueAdded" fullname="GDX.Collections.Generic.SimpleListTests.ReserveNoClear_MockDataWithExpansion_ValueAdded" methodname="ReserveNoClear_MockDataWithExpansion_ValueAdded" classname="GDX.Collections.Generic.SimpleListTests" runstate="Runnable" seed="2003396244" result="Passed" start-time="2022-07-02 23:05:09Z" end-time="2022-07-02 23:05:09Z" duration="0.000475" asserts="0">
                <properties>
                  <property name="Category" value="GDX.Tests" />
                </properties>
              </test-case>
              <test-case id="1520" name="Reverse_MockDataEven_ArrayReversed" fullname="GDX.Collections.Generic.SimpleListTests.Reverse_MockDataEven_ArrayReversed" methodname="Reverse_MockDataEven_ArrayReversed" classname="GDX.Collections.Generic.SimpleListTests" runstate="Runnable" seed="1929105160" result="Passed" start-time="2022-07-02 23:05:09Z" end-time="2022-07-02 23:05:09Z" duration="0.000299" asserts="0">
                <properties>
                  <property name="Category" value="GDX.Tests" />
                </properties>
              </test-case>
              <test-case id="1521" name="Reverse_MockDataOdd_ArrayReversed" fullname="GDX.Collections.Generic.SimpleListTests.Reverse_MockDataOdd_ArrayReversed" methodname="Reverse_MockDataOdd_ArrayReversed" classname="GDX.Collections.Generic.SimpleListTests" runstate="Runnable" seed="1904694392" result="Passed" start-time="2022-07-02 23:05:09Z" end-time="2022-07-02 23:05:09Z" duration="0.000197" asserts="0">
                <properties>
                  <property name="Category" value="GDX.Tests" />
                </properties>
              </test-case>
              <test-case id="1522" name="Reverse_MockDataOddLimited_ArrayReversed" fullname="GDX.Collections.Generic.SimpleListTests.Reverse_MockDataOddLimited_ArrayReversed" methodname="Reverse_MockDataOddLimited_ArrayReversed" classname="GDX.Collections.Generic.SimpleListTests" runstate="Runnable" seed="972086609" result="Passed" start-time="2022-07-02 23:05:09Z" end-time="2022-07-02 23:05:09Z" duration="0.000228" asserts="0">
                <properties>
                  <property name="Category" value="GDX.Tests" />
                </properties>
              </test-case>
            </test-suite>
            <test-suite type="TestFixture" id="1523" name="SparseSetTests" fullname="GDX.Collections.Generic.SparseSetTests" classname="GDX.Collections.Generic.SparseSetTests" runstate="Runnable" testcasecount="54" result="Passed" start-time="2022-07-02 23:05:09Z" end-time="2022-07-02 23:05:09Z" duration="0.036065" total="54" passed="54" failed="0" inconclusive="0" skipped="0" asserts="0">
              <properties />
              <test-case id="1526" name="AddUnchecked_MockData_IndicesReserved" fullname="GDX.Collections.Generic.SparseSetTests.AddUnchecked_MockData_IndicesReserved" methodname="AddUnchecked_MockData_IndicesReserved" classname="GDX.Collections.Generic.SparseSetTests" runstate="Runnable" seed="1614261174" result="Passed" start-time="2022-07-02 23:05:09Z" end-time="2022-07-02 23:05:09Z" duration="0.000402" asserts="0">
                <properties>
                  <property name="Category" value="GDX.Tests" />
                </properties>
              </test-case>
              <test-case id="1529" name="AddUnchecked_MockDataAndVersionArrayOverflow_ThrowsException" fullname="GDX.Collections.Generic.SparseSetTests.AddUnchecked_MockDataAndVersionArrayOverflow_ThrowsException" methodname="AddUnchecked_MockDataAndVersionArrayOverflow_ThrowsException" classname="GDX.Collections.Generic.SparseSetTests" runstate="Runnable" seed="112322592" result="Passed" start-time="2022-07-02 23:05:09Z" end-time="2022-07-02 23:05:09Z" duration="0.000512" asserts="0">
                <properties>
                  <property name="Category" value="GDX.Tests" />
                </properties>
              </test-case>
              <test-case id="1562" name="AddUnchecked_MockDataGeneric0_Added" fullname="GDX.Collections.Generic.SparseSetTests.AddUnchecked_MockDataGeneric0_Added" methodname="AddUnchecked_MockDataGeneric0_Added" classname="GDX.Collections.Generic.SparseSetTests" runstate="Runnable" seed="278833494" result="Passed" start-time="2022-07-02 23:05:09Z" end-time="2022-07-02 23:05:09Z" duration="0.000267" asserts="0">
                <properties>
                  <property name="Category" value="GDX.Tests" />
                </properties>
              </test-case>
              <test-case id="1563" name="AddUnchecked_MockDataGeneric1_Added" fullname="GDX.Collections.Generic.SparseSetTests.AddUnchecked_MockDataGeneric1_Added" methodname="AddUnchecked_MockDataGeneric1_Added" classname="GDX.Collections.Generic.SparseSetTests" runstate="Runnable" seed="1244068279" result="Passed" start-time="2022-07-02 23:05:09Z" end-time="2022-07-02 23:05:09Z" duration="0.000279" asserts="0">
                <properties>
                  <property name="Category" value="GDX.Tests" />
                </properties>
              </test-case>
              <test-case id="1564" name="AddUnchecked_MockDataGeneric2_Added" fullname="GDX.Collections.Generic.SparseSetTests.AddUnchecked_MockDataGeneric2_Added" methodname="AddUnchecked_MockDataGeneric2_Added" classname="GDX.Collections.Generic.SparseSetTests" runstate="Runnable" seed="880553781" result="Passed" start-time="2022-07-02 23:05:09Z" end-time="2022-07-02 23:05:09Z" duration="0.000333" asserts="0">
                <properties>
                  <property name="Category" value="GDX.Tests" />
                </properties>
              </test-case>
              <test-case id="1565" name="AddUnchecked_MockDataGeneric3_Added" fullname="GDX.Collections.Generic.SparseSetTests.AddUnchecked_MockDataGeneric3_Added" methodname="AddUnchecked_MockDataGeneric3_Added" classname="GDX.Collections.Generic.SparseSetTests" runstate="Runnable" seed="726873569" result="Passed" start-time="2022-07-02 23:05:09Z" end-time="2022-07-02 23:05:09Z" duration="0.000314" asserts="0">
                <properties>
                  <property name="Category" value="GDX.Tests" />
                </properties>
              </test-case>
              <test-case id="1566" name="AddUnchecked_MockDataGeneric4_Added" fullname="GDX.Collections.Generic.SparseSetTests.AddUnchecked_MockDataGeneric4_Added" methodname="AddUnchecked_MockDataGeneric4_Added" classname="GDX.Collections.Generic.SparseSetTests" runstate="Runnable" seed="632872522" result="Passed" start-time="2022-07-02 23:05:09Z" end-time="2022-07-02 23:05:09Z" duration="0.000333" asserts="0">
                <properties>
                  <property name="Category" value="GDX.Tests" />
                </properties>
              </test-case>
              <test-case id="1567" name="AddUnchecked_MockDataGeneric5_Added" fullname="GDX.Collections.Generic.SparseSetTests.AddUnchecked_MockDataGeneric5_Added" methodname="AddUnchecked_MockDataGeneric5_Added" classname="GDX.Collections.Generic.SparseSetTests" runstate="Runnable" seed="1815832819" result="Passed" start-time="2022-07-02 23:05:09Z" end-time="2022-07-02 23:05:09Z" duration="0.000344" asserts="0">
                <properties>
                  <property name="Category" value="GDX.Tests" />
                </properties>
              </test-case>
              <test-case id="1568" name="AddUnchecked_MockDataGeneric6_Added" fullname="GDX.Collections.Generic.SparseSetTests.AddUnchecked_MockDataGeneric6_Added" methodname="AddUnchecked_MockDataGeneric6_Added" classname="GDX.Collections.Generic.SparseSetTests" runstate="Runnable" seed="1947903950" result="Passed" start-time="2022-07-02 23:05:09Z" end-time="2022-07-02 23:05:09Z" duration="0.000358" asserts="0">
                <properties>
                  <property name="Category" value="GDX.Tests" />
                </properties>
              </test-case>
              <test-case id="1569" name="AddUnchecked_MockDataGeneric7_Added" fullname="GDX.Collections.Generic.SparseSetTests.AddUnchecked_MockDataGeneric7_Added" methodname="AddUnchecked_MockDataGeneric7_Added" classname="GDX.Collections.Generic.SparseSetTests" runstate="Runnable" seed="1191402711" result="Passed" start-time="2022-07-02 23:05:09Z" end-time="2022-07-02 23:05:09Z" duration="0.000441" asserts="0">
                <properties>
                  <property name="Category" value="GDX.Tests" />
                </properties>
              </test-case>
              <test-case id="1528" name="AddUnchecked_MockDataOverflow_ThrowsException" fullname="GDX.Collections.Generic.SparseSetTests.AddUnchecked_MockDataOverflow_ThrowsException" methodname="AddUnchecked_MockDataOverflow_ThrowsException" classname="GDX.Collections.Generic.SparseSetTests" runstate="Runnable" seed="118630930" result="Passed" start-time="2022-07-02 23:05:09Z" end-time="2022-07-02 23:05:09Z" duration="0.000276" asserts="0">
                <properties>
                  <property name="Category" value="GDX.Tests" />
                </properties>
              </test-case>
              <test-case id="1527" name="AddUnchecked_MockDataWithVersionArray__IndicesReserved" fullname="GDX.Collections.Generic.SparseSetTests.AddUnchecked_MockDataWithVersionArray__IndicesReserved" methodname="AddUnchecked_MockDataWithVersionArray__IndicesReserved" classname="GDX.Collections.Generic.SparseSetTests" runstate="Runnable" seed="583432182" result="Passed" start-time="2022-07-02 23:05:09Z" end-time="2022-07-02 23:05:09Z" duration="0.000208" asserts="0">
                <properties>
                  <property name="Category" value="GDX.Tests" />
                </properties>
              </test-case>
              <test-case id="1532" name="AddUnchecked_MockDataWithVersionArray_Expanded" fullname="GDX.Collections.Generic.SparseSetTests.AddUnchecked_MockDataWithVersionArray_Expanded" methodname="AddUnchecked_MockDataWithVersionArray_Expanded" classname="GDX.Collections.Generic.SparseSetTests" runstate="Runnable" seed="1362063313" result="Passed" start-time="2022-07-02 23:05:09Z" end-time="2022-07-02 23:05:09Z" duration="0.000374" asserts="0">
                <properties>
                  <property name="Category" value="GDX.Tests" />
                </properties>
              </test-case>
              <test-case id="1530" name="AddWithExpandCheck_MockData_Expanded" fullname="GDX.Collections.Generic.SparseSetTests.AddWithExpandCheck_MockData_Expanded" methodname="AddWithExpandCheck_MockData_Expanded" classname="GDX.Collections.Generic.SparseSetTests" runstate="Runnable" seed="125293185" result="Passed" start-time="2022-07-02 23:05:09Z" end-time="2022-07-02 23:05:09Z" duration="0.000222" asserts="0">
                <properties>
                  <property name="Category" value="GDX.Tests" />
                </properties>
              </test-case>
              <test-case id="1554" name="AddWithExpandCheck_MockDataGeneric0_Expanded" fullname="GDX.Collections.Generic.SparseSetTests.AddWithExpandCheck_MockDataGeneric0_Expanded" methodname="AddWithExpandCheck_MockDataGeneric0_Expanded" classname="GDX.Collections.Generic.SparseSetTests" runstate="Runnable" seed="1734107918" result="Passed" start-time="2022-07-02 23:05:09Z" end-time="2022-07-02 23:05:09Z" duration="0.000368" asserts="0">
                <properties>
                  <property name="Category" value="GDX.Tests" />
                </properties>
              </test-case>
              <test-case id="1555" name="AddWithExpandCheck_MockDataGeneric1_Expanded" fullname="GDX.Collections.Generic.SparseSetTests.AddWithExpandCheck_MockDataGeneric1_Expanded" methodname="AddWithExpandCheck_MockDataGeneric1_Expanded" classname="GDX.Collections.Generic.SparseSetTests" runstate="Runnable" seed="2093283206" result="Passed" start-time="2022-07-02 23:05:09Z" end-time="2022-07-02 23:05:09Z" duration="0.000403" asserts="0">
                <properties>
                  <property name="Category" value="GDX.Tests" />
                </properties>
              </test-case>
              <test-case id="1556" name="AddWithExpandCheck_MockDataGeneric2_Expanded" fullname="GDX.Collections.Generic.SparseSetTests.AddWithExpandCheck_MockDataGeneric2_Expanded" methodname="AddWithExpandCheck_MockDataGeneric2_Expanded" classname="GDX.Collections.Generic.SparseSetTests" runstate="Runnable" seed="660898310" result="Passed" start-time="2022-07-02 23:05:09Z" end-time="2022-07-02 23:05:09Z" duration="0.000435" asserts="0">
                <properties>
                  <property name="Category" value="GDX.Tests" />
                </properties>
              </test-case>
              <test-case id="1557" name="AddWithExpandCheck_MockDataGeneric3_Expanded" fullname="GDX.Collections.Generic.SparseSetTests.AddWithExpandCheck_MockDataGeneric3_Expanded" methodname="AddWithExpandCheck_MockDataGeneric3_Expanded" classname="GDX.Collections.Generic.SparseSetTests" runstate="Runnable" seed="945633873" result="Passed" start-time="2022-07-02 23:05:09Z" end-time="2022-07-02 23:05:09Z" duration="0.000458" asserts="0">
                <properties>
                  <property name="Category" value="GDX.Tests" />
                </properties>
              </test-case>
              <test-case id="1558" name="AddWithExpandCheck_MockDataGeneric4_Expanded" fullname="GDX.Collections.Generic.SparseSetTests.AddWithExpandCheck_MockDataGeneric4_Expanded" methodname="AddWithExpandCheck_MockDataGeneric4_Expanded" classname="GDX.Collections.Generic.SparseSetTests" runstate="Runnable" seed="1318930991" result="Passed" start-time="2022-07-02 23:05:09Z" end-time="2022-07-02 23:05:09Z" duration="0.000483" asserts="0">
                <properties>
                  <property name="Category" value="GDX.Tests" />
                </properties>
              </test-case>
              <test-case id="1559" name="AddWithExpandCheck_MockDataGeneric5_Expanded" fullname="GDX.Collections.Generic.SparseSetTests.AddWithExpandCheck_MockDataGeneric5_Expanded" methodname="AddWithExpandCheck_MockDataGeneric5_Expanded" classname="GDX.Collections.Generic.SparseSetTests" runstate="Runnable" seed="573467298" result="Passed" start-time="2022-07-02 23:05:09Z" end-time="2022-07-02 23:05:09Z" duration="0.000563" asserts="0">
                <properties>
                  <property name="Category" value="GDX.Tests" />
                </properties>
              </test-case>
              <test-case id="1560" name="AddWithExpandCheck_MockDataGeneric6_Expanded" fullname="GDX.Collections.Generic.SparseSetTests.AddWithExpandCheck_MockDataGeneric6_Expanded" methodname="AddWithExpandCheck_MockDataGeneric6_Expanded" classname="GDX.Collections.Generic.SparseSetTests" runstate="Runnable" seed="1975118821" result="Passed" start-time="2022-07-02 23:05:09Z" end-time="2022-07-02 23:05:09Z" duration="0.000550" asserts="0">
                <properties>
                  <property name="Category" value="GDX.Tests" />
                </properties>
              </test-case>
              <test-case id="1561" name="AddWithExpandCheck_MockDataGeneric7_Expanded" fullname="GDX.Collections.Generic.SparseSetTests.AddWithExpandCheck_MockDataGeneric7_Expanded" methodname="AddWithExpandCheck_MockDataGeneric7_Expanded" classname="GDX.Collections.Generic.SparseSetTests" runstate="Runnable" seed="2131260038" result="Passed" start-time="2022-07-02 23:05:09Z" end-time="2022-07-02 23:05:09Z" duration="0.000563" asserts="0">
                <properties>
                  <property name="Category" value="GDX.Tests" />
                </properties>
              </test-case>
              <test-case id="1531" name="AddWithExpandCheck_MockDataWithVersionArray_Expanded" fullname="GDX.Collections.Generic.SparseSetTests.AddWithExpandCheck_MockDataWithVersionArray_Expanded" methodname="AddWithExpandCheck_MockDataWithVersionArray_Expanded" classname="GDX.Collections.Generic.SparseSetTests" runstate="Runnable" seed="58520612" result="Passed" start-time="2022-07-02 23:05:09Z" end-time="2022-07-02 23:05:09Z" duration="0.000213" asserts="0">
                <properties>
                  <property name="Category" value="GDX.Tests" />
                </properties>
              </test-case>
              <test-case id="1547" name="Clear_MockData_ArraysCleared" fullname="GDX.Collections.Generic.SparseSetTests.Clear_MockData_ArraysCleared" methodname="Clear_MockData_ArraysCleared" classname="GDX.Collections.Generic.SparseSetTests" runstate="Runnable" seed="888556230" result="Passed" start-time="2022-07-02 23:05:09Z" end-time="2022-07-02 23:05:09Z" duration="0.000232" asserts="0">
                <properties>
                  <property name="Category" value="GDX.Tests" />
                </properties>
              </test-case>
              <test-case id="1548" name="Clear_MockDataWithVersionArray_ArraysCleared" fullname="GDX.Collections.Generic.SparseSetTests.Clear_MockDataWithVersionArray_ArraysCleared" methodname="Clear_MockDataWithVersionArray_ArraysCleared" classname="GDX.Collections.Generic.SparseSetTests" runstate="Runnable" seed="1823394290" result="Passed" start-time="2022-07-02 23:05:09Z" end-time="2022-07-02 23:05:09Z" duration="0.000267" asserts="0">
                <properties>
                  <property name="Category" value="GDX.Tests" />
                </properties>
              </test-case>
              <test-case id="1549" name="ClearWithVersionReset_MockData_ArraysClearedAndVersionReset" fullname="GDX.Collections.Generic.SparseSetTests.ClearWithVersionReset_MockData_ArraysClearedAndVersionReset" methodname="ClearWithVersionReset_MockData_ArraysClearedAndVersionReset" classname="GDX.Collections.Generic.SparseSetTests" runstate="Runnable" seed="772315810" result="Passed" start-time="2022-07-02 23:05:09Z" end-time="2022-07-02 23:05:09Z" duration="0.000267" asserts="0">
                <properties>
                  <property name="Category" value="GDX.Tests" />
                </properties>
              </test-case>
              <test-case id="1524" name="Constructor_CreateWithCount" fullname="GDX.Collections.Generic.SparseSetTests.Constructor_CreateWithCount" methodname="Constructor_CreateWithCount" classname="GDX.Collections.Generic.SparseSetTests" runstate="Runnable" seed="2121427268" result="Passed" start-time="2022-07-02 23:05:09Z" end-time="2022-07-02 23:05:09Z" duration="0.000169" asserts="0">
                <properties>
                  <property name="Category" value="GDX.Tests" />
                </properties>
              </test-case>
              <test-case id="1525" name="Constructor_CreateWithCountAndVersionArray" fullname="GDX.Collections.Generic.SparseSetTests.Constructor_CreateWithCountAndVersionArray" methodname="Constructor_CreateWithCountAndVersionArray" classname="GDX.Collections.Generic.SparseSetTests" runstate="Runnable" seed="736140283" result="Passed" start-time="2022-07-02 23:05:09Z" end-time="2022-07-02 23:05:09Z" duration="0.000183" asserts="0">
                <properties>
                  <property name="Category" value="GDX.Tests" />
                </properties>
              </test-case>
              <test-case id="1550" name="Expand_MockData_Expanded" fullname="GDX.Collections.Generic.SparseSetTests.Expand_MockData_Expanded" methodname="Expand_MockData_Expanded" classname="GDX.Collections.Generic.SparseSetTests" runstate="Runnable" seed="603931442" result="Passed" start-time="2022-07-02 23:05:09Z" end-time="2022-07-02 23:05:09Z" duration="0.000266" asserts="0">
                <properties>
                  <property name="Category" value="GDX.Tests" />
                </properties>
              </test-case>
              <test-case id="1551" name="Expand_MockDataWithVersionArray_Expanded" fullname="GDX.Collections.Generic.SparseSetTests.Expand_MockDataWithVersionArray_Expanded" methodname="Expand_MockDataWithVersionArray_Expanded" classname="GDX.Collections.Generic.SparseSetTests" runstate="Runnable" seed="1175283307" result="Passed" start-time="2022-07-02 23:05:09Z" end-time="2022-07-02 23:05:09Z" duration="0.000292" asserts="0">
                <properties>
                  <property name="Category" value="GDX.Tests" />
                </properties>
              </test-case>
              <test-case id="1533" name="GetDenseIndexUnchecked_MockData_CorrectIndex" fullname="GDX.Collections.Generic.SparseSetTests.GetDenseIndexUnchecked_MockData_CorrectIndex" methodname="GetDenseIndexUnchecked_MockData_CorrectIndex" classname="GDX.Collections.Generic.SparseSetTests" runstate="Runnable" seed="1134589892" result="Passed" start-time="2022-07-02 23:05:09Z" end-time="2022-07-02 23:05:09Z" duration="0.000203" asserts="0">
                <properties>
                  <property name="Category" value="GDX.Tests" />
                </properties>
              </test-case>
              <test-case id="1536" name="GetDenseIndexWithBoundsAndVersionCheck_MockData_CorrectIndexAndHandlesInvalidIndex" fullname="GDX.Collections.Generic.SparseSetTests.GetDenseIndexWithBoundsAndVersionCheck_MockData_CorrectIndexAndHandlesInvalidIndex" methodname="GetDenseIndexWithBoundsAndVersionCheck_MockData_CorrectIndexAndHandlesInvalidIndex" classname="GDX.Collections.Generic.SparseSetTests" runstate="Runnable" seed="1073150814" result="Passed" start-time="2022-07-02 23:05:09Z" end-time="2022-07-02 23:05:09Z" duration="0.000425" asserts="0">
                <properties>
                  <property name="Category" value="GDX.Tests" />
                </properties>
              </test-case>
              <test-case id="1534" name="GetDenseIndexWithBoundsCheck_MockData_CorrectIndexAndHandlesInvalidIndex" fullname="GDX.Collections.Generic.SparseSetTests.GetDenseIndexWithBoundsCheck_MockData_CorrectIndexAndHandlesInvalidIndex" methodname="GetDenseIndexWithBoundsCheck_MockData_CorrectIndexAndHandlesInvalidIndex" classname="GDX.Collections.Generic.SparseSetTests" runstate="Runnable" seed="1777274607" result="Passed" start-time="2022-07-02 23:05:09Z" end-time="2022-07-02 23:05:09Z" duration="0.000279" asserts="0">
                <properties>
                  <property name="Category" value="GDX.Tests" />
                </properties>
              </test-case>
              <test-case id="1535" name="GetDenseIndexWithVersionCheck_MockData_CorrectIndexAndHandlesVersion" fullname="GDX.Collections.Generic.SparseSetTests.GetDenseIndexWithVersionCheck_MockData_CorrectIndexAndHandlesVersion" methodname="GetDenseIndexWithVersionCheck_MockData_CorrectIndexAndHandlesVersion" classname="GDX.Collections.Generic.SparseSetTests" runstate="Runnable" seed="850807764" result="Passed" start-time="2022-07-02 23:05:09Z" end-time="2022-07-02 23:05:09Z" duration="0.000363" asserts="0">
                <properties>
                  <property name="Category" value="GDX.Tests" />
                </properties>
              </test-case>
              <test-case id="1542" name="RemoveUnchecked_MockData_ValidIndexRemoved" fullname="GDX.Collections.Generic.SparseSetTests.RemoveUnchecked_MockData_ValidIndexRemoved" methodname="RemoveUnchecked_MockData_ValidIndexRemoved" classname="GDX.Collections.Generic.SparseSetTests" runstate="Runnable" seed="2146436172" result="Passed" start-time="2022-07-02 23:05:09Z" end-time="2022-07-02 23:05:09Z" duration="0.000237" asserts="0">
                <properties>
                  <property name="Category" value="GDX.Tests" />
                </properties>
              </test-case>
              <test-case id="1570" name="RemoveUnchecked_MockDataGeneric0_Removed" fullname="GDX.Collections.Generic.SparseSetTests.RemoveUnchecked_MockDataGeneric0_Removed" methodname="RemoveUnchecked_MockDataGeneric0_Removed" classname="GDX.Collections.Generic.SparseSetTests" runstate="Runnable" seed="163896782" result="Passed" start-time="2022-07-02 23:05:09Z" end-time="2022-07-02 23:05:09Z" duration="0.000275" asserts="0">
                <properties>
                  <property name="Category" value="GDX.Tests" />
                </properties>
              </test-case>
              <test-case id="1571" name="RemoveUnchecked_MockDataGeneric1_Removed" fullname="GDX.Collections.Generic.SparseSetTests.RemoveUnchecked_MockDataGeneric1_Removed" methodname="RemoveUnchecked_MockDataGeneric1_Removed" classname="GDX.Collections.Generic.SparseSetTests" runstate="Runnable" seed="1761791382" result="Passed" start-time="2022-07-02 23:05:09Z" end-time="2022-07-02 23:05:09Z" duration="0.000304" asserts="0">
                <properties>
                  <property name="Category" value="GDX.Tests" />
                </properties>
              </test-case>
              <test-case id="1572" name="RemoveUnchecked_MockDataGeneric2_Removed" fullname="GDX.Collections.Generic.SparseSetTests.RemoveUnchecked_MockDataGeneric2_Removed" methodname="RemoveUnchecked_MockDataGeneric2_Removed" classname="GDX.Collections.Generic.SparseSetTests" runstate="Runnable" seed="728845386" result="Passed" start-time="2022-07-02 23:05:09Z" end-time="2022-07-02 23:05:09Z" duration="0.000326" asserts="0">
                <properties>
                  <property name="Category" value="GDX.Tests" />
                </properties>
              </test-case>
              <test-case id="1573" name="RemoveUnchecked_MockDataGeneric3_Removed" fullname="GDX.Collections.Generic.SparseSetTests.RemoveUnchecked_MockDataGeneric3_Removed" methodname="RemoveUnchecked_MockDataGeneric3_Removed" classname="GDX.Collections.Generic.SparseSetTests" runstate="Runnable" seed="681309362" result="Passed" start-time="2022-07-02 23:05:09Z" end-time="2022-07-02 23:05:09Z" duration="0.000351" asserts="0">
                <properties>
                  <property name="Category" value="GDX.Tests" />
                </properties>
              </test-case>
              <test-case id="1574" name="RemoveUnchecked_MockDataGeneric4_Removed" fullname="GDX.Collections.Generic.SparseSetTests.RemoveUnchecked_MockDataGeneric4_Removed" methodname="RemoveUnchecked_MockDataGeneric4_Removed" classname="GDX.Collections.Generic.SparseSetTests" runstate="Runnable" seed="1456330592" result="Passed" start-time="2022-07-02 23:05:09Z" end-time="2022-07-02 23:05:09Z" duration="0.000419" asserts="0">
                <properties>
                  <property name="Category" value="GDX.Tests" />
                </properties>
              </test-case>
              <test-case id="1575" name="RemoveUnchecked_MockDataGeneric5_Removed" fullname="GDX.Collections.Generic.SparseSetTests.RemoveUnchecked_MockDataGeneric5_Removed" methodname="RemoveUnchecked_MockDataGeneric5_Removed" classname="GDX.Collections.Generic.SparseSetTests" runstate="Runnable" seed="1783859576" result="Passed" start-time="2022-07-02 23:05:09Z" end-time="2022-07-02 23:05:09Z" duration="0.000392" asserts="0">
                <properties>
                  <property name="Category" value="GDX.Tests" />
                </properties>
              </test-case>
              <test-case id="1576" name="RemoveUnchecked_MockDataGeneric6_Removed" fullname="GDX.Collections.Generic.SparseSetTests.RemoveUnchecked_MockDataGeneric6_Removed" methodname="RemoveUnchecked_MockDataGeneric6_Removed" classname="GDX.Collections.Generic.SparseSetTests" runstate="Runnable" seed="1391311389" result="Passed" start-time="2022-07-02 23:05:09Z" end-time="2022-07-02 23:05:09Z" duration="0.000415" asserts="0">
                <properties>
                  <property name="Category" value="GDX.Tests" />
                </properties>
              </test-case>
              <test-case id="1577" name="RemoveUnchecked_MockDataGeneric7_Removed" fullname="GDX.Collections.Generic.SparseSetTests.RemoveUnchecked_MockDataGeneric7_Removed" methodname="RemoveUnchecked_MockDataGeneric7_Removed" classname="GDX.Collections.Generic.SparseSetTests" runstate="Runnable" seed="1841470444" result="Passed" start-time="2022-07-02 23:05:09Z" end-time="2022-07-02 23:05:09Z" duration="0.000445" asserts="0">
                <properties>
                  <property name="Category" value="GDX.Tests" />
                </properties>
              </test-case>
              <test-case id="1541" name="RemoveUnchecked_MockDataWithIndices_ValidIndexRemoved" fullname="GDX.Collections.Generic.SparseSetTests.RemoveUnchecked_MockDataWithIndices_ValidIndexRemoved" methodname="RemoveUnchecked_MockDataWithIndices_ValidIndexRemoved" classname="GDX.Collections.Generic.SparseSetTests" runstate="Runnable" seed="1390837372" result="Passed" start-time="2022-07-02 23:05:09Z" end-time="2022-07-02 23:05:09Z" duration="0.000251" asserts="0">
                <properties>
                  <property name="Category" value="GDX.Tests" />
                </properties>
              </test-case>
              <test-case id="1540" name="RemoveUnchecked_MockDataWithIndicesAndVersionArray_ValidIndexRemoved" fullname="GDX.Collections.Generic.SparseSetTests.RemoveUnchecked_MockDataWithIndicesAndVersionArray_ValidIndexRemoved" methodname="RemoveUnchecked_MockDataWithIndicesAndVersionArray_ValidIndexRemoved" classname="GDX.Collections.Generic.SparseSetTests" runstate="Runnable" seed="1279937202" result="Passed" start-time="2022-07-02 23:05:09Z" end-time="2022-07-02 23:05:09Z" duration="0.000207" asserts="0">
                <properties>
                  <property name="Category" value="GDX.Tests" />
                </properties>
              </test-case>
              <test-case id="1543" name="RemoveUncheckedFromDenseIndex_MockData_ValidIndexRemoved" fullname="GDX.Collections.Generic.SparseSetTests.RemoveUncheckedFromDenseIndex_MockData_ValidIndexRemoved" methodname="RemoveUncheckedFromDenseIndex_MockData_ValidIndexRemoved" classname="GDX.Collections.Generic.SparseSetTests" runstate="Runnable" seed="210336866" result="Passed" start-time="2022-07-02 23:05:09Z" end-time="2022-07-02 23:05:09Z" duration="0.000229" asserts="0">
                <properties>
                  <property name="Category" value="GDX.Tests" />
                </properties>
              </test-case>
              <test-case id="1544" name="RemoveUncheckedFromDenseIndex_MockDataWithSwapIndex_ValidIndexRemoved" fullname="GDX.Collections.Generic.SparseSetTests.RemoveUncheckedFromDenseIndex_MockDataWithSwapIndex_ValidIndexRemoved" methodname="RemoveUncheckedFromDenseIndex_MockDataWithSwapIndex_ValidIndexRemoved" classname="GDX.Collections.Generic.SparseSetTests" runstate="Runnable" seed="539096523" result="Passed" start-time="2022-07-02 23:05:09Z" end-time="2022-07-02 23:05:09Z" duration="0.000246" asserts="0">
                <properties>
                  <property name="Category" value="GDX.Tests" />
                </properties>
              </test-case>
              <test-case id="1545" name="RemoveUncheckedFromDenseIndex_MockDataWithVersionArray_ValidIndexRemoved" fullname="GDX.Collections.Generic.SparseSetTests.RemoveUncheckedFromDenseIndex_MockDataWithVersionArray_ValidIndexRemoved" methodname="RemoveUncheckedFromDenseIndex_MockDataWithVersionArray_ValidIndexRemoved" classname="GDX.Collections.Generic.SparseSetTests" runstate="Runnable" seed="426184302" result="Passed" start-time="2022-07-02 23:05:09Z" end-time="2022-07-02 23:05:09Z" duration="0.000265" asserts="0">
                <properties>
                  <property name="Category" value="GDX.Tests" />
                </properties>
              </test-case>
              <test-case id="1546" name="RemoveUncheckedFromDenseIndex_MockDataWithVersionArrayAndSwapIndex_ValidIndexRemoved" fullname="GDX.Collections.Generic.SparseSetTests.RemoveUncheckedFromDenseIndex_MockDataWithVersionArrayAndSwapIndex_ValidIndexRemoved" methodname="RemoveUncheckedFromDenseIndex_MockDataWithVersionArrayAndSwapIndex_ValidIndexRemoved" classname="GDX.Collections.Generic.SparseSetTests" runstate="Runnable" seed="2107927317" result="Passed" start-time="2022-07-02 23:05:09Z" end-time="2022-07-02 23:05:09Z" duration="0.000281" asserts="0">
                <properties>
                  <property name="Category" value="GDX.Tests" />
                </properties>
              </test-case>
              <test-case id="1539" name="RemoveWithBoundsAndVersionChecks_MockData_ValidIndexRemovedInvalidIndicesNotRemoved" fullname="GDX.Collections.Generic.SparseSetTests.RemoveWithBoundsAndVersionChecks_MockData_ValidIndexRemovedInvalidIndicesNotRemoved" methodname="RemoveWithBoundsAndVersionChecks_MockData_ValidIndexRemovedInvalidIndicesNotRemoved" classname="GDX.Collections.Generic.SparseSetTests" runstate="Runnable" seed="1356756119" result="Passed" start-time="2022-07-02 23:05:09Z" end-time="2022-07-02 23:05:09Z" duration="0.000450" asserts="0">
                <properties>
                  <property name="Category" value="GDX.Tests" />
                </properties>
              </test-case>
              <test-case id="1537" name="RemoveWithBoundsCheck_MockData_ValidIndexRemovedInvalidIndicesNotRemoved" fullname="GDX.Collections.Generic.SparseSetTests.RemoveWithBoundsCheck_MockData_ValidIndexRemovedInvalidIndicesNotRemoved" methodname="RemoveWithBoundsCheck_MockData_ValidIndexRemovedInvalidIndicesNotRemoved" classname="GDX.Collections.Generic.SparseSetTests" runstate="Runnable" seed="1735440972" result="Passed" start-time="2022-07-02 23:05:09Z" end-time="2022-07-02 23:05:09Z" duration="0.000410" asserts="0">
                <properties>
                  <property name="Category" value="GDX.Tests" />
                </properties>
              </test-case>
              <test-case id="1538" name="RemoveWithVersionCheck_MockData_ValidIndexRemovedInvalidIndicesNotRemoved" fullname="GDX.Collections.Generic.SparseSetTests.RemoveWithVersionCheck_MockData_ValidIndexRemovedInvalidIndicesNotRemoved" methodname="RemoveWithVersionCheck_MockData_ValidIndexRemovedInvalidIndicesNotRemoved" classname="GDX.Collections.Generic.SparseSetTests" runstate="Runnable" seed="940393730" result="Passed" start-time="2022-07-02 23:05:09Z" end-time="2022-07-02 23:05:09Z" duration="0.000353" asserts="0">
                <properties>
                  <property name="Category" value="GDX.Tests" />
                </properties>
              </test-case>
              <test-case id="1552" name="Reserve_MockData_Expanded" fullname="GDX.Collections.Generic.SparseSetTests.Reserve_MockData_Expanded" methodname="Reserve_MockData_Expanded" classname="GDX.Collections.Generic.SparseSetTests" runstate="Runnable" seed="2103115856" result="Passed" start-time="2022-07-02 23:05:09Z" end-time="2022-07-02 23:05:09Z" duration="0.000289" asserts="0">
                <properties>
                  <property name="Category" value="GDX.Tests" />
                </properties>
              </test-case>
              <test-case id="1553" name="Reserve_MockDataWithVersionArray_Expanded" fullname="GDX.Collections.Generic.SparseSetTests.Reserve_MockDataWithVersionArray_Expanded" methodname="Reserve_MockDataWithVersionArray_Expanded" classname="GDX.Collections.Generic.SparseSetTests" runstate="Runnable" seed="1379012310" result="Passed" start-time="2022-07-02 23:05:09Z" end-time="2022-07-02 23:05:09Z" duration="0.000203" asserts="0">
                <properties>
                  <property name="Category" value="GDX.Tests" />
                </properties>
              </test-case>
            </test-suite>
            <test-suite type="TestFixture" id="1578" name="StringKeyDictionaryTests" fullname="GDX.Collections.Generic.StringKeyDictionaryTests" classname="GDX.Collections.Generic.StringKeyDictionaryTests" runstate="Runnable" testcasecount="27" result="Passed" start-time="2022-07-02 23:05:09Z" end-time="2022-07-02 23:05:09Z" duration="0.018856" total="27" passed="27" failed="0" inconclusive="0" skipped="0" asserts="0">
              <properties />
              <test-case id="1588" name="AddSafe_CheckEntriesMaintainConnection" fullname="GDX.Collections.Generic.StringKeyDictionaryTests.AddSafe_CheckEntriesMaintainConnection" methodname="AddSafe_CheckEntriesMaintainConnection" classname="GDX.Collections.Generic.StringKeyDictionaryTests" runstate="Runnable" seed="1648676496" result="Passed" start-time="2022-07-02 23:05:09Z" end-time="2022-07-02 23:05:09Z" duration="0.001140" asserts="0">
                <properties>
                  <property name="Category" value="GDX.Tests" />
                </properties>
              </test-case>
              <test-case id="1582" name="AddSafe_CheckExists" fullname="GDX.Collections.Generic.StringKeyDictionaryTests.AddSafe_CheckExists" methodname="AddSafe_CheckExists" classname="GDX.Collections.Generic.StringKeyDictionaryTests" runstate="Runnable" seed="573858773" result="Passed" start-time="2022-07-02 23:05:09Z" end-time="2022-07-02 23:05:09Z" duration="0.000306" asserts="0">
                <properties>
                  <property name="Category" value="GDX.Tests" />
                </properties>
              </test-case>
              <test-case id="1587" name="AddSafe_CheckExpanded" fullname="GDX.Collections.Generic.StringKeyDictionaryTests.AddSafe_CheckExpanded" methodname="AddSafe_CheckExpanded" classname="GDX.Collections.Generic.StringKeyDictionaryTests" runstate="Runnable" seed="119855665" result="Passed" start-time="2022-07-02 23:05:09Z" end-time="2022-07-02 23:05:09Z" duration="0.000237" asserts="0">
                <properties>
                  <property name="Category" value="GDX.Tests" />
                </properties>
              </test-case>
              <test-case id="1599" name="AddTwoCollidingEntries_CheckAccess" fullname="GDX.Collections.Generic.StringKeyDictionaryTests.AddTwoCollidingEntries_CheckAccess" methodname="AddTwoCollidingEntries_CheckAccess" classname="GDX.Collections.Generic.StringKeyDictionaryTests" runstate="Runnable" seed="1914485924" result="Passed" start-time="2022-07-02 23:05:09Z" end-time="2022-07-02 23:05:09Z" duration="0.000511" asserts="0">
                <properties>
                  <property name="Category" value="GDX.Tests" />
                </properties>
              </test-case>
              <test-case id="1600" name="AddTwoCollidingEntries_RemoveFirst_CheckSecondExists" fullname="GDX.Collections.Generic.StringKeyDictionaryTests.AddTwoCollidingEntries_RemoveFirst_CheckSecondExists" methodname="AddTwoCollidingEntries_RemoveFirst_CheckSecondExists" classname="GDX.Collections.Generic.StringKeyDictionaryTests" runstate="Runnable" seed="1802761552" result="Passed" start-time="2022-07-02 23:05:09Z" end-time="2022-07-02 23:05:09Z" duration="0.000418" asserts="0">
                <properties>
                  <property name="Category" value="GDX.Tests" />
                </properties>
              </test-case>
              <test-case id="1601" name="AddTwoCollidingEntries_RemoveSecond_CheckFirstExists" fullname="GDX.Collections.Generic.StringKeyDictionaryTests.AddTwoCollidingEntries_RemoveSecond_CheckFirstExists" methodname="AddTwoCollidingEntries_RemoveSecond_CheckFirstExists" classname="GDX.Collections.Generic.StringKeyDictionaryTests" runstate="Runnable" seed="1058928946" result="Passed" start-time="2022-07-02 23:05:09Z" end-time="2022-07-02 23:05:09Z" duration="0.000210" asserts="0">
                <properties>
                  <property name="Category" value="GDX.Tests" />
                </properties>
              </test-case>
              <test-case id="1592" name="AddUnchecked_CheckExists" fullname="GDX.Collections.Generic.StringKeyDictionaryTests.AddUnchecked_CheckExists" methodname="AddUnchecked_CheckExists" classname="GDX.Collections.Generic.StringKeyDictionaryTests" runstate="Runnable" seed="720412568" result="Passed" start-time="2022-07-02 23:05:09Z" end-time="2022-07-02 23:05:09Z" duration="0.000169" asserts="0">
                <properties>
                  <property name="Category" value="GDX.Tests" />
                </properties>
              </test-case>
              <test-case id="1586" name="AddWithExpandCheck_CheckEntriesMaintainConnection" fullname="GDX.Collections.Generic.StringKeyDictionaryTests.AddWithExpandCheck_CheckEntriesMaintainConnection" methodname="AddWithExpandCheck_CheckEntriesMaintainConnection" classname="GDX.Collections.Generic.StringKeyDictionaryTests" runstate="Runnable" seed="1215539371" result="Passed" start-time="2022-07-02 23:05:09Z" end-time="2022-07-02 23:05:09Z" duration="0.000443" asserts="0">
                <properties>
                  <property name="Category" value="GDX.Tests" />
                </properties>
              </test-case>
              <test-case id="1584" name="AddWithExpandCheck_CheckExists" fullname="GDX.Collections.Generic.StringKeyDictionaryTests.AddWithExpandCheck_CheckExists" methodname="AddWithExpandCheck_CheckExists" classname="GDX.Collections.Generic.StringKeyDictionaryTests" runstate="Runnable" seed="497828596" result="Passed" start-time="2022-07-02 23:05:09Z" end-time="2022-07-02 23:05:09Z" duration="0.000173" asserts="0">
                <properties>
                  <property name="Category" value="GDX.Tests" />
                </properties>
              </test-case>
              <test-case id="1585" name="AddWithExpandCheck_CheckExpanded" fullname="GDX.Collections.Generic.StringKeyDictionaryTests.AddWithExpandCheck_CheckExpanded" methodname="AddWithExpandCheck_CheckExpanded" classname="GDX.Collections.Generic.StringKeyDictionaryTests" runstate="Runnable" seed="627028499" result="Passed" start-time="2022-07-02 23:05:09Z" end-time="2022-07-02 23:05:09Z" duration="0.000228" asserts="0">
                <properties>
                  <property name="Category" value="GDX.Tests" />
                </properties>
              </test-case>
              <test-case id="1590" name="AddWithIndexer_CheckEntriesMaintainConnection" fullname="GDX.Collections.Generic.StringKeyDictionaryTests.AddWithIndexer_CheckEntriesMaintainConnection" methodname="AddWithIndexer_CheckEntriesMaintainConnection" classname="GDX.Collections.Generic.StringKeyDictionaryTests" runstate="Runnable" seed="393774054" result="Passed" start-time="2022-07-02 23:05:09Z" end-time="2022-07-02 23:05:09Z" duration="0.000481" asserts="0">
                <properties>
                  <property name="Category" value="GDX.Tests" />
                </properties>
              </test-case>
              <test-case id="1589" name="AddWithIndexer_CheckExpanded" fullname="GDX.Collections.Generic.StringKeyDictionaryTests.AddWithIndexer_CheckExpanded" methodname="AddWithIndexer_CheckExpanded" classname="GDX.Collections.Generic.StringKeyDictionaryTests" runstate="Runnable" seed="1933418251" result="Passed" start-time="2022-07-02 23:05:09Z" end-time="2022-07-02 23:05:09Z" duration="0.000234" asserts="0">
                <properties>
                  <property name="Category" value="GDX.Tests" />
                </properties>
              </test-case>
              <test-case id="1591" name="AddWithUniqueCheck_CheckExists" fullname="GDX.Collections.Generic.StringKeyDictionaryTests.AddWithUniqueCheck_CheckExists" methodname="AddWithUniqueCheck_CheckExists" classname="GDX.Collections.Generic.StringKeyDictionaryTests" runstate="Runnable" seed="1922111208" result="Passed" start-time="2022-07-02 23:05:09Z" end-time="2022-07-02 23:05:09Z" duration="0.000324" asserts="0">
                <properties>
                  <property name="Category" value="GDX.Tests" />
                </properties>
              </test-case>
              <test-case id="1595" name="AddWithUniqueCheckTwice_CheckAddedOnlyOnce" fullname="GDX.Collections.Generic.StringKeyDictionaryTests.AddWithUniqueCheckTwice_CheckAddedOnlyOnce" methodname="AddWithUniqueCheckTwice_CheckAddedOnlyOnce" classname="GDX.Collections.Generic.StringKeyDictionaryTests" runstate="Runnable" seed="901971470" result="Passed" start-time="2022-07-02 23:05:09Z" end-time="2022-07-02 23:05:09Z" duration="0.000292" asserts="0">
                <properties>
                  <property name="Category" value="GDX.Tests" />
                </properties>
              </test-case>
              <test-case id="1581" name="Constructor_RequestBelowPrimeMinimum_PrimeCapacity" fullname="GDX.Collections.Generic.StringKeyDictionaryTests.Constructor_RequestBelowPrimeMinimum_PrimeCapacity" methodname="Constructor_RequestBelowPrimeMinimum_PrimeCapacity" classname="GDX.Collections.Generic.StringKeyDictionaryTests" runstate="Runnable" seed="171886930" result="Passed" start-time="2022-07-02 23:05:09Z" end-time="2022-07-02 23:05:09Z" duration="0.000170" asserts="0">
                <properties>
                  <property name="Category" value="GDX.Tests" />
                </properties>
              </test-case>
              <test-case id="1580" name="Constructor_RequestPrimeMinimum_PrimeCapacity" fullname="GDX.Collections.Generic.StringKeyDictionaryTests.Constructor_RequestPrimeMinimum_PrimeCapacity" methodname="Constructor_RequestPrimeMinimum_PrimeCapacity" classname="GDX.Collections.Generic.StringKeyDictionaryTests" runstate="Runnable" seed="1605490572" result="Passed" start-time="2022-07-02 23:05:09Z" end-time="2022-07-02 23:05:09Z" duration="0.000170" asserts="0">
                <properties>
                  <property name="Category" value="GDX.Tests" />
                </properties>
              </test-case>
              <test-case id="1579" name="Constructor_RequestZeroMinimum_PrimeCapacity" fullname="GDX.Collections.Generic.StringKeyDictionaryTests.Constructor_RequestZeroMinimum_PrimeCapacity" methodname="Constructor_RequestZeroMinimum_PrimeCapacity" classname="GDX.Collections.Generic.StringKeyDictionaryTests" runstate="Runnable" seed="380578052" result="Passed" start-time="2022-07-02 23:05:09Z" end-time="2022-07-02 23:05:09Z" duration="0.000165" asserts="0">
                <properties>
                  <property name="Category" value="GDX.Tests" />
                </properties>
              </test-case>
              <test-case id="1583" name="IndexerAdd_CheckExists" fullname="GDX.Collections.Generic.StringKeyDictionaryTests.IndexerAdd_CheckExists" methodname="IndexerAdd_CheckExists" classname="GDX.Collections.Generic.StringKeyDictionaryTests" runstate="Runnable" seed="1307805380" result="Passed" start-time="2022-07-02 23:05:09Z" end-time="2022-07-02 23:05:09Z" duration="0.000166" asserts="0">
                <properties>
                  <property name="Category" value="GDX.Tests" />
                </properties>
              </test-case>
              <test-case id="1597" name="IndexOf_CheckCorrectIndex" fullname="GDX.Collections.Generic.StringKeyDictionaryTests.IndexOf_CheckCorrectIndex" methodname="IndexOf_CheckCorrectIndex" classname="GDX.Collections.Generic.StringKeyDictionaryTests" runstate="Runnable" seed="1333782525" result="Passed" start-time="2022-07-02 23:05:09Z" end-time="2022-07-02 23:05:09Z" duration="0.000235" asserts="0">
                <properties>
                  <property name="Category" value="GDX.Tests" />
                </properties>
              </test-case>
              <test-case id="1598" name="IndexOf_CheckEntryDoesNotExist" fullname="GDX.Collections.Generic.StringKeyDictionaryTests.IndexOf_CheckEntryDoesNotExist" methodname="IndexOf_CheckEntryDoesNotExist" classname="GDX.Collections.Generic.StringKeyDictionaryTests" runstate="Runnable" seed="2127710939" result="Passed" start-time="2022-07-02 23:05:09Z" end-time="2022-07-02 23:05:09Z" duration="0.000160" asserts="0">
                <properties>
                  <property name="Category" value="GDX.Tests" />
                </properties>
              </test-case>
              <test-case id="1602" name="MoveNext_FindAllEntries" fullname="GDX.Collections.Generic.StringKeyDictionaryTests.MoveNext_FindAllEntries" methodname="MoveNext_FindAllEntries" classname="GDX.Collections.Generic.StringKeyDictionaryTests" runstate="Runnable" seed="1492525930" result="Passed" start-time="2022-07-02 23:05:09Z" end-time="2022-07-02 23:05:09Z" duration="0.000328" asserts="0">
                <properties>
                  <property name="Category" value="GDX.Tests" />
                </properties>
              </test-case>
              <test-case id="1604" name="MoveNextWithVersion_CheckEarlyOutFromInvalidation" fullname="GDX.Collections.Generic.StringKeyDictionaryTests.MoveNextWithVersion_CheckEarlyOutFromInvalidation" methodname="MoveNextWithVersion_CheckEarlyOutFromInvalidation" classname="GDX.Collections.Generic.StringKeyDictionaryTests" runstate="Runnable" seed="1043205283" result="Passed" start-time="2022-07-02 23:05:09Z" end-time="2022-07-02 23:05:09Z" duration="0.000386" asserts="0">
                <properties>
                  <property name="Category" value="GDX.Tests" />
                </properties>
              </test-case>
              <test-case id="1603" name="MoveNextWithVersion_FindAllEntries" fullname="GDX.Collections.Generic.StringKeyDictionaryTests.MoveNextWithVersion_FindAllEntries" methodname="MoveNextWithVersion_FindAllEntries" classname="GDX.Collections.Generic.StringKeyDictionaryTests" runstate="Runnable" seed="1691704186" result="Passed" start-time="2022-07-02 23:05:09Z" end-time="2022-07-02 23:05:09Z" duration="0.000240" asserts="0">
                <properties>
                  <property name="Category" value="GDX.Tests" />
                </properties>
              </test-case>
              <test-case id="1596" name="Reserve_CheckExpandedCapacity" fullname="GDX.Collections.Generic.StringKeyDictionaryTests.Reserve_CheckExpandedCapacity" methodname="Reserve_CheckExpandedCapacity" classname="GDX.Collections.Generic.StringKeyDictionaryTests" runstate="Runnable" seed="1097444127" result="Passed" start-time="2022-07-02 23:05:09Z" end-time="2022-07-02 23:05:09Z" duration="0.000378" asserts="0">
                <properties>
                  <property name="Category" value="GDX.Tests" />
                </properties>
              </test-case>
              <test-case id="1605" name="TryGetValue" fullname="GDX.Collections.Generic.StringKeyDictionaryTests.TryGetValue" methodname="TryGetValue" classname="GDX.Collections.Generic.StringKeyDictionaryTests" runstate="Runnable" seed="1770040834" result="Passed" start-time="2022-07-02 23:05:09Z" end-time="2022-07-02 23:05:09Z" duration="0.000593" asserts="0">
                <properties>
                  <property name="Category" value="GDX.Tests" />
                </properties>
              </test-case>
              <test-case id="1593" name="TryRemove_CheckActuallyRemoved" fullname="GDX.Collections.Generic.StringKeyDictionaryTests.TryRemove_CheckActuallyRemoved" methodname="TryRemove_CheckActuallyRemoved" classname="GDX.Collections.Generic.StringKeyDictionaryTests" runstate="Runnable" seed="1737182232" result="Passed" start-time="2022-07-02 23:05:09Z" end-time="2022-07-02 23:05:09Z" duration="0.000239" asserts="0">
                <properties>
                  <property name="Category" value="GDX.Tests" />
                </properties>
              </test-case>
              <test-case id="1594" name="TryRemoveTwice_CheckCorrectReturnValues" fullname="GDX.Collections.Generic.StringKeyDictionaryTests.TryRemoveTwice_CheckCorrectReturnValues" methodname="TryRemoveTwice_CheckCorrectReturnValues" classname="GDX.Collections.Generic.StringKeyDictionaryTests" runstate="Runnable" seed="514865699" result="Passed" start-time="2022-07-02 23:05:09Z" end-time="2022-07-02 23:05:09Z" duration="0.000185" asserts="0">
                <properties>
                  <property name="Category" value="GDX.Tests" />
                </properties>
              </test-case>
            </test-suite>
          </test-suite>
          <test-suite type="TestSuite" id="1626" name="Pooling" fullname="GDX.Collections.Pooling" runstate="Runnable" testcasecount="14" result="Passed" start-time="2022-07-02 23:05:09Z" end-time="2022-07-02 23:05:09Z" duration="0.027575" total="14" passed="14" failed="0" inconclusive="0" skipped="0" asserts="0">
            <properties />
            <test-suite type="TestFixture" id="1350" name="GameObjectPoolTests" fullname="GDX.Collections.Pooling.GameObjectPoolTests" classname="GDX.Collections.Pooling.GameObjectPoolTests" runstate="Runnable" testcasecount="14" result="Passed" start-time="2022-07-02 23:05:09Z" end-time="2022-07-02 23:05:09Z" duration="0.025241" total="14" passed="14" failed="0" inconclusive="0" skipped="0" asserts="0">
              <properties />
              <test-case id="1353" name="Get_MockData_DontTrigger" fullname="GDX.Collections.Pooling.GameObjectPoolTests.Get_MockData_DontTrigger" methodname="Get_MockData_DontTrigger" classname="GDX.Collections.Pooling.GameObjectPoolTests" runstate="Runnable" seed="1061780547" result="Passed" start-time="2022-07-02 23:05:09Z" end-time="2022-07-02 23:05:09Z" duration="0.007657" asserts="0">
                <properties>
                  <property name="Category" value="GDX.Tests" />
                </properties>
              </test-case>
              <test-case id="1355" name="Get_MockData_LocalPositionLocalRotationParented" fullname="GDX.Collections.Pooling.GameObjectPoolTests.Get_MockData_LocalPositionLocalRotationParented" methodname="Get_MockData_LocalPositionLocalRotationParented" classname="GDX.Collections.Pooling.GameObjectPoolTests" runstate="Runnable" seed="2052180162" result="Passed" start-time="2022-07-02 23:05:09Z" end-time="2022-07-02 23:05:09Z" duration="0.002565" asserts="0">
                <properties>
                  <property name="Category" value="GDX.Tests" />
                </properties>
              </test-case>
              <test-case id="1354" name="Get_MockData_LocalPositionWorldLookAtParented" fullname="GDX.Collections.Pooling.GameObjectPoolTests.Get_MockData_LocalPositionWorldLookAtParented" methodname="Get_MockData_LocalPositionWorldLookAtParented" classname="GDX.Collections.Pooling.GameObjectPoolTests" runstate="Runnable" seed="2017880154" result="Passed" start-time="2022-07-02 23:05:09Z" end-time="2022-07-02 23:05:09Z" duration="0.000949" asserts="0">
                <properties>
                  <property name="Category" value="GDX.Tests" />
                </properties>
              </test-case>
              <test-case id="1356" name="Get_MockData_ParentedWorldPositionStay" fullname="GDX.Collections.Pooling.GameObjectPoolTests.Get_MockData_ParentedWorldPositionStay" methodname="Get_MockData_ParentedWorldPositionStay" classname="GDX.Collections.Pooling.GameObjectPoolTests" runstate="Runnable" seed="760136369" result="Passed" start-time="2022-07-02 23:05:09Z" end-time="2022-07-02 23:05:09Z" duration="0.000817" asserts="0">
                <properties>
                  <property name="Category" value="GDX.Tests" />
                </properties>
              </test-case>
              <test-case id="1357" name="Get_MockData_ParentedZeroLocalPosition" fullname="GDX.Collections.Pooling.GameObjectPoolTests.Get_MockData_ParentedZeroLocalPosition" methodname="Get_MockData_ParentedZeroLocalPosition" classname="GDX.Collections.Pooling.GameObjectPoolTests" runstate="Runnable" seed="103800964" result="Passed" start-time="2022-07-02 23:05:09Z" end-time="2022-07-02 23:05:09Z" duration="0.000585" asserts="0">
                <properties>
                  <property name="Category" value="GDX.Tests" />
                </properties>
              </test-case>
              <test-case id="1358" name="Get_MockData_Trigger" fullname="GDX.Collections.Pooling.GameObjectPoolTests.Get_MockData_Trigger" methodname="Get_MockData_Trigger" classname="GDX.Collections.Pooling.GameObjectPoolTests" runstate="Runnable" seed="1375382390" result="Passed" start-time="2022-07-02 23:05:09Z" end-time="2022-07-02 23:05:09Z" duration="0.000408" asserts="0">
                <properties>
                  <property name="Category" value="GDX.Tests" />
                </properties>
              </test-case>
              <test-case id="1359" name="Get_MockData_WorldPositionWorldLookAt" fullname="GDX.Collections.Pooling.GameObjectPoolTests.Get_MockData_WorldPositionWorldLookAt" methodname="Get_MockData_WorldPositionWorldLookAt" classname="GDX.Collections.Pooling.GameObjectPoolTests" runstate="Runnable" seed="569575932" result="Passed" start-time="2022-07-02 23:05:09Z" end-time="2022-07-02 23:05:09Z" duration="0.000637" asserts="0">
                <properties>
                  <property name="Category" value="GDX.Tests" />
                </properties>
              </test-case>
              <test-case id="1360" name="Get_MockData_WorldPositionWorldLookAtParented" fullname="GDX.Collections.Pooling.GameObjectPoolTests.Get_MockData_WorldPositionWorldLookAtParented" methodname="Get_MockData_WorldPositionWorldLookAtParented" classname="GDX.Collections.Pooling.GameObjectPoolTests" runstate="Runnable" seed="129208217" result="Passed" start-time="2022-07-02 23:05:09Z" end-time="2022-07-02 23:05:09Z" duration="0.000666" asserts="0">
                <properties>
                  <property name="Category" value="GDX.Tests" />
                </properties>
              </test-case>
              <test-case id="1361" name="Get_MockData_WorldPositionWorldRotation" fullname="GDX.Collections.Pooling.GameObjectPoolTests.Get_MockData_WorldPositionWorldRotation" methodname="Get_MockData_WorldPositionWorldRotation" classname="GDX.Collections.Pooling.GameObjectPoolTests" runstate="Runnable" seed="531981523" result="Passed" start-time="2022-07-02 23:05:09Z" end-time="2022-07-02 23:05:09Z" duration="0.000912" asserts="0">
                <properties>
                  <property name="Category" value="GDX.Tests" />
                </properties>
              </test-case>
              <test-case id="1362" name="Get_MockData_WorldPositionWorldRotationParented" fullname="GDX.Collections.Pooling.GameObjectPoolTests.Get_MockData_WorldPositionWorldRotationParented" methodname="Get_MockData_WorldPositionWorldRotationParented" classname="GDX.Collections.Pooling.GameObjectPoolTests" runstate="Runnable" seed="583765673" result="Passed" start-time="2022-07-02 23:05:09Z" end-time="2022-07-02 23:05:09Z" duration="0.000672" asserts="0">
                <properties>
                  <property name="Category" value="GDX.Tests" />
                </properties>
              </test-case>
              <test-case id="1363" name="GetOrCreatePool_MockData_ReturnsPool" fullname="GDX.Collections.Pooling.GameObjectPoolTests.GetOrCreatePool_MockData_ReturnsPool" methodname="GetOrCreatePool_MockData_ReturnsPool" classname="GDX.Collections.Pooling.GameObjectPoolTests" runstate="Runnable" seed="1058176526" result="Passed" start-time="2022-07-02 23:05:09Z" end-time="2022-07-02 23:05:09Z" duration="0.002483" asserts="0">
                <properties>
                  <property name="Category" value="GDX.Tests" />
                </properties>
              </test-case>
              <test-case id="1351" name="OnDestroyItemAction_MockData_DestroysGameObject" fullname="GDX.Collections.Pooling.GameObjectPoolTests.OnDestroyItemAction_MockData_DestroysGameObject" methodname="OnDestroyItemAction_MockData_DestroysGameObject" classname="GDX.Collections.Pooling.GameObjectPoolTests" runstate="Runnable" seed="471923910" result="Passed" start-time="2022-07-02 23:05:09Z" end-time="2022-07-02 23:05:09Z" duration="0.000382" asserts="0">
                <properties>
                  <property name="Category" value="GDX.Tests" />
                </properties>
              </test-case>
              <test-case id="1352" name="OnDestroyItemAction_MockData_DestroysInterface" fullname="GDX.Collections.Pooling.GameObjectPoolTests.OnDestroyItemAction_MockData_DestroysInterface" methodname="OnDestroyItemAction_MockData_DestroysInterface" classname="GDX.Collections.Pooling.GameObjectPoolTests" runstate="Runnable" seed="572056287" result="Passed" start-time="2022-07-02 23:05:09Z" end-time="2022-07-02 23:05:09Z" duration="0.000393" asserts="0">
                <properties>
                  <property name="Category" value="GDX.Tests" />
                </properties>
              </test-case>
              <test-case id="1364" name="TearDown_Pool_UnregistersPool" fullname="GDX.Collections.Pooling.GameObjectPoolTests.TearDown_Pool_UnregistersPool" methodname="TearDown_Pool_UnregistersPool" classname="GDX.Collections.Pooling.GameObjectPoolTests" runstate="Runnable" seed="757484245" result="Passed" start-time="2022-07-02 23:05:09Z" end-time="2022-07-02 23:05:09Z" duration="0.000407" asserts="0">
                <properties>
                  <property name="Category" value="GDX.Tests" />
                </properties>
              </test-case>
            </test-suite>
          </test-suite>
        </test-suite>
        <test-suite type="TestFixture" id="1047" name="CoreTests" fullname="GDX.CoreTests" classname="GDX.CoreTests" runstate="Runnable" testcasecount="2" result="Passed" start-time="2022-07-02 23:05:09Z" end-time="2022-07-02 23:05:09Z" duration="0.003462" total="2" passed="2" failed="0" inconclusive="0" skipped="0" asserts="0">
          <properties />
          <test-case id="1048" name="InitializeOnMainThread_AlreadyInitialized_EarlyOut" fullname="GDX.CoreTests.InitializeOnMainThread_AlreadyInitialized_EarlyOut" methodname="InitializeOnMainThread_AlreadyInitialized_EarlyOut" classname="GDX.CoreTests" runstate="Runnable" seed="377006581" result="Passed" start-time="2022-07-02 23:05:09Z" end-time="2022-07-02 23:05:09Z" duration="0.000591" asserts="0">
            <properties>
              <property name="Category" value="GDX.Tests" />
            </properties>
          </test-case>
          <test-case id="1049" name="InitializeOnMainThread_NotAlreadyInitialized_Executes" fullname="GDX.CoreTests.InitializeOnMainThread_NotAlreadyInitialized_Executes" methodname="InitializeOnMainThread_NotAlreadyInitialized_Executes" classname="GDX.CoreTests" runstate="Runnable" seed="798080734" result="Passed" start-time="2022-07-02 23:05:09Z" end-time="2022-07-02 23:05:09Z" duration="0.000313" asserts="0">
            <properties>
              <property name="Category" value="GDX.Tests" />
            </properties>
          </test-case>
        </test-suite>
        <test-suite type="TestSuite" id="1622" name="Developer" fullname="GDX.Developer" runstate="Runnable" testcasecount="28" result="Passed" start-time="2022-07-02 23:05:09Z" end-time="2022-07-02 23:05:10Z" duration="0.227270" total="28" passed="28" failed="0" inconclusive="0" skipped="0" asserts="0">
          <properties />
          <test-suite type="TestFixture" id="1316" name="CommandLineParserTests" fullname="GDX.Developer.CommandLineParserTests" classname="GDX.Developer.CommandLineParserTests" runstate="Runnable" testcasecount="2" result="Passed" start-time="2022-07-02 23:05:09Z" end-time="2022-07-02 23:05:09Z" duration="0.004682" total="2" passed="2" failed="0" inconclusive="0" skipped="0" asserts="0">
            <properties />
            <test-case id="1317" name="ProcessArguments_MockData_ContainsFlag" fullname="GDX.Developer.CommandLineParserTests.ProcessArguments_MockData_ContainsFlag" methodname="ProcessArguments_MockData_ContainsFlag" classname="GDX.Developer.CommandLineParserTests" runstate="Runnable" seed="341254077" result="Passed" start-time="2022-07-02 23:05:09Z" end-time="2022-07-02 23:05:09Z" duration="0.001023" asserts="0">
              <properties>
                <property name="Category" value="GDX.Tests" />
              </properties>
            </test-case>
            <test-case id="1318" name="ProcessArguments_MockData_HasValue" fullname="GDX.Developer.CommandLineParserTests.ProcessArguments_MockData_HasValue" methodname="ProcessArguments_MockData_HasValue" classname="GDX.Developer.CommandLineParserTests" runstate="Runnable" seed="1044826945" result="Passed" start-time="2022-07-02 23:05:09Z" end-time="2022-07-02 23:05:09Z" duration="0.000396" asserts="0">
              <properties>
                <property name="Category" value="GDX.Tests" />
              </properties>
            </test-case>
          </test-suite>
          <test-suite type="TestSuite" id="1623" name="Reports" fullname="GDX.Developer.Reports" runstate="Runnable" testcasecount="4" result="Passed" start-time="2022-07-02 23:05:09Z" end-time="2022-07-02 23:05:10Z" duration="0.198055" total="4" passed="4" failed="0" inconclusive="0" skipped="0" asserts="0">
            <properties />
            <test-suite type="TestSuite" id="1624" name="Resource" fullname="GDX.Developer.Reports.Resource" runstate="Runnable" testcasecount="3" result="Passed" start-time="2022-07-02 23:05:09Z" end-time="2022-07-02 23:05:10Z" duration="0.051585" total="3" passed="3" failed="0" inconclusive="0" skipped="0" asserts="0">
              <properties />
              <test-suite type="TestFixture" id="1346" name="ResourceReportTests" fullname="GDX.Developer.Reports.Resource.ResourceReportTests" classname="GDX.Developer.Reports.Resource.ResourceReportTests" runstate="Runnable" testcasecount="3" result="Passed" start-time="2022-07-02 23:05:09Z" end-time="2022-07-02 23:05:10Z" duration="0.048159" total="3" passed="3" failed="0" inconclusive="0" skipped="0" asserts="0">
                <properties />
                <test-case id="1347" name="CreateDivider_MockData_CorrectLength" fullname="GDX.Developer.Reports.Resource.ResourceReportTests.CreateDivider_MockData_CorrectLength" methodname="CreateDivider_MockData_CorrectLength" classname="GDX.Developer.Reports.Resource.ResourceReportTests" runstate="Runnable" seed="740871816" result="Passed" start-time="2022-07-02 23:05:09Z" end-time="2022-07-02 23:05:09Z" duration="0.000252" asserts="0">
                  <properties>
                    <property name="Category" value="GDX.Tests" />
                  </properties>
                </test-case>
                <test-case id="1348" name="CreateHeader_MockData_CorrectLength" fullname="GDX.Developer.Reports.Resource.ResourceReportTests.CreateHeader_MockData_CorrectLength" methodname="CreateHeader_MockData_CorrectLength" classname="GDX.Developer.Reports.Resource.ResourceReportTests" runstate="Runnable" seed="1546340775" result="Passed" start-time="2022-07-02 23:05:09Z" end-time="2022-07-02 23:05:09Z" duration="0.000167" asserts="0">
                  <properties>
                    <property name="Category" value="GDX.Tests" />
                  </properties>
                </test-case>
                <test-case id="1349" name="Output_MockData_StringBuilderSameAsStreamWriter" fullname="GDX.Developer.Reports.Resource.ResourceReportTests.Output_MockData_StringBuilderSameAsStreamWriter" methodname="Output_MockData_StringBuilderSameAsStreamWriter" classname="GDX.Developer.Reports.Resource.ResourceReportTests" runstate="Runnable" seed="204645111" result="Passed" start-time="2022-07-02 23:05:10Z" end-time="2022-07-02 23:05:10Z" duration="0.043138" asserts="0">
                  <properties>
                    <property name="Category" value="GDX.Tests" />
                  </properties>
                </test-case>
              </test-suite>
            </test-suite>
            <test-suite type="TestFixture" id="1344" name="ResourcesDiffReportTests" fullname="GDX.Developer.Reports.ResourcesDiffReportTests" classname="GDX.Developer.Reports.ResourcesDiffReportTests" runstate="Runnable" testcasecount="1" result="Passed" start-time="2022-07-02 23:05:10Z" end-time="2022-07-02 23:05:10Z" duration="0.144452" total="1" passed="1" failed="0" inconclusive="0" skipped="0" asserts="0">
              <properties />
              <test-case id="1345" name="Output_GetCommonAndAll_ReturnsReport" fullname="GDX.Developer.Reports.ResourcesDiffReportTests.Output_GetCommonAndAll_ReturnsReport" methodname="Output_GetCommonAndAll_ReturnsReport" classname="GDX.Developer.Reports.ResourcesDiffReportTests" runstate="Runnable" seed="279055197" result="Passed" start-time="2022-07-02 23:05:10Z" end-time="2022-07-02 23:05:10Z" duration="0.141435" asserts="0">
                <properties>
                  <property name="Category" value="GDX.Tests" />
                </properties>
              </test-case>
            </test-suite>
          </test-suite>
          <test-suite type="TestFixture" id="1319" name="SemanticVersionTests" fullname="GDX.Developer.SemanticVersionTests" classname="GDX.Developer.SemanticVersionTests" runstate="Runnable" testcasecount="15" result="Passed" start-time="2022-07-02 23:05:10Z" end-time="2022-07-02 23:05:10Z" duration="0.013821" total="15" passed="15" failed="0" inconclusive="0" skipped="0" asserts="0">
            <properties />
            <test-case id="1327" name="Equality_MockData_Matches" fullname="GDX.Developer.SemanticVersionTests.Equality_MockData_Matches" methodname="Equality_MockData_Matches" classname="GDX.Developer.SemanticVersionTests" runstate="Runnable" seed="388322230" result="Passed" start-time="2022-07-02 23:05:10Z" end-time="2022-07-02 23:05:10Z" duration="0.000641" asserts="0">
              <properties>
                <property name="Category" value="GDX.Tests" />
              </properties>
            </test-case>
            <test-case id="1328" name="Equals_MockData_Matches" fullname="GDX.Developer.SemanticVersionTests.Equals_MockData_Matches" methodname="Equals_MockData_Matches" classname="GDX.Developer.SemanticVersionTests" runstate="Runnable" seed="1783934358" result="Passed" start-time="2022-07-02 23:05:10Z" end-time="2022-07-02 23:05:10Z" duration="0.000320" asserts="0">
              <properties>
                <property name="Category" value="GDX.Tests" />
              </properties>
            </test-case>
            <test-case id="1329" name="GetHashCode_MockData_Valid" fullname="GDX.Developer.SemanticVersionTests.GetHashCode_MockData_Valid" methodname="GetHashCode_MockData_Valid" classname="GDX.Developer.SemanticVersionTests" runstate="Runnable" seed="716064995" result="Passed" start-time="2022-07-02 23:05:10Z" end-time="2022-07-02 23:05:10Z" duration="0.000221" asserts="0">
              <properties>
                <property name="Category" value="GDX.Tests" />
              </properties>
            </test-case>
            <test-case id="1331" name="GreaterThan_MockData_Evaluate" fullname="GDX.Developer.SemanticVersionTests.GreaterThan_MockData_Evaluate" methodname="GreaterThan_MockData_Evaluate" classname="GDX.Developer.SemanticVersionTests" runstate="Runnable" seed="1330382108" result="Passed" start-time="2022-07-02 23:05:10Z" end-time="2022-07-02 23:05:10Z" duration="0.000317" asserts="0">
              <properties>
                <property name="Category" value="GDX.Tests" />
              </properties>
            </test-case>
            <test-case id="1330" name="GreaterThanOrEqualTo_MockData_Evaluate" fullname="GDX.Developer.SemanticVersionTests.GreaterThanOrEqualTo_MockData_Evaluate" methodname="GreaterThanOrEqualTo_MockData_Evaluate" classname="GDX.Developer.SemanticVersionTests" runstate="Runnable" seed="1406391510" result="Passed" start-time="2022-07-02 23:05:10Z" end-time="2022-07-02 23:05:10Z" duration="0.000499" asserts="0">
              <properties>
                <property name="Category" value="GDX.Tests" />
              </properties>
            </test-case>
            <test-case id="1332" name="Inequality_MockData_DoesNotMatch" fullname="GDX.Developer.SemanticVersionTests.Inequality_MockData_DoesNotMatch" methodname="Inequality_MockData_DoesNotMatch" classname="GDX.Developer.SemanticVersionTests" runstate="Runnable" seed="122506502" result="Passed" start-time="2022-07-02 23:05:10Z" end-time="2022-07-02 23:05:10Z" duration="0.000224" asserts="0">
              <properties>
                <property name="Category" value="GDX.Tests" />
              </properties>
            </test-case>
            <test-case id="1334" name="LessThan_MockData_Evaluate" fullname="GDX.Developer.SemanticVersionTests.LessThan_MockData_Evaluate" methodname="LessThan_MockData_Evaluate" classname="GDX.Developer.SemanticVersionTests" runstate="Runnable" seed="519044528" result="Passed" start-time="2022-07-02 23:05:10Z" end-time="2022-07-02 23:05:10Z" duration="0.000329" asserts="0">
              <properties>
                <property name="Category" value="GDX.Tests" />
              </properties>
            </test-case>
            <test-case id="1333" name="LessThanOrEqualTo_MockData_Evaluate" fullname="GDX.Developer.SemanticVersionTests.LessThanOrEqualTo_MockData_Evaluate" methodname="LessThanOrEqualTo_MockData_Evaluate" classname="GDX.Developer.SemanticVersionTests" runstate="Runnable" seed="46273127" result="Passed" start-time="2022-07-02 23:05:10Z" end-time="2022-07-02 23:05:10Z" duration="0.000410" asserts="0">
              <properties>
                <property name="Category" value="GDX.Tests" />
              </properties>
            </test-case>
            <test-case id="1321" name="SemanticVersion_FromString_FourPartsParse" fullname="GDX.Developer.SemanticVersionTests.SemanticVersion_FromString_FourPartsParse" methodname="SemanticVersion_FromString_FourPartsParse" classname="GDX.Developer.SemanticVersionTests" runstate="Runnable" seed="105565159" result="Passed" start-time="2022-07-02 23:05:10Z" end-time="2022-07-02 23:05:10Z" duration="0.000160" asserts="0">
              <properties>
                <property name="Category" value="GDX.Tests" />
              </properties>
            </test-case>
            <test-case id="1324" name="SemanticVersion_FromString_OnePartParse" fullname="GDX.Developer.SemanticVersionTests.SemanticVersion_FromString_OnePartParse" methodname="SemanticVersion_FromString_OnePartParse" classname="GDX.Developer.SemanticVersionTests" runstate="Runnable" seed="1325741308" result="Passed" start-time="2022-07-02 23:05:10Z" end-time="2022-07-02 23:05:10Z" duration="0.000151" asserts="0">
              <properties>
                <property name="Category" value="GDX.Tests" />
              </properties>
            </test-case>
            <test-case id="1322" name="SemanticVersion_FromString_ThreePartsParse" fullname="GDX.Developer.SemanticVersionTests.SemanticVersion_FromString_ThreePartsParse" methodname="SemanticVersion_FromString_ThreePartsParse" classname="GDX.Developer.SemanticVersionTests" runstate="Runnable" seed="881418323" result="Passed" start-time="2022-07-02 23:05:10Z" end-time="2022-07-02 23:05:10Z" duration="0.000152" asserts="0">
              <properties>
                <property name="Category" value="GDX.Tests" />
              </properties>
            </test-case>
            <test-case id="1326" name="SemanticVersion_FromString_TooManyParts" fullname="GDX.Developer.SemanticVersionTests.SemanticVersion_FromString_TooManyParts" methodname="SemanticVersion_FromString_TooManyParts" classname="GDX.Developer.SemanticVersionTests" runstate="Runnable" seed="1875521250" result="Passed" start-time="2022-07-02 23:05:10Z" end-time="2022-07-02 23:05:10Z" duration="0.000152" asserts="0">
              <properties>
                <property name="Category" value="GDX.Tests" />
              </properties>
            </test-case>
            <test-case id="1323" name="SemanticVersion_FromString_TwoPartsParse" fullname="GDX.Developer.SemanticVersionTests.SemanticVersion_FromString_TwoPartsParse" methodname="SemanticVersion_FromString_TwoPartsParse" classname="GDX.Developer.SemanticVersionTests" runstate="Runnable" seed="89824683" result="Passed" start-time="2022-07-02 23:05:10Z" end-time="2022-07-02 23:05:10Z" duration="0.000154" asserts="0">
              <properties>
                <property name="Category" value="GDX.Tests" />
              </properties>
            </test-case>
            <test-case id="1320" name="SemanticVersion_NoVersion_Origin" fullname="GDX.Developer.SemanticVersionTests.SemanticVersion_NoVersion_Origin" methodname="SemanticVersion_NoVersion_Origin" classname="GDX.Developer.SemanticVersionTests" runstate="Runnable" seed="207353291" result="Passed" start-time="2022-07-02 23:05:10Z" end-time="2022-07-02 23:05:10Z" duration="0.000144" asserts="0">
              <properties>
                <property name="Category" value="GDX.Tests" />
              </properties>
            </test-case>
            <test-case id="1325" name="SemanticVersion_UnityVersion_ThreePartsParse" fullname="GDX.Developer.SemanticVersionTests.SemanticVersion_UnityVersion_ThreePartsParse" methodname="SemanticVersion_UnityVersion_ThreePartsParse" classname="GDX.Developer.SemanticVersionTests" runstate="Runnable" seed="666985876" result="Passed" start-time="2022-07-02 23:05:10Z" end-time="2022-07-02 23:05:10Z" duration="0.000150" asserts="0">
              <properties>
                <property name="Category" value="GDX.Tests" />
              </properties>
            </test-case>
          </test-suite>
          <test-suite type="TestFixture" id="1335" name="TextGeneratorTests" fullname="GDX.Developer.TextGeneratorTests" classname="GDX.Developer.TextGeneratorTests" runstate="Runnable" testcasecount="1" result="Passed" start-time="2022-07-02 23:05:10Z" end-time="2022-07-02 23:05:10Z" duration="0.002703" total="1" passed="1" failed="0" inconclusive="0" skipped="0" asserts="0">
            <properties />
            <test-case id="1336" name="AppendLineRange_MockData_AddsContent" fullname="GDX.Developer.TextGeneratorTests.AppendLineRange_MockData_AddsContent" methodname="AppendLineRange_MockData_AddsContent" classname="GDX.Developer.TextGeneratorTests" runstate="Runnable" seed="1901367212" result="Passed" start-time="2022-07-02 23:05:10Z" end-time="2022-07-02 23:05:10Z" duration="0.000600" asserts="0">
              <properties>
                <property name="Category" value="GDX.Tests" />
              </properties>
            </test-case>
          </test-suite>
          <test-suite type="TestFixture" id="1337" name="TransientReferenceTests" fullname="GDX.Developer.TransientReferenceTests" classname="GDX.Developer.TransientReferenceTests" runstate="Runnable" testcasecount="6" result="Passed" start-time="2022-07-02 23:05:10Z" end-time="2022-07-02 23:05:10Z" duration="0.004848" total="6" passed="6" failed="0" inconclusive="0" skipped="0" asserts="0">
            <properties />
            <test-case id="1341" name="CompareTo_BadTransientReference_ReturnsZero" fullname="GDX.Developer.TransientReferenceTests.CompareTo_BadTransientReference_ReturnsZero" methodname="CompareTo_BadTransientReference_ReturnsZero" classname="GDX.Developer.TransientReferenceTests" runstate="Runnable" seed="1735367979" result="Passed" start-time="2022-07-02 23:05:10Z" end-time="2022-07-02 23:05:10Z" duration="0.000518" asserts="0">
              <properties>
                <property name="Category" value="GDX.Tests" />
              </properties>
            </test-case>
            <test-case id="1340" name="CompareTo_DuplicateTransientReference_ReturnsOne" fullname="GDX.Developer.TransientReferenceTests.CompareTo_DuplicateTransientReference_ReturnsOne" methodname="CompareTo_DuplicateTransientReference_ReturnsOne" classname="GDX.Developer.TransientReferenceTests" runstate="Runnable" seed="358034694" result="Passed" start-time="2022-07-02 23:05:10Z" end-time="2022-07-02 23:05:10Z" duration="0.000166" asserts="0">
              <properties>
                <property name="Category" value="GDX.Tests" />
              </properties>
            </test-case>
            <test-case id="1342" name="CompareTo_OriginalObject_ReturnsOne" fullname="GDX.Developer.TransientReferenceTests.CompareTo_OriginalObject_ReturnsOne" methodname="CompareTo_OriginalObject_ReturnsOne" classname="GDX.Developer.TransientReferenceTests" runstate="Runnable" seed="1897156173" result="Passed" start-time="2022-07-02 23:05:10Z" end-time="2022-07-02 23:05:10Z" duration="0.000226" asserts="0">
              <properties>
                <property name="Category" value="GDX.Tests" />
              </properties>
            </test-case>
            <test-case id="1343" name="CompareTo_WeakReference_ReturnsOne" fullname="GDX.Developer.TransientReferenceTests.CompareTo_WeakReference_ReturnsOne" methodname="CompareTo_WeakReference_ReturnsOne" classname="GDX.Developer.TransientReferenceTests" runstate="Runnable" seed="611936640" result="Passed" start-time="2022-07-02 23:05:10Z" end-time="2022-07-02 23:05:10Z" duration="0.000232" asserts="0">
              <properties>
                <property name="Category" value="GDX.Tests" />
              </properties>
            </test-case>
            <test-case id="1338" name="TransientReference_ObjectBased_CreatedReference" fullname="GDX.Developer.TransientReferenceTests.TransientReference_ObjectBased_CreatedReference" methodname="TransientReference_ObjectBased_CreatedReference" classname="GDX.Developer.TransientReferenceTests" runstate="Runnable" seed="1812300235" result="Passed" start-time="2022-07-02 23:05:10Z" end-time="2022-07-02 23:05:10Z" duration="0.000151" asserts="0">
              <properties>
                <property name="Category" value="GDX.Tests" />
              </properties>
            </test-case>
            <test-case id="1339" name="TransientReference_ObjectBasedResurrection_CreatedReference" fullname="GDX.Developer.TransientReferenceTests.TransientReference_ObjectBasedResurrection_CreatedReference" methodname="TransientReference_ObjectBasedResurrection_CreatedReference" classname="GDX.Developer.TransientReferenceTests" runstate="Runnable" seed="966216740" result="Passed" start-time="2022-07-02 23:05:10Z" end-time="2022-07-02 23:05:10Z" duration="0.000145" asserts="0">
              <properties>
                <property name="Category" value="GDX.Tests" />
              </properties>
            </test-case>
          </test-suite>
        </test-suite>
        <test-suite type="TestSuite" id="1617" name="Jobs" fullname="GDX.Jobs" runstate="Runnable" testcasecount="2" result="Passed" start-time="2022-07-02 23:05:10Z" end-time="2022-07-02 23:05:10Z" duration="0.048206" total="2" passed="2" failed="0" inconclusive="0" skipped="0" asserts="0">
          <properties />
          <test-suite type="TestSuite" id="1618" name="ParallelFor" fullname="GDX.Jobs.ParallelFor" runstate="Runnable" testcasecount="2" result="Passed" start-time="2022-07-02 23:05:10Z" end-time="2022-07-02 23:05:10Z" duration="0.046490" total="2" passed="2" failed="0" inconclusive="0" skipped="0" asserts="0">
            <properties />
            <test-suite type="TestFixture" id="1309" name="Color32CompareJobTests" fullname="GDX.Jobs.ParallelFor.Color32CompareJobTests" classname="GDX.Jobs.ParallelFor.Color32CompareJobTests" runstate="Runnable" testcasecount="2" result="Passed" start-time="2022-07-02 23:05:10Z" end-time="2022-07-02 23:05:10Z" duration="0.043327" total="2" passed="2" failed="0" inconclusive="0" skipped="0" asserts="0">
              <properties />
              <test-case id="1311" name="Compare_WhiteBlack_Different" fullname="GDX.Jobs.ParallelFor.Color32CompareJobTests.Compare_WhiteBlack_Different" methodname="Compare_WhiteBlack_Different" classname="GDX.Jobs.ParallelFor.Color32CompareJobTests" runstate="Runnable" seed="115677006" result="Passed" start-time="2022-07-02 23:05:10Z" end-time="2022-07-02 23:05:10Z" duration="0.038465" asserts="0">
                <properties>
                  <property name="Category" value="GDX.Tests" />
                </properties>
              </test-case>
              <test-case id="1310" name="Compare_WhiteTexture_Same" fullname="GDX.Jobs.ParallelFor.Color32CompareJobTests.Compare_WhiteTexture_Same" methodname="Compare_WhiteTexture_Same" classname="GDX.Jobs.ParallelFor.Color32CompareJobTests" runstate="Runnable" seed="454959462" result="Passed" start-time="2022-07-02 23:05:10Z" end-time="2022-07-02 23:05:10Z" duration="0.000442" asserts="0">
                <properties>
                  <property name="Category" value="GDX.Tests" />
                </properties>
              </test-case>
            </test-suite>
          </test-suite>
        </test-suite>
        <test-suite type="TestFixture" id="1050" name="ListExtensionsTests" fullname="GDX.ListExtensionsTests" classname="GDX.ListExtensionsTests" runstate="Runnable" testcasecount="11" result="Passed" start-time="2022-07-02 23:05:10Z" end-time="2022-07-02 23:05:10Z" duration="0.008748" total="11" passed="11" failed="0" inconclusive="0" skipped="0" asserts="0">
          <properties />
          <test-case id="1052" name="AddUniqueItem_NonUniqueItem_ReturnsFalse" fullname="GDX.ListExtensionsTests.AddUniqueItem_NonUniqueItem_ReturnsFalse" methodname="AddUniqueItem_NonUniqueItem_ReturnsFalse" classname="GDX.ListExtensionsTests" runstate="Runnable" seed="2063328880" result="Passed" start-time="2022-07-02 23:05:10Z" end-time="2022-07-02 23:05:10Z" duration="0.000613" asserts="0">
            <properties>
              <property name="Category" value="GDX.Tests" />
            </properties>
          </test-case>
          <test-case id="1051" name="AddUniqueItem_UniqueItem_ReturnsTrue" fullname="GDX.ListExtensionsTests.AddUniqueItem_UniqueItem_ReturnsTrue" methodname="AddUniqueItem_UniqueItem_ReturnsTrue" classname="GDX.ListExtensionsTests" runstate="Runnable" seed="1787039656" result="Passed" start-time="2022-07-02 23:05:10Z" end-time="2022-07-02 23:05:10Z" duration="0.000220" asserts="0">
            <properties>
              <property name="Category" value="GDX.Tests" />
            </properties>
          </test-case>
          <test-case id="1053" name="ContainsItem_MockData_FindsItem" fullname="GDX.ListExtensionsTests.ContainsItem_MockData_FindsItem" methodname="ContainsItem_MockData_FindsItem" classname="GDX.ListExtensionsTests" runstate="Runnable" seed="1034587583" result="Passed" start-time="2022-07-02 23:05:10Z" end-time="2022-07-02 23:05:10Z" duration="0.000203" asserts="0">
            <properties>
              <property name="Category" value="GDX.Tests" />
            </properties>
          </test-case>
          <test-case id="1054" name="ContainsItem_StringArray_FindsItem" fullname="GDX.ListExtensionsTests.ContainsItem_StringArray_FindsItem" methodname="ContainsItem_StringArray_FindsItem" classname="GDX.ListExtensionsTests" runstate="Runnable" seed="761669105" result="Passed" start-time="2022-07-02 23:05:10Z" end-time="2022-07-02 23:05:10Z" duration="0.000167" asserts="0">
            <properties>
              <property name="Category" value="GDX.Tests" />
            </properties>
          </test-case>
          <test-case id="1056" name="RemoveFirstItem_BadMockData_ReturnsFalse" fullname="GDX.ListExtensionsTests.RemoveFirstItem_BadMockData_ReturnsFalse" methodname="RemoveFirstItem_BadMockData_ReturnsFalse" classname="GDX.ListExtensionsTests" runstate="Runnable" seed="341153559" result="Passed" start-time="2022-07-02 23:05:10Z" end-time="2022-07-02 23:05:10Z" duration="0.000327" asserts="0">
            <properties>
              <property name="Category" value="GDX.Tests" />
            </properties>
          </test-case>
          <test-case id="1055" name="RemoveFirstItem_MockData_RemovedItem" fullname="GDX.ListExtensionsTests.RemoveFirstItem_MockData_RemovedItem" methodname="RemoveFirstItem_MockData_RemovedItem" classname="GDX.ListExtensionsTests" runstate="Runnable" seed="79090357" result="Passed" start-time="2022-07-02 23:05:10Z" end-time="2022-07-02 23:05:10Z" duration="0.000242" asserts="0">
            <properties>
              <property name="Category" value="GDX.Tests" />
            </properties>
          </test-case>
          <test-case id="1060" name="RemoveItems_MockData_RemovedItems" fullname="GDX.ListExtensionsTests.RemoveItems_MockData_RemovedItems" methodname="RemoveItems_MockData_RemovedItems" classname="GDX.ListExtensionsTests" runstate="Runnable" seed="874598357" result="Passed" start-time="2022-07-02 23:05:10Z" end-time="2022-07-02 23:05:10Z" duration="0.000338" asserts="0">
            <properties>
              <property name="Category" value="GDX.Tests" />
            </properties>
          </test-case>
          <test-case id="1057" name="RemoveItemSwap_MockData_RemovedItem" fullname="GDX.ListExtensionsTests.RemoveItemSwap_MockData_RemovedItem" methodname="RemoveItemSwap_MockData_RemovedItem" classname="GDX.ListExtensionsTests" runstate="Runnable" seed="762401515" result="Passed" start-time="2022-07-02 23:05:10Z" end-time="2022-07-02 23:05:10Z" duration="0.000319" asserts="0">
            <properties>
              <property name="Category" value="GDX.Tests" />
            </properties>
          </test-case>
          <test-case id="1059" name="RemoveLastItem_BadMockData_ReturnsFalse" fullname="GDX.ListExtensionsTests.RemoveLastItem_BadMockData_ReturnsFalse" methodname="RemoveLastItem_BadMockData_ReturnsFalse" classname="GDX.ListExtensionsTests" runstate="Runnable" seed="2020649734" result="Passed" start-time="2022-07-02 23:05:10Z" end-time="2022-07-02 23:05:10Z" duration="0.000302" asserts="0">
            <properties>
              <property name="Category" value="GDX.Tests" />
            </properties>
          </test-case>
          <test-case id="1058" name="RemoveLastItem_MockData_RemovedItems" fullname="GDX.ListExtensionsTests.RemoveLastItem_MockData_RemovedItems" methodname="RemoveLastItem_MockData_RemovedItems" classname="GDX.ListExtensionsTests" runstate="Runnable" seed="1440941740" result="Passed" start-time="2022-07-02 23:05:10Z" end-time="2022-07-02 23:05:10Z" duration="0.000222" asserts="0">
            <properties>
              <property name="Category" value="GDX.Tests" />
            </properties>
          </test-case>
          <test-case id="1061" name="Shuffle_MockData_HasDifferences" fullname="GDX.ListExtensionsTests.Shuffle_MockData_HasDifferences" methodname="Shuffle_MockData_HasDifferences" classname="GDX.ListExtensionsTests" runstate="Runnable" seed="1206723930" result="Passed" start-time="2022-07-02 23:05:10Z" end-time="2022-07-02 23:05:10Z" duration="0.000740" asserts="0">
            <properties>
              <property name="Category" value="GDX.Tests" />
            </properties>
          </test-case>
        </test-suite>
        <test-suite type="TestFixture" id="1062" name="LocalizationTests" fullname="GDX.LocalizationTests" classname="GDX.LocalizationTests" runstate="Runnable" testcasecount="3" result="Passed" start-time="2022-07-02 23:05:10Z" end-time="2022-07-02 23:05:10Z" duration="0.003109" total="3" passed="3" failed="0" inconclusive="0" skipped="0" asserts="0">
          <properties />
          <test-case id="1063" name="GetHumanReadableFileSize_100_ReturnsValidString" fullname="GDX.LocalizationTests.GetHumanReadableFileSize_100_ReturnsValidString" methodname="GetHumanReadableFileSize_100_ReturnsValidString" classname="GDX.LocalizationTests" runstate="Runnable" seed="1829883791" result="Passed" start-time="2022-07-02 23:05:10Z" end-time="2022-07-02 23:05:10Z" duration="0.000184" asserts="0">
            <properties>
              <property name="Category" value="GDX.Tests" />
            </properties>
          </test-case>
          <test-case id="1064" name="GetHumanReadableFileSize_1024_ReturnsValidString" fullname="GDX.LocalizationTests.GetHumanReadableFileSize_1024_ReturnsValidString" methodname="GetHumanReadableFileSize_1024_ReturnsValidString" classname="GDX.LocalizationTests" runstate="Runnable" seed="136371977" result="Passed" start-time="2022-07-02 23:05:10Z" end-time="2022-07-02 23:05:10Z" duration="0.000152" asserts="0">
            <properties>
              <property name="Category" value="GDX.Tests" />
            </properties>
          </test-case>
          <test-case id="1065" name="GetHumanReadableFileSize_1048576_ReturnsValidString" fullname="GDX.LocalizationTests.GetHumanReadableFileSize_1048576_ReturnsValidString" methodname="GetHumanReadableFileSize_1048576_ReturnsValidString" classname="GDX.LocalizationTests" runstate="Runnable" seed="1998430721" result="Passed" start-time="2022-07-02 23:05:10Z" end-time="2022-07-02 23:05:10Z" duration="0.000152" asserts="0">
            <properties>
              <property name="Category" value="GDX.Tests" />
            </properties>
          </test-case>
        </test-suite>
        <test-suite type="TestSuite" id="1615" name="Mathematics" fullname="GDX.Mathematics" runstate="Runnable" testcasecount="91" result="Passed" start-time="2022-07-02 23:05:10Z" end-time="2022-07-02 23:05:10Z" duration="0.066812" total="91" passed="91" failed="0" inconclusive="0" skipped="0" asserts="0">
          <properties />
          <test-suite type="TestFixture" id="1213" name="Byte2Tests" fullname="GDX.Mathematics.Byte2Tests" classname="GDX.Mathematics.Byte2Tests" runstate="Runnable" testcasecount="37" result="Passed" start-time="2022-07-02 23:05:10Z" end-time="2022-07-02 23:05:10Z" duration="0.020894" total="37" passed="37" failed="0" inconclusive="0" skipped="0" asserts="0">
            <properties />
            <test-case id="1230" name="Accessor_Get_InRange" fullname="GDX.Mathematics.Byte2Tests.Accessor_Get_InRange" methodname="Accessor_Get_InRange" classname="GDX.Mathematics.Byte2Tests" runstate="Runnable" seed="233756219" result="Passed" start-time="2022-07-02 23:05:10Z" end-time="2022-07-02 23:05:10Z" duration="0.000321" asserts="0">
              <properties>
                <property name="Category" value="GDX.Tests" />
              </properties>
            </test-case>
            <test-case id="1231" name="Accessor_Get_OutOfRange" fullname="GDX.Mathematics.Byte2Tests.Accessor_Get_OutOfRange" methodname="Accessor_Get_OutOfRange" classname="GDX.Mathematics.Byte2Tests" runstate="Runnable" seed="1540001600" result="Passed" start-time="2022-07-02 23:05:10Z" end-time="2022-07-02 23:05:10Z" duration="0.000305" asserts="0">
              <properties>
                <property name="Category" value="GDX.Tests" />
              </properties>
            </test-case>
            <test-case id="1232" name="Accessor_Set_InRange" fullname="GDX.Mathematics.Byte2Tests.Accessor_Set_InRange" methodname="Accessor_Set_InRange" classname="GDX.Mathematics.Byte2Tests" runstate="Runnable" seed="1347213450" result="Passed" start-time="2022-07-02 23:05:10Z" end-time="2022-07-02 23:05:10Z" duration="0.000230" asserts="0">
              <properties>
                <property name="Category" value="GDX.Tests" />
              </properties>
            </test-case>
            <test-case id="1233" name="Accessor_Set_OutOfRange" fullname="GDX.Mathematics.Byte2Tests.Accessor_Set_OutOfRange" methodname="Accessor_Set_OutOfRange" classname="GDX.Mathematics.Byte2Tests" runstate="Runnable" seed="928431455" result="Passed" start-time="2022-07-02 23:05:10Z" end-time="2022-07-02 23:05:10Z" duration="0.000255" asserts="0">
              <properties>
                <property name="Category" value="GDX.Tests" />
              </properties>
            </test-case>
            <test-case id="1218" name="Constructor_CreateFromBool" fullname="GDX.Mathematics.Byte2Tests.Constructor_CreateFromBool" methodname="Constructor_CreateFromBool" classname="GDX.Mathematics.Byte2Tests" runstate="Runnable" seed="1763322197" result="Passed" start-time="2022-07-02 23:05:10Z" end-time="2022-07-02 23:05:10Z" duration="0.000218" asserts="0">
              <properties>
                <property name="Category" value="GDX.Tests" />
              </properties>
            </test-case>
            <test-case id="1219" name="Constructor_CreateFromBool2" fullname="GDX.Mathematics.Byte2Tests.Constructor_CreateFromBool2" methodname="Constructor_CreateFromBool2" classname="GDX.Mathematics.Byte2Tests" runstate="Runnable" seed="1211280352" result="Passed" start-time="2022-07-02 23:05:10Z" end-time="2022-07-02 23:05:10Z" duration="0.000324" asserts="0">
              <properties>
                <property name="Category" value="GDX.Tests" />
              </properties>
            </test-case>
            <test-case id="1216" name="Constructor_CreateFromByte" fullname="GDX.Mathematics.Byte2Tests.Constructor_CreateFromByte" methodname="Constructor_CreateFromByte" classname="GDX.Mathematics.Byte2Tests" runstate="Runnable" seed="1136340048" result="Passed" start-time="2022-07-02 23:05:10Z" end-time="2022-07-02 23:05:10Z" duration="0.000192" asserts="0">
              <properties>
                <property name="Category" value="GDX.Tests" />
              </properties>
            </test-case>
            <test-case id="1217" name="Constructor_CreateFromByte2" fullname="GDX.Mathematics.Byte2Tests.Constructor_CreateFromByte2" methodname="Constructor_CreateFromByte2" classname="GDX.Mathematics.Byte2Tests" runstate="Runnable" seed="676124597" result="Passed" start-time="2022-07-02 23:05:10Z" end-time="2022-07-02 23:05:10Z" duration="0.000201" asserts="0">
              <properties>
                <property name="Category" value="GDX.Tests" />
              </properties>
            </test-case>
            <test-case id="1215" name="Constructor_CreateFromBytes" fullname="GDX.Mathematics.Byte2Tests.Constructor_CreateFromBytes" methodname="Constructor_CreateFromBytes" classname="GDX.Mathematics.Byte2Tests" runstate="Runnable" seed="1678742453" result="Passed" start-time="2022-07-02 23:05:10Z" end-time="2022-07-02 23:05:10Z" duration="0.000197" asserts="0">
              <properties>
                <property name="Category" value="GDX.Tests" />
              </properties>
            </test-case>
            <test-case id="1222" name="Constructor_CreateFromDouble" fullname="GDX.Mathematics.Byte2Tests.Constructor_CreateFromDouble" methodname="Constructor_CreateFromDouble" classname="GDX.Mathematics.Byte2Tests" runstate="Runnable" seed="2137891657" result="Passed" start-time="2022-07-02 23:05:10Z" end-time="2022-07-02 23:05:10Z" duration="0.000200" asserts="0">
              <properties>
                <property name="Category" value="GDX.Tests" />
              </properties>
            </test-case>
            <test-case id="1223" name="Constructor_CreateFromDouble2" fullname="GDX.Mathematics.Byte2Tests.Constructor_CreateFromDouble2" methodname="Constructor_CreateFromDouble2" classname="GDX.Mathematics.Byte2Tests" runstate="Runnable" seed="52699149" result="Passed" start-time="2022-07-02 23:05:10Z" end-time="2022-07-02 23:05:10Z" duration="0.000268" asserts="0">
              <properties>
                <property name="Category" value="GDX.Tests" />
              </properties>
            </test-case>
            <test-case id="1220" name="Constructor_CreateFromFloat" fullname="GDX.Mathematics.Byte2Tests.Constructor_CreateFromFloat" methodname="Constructor_CreateFromFloat" classname="GDX.Mathematics.Byte2Tests" runstate="Runnable" seed="317894172" result="Passed" start-time="2022-07-02 23:05:10Z" end-time="2022-07-02 23:05:10Z" duration="0.000197" asserts="0">
              <properties>
                <property name="Category" value="GDX.Tests" />
              </properties>
            </test-case>
            <test-case id="1221" name="Constructor_CreateFromFloat2" fullname="GDX.Mathematics.Byte2Tests.Constructor_CreateFromFloat2" methodname="Constructor_CreateFromFloat2" classname="GDX.Mathematics.Byte2Tests" runstate="Runnable" seed="13328403" result="Passed" start-time="2022-07-02 23:05:10Z" end-time="2022-07-02 23:05:10Z" duration="0.000258" asserts="0">
              <properties>
                <property name="Category" value="GDX.Tests" />
              </properties>
            </test-case>
            <test-case id="1214" name="Constructor_CreateFromInteger" fullname="GDX.Mathematics.Byte2Tests.Constructor_CreateFromInteger" methodname="Constructor_CreateFromInteger" classname="GDX.Mathematics.Byte2Tests" runstate="Runnable" seed="1738576102" result="Passed" start-time="2022-07-02 23:05:10Z" end-time="2022-07-02 23:05:10Z" duration="0.000152" asserts="0">
              <properties>
                <property name="Category" value="GDX.Tests" />
              </properties>
            </test-case>
            <test-case id="1234" name="Equals_Compare_Byte2" fullname="GDX.Mathematics.Byte2Tests.Equals_Compare_Byte2" methodname="Equals_Compare_Byte2" classname="GDX.Mathematics.Byte2Tests" runstate="Runnable" seed="1722568058" result="Passed" start-time="2022-07-02 23:05:10Z" end-time="2022-07-02 23:05:10Z" duration="0.000202" asserts="0">
              <properties>
                <property name="Category" value="GDX.Tests" />
              </properties>
            </test-case>
            <test-case id="1235" name="Equals_Compare_Object" fullname="GDX.Mathematics.Byte2Tests.Equals_Compare_Object" methodname="Equals_Compare_Object" classname="GDX.Mathematics.Byte2Tests" runstate="Runnable" seed="1123335078" result="Passed" start-time="2022-07-02 23:05:10Z" end-time="2022-07-02 23:05:10Z" duration="0.000222" asserts="0">
              <properties>
                <property name="Category" value="GDX.Tests" />
              </properties>
            </test-case>
            <test-case id="1249" name="Operator_Addition_Byte" fullname="GDX.Mathematics.Byte2Tests.Operator_Addition_Byte" methodname="Operator_Addition_Byte" classname="GDX.Mathematics.Byte2Tests" runstate="Runnable" seed="1782127393" result="Passed" start-time="2022-07-02 23:05:10Z" end-time="2022-07-02 23:05:10Z" duration="0.000258" asserts="0">
              <properties>
                <property name="Category" value="GDX.Tests" />
              </properties>
            </test-case>
            <test-case id="1248" name="Operator_Addition_Byte2" fullname="GDX.Mathematics.Byte2Tests.Operator_Addition_Byte2" methodname="Operator_Addition_Byte2" classname="GDX.Mathematics.Byte2Tests" runstate="Runnable" seed="858600803" result="Passed" start-time="2022-07-02 23:05:10Z" end-time="2022-07-02 23:05:10Z" duration="0.000259" asserts="0">
              <properties>
                <property name="Category" value="GDX.Tests" />
              </properties>
            </test-case>
            <test-case id="1250" name="Operator_Addition_ByteBy" fullname="GDX.Mathematics.Byte2Tests.Operator_Addition_ByteBy" methodname="Operator_Addition_ByteBy" classname="GDX.Mathematics.Byte2Tests" runstate="Runnable" seed="9168219" result="Passed" start-time="2022-07-02 23:05:10Z" end-time="2022-07-02 23:05:10Z" duration="0.000250" asserts="0">
              <properties>
                <property name="Category" value="GDX.Tests" />
              </properties>
            </test-case>
            <test-case id="1239" name="Operator_Explicit_Bool" fullname="GDX.Mathematics.Byte2Tests.Operator_Explicit_Bool" methodname="Operator_Explicit_Bool" classname="GDX.Mathematics.Byte2Tests" runstate="Runnable" seed="223782241" result="Passed" start-time="2022-07-02 23:05:10Z" end-time="2022-07-02 23:05:10Z" duration="0.000243" asserts="0">
              <properties>
                <property name="Category" value="GDX.Tests" />
              </properties>
            </test-case>
            <test-case id="1242" name="Operator_Explicit_Bool2" fullname="GDX.Mathematics.Byte2Tests.Operator_Explicit_Bool2" methodname="Operator_Explicit_Bool2" classname="GDX.Mathematics.Byte2Tests" runstate="Runnable" seed="1015916519" result="Passed" start-time="2022-07-02 23:05:10Z" end-time="2022-07-02 23:05:10Z" duration="0.000319" asserts="0">
              <properties>
                <property name="Category" value="GDX.Tests" />
              </properties>
            </test-case>
            <test-case id="1241" name="Operator_Explicit_Double" fullname="GDX.Mathematics.Byte2Tests.Operator_Explicit_Double" methodname="Operator_Explicit_Double" classname="GDX.Mathematics.Byte2Tests" runstate="Runnable" seed="143186596" result="Passed" start-time="2022-07-02 23:05:10Z" end-time="2022-07-02 23:05:10Z" duration="0.000235" asserts="0">
              <properties>
                <property name="Category" value="GDX.Tests" />
              </properties>
            </test-case>
            <test-case id="1244" name="Operator_Explicit_Double2" fullname="GDX.Mathematics.Byte2Tests.Operator_Explicit_Double2" methodname="Operator_Explicit_Double2" classname="GDX.Mathematics.Byte2Tests" runstate="Runnable" seed="503053676" result="Passed" start-time="2022-07-02 23:05:10Z" end-time="2022-07-02 23:05:10Z" duration="0.000253" asserts="0">
              <properties>
                <property name="Category" value="GDX.Tests" />
              </properties>
            </test-case>
            <test-case id="1240" name="Operator_Explicit_Float" fullname="GDX.Mathematics.Byte2Tests.Operator_Explicit_Float" methodname="Operator_Explicit_Float" classname="GDX.Mathematics.Byte2Tests" runstate="Runnable" seed="1786798121" result="Passed" start-time="2022-07-02 23:05:10Z" end-time="2022-07-02 23:05:10Z" duration="0.000240" asserts="0">
              <properties>
                <property name="Category" value="GDX.Tests" />
              </properties>
            </test-case>
            <test-case id="1243" name="Operator_Explicit_Float2" fullname="GDX.Mathematics.Byte2Tests.Operator_Explicit_Float2" methodname="Operator_Explicit_Float2" classname="GDX.Mathematics.Byte2Tests" runstate="Runnable" seed="10441795" result="Passed" start-time="2022-07-02 23:05:10Z" end-time="2022-07-02 23:05:10Z" duration="0.000261" asserts="0">
              <properties>
                <property name="Category" value="GDX.Tests" />
              </properties>
            </test-case>
            <test-case id="1238" name="Operator_Implicit_Byte" fullname="GDX.Mathematics.Byte2Tests.Operator_Implicit_Byte" methodname="Operator_Implicit_Byte" classname="GDX.Mathematics.Byte2Tests" runstate="Runnable" seed="204994416" result="Passed" start-time="2022-07-02 23:05:10Z" end-time="2022-07-02 23:05:10Z" duration="0.001103" asserts="0">
              <properties>
                <property name="Category" value="GDX.Tests" />
              </properties>
            </test-case>
            <test-case id="1245" name="Operator_Multiply_Byte" fullname="GDX.Mathematics.Byte2Tests.Operator_Multiply_Byte" methodname="Operator_Multiply_Byte" classname="GDX.Mathematics.Byte2Tests" runstate="Runnable" seed="29808586" result="Passed" start-time="2022-07-02 23:05:10Z" end-time="2022-07-02 23:05:10Z" duration="0.000254" asserts="0">
              <properties>
                <property name="Category" value="GDX.Tests" />
              </properties>
            </test-case>
            <test-case id="1246" name="Operator_Multiply_Byte2" fullname="GDX.Mathematics.Byte2Tests.Operator_Multiply_Byte2" methodname="Operator_Multiply_Byte2" classname="GDX.Mathematics.Byte2Tests" runstate="Runnable" seed="1125497030" result="Passed" start-time="2022-07-02 23:05:10Z" end-time="2022-07-02 23:05:10Z" duration="0.000256" asserts="0">
              <properties>
                <property name="Category" value="GDX.Tests" />
              </properties>
            </test-case>
            <test-case id="1247" name="Operator_Multiply_ByteBy" fullname="GDX.Mathematics.Byte2Tests.Operator_Multiply_ByteBy" methodname="Operator_Multiply_ByteBy" classname="GDX.Mathematics.Byte2Tests" runstate="Runnable" seed="532733494" result="Passed" start-time="2022-07-02 23:05:10Z" end-time="2022-07-02 23:05:10Z" duration="0.000258" asserts="0">
              <properties>
                <property name="Category" value="GDX.Tests" />
              </properties>
            </test-case>
            <test-case id="1237" name="ToString_Format_ByteIntegerValues" fullname="GDX.Mathematics.Byte2Tests.ToString_Format_ByteIntegerValues" methodname="ToString_Format_ByteIntegerValues" classname="GDX.Mathematics.Byte2Tests" runstate="Runnable" seed="1723951175" result="Passed" start-time="2022-07-02 23:05:10Z" end-time="2022-07-02 23:05:10Z" duration="0.000470" asserts="0">
              <properties>
                <property name="Category" value="GDX.Tests" />
              </properties>
            </test-case>
            <test-case id="1236" name="ToString_Output_ByteIntegerValues" fullname="GDX.Mathematics.Byte2Tests.ToString_Output_ByteIntegerValues" methodname="ToString_Output_ByteIntegerValues" classname="GDX.Mathematics.Byte2Tests" runstate="Runnable" seed="1304530774" result="Passed" start-time="2022-07-02 23:05:10Z" end-time="2022-07-02 23:05:10Z" duration="0.000319" asserts="0">
              <properties>
                <property name="Category" value="GDX.Tests" />
              </properties>
            </test-case>
            <test-case id="1224" name="XX_CreateNew" fullname="GDX.Mathematics.Byte2Tests.XX_CreateNew" methodname="XX_CreateNew" classname="GDX.Mathematics.Byte2Tests" runstate="Runnable" seed="905548514" result="Passed" start-time="2022-07-02 23:05:10Z" end-time="2022-07-02 23:05:10Z" duration="0.000238" asserts="0">
              <properties>
                <property name="Category" value="GDX.Tests" />
              </properties>
            </test-case>
            <test-case id="1225" name="XY_CreateNew" fullname="GDX.Mathematics.Byte2Tests.XY_CreateNew" methodname="XY_CreateNew" classname="GDX.Mathematics.Byte2Tests" runstate="Runnable" seed="790321245" result="Passed" start-time="2022-07-02 23:05:10Z" end-time="2022-07-02 23:05:10Z" duration="0.000241" asserts="0">
              <properties>
                <property name="Category" value="GDX.Tests" />
              </properties>
            </test-case>
            <test-case id="1226" name="XY_SetValue" fullname="GDX.Mathematics.Byte2Tests.XY_SetValue" methodname="XY_SetValue" classname="GDX.Mathematics.Byte2Tests" runstate="Runnable" seed="1248999640" result="Passed" start-time="2022-07-02 23:05:10Z" end-time="2022-07-02 23:05:10Z" duration="0.000245" asserts="0">
              <properties>
                <property name="Category" value="GDX.Tests" />
              </properties>
            </test-case>
            <test-case id="1227" name="YX_CreateNew" fullname="GDX.Mathematics.Byte2Tests.YX_CreateNew" methodname="YX_CreateNew" classname="GDX.Mathematics.Byte2Tests" runstate="Runnable" seed="1363892177" result="Passed" start-time="2022-07-02 23:05:10Z" end-time="2022-07-02 23:05:10Z" duration="0.000238" asserts="0">
              <properties>
                <property name="Category" value="GDX.Tests" />
              </properties>
            </test-case>
            <test-case id="1228" name="YX_SetValue" fullname="GDX.Mathematics.Byte2Tests.YX_SetValue" methodname="YX_SetValue" classname="GDX.Mathematics.Byte2Tests" runstate="Runnable" seed="1641491294" result="Passed" start-time="2022-07-02 23:05:10Z" end-time="2022-07-02 23:05:10Z" duration="0.000255" asserts="0">
              <properties>
                <property name="Category" value="GDX.Tests" />
              </properties>
            </test-case>
            <test-case id="1229" name="YY_CreateNew" fullname="GDX.Mathematics.Byte2Tests.YY_CreateNew" methodname="YY_CreateNew" classname="GDX.Mathematics.Byte2Tests" runstate="Runnable" seed="1160827065" result="Passed" start-time="2022-07-02 23:05:10Z" end-time="2022-07-02 23:05:10Z" duration="0.000237" asserts="0">
              <properties>
                <property name="Category" value="GDX.Tests" />
              </properties>
            </test-case>
          </test-suite>
          <test-suite type="TestSuite" id="1616" name="Random" fullname="GDX.Mathematics.Random" runstate="Runnable" testcasecount="42" result="Passed" start-time="2022-07-02 23:05:10Z" end-time="2022-07-02 23:05:10Z" duration="0.035163" total="42" passed="42" failed="0" inconclusive="0" skipped="0" asserts="0">
            <properties />
            <test-suite type="TestFixture" id="1264" name="RandomAdaptorTests" fullname="GDX.Mathematics.Random.RandomAdaptorTests" classname="GDX.Mathematics.Random.RandomAdaptorTests" runstate="Runnable" testcasecount="6" result="Passed" start-time="2022-07-02 23:05:10Z" end-time="2022-07-02 23:05:10Z" duration="0.006508" total="6" passed="6" failed="0" inconclusive="0" skipped="0" asserts="0">
              <properties />
              <test-case id="1267" name="Next_MaxValue_ValuesInRange" fullname="GDX.Mathematics.Random.RandomAdaptorTests.Next_MaxValue_ValuesInRange" methodname="Next_MaxValue_ValuesInRange" classname="GDX.Mathematics.Random.RandomAdaptorTests" runstate="Runnable" seed="1520548356" result="Passed" start-time="2022-07-02 23:05:10Z" end-time="2022-07-02 23:05:10Z" duration="0.001177" asserts="0">
                <properties>
                  <property name="Category" value="GDX.Tests" />
                </properties>
              </test-case>
              <test-case id="1266" name="Next_MockData_DifferentValues" fullname="GDX.Mathematics.Random.RandomAdaptorTests.Next_MockData_DifferentValues" methodname="Next_MockData_DifferentValues" classname="GDX.Mathematics.Random.RandomAdaptorTests" runstate="Runnable" seed="449963681" result="Passed" start-time="2022-07-02 23:05:10Z" end-time="2022-07-02 23:05:10Z" duration="0.000579" asserts="0">
                <properties>
                  <property name="Category" value="GDX.Tests" />
                </properties>
              </test-case>
              <test-case id="1268" name="Next_Range_ValuesInRange" fullname="GDX.Mathematics.Random.RandomAdaptorTests.Next_Range_ValuesInRange" methodname="Next_Range_ValuesInRange" classname="GDX.Mathematics.Random.RandomAdaptorTests" runstate="Runnable" seed="2146935291" result="Passed" start-time="2022-07-02 23:05:10Z" end-time="2022-07-02 23:05:10Z" duration="0.000314" asserts="0">
                <properties>
                  <property name="Category" value="GDX.Tests" />
                </properties>
              </test-case>
              <test-case id="1270" name="NextBytes_MockData_FillsBuffer" fullname="GDX.Mathematics.Random.RandomAdaptorTests.NextBytes_MockData_FillsBuffer" methodname="NextBytes_MockData_FillsBuffer" classname="GDX.Mathematics.Random.RandomAdaptorTests" runstate="Runnable" seed="1985146505" result="Passed" start-time="2022-07-02 23:05:10Z" end-time="2022-07-02 23:05:10Z" duration="0.000420" asserts="0">
                <properties>
                  <property name="Category" value="GDX.Tests" />
                </properties>
              </test-case>
              <test-case id="1269" name="NextDouble_MockData_DifferentValues" fullname="GDX.Mathematics.Random.RandomAdaptorTests.NextDouble_MockData_DifferentValues" methodname="NextDouble_MockData_DifferentValues" classname="GDX.Mathematics.Random.RandomAdaptorTests" runstate="Runnable" seed="762266846" result="Passed" start-time="2022-07-02 23:05:10Z" end-time="2022-07-02 23:05:10Z" duration="0.000382" asserts="0">
                <properties>
                  <property name="Category" value="GDX.Tests" />
                </properties>
              </test-case>
              <test-case id="1265" name="RandomAdaptor_FromWELL1024a_Created" fullname="GDX.Mathematics.Random.RandomAdaptorTests.RandomAdaptor_FromWELL1024a_Created" methodname="RandomAdaptor_FromWELL1024a_Created" classname="GDX.Mathematics.Random.RandomAdaptorTests" runstate="Runnable" seed="978153077" result="Passed" start-time="2022-07-02 23:05:10Z" end-time="2022-07-02 23:05:10Z" duration="0.000266" asserts="0">
                <properties>
                  <property name="Category" value="GDX.Tests" />
                </properties>
              </test-case>
            </test-suite>
            <test-suite type="TestFixture" id="1271" name="RandomWrapperTests" fullname="GDX.Mathematics.Random.RandomWrapperTests" classname="GDX.Mathematics.Random.RandomWrapperTests" runstate="Runnable" testcasecount="11" result="Passed" start-time="2022-07-02 23:05:10Z" end-time="2022-07-02 23:05:10Z" duration="0.008535" total="11" passed="11" failed="0" inconclusive="0" skipped="0" asserts="0">
              <properties />
              <test-case id="1275" name="NextBoolean_FixedSeed_ReturnsFalse" fullname="GDX.Mathematics.Random.RandomWrapperTests.NextBoolean_FixedSeed_ReturnsFalse" methodname="NextBoolean_FixedSeed_ReturnsFalse" classname="GDX.Mathematics.Random.RandomWrapperTests" runstate="Runnable" seed="1786601338" result="Passed" start-time="2022-07-02 23:05:10Z" end-time="2022-07-02 23:05:10Z" duration="0.000363" asserts="0">
                <properties>
                  <property name="Category" value="GDX.Tests" />
                </properties>
              </test-case>
              <test-case id="1274" name="NextBoolean_FixedSeed_ReturnsTrue" fullname="GDX.Mathematics.Random.RandomWrapperTests.NextBoolean_FixedSeed_ReturnsTrue" methodname="NextBoolean_FixedSeed_ReturnsTrue" classname="GDX.Mathematics.Random.RandomWrapperTests" runstate="Runnable" seed="1515155629" result="Passed" start-time="2022-07-02 23:05:10Z" end-time="2022-07-02 23:05:10Z" duration="0.000186" asserts="0">
                <properties>
                  <property name="Category" value="GDX.Tests" />
                </properties>
              </test-case>
              <test-case id="1276" name="NextBytes_MockData_FillsBuffer" fullname="GDX.Mathematics.Random.RandomWrapperTests.NextBytes_MockData_FillsBuffer" methodname="NextBytes_MockData_FillsBuffer" classname="GDX.Mathematics.Random.RandomWrapperTests" runstate="Runnable" seed="474844823" result="Passed" start-time="2022-07-02 23:05:10Z" end-time="2022-07-02 23:05:10Z" duration="0.000328" asserts="0">
                <properties>
                  <property name="Category" value="GDX.Tests" />
                </properties>
              </test-case>
              <test-case id="1277" name="NextDouble_MockData_InRange" fullname="GDX.Mathematics.Random.RandomWrapperTests.NextDouble_MockData_InRange" methodname="NextDouble_MockData_InRange" classname="GDX.Mathematics.Random.RandomWrapperTests" runstate="Runnable" seed="22373222" result="Passed" start-time="2022-07-02 23:05:10Z" end-time="2022-07-02 23:05:10Z" duration="0.000273" asserts="0">
                <properties>
                  <property name="Category" value="GDX.Tests" />
                </properties>
              </test-case>
              <test-case id="1278" name="NextInteger_MockData_InRange" fullname="GDX.Mathematics.Random.RandomWrapperTests.NextInteger_MockData_InRange" methodname="NextInteger_MockData_InRange" classname="GDX.Mathematics.Random.RandomWrapperTests" runstate="Runnable" seed="662847118" result="Passed" start-time="2022-07-02 23:05:10Z" end-time="2022-07-02 23:05:10Z" duration="0.000227" asserts="0">
                <properties>
                  <property name="Category" value="GDX.Tests" />
                </properties>
              </test-case>
              <test-case id="1279" name="NextIntegerExclusive_MockData_InRange" fullname="GDX.Mathematics.Random.RandomWrapperTests.NextIntegerExclusive_MockData_InRange" methodname="NextIntegerExclusive_MockData_InRange" classname="GDX.Mathematics.Random.RandomWrapperTests" runstate="Runnable" seed="1150022429" result="Passed" start-time="2022-07-02 23:05:10Z" end-time="2022-07-02 23:05:10Z" duration="0.000224" asserts="0">
                <properties>
                  <property name="Category" value="GDX.Tests" />
                </properties>
              </test-case>
              <test-case id="1280" name="NextSingle_MockData_InRange" fullname="GDX.Mathematics.Random.RandomWrapperTests.NextSingle_MockData_InRange" methodname="NextSingle_MockData_InRange" classname="GDX.Mathematics.Random.RandomWrapperTests" runstate="Runnable" seed="1970672888" result="Passed" start-time="2022-07-02 23:05:10Z" end-time="2022-07-02 23:05:10Z" duration="0.000270" asserts="0">
                <properties>
                  <property name="Category" value="GDX.Tests" />
                </properties>
              </test-case>
              <test-case id="1281" name="NextUnsignedInteger_MockData_InRange" fullname="GDX.Mathematics.Random.RandomWrapperTests.NextUnsignedInteger_MockData_InRange" methodname="NextUnsignedInteger_MockData_InRange" classname="GDX.Mathematics.Random.RandomWrapperTests" runstate="Runnable" seed="1284858593" result="Passed" start-time="2022-07-02 23:05:10Z" end-time="2022-07-02 23:05:10Z" duration="0.000282" asserts="0">
                <properties>
                  <property name="Category" value="GDX.Tests" />
                </properties>
              </test-case>
              <test-case id="1282" name="NextUnsignedIntegerExclusive_MockData_InRange" fullname="GDX.Mathematics.Random.RandomWrapperTests.NextUnsignedIntegerExclusive_MockData_InRange" methodname="NextUnsignedIntegerExclusive_MockData_InRange" classname="GDX.Mathematics.Random.RandomWrapperTests" runstate="Runnable" seed="577797569" result="Passed" start-time="2022-07-02 23:05:10Z" end-time="2022-07-02 23:05:10Z" duration="0.000227" asserts="0">
                <properties>
                  <property name="Category" value="GDX.Tests" />
                </properties>
              </test-case>
              <test-case id="1272" name="RandomWrapper_NoSeed_Created" fullname="GDX.Mathematics.Random.RandomWrapperTests.RandomWrapper_NoSeed_Created" methodname="RandomWrapper_NoSeed_Created" classname="GDX.Mathematics.Random.RandomWrapperTests" runstate="Runnable" seed="616874302" result="Passed" start-time="2022-07-02 23:05:10Z" end-time="2022-07-02 23:05:10Z" duration="0.000205" asserts="0">
                <properties>
                  <property name="Category" value="GDX.Tests" />
                </properties>
              </test-case>
              <test-case id="1273" name="RandomWrapper_WithSeed_Created" fullname="GDX.Mathematics.Random.RandomWrapperTests.RandomWrapper_WithSeed_Created" methodname="RandomWrapper_WithSeed_Created" classname="GDX.Mathematics.Random.RandomWrapperTests" runstate="Runnable" seed="1150097096" result="Passed" start-time="2022-07-02 23:05:10Z" end-time="2022-07-02 23:05:10Z" duration="0.000176" asserts="0">
                <properties>
                  <property name="Category" value="GDX.Tests" />
                </properties>
              </test-case>
            </test-suite>
            <test-suite type="TestFixture" id="1283" name="WELL1024aTests" fullname="GDX.Mathematics.Random.WELL1024aTests" classname="GDX.Mathematics.Random.WELL1024aTests" runstate="Runnable" testcasecount="25" result="Passed" start-time="2022-07-02 23:05:10Z" end-time="2022-07-02 23:05:10Z" duration="0.016635" total="25" passed="25" failed="0" inconclusive="0" skipped="0" asserts="0">
              <properties />
              <test-case id="1289" name="Equals_ByReference_ReturnsTrue" fullname="GDX.Mathematics.Random.WELL1024aTests.Equals_ByReference_ReturnsTrue" methodname="Equals_ByReference_ReturnsTrue" classname="GDX.Mathematics.Random.WELL1024aTests" runstate="Runnable" seed="930345889" result="Passed" start-time="2022-07-02 23:05:10Z" end-time="2022-07-02 23:05:10Z" duration="0.000262" asserts="0">
                <properties>
                  <property name="Category" value="GDX.Tests" />
                </properties>
              </test-case>
              <test-case id="1291" name="Equals_Object_ReturnsTrue" fullname="GDX.Mathematics.Random.WELL1024aTests.Equals_Object_ReturnsTrue" methodname="Equals_Object_ReturnsTrue" classname="GDX.Mathematics.Random.WELL1024aTests" runstate="Runnable" seed="1570760716" result="Passed" start-time="2022-07-02 23:05:10Z" end-time="2022-07-02 23:05:10Z" duration="0.000314" asserts="0">
                <properties>
                  <property name="Category" value="GDX.Tests" />
                </properties>
              </test-case>
              <test-case id="1290" name="Equals_Reference_ReturnsTrue" fullname="GDX.Mathematics.Random.WELL1024aTests.Equals_Reference_ReturnsTrue" methodname="Equals_Reference_ReturnsTrue" classname="GDX.Mathematics.Random.WELL1024aTests" runstate="Runnable" seed="1964765531" result="Passed" start-time="2022-07-02 23:05:10Z" end-time="2022-07-02 23:05:10Z" duration="0.000230" asserts="0">
                <properties>
                  <property name="Category" value="GDX.Tests" />
                </properties>
              </test-case>
              <test-case id="1293" name="NextBoolean_PerfectChance_ReturnsTrue" fullname="GDX.Mathematics.Random.WELL1024aTests.NextBoolean_PerfectChance_ReturnsTrue" methodname="NextBoolean_PerfectChance_ReturnsTrue" classname="GDX.Mathematics.Random.WELL1024aTests" runstate="Runnable" seed="795980779" result="Passed" start-time="2022-07-02 23:05:10Z" end-time="2022-07-02 23:05:10Z" duration="0.000242" asserts="0">
                <properties>
                  <property name="Category" value="GDX.Tests" />
                </properties>
              </test-case>
              <test-case id="1294" name="NextBoolean_Simple_ReturnsDeterministicValue" fullname="GDX.Mathematics.Random.WELL1024aTests.NextBoolean_Simple_ReturnsDeterministicValue" methodname="NextBoolean_Simple_ReturnsDeterministicValue" classname="GDX.Mathematics.Random.WELL1024aTests" runstate="Runnable" seed="1894007369" result="Passed" start-time="2022-07-02 23:05:10Z" end-time="2022-07-02 23:05:10Z" duration="0.000179" asserts="0">
                <properties>
                  <property name="Category" value="GDX.Tests" />
                </properties>
              </test-case>
              <test-case id="1292" name="NextBoolean_ZeroChance_ReturnsFalse" fullname="GDX.Mathematics.Random.WELL1024aTests.NextBoolean_ZeroChance_ReturnsFalse" methodname="NextBoolean_ZeroChance_ReturnsFalse" classname="GDX.Mathematics.Random.WELL1024aTests" runstate="Runnable" seed="368850757" result="Passed" start-time="2022-07-02 23:05:10Z" end-time="2022-07-02 23:05:10Z" duration="0.000174" asserts="0">
                <properties>
                  <property name="Category" value="GDX.Tests" />
                </properties>
              </test-case>
              <test-case id="1300" name="NextBytes_Simple_FillsBuffer" fullname="GDX.Mathematics.Random.WELL1024aTests.NextBytes_Simple_FillsBuffer" methodname="NextBytes_Simple_FillsBuffer" classname="GDX.Mathematics.Random.WELL1024aTests" runstate="Runnable" seed="1534704470" result="Passed" start-time="2022-07-02 23:05:10Z" end-time="2022-07-02 23:05:10Z" duration="0.000299" asserts="0">
                <properties>
                  <property name="Category" value="GDX.Tests" />
                </properties>
              </test-case>
              <test-case id="1301" name="NextDouble_Multiple_ReturnsDifferentValues" fullname="GDX.Mathematics.Random.WELL1024aTests.NextDouble_Multiple_ReturnsDifferentValues" methodname="NextDouble_Multiple_ReturnsDifferentValues" classname="GDX.Mathematics.Random.WELL1024aTests" runstate="Runnable" seed="1218677146" result="Passed" start-time="2022-07-02 23:05:10Z" end-time="2022-07-02 23:05:10Z" duration="0.000262" asserts="0">
                <properties>
                  <property name="Category" value="GDX.Tests" />
                </properties>
              </test-case>
              <test-case id="1302" name="NextDouble_Simple_ReturnsDeterministicValue" fullname="GDX.Mathematics.Random.WELL1024aTests.NextDouble_Simple_ReturnsDeterministicValue" methodname="NextDouble_Simple_ReturnsDeterministicValue" classname="GDX.Mathematics.Random.WELL1024aTests" runstate="Runnable" seed="2041108720" result="Passed" start-time="2022-07-02 23:05:10Z" end-time="2022-07-02 23:05:10Z" duration="0.000194" asserts="0">
                <properties>
                  <property name="Category" value="GDX.Tests" />
                </properties>
              </test-case>
              <test-case id="1298" name="NextInteger_MinMaxValue_ReturnsDeterministicValue" fullname="GDX.Mathematics.Random.WELL1024aTests.NextInteger_MinMaxValue_ReturnsDeterministicValue" methodname="NextInteger_MinMaxValue_ReturnsDeterministicValue" classname="GDX.Mathematics.Random.WELL1024aTests" runstate="Runnable" seed="634625645" result="Passed" start-time="2022-07-02 23:05:10Z" end-time="2022-07-02 23:05:10Z" duration="0.000205" asserts="0">
                <properties>
                  <property name="Category" value="GDX.Tests" />
                </properties>
              </test-case>
              <test-case id="1299" name="NextInteger_Multiple_ReturnsDifferentValues" fullname="GDX.Mathematics.Random.WELL1024aTests.NextInteger_Multiple_ReturnsDifferentValues" methodname="NextInteger_Multiple_ReturnsDifferentValues" classname="GDX.Mathematics.Random.WELL1024aTests" runstate="Runnable" seed="54321111" result="Passed" start-time="2022-07-02 23:05:10Z" end-time="2022-07-02 23:05:10Z" duration="0.000251" asserts="0">
                <properties>
                  <property name="Category" value="GDX.Tests" />
                </properties>
              </test-case>
              <test-case id="1296" name="NextInteger_SameRange_ReturnsSameValue" fullname="GDX.Mathematics.Random.WELL1024aTests.NextInteger_SameRange_ReturnsSameValue" methodname="NextInteger_SameRange_ReturnsSameValue" classname="GDX.Mathematics.Random.WELL1024aTests" runstate="Runnable" seed="1492168535" result="Passed" start-time="2022-07-02 23:05:10Z" end-time="2022-07-02 23:05:10Z" duration="0.000184" asserts="0">
                <properties>
                  <property name="Category" value="GDX.Tests" />
                </properties>
              </test-case>
              <test-case id="1295" name="NextInteger_Simple_ReturnsDeterministicValue" fullname="GDX.Mathematics.Random.WELL1024aTests.NextInteger_Simple_ReturnsDeterministicValue" methodname="NextInteger_Simple_ReturnsDeterministicValue" classname="GDX.Mathematics.Random.WELL1024aTests" runstate="Runnable" seed="1828297804" result="Passed" start-time="2022-07-02 23:05:10Z" end-time="2022-07-02 23:05:10Z" duration="0.000186" asserts="0">
                <properties>
                  <property name="Category" value="GDX.Tests" />
                </properties>
              </test-case>
              <test-case id="1297" name="NextInteger_ZeroValues_ReturnsZeroValue" fullname="GDX.Mathematics.Random.WELL1024aTests.NextInteger_ZeroValues_ReturnsZeroValue" methodname="NextInteger_ZeroValues_ReturnsZeroValue" classname="GDX.Mathematics.Random.WELL1024aTests" runstate="Runnable" seed="1310766264" result="Passed" start-time="2022-07-02 23:05:10Z" end-time="2022-07-02 23:05:10Z" duration="0.000182" asserts="0">
                <properties>
                  <property name="Category" value="GDX.Tests" />
                </properties>
              </test-case>
              <test-case id="1304" name="NextSingle_Multiple_ReturnsDifferentValues" fullname="GDX.Mathematics.Random.WELL1024aTests.NextSingle_Multiple_ReturnsDifferentValues" methodname="NextSingle_Multiple_ReturnsDifferentValues" classname="GDX.Mathematics.Random.WELL1024aTests" runstate="Runnable" seed="2043823764" result="Passed" start-time="2022-07-02 23:05:10Z" end-time="2022-07-02 23:05:10Z" duration="0.000321" asserts="0">
                <properties>
                  <property name="Category" value="GDX.Tests" />
                </properties>
              </test-case>
              <test-case id="1303" name="NextSingle_Simple_ReturnsDeterministicValue" fullname="GDX.Mathematics.Random.WELL1024aTests.NextSingle_Simple_ReturnsDeterministicValue" methodname="NextSingle_Simple_ReturnsDeterministicValue" classname="GDX.Mathematics.Random.WELL1024aTests" runstate="Runnable" seed="1770501790" result="Passed" start-time="2022-07-02 23:05:10Z" end-time="2022-07-02 23:05:10Z" duration="0.000281" asserts="0">
                <properties>
                  <property name="Category" value="GDX.Tests" />
                </properties>
              </test-case>
              <test-case id="1308" name="NextUnsignedInteger_Multiple_ReturnsDifferentValues" fullname="GDX.Mathematics.Random.WELL1024aTests.NextUnsignedInteger_Multiple_ReturnsDifferentValues" methodname="NextUnsignedInteger_Multiple_ReturnsDifferentValues" classname="GDX.Mathematics.Random.WELL1024aTests" runstate="Runnable" seed="158384737" result="Passed" start-time="2022-07-02 23:05:10Z" end-time="2022-07-02 23:05:10Z" duration="0.000318" asserts="0">
                <properties>
                  <property name="Category" value="GDX.Tests" />
                </properties>
              </test-case>
              <test-case id="1305" name="NextUnsignedInteger_Simple_ReturnsDeterministicValue" fullname="GDX.Mathematics.Random.WELL1024aTests.NextUnsignedInteger_Simple_ReturnsDeterministicValue" methodname="NextUnsignedInteger_Simple_ReturnsDeterministicValue" classname="GDX.Mathematics.Random.WELL1024aTests" runstate="Runnable" seed="159411945" result="Passed" start-time="2022-07-02 23:05:10Z" end-time="2022-07-02 23:05:10Z" duration="0.000184" asserts="0">
                <properties>
                  <property name="Category" value="GDX.Tests" />
                </properties>
              </test-case>
              <test-case id="1307" name="NextUnsignedIntegerExclusive_Limited_ReturnsDeterministicValue" fullname="GDX.Mathematics.Random.WELL1024aTests.NextUnsignedIntegerExclusive_Limited_ReturnsDeterministicValue" methodname="NextUnsignedIntegerExclusive_Limited_ReturnsDeterministicValue" classname="GDX.Mathematics.Random.WELL1024aTests" runstate="Runnable" seed="897864042" result="Passed" start-time="2022-07-02 23:05:10Z" end-time="2022-07-02 23:05:10Z" duration="0.000205" asserts="0">
                <properties>
                  <property name="Category" value="GDX.Tests" />
                </properties>
              </test-case>
              <test-case id="1306" name="NextUnsignedIntegerExclusive_Simple_ReturnsDeterministicValue" fullname="GDX.Mathematics.Random.WELL1024aTests.NextUnsignedIntegerExclusive_Simple_ReturnsDeterministicValue" methodname="NextUnsignedIntegerExclusive_Simple_ReturnsDeterministicValue" classname="GDX.Mathematics.Random.WELL1024aTests" runstate="Runnable" seed="1773143876" result="Passed" start-time="2022-07-02 23:05:10Z" end-time="2022-07-02 23:05:10Z" duration="0.000160" asserts="0">
                <properties>
                  <property name="Category" value="GDX.Tests" />
                </properties>
              </test-case>
              <test-case id="1284" name="WELL1024a_FromInteger_StrippedSeed" fullname="GDX.Mathematics.Random.WELL1024aTests.WELL1024a_FromInteger_StrippedSeed" methodname="WELL1024a_FromInteger_StrippedSeed" classname="GDX.Mathematics.Random.WELL1024aTests" runstate="Runnable" seed="1609781" result="Passed" start-time="2022-07-02 23:05:10Z" end-time="2022-07-02 23:05:10Z" duration="0.000275" asserts="0">
                <properties>
                  <property name="Category" value="GDX.Tests" />
                </properties>
              </test-case>
              <test-case id="1288" name="WELL1024a_FromRestoreState_Matched" fullname="GDX.Mathematics.Random.WELL1024aTests.WELL1024a_FromRestoreState_Matched" methodname="WELL1024a_FromRestoreState_Matched" classname="GDX.Mathematics.Random.WELL1024aTests" runstate="Runnable" seed="976471102" result="Passed" start-time="2022-07-02 23:05:10Z" end-time="2022-07-02 23:05:10Z" duration="0.000497" asserts="0">
                <properties>
                  <property name="Category" value="GDX.Tests" />
                </properties>
              </test-case>
              <test-case id="1285" name="WELL1024a_FromString_NonAndForcedDifferent" fullname="GDX.Mathematics.Random.WELL1024aTests.WELL1024a_FromString_NonAndForcedDifferent" methodname="WELL1024a_FromString_NonAndForcedDifferent" classname="GDX.Mathematics.Random.WELL1024aTests" runstate="Runnable" seed="555994396" result="Passed" start-time="2022-07-02 23:05:10Z" end-time="2022-07-02 23:05:10Z" duration="0.000178" asserts="0">
                <properties>
                  <property name="Category" value="GDX.Tests" />
                </properties>
              </test-case>
              <test-case id="1286" name="WELL1024a_FromStringUppercase_SameOriginalSeed" fullname="GDX.Mathematics.Random.WELL1024aTests.WELL1024a_FromStringUppercase_SameOriginalSeed" methodname="WELL1024a_FromStringUppercase_SameOriginalSeed" classname="GDX.Mathematics.Random.WELL1024aTests" runstate="Runnable" seed="1621709828" result="Passed" start-time="2022-07-02 23:05:10Z" end-time="2022-07-02 23:05:10Z" duration="0.000166" asserts="0">
                <properties>
                  <property name="Category" value="GDX.Tests" />
                </properties>
              </test-case>
              <test-case id="1287" name="WELL1024a_FromUnsignedInteger_MatchedSeed" fullname="GDX.Mathematics.Random.WELL1024aTests.WELL1024a_FromUnsignedInteger_MatchedSeed" methodname="WELL1024a_FromUnsignedInteger_MatchedSeed" classname="GDX.Mathematics.Random.WELL1024aTests" runstate="Runnable" seed="1096703770" result="Passed" start-time="2022-07-02 23:05:10Z" end-time="2022-07-02 23:05:10Z" duration="0.000156" asserts="0">
                <properties>
                  <property name="Category" value="GDX.Tests" />
                </properties>
              </test-case>
            </test-suite>
          </test-suite>
          <test-suite type="TestFixture" id="1251" name="RangeTests" fullname="GDX.Mathematics.RangeTests" classname="GDX.Mathematics.RangeTests" runstate="Runnable" testcasecount="12" result="Passed" start-time="2022-07-02 23:05:10Z" end-time="2022-07-02 23:05:10Z" duration="0.007351" total="12" passed="12" failed="0" inconclusive="0" skipped="0" asserts="0">
            <properties />
            <test-case id="1252" name="GetDouble_Bottom_Inclusive" fullname="GDX.Mathematics.RangeTests.GetDouble_Bottom_Inclusive" methodname="GetDouble_Bottom_Inclusive" classname="GDX.Mathematics.RangeTests" runstate="Runnable" seed="1495280673" result="Passed" start-time="2022-07-02 23:05:10Z" end-time="2022-07-02 23:05:10Z" duration="0.000175" asserts="0">
              <properties>
                <property name="Category" value="GDX.Tests" />
              </properties>
            </test-case>
            <test-case id="1254" name="GetDouble_Middle_Inclusive" fullname="GDX.Mathematics.RangeTests.GetDouble_Middle_Inclusive" methodname="GetDouble_Middle_Inclusive" classname="GDX.Mathematics.RangeTests" runstate="Runnable" seed="1893709000" result="Passed" start-time="2022-07-02 23:05:10Z" end-time="2022-07-02 23:05:10Z" duration="0.000151" asserts="0">
              <properties>
                <property name="Category" value="GDX.Tests" />
              </properties>
            </test-case>
            <test-case id="1253" name="GetDouble_Top_Inclusive" fullname="GDX.Mathematics.RangeTests.GetDouble_Top_Inclusive" methodname="GetDouble_Top_Inclusive" classname="GDX.Mathematics.RangeTests" runstate="Runnable" seed="609274125" result="Passed" start-time="2022-07-02 23:05:10Z" end-time="2022-07-02 23:05:10Z" duration="0.000139" asserts="0">
              <properties>
                <property name="Category" value="GDX.Tests" />
              </properties>
            </test-case>
            <test-case id="1255" name="GetInteger_Bottom_Inclusive" fullname="GDX.Mathematics.RangeTests.GetInteger_Bottom_Inclusive" methodname="GetInteger_Bottom_Inclusive" classname="GDX.Mathematics.RangeTests" runstate="Runnable" seed="504466010" result="Passed" start-time="2022-07-02 23:05:10Z" end-time="2022-07-02 23:05:10Z" duration="0.000139" asserts="0">
              <properties>
                <property name="Category" value="GDX.Tests" />
              </properties>
            </test-case>
            <test-case id="1257" name="GetInteger_Middle_Inclusive" fullname="GDX.Mathematics.RangeTests.GetInteger_Middle_Inclusive" methodname="GetInteger_Middle_Inclusive" classname="GDX.Mathematics.RangeTests" runstate="Runnable" seed="940072230" result="Passed" start-time="2022-07-02 23:05:10Z" end-time="2022-07-02 23:05:10Z" duration="0.000134" asserts="0">
              <properties>
                <property name="Category" value="GDX.Tests" />
              </properties>
            </test-case>
            <test-case id="1256" name="GetInteger_Top_Inclusive" fullname="GDX.Mathematics.RangeTests.GetInteger_Top_Inclusive" methodname="GetInteger_Top_Inclusive" classname="GDX.Mathematics.RangeTests" runstate="Runnable" seed="337458152" result="Passed" start-time="2022-07-02 23:05:10Z" end-time="2022-07-02 23:05:10Z" duration="0.000133" asserts="0">
              <properties>
                <property name="Category" value="GDX.Tests" />
              </properties>
            </test-case>
            <test-case id="1258" name="GetSingle_Bottom_Inclusive" fullname="GDX.Mathematics.RangeTests.GetSingle_Bottom_Inclusive" methodname="GetSingle_Bottom_Inclusive" classname="GDX.Mathematics.RangeTests" runstate="Runnable" seed="1032007788" result="Passed" start-time="2022-07-02 23:05:10Z" end-time="2022-07-02 23:05:10Z" duration="0.000136" asserts="0">
              <properties>
                <property name="Category" value="GDX.Tests" />
              </properties>
            </test-case>
            <test-case id="1260" name="GetSingle_Middle_Inclusive" fullname="GDX.Mathematics.RangeTests.GetSingle_Middle_Inclusive" methodname="GetSingle_Middle_Inclusive" classname="GDX.Mathematics.RangeTests" runstate="Runnable" seed="44736668" result="Passed" start-time="2022-07-02 23:05:10Z" end-time="2022-07-02 23:05:10Z" duration="0.000141" asserts="0">
              <properties>
                <property name="Category" value="GDX.Tests" />
              </properties>
            </test-case>
            <test-case id="1259" name="GetSingle_Top_Inclusive" fullname="GDX.Mathematics.RangeTests.GetSingle_Top_Inclusive" methodname="GetSingle_Top_Inclusive" classname="GDX.Mathematics.RangeTests" runstate="Runnable" seed="473091883" result="Passed" start-time="2022-07-02 23:05:10Z" end-time="2022-07-02 23:05:10Z" duration="0.000142" asserts="0">
              <properties>
                <property name="Category" value="GDX.Tests" />
              </properties>
            </test-case>
            <test-case id="1261" name="GetUnsignedInteger_Bottom_Inclusive" fullname="GDX.Mathematics.RangeTests.GetUnsignedInteger_Bottom_Inclusive" methodname="GetUnsignedInteger_Bottom_Inclusive" classname="GDX.Mathematics.RangeTests" runstate="Runnable" seed="1305904405" result="Passed" start-time="2022-07-02 23:05:10Z" end-time="2022-07-02 23:05:10Z" duration="0.000137" asserts="0">
              <properties>
                <property name="Category" value="GDX.Tests" />
              </properties>
            </test-case>
            <test-case id="1263" name="GetUnsignedInteger_Middle_Inclusive" fullname="GDX.Mathematics.RangeTests.GetUnsignedInteger_Middle_Inclusive" methodname="GetUnsignedInteger_Middle_Inclusive" classname="GDX.Mathematics.RangeTests" runstate="Runnable" seed="752133366" result="Passed" start-time="2022-07-02 23:05:10Z" end-time="2022-07-02 23:05:10Z" duration="0.000132" asserts="0">
              <properties>
                <property name="Category" value="GDX.Tests" />
              </properties>
            </test-case>
            <test-case id="1262" name="GetUnsignedInteger_Top_Inclusive" fullname="GDX.Mathematics.RangeTests.GetUnsignedInteger_Top_Inclusive" methodname="GetUnsignedInteger_Top_Inclusive" classname="GDX.Mathematics.RangeTests" runstate="Runnable" seed="1059786457" result="Passed" start-time="2022-07-02 23:05:10Z" end-time="2022-07-02 23:05:10Z" duration="0.000131" asserts="0">
              <properties>
                <property name="Category" value="GDX.Tests" />
              </properties>
            </test-case>
          </test-suite>
        </test-suite>
        <test-suite type="TestFixture" id="1066" name="ReflectionTests" fullname="GDX.ReflectionTests" classname="GDX.ReflectionTests" runstate="Runnable" testcasecount="28" result="Passed" start-time="2022-07-02 23:05:10Z" end-time="2022-07-02 23:05:10Z" duration="0.043643" total="28" passed="28" failed="0" inconclusive="0" skipped="0" asserts="0">
          <properties />
          <test-case id="1068" name="GetDefault_NonNullable_ReturnsValue" fullname="GDX.ReflectionTests.GetDefault_NonNullable_ReturnsValue" methodname="GetDefault_NonNullable_ReturnsValue" classname="GDX.ReflectionTests" runstate="Runnable" seed="1012448735" result="Passed" start-time="2022-07-02 23:05:10Z" end-time="2022-07-02 23:05:10Z" duration="0.000327" asserts="0">
            <properties>
              <property name="Category" value="GDX.Tests" />
            </properties>
          </test-case>
          <test-case id="1067" name="GetDefault_Nullable_ReturnsNull" fullname="GDX.ReflectionTests.GetDefault_Nullable_ReturnsNull" methodname="GetDefault_Nullable_ReturnsNull" classname="GDX.ReflectionTests" runstate="Runnable" seed="936726801" result="Passed" start-time="2022-07-02 23:05:10Z" end-time="2022-07-02 23:05:10Z" duration="0.000149" asserts="0">
            <properties>
              <property name="Category" value="GDX.Tests" />
            </properties>
          </test-case>
          <test-case id="1070" name="GetType_BadType_ReturnsNull" fullname="GDX.ReflectionTests.GetType_BadType_ReturnsNull" methodname="GetType_BadType_ReturnsNull" classname="GDX.ReflectionTests" runstate="Runnable" seed="1344605376" result="Passed" start-time="2022-07-02 23:05:10Z" end-time="2022-07-02 23:05:10Z" duration="0.001329" asserts="0">
            <properties>
              <property name="Category" value="GDX.Tests" />
            </properties>
          </test-case>
          <test-case id="1069" name="GetType_QualifiedType_ReturnsType" fullname="GDX.ReflectionTests.GetType_QualifiedType_ReturnsType" methodname="GetType_QualifiedType_ReturnsType" classname="GDX.ReflectionTests" runstate="Runnable" seed="1497524259" result="Passed" start-time="2022-07-02 23:05:10Z" end-time="2022-07-02 23:05:10Z" duration="0.000684" asserts="0">
            <properties>
              <property name="Category" value="GDX.Tests" />
            </properties>
          </test-case>
          <test-case id="1072" name="InvokeStaticMethod_BadMethod_ReturnsNull" fullname="GDX.ReflectionTests.InvokeStaticMethod_BadMethod_ReturnsNull" methodname="InvokeStaticMethod_BadMethod_ReturnsNull" classname="GDX.ReflectionTests" runstate="Runnable" seed="1100724237" result="Passed" start-time="2022-07-02 23:05:10Z" end-time="2022-07-02 23:05:10Z" duration="0.000224" asserts="0">
            <properties>
              <property name="Category" value="GDX.Tests" />
              <property name="Category" value="GDX.Tests" />
            </properties>
          </test-case>
          <test-case id="1073" name="InvokeStaticMethod_BadType_ReturnsNull" fullname="GDX.ReflectionTests.InvokeStaticMethod_BadType_ReturnsNull" methodname="InvokeStaticMethod_BadType_ReturnsNull" classname="GDX.ReflectionTests" runstate="Runnable" seed="30838057" result="Passed" start-time="2022-07-02 23:05:10Z" end-time="2022-07-02 23:05:10Z" duration="0.000467" asserts="0">
            <properties>
              <property name="Category" value="GDX.Tests" />
            </properties>
          </test-case>
          <test-case id="1071" name="InvokeStaticMethod_ProjectBrowser_ReturnsListOfBrowsers" fullname="GDX.ReflectionTests.InvokeStaticMethod_ProjectBrowser_ReturnsListOfBrowsers" methodname="InvokeStaticMethod_ProjectBrowser_ReturnsListOfBrowsers" classname="GDX.ReflectionTests" runstate="Runnable" seed="406444339" result="Passed" start-time="2022-07-02 23:05:10Z" end-time="2022-07-02 23:05:10Z" duration="0.000285" asserts="0">
            <properties>
              <property name="Category" value="GDX.Tests" />
            </properties>
          </test-case>
          <test-case id="1077" name="SetFieldOrPropertyValue_NoTarget_ReturnsFalse" fullname="GDX.ReflectionTests.SetFieldOrPropertyValue_NoTarget_ReturnsFalse" methodname="SetFieldOrPropertyValue_NoTarget_ReturnsFalse" classname="GDX.ReflectionTests" runstate="Runnable" seed="975896756" result="Passed" start-time="2022-07-02 23:05:10Z" end-time="2022-07-02 23:05:10Z" duration="0.000259" asserts="0">
            <properties>
              <property name="Category" value="GDX.Tests" />
            </properties>
          </test-case>
          <test-case id="1076" name="SetFieldOrPropertyValue_NoType_ReturnsFalse" fullname="GDX.ReflectionTests.SetFieldOrPropertyValue_NoType_ReturnsFalse" methodname="SetFieldOrPropertyValue_NoType_ReturnsFalse" classname="GDX.ReflectionTests" runstate="Runnable" seed="1002845889" result="Passed" start-time="2022-07-02 23:05:10Z" end-time="2022-07-02 23:05:10Z" duration="0.020800" asserts="0">
            <properties>
              <property name="Category" value="GDX.Tests" />
            </properties>
          </test-case>
          <test-case id="1074" name="SetFieldOrPropertyValue_ProjectBrowser_SetIsLocked" fullname="GDX.ReflectionTests.SetFieldOrPropertyValue_ProjectBrowser_SetIsLocked" methodname="SetFieldOrPropertyValue_ProjectBrowser_SetIsLocked" classname="GDX.ReflectionTests" runstate="Runnable" seed="72334893" result="Passed" start-time="2022-07-02 23:05:10Z" end-time="2022-07-02 23:05:10Z" duration="0.001768" asserts="0">
            <properties>
              <property name="Category" value="GDX.Tests" />
            </properties>
          </test-case>
          <test-case id="1075" name="SetFieldOrPropertyValue_ProjectBrowser_SetSearchFieldText" fullname="GDX.ReflectionTests.SetFieldOrPropertyValue_ProjectBrowser_SetSearchFieldText" methodname="SetFieldOrPropertyValue_ProjectBrowser_SetSearchFieldText" classname="GDX.ReflectionTests" runstate="Runnable" seed="1906385809" result="Passed" start-time="2022-07-02 23:05:10Z" end-time="2022-07-02 23:05:10Z" duration="0.000700" asserts="0">
            <properties>
              <property name="Category" value="GDX.Tests" />
            </properties>
          </test-case>
          <test-case id="1080" name="SetFieldValue_BadField_ReturnsFalse" fullname="GDX.ReflectionTests.SetFieldValue_BadField_ReturnsFalse" methodname="SetFieldValue_BadField_ReturnsFalse" classname="GDX.ReflectionTests" runstate="Runnable" seed="371227312" result="Passed" start-time="2022-07-02 23:05:10Z" end-time="2022-07-02 23:05:10Z" duration="0.000366" asserts="0">
            <properties>
              <property name="Category" value="GDX.Tests" />
            </properties>
          </test-case>
          <test-case id="1079" name="SetFieldValue_NoType_ReturnsFalse" fullname="GDX.ReflectionTests.SetFieldValue_NoType_ReturnsFalse" methodname="SetFieldValue_NoType_ReturnsFalse" classname="GDX.ReflectionTests" runstate="Runnable" seed="1804755106" result="Passed" start-time="2022-07-02 23:05:10Z" end-time="2022-07-02 23:05:10Z" duration="0.000360" asserts="0">
            <properties>
              <property name="Category" value="GDX.Tests" />
            </properties>
          </test-case>
          <test-case id="1078" name="SetFieldValue_ProjectBrowser_SetSearchFieldText" fullname="GDX.ReflectionTests.SetFieldValue_ProjectBrowser_SetSearchFieldText" methodname="SetFieldValue_ProjectBrowser_SetSearchFieldText" classname="GDX.ReflectionTests" runstate="Runnable" seed="1869538559" result="Passed" start-time="2022-07-02 23:05:10Z" end-time="2022-07-02 23:05:10Z" duration="0.000409" asserts="0">
            <properties>
              <property name="Category" value="GDX.Tests" />
            </properties>
          </test-case>
          <test-case id="1083" name="SetPropertyValue_InvalidName_IsFalse" fullname="GDX.ReflectionTests.SetPropertyValue_InvalidName_IsFalse" methodname="SetPropertyValue_InvalidName_IsFalse" classname="GDX.ReflectionTests" runstate="Runnable" seed="1513117749" result="Passed" start-time="2022-07-02 23:05:10Z" end-time="2022-07-02 23:05:10Z" duration="0.000457" asserts="0">
            <properties>
              <property name="Category" value="GDX.Tests" />
            </properties>
          </test-case>
          <test-case id="1082" name="SetPropertyValue_NoType_IsFalse" fullname="GDX.ReflectionTests.SetPropertyValue_NoType_IsFalse" methodname="SetPropertyValue_NoType_IsFalse" classname="GDX.ReflectionTests" runstate="Runnable" seed="541979252" result="Passed" start-time="2022-07-02 23:05:10Z" end-time="2022-07-02 23:05:10Z" duration="0.000357" asserts="0">
            <properties>
              <property name="Category" value="GDX.Tests" />
            </properties>
          </test-case>
          <test-case id="1081" name="SetPropertyValue_QualifiedProperty_IsSet" fullname="GDX.ReflectionTests.SetPropertyValue_QualifiedProperty_IsSet" methodname="SetPropertyValue_QualifiedProperty_IsSet" classname="GDX.ReflectionTests" runstate="Runnable" seed="704035986" result="Passed" start-time="2022-07-02 23:05:10Z" end-time="2022-07-02 23:05:10Z" duration="0.000537" asserts="0">
            <properties>
              <property name="Category" value="GDX.Tests" />
            </properties>
          </test-case>
          <test-case id="1086" name="TryGetFieldOrPropertyValue_BadField_ReturnsStartGridSize" fullname="GDX.ReflectionTests.TryGetFieldOrPropertyValue_BadField_ReturnsStartGridSize" methodname="TryGetFieldOrPropertyValue_BadField_ReturnsStartGridSize" classname="GDX.ReflectionTests" runstate="Runnable" seed="1074043321" result="Passed" start-time="2022-07-02 23:05:10Z" end-time="2022-07-02 23:05:10Z" duration="0.000380" asserts="0">
            <properties>
              <property name="Category" value="GDX.Tests" />
            </properties>
          </test-case>
          <test-case id="1085" name="TryGetFieldOrPropertyValue_NoField_ReturnsDefault" fullname="GDX.ReflectionTests.TryGetFieldOrPropertyValue_NoField_ReturnsDefault" methodname="TryGetFieldOrPropertyValue_NoField_ReturnsDefault" classname="GDX.ReflectionTests" runstate="Runnable" seed="1554269370" result="Passed" start-time="2022-07-02 23:05:10Z" end-time="2022-07-02 23:05:10Z" duration="0.000478" asserts="0">
            <properties>
              <property name="Category" value="GDX.Tests" />
            </properties>
          </test-case>
          <test-case id="1084" name="TryGetFieldOrPropertyValue_NoTarget_ReturnsDefault" fullname="GDX.ReflectionTests.TryGetFieldOrPropertyValue_NoTarget_ReturnsDefault" methodname="TryGetFieldOrPropertyValue_NoTarget_ReturnsDefault" classname="GDX.ReflectionTests" runstate="Runnable" seed="538413892" result="Passed" start-time="2022-07-02 23:05:10Z" end-time="2022-07-02 23:05:10Z" duration="0.000145" asserts="0">
            <properties>
              <property name="Category" value="GDX.Tests" />
            </properties>
          </test-case>
          <test-case id="1087" name="TryGetFieldOrPropertyValue_ProjectBrowserField_ReturnsStartGridSize" fullname="GDX.ReflectionTests.TryGetFieldOrPropertyValue_ProjectBrowserField_ReturnsStartGridSize" methodname="TryGetFieldOrPropertyValue_ProjectBrowserField_ReturnsStartGridSize" classname="GDX.ReflectionTests" runstate="Runnable" seed="985953189" result="Passed" start-time="2022-07-02 23:05:10Z" end-time="2022-07-02 23:05:10Z" duration="0.000371" asserts="0">
            <properties>
              <property name="Category" value="GDX.Tests" />
            </properties>
          </test-case>
          <test-case id="1088" name="TryGetFieldOrPropertyValue_ProjectBrowserProperty_ReturnsIsLocked" fullname="GDX.ReflectionTests.TryGetFieldOrPropertyValue_ProjectBrowserProperty_ReturnsIsLocked" methodname="TryGetFieldOrPropertyValue_ProjectBrowserProperty_ReturnsIsLocked" classname="GDX.ReflectionTests" runstate="Runnable" seed="183574212" result="Passed" start-time="2022-07-02 23:05:10Z" end-time="2022-07-02 23:05:10Z" duration="0.000377" asserts="0">
            <properties>
              <property name="Category" value="GDX.Tests" />
            </properties>
          </test-case>
          <test-case id="1091" name="TryGetFieldValue_BadField_ReturnsDefault" fullname="GDX.ReflectionTests.TryGetFieldValue_BadField_ReturnsDefault" methodname="TryGetFieldValue_BadField_ReturnsDefault" classname="GDX.ReflectionTests" runstate="Runnable" seed="574601629" result="Passed" start-time="2022-07-02 23:05:10Z" end-time="2022-07-02 23:05:10Z" duration="0.000381" asserts="0">
            <properties>
              <property name="Category" value="GDX.Tests" />
            </properties>
          </test-case>
          <test-case id="1090" name="TryGetFieldValue_NoType_ReturnsDefault" fullname="GDX.ReflectionTests.TryGetFieldValue_NoType_ReturnsDefault" methodname="TryGetFieldValue_NoType_ReturnsDefault" classname="GDX.ReflectionTests" runstate="Runnable" seed="2084773175" result="Passed" start-time="2022-07-02 23:05:10Z" end-time="2022-07-02 23:05:10Z" duration="0.000468" asserts="0">
            <properties>
              <property name="Category" value="GDX.Tests" />
            </properties>
          </test-case>
          <test-case id="1089" name="TryGetFieldValue_ProjectBrowser_ReturnsTrueGetFieldText" fullname="GDX.ReflectionTests.TryGetFieldValue_ProjectBrowser_ReturnsTrueGetFieldText" methodname="TryGetFieldValue_ProjectBrowser_ReturnsTrueGetFieldText" classname="GDX.ReflectionTests" runstate="Runnable" seed="1295078526" result="Passed" start-time="2022-07-02 23:05:10Z" end-time="2022-07-02 23:05:10Z" duration="0.000391" asserts="0">
            <properties>
              <property name="Category" value="GDX.Tests" />
            </properties>
          </test-case>
          <test-case id="1094" name="TryGetPropertyValue_InvalidName_IsFalse" fullname="GDX.ReflectionTests.TryGetPropertyValue_InvalidName_IsFalse" methodname="TryGetPropertyValue_InvalidName_IsFalse" classname="GDX.ReflectionTests" runstate="Runnable" seed="730681349" result="Passed" start-time="2022-07-02 23:05:10Z" end-time="2022-07-02 23:05:10Z" duration="0.000378" asserts="0">
            <properties>
              <property name="Category" value="GDX.Tests" />
            </properties>
          </test-case>
          <test-case id="1093" name="TryGetPropertyValue_NoType_IsFalse" fullname="GDX.ReflectionTests.TryGetPropertyValue_NoType_IsFalse" methodname="TryGetPropertyValue_NoType_IsFalse" classname="GDX.ReflectionTests" runstate="Runnable" seed="1398812056" result="Passed" start-time="2022-07-02 23:05:10Z" end-time="2022-07-02 23:05:10Z" duration="0.000366" asserts="0">
            <properties>
              <property name="Category" value="GDX.Tests" />
            </properties>
          </test-case>
          <test-case id="1092" name="TryGetPropertyValue_QualifiedProperty_IsTrue" fullname="GDX.ReflectionTests.TryGetPropertyValue_QualifiedProperty_IsTrue" methodname="TryGetPropertyValue_QualifiedProperty_IsTrue" classname="GDX.ReflectionTests" runstate="Runnable" seed="1113734358" result="Passed" start-time="2022-07-02 23:05:10Z" end-time="2022-07-02 23:05:10Z" duration="0.000372" asserts="0">
            <properties>
              <property name="Category" value="GDX.Tests" />
            </properties>
          </test-case>
        </test-suite>
        <test-suite type="TestFixture" id="1095" name="SegmentedStringTests" fullname="GDX.SegmentedStringTests" classname="GDX.SegmentedStringTests" runstate="Runnable" testcasecount="9" result="Passed" start-time="2022-07-02 23:05:10Z" end-time="2022-07-02 23:05:10Z" duration="0.122667" total="9" passed="9" failed="0" inconclusive="0" skipped="0" asserts="0">
          <properties />
          <test-case id="1096" name="AsCharArray_MockData_ReturnsAll" fullname="GDX.SegmentedStringTests.AsCharArray_MockData_ReturnsAll" methodname="AsCharArray_MockData_ReturnsAll" classname="GDX.SegmentedStringTests" runstate="Runnable" seed="189081628" result="Passed" start-time="2022-07-02 23:05:10Z" end-time="2022-07-02 23:05:10Z" duration="0.000677" asserts="0">
            <properties>
              <property name="Category" value="GDX.Tests" />
            </properties>
          </test-case>
          <test-case id="1097" name="AsCharArray_MockDataSpecific_ReturnsTarget" fullname="GDX.SegmentedStringTests.AsCharArray_MockDataSpecific_ReturnsTarget" methodname="AsCharArray_MockDataSpecific_ReturnsTarget" classname="GDX.SegmentedStringTests" runstate="Runnable" seed="813446779" result="Passed" start-time="2022-07-02 23:05:10Z" end-time="2022-07-02 23:05:10Z" duration="0.000253" asserts="0">
            <properties>
              <property name="Category" value="GDX.Tests" />
            </properties>
          </test-case>
          <test-case id="1098" name="AsString_MockData_ReturnsLowered" fullname="GDX.SegmentedStringTests.AsString_MockData_ReturnsLowered" methodname="AsString_MockData_ReturnsLowered" classname="GDX.SegmentedStringTests" runstate="Runnable" seed="1627901356" result="Passed" start-time="2022-07-02 23:05:10Z" end-time="2022-07-02 23:05:10Z" duration="0.000239" asserts="0">
            <properties>
              <property name="Category" value="GDX.Tests" />
            </properties>
          </test-case>
          <test-case id="1099" name="GetCount_MockData_Correct" fullname="GDX.SegmentedStringTests.GetCount_MockData_Correct" methodname="GetCount_MockData_Correct" classname="GDX.SegmentedStringTests" runstate="Runnable" seed="279253603" result="Passed" start-time="2022-07-02 23:05:10Z" end-time="2022-07-02 23:05:10Z" duration="0.000422" asserts="0">
            <properties>
              <property name="Category" value="GDX.Tests" />
            </properties>
          </test-case>
          <test-case id="1100" name="GetHashCode_MockData_Correct" fullname="GDX.SegmentedStringTests.GetHashCode_MockData_Correct" methodname="GetHashCode_MockData_Correct" classname="GDX.SegmentedStringTests" runstate="Runnable" seed="433112914" result="Passed" start-time="2022-07-02 23:05:10Z" end-time="2022-07-02 23:05:10Z" duration="0.000196" asserts="0">
            <properties>
              <property name="Category" value="GDX.Tests" />
            </properties>
          </test-case>
          <test-case id="1101" name="GetOffset_MockData_Valid" fullname="GDX.SegmentedStringTests.GetOffset_MockData_Valid" methodname="GetOffset_MockData_Valid" classname="GDX.SegmentedStringTests" runstate="Runnable" seed="179077042" result="Passed" start-time="2022-07-02 23:05:10Z" end-time="2022-07-02 23:05:10Z" duration="0.000199" asserts="0">
            <properties>
              <property name="Category" value="GDX.Tests" />
            </properties>
          </test-case>
          <test-case id="1103" name="GetSegment_MockData_Matches" fullname="GDX.SegmentedStringTests.GetSegment_MockData_Matches" methodname="GetSegment_MockData_Matches" classname="GDX.SegmentedStringTests" runstate="Runnable" seed="2004267854" result="Passed" start-time="2022-07-02 23:05:10Z" end-time="2022-07-02 23:05:10Z" duration="0.000263" asserts="0">
            <properties>
              <property name="Category" value="GDX.Tests" />
            </properties>
          </test-case>
          <test-case id="1102" name="GetSegmentLength_MockData_CorrectCount" fullname="GDX.SegmentedStringTests.GetSegmentLength_MockData_CorrectCount" methodname="GetSegmentLength_MockData_CorrectCount" classname="GDX.SegmentedStringTests" runstate="Runnable" seed="1423535982" result="Passed" start-time="2022-07-02 23:05:10Z" end-time="2022-07-02 23:05:10Z" duration="0.000201" asserts="0">
            <properties>
              <property name="Category" value="GDX.Tests" />
            </properties>
          </test-case>
          <test-case id="1104" name="SplitOnNonAlphaNumericToLowerHashed_MockData_ValidHashCodes" fullname="GDX.SegmentedStringTests.SplitOnNonAlphaNumericToLowerHashed_MockData_ValidHashCodes" methodname="SplitOnNonAlphaNumericToLowerHashed_MockData_ValidHashCodes" classname="GDX.SegmentedStringTests" runstate="Runnable" seed="380675477" result="Passed" start-time="2022-07-02 23:05:10Z" end-time="2022-07-02 23:05:10Z" duration="0.000372" asserts="0">
            <properties>
              <property name="Category" value="GDX.Tests" />
            </properties>
          </test-case>
        </test-suite>
        <test-suite type="TestFixture" id="1105" name="SimpleListExtensionsTests" fullname="GDX.SimpleListExtensionsTests" classname="GDX.SimpleListExtensionsTests" runstate="Runnable" testcasecount="24" result="Passed" start-time="2022-07-02 23:05:10Z" end-time="2022-07-02 23:05:10Z" duration="0.038020" total="24" passed="24" failed="0" inconclusive="0" skipped="0" asserts="0">
          <properties />
          <test-case id="1108" name="AddUncheckedUniqueItem_NonUniqueString_ReturnsFalse" fullname="GDX.SimpleListExtensionsTests.AddUncheckedUniqueItem_NonUniqueString_ReturnsFalse" methodname="AddUncheckedUniqueItem_NonUniqueString_ReturnsFalse" classname="GDX.SimpleListExtensionsTests" runstate="Runnable" seed="221533144" result="Passed" start-time="2022-07-02 23:05:10Z" end-time="2022-07-02 23:05:10Z" duration="0.000737" asserts="0">
            <properties>
              <property name="Category" value="GDX.Tests" />
            </properties>
          </test-case>
          <test-case id="1110" name="AddUncheckedUniqueItem_UniqueStringWithNoRoom_ThrowsException" fullname="GDX.SimpleListExtensionsTests.AddUncheckedUniqueItem_UniqueStringWithNoRoom_ThrowsException" methodname="AddUncheckedUniqueItem_UniqueStringWithNoRoom_ThrowsException" classname="GDX.SimpleListExtensionsTests" runstate="Runnable" seed="1761655492" result="Passed" start-time="2022-07-02 23:05:10Z" end-time="2022-07-02 23:05:10Z" duration="0.000396" asserts="0">
            <properties>
              <property name="Category" value="GDX.Tests" />
            </properties>
          </test-case>
          <test-case id="1109" name="AddUncheckedUniqueItem_UniqueStringWithRoom_NoException" fullname="GDX.SimpleListExtensionsTests.AddUncheckedUniqueItem_UniqueStringWithRoom_NoException" methodname="AddUncheckedUniqueItem_UniqueStringWithRoom_NoException" classname="GDX.SimpleListExtensionsTests" runstate="Runnable" seed="1739958547" result="Passed" start-time="2022-07-02 23:05:10Z" end-time="2022-07-02 23:05:10Z" duration="0.000843" asserts="0">
            <properties>
              <property name="Category" value="GDX.Tests" />
            </properties>
          </test-case>
          <test-case id="1113" name="AddUncheckedUniqueReference_NonUniqueString_ReturnsFalse" fullname="GDX.SimpleListExtensionsTests.AddUncheckedUniqueReference_NonUniqueString_ReturnsFalse" methodname="AddUncheckedUniqueReference_NonUniqueString_ReturnsFalse" classname="GDX.SimpleListExtensionsTests" runstate="Runnable" seed="1759012233" result="Passed" start-time="2022-07-02 23:05:10Z" end-time="2022-07-02 23:05:10Z" duration="0.000448" asserts="0">
            <properties>
              <property name="Category" value="GDX.Tests" />
            </properties>
          </test-case>
          <test-case id="1115" name="AddUncheckedUniqueReference_UniqueStringWithNoRoom_ThrowsException" fullname="GDX.SimpleListExtensionsTests.AddUncheckedUniqueReference_UniqueStringWithNoRoom_ThrowsException" methodname="AddUncheckedUniqueReference_UniqueStringWithNoRoom_ThrowsException" classname="GDX.SimpleListExtensionsTests" runstate="Runnable" seed="841567132" result="Passed" start-time="2022-07-02 23:05:10Z" end-time="2022-07-02 23:05:10Z" duration="0.000370" asserts="0">
            <properties>
              <property name="Category" value="GDX.Tests" />
            </properties>
          </test-case>
          <test-case id="1114" name="AddUncheckedUniqueReference_UniqueStringWithRoom_NoException" fullname="GDX.SimpleListExtensionsTests.AddUncheckedUniqueReference_UniqueStringWithRoom_NoException" methodname="AddUncheckedUniqueReference_UniqueStringWithRoom_NoException" classname="GDX.SimpleListExtensionsTests" runstate="Runnable" seed="1941279929" result="Passed" start-time="2022-07-02 23:05:10Z" end-time="2022-07-02 23:05:10Z" duration="0.000346" asserts="0">
            <properties>
              <property name="Category" value="GDX.Tests" />
            </properties>
          </test-case>
          <test-case id="1106" name="AddWithExpandCheckUniqueItem_NonUniqueString_ReturnsFalse" fullname="GDX.SimpleListExtensionsTests.AddWithExpandCheckUniqueItem_NonUniqueString_ReturnsFalse" methodname="AddWithExpandCheckUniqueItem_NonUniqueString_ReturnsFalse" classname="GDX.SimpleListExtensionsTests" runstate="Runnable" seed="1111947284" result="Passed" start-time="2022-07-02 23:05:10Z" end-time="2022-07-02 23:05:10Z" duration="0.000341" asserts="0">
            <properties>
              <property name="Category" value="GDX.Tests" />
            </properties>
          </test-case>
          <test-case id="1107" name="AddWithExpandCheckUniqueItem_UniqueString_ReturnsTrue" fullname="GDX.SimpleListExtensionsTests.AddWithExpandCheckUniqueItem_UniqueString_ReturnsTrue" methodname="AddWithExpandCheckUniqueItem_UniqueString_ReturnsTrue" classname="GDX.SimpleListExtensionsTests" runstate="Runnable" seed="1067074175" result="Passed" start-time="2022-07-02 23:05:10Z" end-time="2022-07-02 23:05:10Z" duration="0.000257" asserts="0">
            <properties>
              <property name="Category" value="GDX.Tests" />
            </properties>
          </test-case>
          <test-case id="1111" name="AddWithExpandCheckUniqueReference_NonUniqueString_ReturnsFalse" fullname="GDX.SimpleListExtensionsTests.AddWithExpandCheckUniqueReference_NonUniqueString_ReturnsFalse" methodname="AddWithExpandCheckUniqueReference_NonUniqueString_ReturnsFalse" classname="GDX.SimpleListExtensionsTests" runstate="Runnable" seed="839419267" result="Passed" start-time="2022-07-02 23:05:10Z" end-time="2022-07-02 23:05:10Z" duration="0.000344" asserts="0">
            <properties>
              <property name="Category" value="GDX.Tests" />
            </properties>
          </test-case>
          <test-case id="1112" name="AddWithExpandCheckUniqueReference_UniqueString_ReturnsTrue" fullname="GDX.SimpleListExtensionsTests.AddWithExpandCheckUniqueReference_UniqueString_ReturnsTrue" methodname="AddWithExpandCheckUniqueReference_UniqueString_ReturnsTrue" classname="GDX.SimpleListExtensionsTests" runstate="Runnable" seed="1312631299" result="Passed" start-time="2022-07-02 23:05:10Z" end-time="2022-07-02 23:05:10Z" duration="0.000249" asserts="0">
            <properties>
              <property name="Category" value="GDX.Tests" />
            </properties>
          </test-case>
          <test-case id="1117" name="ContainsItem_Object_ReturnsTrue" fullname="GDX.SimpleListExtensionsTests.ContainsItem_Object_ReturnsTrue" methodname="ContainsItem_Object_ReturnsTrue" classname="GDX.SimpleListExtensionsTests" runstate="Runnable" seed="1850809223" result="Passed" start-time="2022-07-02 23:05:10Z" end-time="2022-07-02 23:05:10Z" duration="0.000289" asserts="0">
            <properties>
              <property name="Category" value="GDX.Tests" />
            </properties>
          </test-case>
          <test-case id="1116" name="ContainsItem_String_ReturnsTrue" fullname="GDX.SimpleListExtensionsTests.ContainsItem_String_ReturnsTrue" methodname="ContainsItem_String_ReturnsTrue" classname="GDX.SimpleListExtensionsTests" runstate="Runnable" seed="342959051" result="Passed" start-time="2022-07-02 23:05:10Z" end-time="2022-07-02 23:05:10Z" duration="0.000255" asserts="0">
            <properties>
              <property name="Category" value="GDX.Tests" />
            </properties>
          </test-case>
          <test-case id="1119" name="ContainsReference_Object_ReturnsTrue" fullname="GDX.SimpleListExtensionsTests.ContainsReference_Object_ReturnsTrue" methodname="ContainsReference_Object_ReturnsTrue" classname="GDX.SimpleListExtensionsTests" runstate="Runnable" seed="1584524691" result="Passed" start-time="2022-07-02 23:05:10Z" end-time="2022-07-02 23:05:10Z" duration="0.000284" asserts="0">
            <properties>
              <property name="Category" value="GDX.Tests" />
            </properties>
          </test-case>
          <test-case id="1118" name="ContainsReference_String_ReturnsTrue" fullname="GDX.SimpleListExtensionsTests.ContainsReference_String_ReturnsTrue" methodname="ContainsReference_String_ReturnsTrue" classname="GDX.SimpleListExtensionsTests" runstate="Runnable" seed="1425109956" result="Passed" start-time="2022-07-02 23:05:10Z" end-time="2022-07-02 23:05:10Z" duration="0.000253" asserts="0">
            <properties>
              <property name="Category" value="GDX.Tests" />
            </properties>
          </test-case>
          <test-case id="1121" name="RemoveFirstItem_MockData_NoItemReturnsFalse" fullname="GDX.SimpleListExtensionsTests.RemoveFirstItem_MockData_NoItemReturnsFalse" methodname="RemoveFirstItem_MockData_NoItemReturnsFalse" classname="GDX.SimpleListExtensionsTests" runstate="Runnable" seed="1929525333" result="Passed" start-time="2022-07-02 23:05:10Z" end-time="2022-07-02 23:05:10Z" duration="0.000439" asserts="0">
            <properties>
              <property name="Category" value="GDX.Tests" />
            </properties>
          </test-case>
          <test-case id="1120" name="RemoveFirstItem_MockData_RemovedItem" fullname="GDX.SimpleListExtensionsTests.RemoveFirstItem_MockData_RemovedItem" methodname="RemoveFirstItem_MockData_RemovedItem" classname="GDX.SimpleListExtensionsTests" runstate="Runnable" seed="1121779724" result="Passed" start-time="2022-07-02 23:05:10Z" end-time="2022-07-02 23:05:10Z" duration="0.000318" asserts="0">
            <properties>
              <property name="Category" value="GDX.Tests" />
            </properties>
          </test-case>
          <test-case id="1123" name="RemoveFirstReference_MockData_NoItemReturnsFalse" fullname="GDX.SimpleListExtensionsTests.RemoveFirstReference_MockData_NoItemReturnsFalse" methodname="RemoveFirstReference_MockData_NoItemReturnsFalse" classname="GDX.SimpleListExtensionsTests" runstate="Runnable" seed="1445757196" result="Passed" start-time="2022-07-02 23:05:10Z" end-time="2022-07-02 23:05:10Z" duration="0.000398" asserts="0">
            <properties>
              <property name="Category" value="GDX.Tests" />
            </properties>
          </test-case>
          <test-case id="1122" name="RemoveFirstReference_MockData_RemovedItem" fullname="GDX.SimpleListExtensionsTests.RemoveFirstReference_MockData_RemovedItem" methodname="RemoveFirstReference_MockData_RemovedItem" classname="GDX.SimpleListExtensionsTests" runstate="Runnable" seed="586533162" result="Passed" start-time="2022-07-02 23:05:10Z" end-time="2022-07-02 23:05:10Z" duration="0.000317" asserts="0">
            <properties>
              <property name="Category" value="GDX.Tests" />
            </properties>
          </test-case>
          <test-case id="1124" name="RemoveItems_MockData_RemovedItems" fullname="GDX.SimpleListExtensionsTests.RemoveItems_MockData_RemovedItems" methodname="RemoveItems_MockData_RemovedItems" classname="GDX.SimpleListExtensionsTests" runstate="Runnable" seed="2060367767" result="Passed" start-time="2022-07-02 23:05:10Z" end-time="2022-07-02 23:05:10Z" duration="0.000410" asserts="0">
            <properties>
              <property name="Category" value="GDX.Tests" />
            </properties>
          </test-case>
          <test-case id="1127" name="RemoveLastItem_MockData_NoItemReturnsFalse" fullname="GDX.SimpleListExtensionsTests.RemoveLastItem_MockData_NoItemReturnsFalse" methodname="RemoveLastItem_MockData_NoItemReturnsFalse" classname="GDX.SimpleListExtensionsTests" runstate="Runnable" seed="1017150701" result="Passed" start-time="2022-07-02 23:05:10Z" end-time="2022-07-02 23:05:10Z" duration="0.000406" asserts="0">
            <properties>
              <property name="Category" value="GDX.Tests" />
            </properties>
          </test-case>
          <test-case id="1126" name="RemoveLastItem_MockData_RemovedItem" fullname="GDX.SimpleListExtensionsTests.RemoveLastItem_MockData_RemovedItem" methodname="RemoveLastItem_MockData_RemovedItem" classname="GDX.SimpleListExtensionsTests" runstate="Runnable" seed="355678563" result="Passed" start-time="2022-07-02 23:05:10Z" end-time="2022-07-02 23:05:10Z" duration="0.000327" asserts="0">
            <properties>
              <property name="Category" value="GDX.Tests" />
            </properties>
          </test-case>
          <test-case id="1129" name="RemoveLastReference_MockData_NoItemReturnsFalse" fullname="GDX.SimpleListExtensionsTests.RemoveLastReference_MockData_NoItemReturnsFalse" methodname="RemoveLastReference_MockData_NoItemReturnsFalse" classname="GDX.SimpleListExtensionsTests" runstate="Runnable" seed="1216856019" result="Passed" start-time="2022-07-02 23:05:10Z" end-time="2022-07-02 23:05:10Z" duration="0.000440" asserts="0">
            <properties>
              <property name="Category" value="GDX.Tests" />
            </properties>
          </test-case>
          <test-case id="1128" name="RemoveLastReference_MockData_RemovedItem" fullname="GDX.SimpleListExtensionsTests.RemoveLastReference_MockData_RemovedItem" methodname="RemoveLastReference_MockData_RemovedItem" classname="GDX.SimpleListExtensionsTests" runstate="Runnable" seed="2053981607" result="Passed" start-time="2022-07-02 23:05:10Z" end-time="2022-07-02 23:05:10Z" duration="0.000333" asserts="0">
            <properties>
              <property name="Category" value="GDX.Tests" />
            </properties>
          </test-case>
          <test-case id="1125" name="RemoveReferences_MockData_RemovedItems" fullname="GDX.SimpleListExtensionsTests.RemoveReferences_MockData_RemovedItems" methodname="RemoveReferences_MockData_RemovedItems" classname="GDX.SimpleListExtensionsTests" runstate="Runnable" seed="1478713378" result="Passed" start-time="2022-07-02 23:05:10Z" end-time="2022-07-02 23:05:10Z" duration="0.000421" asserts="0">
            <properties>
              <property name="Category" value="GDX.Tests" />
            </properties>
          </test-case>
        </test-suite>
        <test-suite type="TestFixture" id="1135" name="StringExtensionsTests" fullname="GDX.StringExtensionsTests" classname="GDX.StringExtensionsTests" runstate="Runnable" testcasecount="38" result="Passed" start-time="2022-07-02 23:05:10Z" end-time="2022-07-02 23:05:10Z" duration="0.039857" total="38" passed="38" failed="0" inconclusive="0" skipped="0" asserts="0">
          <properties />
          <test-case id="1166" name="Concatenate_Simple_NoSuffix" fullname="GDX.StringExtensionsTests.Concatenate_Simple_NoSuffix" methodname="Concatenate_Simple_NoSuffix" classname="GDX.StringExtensionsTests" runstate="Runnable" seed="1756534996" result="Passed" start-time="2022-07-02 23:05:10Z" end-time="2022-07-02 23:05:10Z" duration="0.000594" asserts="0">
            <properties>
              <property name="Category" value="GDX.Tests" />
            </properties>
          </test-case>
          <test-case id="1167" name="Concatenate_Simple_Suffix" fullname="GDX.StringExtensionsTests.Concatenate_Simple_Suffix" methodname="Concatenate_Simple_Suffix" classname="GDX.StringExtensionsTests" runstate="Runnable" seed="1920979534" result="Passed" start-time="2022-07-02 23:05:10Z" end-time="2022-07-02 23:05:10Z" duration="0.000244" asserts="0">
            <properties>
              <property name="Category" value="GDX.Tests" />
            </properties>
          </test-case>
          <test-case id="1164" name="CountOccurence_TwoMockData_ReturnsTwo" fullname="GDX.StringExtensionsTests.CountOccurence_TwoMockData_ReturnsTwo" methodname="CountOccurence_TwoMockData_ReturnsTwo" classname="GDX.StringExtensionsTests" runstate="Runnable" seed="537424326" result="Passed" start-time="2022-07-02 23:05:10Z" end-time="2022-07-02 23:05:10Z" duration="0.000316" asserts="0">
            <properties>
              <property name="Category" value="GDX.Tests" />
            </properties>
          </test-case>
          <test-case id="1165" name="CountOccurence_ZeroMockData_ReturnsTwo" fullname="GDX.StringExtensionsTests.CountOccurence_ZeroMockData_ReturnsTwo" methodname="CountOccurence_ZeroMockData_ReturnsTwo" classname="GDX.StringExtensionsTests" runstate="Runnable" seed="1946654408" result="Passed" start-time="2022-07-02 23:05:10Z" end-time="2022-07-02 23:05:10Z" duration="0.000219" asserts="0">
            <properties>
              <property name="Category" value="GDX.Tests" />
            </properties>
          </test-case>
          <test-case id="1160" name="Encrypt_Decrypt_IsEqual" fullname="GDX.StringExtensionsTests.Encrypt_Decrypt_IsEqual" methodname="Encrypt_Decrypt_IsEqual" classname="GDX.StringExtensionsTests" runstate="Runnable" seed="1190224954" result="Passed" start-time="2022-07-02 23:05:10Z" end-time="2022-07-02 23:05:10Z" duration="0.010636" asserts="0">
            <properties>
              <property name="Category" value="GDX.Tests" />
            </properties>
          </test-case>
          <test-case id="1161" name="Encrypt_MockData_ReturnsString" fullname="GDX.StringExtensionsTests.Encrypt_MockData_ReturnsString" methodname="Encrypt_MockData_ReturnsString" classname="GDX.StringExtensionsTests" runstate="Runnable" seed="1694738442" result="Passed" start-time="2022-07-02 23:05:10Z" end-time="2022-07-02 23:05:10Z" duration="0.000252" asserts="0">
            <properties>
              <property name="Category" value="GDX.Tests" />
            </properties>
          </test-case>
          <test-case id="1136" name="GetAfterFirst_MockData_ReturnsString" fullname="GDX.StringExtensionsTests.GetAfterFirst_MockData_ReturnsString" methodname="GetAfterFirst_MockData_ReturnsString" classname="GDX.StringExtensionsTests" runstate="Runnable" seed="217318263" result="Passed" start-time="2022-07-02 23:05:10Z" end-time="2022-07-02 23:05:10Z" duration="0.000304" asserts="0">
            <properties>
              <property name="Category" value="GDX.Tests" />
            </properties>
          </test-case>
          <test-case id="1137" name="GetAfterLast_MockData_ReturnsString" fullname="GDX.StringExtensionsTests.GetAfterLast_MockData_ReturnsString" methodname="GetAfterLast_MockData_ReturnsString" classname="GDX.StringExtensionsTests" runstate="Runnable" seed="1674416155" result="Passed" start-time="2022-07-02 23:05:10Z" end-time="2022-07-02 23:05:10Z" duration="0.000318" asserts="0">
            <properties>
              <property name="Category" value="GDX.Tests" />
            </properties>
          </test-case>
          <test-case id="1138" name="GetBeforeFirst_MockData_ReturnsEmptyString" fullname="GDX.StringExtensionsTests.GetBeforeFirst_MockData_ReturnsEmptyString" methodname="GetBeforeFirst_MockData_ReturnsEmptyString" classname="GDX.StringExtensionsTests" runstate="Runnable" seed="2012096168" result="Passed" start-time="2022-07-02 23:05:10Z" end-time="2022-07-02 23:05:10Z" duration="0.000290" asserts="0">
            <properties>
              <property name="Category" value="GDX.Tests" />
            </properties>
          </test-case>
          <test-case id="1139" name="GetBeforeLast_MockData_ReturnsString" fullname="GDX.StringExtensionsTests.GetBeforeLast_MockData_ReturnsString" methodname="GetBeforeLast_MockData_ReturnsString" classname="GDX.StringExtensionsTests" runstate="Runnable" seed="1888955003" result="Passed" start-time="2022-07-02 23:05:10Z" end-time="2022-07-02 23:05:10Z" duration="0.000288" asserts="0">
            <properties>
              <property name="Category" value="GDX.Tests" />
            </properties>
          </test-case>
          <test-case id="1162" name="GetStableLowerCaseHashCode_ToLowerGetStableHashCode_IsEqual" fullname="GDX.StringExtensionsTests.GetStableLowerCaseHashCode_ToLowerGetStableHashCode_IsEqual" methodname="GetStableLowerCaseHashCode_ToLowerGetStableHashCode_IsEqual" classname="GDX.StringExtensionsTests" runstate="Runnable" seed="252788989" result="Passed" start-time="2022-07-02 23:05:10Z" end-time="2022-07-02 23:05:10Z" duration="0.000277" asserts="0">
            <properties>
              <property name="Category" value="GDX.Tests" />
            </properties>
          </test-case>
          <test-case id="1163" name="GetStableUpperCaseHashCode_ToUpperGetStableHashCode_IsEqual" fullname="GDX.StringExtensionsTests.GetStableUpperCaseHashCode_ToUpperGetStableHashCode_IsEqual" methodname="GetStableUpperCaseHashCode_ToUpperGetStableHashCode_IsEqual" classname="GDX.StringExtensionsTests" runstate="Runnable" seed="1890178249" result="Passed" start-time="2022-07-02 23:05:10Z" end-time="2022-07-02 23:05:10Z" duration="0.000278" asserts="0">
            <properties>
              <property name="Category" value="GDX.Tests" />
            </properties>
          </test-case>
          <test-case id="1143" name="HasLowerCase_MixedCaseString_ReturnsTrue" fullname="GDX.StringExtensionsTests.HasLowerCase_MixedCaseString_ReturnsTrue" methodname="HasLowerCase_MixedCaseString_ReturnsTrue" classname="GDX.StringExtensionsTests" runstate="Runnable" seed="144891185" result="Passed" start-time="2022-07-02 23:05:10Z" end-time="2022-07-02 23:05:10Z" duration="0.000300" asserts="0">
            <properties>
              <property name="Category" value="GDX.Tests" />
            </properties>
          </test-case>
          <test-case id="1141" name="HasLowerCase_UpperCaseString_ReturnsFalse" fullname="GDX.StringExtensionsTests.HasLowerCase_UpperCaseString_ReturnsFalse" methodname="HasLowerCase_UpperCaseString_ReturnsFalse" classname="GDX.StringExtensionsTests" runstate="Runnable" seed="276004080" result="Passed" start-time="2022-07-02 23:05:10Z" end-time="2022-07-02 23:05:10Z" duration="0.000205" asserts="0">
            <properties>
              <property name="Category" value="GDX.Tests" />
            </properties>
          </test-case>
          <test-case id="1140" name="HasUpperCase_LowerCaseString_ReturnsFalse" fullname="GDX.StringExtensionsTests.HasUpperCase_LowerCaseString_ReturnsFalse" methodname="HasUpperCase_LowerCaseString_ReturnsFalse" classname="GDX.StringExtensionsTests" runstate="Runnable" seed="275885926" result="Passed" start-time="2022-07-02 23:05:10Z" end-time="2022-07-02 23:05:10Z" duration="0.000289" asserts="0">
            <properties>
              <property name="Category" value="GDX.Tests" />
            </properties>
          </test-case>
          <test-case id="1142" name="HasUpperCase_MixedCaseString_ReturnsTrue" fullname="GDX.StringExtensionsTests.HasUpperCase_MixedCaseString_ReturnsTrue" methodname="HasUpperCase_MixedCaseString_ReturnsTrue" classname="GDX.StringExtensionsTests" runstate="Runnable" seed="590150554" result="Passed" start-time="2022-07-02 23:05:10Z" end-time="2022-07-02 23:05:10Z" duration="0.000200" asserts="0">
            <properties>
              <property name="Category" value="GDX.Tests" />
            </properties>
          </test-case>
          <test-case id="1147" name="IsBooleanPositiveValue_BadString_ReturnsFalse" fullname="GDX.StringExtensionsTests.IsBooleanPositiveValue_BadString_ReturnsFalse" methodname="IsBooleanPositiveValue_BadString_ReturnsFalse" classname="GDX.StringExtensionsTests" runstate="Runnable" seed="2054341875" result="Passed" start-time="2022-07-02 23:05:10Z" end-time="2022-07-02 23:05:10Z" duration="0.000272" asserts="0">
            <properties>
              <property name="Category" value="GDX.Tests" />
            </properties>
          </test-case>
          <test-case id="1144" name="IsBooleanPositiveValue_TrueString_ReturnsTrue" fullname="GDX.StringExtensionsTests.IsBooleanPositiveValue_TrueString_ReturnsTrue" methodname="IsBooleanPositiveValue_TrueString_ReturnsTrue" classname="GDX.StringExtensionsTests" runstate="Runnable" seed="850467440" result="Passed" start-time="2022-07-02 23:05:10Z" end-time="2022-07-02 23:05:10Z" duration="0.000210" asserts="0">
            <properties>
              <property name="Category" value="GDX.Tests" />
            </properties>
          </test-case>
          <test-case id="1146" name="IsBooleanValue_BadString_ReturnsFalse" fullname="GDX.StringExtensionsTests.IsBooleanValue_BadString_ReturnsFalse" methodname="IsBooleanValue_BadString_ReturnsFalse" classname="GDX.StringExtensionsTests" runstate="Runnable" seed="714973495" result="Passed" start-time="2022-07-02 23:05:10Z" end-time="2022-07-02 23:05:10Z" duration="0.000280" asserts="0">
            <properties>
              <property name="Category" value="GDX.Tests" />
            </properties>
          </test-case>
          <test-case id="1145" name="IsBooleanValue_OffString_ReturnsTrue" fullname="GDX.StringExtensionsTests.IsBooleanValue_OffString_ReturnsTrue" methodname="IsBooleanValue_OffString_ReturnsTrue" classname="GDX.StringExtensionsTests" runstate="Runnable" seed="1529442572" result="Passed" start-time="2022-07-02 23:05:10Z" end-time="2022-07-02 23:05:10Z" duration="0.000211" asserts="0">
            <properties>
              <property name="Category" value="GDX.Tests" />
            </properties>
          </test-case>
          <test-case id="1151" name="IsIntegerValue_BadString_ReturnsFalse" fullname="GDX.StringExtensionsTests.IsIntegerValue_BadString_ReturnsFalse" methodname="IsIntegerValue_BadString_ReturnsFalse" classname="GDX.StringExtensionsTests" runstate="Runnable" seed="1197023462" result="Passed" start-time="2022-07-02 23:05:10Z" end-time="2022-07-02 23:05:10Z" duration="0.000323" asserts="0">
            <properties>
              <property name="Category" value="GDX.Tests" />
            </properties>
          </test-case>
          <test-case id="1152" name="IsIntegerValue_MixedString_ReturnsFalse" fullname="GDX.StringExtensionsTests.IsIntegerValue_MixedString_ReturnsFalse" methodname="IsIntegerValue_MixedString_ReturnsFalse" classname="GDX.StringExtensionsTests" runstate="Runnable" seed="855642125" result="Passed" start-time="2022-07-02 23:05:10Z" end-time="2022-07-02 23:05:10Z" duration="0.000213" asserts="0">
            <properties>
              <property name="Category" value="GDX.Tests" />
            </properties>
          </test-case>
          <test-case id="1150" name="IsIntegerValue_NegativeNumber_ReturnsTrue" fullname="GDX.StringExtensionsTests.IsIntegerValue_NegativeNumber_ReturnsTrue" methodname="IsIntegerValue_NegativeNumber_ReturnsTrue" classname="GDX.StringExtensionsTests" runstate="Runnable" seed="408895315" result="Passed" start-time="2022-07-02 23:05:10Z" end-time="2022-07-02 23:05:10Z" duration="0.000208" asserts="0">
            <properties>
              <property name="Category" value="GDX.Tests" />
            </properties>
          </test-case>
          <test-case id="1148" name="IsIntegerValue_NullNumber_ReturnsFalse" fullname="GDX.StringExtensionsTests.IsIntegerValue_NullNumber_ReturnsFalse" methodname="IsIntegerValue_NullNumber_ReturnsFalse" classname="GDX.StringExtensionsTests" runstate="Runnable" seed="243728867" result="Passed" start-time="2022-07-02 23:05:10Z" end-time="2022-07-02 23:05:10Z" duration="0.000207" asserts="0">
            <properties>
              <property name="Category" value="GDX.Tests" />
            </properties>
          </test-case>
          <test-case id="1149" name="IsIntegerValue_PositiveNumber_ReturnsTrue" fullname="GDX.StringExtensionsTests.IsIntegerValue_PositiveNumber_ReturnsTrue" methodname="IsIntegerValue_PositiveNumber_ReturnsTrue" classname="GDX.StringExtensionsTests" runstate="Runnable" seed="337494272" result="Passed" start-time="2022-07-02 23:05:10Z" end-time="2022-07-02 23:05:10Z" duration="0.000205" asserts="0">
            <properties>
              <property name="Category" value="GDX.Tests" />
            </properties>
          </test-case>
          <test-case id="1155" name="IsNumericValue_Characters_ReturnsFalse" fullname="GDX.StringExtensionsTests.IsNumericValue_Characters_ReturnsFalse" methodname="IsNumericValue_Characters_ReturnsFalse" classname="GDX.StringExtensionsTests" runstate="Runnable" seed="1436901453" result="Passed" start-time="2022-07-02 23:05:10Z" end-time="2022-07-02 23:05:10Z" duration="0.000208" asserts="0">
            <properties>
              <property name="Category" value="GDX.Tests" />
            </properties>
          </test-case>
          <test-case id="1156" name="IsNumericValue_NegativeNumber_ReturnsTrue" fullname="GDX.StringExtensionsTests.IsNumericValue_NegativeNumber_ReturnsTrue" methodname="IsNumericValue_NegativeNumber_ReturnsTrue" classname="GDX.StringExtensionsTests" runstate="Runnable" seed="1859428378" result="Passed" start-time="2022-07-02 23:05:10Z" end-time="2022-07-02 23:05:10Z" duration="0.000205" asserts="0">
            <properties>
              <property name="Category" value="GDX.Tests" />
            </properties>
          </test-case>
          <test-case id="1154" name="IsNumericValue_NullNumber_ReturnsFalse" fullname="GDX.StringExtensionsTests.IsNumericValue_NullNumber_ReturnsFalse" methodname="IsNumericValue_NullNumber_ReturnsFalse" classname="GDX.StringExtensionsTests" runstate="Runnable" seed="1123988751" result="Passed" start-time="2022-07-02 23:05:10Z" end-time="2022-07-02 23:05:10Z" duration="0.000206" asserts="0">
            <properties>
              <property name="Category" value="GDX.Tests" />
            </properties>
          </test-case>
          <test-case id="1153" name="IsNumericValue_PositiveNumber_ReturnsTrue" fullname="GDX.StringExtensionsTests.IsNumericValue_PositiveNumber_ReturnsTrue" methodname="IsNumericValue_PositiveNumber_ReturnsTrue" classname="GDX.StringExtensionsTests" runstate="Runnable" seed="1453826202" result="Passed" start-time="2022-07-02 23:05:10Z" end-time="2022-07-02 23:05:10Z" duration="0.000202" asserts="0">
            <properties>
              <property name="Category" value="GDX.Tests" />
            </properties>
          </test-case>
          <test-case id="1157" name="IsNumericValue_TwoDecimals_ReturnsFalse" fullname="GDX.StringExtensionsTests.IsNumericValue_TwoDecimals_ReturnsFalse" methodname="IsNumericValue_TwoDecimals_ReturnsFalse" classname="GDX.StringExtensionsTests" runstate="Runnable" seed="384457431" result="Passed" start-time="2022-07-02 23:05:10Z" end-time="2022-07-02 23:05:10Z" duration="0.000206" asserts="0">
            <properties>
              <property name="Category" value="GDX.Tests" />
            </properties>
          </test-case>
          <test-case id="1173" name="PartialMatch_EmptySimpleList_NotFound" fullname="GDX.StringExtensionsTests.PartialMatch_EmptySimpleList_NotFound" methodname="PartialMatch_EmptySimpleList_NotFound" classname="GDX.StringExtensionsTests" runstate="Runnable" seed="1640634014" result="Passed" start-time="2022-07-02 23:05:10Z" end-time="2022-07-02 23:05:10Z" duration="0.000319" asserts="0">
            <properties>
              <property name="Category" value="GDX.Tests" />
            </properties>
          </test-case>
          <test-case id="1170" name="PartialMatch_NullStringArray_NotFound" fullname="GDX.StringExtensionsTests.PartialMatch_NullStringArray_NotFound" methodname="PartialMatch_NullStringArray_NotFound" classname="GDX.StringExtensionsTests" runstate="Runnable" seed="639918800" result="Passed" start-time="2022-07-02 23:05:10Z" end-time="2022-07-02 23:05:10Z" duration="0.000298" asserts="0">
            <properties>
              <property name="Category" value="GDX.Tests" />
            </properties>
          </test-case>
          <test-case id="1171" name="PartialMatch_SimpleList_Found" fullname="GDX.StringExtensionsTests.PartialMatch_SimpleList_Found" methodname="PartialMatch_SimpleList_Found" classname="GDX.StringExtensionsTests" runstate="Runnable" seed="52344495" result="Passed" start-time="2022-07-02 23:05:10Z" end-time="2022-07-02 23:05:10Z" duration="0.000314" asserts="0">
            <properties>
              <property name="Category" value="GDX.Tests" />
            </properties>
          </test-case>
          <test-case id="1172" name="PartialMatch_SimpleList_NotFound" fullname="GDX.StringExtensionsTests.PartialMatch_SimpleList_NotFound" methodname="PartialMatch_SimpleList_NotFound" classname="GDX.StringExtensionsTests" runstate="Runnable" seed="132551434" result="Passed" start-time="2022-07-02 23:05:10Z" end-time="2022-07-02 23:05:10Z" duration="0.000257" asserts="0">
            <properties>
              <property name="Category" value="GDX.Tests" />
            </properties>
          </test-case>
          <test-case id="1168" name="PartialMatch_StringArray_Found" fullname="GDX.StringExtensionsTests.PartialMatch_StringArray_Found" methodname="PartialMatch_StringArray_Found" classname="GDX.StringExtensionsTests" runstate="Runnable" seed="1942959975" result="Passed" start-time="2022-07-02 23:05:10Z" end-time="2022-07-02 23:05:10Z" duration="0.000231" asserts="0">
            <properties>
              <property name="Category" value="GDX.Tests" />
            </properties>
          </test-case>
          <test-case id="1169" name="PartialMatch_StringArray_NotFound" fullname="GDX.StringExtensionsTests.PartialMatch_StringArray_NotFound" methodname="PartialMatch_StringArray_NotFound" classname="GDX.StringExtensionsTests" runstate="Runnable" seed="831149398" result="Passed" start-time="2022-07-02 23:05:10Z" end-time="2022-07-02 23:05:10Z" duration="0.000222" asserts="0">
            <properties>
              <property name="Category" value="GDX.Tests" />
            </properties>
          </test-case>
          <test-case id="1159" name="SplitCamelCase_camelCase_ReturnsString" fullname="GDX.StringExtensionsTests.SplitCamelCase_camelCase_ReturnsString" methodname="SplitCamelCase_camelCase_ReturnsString" classname="GDX.StringExtensionsTests" runstate="Runnable" seed="396884198" result="Passed" start-time="2022-07-02 23:05:10Z" end-time="2022-07-02 23:05:10Z" duration="0.000895" asserts="0">
            <properties>
              <property name="Category" value="GDX.Tests" />
            </properties>
          </test-case>
          <test-case id="1158" name="SplitCamelCase_CamelCase_ReturnsString" fullname="GDX.StringExtensionsTests.SplitCamelCase_CamelCase_ReturnsString" methodname="SplitCamelCase_CamelCase_ReturnsString" classname="GDX.StringExtensionsTests" runstate="Runnable" seed="1118793615" result="Passed" start-time="2022-07-02 23:05:10Z" end-time="2022-07-02 23:05:10Z" duration="0.000243" asserts="0">
            <properties>
              <property name="Category" value="GDX.Tests" />
            </properties>
          </test-case>
        </test-suite>
        <test-suite type="TestFixture" id="1174" name="TransformExtensionsTests" fullname="GDX.TransformExtensionsTests" classname="GDX.TransformExtensionsTests" runstate="Runnable" testcasecount="5" result="Passed" start-time="2022-07-02 23:05:10Z" end-time="2022-07-02 23:05:10Z" duration="0.006505" total="5" passed="5" failed="0" inconclusive="0" skipped="0" asserts="0">
          <properties />
          <test-case id="1176" name="DestroyChildren_RemoveActiveOnly_OneChildRemaining" fullname="GDX.TransformExtensionsTests.DestroyChildren_RemoveActiveOnly_OneChildRemaining" methodname="DestroyChildren_RemoveActiveOnly_OneChildRemaining" classname="GDX.TransformExtensionsTests" runstate="Runnable" seed="123156600" result="Passed" start-time="2022-07-02 23:05:10Z" end-time="2022-07-02 23:05:10Z" duration="0.001109" asserts="0">
            <properties>
              <property name="Category" value="GDX.Tests" />
            </properties>
          </test-case>
          <test-case id="1175" name="DestroyChildren_RemoveAll_NoChildren" fullname="GDX.TransformExtensionsTests.DestroyChildren_RemoveAll_NoChildren" methodname="DestroyChildren_RemoveAll_NoChildren" classname="GDX.TransformExtensionsTests" runstate="Runnable" seed="892773303" result="Passed" start-time="2022-07-02 23:05:10Z" end-time="2022-07-02 23:05:10Z" duration="0.000296" asserts="0">
            <properties>
              <property name="Category" value="GDX.Tests" />
            </properties>
          </test-case>
          <test-case id="1177" name="GetActiveChildrenCount_MockData_AccurateCount" fullname="GDX.TransformExtensionsTests.GetActiveChildrenCount_MockData_AccurateCount" methodname="GetActiveChildrenCount_MockData_AccurateCount" classname="GDX.TransformExtensionsTests" runstate="Runnable" seed="845518477" result="Passed" start-time="2022-07-02 23:05:10Z" end-time="2022-07-02 23:05:10Z" duration="0.000442" asserts="0">
            <properties>
              <property name="Category" value="GDX.Tests" />
            </properties>
          </test-case>
          <test-case id="1178" name="GetFirstComponentInChildrenComplex_MockData_FirstTransform" fullname="GDX.TransformExtensionsTests.GetFirstComponentInChildrenComplex_MockData_FirstTransform" methodname="GetFirstComponentInChildrenComplex_MockData_FirstTransform" classname="GDX.TransformExtensionsTests" runstate="Runnable" seed="136986771" result="Passed" start-time="2022-07-02 23:05:10Z" end-time="2022-07-02 23:05:10Z" duration="0.000509" asserts="0">
            <properties>
              <property name="Category" value="GDX.Tests" />
            </properties>
          </test-case>
          <test-case id="1179" name="GetScenePath_MockData_RootPath" fullname="GDX.TransformExtensionsTests.GetScenePath_MockData_RootPath" methodname="GetScenePath_MockData_RootPath" classname="GDX.TransformExtensionsTests" runstate="Runnable" seed="1499957083" result="Passed" start-time="2022-07-02 23:05:10Z" end-time="2022-07-02 23:05:10Z" duration="0.000548" asserts="0">
            <properties>
              <property name="Category" value="GDX.Tests" />
            </properties>
          </test-case>
        </test-suite>
        <test-suite type="TestFixture" id="1180" name="Vector2ExtensionsTests" fullname="GDX.Vector2ExtensionsTests" classname="GDX.Vector2ExtensionsTests" runstate="Runnable" testcasecount="14" result="Passed" start-time="2022-07-02 23:05:10Z" end-time="2022-07-02 23:05:10Z" duration="0.008921" total="14" passed="14" failed="0" inconclusive="0" skipped="0" asserts="0">
          <properties />
          <test-case id="1181" name="Approximately_FiveMillionths_ReturnsFalse" fullname="GDX.Vector2ExtensionsTests.Approximately_FiveMillionths_ReturnsFalse" methodname="Approximately_FiveMillionths_ReturnsFalse" classname="GDX.Vector2ExtensionsTests" runstate="Runnable" seed="854922936" result="Passed" start-time="2022-07-02 23:05:10Z" end-time="2022-07-02 23:05:10Z" duration="0.000306" asserts="0">
            <properties>
              <property name="Category" value="GDX.Tests" />
            </properties>
          </test-case>
          <test-case id="1182" name="Approximately_One_ReturnsTrue" fullname="GDX.Vector2ExtensionsTests.Approximately_One_ReturnsTrue" methodname="Approximately_One_ReturnsTrue" classname="GDX.Vector2ExtensionsTests" runstate="Runnable" seed="1992938248" result="Passed" start-time="2022-07-02 23:05:10Z" end-time="2022-07-02 23:05:10Z" duration="0.000166" asserts="0">
            <properties>
              <property name="Category" value="GDX.Tests" />
            </properties>
          </test-case>
          <test-case id="1183" name="Approximately_OneMillionth_ReturnsTrue" fullname="GDX.Vector2ExtensionsTests.Approximately_OneMillionth_ReturnsTrue" methodname="Approximately_OneMillionth_ReturnsTrue" classname="GDX.Vector2ExtensionsTests" runstate="Runnable" seed="601405102" result="Passed" start-time="2022-07-02 23:05:10Z" end-time="2022-07-02 23:05:10Z" duration="0.000161" asserts="0">
            <properties>
              <property name="Category" value="GDX.Tests" />
            </properties>
          </test-case>
          <test-case id="1184" name="Approximately_Zero_ReturnsTrue" fullname="GDX.Vector2ExtensionsTests.Approximately_Zero_ReturnsTrue" methodname="Approximately_Zero_ReturnsTrue" classname="GDX.Vector2ExtensionsTests" runstate="Runnable" seed="1771996985" result="Passed" start-time="2022-07-02 23:05:10Z" end-time="2022-07-02 23:05:10Z" duration="0.000164" asserts="0">
            <properties>
              <property name="Category" value="GDX.Tests" />
            </properties>
          </test-case>
          <test-case id="1185" name="Midpoint_ZeroAndOne_ReturnsHalf" fullname="GDX.Vector2ExtensionsTests.Midpoint_ZeroAndOne_ReturnsHalf" methodname="Midpoint_ZeroAndOne_ReturnsHalf" classname="GDX.Vector2ExtensionsTests" runstate="Runnable" seed="1842163369" result="Passed" start-time="2022-07-02 23:05:10Z" end-time="2022-07-02 23:05:10Z" duration="0.000251" asserts="0">
            <properties>
              <property name="Category" value="GDX.Tests" />
            </properties>
          </test-case>
          <test-case id="1186" name="NearestIndex_MockData_ReturnsClosest" fullname="GDX.Vector2ExtensionsTests.NearestIndex_MockData_ReturnsClosest" methodname="NearestIndex_MockData_ReturnsClosest" classname="GDX.Vector2ExtensionsTests" runstate="Runnable" seed="1950569698" result="Passed" start-time="2022-07-02 23:05:10Z" end-time="2022-07-02 23:05:10Z" duration="0.000490" asserts="0">
            <properties>
              <property name="Category" value="GDX.Tests" />
            </properties>
          </test-case>
          <test-case id="1187" name="NearestIndex_NullInput_ReturnsNegativeOne" fullname="GDX.Vector2ExtensionsTests.NearestIndex_NullInput_ReturnsNegativeOne" methodname="NearestIndex_NullInput_ReturnsNegativeOne" classname="GDX.Vector2ExtensionsTests" runstate="Runnable" seed="2092191193" result="Passed" start-time="2022-07-02 23:05:10Z" end-time="2022-07-02 23:05:10Z" duration="0.000216" asserts="0">
            <properties>
              <property name="Category" value="GDX.Tests" />
            </properties>
          </test-case>
          <test-case id="1189" name="Slope_MockData_ReturnsSlope" fullname="GDX.Vector2ExtensionsTests.Slope_MockData_ReturnsSlope" methodname="Slope_MockData_ReturnsSlope" classname="GDX.Vector2ExtensionsTests" runstate="Runnable" seed="1435238352" result="Passed" start-time="2022-07-02 23:05:10Z" end-time="2022-07-02 23:05:10Z" duration="0.000220" asserts="0">
            <properties>
              <property name="Category" value="GDX.Tests" />
            </properties>
          </test-case>
          <test-case id="1188" name="Slope_ZeroXValue_ReturnsZero" fullname="GDX.Vector2ExtensionsTests.Slope_ZeroXValue_ReturnsZero" methodname="Slope_ZeroXValue_ReturnsZero" classname="GDX.Vector2ExtensionsTests" runstate="Runnable" seed="472848652" result="Passed" start-time="2022-07-02 23:05:10Z" end-time="2022-07-02 23:05:10Z" duration="0.000153" asserts="0">
            <properties>
              <property name="Category" value="GDX.Tests" />
            </properties>
          </test-case>
          <test-case id="1193" name="TryParseVector2_CharFirstSplit_ReturnsFalse" fullname="GDX.Vector2ExtensionsTests.TryParseVector2_CharFirstSplit_ReturnsFalse" methodname="TryParseVector2_CharFirstSplit_ReturnsFalse" classname="GDX.Vector2ExtensionsTests" runstate="Runnable" seed="36985121" result="Passed" start-time="2022-07-02 23:05:10Z" end-time="2022-07-02 23:05:10Z" duration="0.000822" asserts="0">
            <properties>
              <property name="Category" value="GDX.Tests" />
            </properties>
          </test-case>
          <test-case id="1194" name="TryParseVector2_CharSecondSplit_ReturnsFalse" fullname="GDX.Vector2ExtensionsTests.TryParseVector2_CharSecondSplit_ReturnsFalse" methodname="TryParseVector2_CharSecondSplit_ReturnsFalse" classname="GDX.Vector2ExtensionsTests" runstate="Runnable" seed="1007402505" result="Passed" start-time="2022-07-02 23:05:10Z" end-time="2022-07-02 23:05:10Z" duration="0.000177" asserts="0">
            <properties>
              <property name="Category" value="GDX.Tests" />
            </properties>
          </test-case>
          <test-case id="1191" name="TryParseVector2_NoSpaces_ReturnsVector2" fullname="GDX.Vector2ExtensionsTests.TryParseVector2_NoSpaces_ReturnsVector2" methodname="TryParseVector2_NoSpaces_ReturnsVector2" classname="GDX.Vector2ExtensionsTests" runstate="Runnable" seed="642733558" result="Passed" start-time="2022-07-02 23:05:10Z" end-time="2022-07-02 23:05:10Z" duration="0.000178" asserts="0">
            <properties>
              <property name="Category" value="GDX.Tests" />
            </properties>
          </test-case>
          <test-case id="1190" name="TryParseVector2_NoSplit_ReturnsFalse" fullname="GDX.Vector2ExtensionsTests.TryParseVector2_NoSplit_ReturnsFalse" methodname="TryParseVector2_NoSplit_ReturnsFalse" classname="GDX.Vector2ExtensionsTests" runstate="Runnable" seed="1357470837" result="Passed" start-time="2022-07-02 23:05:10Z" end-time="2022-07-02 23:05:10Z" duration="0.000164" asserts="0">
            <properties>
              <property name="Category" value="GDX.Tests" />
            </properties>
          </test-case>
          <test-case id="1192" name="TryParseVector2_SpacedValues_ReturnsVector2" fullname="GDX.Vector2ExtensionsTests.TryParseVector2_SpacedValues_ReturnsVector2" methodname="TryParseVector2_SpacedValues_ReturnsVector2" classname="GDX.Vector2ExtensionsTests" runstate="Runnable" seed="1591704679" result="Passed" start-time="2022-07-02 23:05:10Z" end-time="2022-07-02 23:05:10Z" duration="0.000181" asserts="0">
            <properties>
              <property name="Category" value="GDX.Tests" />
            </properties>
          </test-case>
        </test-suite>
        <test-suite type="TestFixture" id="1195" name="Vector3ExtensionsTests" fullname="GDX.Vector3ExtensionsTests" classname="GDX.Vector3ExtensionsTests" runstate="Runnable" testcasecount="17" result="Passed" start-time="2022-07-02 23:05:10Z" end-time="2022-07-02 23:05:10Z" duration="0.011474" total="17" passed="17" failed="0" inconclusive="0" skipped="0" asserts="0">
          <properties />
          <test-case id="1196" name="Approximately_FiveMillionths_ReturnsFalse" fullname="GDX.Vector3ExtensionsTests.Approximately_FiveMillionths_ReturnsFalse" methodname="Approximately_FiveMillionths_ReturnsFalse" classname="GDX.Vector3ExtensionsTests" runstate="Runnable" seed="1153406175" result="Passed" start-time="2022-07-02 23:05:10Z" end-time="2022-07-02 23:05:10Z" duration="0.000304" asserts="0">
            <properties>
              <property name="Category" value="GDX.Tests" />
            </properties>
          </test-case>
          <test-case id="1197" name="Approximately_One_ReturnsTrue" fullname="GDX.Vector3ExtensionsTests.Approximately_One_ReturnsTrue" methodname="Approximately_One_ReturnsTrue" classname="GDX.Vector3ExtensionsTests" runstate="Runnable" seed="179916422" result="Passed" start-time="2022-07-02 23:05:10Z" end-time="2022-07-02 23:05:10Z" duration="0.000314" asserts="0">
            <properties>
              <property name="Category" value="GDX.Tests" />
            </properties>
          </test-case>
          <test-case id="1198" name="Approximately_OneMillionth_ReturnsTrue" fullname="GDX.Vector3ExtensionsTests.Approximately_OneMillionth_ReturnsTrue" methodname="Approximately_OneMillionth_ReturnsTrue" classname="GDX.Vector3ExtensionsTests" runstate="Runnable" seed="1644650952" result="Passed" start-time="2022-07-02 23:05:10Z" end-time="2022-07-02 23:05:10Z" duration="0.000224" asserts="0">
            <properties>
              <property name="Category" value="GDX.Tests" />
            </properties>
          </test-case>
          <test-case id="1199" name="Approximately_Zero_ReturnsTrue" fullname="GDX.Vector3ExtensionsTests.Approximately_Zero_ReturnsTrue" methodname="Approximately_Zero_ReturnsTrue" classname="GDX.Vector3ExtensionsTests" runstate="Runnable" seed="867361101" result="Passed" start-time="2022-07-02 23:05:10Z" end-time="2022-07-02 23:05:10Z" duration="0.000169" asserts="0">
            <properties>
              <property name="Category" value="GDX.Tests" />
            </properties>
          </test-case>
          <test-case id="1200" name="DistanceSqr_MockData_ReturnsSame" fullname="GDX.Vector3ExtensionsTests.DistanceSqr_MockData_ReturnsSame" methodname="DistanceSqr_MockData_ReturnsSame" classname="GDX.Vector3ExtensionsTests" runstate="Runnable" seed="530402875" result="Passed" start-time="2022-07-02 23:05:10Z" end-time="2022-07-02 23:05:10Z" duration="0.000369" asserts="0">
            <properties>
              <property name="Category" value="GDX.Tests" />
            </properties>
          </test-case>
          <test-case id="1201" name="DistanceToRay_MockData_ReturnsAccurate" fullname="GDX.Vector3ExtensionsTests.DistanceToRay_MockData_ReturnsAccurate" methodname="DistanceToRay_MockData_ReturnsAccurate" classname="GDX.Vector3ExtensionsTests" runstate="Runnable" seed="1093748753" result="Passed" start-time="2022-07-02 23:05:10Z" end-time="2022-07-02 23:05:10Z" duration="0.000890" asserts="0">
            <properties>
              <property name="Category" value="GDX.Tests" />
            </properties>
          </test-case>
          <test-case id="1202" name="HorizontalDistance_MockData_ReturnsAccurate" fullname="GDX.Vector3ExtensionsTests.HorizontalDistance_MockData_ReturnsAccurate" methodname="HorizontalDistance_MockData_ReturnsAccurate" classname="GDX.Vector3ExtensionsTests" runstate="Runnable" seed="228719037" result="Passed" start-time="2022-07-02 23:05:10Z" end-time="2022-07-02 23:05:10Z" duration="0.000296" asserts="0">
            <properties>
              <property name="Category" value="GDX.Tests" />
            </properties>
          </test-case>
          <test-case id="1203" name="Midpoint_ZeroAndOne_ReturnsHalf" fullname="GDX.Vector3ExtensionsTests.Midpoint_ZeroAndOne_ReturnsHalf" methodname="Midpoint_ZeroAndOne_ReturnsHalf" classname="GDX.Vector3ExtensionsTests" runstate="Runnable" seed="2103712988" result="Passed" start-time="2022-07-02 23:05:10Z" end-time="2022-07-02 23:05:10Z" duration="0.000347" asserts="0">
            <properties>
              <property name="Category" value="GDX.Tests" />
            </properties>
          </test-case>
          <test-case id="1204" name="NearestIndex_MockData_ReturnsClosest" fullname="GDX.Vector3ExtensionsTests.NearestIndex_MockData_ReturnsClosest" methodname="NearestIndex_MockData_ReturnsClosest" classname="GDX.Vector3ExtensionsTests" runstate="Runnable" seed="1710269410" result="Passed" start-time="2022-07-02 23:05:10Z" end-time="2022-07-02 23:05:10Z" duration="0.000461" asserts="0">
            <properties>
              <property name="Category" value="GDX.Tests" />
            </properties>
          </test-case>
          <test-case id="1205" name="NearestIndex_NullInput_ReturnsNegativeOne" fullname="GDX.Vector3ExtensionsTests.NearestIndex_NullInput_ReturnsNegativeOne" methodname="NearestIndex_NullInput_ReturnsNegativeOne" classname="GDX.Vector3ExtensionsTests" runstate="Runnable" seed="1235742872" result="Passed" start-time="2022-07-02 23:05:10Z" end-time="2022-07-02 23:05:10Z" duration="0.000212" asserts="0">
            <properties>
              <property name="Category" value="GDX.Tests" />
            </properties>
          </test-case>
          <test-case id="1208" name="TryParseVector3_CharFirstSplit_ReturnsFalse" fullname="GDX.Vector3ExtensionsTests.TryParseVector3_CharFirstSplit_ReturnsFalse" methodname="TryParseVector3_CharFirstSplit_ReturnsFalse" classname="GDX.Vector3ExtensionsTests" runstate="Runnable" seed="227563404" result="Passed" start-time="2022-07-02 23:05:10Z" end-time="2022-07-02 23:05:10Z" duration="0.000378" asserts="0">
            <properties>
              <property name="Category" value="GDX.Tests" />
            </properties>
          </test-case>
          <test-case id="1209" name="TryParseVector3_CharSecondSplit_ReturnsFalse" fullname="GDX.Vector3ExtensionsTests.TryParseVector3_CharSecondSplit_ReturnsFalse" methodname="TryParseVector3_CharSecondSplit_ReturnsFalse" classname="GDX.Vector3ExtensionsTests" runstate="Runnable" seed="812682659" result="Passed" start-time="2022-07-02 23:05:10Z" end-time="2022-07-02 23:05:10Z" duration="0.000177" asserts="0">
            <properties>
              <property name="Category" value="GDX.Tests" />
            </properties>
          </test-case>
          <test-case id="1210" name="TryParseVector3_CharThirdSplit_ReturnsFalse" fullname="GDX.Vector3ExtensionsTests.TryParseVector3_CharThirdSplit_ReturnsFalse" methodname="TryParseVector3_CharThirdSplit_ReturnsFalse" classname="GDX.Vector3ExtensionsTests" runstate="Runnable" seed="558588757" result="Passed" start-time="2022-07-02 23:05:10Z" end-time="2022-07-02 23:05:10Z" duration="0.000175" asserts="0">
            <properties>
              <property name="Category" value="GDX.Tests" />
            </properties>
          </test-case>
          <test-case id="1207" name="TryParseVector3_NoSecondSplit_ReturnsFalse" fullname="GDX.Vector3ExtensionsTests.TryParseVector3_NoSecondSplit_ReturnsFalse" methodname="TryParseVector3_NoSecondSplit_ReturnsFalse" classname="GDX.Vector3ExtensionsTests" runstate="Runnable" seed="1349420631" result="Passed" start-time="2022-07-02 23:05:10Z" end-time="2022-07-02 23:05:10Z" duration="0.000162" asserts="0">
            <properties>
              <property name="Category" value="GDX.Tests" />
            </properties>
          </test-case>
          <test-case id="1211" name="TryParseVector3_NoSpaces_ReturnsVector3" fullname="GDX.Vector3ExtensionsTests.TryParseVector3_NoSpaces_ReturnsVector3" methodname="TryParseVector3_NoSpaces_ReturnsVector3" classname="GDX.Vector3ExtensionsTests" runstate="Runnable" seed="17944891" result="Passed" start-time="2022-07-02 23:05:10Z" end-time="2022-07-02 23:05:10Z" duration="0.000176" asserts="0">
            <properties>
              <property name="Category" value="GDX.Tests" />
            </properties>
          </test-case>
          <test-case id="1206" name="TryParseVector3_NoSplit_ReturnsVector2Zero" fullname="GDX.Vector3ExtensionsTests.TryParseVector3_NoSplit_ReturnsVector2Zero" methodname="TryParseVector3_NoSplit_ReturnsVector2Zero" classname="GDX.Vector3ExtensionsTests" runstate="Runnable" seed="1714804917" result="Passed" start-time="2022-07-02 23:05:10Z" end-time="2022-07-02 23:05:10Z" duration="0.000165" asserts="0">
            <properties>
              <property name="Category" value="GDX.Tests" />
            </properties>
          </test-case>
          <test-case id="1212" name="TryParseVector3_SpacedValues_ReturnsVector3" fullname="GDX.Vector3ExtensionsTests.TryParseVector3_SpacedValues_ReturnsVector3" methodname="TryParseVector3_SpacedValues_ReturnsVector3" classname="GDX.Vector3ExtensionsTests" runstate="Runnable" seed="1157608649" result="Passed" start-time="2022-07-02 23:05:10Z" end-time="2022-07-02 23:05:10Z" duration="0.000174" asserts="0">
            <properties>
              <property name="Category" value="GDX.Tests" />
            </properties>
            <output><![CDATA[Executing cleanup for: Unity.PerformanceTesting.Editor.TestRunBuilder
]]></output>
          </test-case>
        </test-suite>
      </test-suite>
    </test-suite>
  </test-suite>
</test-run>