<?xml version="1.0" encoding="utf-8"?>
<test-run id="2" testcasecount="685" result="Skipped:Ignored" total="685" passed="683" failed="0" inconclusive="0" skipped="2" asserts="0" engine-version="3.5.0.0" clr-version="4.0.30319.42000" start-time="2023-06-08 20:27:24Z" end-time="2023-06-08 20:35:26Z" duration="481.5934382">
  <test-suite type="TestSuite" id="1000" name="GDX" fullname="GDX" runstate="Runnable" testcasecount="689" result="Skipped" label="Ignored" start-time="2023-06-08 20:27:24Z" end-time="2023-06-08 20:35:26Z" duration="481.593438" total="685" passed="683" failed="0" inconclusive="0" skipped="2" asserts="0">
    <properties />
    <reason>
      <message><![CDATA[One or more child tests were ignored]]></message>
    </reason>
    <test-suite type="Assembly" id="1024" name="GDX.Editor.Tests.EditMode.dll" fullname="D:/BuildAgent/work/GDX-Documentation/Projects/GDX_Development/Library/ScriptAssemblies/GDX.Editor.Tests.EditMode.dll" runstate="Runnable" testcasecount="15" result="Passed" start-time="2023-06-08 20:27:25Z" end-time="2023-06-08 20:27:33Z" duration="8.069159" total="15" passed="15" failed="0" inconclusive="0" skipped="0" asserts="0">
      <properties>
        <property name="_PID" value="33112" />
        <property name="_APPDOMAIN" value="Unity Child Domain" />
        <property name="platform" value="EditMode" />
      </properties>
      <test-suite type="TestSuite" id="1025" name="GDX" fullname="GDX" runstate="Runnable" testcasecount="15" result="Passed" start-time="2023-06-08 20:27:25Z" end-time="2023-06-08 20:27:33Z" duration="8.065114" total="15" passed="15" failed="0" inconclusive="0" skipped="0" asserts="0">
        <properties />
        <test-suite type="TestSuite" id="1026" name="Editor" fullname="GDX.Editor" runstate="Runnable" testcasecount="15" result="Passed" start-time="2023-06-08 20:27:25Z" end-time="2023-06-08 20:27:33Z" duration="8.064342" total="15" passed="15" failed="0" inconclusive="0" skipped="0" asserts="0">
          <properties />
          <test-suite type="TestFixture" id="1003" name="AutomationTests" fullname="GDX.Editor.AutomationTests" classname="GDX.Editor.AutomationTests" runstate="Runnable" testcasecount="6" result="Passed" start-time="2023-06-08 20:27:25Z" end-time="2023-06-08 20:27:25Z" duration="0.010715" total="6" passed="6" failed="0" inconclusive="0" skipped="0" asserts="0">
            <properties />
            <test-case id="1004" name="CaptureEditorWindow_SceneView_ReturnsTexture" fullname="GDX.Editor.AutomationTests.CaptureEditorWindow_SceneView_ReturnsTexture" methodname="CaptureEditorWindow_SceneView_ReturnsTexture" classname="GDX.Editor.AutomationTests" runstate="Runnable" seed="1640950940" result="Passed" start-time="2023-06-08 20:27:05Z" end-time="2023-06-08 20:27:06Z" duration="0.957101" asserts="0">
              <properties>
                <property name="Category" value="GDX.Tests" />
              </properties>
              <output><![CDATA[[Code Coverage] Code Coverage results for visited sequence points were saved in D:/BuildAgent/work/GDX-Documentation/Staging/CodeCoverage/GDX_Development-opencov/EditMode/TestCoverageResults_0001.xml
[Code Coverage] Code Coverage requires Burst Compilation to be disabled in order to obtain accurate coverage information. To disable Burst Compilation uncheck Jobs > Burst > Enable Compilation or pass '--burst-disable-compilation' to the command line in batchmode.
]]></output>
            </test-case>
            <test-case id="1009" name="CaptureEditorWindow_SceneView_SameTexture" fullname="GDX.Editor.AutomationTests.CaptureEditorWindow_SceneView_SameTexture" methodname="CaptureEditorWindow_SceneView_SameTexture" classname="GDX.Editor.AutomationTests" runstate="Runnable" seed="1681944336" result="Passed" start-time="2023-06-08 20:27:07Z" end-time="2023-06-08 20:27:09Z" duration="1.593248" asserts="0">
              <properties>
                <property name="_JOINTYPE" value="UnityCombinatorial" />
                <property name="Category" value="GDX.Tests" />
              </properties>
              <output><![CDATA[[Code Coverage] Code Coverage results for visited sequence points were saved in D:/BuildAgent/work/GDX-Documentation/Staging/CodeCoverage/GDX_Development-opencov/EditMode/TestCoverageResults_0002.xml
[Code Coverage] Code Coverage requires Burst Compilation to be disabled in order to obtain accurate coverage information. To disable Burst Compilation uncheck Jobs > Burst > Enable Compilation or pass '--burst-disable-compilation' to the command line in batchmode.
]]></output>
            </test-case>
            <test-case id="1005" name="CaptureEditorWindowToPNG_SceneView_OutputsImage" fullname="GDX.Editor.AutomationTests.CaptureEditorWindowToPNG_SceneView_OutputsImage" methodname="CaptureEditorWindowToPNG_SceneView_OutputsImage" classname="GDX.Editor.AutomationTests" runstate="Runnable" seed="573031470" result="Passed" start-time="2023-06-08 20:27:09Z" end-time="2023-06-08 20:27:09Z" duration="0.093638" asserts="0">
              <properties>
                <property name="Category" value="GDX.Tests" />
              </properties>
              <output><![CDATA[[Code Coverage] Code Coverage results for visited sequence points were saved in D:/BuildAgent/work/GDX-Documentation/Staging/CodeCoverage/GDX_Development-opencov/EditMode/TestCoverageResults_0003.xml
[Code Coverage] Code Coverage requires Burst Compilation to be disabled in order to obtain accurate coverage information. To disable Burst Compilation uncheck Jobs > Burst > Enable Compilation or pass '--burst-disable-compilation' to the command line in batchmode.
]]></output>
            </test-case>
            <test-case id="1006" name="CaptureFocusedEditorWindow_ReturnsTexture" fullname="GDX.Editor.AutomationTests.CaptureFocusedEditorWindow_ReturnsTexture" methodname="CaptureFocusedEditorWindow_ReturnsTexture" classname="GDX.Editor.AutomationTests" runstate="Runnable" seed="756112140" result="Passed" start-time="2023-06-08 20:27:10Z" end-time="2023-06-08 20:27:10Z" duration="0.052916" asserts="0">
              <properties>
                <property name="Category" value="GDX.Tests" />
              </properties>
              <output><![CDATA[[Code Coverage] Code Coverage results for visited sequence points were saved in D:/BuildAgent/work/GDX-Documentation/Staging/CodeCoverage/GDX_Development-opencov/EditMode/TestCoverageResults_0004.xml
[Code Coverage] Code Coverage requires Burst Compilation to be disabled in order to obtain accurate coverage information. To disable Burst Compilation uncheck Jobs > Burst > Enable Compilation or pass '--burst-disable-compilation' to the command line in batchmode.
]]></output>
            </test-case>
            <test-case id="1007" name="CaptureFocusedEditorWindowToPNG_OutputsImage" fullname="GDX.Editor.AutomationTests.CaptureFocusedEditorWindowToPNG_OutputsImage" methodname="CaptureFocusedEditorWindowToPNG_OutputsImage" classname="GDX.Editor.AutomationTests" runstate="Runnable" seed="2007680121" result="Passed" start-time="2023-06-08 20:27:11Z" end-time="2023-06-08 20:27:11Z" duration="0.051079" asserts="0">
              <properties>
                <property name="Category" value="GDX.Tests" />
              </properties>
              <output><![CDATA[[Code Coverage] Code Coverage results for visited sequence points were saved in D:/BuildAgent/work/GDX-Documentation/Staging/CodeCoverage/GDX_Development-opencov/EditMode/TestCoverageResults_0005.xml
[Code Coverage] Code Coverage requires Burst Compilation to be disabled in order to obtain accurate coverage information. To disable Burst Compilation uncheck Jobs > Burst > Enable Compilation or pass '--burst-disable-compilation' to the command line in batchmode.
]]></output>
            </test-case>
            <test-case id="1008" name="GetWindow_SceneView_NotNull" fullname="GDX.Editor.AutomationTests.GetWindow_SceneView_NotNull" methodname="GetWindow_SceneView_NotNull" classname="GDX.Editor.AutomationTests" runstate="Runnable" seed="1410632586" result="Passed" start-time="2023-06-08 20:27:11Z" end-time="2023-06-08 20:27:11Z" duration="0.075410" asserts="0">
              <properties>
                <property name="Category" value="GDX.Tests" />
              </properties>
              <output><![CDATA[[Code Coverage] Code Coverage results for visited sequence points were saved in D:/BuildAgent/work/GDX-Documentation/Staging/CodeCoverage/GDX_Development-opencov/EditMode/TestCoverageResults_0006.xml
[Code Coverage] Code Coverage requires Burst Compilation to be disabled in order to obtain accurate coverage information. To disable Burst Compilation uncheck Jobs > Burst > Enable Compilation or pass '--burst-disable-compilation' to the command line in batchmode.
]]></output>
            </test-case>
          </test-suite>
          <test-suite type="TestSuite" id="1028" name="Build" fullname="GDX.Editor.Build" runstate="Runnable" testcasecount="1" result="Passed" start-time="2023-06-08 20:27:25Z" end-time="2023-06-08 20:27:25Z" duration="0.000659" total="1" passed="1" failed="0" inconclusive="0" skipped="0" asserts="0">
            <properties />
            <test-suite type="TestFixture" id="1022" name="BuildInfoProviderTests" fullname="GDX.Editor.Build.BuildInfoProviderTests" classname="GDX.Editor.Build.BuildInfoProviderTests" runstate="Runnable" testcasecount="1" result="Passed" start-time="2023-06-08 20:27:25Z" end-time="2023-06-08 20:27:25Z" duration="0.000356" total="1" passed="1" failed="0" inconclusive="0" skipped="0" asserts="0">
              <properties />
              <test-case id="1023" name="GetContent_ForceDefaults_ReturnsDefaultContent" fullname="GDX.Editor.Build.BuildInfoProviderTests.GetContent_ForceDefaults_ReturnsDefaultContent" methodname="GetContent_ForceDefaults_ReturnsDefaultContent" classname="GDX.Editor.Build.BuildInfoProviderTests" runstate="Runnable" seed="259353361" result="Passed" start-time="2023-06-08 20:27:12Z" end-time="2023-06-08 20:27:12Z" duration="0.001253" asserts="0">
                <properties>
                  <property name="Category" value="GDX.Tests" />
                </properties>
                <output><![CDATA[[Code Coverage] Code Coverage results for visited sequence points were saved in D:/BuildAgent/work/GDX-Documentation/Staging/CodeCoverage/GDX_Development-opencov/EditMode/TestCoverageResults_0007.xml
[Code Coverage] Code Coverage requires Burst Compilation to be disabled in order to obtain accurate coverage information. To disable Burst Compilation uncheck Jobs > Burst > Enable Compilation or pass '--burst-disable-compilation' to the command line in batchmode.
]]></output>
              </test-case>
            </test-suite>
          </test-suite>
          <test-suite type="TestFixture" id="1010" name="DomainReloadTests" fullname="GDX.Editor.DomainReloadTests" classname="GDX.Editor.DomainReloadTests" runstate="Runnable" testcasecount="2" result="Passed" start-time="2023-06-08 20:27:25Z" end-time="2023-06-08 20:27:27Z" duration="1.768749" total="2" passed="2" failed="0" inconclusive="0" skipped="0" asserts="0">
            <properties />
            <test-case id="1012" name="Recompile_JobsLeakDetection_NoUnexpectedMessages" fullname="GDX.Editor.DomainReloadTests.Recompile_JobsLeakDetection_NoUnexpectedMessages" methodname="Recompile_JobsLeakDetection_NoUnexpectedMessages" classname="GDX.Editor.DomainReloadTests" runstate="Runnable" seed="2047083216" result="Passed" start-time="2023-06-08 20:27:25Z" end-time="2023-06-08 20:27:25Z" duration="0.007006" asserts="0">
              <properties>
                <property name="_JOINTYPE" value="UnityCombinatorial" />
                <property name="Category" value="GDX.Tests" />
              </properties>
              <reason>
                <message><![CDATA[]]></message>
              </reason>
              <output><![CDATA[[Code Coverage] Code Coverage results for visited sequence points were saved in D:/BuildAgent/work/GDX-Documentation/Staging/CodeCoverage/GDX_Development-opencov/EditMode/TestCoverageResults_0010.xml
[Code Coverage] Code Coverage requires Burst Compilation to be disabled in order to obtain accurate coverage information. To disable Burst Compilation uncheck Jobs > Burst > Enable Compilation or pass '--burst-disable-compilation' to the command line in batchmode.
]]></output>
            </test-case>
            <test-case id="1011" name="Recompile_NoLeakDetection_NoUnexpectedMessages" fullname="GDX.Editor.DomainReloadTests.Recompile_NoLeakDetection_NoUnexpectedMessages" methodname="Recompile_NoLeakDetection_NoUnexpectedMessages" classname="GDX.Editor.DomainReloadTests" runstate="Runnable" seed="888011299" result="Passed" start-time="2023-06-08 20:27:13Z" end-time="2023-06-08 20:27:26Z" duration="13.390469" asserts="0">
              <properties>
                <property name="_JOINTYPE" value="UnityCombinatorial" />
                <property name="Category" value="GDX.Tests" />
              </properties>
              <output><![CDATA[[Code Coverage] Code Coverage results for visited sequence points were saved in D:/BuildAgent/work/GDX-Documentation/Staging/CodeCoverage/GDX_Development-opencov/EditMode/TestCoverageResults_0011.xml
[Code Coverage] Code Coverage requires Burst Compilation to be disabled in order to obtain accurate coverage information. To disable Burst Compilation uncheck Jobs > Burst > Enable Compilation or pass '--burst-disable-compilation' to the command line in batchmode.
]]></output>
            </test-case>
          </test-suite>
          <test-suite type="TestFixture" id="1013" name="EditorTaskDirectorTests" fullname="GDX.Editor.EditorTaskDirectorTests" classname="GDX.Editor.EditorTaskDirectorTests" runstate="Runnable" testcasecount="1" result="Passed" start-time="2023-06-08 20:27:27Z" end-time="2023-06-08 20:27:29Z" duration="2.735533" total="1" passed="1" failed="0" inconclusive="0" skipped="0" asserts="0">
            <properties />
            <test-case id="1014" name="SetTickRate_QueuesOnLessThanZero_BusyWhenSet" fullname="GDX.Editor.EditorTaskDirectorTests.SetTickRate_QueuesOnLessThanZero_BusyWhenSet" methodname="SetTickRate_QueuesOnLessThanZero_BusyWhenSet" classname="GDX.Editor.EditorTaskDirectorTests" runstate="Runnable" seed="1649763439" result="Passed" start-time="2023-06-08 20:27:27Z" end-time="2023-06-08 20:27:29Z" duration="2.136296" asserts="0">
              <properties>
                <property name="_JOINTYPE" value="UnityCombinatorial" />
                <property name="Category" value="GDX.Tests" />
              </properties>
              <output><![CDATA[[Code Coverage] Code Coverage results for visited sequence points were saved in D:/BuildAgent/work/GDX-Documentation/Staging/CodeCoverage/GDX_Development-opencov/EditMode/TestCoverageResults_0012.xml
[Code Coverage] Code Coverage requires Burst Compilation to be disabled in order to obtain accurate coverage information. To disable Burst Compilation uncheck Jobs > Burst > Enable Compilation or pass '--burst-disable-compilation' to the command line in batchmode.
]]></output>
            </test-case>
          </test-suite>
          <test-suite type="TestFixture" id="1015" name="PackageProviderTests" fullname="GDX.Editor.PackageProviderTests" classname="GDX.Editor.PackageProviderTests" runstate="Runnable" testcasecount="1" result="Passed" start-time="2023-06-08 20:27:29Z" end-time="2023-06-08 20:27:30Z" duration="0.596941" total="1" passed="1" failed="0" inconclusive="0" skipped="0" asserts="0">
            <properties />
            <test-case id="1016" name="Get_DefaultPackage_NotNull" fullname="GDX.Editor.PackageProviderTests.Get_DefaultPackage_NotNull" methodname="Get_DefaultPackage_NotNull" classname="GDX.Editor.PackageProviderTests" runstate="Runnable" seed="1442719200" result="Passed" start-time="2023-06-08 20:27:29Z" end-time="2023-06-08 20:27:29Z" duration="0.002475" asserts="0">
              <properties>
                <property name="Category" value="GDX.Tests" />
              </properties>
              <output><![CDATA[[Code Coverage] Code Coverage results for visited sequence points were saved in D:/BuildAgent/work/GDX-Documentation/Staging/CodeCoverage/GDX_Development-opencov/EditMode/TestCoverageResults_0013.xml
[Code Coverage] Code Coverage requires Burst Compilation to be disabled in order to obtain accurate coverage information. To disable Burst Compilation uncheck Jobs > Burst > Enable Compilation or pass '--burst-disable-compilation' to the command line in batchmode.
]]></output>
            </test-case>
          </test-suite>
          <test-suite type="TestSuite" id="1027" name="Windows" fullname="GDX.Editor.Windows" runstate="Runnable" testcasecount="4" result="Passed" start-time="2023-06-08 20:27:30Z" end-time="2023-06-08 20:27:33Z" duration="2.934267" total="4" passed="4" failed="0" inconclusive="0" skipped="0" asserts="0">
            <properties />
            <test-suite type="TestFixture" id="1017" name="TableWindowControllerTests" fullname="GDX.Editor.Windows.TableWindowControllerTests" classname="GDX.Editor.Windows.TableWindowControllerTests" runstate="Runnable" testcasecount="4" result="Passed" start-time="2023-06-08 20:27:30Z" end-time="2023-06-08 20:27:33Z" duration="2.930800" total="4" passed="4" failed="0" inconclusive="0" skipped="0" asserts="0">
              <properties />
              <test-case id="1018" name="AddColumn_OneString_Valid" fullname="GDX.Editor.Windows.TableWindowControllerTests.AddColumn_OneString_Valid" methodname="AddColumn_OneString_Valid" classname="GDX.Editor.Windows.TableWindowControllerTests" runstate="Runnable" seed="915585693" result="Passed" start-time="2023-06-08 20:27:30Z" end-time="2023-06-08 20:27:30Z" duration="0.311727" asserts="0">
                <properties>
                  <property name="Category" value="GDX.Tests" />
                </properties>
                <output><![CDATA[[Code Coverage] Code Coverage results for visited sequence points were saved in D:/BuildAgent/work/GDX-Documentation/Staging/CodeCoverage/GDX_Development-opencov/EditMode/TestCoverageResults_0014.xml
[Code Coverage] Code Coverage requires Burst Compilation to be disabled in order to obtain accurate coverage information. To disable Burst Compilation uncheck Jobs > Burst > Enable Compilation or pass '--burst-disable-compilation' to the command line in batchmode.
]]></output>
              </test-case>
              <test-case id="1019" name="AddColumn_TenMixed_Valid" fullname="GDX.Editor.Windows.TableWindowControllerTests.AddColumn_TenMixed_Valid" methodname="AddColumn_TenMixed_Valid" classname="GDX.Editor.Windows.TableWindowControllerTests" runstate="Runnable" seed="1661494818" result="Passed" start-time="2023-06-08 20:27:31Z" end-time="2023-06-08 20:27:31Z" duration="0.065041" asserts="0">
                <properties>
                  <property name="Category" value="GDX.Tests" />
                </properties>
                <output><![CDATA[[Code Coverage] Code Coverage results for visited sequence points were saved in D:/BuildAgent/work/GDX-Documentation/Staging/CodeCoverage/GDX_Development-opencov/EditMode/TestCoverageResults_0015.xml
[Code Coverage] Code Coverage requires Burst Compilation to be disabled in order to obtain accurate coverage information. To disable Burst Compilation uncheck Jobs > Burst > Enable Compilation or pass '--burst-disable-compilation' to the command line in batchmode.
]]></output>
              </test-case>
              <test-case id="1021" name="AddRemove_RemoveColumn_Count" fullname="GDX.Editor.Windows.TableWindowControllerTests.AddRemove_RemoveColumn_Count" methodname="AddRemove_RemoveColumn_Count" classname="GDX.Editor.Windows.TableWindowControllerTests" runstate="Runnable" seed="1572114609" result="Passed" start-time="2023-06-08 20:27:31Z" end-time="2023-06-08 20:27:32Z" duration="0.070726" asserts="0">
                <properties>
                  <property name="Category" value="GDX.Tests" />
                </properties>
                <output><![CDATA[[Code Coverage] Code Coverage results for visited sequence points were saved in D:/BuildAgent/work/GDX-Documentation/Staging/CodeCoverage/GDX_Development-opencov/EditMode/TestCoverageResults_0016.xml
[Code Coverage] Code Coverage requires Burst Compilation to be disabled in order to obtain accurate coverage information. To disable Burst Compilation uncheck Jobs > Burst > Enable Compilation or pass '--burst-disable-compilation' to the command line in batchmode.
]]></output>
              </test-case>
              <test-case id="1020" name="AddRow_One_Valid" fullname="GDX.Editor.Windows.TableWindowControllerTests.AddRow_One_Valid" methodname="AddRow_One_Valid" classname="GDX.Editor.Windows.TableWindowControllerTests" runstate="Runnable" seed="11190631" result="Passed" start-time="2023-06-08 20:27:32Z" end-time="2023-06-08 20:27:32Z" duration="0.038524" asserts="0">
                <properties>
                  <property name="Category" value="GDX.Tests" />
                </properties>
                <output><![CDATA[[Code Coverage] Code Coverage results for visited sequence points were saved in D:/BuildAgent/work/GDX-Documentation/Staging/CodeCoverage/GDX_Development-opencov/EditMode/TestCoverageResults_0017.xml
[Code Coverage] Code Coverage requires Burst Compilation to be disabled in order to obtain accurate coverage information. To disable Burst Compilation uncheck Jobs > Burst > Enable Compilation or pass '--burst-disable-compilation' to the command line in batchmode.
]]></output>
              </test-case>
            </test-suite>
          </test-suite>
        </test-suite>
      </test-suite>
    </test-suite>
    <test-suite type="Assembly" id="1758" name="GDX.Tests.EditMode.dll" fullname="D:/BuildAgent/work/GDX-Documentation/Projects/GDX_Development/Library/ScriptAssemblies/GDX.Tests.EditMode.dll" runstate="Runnable" testcasecount="674" result="Skipped" label="Ignored" start-time="2023-06-08 20:27:33Z" end-time="2023-06-08 20:35:26Z" duration="472.907589" total="670" passed="668" failed="0" inconclusive="0" skipped="2" asserts="0">
      <properties>
        <property name="_PID" value="33112" />
        <property name="_APPDOMAIN" value="Unity Child Domain" />
        <property name="platform" value="EditMode" />
      </properties>
      <reason>
        <message><![CDATA[One or more child tests were ignored]]></message>
      </reason>
      <test-suite type="TestSuite" id="1759" name="GDX" fullname="GDX" runstate="Runnable" testcasecount="674" result="Skipped" label="Ignored" start-time="2023-06-08 20:27:33Z" end-time="2023-06-08 20:35:26Z" duration="472.899966" total="670" passed="668" failed="0" inconclusive="0" skipped="2" asserts="0">
        <properties />
        <reason>
          <message><![CDATA[One or more child tests were ignored]]></message>
        </reason>
        <test-suite type="TestFixture" id="1029" name="Array2DExtensionsTests" fullname="GDX.Array2DExtensionsTests" classname="GDX.Array2DExtensionsTests" runstate="Runnable" testcasecount="1" result="Passed" start-time="2023-06-08 20:27:33Z" end-time="2023-06-08 20:27:33Z" duration="0.602366" total="1" passed="1" failed="0" inconclusive="0" skipped="0" asserts="0">
          <properties />
          <test-case id="1030" name="Scale_MockFloatData_ScaledData" fullname="GDX.Array2DExtensionsTests.Scale_MockFloatData_ScaledData" methodname="Scale_MockFloatData_ScaledData" classname="GDX.Array2DExtensionsTests" runstate="Runnable" seed="1722517557" result="Passed" start-time="2023-06-08 20:27:33Z" end-time="2023-06-08 20:27:33Z" duration="0.000744" asserts="0">
            <properties>
              <property name="Category" value="GDX.Tests" />
            </properties>
            <output><![CDATA[[Code Coverage] Code Coverage results for visited sequence points were saved in D:/BuildAgent/work/GDX-Documentation/Staging/CodeCoverage/GDX_Development-opencov/EditMode/TestCoverageResults_0018.xml
[Code Coverage] Code Coverage requires Burst Compilation to be disabled in order to obtain accurate coverage information. To disable Burst Compilation uncheck Jobs > Burst > Enable Compilation or pass '--burst-disable-compilation' to the command line in batchmode.
]]></output>
          </test-case>
        </test-suite>
        <test-suite type="TestFixture" id="1031" name="ArrayExtensionsTests" fullname="GDX.ArrayExtensionsTests" classname="GDX.ArrayExtensionsTests" runstate="Runnable" testcasecount="15" result="Passed" start-time="2023-06-08 20:27:33Z" end-time="2023-06-08 20:27:43Z" duration="9.344001" total="15" passed="15" failed="0" inconclusive="0" skipped="0" asserts="0">
          <properties />
          <test-case id="1032" name="Clear_MockData_HasDefaultValues" fullname="GDX.ArrayExtensionsTests.Clear_MockData_HasDefaultValues" methodname="Clear_MockData_HasDefaultValues" classname="GDX.ArrayExtensionsTests" runstate="Runnable" seed="423938456" result="Passed" start-time="2023-06-08 20:27:33Z" end-time="2023-06-08 20:27:33Z" duration="0.000455" asserts="0">
            <properties>
              <property name="Category" value="GDX.Tests" />
            </properties>
            <output><![CDATA[[Code Coverage] Code Coverage results for visited sequence points were saved in D:/BuildAgent/work/GDX-Documentation/Staging/CodeCoverage/GDX_Development-opencov/EditMode/TestCoverageResults_0019.xml
[Code Coverage] Code Coverage requires Burst Compilation to be disabled in order to obtain accurate coverage information. To disable Burst Compilation uncheck Jobs > Burst > Enable Compilation or pass '--burst-disable-compilation' to the command line in batchmode.
]]></output>
          </test-case>
          <test-case id="1033" name="ContainsItem_MockData_HasValue" fullname="GDX.ArrayExtensionsTests.ContainsItem_MockData_HasValue" methodname="ContainsItem_MockData_HasValue" classname="GDX.ArrayExtensionsTests" runstate="Runnable" seed="1431337332" result="Passed" start-time="2023-06-08 20:27:34Z" end-time="2023-06-08 20:27:34Z" duration="0.000412" asserts="0">
            <properties>
              <property name="Category" value="GDX.Tests" />
            </properties>
            <output><![CDATA[[Code Coverage] Code Coverage results for visited sequence points were saved in D:/BuildAgent/work/GDX-Documentation/Staging/CodeCoverage/GDX_Development-opencov/EditMode/TestCoverageResults_0020.xml
[Code Coverage] Code Coverage requires Burst Compilation to be disabled in order to obtain accurate coverage information. To disable Burst Compilation uncheck Jobs > Burst > Enable Compilation or pass '--burst-disable-compilation' to the command line in batchmode.
]]></output>
          </test-case>
          <test-case id="1034" name="ContainsItem_MockData_NoValue" fullname="GDX.ArrayExtensionsTests.ContainsItem_MockData_NoValue" methodname="ContainsItem_MockData_NoValue" classname="GDX.ArrayExtensionsTests" runstate="Runnable" seed="381435389" result="Passed" start-time="2023-06-08 20:27:35Z" end-time="2023-06-08 20:27:35Z" duration="0.000519" asserts="0">
            <properties>
              <property name="Category" value="GDX.Tests" />
            </properties>
            <output><![CDATA[[Code Coverage] Code Coverage results for visited sequence points were saved in D:/BuildAgent/work/GDX-Documentation/Staging/CodeCoverage/GDX_Development-opencov/EditMode/TestCoverageResults_0021.xml
[Code Coverage] Code Coverage requires Burst Compilation to be disabled in order to obtain accurate coverage information. To disable Burst Compilation uncheck Jobs > Burst > Enable Compilation or pass '--burst-disable-compilation' to the command line in batchmode.
]]></output>
          </test-case>
          <test-case id="1035" name="ContainsReference_MockData_HasReference" fullname="GDX.ArrayExtensionsTests.ContainsReference_MockData_HasReference" methodname="ContainsReference_MockData_HasReference" classname="GDX.ArrayExtensionsTests" runstate="Runnable" seed="54753537" result="Passed" start-time="2023-06-08 20:27:35Z" end-time="2023-06-08 20:27:35Z" duration="0.000410" asserts="0">
            <properties>
              <property name="Category" value="GDX.Tests" />
            </properties>
            <output><![CDATA[[Code Coverage] Code Coverage results for visited sequence points were saved in D:/BuildAgent/work/GDX-Documentation/Staging/CodeCoverage/GDX_Development-opencov/EditMode/TestCoverageResults_0022.xml
[Code Coverage] Code Coverage requires Burst Compilation to be disabled in order to obtain accurate coverage information. To disable Burst Compilation uncheck Jobs > Burst > Enable Compilation or pass '--burst-disable-compilation' to the command line in batchmode.
]]></output>
          </test-case>
          <test-case id="1036" name="ContainsReference_MockData_NoReference" fullname="GDX.ArrayExtensionsTests.ContainsReference_MockData_NoReference" methodname="ContainsReference_MockData_NoReference" classname="GDX.ArrayExtensionsTests" runstate="Runnable" seed="1649810147" result="Passed" start-time="2023-06-08 20:27:36Z" end-time="2023-06-08 20:27:36Z" duration="0.000306" asserts="0">
            <properties>
              <property name="Category" value="GDX.Tests" />
            </properties>
            <output><![CDATA[[Code Coverage] Code Coverage results for visited sequence points were saved in D:/BuildAgent/work/GDX-Documentation/Staging/CodeCoverage/GDX_Development-opencov/EditMode/TestCoverageResults_0023.xml
[Code Coverage] Code Coverage requires Burst Compilation to be disabled in order to obtain accurate coverage information. To disable Burst Compilation uncheck Jobs > Burst > Enable Compilation or pass '--burst-disable-compilation' to the command line in batchmode.
]]></output>
          </test-case>
          <test-case id="1037" name="ContainsValue_MockData_HasValue" fullname="GDX.ArrayExtensionsTests.ContainsValue_MockData_HasValue" methodname="ContainsValue_MockData_HasValue" classname="GDX.ArrayExtensionsTests" runstate="Runnable" seed="1340061954" result="Passed" start-time="2023-06-08 20:27:37Z" end-time="2023-06-08 20:27:37Z" duration="0.000385" asserts="0">
            <properties>
              <property name="Category" value="GDX.Tests" />
            </properties>
            <output><![CDATA[[Code Coverage] Code Coverage results for visited sequence points were saved in D:/BuildAgent/work/GDX-Documentation/Staging/CodeCoverage/GDX_Development-opencov/EditMode/TestCoverageResults_0024.xml
[Code Coverage] Code Coverage requires Burst Compilation to be disabled in order to obtain accurate coverage information. To disable Burst Compilation uncheck Jobs > Burst > Enable Compilation or pass '--burst-disable-compilation' to the command line in batchmode.
]]></output>
          </test-case>
          <test-case id="1038" name="ContainsValue_MockData_NoValue" fullname="GDX.ArrayExtensionsTests.ContainsValue_MockData_NoValue" methodname="ContainsValue_MockData_NoValue" classname="GDX.ArrayExtensionsTests" runstate="Runnable" seed="125569598" result="Passed" start-time="2023-06-08 20:27:37Z" end-time="2023-06-08 20:27:37Z" duration="0.000297" asserts="0">
            <properties>
              <property name="Category" value="GDX.Tests" />
            </properties>
            <output><![CDATA[[Code Coverage] Code Coverage results for visited sequence points were saved in D:/BuildAgent/work/GDX-Documentation/Staging/CodeCoverage/GDX_Development-opencov/EditMode/TestCoverageResults_0025.xml
[Code Coverage] Code Coverage requires Burst Compilation to be disabled in order to obtain accurate coverage information. To disable Burst Compilation uncheck Jobs > Burst > Enable Compilation or pass '--burst-disable-compilation' to the command line in batchmode.
]]></output>
          </test-case>
          <test-case id="1039" name="FirstIndexOfItem_MockDataObject_ReturnsIndex" fullname="GDX.ArrayExtensionsTests.FirstIndexOfItem_MockDataObject_ReturnsIndex" methodname="FirstIndexOfItem_MockDataObject_ReturnsIndex" classname="GDX.ArrayExtensionsTests" runstate="Runnable" seed="2040277012" result="Passed" start-time="2023-06-08 20:27:38Z" end-time="2023-06-08 20:27:38Z" duration="0.000516" asserts="0">
            <properties>
              <property name="Category" value="GDX.Tests" />
            </properties>
            <output><![CDATA[[Code Coverage] Code Coverage results for visited sequence points were saved in D:/BuildAgent/work/GDX-Documentation/Staging/CodeCoverage/GDX_Development-opencov/EditMode/TestCoverageResults_0026.xml
[Code Coverage] Code Coverage requires Burst Compilation to be disabled in order to obtain accurate coverage information. To disable Burst Compilation uncheck Jobs > Burst > Enable Compilation or pass '--burst-disable-compilation' to the command line in batchmode.
]]></output>
          </test-case>
          <test-case id="1040" name="FirstIndexOfItem_NoMockDataObject_ReturnsIndex" fullname="GDX.ArrayExtensionsTests.FirstIndexOfItem_NoMockDataObject_ReturnsIndex" methodname="FirstIndexOfItem_NoMockDataObject_ReturnsIndex" classname="GDX.ArrayExtensionsTests" runstate="Runnable" seed="682134995" result="Passed" start-time="2023-06-08 20:27:38Z" end-time="2023-06-08 20:27:38Z" duration="0.000335" asserts="0">
            <properties>
              <property name="Category" value="GDX.Tests" />
            </properties>
            <output><![CDATA[[Code Coverage] Code Coverage results for visited sequence points were saved in D:/BuildAgent/work/GDX-Documentation/Staging/CodeCoverage/GDX_Development-opencov/EditMode/TestCoverageResults_0027.xml
[Code Coverage] Code Coverage requires Burst Compilation to be disabled in order to obtain accurate coverage information. To disable Burst Compilation uncheck Jobs > Burst > Enable Compilation or pass '--burst-disable-compilation' to the command line in batchmode.
]]></output>
          </test-case>
          <test-case id="1041" name="FirstIndexOfValue_MockDataValue_ReturnsIndex" fullname="GDX.ArrayExtensionsTests.FirstIndexOfValue_MockDataValue_ReturnsIndex" methodname="FirstIndexOfValue_MockDataValue_ReturnsIndex" classname="GDX.ArrayExtensionsTests" runstate="Runnable" seed="1409671681" result="Passed" start-time="2023-06-08 20:27:39Z" end-time="2023-06-08 20:27:39Z" duration="0.000410" asserts="0">
            <properties>
              <property name="Category" value="GDX.Tests" />
            </properties>
            <output><![CDATA[[Code Coverage] Code Coverage results for visited sequence points were saved in D:/BuildAgent/work/GDX-Documentation/Staging/CodeCoverage/GDX_Development-opencov/EditMode/TestCoverageResults_0028.xml
[Code Coverage] Code Coverage requires Burst Compilation to be disabled in order to obtain accurate coverage information. To disable Burst Compilation uncheck Jobs > Burst > Enable Compilation or pass '--burst-disable-compilation' to the command line in batchmode.
]]></output>
          </test-case>
          <test-case id="1042" name="FirstIndexOfValue_NoMockDataValue_ReturnsNegativeOne" fullname="GDX.ArrayExtensionsTests.FirstIndexOfValue_NoMockDataValue_ReturnsNegativeOne" methodname="FirstIndexOfValue_NoMockDataValue_ReturnsNegativeOne" classname="GDX.ArrayExtensionsTests" runstate="Runnable" seed="932966972" result="Passed" start-time="2023-06-08 20:27:40Z" end-time="2023-06-08 20:27:40Z" duration="0.000294" asserts="0">
            <properties>
              <property name="Category" value="GDX.Tests" />
            </properties>
            <output><![CDATA[[Code Coverage] Code Coverage results for visited sequence points were saved in D:/BuildAgent/work/GDX-Documentation/Staging/CodeCoverage/GDX_Development-opencov/EditMode/TestCoverageResults_0029.xml
[Code Coverage] Code Coverage requires Burst Compilation to be disabled in order to obtain accurate coverage information. To disable Burst Compilation uncheck Jobs > Burst > Enable Compilation or pass '--burst-disable-compilation' to the command line in batchmode.
]]></output>
          </test-case>
          <test-case id="1043" name="LastIndexOfItem_MockDataObject_ReturnsIndex" fullname="GDX.ArrayExtensionsTests.LastIndexOfItem_MockDataObject_ReturnsIndex" methodname="LastIndexOfItem_MockDataObject_ReturnsIndex" classname="GDX.ArrayExtensionsTests" runstate="Runnable" seed="1312508388" result="Passed" start-time="2023-06-08 20:27:40Z" end-time="2023-06-08 20:27:40Z" duration="0.000415" asserts="0">
            <properties>
              <property name="Category" value="GDX.Tests" />
            </properties>
            <output><![CDATA[[Code Coverage] Code Coverage results for visited sequence points were saved in D:/BuildAgent/work/GDX-Documentation/Staging/CodeCoverage/GDX_Development-opencov/EditMode/TestCoverageResults_0030.xml
[Code Coverage] Code Coverage requires Burst Compilation to be disabled in order to obtain accurate coverage information. To disable Burst Compilation uncheck Jobs > Burst > Enable Compilation or pass '--burst-disable-compilation' to the command line in batchmode.
]]></output>
          </test-case>
          <test-case id="1044" name="LastIndexOfItem_NoMockDataObject_ReturnsNegativeOne" fullname="GDX.ArrayExtensionsTests.LastIndexOfItem_NoMockDataObject_ReturnsNegativeOne" methodname="LastIndexOfItem_NoMockDataObject_ReturnsNegativeOne" classname="GDX.ArrayExtensionsTests" runstate="Runnable" seed="617179912" result="Passed" start-time="2023-06-08 20:27:41Z" end-time="2023-06-08 20:27:41Z" duration="0.000340" asserts="0">
            <properties>
              <property name="Category" value="GDX.Tests" />
            </properties>
            <output><![CDATA[[Code Coverage] Code Coverage results for visited sequence points were saved in D:/BuildAgent/work/GDX-Documentation/Staging/CodeCoverage/GDX_Development-opencov/EditMode/TestCoverageResults_0031.xml
[Code Coverage] Code Coverage requires Burst Compilation to be disabled in order to obtain accurate coverage information. To disable Burst Compilation uncheck Jobs > Burst > Enable Compilation or pass '--burst-disable-compilation' to the command line in batchmode.
]]></output>
          </test-case>
          <test-case id="1045" name="LastIndexOfValue_MockDataValue_ReturnsIndex" fullname="GDX.ArrayExtensionsTests.LastIndexOfValue_MockDataValue_ReturnsIndex" methodname="LastIndexOfValue_MockDataValue_ReturnsIndex" classname="GDX.ArrayExtensionsTests" runstate="Runnable" seed="942582349" result="Passed" start-time="2023-06-08 20:27:41Z" end-time="2023-06-08 20:27:41Z" duration="0.000462" asserts="0">
            <properties>
              <property name="Category" value="GDX.Tests" />
            </properties>
            <output><![CDATA[[Code Coverage] Code Coverage results for visited sequence points were saved in D:/BuildAgent/work/GDX-Documentation/Staging/CodeCoverage/GDX_Development-opencov/EditMode/TestCoverageResults_0032.xml
[Code Coverage] Code Coverage requires Burst Compilation to be disabled in order to obtain accurate coverage information. To disable Burst Compilation uncheck Jobs > Burst > Enable Compilation or pass '--burst-disable-compilation' to the command line in batchmode.
]]></output>
          </test-case>
          <test-case id="1046" name="LastIndexOfValue_NoMockDataValue_ReturnsNegativeOne" fullname="GDX.ArrayExtensionsTests.LastIndexOfValue_NoMockDataValue_ReturnsNegativeOne" methodname="LastIndexOfValue_NoMockDataValue_ReturnsNegativeOne" classname="GDX.ArrayExtensionsTests" runstate="Runnable" seed="1385192206" result="Passed" start-time="2023-06-08 20:27:42Z" end-time="2023-06-08 20:27:42Z" duration="0.000302" asserts="0">
            <properties>
              <property name="Category" value="GDX.Tests" />
            </properties>
            <output><![CDATA[[Code Coverage] Code Coverage results for visited sequence points were saved in D:/BuildAgent/work/GDX-Documentation/Staging/CodeCoverage/GDX_Development-opencov/EditMode/TestCoverageResults_0033.xml
[Code Coverage] Code Coverage requires Burst Compilation to be disabled in order to obtain accurate coverage information. To disable Burst Compilation uncheck Jobs > Burst > Enable Compilation or pass '--burst-disable-compilation' to the command line in batchmode.
]]></output>
          </test-case>
        </test-suite>
        <test-suite type="TestFixture" id="1047" name="ByteExtensionsTests" fullname="GDX.ByteExtensionsTests" classname="GDX.ByteExtensionsTests" runstate="Runnable" testcasecount="6" result="Passed" start-time="2023-06-08 20:27:43Z" end-time="2023-06-08 20:27:46Z" duration="3.556236" total="6" passed="6" failed="0" inconclusive="0" skipped="0" asserts="0">
          <properties />
          <test-case id="1048" name="GetStableHashCode_MockData_ReturnsValidCode" fullname="GDX.ByteExtensionsTests.GetStableHashCode_MockData_ReturnsValidCode" methodname="GetStableHashCode_MockData_ReturnsValidCode" classname="GDX.ByteExtensionsTests" runstate="Runnable" seed="1637303628" result="Passed" start-time="2023-06-08 20:27:43Z" end-time="2023-06-08 20:27:43Z" duration="0.000422" asserts="0">
            <properties>
              <property name="Category" value="GDX.Tests" />
            </properties>
            <output><![CDATA[[Code Coverage] Code Coverage results for visited sequence points were saved in D:/BuildAgent/work/GDX-Documentation/Staging/CodeCoverage/GDX_Development-opencov/EditMode/TestCoverageResults_0034.xml
[Code Coverage] Code Coverage requires Burst Compilation to be disabled in order to obtain accurate coverage information. To disable Burst Compilation uncheck Jobs > Burst > Enable Compilation or pass '--burst-disable-compilation' to the command line in batchmode.
]]></output>
          </test-case>
          <test-case id="1050" name="IsSame_DifferentData_ReturnsFalse" fullname="GDX.ByteExtensionsTests.IsSame_DifferentData_ReturnsFalse" methodname="IsSame_DifferentData_ReturnsFalse" classname="GDX.ByteExtensionsTests" runstate="Runnable" seed="1674314082" result="Passed" start-time="2023-06-08 20:27:43Z" end-time="2023-06-08 20:27:43Z" duration="0.000485" asserts="0">
            <properties>
              <property name="Category" value="GDX.Tests" />
            </properties>
            <output><![CDATA[[Code Coverage] Code Coverage results for visited sequence points were saved in D:/BuildAgent/work/GDX-Documentation/Staging/CodeCoverage/GDX_Development-opencov/EditMode/TestCoverageResults_0035.xml
[Code Coverage] Code Coverage requires Burst Compilation to be disabled in order to obtain accurate coverage information. To disable Burst Compilation uncheck Jobs > Burst > Enable Compilation or pass '--burst-disable-compilation' to the command line in batchmode.
]]></output>
          </test-case>
          <test-case id="1053" name="IsSame_DifferentLengths_ReturnsFalse" fullname="GDX.ByteExtensionsTests.IsSame_DifferentLengths_ReturnsFalse" methodname="IsSame_DifferentLengths_ReturnsFalse" classname="GDX.ByteExtensionsTests" runstate="Runnable" seed="1739603981" result="Passed" start-time="2023-06-08 20:27:44Z" end-time="2023-06-08 20:27:44Z" duration="0.000289" asserts="0">
            <properties>
              <property name="Category" value="GDX.Tests" />
            </properties>
            <output><![CDATA[[Code Coverage] Code Coverage results for visited sequence points were saved in D:/BuildAgent/work/GDX-Documentation/Staging/CodeCoverage/GDX_Development-opencov/EditMode/TestCoverageResults_0036.xml
[Code Coverage] Code Coverage requires Burst Compilation to be disabled in order to obtain accurate coverage information. To disable Burst Compilation uncheck Jobs > Burst > Enable Compilation or pass '--burst-disable-compilation' to the command line in batchmode.
]]></output>
          </test-case>
          <test-case id="1051" name="IsSame_NullLeftHandSide_ReturnsFalse" fullname="GDX.ByteExtensionsTests.IsSame_NullLeftHandSide_ReturnsFalse" methodname="IsSame_NullLeftHandSide_ReturnsFalse" classname="GDX.ByteExtensionsTests" runstate="Runnable" seed="128502274" result="Passed" start-time="2023-06-08 20:27:45Z" end-time="2023-06-08 20:27:45Z" duration="0.000316" asserts="0">
            <properties>
              <property name="Category" value="GDX.Tests" />
            </properties>
            <output><![CDATA[[Code Coverage] Code Coverage results for visited sequence points were saved in D:/BuildAgent/work/GDX-Documentation/Staging/CodeCoverage/GDX_Development-opencov/EditMode/TestCoverageResults_0037.xml
[Code Coverage] Code Coverage requires Burst Compilation to be disabled in order to obtain accurate coverage information. To disable Burst Compilation uncheck Jobs > Burst > Enable Compilation or pass '--burst-disable-compilation' to the command line in batchmode.
]]></output>
          </test-case>
          <test-case id="1052" name="IsSame_NullRightHandSide_ReturnsFalse" fullname="GDX.ByteExtensionsTests.IsSame_NullRightHandSide_ReturnsFalse" methodname="IsSame_NullRightHandSide_ReturnsFalse" classname="GDX.ByteExtensionsTests" runstate="Runnable" seed="86497859" result="Passed" start-time="2023-06-08 20:27:45Z" end-time="2023-06-08 20:27:45Z" duration="0.000277" asserts="0">
            <properties>
              <property name="Category" value="GDX.Tests" />
            </properties>
            <output><![CDATA[[Code Coverage] Code Coverage results for visited sequence points were saved in D:/BuildAgent/work/GDX-Documentation/Staging/CodeCoverage/GDX_Development-opencov/EditMode/TestCoverageResults_0038.xml
[Code Coverage] Code Coverage requires Burst Compilation to be disabled in order to obtain accurate coverage information. To disable Burst Compilation uncheck Jobs > Burst > Enable Compilation or pass '--burst-disable-compilation' to the command line in batchmode.
]]></output>
          </test-case>
          <test-case id="1049" name="IsSame_SameData_ReturnsTrue" fullname="GDX.ByteExtensionsTests.IsSame_SameData_ReturnsTrue" methodname="IsSame_SameData_ReturnsTrue" classname="GDX.ByteExtensionsTests" runstate="Runnable" seed="1006113057" result="Passed" start-time="2023-06-08 20:27:46Z" end-time="2023-06-08 20:27:46Z" duration="0.000300" asserts="0">
            <properties>
              <property name="Category" value="GDX.Tests" />
            </properties>
            <output><![CDATA[[Code Coverage] Code Coverage results for visited sequence points were saved in D:/BuildAgent/work/GDX-Documentation/Staging/CodeCoverage/GDX_Development-opencov/EditMode/TestCoverageResults_0039.xml
[Code Coverage] Code Coverage requires Burst Compilation to be disabled in order to obtain accurate coverage information. To disable Burst Compilation uncheck Jobs > Burst > Enable Compilation or pass '--burst-disable-compilation' to the command line in batchmode.
]]></output>
          </test-case>
        </test-suite>
        <test-suite type="TestSuite" id="1772" name="Collections" fullname="GDX.Collections" runstate="Runnable" testcasecount="346" result="Passed" start-time="2023-06-08 20:27:46Z" end-time="2023-06-08 20:31:19Z" duration="212.402570" total="346" passed="346" failed="0" inconclusive="0" skipped="0" asserts="0">
          <properties />
          <test-suite type="TestSuite" id="1774" name="Generic" fullname="GDX.Collections.Generic" runstate="Runnable" testcasecount="332" result="Passed" start-time="2023-06-08 20:27:46Z" end-time="2023-06-08 20:31:10Z" duration="203.866207" total="332" passed="332" failed="0" inconclusive="0" skipped="0" asserts="0">
            <properties />
            <test-suite type="TestFixture" id="1418" name="Array2DTests" fullname="GDX.Collections.Generic.Array2DTests" classname="GDX.Collections.Generic.Array2DTests" runstate="Runnable" testcasecount="11" result="Passed" start-time="2023-06-08 20:27:46Z" end-time="2023-06-08 20:27:53Z" duration="6.896691" total="11" passed="11" failed="0" inconclusive="0" skipped="0" asserts="0">
              <properties />
              <test-case id="1419" name="AddColumns_MockData_ArrayResized" fullname="GDX.Collections.Generic.Array2DTests.AddColumns_MockData_ArrayResized" methodname="AddColumns_MockData_ArrayResized" classname="GDX.Collections.Generic.Array2DTests" runstate="Runnable" seed="477348937" result="Passed" start-time="2023-06-08 20:27:46Z" end-time="2023-06-08 20:27:46Z" duration="0.004093" asserts="0">
                <properties>
                  <property name="Category" value="GDX.Tests" />
                </properties>
                <output><![CDATA[[Code Coverage] Code Coverage results for visited sequence points were saved in D:/BuildAgent/work/GDX-Documentation/Staging/CodeCoverage/GDX_Development-opencov/EditMode/TestCoverageResults_0040.xml
[Code Coverage] Code Coverage requires Burst Compilation to be disabled in order to obtain accurate coverage information. To disable Burst Compilation uncheck Jobs > Burst > Enable Compilation or pass '--burst-disable-compilation' to the command line in batchmode.
]]></output>
              </test-case>
              <test-case id="1420" name="AddRows_MockData_ArrayResized" fullname="GDX.Collections.Generic.Array2DTests.AddRows_MockData_ArrayResized" methodname="AddRows_MockData_ArrayResized" classname="GDX.Collections.Generic.Array2DTests" runstate="Runnable" seed="659170902" result="Passed" start-time="2023-06-08 20:27:47Z" end-time="2023-06-08 20:27:47Z" duration="0.000440" asserts="0">
                <properties>
                  <property name="Category" value="GDX.Tests" />
                </properties>
                <output><![CDATA[[Code Coverage] Code Coverage results for visited sequence points were saved in D:/BuildAgent/work/GDX-Documentation/Staging/CodeCoverage/GDX_Development-opencov/EditMode/TestCoverageResults_0041.xml
[Code Coverage] Code Coverage requires Burst Compilation to be disabled in order to obtain accurate coverage information. To disable Burst Compilation uncheck Jobs > Burst > Enable Compilation or pass '--burst-disable-compilation' to the command line in batchmode.
]]></output>
              </test-case>
              <test-case id="1421" name="GetColumnIndex_MockData_ReturnsIndex" fullname="GDX.Collections.Generic.Array2DTests.GetColumnIndex_MockData_ReturnsIndex" methodname="GetColumnIndex_MockData_ReturnsIndex" classname="GDX.Collections.Generic.Array2DTests" runstate="Runnable" seed="1959264263" result="Passed" start-time="2023-06-08 20:27:48Z" end-time="2023-06-08 20:27:48Z" duration="0.000484" asserts="0">
                <properties>
                  <property name="Category" value="GDX.Tests" />
                </properties>
                <output><![CDATA[[Code Coverage] Code Coverage results for visited sequence points were saved in D:/BuildAgent/work/GDX-Documentation/Staging/CodeCoverage/GDX_Development-opencov/EditMode/TestCoverageResults_0042.xml
[Code Coverage] Code Coverage requires Burst Compilation to be disabled in order to obtain accurate coverage information. To disable Burst Compilation uncheck Jobs > Burst > Enable Compilation or pass '--burst-disable-compilation' to the command line in batchmode.
]]></output>
              </test-case>
              <test-case id="1422" name="GetRowIndex_MockData_ReturnsIndex" fullname="GDX.Collections.Generic.Array2DTests.GetRowIndex_MockData_ReturnsIndex" methodname="GetRowIndex_MockData_ReturnsIndex" classname="GDX.Collections.Generic.Array2DTests" runstate="Runnable" seed="949348455" result="Passed" start-time="2023-06-08 20:27:48Z" end-time="2023-06-08 20:27:48Z" duration="0.000430" asserts="0">
                <properties>
                  <property name="Category" value="GDX.Tests" />
                </properties>
                <output><![CDATA[[Code Coverage] Code Coverage results for visited sequence points were saved in D:/BuildAgent/work/GDX-Documentation/Staging/CodeCoverage/GDX_Development-opencov/EditMode/TestCoverageResults_0043.xml
[Code Coverage] Code Coverage requires Burst Compilation to be disabled in order to obtain accurate coverage information. To disable Burst Compilation uncheck Jobs > Burst > Enable Compilation or pass '--burst-disable-compilation' to the command line in batchmode.
]]></output>
              </test-case>
              <test-case id="1423" name="ReverseColumns_MockDataEven_ValuesReversed" fullname="GDX.Collections.Generic.Array2DTests.ReverseColumns_MockDataEven_ValuesReversed" methodname="ReverseColumns_MockDataEven_ValuesReversed" classname="GDX.Collections.Generic.Array2DTests" runstate="Runnable" seed="1260690643" result="Passed" start-time="2023-06-08 20:27:49Z" end-time="2023-06-08 20:27:49Z" duration="0.000638" asserts="0">
                <properties>
                  <property name="Category" value="GDX.Tests" />
                </properties>
                <output><![CDATA[[Code Coverage] Code Coverage results for visited sequence points were saved in D:/BuildAgent/work/GDX-Documentation/Staging/CodeCoverage/GDX_Development-opencov/EditMode/TestCoverageResults_0044.xml
[Code Coverage] Code Coverage requires Burst Compilation to be disabled in order to obtain accurate coverage information. To disable Burst Compilation uncheck Jobs > Burst > Enable Compilation or pass '--burst-disable-compilation' to the command line in batchmode.
]]></output>
              </test-case>
              <test-case id="1424" name="ReverseColumns_MockDataOdd_ValuesReversed" fullname="GDX.Collections.Generic.Array2DTests.ReverseColumns_MockDataOdd_ValuesReversed" methodname="ReverseColumns_MockDataOdd_ValuesReversed" classname="GDX.Collections.Generic.Array2DTests" runstate="Runnable" seed="383358082" result="Passed" start-time="2023-06-08 20:27:49Z" end-time="2023-06-08 20:27:49Z" duration="0.000418" asserts="0">
                <properties>
                  <property name="Category" value="GDX.Tests" />
                </properties>
                <output><![CDATA[[Code Coverage] Code Coverage results for visited sequence points were saved in D:/BuildAgent/work/GDX-Documentation/Staging/CodeCoverage/GDX_Development-opencov/EditMode/TestCoverageResults_0045.xml
[Code Coverage] Code Coverage requires Burst Compilation to be disabled in order to obtain accurate coverage information. To disable Burst Compilation uncheck Jobs > Burst > Enable Compilation or pass '--burst-disable-compilation' to the command line in batchmode.
]]></output>
              </test-case>
              <test-case id="1425" name="ReverseRows_MockDataEven_ValuesReversed" fullname="GDX.Collections.Generic.Array2DTests.ReverseRows_MockDataEven_ValuesReversed" methodname="ReverseRows_MockDataEven_ValuesReversed" classname="GDX.Collections.Generic.Array2DTests" runstate="Runnable" seed="751387002" result="Passed" start-time="2023-06-08 20:27:50Z" end-time="2023-06-08 20:27:50Z" duration="0.000519" asserts="0">
                <properties>
                  <property name="Category" value="GDX.Tests" />
                </properties>
                <output><![CDATA[[Code Coverage] Code Coverage results for visited sequence points were saved in D:/BuildAgent/work/GDX-Documentation/Staging/CodeCoverage/GDX_Development-opencov/EditMode/TestCoverageResults_0046.xml
[Code Coverage] Code Coverage requires Burst Compilation to be disabled in order to obtain accurate coverage information. To disable Burst Compilation uncheck Jobs > Burst > Enable Compilation or pass '--burst-disable-compilation' to the command line in batchmode.
]]></output>
              </test-case>
              <test-case id="1426" name="ReverseRows_MockDataOdd_ValuesReversed" fullname="GDX.Collections.Generic.Array2DTests.ReverseRows_MockDataOdd_ValuesReversed" methodname="ReverseRows_MockDataOdd_ValuesReversed" classname="GDX.Collections.Generic.Array2DTests" runstate="Runnable" seed="999433977" result="Passed" start-time="2023-06-08 20:27:51Z" end-time="2023-06-08 20:27:51Z" duration="0.000373" asserts="0">
                <properties>
                  <property name="Category" value="GDX.Tests" />
                </properties>
                <output><![CDATA[[Code Coverage] Code Coverage results for visited sequence points were saved in D:/BuildAgent/work/GDX-Documentation/Staging/CodeCoverage/GDX_Development-opencov/EditMode/TestCoverageResults_0047.xml
[Code Coverage] Code Coverage requires Burst Compilation to be disabled in order to obtain accurate coverage information. To disable Burst Compilation uncheck Jobs > Burst > Enable Compilation or pass '--burst-disable-compilation' to the command line in batchmode.
]]></output>
              </test-case>
              <test-case id="1427" name="RotateClockwise_MockDataOdd_ValuesRotated" fullname="GDX.Collections.Generic.Array2DTests.RotateClockwise_MockDataOdd_ValuesRotated" methodname="RotateClockwise_MockDataOdd_ValuesRotated" classname="GDX.Collections.Generic.Array2DTests" runstate="Runnable" seed="1435447705" result="Passed" start-time="2023-06-08 20:27:51Z" end-time="2023-06-08 20:27:51Z" duration="0.000500" asserts="0">
                <properties>
                  <property name="Category" value="GDX.Tests" />
                </properties>
                <output><![CDATA[[Code Coverage] Code Coverage results for visited sequence points were saved in D:/BuildAgent/work/GDX-Documentation/Staging/CodeCoverage/GDX_Development-opencov/EditMode/TestCoverageResults_0048.xml
[Code Coverage] Code Coverage requires Burst Compilation to be disabled in order to obtain accurate coverage information. To disable Burst Compilation uncheck Jobs > Burst > Enable Compilation or pass '--burst-disable-compilation' to the command line in batchmode.
]]></output>
              </test-case>
              <test-case id="1428" name="RotateCounterClockwise_MockDataOdd_ValuesRotated" fullname="GDX.Collections.Generic.Array2DTests.RotateCounterClockwise_MockDataOdd_ValuesRotated" methodname="RotateCounterClockwise_MockDataOdd_ValuesRotated" classname="GDX.Collections.Generic.Array2DTests" runstate="Runnable" seed="160330802" result="Passed" start-time="2023-06-08 20:27:52Z" end-time="2023-06-08 20:27:52Z" duration="0.000485" asserts="0">
                <properties>
                  <property name="Category" value="GDX.Tests" />
                </properties>
                <output><![CDATA[[Code Coverage] Code Coverage results for visited sequence points were saved in D:/BuildAgent/work/GDX-Documentation/Staging/CodeCoverage/GDX_Development-opencov/EditMode/TestCoverageResults_0049.xml
[Code Coverage] Code Coverage requires Burst Compilation to be disabled in order to obtain accurate coverage information. To disable Burst Compilation uncheck Jobs > Burst > Enable Compilation or pass '--burst-disable-compilation' to the command line in batchmode.
]]></output>
              </test-case>
              <test-case id="1429" name="ToMultiDimensionalArray_MockData_MatchingValues" fullname="GDX.Collections.Generic.Array2DTests.ToMultiDimensionalArray_MockData_MatchingValues" methodname="ToMultiDimensionalArray_MockData_MatchingValues" classname="GDX.Collections.Generic.Array2DTests" runstate="Runnable" seed="105870404" result="Passed" start-time="2023-06-08 20:27:53Z" end-time="2023-06-08 20:27:53Z" duration="0.000623" asserts="0">
                <properties>
                  <property name="Category" value="GDX.Tests" />
                </properties>
                <output><![CDATA[[Code Coverage] Code Coverage results for visited sequence points were saved in D:/BuildAgent/work/GDX-Documentation/Staging/CodeCoverage/GDX_Development-opencov/EditMode/TestCoverageResults_0050.xml
[Code Coverage] Code Coverage requires Burst Compilation to be disabled in order to obtain accurate coverage information. To disable Burst Compilation uncheck Jobs > Burst > Enable Compilation or pass '--burst-disable-compilation' to the command line in batchmode.
]]></output>
              </test-case>
            </test-suite>
            <test-suite type="TestFixture" id="1430" name="Array3DTests" fullname="GDX.Collections.Generic.Array3DTests" classname="GDX.Collections.Generic.Array3DTests" runstate="Runnable" testcasecount="10" result="Passed" start-time="2023-06-08 20:27:53Z" end-time="2023-06-08 20:28:00Z" duration="6.292538" total="10" passed="10" failed="0" inconclusive="0" skipped="0" asserts="0">
              <properties />
              <test-case id="1431" name="Constructor_CorrectSizes" fullname="GDX.Collections.Generic.Array3DTests.Constructor_CorrectSizes" methodname="Constructor_CorrectSizes" classname="GDX.Collections.Generic.Array3DTests" runstate="Runnable" seed="715826510" result="Passed" start-time="2023-06-08 20:27:53Z" end-time="2023-06-08 20:27:53Z" duration="0.000887" asserts="0">
                <properties>
                  <property name="Category" value="GDX.Tests" />
                </properties>
                <output><![CDATA[[Code Coverage] Code Coverage results for visited sequence points were saved in D:/BuildAgent/work/GDX-Documentation/Staging/CodeCoverage/GDX_Development-opencov/EditMode/TestCoverageResults_0051.xml
[Code Coverage] Code Coverage requires Burst Compilation to be disabled in order to obtain accurate coverage information. To disable Burst Compilation uncheck Jobs > Burst > Enable Compilation or pass '--burst-disable-compilation' to the command line in batchmode.
]]></output>
              </test-case>
              <test-case id="1432" name="GetByIndex_LastSpot_ValidEntry" fullname="GDX.Collections.Generic.Array3DTests.GetByIndex_LastSpot_ValidEntry" methodname="GetByIndex_LastSpot_ValidEntry" classname="GDX.Collections.Generic.Array3DTests" runstate="Runnable" seed="730551700" result="Passed" start-time="2023-06-08 20:27:54Z" end-time="2023-06-08 20:27:54Z" duration="0.000432" asserts="0">
                <properties>
                  <property name="Category" value="GDX.Tests" />
                </properties>
                <output><![CDATA[[Code Coverage] Code Coverage results for visited sequence points were saved in D:/BuildAgent/work/GDX-Documentation/Staging/CodeCoverage/GDX_Development-opencov/EditMode/TestCoverageResults_0052.xml
[Code Coverage] Code Coverage requires Burst Compilation to be disabled in order to obtain accurate coverage information. To disable Burst Compilation uncheck Jobs > Burst > Enable Compilation or pass '--burst-disable-compilation' to the command line in batchmode.
]]></output>
              </test-case>
              <test-case id="1434" name="GetByInt3_LastSpot_ValidEntry" fullname="GDX.Collections.Generic.Array3DTests.GetByInt3_LastSpot_ValidEntry" methodname="GetByInt3_LastSpot_ValidEntry" classname="GDX.Collections.Generic.Array3DTests" runstate="Runnable" seed="1307806385" result="Passed" start-time="2023-06-08 20:27:54Z" end-time="2023-06-08 20:27:54Z" duration="0.000540" asserts="0">
                <properties>
                  <property name="Category" value="GDX.Tests" />
                </properties>
                <output><![CDATA[[Code Coverage] Code Coverage results for visited sequence points were saved in D:/BuildAgent/work/GDX-Documentation/Staging/CodeCoverage/GDX_Development-opencov/EditMode/TestCoverageResults_0053.xml
[Code Coverage] Code Coverage requires Burst Compilation to be disabled in order to obtain accurate coverage information. To disable Burst Compilation uncheck Jobs > Burst > Enable Compilation or pass '--burst-disable-compilation' to the command line in batchmode.
]]></output>
              </test-case>
              <test-case id="1437" name="GetFromIndex_FirstSpot_Valid" fullname="GDX.Collections.Generic.Array3DTests.GetFromIndex_FirstSpot_Valid" methodname="GetFromIndex_FirstSpot_Valid" classname="GDX.Collections.Generic.Array3DTests" runstate="Runnable" seed="956854429" result="Passed" start-time="2023-06-08 20:27:55Z" end-time="2023-06-08 20:27:55Z" duration="0.000556" asserts="0">
                <properties>
                  <property name="Category" value="GDX.Tests" />
                </properties>
                <output><![CDATA[[Code Coverage] Code Coverage results for visited sequence points were saved in D:/BuildAgent/work/GDX-Documentation/Staging/CodeCoverage/GDX_Development-opencov/EditMode/TestCoverageResults_0054.xml
[Code Coverage] Code Coverage requires Burst Compilation to be disabled in order to obtain accurate coverage information. To disable Burst Compilation uncheck Jobs > Burst > Enable Compilation or pass '--burst-disable-compilation' to the command line in batchmode.
]]></output>
              </test-case>
              <test-case id="1439" name="GetFromIndex_LastBottomRow_Valid" fullname="GDX.Collections.Generic.Array3DTests.GetFromIndex_LastBottomRow_Valid" methodname="GetFromIndex_LastBottomRow_Valid" classname="GDX.Collections.Generic.Array3DTests" runstate="Runnable" seed="546190768" result="Passed" start-time="2023-06-08 20:27:56Z" end-time="2023-06-08 20:27:56Z" duration="0.000391" asserts="0">
                <properties>
                  <property name="Category" value="GDX.Tests" />
                </properties>
                <output><![CDATA[[Code Coverage] Code Coverage results for visited sequence points were saved in D:/BuildAgent/work/GDX-Documentation/Staging/CodeCoverage/GDX_Development-opencov/EditMode/TestCoverageResults_0055.xml
[Code Coverage] Code Coverage requires Burst Compilation to be disabled in order to obtain accurate coverage information. To disable Burst Compilation uncheck Jobs > Burst > Enable Compilation or pass '--burst-disable-compilation' to the command line in batchmode.
]]></output>
              </test-case>
              <test-case id="1438" name="GetFromIndex_LastFirstRow_Valid" fullname="GDX.Collections.Generic.Array3DTests.GetFromIndex_LastFirstRow_Valid" methodname="GetFromIndex_LastFirstRow_Valid" classname="GDX.Collections.Generic.Array3DTests" runstate="Runnable" seed="1245181474" result="Passed" start-time="2023-06-08 20:27:56Z" end-time="2023-06-08 20:27:56Z" duration="0.000430" asserts="0">
                <properties>
                  <property name="Category" value="GDX.Tests" />
                </properties>
                <output><![CDATA[[Code Coverage] Code Coverage results for visited sequence points were saved in D:/BuildAgent/work/GDX-Documentation/Staging/CodeCoverage/GDX_Development-opencov/EditMode/TestCoverageResults_0056.xml
[Code Coverage] Code Coverage requires Burst Compilation to be disabled in order to obtain accurate coverage information. To disable Burst Compilation uncheck Jobs > Burst > Enable Compilation or pass '--burst-disable-compilation' to the command line in batchmode.
]]></output>
              </test-case>
              <test-case id="1436" name="GetFromIndex_LastSpot_Valid" fullname="GDX.Collections.Generic.Array3DTests.GetFromIndex_LastSpot_Valid" methodname="GetFromIndex_LastSpot_Valid" classname="GDX.Collections.Generic.Array3DTests" runstate="Runnable" seed="246511679" result="Passed" start-time="2023-06-08 20:27:57Z" end-time="2023-06-08 20:27:57Z" duration="0.000410" asserts="0">
                <properties>
                  <property name="Category" value="GDX.Tests" />
                </properties>
                <output><![CDATA[[Code Coverage] Code Coverage results for visited sequence points were saved in D:/BuildAgent/work/GDX-Documentation/Staging/CodeCoverage/GDX_Development-opencov/EditMode/TestCoverageResults_0057.xml
[Code Coverage] Code Coverage requires Burst Compilation to be disabled in order to obtain accurate coverage information. To disable Burst Compilation uncheck Jobs > Burst > Enable Compilation or pass '--burst-disable-compilation' to the command line in batchmode.
]]></output>
              </test-case>
              <test-case id="1440" name="GetFromIndex_SecondTopRowAtBack_Valid" fullname="GDX.Collections.Generic.Array3DTests.GetFromIndex_SecondTopRowAtBack_Valid" methodname="GetFromIndex_SecondTopRowAtBack_Valid" classname="GDX.Collections.Generic.Array3DTests" runstate="Runnable" seed="416908858" result="Passed" start-time="2023-06-08 20:27:57Z" end-time="2023-06-08 20:27:57Z" duration="0.000380" asserts="0">
                <properties>
                  <property name="Category" value="GDX.Tests" />
                </properties>
                <output><![CDATA[[Code Coverage] Code Coverage results for visited sequence points were saved in D:/BuildAgent/work/GDX-Documentation/Staging/CodeCoverage/GDX_Development-opencov/EditMode/TestCoverageResults_0058.xml
[Code Coverage] Code Coverage requires Burst Compilation to be disabled in order to obtain accurate coverage information. To disable Burst Compilation uncheck Jobs > Burst > Enable Compilation or pass '--burst-disable-compilation' to the command line in batchmode.
]]></output>
              </test-case>
              <test-case id="1433" name="SetByIndex_LastSpot_ValidEntry" fullname="GDX.Collections.Generic.Array3DTests.SetByIndex_LastSpot_ValidEntry" methodname="SetByIndex_LastSpot_ValidEntry" classname="GDX.Collections.Generic.Array3DTests" runstate="Runnable" seed="782868933" result="Passed" start-time="2023-06-08 20:27:58Z" end-time="2023-06-08 20:27:58Z" duration="0.000407" asserts="0">
                <properties>
                  <property name="Category" value="GDX.Tests" />
                </properties>
                <output><![CDATA[[Code Coverage] Code Coverage results for visited sequence points were saved in D:/BuildAgent/work/GDX-Documentation/Staging/CodeCoverage/GDX_Development-opencov/EditMode/TestCoverageResults_0059.xml
[Code Coverage] Code Coverage requires Burst Compilation to be disabled in order to obtain accurate coverage information. To disable Burst Compilation uncheck Jobs > Burst > Enable Compilation or pass '--burst-disable-compilation' to the command line in batchmode.
]]></output>
              </test-case>
              <test-case id="1435" name="SetByInt3_LastSpot_ValidEntry" fullname="GDX.Collections.Generic.Array3DTests.SetByInt3_LastSpot_ValidEntry" methodname="SetByInt3_LastSpot_ValidEntry" classname="GDX.Collections.Generic.Array3DTests" runstate="Runnable" seed="1469601004" result="Passed" start-time="2023-06-08 20:27:59Z" end-time="2023-06-08 20:27:59Z" duration="0.000451" asserts="0">
                <properties>
                  <property name="Category" value="GDX.Tests" />
                </properties>
                <output><![CDATA[[Code Coverage] Code Coverage results for visited sequence points were saved in D:/BuildAgent/work/GDX-Documentation/Staging/CodeCoverage/GDX_Development-opencov/EditMode/TestCoverageResults_0060.xml
[Code Coverage] Code Coverage requires Burst Compilation to be disabled in order to obtain accurate coverage information. To disable Burst Compilation uncheck Jobs > Burst > Enable Compilation or pass '--burst-disable-compilation' to the command line in batchmode.
]]></output>
              </test-case>
            </test-suite>
            <test-suite type="TestFixture" id="1751" name="ArrayPoolTests" fullname="GDX.Collections.Generic.ArrayPoolTests" classname="GDX.Collections.Generic.ArrayPoolTests" runstate="Runnable" testcasecount="6" result="Passed" start-time="2023-06-08 20:28:00Z" end-time="2023-06-08 20:28:03Z" duration="3.590948" total="6" passed="6" failed="0" inconclusive="0" skipped="0" asserts="0">
              <properties />
              <test-case id="1752" name="Constructor_InitializeWithMinimumAndMaximum" fullname="GDX.Collections.Generic.ArrayPoolTests.Constructor_InitializeWithMinimumAndMaximum" methodname="Constructor_InitializeWithMinimumAndMaximum" classname="GDX.Collections.Generic.ArrayPoolTests" runstate="Runnable" seed="894930364" result="Passed" start-time="2023-06-08 20:28:00Z" end-time="2023-06-08 20:28:00Z" duration="0.000605" asserts="0">
                <properties>
                  <property name="Category" value="GDX.Tests" />
                </properties>
                <output><![CDATA[[Code Coverage] Code Coverage results for visited sequence points were saved in D:/BuildAgent/work/GDX-Documentation/Staging/CodeCoverage/GDX_Development-opencov/EditMode/TestCoverageResults_0061.xml
[Code Coverage] Code Coverage requires Burst Compilation to be disabled in order to obtain accurate coverage information. To disable Burst Compilation uncheck Jobs > Burst > Enable Compilation or pass '--burst-disable-compilation' to the command line in batchmode.
]]></output>
              </test-case>
              <test-case id="1755" name="GetArrayFromPool_NonPowerOfTwoRequested_ArrayExistsInPool" fullname="GDX.Collections.Generic.ArrayPoolTests.GetArrayFromPool_NonPowerOfTwoRequested_ArrayExistsInPool" methodname="GetArrayFromPool_NonPowerOfTwoRequested_ArrayExistsInPool" classname="GDX.Collections.Generic.ArrayPoolTests" runstate="Runnable" seed="262006697" result="Passed" start-time="2023-06-08 20:28:00Z" end-time="2023-06-08 20:28:00Z" duration="0.000597" asserts="0">
                <properties>
                  <property name="Category" value="GDX.Tests" />
                </properties>
                <output><![CDATA[[Code Coverage] Code Coverage results for visited sequence points were saved in D:/BuildAgent/work/GDX-Documentation/Staging/CodeCoverage/GDX_Development-opencov/EditMode/TestCoverageResults_0062.xml
[Code Coverage] Code Coverage requires Burst Compilation to be disabled in order to obtain accurate coverage information. To disable Burst Compilation uncheck Jobs > Burst > Enable Compilation or pass '--burst-disable-compilation' to the command line in batchmode.
]]></output>
              </test-case>
              <test-case id="1753" name="GetArrayFromPool_PowerOfTwoRequested_ArrayExistsInPool" fullname="GDX.Collections.Generic.ArrayPoolTests.GetArrayFromPool_PowerOfTwoRequested_ArrayExistsInPool" methodname="GetArrayFromPool_PowerOfTwoRequested_ArrayExistsInPool" classname="GDX.Collections.Generic.ArrayPoolTests" runstate="Runnable" seed="319238305" result="Passed" start-time="2023-06-08 20:28:01Z" end-time="2023-06-08 20:28:01Z" duration="0.000415" asserts="0">
                <properties>
                  <property name="Category" value="GDX.Tests" />
                </properties>
                <output><![CDATA[[Code Coverage] Code Coverage results for visited sequence points were saved in D:/BuildAgent/work/GDX-Documentation/Staging/CodeCoverage/GDX_Development-opencov/EditMode/TestCoverageResults_0063.xml
[Code Coverage] Code Coverage requires Burst Compilation to be disabled in order to obtain accurate coverage information. To disable Burst Compilation uncheck Jobs > Burst > Enable Compilation or pass '--burst-disable-compilation' to the command line in batchmode.
]]></output>
              </test-case>
              <test-case id="1754" name="GetArrayFromPool_PowerOfTwoRequested_PoolIsEmpty" fullname="GDX.Collections.Generic.ArrayPoolTests.GetArrayFromPool_PowerOfTwoRequested_PoolIsEmpty" methodname="GetArrayFromPool_PowerOfTwoRequested_PoolIsEmpty" classname="GDX.Collections.Generic.ArrayPoolTests" runstate="Runnable" seed="1111689646" result="Passed" start-time="2023-06-08 20:28:01Z" end-time="2023-06-08 20:28:01Z" duration="0.000409" asserts="0">
                <properties>
                  <property name="Category" value="GDX.Tests" />
                </properties>
                <output><![CDATA[[Code Coverage] Code Coverage results for visited sequence points were saved in D:/BuildAgent/work/GDX-Documentation/Staging/CodeCoverage/GDX_Development-opencov/EditMode/TestCoverageResults_0064.xml
[Code Coverage] Code Coverage requires Burst Compilation to be disabled in order to obtain accurate coverage information. To disable Burst Compilation uncheck Jobs > Burst > Enable Compilation or pass '--burst-disable-compilation' to the command line in batchmode.
]]></output>
              </test-case>
              <test-case id="1756" name="ReturnArrayToPool_MaximumNotReached" fullname="GDX.Collections.Generic.ArrayPoolTests.ReturnArrayToPool_MaximumNotReached" methodname="ReturnArrayToPool_MaximumNotReached" classname="GDX.Collections.Generic.ArrayPoolTests" runstate="Runnable" seed="522263140" result="Passed" start-time="2023-06-08 20:28:02Z" end-time="2023-06-08 20:28:02Z" duration="0.000585" asserts="0">
                <properties>
                  <property name="Category" value="GDX.Tests" />
                </properties>
                <output><![CDATA[[Code Coverage] Code Coverage results for visited sequence points were saved in D:/BuildAgent/work/GDX-Documentation/Staging/CodeCoverage/GDX_Development-opencov/EditMode/TestCoverageResults_0065.xml
[Code Coverage] Code Coverage requires Burst Compilation to be disabled in order to obtain accurate coverage information. To disable Burst Compilation uncheck Jobs > Burst > Enable Compilation or pass '--burst-disable-compilation' to the command line in batchmode.
]]></output>
              </test-case>
              <test-case id="1757" name="ReturnArrayToPool_MaximumReached" fullname="GDX.Collections.Generic.ArrayPoolTests.ReturnArrayToPool_MaximumReached" methodname="ReturnArrayToPool_MaximumReached" classname="GDX.Collections.Generic.ArrayPoolTests" runstate="Runnable" seed="960764251" result="Passed" start-time="2023-06-08 20:28:03Z" end-time="2023-06-08 20:28:03Z" duration="0.000459" asserts="0">
                <properties>
                  <property name="Category" value="GDX.Tests" />
                </properties>
                <output><![CDATA[[Code Coverage] Code Coverage results for visited sequence points were saved in D:/BuildAgent/work/GDX-Documentation/Staging/CodeCoverage/GDX_Development-opencov/EditMode/TestCoverageResults_0066.xml
[Code Coverage] Code Coverage requires Burst Compilation to be disabled in order to obtain accurate coverage information. To disable Burst Compilation uncheck Jobs > Burst > Enable Compilation or pass '--burst-disable-compilation' to the command line in batchmode.
]]></output>
              </test-case>
            </test-suite>
            <test-suite type="TestFixture" id="1441" name="CircularBufferTests" fullname="GDX.Collections.Generic.CircularBufferTests" classname="GDX.Collections.Generic.CircularBufferTests" runstate="Runnable" testcasecount="22" result="Passed" start-time="2023-06-08 20:28:03Z" end-time="2023-06-08 20:28:16Z" duration="13.340299" total="22" passed="22" failed="0" inconclusive="0" skipped="0" asserts="0">
              <properties />
              <test-case id="1442" name="Add_MockData_Normal" fullname="GDX.Collections.Generic.CircularBufferTests.Add_MockData_Normal" methodname="Add_MockData_Normal" classname="GDX.Collections.Generic.CircularBufferTests" runstate="Runnable" seed="994871548" result="Passed" start-time="2023-06-08 20:28:03Z" end-time="2023-06-08 20:28:03Z" duration="0.000611" asserts="0">
                <properties>
                  <property name="Category" value="GDX.Tests" />
                </properties>
                <output><![CDATA[[Code Coverage] Code Coverage results for visited sequence points were saved in D:/BuildAgent/work/GDX-Documentation/Staging/CodeCoverage/GDX_Development-opencov/EditMode/TestCoverageResults_0067.xml
[Code Coverage] Code Coverage requires Burst Compilation to be disabled in order to obtain accurate coverage information. To disable Burst Compilation uncheck Jobs > Burst > Enable Compilation or pass '--burst-disable-compilation' to the command line in batchmode.
]]></output>
              </test-case>
              <test-case id="1443" name="Add_MockData_Wrapped" fullname="GDX.Collections.Generic.CircularBufferTests.Add_MockData_Wrapped" methodname="Add_MockData_Wrapped" classname="GDX.Collections.Generic.CircularBufferTests" runstate="Runnable" seed="1918214731" result="Passed" start-time="2023-06-08 20:28:04Z" end-time="2023-06-08 20:28:04Z" duration="0.000337" asserts="0">
                <properties>
                  <property name="Category" value="GDX.Tests" />
                </properties>
                <output><![CDATA[[Code Coverage] Code Coverage results for visited sequence points were saved in D:/BuildAgent/work/GDX-Documentation/Staging/CodeCoverage/GDX_Development-opencov/EditMode/TestCoverageResults_0068.xml
[Code Coverage] Code Coverage requires Burst Compilation to be disabled in order to obtain accurate coverage information. To disable Burst Compilation uncheck Jobs > Burst > Enable Compilation or pass '--burst-disable-compilation' to the command line in batchmode.
]]></output>
              </test-case>
              <test-case id="1444" name="Clear_MockData_Empty" fullname="GDX.Collections.Generic.CircularBufferTests.Clear_MockData_Empty" methodname="Clear_MockData_Empty" classname="GDX.Collections.Generic.CircularBufferTests" runstate="Runnable" seed="992461449" result="Passed" start-time="2023-06-08 20:28:04Z" end-time="2023-06-08 20:28:04Z" duration="0.000404" asserts="0">
                <properties>
                  <property name="Category" value="GDX.Tests" />
                </properties>
                <output><![CDATA[[Code Coverage] Code Coverage results for visited sequence points were saved in D:/BuildAgent/work/GDX-Documentation/Staging/CodeCoverage/GDX_Development-opencov/EditMode/TestCoverageResults_0069.xml
[Code Coverage] Code Coverage requires Burst Compilation to be disabled in order to obtain accurate coverage information. To disable Burst Compilation uncheck Jobs > Burst > Enable Compilation or pass '--burst-disable-compilation' to the command line in batchmode.
]]></output>
              </test-case>
              <test-case id="1445" name="Get_MockData_First" fullname="GDX.Collections.Generic.CircularBufferTests.Get_MockData_First" methodname="Get_MockData_First" classname="GDX.Collections.Generic.CircularBufferTests" runstate="Runnable" seed="1310949076" result="Passed" start-time="2023-06-08 20:28:05Z" end-time="2023-06-08 20:28:05Z" duration="0.000394" asserts="0">
                <properties>
                  <property name="Category" value="GDX.Tests" />
                </properties>
                <output><![CDATA[[Code Coverage] Code Coverage results for visited sequence points were saved in D:/BuildAgent/work/GDX-Documentation/Staging/CodeCoverage/GDX_Development-opencov/EditMode/TestCoverageResults_0070.xml
[Code Coverage] Code Coverage requires Burst Compilation to be disabled in order to obtain accurate coverage information. To disable Burst Compilation uncheck Jobs > Burst > Enable Compilation or pass '--burst-disable-compilation' to the command line in batchmode.
]]></output>
              </test-case>
              <test-case id="1446" name="Get_MockData_Last" fullname="GDX.Collections.Generic.CircularBufferTests.Get_MockData_Last" methodname="Get_MockData_Last" classname="GDX.Collections.Generic.CircularBufferTests" runstate="Runnable" seed="768219421" result="Passed" start-time="2023-06-08 20:28:05Z" end-time="2023-06-08 20:28:05Z" duration="0.000302" asserts="0">
                <properties>
                  <property name="Category" value="GDX.Tests" />
                </properties>
                <output><![CDATA[[Code Coverage] Code Coverage results for visited sequence points were saved in D:/BuildAgent/work/GDX-Documentation/Staging/CodeCoverage/GDX_Development-opencov/EditMode/TestCoverageResults_0071.xml
[Code Coverage] Code Coverage requires Burst Compilation to be disabled in order to obtain accurate coverage information. To disable Burst Compilation uncheck Jobs > Burst > Enable Compilation or pass '--burst-disable-compilation' to the command line in batchmode.
]]></output>
              </test-case>
              <test-case id="1447" name="Get_MockData_Wrapped" fullname="GDX.Collections.Generic.CircularBufferTests.Get_MockData_Wrapped" methodname="Get_MockData_Wrapped" classname="GDX.Collections.Generic.CircularBufferTests" runstate="Runnable" seed="653206862" result="Passed" start-time="2023-06-08 20:28:06Z" end-time="2023-06-08 20:28:06Z" duration="0.000321" asserts="0">
                <properties>
                  <property name="Category" value="GDX.Tests" />
                </properties>
                <output><![CDATA[[Code Coverage] Code Coverage results for visited sequence points were saved in D:/BuildAgent/work/GDX-Documentation/Staging/CodeCoverage/GDX_Development-opencov/EditMode/TestCoverageResults_0072.xml
[Code Coverage] Code Coverage requires Burst Compilation to be disabled in order to obtain accurate coverage information. To disable Burst Compilation uncheck Jobs > Burst > Enable Compilation or pass '--burst-disable-compilation' to the command line in batchmode.
]]></output>
              </test-case>
              <test-case id="1448" name="GetBack_MockData_Valid" fullname="GDX.Collections.Generic.CircularBufferTests.GetBack_MockData_Valid" methodname="GetBack_MockData_Valid" classname="GDX.Collections.Generic.CircularBufferTests" runstate="Runnable" seed="8052593" result="Passed" start-time="2023-06-08 20:28:07Z" end-time="2023-06-08 20:28:07Z" duration="0.000405" asserts="0">
                <properties>
                  <property name="Category" value="GDX.Tests" />
                </properties>
                <output><![CDATA[[Code Coverage] Code Coverage results for visited sequence points were saved in D:/BuildAgent/work/GDX-Documentation/Staging/CodeCoverage/GDX_Development-opencov/EditMode/TestCoverageResults_0073.xml
[Code Coverage] Code Coverage requires Burst Compilation to be disabled in order to obtain accurate coverage information. To disable Burst Compilation uncheck Jobs > Burst > Enable Compilation or pass '--burst-disable-compilation' to the command line in batchmode.
]]></output>
              </test-case>
              <test-case id="1449" name="GetFront_MockData_Valid" fullname="GDX.Collections.Generic.CircularBufferTests.GetFront_MockData_Valid" methodname="GetFront_MockData_Valid" classname="GDX.Collections.Generic.CircularBufferTests" runstate="Runnable" seed="2004866372" result="Passed" start-time="2023-06-08 20:28:07Z" end-time="2023-06-08 20:28:07Z" duration="0.000404" asserts="0">
                <properties>
                  <property name="Category" value="GDX.Tests" />
                </properties>
                <output><![CDATA[[Code Coverage] Code Coverage results for visited sequence points were saved in D:/BuildAgent/work/GDX-Documentation/Staging/CodeCoverage/GDX_Development-opencov/EditMode/TestCoverageResults_0074.xml
[Code Coverage] Code Coverage requires Burst Compilation to be disabled in order to obtain accurate coverage information. To disable Burst Compilation uncheck Jobs > Burst > Enable Compilation or pass '--burst-disable-compilation' to the command line in batchmode.
]]></output>
              </test-case>
              <test-case id="1451" name="IsEmpty_MockData_ClearedEmpty" fullname="GDX.Collections.Generic.CircularBufferTests.IsEmpty_MockData_ClearedEmpty" methodname="IsEmpty_MockData_ClearedEmpty" classname="GDX.Collections.Generic.CircularBufferTests" runstate="Runnable" seed="1516864277" result="Passed" start-time="2023-06-08 20:28:08Z" end-time="2023-06-08 20:28:08Z" duration="0.000401" asserts="0">
                <properties>
                  <property name="Category" value="GDX.Tests" />
                </properties>
                <output><![CDATA[[Code Coverage] Code Coverage results for visited sequence points were saved in D:/BuildAgent/work/GDX-Documentation/Staging/CodeCoverage/GDX_Development-opencov/EditMode/TestCoverageResults_0075.xml
[Code Coverage] Code Coverage requires Burst Compilation to be disabled in order to obtain accurate coverage information. To disable Burst Compilation uncheck Jobs > Burst > Enable Compilation or pass '--burst-disable-compilation' to the command line in batchmode.
]]></output>
              </test-case>
              <test-case id="1450" name="IsEmpty_MockData_Empty" fullname="GDX.Collections.Generic.CircularBufferTests.IsEmpty_MockData_Empty" methodname="IsEmpty_MockData_Empty" classname="GDX.Collections.Generic.CircularBufferTests" runstate="Runnable" seed="494832202" result="Passed" start-time="2023-06-08 20:28:08Z" end-time="2023-06-08 20:28:08Z" duration="0.000281" asserts="0">
                <properties>
                  <property name="Category" value="GDX.Tests" />
                </properties>
                <output><![CDATA[[Code Coverage] Code Coverage results for visited sequence points were saved in D:/BuildAgent/work/GDX-Documentation/Staging/CodeCoverage/GDX_Development-opencov/EditMode/TestCoverageResults_0076.xml
[Code Coverage] Code Coverage requires Burst Compilation to be disabled in order to obtain accurate coverage information. To disable Burst Compilation uncheck Jobs > Burst > Enable Compilation or pass '--burst-disable-compilation' to the command line in batchmode.
]]></output>
              </test-case>
              <test-case id="1452" name="IsEmpty_MockData_NotEmpty" fullname="GDX.Collections.Generic.CircularBufferTests.IsEmpty_MockData_NotEmpty" methodname="IsEmpty_MockData_NotEmpty" classname="GDX.Collections.Generic.CircularBufferTests" runstate="Runnable" seed="1626208063" result="Passed" start-time="2023-06-08 20:28:09Z" end-time="2023-06-08 20:28:09Z" duration="0.000318" asserts="0">
                <properties>
                  <property name="Category" value="GDX.Tests" />
                </properties>
                <output><![CDATA[[Code Coverage] Code Coverage results for visited sequence points were saved in D:/BuildAgent/work/GDX-Documentation/Staging/CodeCoverage/GDX_Development-opencov/EditMode/TestCoverageResults_0077.xml
[Code Coverage] Code Coverage requires Burst Compilation to be disabled in order to obtain accurate coverage information. To disable Burst Compilation uncheck Jobs > Burst > Enable Compilation or pass '--burst-disable-compilation' to the command line in batchmode.
]]></output>
              </test-case>
              <test-case id="1453" name="IsFull_MockData_Full" fullname="GDX.Collections.Generic.CircularBufferTests.IsFull_MockData_Full" methodname="IsFull_MockData_Full" classname="GDX.Collections.Generic.CircularBufferTests" runstate="Runnable" seed="1770652578" result="Passed" start-time="2023-06-08 20:28:10Z" end-time="2023-06-08 20:28:10Z" duration="0.000397" asserts="0">
                <properties>
                  <property name="Category" value="GDX.Tests" />
                </properties>
                <output><![CDATA[[Code Coverage] Code Coverage results for visited sequence points were saved in D:/BuildAgent/work/GDX-Documentation/Staging/CodeCoverage/GDX_Development-opencov/EditMode/TestCoverageResults_0078.xml
[Code Coverage] Code Coverage requires Burst Compilation to be disabled in order to obtain accurate coverage information. To disable Burst Compilation uncheck Jobs > Burst > Enable Compilation or pass '--burst-disable-compilation' to the command line in batchmode.
]]></output>
              </test-case>
              <test-case id="1454" name="IsFull_MockData_NotFull" fullname="GDX.Collections.Generic.CircularBufferTests.IsFull_MockData_NotFull" methodname="IsFull_MockData_NotFull" classname="GDX.Collections.Generic.CircularBufferTests" runstate="Runnable" seed="610386066" result="Passed" start-time="2023-06-08 20:28:11Z" end-time="2023-06-08 20:28:11Z" duration="0.000301" asserts="0">
                <properties>
                  <property name="Category" value="GDX.Tests" />
                </properties>
                <output><![CDATA[[Code Coverage] Code Coverage results for visited sequence points were saved in D:/BuildAgent/work/GDX-Documentation/Staging/CodeCoverage/GDX_Development-opencov/EditMode/TestCoverageResults_0079.xml
[Code Coverage] Code Coverage requires Burst Compilation to be disabled in order to obtain accurate coverage information. To disable Burst Compilation uncheck Jobs > Burst > Enable Compilation or pass '--burst-disable-compilation' to the command line in batchmode.
]]></output>
              </test-case>
              <test-case id="1455" name="PopBack_MockData_GetValue" fullname="GDX.Collections.Generic.CircularBufferTests.PopBack_MockData_GetValue" methodname="PopBack_MockData_GetValue" classname="GDX.Collections.Generic.CircularBufferTests" runstate="Runnable" seed="1616246710" result="Passed" start-time="2023-06-08 20:28:11Z" end-time="2023-06-08 20:28:11Z" duration="0.000414" asserts="0">
                <properties>
                  <property name="Category" value="GDX.Tests" />
                </properties>
                <output><![CDATA[[Code Coverage] Code Coverage results for visited sequence points were saved in D:/BuildAgent/work/GDX-Documentation/Staging/CodeCoverage/GDX_Development-opencov/EditMode/TestCoverageResults_0080.xml
[Code Coverage] Code Coverage requires Burst Compilation to be disabled in order to obtain accurate coverage information. To disable Burst Compilation uncheck Jobs > Burst > Enable Compilation or pass '--burst-disable-compilation' to the command line in batchmode.
]]></output>
              </test-case>
              <test-case id="1456" name="PopFront_MockData_GetValue" fullname="GDX.Collections.Generic.CircularBufferTests.PopFront_MockData_GetValue" methodname="PopFront_MockData_GetValue" classname="GDX.Collections.Generic.CircularBufferTests" runstate="Runnable" seed="1540053174" result="Passed" start-time="2023-06-08 20:28:12Z" end-time="2023-06-08 20:28:12Z" duration="0.000417" asserts="0">
                <properties>
                  <property name="Category" value="GDX.Tests" />
                </properties>
                <output><![CDATA[[Code Coverage] Code Coverage results for visited sequence points were saved in D:/BuildAgent/work/GDX-Documentation/Staging/CodeCoverage/GDX_Development-opencov/EditMode/TestCoverageResults_0081.xml
[Code Coverage] Code Coverage requires Burst Compilation to be disabled in order to obtain accurate coverage information. To disable Burst Compilation uncheck Jobs > Burst > Enable Compilation or pass '--burst-disable-compilation' to the command line in batchmode.
]]></output>
              </test-case>
              <test-case id="1457" name="PushBack_MockData_InjectedValue" fullname="GDX.Collections.Generic.CircularBufferTests.PushBack_MockData_InjectedValue" methodname="PushBack_MockData_InjectedValue" classname="GDX.Collections.Generic.CircularBufferTests" runstate="Runnable" seed="818438137" result="Passed" start-time="2023-06-08 20:28:12Z" end-time="2023-06-08 20:28:12Z" duration="0.000327" asserts="0">
                <properties>
                  <property name="Category" value="GDX.Tests" />
                </properties>
                <output><![CDATA[[Code Coverage] Code Coverage results for visited sequence points were saved in D:/BuildAgent/work/GDX-Documentation/Staging/CodeCoverage/GDX_Development-opencov/EditMode/TestCoverageResults_0082.xml
[Code Coverage] Code Coverage requires Burst Compilation to be disabled in order to obtain accurate coverage information. To disable Burst Compilation uncheck Jobs > Burst > Enable Compilation or pass '--burst-disable-compilation' to the command line in batchmode.
]]></output>
              </test-case>
              <test-case id="1458" name="PushFront_MockData_InjectedValue" fullname="GDX.Collections.Generic.CircularBufferTests.PushFront_MockData_InjectedValue" methodname="PushFront_MockData_InjectedValue" classname="GDX.Collections.Generic.CircularBufferTests" runstate="Runnable" seed="833299861" result="Passed" start-time="2023-06-08 20:28:13Z" end-time="2023-06-08 20:28:13Z" duration="0.000463" asserts="0">
                <properties>
                  <property name="Category" value="GDX.Tests" />
                </properties>
                <output><![CDATA[[Code Coverage] Code Coverage results for visited sequence points were saved in D:/BuildAgent/work/GDX-Documentation/Staging/CodeCoverage/GDX_Development-opencov/EditMode/TestCoverageResults_0083.xml
[Code Coverage] Code Coverage requires Burst Compilation to be disabled in order to obtain accurate coverage information. To disable Burst Compilation uncheck Jobs > Burst > Enable Compilation or pass '--burst-disable-compilation' to the command line in batchmode.
]]></output>
              </test-case>
              <test-case id="1459" name="Set_MockData_First" fullname="GDX.Collections.Generic.CircularBufferTests.Set_MockData_First" methodname="Set_MockData_First" classname="GDX.Collections.Generic.CircularBufferTests" runstate="Runnable" seed="878288206" result="Passed" start-time="2023-06-08 20:28:13Z" end-time="2023-06-08 20:28:13Z" duration="0.000394" asserts="0">
                <properties>
                  <property name="Category" value="GDX.Tests" />
                </properties>
                <output><![CDATA[[Code Coverage] Code Coverage results for visited sequence points were saved in D:/BuildAgent/work/GDX-Documentation/Staging/CodeCoverage/GDX_Development-opencov/EditMode/TestCoverageResults_0084.xml
[Code Coverage] Code Coverage requires Burst Compilation to be disabled in order to obtain accurate coverage information. To disable Burst Compilation uncheck Jobs > Burst > Enable Compilation or pass '--burst-disable-compilation' to the command line in batchmode.
]]></output>
              </test-case>
              <test-case id="1460" name="Set_MockData_Last" fullname="GDX.Collections.Generic.CircularBufferTests.Set_MockData_Last" methodname="Set_MockData_Last" classname="GDX.Collections.Generic.CircularBufferTests" runstate="Runnable" seed="236974426" result="Passed" start-time="2023-06-08 20:28:14Z" end-time="2023-06-08 20:28:14Z" duration="0.000311" asserts="0">
                <properties>
                  <property name="Category" value="GDX.Tests" />
                </properties>
                <output><![CDATA[[Code Coverage] Code Coverage results for visited sequence points were saved in D:/BuildAgent/work/GDX-Documentation/Staging/CodeCoverage/GDX_Development-opencov/EditMode/TestCoverageResults_0085.xml
[Code Coverage] Code Coverage requires Burst Compilation to be disabled in order to obtain accurate coverage information. To disable Burst Compilation uncheck Jobs > Burst > Enable Compilation or pass '--burst-disable-compilation' to the command line in batchmode.
]]></output>
              </test-case>
              <test-case id="1461" name="Set_MockData_Wrapped" fullname="GDX.Collections.Generic.CircularBufferTests.Set_MockData_Wrapped" methodname="Set_MockData_Wrapped" classname="GDX.Collections.Generic.CircularBufferTests" runstate="Runnable" seed="303361829" result="Passed" start-time="2023-06-08 20:28:15Z" end-time="2023-06-08 20:28:15Z" duration="0.000307" asserts="0">
                <properties>
                  <property name="Category" value="GDX.Tests" />
                </properties>
                <output><![CDATA[[Code Coverage] Code Coverage results for visited sequence points were saved in D:/BuildAgent/work/GDX-Documentation/Staging/CodeCoverage/GDX_Development-opencov/EditMode/TestCoverageResults_0086.xml
[Code Coverage] Code Coverage requires Burst Compilation to be disabled in order to obtain accurate coverage information. To disable Burst Compilation uncheck Jobs > Burst > Enable Compilation or pass '--burst-disable-compilation' to the command line in batchmode.
]]></output>
              </test-case>
              <test-case id="1462" name="ToArray_MockData_NonWrapped" fullname="GDX.Collections.Generic.CircularBufferTests.ToArray_MockData_NonWrapped" methodname="ToArray_MockData_NonWrapped" classname="GDX.Collections.Generic.CircularBufferTests" runstate="Runnable" seed="441153615" result="Passed" start-time="2023-06-08 20:28:15Z" end-time="2023-06-08 20:28:15Z" duration="0.000482" asserts="0">
                <properties>
                  <property name="Category" value="GDX.Tests" />
                </properties>
                <output><![CDATA[[Code Coverage] Code Coverage results for visited sequence points were saved in D:/BuildAgent/work/GDX-Documentation/Staging/CodeCoverage/GDX_Development-opencov/EditMode/TestCoverageResults_0087.xml
[Code Coverage] Code Coverage requires Burst Compilation to be disabled in order to obtain accurate coverage information. To disable Burst Compilation uncheck Jobs > Burst > Enable Compilation or pass '--burst-disable-compilation' to the command line in batchmode.
]]></output>
              </test-case>
              <test-case id="1463" name="ToArray_MockData_Wrapped" fullname="GDX.Collections.Generic.CircularBufferTests.ToArray_MockData_Wrapped" methodname="ToArray_MockData_Wrapped" classname="GDX.Collections.Generic.CircularBufferTests" runstate="Runnable" seed="1424838686" result="Passed" start-time="2023-06-08 20:28:16Z" end-time="2023-06-08 20:28:16Z" duration="0.000435" asserts="0">
                <properties>
                  <property name="Category" value="GDX.Tests" />
                </properties>
                <output><![CDATA[[Code Coverage] Code Coverage results for visited sequence points were saved in D:/BuildAgent/work/GDX-Documentation/Staging/CodeCoverage/GDX_Development-opencov/EditMode/TestCoverageResults_0088.xml
[Code Coverage] Code Coverage requires Burst Compilation to be disabled in order to obtain accurate coverage information. To disable Burst Compilation uncheck Jobs > Burst > Enable Compilation or pass '--burst-disable-compilation' to the command line in batchmode.
]]></output>
              </test-case>
            </test-suite>
            <test-suite type="TestFixture" id="1409" name="FreeListTests" fullname="GDX.Collections.Generic.FreeListTests" classname="GDX.Collections.Generic.FreeListTests" runstate="Runnable" testcasecount="8" result="Passed" start-time="2023-06-08 20:28:16Z" end-time="2023-06-08 20:28:22Z" duration="5.091795" total="8" passed="8" failed="0" inconclusive="0" skipped="0" asserts="0">
              <properties />
              <test-case id="1411" name="AddUnchecked_MockData_ValueAdded" fullname="GDX.Collections.Generic.FreeListTests.AddUnchecked_MockData_ValueAdded" methodname="AddUnchecked_MockData_ValueAdded" classname="GDX.Collections.Generic.FreeListTests" runstate="Runnable" seed="937798101" result="Passed" start-time="2023-06-08 20:28:16Z" end-time="2023-06-08 20:28:16Z" duration="0.000505" asserts="0">
                <properties>
                  <property name="Category" value="GDX.Tests" />
                </properties>
                <output><![CDATA[[Code Coverage] Code Coverage results for visited sequence points were saved in D:/BuildAgent/work/GDX-Documentation/Staging/CodeCoverage/GDX_Development-opencov/EditMode/TestCoverageResults_0089.xml
[Code Coverage] Code Coverage requires Burst Compilation to be disabled in order to obtain accurate coverage information. To disable Burst Compilation uncheck Jobs > Burst > Enable Compilation or pass '--burst-disable-compilation' to the command line in batchmode.
]]></output>
              </test-case>
              <test-case id="1412" name="AddUnchecked_MockDataOverflow_ThrowsException" fullname="GDX.Collections.Generic.FreeListTests.AddUnchecked_MockDataOverflow_ThrowsException" methodname="AddUnchecked_MockDataOverflow_ThrowsException" classname="GDX.Collections.Generic.FreeListTests" runstate="Runnable" seed="1136176223" result="Passed" start-time="2023-06-08 20:28:17Z" end-time="2023-06-08 20:28:17Z" duration="0.003090" asserts="0">
                <properties>
                  <property name="Category" value="GDX.Tests" />
                </properties>
                <output><![CDATA[[Code Coverage] Code Coverage results for visited sequence points were saved in D:/BuildAgent/work/GDX-Documentation/Staging/CodeCoverage/GDX_Development-opencov/EditMode/TestCoverageResults_0090.xml
[Code Coverage] Code Coverage requires Burst Compilation to be disabled in order to obtain accurate coverage information. To disable Burst Compilation uncheck Jobs > Burst > Enable Compilation or pass '--burst-disable-compilation' to the command line in batchmode.
]]></output>
              </test-case>
              <test-case id="1413" name="AddWithExpandCheck_MockData_ValueAdded" fullname="GDX.Collections.Generic.FreeListTests.AddWithExpandCheck_MockData_ValueAdded" methodname="AddWithExpandCheck_MockData_ValueAdded" classname="GDX.Collections.Generic.FreeListTests" runstate="Runnable" seed="122938211" result="Passed" start-time="2023-06-08 20:28:18Z" end-time="2023-06-08 20:28:18Z" duration="0.000466" asserts="0">
                <properties>
                  <property name="Category" value="GDX.Tests" />
                </properties>
                <output><![CDATA[[Code Coverage] Code Coverage results for visited sequence points were saved in D:/BuildAgent/work/GDX-Documentation/Staging/CodeCoverage/GDX_Development-opencov/EditMode/TestCoverageResults_0091.xml
[Code Coverage] Code Coverage requires Burst Compilation to be disabled in order to obtain accurate coverage information. To disable Burst Compilation uncheck Jobs > Burst > Enable Compilation or pass '--burst-disable-compilation' to the command line in batchmode.
]]></output>
              </test-case>
              <test-case id="1414" name="AddWithExpandCheck_MockDataWithExpansion_ValueAdded" fullname="GDX.Collections.Generic.FreeListTests.AddWithExpandCheck_MockDataWithExpansion_ValueAdded" methodname="AddWithExpandCheck_MockDataWithExpansion_ValueAdded" classname="GDX.Collections.Generic.FreeListTests" runstate="Runnable" seed="767313468" result="Passed" start-time="2023-06-08 20:28:18Z" end-time="2023-06-08 20:28:18Z" duration="0.000444" asserts="0">
                <properties>
                  <property name="Category" value="GDX.Tests" />
                </properties>
                <output><![CDATA[[Code Coverage] Code Coverage results for visited sequence points were saved in D:/BuildAgent/work/GDX-Documentation/Staging/CodeCoverage/GDX_Development-opencov/EditMode/TestCoverageResults_0092.xml
[Code Coverage] Code Coverage requires Burst Compilation to be disabled in order to obtain accurate coverage information. To disable Burst Compilation uncheck Jobs > Burst > Enable Compilation or pass '--burst-disable-compilation' to the command line in batchmode.
]]></output>
              </test-case>
              <test-case id="1415" name="Clear_MockData_DataCleared" fullname="GDX.Collections.Generic.FreeListTests.Clear_MockData_DataCleared" methodname="Clear_MockData_DataCleared" classname="GDX.Collections.Generic.FreeListTests" runstate="Runnable" seed="694897846" result="Passed" start-time="2023-06-08 20:28:19Z" end-time="2023-06-08 20:28:19Z" duration="0.000382" asserts="0">
                <properties>
                  <property name="Category" value="GDX.Tests" />
                </properties>
                <output><![CDATA[[Code Coverage] Code Coverage results for visited sequence points were saved in D:/BuildAgent/work/GDX-Documentation/Staging/CodeCoverage/GDX_Development-opencov/EditMode/TestCoverageResults_0093.xml
[Code Coverage] Code Coverage requires Burst Compilation to be disabled in order to obtain accurate coverage information. To disable Burst Compilation uncheck Jobs > Burst > Enable Compilation or pass '--burst-disable-compilation' to the command line in batchmode.
]]></output>
              </test-case>
              <test-case id="1410" name="FreeList_CreateWithCount" fullname="GDX.Collections.Generic.FreeListTests.FreeList_CreateWithCount" methodname="FreeList_CreateWithCount" classname="GDX.Collections.Generic.FreeListTests" runstate="Runnable" seed="637743680" result="Passed" start-time="2023-06-08 20:28:20Z" end-time="2023-06-08 20:28:20Z" duration="0.000300" asserts="0">
                <properties>
                  <property name="Category" value="GDX.Tests" />
                </properties>
                <output><![CDATA[[Code Coverage] Code Coverage results for visited sequence points were saved in D:/BuildAgent/work/GDX-Documentation/Staging/CodeCoverage/GDX_Development-opencov/EditMode/TestCoverageResults_0094.xml
[Code Coverage] Code Coverage requires Burst Compilation to be disabled in order to obtain accurate coverage information. To disable Burst Compilation uncheck Jobs > Burst > Enable Compilation or pass '--burst-disable-compilation' to the command line in batchmode.
]]></output>
              </test-case>
              <test-case id="1417" name="GetAndRemoveAt_MockData_ValueRemoved" fullname="GDX.Collections.Generic.FreeListTests.GetAndRemoveAt_MockData_ValueRemoved" methodname="GetAndRemoveAt_MockData_ValueRemoved" classname="GDX.Collections.Generic.FreeListTests" runstate="Runnable" seed="849064287" result="Passed" start-time="2023-06-08 20:28:20Z" end-time="2023-06-08 20:28:20Z" duration="0.000406" asserts="0">
                <properties>
                  <property name="Category" value="GDX.Tests" />
                </properties>
                <output><![CDATA[[Code Coverage] Code Coverage results for visited sequence points were saved in D:/BuildAgent/work/GDX-Documentation/Staging/CodeCoverage/GDX_Development-opencov/EditMode/TestCoverageResults_0095.xml
[Code Coverage] Code Coverage requires Burst Compilation to be disabled in order to obtain accurate coverage information. To disable Burst Compilation uncheck Jobs > Burst > Enable Compilation or pass '--burst-disable-compilation' to the command line in batchmode.
]]></output>
              </test-case>
              <test-case id="1416" name="RemoveAt_MockData_ValueRemoved" fullname="GDX.Collections.Generic.FreeListTests.RemoveAt_MockData_ValueRemoved" methodname="RemoveAt_MockData_ValueRemoved" classname="GDX.Collections.Generic.FreeListTests" runstate="Runnable" seed="1804327432" result="Passed" start-time="2023-06-08 20:28:21Z" end-time="2023-06-08 20:28:21Z" duration="0.000370" asserts="0">
                <properties>
                  <property name="Category" value="GDX.Tests" />
                </properties>
                <output><![CDATA[[Code Coverage] Code Coverage results for visited sequence points were saved in D:/BuildAgent/work/GDX-Documentation/Staging/CodeCoverage/GDX_Development-opencov/EditMode/TestCoverageResults_0096.xml
[Code Coverage] Code Coverage requires Burst Compilation to be disabled in order to obtain accurate coverage information. To disable Burst Compilation uncheck Jobs > Burst > Enable Compilation or pass '--burst-disable-compilation' to the command line in batchmode.
]]></output>
              </test-case>
            </test-suite>
            <test-suite type="TestFixture" id="1476" name="IntKeyDictionaryTests" fullname="GDX.Collections.Generic.IntKeyDictionaryTests" classname="GDX.Collections.Generic.IntKeyDictionaryTests" runstate="Runnable" testcasecount="35" result="Passed" start-time="2023-06-08 20:28:22Z" end-time="2023-06-08 20:28:43Z" duration="21.138513" total="35" passed="35" failed="0" inconclusive="0" skipped="0" asserts="0">
              <properties />
              <test-case id="1487" name="AddSafe_CheckEntriesMaintainConnection" fullname="GDX.Collections.Generic.IntKeyDictionaryTests.AddSafe_CheckEntriesMaintainConnection" methodname="AddSafe_CheckEntriesMaintainConnection" classname="GDX.Collections.Generic.IntKeyDictionaryTests" runstate="Runnable" seed="293427734" result="Passed" start-time="2023-06-08 20:28:22Z" end-time="2023-06-08 20:28:22Z" duration="0.001725" asserts="0">
                <properties>
                  <property name="Category" value="GDX.Tests" />
                </properties>
                <output><![CDATA[[Code Coverage] Code Coverage results for visited sequence points were saved in D:/BuildAgent/work/GDX-Documentation/Staging/CodeCoverage/GDX_Development-opencov/EditMode/TestCoverageResults_0097.xml
[Code Coverage] Code Coverage requires Burst Compilation to be disabled in order to obtain accurate coverage information. To disable Burst Compilation uncheck Jobs > Burst > Enable Compilation or pass '--burst-disable-compilation' to the command line in batchmode.
]]></output>
              </test-case>
              <test-case id="1480" name="AddSafe_CheckExists" fullname="GDX.Collections.Generic.IntKeyDictionaryTests.AddSafe_CheckExists" methodname="AddSafe_CheckExists" classname="GDX.Collections.Generic.IntKeyDictionaryTests" runstate="Runnable" seed="637457344" result="Passed" start-time="2023-06-08 20:28:22Z" end-time="2023-06-08 20:28:22Z" duration="0.000501" asserts="0">
                <properties>
                  <property name="Category" value="GDX.Tests" />
                </properties>
                <output><![CDATA[[Code Coverage] Code Coverage results for visited sequence points were saved in D:/BuildAgent/work/GDX-Documentation/Staging/CodeCoverage/GDX_Development-opencov/EditMode/TestCoverageResults_0098.xml
[Code Coverage] Code Coverage requires Burst Compilation to be disabled in order to obtain accurate coverage information. To disable Burst Compilation uncheck Jobs > Burst > Enable Compilation or pass '--burst-disable-compilation' to the command line in batchmode.
]]></output>
              </test-case>
              <test-case id="1486" name="AddSafe_CheckExpanded" fullname="GDX.Collections.Generic.IntKeyDictionaryTests.AddSafe_CheckExpanded" methodname="AddSafe_CheckExpanded" classname="GDX.Collections.Generic.IntKeyDictionaryTests" runstate="Runnable" seed="1698568583" result="Passed" start-time="2023-06-08 20:28:23Z" end-time="2023-06-08 20:28:23Z" duration="0.000356" asserts="0">
                <properties>
                  <property name="Category" value="GDX.Tests" />
                </properties>
                <output><![CDATA[[Code Coverage] Code Coverage results for visited sequence points were saved in D:/BuildAgent/work/GDX-Documentation/Staging/CodeCoverage/GDX_Development-opencov/EditMode/TestCoverageResults_0099.xml
[Code Coverage] Code Coverage requires Burst Compilation to be disabled in order to obtain accurate coverage information. To disable Burst Compilation uncheck Jobs > Burst > Enable Compilation or pass '--burst-disable-compilation' to the command line in batchmode.
]]></output>
              </test-case>
              <test-case id="1503" name="AddTwoCollidingEntries_CheckAccess" fullname="GDX.Collections.Generic.IntKeyDictionaryTests.AddTwoCollidingEntries_CheckAccess" methodname="AddTwoCollidingEntries_CheckAccess" classname="GDX.Collections.Generic.IntKeyDictionaryTests" runstate="Runnable" seed="482036213" result="Passed" start-time="2023-06-08 20:28:23Z" end-time="2023-06-08 20:28:23Z" duration="0.000587" asserts="0">
                <properties>
                  <property name="Category" value="GDX.Tests" />
                </properties>
                <output><![CDATA[[Code Coverage] Code Coverage results for visited sequence points were saved in D:/BuildAgent/work/GDX-Documentation/Staging/CodeCoverage/GDX_Development-opencov/EditMode/TestCoverageResults_0100.xml
[Code Coverage] Code Coverage requires Burst Compilation to be disabled in order to obtain accurate coverage information. To disable Burst Compilation uncheck Jobs > Burst > Enable Compilation or pass '--burst-disable-compilation' to the command line in batchmode.
]]></output>
              </test-case>
              <test-case id="1504" name="AddTwoCollidingEntries_RemoveFirst_CheckSecondExists" fullname="GDX.Collections.Generic.IntKeyDictionaryTests.AddTwoCollidingEntries_RemoveFirst_CheckSecondExists" methodname="AddTwoCollidingEntries_RemoveFirst_CheckSecondExists" classname="GDX.Collections.Generic.IntKeyDictionaryTests" runstate="Runnable" seed="170291259" result="Passed" start-time="2023-06-08 20:28:24Z" end-time="2023-06-08 20:28:24Z" duration="0.000641" asserts="0">
                <properties>
                  <property name="Category" value="GDX.Tests" />
                </properties>
                <output><![CDATA[[Code Coverage] Code Coverage results for visited sequence points were saved in D:/BuildAgent/work/GDX-Documentation/Staging/CodeCoverage/GDX_Development-opencov/EditMode/TestCoverageResults_0101.xml
[Code Coverage] Code Coverage requires Burst Compilation to be disabled in order to obtain accurate coverage information. To disable Burst Compilation uncheck Jobs > Burst > Enable Compilation or pass '--burst-disable-compilation' to the command line in batchmode.
]]></output>
              </test-case>
              <test-case id="1505" name="AddTwoCollidingEntries_RemoveSecond_CheckFirstExists" fullname="GDX.Collections.Generic.IntKeyDictionaryTests.AddTwoCollidingEntries_RemoveSecond_CheckFirstExists" methodname="AddTwoCollidingEntries_RemoveSecond_CheckFirstExists" classname="GDX.Collections.Generic.IntKeyDictionaryTests" runstate="Runnable" seed="1728977413" result="Passed" start-time="2023-06-08 20:28:25Z" end-time="2023-06-08 20:28:25Z" duration="0.000380" asserts="0">
                <properties>
                  <property name="Category" value="GDX.Tests" />
                </properties>
                <output><![CDATA[[Code Coverage] Code Coverage results for visited sequence points were saved in D:/BuildAgent/work/GDX-Documentation/Staging/CodeCoverage/GDX_Development-opencov/EditMode/TestCoverageResults_0102.xml
[Code Coverage] Code Coverage requires Burst Compilation to be disabled in order to obtain accurate coverage information. To disable Burst Compilation uncheck Jobs > Burst > Enable Compilation or pass '--burst-disable-compilation' to the command line in batchmode.
]]></output>
              </test-case>
              <test-case id="1492" name="AddUnchecked_CheckExists" fullname="GDX.Collections.Generic.IntKeyDictionaryTests.AddUnchecked_CheckExists" methodname="AddUnchecked_CheckExists" classname="GDX.Collections.Generic.IntKeyDictionaryTests" runstate="Runnable" seed="62365935" result="Passed" start-time="2023-06-08 20:28:25Z" end-time="2023-06-08 20:28:25Z" duration="0.000372" asserts="0">
                <properties>
                  <property name="Category" value="GDX.Tests" />
                </properties>
                <output><![CDATA[[Code Coverage] Code Coverage results for visited sequence points were saved in D:/BuildAgent/work/GDX-Documentation/Staging/CodeCoverage/GDX_Development-opencov/EditMode/TestCoverageResults_0103.xml
[Code Coverage] Code Coverage requires Burst Compilation to be disabled in order to obtain accurate coverage information. To disable Burst Compilation uncheck Jobs > Burst > Enable Compilation or pass '--burst-disable-compilation' to the command line in batchmode.
]]></output>
              </test-case>
              <test-case id="1484" name="AddWithExpandCheck_CheckEntriesMaintainConnection" fullname="GDX.Collections.Generic.IntKeyDictionaryTests.AddWithExpandCheck_CheckEntriesMaintainConnection" methodname="AddWithExpandCheck_CheckEntriesMaintainConnection" classname="GDX.Collections.Generic.IntKeyDictionaryTests" runstate="Runnable" seed="1205049730" result="Passed" start-time="2023-06-08 20:28:26Z" end-time="2023-06-08 20:28:26Z" duration="0.000593" asserts="0">
                <properties>
                  <property name="Category" value="GDX.Tests" />
                </properties>
                <output><![CDATA[[Code Coverage] Code Coverage results for visited sequence points were saved in D:/BuildAgent/work/GDX-Documentation/Staging/CodeCoverage/GDX_Development-opencov/EditMode/TestCoverageResults_0104.xml
[Code Coverage] Code Coverage requires Burst Compilation to be disabled in order to obtain accurate coverage information. To disable Burst Compilation uncheck Jobs > Burst > Enable Compilation or pass '--burst-disable-compilation' to the command line in batchmode.
]]></output>
              </test-case>
              <test-case id="1482" name="AddWithExpandCheck_CheckExists" fullname="GDX.Collections.Generic.IntKeyDictionaryTests.AddWithExpandCheck_CheckExists" methodname="AddWithExpandCheck_CheckExists" classname="GDX.Collections.Generic.IntKeyDictionaryTests" runstate="Runnable" seed="1492648013" result="Passed" start-time="2023-06-08 20:28:26Z" end-time="2023-06-08 20:28:26Z" duration="0.000323" asserts="0">
                <properties>
                  <property name="Category" value="GDX.Tests" />
                </properties>
                <output><![CDATA[[Code Coverage] Code Coverage results for visited sequence points were saved in D:/BuildAgent/work/GDX-Documentation/Staging/CodeCoverage/GDX_Development-opencov/EditMode/TestCoverageResults_0105.xml
[Code Coverage] Code Coverage requires Burst Compilation to be disabled in order to obtain accurate coverage information. To disable Burst Compilation uncheck Jobs > Burst > Enable Compilation or pass '--burst-disable-compilation' to the command line in batchmode.
]]></output>
              </test-case>
              <test-case id="1483" name="AddWithExpandCheck_CheckExpanded" fullname="GDX.Collections.Generic.IntKeyDictionaryTests.AddWithExpandCheck_CheckExpanded" methodname="AddWithExpandCheck_CheckExpanded" classname="GDX.Collections.Generic.IntKeyDictionaryTests" runstate="Runnable" seed="736663970" result="Passed" start-time="2023-06-08 20:28:27Z" end-time="2023-06-08 20:28:27Z" duration="0.000368" asserts="0">
                <properties>
                  <property name="Category" value="GDX.Tests" />
                </properties>
                <output><![CDATA[[Code Coverage] Code Coverage results for visited sequence points were saved in D:/BuildAgent/work/GDX-Documentation/Staging/CodeCoverage/GDX_Development-opencov/EditMode/TestCoverageResults_0106.xml
[Code Coverage] Code Coverage requires Burst Compilation to be disabled in order to obtain accurate coverage information. To disable Burst Compilation uncheck Jobs > Burst > Enable Compilation or pass '--burst-disable-compilation' to the command line in batchmode.
]]></output>
              </test-case>
              <test-case id="1489" name="AddWithIndexer_CheckEntriesExist" fullname="GDX.Collections.Generic.IntKeyDictionaryTests.AddWithIndexer_CheckEntriesExist" methodname="AddWithIndexer_CheckEntriesExist" classname="GDX.Collections.Generic.IntKeyDictionaryTests" runstate="Runnable" seed="1221366966" result="Passed" start-time="2023-06-08 20:28:27Z" end-time="2023-06-08 20:28:27Z" duration="0.000688" asserts="0">
                <properties>
                  <property name="Category" value="GDX.Tests" />
                </properties>
                <output><![CDATA[[Code Coverage] Code Coverage results for visited sequence points were saved in D:/BuildAgent/work/GDX-Documentation/Staging/CodeCoverage/GDX_Development-opencov/EditMode/TestCoverageResults_0107.xml
[Code Coverage] Code Coverage requires Burst Compilation to be disabled in order to obtain accurate coverage information. To disable Burst Compilation uncheck Jobs > Burst > Enable Compilation or pass '--burst-disable-compilation' to the command line in batchmode.
]]></output>
              </test-case>
              <test-case id="1490" name="AddWithIndexer_CheckEntriesMaintainConnection" fullname="GDX.Collections.Generic.IntKeyDictionaryTests.AddWithIndexer_CheckEntriesMaintainConnection" methodname="AddWithIndexer_CheckEntriesMaintainConnection" classname="GDX.Collections.Generic.IntKeyDictionaryTests" runstate="Runnable" seed="2000809462" result="Passed" start-time="2023-06-08 20:28:28Z" end-time="2023-06-08 20:28:28Z" duration="0.000425" asserts="0">
                <properties>
                  <property name="Category" value="GDX.Tests" />
                </properties>
                <output><![CDATA[[Code Coverage] Code Coverage results for visited sequence points were saved in D:/BuildAgent/work/GDX-Documentation/Staging/CodeCoverage/GDX_Development-opencov/EditMode/TestCoverageResults_0108.xml
[Code Coverage] Code Coverage requires Burst Compilation to be disabled in order to obtain accurate coverage information. To disable Burst Compilation uncheck Jobs > Burst > Enable Compilation or pass '--burst-disable-compilation' to the command line in batchmode.
]]></output>
              </test-case>
              <test-case id="1488" name="AddWithIndexer_CheckExpanded" fullname="GDX.Collections.Generic.IntKeyDictionaryTests.AddWithIndexer_CheckExpanded" methodname="AddWithIndexer_CheckExpanded" classname="GDX.Collections.Generic.IntKeyDictionaryTests" runstate="Runnable" seed="1101541828" result="Passed" start-time="2023-06-08 20:28:29Z" end-time="2023-06-08 20:28:29Z" duration="0.000344" asserts="0">
                <properties>
                  <property name="Category" value="GDX.Tests" />
                </properties>
                <output><![CDATA[[Code Coverage] Code Coverage results for visited sequence points were saved in D:/BuildAgent/work/GDX-Documentation/Staging/CodeCoverage/GDX_Development-opencov/EditMode/TestCoverageResults_0109.xml
[Code Coverage] Code Coverage requires Burst Compilation to be disabled in order to obtain accurate coverage information. To disable Burst Compilation uncheck Jobs > Burst > Enable Compilation or pass '--burst-disable-compilation' to the command line in batchmode.
]]></output>
              </test-case>
              <test-case id="1491" name="AddWithUniqueCheck_CheckExists" fullname="GDX.Collections.Generic.IntKeyDictionaryTests.AddWithUniqueCheck_CheckExists" methodname="AddWithUniqueCheck_CheckExists" classname="GDX.Collections.Generic.IntKeyDictionaryTests" runstate="Runnable" seed="1647132621" result="Passed" start-time="2023-06-08 20:28:29Z" end-time="2023-06-08 20:28:29Z" duration="0.000460" asserts="0">
                <properties>
                  <property name="Category" value="GDX.Tests" />
                </properties>
                <output><![CDATA[[Code Coverage] Code Coverage results for visited sequence points were saved in D:/BuildAgent/work/GDX-Documentation/Staging/CodeCoverage/GDX_Development-opencov/EditMode/TestCoverageResults_0110.xml
[Code Coverage] Code Coverage requires Burst Compilation to be disabled in order to obtain accurate coverage information. To disable Burst Compilation uncheck Jobs > Burst > Enable Compilation or pass '--burst-disable-compilation' to the command line in batchmode.
]]></output>
              </test-case>
              <test-case id="1499" name="AddWithUniqueCheckTwice_CheckAddedOnlyOnce" fullname="GDX.Collections.Generic.IntKeyDictionaryTests.AddWithUniqueCheckTwice_CheckAddedOnlyOnce" methodname="AddWithUniqueCheckTwice_CheckAddedOnlyOnce" classname="GDX.Collections.Generic.IntKeyDictionaryTests" runstate="Runnable" seed="1882672461" result="Passed" start-time="2023-06-08 20:28:30Z" end-time="2023-06-08 20:28:30Z" duration="0.000453" asserts="0">
                <properties>
                  <property name="Category" value="GDX.Tests" />
                </properties>
                <output><![CDATA[[Code Coverage] Code Coverage results for visited sequence points were saved in D:/BuildAgent/work/GDX-Documentation/Staging/CodeCoverage/GDX_Development-opencov/EditMode/TestCoverageResults_0111.xml
[Code Coverage] Code Coverage requires Burst Compilation to be disabled in order to obtain accurate coverage information. To disable Burst Compilation uncheck Jobs > Burst > Enable Compilation or pass '--burst-disable-compilation' to the command line in batchmode.
]]></output>
              </test-case>
              <test-case id="1511" name="Clear_CheckCleared" fullname="GDX.Collections.Generic.IntKeyDictionaryTests.Clear_CheckCleared" methodname="Clear_CheckCleared" classname="GDX.Collections.Generic.IntKeyDictionaryTests" runstate="Runnable" seed="390531024" result="Passed" start-time="2023-06-08 20:28:30Z" end-time="2023-06-08 20:28:30Z" duration="0.000610" asserts="0">
                <properties>
                  <property name="Category" value="GDX.Tests" />
                </properties>
                <output><![CDATA[[Code Coverage] Code Coverage results for visited sequence points were saved in D:/BuildAgent/work/GDX-Documentation/Staging/CodeCoverage/GDX_Development-opencov/EditMode/TestCoverageResults_0112.xml
[Code Coverage] Code Coverage requires Burst Compilation to be disabled in order to obtain accurate coverage information. To disable Burst Compilation uncheck Jobs > Burst > Enable Compilation or pass '--burst-disable-compilation' to the command line in batchmode.
]]></output>
              </test-case>
              <test-case id="1479" name="Constructor_RequestBelowPrimeMinimum_PrimeCapacity" fullname="GDX.Collections.Generic.IntKeyDictionaryTests.Constructor_RequestBelowPrimeMinimum_PrimeCapacity" methodname="Constructor_RequestBelowPrimeMinimum_PrimeCapacity" classname="GDX.Collections.Generic.IntKeyDictionaryTests" runstate="Runnable" seed="403011614" result="Passed" start-time="2023-06-08 20:28:31Z" end-time="2023-06-08 20:28:31Z" duration="0.000350" asserts="0">
                <properties>
                  <property name="Category" value="GDX.Tests" />
                </properties>
                <output><![CDATA[[Code Coverage] Code Coverage results for visited sequence points were saved in D:/BuildAgent/work/GDX-Documentation/Staging/CodeCoverage/GDX_Development-opencov/EditMode/TestCoverageResults_0113.xml
[Code Coverage] Code Coverage requires Burst Compilation to be disabled in order to obtain accurate coverage information. To disable Burst Compilation uncheck Jobs > Burst > Enable Compilation or pass '--burst-disable-compilation' to the command line in batchmode.
]]></output>
              </test-case>
              <test-case id="1478" name="Constructor_RequestPrimeMinimum_PrimeCapacity" fullname="GDX.Collections.Generic.IntKeyDictionaryTests.Constructor_RequestPrimeMinimum_PrimeCapacity" methodname="Constructor_RequestPrimeMinimum_PrimeCapacity" classname="GDX.Collections.Generic.IntKeyDictionaryTests" runstate="Runnable" seed="1967190159" result="Passed" start-time="2023-06-08 20:28:32Z" end-time="2023-06-08 20:28:32Z" duration="0.000303" asserts="0">
                <properties>
                  <property name="Category" value="GDX.Tests" />
                </properties>
                <output><![CDATA[[Code Coverage] Code Coverage results for visited sequence points were saved in D:/BuildAgent/work/GDX-Documentation/Staging/CodeCoverage/GDX_Development-opencov/EditMode/TestCoverageResults_0114.xml
[Code Coverage] Code Coverage requires Burst Compilation to be disabled in order to obtain accurate coverage information. To disable Burst Compilation uncheck Jobs > Burst > Enable Compilation or pass '--burst-disable-compilation' to the command line in batchmode.
]]></output>
              </test-case>
              <test-case id="1477" name="Constructor_RequestZeroMinimum_PrimeCapacity" fullname="GDX.Collections.Generic.IntKeyDictionaryTests.Constructor_RequestZeroMinimum_PrimeCapacity" methodname="Constructor_RequestZeroMinimum_PrimeCapacity" classname="GDX.Collections.Generic.IntKeyDictionaryTests" runstate="Runnable" seed="2086196768" result="Passed" start-time="2023-06-08 20:28:33Z" end-time="2023-06-08 20:28:33Z" duration="0.000328" asserts="0">
                <properties>
                  <property name="Category" value="GDX.Tests" />
                </properties>
                <output><![CDATA[[Code Coverage] Code Coverage results for visited sequence points were saved in D:/BuildAgent/work/GDX-Documentation/Staging/CodeCoverage/GDX_Development-opencov/EditMode/TestCoverageResults_0115.xml
[Code Coverage] Code Coverage requires Burst Compilation to be disabled in order to obtain accurate coverage information. To disable Burst Compilation uncheck Jobs > Burst > Enable Compilation or pass '--burst-disable-compilation' to the command line in batchmode.
]]></output>
              </test-case>
              <test-case id="1485" name="ExpandWhenFull_CheckExpanded" fullname="GDX.Collections.Generic.IntKeyDictionaryTests.ExpandWhenFull_CheckExpanded" methodname="ExpandWhenFull_CheckExpanded" classname="GDX.Collections.Generic.IntKeyDictionaryTests" runstate="Runnable" seed="1762842287" result="Passed" start-time="2023-06-08 20:28:33Z" end-time="2023-06-08 20:28:33Z" duration="0.000342" asserts="0">
                <properties>
                  <property name="Category" value="GDX.Tests" />
                </properties>
                <output><![CDATA[[Code Coverage] Code Coverage results for visited sequence points were saved in D:/BuildAgent/work/GDX-Documentation/Staging/CodeCoverage/GDX_Development-opencov/EditMode/TestCoverageResults_0116.xml
[Code Coverage] Code Coverage requires Burst Compilation to be disabled in order to obtain accurate coverage information. To disable Burst Compilation uncheck Jobs > Burst > Enable Compilation or pass '--burst-disable-compilation' to the command line in batchmode.
]]></output>
              </test-case>
              <test-case id="1481" name="IndexerAdd_CheckExists" fullname="GDX.Collections.Generic.IntKeyDictionaryTests.IndexerAdd_CheckExists" methodname="IndexerAdd_CheckExists" classname="GDX.Collections.Generic.IntKeyDictionaryTests" runstate="Runnable" seed="1603463353" result="Passed" start-time="2023-06-08 20:28:34Z" end-time="2023-06-08 20:28:34Z" duration="0.000309" asserts="0">
                <properties>
                  <property name="Category" value="GDX.Tests" />
                </properties>
                <output><![CDATA[[Code Coverage] Code Coverage results for visited sequence points were saved in D:/BuildAgent/work/GDX-Documentation/Staging/CodeCoverage/GDX_Development-opencov/EditMode/TestCoverageResults_0117.xml
[Code Coverage] Code Coverage requires Burst Compilation to be disabled in order to obtain accurate coverage information. To disable Burst Compilation uncheck Jobs > Burst > Enable Compilation or pass '--burst-disable-compilation' to the command line in batchmode.
]]></output>
              </test-case>
              <test-case id="1501" name="IndexOf_CheckCorrectIndex" fullname="GDX.Collections.Generic.IntKeyDictionaryTests.IndexOf_CheckCorrectIndex" methodname="IndexOf_CheckCorrectIndex" classname="GDX.Collections.Generic.IntKeyDictionaryTests" runstate="Runnable" seed="714664568" result="Passed" start-time="2023-06-08 20:28:34Z" end-time="2023-06-08 20:28:34Z" duration="0.000450" asserts="0">
                <properties>
                  <property name="Category" value="GDX.Tests" />
                </properties>
                <output><![CDATA[[Code Coverage] Code Coverage results for visited sequence points were saved in D:/BuildAgent/work/GDX-Documentation/Staging/CodeCoverage/GDX_Development-opencov/EditMode/TestCoverageResults_0118.xml
[Code Coverage] Code Coverage requires Burst Compilation to be disabled in order to obtain accurate coverage information. To disable Burst Compilation uncheck Jobs > Burst > Enable Compilation or pass '--burst-disable-compilation' to the command line in batchmode.
]]></output>
              </test-case>
              <test-case id="1502" name="IndexOf_CheckEntryDoesNotExist" fullname="GDX.Collections.Generic.IntKeyDictionaryTests.IndexOf_CheckEntryDoesNotExist" methodname="IndexOf_CheckEntryDoesNotExist" classname="GDX.Collections.Generic.IntKeyDictionaryTests" runstate="Runnable" seed="1225360192" result="Passed" start-time="2023-06-08 20:28:35Z" end-time="2023-06-08 20:28:35Z" duration="0.000288" asserts="0">
                <properties>
                  <property name="Category" value="GDX.Tests" />
                </properties>
                <output><![CDATA[[Code Coverage] Code Coverage results for visited sequence points were saved in D:/BuildAgent/work/GDX-Documentation/Staging/CodeCoverage/GDX_Development-opencov/EditMode/TestCoverageResults_0119.xml
[Code Coverage] Code Coverage requires Burst Compilation to be disabled in order to obtain accurate coverage information. To disable Burst Compilation uncheck Jobs > Burst > Enable Compilation or pass '--burst-disable-compilation' to the command line in batchmode.
]]></output>
              </test-case>
              <test-case id="1506" name="MoveNext_FindAllEntries" fullname="GDX.Collections.Generic.IntKeyDictionaryTests.MoveNext_FindAllEntries" methodname="MoveNext_FindAllEntries" classname="GDX.Collections.Generic.IntKeyDictionaryTests" runstate="Runnable" seed="1811300927" result="Passed" start-time="2023-06-08 20:28:36Z" end-time="2023-06-08 20:28:36Z" duration="0.000537" asserts="0">
                <properties>
                  <property name="Category" value="GDX.Tests" />
                </properties>
                <output><![CDATA[[Code Coverage] Code Coverage results for visited sequence points were saved in D:/BuildAgent/work/GDX-Documentation/Staging/CodeCoverage/GDX_Development-opencov/EditMode/TestCoverageResults_0120.xml
[Code Coverage] Code Coverage requires Burst Compilation to be disabled in order to obtain accurate coverage information. To disable Burst Compilation uncheck Jobs > Burst > Enable Compilation or pass '--burst-disable-compilation' to the command line in batchmode.
]]></output>
              </test-case>
              <test-case id="1507" name="MoveNext_NoVersionOrOutValue_FindAllEntries" fullname="GDX.Collections.Generic.IntKeyDictionaryTests.MoveNext_NoVersionOrOutValue_FindAllEntries" methodname="MoveNext_NoVersionOrOutValue_FindAllEntries" classname="GDX.Collections.Generic.IntKeyDictionaryTests" runstate="Runnable" seed="729445193" result="Passed" start-time="2023-06-08 20:28:36Z" end-time="2023-06-08 20:28:36Z" duration="0.000590" asserts="0">
                <properties>
                  <property name="Category" value="GDX.Tests" />
                </properties>
                <output><![CDATA[[Code Coverage] Code Coverage results for visited sequence points were saved in D:/BuildAgent/work/GDX-Documentation/Staging/CodeCoverage/GDX_Development-opencov/EditMode/TestCoverageResults_0121.xml
[Code Coverage] Code Coverage requires Burst Compilation to be disabled in order to obtain accurate coverage information. To disable Burst Compilation uncheck Jobs > Burst > Enable Compilation or pass '--burst-disable-compilation' to the command line in batchmode.
]]></output>
              </test-case>
              <test-case id="1509" name="MoveNextWithVersion_CheckEarlyOutFromInvalidation" fullname="GDX.Collections.Generic.IntKeyDictionaryTests.MoveNextWithVersion_CheckEarlyOutFromInvalidation" methodname="MoveNextWithVersion_CheckEarlyOutFromInvalidation" classname="GDX.Collections.Generic.IntKeyDictionaryTests" runstate="Runnable" seed="1527977696" result="Passed" start-time="2023-06-08 20:28:37Z" end-time="2023-06-08 20:28:37Z" duration="0.000568" asserts="0">
                <properties>
                  <property name="Category" value="GDX.Tests" />
                </properties>
                <output><![CDATA[[Code Coverage] Code Coverage results for visited sequence points were saved in D:/BuildAgent/work/GDX-Documentation/Staging/CodeCoverage/GDX_Development-opencov/EditMode/TestCoverageResults_0122.xml
[Code Coverage] Code Coverage requires Burst Compilation to be disabled in order to obtain accurate coverage information. To disable Burst Compilation uncheck Jobs > Burst > Enable Compilation or pass '--burst-disable-compilation' to the command line in batchmode.
]]></output>
              </test-case>
              <test-case id="1508" name="MoveNextWithVersion_FindAllEntries" fullname="GDX.Collections.Generic.IntKeyDictionaryTests.MoveNextWithVersion_FindAllEntries" methodname="MoveNextWithVersion_FindAllEntries" classname="GDX.Collections.Generic.IntKeyDictionaryTests" runstate="Runnable" seed="1097037345" result="Passed" start-time="2023-06-08 20:28:37Z" end-time="2023-06-08 20:28:37Z" duration="0.000388" asserts="0">
                <properties>
                  <property name="Category" value="GDX.Tests" />
                </properties>
                <output><![CDATA[[Code Coverage] Code Coverage results for visited sequence points were saved in D:/BuildAgent/work/GDX-Documentation/Staging/CodeCoverage/GDX_Development-opencov/EditMode/TestCoverageResults_0123.xml
[Code Coverage] Code Coverage requires Burst Compilation to be disabled in order to obtain accurate coverage information. To disable Burst Compilation uncheck Jobs > Burst > Enable Compilation or pass '--burst-disable-compilation' to the command line in batchmode.
]]></output>
              </test-case>
              <test-case id="1500" name="Reserve_CheckExpandedCapacity" fullname="GDX.Collections.Generic.IntKeyDictionaryTests.Reserve_CheckExpandedCapacity" methodname="Reserve_CheckExpandedCapacity" classname="GDX.Collections.Generic.IntKeyDictionaryTests" runstate="Runnable" seed="1812970820" result="Passed" start-time="2023-06-08 20:28:38Z" end-time="2023-06-08 20:28:38Z" duration="0.000553" asserts="0">
                <properties>
                  <property name="Category" value="GDX.Tests" />
                </properties>
                <output><![CDATA[[Code Coverage] Code Coverage results for visited sequence points were saved in D:/BuildAgent/work/GDX-Documentation/Staging/CodeCoverage/GDX_Development-opencov/EditMode/TestCoverageResults_0124.xml
[Code Coverage] Code Coverage requires Burst Compilation to be disabled in order to obtain accurate coverage information. To disable Burst Compilation uncheck Jobs > Burst > Enable Compilation or pass '--burst-disable-compilation' to the command line in batchmode.
]]></output>
              </test-case>
              <test-case id="1510" name="TryGetValue" fullname="GDX.Collections.Generic.IntKeyDictionaryTests.TryGetValue" methodname="TryGetValue" classname="GDX.Collections.Generic.IntKeyDictionaryTests" runstate="Runnable" seed="1231662911" result="Passed" start-time="2023-06-08 20:28:39Z" end-time="2023-06-08 20:28:39Z" duration="0.000735" asserts="0">
                <properties>
                  <property name="Category" value="GDX.Tests" />
                </properties>
                <output><![CDATA[[Code Coverage] Code Coverage results for visited sequence points were saved in D:/BuildAgent/work/GDX-Documentation/Staging/CodeCoverage/GDX_Development-opencov/EditMode/TestCoverageResults_0125.xml
[Code Coverage] Code Coverage requires Burst Compilation to be disabled in order to obtain accurate coverage information. To disable Burst Compilation uncheck Jobs > Burst > Enable Compilation or pass '--burst-disable-compilation' to the command line in batchmode.
]]></output>
              </test-case>
              <test-case id="1493" name="TryModify_CheckActuallyModified" fullname="GDX.Collections.Generic.IntKeyDictionaryTests.TryModify_CheckActuallyModified" methodname="TryModify_CheckActuallyModified" classname="GDX.Collections.Generic.IntKeyDictionaryTests" runstate="Runnable" seed="88094473" result="Passed" start-time="2023-06-08 20:28:39Z" end-time="2023-06-08 20:28:39Z" duration="0.000441" asserts="0">
                <properties>
                  <property name="Category" value="GDX.Tests" />
                </properties>
                <output><![CDATA[[Code Coverage] Code Coverage results for visited sequence points were saved in D:/BuildAgent/work/GDX-Documentation/Staging/CodeCoverage/GDX_Development-opencov/EditMode/TestCoverageResults_0126.xml
[Code Coverage] Code Coverage requires Burst Compilation to be disabled in order to obtain accurate coverage information. To disable Burst Compilation uncheck Jobs > Burst > Enable Compilation or pass '--burst-disable-compilation' to the command line in batchmode.
]]></output>
              </test-case>
              <test-case id="1494" name="TryModify_CheckNotModified" fullname="GDX.Collections.Generic.IntKeyDictionaryTests.TryModify_CheckNotModified" methodname="TryModify_CheckNotModified" classname="GDX.Collections.Generic.IntKeyDictionaryTests" runstate="Runnable" seed="398532201" result="Passed" start-time="2023-06-08 20:28:40Z" end-time="2023-06-08 20:28:40Z" duration="0.000330" asserts="0">
                <properties>
                  <property name="Category" value="GDX.Tests" />
                </properties>
                <output><![CDATA[[Code Coverage] Code Coverage results for visited sequence points were saved in D:/BuildAgent/work/GDX-Documentation/Staging/CodeCoverage/GDX_Development-opencov/EditMode/TestCoverageResults_0127.xml
[Code Coverage] Code Coverage requires Burst Compilation to be disabled in order to obtain accurate coverage information. To disable Burst Compilation uncheck Jobs > Burst > Enable Compilation or pass '--burst-disable-compilation' to the command line in batchmode.
]]></output>
              </test-case>
              <test-case id="1495" name="TryRemove_CheckActuallyRemoved" fullname="GDX.Collections.Generic.IntKeyDictionaryTests.TryRemove_CheckActuallyRemoved" methodname="TryRemove_CheckActuallyRemoved" classname="GDX.Collections.Generic.IntKeyDictionaryTests" runstate="Runnable" seed="436455083" result="Passed" start-time="2023-06-08 20:28:40Z" end-time="2023-06-08 20:28:40Z" duration="0.000379" asserts="0">
                <properties>
                  <property name="Category" value="GDX.Tests" />
                </properties>
                <output><![CDATA[[Code Coverage] Code Coverage results for visited sequence points were saved in D:/BuildAgent/work/GDX-Documentation/Staging/CodeCoverage/GDX_Development-opencov/EditMode/TestCoverageResults_0128.xml
[Code Coverage] Code Coverage requires Burst Compilation to be disabled in order to obtain accurate coverage information. To disable Burst Compilation uncheck Jobs > Burst > Enable Compilation or pass '--burst-disable-compilation' to the command line in batchmode.
]]></output>
              </test-case>
              <test-case id="1496" name="TryRemove_Twice_CheckCorrectReturnValues" fullname="GDX.Collections.Generic.IntKeyDictionaryTests.TryRemove_Twice_CheckCorrectReturnValues" methodname="TryRemove_Twice_CheckCorrectReturnValues" classname="GDX.Collections.Generic.IntKeyDictionaryTests" runstate="Runnable" seed="1280134771" result="Passed" start-time="2023-06-08 20:28:41Z" end-time="2023-06-08 20:28:41Z" duration="0.000325" asserts="0">
                <properties>
                  <property name="Category" value="GDX.Tests" />
                </properties>
                <output><![CDATA[[Code Coverage] Code Coverage results for visited sequence points were saved in D:/BuildAgent/work/GDX-Documentation/Staging/CodeCoverage/GDX_Development-opencov/EditMode/TestCoverageResults_0129.xml
[Code Coverage] Code Coverage requires Burst Compilation to be disabled in order to obtain accurate coverage information. To disable Burst Compilation uncheck Jobs > Burst > Enable Compilation or pass '--burst-disable-compilation' to the command line in batchmode.
]]></output>
              </test-case>
              <test-case id="1497" name="TryRemoveNoValueClear_CheckActuallyRemoved" fullname="GDX.Collections.Generic.IntKeyDictionaryTests.TryRemoveNoValueClear_CheckActuallyRemoved" methodname="TryRemoveNoValueClear_CheckActuallyRemoved" classname="GDX.Collections.Generic.IntKeyDictionaryTests" runstate="Runnable" seed="1673962097" result="Passed" start-time="2023-06-08 20:28:41Z" end-time="2023-06-08 20:28:41Z" duration="0.000734" asserts="0">
                <properties>
                  <property name="Category" value="GDX.Tests" />
                </properties>
                <output><![CDATA[[Code Coverage] Code Coverage results for visited sequence points were saved in D:/BuildAgent/work/GDX-Documentation/Staging/CodeCoverage/GDX_Development-opencov/EditMode/TestCoverageResults_0130.xml
[Code Coverage] Code Coverage requires Burst Compilation to be disabled in order to obtain accurate coverage information. To disable Burst Compilation uncheck Jobs > Burst > Enable Compilation or pass '--burst-disable-compilation' to the command line in batchmode.
]]></output>
              </test-case>
              <test-case id="1498" name="TryRemoveNoValueClear_Twice_CheckCorrectReturnValues" fullname="GDX.Collections.Generic.IntKeyDictionaryTests.TryRemoveNoValueClear_Twice_CheckCorrectReturnValues" methodname="TryRemoveNoValueClear_Twice_CheckCorrectReturnValues" classname="GDX.Collections.Generic.IntKeyDictionaryTests" runstate="Runnable" seed="2064965846" result="Passed" start-time="2023-06-08 20:28:42Z" end-time="2023-06-08 20:28:42Z" duration="0.000326" asserts="0">
                <properties>
                  <property name="Category" value="GDX.Tests" />
                </properties>
                <output><![CDATA[[Code Coverage] Code Coverage results for visited sequence points were saved in D:/BuildAgent/work/GDX-Documentation/Staging/CodeCoverage/GDX_Development-opencov/EditMode/TestCoverageResults_0131.xml
[Code Coverage] Code Coverage requires Burst Compilation to be disabled in order to obtain accurate coverage information. To disable Burst Compilation uncheck Jobs > Burst > Enable Compilation or pass '--burst-disable-compilation' to the command line in batchmode.
]]></output>
              </test-case>
            </test-suite>
            <test-suite type="TestFixture" id="1464" name="ListExtensionsTests" fullname="GDX.Collections.Generic.ListExtensionsTests" classname="GDX.Collections.Generic.ListExtensionsTests" runstate="Runnable" testcasecount="11" result="Passed" start-time="2023-06-08 20:28:43Z" end-time="2023-06-08 20:28:50Z" duration="6.909358" total="11" passed="11" failed="0" inconclusive="0" skipped="0" asserts="0">
              <properties />
              <test-case id="1466" name="AddUniqueItem_NonUniqueItem_ReturnsFalse" fullname="GDX.Collections.Generic.ListExtensionsTests.AddUniqueItem_NonUniqueItem_ReturnsFalse" methodname="AddUniqueItem_NonUniqueItem_ReturnsFalse" classname="GDX.Collections.Generic.ListExtensionsTests" runstate="Runnable" seed="1934182826" result="Passed" start-time="2023-06-08 20:28:43Z" end-time="2023-06-08 20:28:43Z" duration="0.000682" asserts="0">
                <properties>
                  <property name="Category" value="GDX.Tests" />
                </properties>
                <output><![CDATA[[Code Coverage] Code Coverage results for visited sequence points were saved in D:/BuildAgent/work/GDX-Documentation/Staging/CodeCoverage/GDX_Development-opencov/EditMode/TestCoverageResults_0132.xml
[Code Coverage] Code Coverage requires Burst Compilation to be disabled in order to obtain accurate coverage information. To disable Burst Compilation uncheck Jobs > Burst > Enable Compilation or pass '--burst-disable-compilation' to the command line in batchmode.
]]></output>
              </test-case>
              <test-case id="1465" name="AddUniqueItem_UniqueItem_ReturnsTrue" fullname="GDX.Collections.Generic.ListExtensionsTests.AddUniqueItem_UniqueItem_ReturnsTrue" methodname="AddUniqueItem_UniqueItem_ReturnsTrue" classname="GDX.Collections.Generic.ListExtensionsTests" runstate="Runnable" seed="488173615" result="Passed" start-time="2023-06-08 20:28:43Z" end-time="2023-06-08 20:28:43Z" duration="0.000386" asserts="0">
                <properties>
                  <property name="Category" value="GDX.Tests" />
                </properties>
                <output><![CDATA[[Code Coverage] Code Coverage results for visited sequence points were saved in D:/BuildAgent/work/GDX-Documentation/Staging/CodeCoverage/GDX_Development-opencov/EditMode/TestCoverageResults_0133.xml
[Code Coverage] Code Coverage requires Burst Compilation to be disabled in order to obtain accurate coverage information. To disable Burst Compilation uncheck Jobs > Burst > Enable Compilation or pass '--burst-disable-compilation' to the command line in batchmode.
]]></output>
              </test-case>
              <test-case id="1467" name="ContainsItem_MockData_FindsItem" fullname="GDX.Collections.Generic.ListExtensionsTests.ContainsItem_MockData_FindsItem" methodname="ContainsItem_MockData_FindsItem" classname="GDX.Collections.Generic.ListExtensionsTests" runstate="Runnable" seed="1548908506" result="Passed" start-time="2023-06-08 20:28:44Z" end-time="2023-06-08 20:28:44Z" duration="0.000342" asserts="0">
                <properties>
                  <property name="Category" value="GDX.Tests" />
                </properties>
                <output><![CDATA[[Code Coverage] Code Coverage results for visited sequence points were saved in D:/BuildAgent/work/GDX-Documentation/Staging/CodeCoverage/GDX_Development-opencov/EditMode/TestCoverageResults_0134.xml
[Code Coverage] Code Coverage requires Burst Compilation to be disabled in order to obtain accurate coverage information. To disable Burst Compilation uncheck Jobs > Burst > Enable Compilation or pass '--burst-disable-compilation' to the command line in batchmode.
]]></output>
              </test-case>
              <test-case id="1468" name="ContainsItem_StringArray_FindsItem" fullname="GDX.Collections.Generic.ListExtensionsTests.ContainsItem_StringArray_FindsItem" methodname="ContainsItem_StringArray_FindsItem" classname="GDX.Collections.Generic.ListExtensionsTests" runstate="Runnable" seed="1539711592" result="Passed" start-time="2023-06-08 20:28:45Z" end-time="2023-06-08 20:28:45Z" duration="0.000404" asserts="0">
                <properties>
                  <property name="Category" value="GDX.Tests" />
                </properties>
                <output><![CDATA[[Code Coverage] Code Coverage results for visited sequence points were saved in D:/BuildAgent/work/GDX-Documentation/Staging/CodeCoverage/GDX_Development-opencov/EditMode/TestCoverageResults_0135.xml
[Code Coverage] Code Coverage requires Burst Compilation to be disabled in order to obtain accurate coverage information. To disable Burst Compilation uncheck Jobs > Burst > Enable Compilation or pass '--burst-disable-compilation' to the command line in batchmode.
]]></output>
              </test-case>
              <test-case id="1470" name="RemoveFirstItem_BadMockData_ReturnsFalse" fullname="GDX.Collections.Generic.ListExtensionsTests.RemoveFirstItem_BadMockData_ReturnsFalse" methodname="RemoveFirstItem_BadMockData_ReturnsFalse" classname="GDX.Collections.Generic.ListExtensionsTests" runstate="Runnable" seed="608358735" result="Passed" start-time="2023-06-08 20:28:45Z" end-time="2023-06-08 20:28:45Z" duration="0.000484" asserts="0">
                <properties>
                  <property name="Category" value="GDX.Tests" />
                </properties>
                <output><![CDATA[[Code Coverage] Code Coverage results for visited sequence points were saved in D:/BuildAgent/work/GDX-Documentation/Staging/CodeCoverage/GDX_Development-opencov/EditMode/TestCoverageResults_0136.xml
[Code Coverage] Code Coverage requires Burst Compilation to be disabled in order to obtain accurate coverage information. To disable Burst Compilation uncheck Jobs > Burst > Enable Compilation or pass '--burst-disable-compilation' to the command line in batchmode.
]]></output>
              </test-case>
              <test-case id="1469" name="RemoveFirstItem_MockData_RemovedItem" fullname="GDX.Collections.Generic.ListExtensionsTests.RemoveFirstItem_MockData_RemovedItem" methodname="RemoveFirstItem_MockData_RemovedItem" classname="GDX.Collections.Generic.ListExtensionsTests" runstate="Runnable" seed="1121438438" result="Passed" start-time="2023-06-08 20:28:46Z" end-time="2023-06-08 20:28:46Z" duration="0.000441" asserts="0">
                <properties>
                  <property name="Category" value="GDX.Tests" />
                </properties>
                <output><![CDATA[[Code Coverage] Code Coverage results for visited sequence points were saved in D:/BuildAgent/work/GDX-Documentation/Staging/CodeCoverage/GDX_Development-opencov/EditMode/TestCoverageResults_0137.xml
[Code Coverage] Code Coverage requires Burst Compilation to be disabled in order to obtain accurate coverage information. To disable Burst Compilation uncheck Jobs > Burst > Enable Compilation or pass '--burst-disable-compilation' to the command line in batchmode.
]]></output>
              </test-case>
              <test-case id="1474" name="RemoveItems_MockData_RemovedItems" fullname="GDX.Collections.Generic.ListExtensionsTests.RemoveItems_MockData_RemovedItems" methodname="RemoveItems_MockData_RemovedItems" classname="GDX.Collections.Generic.ListExtensionsTests" runstate="Runnable" seed="1522203166" result="Passed" start-time="2023-06-08 20:28:47Z" end-time="2023-06-08 20:28:47Z" duration="0.000499" asserts="0">
                <properties>
                  <property name="Category" value="GDX.Tests" />
                </properties>
                <output><![CDATA[[Code Coverage] Code Coverage results for visited sequence points were saved in D:/BuildAgent/work/GDX-Documentation/Staging/CodeCoverage/GDX_Development-opencov/EditMode/TestCoverageResults_0138.xml
[Code Coverage] Code Coverage requires Burst Compilation to be disabled in order to obtain accurate coverage information. To disable Burst Compilation uncheck Jobs > Burst > Enable Compilation or pass '--burst-disable-compilation' to the command line in batchmode.
]]></output>
              </test-case>
              <test-case id="1471" name="RemoveItemSwap_MockData_RemovedItem" fullname="GDX.Collections.Generic.ListExtensionsTests.RemoveItemSwap_MockData_RemovedItem" methodname="RemoveItemSwap_MockData_RemovedItem" classname="GDX.Collections.Generic.ListExtensionsTests" runstate="Runnable" seed="1407517527" result="Passed" start-time="2023-06-08 20:28:47Z" end-time="2023-06-08 20:28:47Z" duration="0.000534" asserts="0">
                <properties>
                  <property name="Category" value="GDX.Tests" />
                </properties>
                <output><![CDATA[[Code Coverage] Code Coverage results for visited sequence points were saved in D:/BuildAgent/work/GDX-Documentation/Staging/CodeCoverage/GDX_Development-opencov/EditMode/TestCoverageResults_0139.xml
[Code Coverage] Code Coverage requires Burst Compilation to be disabled in order to obtain accurate coverage information. To disable Burst Compilation uncheck Jobs > Burst > Enable Compilation or pass '--burst-disable-compilation' to the command line in batchmode.
]]></output>
              </test-case>
              <test-case id="1473" name="RemoveLastItem_BadMockData_ReturnsFalse" fullname="GDX.Collections.Generic.ListExtensionsTests.RemoveLastItem_BadMockData_ReturnsFalse" methodname="RemoveLastItem_BadMockData_ReturnsFalse" classname="GDX.Collections.Generic.ListExtensionsTests" runstate="Runnable" seed="987104079" result="Passed" start-time="2023-06-08 20:28:48Z" end-time="2023-06-08 20:28:48Z" duration="0.000476" asserts="0">
                <properties>
                  <property name="Category" value="GDX.Tests" />
                </properties>
                <output><![CDATA[[Code Coverage] Code Coverage results for visited sequence points were saved in D:/BuildAgent/work/GDX-Documentation/Staging/CodeCoverage/GDX_Development-opencov/EditMode/TestCoverageResults_0140.xml
[Code Coverage] Code Coverage requires Burst Compilation to be disabled in order to obtain accurate coverage information. To disable Burst Compilation uncheck Jobs > Burst > Enable Compilation or pass '--burst-disable-compilation' to the command line in batchmode.
]]></output>
              </test-case>
              <test-case id="1472" name="RemoveLastItem_MockData_RemovedItems" fullname="GDX.Collections.Generic.ListExtensionsTests.RemoveLastItem_MockData_RemovedItems" methodname="RemoveLastItem_MockData_RemovedItems" classname="GDX.Collections.Generic.ListExtensionsTests" runstate="Runnable" seed="334188989" result="Passed" start-time="2023-06-08 20:28:48Z" end-time="2023-06-08 20:28:48Z" duration="0.000514" asserts="0">
                <properties>
                  <property name="Category" value="GDX.Tests" />
                </properties>
                <output><![CDATA[[Code Coverage] Code Coverage results for visited sequence points were saved in D:/BuildAgent/work/GDX-Documentation/Staging/CodeCoverage/GDX_Development-opencov/EditMode/TestCoverageResults_0141.xml
[Code Coverage] Code Coverage requires Burst Compilation to be disabled in order to obtain accurate coverage information. To disable Burst Compilation uncheck Jobs > Burst > Enable Compilation or pass '--burst-disable-compilation' to the command line in batchmode.
]]></output>
              </test-case>
              <test-case id="1475" name="Shuffle_MockData_HasDifferences" fullname="GDX.Collections.Generic.ListExtensionsTests.Shuffle_MockData_HasDifferences" methodname="Shuffle_MockData_HasDifferences" classname="GDX.Collections.Generic.ListExtensionsTests" runstate="Runnable" seed="1711829417" result="Passed" start-time="2023-06-08 20:28:49Z" end-time="2023-06-08 20:28:49Z" duration="0.000942" asserts="0">
                <properties>
                  <property name="Category" value="GDX.Tests" />
                </properties>
                <output><![CDATA[[Code Coverage] Code Coverage results for visited sequence points were saved in D:/BuildAgent/work/GDX-Documentation/Staging/CodeCoverage/GDX_Development-opencov/EditMode/TestCoverageResults_0142.xml
[Code Coverage] Code Coverage requires Burst Compilation to be disabled in order to obtain accurate coverage information. To disable Burst Compilation uncheck Jobs > Burst > Enable Compilation or pass '--burst-disable-compilation' to the command line in batchmode.
]]></output>
              </test-case>
            </test-suite>
            <test-suite type="TestFixture" id="1512" name="NativeArray3DTests" fullname="GDX.Collections.Generic.NativeArray3DTests" classname="GDX.Collections.Generic.NativeArray3DTests" runstate="Runnable" testcasecount="10" result="Passed" start-time="2023-06-08 20:28:50Z" end-time="2023-06-08 20:28:56Z" duration="5.939895" total="10" passed="10" failed="0" inconclusive="0" skipped="0" asserts="0">
              <properties />
              <test-case id="1513" name="Constructor_CorrectSizes" fullname="GDX.Collections.Generic.NativeArray3DTests.Constructor_CorrectSizes" methodname="Constructor_CorrectSizes" classname="GDX.Collections.Generic.NativeArray3DTests" runstate="Runnable" seed="1710267457" result="Passed" start-time="2023-06-08 20:28:50Z" end-time="2023-06-08 20:28:50Z" duration="0.002096" asserts="0">
                <properties>
                  <property name="Category" value="GDX.Tests" />
                </properties>
                <output><![CDATA[[Code Coverage] Code Coverage results for visited sequence points were saved in D:/BuildAgent/work/GDX-Documentation/Staging/CodeCoverage/GDX_Development-opencov/EditMode/TestCoverageResults_0143.xml
[Code Coverage] Code Coverage requires Burst Compilation to be disabled in order to obtain accurate coverage information. To disable Burst Compilation uncheck Jobs > Burst > Enable Compilation or pass '--burst-disable-compilation' to the command line in batchmode.
]]></output>
              </test-case>
              <test-case id="1514" name="GetByIndex_LastSpot_ValidEntry" fullname="GDX.Collections.Generic.NativeArray3DTests.GetByIndex_LastSpot_ValidEntry" methodname="GetByIndex_LastSpot_ValidEntry" classname="GDX.Collections.Generic.NativeArray3DTests" runstate="Runnable" seed="497189982" result="Passed" start-time="2023-06-08 20:28:50Z" end-time="2023-06-08 20:28:50Z" duration="0.000813" asserts="0">
                <properties>
                  <property name="Category" value="GDX.Tests" />
                </properties>
                <output><![CDATA[[Code Coverage] Code Coverage results for visited sequence points were saved in D:/BuildAgent/work/GDX-Documentation/Staging/CodeCoverage/GDX_Development-opencov/EditMode/TestCoverageResults_0144.xml
[Code Coverage] Code Coverage requires Burst Compilation to be disabled in order to obtain accurate coverage information. To disable Burst Compilation uncheck Jobs > Burst > Enable Compilation or pass '--burst-disable-compilation' to the command line in batchmode.
]]></output>
              </test-case>
              <test-case id="1516" name="GetByInt3_LastSpot_ValidEntry" fullname="GDX.Collections.Generic.NativeArray3DTests.GetByInt3_LastSpot_ValidEntry" methodname="GetByInt3_LastSpot_ValidEntry" classname="GDX.Collections.Generic.NativeArray3DTests" runstate="Runnable" seed="95679460" result="Passed" start-time="2023-06-08 20:28:51Z" end-time="2023-06-08 20:28:51Z" duration="0.000466" asserts="0">
                <properties>
                  <property name="Category" value="GDX.Tests" />
                </properties>
                <output><![CDATA[[Code Coverage] Code Coverage results for visited sequence points were saved in D:/BuildAgent/work/GDX-Documentation/Staging/CodeCoverage/GDX_Development-opencov/EditMode/TestCoverageResults_0145.xml
[Code Coverage] Code Coverage requires Burst Compilation to be disabled in order to obtain accurate coverage information. To disable Burst Compilation uncheck Jobs > Burst > Enable Compilation or pass '--burst-disable-compilation' to the command line in batchmode.
]]></output>
              </test-case>
              <test-case id="1519" name="GetFromIndex_FirstSpot_Valid" fullname="GDX.Collections.Generic.NativeArray3DTests.GetFromIndex_FirstSpot_Valid" methodname="GetFromIndex_FirstSpot_Valid" classname="GDX.Collections.Generic.NativeArray3DTests" runstate="Runnable" seed="1404698988" result="Passed" start-time="2023-06-08 20:28:51Z" end-time="2023-06-08 20:28:51Z" duration="0.000708" asserts="0">
                <properties>
                  <property name="Category" value="GDX.Tests" />
                </properties>
                <output><![CDATA[[Code Coverage] Code Coverage results for visited sequence points were saved in D:/BuildAgent/work/GDX-Documentation/Staging/CodeCoverage/GDX_Development-opencov/EditMode/TestCoverageResults_0146.xml
[Code Coverage] Code Coverage requires Burst Compilation to be disabled in order to obtain accurate coverage information. To disable Burst Compilation uncheck Jobs > Burst > Enable Compilation or pass '--burst-disable-compilation' to the command line in batchmode.
]]></output>
              </test-case>
              <test-case id="1521" name="GetFromIndex_LastBottomRow_Valid" fullname="GDX.Collections.Generic.NativeArray3DTests.GetFromIndex_LastBottomRow_Valid" methodname="GetFromIndex_LastBottomRow_Valid" classname="GDX.Collections.Generic.NativeArray3DTests" runstate="Runnable" seed="419831557" result="Passed" start-time="2023-06-08 20:28:52Z" end-time="2023-06-08 20:28:52Z" duration="0.000484" asserts="0">
                <properties>
                  <property name="Category" value="GDX.Tests" />
                </properties>
                <output><![CDATA[[Code Coverage] Code Coverage results for visited sequence points were saved in D:/BuildAgent/work/GDX-Documentation/Staging/CodeCoverage/GDX_Development-opencov/EditMode/TestCoverageResults_0147.xml
[Code Coverage] Code Coverage requires Burst Compilation to be disabled in order to obtain accurate coverage information. To disable Burst Compilation uncheck Jobs > Burst > Enable Compilation or pass '--burst-disable-compilation' to the command line in batchmode.
]]></output>
              </test-case>
              <test-case id="1520" name="GetFromIndex_LastFirstRow_Valid" fullname="GDX.Collections.Generic.NativeArray3DTests.GetFromIndex_LastFirstRow_Valid" methodname="GetFromIndex_LastFirstRow_Valid" classname="GDX.Collections.Generic.NativeArray3DTests" runstate="Runnable" seed="19433852" result="Passed" start-time="2023-06-08 20:28:53Z" end-time="2023-06-08 20:28:53Z" duration="0.000532" asserts="0">
                <properties>
                  <property name="Category" value="GDX.Tests" />
                </properties>
                <output><![CDATA[[Code Coverage] Code Coverage results for visited sequence points were saved in D:/BuildAgent/work/GDX-Documentation/Staging/CodeCoverage/GDX_Development-opencov/EditMode/TestCoverageResults_0148.xml
[Code Coverage] Code Coverage requires Burst Compilation to be disabled in order to obtain accurate coverage information. To disable Burst Compilation uncheck Jobs > Burst > Enable Compilation or pass '--burst-disable-compilation' to the command line in batchmode.
]]></output>
              </test-case>
              <test-case id="1518" name="GetFromIndex_LastSpot_Valid" fullname="GDX.Collections.Generic.NativeArray3DTests.GetFromIndex_LastSpot_Valid" methodname="GetFromIndex_LastSpot_Valid" classname="GDX.Collections.Generic.NativeArray3DTests" runstate="Runnable" seed="1576259477" result="Passed" start-time="2023-06-08 20:28:53Z" end-time="2023-06-08 20:28:53Z" duration="0.000399" asserts="0">
                <properties>
                  <property name="Category" value="GDX.Tests" />
                </properties>
                <output><![CDATA[[Code Coverage] Code Coverage results for visited sequence points were saved in D:/BuildAgent/work/GDX-Documentation/Staging/CodeCoverage/GDX_Development-opencov/EditMode/TestCoverageResults_0149.xml
[Code Coverage] Code Coverage requires Burst Compilation to be disabled in order to obtain accurate coverage information. To disable Burst Compilation uncheck Jobs > Burst > Enable Compilation or pass '--burst-disable-compilation' to the command line in batchmode.
]]></output>
              </test-case>
              <test-case id="1522" name="GetFromIndex_SecondTopRowAtBack_Valid" fullname="GDX.Collections.Generic.NativeArray3DTests.GetFromIndex_SecondTopRowAtBack_Valid" methodname="GetFromIndex_SecondTopRowAtBack_Valid" classname="GDX.Collections.Generic.NativeArray3DTests" runstate="Runnable" seed="516662845" result="Passed" start-time="2023-06-08 20:28:54Z" end-time="2023-06-08 20:28:54Z" duration="0.000396" asserts="0">
                <properties>
                  <property name="Category" value="GDX.Tests" />
                </properties>
                <output><![CDATA[[Code Coverage] Code Coverage results for visited sequence points were saved in D:/BuildAgent/work/GDX-Documentation/Staging/CodeCoverage/GDX_Development-opencov/EditMode/TestCoverageResults_0150.xml
[Code Coverage] Code Coverage requires Burst Compilation to be disabled in order to obtain accurate coverage information. To disable Burst Compilation uncheck Jobs > Burst > Enable Compilation or pass '--burst-disable-compilation' to the command line in batchmode.
]]></output>
              </test-case>
              <test-case id="1515" name="SetByIndex_LastSpot_ValidEntry" fullname="GDX.Collections.Generic.NativeArray3DTests.SetByIndex_LastSpot_ValidEntry" methodname="SetByIndex_LastSpot_ValidEntry" classname="GDX.Collections.Generic.NativeArray3DTests" runstate="Runnable" seed="1278622461" result="Passed" start-time="2023-06-08 20:28:54Z" end-time="2023-06-08 20:28:54Z" duration="0.000431" asserts="0">
                <properties>
                  <property name="Category" value="GDX.Tests" />
                </properties>
                <output><![CDATA[[Code Coverage] Code Coverage results for visited sequence points were saved in D:/BuildAgent/work/GDX-Documentation/Staging/CodeCoverage/GDX_Development-opencov/EditMode/TestCoverageResults_0151.xml
[Code Coverage] Code Coverage requires Burst Compilation to be disabled in order to obtain accurate coverage information. To disable Burst Compilation uncheck Jobs > Burst > Enable Compilation or pass '--burst-disable-compilation' to the command line in batchmode.
]]></output>
              </test-case>
              <test-case id="1517" name="SetByInt3_LastSpot_ValidEntry" fullname="GDX.Collections.Generic.NativeArray3DTests.SetByInt3_LastSpot_ValidEntry" methodname="SetByInt3_LastSpot_ValidEntry" classname="GDX.Collections.Generic.NativeArray3DTests" runstate="Runnable" seed="865119719" result="Passed" start-time="2023-06-08 20:28:55Z" end-time="2023-06-08 20:28:55Z" duration="0.000465" asserts="0">
                <properties>
                  <property name="Category" value="GDX.Tests" />
                </properties>
                <output><![CDATA[[Code Coverage] Code Coverage results for visited sequence points were saved in D:/BuildAgent/work/GDX-Documentation/Staging/CodeCoverage/GDX_Development-opencov/EditMode/TestCoverageResults_0152.xml
[Code Coverage] Code Coverage requires Burst Compilation to be disabled in order to obtain accurate coverage information. To disable Burst Compilation uncheck Jobs > Burst > Enable Compilation or pass '--burst-disable-compilation' to the command line in batchmode.
]]></output>
              </test-case>
            </test-suite>
            <test-suite type="TestFixture" id="1523" name="NativeArraySparseSetTests" fullname="GDX.Collections.Generic.NativeArraySparseSetTests" classname="GDX.Collections.Generic.NativeArraySparseSetTests" runstate="Runnable" testcasecount="31" result="Passed" start-time="2023-06-08 20:28:56Z" end-time="2023-06-08 20:29:15Z" duration="19.296603" total="31" passed="31" failed="0" inconclusive="0" skipped="0" asserts="0">
              <properties />
              <test-case id="1526" name="AddUnchecked_MockData_IndicesReserved" fullname="GDX.Collections.Generic.NativeArraySparseSetTests.AddUnchecked_MockData_IndicesReserved" methodname="AddUnchecked_MockData_IndicesReserved" classname="GDX.Collections.Generic.NativeArraySparseSetTests" runstate="Runnable" seed="320484982" result="Passed" start-time="2023-06-08 20:28:56Z" end-time="2023-06-08 20:28:56Z" duration="0.000524" asserts="0">
                <properties>
                  <property name="Category" value="GDX.Tests" />
                </properties>
                <output><![CDATA[[Code Coverage] Code Coverage results for visited sequence points were saved in D:/BuildAgent/work/GDX-Documentation/Staging/CodeCoverage/GDX_Development-opencov/EditMode/TestCoverageResults_0153.xml
[Code Coverage] Code Coverage requires Burst Compilation to be disabled in order to obtain accurate coverage information. To disable Burst Compilation uncheck Jobs > Burst > Enable Compilation or pass '--burst-disable-compilation' to the command line in batchmode.
]]></output>
              </test-case>
              <test-case id="1529" name="AddUnchecked_MockDataAndVersionArrayOverflow_ThrowsException" fullname="GDX.Collections.Generic.NativeArraySparseSetTests.AddUnchecked_MockDataAndVersionArrayOverflow_ThrowsException" methodname="AddUnchecked_MockDataAndVersionArrayOverflow_ThrowsException" classname="GDX.Collections.Generic.NativeArraySparseSetTests" runstate="Runnable" seed="323238566" result="Passed" start-time="2023-06-08 20:28:56Z" end-time="2023-06-08 20:28:56Z" duration="0.002105" asserts="0">
                <properties>
                  <property name="Category" value="GDX.Tests" />
                </properties>
                <output><![CDATA[[Code Coverage] Code Coverage results for visited sequence points were saved in D:/BuildAgent/work/GDX-Documentation/Staging/CodeCoverage/GDX_Development-opencov/EditMode/TestCoverageResults_0154.xml
[Code Coverage] Code Coverage requires Burst Compilation to be disabled in order to obtain accurate coverage information. To disable Burst Compilation uncheck Jobs > Burst > Enable Compilation or pass '--burst-disable-compilation' to the command line in batchmode.
]]></output>
              </test-case>
              <test-case id="1528" name="AddUnchecked_MockDataOverflow_ThrowsException" fullname="GDX.Collections.Generic.NativeArraySparseSetTests.AddUnchecked_MockDataOverflow_ThrowsException" methodname="AddUnchecked_MockDataOverflow_ThrowsException" classname="GDX.Collections.Generic.NativeArraySparseSetTests" runstate="Runnable" seed="1492544730" result="Passed" start-time="2023-06-08 20:28:57Z" end-time="2023-06-08 20:28:57Z" duration="0.000501" asserts="0">
                <properties>
                  <property name="Category" value="GDX.Tests" />
                </properties>
                <output><![CDATA[[Code Coverage] Code Coverage results for visited sequence points were saved in D:/BuildAgent/work/GDX-Documentation/Staging/CodeCoverage/GDX_Development-opencov/EditMode/TestCoverageResults_0155.xml
[Code Coverage] Code Coverage requires Burst Compilation to be disabled in order to obtain accurate coverage information. To disable Burst Compilation uncheck Jobs > Burst > Enable Compilation or pass '--burst-disable-compilation' to the command line in batchmode.
]]></output>
              </test-case>
              <test-case id="1527" name="AddUnchecked_MockDataWithVersionArray__IndicesReserved" fullname="GDX.Collections.Generic.NativeArraySparseSetTests.AddUnchecked_MockDataWithVersionArray__IndicesReserved" methodname="AddUnchecked_MockDataWithVersionArray__IndicesReserved" classname="GDX.Collections.Generic.NativeArraySparseSetTests" runstate="Runnable" seed="537943896" result="Passed" start-time="2023-06-08 20:28:57Z" end-time="2023-06-08 20:28:57Z" duration="0.000532" asserts="0">
                <properties>
                  <property name="Category" value="GDX.Tests" />
                </properties>
                <output><![CDATA[[Code Coverage] Code Coverage results for visited sequence points were saved in D:/BuildAgent/work/GDX-Documentation/Staging/CodeCoverage/GDX_Development-opencov/EditMode/TestCoverageResults_0156.xml
[Code Coverage] Code Coverage requires Burst Compilation to be disabled in order to obtain accurate coverage information. To disable Burst Compilation uncheck Jobs > Burst > Enable Compilation or pass '--burst-disable-compilation' to the command line in batchmode.
]]></output>
              </test-case>
              <test-case id="1532" name="AddUnchecked_MockDataWithVersionArray_Expanded" fullname="GDX.Collections.Generic.NativeArraySparseSetTests.AddUnchecked_MockDataWithVersionArray_Expanded" methodname="AddUnchecked_MockDataWithVersionArray_Expanded" classname="GDX.Collections.Generic.NativeArraySparseSetTests" runstate="Runnable" seed="987820800" result="Passed" start-time="2023-06-08 20:28:58Z" end-time="2023-06-08 20:28:58Z" duration="0.001348" asserts="0">
                <properties>
                  <property name="Category" value="GDX.Tests" />
                </properties>
                <output><![CDATA[[Code Coverage] Code Coverage results for visited sequence points were saved in D:/BuildAgent/work/GDX-Documentation/Staging/CodeCoverage/GDX_Development-opencov/EditMode/TestCoverageResults_0157.xml
[Code Coverage] Code Coverage requires Burst Compilation to be disabled in order to obtain accurate coverage information. To disable Burst Compilation uncheck Jobs > Burst > Enable Compilation or pass '--burst-disable-compilation' to the command line in batchmode.
]]></output>
              </test-case>
              <test-case id="1530" name="AddWithExpandCheck_MockData_Expanded" fullname="GDX.Collections.Generic.NativeArraySparseSetTests.AddWithExpandCheck_MockData_Expanded" methodname="AddWithExpandCheck_MockData_Expanded" classname="GDX.Collections.Generic.NativeArraySparseSetTests" runstate="Runnable" seed="463163504" result="Passed" start-time="2023-06-08 20:28:59Z" end-time="2023-06-08 20:28:59Z" duration="0.000375" asserts="0">
                <properties>
                  <property name="Category" value="GDX.Tests" />
                </properties>
                <output><![CDATA[[Code Coverage] Code Coverage results for visited sequence points were saved in D:/BuildAgent/work/GDX-Documentation/Staging/CodeCoverage/GDX_Development-opencov/EditMode/TestCoverageResults_0158.xml
[Code Coverage] Code Coverage requires Burst Compilation to be disabled in order to obtain accurate coverage information. To disable Burst Compilation uncheck Jobs > Burst > Enable Compilation or pass '--burst-disable-compilation' to the command line in batchmode.
]]></output>
              </test-case>
              <test-case id="1531" name="AddWithExpandCheck_MockDataWithVersionArray_Expanded" fullname="GDX.Collections.Generic.NativeArraySparseSetTests.AddWithExpandCheck_MockDataWithVersionArray_Expanded" methodname="AddWithExpandCheck_MockDataWithVersionArray_Expanded" classname="GDX.Collections.Generic.NativeArraySparseSetTests" runstate="Runnable" seed="604479967" result="Passed" start-time="2023-06-08 20:29:00Z" end-time="2023-06-08 20:29:00Z" duration="0.001714" asserts="0">
                <properties>
                  <property name="Category" value="GDX.Tests" />
                </properties>
                <output><![CDATA[[Code Coverage] Code Coverage results for visited sequence points were saved in D:/BuildAgent/work/GDX-Documentation/Staging/CodeCoverage/GDX_Development-opencov/EditMode/TestCoverageResults_0159.xml
[Code Coverage] Code Coverage requires Burst Compilation to be disabled in order to obtain accurate coverage information. To disable Burst Compilation uncheck Jobs > Burst > Enable Compilation or pass '--burst-disable-compilation' to the command line in batchmode.
]]></output>
              </test-case>
              <test-case id="1547" name="Clear_MockData_ArraysCleared" fullname="GDX.Collections.Generic.NativeArraySparseSetTests.Clear_MockData_ArraysCleared" methodname="Clear_MockData_ArraysCleared" classname="GDX.Collections.Generic.NativeArraySparseSetTests" runstate="Runnable" seed="806345117" result="Passed" start-time="2023-06-08 20:29:00Z" end-time="2023-06-08 20:29:00Z" duration="0.000411" asserts="0">
                <properties>
                  <property name="Category" value="GDX.Tests" />
                </properties>
                <output><![CDATA[[Code Coverage] Code Coverage results for visited sequence points were saved in D:/BuildAgent/work/GDX-Documentation/Staging/CodeCoverage/GDX_Development-opencov/EditMode/TestCoverageResults_0160.xml
[Code Coverage] Code Coverage requires Burst Compilation to be disabled in order to obtain accurate coverage information. To disable Burst Compilation uncheck Jobs > Burst > Enable Compilation or pass '--burst-disable-compilation' to the command line in batchmode.
]]></output>
              </test-case>
              <test-case id="1548" name="Clear_MockDataWithVersionArray_ArraysCleared" fullname="GDX.Collections.Generic.NativeArraySparseSetTests.Clear_MockDataWithVersionArray_ArraysCleared" methodname="Clear_MockDataWithVersionArray_ArraysCleared" classname="GDX.Collections.Generic.NativeArraySparseSetTests" runstate="Runnable" seed="488495411" result="Passed" start-time="2023-06-08 20:29:01Z" end-time="2023-06-08 20:29:01Z" duration="0.000488" asserts="0">
                <properties>
                  <property name="Category" value="GDX.Tests" />
                </properties>
                <output><![CDATA[[Code Coverage] Code Coverage results for visited sequence points were saved in D:/BuildAgent/work/GDX-Documentation/Staging/CodeCoverage/GDX_Development-opencov/EditMode/TestCoverageResults_0161.xml
[Code Coverage] Code Coverage requires Burst Compilation to be disabled in order to obtain accurate coverage information. To disable Burst Compilation uncheck Jobs > Burst > Enable Compilation or pass '--burst-disable-compilation' to the command line in batchmode.
]]></output>
              </test-case>
              <test-case id="1549" name="ClearWithVersionReset_MockData_ArraysClearedAndVersionReset" fullname="GDX.Collections.Generic.NativeArraySparseSetTests.ClearWithVersionReset_MockData_ArraysClearedAndVersionReset" methodname="ClearWithVersionReset_MockData_ArraysClearedAndVersionReset" classname="GDX.Collections.Generic.NativeArraySparseSetTests" runstate="Runnable" seed="910656897" result="Passed" start-time="2023-06-08 20:29:01Z" end-time="2023-06-08 20:29:01Z" duration="0.000548" asserts="0">
                <properties>
                  <property name="Category" value="GDX.Tests" />
                </properties>
                <output><![CDATA[[Code Coverage] Code Coverage results for visited sequence points were saved in D:/BuildAgent/work/GDX-Documentation/Staging/CodeCoverage/GDX_Development-opencov/EditMode/TestCoverageResults_0162.xml
[Code Coverage] Code Coverage requires Burst Compilation to be disabled in order to obtain accurate coverage information. To disable Burst Compilation uncheck Jobs > Burst > Enable Compilation or pass '--burst-disable-compilation' to the command line in batchmode.
]]></output>
              </test-case>
              <test-case id="1524" name="Constructor_CreateWithCount" fullname="GDX.Collections.Generic.NativeArraySparseSetTests.Constructor_CreateWithCount" methodname="Constructor_CreateWithCount" classname="GDX.Collections.Generic.NativeArraySparseSetTests" runstate="Runnable" seed="2093830719" result="Passed" start-time="2023-06-08 20:29:02Z" end-time="2023-06-08 20:29:02Z" duration="0.000319" asserts="0">
                <properties>
                  <property name="Category" value="GDX.Tests" />
                </properties>
                <output><![CDATA[[Code Coverage] Code Coverage results for visited sequence points were saved in D:/BuildAgent/work/GDX-Documentation/Staging/CodeCoverage/GDX_Development-opencov/EditMode/TestCoverageResults_0163.xml
[Code Coverage] Code Coverage requires Burst Compilation to be disabled in order to obtain accurate coverage information. To disable Burst Compilation uncheck Jobs > Burst > Enable Compilation or pass '--burst-disable-compilation' to the command line in batchmode.
]]></output>
              </test-case>
              <test-case id="1525" name="Constructor_CreateWithCountAndVersionArray" fullname="GDX.Collections.Generic.NativeArraySparseSetTests.Constructor_CreateWithCountAndVersionArray" methodname="Constructor_CreateWithCountAndVersionArray" classname="GDX.Collections.Generic.NativeArraySparseSetTests" runstate="Runnable" seed="1798471627" result="Passed" start-time="2023-06-08 20:29:03Z" end-time="2023-06-08 20:29:03Z" duration="0.000361" asserts="0">
                <properties>
                  <property name="Category" value="GDX.Tests" />
                </properties>
                <output><![CDATA[[Code Coverage] Code Coverage results for visited sequence points were saved in D:/BuildAgent/work/GDX-Documentation/Staging/CodeCoverage/GDX_Development-opencov/EditMode/TestCoverageResults_0164.xml
[Code Coverage] Code Coverage requires Burst Compilation to be disabled in order to obtain accurate coverage information. To disable Burst Compilation uncheck Jobs > Burst > Enable Compilation or pass '--burst-disable-compilation' to the command line in batchmode.
]]></output>
              </test-case>
              <test-case id="1554" name="Dispose_MockData_Disposed" fullname="GDX.Collections.Generic.NativeArraySparseSetTests.Dispose_MockData_Disposed" methodname="Dispose_MockData_Disposed" classname="GDX.Collections.Generic.NativeArraySparseSetTests" runstate="Runnable" seed="342094303" result="Passed" start-time="2023-06-08 20:29:03Z" end-time="2023-06-08 20:29:03Z" duration="0.000423" asserts="0">
                <properties>
                  <property name="Category" value="GDX.Tests" />
                </properties>
                <output><![CDATA[[Code Coverage] Code Coverage results for visited sequence points were saved in D:/BuildAgent/work/GDX-Documentation/Staging/CodeCoverage/GDX_Development-opencov/EditMode/TestCoverageResults_0165.xml
[Code Coverage] Code Coverage requires Burst Compilation to be disabled in order to obtain accurate coverage information. To disable Burst Compilation uncheck Jobs > Burst > Enable Compilation or pass '--burst-disable-compilation' to the command line in batchmode.
]]></output>
              </test-case>
              <test-case id="1550" name="Expand_MockData_Expanded" fullname="GDX.Collections.Generic.NativeArraySparseSetTests.Expand_MockData_Expanded" methodname="Expand_MockData_Expanded" classname="GDX.Collections.Generic.NativeArraySparseSetTests" runstate="Runnable" seed="1413457971" result="Passed" start-time="2023-06-08 20:29:04Z" end-time="2023-06-08 20:29:04Z" duration="0.000615" asserts="0">
                <properties>
                  <property name="Category" value="GDX.Tests" />
                </properties>
                <output><![CDATA[[Code Coverage] Code Coverage results for visited sequence points were saved in D:/BuildAgent/work/GDX-Documentation/Staging/CodeCoverage/GDX_Development-opencov/EditMode/TestCoverageResults_0166.xml
[Code Coverage] Code Coverage requires Burst Compilation to be disabled in order to obtain accurate coverage information. To disable Burst Compilation uncheck Jobs > Burst > Enable Compilation or pass '--burst-disable-compilation' to the command line in batchmode.
]]></output>
              </test-case>
              <test-case id="1551" name="Expand_MockDataWithVersionArray_Expanded" fullname="GDX.Collections.Generic.NativeArraySparseSetTests.Expand_MockDataWithVersionArray_Expanded" methodname="Expand_MockDataWithVersionArray_Expanded" classname="GDX.Collections.Generic.NativeArraySparseSetTests" runstate="Runnable" seed="862082971" result="Passed" start-time="2023-06-08 20:29:04Z" end-time="2023-06-08 20:29:04Z" duration="0.000672" asserts="0">
                <properties>
                  <property name="Category" value="GDX.Tests" />
                </properties>
                <output><![CDATA[[Code Coverage] Code Coverage results for visited sequence points were saved in D:/BuildAgent/work/GDX-Documentation/Staging/CodeCoverage/GDX_Development-opencov/EditMode/TestCoverageResults_0167.xml
[Code Coverage] Code Coverage requires Burst Compilation to be disabled in order to obtain accurate coverage information. To disable Burst Compilation uncheck Jobs > Burst > Enable Compilation or pass '--burst-disable-compilation' to the command line in batchmode.
]]></output>
              </test-case>
              <test-case id="1533" name="GetDenseIndexUnchecked_MockData_CorrectIndex" fullname="GDX.Collections.Generic.NativeArraySparseSetTests.GetDenseIndexUnchecked_MockData_CorrectIndex" methodname="GetDenseIndexUnchecked_MockData_CorrectIndex" classname="GDX.Collections.Generic.NativeArraySparseSetTests" runstate="Runnable" seed="1094932048" result="Passed" start-time="2023-06-08 20:29:05Z" end-time="2023-06-08 20:29:05Z" duration="0.000366" asserts="0">
                <properties>
                  <property name="Category" value="GDX.Tests" />
                </properties>
                <output><![CDATA[[Code Coverage] Code Coverage results for visited sequence points were saved in D:/BuildAgent/work/GDX-Documentation/Staging/CodeCoverage/GDX_Development-opencov/EditMode/TestCoverageResults_0168.xml
[Code Coverage] Code Coverage requires Burst Compilation to be disabled in order to obtain accurate coverage information. To disable Burst Compilation uncheck Jobs > Burst > Enable Compilation or pass '--burst-disable-compilation' to the command line in batchmode.
]]></output>
              </test-case>
              <test-case id="1536" name="GetDenseIndexWithBoundsAndVersionCheck_MockData_CorrectIndexAndHandlesInvalidIndex" fullname="GDX.Collections.Generic.NativeArraySparseSetTests.GetDenseIndexWithBoundsAndVersionCheck_MockData_CorrectIndexAndHandlesInvalidIndex" methodname="GetDenseIndexWithBoundsAndVersionCheck_MockData_CorrectIndexAndHandlesInvalidIndex" classname="GDX.Collections.Generic.NativeArraySparseSetTests" runstate="Runnable" seed="1760664951" result="Passed" start-time="2023-06-08 20:29:05Z" end-time="2023-06-08 20:29:05Z" duration="0.000915" asserts="0">
                <properties>
                  <property name="Category" value="GDX.Tests" />
                </properties>
                <output><![CDATA[[Code Coverage] Code Coverage results for visited sequence points were saved in D:/BuildAgent/work/GDX-Documentation/Staging/CodeCoverage/GDX_Development-opencov/EditMode/TestCoverageResults_0169.xml
[Code Coverage] Code Coverage requires Burst Compilation to be disabled in order to obtain accurate coverage information. To disable Burst Compilation uncheck Jobs > Burst > Enable Compilation or pass '--burst-disable-compilation' to the command line in batchmode.
]]></output>
              </test-case>
              <test-case id="1534" name="GetDenseIndexWithBoundsCheck_MockData_CorrectIndexAndHandlesInvalidIndex" fullname="GDX.Collections.Generic.NativeArraySparseSetTests.GetDenseIndexWithBoundsCheck_MockData_CorrectIndexAndHandlesInvalidIndex" methodname="GetDenseIndexWithBoundsCheck_MockData_CorrectIndexAndHandlesInvalidIndex" classname="GDX.Collections.Generic.NativeArraySparseSetTests" runstate="Runnable" seed="759591494" result="Passed" start-time="2023-06-08 20:29:06Z" end-time="2023-06-08 20:29:06Z" duration="0.000464" asserts="0">
                <properties>
                  <property name="Category" value="GDX.Tests" />
                </properties>
                <output><![CDATA[[Code Coverage] Code Coverage results for visited sequence points were saved in D:/BuildAgent/work/GDX-Documentation/Staging/CodeCoverage/GDX_Development-opencov/EditMode/TestCoverageResults_0170.xml
[Code Coverage] Code Coverage requires Burst Compilation to be disabled in order to obtain accurate coverage information. To disable Burst Compilation uncheck Jobs > Burst > Enable Compilation or pass '--burst-disable-compilation' to the command line in batchmode.
]]></output>
              </test-case>
              <test-case id="1535" name="GetDenseIndexWithVersionCheck_MockData_CorrectIndexAndHandlesVersion" fullname="GDX.Collections.Generic.NativeArraySparseSetTests.GetDenseIndexWithVersionCheck_MockData_CorrectIndexAndHandlesVersion" methodname="GetDenseIndexWithVersionCheck_MockData_CorrectIndexAndHandlesVersion" classname="GDX.Collections.Generic.NativeArraySparseSetTests" runstate="Runnable" seed="837651482" result="Passed" start-time="2023-06-08 20:29:07Z" end-time="2023-06-08 20:29:07Z" duration="0.000611" asserts="0">
                <properties>
                  <property name="Category" value="GDX.Tests" />
                </properties>
                <output><![CDATA[[Code Coverage] Code Coverage results for visited sequence points were saved in D:/BuildAgent/work/GDX-Documentation/Staging/CodeCoverage/GDX_Development-opencov/EditMode/TestCoverageResults_0171.xml
[Code Coverage] Code Coverage requires Burst Compilation to be disabled in order to obtain accurate coverage information. To disable Burst Compilation uncheck Jobs > Burst > Enable Compilation or pass '--burst-disable-compilation' to the command line in batchmode.
]]></output>
              </test-case>
              <test-case id="1542" name="RemoveUnchecked_MockData_ValidIndexRemoved" fullname="GDX.Collections.Generic.NativeArraySparseSetTests.RemoveUnchecked_MockData_ValidIndexRemoved" methodname="RemoveUnchecked_MockData_ValidIndexRemoved" classname="GDX.Collections.Generic.NativeArraySparseSetTests" runstate="Runnable" seed="529605543" result="Passed" start-time="2023-06-08 20:29:07Z" end-time="2023-06-08 20:29:07Z" duration="0.000411" asserts="0">
                <properties>
                  <property name="Category" value="GDX.Tests" />
                </properties>
                <output><![CDATA[[Code Coverage] Code Coverage results for visited sequence points were saved in D:/BuildAgent/work/GDX-Documentation/Staging/CodeCoverage/GDX_Development-opencov/EditMode/TestCoverageResults_0172.xml
[Code Coverage] Code Coverage requires Burst Compilation to be disabled in order to obtain accurate coverage information. To disable Burst Compilation uncheck Jobs > Burst > Enable Compilation or pass '--burst-disable-compilation' to the command line in batchmode.
]]></output>
              </test-case>
              <test-case id="1541" name="RemoveUnchecked_MockDataWithIndices_ValidIndexRemoved" fullname="GDX.Collections.Generic.NativeArraySparseSetTests.RemoveUnchecked_MockDataWithIndices_ValidIndexRemoved" methodname="RemoveUnchecked_MockDataWithIndices_ValidIndexRemoved" classname="GDX.Collections.Generic.NativeArraySparseSetTests" runstate="Runnable" seed="141683891" result="Passed" start-time="2023-06-08 20:29:08Z" end-time="2023-06-08 20:29:08Z" duration="0.000441" asserts="0">
                <properties>
                  <property name="Category" value="GDX.Tests" />
                </properties>
                <output><![CDATA[[Code Coverage] Code Coverage results for visited sequence points were saved in D:/BuildAgent/work/GDX-Documentation/Staging/CodeCoverage/GDX_Development-opencov/EditMode/TestCoverageResults_0173.xml
[Code Coverage] Code Coverage requires Burst Compilation to be disabled in order to obtain accurate coverage information. To disable Burst Compilation uncheck Jobs > Burst > Enable Compilation or pass '--burst-disable-compilation' to the command line in batchmode.
]]></output>
              </test-case>
              <test-case id="1540" name="RemoveUnchecked_MockDataWithIndicesAndVersionArray_ValidIndexRemoved" fullname="GDX.Collections.Generic.NativeArraySparseSetTests.RemoveUnchecked_MockDataWithIndicesAndVersionArray_ValidIndexRemoved" methodname="RemoveUnchecked_MockDataWithIndicesAndVersionArray_ValidIndexRemoved" classname="GDX.Collections.Generic.NativeArraySparseSetTests" runstate="Runnable" seed="1145426162" result="Passed" start-time="2023-06-08 20:29:08Z" end-time="2023-06-08 20:29:08Z" duration="0.000383" asserts="0">
                <properties>
                  <property name="Category" value="GDX.Tests" />
                </properties>
                <output><![CDATA[[Code Coverage] Code Coverage results for visited sequence points were saved in D:/BuildAgent/work/GDX-Documentation/Staging/CodeCoverage/GDX_Development-opencov/EditMode/TestCoverageResults_0174.xml
[Code Coverage] Code Coverage requires Burst Compilation to be disabled in order to obtain accurate coverage information. To disable Burst Compilation uncheck Jobs > Burst > Enable Compilation or pass '--burst-disable-compilation' to the command line in batchmode.
]]></output>
              </test-case>
              <test-case id="1543" name="RemoveUncheckedFromDenseIndex_MockData_ValidIndexRemoved" fullname="GDX.Collections.Generic.NativeArraySparseSetTests.RemoveUncheckedFromDenseIndex_MockData_ValidIndexRemoved" methodname="RemoveUncheckedFromDenseIndex_MockData_ValidIndexRemoved" classname="GDX.Collections.Generic.NativeArraySparseSetTests" runstate="Runnable" seed="1260897036" result="Passed" start-time="2023-06-08 20:29:09Z" end-time="2023-06-08 20:29:09Z" duration="0.000406" asserts="0">
                <properties>
                  <property name="Category" value="GDX.Tests" />
                </properties>
                <output><![CDATA[[Code Coverage] Code Coverage results for visited sequence points were saved in D:/BuildAgent/work/GDX-Documentation/Staging/CodeCoverage/GDX_Development-opencov/EditMode/TestCoverageResults_0175.xml
[Code Coverage] Code Coverage requires Burst Compilation to be disabled in order to obtain accurate coverage information. To disable Burst Compilation uncheck Jobs > Burst > Enable Compilation or pass '--burst-disable-compilation' to the command line in batchmode.
]]></output>
              </test-case>
              <test-case id="1544" name="RemoveUncheckedFromDenseIndex_MockDataWithSwapIndex_ValidIndexRemoved" fullname="GDX.Collections.Generic.NativeArraySparseSetTests.RemoveUncheckedFromDenseIndex_MockDataWithSwapIndex_ValidIndexRemoved" methodname="RemoveUncheckedFromDenseIndex_MockDataWithSwapIndex_ValidIndexRemoved" classname="GDX.Collections.Generic.NativeArraySparseSetTests" runstate="Runnable" seed="1704383036" result="Passed" start-time="2023-06-08 20:29:10Z" end-time="2023-06-08 20:29:10Z" duration="0.000417" asserts="0">
                <properties>
                  <property name="Category" value="GDX.Tests" />
                </properties>
                <output><![CDATA[[Code Coverage] Code Coverage results for visited sequence points were saved in D:/BuildAgent/work/GDX-Documentation/Staging/CodeCoverage/GDX_Development-opencov/EditMode/TestCoverageResults_0176.xml
[Code Coverage] Code Coverage requires Burst Compilation to be disabled in order to obtain accurate coverage information. To disable Burst Compilation uncheck Jobs > Burst > Enable Compilation or pass '--burst-disable-compilation' to the command line in batchmode.
]]></output>
              </test-case>
              <test-case id="1545" name="RemoveUncheckedFromDenseIndex_MockDataWithVersionArray_ValidIndexRemoved" fullname="GDX.Collections.Generic.NativeArraySparseSetTests.RemoveUncheckedFromDenseIndex_MockDataWithVersionArray_ValidIndexRemoved" methodname="RemoveUncheckedFromDenseIndex_MockDataWithVersionArray_ValidIndexRemoved" classname="GDX.Collections.Generic.NativeArraySparseSetTests" runstate="Runnable" seed="1352391358" result="Passed" start-time="2023-06-08 20:29:10Z" end-time="2023-06-08 20:29:10Z" duration="0.000510" asserts="0">
                <properties>
                  <property name="Category" value="GDX.Tests" />
                </properties>
                <output><![CDATA[[Code Coverage] Code Coverage results for visited sequence points were saved in D:/BuildAgent/work/GDX-Documentation/Staging/CodeCoverage/GDX_Development-opencov/EditMode/TestCoverageResults_0177.xml
[Code Coverage] Code Coverage requires Burst Compilation to be disabled in order to obtain accurate coverage information. To disable Burst Compilation uncheck Jobs > Burst > Enable Compilation or pass '--burst-disable-compilation' to the command line in batchmode.
]]></output>
              </test-case>
              <test-case id="1546" name="RemoveUncheckedFromDenseIndex_MockDataWithVersionArrayAndSwapIndex_ValidIndexRemoved" fullname="GDX.Collections.Generic.NativeArraySparseSetTests.RemoveUncheckedFromDenseIndex_MockDataWithVersionArrayAndSwapIndex_ValidIndexRemoved" methodname="RemoveUncheckedFromDenseIndex_MockDataWithVersionArrayAndSwapIndex_ValidIndexRemoved" classname="GDX.Collections.Generic.NativeArraySparseSetTests" runstate="Runnable" seed="1302487574" result="Passed" start-time="2023-06-08 20:29:11Z" end-time="2023-06-08 20:29:11Z" duration="0.000526" asserts="0">
                <properties>
                  <property name="Category" value="GDX.Tests" />
                </properties>
                <output><![CDATA[[Code Coverage] Code Coverage results for visited sequence points were saved in D:/BuildAgent/work/GDX-Documentation/Staging/CodeCoverage/GDX_Development-opencov/EditMode/TestCoverageResults_0178.xml
[Code Coverage] Code Coverage requires Burst Compilation to be disabled in order to obtain accurate coverage information. To disable Burst Compilation uncheck Jobs > Burst > Enable Compilation or pass '--burst-disable-compilation' to the command line in batchmode.
]]></output>
              </test-case>
              <test-case id="1539" name="RemoveWithBoundsAndVersionChecks_MockData_ValidIndexRemovedInvalidIndicesNotRemoved" fullname="GDX.Collections.Generic.NativeArraySparseSetTests.RemoveWithBoundsAndVersionChecks_MockData_ValidIndexRemovedInvalidIndicesNotRemoved" methodname="RemoveWithBoundsAndVersionChecks_MockData_ValidIndexRemovedInvalidIndicesNotRemoved" classname="GDX.Collections.Generic.NativeArraySparseSetTests" runstate="Runnable" seed="599027114" result="Passed" start-time="2023-06-08 20:29:11Z" end-time="2023-06-08 20:29:11Z" duration="0.000793" asserts="0">
                <properties>
                  <property name="Category" value="GDX.Tests" />
                </properties>
                <output><![CDATA[[Code Coverage] Code Coverage results for visited sequence points were saved in D:/BuildAgent/work/GDX-Documentation/Staging/CodeCoverage/GDX_Development-opencov/EditMode/TestCoverageResults_0179.xml
[Code Coverage] Code Coverage requires Burst Compilation to be disabled in order to obtain accurate coverage information. To disable Burst Compilation uncheck Jobs > Burst > Enable Compilation or pass '--burst-disable-compilation' to the command line in batchmode.
]]></output>
              </test-case>
              <test-case id="1537" name="RemoveWithBoundsCheck_MockData_ValidIndexRemovedInvalidIndicesNotRemoved" fullname="GDX.Collections.Generic.NativeArraySparseSetTests.RemoveWithBoundsCheck_MockData_ValidIndexRemovedInvalidIndicesNotRemoved" methodname="RemoveWithBoundsCheck_MockData_ValidIndexRemovedInvalidIndicesNotRemoved" classname="GDX.Collections.Generic.NativeArraySparseSetTests" runstate="Runnable" seed="1797701723" result="Passed" start-time="2023-06-08 20:29:12Z" end-time="2023-06-08 20:29:12Z" duration="0.000565" asserts="0">
                <properties>
                  <property name="Category" value="GDX.Tests" />
                </properties>
                <output><![CDATA[[Code Coverage] Code Coverage results for visited sequence points were saved in D:/BuildAgent/work/GDX-Documentation/Staging/CodeCoverage/GDX_Development-opencov/EditMode/TestCoverageResults_0180.xml
[Code Coverage] Code Coverage requires Burst Compilation to be disabled in order to obtain accurate coverage information. To disable Burst Compilation uncheck Jobs > Burst > Enable Compilation or pass '--burst-disable-compilation' to the command line in batchmode.
]]></output>
              </test-case>
              <test-case id="1538" name="RemoveWithVersionCheck_MockData_ValidIndexRemovedInvalidIndicesNotRemoved" fullname="GDX.Collections.Generic.NativeArraySparseSetTests.RemoveWithVersionCheck_MockData_ValidIndexRemovedInvalidIndicesNotRemoved" methodname="RemoveWithVersionCheck_MockData_ValidIndexRemovedInvalidIndicesNotRemoved" classname="GDX.Collections.Generic.NativeArraySparseSetTests" runstate="Runnable" seed="2089922119" result="Passed" start-time="2023-06-08 20:29:13Z" end-time="2023-06-08 20:29:13Z" duration="0.000548" asserts="0">
                <properties>
                  <property name="Category" value="GDX.Tests" />
                </properties>
                <output><![CDATA[[Code Coverage] Code Coverage results for visited sequence points were saved in D:/BuildAgent/work/GDX-Documentation/Staging/CodeCoverage/GDX_Development-opencov/EditMode/TestCoverageResults_0181.xml
[Code Coverage] Code Coverage requires Burst Compilation to be disabled in order to obtain accurate coverage information. To disable Burst Compilation uncheck Jobs > Burst > Enable Compilation or pass '--burst-disable-compilation' to the command line in batchmode.
]]></output>
              </test-case>
              <test-case id="1552" name="Reserve_MockData_Expanded" fullname="GDX.Collections.Generic.NativeArraySparseSetTests.Reserve_MockData_Expanded" methodname="Reserve_MockData_Expanded" classname="GDX.Collections.Generic.NativeArraySparseSetTests" runstate="Runnable" seed="2038783422" result="Passed" start-time="2023-06-08 20:29:13Z" end-time="2023-06-08 20:29:13Z" duration="0.000562" asserts="0">
                <properties>
                  <property name="Category" value="GDX.Tests" />
                </properties>
                <output><![CDATA[[Code Coverage] Code Coverage results for visited sequence points were saved in D:/BuildAgent/work/GDX-Documentation/Staging/CodeCoverage/GDX_Development-opencov/EditMode/TestCoverageResults_0182.xml
[Code Coverage] Code Coverage requires Burst Compilation to be disabled in order to obtain accurate coverage information. To disable Burst Compilation uncheck Jobs > Burst > Enable Compilation or pass '--burst-disable-compilation' to the command line in batchmode.
]]></output>
              </test-case>
              <test-case id="1553" name="Reserve_MockDataWithVersionArray_Expanded" fullname="GDX.Collections.Generic.NativeArraySparseSetTests.Reserve_MockDataWithVersionArray_Expanded" methodname="Reserve_MockDataWithVersionArray_Expanded" classname="GDX.Collections.Generic.NativeArraySparseSetTests" runstate="Runnable" seed="1364867287" result="Passed" start-time="2023-06-08 20:29:14Z" end-time="2023-06-08 20:29:14Z" duration="0.000682" asserts="0">
                <properties>
                  <property name="Category" value="GDX.Tests" />
                </properties>
                <output><![CDATA[[Code Coverage] Code Coverage results for visited sequence points were saved in D:/BuildAgent/work/GDX-Documentation/Staging/CodeCoverage/GDX_Development-opencov/EditMode/TestCoverageResults_0183.xml
[Code Coverage] Code Coverage requires Burst Compilation to be disabled in order to obtain accurate coverage information. To disable Burst Compilation uncheck Jobs > Burst > Enable Compilation or pass '--burst-disable-compilation' to the command line in batchmode.
]]></output>
              </test-case>
            </test-suite>
            <test-suite type="TestFixture" id="1555" name="NativeUniformArray3DTests" fullname="GDX.Collections.Generic.NativeUniformArray3DTests" classname="GDX.Collections.Generic.NativeUniformArray3DTests" runstate="Runnable" testcasecount="2" result="Passed" start-time="2023-06-08 20:29:15Z" end-time="2023-06-08 20:29:16Z" duration="1.191002" total="2" passed="2" failed="0" inconclusive="0" skipped="0" asserts="0">
              <properties />
              <test-case id="1556" name="Constructor_CorrectSizes" fullname="GDX.Collections.Generic.NativeUniformArray3DTests.Constructor_CorrectSizes" methodname="Constructor_CorrectSizes" classname="GDX.Collections.Generic.NativeUniformArray3DTests" runstate="Runnable" seed="1401514025" result="Passed" start-time="2023-06-08 20:29:15Z" end-time="2023-06-08 20:29:15Z" duration="0.000662" asserts="0">
                <properties>
                  <property name="Category" value="GDX.Tests" />
                </properties>
                <output><![CDATA[[Code Coverage] Code Coverage results for visited sequence points were saved in D:/BuildAgent/work/GDX-Documentation/Staging/CodeCoverage/GDX_Development-opencov/EditMode/TestCoverageResults_0184.xml
[Code Coverage] Code Coverage requires Burst Compilation to be disabled in order to obtain accurate coverage information. To disable Burst Compilation uncheck Jobs > Burst > Enable Compilation or pass '--burst-disable-compilation' to the command line in batchmode.
]]></output>
              </test-case>
              <test-case id="1557" name="GetByIndex_LastSpot_ValidEntry" fullname="GDX.Collections.Generic.NativeUniformArray3DTests.GetByIndex_LastSpot_ValidEntry" methodname="GetByIndex_LastSpot_ValidEntry" classname="GDX.Collections.Generic.NativeUniformArray3DTests" runstate="Runnable" seed="1227587262" result="Passed" start-time="2023-06-08 20:29:15Z" end-time="2023-06-08 20:29:15Z" duration="0.000418" asserts="0">
                <properties>
                  <property name="Category" value="GDX.Tests" />
                </properties>
                <output><![CDATA[[Code Coverage] Code Coverage results for visited sequence points were saved in D:/BuildAgent/work/GDX-Documentation/Staging/CodeCoverage/GDX_Development-opencov/EditMode/TestCoverageResults_0185.xml
[Code Coverage] Code Coverage requires Burst Compilation to be disabled in order to obtain accurate coverage information. To disable Burst Compilation uncheck Jobs > Burst > Enable Compilation or pass '--burst-disable-compilation' to the command line in batchmode.
]]></output>
              </test-case>
            </test-suite>
            <test-suite type="TestFixture" id="1558" name="SerializableDictionaryTests" fullname="GDX.Collections.Generic.SerializableDictionaryTests" classname="GDX.Collections.Generic.SerializableDictionaryTests" runstate="Runnable" testcasecount="5" result="Passed" start-time="2023-06-08 20:29:16Z" end-time="2023-06-08 20:29:19Z" duration="2.978412" total="5" passed="5" failed="0" inconclusive="0" skipped="0" asserts="0">
              <properties />
              <test-case id="1559" name="IsSerializableType_SystemObject_ReturnsFalse" fullname="GDX.Collections.Generic.SerializableDictionaryTests.IsSerializableType_SystemObject_ReturnsFalse" methodname="IsSerializableType_SystemObject_ReturnsFalse" classname="GDX.Collections.Generic.SerializableDictionaryTests" runstate="Runnable" seed="208468031" result="Passed" start-time="2023-06-08 20:29:16Z" end-time="2023-06-08 20:29:16Z" duration="0.000414" asserts="0">
                <properties>
                  <property name="Category" value="GDX.Tests" />
                </properties>
                <output><![CDATA[[Code Coverage] Code Coverage results for visited sequence points were saved in D:/BuildAgent/work/GDX-Documentation/Staging/CodeCoverage/GDX_Development-opencov/EditMode/TestCoverageResults_0186.xml
[Code Coverage] Code Coverage requires Burst Compilation to be disabled in order to obtain accurate coverage information. To disable Burst Compilation uncheck Jobs > Burst > Enable Compilation or pass '--burst-disable-compilation' to the command line in batchmode.
]]></output>
              </test-case>
              <test-case id="1561" name="IsSerializableType_UnityObject_ReturnsTrue" fullname="GDX.Collections.Generic.SerializableDictionaryTests.IsSerializableType_UnityObject_ReturnsTrue" methodname="IsSerializableType_UnityObject_ReturnsTrue" classname="GDX.Collections.Generic.SerializableDictionaryTests" runstate="Runnable" seed="1145393827" result="Passed" start-time="2023-06-08 20:29:17Z" end-time="2023-06-08 20:29:17Z" duration="0.000319" asserts="0">
                <properties>
                  <property name="Category" value="GDX.Tests" />
                </properties>
                <output><![CDATA[[Code Coverage] Code Coverage results for visited sequence points were saved in D:/BuildAgent/work/GDX-Documentation/Staging/CodeCoverage/GDX_Development-opencov/EditMode/TestCoverageResults_0187.xml
[Code Coverage] Code Coverage requires Burst Compilation to be disabled in order to obtain accurate coverage information. To disable Burst Compilation uncheck Jobs > Burst > Enable Compilation or pass '--burst-disable-compilation' to the command line in batchmode.
]]></output>
              </test-case>
              <test-case id="1562" name="OverwriteSerializedData_MockData_PopulatesDictionary" fullname="GDX.Collections.Generic.SerializableDictionaryTests.OverwriteSerializedData_MockData_PopulatesDictionary" methodname="OverwriteSerializedData_MockData_PopulatesDictionary" classname="GDX.Collections.Generic.SerializableDictionaryTests" runstate="Runnable" seed="607452828" result="Passed" start-time="2023-06-08 20:29:17Z" end-time="2023-06-08 20:29:17Z" duration="0.000907" asserts="0">
                <properties>
                  <property name="Category" value="GDX.Tests" />
                </properties>
                <output><![CDATA[[Code Coverage] Code Coverage results for visited sequence points were saved in D:/BuildAgent/work/GDX-Documentation/Staging/CodeCoverage/GDX_Development-opencov/EditMode/TestCoverageResults_0188.xml
[Code Coverage] Code Coverage requires Burst Compilation to be disabled in order to obtain accurate coverage information. To disable Burst Compilation uncheck Jobs > Burst > Enable Compilation or pass '--burst-disable-compilation' to the command line in batchmode.
]]></output>
              </test-case>
              <test-case id="1560" name="SaveSerializedData_MockData_ReturnsSerializedDataLength" fullname="GDX.Collections.Generic.SerializableDictionaryTests.SaveSerializedData_MockData_ReturnsSerializedDataLength" methodname="SaveSerializedData_MockData_ReturnsSerializedDataLength" classname="GDX.Collections.Generic.SerializableDictionaryTests" runstate="Runnable" seed="1471323034" result="Passed" start-time="2023-06-08 20:29:18Z" end-time="2023-06-08 20:29:18Z" duration="0.000878" asserts="0">
                <properties>
                  <property name="Category" value="GDX.Tests" />
                </properties>
                <output><![CDATA[[Code Coverage] Code Coverage results for visited sequence points were saved in D:/BuildAgent/work/GDX-Documentation/Staging/CodeCoverage/GDX_Development-opencov/EditMode/TestCoverageResults_0189.xml
[Code Coverage] Code Coverage requires Burst Compilation to be disabled in order to obtain accurate coverage information. To disable Burst Compilation uncheck Jobs > Burst > Enable Compilation or pass '--burst-disable-compilation' to the command line in batchmode.
]]></output>
              </test-case>
              <test-case id="1563" name="SaveSerializedData_NoData_ReturnsZeroSerializedDataLength" fullname="GDX.Collections.Generic.SerializableDictionaryTests.SaveSerializedData_NoData_ReturnsZeroSerializedDataLength" methodname="SaveSerializedData_NoData_ReturnsZeroSerializedDataLength" classname="GDX.Collections.Generic.SerializableDictionaryTests" runstate="Runnable" seed="2086963154" result="Passed" start-time="2023-06-08 20:29:18Z" end-time="2023-06-08 20:29:18Z" duration="0.000378" asserts="0">
                <properties>
                  <property name="Category" value="GDX.Tests" />
                </properties>
                <output><![CDATA[[Code Coverage] Code Coverage results for visited sequence points were saved in D:/BuildAgent/work/GDX-Documentation/Staging/CodeCoverage/GDX_Development-opencov/EditMode/TestCoverageResults_0190.xml
[Code Coverage] Code Coverage requires Burst Compilation to be disabled in order to obtain accurate coverage information. To disable Burst Compilation uncheck Jobs > Burst > Enable Compilation or pass '--burst-disable-compilation' to the command line in batchmode.
]]></output>
              </test-case>
            </test-suite>
            <test-suite type="TestFixture" id="1564" name="SimpleListExtensionsTests" fullname="GDX.Collections.Generic.SimpleListExtensionsTests" classname="GDX.Collections.Generic.SimpleListExtensionsTests" runstate="Runnable" testcasecount="28" result="Passed" start-time="2023-06-08 20:29:19Z" end-time="2023-06-08 20:29:36Z" duration="17.250954" total="28" passed="28" failed="0" inconclusive="0" skipped="0" asserts="0">
              <properties />
              <test-case id="1569" name="AddUncheckedUniqueItem_NonUniqueString_ReturnsFalse" fullname="GDX.Collections.Generic.SimpleListExtensionsTests.AddUncheckedUniqueItem_NonUniqueString_ReturnsFalse" methodname="AddUncheckedUniqueItem_NonUniqueString_ReturnsFalse" classname="GDX.Collections.Generic.SimpleListExtensionsTests" runstate="Runnable" seed="604840872" result="Passed" start-time="2023-06-08 20:29:19Z" end-time="2023-06-08 20:29:19Z" duration="0.001056" asserts="0">
                <properties>
                  <property name="Category" value="GDX.Tests" />
                </properties>
                <output><![CDATA[[Code Coverage] Code Coverage results for visited sequence points were saved in D:/BuildAgent/work/GDX-Documentation/Staging/CodeCoverage/GDX_Development-opencov/EditMode/TestCoverageResults_0191.xml
[Code Coverage] Code Coverage requires Burst Compilation to be disabled in order to obtain accurate coverage information. To disable Burst Compilation uncheck Jobs > Burst > Enable Compilation or pass '--burst-disable-compilation' to the command line in batchmode.
]]></output>
              </test-case>
              <test-case id="1571" name="AddUncheckedUniqueItem_UniqueStringWithNoRoom_ThrowsException" fullname="GDX.Collections.Generic.SimpleListExtensionsTests.AddUncheckedUniqueItem_UniqueStringWithNoRoom_ThrowsException" methodname="AddUncheckedUniqueItem_UniqueStringWithNoRoom_ThrowsException" classname="GDX.Collections.Generic.SimpleListExtensionsTests" runstate="Runnable" seed="737753447" result="Passed" start-time="2023-06-08 20:29:20Z" end-time="2023-06-08 20:29:20Z" duration="0.000589" asserts="0">
                <properties>
                  <property name="Category" value="GDX.Tests" />
                </properties>
                <output><![CDATA[[Code Coverage] Code Coverage results for visited sequence points were saved in D:/BuildAgent/work/GDX-Documentation/Staging/CodeCoverage/GDX_Development-opencov/EditMode/TestCoverageResults_0192.xml
[Code Coverage] Code Coverage requires Burst Compilation to be disabled in order to obtain accurate coverage information. To disable Burst Compilation uncheck Jobs > Burst > Enable Compilation or pass '--burst-disable-compilation' to the command line in batchmode.
]]></output>
              </test-case>
              <test-case id="1570" name="AddUncheckedUniqueItem_UniqueStringWithRoom_NoException" fullname="GDX.Collections.Generic.SimpleListExtensionsTests.AddUncheckedUniqueItem_UniqueStringWithRoom_NoException" methodname="AddUncheckedUniqueItem_UniqueStringWithRoom_NoException" classname="GDX.Collections.Generic.SimpleListExtensionsTests" runstate="Runnable" seed="76486571" result="Passed" start-time="2023-06-08 20:29:20Z" end-time="2023-06-08 20:29:20Z" duration="0.001019" asserts="0">
                <properties>
                  <property name="Category" value="GDX.Tests" />
                </properties>
                <output><![CDATA[[Code Coverage] Code Coverage results for visited sequence points were saved in D:/BuildAgent/work/GDX-Documentation/Staging/CodeCoverage/GDX_Development-opencov/EditMode/TestCoverageResults_0193.xml
[Code Coverage] Code Coverage requires Burst Compilation to be disabled in order to obtain accurate coverage information. To disable Burst Compilation uncheck Jobs > Burst > Enable Compilation or pass '--burst-disable-compilation' to the command line in batchmode.
]]></output>
              </test-case>
              <test-case id="1574" name="AddUncheckedUniqueReference_NonUniqueString_ReturnsFalse" fullname="GDX.Collections.Generic.SimpleListExtensionsTests.AddUncheckedUniqueReference_NonUniqueString_ReturnsFalse" methodname="AddUncheckedUniqueReference_NonUniqueString_ReturnsFalse" classname="GDX.Collections.Generic.SimpleListExtensionsTests" runstate="Runnable" seed="880018261" result="Passed" start-time="2023-06-08 20:29:21Z" end-time="2023-06-08 20:29:21Z" duration="0.000613" asserts="0">
                <properties>
                  <property name="Category" value="GDX.Tests" />
                </properties>
                <output><![CDATA[[Code Coverage] Code Coverage results for visited sequence points were saved in D:/BuildAgent/work/GDX-Documentation/Staging/CodeCoverage/GDX_Development-opencov/EditMode/TestCoverageResults_0194.xml
[Code Coverage] Code Coverage requires Burst Compilation to be disabled in order to obtain accurate coverage information. To disable Burst Compilation uncheck Jobs > Burst > Enable Compilation or pass '--burst-disable-compilation' to the command line in batchmode.
]]></output>
              </test-case>
              <test-case id="1576" name="AddUncheckedUniqueReference_UniqueStringWithNoRoom_ThrowsException" fullname="GDX.Collections.Generic.SimpleListExtensionsTests.AddUncheckedUniqueReference_UniqueStringWithNoRoom_ThrowsException" methodname="AddUncheckedUniqueReference_UniqueStringWithNoRoom_ThrowsException" classname="GDX.Collections.Generic.SimpleListExtensionsTests" runstate="Runnable" seed="1541219317" result="Passed" start-time="2023-06-08 20:29:21Z" end-time="2023-06-08 20:29:21Z" duration="0.000544" asserts="0">
                <properties>
                  <property name="Category" value="GDX.Tests" />
                </properties>
                <output><![CDATA[[Code Coverage] Code Coverage results for visited sequence points were saved in D:/BuildAgent/work/GDX-Documentation/Staging/CodeCoverage/GDX_Development-opencov/EditMode/TestCoverageResults_0195.xml
[Code Coverage] Code Coverage requires Burst Compilation to be disabled in order to obtain accurate coverage information. To disable Burst Compilation uncheck Jobs > Burst > Enable Compilation or pass '--burst-disable-compilation' to the command line in batchmode.
]]></output>
              </test-case>
              <test-case id="1575" name="AddUncheckedUniqueReference_UniqueStringWithRoom_NoException" fullname="GDX.Collections.Generic.SimpleListExtensionsTests.AddUncheckedUniqueReference_UniqueStringWithRoom_NoException" methodname="AddUncheckedUniqueReference_UniqueStringWithRoom_NoException" classname="GDX.Collections.Generic.SimpleListExtensionsTests" runstate="Runnable" seed="1539751572" result="Passed" start-time="2023-06-08 20:29:22Z" end-time="2023-06-08 20:29:22Z" duration="0.000520" asserts="0">
                <properties>
                  <property name="Category" value="GDX.Tests" />
                </properties>
                <output><![CDATA[[Code Coverage] Code Coverage results for visited sequence points were saved in D:/BuildAgent/work/GDX-Documentation/Staging/CodeCoverage/GDX_Development-opencov/EditMode/TestCoverageResults_0196.xml
[Code Coverage] Code Coverage requires Burst Compilation to be disabled in order to obtain accurate coverage information. To disable Burst Compilation uncheck Jobs > Burst > Enable Compilation or pass '--burst-disable-compilation' to the command line in batchmode.
]]></output>
              </test-case>
              <test-case id="1565" name="AddWithExpandCheckUniqueItem_NonUniqueString_ReturnsFalse" fullname="GDX.Collections.Generic.SimpleListExtensionsTests.AddWithExpandCheckUniqueItem_NonUniqueString_ReturnsFalse" methodname="AddWithExpandCheckUniqueItem_NonUniqueString_ReturnsFalse" classname="GDX.Collections.Generic.SimpleListExtensionsTests" runstate="Runnable" seed="1018494708" result="Passed" start-time="2023-06-08 20:29:23Z" end-time="2023-06-08 20:29:23Z" duration="0.000619" asserts="0">
                <properties>
                  <property name="Category" value="GDX.Tests" />
                </properties>
                <output><![CDATA[[Code Coverage] Code Coverage results for visited sequence points were saved in D:/BuildAgent/work/GDX-Documentation/Staging/CodeCoverage/GDX_Development-opencov/EditMode/TestCoverageResults_0197.xml
[Code Coverage] Code Coverage requires Burst Compilation to be disabled in order to obtain accurate coverage information. To disable Burst Compilation uncheck Jobs > Burst > Enable Compilation or pass '--burst-disable-compilation' to the command line in batchmode.
]]></output>
              </test-case>
              <test-case id="1566" name="AddWithExpandCheckUniqueItem_UniqueString_ReturnsTrue" fullname="GDX.Collections.Generic.SimpleListExtensionsTests.AddWithExpandCheckUniqueItem_UniqueString_ReturnsTrue" methodname="AddWithExpandCheckUniqueItem_UniqueString_ReturnsTrue" classname="GDX.Collections.Generic.SimpleListExtensionsTests" runstate="Runnable" seed="668098985" result="Passed" start-time="2023-06-08 20:29:23Z" end-time="2023-06-08 20:29:23Z" duration="0.000425" asserts="0">
                <properties>
                  <property name="Category" value="GDX.Tests" />
                </properties>
                <output><![CDATA[[Code Coverage] Code Coverage results for visited sequence points were saved in D:/BuildAgent/work/GDX-Documentation/Staging/CodeCoverage/GDX_Development-opencov/EditMode/TestCoverageResults_0198.xml
[Code Coverage] Code Coverage requires Burst Compilation to be disabled in order to obtain accurate coverage information. To disable Burst Compilation uncheck Jobs > Burst > Enable Compilation or pass '--burst-disable-compilation' to the command line in batchmode.
]]></output>
              </test-case>
              <test-case id="1572" name="AddWithExpandCheckUniqueReference_NonUniqueString_ReturnsFalse" fullname="GDX.Collections.Generic.SimpleListExtensionsTests.AddWithExpandCheckUniqueReference_NonUniqueString_ReturnsFalse" methodname="AddWithExpandCheckUniqueReference_NonUniqueString_ReturnsFalse" classname="GDX.Collections.Generic.SimpleListExtensionsTests" runstate="Runnable" seed="409093214" result="Passed" start-time="2023-06-08 20:29:24Z" end-time="2023-06-08 20:29:24Z" duration="0.000513" asserts="0">
                <properties>
                  <property name="Category" value="GDX.Tests" />
                </properties>
                <output><![CDATA[[Code Coverage] Code Coverage results for visited sequence points were saved in D:/BuildAgent/work/GDX-Documentation/Staging/CodeCoverage/GDX_Development-opencov/EditMode/TestCoverageResults_0199.xml
[Code Coverage] Code Coverage requires Burst Compilation to be disabled in order to obtain accurate coverage information. To disable Burst Compilation uncheck Jobs > Burst > Enable Compilation or pass '--burst-disable-compilation' to the command line in batchmode.
]]></output>
              </test-case>
              <test-case id="1573" name="AddWithExpandCheckUniqueReference_UniqueString_ReturnsTrue" fullname="GDX.Collections.Generic.SimpleListExtensionsTests.AddWithExpandCheckUniqueReference_UniqueString_ReturnsTrue" methodname="AddWithExpandCheckUniqueReference_UniqueString_ReturnsTrue" classname="GDX.Collections.Generic.SimpleListExtensionsTests" runstate="Runnable" seed="6341604" result="Passed" start-time="2023-06-08 20:29:24Z" end-time="2023-06-08 20:29:24Z" duration="0.000455" asserts="0">
                <properties>
                  <property name="Category" value="GDX.Tests" />
                </properties>
                <output><![CDATA[[Code Coverage] Code Coverage results for visited sequence points were saved in D:/BuildAgent/work/GDX-Documentation/Staging/CodeCoverage/GDX_Development-opencov/EditMode/TestCoverageResults_0200.xml
[Code Coverage] Code Coverage requires Burst Compilation to be disabled in order to obtain accurate coverage information. To disable Burst Compilation uncheck Jobs > Burst > Enable Compilation or pass '--burst-disable-compilation' to the command line in batchmode.
]]></output>
              </test-case>
              <test-case id="1567" name="AddWithExpandCheckUniqueValue_NonUniqueFloat_ReturnsFalse" fullname="GDX.Collections.Generic.SimpleListExtensionsTests.AddWithExpandCheckUniqueValue_NonUniqueFloat_ReturnsFalse" methodname="AddWithExpandCheckUniqueValue_NonUniqueFloat_ReturnsFalse" classname="GDX.Collections.Generic.SimpleListExtensionsTests" runstate="Runnable" seed="1687482034" result="Passed" start-time="2023-06-08 20:29:25Z" end-time="2023-06-08 20:29:25Z" duration="0.000720" asserts="0">
                <properties>
                  <property name="Category" value="GDX.Tests" />
                </properties>
                <output><![CDATA[[Code Coverage] Code Coverage results for visited sequence points were saved in D:/BuildAgent/work/GDX-Documentation/Staging/CodeCoverage/GDX_Development-opencov/EditMode/TestCoverageResults_0201.xml
[Code Coverage] Code Coverage requires Burst Compilation to be disabled in order to obtain accurate coverage information. To disable Burst Compilation uncheck Jobs > Burst > Enable Compilation or pass '--burst-disable-compilation' to the command line in batchmode.
]]></output>
              </test-case>
              <test-case id="1568" name="AddWithExpandCheckUniqueValue_UniqueFloat_ReturnsTrue" fullname="GDX.Collections.Generic.SimpleListExtensionsTests.AddWithExpandCheckUniqueValue_UniqueFloat_ReturnsTrue" methodname="AddWithExpandCheckUniqueValue_UniqueFloat_ReturnsTrue" classname="GDX.Collections.Generic.SimpleListExtensionsTests" runstate="Runnable" seed="1604155760" result="Passed" start-time="2023-06-08 20:29:26Z" end-time="2023-06-08 20:29:26Z" duration="0.000538" asserts="0">
                <properties>
                  <property name="Category" value="GDX.Tests" />
                </properties>
                <output><![CDATA[[Code Coverage] Code Coverage results for visited sequence points were saved in D:/BuildAgent/work/GDX-Documentation/Staging/CodeCoverage/GDX_Development-opencov/EditMode/TestCoverageResults_0202.xml
[Code Coverage] Code Coverage requires Burst Compilation to be disabled in order to obtain accurate coverage information. To disable Burst Compilation uncheck Jobs > Burst > Enable Compilation or pass '--burst-disable-compilation' to the command line in batchmode.
]]></output>
              </test-case>
              <test-case id="1578" name="ContainsItem_Object_ReturnsTrue" fullname="GDX.Collections.Generic.SimpleListExtensionsTests.ContainsItem_Object_ReturnsTrue" methodname="ContainsItem_Object_ReturnsTrue" classname="GDX.Collections.Generic.SimpleListExtensionsTests" runstate="Runnable" seed="1340069790" result="Passed" start-time="2023-06-08 20:29:26Z" end-time="2023-06-08 20:29:26Z" duration="0.000494" asserts="0">
                <properties>
                  <property name="Category" value="GDX.Tests" />
                </properties>
                <output><![CDATA[[Code Coverage] Code Coverage results for visited sequence points were saved in D:/BuildAgent/work/GDX-Documentation/Staging/CodeCoverage/GDX_Development-opencov/EditMode/TestCoverageResults_0203.xml
[Code Coverage] Code Coverage requires Burst Compilation to be disabled in order to obtain accurate coverage information. To disable Burst Compilation uncheck Jobs > Burst > Enable Compilation or pass '--burst-disable-compilation' to the command line in batchmode.
]]></output>
              </test-case>
              <test-case id="1577" name="ContainsItem_String_ReturnsTrue" fullname="GDX.Collections.Generic.SimpleListExtensionsTests.ContainsItem_String_ReturnsTrue" methodname="ContainsItem_String_ReturnsTrue" classname="GDX.Collections.Generic.SimpleListExtensionsTests" runstate="Runnable" seed="18802765" result="Passed" start-time="2023-06-08 20:29:27Z" end-time="2023-06-08 20:29:27Z" duration="0.000415" asserts="0">
                <properties>
                  <property name="Category" value="GDX.Tests" />
                </properties>
                <output><![CDATA[[Code Coverage] Code Coverage results for visited sequence points were saved in D:/BuildAgent/work/GDX-Documentation/Staging/CodeCoverage/GDX_Development-opencov/EditMode/TestCoverageResults_0204.xml
[Code Coverage] Code Coverage requires Burst Compilation to be disabled in order to obtain accurate coverage information. To disable Burst Compilation uncheck Jobs > Burst > Enable Compilation or pass '--burst-disable-compilation' to the command line in batchmode.
]]></output>
              </test-case>
              <test-case id="1580" name="ContainsReference_Object_ReturnsTrue" fullname="GDX.Collections.Generic.SimpleListExtensionsTests.ContainsReference_Object_ReturnsTrue" methodname="ContainsReference_Object_ReturnsTrue" classname="GDX.Collections.Generic.SimpleListExtensionsTests" runstate="Runnable" seed="735841928" result="Passed" start-time="2023-06-08 20:29:27Z" end-time="2023-06-08 20:29:27Z" duration="0.000451" asserts="0">
                <properties>
                  <property name="Category" value="GDX.Tests" />
                </properties>
                <output><![CDATA[[Code Coverage] Code Coverage results for visited sequence points were saved in D:/BuildAgent/work/GDX-Documentation/Staging/CodeCoverage/GDX_Development-opencov/EditMode/TestCoverageResults_0205.xml
[Code Coverage] Code Coverage requires Burst Compilation to be disabled in order to obtain accurate coverage information. To disable Burst Compilation uncheck Jobs > Burst > Enable Compilation or pass '--burst-disable-compilation' to the command line in batchmode.
]]></output>
              </test-case>
              <test-case id="1579" name="ContainsReference_String_ReturnsTrue" fullname="GDX.Collections.Generic.SimpleListExtensionsTests.ContainsReference_String_ReturnsTrue" methodname="ContainsReference_String_ReturnsTrue" classname="GDX.Collections.Generic.SimpleListExtensionsTests" runstate="Runnable" seed="1232227758" result="Passed" start-time="2023-06-08 20:29:28Z" end-time="2023-06-08 20:29:28Z" duration="0.000517" asserts="0">
                <properties>
                  <property name="Category" value="GDX.Tests" />
                </properties>
                <output><![CDATA[[Code Coverage] Code Coverage results for visited sequence points were saved in D:/BuildAgent/work/GDX-Documentation/Staging/CodeCoverage/GDX_Development-opencov/EditMode/TestCoverageResults_0206.xml
[Code Coverage] Code Coverage requires Burst Compilation to be disabled in order to obtain accurate coverage information. To disable Burst Compilation uncheck Jobs > Burst > Enable Compilation or pass '--burst-disable-compilation' to the command line in batchmode.
]]></output>
              </test-case>
              <test-case id="1592" name="ContainsValue_MockDataNoValue_NotFound" fullname="GDX.Collections.Generic.SimpleListExtensionsTests.ContainsValue_MockDataNoValue_NotFound" methodname="ContainsValue_MockDataNoValue_NotFound" classname="GDX.Collections.Generic.SimpleListExtensionsTests" runstate="Runnable" seed="1958107575" result="Passed" start-time="2023-06-08 20:29:29Z" end-time="2023-06-08 20:29:29Z" duration="0.000554" asserts="0">
                <properties>
                  <property name="Category" value="GDX.Tests" />
                </properties>
                <output><![CDATA[[Code Coverage] Code Coverage results for visited sequence points were saved in D:/BuildAgent/work/GDX-Documentation/Staging/CodeCoverage/GDX_Development-opencov/EditMode/TestCoverageResults_0207.xml
[Code Coverage] Code Coverage requires Burst Compilation to be disabled in order to obtain accurate coverage information. To disable Burst Compilation uncheck Jobs > Burst > Enable Compilation or pass '--burst-disable-compilation' to the command line in batchmode.
]]></output>
              </test-case>
              <test-case id="1591" name="ContainsValue_MockDataValue_Found" fullname="GDX.Collections.Generic.SimpleListExtensionsTests.ContainsValue_MockDataValue_Found" methodname="ContainsValue_MockDataValue_Found" classname="GDX.Collections.Generic.SimpleListExtensionsTests" runstate="Runnable" seed="1295190156" result="Passed" start-time="2023-06-08 20:29:29Z" end-time="2023-06-08 20:29:29Z" duration="0.000401" asserts="0">
                <properties>
                  <property name="Category" value="GDX.Tests" />
                </properties>
                <output><![CDATA[[Code Coverage] Code Coverage results for visited sequence points were saved in D:/BuildAgent/work/GDX-Documentation/Staging/CodeCoverage/GDX_Development-opencov/EditMode/TestCoverageResults_0208.xml
[Code Coverage] Code Coverage requires Burst Compilation to be disabled in order to obtain accurate coverage information. To disable Burst Compilation uncheck Jobs > Burst > Enable Compilation or pass '--burst-disable-compilation' to the command line in batchmode.
]]></output>
              </test-case>
              <test-case id="1582" name="RemoveFirstItem_MockData_NoItemReturnsFalse" fullname="GDX.Collections.Generic.SimpleListExtensionsTests.RemoveFirstItem_MockData_NoItemReturnsFalse" methodname="RemoveFirstItem_MockData_NoItemReturnsFalse" classname="GDX.Collections.Generic.SimpleListExtensionsTests" runstate="Runnable" seed="314910422" result="Passed" start-time="2023-06-08 20:29:30Z" end-time="2023-06-08 20:29:30Z" duration="0.000621" asserts="0">
                <properties>
                  <property name="Category" value="GDX.Tests" />
                </properties>
                <output><![CDATA[[Code Coverage] Code Coverage results for visited sequence points were saved in D:/BuildAgent/work/GDX-Documentation/Staging/CodeCoverage/GDX_Development-opencov/EditMode/TestCoverageResults_0209.xml
[Code Coverage] Code Coverage requires Burst Compilation to be disabled in order to obtain accurate coverage information. To disable Burst Compilation uncheck Jobs > Burst > Enable Compilation or pass '--burst-disable-compilation' to the command line in batchmode.
]]></output>
              </test-case>
              <test-case id="1581" name="RemoveFirstItem_MockData_RemovedItem" fullname="GDX.Collections.Generic.SimpleListExtensionsTests.RemoveFirstItem_MockData_RemovedItem" methodname="RemoveFirstItem_MockData_RemovedItem" classname="GDX.Collections.Generic.SimpleListExtensionsTests" runstate="Runnable" seed="80522718" result="Passed" start-time="2023-06-08 20:29:30Z" end-time="2023-06-08 20:29:30Z" duration="0.000608" asserts="0">
                <properties>
                  <property name="Category" value="GDX.Tests" />
                </properties>
                <output><![CDATA[[Code Coverage] Code Coverage results for visited sequence points were saved in D:/BuildAgent/work/GDX-Documentation/Staging/CodeCoverage/GDX_Development-opencov/EditMode/TestCoverageResults_0210.xml
[Code Coverage] Code Coverage requires Burst Compilation to be disabled in order to obtain accurate coverage information. To disable Burst Compilation uncheck Jobs > Burst > Enable Compilation or pass '--burst-disable-compilation' to the command line in batchmode.
]]></output>
              </test-case>
              <test-case id="1584" name="RemoveFirstReference_MockData_NoItemReturnsFalse" fullname="GDX.Collections.Generic.SimpleListExtensionsTests.RemoveFirstReference_MockData_NoItemReturnsFalse" methodname="RemoveFirstReference_MockData_NoItemReturnsFalse" classname="GDX.Collections.Generic.SimpleListExtensionsTests" runstate="Runnable" seed="1225217753" result="Passed" start-time="2023-06-08 20:29:31Z" end-time="2023-06-08 20:29:31Z" duration="0.000625" asserts="0">
                <properties>
                  <property name="Category" value="GDX.Tests" />
                </properties>
                <output><![CDATA[[Code Coverage] Code Coverage results for visited sequence points were saved in D:/BuildAgent/work/GDX-Documentation/Staging/CodeCoverage/GDX_Development-opencov/EditMode/TestCoverageResults_0211.xml
[Code Coverage] Code Coverage requires Burst Compilation to be disabled in order to obtain accurate coverage information. To disable Burst Compilation uncheck Jobs > Burst > Enable Compilation or pass '--burst-disable-compilation' to the command line in batchmode.
]]></output>
              </test-case>
              <test-case id="1583" name="RemoveFirstReference_MockData_RemovedItem" fullname="GDX.Collections.Generic.SimpleListExtensionsTests.RemoveFirstReference_MockData_RemovedItem" methodname="RemoveFirstReference_MockData_RemovedItem" classname="GDX.Collections.Generic.SimpleListExtensionsTests" runstate="Runnable" seed="889198541" result="Passed" start-time="2023-06-08 20:29:32Z" end-time="2023-06-08 20:29:32Z" duration="0.000540" asserts="0">
                <properties>
                  <property name="Category" value="GDX.Tests" />
                </properties>
                <output><![CDATA[[Code Coverage] Code Coverage results for visited sequence points were saved in D:/BuildAgent/work/GDX-Documentation/Staging/CodeCoverage/GDX_Development-opencov/EditMode/TestCoverageResults_0212.xml
[Code Coverage] Code Coverage requires Burst Compilation to be disabled in order to obtain accurate coverage information. To disable Burst Compilation uncheck Jobs > Burst > Enable Compilation or pass '--burst-disable-compilation' to the command line in batchmode.
]]></output>
              </test-case>
              <test-case id="1585" name="RemoveItems_MockData_RemovedItems" fullname="GDX.Collections.Generic.SimpleListExtensionsTests.RemoveItems_MockData_RemovedItems" methodname="RemoveItems_MockData_RemovedItems" classname="GDX.Collections.Generic.SimpleListExtensionsTests" runstate="Runnable" seed="1902804869" result="Passed" start-time="2023-06-08 20:29:32Z" end-time="2023-06-08 20:29:32Z" duration="0.000883" asserts="0">
                <properties>
                  <property name="Category" value="GDX.Tests" />
                </properties>
                <output><![CDATA[[Code Coverage] Code Coverage results for visited sequence points were saved in D:/BuildAgent/work/GDX-Documentation/Staging/CodeCoverage/GDX_Development-opencov/EditMode/TestCoverageResults_0213.xml
[Code Coverage] Code Coverage requires Burst Compilation to be disabled in order to obtain accurate coverage information. To disable Burst Compilation uncheck Jobs > Burst > Enable Compilation or pass '--burst-disable-compilation' to the command line in batchmode.
]]></output>
              </test-case>
              <test-case id="1588" name="RemoveLastItem_MockData_NoItemReturnsFalse" fullname="GDX.Collections.Generic.SimpleListExtensionsTests.RemoveLastItem_MockData_NoItemReturnsFalse" methodname="RemoveLastItem_MockData_NoItemReturnsFalse" classname="GDX.Collections.Generic.SimpleListExtensionsTests" runstate="Runnable" seed="880720018" result="Passed" start-time="2023-06-08 20:29:33Z" end-time="2023-06-08 20:29:33Z" duration="0.000603" asserts="0">
                <properties>
                  <property name="Category" value="GDX.Tests" />
                </properties>
                <output><![CDATA[[Code Coverage] Code Coverage results for visited sequence points were saved in D:/BuildAgent/work/GDX-Documentation/Staging/CodeCoverage/GDX_Development-opencov/EditMode/TestCoverageResults_0214.xml
[Code Coverage] Code Coverage requires Burst Compilation to be disabled in order to obtain accurate coverage information. To disable Burst Compilation uncheck Jobs > Burst > Enable Compilation or pass '--burst-disable-compilation' to the command line in batchmode.
]]></output>
              </test-case>
              <test-case id="1587" name="RemoveLastItem_MockData_RemovedItem" fullname="GDX.Collections.Generic.SimpleListExtensionsTests.RemoveLastItem_MockData_RemovedItem" methodname="RemoveLastItem_MockData_RemovedItem" classname="GDX.Collections.Generic.SimpleListExtensionsTests" runstate="Runnable" seed="1117556043" result="Passed" start-time="2023-06-08 20:29:34Z" end-time="2023-06-08 20:29:34Z" duration="0.000535" asserts="0">
                <properties>
                  <property name="Category" value="GDX.Tests" />
                </properties>
                <output><![CDATA[[Code Coverage] Code Coverage results for visited sequence points were saved in D:/BuildAgent/work/GDX-Documentation/Staging/CodeCoverage/GDX_Development-opencov/EditMode/TestCoverageResults_0215.xml
[Code Coverage] Code Coverage requires Burst Compilation to be disabled in order to obtain accurate coverage information. To disable Burst Compilation uncheck Jobs > Burst > Enable Compilation or pass '--burst-disable-compilation' to the command line in batchmode.
]]></output>
              </test-case>
              <test-case id="1590" name="RemoveLastReference_MockData_NoItemReturnsFalse" fullname="GDX.Collections.Generic.SimpleListExtensionsTests.RemoveLastReference_MockData_NoItemReturnsFalse" methodname="RemoveLastReference_MockData_NoItemReturnsFalse" classname="GDX.Collections.Generic.SimpleListExtensionsTests" runstate="Runnable" seed="1145446792" result="Passed" start-time="2023-06-08 20:29:34Z" end-time="2023-06-08 20:29:34Z" duration="0.000589" asserts="0">
                <properties>
                  <property name="Category" value="GDX.Tests" />
                </properties>
                <output><![CDATA[[Code Coverage] Code Coverage results for visited sequence points were saved in D:/BuildAgent/work/GDX-Documentation/Staging/CodeCoverage/GDX_Development-opencov/EditMode/TestCoverageResults_0216.xml
[Code Coverage] Code Coverage requires Burst Compilation to be disabled in order to obtain accurate coverage information. To disable Burst Compilation uncheck Jobs > Burst > Enable Compilation or pass '--burst-disable-compilation' to the command line in batchmode.
]]></output>
              </test-case>
              <test-case id="1589" name="RemoveLastReference_MockData_RemovedItem" fullname="GDX.Collections.Generic.SimpleListExtensionsTests.RemoveLastReference_MockData_RemovedItem" methodname="RemoveLastReference_MockData_RemovedItem" classname="GDX.Collections.Generic.SimpleListExtensionsTests" runstate="Runnable" seed="60183455" result="Passed" start-time="2023-06-08 20:29:35Z" end-time="2023-06-08 20:29:35Z" duration="0.000512" asserts="0">
                <properties>
                  <property name="Category" value="GDX.Tests" />
                </properties>
                <output><![CDATA[[Code Coverage] Code Coverage results for visited sequence points were saved in D:/BuildAgent/work/GDX-Documentation/Staging/CodeCoverage/GDX_Development-opencov/EditMode/TestCoverageResults_0217.xml
[Code Coverage] Code Coverage requires Burst Compilation to be disabled in order to obtain accurate coverage information. To disable Burst Compilation uncheck Jobs > Burst > Enable Compilation or pass '--burst-disable-compilation' to the command line in batchmode.
]]></output>
              </test-case>
              <test-case id="1586" name="RemoveReferences_MockData_RemovedItems" fullname="GDX.Collections.Generic.SimpleListExtensionsTests.RemoveReferences_MockData_RemovedItems" methodname="RemoveReferences_MockData_RemovedItems" classname="GDX.Collections.Generic.SimpleListExtensionsTests" runstate="Runnable" seed="1217345562" result="Passed" start-time="2023-06-08 20:29:36Z" end-time="2023-06-08 20:29:36Z" duration="0.000604" asserts="0">
                <properties>
                  <property name="Category" value="GDX.Tests" />
                </properties>
                <output><![CDATA[[Code Coverage] Code Coverage results for visited sequence points were saved in D:/BuildAgent/work/GDX-Documentation/Staging/CodeCoverage/GDX_Development-opencov/EditMode/TestCoverageResults_0218.xml
[Code Coverage] Code Coverage requires Burst Compilation to be disabled in order to obtain accurate coverage information. To disable Burst Compilation uncheck Jobs > Burst > Enable Compilation or pass '--burst-disable-compilation' to the command line in batchmode.
]]></output>
              </test-case>
            </test-suite>
            <test-suite type="TestFixture" id="1593" name="SimpleListTests" fullname="GDX.Collections.Generic.SimpleListTests" classname="GDX.Collections.Generic.SimpleListTests" runstate="Runnable" testcasecount="40" result="Passed" start-time="2023-06-08 20:29:36Z" end-time="2023-06-08 20:30:01Z" duration="24.352852" total="40" passed="40" failed="0" inconclusive="0" skipped="0" asserts="0">
              <properties />
              <test-case id="1604" name="AddExpandClearBoth_MockDataWithExpansion_ValueAdded" fullname="GDX.Collections.Generic.SimpleListTests.AddExpandClearBoth_MockDataWithExpansion_ValueAdded" methodname="AddExpandClearBoth_MockDataWithExpansion_ValueAdded" classname="GDX.Collections.Generic.SimpleListTests" runstate="Runnable" seed="1774460894" result="Passed" start-time="2023-06-08 20:29:36Z" end-time="2023-06-08 20:29:36Z" duration="0.000670" asserts="0">
                <properties>
                  <property name="Category" value="GDX.Tests" />
                </properties>
                <output><![CDATA[[Code Coverage] Code Coverage results for visited sequence points were saved in D:/BuildAgent/work/GDX-Documentation/Staging/CodeCoverage/GDX_Development-opencov/EditMode/TestCoverageResults_0219.xml
[Code Coverage] Code Coverage requires Burst Compilation to be disabled in order to obtain accurate coverage information. To disable Burst Compilation uncheck Jobs > Burst > Enable Compilation or pass '--burst-disable-compilation' to the command line in batchmode.
]]></output>
              </test-case>
              <test-case id="1603" name="AddExpandClearNew_MockDataWithExpansion_ValueAdded" fullname="GDX.Collections.Generic.SimpleListTests.AddExpandClearNew_MockDataWithExpansion_ValueAdded" methodname="AddExpandClearNew_MockDataWithExpansion_ValueAdded" classname="GDX.Collections.Generic.SimpleListTests" runstate="Runnable" seed="1340059364" result="Passed" start-time="2023-06-08 20:29:37Z" end-time="2023-06-08 20:29:37Z" duration="0.000649" asserts="0">
                <properties>
                  <property name="Category" value="GDX.Tests" />
                </properties>
                <output><![CDATA[[Code Coverage] Code Coverage results for visited sequence points were saved in D:/BuildAgent/work/GDX-Documentation/Staging/CodeCoverage/GDX_Development-opencov/EditMode/TestCoverageResults_0220.xml
[Code Coverage] Code Coverage requires Burst Compilation to be disabled in order to obtain accurate coverage information. To disable Burst Compilation uncheck Jobs > Burst > Enable Compilation or pass '--burst-disable-compilation' to the command line in batchmode.
]]></output>
              </test-case>
              <test-case id="1602" name="AddExpandClearOld_MockDataWithExpansion_ValueAdded" fullname="GDX.Collections.Generic.SimpleListTests.AddExpandClearOld_MockDataWithExpansion_ValueAdded" methodname="AddExpandClearOld_MockDataWithExpansion_ValueAdded" classname="GDX.Collections.Generic.SimpleListTests" runstate="Runnable" seed="1813008022" result="Passed" start-time="2023-06-08 20:29:37Z" end-time="2023-06-08 20:29:37Z" duration="0.000537" asserts="0">
                <properties>
                  <property name="Category" value="GDX.Tests" />
                </properties>
                <output><![CDATA[[Code Coverage] Code Coverage results for visited sequence points were saved in D:/BuildAgent/work/GDX-Documentation/Staging/CodeCoverage/GDX_Development-opencov/EditMode/TestCoverageResults_0221.xml
[Code Coverage] Code Coverage requires Burst Compilation to be disabled in order to obtain accurate coverage information. To disable Burst Compilation uncheck Jobs > Burst > Enable Compilation or pass '--burst-disable-compilation' to the command line in batchmode.
]]></output>
              </test-case>
              <test-case id="1601" name="AddExpandNoClear_MockDataWithExpansion_ValueAdded" fullname="GDX.Collections.Generic.SimpleListTests.AddExpandNoClear_MockDataWithExpansion_ValueAdded" methodname="AddExpandNoClear_MockDataWithExpansion_ValueAdded" classname="GDX.Collections.Generic.SimpleListTests" runstate="Runnable" seed="224409552" result="Passed" start-time="2023-06-08 20:29:38Z" end-time="2023-06-08 20:29:38Z" duration="0.000555" asserts="0">
                <properties>
                  <property name="Category" value="GDX.Tests" />
                </properties>
                <output><![CDATA[[Code Coverage] Code Coverage results for visited sequence points were saved in D:/BuildAgent/work/GDX-Documentation/Staging/CodeCoverage/GDX_Development-opencov/EditMode/TestCoverageResults_0222.xml
[Code Coverage] Code Coverage requires Burst Compilation to be disabled in order to obtain accurate coverage information. To disable Burst Compilation uncheck Jobs > Burst > Enable Compilation or pass '--burst-disable-compilation' to the command line in batchmode.
]]></output>
              </test-case>
              <test-case id="1597" name="AddUnchecked_MockData_ValueAdded" fullname="GDX.Collections.Generic.SimpleListTests.AddUnchecked_MockData_ValueAdded" methodname="AddUnchecked_MockData_ValueAdded" classname="GDX.Collections.Generic.SimpleListTests" runstate="Runnable" seed="268332736" result="Passed" start-time="2023-06-08 20:29:39Z" end-time="2023-06-08 20:29:39Z" duration="0.000324" asserts="0">
                <properties>
                  <property name="Category" value="GDX.Tests" />
                </properties>
                <output><![CDATA[[Code Coverage] Code Coverage results for visited sequence points were saved in D:/BuildAgent/work/GDX-Documentation/Staging/CodeCoverage/GDX_Development-opencov/EditMode/TestCoverageResults_0223.xml
[Code Coverage] Code Coverage requires Burst Compilation to be disabled in order to obtain accurate coverage information. To disable Burst Compilation uncheck Jobs > Burst > Enable Compilation or pass '--burst-disable-compilation' to the command line in batchmode.
]]></output>
              </test-case>
              <test-case id="1598" name="AddUnchecked_MockDataOverflow_ThrowsException" fullname="GDX.Collections.Generic.SimpleListTests.AddUnchecked_MockDataOverflow_ThrowsException" methodname="AddUnchecked_MockDataOverflow_ThrowsException" classname="GDX.Collections.Generic.SimpleListTests" runstate="Runnable" seed="1738308971" result="Passed" start-time="2023-06-08 20:29:39Z" end-time="2023-06-08 20:29:39Z" duration="0.000428" asserts="0">
                <properties>
                  <property name="Category" value="GDX.Tests" />
                </properties>
                <output><![CDATA[[Code Coverage] Code Coverage results for visited sequence points were saved in D:/BuildAgent/work/GDX-Documentation/Staging/CodeCoverage/GDX_Development-opencov/EditMode/TestCoverageResults_0224.xml
[Code Coverage] Code Coverage requires Burst Compilation to be disabled in order to obtain accurate coverage information. To disable Burst Compilation uncheck Jobs > Burst > Enable Compilation or pass '--burst-disable-compilation' to the command line in batchmode.
]]></output>
              </test-case>
              <test-case id="1599" name="AddWithExpandCheck_MockData_ValueAdded" fullname="GDX.Collections.Generic.SimpleListTests.AddWithExpandCheck_MockData_ValueAdded" methodname="AddWithExpandCheck_MockData_ValueAdded" classname="GDX.Collections.Generic.SimpleListTests" runstate="Runnable" seed="1372789759" result="Passed" start-time="2023-06-08 20:29:40Z" end-time="2023-06-08 20:29:40Z" duration="0.000527" asserts="0">
                <properties>
                  <property name="Category" value="GDX.Tests" />
                </properties>
                <output><![CDATA[[Code Coverage] Code Coverage results for visited sequence points were saved in D:/BuildAgent/work/GDX-Documentation/Staging/CodeCoverage/GDX_Development-opencov/EditMode/TestCoverageResults_0225.xml
[Code Coverage] Code Coverage requires Burst Compilation to be disabled in order to obtain accurate coverage information. To disable Burst Compilation uncheck Jobs > Burst > Enable Compilation or pass '--burst-disable-compilation' to the command line in batchmode.
]]></output>
              </test-case>
              <test-case id="1600" name="AddWithExpandCheck_MockDataWithExpansion_ValueAdded" fullname="GDX.Collections.Generic.SimpleListTests.AddWithExpandCheck_MockDataWithExpansion_ValueAdded" methodname="AddWithExpandCheck_MockDataWithExpansion_ValueAdded" classname="GDX.Collections.Generic.SimpleListTests" runstate="Runnable" seed="1274356924" result="Passed" start-time="2023-06-08 20:29:40Z" end-time="2023-06-08 20:29:40Z" duration="0.000418" asserts="0">
                <properties>
                  <property name="Category" value="GDX.Tests" />
                </properties>
                <output><![CDATA[[Code Coverage] Code Coverage results for visited sequence points were saved in D:/BuildAgent/work/GDX-Documentation/Staging/CodeCoverage/GDX_Development-opencov/EditMode/TestCoverageResults_0226.xml
[Code Coverage] Code Coverage requires Burst Compilation to be disabled in order to obtain accurate coverage information. To disable Burst Compilation uncheck Jobs > Burst > Enable Compilation or pass '--burst-disable-compilation' to the command line in batchmode.
]]></output>
              </test-case>
              <test-case id="1609" name="Clear_MockData_DataCleared" fullname="GDX.Collections.Generic.SimpleListTests.Clear_MockData_DataCleared" methodname="Clear_MockData_DataCleared" classname="GDX.Collections.Generic.SimpleListTests" runstate="Runnable" seed="87626324" result="Passed" start-time="2023-06-08 20:29:41Z" end-time="2023-06-08 20:29:41Z" duration="0.000306" asserts="0">
                <properties>
                  <property name="Category" value="GDX.Tests" />
                </properties>
                <output><![CDATA[[Code Coverage] Code Coverage results for visited sequence points were saved in D:/BuildAgent/work/GDX-Documentation/Staging/CodeCoverage/GDX_Development-opencov/EditMode/TestCoverageResults_0227.xml
[Code Coverage] Code Coverage requires Burst Compilation to be disabled in order to obtain accurate coverage information. To disable Burst Compilation uncheck Jobs > Burst > Enable Compilation or pass '--burst-disable-compilation' to the command line in batchmode.
]]></output>
              </test-case>
              <test-case id="1594" name="Constructor_CreateWithCount" fullname="GDX.Collections.Generic.SimpleListTests.Constructor_CreateWithCount" methodname="Constructor_CreateWithCount" classname="GDX.Collections.Generic.SimpleListTests" runstate="Runnable" seed="165330181" result="Passed" start-time="2023-06-08 20:29:42Z" end-time="2023-06-08 20:29:42Z" duration="0.000303" asserts="0">
                <properties>
                  <property name="Category" value="GDX.Tests" />
                </properties>
                <output><![CDATA[[Code Coverage] Code Coverage results for visited sequence points were saved in D:/BuildAgent/work/GDX-Documentation/Staging/CodeCoverage/GDX_Development-opencov/EditMode/TestCoverageResults_0228.xml
[Code Coverage] Code Coverage requires Burst Compilation to be disabled in order to obtain accurate coverage information. To disable Burst Compilation uncheck Jobs > Burst > Enable Compilation or pass '--burst-disable-compilation' to the command line in batchmode.
]]></output>
              </test-case>
              <test-case id="1595" name="Constructor_CreateWithExisting_FillsList" fullname="GDX.Collections.Generic.SimpleListTests.Constructor_CreateWithExisting_FillsList" methodname="Constructor_CreateWithExisting_FillsList" classname="GDX.Collections.Generic.SimpleListTests" runstate="Runnable" seed="1421991624" result="Passed" start-time="2023-06-08 20:29:42Z" end-time="2023-06-08 20:29:42Z" duration="0.000365" asserts="0">
                <properties>
                  <property name="Category" value="GDX.Tests" />
                </properties>
                <output><![CDATA[[Code Coverage] Code Coverage results for visited sequence points were saved in D:/BuildAgent/work/GDX-Documentation/Staging/CodeCoverage/GDX_Development-opencov/EditMode/TestCoverageResults_0229.xml
[Code Coverage] Code Coverage requires Burst Compilation to be disabled in order to obtain accurate coverage information. To disable Burst Compilation uncheck Jobs > Burst > Enable Compilation or pass '--burst-disable-compilation' to the command line in batchmode.
]]></output>
              </test-case>
              <test-case id="1596" name="Constructor_CreateWithExistingNoCount_FillsListNoCount" fullname="GDX.Collections.Generic.SimpleListTests.Constructor_CreateWithExistingNoCount_FillsListNoCount" methodname="Constructor_CreateWithExistingNoCount_FillsListNoCount" classname="GDX.Collections.Generic.SimpleListTests" runstate="Runnable" seed="1506557687" result="Passed" start-time="2023-06-08 20:29:43Z" end-time="2023-06-08 20:29:43Z" duration="0.000376" asserts="0">
                <properties>
                  <property name="Category" value="GDX.Tests" />
                </properties>
                <output><![CDATA[[Code Coverage] Code Coverage results for visited sequence points were saved in D:/BuildAgent/work/GDX-Documentation/Staging/CodeCoverage/GDX_Development-opencov/EditMode/TestCoverageResults_0230.xml
[Code Coverage] Code Coverage requires Burst Compilation to be disabled in order to obtain accurate coverage information. To disable Burst Compilation uncheck Jobs > Burst > Enable Compilation or pass '--burst-disable-compilation' to the command line in batchmode.
]]></output>
              </test-case>
              <test-case id="1608" name="InsertExpandClearBoth_MockDataWithExpansion_ValueAdded" fullname="GDX.Collections.Generic.SimpleListTests.InsertExpandClearBoth_MockDataWithExpansion_ValueAdded" methodname="InsertExpandClearBoth_MockDataWithExpansion_ValueAdded" classname="GDX.Collections.Generic.SimpleListTests" runstate="Runnable" seed="785446008" result="Passed" start-time="2023-06-08 20:29:43Z" end-time="2023-06-08 20:29:43Z" duration="0.000648" asserts="0">
                <properties>
                  <property name="Category" value="GDX.Tests" />
                </properties>
                <output><![CDATA[[Code Coverage] Code Coverage results for visited sequence points were saved in D:/BuildAgent/work/GDX-Documentation/Staging/CodeCoverage/GDX_Development-opencov/EditMode/TestCoverageResults_0231.xml
[Code Coverage] Code Coverage requires Burst Compilation to be disabled in order to obtain accurate coverage information. To disable Burst Compilation uncheck Jobs > Burst > Enable Compilation or pass '--burst-disable-compilation' to the command line in batchmode.
]]></output>
              </test-case>
              <test-case id="1607" name="InsertExpandClearNew_MockDataWithExpansion_ValueAdded" fullname="GDX.Collections.Generic.SimpleListTests.InsertExpandClearNew_MockDataWithExpansion_ValueAdded" methodname="InsertExpandClearNew_MockDataWithExpansion_ValueAdded" classname="GDX.Collections.Generic.SimpleListTests" runstate="Runnable" seed="489939792" result="Passed" start-time="2023-06-08 20:29:44Z" end-time="2023-06-08 20:29:44Z" duration="0.000598" asserts="0">
                <properties>
                  <property name="Category" value="GDX.Tests" />
                </properties>
                <output><![CDATA[[Code Coverage] Code Coverage results for visited sequence points were saved in D:/BuildAgent/work/GDX-Documentation/Staging/CodeCoverage/GDX_Development-opencov/EditMode/TestCoverageResults_0232.xml
[Code Coverage] Code Coverage requires Burst Compilation to be disabled in order to obtain accurate coverage information. To disable Burst Compilation uncheck Jobs > Burst > Enable Compilation or pass '--burst-disable-compilation' to the command line in batchmode.
]]></output>
              </test-case>
              <test-case id="1606" name="InsertExpandClearOld_MockDataWithExpansion_ValueAdded" fullname="GDX.Collections.Generic.SimpleListTests.InsertExpandClearOld_MockDataWithExpansion_ValueAdded" methodname="InsertExpandClearOld_MockDataWithExpansion_ValueAdded" classname="GDX.Collections.Generic.SimpleListTests" runstate="Runnable" seed="420342828" result="Passed" start-time="2023-06-08 20:29:45Z" end-time="2023-06-08 20:29:45Z" duration="0.000556" asserts="0">
                <properties>
                  <property name="Category" value="GDX.Tests" />
                </properties>
                <output><![CDATA[[Code Coverage] Code Coverage results for visited sequence points were saved in D:/BuildAgent/work/GDX-Documentation/Staging/CodeCoverage/GDX_Development-opencov/EditMode/TestCoverageResults_0233.xml
[Code Coverage] Code Coverage requires Burst Compilation to be disabled in order to obtain accurate coverage information. To disable Burst Compilation uncheck Jobs > Burst > Enable Compilation or pass '--burst-disable-compilation' to the command line in batchmode.
]]></output>
              </test-case>
              <test-case id="1605" name="InsertExpandNoClear_MockDataWithExpansion_ValueAdded" fullname="GDX.Collections.Generic.SimpleListTests.InsertExpandNoClear_MockDataWithExpansion_ValueAdded" methodname="InsertExpandNoClear_MockDataWithExpansion_ValueAdded" classname="GDX.Collections.Generic.SimpleListTests" runstate="Runnable" seed="513353172" result="Passed" start-time="2023-06-08 20:29:45Z" end-time="2023-06-08 20:29:45Z" duration="0.000557" asserts="0">
                <properties>
                  <property name="Category" value="GDX.Tests" />
                </properties>
                <output><![CDATA[[Code Coverage] Code Coverage results for visited sequence points were saved in D:/BuildAgent/work/GDX-Documentation/Staging/CodeCoverage/GDX_Development-opencov/EditMode/TestCoverageResults_0234.xml
[Code Coverage] Code Coverage requires Burst Compilation to be disabled in order to obtain accurate coverage information. To disable Burst Compilation uncheck Jobs > Burst > Enable Compilation or pass '--burst-disable-compilation' to the command line in batchmode.
]]></output>
              </test-case>
              <test-case id="1610" name="InsertUnchecked_MockDataAtEnd_ValueAdded" fullname="GDX.Collections.Generic.SimpleListTests.InsertUnchecked_MockDataAtEnd_ValueAdded" methodname="InsertUnchecked_MockDataAtEnd_ValueAdded" classname="GDX.Collections.Generic.SimpleListTests" runstate="Runnable" seed="1280425123" result="Passed" start-time="2023-06-08 20:29:46Z" end-time="2023-06-08 20:29:46Z" duration="0.000446" asserts="0">
                <properties>
                  <property name="Category" value="GDX.Tests" />
                </properties>
                <output><![CDATA[[Code Coverage] Code Coverage results for visited sequence points were saved in D:/BuildAgent/work/GDX-Documentation/Staging/CodeCoverage/GDX_Development-opencov/EditMode/TestCoverageResults_0235.xml
[Code Coverage] Code Coverage requires Burst Compilation to be disabled in order to obtain accurate coverage information. To disable Burst Compilation uncheck Jobs > Burst > Enable Compilation or pass '--burst-disable-compilation' to the command line in batchmode.
]]></output>
              </test-case>
              <test-case id="1611" name="InsertUnchecked_MockDataAtStart_ValueAdded" fullname="GDX.Collections.Generic.SimpleListTests.InsertUnchecked_MockDataAtStart_ValueAdded" methodname="InsertUnchecked_MockDataAtStart_ValueAdded" classname="GDX.Collections.Generic.SimpleListTests" runstate="Runnable" seed="435500786" result="Passed" start-time="2023-06-08 20:29:46Z" end-time="2023-06-08 20:29:46Z" duration="0.000315" asserts="0">
                <properties>
                  <property name="Category" value="GDX.Tests" />
                </properties>
                <output><![CDATA[[Code Coverage] Code Coverage results for visited sequence points were saved in D:/BuildAgent/work/GDX-Documentation/Staging/CodeCoverage/GDX_Development-opencov/EditMode/TestCoverageResults_0236.xml
[Code Coverage] Code Coverage requires Burst Compilation to be disabled in order to obtain accurate coverage information. To disable Burst Compilation uncheck Jobs > Burst > Enable Compilation or pass '--burst-disable-compilation' to the command line in batchmode.
]]></output>
              </test-case>
              <test-case id="1612" name="InsertUnchecked_MockDataInMiddle_ValueAdded" fullname="GDX.Collections.Generic.SimpleListTests.InsertUnchecked_MockDataInMiddle_ValueAdded" methodname="InsertUnchecked_MockDataInMiddle_ValueAdded" classname="GDX.Collections.Generic.SimpleListTests" runstate="Runnable" seed="1312761297" result="Passed" start-time="2023-06-08 20:29:47Z" end-time="2023-06-08 20:29:47Z" duration="0.000335" asserts="0">
                <properties>
                  <property name="Category" value="GDX.Tests" />
                </properties>
                <output><![CDATA[[Code Coverage] Code Coverage results for visited sequence points were saved in D:/BuildAgent/work/GDX-Documentation/Staging/CodeCoverage/GDX_Development-opencov/EditMode/TestCoverageResults_0237.xml
[Code Coverage] Code Coverage requires Burst Compilation to be disabled in order to obtain accurate coverage information. To disable Burst Compilation uncheck Jobs > Burst > Enable Compilation or pass '--burst-disable-compilation' to the command line in batchmode.
]]></output>
              </test-case>
              <test-case id="1613" name="InsertWithExpandCheck_MockDataAtEnd_ValueAdded" fullname="GDX.Collections.Generic.SimpleListTests.InsertWithExpandCheck_MockDataAtEnd_ValueAdded" methodname="InsertWithExpandCheck_MockDataAtEnd_ValueAdded" classname="GDX.Collections.Generic.SimpleListTests" runstate="Runnable" seed="808958232" result="Passed" start-time="2023-06-08 20:29:48Z" end-time="2023-06-08 20:29:48Z" duration="0.000427" asserts="0">
                <properties>
                  <property name="Category" value="GDX.Tests" />
                </properties>
                <output><![CDATA[[Code Coverage] Code Coverage results for visited sequence points were saved in D:/BuildAgent/work/GDX-Documentation/Staging/CodeCoverage/GDX_Development-opencov/EditMode/TestCoverageResults_0238.xml
[Code Coverage] Code Coverage requires Burst Compilation to be disabled in order to obtain accurate coverage information. To disable Burst Compilation uncheck Jobs > Burst > Enable Compilation or pass '--burst-disable-compilation' to the command line in batchmode.
]]></output>
              </test-case>
              <test-case id="1616" name="InsertWithExpandCheck_MockDataAtEndAndCustomCount_ValueAdded" fullname="GDX.Collections.Generic.SimpleListTests.InsertWithExpandCheck_MockDataAtEndAndCustomCount_ValueAdded" methodname="InsertWithExpandCheck_MockDataAtEndAndCustomCount_ValueAdded" classname="GDX.Collections.Generic.SimpleListTests" runstate="Runnable" seed="1412633187" result="Passed" start-time="2023-06-08 20:29:48Z" end-time="2023-06-08 20:29:48Z" duration="0.000439" asserts="0">
                <properties>
                  <property name="Category" value="GDX.Tests" />
                </properties>
                <output><![CDATA[[Code Coverage] Code Coverage results for visited sequence points were saved in D:/BuildAgent/work/GDX-Documentation/Staging/CodeCoverage/GDX_Development-opencov/EditMode/TestCoverageResults_0239.xml
[Code Coverage] Code Coverage requires Burst Compilation to be disabled in order to obtain accurate coverage information. To disable Burst Compilation uncheck Jobs > Burst > Enable Compilation or pass '--burst-disable-compilation' to the command line in batchmode.
]]></output>
              </test-case>
              <test-case id="1614" name="InsertWithExpandCheck_MockDataAtStart_ValueAdded" fullname="GDX.Collections.Generic.SimpleListTests.InsertWithExpandCheck_MockDataAtStart_ValueAdded" methodname="InsertWithExpandCheck_MockDataAtStart_ValueAdded" classname="GDX.Collections.Generic.SimpleListTests" runstate="Runnable" seed="2048160978" result="Passed" start-time="2023-06-08 20:29:49Z" end-time="2023-06-08 20:29:49Z" duration="0.000323" asserts="0">
                <properties>
                  <property name="Category" value="GDX.Tests" />
                </properties>
                <output><![CDATA[[Code Coverage] Code Coverage results for visited sequence points were saved in D:/BuildAgent/work/GDX-Documentation/Staging/CodeCoverage/GDX_Development-opencov/EditMode/TestCoverageResults_0240.xml
[Code Coverage] Code Coverage requires Burst Compilation to be disabled in order to obtain accurate coverage information. To disable Burst Compilation uncheck Jobs > Burst > Enable Compilation or pass '--burst-disable-compilation' to the command line in batchmode.
]]></output>
              </test-case>
              <test-case id="1617" name="InsertWithExpandCheck_MockDataAtStartAndCustomCount_ValueAdded" fullname="GDX.Collections.Generic.SimpleListTests.InsertWithExpandCheck_MockDataAtStartAndCustomCount_ValueAdded" methodname="InsertWithExpandCheck_MockDataAtStartAndCustomCount_ValueAdded" classname="GDX.Collections.Generic.SimpleListTests" runstate="Runnable" seed="375311947" result="Passed" start-time="2023-06-08 20:29:49Z" end-time="2023-06-08 20:29:49Z" duration="0.000470" asserts="0">
                <properties>
                  <property name="Category" value="GDX.Tests" />
                </properties>
                <output><![CDATA[[Code Coverage] Code Coverage results for visited sequence points were saved in D:/BuildAgent/work/GDX-Documentation/Staging/CodeCoverage/GDX_Development-opencov/EditMode/TestCoverageResults_0241.xml
[Code Coverage] Code Coverage requires Burst Compilation to be disabled in order to obtain accurate coverage information. To disable Burst Compilation uncheck Jobs > Burst > Enable Compilation or pass '--burst-disable-compilation' to the command line in batchmode.
]]></output>
              </test-case>
              <test-case id="1615" name="InsertWithExpandCheck_MockDataInMiddle_ValueAdded" fullname="GDX.Collections.Generic.SimpleListTests.InsertWithExpandCheck_MockDataInMiddle_ValueAdded" methodname="InsertWithExpandCheck_MockDataInMiddle_ValueAdded" classname="GDX.Collections.Generic.SimpleListTests" runstate="Runnable" seed="66068737" result="Passed" start-time="2023-06-08 20:29:50Z" end-time="2023-06-08 20:29:50Z" duration="0.000336" asserts="0">
                <properties>
                  <property name="Category" value="GDX.Tests" />
                </properties>
                <output><![CDATA[[Code Coverage] Code Coverage results for visited sequence points were saved in D:/BuildAgent/work/GDX-Documentation/Staging/CodeCoverage/GDX_Development-opencov/EditMode/TestCoverageResults_0242.xml
[Code Coverage] Code Coverage requires Burst Compilation to be disabled in order to obtain accurate coverage information. To disable Burst Compilation uncheck Jobs > Burst > Enable Compilation or pass '--burst-disable-compilation' to the command line in batchmode.
]]></output>
              </test-case>
              <test-case id="1618" name="InsertWithExpandCheck_MockDataInMiddleAndCustomCount_ValueAdded" fullname="GDX.Collections.Generic.SimpleListTests.InsertWithExpandCheck_MockDataInMiddleAndCustomCount_ValueAdded" methodname="InsertWithExpandCheck_MockDataInMiddleAndCustomCount_ValueAdded" classname="GDX.Collections.Generic.SimpleListTests" runstate="Runnable" seed="329958873" result="Passed" start-time="2023-06-08 20:29:51Z" end-time="2023-06-08 20:29:51Z" duration="0.000342" asserts="0">
                <properties>
                  <property name="Category" value="GDX.Tests" />
                </properties>
                <output><![CDATA[[Code Coverage] Code Coverage results for visited sequence points were saved in D:/BuildAgent/work/GDX-Documentation/Staging/CodeCoverage/GDX_Development-opencov/EditMode/TestCoverageResults_0243.xml
[Code Coverage] Code Coverage requires Burst Compilation to be disabled in order to obtain accurate coverage information. To disable Burst Compilation uncheck Jobs > Burst > Enable Compilation or pass '--burst-disable-compilation' to the command line in batchmode.
]]></output>
              </test-case>
              <test-case id="1619" name="RemoveAt_MockDataAtEnd_ValueRemoved" fullname="GDX.Collections.Generic.SimpleListTests.RemoveAt_MockDataAtEnd_ValueRemoved" methodname="RemoveAt_MockDataAtEnd_ValueRemoved" classname="GDX.Collections.Generic.SimpleListTests" runstate="Runnable" seed="768779203" result="Passed" start-time="2023-06-08 20:29:51Z" end-time="2023-06-08 20:29:51Z" duration="0.000426" asserts="0">
                <properties>
                  <property name="Category" value="GDX.Tests" />
                </properties>
                <output><![CDATA[[Code Coverage] Code Coverage results for visited sequence points were saved in D:/BuildAgent/work/GDX-Documentation/Staging/CodeCoverage/GDX_Development-opencov/EditMode/TestCoverageResults_0244.xml
[Code Coverage] Code Coverage requires Burst Compilation to be disabled in order to obtain accurate coverage information. To disable Burst Compilation uncheck Jobs > Burst > Enable Compilation or pass '--burst-disable-compilation' to the command line in batchmode.
]]></output>
              </test-case>
              <test-case id="1620" name="RemoveAt_MockDataAtStart_ValueRemoved" fullname="GDX.Collections.Generic.SimpleListTests.RemoveAt_MockDataAtStart_ValueRemoved" methodname="RemoveAt_MockDataAtStart_ValueRemoved" classname="GDX.Collections.Generic.SimpleListTests" runstate="Runnable" seed="1403219213" result="Passed" start-time="2023-06-08 20:29:52Z" end-time="2023-06-08 20:29:52Z" duration="0.000322" asserts="0">
                <properties>
                  <property name="Category" value="GDX.Tests" />
                </properties>
                <output><![CDATA[[Code Coverage] Code Coverage results for visited sequence points were saved in D:/BuildAgent/work/GDX-Documentation/Staging/CodeCoverage/GDX_Development-opencov/EditMode/TestCoverageResults_0245.xml
[Code Coverage] Code Coverage requires Burst Compilation to be disabled in order to obtain accurate coverage information. To disable Burst Compilation uncheck Jobs > Burst > Enable Compilation or pass '--burst-disable-compilation' to the command line in batchmode.
]]></output>
              </test-case>
              <test-case id="1621" name="RemoveAt_MockDataInMiddle_ValueRemoved" fullname="GDX.Collections.Generic.SimpleListTests.RemoveAt_MockDataInMiddle_ValueRemoved" methodname="RemoveAt_MockDataInMiddle_ValueRemoved" classname="GDX.Collections.Generic.SimpleListTests" runstate="Runnable" seed="1682664677" result="Passed" start-time="2023-06-08 20:29:53Z" end-time="2023-06-08 20:29:53Z" duration="0.000348" asserts="0">
                <properties>
                  <property name="Category" value="GDX.Tests" />
                </properties>
                <output><![CDATA[[Code Coverage] Code Coverage results for visited sequence points were saved in D:/BuildAgent/work/GDX-Documentation/Staging/CodeCoverage/GDX_Development-opencov/EditMode/TestCoverageResults_0246.xml
[Code Coverage] Code Coverage requires Burst Compilation to be disabled in order to obtain accurate coverage information. To disable Burst Compilation uncheck Jobs > Burst > Enable Compilation or pass '--burst-disable-compilation' to the command line in batchmode.
]]></output>
              </test-case>
              <test-case id="1622" name="RemoveAtSwapBack_MockDataAtEnd_ValueRemoved" fullname="GDX.Collections.Generic.SimpleListTests.RemoveAtSwapBack_MockDataAtEnd_ValueRemoved" methodname="RemoveAtSwapBack_MockDataAtEnd_ValueRemoved" classname="GDX.Collections.Generic.SimpleListTests" runstate="Runnable" seed="1151155813" result="Passed" start-time="2023-06-08 20:29:53Z" end-time="2023-06-08 20:29:53Z" duration="0.000512" asserts="0">
                <properties>
                  <property name="Category" value="GDX.Tests" />
                </properties>
                <output><![CDATA[[Code Coverage] Code Coverage results for visited sequence points were saved in D:/BuildAgent/work/GDX-Documentation/Staging/CodeCoverage/GDX_Development-opencov/EditMode/TestCoverageResults_0247.xml
[Code Coverage] Code Coverage requires Burst Compilation to be disabled in order to obtain accurate coverage information. To disable Burst Compilation uncheck Jobs > Burst > Enable Compilation or pass '--burst-disable-compilation' to the command line in batchmode.
]]></output>
              </test-case>
              <test-case id="1623" name="RemoveAtSwapBack_MockDataAtStart_ValueRemoved" fullname="GDX.Collections.Generic.SimpleListTests.RemoveAtSwapBack_MockDataAtStart_ValueRemoved" methodname="RemoveAtSwapBack_MockDataAtStart_ValueRemoved" classname="GDX.Collections.Generic.SimpleListTests" runstate="Runnable" seed="2115354580" result="Passed" start-time="2023-06-08 20:29:54Z" end-time="2023-06-08 20:29:54Z" duration="0.000348" asserts="0">
                <properties>
                  <property name="Category" value="GDX.Tests" />
                </properties>
                <output><![CDATA[[Code Coverage] Code Coverage results for visited sequence points were saved in D:/BuildAgent/work/GDX-Documentation/Staging/CodeCoverage/GDX_Development-opencov/EditMode/TestCoverageResults_0248.xml
[Code Coverage] Code Coverage requires Burst Compilation to be disabled in order to obtain accurate coverage information. To disable Burst Compilation uncheck Jobs > Burst > Enable Compilation or pass '--burst-disable-compilation' to the command line in batchmode.
]]></output>
              </test-case>
              <test-case id="1624" name="RemoveAtSwapBack_MockDataInMiddle_ValueRemoved" fullname="GDX.Collections.Generic.SimpleListTests.RemoveAtSwapBack_MockDataInMiddle_ValueRemoved" methodname="RemoveAtSwapBack_MockDataInMiddle_ValueRemoved" classname="GDX.Collections.Generic.SimpleListTests" runstate="Runnable" seed="1576528048" result="Passed" start-time="2023-06-08 20:29:55Z" end-time="2023-06-08 20:29:55Z" duration="0.000397" asserts="0">
                <properties>
                  <property name="Category" value="GDX.Tests" />
                </properties>
                <output><![CDATA[[Code Coverage] Code Coverage results for visited sequence points were saved in D:/BuildAgent/work/GDX-Documentation/Staging/CodeCoverage/GDX_Development-opencov/EditMode/TestCoverageResults_0249.xml
[Code Coverage] Code Coverage requires Burst Compilation to be disabled in order to obtain accurate coverage information. To disable Burst Compilation uncheck Jobs > Burst > Enable Compilation or pass '--burst-disable-compilation' to the command line in batchmode.
]]></output>
              </test-case>
              <test-case id="1625" name="RemoveFromBack_MockData_ValueRemoved" fullname="GDX.Collections.Generic.SimpleListTests.RemoveFromBack_MockData_ValueRemoved" methodname="RemoveFromBack_MockData_ValueRemoved" classname="GDX.Collections.Generic.SimpleListTests" runstate="Runnable" seed="1210410945" result="Passed" start-time="2023-06-08 20:29:55Z" end-time="2023-06-08 20:29:55Z" duration="0.000399" asserts="0">
                <properties>
                  <property name="Category" value="GDX.Tests" />
                </properties>
                <output><![CDATA[[Code Coverage] Code Coverage results for visited sequence points were saved in D:/BuildAgent/work/GDX-Documentation/Staging/CodeCoverage/GDX_Development-opencov/EditMode/TestCoverageResults_0250.xml
[Code Coverage] Code Coverage requires Burst Compilation to be disabled in order to obtain accurate coverage information. To disable Burst Compilation uncheck Jobs > Burst > Enable Compilation or pass '--burst-disable-compilation' to the command line in batchmode.
]]></output>
              </test-case>
              <test-case id="1626" name="Reserve_MockData_ArrayExpanded" fullname="GDX.Collections.Generic.SimpleListTests.Reserve_MockData_ArrayExpanded" methodname="Reserve_MockData_ArrayExpanded" classname="GDX.Collections.Generic.SimpleListTests" runstate="Runnable" seed="1812653278" result="Passed" start-time="2023-06-08 20:29:56Z" end-time="2023-06-08 20:29:56Z" duration="0.000410" asserts="0">
                <properties>
                  <property name="Category" value="GDX.Tests" />
                </properties>
                <output><![CDATA[[Code Coverage] Code Coverage results for visited sequence points were saved in D:/BuildAgent/work/GDX-Documentation/Staging/CodeCoverage/GDX_Development-opencov/EditMode/TestCoverageResults_0251.xml
[Code Coverage] Code Coverage requires Burst Compilation to be disabled in order to obtain accurate coverage information. To disable Burst Compilation uncheck Jobs > Burst > Enable Compilation or pass '--burst-disable-compilation' to the command line in batchmode.
]]></output>
              </test-case>
              <test-case id="1630" name="ReserveClearBoth_MockDataWithExpansion_ValueAdded" fullname="GDX.Collections.Generic.SimpleListTests.ReserveClearBoth_MockDataWithExpansion_ValueAdded" methodname="ReserveClearBoth_MockDataWithExpansion_ValueAdded" classname="GDX.Collections.Generic.SimpleListTests" runstate="Runnable" seed="1186164373" result="Passed" start-time="2023-06-08 20:29:56Z" end-time="2023-06-08 20:29:56Z" duration="0.000534" asserts="0">
                <properties>
                  <property name="Category" value="GDX.Tests" />
                </properties>
                <output><![CDATA[[Code Coverage] Code Coverage results for visited sequence points were saved in D:/BuildAgent/work/GDX-Documentation/Staging/CodeCoverage/GDX_Development-opencov/EditMode/TestCoverageResults_0252.xml
[Code Coverage] Code Coverage requires Burst Compilation to be disabled in order to obtain accurate coverage information. To disable Burst Compilation uncheck Jobs > Burst > Enable Compilation or pass '--burst-disable-compilation' to the command line in batchmode.
]]></output>
              </test-case>
              <test-case id="1629" name="ReserveClearNew_MockDataWithExpansion_ValueAdded" fullname="GDX.Collections.Generic.SimpleListTests.ReserveClearNew_MockDataWithExpansion_ValueAdded" methodname="ReserveClearNew_MockDataWithExpansion_ValueAdded" classname="GDX.Collections.Generic.SimpleListTests" runstate="Runnable" seed="1289087871" result="Passed" start-time="2023-06-08 20:29:57Z" end-time="2023-06-08 20:29:57Z" duration="0.000537" asserts="0">
                <properties>
                  <property name="Category" value="GDX.Tests" />
                </properties>
                <output><![CDATA[[Code Coverage] Code Coverage results for visited sequence points were saved in D:/BuildAgent/work/GDX-Documentation/Staging/CodeCoverage/GDX_Development-opencov/EditMode/TestCoverageResults_0253.xml
[Code Coverage] Code Coverage requires Burst Compilation to be disabled in order to obtain accurate coverage information. To disable Burst Compilation uncheck Jobs > Burst > Enable Compilation or pass '--burst-disable-compilation' to the command line in batchmode.
]]></output>
              </test-case>
              <test-case id="1628" name="ReserveClearOld_MockDataWithExpansion_ValueAdded" fullname="GDX.Collections.Generic.SimpleListTests.ReserveClearOld_MockDataWithExpansion_ValueAdded" methodname="ReserveClearOld_MockDataWithExpansion_ValueAdded" classname="GDX.Collections.Generic.SimpleListTests" runstate="Runnable" seed="1758711991" result="Passed" start-time="2023-06-08 20:29:58Z" end-time="2023-06-08 20:29:58Z" duration="0.000536" asserts="0">
                <properties>
                  <property name="Category" value="GDX.Tests" />
                </properties>
                <output><![CDATA[[Code Coverage] Code Coverage results for visited sequence points were saved in D:/BuildAgent/work/GDX-Documentation/Staging/CodeCoverage/GDX_Development-opencov/EditMode/TestCoverageResults_0254.xml
[Code Coverage] Code Coverage requires Burst Compilation to be disabled in order to obtain accurate coverage information. To disable Burst Compilation uncheck Jobs > Burst > Enable Compilation or pass '--burst-disable-compilation' to the command line in batchmode.
]]></output>
              </test-case>
              <test-case id="1627" name="ReserveNoClear_MockDataWithExpansion_ValueAdded" fullname="GDX.Collections.Generic.SimpleListTests.ReserveNoClear_MockDataWithExpansion_ValueAdded" methodname="ReserveNoClear_MockDataWithExpansion_ValueAdded" classname="GDX.Collections.Generic.SimpleListTests" runstate="Runnable" seed="2027446655" result="Passed" start-time="2023-06-08 20:29:58Z" end-time="2023-06-08 20:29:58Z" duration="0.000576" asserts="0">
                <properties>
                  <property name="Category" value="GDX.Tests" />
                </properties>
                <output><![CDATA[[Code Coverage] Code Coverage results for visited sequence points were saved in D:/BuildAgent/work/GDX-Documentation/Staging/CodeCoverage/GDX_Development-opencov/EditMode/TestCoverageResults_0255.xml
[Code Coverage] Code Coverage requires Burst Compilation to be disabled in order to obtain accurate coverage information. To disable Burst Compilation uncheck Jobs > Burst > Enable Compilation or pass '--burst-disable-compilation' to the command line in batchmode.
]]></output>
              </test-case>
              <test-case id="1631" name="Reverse_MockDataEven_ArrayReversed" fullname="GDX.Collections.Generic.SimpleListTests.Reverse_MockDataEven_ArrayReversed" methodname="Reverse_MockDataEven_ArrayReversed" classname="GDX.Collections.Generic.SimpleListTests" runstate="Runnable" seed="2066833481" result="Passed" start-time="2023-06-08 20:29:59Z" end-time="2023-06-08 20:29:59Z" duration="0.000504" asserts="0">
                <properties>
                  <property name="Category" value="GDX.Tests" />
                </properties>
                <output><![CDATA[[Code Coverage] Code Coverage results for visited sequence points were saved in D:/BuildAgent/work/GDX-Documentation/Staging/CodeCoverage/GDX_Development-opencov/EditMode/TestCoverageResults_0256.xml
[Code Coverage] Code Coverage requires Burst Compilation to be disabled in order to obtain accurate coverage information. To disable Burst Compilation uncheck Jobs > Burst > Enable Compilation or pass '--burst-disable-compilation' to the command line in batchmode.
]]></output>
              </test-case>
              <test-case id="1632" name="Reverse_MockDataOdd_ArrayReversed" fullname="GDX.Collections.Generic.SimpleListTests.Reverse_MockDataOdd_ArrayReversed" methodname="Reverse_MockDataOdd_ArrayReversed" classname="GDX.Collections.Generic.SimpleListTests" runstate="Runnable" seed="2131250645" result="Passed" start-time="2023-06-08 20:29:59Z" end-time="2023-06-08 20:29:59Z" duration="0.000354" asserts="0">
                <properties>
                  <property name="Category" value="GDX.Tests" />
                </properties>
                <output><![CDATA[[Code Coverage] Code Coverage results for visited sequence points were saved in D:/BuildAgent/work/GDX-Documentation/Staging/CodeCoverage/GDX_Development-opencov/EditMode/TestCoverageResults_0257.xml
[Code Coverage] Code Coverage requires Burst Compilation to be disabled in order to obtain accurate coverage information. To disable Burst Compilation uncheck Jobs > Burst > Enable Compilation or pass '--burst-disable-compilation' to the command line in batchmode.
]]></output>
              </test-case>
              <test-case id="1633" name="Reverse_MockDataOddLimited_ArrayReversed" fullname="GDX.Collections.Generic.SimpleListTests.Reverse_MockDataOddLimited_ArrayReversed" methodname="Reverse_MockDataOddLimited_ArrayReversed" classname="GDX.Collections.Generic.SimpleListTests" runstate="Runnable" seed="415525761" result="Passed" start-time="2023-06-08 20:30:00Z" end-time="2023-06-08 20:30:00Z" duration="0.000332" asserts="0">
                <properties>
                  <property name="Category" value="GDX.Tests" />
                </properties>
                <output><![CDATA[[Code Coverage] Code Coverage results for visited sequence points were saved in D:/BuildAgent/work/GDX-Documentation/Staging/CodeCoverage/GDX_Development-opencov/EditMode/TestCoverageResults_0258.xml
[Code Coverage] Code Coverage requires Burst Compilation to be disabled in order to obtain accurate coverage information. To disable Burst Compilation uncheck Jobs > Burst > Enable Compilation or pass '--burst-disable-compilation' to the command line in batchmode.
]]></output>
              </test-case>
            </test-suite>
            <test-suite type="TestFixture" id="1634" name="SparseSetTests" fullname="GDX.Collections.Generic.SparseSetTests" classname="GDX.Collections.Generic.SparseSetTests" runstate="Runnable" testcasecount="54" result="Passed" start-time="2023-06-08 20:30:01Z" end-time="2023-06-08 20:30:33Z" duration="32.818259" total="54" passed="54" failed="0" inconclusive="0" skipped="0" asserts="0">
              <properties />
              <test-case id="1637" name="AddUnchecked_MockData_IndicesReserved" fullname="GDX.Collections.Generic.SparseSetTests.AddUnchecked_MockData_IndicesReserved" methodname="AddUnchecked_MockData_IndicesReserved" classname="GDX.Collections.Generic.SparseSetTests" runstate="Runnable" seed="1395736195" result="Passed" start-time="2023-06-08 20:30:01Z" end-time="2023-06-08 20:30:01Z" duration="0.000459" asserts="0">
                <properties>
                  <property name="Category" value="GDX.Tests" />
                </properties>
                <output><![CDATA[[Code Coverage] Code Coverage results for visited sequence points were saved in D:/BuildAgent/work/GDX-Documentation/Staging/CodeCoverage/GDX_Development-opencov/EditMode/TestCoverageResults_0259.xml
[Code Coverage] Code Coverage requires Burst Compilation to be disabled in order to obtain accurate coverage information. To disable Burst Compilation uncheck Jobs > Burst > Enable Compilation or pass '--burst-disable-compilation' to the command line in batchmode.
]]></output>
              </test-case>
              <test-case id="1640" name="AddUnchecked_MockDataAndVersionArrayOverflow_ThrowsException" fullname="GDX.Collections.Generic.SparseSetTests.AddUnchecked_MockDataAndVersionArrayOverflow_ThrowsException" methodname="AddUnchecked_MockDataAndVersionArrayOverflow_ThrowsException" classname="GDX.Collections.Generic.SparseSetTests" runstate="Runnable" seed="1566543805" result="Passed" start-time="2023-06-08 20:30:01Z" end-time="2023-06-08 20:30:01Z" duration="0.000614" asserts="0">
                <properties>
                  <property name="Category" value="GDX.Tests" />
                </properties>
                <output><![CDATA[[Code Coverage] Code Coverage results for visited sequence points were saved in D:/BuildAgent/work/GDX-Documentation/Staging/CodeCoverage/GDX_Development-opencov/EditMode/TestCoverageResults_0260.xml
[Code Coverage] Code Coverage requires Burst Compilation to be disabled in order to obtain accurate coverage information. To disable Burst Compilation uncheck Jobs > Burst > Enable Compilation or pass '--burst-disable-compilation' to the command line in batchmode.
]]></output>
              </test-case>
              <test-case id="1673" name="AddUnchecked_MockDataGeneric0_Added" fullname="GDX.Collections.Generic.SparseSetTests.AddUnchecked_MockDataGeneric0_Added" methodname="AddUnchecked_MockDataGeneric0_Added" classname="GDX.Collections.Generic.SparseSetTests" runstate="Runnable" seed="533847228" result="Passed" start-time="2023-06-08 20:30:02Z" end-time="2023-06-08 20:30:02Z" duration="0.000419" asserts="0">
                <properties>
                  <property name="Category" value="GDX.Tests" />
                </properties>
                <output><![CDATA[[Code Coverage] Code Coverage results for visited sequence points were saved in D:/BuildAgent/work/GDX-Documentation/Staging/CodeCoverage/GDX_Development-opencov/EditMode/TestCoverageResults_0261.xml
[Code Coverage] Code Coverage requires Burst Compilation to be disabled in order to obtain accurate coverage information. To disable Burst Compilation uncheck Jobs > Burst > Enable Compilation or pass '--burst-disable-compilation' to the command line in batchmode.
]]></output>
              </test-case>
              <test-case id="1674" name="AddUnchecked_MockDataGeneric1_Added" fullname="GDX.Collections.Generic.SparseSetTests.AddUnchecked_MockDataGeneric1_Added" methodname="AddUnchecked_MockDataGeneric1_Added" classname="GDX.Collections.Generic.SparseSetTests" runstate="Runnable" seed="938046067" result="Passed" start-time="2023-06-08 20:30:02Z" end-time="2023-06-08 20:30:02Z" duration="0.000446" asserts="0">
                <properties>
                  <property name="Category" value="GDX.Tests" />
                </properties>
                <output><![CDATA[[Code Coverage] Code Coverage results for visited sequence points were saved in D:/BuildAgent/work/GDX-Documentation/Staging/CodeCoverage/GDX_Development-opencov/EditMode/TestCoverageResults_0262.xml
[Code Coverage] Code Coverage requires Burst Compilation to be disabled in order to obtain accurate coverage information. To disable Burst Compilation uncheck Jobs > Burst > Enable Compilation or pass '--burst-disable-compilation' to the command line in batchmode.
]]></output>
              </test-case>
              <test-case id="1675" name="AddUnchecked_MockDataGeneric2_Added" fullname="GDX.Collections.Generic.SparseSetTests.AddUnchecked_MockDataGeneric2_Added" methodname="AddUnchecked_MockDataGeneric2_Added" classname="GDX.Collections.Generic.SparseSetTests" runstate="Runnable" seed="1982173859" result="Passed" start-time="2023-06-08 20:30:03Z" end-time="2023-06-08 20:30:03Z" duration="0.000455" asserts="0">
                <properties>
                  <property name="Category" value="GDX.Tests" />
                </properties>
                <output><![CDATA[[Code Coverage] Code Coverage results for visited sequence points were saved in D:/BuildAgent/work/GDX-Documentation/Staging/CodeCoverage/GDX_Development-opencov/EditMode/TestCoverageResults_0263.xml
[Code Coverage] Code Coverage requires Burst Compilation to be disabled in order to obtain accurate coverage information. To disable Burst Compilation uncheck Jobs > Burst > Enable Compilation or pass '--burst-disable-compilation' to the command line in batchmode.
]]></output>
              </test-case>
              <test-case id="1676" name="AddUnchecked_MockDataGeneric3_Added" fullname="GDX.Collections.Generic.SparseSetTests.AddUnchecked_MockDataGeneric3_Added" methodname="AddUnchecked_MockDataGeneric3_Added" classname="GDX.Collections.Generic.SparseSetTests" runstate="Runnable" seed="1332915714" result="Passed" start-time="2023-06-08 20:30:04Z" end-time="2023-06-08 20:30:04Z" duration="0.000486" asserts="0">
                <properties>
                  <property name="Category" value="GDX.Tests" />
                </properties>
                <output><![CDATA[[Code Coverage] Code Coverage results for visited sequence points were saved in D:/BuildAgent/work/GDX-Documentation/Staging/CodeCoverage/GDX_Development-opencov/EditMode/TestCoverageResults_0264.xml
[Code Coverage] Code Coverage requires Burst Compilation to be disabled in order to obtain accurate coverage information. To disable Burst Compilation uncheck Jobs > Burst > Enable Compilation or pass '--burst-disable-compilation' to the command line in batchmode.
]]></output>
              </test-case>
              <test-case id="1677" name="AddUnchecked_MockDataGeneric4_Added" fullname="GDX.Collections.Generic.SparseSetTests.AddUnchecked_MockDataGeneric4_Added" methodname="AddUnchecked_MockDataGeneric4_Added" classname="GDX.Collections.Generic.SparseSetTests" runstate="Runnable" seed="473944805" result="Passed" start-time="2023-06-08 20:30:04Z" end-time="2023-06-08 20:30:04Z" duration="0.000486" asserts="0">
                <properties>
                  <property name="Category" value="GDX.Tests" />
                </properties>
                <output><![CDATA[[Code Coverage] Code Coverage results for visited sequence points were saved in D:/BuildAgent/work/GDX-Documentation/Staging/CodeCoverage/GDX_Development-opencov/EditMode/TestCoverageResults_0265.xml
[Code Coverage] Code Coverage requires Burst Compilation to be disabled in order to obtain accurate coverage information. To disable Burst Compilation uncheck Jobs > Burst > Enable Compilation or pass '--burst-disable-compilation' to the command line in batchmode.
]]></output>
              </test-case>
              <test-case id="1678" name="AddUnchecked_MockDataGeneric5_Added" fullname="GDX.Collections.Generic.SparseSetTests.AddUnchecked_MockDataGeneric5_Added" methodname="AddUnchecked_MockDataGeneric5_Added" classname="GDX.Collections.Generic.SparseSetTests" runstate="Runnable" seed="1415605519" result="Passed" start-time="2023-06-08 20:30:05Z" end-time="2023-06-08 20:30:05Z" duration="0.000550" asserts="0">
                <properties>
                  <property name="Category" value="GDX.Tests" />
                </properties>
                <output><![CDATA[[Code Coverage] Code Coverage results for visited sequence points were saved in D:/BuildAgent/work/GDX-Documentation/Staging/CodeCoverage/GDX_Development-opencov/EditMode/TestCoverageResults_0266.xml
[Code Coverage] Code Coverage requires Burst Compilation to be disabled in order to obtain accurate coverage information. To disable Burst Compilation uncheck Jobs > Burst > Enable Compilation or pass '--burst-disable-compilation' to the command line in batchmode.
]]></output>
              </test-case>
              <test-case id="1679" name="AddUnchecked_MockDataGeneric6_Added" fullname="GDX.Collections.Generic.SparseSetTests.AddUnchecked_MockDataGeneric6_Added" methodname="AddUnchecked_MockDataGeneric6_Added" classname="GDX.Collections.Generic.SparseSetTests" runstate="Runnable" seed="1693809962" result="Passed" start-time="2023-06-08 20:30:05Z" end-time="2023-06-08 20:30:05Z" duration="0.000581" asserts="0">
                <properties>
                  <property name="Category" value="GDX.Tests" />
                </properties>
                <output><![CDATA[[Code Coverage] Code Coverage results for visited sequence points were saved in D:/BuildAgent/work/GDX-Documentation/Staging/CodeCoverage/GDX_Development-opencov/EditMode/TestCoverageResults_0267.xml
[Code Coverage] Code Coverage requires Burst Compilation to be disabled in order to obtain accurate coverage information. To disable Burst Compilation uncheck Jobs > Burst > Enable Compilation or pass '--burst-disable-compilation' to the command line in batchmode.
]]></output>
              </test-case>
              <test-case id="1680" name="AddUnchecked_MockDataGeneric7_Added" fullname="GDX.Collections.Generic.SparseSetTests.AddUnchecked_MockDataGeneric7_Added" methodname="AddUnchecked_MockDataGeneric7_Added" classname="GDX.Collections.Generic.SparseSetTests" runstate="Runnable" seed="1996373801" result="Passed" start-time="2023-06-08 20:30:06Z" end-time="2023-06-08 20:30:06Z" duration="0.000600" asserts="0">
                <properties>
                  <property name="Category" value="GDX.Tests" />
                </properties>
                <output><![CDATA[[Code Coverage] Code Coverage results for visited sequence points were saved in D:/BuildAgent/work/GDX-Documentation/Staging/CodeCoverage/GDX_Development-opencov/EditMode/TestCoverageResults_0268.xml
[Code Coverage] Code Coverage requires Burst Compilation to be disabled in order to obtain accurate coverage information. To disable Burst Compilation uncheck Jobs > Burst > Enable Compilation or pass '--burst-disable-compilation' to the command line in batchmode.
]]></output>
              </test-case>
              <test-case id="1639" name="AddUnchecked_MockDataOverflow_ThrowsException" fullname="GDX.Collections.Generic.SparseSetTests.AddUnchecked_MockDataOverflow_ThrowsException" methodname="AddUnchecked_MockDataOverflow_ThrowsException" classname="GDX.Collections.Generic.SparseSetTests" runstate="Runnable" seed="724492917" result="Passed" start-time="2023-06-08 20:30:07Z" end-time="2023-06-08 20:30:07Z" duration="0.000449" asserts="0">
                <properties>
                  <property name="Category" value="GDX.Tests" />
                </properties>
                <output><![CDATA[[Code Coverage] Code Coverage results for visited sequence points were saved in D:/BuildAgent/work/GDX-Documentation/Staging/CodeCoverage/GDX_Development-opencov/EditMode/TestCoverageResults_0269.xml
[Code Coverage] Code Coverage requires Burst Compilation to be disabled in order to obtain accurate coverage information. To disable Burst Compilation uncheck Jobs > Burst > Enable Compilation or pass '--burst-disable-compilation' to the command line in batchmode.
]]></output>
              </test-case>
              <test-case id="1638" name="AddUnchecked_MockDataWithVersionArray__IndicesReserved" fullname="GDX.Collections.Generic.SparseSetTests.AddUnchecked_MockDataWithVersionArray__IndicesReserved" methodname="AddUnchecked_MockDataWithVersionArray__IndicesReserved" classname="GDX.Collections.Generic.SparseSetTests" runstate="Runnable" seed="30088260" result="Passed" start-time="2023-06-08 20:30:07Z" end-time="2023-06-08 20:30:07Z" duration="0.000516" asserts="0">
                <properties>
                  <property name="Category" value="GDX.Tests" />
                </properties>
                <output><![CDATA[[Code Coverage] Code Coverage results for visited sequence points were saved in D:/BuildAgent/work/GDX-Documentation/Staging/CodeCoverage/GDX_Development-opencov/EditMode/TestCoverageResults_0270.xml
[Code Coverage] Code Coverage requires Burst Compilation to be disabled in order to obtain accurate coverage information. To disable Burst Compilation uncheck Jobs > Burst > Enable Compilation or pass '--burst-disable-compilation' to the command line in batchmode.
]]></output>
              </test-case>
              <test-case id="1643" name="AddUnchecked_MockDataWithVersionArray_Expanded" fullname="GDX.Collections.Generic.SparseSetTests.AddUnchecked_MockDataWithVersionArray_Expanded" methodname="AddUnchecked_MockDataWithVersionArray_Expanded" classname="GDX.Collections.Generic.SparseSetTests" runstate="Runnable" seed="21249566" result="Passed" start-time="2023-06-08 20:30:08Z" end-time="2023-06-08 20:30:08Z" duration="0.000580" asserts="0">
                <properties>
                  <property name="Category" value="GDX.Tests" />
                </properties>
                <output><![CDATA[[Code Coverage] Code Coverage results for visited sequence points were saved in D:/BuildAgent/work/GDX-Documentation/Staging/CodeCoverage/GDX_Development-opencov/EditMode/TestCoverageResults_0271.xml
[Code Coverage] Code Coverage requires Burst Compilation to be disabled in order to obtain accurate coverage information. To disable Burst Compilation uncheck Jobs > Burst > Enable Compilation or pass '--burst-disable-compilation' to the command line in batchmode.
]]></output>
              </test-case>
              <test-case id="1641" name="AddWithExpandCheck_MockData_Expanded" fullname="GDX.Collections.Generic.SparseSetTests.AddWithExpandCheck_MockData_Expanded" methodname="AddWithExpandCheck_MockData_Expanded" classname="GDX.Collections.Generic.SparseSetTests" runstate="Runnable" seed="449785633" result="Passed" start-time="2023-06-08 20:30:08Z" end-time="2023-06-08 20:30:08Z" duration="0.000356" asserts="0">
                <properties>
                  <property name="Category" value="GDX.Tests" />
                </properties>
                <output><![CDATA[[Code Coverage] Code Coverage results for visited sequence points were saved in D:/BuildAgent/work/GDX-Documentation/Staging/CodeCoverage/GDX_Development-opencov/EditMode/TestCoverageResults_0272.xml
[Code Coverage] Code Coverage requires Burst Compilation to be disabled in order to obtain accurate coverage information. To disable Burst Compilation uncheck Jobs > Burst > Enable Compilation or pass '--burst-disable-compilation' to the command line in batchmode.
]]></output>
              </test-case>
              <test-case id="1665" name="AddWithExpandCheck_MockDataGeneric0_Expanded" fullname="GDX.Collections.Generic.SparseSetTests.AddWithExpandCheck_MockDataGeneric0_Expanded" methodname="AddWithExpandCheck_MockDataGeneric0_Expanded" classname="GDX.Collections.Generic.SparseSetTests" runstate="Runnable" seed="421738029" result="Passed" start-time="2023-06-08 20:30:09Z" end-time="2023-06-08 20:30:09Z" duration="0.000579" asserts="0">
                <properties>
                  <property name="Category" value="GDX.Tests" />
                </properties>
                <output><![CDATA[[Code Coverage] Code Coverage results for visited sequence points were saved in D:/BuildAgent/work/GDX-Documentation/Staging/CodeCoverage/GDX_Development-opencov/EditMode/TestCoverageResults_0273.xml
[Code Coverage] Code Coverage requires Burst Compilation to be disabled in order to obtain accurate coverage information. To disable Burst Compilation uncheck Jobs > Burst > Enable Compilation or pass '--burst-disable-compilation' to the command line in batchmode.
]]></output>
              </test-case>
              <test-case id="1666" name="AddWithExpandCheck_MockDataGeneric1_Expanded" fullname="GDX.Collections.Generic.SparseSetTests.AddWithExpandCheck_MockDataGeneric1_Expanded" methodname="AddWithExpandCheck_MockDataGeneric1_Expanded" classname="GDX.Collections.Generic.SparseSetTests" runstate="Runnable" seed="81868197" result="Passed" start-time="2023-06-08 20:30:10Z" end-time="2023-06-08 20:30:10Z" duration="0.000640" asserts="0">
                <properties>
                  <property name="Category" value="GDX.Tests" />
                </properties>
                <output><![CDATA[[Code Coverage] Code Coverage results for visited sequence points were saved in D:/BuildAgent/work/GDX-Documentation/Staging/CodeCoverage/GDX_Development-opencov/EditMode/TestCoverageResults_0274.xml
[Code Coverage] Code Coverage requires Burst Compilation to be disabled in order to obtain accurate coverage information. To disable Burst Compilation uncheck Jobs > Burst > Enable Compilation or pass '--burst-disable-compilation' to the command line in batchmode.
]]></output>
              </test-case>
              <test-case id="1667" name="AddWithExpandCheck_MockDataGeneric2_Expanded" fullname="GDX.Collections.Generic.SparseSetTests.AddWithExpandCheck_MockDataGeneric2_Expanded" methodname="AddWithExpandCheck_MockDataGeneric2_Expanded" classname="GDX.Collections.Generic.SparseSetTests" runstate="Runnable" seed="357718256" result="Passed" start-time="2023-06-08 20:30:10Z" end-time="2023-06-08 20:30:10Z" duration="0.000630" asserts="0">
                <properties>
                  <property name="Category" value="GDX.Tests" />
                </properties>
                <output><![CDATA[[Code Coverage] Code Coverage results for visited sequence points were saved in D:/BuildAgent/work/GDX-Documentation/Staging/CodeCoverage/GDX_Development-opencov/EditMode/TestCoverageResults_0275.xml
[Code Coverage] Code Coverage requires Burst Compilation to be disabled in order to obtain accurate coverage information. To disable Burst Compilation uncheck Jobs > Burst > Enable Compilation or pass '--burst-disable-compilation' to the command line in batchmode.
]]></output>
              </test-case>
              <test-case id="1668" name="AddWithExpandCheck_MockDataGeneric3_Expanded" fullname="GDX.Collections.Generic.SparseSetTests.AddWithExpandCheck_MockDataGeneric3_Expanded" methodname="AddWithExpandCheck_MockDataGeneric3_Expanded" classname="GDX.Collections.Generic.SparseSetTests" runstate="Runnable" seed="1293486013" result="Passed" start-time="2023-06-08 20:30:11Z" end-time="2023-06-08 20:30:11Z" duration="0.000609" asserts="0">
                <properties>
                  <property name="Category" value="GDX.Tests" />
                </properties>
                <output><![CDATA[[Code Coverage] Code Coverage results for visited sequence points were saved in D:/BuildAgent/work/GDX-Documentation/Staging/CodeCoverage/GDX_Development-opencov/EditMode/TestCoverageResults_0276.xml
[Code Coverage] Code Coverage requires Burst Compilation to be disabled in order to obtain accurate coverage information. To disable Burst Compilation uncheck Jobs > Burst > Enable Compilation or pass '--burst-disable-compilation' to the command line in batchmode.
]]></output>
              </test-case>
              <test-case id="1669" name="AddWithExpandCheck_MockDataGeneric4_Expanded" fullname="GDX.Collections.Generic.SparseSetTests.AddWithExpandCheck_MockDataGeneric4_Expanded" methodname="AddWithExpandCheck_MockDataGeneric4_Expanded" classname="GDX.Collections.Generic.SparseSetTests" runstate="Runnable" seed="302535927" result="Passed" start-time="2023-06-08 20:30:11Z" end-time="2023-06-08 20:30:11Z" duration="0.000629" asserts="0">
                <properties>
                  <property name="Category" value="GDX.Tests" />
                </properties>
                <output><![CDATA[[Code Coverage] Code Coverage results for visited sequence points were saved in D:/BuildAgent/work/GDX-Documentation/Staging/CodeCoverage/GDX_Development-opencov/EditMode/TestCoverageResults_0277.xml
[Code Coverage] Code Coverage requires Burst Compilation to be disabled in order to obtain accurate coverage information. To disable Burst Compilation uncheck Jobs > Burst > Enable Compilation or pass '--burst-disable-compilation' to the command line in batchmode.
]]></output>
              </test-case>
              <test-case id="1670" name="AddWithExpandCheck_MockDataGeneric5_Expanded" fullname="GDX.Collections.Generic.SparseSetTests.AddWithExpandCheck_MockDataGeneric5_Expanded" methodname="AddWithExpandCheck_MockDataGeneric5_Expanded" classname="GDX.Collections.Generic.SparseSetTests" runstate="Runnable" seed="129563563" result="Passed" start-time="2023-06-08 20:30:12Z" end-time="2023-06-08 20:30:12Z" duration="0.000746" asserts="0">
                <properties>
                  <property name="Category" value="GDX.Tests" />
                </properties>
                <output><![CDATA[[Code Coverage] Code Coverage results for visited sequence points were saved in D:/BuildAgent/work/GDX-Documentation/Staging/CodeCoverage/GDX_Development-opencov/EditMode/TestCoverageResults_0278.xml
[Code Coverage] Code Coverage requires Burst Compilation to be disabled in order to obtain accurate coverage information. To disable Burst Compilation uncheck Jobs > Burst > Enable Compilation or pass '--burst-disable-compilation' to the command line in batchmode.
]]></output>
              </test-case>
              <test-case id="1671" name="AddWithExpandCheck_MockDataGeneric6_Expanded" fullname="GDX.Collections.Generic.SparseSetTests.AddWithExpandCheck_MockDataGeneric6_Expanded" methodname="AddWithExpandCheck_MockDataGeneric6_Expanded" classname="GDX.Collections.Generic.SparseSetTests" runstate="Runnable" seed="643724262" result="Passed" start-time="2023-06-08 20:30:13Z" end-time="2023-06-08 20:30:13Z" duration="0.000709" asserts="0">
                <properties>
                  <property name="Category" value="GDX.Tests" />
                </properties>
                <output><![CDATA[[Code Coverage] Code Coverage results for visited sequence points were saved in D:/BuildAgent/work/GDX-Documentation/Staging/CodeCoverage/GDX_Development-opencov/EditMode/TestCoverageResults_0279.xml
[Code Coverage] Code Coverage requires Burst Compilation to be disabled in order to obtain accurate coverage information. To disable Burst Compilation uncheck Jobs > Burst > Enable Compilation or pass '--burst-disable-compilation' to the command line in batchmode.
]]></output>
              </test-case>
              <test-case id="1672" name="AddWithExpandCheck_MockDataGeneric7_Expanded" fullname="GDX.Collections.Generic.SparseSetTests.AddWithExpandCheck_MockDataGeneric7_Expanded" methodname="AddWithExpandCheck_MockDataGeneric7_Expanded" classname="GDX.Collections.Generic.SparseSetTests" runstate="Runnable" seed="154569852" result="Passed" start-time="2023-06-08 20:30:13Z" end-time="2023-06-08 20:30:13Z" duration="0.000737" asserts="0">
                <properties>
                  <property name="Category" value="GDX.Tests" />
                </properties>
                <output><![CDATA[[Code Coverage] Code Coverage results for visited sequence points were saved in D:/BuildAgent/work/GDX-Documentation/Staging/CodeCoverage/GDX_Development-opencov/EditMode/TestCoverageResults_0280.xml
[Code Coverage] Code Coverage requires Burst Compilation to be disabled in order to obtain accurate coverage information. To disable Burst Compilation uncheck Jobs > Burst > Enable Compilation or pass '--burst-disable-compilation' to the command line in batchmode.
]]></output>
              </test-case>
              <test-case id="1642" name="AddWithExpandCheck_MockDataWithVersionArray_Expanded" fullname="GDX.Collections.Generic.SparseSetTests.AddWithExpandCheck_MockDataWithVersionArray_Expanded" methodname="AddWithExpandCheck_MockDataWithVersionArray_Expanded" classname="GDX.Collections.Generic.SparseSetTests" runstate="Runnable" seed="921208670" result="Passed" start-time="2023-06-08 20:30:14Z" end-time="2023-06-08 20:30:14Z" duration="0.000505" asserts="0">
                <properties>
                  <property name="Category" value="GDX.Tests" />
                </properties>
                <output><![CDATA[[Code Coverage] Code Coverage results for visited sequence points were saved in D:/BuildAgent/work/GDX-Documentation/Staging/CodeCoverage/GDX_Development-opencov/EditMode/TestCoverageResults_0281.xml
[Code Coverage] Code Coverage requires Burst Compilation to be disabled in order to obtain accurate coverage information. To disable Burst Compilation uncheck Jobs > Burst > Enable Compilation or pass '--burst-disable-compilation' to the command line in batchmode.
]]></output>
              </test-case>
              <test-case id="1658" name="Clear_MockData_ArraysCleared" fullname="GDX.Collections.Generic.SparseSetTests.Clear_MockData_ArraysCleared" methodname="Clear_MockData_ArraysCleared" classname="GDX.Collections.Generic.SparseSetTests" runstate="Runnable" seed="937302283" result="Passed" start-time="2023-06-08 20:30:15Z" end-time="2023-06-08 20:30:15Z" duration="0.000425" asserts="0">
                <properties>
                  <property name="Category" value="GDX.Tests" />
                </properties>
                <output><![CDATA[[Code Coverage] Code Coverage results for visited sequence points were saved in D:/BuildAgent/work/GDX-Documentation/Staging/CodeCoverage/GDX_Development-opencov/EditMode/TestCoverageResults_0282.xml
[Code Coverage] Code Coverage requires Burst Compilation to be disabled in order to obtain accurate coverage information. To disable Burst Compilation uncheck Jobs > Burst > Enable Compilation or pass '--burst-disable-compilation' to the command line in batchmode.
]]></output>
              </test-case>
              <test-case id="1659" name="Clear_MockDataWithVersionArray_ArraysCleared" fullname="GDX.Collections.Generic.SparseSetTests.Clear_MockDataWithVersionArray_ArraysCleared" methodname="Clear_MockDataWithVersionArray_ArraysCleared" classname="GDX.Collections.Generic.SparseSetTests" runstate="Runnable" seed="755270981" result="Passed" start-time="2023-06-08 20:30:16Z" end-time="2023-06-08 20:30:16Z" duration="0.000448" asserts="0">
                <properties>
                  <property name="Category" value="GDX.Tests" />
                </properties>
                <output><![CDATA[[Code Coverage] Code Coverage results for visited sequence points were saved in D:/BuildAgent/work/GDX-Documentation/Staging/CodeCoverage/GDX_Development-opencov/EditMode/TestCoverageResults_0283.xml
[Code Coverage] Code Coverage requires Burst Compilation to be disabled in order to obtain accurate coverage information. To disable Burst Compilation uncheck Jobs > Burst > Enable Compilation or pass '--burst-disable-compilation' to the command line in batchmode.
]]></output>
              </test-case>
              <test-case id="1660" name="ClearWithVersionReset_MockData_ArraysClearedAndVersionReset" fullname="GDX.Collections.Generic.SparseSetTests.ClearWithVersionReset_MockData_ArraysClearedAndVersionReset" methodname="ClearWithVersionReset_MockData_ArraysClearedAndVersionReset" classname="GDX.Collections.Generic.SparseSetTests" runstate="Runnable" seed="1807019756" result="Passed" start-time="2023-06-08 20:30:16Z" end-time="2023-06-08 20:30:16Z" duration="0.000439" asserts="0">
                <properties>
                  <property name="Category" value="GDX.Tests" />
                </properties>
                <output><![CDATA[[Code Coverage] Code Coverage results for visited sequence points were saved in D:/BuildAgent/work/GDX-Documentation/Staging/CodeCoverage/GDX_Development-opencov/EditMode/TestCoverageResults_0284.xml
[Code Coverage] Code Coverage requires Burst Compilation to be disabled in order to obtain accurate coverage information. To disable Burst Compilation uncheck Jobs > Burst > Enable Compilation or pass '--burst-disable-compilation' to the command line in batchmode.
]]></output>
              </test-case>
              <test-case id="1635" name="Constructor_CreateWithCount" fullname="GDX.Collections.Generic.SparseSetTests.Constructor_CreateWithCount" methodname="Constructor_CreateWithCount" classname="GDX.Collections.Generic.SparseSetTests" runstate="Runnable" seed="1791216530" result="Passed" start-time="2023-06-08 20:30:17Z" end-time="2023-06-08 20:30:17Z" duration="0.000312" asserts="0">
                <properties>
                  <property name="Category" value="GDX.Tests" />
                </properties>
                <output><![CDATA[[Code Coverage] Code Coverage results for visited sequence points were saved in D:/BuildAgent/work/GDX-Documentation/Staging/CodeCoverage/GDX_Development-opencov/EditMode/TestCoverageResults_0285.xml
[Code Coverage] Code Coverage requires Burst Compilation to be disabled in order to obtain accurate coverage information. To disable Burst Compilation uncheck Jobs > Burst > Enable Compilation or pass '--burst-disable-compilation' to the command line in batchmode.
]]></output>
              </test-case>
              <test-case id="1636" name="Constructor_CreateWithCountAndVersionArray" fullname="GDX.Collections.Generic.SparseSetTests.Constructor_CreateWithCountAndVersionArray" methodname="Constructor_CreateWithCountAndVersionArray" classname="GDX.Collections.Generic.SparseSetTests" runstate="Runnable" seed="1558851256" result="Passed" start-time="2023-06-08 20:30:17Z" end-time="2023-06-08 20:30:17Z" duration="0.000341" asserts="0">
                <properties>
                  <property name="Category" value="GDX.Tests" />
                </properties>
                <output><![CDATA[[Code Coverage] Code Coverage results for visited sequence points were saved in D:/BuildAgent/work/GDX-Documentation/Staging/CodeCoverage/GDX_Development-opencov/EditMode/TestCoverageResults_0286.xml
[Code Coverage] Code Coverage requires Burst Compilation to be disabled in order to obtain accurate coverage information. To disable Burst Compilation uncheck Jobs > Burst > Enable Compilation or pass '--burst-disable-compilation' to the command line in batchmode.
]]></output>
              </test-case>
              <test-case id="1661" name="Expand_MockData_Expanded" fullname="GDX.Collections.Generic.SparseSetTests.Expand_MockData_Expanded" methodname="Expand_MockData_Expanded" classname="GDX.Collections.Generic.SparseSetTests" runstate="Runnable" seed="775832805" result="Passed" start-time="2023-06-08 20:30:18Z" end-time="2023-06-08 20:30:18Z" duration="0.000428" asserts="0">
                <properties>
                  <property name="Category" value="GDX.Tests" />
                </properties>
                <output><![CDATA[[Code Coverage] Code Coverage results for visited sequence points were saved in D:/BuildAgent/work/GDX-Documentation/Staging/CodeCoverage/GDX_Development-opencov/EditMode/TestCoverageResults_0287.xml
[Code Coverage] Code Coverage requires Burst Compilation to be disabled in order to obtain accurate coverage information. To disable Burst Compilation uncheck Jobs > Burst > Enable Compilation or pass '--burst-disable-compilation' to the command line in batchmode.
]]></output>
              </test-case>
              <test-case id="1662" name="Expand_MockDataWithVersionArray_Expanded" fullname="GDX.Collections.Generic.SparseSetTests.Expand_MockDataWithVersionArray_Expanded" methodname="Expand_MockDataWithVersionArray_Expanded" classname="GDX.Collections.Generic.SparseSetTests" runstate="Runnable" seed="1735274662" result="Passed" start-time="2023-06-08 20:30:18Z" end-time="2023-06-08 20:30:18Z" duration="0.000535" asserts="0">
                <properties>
                  <property name="Category" value="GDX.Tests" />
                </properties>
                <output><![CDATA[[Code Coverage] Code Coverage results for visited sequence points were saved in D:/BuildAgent/work/GDX-Documentation/Staging/CodeCoverage/GDX_Development-opencov/EditMode/TestCoverageResults_0288.xml
[Code Coverage] Code Coverage requires Burst Compilation to be disabled in order to obtain accurate coverage information. To disable Burst Compilation uncheck Jobs > Burst > Enable Compilation or pass '--burst-disable-compilation' to the command line in batchmode.
]]></output>
              </test-case>
              <test-case id="1644" name="GetDenseIndexUnchecked_MockData_CorrectIndex" fullname="GDX.Collections.Generic.SparseSetTests.GetDenseIndexUnchecked_MockData_CorrectIndex" methodname="GetDenseIndexUnchecked_MockData_CorrectIndex" classname="GDX.Collections.Generic.SparseSetTests" runstate="Runnable" seed="1615090812" result="Passed" start-time="2023-06-08 20:30:19Z" end-time="2023-06-08 20:30:19Z" duration="0.000367" asserts="0">
                <properties>
                  <property name="Category" value="GDX.Tests" />
                </properties>
                <output><![CDATA[[Code Coverage] Code Coverage results for visited sequence points were saved in D:/BuildAgent/work/GDX-Documentation/Staging/CodeCoverage/GDX_Development-opencov/EditMode/TestCoverageResults_0289.xml
[Code Coverage] Code Coverage requires Burst Compilation to be disabled in order to obtain accurate coverage information. To disable Burst Compilation uncheck Jobs > Burst > Enable Compilation or pass '--burst-disable-compilation' to the command line in batchmode.
]]></output>
              </test-case>
              <test-case id="1647" name="GetDenseIndexWithBoundsAndVersionCheck_MockData_CorrectIndexAndHandlesInvalidIndex" fullname="GDX.Collections.Generic.SparseSetTests.GetDenseIndexWithBoundsAndVersionCheck_MockData_CorrectIndexAndHandlesInvalidIndex" methodname="GetDenseIndexWithBoundsAndVersionCheck_MockData_CorrectIndexAndHandlesInvalidIndex" classname="GDX.Collections.Generic.SparseSetTests" runstate="Runnable" seed="2012380938" result="Passed" start-time="2023-06-08 20:30:20Z" end-time="2023-06-08 20:30:20Z" duration="0.000646" asserts="0">
                <properties>
                  <property name="Category" value="GDX.Tests" />
                </properties>
                <output><![CDATA[[Code Coverage] Code Coverage results for visited sequence points were saved in D:/BuildAgent/work/GDX-Documentation/Staging/CodeCoverage/GDX_Development-opencov/EditMode/TestCoverageResults_0290.xml
[Code Coverage] Code Coverage requires Burst Compilation to be disabled in order to obtain accurate coverage information. To disable Burst Compilation uncheck Jobs > Burst > Enable Compilation or pass '--burst-disable-compilation' to the command line in batchmode.
]]></output>
              </test-case>
              <test-case id="1645" name="GetDenseIndexWithBoundsCheck_MockData_CorrectIndexAndHandlesInvalidIndex" fullname="GDX.Collections.Generic.SparseSetTests.GetDenseIndexWithBoundsCheck_MockData_CorrectIndexAndHandlesInvalidIndex" methodname="GetDenseIndexWithBoundsCheck_MockData_CorrectIndexAndHandlesInvalidIndex" classname="GDX.Collections.Generic.SparseSetTests" runstate="Runnable" seed="660395472" result="Passed" start-time="2023-06-08 20:30:20Z" end-time="2023-06-08 20:30:20Z" duration="0.000458" asserts="0">
                <properties>
                  <property name="Category" value="GDX.Tests" />
                </properties>
                <output><![CDATA[[Code Coverage] Code Coverage results for visited sequence points were saved in D:/BuildAgent/work/GDX-Documentation/Staging/CodeCoverage/GDX_Development-opencov/EditMode/TestCoverageResults_0291.xml
[Code Coverage] Code Coverage requires Burst Compilation to be disabled in order to obtain accurate coverage information. To disable Burst Compilation uncheck Jobs > Burst > Enable Compilation or pass '--burst-disable-compilation' to the command line in batchmode.
]]></output>
              </test-case>
              <test-case id="1646" name="GetDenseIndexWithVersionCheck_MockData_CorrectIndexAndHandlesVersion" fullname="GDX.Collections.Generic.SparseSetTests.GetDenseIndexWithVersionCheck_MockData_CorrectIndexAndHandlesVersion" methodname="GetDenseIndexWithVersionCheck_MockData_CorrectIndexAndHandlesVersion" classname="GDX.Collections.Generic.SparseSetTests" runstate="Runnable" seed="1407695395" result="Passed" start-time="2023-06-08 20:30:21Z" end-time="2023-06-08 20:30:21Z" duration="0.000547" asserts="0">
                <properties>
                  <property name="Category" value="GDX.Tests" />
                </properties>
                <output><![CDATA[[Code Coverage] Code Coverage results for visited sequence points were saved in D:/BuildAgent/work/GDX-Documentation/Staging/CodeCoverage/GDX_Development-opencov/EditMode/TestCoverageResults_0292.xml
[Code Coverage] Code Coverage requires Burst Compilation to be disabled in order to obtain accurate coverage information. To disable Burst Compilation uncheck Jobs > Burst > Enable Compilation or pass '--burst-disable-compilation' to the command line in batchmode.
]]></output>
              </test-case>
              <test-case id="1653" name="RemoveUnchecked_MockData_ValidIndexRemoved" fullname="GDX.Collections.Generic.SparseSetTests.RemoveUnchecked_MockData_ValidIndexRemoved" methodname="RemoveUnchecked_MockData_ValidIndexRemoved" classname="GDX.Collections.Generic.SparseSetTests" runstate="Runnable" seed="1776056379" result="Passed" start-time="2023-06-08 20:30:21Z" end-time="2023-06-08 20:30:21Z" duration="0.000446" asserts="0">
                <properties>
                  <property name="Category" value="GDX.Tests" />
                </properties>
                <output><![CDATA[[Code Coverage] Code Coverage results for visited sequence points were saved in D:/BuildAgent/work/GDX-Documentation/Staging/CodeCoverage/GDX_Development-opencov/EditMode/TestCoverageResults_0293.xml
[Code Coverage] Code Coverage requires Burst Compilation to be disabled in order to obtain accurate coverage information. To disable Burst Compilation uncheck Jobs > Burst > Enable Compilation or pass '--burst-disable-compilation' to the command line in batchmode.
]]></output>
              </test-case>
              <test-case id="1681" name="RemoveUnchecked_MockDataGeneric0_Removed" fullname="GDX.Collections.Generic.SparseSetTests.RemoveUnchecked_MockDataGeneric0_Removed" methodname="RemoveUnchecked_MockDataGeneric0_Removed" classname="GDX.Collections.Generic.SparseSetTests" runstate="Runnable" seed="1210988680" result="Passed" start-time="2023-06-08 20:30:22Z" end-time="2023-06-08 20:30:22Z" duration="0.000462" asserts="0">
                <properties>
                  <property name="Category" value="GDX.Tests" />
                </properties>
                <output><![CDATA[[Code Coverage] Code Coverage results for visited sequence points were saved in D:/BuildAgent/work/GDX-Documentation/Staging/CodeCoverage/GDX_Development-opencov/EditMode/TestCoverageResults_0294.xml
[Code Coverage] Code Coverage requires Burst Compilation to be disabled in order to obtain accurate coverage information. To disable Burst Compilation uncheck Jobs > Burst > Enable Compilation or pass '--burst-disable-compilation' to the command line in batchmode.
]]></output>
              </test-case>
              <test-case id="1682" name="RemoveUnchecked_MockDataGeneric1_Removed" fullname="GDX.Collections.Generic.SparseSetTests.RemoveUnchecked_MockDataGeneric1_Removed" methodname="RemoveUnchecked_MockDataGeneric1_Removed" classname="GDX.Collections.Generic.SparseSetTests" runstate="Runnable" seed="2139058116" result="Passed" start-time="2023-06-08 20:30:23Z" end-time="2023-06-08 20:30:23Z" duration="0.000471" asserts="0">
                <properties>
                  <property name="Category" value="GDX.Tests" />
                </properties>
                <output><![CDATA[[Code Coverage] Code Coverage results for visited sequence points were saved in D:/BuildAgent/work/GDX-Documentation/Staging/CodeCoverage/GDX_Development-opencov/EditMode/TestCoverageResults_0295.xml
[Code Coverage] Code Coverage requires Burst Compilation to be disabled in order to obtain accurate coverage information. To disable Burst Compilation uncheck Jobs > Burst > Enable Compilation or pass '--burst-disable-compilation' to the command line in batchmode.
]]></output>
              </test-case>
              <test-case id="1683" name="RemoveUnchecked_MockDataGeneric2_Removed" fullname="GDX.Collections.Generic.SparseSetTests.RemoveUnchecked_MockDataGeneric2_Removed" methodname="RemoveUnchecked_MockDataGeneric2_Removed" classname="GDX.Collections.Generic.SparseSetTests" runstate="Runnable" seed="1860727874" result="Passed" start-time="2023-06-08 20:30:23Z" end-time="2023-06-08 20:30:23Z" duration="0.000493" asserts="0">
                <properties>
                  <property name="Category" value="GDX.Tests" />
                </properties>
                <output><![CDATA[[Code Coverage] Code Coverage results for visited sequence points were saved in D:/BuildAgent/work/GDX-Documentation/Staging/CodeCoverage/GDX_Development-opencov/EditMode/TestCoverageResults_0296.xml
[Code Coverage] Code Coverage requires Burst Compilation to be disabled in order to obtain accurate coverage information. To disable Burst Compilation uncheck Jobs > Burst > Enable Compilation or pass '--burst-disable-compilation' to the command line in batchmode.
]]></output>
              </test-case>
              <test-case id="1684" name="RemoveUnchecked_MockDataGeneric3_Removed" fullname="GDX.Collections.Generic.SparseSetTests.RemoveUnchecked_MockDataGeneric3_Removed" methodname="RemoveUnchecked_MockDataGeneric3_Removed" classname="GDX.Collections.Generic.SparseSetTests" runstate="Runnable" seed="1805987050" result="Passed" start-time="2023-06-08 20:30:24Z" end-time="2023-06-08 20:30:24Z" duration="0.000513" asserts="0">
                <properties>
                  <property name="Category" value="GDX.Tests" />
                </properties>
                <output><![CDATA[[Code Coverage] Code Coverage results for visited sequence points were saved in D:/BuildAgent/work/GDX-Documentation/Staging/CodeCoverage/GDX_Development-opencov/EditMode/TestCoverageResults_0297.xml
[Code Coverage] Code Coverage requires Burst Compilation to be disabled in order to obtain accurate coverage information. To disable Burst Compilation uncheck Jobs > Burst > Enable Compilation or pass '--burst-disable-compilation' to the command line in batchmode.
]]></output>
              </test-case>
              <test-case id="1685" name="RemoveUnchecked_MockDataGeneric4_Removed" fullname="GDX.Collections.Generic.SparseSetTests.RemoveUnchecked_MockDataGeneric4_Removed" methodname="RemoveUnchecked_MockDataGeneric4_Removed" classname="GDX.Collections.Generic.SparseSetTests" runstate="Runnable" seed="671487438" result="Passed" start-time="2023-06-08 20:30:24Z" end-time="2023-06-08 20:30:24Z" duration="0.000535" asserts="0">
                <properties>
                  <property name="Category" value="GDX.Tests" />
                </properties>
                <output><![CDATA[[Code Coverage] Code Coverage results for visited sequence points were saved in D:/BuildAgent/work/GDX-Documentation/Staging/CodeCoverage/GDX_Development-opencov/EditMode/TestCoverageResults_0298.xml
[Code Coverage] Code Coverage requires Burst Compilation to be disabled in order to obtain accurate coverage information. To disable Burst Compilation uncheck Jobs > Burst > Enable Compilation or pass '--burst-disable-compilation' to the command line in batchmode.
]]></output>
              </test-case>
              <test-case id="1686" name="RemoveUnchecked_MockDataGeneric5_Removed" fullname="GDX.Collections.Generic.SparseSetTests.RemoveUnchecked_MockDataGeneric5_Removed" methodname="RemoveUnchecked_MockDataGeneric5_Removed" classname="GDX.Collections.Generic.SparseSetTests" runstate="Runnable" seed="2124742992" result="Passed" start-time="2023-06-08 20:30:25Z" end-time="2023-06-08 20:30:25Z" duration="0.000646" asserts="0">
                <properties>
                  <property name="Category" value="GDX.Tests" />
                </properties>
                <output><![CDATA[[Code Coverage] Code Coverage results for visited sequence points were saved in D:/BuildAgent/work/GDX-Documentation/Staging/CodeCoverage/GDX_Development-opencov/EditMode/TestCoverageResults_0299.xml
[Code Coverage] Code Coverage requires Burst Compilation to be disabled in order to obtain accurate coverage information. To disable Burst Compilation uncheck Jobs > Burst > Enable Compilation or pass '--burst-disable-compilation' to the command line in batchmode.
]]></output>
              </test-case>
              <test-case id="1687" name="RemoveUnchecked_MockDataGeneric6_Removed" fullname="GDX.Collections.Generic.SparseSetTests.RemoveUnchecked_MockDataGeneric6_Removed" methodname="RemoveUnchecked_MockDataGeneric6_Removed" classname="GDX.Collections.Generic.SparseSetTests" runstate="Runnable" seed="1752496435" result="Passed" start-time="2023-06-08 20:30:26Z" end-time="2023-06-08 20:30:26Z" duration="0.000582" asserts="0">
                <properties>
                  <property name="Category" value="GDX.Tests" />
                </properties>
                <output><![CDATA[[Code Coverage] Code Coverage results for visited sequence points were saved in D:/BuildAgent/work/GDX-Documentation/Staging/CodeCoverage/GDX_Development-opencov/EditMode/TestCoverageResults_0300.xml
[Code Coverage] Code Coverage requires Burst Compilation to be disabled in order to obtain accurate coverage information. To disable Burst Compilation uncheck Jobs > Burst > Enable Compilation or pass '--burst-disable-compilation' to the command line in batchmode.
]]></output>
              </test-case>
              <test-case id="1688" name="RemoveUnchecked_MockDataGeneric7_Removed" fullname="GDX.Collections.Generic.SparseSetTests.RemoveUnchecked_MockDataGeneric7_Removed" methodname="RemoveUnchecked_MockDataGeneric7_Removed" classname="GDX.Collections.Generic.SparseSetTests" runstate="Runnable" seed="101007901" result="Passed" start-time="2023-06-08 20:30:26Z" end-time="2023-06-08 20:30:26Z" duration="0.000779" asserts="0">
                <properties>
                  <property name="Category" value="GDX.Tests" />
                </properties>
                <output><![CDATA[[Code Coverage] Code Coverage results for visited sequence points were saved in D:/BuildAgent/work/GDX-Documentation/Staging/CodeCoverage/GDX_Development-opencov/EditMode/TestCoverageResults_0301.xml
[Code Coverage] Code Coverage requires Burst Compilation to be disabled in order to obtain accurate coverage information. To disable Burst Compilation uncheck Jobs > Burst > Enable Compilation or pass '--burst-disable-compilation' to the command line in batchmode.
]]></output>
              </test-case>
              <test-case id="1652" name="RemoveUnchecked_MockDataWithIndices_ValidIndexRemoved" fullname="GDX.Collections.Generic.SparseSetTests.RemoveUnchecked_MockDataWithIndices_ValidIndexRemoved" methodname="RemoveUnchecked_MockDataWithIndices_ValidIndexRemoved" classname="GDX.Collections.Generic.SparseSetTests" runstate="Runnable" seed="364454916" result="Passed" start-time="2023-06-08 20:30:27Z" end-time="2023-06-08 20:30:27Z" duration="0.000430" asserts="0">
                <properties>
                  <property name="Category" value="GDX.Tests" />
                </properties>
                <output><![CDATA[[Code Coverage] Code Coverage results for visited sequence points were saved in D:/BuildAgent/work/GDX-Documentation/Staging/CodeCoverage/GDX_Development-opencov/EditMode/TestCoverageResults_0302.xml
[Code Coverage] Code Coverage requires Burst Compilation to be disabled in order to obtain accurate coverage information. To disable Burst Compilation uncheck Jobs > Burst > Enable Compilation or pass '--burst-disable-compilation' to the command line in batchmode.
]]></output>
              </test-case>
              <test-case id="1651" name="RemoveUnchecked_MockDataWithIndicesAndVersionArray_ValidIndexRemoved" fullname="GDX.Collections.Generic.SparseSetTests.RemoveUnchecked_MockDataWithIndicesAndVersionArray_ValidIndexRemoved" methodname="RemoveUnchecked_MockDataWithIndicesAndVersionArray_ValidIndexRemoved" classname="GDX.Collections.Generic.SparseSetTests" runstate="Runnable" seed="687776183" result="Passed" start-time="2023-06-08 20:30:27Z" end-time="2023-06-08 20:30:27Z" duration="0.000393" asserts="0">
                <properties>
                  <property name="Category" value="GDX.Tests" />
                </properties>
                <output><![CDATA[[Code Coverage] Code Coverage results for visited sequence points were saved in D:/BuildAgent/work/GDX-Documentation/Staging/CodeCoverage/GDX_Development-opencov/EditMode/TestCoverageResults_0303.xml
[Code Coverage] Code Coverage requires Burst Compilation to be disabled in order to obtain accurate coverage information. To disable Burst Compilation uncheck Jobs > Burst > Enable Compilation or pass '--burst-disable-compilation' to the command line in batchmode.
]]></output>
              </test-case>
              <test-case id="1654" name="RemoveUncheckedFromDenseIndex_MockData_ValidIndexRemoved" fullname="GDX.Collections.Generic.SparseSetTests.RemoveUncheckedFromDenseIndex_MockData_ValidIndexRemoved" methodname="RemoveUncheckedFromDenseIndex_MockData_ValidIndexRemoved" classname="GDX.Collections.Generic.SparseSetTests" runstate="Runnable" seed="632382395" result="Passed" start-time="2023-06-08 20:30:28Z" end-time="2023-06-08 20:30:28Z" duration="0.000525" asserts="0">
                <properties>
                  <property name="Category" value="GDX.Tests" />
                </properties>
                <output><![CDATA[[Code Coverage] Code Coverage results for visited sequence points were saved in D:/BuildAgent/work/GDX-Documentation/Staging/CodeCoverage/GDX_Development-opencov/EditMode/TestCoverageResults_0304.xml
[Code Coverage] Code Coverage requires Burst Compilation to be disabled in order to obtain accurate coverage information. To disable Burst Compilation uncheck Jobs > Burst > Enable Compilation or pass '--burst-disable-compilation' to the command line in batchmode.
]]></output>
              </test-case>
              <test-case id="1655" name="RemoveUncheckedFromDenseIndex_MockDataWithSwapIndex_ValidIndexRemoved" fullname="GDX.Collections.Generic.SparseSetTests.RemoveUncheckedFromDenseIndex_MockDataWithSwapIndex_ValidIndexRemoved" methodname="RemoveUncheckedFromDenseIndex_MockDataWithSwapIndex_ValidIndexRemoved" classname="GDX.Collections.Generic.SparseSetTests" runstate="Runnable" seed="547528657" result="Passed" start-time="2023-06-08 20:30:29Z" end-time="2023-06-08 20:30:29Z" duration="0.000422" asserts="0">
                <properties>
                  <property name="Category" value="GDX.Tests" />
                </properties>
                <output><![CDATA[[Code Coverage] Code Coverage results for visited sequence points were saved in D:/BuildAgent/work/GDX-Documentation/Staging/CodeCoverage/GDX_Development-opencov/EditMode/TestCoverageResults_0305.xml
[Code Coverage] Code Coverage requires Burst Compilation to be disabled in order to obtain accurate coverage information. To disable Burst Compilation uncheck Jobs > Burst > Enable Compilation or pass '--burst-disable-compilation' to the command line in batchmode.
]]></output>
              </test-case>
              <test-case id="1656" name="RemoveUncheckedFromDenseIndex_MockDataWithVersionArray_ValidIndexRemoved" fullname="GDX.Collections.Generic.SparseSetTests.RemoveUncheckedFromDenseIndex_MockDataWithVersionArray_ValidIndexRemoved" methodname="RemoveUncheckedFromDenseIndex_MockDataWithVersionArray_ValidIndexRemoved" classname="GDX.Collections.Generic.SparseSetTests" runstate="Runnable" seed="1530984057" result="Passed" start-time="2023-06-08 20:30:29Z" end-time="2023-06-08 20:30:29Z" duration="0.000481" asserts="0">
                <properties>
                  <property name="Category" value="GDX.Tests" />
                </properties>
                <output><![CDATA[[Code Coverage] Code Coverage results for visited sequence points were saved in D:/BuildAgent/work/GDX-Documentation/Staging/CodeCoverage/GDX_Development-opencov/EditMode/TestCoverageResults_0306.xml
[Code Coverage] Code Coverage requires Burst Compilation to be disabled in order to obtain accurate coverage information. To disable Burst Compilation uncheck Jobs > Burst > Enable Compilation or pass '--burst-disable-compilation' to the command line in batchmode.
]]></output>
              </test-case>
              <test-case id="1657" name="RemoveUncheckedFromDenseIndex_MockDataWithVersionArrayAndSwapIndex_ValidIndexRemoved" fullname="GDX.Collections.Generic.SparseSetTests.RemoveUncheckedFromDenseIndex_MockDataWithVersionArrayAndSwapIndex_ValidIndexRemoved" methodname="RemoveUncheckedFromDenseIndex_MockDataWithVersionArrayAndSwapIndex_ValidIndexRemoved" classname="GDX.Collections.Generic.SparseSetTests" runstate="Runnable" seed="622201119" result="Passed" start-time="2023-06-08 20:30:30Z" end-time="2023-06-08 20:30:30Z" duration="0.000437" asserts="0">
                <properties>
                  <property name="Category" value="GDX.Tests" />
                </properties>
                <output><![CDATA[[Code Coverage] Code Coverage results for visited sequence points were saved in D:/BuildAgent/work/GDX-Documentation/Staging/CodeCoverage/GDX_Development-opencov/EditMode/TestCoverageResults_0307.xml
[Code Coverage] Code Coverage requires Burst Compilation to be disabled in order to obtain accurate coverage information. To disable Burst Compilation uncheck Jobs > Burst > Enable Compilation or pass '--burst-disable-compilation' to the command line in batchmode.
]]></output>
              </test-case>
              <test-case id="1650" name="RemoveWithBoundsAndVersionChecks_MockData_ValidIndexRemovedInvalidIndicesNotRemoved" fullname="GDX.Collections.Generic.SparseSetTests.RemoveWithBoundsAndVersionChecks_MockData_ValidIndexRemovedInvalidIndicesNotRemoved" methodname="RemoveWithBoundsAndVersionChecks_MockData_ValidIndexRemovedInvalidIndicesNotRemoved" classname="GDX.Collections.Generic.SparseSetTests" runstate="Runnable" seed="1194482711" result="Passed" start-time="2023-06-08 20:30:30Z" end-time="2023-06-08 20:30:30Z" duration="0.000803" asserts="0">
                <properties>
                  <property name="Category" value="GDX.Tests" />
                </properties>
                <output><![CDATA[[Code Coverage] Code Coverage results for visited sequence points were saved in D:/BuildAgent/work/GDX-Documentation/Staging/CodeCoverage/GDX_Development-opencov/EditMode/TestCoverageResults_0308.xml
[Code Coverage] Code Coverage requires Burst Compilation to be disabled in order to obtain accurate coverage information. To disable Burst Compilation uncheck Jobs > Burst > Enable Compilation or pass '--burst-disable-compilation' to the command line in batchmode.
]]></output>
              </test-case>
              <test-case id="1648" name="RemoveWithBoundsCheck_MockData_ValidIndexRemovedInvalidIndicesNotRemoved" fullname="GDX.Collections.Generic.SparseSetTests.RemoveWithBoundsCheck_MockData_ValidIndexRemovedInvalidIndicesNotRemoved" methodname="RemoveWithBoundsCheck_MockData_ValidIndexRemovedInvalidIndicesNotRemoved" classname="GDX.Collections.Generic.SparseSetTests" runstate="Runnable" seed="1335970324" result="Passed" start-time="2023-06-08 20:30:31Z" end-time="2023-06-08 20:30:31Z" duration="0.000601" asserts="0">
                <properties>
                  <property name="Category" value="GDX.Tests" />
                </properties>
                <output><![CDATA[[Code Coverage] Code Coverage results for visited sequence points were saved in D:/BuildAgent/work/GDX-Documentation/Staging/CodeCoverage/GDX_Development-opencov/EditMode/TestCoverageResults_0309.xml
[Code Coverage] Code Coverage requires Burst Compilation to be disabled in order to obtain accurate coverage information. To disable Burst Compilation uncheck Jobs > Burst > Enable Compilation or pass '--burst-disable-compilation' to the command line in batchmode.
]]></output>
              </test-case>
              <test-case id="1649" name="RemoveWithVersionCheck_MockData_ValidIndexRemovedInvalidIndicesNotRemoved" fullname="GDX.Collections.Generic.SparseSetTests.RemoveWithVersionCheck_MockData_ValidIndexRemovedInvalidIndicesNotRemoved" methodname="RemoveWithVersionCheck_MockData_ValidIndexRemovedInvalidIndicesNotRemoved" classname="GDX.Collections.Generic.SparseSetTests" runstate="Runnable" seed="1263774394" result="Passed" start-time="2023-06-08 20:30:32Z" end-time="2023-06-08 20:30:32Z" duration="0.000520" asserts="0">
                <properties>
                  <property name="Category" value="GDX.Tests" />
                </properties>
                <output><![CDATA[[Code Coverage] Code Coverage results for visited sequence points were saved in D:/BuildAgent/work/GDX-Documentation/Staging/CodeCoverage/GDX_Development-opencov/EditMode/TestCoverageResults_0310.xml
[Code Coverage] Code Coverage requires Burst Compilation to be disabled in order to obtain accurate coverage information. To disable Burst Compilation uncheck Jobs > Burst > Enable Compilation or pass '--burst-disable-compilation' to the command line in batchmode.
]]></output>
              </test-case>
              <test-case id="1663" name="Reserve_MockData_Expanded" fullname="GDX.Collections.Generic.SparseSetTests.Reserve_MockData_Expanded" methodname="Reserve_MockData_Expanded" classname="GDX.Collections.Generic.SparseSetTests" runstate="Runnable" seed="1341818091" result="Passed" start-time="2023-06-08 20:30:32Z" end-time="2023-06-08 20:30:32Z" duration="0.000451" asserts="0">
                <properties>
                  <property name="Category" value="GDX.Tests" />
                </properties>
                <output><![CDATA[[Code Coverage] Code Coverage results for visited sequence points were saved in D:/BuildAgent/work/GDX-Documentation/Staging/CodeCoverage/GDX_Development-opencov/EditMode/TestCoverageResults_0311.xml
[Code Coverage] Code Coverage requires Burst Compilation to be disabled in order to obtain accurate coverage information. To disable Burst Compilation uncheck Jobs > Burst > Enable Compilation or pass '--burst-disable-compilation' to the command line in batchmode.
]]></output>
              </test-case>
              <test-case id="1664" name="Reserve_MockDataWithVersionArray_Expanded" fullname="GDX.Collections.Generic.SparseSetTests.Reserve_MockDataWithVersionArray_Expanded" methodname="Reserve_MockDataWithVersionArray_Expanded" classname="GDX.Collections.Generic.SparseSetTests" runstate="Runnable" seed="16247617" result="Passed" start-time="2023-06-08 20:30:33Z" end-time="2023-06-08 20:30:33Z" duration="0.000347" asserts="0">
                <properties>
                  <property name="Category" value="GDX.Tests" />
                </properties>
                <output><![CDATA[[Code Coverage] Code Coverage results for visited sequence points were saved in D:/BuildAgent/work/GDX-Documentation/Staging/CodeCoverage/GDX_Development-opencov/EditMode/TestCoverageResults_0312.xml
[Code Coverage] Code Coverage requires Burst Compilation to be disabled in order to obtain accurate coverage information. To disable Burst Compilation uncheck Jobs > Burst > Enable Compilation or pass '--burst-disable-compilation' to the command line in batchmode.
]]></output>
              </test-case>
            </test-suite>
            <test-suite type="TestFixture" id="1689" name="StringKeyDictionaryTests" fullname="GDX.Collections.Generic.StringKeyDictionaryTests" classname="GDX.Collections.Generic.StringKeyDictionaryTests" runstate="Runnable" testcasecount="27" result="Passed" start-time="2023-06-08 20:30:33Z" end-time="2023-06-08 20:30:50Z" duration="16.851782" total="27" passed="27" failed="0" inconclusive="0" skipped="0" asserts="0">
              <properties />
              <test-case id="1699" name="AddSafe_CheckEntriesMaintainConnection" fullname="GDX.Collections.Generic.StringKeyDictionaryTests.AddSafe_CheckEntriesMaintainConnection" methodname="AddSafe_CheckEntriesMaintainConnection" classname="GDX.Collections.Generic.StringKeyDictionaryTests" runstate="Runnable" seed="1995236366" result="Passed" start-time="2023-06-08 20:30:33Z" end-time="2023-06-08 20:30:33Z" duration="0.001164" asserts="0">
                <properties>
                  <property name="Category" value="GDX.Tests" />
                </properties>
                <output><![CDATA[[Code Coverage] Code Coverage results for visited sequence points were saved in D:/BuildAgent/work/GDX-Documentation/Staging/CodeCoverage/GDX_Development-opencov/EditMode/TestCoverageResults_0313.xml
[Code Coverage] Code Coverage requires Burst Compilation to be disabled in order to obtain accurate coverage information. To disable Burst Compilation uncheck Jobs > Burst > Enable Compilation or pass '--burst-disable-compilation' to the command line in batchmode.
]]></output>
              </test-case>
              <test-case id="1693" name="AddSafe_CheckExists" fullname="GDX.Collections.Generic.StringKeyDictionaryTests.AddSafe_CheckExists" methodname="AddSafe_CheckExists" classname="GDX.Collections.Generic.StringKeyDictionaryTests" runstate="Runnable" seed="1383569218" result="Passed" start-time="2023-06-08 20:30:34Z" end-time="2023-06-08 20:30:34Z" duration="0.000432" asserts="0">
                <properties>
                  <property name="Category" value="GDX.Tests" />
                </properties>
                <output><![CDATA[[Code Coverage] Code Coverage results for visited sequence points were saved in D:/BuildAgent/work/GDX-Documentation/Staging/CodeCoverage/GDX_Development-opencov/EditMode/TestCoverageResults_0314.xml
[Code Coverage] Code Coverage requires Burst Compilation to be disabled in order to obtain accurate coverage information. To disable Burst Compilation uncheck Jobs > Burst > Enable Compilation or pass '--burst-disable-compilation' to the command line in batchmode.
]]></output>
              </test-case>
              <test-case id="1698" name="AddSafe_CheckExpanded" fullname="GDX.Collections.Generic.StringKeyDictionaryTests.AddSafe_CheckExpanded" methodname="AddSafe_CheckExpanded" classname="GDX.Collections.Generic.StringKeyDictionaryTests" runstate="Runnable" seed="1940615114" result="Passed" start-time="2023-06-08 20:30:35Z" end-time="2023-06-08 20:30:35Z" duration="0.000432" asserts="0">
                <properties>
                  <property name="Category" value="GDX.Tests" />
                </properties>
                <output><![CDATA[[Code Coverage] Code Coverage results for visited sequence points were saved in D:/BuildAgent/work/GDX-Documentation/Staging/CodeCoverage/GDX_Development-opencov/EditMode/TestCoverageResults_0315.xml
[Code Coverage] Code Coverage requires Burst Compilation to be disabled in order to obtain accurate coverage information. To disable Burst Compilation uncheck Jobs > Burst > Enable Compilation or pass '--burst-disable-compilation' to the command line in batchmode.
]]></output>
              </test-case>
              <test-case id="1710" name="AddTwoCollidingEntries_CheckAccess" fullname="GDX.Collections.Generic.StringKeyDictionaryTests.AddTwoCollidingEntries_CheckAccess" methodname="AddTwoCollidingEntries_CheckAccess" classname="GDX.Collections.Generic.StringKeyDictionaryTests" runstate="Runnable" seed="1762763706" result="Passed" start-time="2023-06-08 20:30:35Z" end-time="2023-06-08 20:30:35Z" duration="0.000637" asserts="0">
                <properties>
                  <property name="Category" value="GDX.Tests" />
                </properties>
                <output><![CDATA[[Code Coverage] Code Coverage results for visited sequence points were saved in D:/BuildAgent/work/GDX-Documentation/Staging/CodeCoverage/GDX_Development-opencov/EditMode/TestCoverageResults_0316.xml
[Code Coverage] Code Coverage requires Burst Compilation to be disabled in order to obtain accurate coverage information. To disable Burst Compilation uncheck Jobs > Burst > Enable Compilation or pass '--burst-disable-compilation' to the command line in batchmode.
]]></output>
              </test-case>
              <test-case id="1711" name="AddTwoCollidingEntries_RemoveFirst_CheckSecondExists" fullname="GDX.Collections.Generic.StringKeyDictionaryTests.AddTwoCollidingEntries_RemoveFirst_CheckSecondExists" methodname="AddTwoCollidingEntries_RemoveFirst_CheckSecondExists" classname="GDX.Collections.Generic.StringKeyDictionaryTests" runstate="Runnable" seed="770959578" result="Passed" start-time="2023-06-08 20:30:36Z" end-time="2023-06-08 20:30:36Z" duration="0.000643" asserts="0">
                <properties>
                  <property name="Category" value="GDX.Tests" />
                </properties>
                <output><![CDATA[[Code Coverage] Code Coverage results for visited sequence points were saved in D:/BuildAgent/work/GDX-Documentation/Staging/CodeCoverage/GDX_Development-opencov/EditMode/TestCoverageResults_0317.xml
[Code Coverage] Code Coverage requires Burst Compilation to be disabled in order to obtain accurate coverage information. To disable Burst Compilation uncheck Jobs > Burst > Enable Compilation or pass '--burst-disable-compilation' to the command line in batchmode.
]]></output>
              </test-case>
              <test-case id="1712" name="AddTwoCollidingEntries_RemoveSecond_CheckFirstExists" fullname="GDX.Collections.Generic.StringKeyDictionaryTests.AddTwoCollidingEntries_RemoveSecond_CheckFirstExists" methodname="AddTwoCollidingEntries_RemoveSecond_CheckFirstExists" classname="GDX.Collections.Generic.StringKeyDictionaryTests" runstate="Runnable" seed="1127354861" result="Passed" start-time="2023-06-08 20:30:36Z" end-time="2023-06-08 20:30:36Z" duration="0.000359" asserts="0">
                <properties>
                  <property name="Category" value="GDX.Tests" />
                </properties>
                <output><![CDATA[[Code Coverage] Code Coverage results for visited sequence points were saved in D:/BuildAgent/work/GDX-Documentation/Staging/CodeCoverage/GDX_Development-opencov/EditMode/TestCoverageResults_0318.xml
[Code Coverage] Code Coverage requires Burst Compilation to be disabled in order to obtain accurate coverage information. To disable Burst Compilation uncheck Jobs > Burst > Enable Compilation or pass '--burst-disable-compilation' to the command line in batchmode.
]]></output>
              </test-case>
              <test-case id="1703" name="AddUnchecked_CheckExists" fullname="GDX.Collections.Generic.StringKeyDictionaryTests.AddUnchecked_CheckExists" methodname="AddUnchecked_CheckExists" classname="GDX.Collections.Generic.StringKeyDictionaryTests" runstate="Runnable" seed="561358054" result="Passed" start-time="2023-06-08 20:30:37Z" end-time="2023-06-08 20:30:37Z" duration="0.000336" asserts="0">
                <properties>
                  <property name="Category" value="GDX.Tests" />
                </properties>
                <output><![CDATA[[Code Coverage] Code Coverage results for visited sequence points were saved in D:/BuildAgent/work/GDX-Documentation/Staging/CodeCoverage/GDX_Development-opencov/EditMode/TestCoverageResults_0319.xml
[Code Coverage] Code Coverage requires Burst Compilation to be disabled in order to obtain accurate coverage information. To disable Burst Compilation uncheck Jobs > Burst > Enable Compilation or pass '--burst-disable-compilation' to the command line in batchmode.
]]></output>
              </test-case>
              <test-case id="1697" name="AddWithExpandCheck_CheckEntriesMaintainConnection" fullname="GDX.Collections.Generic.StringKeyDictionaryTests.AddWithExpandCheck_CheckEntriesMaintainConnection" methodname="AddWithExpandCheck_CheckEntriesMaintainConnection" classname="GDX.Collections.Generic.StringKeyDictionaryTests" runstate="Runnable" seed="56265163" result="Passed" start-time="2023-06-08 20:30:38Z" end-time="2023-06-08 20:30:38Z" duration="0.000485" asserts="0">
                <properties>
                  <property name="Category" value="GDX.Tests" />
                </properties>
                <output><![CDATA[[Code Coverage] Code Coverage results for visited sequence points were saved in D:/BuildAgent/work/GDX-Documentation/Staging/CodeCoverage/GDX_Development-opencov/EditMode/TestCoverageResults_0320.xml
[Code Coverage] Code Coverage requires Burst Compilation to be disabled in order to obtain accurate coverage information. To disable Burst Compilation uncheck Jobs > Burst > Enable Compilation or pass '--burst-disable-compilation' to the command line in batchmode.
]]></output>
              </test-case>
              <test-case id="1695" name="AddWithExpandCheck_CheckExists" fullname="GDX.Collections.Generic.StringKeyDictionaryTests.AddWithExpandCheck_CheckExists" methodname="AddWithExpandCheck_CheckExists" classname="GDX.Collections.Generic.StringKeyDictionaryTests" runstate="Runnable" seed="1582151659" result="Passed" start-time="2023-06-08 20:30:39Z" end-time="2023-06-08 20:30:39Z" duration="0.000325" asserts="0">
                <properties>
                  <property name="Category" value="GDX.Tests" />
                </properties>
                <output><![CDATA[[Code Coverage] Code Coverage results for visited sequence points were saved in D:/BuildAgent/work/GDX-Documentation/Staging/CodeCoverage/GDX_Development-opencov/EditMode/TestCoverageResults_0321.xml
[Code Coverage] Code Coverage requires Burst Compilation to be disabled in order to obtain accurate coverage information. To disable Burst Compilation uncheck Jobs > Burst > Enable Compilation or pass '--burst-disable-compilation' to the command line in batchmode.
]]></output>
              </test-case>
              <test-case id="1696" name="AddWithExpandCheck_CheckExpanded" fullname="GDX.Collections.Generic.StringKeyDictionaryTests.AddWithExpandCheck_CheckExpanded" methodname="AddWithExpandCheck_CheckExpanded" classname="GDX.Collections.Generic.StringKeyDictionaryTests" runstate="Runnable" seed="357794564" result="Passed" start-time="2023-06-08 20:30:40Z" end-time="2023-06-08 20:30:40Z" duration="0.000454" asserts="0">
                <properties>
                  <property name="Category" value="GDX.Tests" />
                </properties>
                <output><![CDATA[[Code Coverage] Code Coverage results for visited sequence points were saved in D:/BuildAgent/work/GDX-Documentation/Staging/CodeCoverage/GDX_Development-opencov/EditMode/TestCoverageResults_0322.xml
[Code Coverage] Code Coverage requires Burst Compilation to be disabled in order to obtain accurate coverage information. To disable Burst Compilation uncheck Jobs > Burst > Enable Compilation or pass '--burst-disable-compilation' to the command line in batchmode.
]]></output>
              </test-case>
              <test-case id="1701" name="AddWithIndexer_CheckEntriesMaintainConnection" fullname="GDX.Collections.Generic.StringKeyDictionaryTests.AddWithIndexer_CheckEntriesMaintainConnection" methodname="AddWithIndexer_CheckEntriesMaintainConnection" classname="GDX.Collections.Generic.StringKeyDictionaryTests" runstate="Runnable" seed="1163087369" result="Passed" start-time="2023-06-08 20:30:40Z" end-time="2023-06-08 20:30:40Z" duration="0.000675" asserts="0">
                <properties>
                  <property name="Category" value="GDX.Tests" />
                </properties>
                <output><![CDATA[[Code Coverage] Code Coverage results for visited sequence points were saved in D:/BuildAgent/work/GDX-Documentation/Staging/CodeCoverage/GDX_Development-opencov/EditMode/TestCoverageResults_0323.xml
[Code Coverage] Code Coverage requires Burst Compilation to be disabled in order to obtain accurate coverage information. To disable Burst Compilation uncheck Jobs > Burst > Enable Compilation or pass '--burst-disable-compilation' to the command line in batchmode.
]]></output>
              </test-case>
              <test-case id="1700" name="AddWithIndexer_CheckExpanded" fullname="GDX.Collections.Generic.StringKeyDictionaryTests.AddWithIndexer_CheckExpanded" methodname="AddWithIndexer_CheckExpanded" classname="GDX.Collections.Generic.StringKeyDictionaryTests" runstate="Runnable" seed="1354042982" result="Passed" start-time="2023-06-08 20:30:41Z" end-time="2023-06-08 20:30:41Z" duration="0.000396" asserts="0">
                <properties>
                  <property name="Category" value="GDX.Tests" />
                </properties>
                <output><![CDATA[[Code Coverage] Code Coverage results for visited sequence points were saved in D:/BuildAgent/work/GDX-Documentation/Staging/CodeCoverage/GDX_Development-opencov/EditMode/TestCoverageResults_0324.xml
[Code Coverage] Code Coverage requires Burst Compilation to be disabled in order to obtain accurate coverage information. To disable Burst Compilation uncheck Jobs > Burst > Enable Compilation or pass '--burst-disable-compilation' to the command line in batchmode.
]]></output>
              </test-case>
              <test-case id="1702" name="AddWithUniqueCheck_CheckExists" fullname="GDX.Collections.Generic.StringKeyDictionaryTests.AddWithUniqueCheck_CheckExists" methodname="AddWithUniqueCheck_CheckExists" classname="GDX.Collections.Generic.StringKeyDictionaryTests" runstate="Runnable" seed="554979169" result="Passed" start-time="2023-06-08 20:30:41Z" end-time="2023-06-08 20:30:41Z" duration="0.000496" asserts="0">
                <properties>
                  <property name="Category" value="GDX.Tests" />
                </properties>
                <output><![CDATA[[Code Coverage] Code Coverage results for visited sequence points were saved in D:/BuildAgent/work/GDX-Documentation/Staging/CodeCoverage/GDX_Development-opencov/EditMode/TestCoverageResults_0325.xml
[Code Coverage] Code Coverage requires Burst Compilation to be disabled in order to obtain accurate coverage information. To disable Burst Compilation uncheck Jobs > Burst > Enable Compilation or pass '--burst-disable-compilation' to the command line in batchmode.
]]></output>
              </test-case>
              <test-case id="1706" name="AddWithUniqueCheckTwice_CheckAddedOnlyOnce" fullname="GDX.Collections.Generic.StringKeyDictionaryTests.AddWithUniqueCheckTwice_CheckAddedOnlyOnce" methodname="AddWithUniqueCheckTwice_CheckAddedOnlyOnce" classname="GDX.Collections.Generic.StringKeyDictionaryTests" runstate="Runnable" seed="292493489" result="Passed" start-time="2023-06-08 20:30:42Z" end-time="2023-06-08 20:30:42Z" duration="0.000450" asserts="0">
                <properties>
                  <property name="Category" value="GDX.Tests" />
                </properties>
                <output><![CDATA[[Code Coverage] Code Coverage results for visited sequence points were saved in D:/BuildAgent/work/GDX-Documentation/Staging/CodeCoverage/GDX_Development-opencov/EditMode/TestCoverageResults_0326.xml
[Code Coverage] Code Coverage requires Burst Compilation to be disabled in order to obtain accurate coverage information. To disable Burst Compilation uncheck Jobs > Burst > Enable Compilation or pass '--burst-disable-compilation' to the command line in batchmode.
]]></output>
              </test-case>
              <test-case id="1692" name="Constructor_RequestBelowPrimeMinimum_PrimeCapacity" fullname="GDX.Collections.Generic.StringKeyDictionaryTests.Constructor_RequestBelowPrimeMinimum_PrimeCapacity" methodname="Constructor_RequestBelowPrimeMinimum_PrimeCapacity" classname="GDX.Collections.Generic.StringKeyDictionaryTests" runstate="Runnable" seed="1720977824" result="Passed" start-time="2023-06-08 20:30:42Z" end-time="2023-06-08 20:30:42Z" duration="0.000353" asserts="0">
                <properties>
                  <property name="Category" value="GDX.Tests" />
                </properties>
                <output><![CDATA[[Code Coverage] Code Coverage results for visited sequence points were saved in D:/BuildAgent/work/GDX-Documentation/Staging/CodeCoverage/GDX_Development-opencov/EditMode/TestCoverageResults_0327.xml
[Code Coverage] Code Coverage requires Burst Compilation to be disabled in order to obtain accurate coverage information. To disable Burst Compilation uncheck Jobs > Burst > Enable Compilation or pass '--burst-disable-compilation' to the command line in batchmode.
]]></output>
              </test-case>
              <test-case id="1691" name="Constructor_RequestPrimeMinimum_PrimeCapacity" fullname="GDX.Collections.Generic.StringKeyDictionaryTests.Constructor_RequestPrimeMinimum_PrimeCapacity" methodname="Constructor_RequestPrimeMinimum_PrimeCapacity" classname="GDX.Collections.Generic.StringKeyDictionaryTests" runstate="Runnable" seed="700041544" result="Passed" start-time="2023-06-08 20:30:43Z" end-time="2023-06-08 20:30:43Z" duration="0.000322" asserts="0">
                <properties>
                  <property name="Category" value="GDX.Tests" />
                </properties>
                <output><![CDATA[[Code Coverage] Code Coverage results for visited sequence points were saved in D:/BuildAgent/work/GDX-Documentation/Staging/CodeCoverage/GDX_Development-opencov/EditMode/TestCoverageResults_0328.xml
[Code Coverage] Code Coverage requires Burst Compilation to be disabled in order to obtain accurate coverage information. To disable Burst Compilation uncheck Jobs > Burst > Enable Compilation or pass '--burst-disable-compilation' to the command line in batchmode.
]]></output>
              </test-case>
              <test-case id="1690" name="Constructor_RequestZeroMinimum_PrimeCapacity" fullname="GDX.Collections.Generic.StringKeyDictionaryTests.Constructor_RequestZeroMinimum_PrimeCapacity" methodname="Constructor_RequestZeroMinimum_PrimeCapacity" classname="GDX.Collections.Generic.StringKeyDictionaryTests" runstate="Runnable" seed="1938663076" result="Passed" start-time="2023-06-08 20:30:44Z" end-time="2023-06-08 20:30:44Z" duration="0.000395" asserts="0">
                <properties>
                  <property name="Category" value="GDX.Tests" />
                </properties>
                <output><![CDATA[[Code Coverage] Code Coverage results for visited sequence points were saved in D:/BuildAgent/work/GDX-Documentation/Staging/CodeCoverage/GDX_Development-opencov/EditMode/TestCoverageResults_0329.xml
[Code Coverage] Code Coverage requires Burst Compilation to be disabled in order to obtain accurate coverage information. To disable Burst Compilation uncheck Jobs > Burst > Enable Compilation or pass '--burst-disable-compilation' to the command line in batchmode.
]]></output>
              </test-case>
              <test-case id="1694" name="IndexerAdd_CheckExists" fullname="GDX.Collections.Generic.StringKeyDictionaryTests.IndexerAdd_CheckExists" methodname="IndexerAdd_CheckExists" classname="GDX.Collections.Generic.StringKeyDictionaryTests" runstate="Runnable" seed="2094074804" result="Passed" start-time="2023-06-08 20:30:44Z" end-time="2023-06-08 20:30:44Z" duration="0.000333" asserts="0">
                <properties>
                  <property name="Category" value="GDX.Tests" />
                </properties>
                <output><![CDATA[[Code Coverage] Code Coverage results for visited sequence points were saved in D:/BuildAgent/work/GDX-Documentation/Staging/CodeCoverage/GDX_Development-opencov/EditMode/TestCoverageResults_0330.xml
[Code Coverage] Code Coverage requires Burst Compilation to be disabled in order to obtain accurate coverage information. To disable Burst Compilation uncheck Jobs > Burst > Enable Compilation or pass '--burst-disable-compilation' to the command line in batchmode.
]]></output>
              </test-case>
              <test-case id="1708" name="IndexOf_CheckCorrectIndex" fullname="GDX.Collections.Generic.StringKeyDictionaryTests.IndexOf_CheckCorrectIndex" methodname="IndexOf_CheckCorrectIndex" classname="GDX.Collections.Generic.StringKeyDictionaryTests" runstate="Runnable" seed="1517478529" result="Passed" start-time="2023-06-08 20:30:45Z" end-time="2023-06-08 20:30:45Z" duration="0.000413" asserts="0">
                <properties>
                  <property name="Category" value="GDX.Tests" />
                </properties>
                <output><![CDATA[[Code Coverage] Code Coverage results for visited sequence points were saved in D:/BuildAgent/work/GDX-Documentation/Staging/CodeCoverage/GDX_Development-opencov/EditMode/TestCoverageResults_0331.xml
[Code Coverage] Code Coverage requires Burst Compilation to be disabled in order to obtain accurate coverage information. To disable Burst Compilation uncheck Jobs > Burst > Enable Compilation or pass '--burst-disable-compilation' to the command line in batchmode.
]]></output>
              </test-case>
              <test-case id="1709" name="IndexOf_CheckEntryDoesNotExist" fullname="GDX.Collections.Generic.StringKeyDictionaryTests.IndexOf_CheckEntryDoesNotExist" methodname="IndexOf_CheckEntryDoesNotExist" classname="GDX.Collections.Generic.StringKeyDictionaryTests" runstate="Runnable" seed="197185005" result="Passed" start-time="2023-06-08 20:30:45Z" end-time="2023-06-08 20:30:45Z" duration="0.000311" asserts="0">
                <properties>
                  <property name="Category" value="GDX.Tests" />
                </properties>
                <output><![CDATA[[Code Coverage] Code Coverage results for visited sequence points were saved in D:/BuildAgent/work/GDX-Documentation/Staging/CodeCoverage/GDX_Development-opencov/EditMode/TestCoverageResults_0332.xml
[Code Coverage] Code Coverage requires Burst Compilation to be disabled in order to obtain accurate coverage information. To disable Burst Compilation uncheck Jobs > Burst > Enable Compilation or pass '--burst-disable-compilation' to the command line in batchmode.
]]></output>
              </test-case>
              <test-case id="1713" name="MoveNext_FindAllEntries" fullname="GDX.Collections.Generic.StringKeyDictionaryTests.MoveNext_FindAllEntries" methodname="MoveNext_FindAllEntries" classname="GDX.Collections.Generic.StringKeyDictionaryTests" runstate="Runnable" seed="501137434" result="Passed" start-time="2023-06-08 20:30:46Z" end-time="2023-06-08 20:30:46Z" duration="0.000516" asserts="0">
                <properties>
                  <property name="Category" value="GDX.Tests" />
                </properties>
                <output><![CDATA[[Code Coverage] Code Coverage results for visited sequence points were saved in D:/BuildAgent/work/GDX-Documentation/Staging/CodeCoverage/GDX_Development-opencov/EditMode/TestCoverageResults_0333.xml
[Code Coverage] Code Coverage requires Burst Compilation to be disabled in order to obtain accurate coverage information. To disable Burst Compilation uncheck Jobs > Burst > Enable Compilation or pass '--burst-disable-compilation' to the command line in batchmode.
]]></output>
              </test-case>
              <test-case id="1715" name="MoveNextWithVersion_CheckEarlyOutFromInvalidation" fullname="GDX.Collections.Generic.StringKeyDictionaryTests.MoveNextWithVersion_CheckEarlyOutFromInvalidation" methodname="MoveNextWithVersion_CheckEarlyOutFromInvalidation" classname="GDX.Collections.Generic.StringKeyDictionaryTests" runstate="Runnable" seed="1674429819" result="Passed" start-time="2023-06-08 20:30:47Z" end-time="2023-06-08 20:30:47Z" duration="0.000621" asserts="0">
                <properties>
                  <property name="Category" value="GDX.Tests" />
                </properties>
                <output><![CDATA[[Code Coverage] Code Coverage results for visited sequence points were saved in D:/BuildAgent/work/GDX-Documentation/Staging/CodeCoverage/GDX_Development-opencov/EditMode/TestCoverageResults_0334.xml
[Code Coverage] Code Coverage requires Burst Compilation to be disabled in order to obtain accurate coverage information. To disable Burst Compilation uncheck Jobs > Burst > Enable Compilation or pass '--burst-disable-compilation' to the command line in batchmode.
]]></output>
              </test-case>
              <test-case id="1714" name="MoveNextWithVersion_FindAllEntries" fullname="GDX.Collections.Generic.StringKeyDictionaryTests.MoveNextWithVersion_FindAllEntries" methodname="MoveNextWithVersion_FindAllEntries" classname="GDX.Collections.Generic.StringKeyDictionaryTests" runstate="Runnable" seed="1583336" result="Passed" start-time="2023-06-08 20:30:47Z" end-time="2023-06-08 20:30:47Z" duration="0.000415" asserts="0">
                <properties>
                  <property name="Category" value="GDX.Tests" />
                </properties>
                <output><![CDATA[[Code Coverage] Code Coverage results for visited sequence points were saved in D:/BuildAgent/work/GDX-Documentation/Staging/CodeCoverage/GDX_Development-opencov/EditMode/TestCoverageResults_0335.xml
[Code Coverage] Code Coverage requires Burst Compilation to be disabled in order to obtain accurate coverage information. To disable Burst Compilation uncheck Jobs > Burst > Enable Compilation or pass '--burst-disable-compilation' to the command line in batchmode.
]]></output>
              </test-case>
              <test-case id="1707" name="Reserve_CheckExpandedCapacity" fullname="GDX.Collections.Generic.StringKeyDictionaryTests.Reserve_CheckExpandedCapacity" methodname="Reserve_CheckExpandedCapacity" classname="GDX.Collections.Generic.StringKeyDictionaryTests" runstate="Runnable" seed="546109115" result="Passed" start-time="2023-06-08 20:30:48Z" end-time="2023-06-08 20:30:48Z" duration="0.000551" asserts="0">
                <properties>
                  <property name="Category" value="GDX.Tests" />
                </properties>
                <output><![CDATA[[Code Coverage] Code Coverage results for visited sequence points were saved in D:/BuildAgent/work/GDX-Documentation/Staging/CodeCoverage/GDX_Development-opencov/EditMode/TestCoverageResults_0336.xml
[Code Coverage] Code Coverage requires Burst Compilation to be disabled in order to obtain accurate coverage information. To disable Burst Compilation uncheck Jobs > Burst > Enable Compilation or pass '--burst-disable-compilation' to the command line in batchmode.
]]></output>
              </test-case>
              <test-case id="1716" name="TryGetValue" fullname="GDX.Collections.Generic.StringKeyDictionaryTests.TryGetValue" methodname="TryGetValue" classname="GDX.Collections.Generic.StringKeyDictionaryTests" runstate="Runnable" seed="1749126408" result="Passed" start-time="2023-06-08 20:30:48Z" end-time="2023-06-08 20:30:48Z" duration="0.000650" asserts="0">
                <properties>
                  <property name="Category" value="GDX.Tests" />
                </properties>
                <output><![CDATA[[Code Coverage] Code Coverage results for visited sequence points were saved in D:/BuildAgent/work/GDX-Documentation/Staging/CodeCoverage/GDX_Development-opencov/EditMode/TestCoverageResults_0337.xml
[Code Coverage] Code Coverage requires Burst Compilation to be disabled in order to obtain accurate coverage information. To disable Burst Compilation uncheck Jobs > Burst > Enable Compilation or pass '--burst-disable-compilation' to the command line in batchmode.
]]></output>
              </test-case>
              <test-case id="1704" name="TryRemove_CheckActuallyRemoved" fullname="GDX.Collections.Generic.StringKeyDictionaryTests.TryRemove_CheckActuallyRemoved" methodname="TryRemove_CheckActuallyRemoved" classname="GDX.Collections.Generic.StringKeyDictionaryTests" runstate="Runnable" seed="1861300664" result="Passed" start-time="2023-06-08 20:30:49Z" end-time="2023-06-08 20:30:49Z" duration="0.000391" asserts="0">
                <properties>
                  <property name="Category" value="GDX.Tests" />
                </properties>
                <output><![CDATA[[Code Coverage] Code Coverage results for visited sequence points were saved in D:/BuildAgent/work/GDX-Documentation/Staging/CodeCoverage/GDX_Development-opencov/EditMode/TestCoverageResults_0338.xml
[Code Coverage] Code Coverage requires Burst Compilation to be disabled in order to obtain accurate coverage information. To disable Burst Compilation uncheck Jobs > Burst > Enable Compilation or pass '--burst-disable-compilation' to the command line in batchmode.
]]></output>
              </test-case>
              <test-case id="1705" name="TryRemoveTwice_CheckCorrectReturnValues" fullname="GDX.Collections.Generic.StringKeyDictionaryTests.TryRemoveTwice_CheckCorrectReturnValues" methodname="TryRemoveTwice_CheckCorrectReturnValues" classname="GDX.Collections.Generic.StringKeyDictionaryTests" runstate="Runnable" seed="2126308479" result="Passed" start-time="2023-06-08 20:30:50Z" end-time="2023-06-08 20:30:50Z" duration="0.000330" asserts="0">
                <properties>
                  <property name="Category" value="GDX.Tests" />
                </properties>
                <output><![CDATA[[Code Coverage] Code Coverage results for visited sequence points were saved in D:/BuildAgent/work/GDX-Documentation/Staging/CodeCoverage/GDX_Development-opencov/EditMode/TestCoverageResults_0339.xml
[Code Coverage] Code Coverage requires Burst Compilation to be disabled in order to obtain accurate coverage information. To disable Burst Compilation uncheck Jobs > Burst > Enable Compilation or pass '--burst-disable-compilation' to the command line in batchmode.
]]></output>
              </test-case>
            </test-suite>
            <test-suite type="TestFixture" id="1717" name="UniformArray3DTests" fullname="GDX.Collections.Generic.UniformArray3DTests" classname="GDX.Collections.Generic.UniformArray3DTests" runstate="Runnable" testcasecount="2" result="Passed" start-time="2023-06-08 20:30:50Z" end-time="2023-06-08 20:30:51Z" duration="1.209393" total="2" passed="2" failed="0" inconclusive="0" skipped="0" asserts="0">
              <properties />
              <test-case id="1718" name="Constructor_CorrectSizes" fullname="GDX.Collections.Generic.UniformArray3DTests.Constructor_CorrectSizes" methodname="Constructor_CorrectSizes" classname="GDX.Collections.Generic.UniformArray3DTests" runstate="Runnable" seed="114950126" result="Passed" start-time="2023-06-08 20:30:50Z" end-time="2023-06-08 20:30:50Z" duration="0.000584" asserts="0">
                <properties>
                  <property name="Category" value="GDX.Tests" />
                </properties>
                <output><![CDATA[[Code Coverage] Code Coverage results for visited sequence points were saved in D:/BuildAgent/work/GDX-Documentation/Staging/CodeCoverage/GDX_Development-opencov/EditMode/TestCoverageResults_0340.xml
[Code Coverage] Code Coverage requires Burst Compilation to be disabled in order to obtain accurate coverage information. To disable Burst Compilation uncheck Jobs > Burst > Enable Compilation or pass '--burst-disable-compilation' to the command line in batchmode.
]]></output>
              </test-case>
              <test-case id="1719" name="GetByIndex_LastSpot_ValidEntry" fullname="GDX.Collections.Generic.UniformArray3DTests.GetByIndex_LastSpot_ValidEntry" methodname="GetByIndex_LastSpot_ValidEntry" classname="GDX.Collections.Generic.UniformArray3DTests" runstate="Runnable" seed="230314401" result="Passed" start-time="2023-06-08 20:30:51Z" end-time="2023-06-08 20:30:51Z" duration="0.000393" asserts="0">
                <properties>
                  <property name="Category" value="GDX.Tests" />
                </properties>
                <output><![CDATA[[Code Coverage] Code Coverage results for visited sequence points were saved in D:/BuildAgent/work/GDX-Documentation/Staging/CodeCoverage/GDX_Development-opencov/EditMode/TestCoverageResults_0341.xml
[Code Coverage] Code Coverage requires Burst Compilation to be disabled in order to obtain accurate coverage information. To disable Burst Compilation uncheck Jobs > Burst > Enable Compilation or pass '--burst-disable-compilation' to the command line in batchmode.
]]></output>
              </test-case>
            </test-suite>
            <test-suite type="TestFixture" id="1720" name="UnsafeSparseSetTests" fullname="GDX.Collections.Generic.UnsafeSparseSetTests" classname="GDX.Collections.Generic.UnsafeSparseSetTests" runstate="Runnable" testcasecount="30" result="Passed" start-time="2023-06-08 20:30:51Z" end-time="2023-06-08 20:31:10Z" duration="18.705295" total="30" passed="30" failed="0" inconclusive="0" skipped="0" asserts="0">
              <properties />
              <test-case id="1723" name="AddUnchecked_MockData_IndicesReserved" fullname="GDX.Collections.Generic.UnsafeSparseSetTests.AddUnchecked_MockData_IndicesReserved" methodname="AddUnchecked_MockData_IndicesReserved" classname="GDX.Collections.Generic.UnsafeSparseSetTests" runstate="Runnable" seed="179343619" result="Passed" start-time="2023-06-08 20:30:51Z" end-time="2023-06-08 20:30:51Z" duration="0.002843" asserts="0">
                <properties>
                  <property name="Category" value="GDX.Tests" />
                </properties>
                <output><![CDATA[[Code Coverage] Code Coverage results for visited sequence points were saved in D:/BuildAgent/work/GDX-Documentation/Staging/CodeCoverage/GDX_Development-opencov/EditMode/TestCoverageResults_0342.xml
[Code Coverage] Code Coverage requires Burst Compilation to be disabled in order to obtain accurate coverage information. To disable Burst Compilation uncheck Jobs > Burst > Enable Compilation or pass '--burst-disable-compilation' to the command line in batchmode.
]]></output>
              </test-case>
              <test-case id="1724" name="AddUnchecked_MockDataWithVersionArray__IndicesReserved" fullname="GDX.Collections.Generic.UnsafeSparseSetTests.AddUnchecked_MockDataWithVersionArray__IndicesReserved" methodname="AddUnchecked_MockDataWithVersionArray__IndicesReserved" classname="GDX.Collections.Generic.UnsafeSparseSetTests" runstate="Runnable" seed="2129063380" result="Passed" start-time="2023-06-08 20:30:52Z" end-time="2023-06-08 20:30:52Z" duration="0.000623" asserts="0">
                <properties>
                  <property name="Category" value="GDX.Tests" />
                </properties>
                <output><![CDATA[[Code Coverage] Code Coverage results for visited sequence points were saved in D:/BuildAgent/work/GDX-Documentation/Staging/CodeCoverage/GDX_Development-opencov/EditMode/TestCoverageResults_0343.xml
[Code Coverage] Code Coverage requires Burst Compilation to be disabled in order to obtain accurate coverage information. To disable Burst Compilation uncheck Jobs > Burst > Enable Compilation or pass '--burst-disable-compilation' to the command line in batchmode.
]]></output>
              </test-case>
              <test-case id="1727" name="AddUnchecked_MockDataWithVersionArray_Expanded" fullname="GDX.Collections.Generic.UnsafeSparseSetTests.AddUnchecked_MockDataWithVersionArray_Expanded" methodname="AddUnchecked_MockDataWithVersionArray_Expanded" classname="GDX.Collections.Generic.UnsafeSparseSetTests" runstate="Runnable" seed="598042762" result="Passed" start-time="2023-06-08 20:30:53Z" end-time="2023-06-08 20:30:53Z" duration="0.001081" asserts="0">
                <properties>
                  <property name="Category" value="GDX.Tests" />
                </properties>
                <output><![CDATA[[Code Coverage] Code Coverage results for visited sequence points were saved in D:/BuildAgent/work/GDX-Documentation/Staging/CodeCoverage/GDX_Development-opencov/EditMode/TestCoverageResults_0344.xml
[Code Coverage] Code Coverage requires Burst Compilation to be disabled in order to obtain accurate coverage information. To disable Burst Compilation uncheck Jobs > Burst > Enable Compilation or pass '--burst-disable-compilation' to the command line in batchmode.
]]></output>
              </test-case>
              <test-case id="1725" name="AddWithExpandCheck_MockData_Expanded" fullname="GDX.Collections.Generic.UnsafeSparseSetTests.AddWithExpandCheck_MockData_Expanded" methodname="AddWithExpandCheck_MockData_Expanded" classname="GDX.Collections.Generic.UnsafeSparseSetTests" runstate="Runnable" seed="487650093" result="Passed" start-time="2023-06-08 20:30:53Z" end-time="2023-06-08 20:30:53Z" duration="0.000391" asserts="0">
                <properties>
                  <property name="Category" value="GDX.Tests" />
                </properties>
                <output><![CDATA[[Code Coverage] Code Coverage results for visited sequence points were saved in D:/BuildAgent/work/GDX-Documentation/Staging/CodeCoverage/GDX_Development-opencov/EditMode/TestCoverageResults_0345.xml
[Code Coverage] Code Coverage requires Burst Compilation to be disabled in order to obtain accurate coverage information. To disable Burst Compilation uncheck Jobs > Burst > Enable Compilation or pass '--burst-disable-compilation' to the command line in batchmode.
]]></output>
              </test-case>
              <test-case id="1726" name="AddWithExpandCheck_MockDataWithVersionArray_Expanded" fullname="GDX.Collections.Generic.UnsafeSparseSetTests.AddWithExpandCheck_MockDataWithVersionArray_Expanded" methodname="AddWithExpandCheck_MockDataWithVersionArray_Expanded" classname="GDX.Collections.Generic.UnsafeSparseSetTests" runstate="Runnable" seed="1385071254" result="Passed" start-time="2023-06-08 20:30:54Z" end-time="2023-06-08 20:30:54Z" duration="0.000666" asserts="0">
                <properties>
                  <property name="Category" value="GDX.Tests" />
                </properties>
                <output><![CDATA[[Code Coverage] Code Coverage results for visited sequence points were saved in D:/BuildAgent/work/GDX-Documentation/Staging/CodeCoverage/GDX_Development-opencov/EditMode/TestCoverageResults_0346.xml
[Code Coverage] Code Coverage requires Burst Compilation to be disabled in order to obtain accurate coverage information. To disable Burst Compilation uncheck Jobs > Burst > Enable Compilation or pass '--burst-disable-compilation' to the command line in batchmode.
]]></output>
              </test-case>
              <test-case id="1742" name="Clear_MockData_ArraysCleared" fullname="GDX.Collections.Generic.UnsafeSparseSetTests.Clear_MockData_ArraysCleared" methodname="Clear_MockData_ArraysCleared" classname="GDX.Collections.Generic.UnsafeSparseSetTests" runstate="Runnable" seed="1748381086" result="Passed" start-time="2023-06-08 20:30:54Z" end-time="2023-06-08 20:30:54Z" duration="0.000602" asserts="0">
                <properties>
                  <property name="Category" value="GDX.Tests" />
                </properties>
                <output><![CDATA[[Code Coverage] Code Coverage results for visited sequence points were saved in D:/BuildAgent/work/GDX-Documentation/Staging/CodeCoverage/GDX_Development-opencov/EditMode/TestCoverageResults_0347.xml
[Code Coverage] Code Coverage requires Burst Compilation to be disabled in order to obtain accurate coverage information. To disable Burst Compilation uncheck Jobs > Burst > Enable Compilation or pass '--burst-disable-compilation' to the command line in batchmode.
]]></output>
              </test-case>
              <test-case id="1743" name="Clear_MockDataWithVersionArray_ArraysCleared" fullname="GDX.Collections.Generic.UnsafeSparseSetTests.Clear_MockDataWithVersionArray_ArraysCleared" methodname="Clear_MockDataWithVersionArray_ArraysCleared" classname="GDX.Collections.Generic.UnsafeSparseSetTests" runstate="Runnable" seed="1596395161" result="Passed" start-time="2023-06-08 20:30:55Z" end-time="2023-06-08 20:30:55Z" duration="0.000518" asserts="0">
                <properties>
                  <property name="Category" value="GDX.Tests" />
                </properties>
                <output><![CDATA[[Code Coverage] Code Coverage results for visited sequence points were saved in D:/BuildAgent/work/GDX-Documentation/Staging/CodeCoverage/GDX_Development-opencov/EditMode/TestCoverageResults_0348.xml
[Code Coverage] Code Coverage requires Burst Compilation to be disabled in order to obtain accurate coverage information. To disable Burst Compilation uncheck Jobs > Burst > Enable Compilation or pass '--burst-disable-compilation' to the command line in batchmode.
]]></output>
              </test-case>
              <test-case id="1744" name="ClearWithVersionReset_MockData_ArraysClearedAndVersionReset" fullname="GDX.Collections.Generic.UnsafeSparseSetTests.ClearWithVersionReset_MockData_ArraysClearedAndVersionReset" methodname="ClearWithVersionReset_MockData_ArraysClearedAndVersionReset" classname="GDX.Collections.Generic.UnsafeSparseSetTests" runstate="Runnable" seed="1521381351" result="Passed" start-time="2023-06-08 20:30:56Z" end-time="2023-06-08 20:30:56Z" duration="0.000646" asserts="0">
                <properties>
                  <property name="Category" value="GDX.Tests" />
                </properties>
                <output><![CDATA[[Code Coverage] Code Coverage results for visited sequence points were saved in D:/BuildAgent/work/GDX-Documentation/Staging/CodeCoverage/GDX_Development-opencov/EditMode/TestCoverageResults_0349.xml
[Code Coverage] Code Coverage requires Burst Compilation to be disabled in order to obtain accurate coverage information. To disable Burst Compilation uncheck Jobs > Burst > Enable Compilation or pass '--burst-disable-compilation' to the command line in batchmode.
]]></output>
              </test-case>
              <test-case id="1721" name="Constructor_CreateWithCount" fullname="GDX.Collections.Generic.UnsafeSparseSetTests.Constructor_CreateWithCount" methodname="Constructor_CreateWithCount" classname="GDX.Collections.Generic.UnsafeSparseSetTests" runstate="Runnable" seed="2128570313" result="Passed" start-time="2023-06-08 20:30:56Z" end-time="2023-06-08 20:30:56Z" duration="0.000305" asserts="0">
                <properties>
                  <property name="Category" value="GDX.Tests" />
                </properties>
                <output><![CDATA[[Code Coverage] Code Coverage results for visited sequence points were saved in D:/BuildAgent/work/GDX-Documentation/Staging/CodeCoverage/GDX_Development-opencov/EditMode/TestCoverageResults_0350.xml
[Code Coverage] Code Coverage requires Burst Compilation to be disabled in order to obtain accurate coverage information. To disable Burst Compilation uncheck Jobs > Burst > Enable Compilation or pass '--burst-disable-compilation' to the command line in batchmode.
]]></output>
              </test-case>
              <test-case id="1722" name="Constructor_CreateWithCountAndVersionArray" fullname="GDX.Collections.Generic.UnsafeSparseSetTests.Constructor_CreateWithCountAndVersionArray" methodname="Constructor_CreateWithCountAndVersionArray" classname="GDX.Collections.Generic.UnsafeSparseSetTests" runstate="Runnable" seed="1072515849" result="Passed" start-time="2023-06-08 20:30:57Z" end-time="2023-06-08 20:30:57Z" duration="0.000319" asserts="0">
                <properties>
                  <property name="Category" value="GDX.Tests" />
                </properties>
                <output><![CDATA[[Code Coverage] Code Coverage results for visited sequence points were saved in D:/BuildAgent/work/GDX-Documentation/Staging/CodeCoverage/GDX_Development-opencov/EditMode/TestCoverageResults_0351.xml
[Code Coverage] Code Coverage requires Burst Compilation to be disabled in order to obtain accurate coverage information. To disable Burst Compilation uncheck Jobs > Burst > Enable Compilation or pass '--burst-disable-compilation' to the command line in batchmode.
]]></output>
              </test-case>
              <test-case id="1750" name="DenseAndSparseAccess_MockData_ArraysArePlacedCorrectly" fullname="GDX.Collections.Generic.UnsafeSparseSetTests.DenseAndSparseAccess_MockData_ArraysArePlacedCorrectly" methodname="DenseAndSparseAccess_MockData_ArraysArePlacedCorrectly" classname="GDX.Collections.Generic.UnsafeSparseSetTests" runstate="Runnable" seed="517779827" result="Passed" start-time="2023-06-08 20:30:57Z" end-time="2023-06-08 20:30:57Z" duration="0.000315" asserts="0">
                <properties>
                  <property name="Category" value="GDX.Tests" />
                </properties>
                <output><![CDATA[[Code Coverage] Code Coverage results for visited sequence points were saved in D:/BuildAgent/work/GDX-Documentation/Staging/CodeCoverage/GDX_Development-opencov/EditMode/TestCoverageResults_0352.xml
[Code Coverage] Code Coverage requires Burst Compilation to be disabled in order to obtain accurate coverage information. To disable Burst Compilation uncheck Jobs > Burst > Enable Compilation or pass '--burst-disable-compilation' to the command line in batchmode.
]]></output>
              </test-case>
              <test-case id="1749" name="Dispose_MockDataWithVersionArray_Disposed" fullname="GDX.Collections.Generic.UnsafeSparseSetTests.Dispose_MockDataWithVersionArray_Disposed" methodname="Dispose_MockDataWithVersionArray_Disposed" classname="GDX.Collections.Generic.UnsafeSparseSetTests" runstate="Runnable" seed="1966174599" result="Passed" start-time="2023-06-08 20:30:58Z" end-time="2023-06-08 20:30:58Z" duration="0.000705" asserts="0">
                <properties>
                  <property name="Category" value="GDX.Tests" />
                </properties>
                <output><![CDATA[[Code Coverage] Code Coverage results for visited sequence points were saved in D:/BuildAgent/work/GDX-Documentation/Staging/CodeCoverage/GDX_Development-opencov/EditMode/TestCoverageResults_0353.xml
[Code Coverage] Code Coverage requires Burst Compilation to be disabled in order to obtain accurate coverage information. To disable Burst Compilation uncheck Jobs > Burst > Enable Compilation or pass '--burst-disable-compilation' to the command line in batchmode.
]]></output>
              </test-case>
              <test-case id="1745" name="Expand_MockData_Expanded" fullname="GDX.Collections.Generic.UnsafeSparseSetTests.Expand_MockData_Expanded" methodname="Expand_MockData_Expanded" classname="GDX.Collections.Generic.UnsafeSparseSetTests" runstate="Runnable" seed="33389506" result="Passed" start-time="2023-06-08 20:30:59Z" end-time="2023-06-08 20:30:59Z" duration="0.000480" asserts="0">
                <properties>
                  <property name="Category" value="GDX.Tests" />
                </properties>
                <output><![CDATA[[Code Coverage] Code Coverage results for visited sequence points were saved in D:/BuildAgent/work/GDX-Documentation/Staging/CodeCoverage/GDX_Development-opencov/EditMode/TestCoverageResults_0354.xml
[Code Coverage] Code Coverage requires Burst Compilation to be disabled in order to obtain accurate coverage information. To disable Burst Compilation uncheck Jobs > Burst > Enable Compilation or pass '--burst-disable-compilation' to the command line in batchmode.
]]></output>
              </test-case>
              <test-case id="1746" name="Expand_MockDataWithVersionArray_Expanded" fullname="GDX.Collections.Generic.UnsafeSparseSetTests.Expand_MockDataWithVersionArray_Expanded" methodname="Expand_MockDataWithVersionArray_Expanded" classname="GDX.Collections.Generic.UnsafeSparseSetTests" runstate="Runnable" seed="508530211" result="Passed" start-time="2023-06-08 20:30:59Z" end-time="2023-06-08 20:30:59Z" duration="0.000547" asserts="0">
                <properties>
                  <property name="Category" value="GDX.Tests" />
                </properties>
                <output><![CDATA[[Code Coverage] Code Coverage results for visited sequence points were saved in D:/BuildAgent/work/GDX-Documentation/Staging/CodeCoverage/GDX_Development-opencov/EditMode/TestCoverageResults_0355.xml
[Code Coverage] Code Coverage requires Burst Compilation to be disabled in order to obtain accurate coverage information. To disable Burst Compilation uncheck Jobs > Burst > Enable Compilation or pass '--burst-disable-compilation' to the command line in batchmode.
]]></output>
              </test-case>
              <test-case id="1728" name="GetDenseIndexUnchecked_MockData_CorrectIndex" fullname="GDX.Collections.Generic.UnsafeSparseSetTests.GetDenseIndexUnchecked_MockData_CorrectIndex" methodname="GetDenseIndexUnchecked_MockData_CorrectIndex" classname="GDX.Collections.Generic.UnsafeSparseSetTests" runstate="Runnable" seed="1816824373" result="Passed" start-time="2023-06-08 20:31:00Z" end-time="2023-06-08 20:31:00Z" duration="0.000361" asserts="0">
                <properties>
                  <property name="Category" value="GDX.Tests" />
                </properties>
                <output><![CDATA[[Code Coverage] Code Coverage results for visited sequence points were saved in D:/BuildAgent/work/GDX-Documentation/Staging/CodeCoverage/GDX_Development-opencov/EditMode/TestCoverageResults_0356.xml
[Code Coverage] Code Coverage requires Burst Compilation to be disabled in order to obtain accurate coverage information. To disable Burst Compilation uncheck Jobs > Burst > Enable Compilation or pass '--burst-disable-compilation' to the command line in batchmode.
]]></output>
              </test-case>
              <test-case id="1731" name="GetDenseIndexWithBoundsAndVersionCheck_MockData_CorrectIndexAndHandlesInvalidIndex" fullname="GDX.Collections.Generic.UnsafeSparseSetTests.GetDenseIndexWithBoundsAndVersionCheck_MockData_CorrectIndexAndHandlesInvalidIndex" methodname="GetDenseIndexWithBoundsAndVersionCheck_MockData_CorrectIndexAndHandlesInvalidIndex" classname="GDX.Collections.Generic.UnsafeSparseSetTests" runstate="Runnable" seed="1927142664" result="Passed" start-time="2023-06-08 20:31:00Z" end-time="2023-06-08 20:31:00Z" duration="0.000624" asserts="0">
                <properties>
                  <property name="Category" value="GDX.Tests" />
                </properties>
                <output><![CDATA[[Code Coverage] Code Coverage results for visited sequence points were saved in D:/BuildAgent/work/GDX-Documentation/Staging/CodeCoverage/GDX_Development-opencov/EditMode/TestCoverageResults_0357.xml
[Code Coverage] Code Coverage requires Burst Compilation to be disabled in order to obtain accurate coverage information. To disable Burst Compilation uncheck Jobs > Burst > Enable Compilation or pass '--burst-disable-compilation' to the command line in batchmode.
]]></output>
              </test-case>
              <test-case id="1729" name="GetDenseIndexWithBoundsCheck_MockData_CorrectIndexAndHandlesInvalidIndex" fullname="GDX.Collections.Generic.UnsafeSparseSetTests.GetDenseIndexWithBoundsCheck_MockData_CorrectIndexAndHandlesInvalidIndex" methodname="GetDenseIndexWithBoundsCheck_MockData_CorrectIndexAndHandlesInvalidIndex" classname="GDX.Collections.Generic.UnsafeSparseSetTests" runstate="Runnable" seed="734879994" result="Passed" start-time="2023-06-08 20:31:01Z" end-time="2023-06-08 20:31:01Z" duration="0.000465" asserts="0">
                <properties>
                  <property name="Category" value="GDX.Tests" />
                </properties>
                <output><![CDATA[[Code Coverage] Code Coverage results for visited sequence points were saved in D:/BuildAgent/work/GDX-Documentation/Staging/CodeCoverage/GDX_Development-opencov/EditMode/TestCoverageResults_0358.xml
[Code Coverage] Code Coverage requires Burst Compilation to be disabled in order to obtain accurate coverage information. To disable Burst Compilation uncheck Jobs > Burst > Enable Compilation or pass '--burst-disable-compilation' to the command line in batchmode.
]]></output>
              </test-case>
              <test-case id="1730" name="GetDenseIndexWithVersionCheck_MockData_CorrectIndexAndHandlesVersion" fullname="GDX.Collections.Generic.UnsafeSparseSetTests.GetDenseIndexWithVersionCheck_MockData_CorrectIndexAndHandlesVersion" methodname="GetDenseIndexWithVersionCheck_MockData_CorrectIndexAndHandlesVersion" classname="GDX.Collections.Generic.UnsafeSparseSetTests" runstate="Runnable" seed="912889684" result="Passed" start-time="2023-06-08 20:31:02Z" end-time="2023-06-08 20:31:02Z" duration="0.000545" asserts="0">
                <properties>
                  <property name="Category" value="GDX.Tests" />
                </properties>
                <output><![CDATA[[Code Coverage] Code Coverage results for visited sequence points were saved in D:/BuildAgent/work/GDX-Documentation/Staging/CodeCoverage/GDX_Development-opencov/EditMode/TestCoverageResults_0359.xml
[Code Coverage] Code Coverage requires Burst Compilation to be disabled in order to obtain accurate coverage information. To disable Burst Compilation uncheck Jobs > Burst > Enable Compilation or pass '--burst-disable-compilation' to the command line in batchmode.
]]></output>
              </test-case>
              <test-case id="1737" name="RemoveUnchecked_MockData_ValidIndexRemoved" fullname="GDX.Collections.Generic.UnsafeSparseSetTests.RemoveUnchecked_MockData_ValidIndexRemoved" methodname="RemoveUnchecked_MockData_ValidIndexRemoved" classname="GDX.Collections.Generic.UnsafeSparseSetTests" runstate="Runnable" seed="1998313575" result="Passed" start-time="2023-06-08 20:31:03Z" end-time="2023-06-08 20:31:03Z" duration="0.000477" asserts="0">
                <properties>
                  <property name="Category" value="GDX.Tests" />
                </properties>
                <output><![CDATA[[Code Coverage] Code Coverage results for visited sequence points were saved in D:/BuildAgent/work/GDX-Documentation/Staging/CodeCoverage/GDX_Development-opencov/EditMode/TestCoverageResults_0360.xml
[Code Coverage] Code Coverage requires Burst Compilation to be disabled in order to obtain accurate coverage information. To disable Burst Compilation uncheck Jobs > Burst > Enable Compilation or pass '--burst-disable-compilation' to the command line in batchmode.
]]></output>
              </test-case>
              <test-case id="1736" name="RemoveUnchecked_MockDataWithIndices_ValidIndexRemoved" fullname="GDX.Collections.Generic.UnsafeSparseSetTests.RemoveUnchecked_MockDataWithIndices_ValidIndexRemoved" methodname="RemoveUnchecked_MockDataWithIndices_ValidIndexRemoved" classname="GDX.Collections.Generic.UnsafeSparseSetTests" runstate="Runnable" seed="1609919776" result="Passed" start-time="2023-06-08 20:31:04Z" end-time="2023-06-08 20:31:04Z" duration="0.000433" asserts="0">
                <properties>
                  <property name="Category" value="GDX.Tests" />
                </properties>
                <output><![CDATA[[Code Coverage] Code Coverage results for visited sequence points were saved in D:/BuildAgent/work/GDX-Documentation/Staging/CodeCoverage/GDX_Development-opencov/EditMode/TestCoverageResults_0361.xml
[Code Coverage] Code Coverage requires Burst Compilation to be disabled in order to obtain accurate coverage information. To disable Burst Compilation uncheck Jobs > Burst > Enable Compilation or pass '--burst-disable-compilation' to the command line in batchmode.
]]></output>
              </test-case>
              <test-case id="1735" name="RemoveUnchecked_MockDataWithIndicesAndVersionArray_ValidIndexRemoved" fullname="GDX.Collections.Generic.UnsafeSparseSetTests.RemoveUnchecked_MockDataWithIndicesAndVersionArray_ValidIndexRemoved" methodname="RemoveUnchecked_MockDataWithIndicesAndVersionArray_ValidIndexRemoved" classname="GDX.Collections.Generic.UnsafeSparseSetTests" runstate="Runnable" seed="1930759954" result="Passed" start-time="2023-06-08 20:31:04Z" end-time="2023-06-08 20:31:04Z" duration="0.000359" asserts="0">
                <properties>
                  <property name="Category" value="GDX.Tests" />
                </properties>
                <output><![CDATA[[Code Coverage] Code Coverage results for visited sequence points were saved in D:/BuildAgent/work/GDX-Documentation/Staging/CodeCoverage/GDX_Development-opencov/EditMode/TestCoverageResults_0362.xml
[Code Coverage] Code Coverage requires Burst Compilation to be disabled in order to obtain accurate coverage information. To disable Burst Compilation uncheck Jobs > Burst > Enable Compilation or pass '--burst-disable-compilation' to the command line in batchmode.
]]></output>
              </test-case>
              <test-case id="1738" name="RemoveUncheckedFromDenseIndex_MockData_ValidIndexRemoved" fullname="GDX.Collections.Generic.UnsafeSparseSetTests.RemoveUncheckedFromDenseIndex_MockData_ValidIndexRemoved" methodname="RemoveUncheckedFromDenseIndex_MockData_ValidIndexRemoved" classname="GDX.Collections.Generic.UnsafeSparseSetTests" runstate="Runnable" seed="342472203" result="Passed" start-time="2023-06-08 20:31:05Z" end-time="2023-06-08 20:31:05Z" duration="0.000406" asserts="0">
                <properties>
                  <property name="Category" value="GDX.Tests" />
                </properties>
                <output><![CDATA[[Code Coverage] Code Coverage results for visited sequence points were saved in D:/BuildAgent/work/GDX-Documentation/Staging/CodeCoverage/GDX_Development-opencov/EditMode/TestCoverageResults_0363.xml
[Code Coverage] Code Coverage requires Burst Compilation to be disabled in order to obtain accurate coverage information. To disable Burst Compilation uncheck Jobs > Burst > Enable Compilation or pass '--burst-disable-compilation' to the command line in batchmode.
]]></output>
              </test-case>
              <test-case id="1739" name="RemoveUncheckedFromDenseIndex_MockDataWithSwapIndex_ValidIndexRemoved" fullname="GDX.Collections.Generic.UnsafeSparseSetTests.RemoveUncheckedFromDenseIndex_MockDataWithSwapIndex_ValidIndexRemoved" methodname="RemoveUncheckedFromDenseIndex_MockDataWithSwapIndex_ValidIndexRemoved" classname="GDX.Collections.Generic.UnsafeSparseSetTests" runstate="Runnable" seed="832102514" result="Passed" start-time="2023-06-08 20:31:05Z" end-time="2023-06-08 20:31:05Z" duration="0.000467" asserts="0">
                <properties>
                  <property name="Category" value="GDX.Tests" />
                </properties>
                <output><![CDATA[[Code Coverage] Code Coverage results for visited sequence points were saved in D:/BuildAgent/work/GDX-Documentation/Staging/CodeCoverage/GDX_Development-opencov/EditMode/TestCoverageResults_0364.xml
[Code Coverage] Code Coverage requires Burst Compilation to be disabled in order to obtain accurate coverage information. To disable Burst Compilation uncheck Jobs > Burst > Enable Compilation or pass '--burst-disable-compilation' to the command line in batchmode.
]]></output>
              </test-case>
              <test-case id="1740" name="RemoveUncheckedFromDenseIndex_MockDataWithVersionArray_ValidIndexRemoved" fullname="GDX.Collections.Generic.UnsafeSparseSetTests.RemoveUncheckedFromDenseIndex_MockDataWithVersionArray_ValidIndexRemoved" methodname="RemoveUncheckedFromDenseIndex_MockDataWithVersionArray_ValidIndexRemoved" classname="GDX.Collections.Generic.UnsafeSparseSetTests" runstate="Runnable" seed="485126553" result="Passed" start-time="2023-06-08 20:31:06Z" end-time="2023-06-08 20:31:06Z" duration="0.000450" asserts="0">
                <properties>
                  <property name="Category" value="GDX.Tests" />
                </properties>
                <output><![CDATA[[Code Coverage] Code Coverage results for visited sequence points were saved in D:/BuildAgent/work/GDX-Documentation/Staging/CodeCoverage/GDX_Development-opencov/EditMode/TestCoverageResults_0365.xml
[Code Coverage] Code Coverage requires Burst Compilation to be disabled in order to obtain accurate coverage information. To disable Burst Compilation uncheck Jobs > Burst > Enable Compilation or pass '--burst-disable-compilation' to the command line in batchmode.
]]></output>
              </test-case>
              <test-case id="1741" name="RemoveUncheckedFromDenseIndex_MockDataWithVersionArrayAndSwapIndex_ValidIndexRemoved" fullname="GDX.Collections.Generic.UnsafeSparseSetTests.RemoveUncheckedFromDenseIndex_MockDataWithVersionArrayAndSwapIndex_ValidIndexRemoved" methodname="RemoveUncheckedFromDenseIndex_MockDataWithVersionArrayAndSwapIndex_ValidIndexRemoved" classname="GDX.Collections.Generic.UnsafeSparseSetTests" runstate="Runnable" seed="720768357" result="Passed" start-time="2023-06-08 20:31:07Z" end-time="2023-06-08 20:31:07Z" duration="0.000450" asserts="0">
                <properties>
                  <property name="Category" value="GDX.Tests" />
                </properties>
                <output><![CDATA[[Code Coverage] Code Coverage results for visited sequence points were saved in D:/BuildAgent/work/GDX-Documentation/Staging/CodeCoverage/GDX_Development-opencov/EditMode/TestCoverageResults_0366.xml
[Code Coverage] Code Coverage requires Burst Compilation to be disabled in order to obtain accurate coverage information. To disable Burst Compilation uncheck Jobs > Burst > Enable Compilation or pass '--burst-disable-compilation' to the command line in batchmode.
]]></output>
              </test-case>
              <test-case id="1734" name="RemoveWithBoundsAndVersionChecks_MockData_ValidIndexRemovedInvalidIndicesNotRemoved" fullname="GDX.Collections.Generic.UnsafeSparseSetTests.RemoveWithBoundsAndVersionChecks_MockData_ValidIndexRemovedInvalidIndicesNotRemoved" methodname="RemoveWithBoundsAndVersionChecks_MockData_ValidIndexRemovedInvalidIndicesNotRemoved" classname="GDX.Collections.Generic.UnsafeSparseSetTests" runstate="Runnable" seed="1764804450" result="Passed" start-time="2023-06-08 20:31:07Z" end-time="2023-06-08 20:31:07Z" duration="0.000656" asserts="0">
                <properties>
                  <property name="Category" value="GDX.Tests" />
                </properties>
                <output><![CDATA[[Code Coverage] Code Coverage results for visited sequence points were saved in D:/BuildAgent/work/GDX-Documentation/Staging/CodeCoverage/GDX_Development-opencov/EditMode/TestCoverageResults_0367.xml
[Code Coverage] Code Coverage requires Burst Compilation to be disabled in order to obtain accurate coverage information. To disable Burst Compilation uncheck Jobs > Burst > Enable Compilation or pass '--burst-disable-compilation' to the command line in batchmode.
]]></output>
              </test-case>
              <test-case id="1732" name="RemoveWithBoundsCheck_MockData_ValidIndexRemovedInvalidIndicesNotRemoved" fullname="GDX.Collections.Generic.UnsafeSparseSetTests.RemoveWithBoundsCheck_MockData_ValidIndexRemovedInvalidIndicesNotRemoved" methodname="RemoveWithBoundsCheck_MockData_ValidIndexRemovedInvalidIndicesNotRemoved" classname="GDX.Collections.Generic.UnsafeSparseSetTests" runstate="Runnable" seed="957388359" result="Passed" start-time="2023-06-08 20:31:08Z" end-time="2023-06-08 20:31:08Z" duration="0.000553" asserts="0">
                <properties>
                  <property name="Category" value="GDX.Tests" />
                </properties>
                <output><![CDATA[[Code Coverage] Code Coverage results for visited sequence points were saved in D:/BuildAgent/work/GDX-Documentation/Staging/CodeCoverage/GDX_Development-opencov/EditMode/TestCoverageResults_0368.xml
[Code Coverage] Code Coverage requires Burst Compilation to be disabled in order to obtain accurate coverage information. To disable Burst Compilation uncheck Jobs > Burst > Enable Compilation or pass '--burst-disable-compilation' to the command line in batchmode.
]]></output>
              </test-case>
              <test-case id="1733" name="RemoveWithVersionCheck_MockData_ValidIndexRemovedInvalidIndicesNotRemoved" fullname="GDX.Collections.Generic.UnsafeSparseSetTests.RemoveWithVersionCheck_MockData_ValidIndexRemovedInvalidIndicesNotRemoved" methodname="RemoveWithVersionCheck_MockData_ValidIndexRemovedInvalidIndicesNotRemoved" classname="GDX.Collections.Generic.UnsafeSparseSetTests" runstate="Runnable" seed="736835475" result="Passed" start-time="2023-06-08 20:31:08Z" end-time="2023-06-08 20:31:08Z" duration="0.000506" asserts="0">
                <properties>
                  <property name="Category" value="GDX.Tests" />
                </properties>
                <output><![CDATA[[Code Coverage] Code Coverage results for visited sequence points were saved in D:/BuildAgent/work/GDX-Documentation/Staging/CodeCoverage/GDX_Development-opencov/EditMode/TestCoverageResults_0369.xml
[Code Coverage] Code Coverage requires Burst Compilation to be disabled in order to obtain accurate coverage information. To disable Burst Compilation uncheck Jobs > Burst > Enable Compilation or pass '--burst-disable-compilation' to the command line in batchmode.
]]></output>
              </test-case>
              <test-case id="1747" name="Reserve_MockData_Expanded" fullname="GDX.Collections.Generic.UnsafeSparseSetTests.Reserve_MockData_Expanded" methodname="Reserve_MockData_Expanded" classname="GDX.Collections.Generic.UnsafeSparseSetTests" runstate="Runnable" seed="1699954606" result="Passed" start-time="2023-06-08 20:31:09Z" end-time="2023-06-08 20:31:09Z" duration="0.000551" asserts="0">
                <properties>
                  <property name="Category" value="GDX.Tests" />
                </properties>
                <output><![CDATA[[Code Coverage] Code Coverage results for visited sequence points were saved in D:/BuildAgent/work/GDX-Documentation/Staging/CodeCoverage/GDX_Development-opencov/EditMode/TestCoverageResults_0370.xml
[Code Coverage] Code Coverage requires Burst Compilation to be disabled in order to obtain accurate coverage information. To disable Burst Compilation uncheck Jobs > Burst > Enable Compilation or pass '--burst-disable-compilation' to the command line in batchmode.
]]></output>
              </test-case>
              <test-case id="1748" name="Reserve_MockDataWithVersionArray_Expanded" fullname="GDX.Collections.Generic.UnsafeSparseSetTests.Reserve_MockDataWithVersionArray_Expanded" methodname="Reserve_MockDataWithVersionArray_Expanded" classname="GDX.Collections.Generic.UnsafeSparseSetTests" runstate="Runnable" seed="1689362324" result="Passed" start-time="2023-06-08 20:31:10Z" end-time="2023-06-08 20:31:10Z" duration="0.000739" asserts="0">
                <properties>
                  <property name="Category" value="GDX.Tests" />
                </properties>
                <output><![CDATA[[Code Coverage] Code Coverage results for visited sequence points were saved in D:/BuildAgent/work/GDX-Documentation/Staging/CodeCoverage/GDX_Development-opencov/EditMode/TestCoverageResults_0371.xml
[Code Coverage] Code Coverage requires Burst Compilation to be disabled in order to obtain accurate coverage information. To disable Burst Compilation uncheck Jobs > Burst > Enable Compilation or pass '--burst-disable-compilation' to the command line in batchmode.
]]></output>
              </test-case>
            </test-suite>
          </test-suite>
          <test-suite type="TestSuite" id="1773" name="Pooling" fullname="GDX.Collections.Pooling" runstate="Runnable" testcasecount="14" result="Passed" start-time="2023-06-08 20:31:10Z" end-time="2023-06-08 20:31:19Z" duration="8.528492" total="14" passed="14" failed="0" inconclusive="0" skipped="0" asserts="0">
            <properties />
            <test-suite type="TestFixture" id="1394" name="GameObjectPoolTests" fullname="GDX.Collections.Pooling.GameObjectPoolTests" classname="GDX.Collections.Pooling.GameObjectPoolTests" runstate="Runnable" testcasecount="14" result="Passed" start-time="2023-06-08 20:31:10Z" end-time="2023-06-08 20:31:19Z" duration="8.525009" total="14" passed="14" failed="0" inconclusive="0" skipped="0" asserts="0">
              <properties />
              <test-case id="1397" name="Get_MockData_DontTrigger" fullname="GDX.Collections.Pooling.GameObjectPoolTests.Get_MockData_DontTrigger" methodname="Get_MockData_DontTrigger" classname="GDX.Collections.Pooling.GameObjectPoolTests" runstate="Runnable" seed="1131252991" result="Passed" start-time="2023-06-08 20:31:10Z" end-time="2023-06-08 20:31:10Z" duration="0.008011" asserts="0">
                <properties>
                  <property name="Category" value="GDX.Tests" />
                </properties>
                <output><![CDATA[[Code Coverage] Code Coverage results for visited sequence points were saved in D:/BuildAgent/work/GDX-Documentation/Staging/CodeCoverage/GDX_Development-opencov/EditMode/TestCoverageResults_0372.xml
[Code Coverage] Code Coverage requires Burst Compilation to be disabled in order to obtain accurate coverage information. To disable Burst Compilation uncheck Jobs > Burst > Enable Compilation or pass '--burst-disable-compilation' to the command line in batchmode.
]]></output>
              </test-case>
              <test-case id="1399" name="Get_MockData_LocalPositionLocalRotationParented" fullname="GDX.Collections.Pooling.GameObjectPoolTests.Get_MockData_LocalPositionLocalRotationParented" methodname="Get_MockData_LocalPositionLocalRotationParented" classname="GDX.Collections.Pooling.GameObjectPoolTests" runstate="Runnable" seed="2019137829" result="Passed" start-time="2023-06-08 20:31:11Z" end-time="2023-06-08 20:31:11Z" duration="0.002967" asserts="0">
                <properties>
                  <property name="Category" value="GDX.Tests" />
                </properties>
                <output><![CDATA[[Code Coverage] Code Coverage results for visited sequence points were saved in D:/BuildAgent/work/GDX-Documentation/Staging/CodeCoverage/GDX_Development-opencov/EditMode/TestCoverageResults_0373.xml
[Code Coverage] Code Coverage requires Burst Compilation to be disabled in order to obtain accurate coverage information. To disable Burst Compilation uncheck Jobs > Burst > Enable Compilation or pass '--burst-disable-compilation' to the command line in batchmode.
]]></output>
              </test-case>
              <test-case id="1398" name="Get_MockData_LocalPositionWorldLookAtParented" fullname="GDX.Collections.Pooling.GameObjectPoolTests.Get_MockData_LocalPositionWorldLookAtParented" methodname="Get_MockData_LocalPositionWorldLookAtParented" classname="GDX.Collections.Pooling.GameObjectPoolTests" runstate="Runnable" seed="916437189" result="Passed" start-time="2023-06-08 20:31:11Z" end-time="2023-06-08 20:31:11Z" duration="0.001178" asserts="0">
                <properties>
                  <property name="Category" value="GDX.Tests" />
                </properties>
                <output><![CDATA[[Code Coverage] Code Coverage results for visited sequence points were saved in D:/BuildAgent/work/GDX-Documentation/Staging/CodeCoverage/GDX_Development-opencov/EditMode/TestCoverageResults_0374.xml
[Code Coverage] Code Coverage requires Burst Compilation to be disabled in order to obtain accurate coverage information. To disable Burst Compilation uncheck Jobs > Burst > Enable Compilation or pass '--burst-disable-compilation' to the command line in batchmode.
]]></output>
              </test-case>
              <test-case id="1400" name="Get_MockData_ParentedWorldPositionStay" fullname="GDX.Collections.Pooling.GameObjectPoolTests.Get_MockData_ParentedWorldPositionStay" methodname="Get_MockData_ParentedWorldPositionStay" classname="GDX.Collections.Pooling.GameObjectPoolTests" runstate="Runnable" seed="1960423943" result="Passed" start-time="2023-06-08 20:31:12Z" end-time="2023-06-08 20:31:12Z" duration="0.001265" asserts="0">
                <properties>
                  <property name="Category" value="GDX.Tests" />
                </properties>
                <output><![CDATA[[Code Coverage] Code Coverage results for visited sequence points were saved in D:/BuildAgent/work/GDX-Documentation/Staging/CodeCoverage/GDX_Development-opencov/EditMode/TestCoverageResults_0375.xml
[Code Coverage] Code Coverage requires Burst Compilation to be disabled in order to obtain accurate coverage information. To disable Burst Compilation uncheck Jobs > Burst > Enable Compilation or pass '--burst-disable-compilation' to the command line in batchmode.
]]></output>
              </test-case>
              <test-case id="1401" name="Get_MockData_ParentedZeroLocalPosition" fullname="GDX.Collections.Pooling.GameObjectPoolTests.Get_MockData_ParentedZeroLocalPosition" methodname="Get_MockData_ParentedZeroLocalPosition" classname="GDX.Collections.Pooling.GameObjectPoolTests" runstate="Runnable" seed="2126031113" result="Passed" start-time="2023-06-08 20:31:13Z" end-time="2023-06-08 20:31:13Z" duration="0.000867" asserts="0">
                <properties>
                  <property name="Category" value="GDX.Tests" />
                </properties>
                <output><![CDATA[[Code Coverage] Code Coverage results for visited sequence points were saved in D:/BuildAgent/work/GDX-Documentation/Staging/CodeCoverage/GDX_Development-opencov/EditMode/TestCoverageResults_0376.xml
[Code Coverage] Code Coverage requires Burst Compilation to be disabled in order to obtain accurate coverage information. To disable Burst Compilation uncheck Jobs > Burst > Enable Compilation or pass '--burst-disable-compilation' to the command line in batchmode.
]]></output>
              </test-case>
              <test-case id="1402" name="Get_MockData_Trigger" fullname="GDX.Collections.Pooling.GameObjectPoolTests.Get_MockData_Trigger" methodname="Get_MockData_Trigger" classname="GDX.Collections.Pooling.GameObjectPoolTests" runstate="Runnable" seed="1008675111" result="Passed" start-time="2023-06-08 20:31:13Z" end-time="2023-06-08 20:31:13Z" duration="0.000730" asserts="0">
                <properties>
                  <property name="Category" value="GDX.Tests" />
                </properties>
                <output><![CDATA[[Code Coverage] Code Coverage results for visited sequence points were saved in D:/BuildAgent/work/GDX-Documentation/Staging/CodeCoverage/GDX_Development-opencov/EditMode/TestCoverageResults_0377.xml
[Code Coverage] Code Coverage requires Burst Compilation to be disabled in order to obtain accurate coverage information. To disable Burst Compilation uncheck Jobs > Burst > Enable Compilation or pass '--burst-disable-compilation' to the command line in batchmode.
]]></output>
              </test-case>
              <test-case id="1403" name="Get_MockData_WorldPositionWorldLookAt" fullname="GDX.Collections.Pooling.GameObjectPoolTests.Get_MockData_WorldPositionWorldLookAt" methodname="Get_MockData_WorldPositionWorldLookAt" classname="GDX.Collections.Pooling.GameObjectPoolTests" runstate="Runnable" seed="1262339538" result="Passed" start-time="2023-06-08 20:31:14Z" end-time="2023-06-08 20:31:14Z" duration="0.001011" asserts="0">
                <properties>
                  <property name="Category" value="GDX.Tests" />
                </properties>
                <output><![CDATA[[Code Coverage] Code Coverage results for visited sequence points were saved in D:/BuildAgent/work/GDX-Documentation/Staging/CodeCoverage/GDX_Development-opencov/EditMode/TestCoverageResults_0378.xml
[Code Coverage] Code Coverage requires Burst Compilation to be disabled in order to obtain accurate coverage information. To disable Burst Compilation uncheck Jobs > Burst > Enable Compilation or pass '--burst-disable-compilation' to the command line in batchmode.
]]></output>
              </test-case>
              <test-case id="1404" name="Get_MockData_WorldPositionWorldLookAtParented" fullname="GDX.Collections.Pooling.GameObjectPoolTests.Get_MockData_WorldPositionWorldLookAtParented" methodname="Get_MockData_WorldPositionWorldLookAtParented" classname="GDX.Collections.Pooling.GameObjectPoolTests" runstate="Runnable" seed="584223161" result="Passed" start-time="2023-06-08 20:31:14Z" end-time="2023-06-08 20:31:14Z" duration="0.000917" asserts="0">
                <properties>
                  <property name="Category" value="GDX.Tests" />
                </properties>
                <output><![CDATA[[Code Coverage] Code Coverage results for visited sequence points were saved in D:/BuildAgent/work/GDX-Documentation/Staging/CodeCoverage/GDX_Development-opencov/EditMode/TestCoverageResults_0379.xml
[Code Coverage] Code Coverage requires Burst Compilation to be disabled in order to obtain accurate coverage information. To disable Burst Compilation uncheck Jobs > Burst > Enable Compilation or pass '--burst-disable-compilation' to the command line in batchmode.
]]></output>
              </test-case>
              <test-case id="1405" name="Get_MockData_WorldPositionWorldRotation" fullname="GDX.Collections.Pooling.GameObjectPoolTests.Get_MockData_WorldPositionWorldRotation" methodname="Get_MockData_WorldPositionWorldRotation" classname="GDX.Collections.Pooling.GameObjectPoolTests" runstate="Runnable" seed="22381656" result="Passed" start-time="2023-06-08 20:31:15Z" end-time="2023-06-08 20:31:15Z" duration="0.001107" asserts="0">
                <properties>
                  <property name="Category" value="GDX.Tests" />
                </properties>
                <output><![CDATA[[Code Coverage] Code Coverage results for visited sequence points were saved in D:/BuildAgent/work/GDX-Documentation/Staging/CodeCoverage/GDX_Development-opencov/EditMode/TestCoverageResults_0380.xml
[Code Coverage] Code Coverage requires Burst Compilation to be disabled in order to obtain accurate coverage information. To disable Burst Compilation uncheck Jobs > Burst > Enable Compilation or pass '--burst-disable-compilation' to the command line in batchmode.
]]></output>
              </test-case>
              <test-case id="1406" name="Get_MockData_WorldPositionWorldRotationParented" fullname="GDX.Collections.Pooling.GameObjectPoolTests.Get_MockData_WorldPositionWorldRotationParented" methodname="Get_MockData_WorldPositionWorldRotationParented" classname="GDX.Collections.Pooling.GameObjectPoolTests" runstate="Runnable" seed="2081836370" result="Passed" start-time="2023-06-08 20:31:16Z" end-time="2023-06-08 20:31:16Z" duration="0.000940" asserts="0">
                <properties>
                  <property name="Category" value="GDX.Tests" />
                </properties>
                <output><![CDATA[[Code Coverage] Code Coverage results for visited sequence points were saved in D:/BuildAgent/work/GDX-Documentation/Staging/CodeCoverage/GDX_Development-opencov/EditMode/TestCoverageResults_0381.xml
[Code Coverage] Code Coverage requires Burst Compilation to be disabled in order to obtain accurate coverage information. To disable Burst Compilation uncheck Jobs > Burst > Enable Compilation or pass '--burst-disable-compilation' to the command line in batchmode.
]]></output>
              </test-case>
              <test-case id="1407" name="GetOrCreatePool_MockData_ReturnsPool" fullname="GDX.Collections.Pooling.GameObjectPoolTests.GetOrCreatePool_MockData_ReturnsPool" methodname="GetOrCreatePool_MockData_ReturnsPool" classname="GDX.Collections.Pooling.GameObjectPoolTests" runstate="Runnable" seed="1155244726" result="Passed" start-time="2023-06-08 20:31:16Z" end-time="2023-06-08 20:31:16Z" duration="0.002586" asserts="0">
                <properties>
                  <property name="Category" value="GDX.Tests" />
                </properties>
                <output><![CDATA[[Code Coverage] Code Coverage results for visited sequence points were saved in D:/BuildAgent/work/GDX-Documentation/Staging/CodeCoverage/GDX_Development-opencov/EditMode/TestCoverageResults_0382.xml
[Code Coverage] Code Coverage requires Burst Compilation to be disabled in order to obtain accurate coverage information. To disable Burst Compilation uncheck Jobs > Burst > Enable Compilation or pass '--burst-disable-compilation' to the command line in batchmode.
]]></output>
              </test-case>
              <test-case id="1395" name="OnDestroyItemAction_MockData_DestroysGameObject" fullname="GDX.Collections.Pooling.GameObjectPoolTests.OnDestroyItemAction_MockData_DestroysGameObject" methodname="OnDestroyItemAction_MockData_DestroysGameObject" classname="GDX.Collections.Pooling.GameObjectPoolTests" runstate="Runnable" seed="1012649100" result="Passed" start-time="2023-06-08 20:31:17Z" end-time="2023-06-08 20:31:17Z" duration="0.000639" asserts="0">
                <properties>
                  <property name="Category" value="GDX.Tests" />
                </properties>
                <output><![CDATA[[Code Coverage] Code Coverage results for visited sequence points were saved in D:/BuildAgent/work/GDX-Documentation/Staging/CodeCoverage/GDX_Development-opencov/EditMode/TestCoverageResults_0383.xml
[Code Coverage] Code Coverage requires Burst Compilation to be disabled in order to obtain accurate coverage information. To disable Burst Compilation uncheck Jobs > Burst > Enable Compilation or pass '--burst-disable-compilation' to the command line in batchmode.
]]></output>
              </test-case>
              <test-case id="1396" name="OnDestroyItemAction_MockData_DestroysInterface" fullname="GDX.Collections.Pooling.GameObjectPoolTests.OnDestroyItemAction_MockData_DestroysInterface" methodname="OnDestroyItemAction_MockData_DestroysInterface" classname="GDX.Collections.Pooling.GameObjectPoolTests" runstate="Runnable" seed="1507624412" result="Passed" start-time="2023-06-08 20:31:18Z" end-time="2023-06-08 20:31:18Z" duration="0.000664" asserts="0">
                <properties>
                  <property name="Category" value="GDX.Tests" />
                </properties>
                <output><![CDATA[[Code Coverage] Code Coverage results for visited sequence points were saved in D:/BuildAgent/work/GDX-Documentation/Staging/CodeCoverage/GDX_Development-opencov/EditMode/TestCoverageResults_0384.xml
[Code Coverage] Code Coverage requires Burst Compilation to be disabled in order to obtain accurate coverage information. To disable Burst Compilation uncheck Jobs > Burst > Enable Compilation or pass '--burst-disable-compilation' to the command line in batchmode.
]]></output>
              </test-case>
              <test-case id="1408" name="TearDown_Pool_UnregistersPool" fullname="GDX.Collections.Pooling.GameObjectPoolTests.TearDown_Pool_UnregistersPool" methodname="TearDown_Pool_UnregistersPool" classname="GDX.Collections.Pooling.GameObjectPoolTests" runstate="Runnable" seed="678608502" result="Passed" start-time="2023-06-08 20:31:18Z" end-time="2023-06-08 20:31:18Z" duration="0.000702" asserts="0">
                <properties>
                  <property name="Category" value="GDX.Tests" />
                </properties>
                <output><![CDATA[[Code Coverage] Code Coverage results for visited sequence points were saved in D:/BuildAgent/work/GDX-Documentation/Staging/CodeCoverage/GDX_Development-opencov/EditMode/TestCoverageResults_0385.xml
[Code Coverage] Code Coverage requires Burst Compilation to be disabled in order to obtain accurate coverage information. To disable Burst Compilation uncheck Jobs > Burst > Enable Compilation or pass '--burst-disable-compilation' to the command line in batchmode.
]]></output>
              </test-case>
            </test-suite>
          </test-suite>
        </test-suite>
        <test-suite type="TestFixture" id="1054" name="CoreTests" fullname="GDX.CoreTests" classname="GDX.CoreTests" runstate="Runnable" testcasecount="2" result="Passed" start-time="2023-06-08 20:31:19Z" end-time="2023-06-08 20:31:20Z" duration="1.199552" total="2" passed="2" failed="0" inconclusive="0" skipped="0" asserts="0">
          <properties />
          <test-case id="1055" name="InitializeOnMainThread_AlreadyInitialized_EarlyOut" fullname="GDX.CoreTests.InitializeOnMainThread_AlreadyInitialized_EarlyOut" methodname="InitializeOnMainThread_AlreadyInitialized_EarlyOut" classname="GDX.CoreTests" runstate="Runnable" seed="272442647" result="Passed" start-time="2023-06-08 20:31:19Z" end-time="2023-06-08 20:31:19Z" duration="0.000778" asserts="0">
            <properties>
              <property name="Category" value="GDX.Tests" />
            </properties>
            <output><![CDATA[[Code Coverage] Code Coverage results for visited sequence points were saved in D:/BuildAgent/work/GDX-Documentation/Staging/CodeCoverage/GDX_Development-opencov/EditMode/TestCoverageResults_0386.xml
[Code Coverage] Code Coverage requires Burst Compilation to be disabled in order to obtain accurate coverage information. To disable Burst Compilation uncheck Jobs > Burst > Enable Compilation or pass '--burst-disable-compilation' to the command line in batchmode.
]]></output>
          </test-case>
          <test-case id="1056" name="InitializeOnMainThread_NotAlreadyInitialized_Executes" fullname="GDX.CoreTests.InitializeOnMainThread_NotAlreadyInitialized_Executes" methodname="InitializeOnMainThread_NotAlreadyInitialized_Executes" classname="GDX.CoreTests" runstate="Runnable" seed="1895312826" result="Passed" start-time="2023-06-08 20:31:19Z" end-time="2023-06-08 20:31:19Z" duration="0.000474" asserts="0">
            <properties>
              <property name="Category" value="GDX.Tests" />
            </properties>
            <output><![CDATA[[Code Coverage] Code Coverage results for visited sequence points were saved in D:/BuildAgent/work/GDX-Documentation/Staging/CodeCoverage/GDX_Development-opencov/EditMode/TestCoverageResults_0387.xml
[Code Coverage] Code Coverage requires Burst Compilation to be disabled in order to obtain accurate coverage information. To disable Burst Compilation uncheck Jobs > Burst > Enable Compilation or pass '--burst-disable-compilation' to the command line in batchmode.
]]></output>
          </test-case>
        </test-suite>
        <test-suite type="TestSuite" id="1771" name="DataTables" fullname="GDX.DataTables" runstate="Runnable" testcasecount="5" result="Passed" start-time="2023-06-08 20:31:20Z" end-time="2023-06-08 20:31:23Z" duration="3.087714" total="5" passed="5" failed="0" inconclusive="0" skipped="0" asserts="0">
          <properties />
          <test-suite type="TestFixture" id="1388" name="StableTableTests" fullname="GDX.DataTables.StableTableTests" classname="GDX.DataTables.StableTableTests" runstate="Runnable" testcasecount="5" result="Passed" start-time="2023-06-08 20:31:20Z" end-time="2023-06-08 20:31:23Z" duration="3.085270" total="5" passed="5" failed="0" inconclusive="0" skipped="0" asserts="0">
            <properties />
            <test-case id="1393" name="StableTable_CellAccess_ValidCellValues" fullname="GDX.DataTables.StableTableTests.StableTable_CellAccess_ValidCellValues" methodname="StableTable_CellAccess_ValidCellValues" classname="GDX.DataTables.StableTableTests" runstate="Runnable" seed="2062685003" result="Passed" start-time="2023-06-08 20:31:20Z" end-time="2023-06-08 20:31:20Z" duration="0.024883" asserts="0">
              <properties>
                <property name="Category" value="GDX.Tests" />
              </properties>
              <output><![CDATA[[Code Coverage] Code Coverage results for visited sequence points were saved in D:/BuildAgent/work/GDX-Documentation/Staging/CodeCoverage/GDX_Development-opencov/EditMode/TestCoverageResults_0388.xml
[Code Coverage] Code Coverage requires Burst Compilation to be disabled in order to obtain accurate coverage information. To disable Burst Compilation uncheck Jobs > Burst > Enable Compilation or pass '--burst-disable-compilation' to the command line in batchmode.
]]></output>
            </test-case>
            <test-case id="1391" name="StableTable_CellAccess_ValidColumnNames" fullname="GDX.DataTables.StableTableTests.StableTable_CellAccess_ValidColumnNames" methodname="StableTable_CellAccess_ValidColumnNames" classname="GDX.DataTables.StableTableTests" runstate="Runnable" seed="536486576" result="Passed" start-time="2023-06-08 20:31:21Z" end-time="2023-06-08 20:31:21Z" duration="0.001043" asserts="0">
              <properties>
                <property name="Category" value="GDX.Tests" />
              </properties>
              <output><![CDATA[[Code Coverage] Code Coverage results for visited sequence points were saved in D:/BuildAgent/work/GDX-Documentation/Staging/CodeCoverage/GDX_Development-opencov/EditMode/TestCoverageResults_0389.xml
[Code Coverage] Code Coverage requires Burst Compilation to be disabled in order to obtain accurate coverage information. To disable Burst Compilation uncheck Jobs > Burst > Enable Compilation or pass '--burst-disable-compilation' to the command line in batchmode.
]]></output>
            </test-case>
            <test-case id="1392" name="StableTable_CellAccess_ValidRowNames" fullname="GDX.DataTables.StableTableTests.StableTable_CellAccess_ValidRowNames" methodname="StableTable_CellAccess_ValidRowNames" classname="GDX.DataTables.StableTableTests" runstate="Runnable" seed="1029564367" result="Passed" start-time="2023-06-08 20:31:21Z" end-time="2023-06-08 20:31:21Z" duration="0.000785" asserts="0">
              <properties>
                <property name="Category" value="GDX.Tests" />
              </properties>
              <output><![CDATA[[Code Coverage] Code Coverage results for visited sequence points were saved in D:/BuildAgent/work/GDX-Documentation/Staging/CodeCoverage/GDX_Development-opencov/EditMode/TestCoverageResults_0390.xml
[Code Coverage] Code Coverage requires Burst Compilation to be disabled in order to obtain accurate coverage information. To disable Burst Compilation uncheck Jobs > Burst > Enable Compilation or pass '--burst-disable-compilation' to the command line in batchmode.
]]></output>
            </test-case>
            <test-case id="1390" name="StableTable_CreateEmpty_NullDescriptionArrays" fullname="GDX.DataTables.StableTableTests.StableTable_CreateEmpty_NullDescriptionArrays" methodname="StableTable_CreateEmpty_NullDescriptionArrays" classname="GDX.DataTables.StableTableTests" runstate="Runnable" seed="1740341466" result="Passed" start-time="2023-06-08 20:31:22Z" end-time="2023-06-08 20:31:22Z" duration="0.000559" asserts="0">
              <properties>
                <property name="Category" value="GDX.Tests" />
              </properties>
              <output><![CDATA[[Code Coverage] Code Coverage results for visited sequence points were saved in D:/BuildAgent/work/GDX-Documentation/Staging/CodeCoverage/GDX_Development-opencov/EditMode/TestCoverageResults_0391.xml
[Code Coverage] Code Coverage requires Burst Compilation to be disabled in order to obtain accurate coverage information. To disable Burst Compilation uncheck Jobs > Burst > Enable Compilation or pass '--burst-disable-compilation' to the command line in batchmode.
]]></output>
            </test-case>
            <test-case id="1389" name="StableTable_CreateEmpty_RowCountsZero" fullname="GDX.DataTables.StableTableTests.StableTable_CreateEmpty_RowCountsZero" methodname="StableTable_CreateEmpty_RowCountsZero" classname="GDX.DataTables.StableTableTests" runstate="Runnable" seed="1075052892" result="Passed" start-time="2023-06-08 20:31:22Z" end-time="2023-06-08 20:31:22Z" duration="0.000375" asserts="0">
              <properties>
                <property name="Category" value="GDX.Tests" />
              </properties>
              <output><![CDATA[[Code Coverage] Code Coverage results for visited sequence points were saved in D:/BuildAgent/work/GDX-Documentation/Staging/CodeCoverage/GDX_Development-opencov/EditMode/TestCoverageResults_0392.xml
[Code Coverage] Code Coverage requires Burst Compilation to be disabled in order to obtain accurate coverage information. To disable Burst Compilation uncheck Jobs > Burst > Enable Compilation or pass '--burst-disable-compilation' to the command line in batchmode.
]]></output>
            </test-case>
          </test-suite>
        </test-suite>
        <test-suite type="TestSuite" id="1768" name="Developer" fullname="GDX.Developer" runstate="Runnable" testcasecount="47" result="Skipped" label="Ignored" start-time="2023-06-08 20:31:23Z" end-time="2023-06-08 20:31:53Z" duration="30.451959" total="47" passed="45" failed="0" inconclusive="0" skipped="2" asserts="0">
          <properties />
          <reason>
            <message><![CDATA[One or more child tests were ignored]]></message>
          </reason>
          <test-suite type="TestFixture" id="1332" name="CommandLineParserTests" fullname="GDX.Developer.CommandLineParserTests" classname="GDX.Developer.CommandLineParserTests" runstate="Runnable" testcasecount="2" result="Passed" start-time="2023-06-08 20:31:23Z" end-time="2023-06-08 20:31:24Z" duration="1.210708" total="2" passed="2" failed="0" inconclusive="0" skipped="0" asserts="0">
            <properties />
            <test-case id="1333" name="ProcessArguments_MockData_ContainsFlag" fullname="GDX.Developer.CommandLineParserTests.ProcessArguments_MockData_ContainsFlag" methodname="ProcessArguments_MockData_ContainsFlag" classname="GDX.Developer.CommandLineParserTests" runstate="Runnable" seed="1068982172" result="Passed" start-time="2023-06-08 20:31:23Z" end-time="2023-06-08 20:31:23Z" duration="0.001540" asserts="0">
              <properties>
                <property name="Category" value="GDX.Tests" />
              </properties>
              <output><![CDATA[[Code Coverage] Code Coverage results for visited sequence points were saved in D:/BuildAgent/work/GDX-Documentation/Staging/CodeCoverage/GDX_Development-opencov/EditMode/TestCoverageResults_0393.xml
[Code Coverage] Code Coverage requires Burst Compilation to be disabled in order to obtain accurate coverage information. To disable Burst Compilation uncheck Jobs > Burst > Enable Compilation or pass '--burst-disable-compilation' to the command line in batchmode.
]]></output>
            </test-case>
            <test-case id="1334" name="ProcessArguments_MockData_HasValue" fullname="GDX.Developer.CommandLineParserTests.ProcessArguments_MockData_HasValue" methodname="ProcessArguments_MockData_HasValue" classname="GDX.Developer.CommandLineParserTests" runstate="Runnable" seed="1228415626" result="Passed" start-time="2023-06-08 20:31:24Z" end-time="2023-06-08 20:31:24Z" duration="0.000533" asserts="0">
              <properties>
                <property name="Category" value="GDX.Tests" />
              </properties>
              <output><![CDATA[[Code Coverage] Code Coverage results for visited sequence points were saved in D:/BuildAgent/work/GDX-Documentation/Staging/CodeCoverage/GDX_Development-opencov/EditMode/TestCoverageResults_0394.xml
[Code Coverage] Code Coverage requires Burst Compilation to be disabled in order to obtain accurate coverage information. To disable Burst Compilation uncheck Jobs > Burst > Enable Compilation or pass '--burst-disable-compilation' to the command line in batchmode.
]]></output>
            </test-case>
          </test-suite>
          <test-suite type="TestFixture" id="1335" name="InputProxyTests" fullname="GDX.Developer.InputProxyTests" classname="GDX.Developer.InputProxyTests" runstate="Runnable" testcasecount="2" result="Skipped" label="Ignored" start-time="2023-06-08 20:31:24Z" end-time="2023-06-08 20:31:25Z" duration="1.223284" total="2" passed="0" failed="0" inconclusive="0" skipped="2" asserts="0">
            <properties />
            <reason>
              <message><![CDATA[One or more child tests were ignored]]></message>
            </reason>
            <test-case id="1336" name="Keyboard_Synthesize_CompoundExtendedKeys" fullname="GDX.Developer.InputProxyTests.Keyboard_Synthesize_CompoundExtendedKeys" methodname="Keyboard_Synthesize_CompoundExtendedKeys" classname="GDX.Developer.InputProxyTests" runstate="Runnable" seed="209821208" result="Skipped" label="Ignored" start-time="2023-06-08 20:31:24Z" end-time="2023-06-08 20:31:24Z" duration="0.005536" asserts="0">
              <properties>
                <property name="_JOINTYPE" value="UnityCombinatorial" />
                <property name="Category" value="GDX.Tests" />
              </properties>
              <reason>
                <message><![CDATA[InputProxy is not supported in batch mode.]]></message>
              </reason>
              <output><![CDATA[[Code Coverage] Code Coverage results for visited sequence points were saved in D:/BuildAgent/work/GDX-Documentation/Staging/CodeCoverage/GDX_Development-opencov/EditMode/TestCoverageResults_0395.xml
[Code Coverage] Code Coverage requires Burst Compilation to be disabled in order to obtain accurate coverage information. To disable Burst Compilation uncheck Jobs > Burst > Enable Compilation or pass '--burst-disable-compilation' to the command line in batchmode.
]]></output>
            </test-case>
            <test-case id="1337" name="Mouse_Synthesize_MoveClick" fullname="GDX.Developer.InputProxyTests.Mouse_Synthesize_MoveClick" methodname="Mouse_Synthesize_MoveClick" classname="GDX.Developer.InputProxyTests" runstate="Runnable" seed="2144725345" result="Skipped" label="Ignored" start-time="2023-06-08 20:31:25Z" end-time="2023-06-08 20:31:25Z" duration="0.005969" asserts="0">
              <properties>
                <property name="_JOINTYPE" value="UnityCombinatorial" />
                <property name="Category" value="GDX.Tests" />
              </properties>
              <reason>
                <message><![CDATA[InputProxy is not supported in batch mode.]]></message>
              </reason>
              <output><![CDATA[[Code Coverage] Code Coverage results for visited sequence points were saved in D:/BuildAgent/work/GDX-Documentation/Staging/CodeCoverage/GDX_Development-opencov/EditMode/TestCoverageResults_0396.xml
[Code Coverage] Code Coverage requires Burst Compilation to be disabled in order to obtain accurate coverage information. To disable Burst Compilation uncheck Jobs > Burst > Enable Compilation or pass '--burst-disable-compilation' to the command line in batchmode.
]]></output>
            </test-case>
          </test-suite>
          <test-suite type="TestSuite" id="1769" name="Reports" fullname="GDX.Developer.Reports" runstate="Runnable" testcasecount="20" result="Passed" start-time="2023-06-08 20:31:25Z" end-time="2023-06-08 20:31:39Z" duration="14.008380" total="20" passed="20" failed="0" inconclusive="0" skipped="0" asserts="0">
            <properties />
            <test-suite type="TestFixture" id="1364" name="NUnitReportTests" fullname="GDX.Developer.Reports.NUnitReportTests" classname="GDX.Developer.Reports.NUnitReportTests" runstate="Runnable" testcasecount="13" result="Passed" start-time="2023-06-08 20:31:25Z" end-time="2023-06-08 20:31:34Z" duration="8.602029" total="13" passed="13" failed="0" inconclusive="0" skipped="0" asserts="0">
              <properties />
              <test-case id="1368" name="AddDuration_FailNoFailNoSuite" fullname="GDX.Developer.Reports.NUnitReportTests.AddDuration_FailNoFailNoSuite" methodname="AddDuration_FailNoFailNoSuite" classname="GDX.Developer.Reports.NUnitReportTests" runstate="Runnable" seed="1305151874" result="Passed" start-time="2023-06-08 20:31:25Z" end-time="2023-06-08 20:31:25Z" duration="0.001217" asserts="0">
                <properties>
                  <property name="Category" value="GDX.Tests" />
                </properties>
                <output><![CDATA[[Code Coverage] Code Coverage results for visited sequence points were saved in D:/BuildAgent/work/GDX-Documentation/Staging/CodeCoverage/GDX_Development-opencov/EditMode/TestCoverageResults_0397.xml
[Code Coverage] Code Coverage requires Burst Compilation to be disabled in order to obtain accurate coverage information. To disable Burst Compilation uncheck Jobs > Burst > Enable Compilation or pass '--burst-disable-compilation' to the command line in batchmode.
]]></output>
              </test-case>
              <test-case id="1369" name="AddDuration_FailWithFailNoSuite" fullname="GDX.Developer.Reports.NUnitReportTests.AddDuration_FailWithFailNoSuite" methodname="AddDuration_FailWithFailNoSuite" classname="GDX.Developer.Reports.NUnitReportTests" runstate="Runnable" seed="252654366" result="Passed" start-time="2023-06-08 20:31:26Z" end-time="2023-06-08 20:31:26Z" duration="0.000378" asserts="0">
                <properties>
                  <property name="Category" value="GDX.Tests" />
                </properties>
                <output><![CDATA[[Code Coverage] Code Coverage results for visited sequence points were saved in D:/BuildAgent/work/GDX-Documentation/Staging/CodeCoverage/GDX_Development-opencov/EditMode/TestCoverageResults_0398.xml
[Code Coverage] Code Coverage requires Burst Compilation to be disabled in order to obtain accurate coverage information. To disable Burst Compilation uncheck Jobs > Burst > Enable Compilation or pass '--burst-disable-compilation' to the command line in batchmode.
]]></output>
              </test-case>
              <test-case id="1366" name="AddDuration_PassNoFailNoSuite" fullname="GDX.Developer.Reports.NUnitReportTests.AddDuration_PassNoFailNoSuite" methodname="AddDuration_PassNoFailNoSuite" classname="GDX.Developer.Reports.NUnitReportTests" runstate="Runnable" seed="302332088" result="Passed" start-time="2023-06-08 20:31:27Z" end-time="2023-06-08 20:31:27Z" duration="0.000367" asserts="0">
                <properties>
                  <property name="Category" value="GDX.Tests" />
                </properties>
                <output><![CDATA[[Code Coverage] Code Coverage results for visited sequence points were saved in D:/BuildAgent/work/GDX-Documentation/Staging/CodeCoverage/GDX_Development-opencov/EditMode/TestCoverageResults_0399.xml
[Code Coverage] Code Coverage requires Burst Compilation to be disabled in order to obtain accurate coverage information. To disable Burst Compilation uncheck Jobs > Burst > Enable Compilation or pass '--burst-disable-compilation' to the command line in batchmode.
]]></output>
              </test-case>
              <test-case id="1367" name="AddDuration_PassNoFailWithSuite" fullname="GDX.Developer.Reports.NUnitReportTests.AddDuration_PassNoFailWithSuite" methodname="AddDuration_PassNoFailWithSuite" classname="GDX.Developer.Reports.NUnitReportTests" runstate="Runnable" seed="246794744" result="Passed" start-time="2023-06-08 20:31:27Z" end-time="2023-06-08 20:31:27Z" duration="0.000371" asserts="0">
                <properties>
                  <property name="Category" value="GDX.Tests" />
                </properties>
                <output><![CDATA[[Code Coverage] Code Coverage results for visited sequence points were saved in D:/BuildAgent/work/GDX-Documentation/Staging/CodeCoverage/GDX_Development-opencov/EditMode/TestCoverageResults_0400.xml
[Code Coverage] Code Coverage requires Burst Compilation to be disabled in order to obtain accurate coverage information. To disable Burst Compilation uncheck Jobs > Burst > Enable Compilation or pass '--burst-disable-compilation' to the command line in batchmode.
]]></output>
              </test-case>
              <test-case id="1370" name="AddSkippedTest_NoSkipNoSuite" fullname="GDX.Developer.Reports.NUnitReportTests.AddSkippedTest_NoSkipNoSuite" methodname="AddSkippedTest_NoSkipNoSuite" classname="GDX.Developer.Reports.NUnitReportTests" runstate="Runnable" seed="1138797143" result="Passed" start-time="2023-06-08 20:31:28Z" end-time="2023-06-08 20:31:28Z" duration="0.000511" asserts="0">
                <properties>
                  <property name="Category" value="GDX.Tests" />
                </properties>
                <output><![CDATA[[Code Coverage] Code Coverage results for visited sequence points were saved in D:/BuildAgent/work/GDX-Documentation/Staging/CodeCoverage/GDX_Development-opencov/EditMode/TestCoverageResults_0401.xml
[Code Coverage] Code Coverage requires Burst Compilation to be disabled in order to obtain accurate coverage information. To disable Burst Compilation uncheck Jobs > Burst > Enable Compilation or pass '--burst-disable-compilation' to the command line in batchmode.
]]></output>
              </test-case>
              <test-case id="1371" name="AddSkippedTest_SkipNoSuite" fullname="GDX.Developer.Reports.NUnitReportTests.AddSkippedTest_SkipNoSuite" methodname="AddSkippedTest_SkipNoSuite" classname="GDX.Developer.Reports.NUnitReportTests" runstate="Runnable" seed="1501969046" result="Passed" start-time="2023-06-08 20:31:28Z" end-time="2023-06-08 20:31:28Z" duration="0.000364" asserts="0">
                <properties>
                  <property name="Category" value="GDX.Tests" />
                </properties>
                <output><![CDATA[[Code Coverage] Code Coverage results for visited sequence points were saved in D:/BuildAgent/work/GDX-Documentation/Staging/CodeCoverage/GDX_Development-opencov/EditMode/TestCoverageResults_0402.xml
[Code Coverage] Code Coverage requires Burst Compilation to be disabled in order to obtain accurate coverage information. To disable Burst Compilation uncheck Jobs > Burst > Enable Compilation or pass '--burst-disable-compilation' to the command line in batchmode.
]]></output>
              </test-case>
              <test-case id="1372" name="AddSkippedTest_SkipSuite" fullname="GDX.Developer.Reports.NUnitReportTests.AddSkippedTest_SkipSuite" methodname="AddSkippedTest_SkipSuite" classname="GDX.Developer.Reports.NUnitReportTests" runstate="Runnable" seed="2016075618" result="Passed" start-time="2023-06-08 20:31:29Z" end-time="2023-06-08 20:31:29Z" duration="0.000389" asserts="0">
                <properties>
                  <property name="Category" value="GDX.Tests" />
                </properties>
                <output><![CDATA[[Code Coverage] Code Coverage results for visited sequence points were saved in D:/BuildAgent/work/GDX-Documentation/Staging/CodeCoverage/GDX_Development-opencov/EditMode/TestCoverageResults_0403.xml
[Code Coverage] Code Coverage requires Burst Compilation to be disabled in order to obtain accurate coverage information. To disable Burst Compilation uncheck Jobs > Burst > Enable Compilation or pass '--burst-disable-compilation' to the command line in batchmode.
]]></output>
              </test-case>
              <test-case id="1365" name="Constructor_Create" fullname="GDX.Developer.Reports.NUnitReportTests.Constructor_Create" methodname="Constructor_Create" classname="GDX.Developer.Reports.NUnitReportTests" runstate="Runnable" seed="1253763110" result="Passed" start-time="2023-06-08 20:31:30Z" end-time="2023-06-08 20:31:30Z" duration="0.000457" asserts="0">
                <properties>
                  <property name="Category" value="GDX.Tests" />
                </properties>
                <output><![CDATA[[Code Coverage] Code Coverage results for visited sequence points were saved in D:/BuildAgent/work/GDX-Documentation/Staging/CodeCoverage/GDX_Development-opencov/EditMode/TestCoverageResults_0404.xml
[Code Coverage] Code Coverage requires Burst Compilation to be disabled in order to obtain accurate coverage information. To disable Burst Compilation uncheck Jobs > Burst > Enable Compilation or pass '--burst-disable-compilation' to the command line in batchmode.
]]></output>
              </test-case>
              <test-case id="1374" name="GetResultCount_NoTestSuites" fullname="GDX.Developer.Reports.NUnitReportTests.GetResultCount_NoTestSuites" methodname="GetResultCount_NoTestSuites" classname="GDX.Developer.Reports.NUnitReportTests" runstate="Runnable" seed="1200982897" result="Passed" start-time="2023-06-08 20:31:30Z" end-time="2023-06-08 20:31:30Z" duration="0.001737" asserts="0">
                <properties>
                  <property name="Category" value="GDX.Tests" />
                </properties>
                <output><![CDATA[[Code Coverage] Code Coverage results for visited sequence points were saved in D:/BuildAgent/work/GDX-Documentation/Staging/CodeCoverage/GDX_Development-opencov/EditMode/TestCoverageResults_0405.xml
[Code Coverage] Code Coverage requires Burst Compilation to be disabled in order to obtain accurate coverage information. To disable Burst Compilation uncheck Jobs > Burst > Enable Compilation or pass '--burst-disable-compilation' to the command line in batchmode.
]]></output>
              </test-case>
              <test-case id="1375" name="GetResultCount_TestSuite" fullname="GDX.Developer.Reports.NUnitReportTests.GetResultCount_TestSuite" methodname="GetResultCount_TestSuite" classname="GDX.Developer.Reports.NUnitReportTests" runstate="Runnable" seed="1157595114" result="Passed" start-time="2023-06-08 20:31:31Z" end-time="2023-06-08 20:31:31Z" duration="0.000374" asserts="0">
                <properties>
                  <property name="Category" value="GDX.Tests" />
                </properties>
                <output><![CDATA[[Code Coverage] Code Coverage results for visited sequence points were saved in D:/BuildAgent/work/GDX-Documentation/Staging/CodeCoverage/GDX_Development-opencov/EditMode/TestCoverageResults_0406.xml
[Code Coverage] Code Coverage requires Burst Compilation to be disabled in order to obtain accurate coverage information. To disable Burst Compilation uncheck Jobs > Burst > Enable Compilation or pass '--burst-disable-compilation' to the command line in batchmode.
]]></output>
              </test-case>
              <test-case id="1373" name="SetForceFail_Fails" fullname="GDX.Developer.Reports.NUnitReportTests.SetForceFail_Fails" methodname="SetForceFail_Fails" classname="GDX.Developer.Reports.NUnitReportTests" runstate="Runnable" seed="1034258011" result="Passed" start-time="2023-06-08 20:31:32Z" end-time="2023-06-08 20:31:32Z" duration="0.000403" asserts="0">
                <properties>
                  <property name="Category" value="GDX.Tests" />
                </properties>
                <output><![CDATA[[Code Coverage] Code Coverage results for visited sequence points were saved in D:/BuildAgent/work/GDX-Documentation/Staging/CodeCoverage/GDX_Development-opencov/EditMode/TestCoverageResults_0407.xml
[Code Coverage] Code Coverage requires Burst Compilation to be disabled in order to obtain accurate coverage information. To disable Burst Compilation uncheck Jobs > Burst > Enable Compilation or pass '--burst-disable-compilation' to the command line in batchmode.
]]></output>
              </test-case>
              <test-case id="1376" name="ToString_Fail_ExpectedOutput" fullname="GDX.Developer.Reports.NUnitReportTests.ToString_Fail_ExpectedOutput" methodname="ToString_Fail_ExpectedOutput" classname="GDX.Developer.Reports.NUnitReportTests" runstate="Runnable" seed="482121216" result="Passed" start-time="2023-06-08 20:31:33Z" end-time="2023-06-08 20:31:33Z" duration="0.002664" asserts="0">
                <properties>
                  <property name="Category" value="GDX.Tests" />
                </properties>
                <output><![CDATA[[Code Coverage] Code Coverage results for visited sequence points were saved in D:/BuildAgent/work/GDX-Documentation/Staging/CodeCoverage/GDX_Development-opencov/EditMode/TestCoverageResults_0408.xml
[Code Coverage] Code Coverage requires Burst Compilation to be disabled in order to obtain accurate coverage information. To disable Burst Compilation uncheck Jobs > Burst > Enable Compilation or pass '--burst-disable-compilation' to the command line in batchmode.
]]></output>
              </test-case>
              <test-case id="1377" name="ToString_Pass_ExpectedOutput" fullname="GDX.Developer.Reports.NUnitReportTests.ToString_Pass_ExpectedOutput" methodname="ToString_Pass_ExpectedOutput" classname="GDX.Developer.Reports.NUnitReportTests" runstate="Runnable" seed="258076218" result="Passed" start-time="2023-06-08 20:31:33Z" end-time="2023-06-08 20:31:33Z" duration="0.000404" asserts="0">
                <properties>
                  <property name="Category" value="GDX.Tests" />
                </properties>
                <output><![CDATA[[Code Coverage] Code Coverage results for visited sequence points were saved in D:/BuildAgent/work/GDX-Documentation/Staging/CodeCoverage/GDX_Development-opencov/EditMode/TestCoverageResults_0409.xml
[Code Coverage] Code Coverage requires Burst Compilation to be disabled in order to obtain accurate coverage information. To disable Burst Compilation uncheck Jobs > Burst > Enable Compilation or pass '--burst-disable-compilation' to the command line in batchmode.
]]></output>
              </test-case>
            </test-suite>
            <test-suite type="TestSuite" id="1770" name="Resource" fullname="GDX.Developer.Reports.Resource" runstate="Runnable" testcasecount="3" result="Passed" start-time="2023-06-08 20:31:34Z" end-time="2023-06-08 20:31:37Z" duration="2.638023" total="3" passed="3" failed="0" inconclusive="0" skipped="0" asserts="0">
              <properties />
              <test-suite type="TestFixture" id="1384" name="ResourceReportTests" fullname="GDX.Developer.Reports.Resource.ResourceReportTests" classname="GDX.Developer.Reports.Resource.ResourceReportTests" runstate="Runnable" testcasecount="3" result="Passed" start-time="2023-06-08 20:31:34Z" end-time="2023-06-08 20:31:37Z" duration="2.635230" total="3" passed="3" failed="0" inconclusive="0" skipped="0" asserts="0">
                <properties />
                <test-case id="1385" name="CreateDivider_MockData_CorrectLength" fullname="GDX.Developer.Reports.Resource.ResourceReportTests.CreateDivider_MockData_CorrectLength" methodname="CreateDivider_MockData_CorrectLength" classname="GDX.Developer.Reports.Resource.ResourceReportTests" runstate="Runnable" seed="1844677694" result="Passed" start-time="2023-06-08 20:31:34Z" end-time="2023-06-08 20:31:34Z" duration="0.000672" asserts="0">
                  <properties>
                    <property name="Category" value="GDX.Tests" />
                  </properties>
                  <output><![CDATA[[Code Coverage] Code Coverage results for visited sequence points were saved in D:/BuildAgent/work/GDX-Documentation/Staging/CodeCoverage/GDX_Development-opencov/EditMode/TestCoverageResults_0410.xml
[Code Coverage] Code Coverage requires Burst Compilation to be disabled in order to obtain accurate coverage information. To disable Burst Compilation uncheck Jobs > Burst > Enable Compilation or pass '--burst-disable-compilation' to the command line in batchmode.
]]></output>
                </test-case>
                <test-case id="1386" name="CreateHeader_MockData_CorrectLength" fullname="GDX.Developer.Reports.Resource.ResourceReportTests.CreateHeader_MockData_CorrectLength" methodname="CreateHeader_MockData_CorrectLength" classname="GDX.Developer.Reports.Resource.ResourceReportTests" runstate="Runnable" seed="1890760610" result="Passed" start-time="2023-06-08 20:31:35Z" end-time="2023-06-08 20:31:35Z" duration="0.000478" asserts="0">
                  <properties>
                    <property name="Category" value="GDX.Tests" />
                  </properties>
                  <output><![CDATA[[Code Coverage] Code Coverage results for visited sequence points were saved in D:/BuildAgent/work/GDX-Documentation/Staging/CodeCoverage/GDX_Development-opencov/EditMode/TestCoverageResults_0411.xml
[Code Coverage] Code Coverage requires Burst Compilation to be disabled in order to obtain accurate coverage information. To disable Burst Compilation uncheck Jobs > Burst > Enable Compilation or pass '--burst-disable-compilation' to the command line in batchmode.
]]></output>
                </test-case>
                <test-case id="1387" name="Output_MockData_StringBuilderSameAsStreamWriter" fullname="GDX.Developer.Reports.Resource.ResourceReportTests.Output_MockData_StringBuilderSameAsStreamWriter" methodname="Output_MockData_StringBuilderSameAsStreamWriter" classname="GDX.Developer.Reports.Resource.ResourceReportTests" runstate="Runnable" seed="122109770" result="Passed" start-time="2023-06-08 20:31:35Z" end-time="2023-06-08 20:31:36Z" duration="0.808869" asserts="0">
                  <properties>
                    <property name="Category" value="GDX.Tests" />
                  </properties>
                  <output><![CDATA[[Code Coverage] Code Coverage results for visited sequence points were saved in D:/BuildAgent/work/GDX-Documentation/Staging/CodeCoverage/GDX_Development-opencov/EditMode/TestCoverageResults_0412.xml
[Code Coverage] Code Coverage requires Burst Compilation to be disabled in order to obtain accurate coverage information. To disable Burst Compilation uncheck Jobs > Burst > Enable Compilation or pass '--burst-disable-compilation' to the command line in batchmode.
]]></output>
                </test-case>
              </test-suite>
            </test-suite>
            <test-suite type="TestFixture" id="1378" name="ResourcesAuditReportTests" fullname="GDX.Developer.Reports.ResourcesAuditReportTests" classname="GDX.Developer.Reports.ResourcesAuditReportTests" runstate="Runnable" testcasecount="3" result="Passed" start-time="2023-06-08 20:31:37Z" end-time="2023-06-08 20:31:39Z" duration="1.956096" total="3" passed="3" failed="0" inconclusive="0" skipped="0" asserts="0">
              <properties />
              <test-case id="1379" name="Get_MockData_ReturnsObject" fullname="GDX.Developer.Reports.ResourcesAuditReportTests.Get_MockData_ReturnsObject" methodname="Get_MockData_ReturnsObject" classname="GDX.Developer.Reports.ResourcesAuditReportTests" runstate="Runnable" seed="1998382513" result="Passed" start-time="2023-06-08 20:31:37Z" end-time="2023-06-08 20:31:37Z" duration="0.003513" asserts="0">
                <properties>
                  <property name="Category" value="GDX.Tests" />
                </properties>
                <output><![CDATA[[Code Coverage] Code Coverage results for visited sequence points were saved in D:/BuildAgent/work/GDX-Documentation/Staging/CodeCoverage/GDX_Development-opencov/EditMode/TestCoverageResults_0413.xml
[Code Coverage] Code Coverage requires Burst Compilation to be disabled in order to obtain accurate coverage information. To disable Burst Compilation uncheck Jobs > Burst > Enable Compilation or pass '--burst-disable-compilation' to the command line in batchmode.
]]></output>
              </test-case>
              <test-case id="1381" name="Output_GetAll_ReturnsReport" fullname="GDX.Developer.Reports.ResourcesAuditReportTests.Output_GetAll_ReturnsReport" methodname="Output_GetAll_ReturnsReport" classname="GDX.Developer.Reports.ResourcesAuditReportTests" runstate="Runnable" seed="1361715808" result="Passed" start-time="2023-06-08 20:31:37Z" end-time="2023-06-08 20:31:37Z" duration="0.103554" asserts="0">
                <properties>
                  <property name="Category" value="GDX.Tests" />
                </properties>
                <output><![CDATA[[Code Coverage] Code Coverage results for visited sequence points were saved in D:/BuildAgent/work/GDX-Documentation/Staging/CodeCoverage/GDX_Development-opencov/EditMode/TestCoverageResults_0414.xml
[Code Coverage] Code Coverage requires Burst Compilation to be disabled in order to obtain accurate coverage information. To disable Burst Compilation uncheck Jobs > Burst > Enable Compilation or pass '--burst-disable-compilation' to the command line in batchmode.
]]></output>
              </test-case>
              <test-case id="1380" name="Output_GetCommon_ReturnsReport" fullname="GDX.Developer.Reports.ResourcesAuditReportTests.Output_GetCommon_ReturnsReport" methodname="Output_GetCommon_ReturnsReport" classname="GDX.Developer.Reports.ResourcesAuditReportTests" runstate="Runnable" seed="705230025" result="Passed" start-time="2023-06-08 20:31:38Z" end-time="2023-06-08 20:31:38Z" duration="0.023380" asserts="0">
                <properties>
                  <property name="Category" value="GDX.Tests" />
                </properties>
                <output><![CDATA[[Code Coverage] Code Coverage results for visited sequence points were saved in D:/BuildAgent/work/GDX-Documentation/Staging/CodeCoverage/GDX_Development-opencov/EditMode/TestCoverageResults_0415.xml
[Code Coverage] Code Coverage requires Burst Compilation to be disabled in order to obtain accurate coverage information. To disable Burst Compilation uncheck Jobs > Burst > Enable Compilation or pass '--burst-disable-compilation' to the command line in batchmode.
]]></output>
              </test-case>
            </test-suite>
            <test-suite type="TestFixture" id="1382" name="ResourcesDiffReportTests" fullname="GDX.Developer.Reports.ResourcesDiffReportTests" classname="GDX.Developer.Reports.ResourcesDiffReportTests" runstate="Runnable" testcasecount="1" result="Passed" start-time="2023-06-08 20:31:39Z" end-time="2023-06-08 20:31:39Z" duration="0.810440" total="1" passed="1" failed="0" inconclusive="0" skipped="0" asserts="0">
              <properties />
              <test-case id="1383" name="Output_GetCommonAndAll_ReturnsReport" fullname="GDX.Developer.Reports.ResourcesDiffReportTests.Output_GetCommonAndAll_ReturnsReport" methodname="Output_GetCommonAndAll_ReturnsReport" classname="GDX.Developer.Reports.ResourcesDiffReportTests" runstate="Runnable" seed="261503175" result="Passed" start-time="2023-06-08 20:31:39Z" end-time="2023-06-08 20:31:39Z" duration="0.124565" asserts="0">
                <properties>
                  <property name="Category" value="GDX.Tests" />
                </properties>
                <output><![CDATA[[Code Coverage] Code Coverage results for visited sequence points were saved in D:/BuildAgent/work/GDX-Documentation/Staging/CodeCoverage/GDX_Development-opencov/EditMode/TestCoverageResults_0416.xml
[Code Coverage] Code Coverage requires Burst Compilation to be disabled in order to obtain accurate coverage information. To disable Burst Compilation uncheck Jobs > Burst > Enable Compilation or pass '--burst-disable-compilation' to the command line in batchmode.
]]></output>
              </test-case>
            </test-suite>
          </test-suite>
          <test-suite type="TestFixture" id="1338" name="SemanticVersionTests" fullname="GDX.Developer.SemanticVersionTests" classname="GDX.Developer.SemanticVersionTests" runstate="Runnable" testcasecount="15" result="Passed" start-time="2023-06-08 20:31:39Z" end-time="2023-06-08 20:31:49Z" duration="9.114747" total="15" passed="15" failed="0" inconclusive="0" skipped="0" asserts="0">
            <properties />
            <test-case id="1346" name="Equality_MockData_Matches" fullname="GDX.Developer.SemanticVersionTests.Equality_MockData_Matches" methodname="Equality_MockData_Matches" classname="GDX.Developer.SemanticVersionTests" runstate="Runnable" seed="346789873" result="Passed" start-time="2023-06-08 20:31:39Z" end-time="2023-06-08 20:31:39Z" duration="0.000821" asserts="0">
              <properties>
                <property name="Category" value="GDX.Tests" />
              </properties>
              <output><![CDATA[[Code Coverage] Code Coverage results for visited sequence points were saved in D:/BuildAgent/work/GDX-Documentation/Staging/CodeCoverage/GDX_Development-opencov/EditMode/TestCoverageResults_0417.xml
[Code Coverage] Code Coverage requires Burst Compilation to be disabled in order to obtain accurate coverage information. To disable Burst Compilation uncheck Jobs > Burst > Enable Compilation or pass '--burst-disable-compilation' to the command line in batchmode.
]]></output>
            </test-case>
            <test-case id="1347" name="Equals_MockData_Matches" fullname="GDX.Developer.SemanticVersionTests.Equals_MockData_Matches" methodname="Equals_MockData_Matches" classname="GDX.Developer.SemanticVersionTests" runstate="Runnable" seed="1444632607" result="Passed" start-time="2023-06-08 20:31:40Z" end-time="2023-06-08 20:31:40Z" duration="0.000505" asserts="0">
              <properties>
                <property name="Category" value="GDX.Tests" />
              </properties>
              <output><![CDATA[[Code Coverage] Code Coverage results for visited sequence points were saved in D:/BuildAgent/work/GDX-Documentation/Staging/CodeCoverage/GDX_Development-opencov/EditMode/TestCoverageResults_0418.xml
[Code Coverage] Code Coverage requires Burst Compilation to be disabled in order to obtain accurate coverage information. To disable Burst Compilation uncheck Jobs > Burst > Enable Compilation or pass '--burst-disable-compilation' to the command line in batchmode.
]]></output>
            </test-case>
            <test-case id="1348" name="GetHashCode_MockData_Valid" fullname="GDX.Developer.SemanticVersionTests.GetHashCode_MockData_Valid" methodname="GetHashCode_MockData_Valid" classname="GDX.Developer.SemanticVersionTests" runstate="Runnable" seed="1122388771" result="Passed" start-time="2023-06-08 20:31:41Z" end-time="2023-06-08 20:31:41Z" duration="0.000399" asserts="0">
              <properties>
                <property name="Category" value="GDX.Tests" />
              </properties>
              <output><![CDATA[[Code Coverage] Code Coverage results for visited sequence points were saved in D:/BuildAgent/work/GDX-Documentation/Staging/CodeCoverage/GDX_Development-opencov/EditMode/TestCoverageResults_0419.xml
[Code Coverage] Code Coverage requires Burst Compilation to be disabled in order to obtain accurate coverage information. To disable Burst Compilation uncheck Jobs > Burst > Enable Compilation or pass '--burst-disable-compilation' to the command line in batchmode.
]]></output>
            </test-case>
            <test-case id="1350" name="GreaterThan_MockData_Evaluate" fullname="GDX.Developer.SemanticVersionTests.GreaterThan_MockData_Evaluate" methodname="GreaterThan_MockData_Evaluate" classname="GDX.Developer.SemanticVersionTests" runstate="Runnable" seed="771809697" result="Passed" start-time="2023-06-08 20:31:41Z" end-time="2023-06-08 20:31:41Z" duration="0.000499" asserts="0">
              <properties>
                <property name="Category" value="GDX.Tests" />
              </properties>
              <output><![CDATA[[Code Coverage] Code Coverage results for visited sequence points were saved in D:/BuildAgent/work/GDX-Documentation/Staging/CodeCoverage/GDX_Development-opencov/EditMode/TestCoverageResults_0420.xml
[Code Coverage] Code Coverage requires Burst Compilation to be disabled in order to obtain accurate coverage information. To disable Burst Compilation uncheck Jobs > Burst > Enable Compilation or pass '--burst-disable-compilation' to the command line in batchmode.
]]></output>
            </test-case>
            <test-case id="1349" name="GreaterThanOrEqualTo_MockData_Evaluate" fullname="GDX.Developer.SemanticVersionTests.GreaterThanOrEqualTo_MockData_Evaluate" methodname="GreaterThanOrEqualTo_MockData_Evaluate" classname="GDX.Developer.SemanticVersionTests" runstate="Runnable" seed="1682391974" result="Passed" start-time="2023-06-08 20:31:42Z" end-time="2023-06-08 20:31:42Z" duration="0.000604" asserts="0">
              <properties>
                <property name="Category" value="GDX.Tests" />
              </properties>
              <output><![CDATA[[Code Coverage] Code Coverage results for visited sequence points were saved in D:/BuildAgent/work/GDX-Documentation/Staging/CodeCoverage/GDX_Development-opencov/EditMode/TestCoverageResults_0421.xml
[Code Coverage] Code Coverage requires Burst Compilation to be disabled in order to obtain accurate coverage information. To disable Burst Compilation uncheck Jobs > Burst > Enable Compilation or pass '--burst-disable-compilation' to the command line in batchmode.
]]></output>
            </test-case>
            <test-case id="1351" name="Inequality_MockData_DoesNotMatch" fullname="GDX.Developer.SemanticVersionTests.Inequality_MockData_DoesNotMatch" methodname="Inequality_MockData_DoesNotMatch" classname="GDX.Developer.SemanticVersionTests" runstate="Runnable" seed="195287358" result="Passed" start-time="2023-06-08 20:31:43Z" end-time="2023-06-08 20:31:43Z" duration="0.000425" asserts="0">
              <properties>
                <property name="Category" value="GDX.Tests" />
              </properties>
              <output><![CDATA[[Code Coverage] Code Coverage results for visited sequence points were saved in D:/BuildAgent/work/GDX-Documentation/Staging/CodeCoverage/GDX_Development-opencov/EditMode/TestCoverageResults_0422.xml
[Code Coverage] Code Coverage requires Burst Compilation to be disabled in order to obtain accurate coverage information. To disable Burst Compilation uncheck Jobs > Burst > Enable Compilation or pass '--burst-disable-compilation' to the command line in batchmode.
]]></output>
            </test-case>
            <test-case id="1353" name="LessThan_MockData_Evaluate" fullname="GDX.Developer.SemanticVersionTests.LessThan_MockData_Evaluate" methodname="LessThan_MockData_Evaluate" classname="GDX.Developer.SemanticVersionTests" runstate="Runnable" seed="1999345533" result="Passed" start-time="2023-06-08 20:31:43Z" end-time="2023-06-08 20:31:43Z" duration="0.000500" asserts="0">
              <properties>
                <property name="Category" value="GDX.Tests" />
              </properties>
              <output><![CDATA[[Code Coverage] Code Coverage results for visited sequence points were saved in D:/BuildAgent/work/GDX-Documentation/Staging/CodeCoverage/GDX_Development-opencov/EditMode/TestCoverageResults_0423.xml
[Code Coverage] Code Coverage requires Burst Compilation to be disabled in order to obtain accurate coverage information. To disable Burst Compilation uncheck Jobs > Burst > Enable Compilation or pass '--burst-disable-compilation' to the command line in batchmode.
]]></output>
            </test-case>
            <test-case id="1352" name="LessThanOrEqualTo_MockData_Evaluate" fullname="GDX.Developer.SemanticVersionTests.LessThanOrEqualTo_MockData_Evaluate" methodname="LessThanOrEqualTo_MockData_Evaluate" classname="GDX.Developer.SemanticVersionTests" runstate="Runnable" seed="47257792" result="Passed" start-time="2023-06-08 20:31:44Z" end-time="2023-06-08 20:31:44Z" duration="0.000602" asserts="0">
              <properties>
                <property name="Category" value="GDX.Tests" />
              </properties>
              <output><![CDATA[[Code Coverage] Code Coverage results for visited sequence points were saved in D:/BuildAgent/work/GDX-Documentation/Staging/CodeCoverage/GDX_Development-opencov/EditMode/TestCoverageResults_0424.xml
[Code Coverage] Code Coverage requires Burst Compilation to be disabled in order to obtain accurate coverage information. To disable Burst Compilation uncheck Jobs > Burst > Enable Compilation or pass '--burst-disable-compilation' to the command line in batchmode.
]]></output>
            </test-case>
            <test-case id="1340" name="SemanticVersion_FromString_FourPartsParse" fullname="GDX.Developer.SemanticVersionTests.SemanticVersion_FromString_FourPartsParse" methodname="SemanticVersion_FromString_FourPartsParse" classname="GDX.Developer.SemanticVersionTests" runstate="Runnable" seed="1125911669" result="Passed" start-time="2023-06-08 20:31:44Z" end-time="2023-06-08 20:31:44Z" duration="0.000357" asserts="0">
              <properties>
                <property name="Category" value="GDX.Tests" />
              </properties>
              <output><![CDATA[[Code Coverage] Code Coverage results for visited sequence points were saved in D:/BuildAgent/work/GDX-Documentation/Staging/CodeCoverage/GDX_Development-opencov/EditMode/TestCoverageResults_0425.xml
[Code Coverage] Code Coverage requires Burst Compilation to be disabled in order to obtain accurate coverage information. To disable Burst Compilation uncheck Jobs > Burst > Enable Compilation or pass '--burst-disable-compilation' to the command line in batchmode.
]]></output>
            </test-case>
            <test-case id="1343" name="SemanticVersion_FromString_OnePartParse" fullname="GDX.Developer.SemanticVersionTests.SemanticVersion_FromString_OnePartParse" methodname="SemanticVersion_FromString_OnePartParse" classname="GDX.Developer.SemanticVersionTests" runstate="Runnable" seed="1980971549" result="Passed" start-time="2023-06-08 20:31:45Z" end-time="2023-06-08 20:31:45Z" duration="0.000329" asserts="0">
              <properties>
                <property name="Category" value="GDX.Tests" />
              </properties>
              <output><![CDATA[[Code Coverage] Code Coverage results for visited sequence points were saved in D:/BuildAgent/work/GDX-Documentation/Staging/CodeCoverage/GDX_Development-opencov/EditMode/TestCoverageResults_0426.xml
[Code Coverage] Code Coverage requires Burst Compilation to be disabled in order to obtain accurate coverage information. To disable Burst Compilation uncheck Jobs > Burst > Enable Compilation or pass '--burst-disable-compilation' to the command line in batchmode.
]]></output>
            </test-case>
            <test-case id="1341" name="SemanticVersion_FromString_ThreePartsParse" fullname="GDX.Developer.SemanticVersionTests.SemanticVersion_FromString_ThreePartsParse" methodname="SemanticVersion_FromString_ThreePartsParse" classname="GDX.Developer.SemanticVersionTests" runstate="Runnable" seed="354535232" result="Passed" start-time="2023-06-08 20:31:46Z" end-time="2023-06-08 20:31:46Z" duration="0.000493" asserts="0">
              <properties>
                <property name="Category" value="GDX.Tests" />
              </properties>
              <output><![CDATA[[Code Coverage] Code Coverage results for visited sequence points were saved in D:/BuildAgent/work/GDX-Documentation/Staging/CodeCoverage/GDX_Development-opencov/EditMode/TestCoverageResults_0427.xml
[Code Coverage] Code Coverage requires Burst Compilation to be disabled in order to obtain accurate coverage information. To disable Burst Compilation uncheck Jobs > Burst > Enable Compilation or pass '--burst-disable-compilation' to the command line in batchmode.
]]></output>
            </test-case>
            <test-case id="1345" name="SemanticVersion_FromString_TooManyParts" fullname="GDX.Developer.SemanticVersionTests.SemanticVersion_FromString_TooManyParts" methodname="SemanticVersion_FromString_TooManyParts" classname="GDX.Developer.SemanticVersionTests" runstate="Runnable" seed="1582556557" result="Passed" start-time="2023-06-08 20:31:46Z" end-time="2023-06-08 20:31:46Z" duration="0.000330" asserts="0">
              <properties>
                <property name="Category" value="GDX.Tests" />
              </properties>
              <output><![CDATA[[Code Coverage] Code Coverage results for visited sequence points were saved in D:/BuildAgent/work/GDX-Documentation/Staging/CodeCoverage/GDX_Development-opencov/EditMode/TestCoverageResults_0428.xml
[Code Coverage] Code Coverage requires Burst Compilation to be disabled in order to obtain accurate coverage information. To disable Burst Compilation uncheck Jobs > Burst > Enable Compilation or pass '--burst-disable-compilation' to the command line in batchmode.
]]></output>
            </test-case>
            <test-case id="1342" name="SemanticVersion_FromString_TwoPartsParse" fullname="GDX.Developer.SemanticVersionTests.SemanticVersion_FromString_TwoPartsParse" methodname="SemanticVersion_FromString_TwoPartsParse" classname="GDX.Developer.SemanticVersionTests" runstate="Runnable" seed="820506558" result="Passed" start-time="2023-06-08 20:31:47Z" end-time="2023-06-08 20:31:47Z" duration="0.000326" asserts="0">
              <properties>
                <property name="Category" value="GDX.Tests" />
              </properties>
              <output><![CDATA[[Code Coverage] Code Coverage results for visited sequence points were saved in D:/BuildAgent/work/GDX-Documentation/Staging/CodeCoverage/GDX_Development-opencov/EditMode/TestCoverageResults_0429.xml
[Code Coverage] Code Coverage requires Burst Compilation to be disabled in order to obtain accurate coverage information. To disable Burst Compilation uncheck Jobs > Burst > Enable Compilation or pass '--burst-disable-compilation' to the command line in batchmode.
]]></output>
            </test-case>
            <test-case id="1339" name="SemanticVersion_NoVersion_Origin" fullname="GDX.Developer.SemanticVersionTests.SemanticVersion_NoVersion_Origin" methodname="SemanticVersion_NoVersion_Origin" classname="GDX.Developer.SemanticVersionTests" runstate="Runnable" seed="742443880" result="Passed" start-time="2023-06-08 20:31:47Z" end-time="2023-06-08 20:31:47Z" duration="0.000318" asserts="0">
              <properties>
                <property name="Category" value="GDX.Tests" />
              </properties>
              <output><![CDATA[[Code Coverage] Code Coverage results for visited sequence points were saved in D:/BuildAgent/work/GDX-Documentation/Staging/CodeCoverage/GDX_Development-opencov/EditMode/TestCoverageResults_0430.xml
[Code Coverage] Code Coverage requires Burst Compilation to be disabled in order to obtain accurate coverage information. To disable Burst Compilation uncheck Jobs > Burst > Enable Compilation or pass '--burst-disable-compilation' to the command line in batchmode.
]]></output>
            </test-case>
            <test-case id="1344" name="SemanticVersion_UnityVersion_ThreePartsParse" fullname="GDX.Developer.SemanticVersionTests.SemanticVersion_UnityVersion_ThreePartsParse" methodname="SemanticVersion_UnityVersion_ThreePartsParse" classname="GDX.Developer.SemanticVersionTests" runstate="Runnable" seed="1963784856" result="Passed" start-time="2023-06-08 20:31:48Z" end-time="2023-06-08 20:31:48Z" duration="0.000344" asserts="0">
              <properties>
                <property name="Category" value="GDX.Tests" />
              </properties>
              <output><![CDATA[[Code Coverage] Code Coverage results for visited sequence points were saved in D:/BuildAgent/work/GDX-Documentation/Staging/CodeCoverage/GDX_Development-opencov/EditMode/TestCoverageResults_0431.xml
[Code Coverage] Code Coverage requires Burst Compilation to be disabled in order to obtain accurate coverage information. To disable Burst Compilation uncheck Jobs > Burst > Enable Compilation or pass '--burst-disable-compilation' to the command line in batchmode.
]]></output>
            </test-case>
          </test-suite>
          <test-suite type="TestFixture" id="1354" name="TextGeneratorTests" fullname="GDX.Developer.TextGeneratorTests" classname="GDX.Developer.TextGeneratorTests" runstate="Runnable" testcasecount="2" result="Passed" start-time="2023-06-08 20:31:49Z" end-time="2023-06-08 20:31:50Z" duration="1.229651" total="2" passed="2" failed="0" inconclusive="0" skipped="0" asserts="0">
            <properties />
            <test-case id="1355" name="AppendLineRange_MockData_AddsContent" fullname="GDX.Developer.TextGeneratorTests.AppendLineRange_MockData_AddsContent" methodname="AppendLineRange_MockData_AddsContent" classname="GDX.Developer.TextGeneratorTests" runstate="Runnable" seed="2077116120" result="Passed" start-time="2023-06-08 20:31:49Z" end-time="2023-06-08 20:31:49Z" duration="0.000602" asserts="0">
              <properties>
                <property name="Category" value="GDX.Tests" />
              </properties>
              <output><![CDATA[[Code Coverage] Code Coverage results for visited sequence points were saved in D:/BuildAgent/work/GDX-Documentation/Staging/CodeCoverage/GDX_Development-opencov/EditMode/TestCoverageResults_0432.xml
[Code Coverage] Code Coverage requires Burst Compilation to be disabled in order to obtain accurate coverage information. To disable Burst Compilation uncheck Jobs > Burst > Enable Compilation or pass '--burst-disable-compilation' to the command line in batchmode.
]]></output>
            </test-case>
            <test-case id="1356" name="PopIndent_IndentLevelLessThenZero_DoesNothing" fullname="GDX.Developer.TextGeneratorTests.PopIndent_IndentLevelLessThenZero_DoesNothing" methodname="PopIndent_IndentLevelLessThenZero_DoesNothing" classname="GDX.Developer.TextGeneratorTests" runstate="Runnable" seed="1812835151" result="Passed" start-time="2023-06-08 20:31:49Z" end-time="2023-06-08 20:31:49Z" duration="0.000349" asserts="0">
              <properties>
                <property name="Category" value="GDX.Tests" />
              </properties>
              <output><![CDATA[[Code Coverage] Code Coverage results for visited sequence points were saved in D:/BuildAgent/work/GDX-Documentation/Staging/CodeCoverage/GDX_Development-opencov/EditMode/TestCoverageResults_0433.xml
[Code Coverage] Code Coverage requires Burst Compilation to be disabled in order to obtain accurate coverage information. To disable Burst Compilation uncheck Jobs > Burst > Enable Compilation or pass '--burst-disable-compilation' to the command line in batchmode.
]]></output>
            </test-case>
          </test-suite>
          <test-suite type="TestFixture" id="1357" name="TransientReferenceTests" fullname="GDX.Developer.TransientReferenceTests" classname="GDX.Developer.TransientReferenceTests" runstate="Runnable" testcasecount="6" result="Passed" start-time="2023-06-08 20:31:50Z" end-time="2023-06-08 20:31:53Z" duration="3.660651" total="6" passed="6" failed="0" inconclusive="0" skipped="0" asserts="0">
            <properties />
            <test-case id="1361" name="CompareTo_BadTransientReference_ReturnsZero" fullname="GDX.Developer.TransientReferenceTests.CompareTo_BadTransientReference_ReturnsZero" methodname="CompareTo_BadTransientReference_ReturnsZero" classname="GDX.Developer.TransientReferenceTests" runstate="Runnable" seed="26122596" result="Passed" start-time="2023-06-08 20:31:50Z" end-time="2023-06-08 20:31:50Z" duration="0.000788" asserts="0">
              <properties>
                <property name="Category" value="GDX.Tests" />
              </properties>
              <output><![CDATA[[Code Coverage] Code Coverage results for visited sequence points were saved in D:/BuildAgent/work/GDX-Documentation/Staging/CodeCoverage/GDX_Development-opencov/EditMode/TestCoverageResults_0434.xml
[Code Coverage] Code Coverage requires Burst Compilation to be disabled in order to obtain accurate coverage information. To disable Burst Compilation uncheck Jobs > Burst > Enable Compilation or pass '--burst-disable-compilation' to the command line in batchmode.
]]></output>
            </test-case>
            <test-case id="1360" name="CompareTo_DuplicateTransientReference_ReturnsOne" fullname="GDX.Developer.TransientReferenceTests.CompareTo_DuplicateTransientReference_ReturnsOne" methodname="CompareTo_DuplicateTransientReference_ReturnsOne" classname="GDX.Developer.TransientReferenceTests" runstate="Runnable" seed="1988443071" result="Passed" start-time="2023-06-08 20:31:50Z" end-time="2023-06-08 20:31:50Z" duration="0.000326" asserts="0">
              <properties>
                <property name="Category" value="GDX.Tests" />
              </properties>
              <output><![CDATA[[Code Coverage] Code Coverage results for visited sequence points were saved in D:/BuildAgent/work/GDX-Documentation/Staging/CodeCoverage/GDX_Development-opencov/EditMode/TestCoverageResults_0435.xml
[Code Coverage] Code Coverage requires Burst Compilation to be disabled in order to obtain accurate coverage information. To disable Burst Compilation uncheck Jobs > Burst > Enable Compilation or pass '--burst-disable-compilation' to the command line in batchmode.
]]></output>
            </test-case>
            <test-case id="1362" name="CompareTo_OriginalObject_ReturnsOne" fullname="GDX.Developer.TransientReferenceTests.CompareTo_OriginalObject_ReturnsOne" methodname="CompareTo_OriginalObject_ReturnsOne" classname="GDX.Developer.TransientReferenceTests" runstate="Runnable" seed="1956064001" result="Passed" start-time="2023-06-08 20:31:51Z" end-time="2023-06-08 20:31:51Z" duration="0.000412" asserts="0">
              <properties>
                <property name="Category" value="GDX.Tests" />
              </properties>
              <output><![CDATA[[Code Coverage] Code Coverage results for visited sequence points were saved in D:/BuildAgent/work/GDX-Documentation/Staging/CodeCoverage/GDX_Development-opencov/EditMode/TestCoverageResults_0436.xml
[Code Coverage] Code Coverage requires Burst Compilation to be disabled in order to obtain accurate coverage information. To disable Burst Compilation uncheck Jobs > Burst > Enable Compilation or pass '--burst-disable-compilation' to the command line in batchmode.
]]></output>
            </test-case>
            <test-case id="1363" name="CompareTo_WeakReference_ReturnsOne" fullname="GDX.Developer.TransientReferenceTests.CompareTo_WeakReference_ReturnsOne" methodname="CompareTo_WeakReference_ReturnsOne" classname="GDX.Developer.TransientReferenceTests" runstate="Runnable" seed="1173134569" result="Passed" start-time="2023-06-08 20:31:52Z" end-time="2023-06-08 20:31:52Z" duration="0.000421" asserts="0">
              <properties>
                <property name="Category" value="GDX.Tests" />
              </properties>
              <output><![CDATA[[Code Coverage] Code Coverage results for visited sequence points were saved in D:/BuildAgent/work/GDX-Documentation/Staging/CodeCoverage/GDX_Development-opencov/EditMode/TestCoverageResults_0437.xml
[Code Coverage] Code Coverage requires Burst Compilation to be disabled in order to obtain accurate coverage information. To disable Burst Compilation uncheck Jobs > Burst > Enable Compilation or pass '--burst-disable-compilation' to the command line in batchmode.
]]></output>
            </test-case>
            <test-case id="1358" name="TransientReference_ObjectBased_CreatedReference" fullname="GDX.Developer.TransientReferenceTests.TransientReference_ObjectBased_CreatedReference" methodname="TransientReference_ObjectBased_CreatedReference" classname="GDX.Developer.TransientReferenceTests" runstate="Runnable" seed="1713090403" result="Passed" start-time="2023-06-08 20:31:52Z" end-time="2023-06-08 20:31:52Z" duration="0.000321" asserts="0">
              <properties>
                <property name="Category" value="GDX.Tests" />
              </properties>
              <output><![CDATA[[Code Coverage] Code Coverage results for visited sequence points were saved in D:/BuildAgent/work/GDX-Documentation/Staging/CodeCoverage/GDX_Development-opencov/EditMode/TestCoverageResults_0438.xml
[Code Coverage] Code Coverage requires Burst Compilation to be disabled in order to obtain accurate coverage information. To disable Burst Compilation uncheck Jobs > Burst > Enable Compilation or pass '--burst-disable-compilation' to the command line in batchmode.
]]></output>
            </test-case>
            <test-case id="1359" name="TransientReference_ObjectBasedResurrection_CreatedReference" fullname="GDX.Developer.TransientReferenceTests.TransientReference_ObjectBasedResurrection_CreatedReference" methodname="TransientReference_ObjectBasedResurrection_CreatedReference" classname="GDX.Developer.TransientReferenceTests" runstate="Runnable" seed="1083658919" result="Passed" start-time="2023-06-08 20:31:53Z" end-time="2023-06-08 20:31:53Z" duration="0.000314" asserts="0">
              <properties>
                <property name="Category" value="GDX.Tests" />
              </properties>
              <output><![CDATA[[Code Coverage] Code Coverage results for visited sequence points were saved in D:/BuildAgent/work/GDX-Documentation/Staging/CodeCoverage/GDX_Development-opencov/EditMode/TestCoverageResults_0439.xml
[Code Coverage] Code Coverage requires Burst Compilation to be disabled in order to obtain accurate coverage information. To disable Burst Compilation uncheck Jobs > Burst > Enable Compilation or pass '--burst-disable-compilation' to the command line in batchmode.
]]></output>
            </test-case>
          </test-suite>
        </test-suite>
        <test-suite type="TestSuite" id="1767" name="Experimental" fullname="GDX.Experimental" runstate="Runnable" testcasecount="4" result="Passed" start-time="2023-06-08 20:31:53Z" end-time="2023-06-08 20:31:56Z" duration="2.449018" total="4" passed="4" failed="0" inconclusive="0" skipped="0" asserts="0">
          <properties />
          <test-suite type="TestFixture" id="1327" name="DebugDrawTests" fullname="GDX.Experimental.DebugDrawTests" classname="GDX.Experimental.DebugDrawTests" runstate="Runnable" testcasecount="4" result="Passed" start-time="2023-06-08 20:31:53Z" end-time="2023-06-08 20:31:56Z" duration="2.446513" total="4" passed="4" failed="0" inconclusive="0" skipped="0" asserts="0">
            <properties />
            <test-case id="1329" name="GetUnmanagedBuffer_ByID_ReturnsInstance" fullname="GDX.Experimental.DebugDrawTests.GetUnmanagedBuffer_ByID_ReturnsInstance" methodname="GetUnmanagedBuffer_ByID_ReturnsInstance" classname="GDX.Experimental.DebugDrawTests" runstate="Runnable" seed="1825807968" result="Passed" start-time="2023-06-08 20:31:53Z" end-time="2023-06-08 20:31:53Z" duration="0.011178" asserts="0">
              <properties>
                <property name="Category" value="GDX.Tests" />
              </properties>
              <output><![CDATA[[Code Coverage] Code Coverage results for visited sequence points were saved in D:/BuildAgent/work/GDX-Documentation/Staging/CodeCoverage/GDX_Development-opencov/EditMode/TestCoverageResults_0440.xml
[Code Coverage] Code Coverage requires Burst Compilation to be disabled in order to obtain accurate coverage information. To disable Burst Compilation uncheck Jobs > Burst > Enable Compilation or pass '--burst-disable-compilation' to the command line in batchmode.
]]></output>
            </test-case>
            <test-case id="1328" name="GetUnmanagedBuffer_New_ReturnsInstance" fullname="GDX.Experimental.DebugDrawTests.GetUnmanagedBuffer_New_ReturnsInstance" methodname="GetUnmanagedBuffer_New_ReturnsInstance" classname="GDX.Experimental.DebugDrawTests" runstate="Runnable" seed="727911766" result="Passed" start-time="2023-06-08 20:31:54Z" end-time="2023-06-08 20:31:54Z" duration="0.000327" asserts="0">
              <properties>
                <property name="Category" value="GDX.Tests" />
              </properties>
              <output><![CDATA[[Code Coverage] Code Coverage results for visited sequence points were saved in D:/BuildAgent/work/GDX-Documentation/Staging/CodeCoverage/GDX_Development-opencov/EditMode/TestCoverageResults_0441.xml
[Code Coverage] Code Coverage requires Burst Compilation to be disabled in order to obtain accurate coverage information. To disable Burst Compilation uncheck Jobs > Burst > Enable Compilation or pass '--burst-disable-compilation' to the command line in batchmode.
]]></output>
            </test-case>
            <test-case id="1330" name="HasUnmanagedBuffer_ByID_Valid" fullname="GDX.Experimental.DebugDrawTests.HasUnmanagedBuffer_ByID_Valid" methodname="HasUnmanagedBuffer_ByID_Valid" classname="GDX.Experimental.DebugDrawTests" runstate="Runnable" seed="660622717" result="Passed" start-time="2023-06-08 20:31:55Z" end-time="2023-06-08 20:31:55Z" duration="0.000374" asserts="0">
              <properties>
                <property name="Category" value="GDX.Tests" />
              </properties>
              <output><![CDATA[[Code Coverage] Code Coverage results for visited sequence points were saved in D:/BuildAgent/work/GDX-Documentation/Staging/CodeCoverage/GDX_Development-opencov/EditMode/TestCoverageResults_0442.xml
[Code Coverage] Code Coverage requires Burst Compilation to be disabled in order to obtain accurate coverage information. To disable Burst Compilation uncheck Jobs > Burst > Enable Compilation or pass '--burst-disable-compilation' to the command line in batchmode.
]]></output>
            </test-case>
            <test-case id="1331" name="RemoveUnmanagedBuffer_ByID_RemovesInstance" fullname="GDX.Experimental.DebugDrawTests.RemoveUnmanagedBuffer_ByID_RemovesInstance" methodname="RemoveUnmanagedBuffer_ByID_RemovesInstance" classname="GDX.Experimental.DebugDrawTests" runstate="Runnable" seed="491877461" result="Passed" start-time="2023-06-08 20:31:55Z" end-time="2023-06-08 20:31:55Z" duration="0.000312" asserts="0">
              <properties>
                <property name="Category" value="GDX.Tests" />
              </properties>
              <output><![CDATA[[Code Coverage] Code Coverage results for visited sequence points were saved in D:/BuildAgent/work/GDX-Documentation/Staging/CodeCoverage/GDX_Development-opencov/EditMode/TestCoverageResults_0443.xml
[Code Coverage] Code Coverage requires Burst Compilation to be disabled in order to obtain accurate coverage information. To disable Burst Compilation uncheck Jobs > Burst > Enable Compilation or pass '--burst-disable-compilation' to the command line in batchmode.
]]></output>
            </test-case>
          </test-suite>
        </test-suite>
        <test-suite type="TestFixture" id="1057" name="GameObjectExtensionsTests" fullname="GDX.GameObjectExtensionsTests" classname="GDX.GameObjectExtensionsTests" runstate="Runnable" testcasecount="2" result="Passed" start-time="2023-06-08 20:31:56Z" end-time="2023-06-08 20:31:57Z" duration="1.206230" total="2" passed="2" failed="0" inconclusive="0" skipped="0" asserts="0">
          <properties />
          <test-case id="1058" name="GetFirstComponentInChildrenComplex_" fullname="GDX.GameObjectExtensionsTests.GetFirstComponentInChildrenComplex_" methodname="GetFirstComponentInChildrenComplex_" classname="GDX.GameObjectExtensionsTests" runstate="Runnable" seed="1647505932" result="Passed" start-time="2023-06-08 20:31:56Z" end-time="2023-06-08 20:31:56Z" duration="0.000238" asserts="0">
            <properties>
              <property name="Category" value="GDX.Tests" />
            </properties>
            <output><![CDATA[[Code Coverage] Code Coverage results for visited sequence points were saved in D:/BuildAgent/work/GDX-Documentation/Staging/CodeCoverage/GDX_Development-opencov/EditMode/TestCoverageResults_0444.xml
[Code Coverage] Code Coverage requires Burst Compilation to be disabled in order to obtain accurate coverage information. To disable Burst Compilation uncheck Jobs > Burst > Enable Compilation or pass '--burst-disable-compilation' to the command line in batchmode.
]]></output>
          </test-case>
          <test-case id="1059" name="GetOrAddComponent_" fullname="GDX.GameObjectExtensionsTests.GetOrAddComponent_" methodname="GetOrAddComponent_" classname="GDX.GameObjectExtensionsTests" runstate="Runnable" seed="710623924" result="Passed" start-time="2023-06-08 20:31:57Z" end-time="2023-06-08 20:31:57Z" duration="0.000255" asserts="0">
            <properties>
              <property name="Category" value="GDX.Tests" />
            </properties>
            <output><![CDATA[[Code Coverage] Code Coverage results for visited sequence points were saved in D:/BuildAgent/work/GDX-Documentation/Staging/CodeCoverage/GDX_Development-opencov/EditMode/TestCoverageResults_0445.xml
[Code Coverage] Code Coverage requires Burst Compilation to be disabled in order to obtain accurate coverage information. To disable Burst Compilation uncheck Jobs > Burst > Enable Compilation or pass '--burst-disable-compilation' to the command line in batchmode.
]]></output>
          </test-case>
        </test-suite>
        <test-suite type="TestSuite" id="1766" name="IO" fullname="GDX.IO" runstate="Runnable" testcasecount="4" result="Passed" start-time="2023-06-08 20:31:57Z" end-time="2023-06-08 20:32:00Z" duration="3.252055" total="4" passed="4" failed="0" inconclusive="0" skipped="0" asserts="0">
          <properties />
          <test-suite type="TestFixture" id="1322" name="CoalesceStreamTests" fullname="GDX.IO.CoalesceStreamTests" classname="GDX.IO.CoalesceStreamTests" runstate="Runnable" testcasecount="4" result="Passed" start-time="2023-06-08 20:31:57Z" end-time="2023-06-08 20:32:00Z" duration="3.249139" total="4" passed="4" failed="0" inconclusive="0" skipped="0" asserts="0">
            <properties />
            <test-case id="1324" name="Constructor_Bytes" fullname="GDX.IO.CoalesceStreamTests.Constructor_Bytes" methodname="Constructor_Bytes" classname="GDX.IO.CoalesceStreamTests" runstate="Runnable" seed="1983841987" result="Passed" start-time="2023-06-08 20:31:57Z" end-time="2023-06-08 20:31:57Z" duration="0.001901" asserts="0">
              <properties>
                <property name="Category" value="GDX.Tests" />
              </properties>
              <output><![CDATA[[Code Coverage] Code Coverage results for visited sequence points were saved in D:/BuildAgent/work/GDX-Documentation/Staging/CodeCoverage/GDX_Development-opencov/EditMode/TestCoverageResults_0446.xml
[Code Coverage] Code Coverage requires Burst Compilation to be disabled in order to obtain accurate coverage information. To disable Burst Compilation uncheck Jobs > Burst > Enable Compilation or pass '--burst-disable-compilation' to the command line in batchmode.
]]></output>
            </test-case>
            <test-case id="1323" name="Constructor_Empty" fullname="GDX.IO.CoalesceStreamTests.Constructor_Empty" methodname="Constructor_Empty" classname="GDX.IO.CoalesceStreamTests" runstate="Runnable" seed="2073739327" result="Passed" start-time="2023-06-08 20:31:58Z" end-time="2023-06-08 20:31:58Z" duration="0.000589" asserts="0">
              <properties>
                <property name="Category" value="GDX.Tests" />
              </properties>
              <output><![CDATA[[Code Coverage] Code Coverage results for visited sequence points were saved in D:/BuildAgent/work/GDX-Documentation/Staging/CodeCoverage/GDX_Development-opencov/EditMode/TestCoverageResults_0447.xml
[Code Coverage] Code Coverage requires Burst Compilation to be disabled in order to obtain accurate coverage information. To disable Burst Compilation uncheck Jobs > Burst > Enable Compilation or pass '--burst-disable-compilation' to the command line in batchmode.
]]></output>
            </test-case>
            <test-case id="1326" name="ReadByte_Empty_NegativeOne" fullname="GDX.IO.CoalesceStreamTests.ReadByte_Empty_NegativeOne" methodname="ReadByte_Empty_NegativeOne" classname="GDX.IO.CoalesceStreamTests" runstate="Runnable" seed="1296896555" result="Passed" start-time="2023-06-08 20:31:58Z" end-time="2023-06-08 20:31:58Z" duration="0.000568" asserts="0">
              <properties>
                <property name="Category" value="GDX.Tests" />
              </properties>
              <output><![CDATA[[Code Coverage] Code Coverage results for visited sequence points were saved in D:/BuildAgent/work/GDX-Documentation/Staging/CodeCoverage/GDX_Development-opencov/EditMode/TestCoverageResults_0448.xml
[Code Coverage] Code Coverage requires Burst Compilation to be disabled in order to obtain accurate coverage information. To disable Burst Compilation uncheck Jobs > Burst > Enable Compilation or pass '--burst-disable-compilation' to the command line in batchmode.
]]></output>
            </test-case>
            <test-case id="1325" name="ReadByte_MockData_Valid" fullname="GDX.IO.CoalesceStreamTests.ReadByte_MockData_Valid" methodname="ReadByte_MockData_Valid" classname="GDX.IO.CoalesceStreamTests" runstate="Runnable" seed="1112003652" result="Passed" start-time="2023-06-08 20:31:59Z" end-time="2023-06-08 20:31:59Z" duration="0.000458" asserts="0">
              <properties>
                <property name="Category" value="GDX.Tests" />
              </properties>
              <output><![CDATA[[Code Coverage] Code Coverage results for visited sequence points were saved in D:/BuildAgent/work/GDX-Documentation/Staging/CodeCoverage/GDX_Development-opencov/EditMode/TestCoverageResults_0449.xml
[Code Coverage] Code Coverage requires Burst Compilation to be disabled in order to obtain accurate coverage information. To disable Burst Compilation uncheck Jobs > Burst > Enable Compilation or pass '--burst-disable-compilation' to the command line in batchmode.
]]></output>
            </test-case>
          </test-suite>
        </test-suite>
        <test-suite type="TestSuite" id="1764" name="Jobs" fullname="GDX.Jobs" runstate="Runnable" testcasecount="2" result="Passed" start-time="2023-06-08 20:32:00Z" end-time="2023-06-08 20:32:02Z" duration="1.216332" total="2" passed="2" failed="0" inconclusive="0" skipped="0" asserts="0">
          <properties />
          <test-suite type="TestSuite" id="1765" name="ParallelFor" fullname="GDX.Jobs.ParallelFor" runstate="Runnable" testcasecount="2" result="Passed" start-time="2023-06-08 20:32:00Z" end-time="2023-06-08 20:32:02Z" duration="1.213607" total="2" passed="2" failed="0" inconclusive="0" skipped="0" asserts="0">
            <properties />
            <test-suite type="TestFixture" id="1319" name="Color32CompareJobTests" fullname="GDX.Jobs.ParallelFor.Color32CompareJobTests" classname="GDX.Jobs.ParallelFor.Color32CompareJobTests" runstate="Runnable" testcasecount="2" result="Passed" start-time="2023-06-08 20:32:00Z" end-time="2023-06-08 20:32:02Z" duration="1.210586" total="2" passed="2" failed="0" inconclusive="0" skipped="0" asserts="0">
              <properties />
              <test-case id="1321" name="Compare_WhiteBlack_Different" fullname="GDX.Jobs.ParallelFor.Color32CompareJobTests.Compare_WhiteBlack_Different" methodname="Compare_WhiteBlack_Different" classname="GDX.Jobs.ParallelFor.Color32CompareJobTests" runstate="Runnable" seed="1139045364" result="Passed" start-time="2023-06-08 20:32:00Z" end-time="2023-06-08 20:32:00Z" duration="0.004447" asserts="0">
                <properties>
                  <property name="Category" value="GDX.Tests" />
                </properties>
                <output><![CDATA[[Code Coverage] Code Coverage results for visited sequence points were saved in D:/BuildAgent/work/GDX-Documentation/Staging/CodeCoverage/GDX_Development-opencov/EditMode/TestCoverageResults_0450.xml
[Code Coverage] Code Coverage requires Burst Compilation to be disabled in order to obtain accurate coverage information. To disable Burst Compilation uncheck Jobs > Burst > Enable Compilation or pass '--burst-disable-compilation' to the command line in batchmode.
]]></output>
              </test-case>
              <test-case id="1320" name="Compare_WhiteTexture_Same" fullname="GDX.Jobs.ParallelFor.Color32CompareJobTests.Compare_WhiteTexture_Same" methodname="Compare_WhiteTexture_Same" classname="GDX.Jobs.ParallelFor.Color32CompareJobTests" runstate="Runnable" seed="238693679" result="Passed" start-time="2023-06-08 20:32:01Z" end-time="2023-06-08 20:32:01Z" duration="0.000550" asserts="0">
                <properties>
                  <property name="Category" value="GDX.Tests" />
                </properties>
                <output><![CDATA[[Code Coverage] Code Coverage results for visited sequence points were saved in D:/BuildAgent/work/GDX-Documentation/Staging/CodeCoverage/GDX_Development-opencov/EditMode/TestCoverageResults_0451.xml
[Code Coverage] Code Coverage requires Burst Compilation to be disabled in order to obtain accurate coverage information. To disable Burst Compilation uncheck Jobs > Burst > Enable Compilation or pass '--burst-disable-compilation' to the command line in batchmode.
]]></output>
              </test-case>
            </test-suite>
          </test-suite>
        </test-suite>
        <test-suite type="TestFixture" id="1060" name="LocalizationTests" fullname="GDX.LocalizationTests" classname="GDX.LocalizationTests" runstate="Runnable" testcasecount="3" result="Passed" start-time="2023-06-08 20:32:02Z" end-time="2023-06-08 20:32:03Z" duration="1.812530" total="3" passed="3" failed="0" inconclusive="0" skipped="0" asserts="0">
          <properties />
          <test-case id="1061" name="GetHumanReadableFileSize_100_ReturnsValidString" fullname="GDX.LocalizationTests.GetHumanReadableFileSize_100_ReturnsValidString" methodname="GetHumanReadableFileSize_100_ReturnsValidString" classname="GDX.LocalizationTests" runstate="Runnable" seed="735664986" result="Passed" start-time="2023-06-08 20:32:02Z" end-time="2023-06-08 20:32:02Z" duration="0.000324" asserts="0">
            <properties>
              <property name="Category" value="GDX.Tests" />
            </properties>
            <output><![CDATA[[Code Coverage] Code Coverage results for visited sequence points were saved in D:/BuildAgent/work/GDX-Documentation/Staging/CodeCoverage/GDX_Development-opencov/EditMode/TestCoverageResults_0452.xml
[Code Coverage] Code Coverage requires Burst Compilation to be disabled in order to obtain accurate coverage information. To disable Burst Compilation uncheck Jobs > Burst > Enable Compilation or pass '--burst-disable-compilation' to the command line in batchmode.
]]></output>
          </test-case>
          <test-case id="1062" name="GetHumanReadableFileSize_1024_ReturnsValidString" fullname="GDX.LocalizationTests.GetHumanReadableFileSize_1024_ReturnsValidString" methodname="GetHumanReadableFileSize_1024_ReturnsValidString" classname="GDX.LocalizationTests" runstate="Runnable" seed="1348132124" result="Passed" start-time="2023-06-08 20:32:02Z" end-time="2023-06-08 20:32:02Z" duration="0.000352" asserts="0">
            <properties>
              <property name="Category" value="GDX.Tests" />
            </properties>
            <output><![CDATA[[Code Coverage] Code Coverage results for visited sequence points were saved in D:/BuildAgent/work/GDX-Documentation/Staging/CodeCoverage/GDX_Development-opencov/EditMode/TestCoverageResults_0453.xml
[Code Coverage] Code Coverage requires Burst Compilation to be disabled in order to obtain accurate coverage information. To disable Burst Compilation uncheck Jobs > Burst > Enable Compilation or pass '--burst-disable-compilation' to the command line in batchmode.
]]></output>
          </test-case>
          <test-case id="1063" name="GetHumanReadableFileSize_1048576_ReturnsValidString" fullname="GDX.LocalizationTests.GetHumanReadableFileSize_1048576_ReturnsValidString" methodname="GetHumanReadableFileSize_1048576_ReturnsValidString" classname="GDX.LocalizationTests" runstate="Runnable" seed="1589194875" result="Passed" start-time="2023-06-08 20:32:03Z" end-time="2023-06-08 20:32:03Z" duration="0.000319" asserts="0">
            <properties>
              <property name="Category" value="GDX.Tests" />
            </properties>
            <output><![CDATA[[Code Coverage] Code Coverage results for visited sequence points were saved in D:/BuildAgent/work/GDX-Documentation/Staging/CodeCoverage/GDX_Development-opencov/EditMode/TestCoverageResults_0454.xml
[Code Coverage] Code Coverage requires Burst Compilation to be disabled in order to obtain accurate coverage information. To disable Burst Compilation uncheck Jobs > Burst > Enable Compilation or pass '--burst-disable-compilation' to the command line in batchmode.
]]></output>
          </test-case>
        </test-suite>
        <test-suite type="TestSuite" id="1762" name="Mathematics" fullname="GDX.Mathematics" runstate="Runnable" testcasecount="91" result="Passed" start-time="2023-06-08 20:32:03Z" end-time="2023-06-08 20:33:01Z" duration="57.492606" total="91" passed="91" failed="0" inconclusive="0" skipped="0" asserts="0">
          <properties />
          <test-suite type="TestFixture" id="1223" name="Byte2Tests" fullname="GDX.Mathematics.Byte2Tests" classname="GDX.Mathematics.Byte2Tests" runstate="Runnable" testcasecount="37" result="Passed" start-time="2023-06-08 20:32:03Z" end-time="2023-06-08 20:32:26Z" duration="22.483997" total="37" passed="37" failed="0" inconclusive="0" skipped="0" asserts="0">
            <properties />
            <test-case id="1240" name="Accessor_Get_InRange" fullname="GDX.Mathematics.Byte2Tests.Accessor_Get_InRange" methodname="Accessor_Get_InRange" classname="GDX.Mathematics.Byte2Tests" runstate="Runnable" seed="2045410690" result="Passed" start-time="2023-06-08 20:32:03Z" end-time="2023-06-08 20:32:03Z" duration="0.000433" asserts="0">
              <properties>
                <property name="Category" value="GDX.Tests" />
              </properties>
              <output><![CDATA[[Code Coverage] Code Coverage results for visited sequence points were saved in D:/BuildAgent/work/GDX-Documentation/Staging/CodeCoverage/GDX_Development-opencov/EditMode/TestCoverageResults_0455.xml
[Code Coverage] Code Coverage requires Burst Compilation to be disabled in order to obtain accurate coverage information. To disable Burst Compilation uncheck Jobs > Burst > Enable Compilation or pass '--burst-disable-compilation' to the command line in batchmode.
]]></output>
            </test-case>
            <test-case id="1241" name="Accessor_Get_OutOfRange" fullname="GDX.Mathematics.Byte2Tests.Accessor_Get_OutOfRange" methodname="Accessor_Get_OutOfRange" classname="GDX.Mathematics.Byte2Tests" runstate="Runnable" seed="2085775679" result="Passed" start-time="2023-06-08 20:32:04Z" end-time="2023-06-08 20:32:04Z" duration="0.000524" asserts="0">
              <properties>
                <property name="Category" value="GDX.Tests" />
              </properties>
              <output><![CDATA[[Code Coverage] Code Coverage results for visited sequence points were saved in D:/BuildAgent/work/GDX-Documentation/Staging/CodeCoverage/GDX_Development-opencov/EditMode/TestCoverageResults_0456.xml
[Code Coverage] Code Coverage requires Burst Compilation to be disabled in order to obtain accurate coverage information. To disable Burst Compilation uncheck Jobs > Burst > Enable Compilation or pass '--burst-disable-compilation' to the command line in batchmode.
]]></output>
            </test-case>
            <test-case id="1242" name="Accessor_Set_InRange" fullname="GDX.Mathematics.Byte2Tests.Accessor_Set_InRange" methodname="Accessor_Set_InRange" classname="GDX.Mathematics.Byte2Tests" runstate="Runnable" seed="69460685" result="Passed" start-time="2023-06-08 20:32:05Z" end-time="2023-06-08 20:32:05Z" duration="0.000418" asserts="0">
              <properties>
                <property name="Category" value="GDX.Tests" />
              </properties>
              <output><![CDATA[[Code Coverage] Code Coverage results for visited sequence points were saved in D:/BuildAgent/work/GDX-Documentation/Staging/CodeCoverage/GDX_Development-opencov/EditMode/TestCoverageResults_0457.xml
[Code Coverage] Code Coverage requires Burst Compilation to be disabled in order to obtain accurate coverage information. To disable Burst Compilation uncheck Jobs > Burst > Enable Compilation or pass '--burst-disable-compilation' to the command line in batchmode.
]]></output>
            </test-case>
            <test-case id="1243" name="Accessor_Set_OutOfRange" fullname="GDX.Mathematics.Byte2Tests.Accessor_Set_OutOfRange" methodname="Accessor_Set_OutOfRange" classname="GDX.Mathematics.Byte2Tests" runstate="Runnable" seed="21825234" result="Passed" start-time="2023-06-08 20:32:05Z" end-time="2023-06-08 20:32:05Z" duration="0.000505" asserts="0">
              <properties>
                <property name="Category" value="GDX.Tests" />
              </properties>
              <output><![CDATA[[Code Coverage] Code Coverage results for visited sequence points were saved in D:/BuildAgent/work/GDX-Documentation/Staging/CodeCoverage/GDX_Development-opencov/EditMode/TestCoverageResults_0458.xml
[Code Coverage] Code Coverage requires Burst Compilation to be disabled in order to obtain accurate coverage information. To disable Burst Compilation uncheck Jobs > Burst > Enable Compilation or pass '--burst-disable-compilation' to the command line in batchmode.
]]></output>
            </test-case>
            <test-case id="1228" name="Constructor_CreateFromBool" fullname="GDX.Mathematics.Byte2Tests.Constructor_CreateFromBool" methodname="Constructor_CreateFromBool" classname="GDX.Mathematics.Byte2Tests" runstate="Runnable" seed="1624272076" result="Passed" start-time="2023-06-08 20:32:06Z" end-time="2023-06-08 20:32:06Z" duration="0.000415" asserts="0">
              <properties>
                <property name="Category" value="GDX.Tests" />
              </properties>
              <output><![CDATA[[Code Coverage] Code Coverage results for visited sequence points were saved in D:/BuildAgent/work/GDX-Documentation/Staging/CodeCoverage/GDX_Development-opencov/EditMode/TestCoverageResults_0459.xml
[Code Coverage] Code Coverage requires Burst Compilation to be disabled in order to obtain accurate coverage information. To disable Burst Compilation uncheck Jobs > Burst > Enable Compilation or pass '--burst-disable-compilation' to the command line in batchmode.
]]></output>
            </test-case>
            <test-case id="1229" name="Constructor_CreateFromBool2" fullname="GDX.Mathematics.Byte2Tests.Constructor_CreateFromBool2" methodname="Constructor_CreateFromBool2" classname="GDX.Mathematics.Byte2Tests" runstate="Runnable" seed="1891669257" result="Passed" start-time="2023-06-08 20:32:06Z" end-time="2023-06-08 20:32:06Z" duration="0.000472" asserts="0">
              <properties>
                <property name="Category" value="GDX.Tests" />
              </properties>
              <output><![CDATA[[Code Coverage] Code Coverage results for visited sequence points were saved in D:/BuildAgent/work/GDX-Documentation/Staging/CodeCoverage/GDX_Development-opencov/EditMode/TestCoverageResults_0460.xml
[Code Coverage] Code Coverage requires Burst Compilation to be disabled in order to obtain accurate coverage information. To disable Burst Compilation uncheck Jobs > Burst > Enable Compilation or pass '--burst-disable-compilation' to the command line in batchmode.
]]></output>
            </test-case>
            <test-case id="1226" name="Constructor_CreateFromByte" fullname="GDX.Mathematics.Byte2Tests.Constructor_CreateFromByte" methodname="Constructor_CreateFromByte" classname="GDX.Mathematics.Byte2Tests" runstate="Runnable" seed="554272008" result="Passed" start-time="2023-06-08 20:32:07Z" end-time="2023-06-08 20:32:07Z" duration="0.000342" asserts="0">
              <properties>
                <property name="Category" value="GDX.Tests" />
              </properties>
              <output><![CDATA[[Code Coverage] Code Coverage results for visited sequence points were saved in D:/BuildAgent/work/GDX-Documentation/Staging/CodeCoverage/GDX_Development-opencov/EditMode/TestCoverageResults_0461.xml
[Code Coverage] Code Coverage requires Burst Compilation to be disabled in order to obtain accurate coverage information. To disable Burst Compilation uncheck Jobs > Burst > Enable Compilation or pass '--burst-disable-compilation' to the command line in batchmode.
]]></output>
            </test-case>
            <test-case id="1227" name="Constructor_CreateFromByte2" fullname="GDX.Mathematics.Byte2Tests.Constructor_CreateFromByte2" methodname="Constructor_CreateFromByte2" classname="GDX.Mathematics.Byte2Tests" runstate="Runnable" seed="1274084568" result="Passed" start-time="2023-06-08 20:32:08Z" end-time="2023-06-08 20:32:08Z" duration="0.000356" asserts="0">
              <properties>
                <property name="Category" value="GDX.Tests" />
              </properties>
              <output><![CDATA[[Code Coverage] Code Coverage results for visited sequence points were saved in D:/BuildAgent/work/GDX-Documentation/Staging/CodeCoverage/GDX_Development-opencov/EditMode/TestCoverageResults_0462.xml
[Code Coverage] Code Coverage requires Burst Compilation to be disabled in order to obtain accurate coverage information. To disable Burst Compilation uncheck Jobs > Burst > Enable Compilation or pass '--burst-disable-compilation' to the command line in batchmode.
]]></output>
            </test-case>
            <test-case id="1225" name="Constructor_CreateFromBytes" fullname="GDX.Mathematics.Byte2Tests.Constructor_CreateFromBytes" methodname="Constructor_CreateFromBytes" classname="GDX.Mathematics.Byte2Tests" runstate="Runnable" seed="1844858416" result="Passed" start-time="2023-06-08 20:32:08Z" end-time="2023-06-08 20:32:08Z" duration="0.000405" asserts="0">
              <properties>
                <property name="Category" value="GDX.Tests" />
              </properties>
              <output><![CDATA[[Code Coverage] Code Coverage results for visited sequence points were saved in D:/BuildAgent/work/GDX-Documentation/Staging/CodeCoverage/GDX_Development-opencov/EditMode/TestCoverageResults_0463.xml
[Code Coverage] Code Coverage requires Burst Compilation to be disabled in order to obtain accurate coverage information. To disable Burst Compilation uncheck Jobs > Burst > Enable Compilation or pass '--burst-disable-compilation' to the command line in batchmode.
]]></output>
            </test-case>
            <test-case id="1232" name="Constructor_CreateFromDouble" fullname="GDX.Mathematics.Byte2Tests.Constructor_CreateFromDouble" methodname="Constructor_CreateFromDouble" classname="GDX.Mathematics.Byte2Tests" runstate="Runnable" seed="267416727" result="Passed" start-time="2023-06-08 20:32:09Z" end-time="2023-06-08 20:32:09Z" duration="0.000351" asserts="0">
              <properties>
                <property name="Category" value="GDX.Tests" />
              </properties>
              <output><![CDATA[[Code Coverage] Code Coverage results for visited sequence points were saved in D:/BuildAgent/work/GDX-Documentation/Staging/CodeCoverage/GDX_Development-opencov/EditMode/TestCoverageResults_0464.xml
[Code Coverage] Code Coverage requires Burst Compilation to be disabled in order to obtain accurate coverage information. To disable Burst Compilation uncheck Jobs > Burst > Enable Compilation or pass '--burst-disable-compilation' to the command line in batchmode.
]]></output>
            </test-case>
            <test-case id="1233" name="Constructor_CreateFromDouble2" fullname="GDX.Mathematics.Byte2Tests.Constructor_CreateFromDouble2" methodname="Constructor_CreateFromDouble2" classname="GDX.Mathematics.Byte2Tests" runstate="Runnable" seed="1024968985" result="Passed" start-time="2023-06-08 20:32:09Z" end-time="2023-06-08 20:32:09Z" duration="0.000449" asserts="0">
              <properties>
                <property name="Category" value="GDX.Tests" />
              </properties>
              <output><![CDATA[[Code Coverage] Code Coverage results for visited sequence points were saved in D:/BuildAgent/work/GDX-Documentation/Staging/CodeCoverage/GDX_Development-opencov/EditMode/TestCoverageResults_0465.xml
[Code Coverage] Code Coverage requires Burst Compilation to be disabled in order to obtain accurate coverage information. To disable Burst Compilation uncheck Jobs > Burst > Enable Compilation or pass '--burst-disable-compilation' to the command line in batchmode.
]]></output>
            </test-case>
            <test-case id="1230" name="Constructor_CreateFromFloat" fullname="GDX.Mathematics.Byte2Tests.Constructor_CreateFromFloat" methodname="Constructor_CreateFromFloat" classname="GDX.Mathematics.Byte2Tests" runstate="Runnable" seed="312638119" result="Passed" start-time="2023-06-08 20:32:10Z" end-time="2023-06-08 20:32:10Z" duration="0.000457" asserts="0">
              <properties>
                <property name="Category" value="GDX.Tests" />
              </properties>
              <output><![CDATA[[Code Coverage] Code Coverage results for visited sequence points were saved in D:/BuildAgent/work/GDX-Documentation/Staging/CodeCoverage/GDX_Development-opencov/EditMode/TestCoverageResults_0466.xml
[Code Coverage] Code Coverage requires Burst Compilation to be disabled in order to obtain accurate coverage information. To disable Burst Compilation uncheck Jobs > Burst > Enable Compilation or pass '--burst-disable-compilation' to the command line in batchmode.
]]></output>
            </test-case>
            <test-case id="1231" name="Constructor_CreateFromFloat2" fullname="GDX.Mathematics.Byte2Tests.Constructor_CreateFromFloat2" methodname="Constructor_CreateFromFloat2" classname="GDX.Mathematics.Byte2Tests" runstate="Runnable" seed="849509410" result="Passed" start-time="2023-06-08 20:32:11Z" end-time="2023-06-08 20:32:11Z" duration="0.000432" asserts="0">
              <properties>
                <property name="Category" value="GDX.Tests" />
              </properties>
              <output><![CDATA[[Code Coverage] Code Coverage results for visited sequence points were saved in D:/BuildAgent/work/GDX-Documentation/Staging/CodeCoverage/GDX_Development-opencov/EditMode/TestCoverageResults_0467.xml
[Code Coverage] Code Coverage requires Burst Compilation to be disabled in order to obtain accurate coverage information. To disable Burst Compilation uncheck Jobs > Burst > Enable Compilation or pass '--burst-disable-compilation' to the command line in batchmode.
]]></output>
            </test-case>
            <test-case id="1224" name="Constructor_CreateFromInteger" fullname="GDX.Mathematics.Byte2Tests.Constructor_CreateFromInteger" methodname="Constructor_CreateFromInteger" classname="GDX.Mathematics.Byte2Tests" runstate="Runnable" seed="964246288" result="Passed" start-time="2023-06-08 20:32:11Z" end-time="2023-06-08 20:32:11Z" duration="0.000289" asserts="0">
              <properties>
                <property name="Category" value="GDX.Tests" />
              </properties>
              <output><![CDATA[[Code Coverage] Code Coverage results for visited sequence points were saved in D:/BuildAgent/work/GDX-Documentation/Staging/CodeCoverage/GDX_Development-opencov/EditMode/TestCoverageResults_0468.xml
[Code Coverage] Code Coverage requires Burst Compilation to be disabled in order to obtain accurate coverage information. To disable Burst Compilation uncheck Jobs > Burst > Enable Compilation or pass '--burst-disable-compilation' to the command line in batchmode.
]]></output>
            </test-case>
            <test-case id="1244" name="Equals_Compare_Byte2" fullname="GDX.Mathematics.Byte2Tests.Equals_Compare_Byte2" methodname="Equals_Compare_Byte2" classname="GDX.Mathematics.Byte2Tests" runstate="Runnable" seed="1974203556" result="Passed" start-time="2023-06-08 20:32:12Z" end-time="2023-06-08 20:32:12Z" duration="0.000358" asserts="0">
              <properties>
                <property name="Category" value="GDX.Tests" />
              </properties>
              <output><![CDATA[[Code Coverage] Code Coverage results for visited sequence points were saved in D:/BuildAgent/work/GDX-Documentation/Staging/CodeCoverage/GDX_Development-opencov/EditMode/TestCoverageResults_0469.xml
[Code Coverage] Code Coverage requires Burst Compilation to be disabled in order to obtain accurate coverage information. To disable Burst Compilation uncheck Jobs > Burst > Enable Compilation or pass '--burst-disable-compilation' to the command line in batchmode.
]]></output>
            </test-case>
            <test-case id="1245" name="Equals_Compare_Object" fullname="GDX.Mathematics.Byte2Tests.Equals_Compare_Object" methodname="Equals_Compare_Object" classname="GDX.Mathematics.Byte2Tests" runstate="Runnable" seed="817126338" result="Passed" start-time="2023-06-08 20:32:12Z" end-time="2023-06-08 20:32:12Z" duration="0.000401" asserts="0">
              <properties>
                <property name="Category" value="GDX.Tests" />
              </properties>
              <output><![CDATA[[Code Coverage] Code Coverage results for visited sequence points were saved in D:/BuildAgent/work/GDX-Documentation/Staging/CodeCoverage/GDX_Development-opencov/EditMode/TestCoverageResults_0470.xml
[Code Coverage] Code Coverage requires Burst Compilation to be disabled in order to obtain accurate coverage information. To disable Burst Compilation uncheck Jobs > Burst > Enable Compilation or pass '--burst-disable-compilation' to the command line in batchmode.
]]></output>
            </test-case>
            <test-case id="1259" name="Operator_Addition_Byte" fullname="GDX.Mathematics.Byte2Tests.Operator_Addition_Byte" methodname="Operator_Addition_Byte" classname="GDX.Mathematics.Byte2Tests" runstate="Runnable" seed="1031678337" result="Passed" start-time="2023-06-08 20:32:13Z" end-time="2023-06-08 20:32:13Z" duration="0.000384" asserts="0">
              <properties>
                <property name="Category" value="GDX.Tests" />
              </properties>
              <output><![CDATA[[Code Coverage] Code Coverage results for visited sequence points were saved in D:/BuildAgent/work/GDX-Documentation/Staging/CodeCoverage/GDX_Development-opencov/EditMode/TestCoverageResults_0471.xml
[Code Coverage] Code Coverage requires Burst Compilation to be disabled in order to obtain accurate coverage information. To disable Burst Compilation uncheck Jobs > Burst > Enable Compilation or pass '--burst-disable-compilation' to the command line in batchmode.
]]></output>
            </test-case>
            <test-case id="1258" name="Operator_Addition_Byte2" fullname="GDX.Mathematics.Byte2Tests.Operator_Addition_Byte2" methodname="Operator_Addition_Byte2" classname="GDX.Mathematics.Byte2Tests" runstate="Runnable" seed="1248586442" result="Passed" start-time="2023-06-08 20:32:14Z" end-time="2023-06-08 20:32:14Z" duration="0.000462" asserts="0">
              <properties>
                <property name="Category" value="GDX.Tests" />
              </properties>
              <output><![CDATA[[Code Coverage] Code Coverage results for visited sequence points were saved in D:/BuildAgent/work/GDX-Documentation/Staging/CodeCoverage/GDX_Development-opencov/EditMode/TestCoverageResults_0472.xml
[Code Coverage] Code Coverage requires Burst Compilation to be disabled in order to obtain accurate coverage information. To disable Burst Compilation uncheck Jobs > Burst > Enable Compilation or pass '--burst-disable-compilation' to the command line in batchmode.
]]></output>
            </test-case>
            <test-case id="1260" name="Operator_Addition_ByteBy" fullname="GDX.Mathematics.Byte2Tests.Operator_Addition_ByteBy" methodname="Operator_Addition_ByteBy" classname="GDX.Mathematics.Byte2Tests" runstate="Runnable" seed="1700915757" result="Passed" start-time="2023-06-08 20:32:14Z" end-time="2023-06-08 20:32:14Z" duration="0.000381" asserts="0">
              <properties>
                <property name="Category" value="GDX.Tests" />
              </properties>
              <output><![CDATA[[Code Coverage] Code Coverage results for visited sequence points were saved in D:/BuildAgent/work/GDX-Documentation/Staging/CodeCoverage/GDX_Development-opencov/EditMode/TestCoverageResults_0473.xml
[Code Coverage] Code Coverage requires Burst Compilation to be disabled in order to obtain accurate coverage information. To disable Burst Compilation uncheck Jobs > Burst > Enable Compilation or pass '--burst-disable-compilation' to the command line in batchmode.
]]></output>
            </test-case>
            <test-case id="1249" name="Operator_Explicit_Bool" fullname="GDX.Mathematics.Byte2Tests.Operator_Explicit_Bool" methodname="Operator_Explicit_Bool" classname="GDX.Mathematics.Byte2Tests" runstate="Runnable" seed="994035922" result="Passed" start-time="2023-06-08 20:32:15Z" end-time="2023-06-08 20:32:15Z" duration="0.000360" asserts="0">
              <properties>
                <property name="Category" value="GDX.Tests" />
              </properties>
              <output><![CDATA[[Code Coverage] Code Coverage results for visited sequence points were saved in D:/BuildAgent/work/GDX-Documentation/Staging/CodeCoverage/GDX_Development-opencov/EditMode/TestCoverageResults_0474.xml
[Code Coverage] Code Coverage requires Burst Compilation to be disabled in order to obtain accurate coverage information. To disable Burst Compilation uncheck Jobs > Burst > Enable Compilation or pass '--burst-disable-compilation' to the command line in batchmode.
]]></output>
            </test-case>
            <test-case id="1252" name="Operator_Explicit_Bool2" fullname="GDX.Mathematics.Byte2Tests.Operator_Explicit_Bool2" methodname="Operator_Explicit_Bool2" classname="GDX.Mathematics.Byte2Tests" runstate="Runnable" seed="370573696" result="Passed" start-time="2023-06-08 20:32:15Z" end-time="2023-06-08 20:32:15Z" duration="0.000367" asserts="0">
              <properties>
                <property name="Category" value="GDX.Tests" />
              </properties>
              <output><![CDATA[[Code Coverage] Code Coverage results for visited sequence points were saved in D:/BuildAgent/work/GDX-Documentation/Staging/CodeCoverage/GDX_Development-opencov/EditMode/TestCoverageResults_0475.xml
[Code Coverage] Code Coverage requires Burst Compilation to be disabled in order to obtain accurate coverage information. To disable Burst Compilation uncheck Jobs > Burst > Enable Compilation or pass '--burst-disable-compilation' to the command line in batchmode.
]]></output>
            </test-case>
            <test-case id="1251" name="Operator_Explicit_Double" fullname="GDX.Mathematics.Byte2Tests.Operator_Explicit_Double" methodname="Operator_Explicit_Double" classname="GDX.Mathematics.Byte2Tests" runstate="Runnable" seed="590579289" result="Passed" start-time="2023-06-08 20:32:16Z" end-time="2023-06-08 20:32:16Z" duration="0.000370" asserts="0">
              <properties>
                <property name="Category" value="GDX.Tests" />
              </properties>
              <output><![CDATA[[Code Coverage] Code Coverage results for visited sequence points were saved in D:/BuildAgent/work/GDX-Documentation/Staging/CodeCoverage/GDX_Development-opencov/EditMode/TestCoverageResults_0476.xml
[Code Coverage] Code Coverage requires Burst Compilation to be disabled in order to obtain accurate coverage information. To disable Burst Compilation uncheck Jobs > Burst > Enable Compilation or pass '--burst-disable-compilation' to the command line in batchmode.
]]></output>
            </test-case>
            <test-case id="1254" name="Operator_Explicit_Double2" fullname="GDX.Mathematics.Byte2Tests.Operator_Explicit_Double2" methodname="Operator_Explicit_Double2" classname="GDX.Mathematics.Byte2Tests" runstate="Runnable" seed="1941555014" result="Passed" start-time="2023-06-08 20:32:17Z" end-time="2023-06-08 20:32:17Z" duration="0.000398" asserts="0">
              <properties>
                <property name="Category" value="GDX.Tests" />
              </properties>
              <output><![CDATA[[Code Coverage] Code Coverage results for visited sequence points were saved in D:/BuildAgent/work/GDX-Documentation/Staging/CodeCoverage/GDX_Development-opencov/EditMode/TestCoverageResults_0477.xml
[Code Coverage] Code Coverage requires Burst Compilation to be disabled in order to obtain accurate coverage information. To disable Burst Compilation uncheck Jobs > Burst > Enable Compilation or pass '--burst-disable-compilation' to the command line in batchmode.
]]></output>
            </test-case>
            <test-case id="1250" name="Operator_Explicit_Float" fullname="GDX.Mathematics.Byte2Tests.Operator_Explicit_Float" methodname="Operator_Explicit_Float" classname="GDX.Mathematics.Byte2Tests" runstate="Runnable" seed="582842377" result="Passed" start-time="2023-06-08 20:32:17Z" end-time="2023-06-08 20:32:17Z" duration="0.000373" asserts="0">
              <properties>
                <property name="Category" value="GDX.Tests" />
              </properties>
              <output><![CDATA[[Code Coverage] Code Coverage results for visited sequence points were saved in D:/BuildAgent/work/GDX-Documentation/Staging/CodeCoverage/GDX_Development-opencov/EditMode/TestCoverageResults_0478.xml
[Code Coverage] Code Coverage requires Burst Compilation to be disabled in order to obtain accurate coverage information. To disable Burst Compilation uncheck Jobs > Burst > Enable Compilation or pass '--burst-disable-compilation' to the command line in batchmode.
]]></output>
            </test-case>
            <test-case id="1253" name="Operator_Explicit_Float2" fullname="GDX.Mathematics.Byte2Tests.Operator_Explicit_Float2" methodname="Operator_Explicit_Float2" classname="GDX.Mathematics.Byte2Tests" runstate="Runnable" seed="2092282709" result="Passed" start-time="2023-06-08 20:32:18Z" end-time="2023-06-08 20:32:18Z" duration="0.000410" asserts="0">
              <properties>
                <property name="Category" value="GDX.Tests" />
              </properties>
              <output><![CDATA[[Code Coverage] Code Coverage results for visited sequence points were saved in D:/BuildAgent/work/GDX-Documentation/Staging/CodeCoverage/GDX_Development-opencov/EditMode/TestCoverageResults_0479.xml
[Code Coverage] Code Coverage requires Burst Compilation to be disabled in order to obtain accurate coverage information. To disable Burst Compilation uncheck Jobs > Burst > Enable Compilation or pass '--burst-disable-compilation' to the command line in batchmode.
]]></output>
            </test-case>
            <test-case id="1248" name="Operator_Implicit_Byte" fullname="GDX.Mathematics.Byte2Tests.Operator_Implicit_Byte" methodname="Operator_Implicit_Byte" classname="GDX.Mathematics.Byte2Tests" runstate="Runnable" seed="729634560" result="Passed" start-time="2023-06-08 20:32:18Z" end-time="2023-06-08 20:32:18Z" duration="0.001267" asserts="0">
              <properties>
                <property name="Category" value="GDX.Tests" />
              </properties>
              <output><![CDATA[[Code Coverage] Code Coverage results for visited sequence points were saved in D:/BuildAgent/work/GDX-Documentation/Staging/CodeCoverage/GDX_Development-opencov/EditMode/TestCoverageResults_0480.xml
[Code Coverage] Code Coverage requires Burst Compilation to be disabled in order to obtain accurate coverage information. To disable Burst Compilation uncheck Jobs > Burst > Enable Compilation or pass '--burst-disable-compilation' to the command line in batchmode.
]]></output>
            </test-case>
            <test-case id="1255" name="Operator_Multiply_Byte" fullname="GDX.Mathematics.Byte2Tests.Operator_Multiply_Byte" methodname="Operator_Multiply_Byte" classname="GDX.Mathematics.Byte2Tests" runstate="Runnable" seed="107621652" result="Passed" start-time="2023-06-08 20:32:19Z" end-time="2023-06-08 20:32:19Z" duration="0.000378" asserts="0">
              <properties>
                <property name="Category" value="GDX.Tests" />
              </properties>
              <output><![CDATA[[Code Coverage] Code Coverage results for visited sequence points were saved in D:/BuildAgent/work/GDX-Documentation/Staging/CodeCoverage/GDX_Development-opencov/EditMode/TestCoverageResults_0481.xml
[Code Coverage] Code Coverage requires Burst Compilation to be disabled in order to obtain accurate coverage information. To disable Burst Compilation uncheck Jobs > Burst > Enable Compilation or pass '--burst-disable-compilation' to the command line in batchmode.
]]></output>
            </test-case>
            <test-case id="1256" name="Operator_Multiply_Byte2" fullname="GDX.Mathematics.Byte2Tests.Operator_Multiply_Byte2" methodname="Operator_Multiply_Byte2" classname="GDX.Mathematics.Byte2Tests" runstate="Runnable" seed="855914355" result="Passed" start-time="2023-06-08 20:32:20Z" end-time="2023-06-08 20:32:20Z" duration="0.000457" asserts="0">
              <properties>
                <property name="Category" value="GDX.Tests" />
              </properties>
              <output><![CDATA[[Code Coverage] Code Coverage results for visited sequence points were saved in D:/BuildAgent/work/GDX-Documentation/Staging/CodeCoverage/GDX_Development-opencov/EditMode/TestCoverageResults_0482.xml
[Code Coverage] Code Coverage requires Burst Compilation to be disabled in order to obtain accurate coverage information. To disable Burst Compilation uncheck Jobs > Burst > Enable Compilation or pass '--burst-disable-compilation' to the command line in batchmode.
]]></output>
            </test-case>
            <test-case id="1257" name="Operator_Multiply_ByteBy" fullname="GDX.Mathematics.Byte2Tests.Operator_Multiply_ByteBy" methodname="Operator_Multiply_ByteBy" classname="GDX.Mathematics.Byte2Tests" runstate="Runnable" seed="1690376282" result="Passed" start-time="2023-06-08 20:32:20Z" end-time="2023-06-08 20:32:20Z" duration="0.000431" asserts="0">
              <properties>
                <property name="Category" value="GDX.Tests" />
              </properties>
              <output><![CDATA[[Code Coverage] Code Coverage results for visited sequence points were saved in D:/BuildAgent/work/GDX-Documentation/Staging/CodeCoverage/GDX_Development-opencov/EditMode/TestCoverageResults_0483.xml
[Code Coverage] Code Coverage requires Burst Compilation to be disabled in order to obtain accurate coverage information. To disable Burst Compilation uncheck Jobs > Burst > Enable Compilation or pass '--burst-disable-compilation' to the command line in batchmode.
]]></output>
            </test-case>
            <test-case id="1247" name="ToString_Format_ByteIntegerValues" fullname="GDX.Mathematics.Byte2Tests.ToString_Format_ByteIntegerValues" methodname="ToString_Format_ByteIntegerValues" classname="GDX.Mathematics.Byte2Tests" runstate="Runnable" seed="514820964" result="Passed" start-time="2023-06-08 20:32:21Z" end-time="2023-06-08 20:32:21Z" duration="0.000620" asserts="0">
              <properties>
                <property name="Category" value="GDX.Tests" />
              </properties>
              <output><![CDATA[[Code Coverage] Code Coverage results for visited sequence points were saved in D:/BuildAgent/work/GDX-Documentation/Staging/CodeCoverage/GDX_Development-opencov/EditMode/TestCoverageResults_0484.xml
[Code Coverage] Code Coverage requires Burst Compilation to be disabled in order to obtain accurate coverage information. To disable Burst Compilation uncheck Jobs > Burst > Enable Compilation or pass '--burst-disable-compilation' to the command line in batchmode.
]]></output>
            </test-case>
            <test-case id="1246" name="ToString_Output_ByteIntegerValues" fullname="GDX.Mathematics.Byte2Tests.ToString_Output_ByteIntegerValues" methodname="ToString_Output_ByteIntegerValues" classname="GDX.Mathematics.Byte2Tests" runstate="Runnable" seed="1189767208" result="Passed" start-time="2023-06-08 20:32:22Z" end-time="2023-06-08 20:32:22Z" duration="0.000449" asserts="0">
              <properties>
                <property name="Category" value="GDX.Tests" />
              </properties>
              <output><![CDATA[[Code Coverage] Code Coverage results for visited sequence points were saved in D:/BuildAgent/work/GDX-Documentation/Staging/CodeCoverage/GDX_Development-opencov/EditMode/TestCoverageResults_0485.xml
[Code Coverage] Code Coverage requires Burst Compilation to be disabled in order to obtain accurate coverage information. To disable Burst Compilation uncheck Jobs > Burst > Enable Compilation or pass '--burst-disable-compilation' to the command line in batchmode.
]]></output>
            </test-case>
            <test-case id="1234" name="XX_CreateNew" fullname="GDX.Mathematics.Byte2Tests.XX_CreateNew" methodname="XX_CreateNew" classname="GDX.Mathematics.Byte2Tests" runstate="Runnable" seed="317804826" result="Passed" start-time="2023-06-08 20:32:22Z" end-time="2023-06-08 20:32:22Z" duration="0.000372" asserts="0">
              <properties>
                <property name="Category" value="GDX.Tests" />
              </properties>
              <output><![CDATA[[Code Coverage] Code Coverage results for visited sequence points were saved in D:/BuildAgent/work/GDX-Documentation/Staging/CodeCoverage/GDX_Development-opencov/EditMode/TestCoverageResults_0486.xml
[Code Coverage] Code Coverage requires Burst Compilation to be disabled in order to obtain accurate coverage information. To disable Burst Compilation uncheck Jobs > Burst > Enable Compilation or pass '--burst-disable-compilation' to the command line in batchmode.
]]></output>
            </test-case>
            <test-case id="1235" name="XY_CreateNew" fullname="GDX.Mathematics.Byte2Tests.XY_CreateNew" methodname="XY_CreateNew" classname="GDX.Mathematics.Byte2Tests" runstate="Runnable" seed="120422766" result="Passed" start-time="2023-06-08 20:32:23Z" end-time="2023-06-08 20:32:23Z" duration="0.000377" asserts="0">
              <properties>
                <property name="Category" value="GDX.Tests" />
              </properties>
              <output><![CDATA[[Code Coverage] Code Coverage results for visited sequence points were saved in D:/BuildAgent/work/GDX-Documentation/Staging/CodeCoverage/GDX_Development-opencov/EditMode/TestCoverageResults_0487.xml
[Code Coverage] Code Coverage requires Burst Compilation to be disabled in order to obtain accurate coverage information. To disable Burst Compilation uncheck Jobs > Burst > Enable Compilation or pass '--burst-disable-compilation' to the command line in batchmode.
]]></output>
            </test-case>
            <test-case id="1236" name="XY_SetValue" fullname="GDX.Mathematics.Byte2Tests.XY_SetValue" methodname="XY_SetValue" classname="GDX.Mathematics.Byte2Tests" runstate="Runnable" seed="1181344284" result="Passed" start-time="2023-06-08 20:32:23Z" end-time="2023-06-08 20:32:23Z" duration="0.000392" asserts="0">
              <properties>
                <property name="Category" value="GDX.Tests" />
              </properties>
              <output><![CDATA[[Code Coverage] Code Coverage results for visited sequence points were saved in D:/BuildAgent/work/GDX-Documentation/Staging/CodeCoverage/GDX_Development-opencov/EditMode/TestCoverageResults_0488.xml
[Code Coverage] Code Coverage requires Burst Compilation to be disabled in order to obtain accurate coverage information. To disable Burst Compilation uncheck Jobs > Burst > Enable Compilation or pass '--burst-disable-compilation' to the command line in batchmode.
]]></output>
            </test-case>
            <test-case id="1237" name="YX_CreateNew" fullname="GDX.Mathematics.Byte2Tests.YX_CreateNew" methodname="YX_CreateNew" classname="GDX.Mathematics.Byte2Tests" runstate="Runnable" seed="1277183853" result="Passed" start-time="2023-06-08 20:32:24Z" end-time="2023-06-08 20:32:24Z" duration="0.000376" asserts="0">
              <properties>
                <property name="Category" value="GDX.Tests" />
              </properties>
              <output><![CDATA[[Code Coverage] Code Coverage results for visited sequence points were saved in D:/BuildAgent/work/GDX-Documentation/Staging/CodeCoverage/GDX_Development-opencov/EditMode/TestCoverageResults_0489.xml
[Code Coverage] Code Coverage requires Burst Compilation to be disabled in order to obtain accurate coverage information. To disable Burst Compilation uncheck Jobs > Burst > Enable Compilation or pass '--burst-disable-compilation' to the command line in batchmode.
]]></output>
            </test-case>
            <test-case id="1238" name="YX_SetValue" fullname="GDX.Mathematics.Byte2Tests.YX_SetValue" methodname="YX_SetValue" classname="GDX.Mathematics.Byte2Tests" runstate="Runnable" seed="1773747454" result="Passed" start-time="2023-06-08 20:32:25Z" end-time="2023-06-08 20:32:25Z" duration="0.000378" asserts="0">
              <properties>
                <property name="Category" value="GDX.Tests" />
              </properties>
              <output><![CDATA[[Code Coverage] Code Coverage results for visited sequence points were saved in D:/BuildAgent/work/GDX-Documentation/Staging/CodeCoverage/GDX_Development-opencov/EditMode/TestCoverageResults_0490.xml
[Code Coverage] Code Coverage requires Burst Compilation to be disabled in order to obtain accurate coverage information. To disable Burst Compilation uncheck Jobs > Burst > Enable Compilation or pass '--burst-disable-compilation' to the command line in batchmode.
]]></output>
            </test-case>
            <test-case id="1239" name="YY_CreateNew" fullname="GDX.Mathematics.Byte2Tests.YY_CreateNew" methodname="YY_CreateNew" classname="GDX.Mathematics.Byte2Tests" runstate="Runnable" seed="1298741588" result="Passed" start-time="2023-06-08 20:32:25Z" end-time="2023-06-08 20:32:25Z" duration="0.000364" asserts="0">
              <properties>
                <property name="Category" value="GDX.Tests" />
              </properties>
              <output><![CDATA[[Code Coverage] Code Coverage results for visited sequence points were saved in D:/BuildAgent/work/GDX-Documentation/Staging/CodeCoverage/GDX_Development-opencov/EditMode/TestCoverageResults_0491.xml
[Code Coverage] Code Coverage requires Burst Compilation to be disabled in order to obtain accurate coverage information. To disable Burst Compilation uncheck Jobs > Burst > Enable Compilation or pass '--burst-disable-compilation' to the command line in batchmode.
]]></output>
            </test-case>
          </test-suite>
          <test-suite type="TestSuite" id="1763" name="Random" fullname="GDX.Mathematics.Random" runstate="Runnable" testcasecount="42" result="Passed" start-time="2023-06-08 20:32:26Z" end-time="2023-06-08 20:32:53Z" duration="27.476669" total="42" passed="42" failed="0" inconclusive="0" skipped="0" asserts="0">
            <properties />
            <test-suite type="TestFixture" id="1274" name="RandomAdaptorTests" fullname="GDX.Mathematics.Random.RandomAdaptorTests" classname="GDX.Mathematics.Random.RandomAdaptorTests" runstate="Runnable" testcasecount="6" result="Passed" start-time="2023-06-08 20:32:26Z" end-time="2023-06-08 20:32:30Z" duration="3.819402" total="6" passed="6" failed="0" inconclusive="0" skipped="0" asserts="0">
              <properties />
              <test-case id="1277" name="Next_MaxValue_ValuesInRange" fullname="GDX.Mathematics.Random.RandomAdaptorTests.Next_MaxValue_ValuesInRange" methodname="Next_MaxValue_ValuesInRange" classname="GDX.Mathematics.Random.RandomAdaptorTests" runstate="Runnable" seed="2146197328" result="Passed" start-time="2023-06-08 20:32:26Z" end-time="2023-06-08 20:32:26Z" duration="0.000515" asserts="0">
                <properties>
                  <property name="Category" value="GDX.Tests" />
                </properties>
                <output><![CDATA[[Code Coverage] Code Coverage results for visited sequence points were saved in D:/BuildAgent/work/GDX-Documentation/Staging/CodeCoverage/GDX_Development-opencov/EditMode/TestCoverageResults_0492.xml
[Code Coverage] Code Coverage requires Burst Compilation to be disabled in order to obtain accurate coverage information. To disable Burst Compilation uncheck Jobs > Burst > Enable Compilation or pass '--burst-disable-compilation' to the command line in batchmode.
]]></output>
              </test-case>
              <test-case id="1276" name="Next_MockData_DifferentValues" fullname="GDX.Mathematics.Random.RandomAdaptorTests.Next_MockData_DifferentValues" methodname="Next_MockData_DifferentValues" classname="GDX.Mathematics.Random.RandomAdaptorTests" runstate="Runnable" seed="1758373948" result="Passed" start-time="2023-06-08 20:32:27Z" end-time="2023-06-08 20:32:27Z" duration="0.000691" asserts="0">
                <properties>
                  <property name="Category" value="GDX.Tests" />
                </properties>
                <output><![CDATA[[Code Coverage] Code Coverage results for visited sequence points were saved in D:/BuildAgent/work/GDX-Documentation/Staging/CodeCoverage/GDX_Development-opencov/EditMode/TestCoverageResults_0493.xml
[Code Coverage] Code Coverage requires Burst Compilation to be disabled in order to obtain accurate coverage information. To disable Burst Compilation uncheck Jobs > Burst > Enable Compilation or pass '--burst-disable-compilation' to the command line in batchmode.
]]></output>
              </test-case>
              <test-case id="1278" name="Next_Range_ValuesInRange" fullname="GDX.Mathematics.Random.RandomAdaptorTests.Next_Range_ValuesInRange" methodname="Next_Range_ValuesInRange" classname="GDX.Mathematics.Random.RandomAdaptorTests" runstate="Runnable" seed="679277577" result="Passed" start-time="2023-06-08 20:32:27Z" end-time="2023-06-08 20:32:27Z" duration="0.000792" asserts="0">
                <properties>
                  <property name="Category" value="GDX.Tests" />
                </properties>
                <output><![CDATA[[Code Coverage] Code Coverage results for visited sequence points were saved in D:/BuildAgent/work/GDX-Documentation/Staging/CodeCoverage/GDX_Development-opencov/EditMode/TestCoverageResults_0494.xml
[Code Coverage] Code Coverage requires Burst Compilation to be disabled in order to obtain accurate coverage information. To disable Burst Compilation uncheck Jobs > Burst > Enable Compilation or pass '--burst-disable-compilation' to the command line in batchmode.
]]></output>
              </test-case>
              <test-case id="1280" name="NextBytes_MockData_FillsBuffer" fullname="GDX.Mathematics.Random.RandomAdaptorTests.NextBytes_MockData_FillsBuffer" methodname="NextBytes_MockData_FillsBuffer" classname="GDX.Mathematics.Random.RandomAdaptorTests" runstate="Runnable" seed="1626794727" result="Passed" start-time="2023-06-08 20:32:28Z" end-time="2023-06-08 20:32:28Z" duration="0.000533" asserts="0">
                <properties>
                  <property name="Category" value="GDX.Tests" />
                </properties>
                <output><![CDATA[[Code Coverage] Code Coverage results for visited sequence points were saved in D:/BuildAgent/work/GDX-Documentation/Staging/CodeCoverage/GDX_Development-opencov/EditMode/TestCoverageResults_0495.xml
[Code Coverage] Code Coverage requires Burst Compilation to be disabled in order to obtain accurate coverage information. To disable Burst Compilation uncheck Jobs > Burst > Enable Compilation or pass '--burst-disable-compilation' to the command line in batchmode.
]]></output>
              </test-case>
              <test-case id="1279" name="NextDouble_MockData_DifferentValues" fullname="GDX.Mathematics.Random.RandomAdaptorTests.NextDouble_MockData_DifferentValues" methodname="NextDouble_MockData_DifferentValues" classname="GDX.Mathematics.Random.RandomAdaptorTests" runstate="Runnable" seed="1461847396" result="Passed" start-time="2023-06-08 20:32:28Z" end-time="2023-06-08 20:32:28Z" duration="0.000608" asserts="0">
                <properties>
                  <property name="Category" value="GDX.Tests" />
                </properties>
                <output><![CDATA[[Code Coverage] Code Coverage results for visited sequence points were saved in D:/BuildAgent/work/GDX-Documentation/Staging/CodeCoverage/GDX_Development-opencov/EditMode/TestCoverageResults_0496.xml
[Code Coverage] Code Coverage requires Burst Compilation to be disabled in order to obtain accurate coverage information. To disable Burst Compilation uncheck Jobs > Burst > Enable Compilation or pass '--burst-disable-compilation' to the command line in batchmode.
]]></output>
              </test-case>
              <test-case id="1275" name="RandomAdaptor_FromWELL1024a_Created" fullname="GDX.Mathematics.Random.RandomAdaptorTests.RandomAdaptor_FromWELL1024a_Created" methodname="RandomAdaptor_FromWELL1024a_Created" classname="GDX.Mathematics.Random.RandomAdaptorTests" runstate="Runnable" seed="1556303714" result="Passed" start-time="2023-06-08 20:32:29Z" end-time="2023-06-08 20:32:29Z" duration="0.000389" asserts="0">
                <properties>
                  <property name="Category" value="GDX.Tests" />
                </properties>
                <output><![CDATA[[Code Coverage] Code Coverage results for visited sequence points were saved in D:/BuildAgent/work/GDX-Documentation/Staging/CodeCoverage/GDX_Development-opencov/EditMode/TestCoverageResults_0497.xml
[Code Coverage] Code Coverage requires Burst Compilation to be disabled in order to obtain accurate coverage information. To disable Burst Compilation uncheck Jobs > Burst > Enable Compilation or pass '--burst-disable-compilation' to the command line in batchmode.
]]></output>
              </test-case>
            </test-suite>
            <test-suite type="TestFixture" id="1281" name="RandomWrapperTests" fullname="GDX.Mathematics.Random.RandomWrapperTests" classname="GDX.Mathematics.Random.RandomWrapperTests" runstate="Runnable" testcasecount="11" result="Passed" start-time="2023-06-08 20:32:30Z" end-time="2023-06-08 20:32:38Z" duration="7.926763" total="11" passed="11" failed="0" inconclusive="0" skipped="0" asserts="0">
              <properties />
              <test-case id="1285" name="NextBoolean_FixedSeed_ReturnsFalse" fullname="GDX.Mathematics.Random.RandomWrapperTests.NextBoolean_FixedSeed_ReturnsFalse" methodname="NextBoolean_FixedSeed_ReturnsFalse" classname="GDX.Mathematics.Random.RandomWrapperTests" runstate="Runnable" seed="965507172" result="Passed" start-time="2023-06-08 20:32:30Z" end-time="2023-06-08 20:32:30Z" duration="0.000703" asserts="0">
                <properties>
                  <property name="Category" value="GDX.Tests" />
                </properties>
                <output><![CDATA[[Code Coverage] Code Coverage results for visited sequence points were saved in D:/BuildAgent/work/GDX-Documentation/Staging/CodeCoverage/GDX_Development-opencov/EditMode/TestCoverageResults_0498.xml
[Code Coverage] Code Coverage requires Burst Compilation to be disabled in order to obtain accurate coverage information. To disable Burst Compilation uncheck Jobs > Burst > Enable Compilation or pass '--burst-disable-compilation' to the command line in batchmode.
]]></output>
              </test-case>
              <test-case id="1284" name="NextBoolean_FixedSeed_ReturnsTrue" fullname="GDX.Mathematics.Random.RandomWrapperTests.NextBoolean_FixedSeed_ReturnsTrue" methodname="NextBoolean_FixedSeed_ReturnsTrue" classname="GDX.Mathematics.Random.RandomWrapperTests" runstate="Runnable" seed="365404411" result="Passed" start-time="2023-06-08 20:32:30Z" end-time="2023-06-08 20:32:30Z" duration="0.000291" asserts="0">
                <properties>
                  <property name="Category" value="GDX.Tests" />
                </properties>
                <output><![CDATA[[Code Coverage] Code Coverage results for visited sequence points were saved in D:/BuildAgent/work/GDX-Documentation/Staging/CodeCoverage/GDX_Development-opencov/EditMode/TestCoverageResults_0499.xml
[Code Coverage] Code Coverage requires Burst Compilation to be disabled in order to obtain accurate coverage information. To disable Burst Compilation uncheck Jobs > Burst > Enable Compilation or pass '--burst-disable-compilation' to the command line in batchmode.
]]></output>
              </test-case>
              <test-case id="1286" name="NextBytes_MockData_FillsBuffer" fullname="GDX.Mathematics.Random.RandomWrapperTests.NextBytes_MockData_FillsBuffer" methodname="NextBytes_MockData_FillsBuffer" classname="GDX.Mathematics.Random.RandomWrapperTests" runstate="Runnable" seed="2036945457" result="Passed" start-time="2023-06-08 20:32:31Z" end-time="2023-06-08 20:32:31Z" duration="0.000516" asserts="0">
                <properties>
                  <property name="Category" value="GDX.Tests" />
                </properties>
                <output><![CDATA[[Code Coverage] Code Coverage results for visited sequence points were saved in D:/BuildAgent/work/GDX-Documentation/Staging/CodeCoverage/GDX_Development-opencov/EditMode/TestCoverageResults_0500.xml
[Code Coverage] Code Coverage requires Burst Compilation to be disabled in order to obtain accurate coverage information. To disable Burst Compilation uncheck Jobs > Burst > Enable Compilation or pass '--burst-disable-compilation' to the command line in batchmode.
]]></output>
              </test-case>
              <test-case id="1287" name="NextDouble_MockData_InRange" fullname="GDX.Mathematics.Random.RandomWrapperTests.NextDouble_MockData_InRange" methodname="NextDouble_MockData_InRange" classname="GDX.Mathematics.Random.RandomWrapperTests" runstate="Runnable" seed="1537348923" result="Passed" start-time="2023-06-08 20:32:32Z" end-time="2023-06-08 20:32:32Z" duration="0.000404" asserts="0">
                <properties>
                  <property name="Category" value="GDX.Tests" />
                </properties>
                <output><![CDATA[[Code Coverage] Code Coverage results for visited sequence points were saved in D:/BuildAgent/work/GDX-Documentation/Staging/CodeCoverage/GDX_Development-opencov/EditMode/TestCoverageResults_0501.xml
[Code Coverage] Code Coverage requires Burst Compilation to be disabled in order to obtain accurate coverage information. To disable Burst Compilation uncheck Jobs > Burst > Enable Compilation or pass '--burst-disable-compilation' to the command line in batchmode.
]]></output>
              </test-case>
              <test-case id="1288" name="NextInteger_MockData_InRange" fullname="GDX.Mathematics.Random.RandomWrapperTests.NextInteger_MockData_InRange" methodname="NextInteger_MockData_InRange" classname="GDX.Mathematics.Random.RandomWrapperTests" runstate="Runnable" seed="1225229838" result="Passed" start-time="2023-06-08 20:32:32Z" end-time="2023-06-08 20:32:32Z" duration="0.000363" asserts="0">
                <properties>
                  <property name="Category" value="GDX.Tests" />
                </properties>
                <output><![CDATA[[Code Coverage] Code Coverage results for visited sequence points were saved in D:/BuildAgent/work/GDX-Documentation/Staging/CodeCoverage/GDX_Development-opencov/EditMode/TestCoverageResults_0502.xml
[Code Coverage] Code Coverage requires Burst Compilation to be disabled in order to obtain accurate coverage information. To disable Burst Compilation uncheck Jobs > Burst > Enable Compilation or pass '--burst-disable-compilation' to the command line in batchmode.
]]></output>
              </test-case>
              <test-case id="1289" name="NextIntegerExclusive_MockData_InRange" fullname="GDX.Mathematics.Random.RandomWrapperTests.NextIntegerExclusive_MockData_InRange" methodname="NextIntegerExclusive_MockData_InRange" classname="GDX.Mathematics.Random.RandomWrapperTests" runstate="Runnable" seed="1316151559" result="Passed" start-time="2023-06-08 20:32:33Z" end-time="2023-06-08 20:32:33Z" duration="0.000355" asserts="0">
                <properties>
                  <property name="Category" value="GDX.Tests" />
                </properties>
                <output><![CDATA[[Code Coverage] Code Coverage results for visited sequence points were saved in D:/BuildAgent/work/GDX-Documentation/Staging/CodeCoverage/GDX_Development-opencov/EditMode/TestCoverageResults_0503.xml
[Code Coverage] Code Coverage requires Burst Compilation to be disabled in order to obtain accurate coverage information. To disable Burst Compilation uncheck Jobs > Burst > Enable Compilation or pass '--burst-disable-compilation' to the command line in batchmode.
]]></output>
              </test-case>
              <test-case id="1290" name="NextSingle_MockData_InRange" fullname="GDX.Mathematics.Random.RandomWrapperTests.NextSingle_MockData_InRange" methodname="NextSingle_MockData_InRange" classname="GDX.Mathematics.Random.RandomWrapperTests" runstate="Runnable" seed="1555290071" result="Passed" start-time="2023-06-08 20:32:33Z" end-time="2023-06-08 20:32:33Z" duration="0.000462" asserts="0">
                <properties>
                  <property name="Category" value="GDX.Tests" />
                </properties>
                <output><![CDATA[[Code Coverage] Code Coverage results for visited sequence points were saved in D:/BuildAgent/work/GDX-Documentation/Staging/CodeCoverage/GDX_Development-opencov/EditMode/TestCoverageResults_0504.xml
[Code Coverage] Code Coverage requires Burst Compilation to be disabled in order to obtain accurate coverage information. To disable Burst Compilation uncheck Jobs > Burst > Enable Compilation or pass '--burst-disable-compilation' to the command line in batchmode.
]]></output>
              </test-case>
              <test-case id="1291" name="NextUnsignedInteger_MockData_InRange" fullname="GDX.Mathematics.Random.RandomWrapperTests.NextUnsignedInteger_MockData_InRange" methodname="NextUnsignedInteger_MockData_InRange" classname="GDX.Mathematics.Random.RandomWrapperTests" runstate="Runnable" seed="346207633" result="Passed" start-time="2023-06-08 20:32:34Z" end-time="2023-06-08 20:32:34Z" duration="0.000479" asserts="0">
                <properties>
                  <property name="Category" value="GDX.Tests" />
                </properties>
                <output><![CDATA[[Code Coverage] Code Coverage results for visited sequence points were saved in D:/BuildAgent/work/GDX-Documentation/Staging/CodeCoverage/GDX_Development-opencov/EditMode/TestCoverageResults_0505.xml
[Code Coverage] Code Coverage requires Burst Compilation to be disabled in order to obtain accurate coverage information. To disable Burst Compilation uncheck Jobs > Burst > Enable Compilation or pass '--burst-disable-compilation' to the command line in batchmode.
]]></output>
              </test-case>
              <test-case id="1292" name="NextUnsignedIntegerExclusive_MockData_InRange" fullname="GDX.Mathematics.Random.RandomWrapperTests.NextUnsignedIntegerExclusive_MockData_InRange" methodname="NextUnsignedIntegerExclusive_MockData_InRange" classname="GDX.Mathematics.Random.RandomWrapperTests" runstate="Runnable" seed="1996322657" result="Passed" start-time="2023-06-08 20:32:35Z" end-time="2023-06-08 20:32:35Z" duration="0.000375" asserts="0">
                <properties>
                  <property name="Category" value="GDX.Tests" />
                </properties>
                <output><![CDATA[[Code Coverage] Code Coverage results for visited sequence points were saved in D:/BuildAgent/work/GDX-Documentation/Staging/CodeCoverage/GDX_Development-opencov/EditMode/TestCoverageResults_0506.xml
[Code Coverage] Code Coverage requires Burst Compilation to be disabled in order to obtain accurate coverage information. To disable Burst Compilation uncheck Jobs > Burst > Enable Compilation or pass '--burst-disable-compilation' to the command line in batchmode.
]]></output>
              </test-case>
              <test-case id="1282" name="RandomWrapper_NoSeed_Created" fullname="GDX.Mathematics.Random.RandomWrapperTests.RandomWrapper_NoSeed_Created" methodname="RandomWrapper_NoSeed_Created" classname="GDX.Mathematics.Random.RandomWrapperTests" runstate="Runnable" seed="184462334" result="Passed" start-time="2023-06-08 20:32:36Z" end-time="2023-06-08 20:32:36Z" duration="0.000347" asserts="0">
                <properties>
                  <property name="Category" value="GDX.Tests" />
                </properties>
                <output><![CDATA[[Code Coverage] Code Coverage results for visited sequence points were saved in D:/BuildAgent/work/GDX-Documentation/Staging/CodeCoverage/GDX_Development-opencov/EditMode/TestCoverageResults_0507.xml
[Code Coverage] Code Coverage requires Burst Compilation to be disabled in order to obtain accurate coverage information. To disable Burst Compilation uncheck Jobs > Burst > Enable Compilation or pass '--burst-disable-compilation' to the command line in batchmode.
]]></output>
              </test-case>
              <test-case id="1283" name="RandomWrapper_WithSeed_Created" fullname="GDX.Mathematics.Random.RandomWrapperTests.RandomWrapper_WithSeed_Created" methodname="RandomWrapper_WithSeed_Created" classname="GDX.Mathematics.Random.RandomWrapperTests" runstate="Runnable" seed="1013694043" result="Passed" start-time="2023-06-08 20:32:37Z" end-time="2023-06-08 20:32:37Z" duration="0.000287" asserts="0">
                <properties>
                  <property name="Category" value="GDX.Tests" />
                </properties>
                <output><![CDATA[[Code Coverage] Code Coverage results for visited sequence points were saved in D:/BuildAgent/work/GDX-Documentation/Staging/CodeCoverage/GDX_Development-opencov/EditMode/TestCoverageResults_0508.xml
[Code Coverage] Code Coverage requires Burst Compilation to be disabled in order to obtain accurate coverage information. To disable Burst Compilation uncheck Jobs > Burst > Enable Compilation or pass '--burst-disable-compilation' to the command line in batchmode.
]]></output>
              </test-case>
            </test-suite>
            <test-suite type="TestFixture" id="1293" name="WELL1024aTests" fullname="GDX.Mathematics.Random.WELL1024aTests" classname="GDX.Mathematics.Random.WELL1024aTests" runstate="Runnable" testcasecount="25" result="Passed" start-time="2023-06-08 20:32:38Z" end-time="2023-06-08 20:32:53Z" duration="15.726561" total="25" passed="25" failed="0" inconclusive="0" skipped="0" asserts="0">
              <properties />
              <test-case id="1299" name="Equals_ByReference_ReturnsTrue" fullname="GDX.Mathematics.Random.WELL1024aTests.Equals_ByReference_ReturnsTrue" methodname="Equals_ByReference_ReturnsTrue" classname="GDX.Mathematics.Random.WELL1024aTests" runstate="Runnable" seed="2008066139" result="Passed" start-time="2023-06-08 20:32:38Z" end-time="2023-06-08 20:32:38Z" duration="0.000329" asserts="0">
                <properties>
                  <property name="Category" value="GDX.Tests" />
                </properties>
                <output><![CDATA[[Code Coverage] Code Coverage results for visited sequence points were saved in D:/BuildAgent/work/GDX-Documentation/Staging/CodeCoverage/GDX_Development-opencov/EditMode/TestCoverageResults_0509.xml
[Code Coverage] Code Coverage requires Burst Compilation to be disabled in order to obtain accurate coverage information. To disable Burst Compilation uncheck Jobs > Burst > Enable Compilation or pass '--burst-disable-compilation' to the command line in batchmode.
]]></output>
              </test-case>
              <test-case id="1301" name="Equals_Object_ReturnsTrue" fullname="GDX.Mathematics.Random.WELL1024aTests.Equals_Object_ReturnsTrue" methodname="Equals_Object_ReturnsTrue" classname="GDX.Mathematics.Random.WELL1024aTests" runstate="Runnable" seed="1884114582" result="Passed" start-time="2023-06-08 20:32:38Z" end-time="2023-06-08 20:32:38Z" duration="0.000480" asserts="0">
                <properties>
                  <property name="Category" value="GDX.Tests" />
                </properties>
                <output><![CDATA[[Code Coverage] Code Coverage results for visited sequence points were saved in D:/BuildAgent/work/GDX-Documentation/Staging/CodeCoverage/GDX_Development-opencov/EditMode/TestCoverageResults_0510.xml
[Code Coverage] Code Coverage requires Burst Compilation to be disabled in order to obtain accurate coverage information. To disable Burst Compilation uncheck Jobs > Burst > Enable Compilation or pass '--burst-disable-compilation' to the command line in batchmode.
]]></output>
              </test-case>
              <test-case id="1300" name="Equals_Reference_ReturnsTrue" fullname="GDX.Mathematics.Random.WELL1024aTests.Equals_Reference_ReturnsTrue" methodname="Equals_Reference_ReturnsTrue" classname="GDX.Mathematics.Random.WELL1024aTests" runstate="Runnable" seed="1599784871" result="Passed" start-time="2023-06-08 20:32:39Z" end-time="2023-06-08 20:32:39Z" duration="0.000361" asserts="0">
                <properties>
                  <property name="Category" value="GDX.Tests" />
                </properties>
                <output><![CDATA[[Code Coverage] Code Coverage results for visited sequence points were saved in D:/BuildAgent/work/GDX-Documentation/Staging/CodeCoverage/GDX_Development-opencov/EditMode/TestCoverageResults_0511.xml
[Code Coverage] Code Coverage requires Burst Compilation to be disabled in order to obtain accurate coverage information. To disable Burst Compilation uncheck Jobs > Burst > Enable Compilation or pass '--burst-disable-compilation' to the command line in batchmode.
]]></output>
              </test-case>
              <test-case id="1303" name="NextBoolean_PerfectChance_ReturnsTrue" fullname="GDX.Mathematics.Random.WELL1024aTests.NextBoolean_PerfectChance_ReturnsTrue" methodname="NextBoolean_PerfectChance_ReturnsTrue" classname="GDX.Mathematics.Random.WELL1024aTests" runstate="Runnable" seed="58060583" result="Passed" start-time="2023-06-08 20:32:40Z" end-time="2023-06-08 20:32:40Z" duration="0.000365" asserts="0">
                <properties>
                  <property name="Category" value="GDX.Tests" />
                </properties>
                <output><![CDATA[[Code Coverage] Code Coverage results for visited sequence points were saved in D:/BuildAgent/work/GDX-Documentation/Staging/CodeCoverage/GDX_Development-opencov/EditMode/TestCoverageResults_0512.xml
[Code Coverage] Code Coverage requires Burst Compilation to be disabled in order to obtain accurate coverage information. To disable Burst Compilation uncheck Jobs > Burst > Enable Compilation or pass '--burst-disable-compilation' to the command line in batchmode.
]]></output>
              </test-case>
              <test-case id="1304" name="NextBoolean_Simple_ReturnsDeterministicValue" fullname="GDX.Mathematics.Random.WELL1024aTests.NextBoolean_Simple_ReturnsDeterministicValue" methodname="NextBoolean_Simple_ReturnsDeterministicValue" classname="GDX.Mathematics.Random.WELL1024aTests" runstate="Runnable" seed="2008600503" result="Passed" start-time="2023-06-08 20:32:40Z" end-time="2023-06-08 20:32:40Z" duration="0.000318" asserts="0">
                <properties>
                  <property name="Category" value="GDX.Tests" />
                </properties>
                <output><![CDATA[[Code Coverage] Code Coverage results for visited sequence points were saved in D:/BuildAgent/work/GDX-Documentation/Staging/CodeCoverage/GDX_Development-opencov/EditMode/TestCoverageResults_0513.xml
[Code Coverage] Code Coverage requires Burst Compilation to be disabled in order to obtain accurate coverage information. To disable Burst Compilation uncheck Jobs > Burst > Enable Compilation or pass '--burst-disable-compilation' to the command line in batchmode.
]]></output>
              </test-case>
              <test-case id="1302" name="NextBoolean_ZeroChance_ReturnsFalse" fullname="GDX.Mathematics.Random.WELL1024aTests.NextBoolean_ZeroChance_ReturnsFalse" methodname="NextBoolean_ZeroChance_ReturnsFalse" classname="GDX.Mathematics.Random.WELL1024aTests" runstate="Runnable" seed="1189362141" result="Passed" start-time="2023-06-08 20:32:41Z" end-time="2023-06-08 20:32:41Z" duration="0.000314" asserts="0">
                <properties>
                  <property name="Category" value="GDX.Tests" />
                </properties>
                <output><![CDATA[[Code Coverage] Code Coverage results for visited sequence points were saved in D:/BuildAgent/work/GDX-Documentation/Staging/CodeCoverage/GDX_Development-opencov/EditMode/TestCoverageResults_0514.xml
[Code Coverage] Code Coverage requires Burst Compilation to be disabled in order to obtain accurate coverage information. To disable Burst Compilation uncheck Jobs > Burst > Enable Compilation or pass '--burst-disable-compilation' to the command line in batchmode.
]]></output>
              </test-case>
              <test-case id="1310" name="NextBytes_Simple_FillsBuffer" fullname="GDX.Mathematics.Random.WELL1024aTests.NextBytes_Simple_FillsBuffer" methodname="NextBytes_Simple_FillsBuffer" classname="GDX.Mathematics.Random.WELL1024aTests" runstate="Runnable" seed="934723306" result="Passed" start-time="2023-06-08 20:32:41Z" end-time="2023-06-08 20:32:41Z" duration="0.000358" asserts="0">
                <properties>
                  <property name="Category" value="GDX.Tests" />
                </properties>
                <output><![CDATA[[Code Coverage] Code Coverage results for visited sequence points were saved in D:/BuildAgent/work/GDX-Documentation/Staging/CodeCoverage/GDX_Development-opencov/EditMode/TestCoverageResults_0515.xml
[Code Coverage] Code Coverage requires Burst Compilation to be disabled in order to obtain accurate coverage information. To disable Burst Compilation uncheck Jobs > Burst > Enable Compilation or pass '--burst-disable-compilation' to the command line in batchmode.
]]></output>
              </test-case>
              <test-case id="1311" name="NextDouble_Multiple_ReturnsDifferentValues" fullname="GDX.Mathematics.Random.WELL1024aTests.NextDouble_Multiple_ReturnsDifferentValues" methodname="NextDouble_Multiple_ReturnsDifferentValues" classname="GDX.Mathematics.Random.WELL1024aTests" runstate="Runnable" seed="38169135" result="Passed" start-time="2023-06-08 20:32:42Z" end-time="2023-06-08 20:32:42Z" duration="0.000416" asserts="0">
                <properties>
                  <property name="Category" value="GDX.Tests" />
                </properties>
                <output><![CDATA[[Code Coverage] Code Coverage results for visited sequence points were saved in D:/BuildAgent/work/GDX-Documentation/Staging/CodeCoverage/GDX_Development-opencov/EditMode/TestCoverageResults_0516.xml
[Code Coverage] Code Coverage requires Burst Compilation to be disabled in order to obtain accurate coverage information. To disable Burst Compilation uncheck Jobs > Burst > Enable Compilation or pass '--burst-disable-compilation' to the command line in batchmode.
]]></output>
              </test-case>
              <test-case id="1312" name="NextDouble_Simple_ReturnsDeterministicValue" fullname="GDX.Mathematics.Random.WELL1024aTests.NextDouble_Simple_ReturnsDeterministicValue" methodname="NextDouble_Simple_ReturnsDeterministicValue" classname="GDX.Mathematics.Random.WELL1024aTests" runstate="Runnable" seed="427324799" result="Passed" start-time="2023-06-08 20:32:43Z" end-time="2023-06-08 20:32:43Z" duration="0.000321" asserts="0">
                <properties>
                  <property name="Category" value="GDX.Tests" />
                </properties>
                <output><![CDATA[[Code Coverage] Code Coverage results for visited sequence points were saved in D:/BuildAgent/work/GDX-Documentation/Staging/CodeCoverage/GDX_Development-opencov/EditMode/TestCoverageResults_0517.xml
[Code Coverage] Code Coverage requires Burst Compilation to be disabled in order to obtain accurate coverage information. To disable Burst Compilation uncheck Jobs > Burst > Enable Compilation or pass '--burst-disable-compilation' to the command line in batchmode.
]]></output>
              </test-case>
              <test-case id="1308" name="NextInteger_MinMaxValue_ReturnsDeterministicValue" fullname="GDX.Mathematics.Random.WELL1024aTests.NextInteger_MinMaxValue_ReturnsDeterministicValue" methodname="NextInteger_MinMaxValue_ReturnsDeterministicValue" classname="GDX.Mathematics.Random.WELL1024aTests" runstate="Runnable" seed="256089519" result="Passed" start-time="2023-06-08 20:32:43Z" end-time="2023-06-08 20:32:43Z" duration="0.000373" asserts="0">
                <properties>
                  <property name="Category" value="GDX.Tests" />
                </properties>
                <output><![CDATA[[Code Coverage] Code Coverage results for visited sequence points were saved in D:/BuildAgent/work/GDX-Documentation/Staging/CodeCoverage/GDX_Development-opencov/EditMode/TestCoverageResults_0518.xml
[Code Coverage] Code Coverage requires Burst Compilation to be disabled in order to obtain accurate coverage information. To disable Burst Compilation uncheck Jobs > Burst > Enable Compilation or pass '--burst-disable-compilation' to the command line in batchmode.
]]></output>
              </test-case>
              <test-case id="1309" name="NextInteger_Multiple_ReturnsDifferentValues" fullname="GDX.Mathematics.Random.WELL1024aTests.NextInteger_Multiple_ReturnsDifferentValues" methodname="NextInteger_Multiple_ReturnsDifferentValues" classname="GDX.Mathematics.Random.WELL1024aTests" runstate="Runnable" seed="1314520648" result="Passed" start-time="2023-06-08 20:32:44Z" end-time="2023-06-08 20:32:44Z" duration="0.000438" asserts="0">
                <properties>
                  <property name="Category" value="GDX.Tests" />
                </properties>
                <output><![CDATA[[Code Coverage] Code Coverage results for visited sequence points were saved in D:/BuildAgent/work/GDX-Documentation/Staging/CodeCoverage/GDX_Development-opencov/EditMode/TestCoverageResults_0519.xml
[Code Coverage] Code Coverage requires Burst Compilation to be disabled in order to obtain accurate coverage information. To disable Burst Compilation uncheck Jobs > Burst > Enable Compilation or pass '--burst-disable-compilation' to the command line in batchmode.
]]></output>
              </test-case>
              <test-case id="1306" name="NextInteger_SameRange_ReturnsSameValue" fullname="GDX.Mathematics.Random.WELL1024aTests.NextInteger_SameRange_ReturnsSameValue" methodname="NextInteger_SameRange_ReturnsSameValue" classname="GDX.Mathematics.Random.WELL1024aTests" runstate="Runnable" seed="651823325" result="Passed" start-time="2023-06-08 20:32:45Z" end-time="2023-06-08 20:32:45Z" duration="0.000313" asserts="0">
                <properties>
                  <property name="Category" value="GDX.Tests" />
                </properties>
                <output><![CDATA[[Code Coverage] Code Coverage results for visited sequence points were saved in D:/BuildAgent/work/GDX-Documentation/Staging/CodeCoverage/GDX_Development-opencov/EditMode/TestCoverageResults_0520.xml
[Code Coverage] Code Coverage requires Burst Compilation to be disabled in order to obtain accurate coverage information. To disable Burst Compilation uncheck Jobs > Burst > Enable Compilation or pass '--burst-disable-compilation' to the command line in batchmode.
]]></output>
              </test-case>
              <test-case id="1305" name="NextInteger_Simple_ReturnsDeterministicValue" fullname="GDX.Mathematics.Random.WELL1024aTests.NextInteger_Simple_ReturnsDeterministicValue" methodname="NextInteger_Simple_ReturnsDeterministicValue" classname="GDX.Mathematics.Random.WELL1024aTests" runstate="Runnable" seed="1078900526" result="Passed" start-time="2023-06-08 20:32:45Z" end-time="2023-06-08 20:32:45Z" duration="0.000315" asserts="0">
                <properties>
                  <property name="Category" value="GDX.Tests" />
                </properties>
                <output><![CDATA[[Code Coverage] Code Coverage results for visited sequence points were saved in D:/BuildAgent/work/GDX-Documentation/Staging/CodeCoverage/GDX_Development-opencov/EditMode/TestCoverageResults_0521.xml
[Code Coverage] Code Coverage requires Burst Compilation to be disabled in order to obtain accurate coverage information. To disable Burst Compilation uncheck Jobs > Burst > Enable Compilation or pass '--burst-disable-compilation' to the command line in batchmode.
]]></output>
              </test-case>
              <test-case id="1307" name="NextInteger_ZeroValues_ReturnsZeroValue" fullname="GDX.Mathematics.Random.WELL1024aTests.NextInteger_ZeroValues_ReturnsZeroValue" methodname="NextInteger_ZeroValues_ReturnsZeroValue" classname="GDX.Mathematics.Random.WELL1024aTests" runstate="Runnable" seed="1900416450" result="Passed" start-time="2023-06-08 20:32:46Z" end-time="2023-06-08 20:32:46Z" duration="0.000332" asserts="0">
                <properties>
                  <property name="Category" value="GDX.Tests" />
                </properties>
                <output><![CDATA[[Code Coverage] Code Coverage results for visited sequence points were saved in D:/BuildAgent/work/GDX-Documentation/Staging/CodeCoverage/GDX_Development-opencov/EditMode/TestCoverageResults_0522.xml
[Code Coverage] Code Coverage requires Burst Compilation to be disabled in order to obtain accurate coverage information. To disable Burst Compilation uncheck Jobs > Burst > Enable Compilation or pass '--burst-disable-compilation' to the command line in batchmode.
]]></output>
              </test-case>
              <test-case id="1314" name="NextSingle_Multiple_ReturnsDifferentValues" fullname="GDX.Mathematics.Random.WELL1024aTests.NextSingle_Multiple_ReturnsDifferentValues" methodname="NextSingle_Multiple_ReturnsDifferentValues" classname="GDX.Mathematics.Random.WELL1024aTests" runstate="Runnable" seed="115587854" result="Passed" start-time="2023-06-08 20:32:46Z" end-time="2023-06-08 20:32:46Z" duration="0.000488" asserts="0">
                <properties>
                  <property name="Category" value="GDX.Tests" />
                </properties>
                <output><![CDATA[[Code Coverage] Code Coverage results for visited sequence points were saved in D:/BuildAgent/work/GDX-Documentation/Staging/CodeCoverage/GDX_Development-opencov/EditMode/TestCoverageResults_0523.xml
[Code Coverage] Code Coverage requires Burst Compilation to be disabled in order to obtain accurate coverage information. To disable Burst Compilation uncheck Jobs > Burst > Enable Compilation or pass '--burst-disable-compilation' to the command line in batchmode.
]]></output>
              </test-case>
              <test-case id="1313" name="NextSingle_Simple_ReturnsDeterministicValue" fullname="GDX.Mathematics.Random.WELL1024aTests.NextSingle_Simple_ReturnsDeterministicValue" methodname="NextSingle_Simple_ReturnsDeterministicValue" classname="GDX.Mathematics.Random.WELL1024aTests" runstate="Runnable" seed="1936754673" result="Passed" start-time="2023-06-08 20:32:47Z" end-time="2023-06-08 20:32:47Z" duration="0.000424" asserts="0">
                <properties>
                  <property name="Category" value="GDX.Tests" />
                </properties>
                <output><![CDATA[[Code Coverage] Code Coverage results for visited sequence points were saved in D:/BuildAgent/work/GDX-Documentation/Staging/CodeCoverage/GDX_Development-opencov/EditMode/TestCoverageResults_0524.xml
[Code Coverage] Code Coverage requires Burst Compilation to be disabled in order to obtain accurate coverage information. To disable Burst Compilation uncheck Jobs > Burst > Enable Compilation or pass '--burst-disable-compilation' to the command line in batchmode.
]]></output>
              </test-case>
              <test-case id="1318" name="NextUnsignedInteger_Multiple_ReturnsDifferentValues" fullname="GDX.Mathematics.Random.WELL1024aTests.NextUnsignedInteger_Multiple_ReturnsDifferentValues" methodname="NextUnsignedInteger_Multiple_ReturnsDifferentValues" classname="GDX.Mathematics.Random.WELL1024aTests" runstate="Runnable" seed="1339668717" result="Passed" start-time="2023-06-08 20:32:48Z" end-time="2023-06-08 20:32:48Z" duration="0.000461" asserts="0">
                <properties>
                  <property name="Category" value="GDX.Tests" />
                </properties>
                <output><![CDATA[[Code Coverage] Code Coverage results for visited sequence points were saved in D:/BuildAgent/work/GDX-Documentation/Staging/CodeCoverage/GDX_Development-opencov/EditMode/TestCoverageResults_0525.xml
[Code Coverage] Code Coverage requires Burst Compilation to be disabled in order to obtain accurate coverage information. To disable Burst Compilation uncheck Jobs > Burst > Enable Compilation or pass '--burst-disable-compilation' to the command line in batchmode.
]]></output>
              </test-case>
              <test-case id="1315" name="NextUnsignedInteger_Simple_ReturnsDeterministicValue" fullname="GDX.Mathematics.Random.WELL1024aTests.NextUnsignedInteger_Simple_ReturnsDeterministicValue" methodname="NextUnsignedInteger_Simple_ReturnsDeterministicValue" classname="GDX.Mathematics.Random.WELL1024aTests" runstate="Runnable" seed="421488139" result="Passed" start-time="2023-06-08 20:32:48Z" end-time="2023-06-08 20:32:48Z" duration="0.000312" asserts="0">
                <properties>
                  <property name="Category" value="GDX.Tests" />
                </properties>
                <output><![CDATA[[Code Coverage] Code Coverage results for visited sequence points were saved in D:/BuildAgent/work/GDX-Documentation/Staging/CodeCoverage/GDX_Development-opencov/EditMode/TestCoverageResults_0526.xml
[Code Coverage] Code Coverage requires Burst Compilation to be disabled in order to obtain accurate coverage information. To disable Burst Compilation uncheck Jobs > Burst > Enable Compilation or pass '--burst-disable-compilation' to the command line in batchmode.
]]></output>
              </test-case>
              <test-case id="1317" name="NextUnsignedIntegerExclusive_Limited_ReturnsDeterministicValue" fullname="GDX.Mathematics.Random.WELL1024aTests.NextUnsignedIntegerExclusive_Limited_ReturnsDeterministicValue" methodname="NextUnsignedIntegerExclusive_Limited_ReturnsDeterministicValue" classname="GDX.Mathematics.Random.WELL1024aTests" runstate="Runnable" seed="1961552367" result="Passed" start-time="2023-06-08 20:32:49Z" end-time="2023-06-08 20:32:49Z" duration="0.000401" asserts="0">
                <properties>
                  <property name="Category" value="GDX.Tests" />
                </properties>
                <output><![CDATA[[Code Coverage] Code Coverage results for visited sequence points were saved in D:/BuildAgent/work/GDX-Documentation/Staging/CodeCoverage/GDX_Development-opencov/EditMode/TestCoverageResults_0527.xml
[Code Coverage] Code Coverage requires Burst Compilation to be disabled in order to obtain accurate coverage information. To disable Burst Compilation uncheck Jobs > Burst > Enable Compilation or pass '--burst-disable-compilation' to the command line in batchmode.
]]></output>
              </test-case>
              <test-case id="1316" name="NextUnsignedIntegerExclusive_Simple_ReturnsDeterministicValue" fullname="GDX.Mathematics.Random.WELL1024aTests.NextUnsignedIntegerExclusive_Simple_ReturnsDeterministicValue" methodname="NextUnsignedIntegerExclusive_Simple_ReturnsDeterministicValue" classname="GDX.Mathematics.Random.WELL1024aTests" runstate="Runnable" seed="444086277" result="Passed" start-time="2023-06-08 20:32:50Z" end-time="2023-06-08 20:32:50Z" duration="0.000363" asserts="0">
                <properties>
                  <property name="Category" value="GDX.Tests" />
                </properties>
                <output><![CDATA[[Code Coverage] Code Coverage results for visited sequence points were saved in D:/BuildAgent/work/GDX-Documentation/Staging/CodeCoverage/GDX_Development-opencov/EditMode/TestCoverageResults_0528.xml
[Code Coverage] Code Coverage requires Burst Compilation to be disabled in order to obtain accurate coverage information. To disable Burst Compilation uncheck Jobs > Burst > Enable Compilation or pass '--burst-disable-compilation' to the command line in batchmode.
]]></output>
              </test-case>
              <test-case id="1294" name="WELL1024a_FromInteger_StrippedSeed" fullname="GDX.Mathematics.Random.WELL1024aTests.WELL1024a_FromInteger_StrippedSeed" methodname="WELL1024a_FromInteger_StrippedSeed" classname="GDX.Mathematics.Random.WELL1024aTests" runstate="Runnable" seed="1450346021" result="Passed" start-time="2023-06-08 20:32:50Z" end-time="2023-06-08 20:32:50Z" duration="0.000454" asserts="0">
                <properties>
                  <property name="Category" value="GDX.Tests" />
                </properties>
                <output><![CDATA[[Code Coverage] Code Coverage results for visited sequence points were saved in D:/BuildAgent/work/GDX-Documentation/Staging/CodeCoverage/GDX_Development-opencov/EditMode/TestCoverageResults_0529.xml
[Code Coverage] Code Coverage requires Burst Compilation to be disabled in order to obtain accurate coverage information. To disable Burst Compilation uncheck Jobs > Burst > Enable Compilation or pass '--burst-disable-compilation' to the command line in batchmode.
]]></output>
              </test-case>
              <test-case id="1298" name="WELL1024a_FromRestoreState_Matched" fullname="GDX.Mathematics.Random.WELL1024aTests.WELL1024a_FromRestoreState_Matched" methodname="WELL1024a_FromRestoreState_Matched" classname="GDX.Mathematics.Random.WELL1024aTests" runstate="Runnable" seed="1717484233" result="Passed" start-time="2023-06-08 20:32:51Z" end-time="2023-06-08 20:32:51Z" duration="0.000646" asserts="0">
                <properties>
                  <property name="Category" value="GDX.Tests" />
                </properties>
                <output><![CDATA[[Code Coverage] Code Coverage results for visited sequence points were saved in D:/BuildAgent/work/GDX-Documentation/Staging/CodeCoverage/GDX_Development-opencov/EditMode/TestCoverageResults_0530.xml
[Code Coverage] Code Coverage requires Burst Compilation to be disabled in order to obtain accurate coverage information. To disable Burst Compilation uncheck Jobs > Burst > Enable Compilation or pass '--burst-disable-compilation' to the command line in batchmode.
]]></output>
              </test-case>
              <test-case id="1295" name="WELL1024a_FromString_NonAndForcedDifferent" fullname="GDX.Mathematics.Random.WELL1024aTests.WELL1024a_FromString_NonAndForcedDifferent" methodname="WELL1024a_FromString_NonAndForcedDifferent" classname="GDX.Mathematics.Random.WELL1024aTests" runstate="Runnable" seed="586131330" result="Passed" start-time="2023-06-08 20:32:51Z" end-time="2023-06-08 20:32:51Z" duration="0.000320" asserts="0">
                <properties>
                  <property name="Category" value="GDX.Tests" />
                </properties>
                <output><![CDATA[[Code Coverage] Code Coverage results for visited sequence points were saved in D:/BuildAgent/work/GDX-Documentation/Staging/CodeCoverage/GDX_Development-opencov/EditMode/TestCoverageResults_0531.xml
[Code Coverage] Code Coverage requires Burst Compilation to be disabled in order to obtain accurate coverage information. To disable Burst Compilation uncheck Jobs > Burst > Enable Compilation or pass '--burst-disable-compilation' to the command line in batchmode.
]]></output>
              </test-case>
              <test-case id="1296" name="WELL1024a_FromStringUppercase_SameOriginalSeed" fullname="GDX.Mathematics.Random.WELL1024aTests.WELL1024a_FromStringUppercase_SameOriginalSeed" methodname="WELL1024a_FromStringUppercase_SameOriginalSeed" classname="GDX.Mathematics.Random.WELL1024aTests" runstate="Runnable" seed="1732287450" result="Passed" start-time="2023-06-08 20:32:52Z" end-time="2023-06-08 20:32:52Z" duration="0.000331" asserts="0">
                <properties>
                  <property name="Category" value="GDX.Tests" />
                </properties>
                <output><![CDATA[[Code Coverage] Code Coverage results for visited sequence points were saved in D:/BuildAgent/work/GDX-Documentation/Staging/CodeCoverage/GDX_Development-opencov/EditMode/TestCoverageResults_0532.xml
[Code Coverage] Code Coverage requires Burst Compilation to be disabled in order to obtain accurate coverage information. To disable Burst Compilation uncheck Jobs > Burst > Enable Compilation or pass '--burst-disable-compilation' to the command line in batchmode.
]]></output>
              </test-case>
              <test-case id="1297" name="WELL1024a_FromUnsignedInteger_MatchedSeed" fullname="GDX.Mathematics.Random.WELL1024aTests.WELL1024a_FromUnsignedInteger_MatchedSeed" methodname="WELL1024a_FromUnsignedInteger_MatchedSeed" classname="GDX.Mathematics.Random.WELL1024aTests" runstate="Runnable" seed="962006737" result="Passed" start-time="2023-06-08 20:32:53Z" end-time="2023-06-08 20:32:53Z" duration="0.000552" asserts="0">
                <properties>
                  <property name="Category" value="GDX.Tests" />
                </properties>
                <output><![CDATA[[Code Coverage] Code Coverage results for visited sequence points were saved in D:/BuildAgent/work/GDX-Documentation/Staging/CodeCoverage/GDX_Development-opencov/EditMode/TestCoverageResults_0533.xml
[Code Coverage] Code Coverage requires Burst Compilation to be disabled in order to obtain accurate coverage information. To disable Burst Compilation uncheck Jobs > Burst > Enable Compilation or pass '--burst-disable-compilation' to the command line in batchmode.
]]></output>
              </test-case>
            </test-suite>
          </test-suite>
          <test-suite type="TestFixture" id="1261" name="RangeTests" fullname="GDX.Mathematics.RangeTests" classname="GDX.Mathematics.RangeTests" runstate="Runnable" testcasecount="12" result="Passed" start-time="2023-06-08 20:32:53Z" end-time="2023-06-08 20:33:01Z" duration="7.527826" total="12" passed="12" failed="0" inconclusive="0" skipped="0" asserts="0">
            <properties />
            <test-case id="1262" name="GetDouble_Bottom_Inclusive" fullname="GDX.Mathematics.RangeTests.GetDouble_Bottom_Inclusive" methodname="GetDouble_Bottom_Inclusive" classname="GDX.Mathematics.RangeTests" runstate="Runnable" seed="1582174953" result="Passed" start-time="2023-06-08 20:32:53Z" end-time="2023-06-08 20:32:53Z" duration="0.000265" asserts="0">
              <properties>
                <property name="Category" value="GDX.Tests" />
              </properties>
              <output><![CDATA[[Code Coverage] Code Coverage results for visited sequence points were saved in D:/BuildAgent/work/GDX-Documentation/Staging/CodeCoverage/GDX_Development-opencov/EditMode/TestCoverageResults_0534.xml
[Code Coverage] Code Coverage requires Burst Compilation to be disabled in order to obtain accurate coverage information. To disable Burst Compilation uncheck Jobs > Burst > Enable Compilation or pass '--burst-disable-compilation' to the command line in batchmode.
]]></output>
            </test-case>
            <test-case id="1264" name="GetDouble_Middle_Inclusive" fullname="GDX.Mathematics.RangeTests.GetDouble_Middle_Inclusive" methodname="GetDouble_Middle_Inclusive" classname="GDX.Mathematics.RangeTests" runstate="Runnable" seed="1478060595" result="Passed" start-time="2023-06-08 20:32:54Z" end-time="2023-06-08 20:32:54Z" duration="0.000298" asserts="0">
              <properties>
                <property name="Category" value="GDX.Tests" />
              </properties>
              <output><![CDATA[[Code Coverage] Code Coverage results for visited sequence points were saved in D:/BuildAgent/work/GDX-Documentation/Staging/CodeCoverage/GDX_Development-opencov/EditMode/TestCoverageResults_0535.xml
[Code Coverage] Code Coverage requires Burst Compilation to be disabled in order to obtain accurate coverage information. To disable Burst Compilation uncheck Jobs > Burst > Enable Compilation or pass '--burst-disable-compilation' to the command line in batchmode.
]]></output>
            </test-case>
            <test-case id="1263" name="GetDouble_Top_Inclusive" fullname="GDX.Mathematics.RangeTests.GetDouble_Top_Inclusive" methodname="GetDouble_Top_Inclusive" classname="GDX.Mathematics.RangeTests" runstate="Runnable" seed="179547630" result="Passed" start-time="2023-06-08 20:32:55Z" end-time="2023-06-08 20:32:55Z" duration="0.000285" asserts="0">
              <properties>
                <property name="Category" value="GDX.Tests" />
              </properties>
              <output><![CDATA[[Code Coverage] Code Coverage results for visited sequence points were saved in D:/BuildAgent/work/GDX-Documentation/Staging/CodeCoverage/GDX_Development-opencov/EditMode/TestCoverageResults_0536.xml
[Code Coverage] Code Coverage requires Burst Compilation to be disabled in order to obtain accurate coverage information. To disable Burst Compilation uncheck Jobs > Burst > Enable Compilation or pass '--burst-disable-compilation' to the command line in batchmode.
]]></output>
            </test-case>
            <test-case id="1265" name="GetInteger_Bottom_Inclusive" fullname="GDX.Mathematics.RangeTests.GetInteger_Bottom_Inclusive" methodname="GetInteger_Bottom_Inclusive" classname="GDX.Mathematics.RangeTests" runstate="Runnable" seed="1567176707" result="Passed" start-time="2023-06-08 20:32:55Z" end-time="2023-06-08 20:32:55Z" duration="0.000284" asserts="0">
              <properties>
                <property name="Category" value="GDX.Tests" />
              </properties>
              <output><![CDATA[[Code Coverage] Code Coverage results for visited sequence points were saved in D:/BuildAgent/work/GDX-Documentation/Staging/CodeCoverage/GDX_Development-opencov/EditMode/TestCoverageResults_0537.xml
[Code Coverage] Code Coverage requires Burst Compilation to be disabled in order to obtain accurate coverage information. To disable Burst Compilation uncheck Jobs > Burst > Enable Compilation or pass '--burst-disable-compilation' to the command line in batchmode.
]]></output>
            </test-case>
            <test-case id="1267" name="GetInteger_Middle_Inclusive" fullname="GDX.Mathematics.RangeTests.GetInteger_Middle_Inclusive" methodname="GetInteger_Middle_Inclusive" classname="GDX.Mathematics.RangeTests" runstate="Runnable" seed="203951657" result="Passed" start-time="2023-06-08 20:32:56Z" end-time="2023-06-08 20:32:56Z" duration="0.000288" asserts="0">
              <properties>
                <property name="Category" value="GDX.Tests" />
              </properties>
              <output><![CDATA[[Code Coverage] Code Coverage results for visited sequence points were saved in D:/BuildAgent/work/GDX-Documentation/Staging/CodeCoverage/GDX_Development-opencov/EditMode/TestCoverageResults_0538.xml
[Code Coverage] Code Coverage requires Burst Compilation to be disabled in order to obtain accurate coverage information. To disable Burst Compilation uncheck Jobs > Burst > Enable Compilation or pass '--burst-disable-compilation' to the command line in batchmode.
]]></output>
            </test-case>
            <test-case id="1266" name="GetInteger_Top_Inclusive" fullname="GDX.Mathematics.RangeTests.GetInteger_Top_Inclusive" methodname="GetInteger_Top_Inclusive" classname="GDX.Mathematics.RangeTests" runstate="Runnable" seed="1154792684" result="Passed" start-time="2023-06-08 20:32:56Z" end-time="2023-06-08 20:32:56Z" duration="0.000277" asserts="0">
              <properties>
                <property name="Category" value="GDX.Tests" />
              </properties>
              <output><![CDATA[[Code Coverage] Code Coverage results for visited sequence points were saved in D:/BuildAgent/work/GDX-Documentation/Staging/CodeCoverage/GDX_Development-opencov/EditMode/TestCoverageResults_0539.xml
[Code Coverage] Code Coverage requires Burst Compilation to be disabled in order to obtain accurate coverage information. To disable Burst Compilation uncheck Jobs > Burst > Enable Compilation or pass '--burst-disable-compilation' to the command line in batchmode.
]]></output>
            </test-case>
            <test-case id="1268" name="GetSingle_Bottom_Inclusive" fullname="GDX.Mathematics.RangeTests.GetSingle_Bottom_Inclusive" methodname="GetSingle_Bottom_Inclusive" classname="GDX.Mathematics.RangeTests" runstate="Runnable" seed="496361372" result="Passed" start-time="2023-06-08 20:32:57Z" end-time="2023-06-08 20:32:57Z" duration="0.000288" asserts="0">
              <properties>
                <property name="Category" value="GDX.Tests" />
              </properties>
              <output><![CDATA[[Code Coverage] Code Coverage results for visited sequence points were saved in D:/BuildAgent/work/GDX-Documentation/Staging/CodeCoverage/GDX_Development-opencov/EditMode/TestCoverageResults_0540.xml
[Code Coverage] Code Coverage requires Burst Compilation to be disabled in order to obtain accurate coverage information. To disable Burst Compilation uncheck Jobs > Burst > Enable Compilation or pass '--burst-disable-compilation' to the command line in batchmode.
]]></output>
            </test-case>
            <test-case id="1270" name="GetSingle_Middle_Inclusive" fullname="GDX.Mathematics.RangeTests.GetSingle_Middle_Inclusive" methodname="GetSingle_Middle_Inclusive" classname="GDX.Mathematics.RangeTests" runstate="Runnable" seed="604591590" result="Passed" start-time="2023-06-08 20:32:58Z" end-time="2023-06-08 20:32:58Z" duration="0.000295" asserts="0">
              <properties>
                <property name="Category" value="GDX.Tests" />
              </properties>
              <output><![CDATA[[Code Coverage] Code Coverage results for visited sequence points were saved in D:/BuildAgent/work/GDX-Documentation/Staging/CodeCoverage/GDX_Development-opencov/EditMode/TestCoverageResults_0541.xml
[Code Coverage] Code Coverage requires Burst Compilation to be disabled in order to obtain accurate coverage information. To disable Burst Compilation uncheck Jobs > Burst > Enable Compilation or pass '--burst-disable-compilation' to the command line in batchmode.
]]></output>
            </test-case>
            <test-case id="1269" name="GetSingle_Top_Inclusive" fullname="GDX.Mathematics.RangeTests.GetSingle_Top_Inclusive" methodname="GetSingle_Top_Inclusive" classname="GDX.Mathematics.RangeTests" runstate="Runnable" seed="344453002" result="Passed" start-time="2023-06-08 20:32:58Z" end-time="2023-06-08 20:32:58Z" duration="0.000285" asserts="0">
              <properties>
                <property name="Category" value="GDX.Tests" />
              </properties>
              <output><![CDATA[[Code Coverage] Code Coverage results for visited sequence points were saved in D:/BuildAgent/work/GDX-Documentation/Staging/CodeCoverage/GDX_Development-opencov/EditMode/TestCoverageResults_0542.xml
[Code Coverage] Code Coverage requires Burst Compilation to be disabled in order to obtain accurate coverage information. To disable Burst Compilation uncheck Jobs > Burst > Enable Compilation or pass '--burst-disable-compilation' to the command line in batchmode.
]]></output>
            </test-case>
            <test-case id="1271" name="GetUnsignedInteger_Bottom_Inclusive" fullname="GDX.Mathematics.RangeTests.GetUnsignedInteger_Bottom_Inclusive" methodname="GetUnsignedInteger_Bottom_Inclusive" classname="GDX.Mathematics.RangeTests" runstate="Runnable" seed="2016497022" result="Passed" start-time="2023-06-08 20:32:59Z" end-time="2023-06-08 20:32:59Z" duration="0.000348" asserts="0">
              <properties>
                <property name="Category" value="GDX.Tests" />
              </properties>
              <output><![CDATA[[Code Coverage] Code Coverage results for visited sequence points were saved in D:/BuildAgent/work/GDX-Documentation/Staging/CodeCoverage/GDX_Development-opencov/EditMode/TestCoverageResults_0543.xml
[Code Coverage] Code Coverage requires Burst Compilation to be disabled in order to obtain accurate coverage information. To disable Burst Compilation uncheck Jobs > Burst > Enable Compilation or pass '--burst-disable-compilation' to the command line in batchmode.
]]></output>
            </test-case>
            <test-case id="1273" name="GetUnsignedInteger_Middle_Inclusive" fullname="GDX.Mathematics.RangeTests.GetUnsignedInteger_Middle_Inclusive" methodname="GetUnsignedInteger_Middle_Inclusive" classname="GDX.Mathematics.RangeTests" runstate="Runnable" seed="934070255" result="Passed" start-time="2023-06-08 20:33:00Z" end-time="2023-06-08 20:33:00Z" duration="0.000284" asserts="0">
              <properties>
                <property name="Category" value="GDX.Tests" />
              </properties>
              <output><![CDATA[[Code Coverage] Code Coverage results for visited sequence points were saved in D:/BuildAgent/work/GDX-Documentation/Staging/CodeCoverage/GDX_Development-opencov/EditMode/TestCoverageResults_0544.xml
[Code Coverage] Code Coverage requires Burst Compilation to be disabled in order to obtain accurate coverage information. To disable Burst Compilation uncheck Jobs > Burst > Enable Compilation or pass '--burst-disable-compilation' to the command line in batchmode.
]]></output>
            </test-case>
            <test-case id="1272" name="GetUnsignedInteger_Top_Inclusive" fullname="GDX.Mathematics.RangeTests.GetUnsignedInteger_Top_Inclusive" methodname="GetUnsignedInteger_Top_Inclusive" classname="GDX.Mathematics.RangeTests" runstate="Runnable" seed="458318550" result="Passed" start-time="2023-06-08 20:33:00Z" end-time="2023-06-08 20:33:00Z" duration="0.000286" asserts="0">
              <properties>
                <property name="Category" value="GDX.Tests" />
              </properties>
              <output><![CDATA[[Code Coverage] Code Coverage results for visited sequence points were saved in D:/BuildAgent/work/GDX-Documentation/Staging/CodeCoverage/GDX_Development-opencov/EditMode/TestCoverageResults_0545.xml
[Code Coverage] Code Coverage requires Burst Compilation to be disabled in order to obtain accurate coverage information. To disable Burst Compilation uncheck Jobs > Burst > Enable Compilation or pass '--burst-disable-compilation' to the command line in batchmode.
]]></output>
            </test-case>
          </test-suite>
        </test-suite>
        <test-suite type="TestFixture" id="1064" name="PlayerLoopSystemExtensionsTests" fullname="GDX.PlayerLoopSystemExtensionsTests" classname="GDX.PlayerLoopSystemExtensionsTests" runstate="Runnable" testcasecount="2" result="Passed" start-time="2023-06-08 20:33:01Z" end-time="2023-06-08 20:33:02Z" duration="1.294940" total="2" passed="2" failed="0" inconclusive="0" skipped="0" asserts="0">
          <properties />
          <test-case id="1066" name="AddSubSystemToFirstSubSystemOfType_MethodType_Added" fullname="GDX.PlayerLoopSystemExtensionsTests.AddSubSystemToFirstSubSystemOfType_MethodType_Added" methodname="AddSubSystemToFirstSubSystemOfType_MethodType_Added" classname="GDX.PlayerLoopSystemExtensionsTests" runstate="Runnable" seed="1049513991" result="Passed" start-time="2023-06-08 20:33:01Z" end-time="2023-06-08 20:33:01Z" duration="0.003307" asserts="0">
            <properties>
              <property name="Category" value="GDX.Tests" />
            </properties>
            <output><![CDATA[[Code Coverage] Code Coverage results for visited sequence points were saved in D:/BuildAgent/work/GDX-Documentation/Staging/CodeCoverage/GDX_Development-opencov/EditMode/TestCoverageResults_0546.xml
[Code Coverage] Code Coverage requires Burst Compilation to be disabled in order to obtain accurate coverage information. To disable Burst Compilation uncheck Jobs > Burst > Enable Compilation or pass '--burst-disable-compilation' to the command line in batchmode.
]]></output>
          </test-case>
          <test-case id="1065" name="AddSubSystemToFirstSubSystemOfType_PlayerSystem_Added" fullname="GDX.PlayerLoopSystemExtensionsTests.AddSubSystemToFirstSubSystemOfType_PlayerSystem_Added" methodname="AddSubSystemToFirstSubSystemOfType_PlayerSystem_Added" classname="GDX.PlayerLoopSystemExtensionsTests" runstate="Runnable" seed="823470841" result="Passed" start-time="2023-06-08 20:33:02Z" end-time="2023-06-08 20:33:02Z" duration="0.000884" asserts="0">
            <properties>
              <property name="Category" value="GDX.Tests" />
            </properties>
            <output><![CDATA[[Code Coverage] Code Coverage results for visited sequence points were saved in D:/BuildAgent/work/GDX-Documentation/Staging/CodeCoverage/GDX_Development-opencov/EditMode/TestCoverageResults_0547.xml
[Code Coverage] Code Coverage requires Burst Compilation to be disabled in order to obtain accurate coverage information. To disable Burst Compilation uncheck Jobs > Burst > Enable Compilation or pass '--burst-disable-compilation' to the command line in batchmode.
]]></output>
          </test-case>
        </test-suite>
        <test-suite type="TestFixture" id="1067" name="ReflectionTests" fullname="GDX.ReflectionTests" classname="GDX.ReflectionTests" runstate="Runnable" testcasecount="28" result="Passed" start-time="2023-06-08 20:33:02Z" end-time="2023-06-08 20:33:21Z" duration="18.493965" total="28" passed="28" failed="0" inconclusive="0" skipped="0" asserts="0">
          <properties />
          <test-case id="1069" name="GetDefault_NonNullable_ReturnsValue" fullname="GDX.ReflectionTests.GetDefault_NonNullable_ReturnsValue" methodname="GetDefault_NonNullable_ReturnsValue" classname="GDX.ReflectionTests" runstate="Runnable" seed="1634762797" result="Passed" start-time="2023-06-08 20:33:02Z" end-time="2023-06-08 20:33:02Z" duration="0.000417" asserts="0">
            <properties>
              <property name="Category" value="GDX.Tests" />
            </properties>
            <output><![CDATA[[Code Coverage] Code Coverage results for visited sequence points were saved in D:/BuildAgent/work/GDX-Documentation/Staging/CodeCoverage/GDX_Development-opencov/EditMode/TestCoverageResults_0548.xml
[Code Coverage] Code Coverage requires Burst Compilation to be disabled in order to obtain accurate coverage information. To disable Burst Compilation uncheck Jobs > Burst > Enable Compilation or pass '--burst-disable-compilation' to the command line in batchmode.
]]></output>
          </test-case>
          <test-case id="1068" name="GetDefault_Nullable_ReturnsNull" fullname="GDX.ReflectionTests.GetDefault_Nullable_ReturnsNull" methodname="GetDefault_Nullable_ReturnsNull" classname="GDX.ReflectionTests" runstate="Runnable" seed="714300182" result="Passed" start-time="2023-06-08 20:33:03Z" end-time="2023-06-08 20:33:03Z" duration="0.000343" asserts="0">
            <properties>
              <property name="Category" value="GDX.Tests" />
            </properties>
            <output><![CDATA[[Code Coverage] Code Coverage results for visited sequence points were saved in D:/BuildAgent/work/GDX-Documentation/Staging/CodeCoverage/GDX_Development-opencov/EditMode/TestCoverageResults_0549.xml
[Code Coverage] Code Coverage requires Burst Compilation to be disabled in order to obtain accurate coverage information. To disable Burst Compilation uncheck Jobs > Burst > Enable Compilation or pass '--burst-disable-compilation' to the command line in batchmode.
]]></output>
          </test-case>
          <test-case id="1071" name="GetType_BadType_ReturnsNull" fullname="GDX.ReflectionTests.GetType_BadType_ReturnsNull" methodname="GetType_BadType_ReturnsNull" classname="GDX.ReflectionTests" runstate="Runnable" seed="1528394654" result="Passed" start-time="2023-06-08 20:33:03Z" end-time="2023-06-08 20:33:03Z" duration="0.001510" asserts="0">
            <properties>
              <property name="Category" value="GDX.Tests" />
            </properties>
            <output><![CDATA[[Code Coverage] Code Coverage results for visited sequence points were saved in D:/BuildAgent/work/GDX-Documentation/Staging/CodeCoverage/GDX_Development-opencov/EditMode/TestCoverageResults_0550.xml
[Code Coverage] Code Coverage requires Burst Compilation to be disabled in order to obtain accurate coverage information. To disable Burst Compilation uncheck Jobs > Burst > Enable Compilation or pass '--burst-disable-compilation' to the command line in batchmode.
]]></output>
          </test-case>
          <test-case id="1070" name="GetType_QualifiedType_ReturnsType" fullname="GDX.ReflectionTests.GetType_QualifiedType_ReturnsType" methodname="GetType_QualifiedType_ReturnsType" classname="GDX.ReflectionTests" runstate="Runnable" seed="654657692" result="Passed" start-time="2023-06-08 20:33:04Z" end-time="2023-06-08 20:33:04Z" duration="0.000469" asserts="0">
            <properties>
              <property name="Category" value="GDX.Tests" />
            </properties>
            <output><![CDATA[[Code Coverage] Code Coverage results for visited sequence points were saved in D:/BuildAgent/work/GDX-Documentation/Staging/CodeCoverage/GDX_Development-opencov/EditMode/TestCoverageResults_0551.xml
[Code Coverage] Code Coverage requires Burst Compilation to be disabled in order to obtain accurate coverage information. To disable Burst Compilation uncheck Jobs > Burst > Enable Compilation or pass '--burst-disable-compilation' to the command line in batchmode.
]]></output>
          </test-case>
          <test-case id="1073" name="InvokeStaticMethod_BadMethod_ReturnsNull" fullname="GDX.ReflectionTests.InvokeStaticMethod_BadMethod_ReturnsNull" methodname="InvokeStaticMethod_BadMethod_ReturnsNull" classname="GDX.ReflectionTests" runstate="Runnable" seed="1144771258" result="Passed" start-time="2023-06-08 20:33:05Z" end-time="2023-06-08 20:33:05Z" duration="0.000463" asserts="0">
            <properties>
              <property name="Category" value="GDX.Tests" />
              <property name="Category" value="GDX.Tests" />
            </properties>
            <output><![CDATA[[Code Coverage] Code Coverage results for visited sequence points were saved in D:/BuildAgent/work/GDX-Documentation/Staging/CodeCoverage/GDX_Development-opencov/EditMode/TestCoverageResults_0552.xml
[Code Coverage] Code Coverage requires Burst Compilation to be disabled in order to obtain accurate coverage information. To disable Burst Compilation uncheck Jobs > Burst > Enable Compilation or pass '--burst-disable-compilation' to the command line in batchmode.
]]></output>
          </test-case>
          <test-case id="1074" name="InvokeStaticMethod_BadType_ReturnsNull" fullname="GDX.ReflectionTests.InvokeStaticMethod_BadType_ReturnsNull" methodname="InvokeStaticMethod_BadType_ReturnsNull" classname="GDX.ReflectionTests" runstate="Runnable" seed="1617522049" result="Passed" start-time="2023-06-08 20:33:05Z" end-time="2023-06-08 20:33:05Z" duration="0.000555" asserts="0">
            <properties>
              <property name="Category" value="GDX.Tests" />
            </properties>
            <output><![CDATA[[Code Coverage] Code Coverage results for visited sequence points were saved in D:/BuildAgent/work/GDX-Documentation/Staging/CodeCoverage/GDX_Development-opencov/EditMode/TestCoverageResults_0553.xml
[Code Coverage] Code Coverage requires Burst Compilation to be disabled in order to obtain accurate coverage information. To disable Burst Compilation uncheck Jobs > Burst > Enable Compilation or pass '--burst-disable-compilation' to the command line in batchmode.
]]></output>
          </test-case>
          <test-case id="1072" name="InvokeStaticMethod_ProjectBrowser_ReturnsListOfBrowsers" fullname="GDX.ReflectionTests.InvokeStaticMethod_ProjectBrowser_ReturnsListOfBrowsers" methodname="InvokeStaticMethod_ProjectBrowser_ReturnsListOfBrowsers" classname="GDX.ReflectionTests" runstate="Runnable" seed="1558929473" result="Passed" start-time="2023-06-08 20:33:06Z" end-time="2023-06-08 20:33:06Z" duration="0.000495" asserts="0">
            <properties>
              <property name="Category" value="GDX.Tests" />
            </properties>
            <output><![CDATA[[Code Coverage] Code Coverage results for visited sequence points were saved in D:/BuildAgent/work/GDX-Documentation/Staging/CodeCoverage/GDX_Development-opencov/EditMode/TestCoverageResults_0554.xml
[Code Coverage] Code Coverage requires Burst Compilation to be disabled in order to obtain accurate coverage information. To disable Burst Compilation uncheck Jobs > Burst > Enable Compilation or pass '--burst-disable-compilation' to the command line in batchmode.
]]></output>
          </test-case>
          <test-case id="1078" name="SetFieldOrPropertyValue_NoTarget_ReturnsFalse" fullname="GDX.ReflectionTests.SetFieldOrPropertyValue_NoTarget_ReturnsFalse" methodname="SetFieldOrPropertyValue_NoTarget_ReturnsFalse" classname="GDX.ReflectionTests" runstate="Runnable" seed="1180131434" result="Passed" start-time="2023-06-08 20:33:07Z" end-time="2023-06-08 20:33:07Z" duration="0.000442" asserts="0">
            <properties>
              <property name="Category" value="GDX.Tests" />
            </properties>
            <output><![CDATA[[Code Coverage] Code Coverage results for visited sequence points were saved in D:/BuildAgent/work/GDX-Documentation/Staging/CodeCoverage/GDX_Development-opencov/EditMode/TestCoverageResults_0555.xml
[Code Coverage] Code Coverage requires Burst Compilation to be disabled in order to obtain accurate coverage information. To disable Burst Compilation uncheck Jobs > Burst > Enable Compilation or pass '--burst-disable-compilation' to the command line in batchmode.
]]></output>
          </test-case>
          <test-case id="1077" name="SetFieldOrPropertyValue_NoType_ReturnsFalse" fullname="GDX.ReflectionTests.SetFieldOrPropertyValue_NoType_ReturnsFalse" methodname="SetFieldOrPropertyValue_NoType_ReturnsFalse" classname="GDX.ReflectionTests" runstate="Runnable" seed="2049815646" result="Passed" start-time="2023-06-08 20:33:07Z" end-time="2023-06-08 20:33:07Z" duration="0.010048" asserts="0">
            <properties>
              <property name="Category" value="GDX.Tests" />
            </properties>
            <output><![CDATA[[Code Coverage] Code Coverage results for visited sequence points were saved in D:/BuildAgent/work/GDX-Documentation/Staging/CodeCoverage/GDX_Development-opencov/EditMode/TestCoverageResults_0556.xml
[Code Coverage] Code Coverage requires Burst Compilation to be disabled in order to obtain accurate coverage information. To disable Burst Compilation uncheck Jobs > Burst > Enable Compilation or pass '--burst-disable-compilation' to the command line in batchmode.
]]></output>
          </test-case>
          <test-case id="1075" name="SetFieldOrPropertyValue_ProjectBrowser_SetIsLocked" fullname="GDX.ReflectionTests.SetFieldOrPropertyValue_ProjectBrowser_SetIsLocked" methodname="SetFieldOrPropertyValue_ProjectBrowser_SetIsLocked" classname="GDX.ReflectionTests" runstate="Runnable" seed="1812826293" result="Passed" start-time="2023-06-08 20:33:08Z" end-time="2023-06-08 20:33:08Z" duration="0.001729" asserts="0">
            <properties>
              <property name="Category" value="GDX.Tests" />
            </properties>
            <output><![CDATA[[Code Coverage] Code Coverage results for visited sequence points were saved in D:/BuildAgent/work/GDX-Documentation/Staging/CodeCoverage/GDX_Development-opencov/EditMode/TestCoverageResults_0557.xml
[Code Coverage] Code Coverage requires Burst Compilation to be disabled in order to obtain accurate coverage information. To disable Burst Compilation uncheck Jobs > Burst > Enable Compilation or pass '--burst-disable-compilation' to the command line in batchmode.
]]></output>
          </test-case>
          <test-case id="1076" name="SetFieldOrPropertyValue_ProjectBrowser_SetSearchFieldText" fullname="GDX.ReflectionTests.SetFieldOrPropertyValue_ProjectBrowser_SetSearchFieldText" methodname="SetFieldOrPropertyValue_ProjectBrowser_SetSearchFieldText" classname="GDX.ReflectionTests" runstate="Runnable" seed="2008672781" result="Passed" start-time="2023-06-08 20:33:08Z" end-time="2023-06-08 20:33:08Z" duration="0.001266" asserts="0">
            <properties>
              <property name="Category" value="GDX.Tests" />
            </properties>
            <output><![CDATA[[Code Coverage] Code Coverage results for visited sequence points were saved in D:/BuildAgent/work/GDX-Documentation/Staging/CodeCoverage/GDX_Development-opencov/EditMode/TestCoverageResults_0558.xml
[Code Coverage] Code Coverage requires Burst Compilation to be disabled in order to obtain accurate coverage information. To disable Burst Compilation uncheck Jobs > Burst > Enable Compilation or pass '--burst-disable-compilation' to the command line in batchmode.
]]></output>
          </test-case>
          <test-case id="1081" name="SetFieldValue_BadField_ReturnsFalse" fullname="GDX.ReflectionTests.SetFieldValue_BadField_ReturnsFalse" methodname="SetFieldValue_BadField_ReturnsFalse" classname="GDX.ReflectionTests" runstate="Runnable" seed="163280569" result="Passed" start-time="2023-06-08 20:33:09Z" end-time="2023-06-08 20:33:09Z" duration="0.000832" asserts="0">
            <properties>
              <property name="Category" value="GDX.Tests" />
            </properties>
            <output><![CDATA[[Code Coverage] Code Coverage results for visited sequence points were saved in D:/BuildAgent/work/GDX-Documentation/Staging/CodeCoverage/GDX_Development-opencov/EditMode/TestCoverageResults_0559.xml
[Code Coverage] Code Coverage requires Burst Compilation to be disabled in order to obtain accurate coverage information. To disable Burst Compilation uncheck Jobs > Burst > Enable Compilation or pass '--burst-disable-compilation' to the command line in batchmode.
]]></output>
          </test-case>
          <test-case id="1080" name="SetFieldValue_NoType_ReturnsFalse" fullname="GDX.ReflectionTests.SetFieldValue_NoType_ReturnsFalse" methodname="SetFieldValue_NoType_ReturnsFalse" classname="GDX.ReflectionTests" runstate="Runnable" seed="685135597" result="Passed" start-time="2023-06-08 20:33:10Z" end-time="2023-06-08 20:33:10Z" duration="0.000835" asserts="0">
            <properties>
              <property name="Category" value="GDX.Tests" />
            </properties>
            <output><![CDATA[[Code Coverage] Code Coverage results for visited sequence points were saved in D:/BuildAgent/work/GDX-Documentation/Staging/CodeCoverage/GDX_Development-opencov/EditMode/TestCoverageResults_0560.xml
[Code Coverage] Code Coverage requires Burst Compilation to be disabled in order to obtain accurate coverage information. To disable Burst Compilation uncheck Jobs > Burst > Enable Compilation or pass '--burst-disable-compilation' to the command line in batchmode.
]]></output>
          </test-case>
          <test-case id="1079" name="SetFieldValue_ProjectBrowser_SetSearchFieldText" fullname="GDX.ReflectionTests.SetFieldValue_ProjectBrowser_SetSearchFieldText" methodname="SetFieldValue_ProjectBrowser_SetSearchFieldText" classname="GDX.ReflectionTests" runstate="Runnable" seed="1015483785" result="Passed" start-time="2023-06-08 20:33:10Z" end-time="2023-06-08 20:33:10Z" duration="0.000875" asserts="0">
            <properties>
              <property name="Category" value="GDX.Tests" />
            </properties>
            <output><![CDATA[[Code Coverage] Code Coverage results for visited sequence points were saved in D:/BuildAgent/work/GDX-Documentation/Staging/CodeCoverage/GDX_Development-opencov/EditMode/TestCoverageResults_0561.xml
[Code Coverage] Code Coverage requires Burst Compilation to be disabled in order to obtain accurate coverage information. To disable Burst Compilation uncheck Jobs > Burst > Enable Compilation or pass '--burst-disable-compilation' to the command line in batchmode.
]]></output>
          </test-case>
          <test-case id="1084" name="SetPropertyValue_InvalidName_IsFalse" fullname="GDX.ReflectionTests.SetPropertyValue_InvalidName_IsFalse" methodname="SetPropertyValue_InvalidName_IsFalse" classname="GDX.ReflectionTests" runstate="Runnable" seed="9044324" result="Passed" start-time="2023-06-08 20:33:11Z" end-time="2023-06-08 20:33:11Z" duration="0.001023" asserts="0">
            <properties>
              <property name="Category" value="GDX.Tests" />
            </properties>
            <output><![CDATA[[Code Coverage] Code Coverage results for visited sequence points were saved in D:/BuildAgent/work/GDX-Documentation/Staging/CodeCoverage/GDX_Development-opencov/EditMode/TestCoverageResults_0562.xml
[Code Coverage] Code Coverage requires Burst Compilation to be disabled in order to obtain accurate coverage information. To disable Burst Compilation uncheck Jobs > Burst > Enable Compilation or pass '--burst-disable-compilation' to the command line in batchmode.
]]></output>
          </test-case>
          <test-case id="1083" name="SetPropertyValue_NoType_IsFalse" fullname="GDX.ReflectionTests.SetPropertyValue_NoType_IsFalse" methodname="SetPropertyValue_NoType_IsFalse" classname="GDX.ReflectionTests" runstate="Runnable" seed="590230196" result="Passed" start-time="2023-06-08 20:33:12Z" end-time="2023-06-08 20:33:12Z" duration="0.000790" asserts="0">
            <properties>
              <property name="Category" value="GDX.Tests" />
            </properties>
            <output><![CDATA[[Code Coverage] Code Coverage results for visited sequence points were saved in D:/BuildAgent/work/GDX-Documentation/Staging/CodeCoverage/GDX_Development-opencov/EditMode/TestCoverageResults_0563.xml
[Code Coverage] Code Coverage requires Burst Compilation to be disabled in order to obtain accurate coverage information. To disable Burst Compilation uncheck Jobs > Burst > Enable Compilation or pass '--burst-disable-compilation' to the command line in batchmode.
]]></output>
          </test-case>
          <test-case id="1082" name="SetPropertyValue_QualifiedProperty_IsSet" fullname="GDX.ReflectionTests.SetPropertyValue_QualifiedProperty_IsSet" methodname="SetPropertyValue_QualifiedProperty_IsSet" classname="GDX.ReflectionTests" runstate="Runnable" seed="917883875" result="Passed" start-time="2023-06-08 20:33:12Z" end-time="2023-06-08 20:33:12Z" duration="0.001129" asserts="0">
            <properties>
              <property name="Category" value="GDX.Tests" />
            </properties>
            <output><![CDATA[[Code Coverage] Code Coverage results for visited sequence points were saved in D:/BuildAgent/work/GDX-Documentation/Staging/CodeCoverage/GDX_Development-opencov/EditMode/TestCoverageResults_0564.xml
[Code Coverage] Code Coverage requires Burst Compilation to be disabled in order to obtain accurate coverage information. To disable Burst Compilation uncheck Jobs > Burst > Enable Compilation or pass '--burst-disable-compilation' to the command line in batchmode.
]]></output>
          </test-case>
          <test-case id="1087" name="TryGetFieldOrPropertyValue_BadField_ReturnsStartGridSize" fullname="GDX.ReflectionTests.TryGetFieldOrPropertyValue_BadField_ReturnsStartGridSize" methodname="TryGetFieldOrPropertyValue_BadField_ReturnsStartGridSize" classname="GDX.ReflectionTests" runstate="Runnable" seed="737754247" result="Passed" start-time="2023-06-08 20:33:13Z" end-time="2023-06-08 20:33:13Z" duration="0.000781" asserts="0">
            <properties>
              <property name="Category" value="GDX.Tests" />
            </properties>
            <output><![CDATA[[Code Coverage] Code Coverage results for visited sequence points were saved in D:/BuildAgent/work/GDX-Documentation/Staging/CodeCoverage/GDX_Development-opencov/EditMode/TestCoverageResults_0565.xml
[Code Coverage] Code Coverage requires Burst Compilation to be disabled in order to obtain accurate coverage information. To disable Burst Compilation uncheck Jobs > Burst > Enable Compilation or pass '--burst-disable-compilation' to the command line in batchmode.
]]></output>
          </test-case>
          <test-case id="1086" name="TryGetFieldOrPropertyValue_NoField_ReturnsDefault" fullname="GDX.ReflectionTests.TryGetFieldOrPropertyValue_NoField_ReturnsDefault" methodname="TryGetFieldOrPropertyValue_NoField_ReturnsDefault" classname="GDX.ReflectionTests" runstate="Runnable" seed="23687267" result="Passed" start-time="2023-06-08 20:33:13Z" end-time="2023-06-08 20:33:13Z" duration="0.000908" asserts="0">
            <properties>
              <property name="Category" value="GDX.Tests" />
            </properties>
            <output><![CDATA[[Code Coverage] Code Coverage results for visited sequence points were saved in D:/BuildAgent/work/GDX-Documentation/Staging/CodeCoverage/GDX_Development-opencov/EditMode/TestCoverageResults_0566.xml
[Code Coverage] Code Coverage requires Burst Compilation to be disabled in order to obtain accurate coverage information. To disable Burst Compilation uncheck Jobs > Burst > Enable Compilation or pass '--burst-disable-compilation' to the command line in batchmode.
]]></output>
          </test-case>
          <test-case id="1085" name="TryGetFieldOrPropertyValue_NoTarget_ReturnsDefault" fullname="GDX.ReflectionTests.TryGetFieldOrPropertyValue_NoTarget_ReturnsDefault" methodname="TryGetFieldOrPropertyValue_NoTarget_ReturnsDefault" classname="GDX.ReflectionTests" runstate="Runnable" seed="1905688708" result="Passed" start-time="2023-06-08 20:33:14Z" end-time="2023-06-08 20:33:14Z" duration="0.000302" asserts="0">
            <properties>
              <property name="Category" value="GDX.Tests" />
            </properties>
            <output><![CDATA[[Code Coverage] Code Coverage results for visited sequence points were saved in D:/BuildAgent/work/GDX-Documentation/Staging/CodeCoverage/GDX_Development-opencov/EditMode/TestCoverageResults_0567.xml
[Code Coverage] Code Coverage requires Burst Compilation to be disabled in order to obtain accurate coverage information. To disable Burst Compilation uncheck Jobs > Burst > Enable Compilation or pass '--burst-disable-compilation' to the command line in batchmode.
]]></output>
          </test-case>
          <test-case id="1088" name="TryGetFieldOrPropertyValue_ProjectBrowserField_ReturnsStartGridSize" fullname="GDX.ReflectionTests.TryGetFieldOrPropertyValue_ProjectBrowserField_ReturnsStartGridSize" methodname="TryGetFieldOrPropertyValue_ProjectBrowserField_ReturnsStartGridSize" classname="GDX.ReflectionTests" runstate="Runnable" seed="1004718889" result="Passed" start-time="2023-06-08 20:33:15Z" end-time="2023-06-08 20:33:15Z" duration="0.000886" asserts="0">
            <properties>
              <property name="Category" value="GDX.Tests" />
            </properties>
            <output><![CDATA[[Code Coverage] Code Coverage results for visited sequence points were saved in D:/BuildAgent/work/GDX-Documentation/Staging/CodeCoverage/GDX_Development-opencov/EditMode/TestCoverageResults_0568.xml
[Code Coverage] Code Coverage requires Burst Compilation to be disabled in order to obtain accurate coverage information. To disable Burst Compilation uncheck Jobs > Burst > Enable Compilation or pass '--burst-disable-compilation' to the command line in batchmode.
]]></output>
          </test-case>
          <test-case id="1089" name="TryGetFieldOrPropertyValue_ProjectBrowserProperty_ReturnsIsLocked" fullname="GDX.ReflectionTests.TryGetFieldOrPropertyValue_ProjectBrowserProperty_ReturnsIsLocked" methodname="TryGetFieldOrPropertyValue_ProjectBrowserProperty_ReturnsIsLocked" classname="GDX.ReflectionTests" runstate="Runnable" seed="383628753" result="Passed" start-time="2023-06-08 20:33:16Z" end-time="2023-06-08 20:33:16Z" duration="0.000833" asserts="0">
            <properties>
              <property name="Category" value="GDX.Tests" />
            </properties>
            <output><![CDATA[[Code Coverage] Code Coverage results for visited sequence points were saved in D:/BuildAgent/work/GDX-Documentation/Staging/CodeCoverage/GDX_Development-opencov/EditMode/TestCoverageResults_0569.xml
[Code Coverage] Code Coverage requires Burst Compilation to be disabled in order to obtain accurate coverage information. To disable Burst Compilation uncheck Jobs > Burst > Enable Compilation or pass '--burst-disable-compilation' to the command line in batchmode.
]]></output>
          </test-case>
          <test-case id="1092" name="TryGetFieldValue_BadField_ReturnsDefault" fullname="GDX.ReflectionTests.TryGetFieldValue_BadField_ReturnsDefault" methodname="TryGetFieldValue_BadField_ReturnsDefault" classname="GDX.ReflectionTests" runstate="Runnable" seed="1846063728" result="Passed" start-time="2023-06-08 20:33:17Z" end-time="2023-06-08 20:33:17Z" duration="0.000800" asserts="0">
            <properties>
              <property name="Category" value="GDX.Tests" />
            </properties>
            <output><![CDATA[[Code Coverage] Code Coverage results for visited sequence points were saved in D:/BuildAgent/work/GDX-Documentation/Staging/CodeCoverage/GDX_Development-opencov/EditMode/TestCoverageResults_0570.xml
[Code Coverage] Code Coverage requires Burst Compilation to be disabled in order to obtain accurate coverage information. To disable Burst Compilation uncheck Jobs > Burst > Enable Compilation or pass '--burst-disable-compilation' to the command line in batchmode.
]]></output>
          </test-case>
          <test-case id="1091" name="TryGetFieldValue_NoType_ReturnsDefault" fullname="GDX.ReflectionTests.TryGetFieldValue_NoType_ReturnsDefault" methodname="TryGetFieldValue_NoType_ReturnsDefault" classname="GDX.ReflectionTests" runstate="Runnable" seed="1711288569" result="Passed" start-time="2023-06-08 20:33:18Z" end-time="2023-06-08 20:33:18Z" duration="0.000818" asserts="0">
            <properties>
              <property name="Category" value="GDX.Tests" />
            </properties>
            <output><![CDATA[[Code Coverage] Code Coverage results for visited sequence points were saved in D:/BuildAgent/work/GDX-Documentation/Staging/CodeCoverage/GDX_Development-opencov/EditMode/TestCoverageResults_0571.xml
[Code Coverage] Code Coverage requires Burst Compilation to be disabled in order to obtain accurate coverage information. To disable Burst Compilation uncheck Jobs > Burst > Enable Compilation or pass '--burst-disable-compilation' to the command line in batchmode.
]]></output>
          </test-case>
          <test-case id="1090" name="TryGetFieldValue_ProjectBrowser_ReturnsTrueGetFieldText" fullname="GDX.ReflectionTests.TryGetFieldValue_ProjectBrowser_ReturnsTrueGetFieldText" methodname="TryGetFieldValue_ProjectBrowser_ReturnsTrueGetFieldText" classname="GDX.ReflectionTests" runstate="Runnable" seed="1991302604" result="Passed" start-time="2023-06-08 20:33:18Z" end-time="2023-06-08 20:33:18Z" duration="0.000831" asserts="0">
            <properties>
              <property name="Category" value="GDX.Tests" />
            </properties>
            <output><![CDATA[[Code Coverage] Code Coverage results for visited sequence points were saved in D:/BuildAgent/work/GDX-Documentation/Staging/CodeCoverage/GDX_Development-opencov/EditMode/TestCoverageResults_0572.xml
[Code Coverage] Code Coverage requires Burst Compilation to be disabled in order to obtain accurate coverage information. To disable Burst Compilation uncheck Jobs > Burst > Enable Compilation or pass '--burst-disable-compilation' to the command line in batchmode.
]]></output>
          </test-case>
          <test-case id="1095" name="TryGetPropertyValue_InvalidName_IsFalse" fullname="GDX.ReflectionTests.TryGetPropertyValue_InvalidName_IsFalse" methodname="TryGetPropertyValue_InvalidName_IsFalse" classname="GDX.ReflectionTests" runstate="Runnable" seed="1230332778" result="Passed" start-time="2023-06-08 20:33:19Z" end-time="2023-06-08 20:33:19Z" duration="0.000902" asserts="0">
            <properties>
              <property name="Category" value="GDX.Tests" />
            </properties>
            <output><![CDATA[[Code Coverage] Code Coverage results for visited sequence points were saved in D:/BuildAgent/work/GDX-Documentation/Staging/CodeCoverage/GDX_Development-opencov/EditMode/TestCoverageResults_0573.xml
[Code Coverage] Code Coverage requires Burst Compilation to be disabled in order to obtain accurate coverage information. To disable Burst Compilation uncheck Jobs > Burst > Enable Compilation or pass '--burst-disable-compilation' to the command line in batchmode.
]]></output>
          </test-case>
          <test-case id="1094" name="TryGetPropertyValue_NoType_IsFalse" fullname="GDX.ReflectionTests.TryGetPropertyValue_NoType_IsFalse" methodname="TryGetPropertyValue_NoType_IsFalse" classname="GDX.ReflectionTests" runstate="Runnable" seed="1813642304" result="Passed" start-time="2023-06-08 20:33:19Z" end-time="2023-06-08 20:33:19Z" duration="0.000814" asserts="0">
            <properties>
              <property name="Category" value="GDX.Tests" />
            </properties>
            <output><![CDATA[[Code Coverage] Code Coverage results for visited sequence points were saved in D:/BuildAgent/work/GDX-Documentation/Staging/CodeCoverage/GDX_Development-opencov/EditMode/TestCoverageResults_0574.xml
[Code Coverage] Code Coverage requires Burst Compilation to be disabled in order to obtain accurate coverage information. To disable Burst Compilation uncheck Jobs > Burst > Enable Compilation or pass '--burst-disable-compilation' to the command line in batchmode.
]]></output>
          </test-case>
          <test-case id="1093" name="TryGetPropertyValue_QualifiedProperty_IsTrue" fullname="GDX.ReflectionTests.TryGetPropertyValue_QualifiedProperty_IsTrue" methodname="TryGetPropertyValue_QualifiedProperty_IsTrue" classname="GDX.ReflectionTests" runstate="Runnable" seed="1893320584" result="Passed" start-time="2023-06-08 20:33:20Z" end-time="2023-06-08 20:33:20Z" duration="0.000792" asserts="0">
            <properties>
              <property name="Category" value="GDX.Tests" />
            </properties>
            <output><![CDATA[[Code Coverage] Code Coverage results for visited sequence points were saved in D:/BuildAgent/work/GDX-Documentation/Staging/CodeCoverage/GDX_Development-opencov/EditMode/TestCoverageResults_0575.xml
[Code Coverage] Code Coverage requires Burst Compilation to be disabled in order to obtain accurate coverage information. To disable Burst Compilation uncheck Jobs > Burst > Enable Compilation or pass '--burst-disable-compilation' to the command line in batchmode.
]]></output>
          </test-case>
        </test-suite>
        <test-suite type="TestSuite" id="1761" name="Rendering" fullname="GDX.Rendering" runstate="Runnable" testcasecount="2" result="Passed" start-time="2023-06-08 20:33:21Z" end-time="2023-06-08 20:33:22Z" duration="1.379797" total="2" passed="2" failed="0" inconclusive="0" skipped="0" asserts="0">
          <properties />
          <test-suite type="TestFixture" id="1220" name="ShaderProviderTests" fullname="GDX.Rendering.ShaderProviderTests" classname="GDX.Rendering.ShaderProviderTests" runstate="Runnable" testcasecount="2" result="Passed" start-time="2023-06-08 20:33:21Z" end-time="2023-06-08 20:33:22Z" duration="1.255893" total="2" passed="2" failed="0" inconclusive="0" skipped="0" asserts="0">
            <properties />
            <test-case id="1221" name="DottedLine_NotNull" fullname="GDX.Rendering.ShaderProviderTests.DottedLine_NotNull" methodname="DottedLine_NotNull" classname="GDX.Rendering.ShaderProviderTests" runstate="Runnable" seed="2055052003" result="Passed" start-time="2023-06-08 20:33:21Z" end-time="2023-06-08 20:33:21Z" duration="0.000290" asserts="0">
              <properties>
                <property name="Category" value="GDX.Tests" />
              </properties>
              <output><![CDATA[[Code Coverage] Code Coverage results for visited sequence points were saved in D:/BuildAgent/work/GDX-Documentation/Staging/CodeCoverage/GDX_Development-opencov/EditMode/TestCoverageResults_0576.xml
[Code Coverage] Code Coverage requires Burst Compilation to be disabled in order to obtain accurate coverage information. To disable Burst Compilation uncheck Jobs > Burst > Enable Compilation or pass '--burst-disable-compilation' to the command line in batchmode.
]]></output>
            </test-case>
            <test-case id="1222" name="UnlitColor_NotNull" fullname="GDX.Rendering.ShaderProviderTests.UnlitColor_NotNull" methodname="UnlitColor_NotNull" classname="GDX.Rendering.ShaderProviderTests" runstate="Runnable" seed="1295249182" result="Passed" start-time="2023-06-08 20:33:21Z" end-time="2023-06-08 20:33:21Z" duration="0.000285" asserts="0">
              <properties>
                <property name="Category" value="GDX.Tests" />
              </properties>
              <output><![CDATA[[Code Coverage] Code Coverage results for visited sequence points were saved in D:/BuildAgent/work/GDX-Documentation/Staging/CodeCoverage/GDX_Development-opencov/EditMode/TestCoverageResults_0577.xml
[Code Coverage] Code Coverage requires Burst Compilation to be disabled in order to obtain accurate coverage information. To disable Burst Compilation uncheck Jobs > Burst > Enable Compilation or pass '--burst-disable-compilation' to the command line in batchmode.
]]></output>
            </test-case>
          </test-suite>
        </test-suite>
        <test-suite type="TestFixture" id="1096" name="SegmentedStringTests" fullname="GDX.SegmentedStringTests" classname="GDX.SegmentedStringTests" runstate="Runnable" testcasecount="9" result="Passed" start-time="2023-06-08 20:33:22Z" end-time="2023-06-08 20:33:28Z" duration="5.697239" total="9" passed="9" failed="0" inconclusive="0" skipped="0" asserts="0">
          <properties />
          <test-case id="1097" name="AsCharArray_MockData_ReturnsAll" fullname="GDX.SegmentedStringTests.AsCharArray_MockData_ReturnsAll" methodname="AsCharArray_MockData_ReturnsAll" classname="GDX.SegmentedStringTests" runstate="Runnable" seed="980282842" result="Passed" start-time="2023-06-08 20:33:22Z" end-time="2023-06-08 20:33:22Z" duration="0.000726" asserts="0">
            <properties>
              <property name="Category" value="GDX.Tests" />
            </properties>
            <output><![CDATA[[Code Coverage] Code Coverage results for visited sequence points were saved in D:/BuildAgent/work/GDX-Documentation/Staging/CodeCoverage/GDX_Development-opencov/EditMode/TestCoverageResults_0578.xml
[Code Coverage] Code Coverage requires Burst Compilation to be disabled in order to obtain accurate coverage information. To disable Burst Compilation uncheck Jobs > Burst > Enable Compilation or pass '--burst-disable-compilation' to the command line in batchmode.
]]></output>
          </test-case>
          <test-case id="1098" name="AsCharArray_MockDataSpecific_ReturnsTarget" fullname="GDX.SegmentedStringTests.AsCharArray_MockDataSpecific_ReturnsTarget" methodname="AsCharArray_MockDataSpecific_ReturnsTarget" classname="GDX.SegmentedStringTests" runstate="Runnable" seed="1069206012" result="Passed" start-time="2023-06-08 20:33:23Z" end-time="2023-06-08 20:33:23Z" duration="0.000408" asserts="0">
            <properties>
              <property name="Category" value="GDX.Tests" />
            </properties>
            <output><![CDATA[[Code Coverage] Code Coverage results for visited sequence points were saved in D:/BuildAgent/work/GDX-Documentation/Staging/CodeCoverage/GDX_Development-opencov/EditMode/TestCoverageResults_0579.xml
[Code Coverage] Code Coverage requires Burst Compilation to be disabled in order to obtain accurate coverage information. To disable Burst Compilation uncheck Jobs > Burst > Enable Compilation or pass '--burst-disable-compilation' to the command line in batchmode.
]]></output>
          </test-case>
          <test-case id="1099" name="AsString_MockData_ReturnsLowered" fullname="GDX.SegmentedStringTests.AsString_MockData_ReturnsLowered" methodname="AsString_MockData_ReturnsLowered" classname="GDX.SegmentedStringTests" runstate="Runnable" seed="2106962864" result="Passed" start-time="2023-06-08 20:33:23Z" end-time="2023-06-08 20:33:23Z" duration="0.000404" asserts="0">
            <properties>
              <property name="Category" value="GDX.Tests" />
            </properties>
            <output><![CDATA[[Code Coverage] Code Coverage results for visited sequence points were saved in D:/BuildAgent/work/GDX-Documentation/Staging/CodeCoverage/GDX_Development-opencov/EditMode/TestCoverageResults_0580.xml
[Code Coverage] Code Coverage requires Burst Compilation to be disabled in order to obtain accurate coverage information. To disable Burst Compilation uncheck Jobs > Burst > Enable Compilation or pass '--burst-disable-compilation' to the command line in batchmode.
]]></output>
          </test-case>
          <test-case id="1100" name="GetCount_MockData_Correct" fullname="GDX.SegmentedStringTests.GetCount_MockData_Correct" methodname="GetCount_MockData_Correct" classname="GDX.SegmentedStringTests" runstate="Runnable" seed="339551518" result="Passed" start-time="2023-06-08 20:33:24Z" end-time="2023-06-08 20:33:24Z" duration="0.000654" asserts="0">
            <properties>
              <property name="Category" value="GDX.Tests" />
            </properties>
            <output><![CDATA[[Code Coverage] Code Coverage results for visited sequence points were saved in D:/BuildAgent/work/GDX-Documentation/Staging/CodeCoverage/GDX_Development-opencov/EditMode/TestCoverageResults_0581.xml
[Code Coverage] Code Coverage requires Burst Compilation to be disabled in order to obtain accurate coverage information. To disable Burst Compilation uncheck Jobs > Burst > Enable Compilation or pass '--burst-disable-compilation' to the command line in batchmode.
]]></output>
          </test-case>
          <test-case id="1101" name="GetHashCode_MockData_Correct" fullname="GDX.SegmentedStringTests.GetHashCode_MockData_Correct" methodname="GetHashCode_MockData_Correct" classname="GDX.SegmentedStringTests" runstate="Runnable" seed="1585636687" result="Passed" start-time="2023-06-08 20:33:25Z" end-time="2023-06-08 20:33:25Z" duration="0.000360" asserts="0">
            <properties>
              <property name="Category" value="GDX.Tests" />
            </properties>
            <output><![CDATA[[Code Coverage] Code Coverage results for visited sequence points were saved in D:/BuildAgent/work/GDX-Documentation/Staging/CodeCoverage/GDX_Development-opencov/EditMode/TestCoverageResults_0582.xml
[Code Coverage] Code Coverage requires Burst Compilation to be disabled in order to obtain accurate coverage information. To disable Burst Compilation uncheck Jobs > Burst > Enable Compilation or pass '--burst-disable-compilation' to the command line in batchmode.
]]></output>
          </test-case>
          <test-case id="1102" name="GetOffset_MockData_Valid" fullname="GDX.SegmentedStringTests.GetOffset_MockData_Valid" methodname="GetOffset_MockData_Valid" classname="GDX.SegmentedStringTests" runstate="Runnable" seed="1966244144" result="Passed" start-time="2023-06-08 20:33:25Z" end-time="2023-06-08 20:33:25Z" duration="0.000384" asserts="0">
            <properties>
              <property name="Category" value="GDX.Tests" />
            </properties>
            <output><![CDATA[[Code Coverage] Code Coverage results for visited sequence points were saved in D:/BuildAgent/work/GDX-Documentation/Staging/CodeCoverage/GDX_Development-opencov/EditMode/TestCoverageResults_0583.xml
[Code Coverage] Code Coverage requires Burst Compilation to be disabled in order to obtain accurate coverage information. To disable Burst Compilation uncheck Jobs > Burst > Enable Compilation or pass '--burst-disable-compilation' to the command line in batchmode.
]]></output>
          </test-case>
          <test-case id="1104" name="GetSegment_MockData_Matches" fullname="GDX.SegmentedStringTests.GetSegment_MockData_Matches" methodname="GetSegment_MockData_Matches" classname="GDX.SegmentedStringTests" runstate="Runnable" seed="114212894" result="Passed" start-time="2023-06-08 20:33:26Z" end-time="2023-06-08 20:33:26Z" duration="0.000434" asserts="0">
            <properties>
              <property name="Category" value="GDX.Tests" />
            </properties>
            <output><![CDATA[[Code Coverage] Code Coverage results for visited sequence points were saved in D:/BuildAgent/work/GDX-Documentation/Staging/CodeCoverage/GDX_Development-opencov/EditMode/TestCoverageResults_0584.xml
[Code Coverage] Code Coverage requires Burst Compilation to be disabled in order to obtain accurate coverage information. To disable Burst Compilation uncheck Jobs > Burst > Enable Compilation or pass '--burst-disable-compilation' to the command line in batchmode.
]]></output>
          </test-case>
          <test-case id="1103" name="GetSegmentLength_MockData_CorrectCount" fullname="GDX.SegmentedStringTests.GetSegmentLength_MockData_CorrectCount" methodname="GetSegmentLength_MockData_CorrectCount" classname="GDX.SegmentedStringTests" runstate="Runnable" seed="2031662023" result="Passed" start-time="2023-06-08 20:33:27Z" end-time="2023-06-08 20:33:27Z" duration="0.000428" asserts="0">
            <properties>
              <property name="Category" value="GDX.Tests" />
            </properties>
            <output><![CDATA[[Code Coverage] Code Coverage results for visited sequence points were saved in D:/BuildAgent/work/GDX-Documentation/Staging/CodeCoverage/GDX_Development-opencov/EditMode/TestCoverageResults_0585.xml
[Code Coverage] Code Coverage requires Burst Compilation to be disabled in order to obtain accurate coverage information. To disable Burst Compilation uncheck Jobs > Burst > Enable Compilation or pass '--burst-disable-compilation' to the command line in batchmode.
]]></output>
          </test-case>
          <test-case id="1105" name="SplitOnNonAlphaNumericToLowerHashed_MockData_ValidHashCodes" fullname="GDX.SegmentedStringTests.SplitOnNonAlphaNumericToLowerHashed_MockData_ValidHashCodes" methodname="SplitOnNonAlphaNumericToLowerHashed_MockData_ValidHashCodes" classname="GDX.SegmentedStringTests" runstate="Runnable" seed="1891450731" result="Passed" start-time="2023-06-08 20:33:27Z" end-time="2023-06-08 20:33:27Z" duration="0.000534" asserts="0">
            <properties>
              <property name="Category" value="GDX.Tests" />
            </properties>
            <output><![CDATA[[Code Coverage] Code Coverage results for visited sequence points were saved in D:/BuildAgent/work/GDX-Documentation/Staging/CodeCoverage/GDX_Development-opencov/EditMode/TestCoverageResults_0586.xml
[Code Coverage] Code Coverage requires Burst Compilation to be disabled in order to obtain accurate coverage information. To disable Burst Compilation uncheck Jobs > Burst > Enable Compilation or pass '--burst-disable-compilation' to the command line in batchmode.
]]></output>
          </test-case>
        </test-suite>
        <test-suite type="TestFixture" id="1111" name="StringExtensionsTests" fullname="GDX.StringExtensionsTests" classname="GDX.StringExtensionsTests" runstate="Runnable" testcasecount="38" result="Passed" start-time="2023-06-08 20:33:28Z" end-time="2023-06-08 20:33:52Z" duration="23.838466" total="38" passed="38" failed="0" inconclusive="0" skipped="0" asserts="0">
          <properties />
          <test-case id="1142" name="Concatenate_Simple_NoSuffix" fullname="GDX.StringExtensionsTests.Concatenate_Simple_NoSuffix" methodname="Concatenate_Simple_NoSuffix" classname="GDX.StringExtensionsTests" runstate="Runnable" seed="469862803" result="Passed" start-time="2023-06-08 20:33:28Z" end-time="2023-06-08 20:33:28Z" duration="0.000880" asserts="0">
            <properties>
              <property name="Category" value="GDX.Tests" />
            </properties>
            <output><![CDATA[[Code Coverage] Code Coverage results for visited sequence points were saved in D:/BuildAgent/work/GDX-Documentation/Staging/CodeCoverage/GDX_Development-opencov/EditMode/TestCoverageResults_0587.xml
[Code Coverage] Code Coverage requires Burst Compilation to be disabled in order to obtain accurate coverage information. To disable Burst Compilation uncheck Jobs > Burst > Enable Compilation or pass '--burst-disable-compilation' to the command line in batchmode.
]]></output>
          </test-case>
          <test-case id="1143" name="Concatenate_Simple_Suffix" fullname="GDX.StringExtensionsTests.Concatenate_Simple_Suffix" methodname="Concatenate_Simple_Suffix" classname="GDX.StringExtensionsTests" runstate="Runnable" seed="601210167" result="Passed" start-time="2023-06-08 20:33:28Z" end-time="2023-06-08 20:33:28Z" duration="0.000424" asserts="0">
            <properties>
              <property name="Category" value="GDX.Tests" />
            </properties>
            <output><![CDATA[[Code Coverage] Code Coverage results for visited sequence points were saved in D:/BuildAgent/work/GDX-Documentation/Staging/CodeCoverage/GDX_Development-opencov/EditMode/TestCoverageResults_0588.xml
[Code Coverage] Code Coverage requires Burst Compilation to be disabled in order to obtain accurate coverage information. To disable Burst Compilation uncheck Jobs > Burst > Enable Compilation or pass '--burst-disable-compilation' to the command line in batchmode.
]]></output>
          </test-case>
          <test-case id="1140" name="CountOccurence_TwoMockData_ReturnsTwo" fullname="GDX.StringExtensionsTests.CountOccurence_TwoMockData_ReturnsTwo" methodname="CountOccurence_TwoMockData_ReturnsTwo" classname="GDX.StringExtensionsTests" runstate="Runnable" seed="2005745147" result="Passed" start-time="2023-06-08 20:33:29Z" end-time="2023-06-08 20:33:29Z" duration="0.000512" asserts="0">
            <properties>
              <property name="Category" value="GDX.Tests" />
            </properties>
            <output><![CDATA[[Code Coverage] Code Coverage results for visited sequence points were saved in D:/BuildAgent/work/GDX-Documentation/Staging/CodeCoverage/GDX_Development-opencov/EditMode/TestCoverageResults_0589.xml
[Code Coverage] Code Coverage requires Burst Compilation to be disabled in order to obtain accurate coverage information. To disable Burst Compilation uncheck Jobs > Burst > Enable Compilation or pass '--burst-disable-compilation' to the command line in batchmode.
]]></output>
          </test-case>
          <test-case id="1141" name="CountOccurence_ZeroMockData_ReturnsTwo" fullname="GDX.StringExtensionsTests.CountOccurence_ZeroMockData_ReturnsTwo" methodname="CountOccurence_ZeroMockData_ReturnsTwo" classname="GDX.StringExtensionsTests" runstate="Runnable" seed="1787052529" result="Passed" start-time="2023-06-08 20:33:30Z" end-time="2023-06-08 20:33:30Z" duration="0.000409" asserts="0">
            <properties>
              <property name="Category" value="GDX.Tests" />
            </properties>
            <output><![CDATA[[Code Coverage] Code Coverage results for visited sequence points were saved in D:/BuildAgent/work/GDX-Documentation/Staging/CodeCoverage/GDX_Development-opencov/EditMode/TestCoverageResults_0590.xml
[Code Coverage] Code Coverage requires Burst Compilation to be disabled in order to obtain accurate coverage information. To disable Burst Compilation uncheck Jobs > Burst > Enable Compilation or pass '--burst-disable-compilation' to the command line in batchmode.
]]></output>
          </test-case>
          <test-case id="1136" name="Encrypt_Decrypt_IsEqual" fullname="GDX.StringExtensionsTests.Encrypt_Decrypt_IsEqual" methodname="Encrypt_Decrypt_IsEqual" classname="GDX.StringExtensionsTests" runstate="Runnable" seed="73816875" result="Passed" start-time="2023-06-08 20:33:30Z" end-time="2023-06-08 20:33:30Z" duration="0.010371" asserts="0">
            <properties>
              <property name="Category" value="GDX.Tests" />
            </properties>
            <output><![CDATA[[Code Coverage] Code Coverage results for visited sequence points were saved in D:/BuildAgent/work/GDX-Documentation/Staging/CodeCoverage/GDX_Development-opencov/EditMode/TestCoverageResults_0591.xml
[Code Coverage] Code Coverage requires Burst Compilation to be disabled in order to obtain accurate coverage information. To disable Burst Compilation uncheck Jobs > Burst > Enable Compilation or pass '--burst-disable-compilation' to the command line in batchmode.
]]></output>
          </test-case>
          <test-case id="1137" name="Encrypt_MockData_ReturnsString" fullname="GDX.StringExtensionsTests.Encrypt_MockData_ReturnsString" methodname="Encrypt_MockData_ReturnsString" classname="GDX.StringExtensionsTests" runstate="Runnable" seed="155891654" result="Passed" start-time="2023-06-08 20:33:31Z" end-time="2023-06-08 20:33:31Z" duration="0.000449" asserts="0">
            <properties>
              <property name="Category" value="GDX.Tests" />
            </properties>
            <output><![CDATA[[Code Coverage] Code Coverage results for visited sequence points were saved in D:/BuildAgent/work/GDX-Documentation/Staging/CodeCoverage/GDX_Development-opencov/EditMode/TestCoverageResults_0592.xml
[Code Coverage] Code Coverage requires Burst Compilation to be disabled in order to obtain accurate coverage information. To disable Burst Compilation uncheck Jobs > Burst > Enable Compilation or pass '--burst-disable-compilation' to the command line in batchmode.
]]></output>
          </test-case>
          <test-case id="1112" name="GetAfterFirst_MockData_ReturnsString" fullname="GDX.StringExtensionsTests.GetAfterFirst_MockData_ReturnsString" methodname="GetAfterFirst_MockData_ReturnsString" classname="GDX.StringExtensionsTests" runstate="Runnable" seed="100748707" result="Passed" start-time="2023-06-08 20:33:32Z" end-time="2023-06-08 20:33:32Z" duration="0.000530" asserts="0">
            <properties>
              <property name="Category" value="GDX.Tests" />
            </properties>
            <output><![CDATA[[Code Coverage] Code Coverage results for visited sequence points were saved in D:/BuildAgent/work/GDX-Documentation/Staging/CodeCoverage/GDX_Development-opencov/EditMode/TestCoverageResults_0593.xml
[Code Coverage] Code Coverage requires Burst Compilation to be disabled in order to obtain accurate coverage information. To disable Burst Compilation uncheck Jobs > Burst > Enable Compilation or pass '--burst-disable-compilation' to the command line in batchmode.
]]></output>
          </test-case>
          <test-case id="1113" name="GetAfterLast_MockData_ReturnsString" fullname="GDX.StringExtensionsTests.GetAfterLast_MockData_ReturnsString" methodname="GetAfterLast_MockData_ReturnsString" classname="GDX.StringExtensionsTests" runstate="Runnable" seed="1850169819" result="Passed" start-time="2023-06-08 20:33:32Z" end-time="2023-06-08 20:33:32Z" duration="0.000539" asserts="0">
            <properties>
              <property name="Category" value="GDX.Tests" />
            </properties>
            <output><![CDATA[[Code Coverage] Code Coverage results for visited sequence points were saved in D:/BuildAgent/work/GDX-Documentation/Staging/CodeCoverage/GDX_Development-opencov/EditMode/TestCoverageResults_0594.xml
[Code Coverage] Code Coverage requires Burst Compilation to be disabled in order to obtain accurate coverage information. To disable Burst Compilation uncheck Jobs > Burst > Enable Compilation or pass '--burst-disable-compilation' to the command line in batchmode.
]]></output>
          </test-case>
          <test-case id="1114" name="GetBeforeFirst_MockData_ReturnsEmptyString" fullname="GDX.StringExtensionsTests.GetBeforeFirst_MockData_ReturnsEmptyString" methodname="GetBeforeFirst_MockData_ReturnsEmptyString" classname="GDX.StringExtensionsTests" runstate="Runnable" seed="1542743939" result="Passed" start-time="2023-06-08 20:33:33Z" end-time="2023-06-08 20:33:33Z" duration="0.000488" asserts="0">
            <properties>
              <property name="Category" value="GDX.Tests" />
            </properties>
            <output><![CDATA[[Code Coverage] Code Coverage results for visited sequence points were saved in D:/BuildAgent/work/GDX-Documentation/Staging/CodeCoverage/GDX_Development-opencov/EditMode/TestCoverageResults_0595.xml
[Code Coverage] Code Coverage requires Burst Compilation to be disabled in order to obtain accurate coverage information. To disable Burst Compilation uncheck Jobs > Burst > Enable Compilation or pass '--burst-disable-compilation' to the command line in batchmode.
]]></output>
          </test-case>
          <test-case id="1115" name="GetBeforeLast_MockData_ReturnsString" fullname="GDX.StringExtensionsTests.GetBeforeLast_MockData_ReturnsString" methodname="GetBeforeLast_MockData_ReturnsString" classname="GDX.StringExtensionsTests" runstate="Runnable" seed="1006749561" result="Passed" start-time="2023-06-08 20:33:33Z" end-time="2023-06-08 20:33:33Z" duration="0.000547" asserts="0">
            <properties>
              <property name="Category" value="GDX.Tests" />
            </properties>
            <output><![CDATA[[Code Coverage] Code Coverage results for visited sequence points were saved in D:/BuildAgent/work/GDX-Documentation/Staging/CodeCoverage/GDX_Development-opencov/EditMode/TestCoverageResults_0596.xml
[Code Coverage] Code Coverage requires Burst Compilation to be disabled in order to obtain accurate coverage information. To disable Burst Compilation uncheck Jobs > Burst > Enable Compilation or pass '--burst-disable-compilation' to the command line in batchmode.
]]></output>
          </test-case>
          <test-case id="1138" name="GetStableLowerCaseHashCode_ToLowerGetStableHashCode_IsEqual" fullname="GDX.StringExtensionsTests.GetStableLowerCaseHashCode_ToLowerGetStableHashCode_IsEqual" methodname="GetStableLowerCaseHashCode_ToLowerGetStableHashCode_IsEqual" classname="GDX.StringExtensionsTests" runstate="Runnable" seed="1358667523" result="Passed" start-time="2023-06-08 20:33:34Z" end-time="2023-06-08 20:33:34Z" duration="0.000472" asserts="0">
            <properties>
              <property name="Category" value="GDX.Tests" />
            </properties>
            <output><![CDATA[[Code Coverage] Code Coverage results for visited sequence points were saved in D:/BuildAgent/work/GDX-Documentation/Staging/CodeCoverage/GDX_Development-opencov/EditMode/TestCoverageResults_0597.xml
[Code Coverage] Code Coverage requires Burst Compilation to be disabled in order to obtain accurate coverage information. To disable Burst Compilation uncheck Jobs > Burst > Enable Compilation or pass '--burst-disable-compilation' to the command line in batchmode.
]]></output>
          </test-case>
          <test-case id="1139" name="GetStableUpperCaseHashCode_ToUpperGetStableHashCode_IsEqual" fullname="GDX.StringExtensionsTests.GetStableUpperCaseHashCode_ToUpperGetStableHashCode_IsEqual" methodname="GetStableUpperCaseHashCode_ToUpperGetStableHashCode_IsEqual" classname="GDX.StringExtensionsTests" runstate="Runnable" seed="368055759" result="Passed" start-time="2023-06-08 20:33:35Z" end-time="2023-06-08 20:33:35Z" duration="0.000541" asserts="0">
            <properties>
              <property name="Category" value="GDX.Tests" />
            </properties>
            <output><![CDATA[[Code Coverage] Code Coverage results for visited sequence points were saved in D:/BuildAgent/work/GDX-Documentation/Staging/CodeCoverage/GDX_Development-opencov/EditMode/TestCoverageResults_0598.xml
[Code Coverage] Code Coverage requires Burst Compilation to be disabled in order to obtain accurate coverage information. To disable Burst Compilation uncheck Jobs > Burst > Enable Compilation or pass '--burst-disable-compilation' to the command line in batchmode.
]]></output>
          </test-case>
          <test-case id="1119" name="HasLowerCase_MixedCaseString_ReturnsTrue" fullname="GDX.StringExtensionsTests.HasLowerCase_MixedCaseString_ReturnsTrue" methodname="HasLowerCase_MixedCaseString_ReturnsTrue" classname="GDX.StringExtensionsTests" runstate="Runnable" seed="1289828642" result="Passed" start-time="2023-06-08 20:33:35Z" end-time="2023-06-08 20:33:35Z" duration="0.000498" asserts="0">
            <properties>
              <property name="Category" value="GDX.Tests" />
            </properties>
            <output><![CDATA[[Code Coverage] Code Coverage results for visited sequence points were saved in D:/BuildAgent/work/GDX-Documentation/Staging/CodeCoverage/GDX_Development-opencov/EditMode/TestCoverageResults_0599.xml
[Code Coverage] Code Coverage requires Burst Compilation to be disabled in order to obtain accurate coverage information. To disable Burst Compilation uncheck Jobs > Burst > Enable Compilation or pass '--burst-disable-compilation' to the command line in batchmode.
]]></output>
          </test-case>
          <test-case id="1117" name="HasLowerCase_UpperCaseString_ReturnsFalse" fullname="GDX.StringExtensionsTests.HasLowerCase_UpperCaseString_ReturnsFalse" methodname="HasLowerCase_UpperCaseString_ReturnsFalse" classname="GDX.StringExtensionsTests" runstate="Runnable" seed="2110803847" result="Passed" start-time="2023-06-08 20:33:36Z" end-time="2023-06-08 20:33:36Z" duration="0.000391" asserts="0">
            <properties>
              <property name="Category" value="GDX.Tests" />
            </properties>
            <output><![CDATA[[Code Coverage] Code Coverage results for visited sequence points were saved in D:/BuildAgent/work/GDX-Documentation/Staging/CodeCoverage/GDX_Development-opencov/EditMode/TestCoverageResults_0600.xml
[Code Coverage] Code Coverage requires Burst Compilation to be disabled in order to obtain accurate coverage information. To disable Burst Compilation uncheck Jobs > Burst > Enable Compilation or pass '--burst-disable-compilation' to the command line in batchmode.
]]></output>
          </test-case>
          <test-case id="1116" name="HasUpperCase_LowerCaseString_ReturnsFalse" fullname="GDX.StringExtensionsTests.HasUpperCase_LowerCaseString_ReturnsFalse" methodname="HasUpperCase_LowerCaseString_ReturnsFalse" classname="GDX.StringExtensionsTests" runstate="Runnable" seed="45435889" result="Passed" start-time="2023-06-08 20:33:37Z" end-time="2023-06-08 20:33:37Z" duration="0.000493" asserts="0">
            <properties>
              <property name="Category" value="GDX.Tests" />
            </properties>
            <output><![CDATA[[Code Coverage] Code Coverage results for visited sequence points were saved in D:/BuildAgent/work/GDX-Documentation/Staging/CodeCoverage/GDX_Development-opencov/EditMode/TestCoverageResults_0601.xml
[Code Coverage] Code Coverage requires Burst Compilation to be disabled in order to obtain accurate coverage information. To disable Burst Compilation uncheck Jobs > Burst > Enable Compilation or pass '--burst-disable-compilation' to the command line in batchmode.
]]></output>
          </test-case>
          <test-case id="1118" name="HasUpperCase_MixedCaseString_ReturnsTrue" fullname="GDX.StringExtensionsTests.HasUpperCase_MixedCaseString_ReturnsTrue" methodname="HasUpperCase_MixedCaseString_ReturnsTrue" classname="GDX.StringExtensionsTests" runstate="Runnable" seed="700684683" result="Passed" start-time="2023-06-08 20:33:37Z" end-time="2023-06-08 20:33:37Z" duration="0.000385" asserts="0">
            <properties>
              <property name="Category" value="GDX.Tests" />
            </properties>
            <output><![CDATA[[Code Coverage] Code Coverage results for visited sequence points were saved in D:/BuildAgent/work/GDX-Documentation/Staging/CodeCoverage/GDX_Development-opencov/EditMode/TestCoverageResults_0602.xml
[Code Coverage] Code Coverage requires Burst Compilation to be disabled in order to obtain accurate coverage information. To disable Burst Compilation uncheck Jobs > Burst > Enable Compilation or pass '--burst-disable-compilation' to the command line in batchmode.
]]></output>
          </test-case>
          <test-case id="1123" name="IsBooleanPositiveValue_BadString_ReturnsFalse" fullname="GDX.StringExtensionsTests.IsBooleanPositiveValue_BadString_ReturnsFalse" methodname="IsBooleanPositiveValue_BadString_ReturnsFalse" classname="GDX.StringExtensionsTests" runstate="Runnable" seed="1494766090" result="Passed" start-time="2023-06-08 20:33:38Z" end-time="2023-06-08 20:33:38Z" duration="0.000473" asserts="0">
            <properties>
              <property name="Category" value="GDX.Tests" />
            </properties>
            <output><![CDATA[[Code Coverage] Code Coverage results for visited sequence points were saved in D:/BuildAgent/work/GDX-Documentation/Staging/CodeCoverage/GDX_Development-opencov/EditMode/TestCoverageResults_0603.xml
[Code Coverage] Code Coverage requires Burst Compilation to be disabled in order to obtain accurate coverage information. To disable Burst Compilation uncheck Jobs > Burst > Enable Compilation or pass '--burst-disable-compilation' to the command line in batchmode.
]]></output>
          </test-case>
          <test-case id="1120" name="IsBooleanPositiveValue_TrueString_ReturnsTrue" fullname="GDX.StringExtensionsTests.IsBooleanPositiveValue_TrueString_ReturnsTrue" methodname="IsBooleanPositiveValue_TrueString_ReturnsTrue" classname="GDX.StringExtensionsTests" runstate="Runnable" seed="654235579" result="Passed" start-time="2023-06-08 20:33:38Z" end-time="2023-06-08 20:33:38Z" duration="0.000726" asserts="0">
            <properties>
              <property name="Category" value="GDX.Tests" />
            </properties>
            <output><![CDATA[[Code Coverage] Code Coverage results for visited sequence points were saved in D:/BuildAgent/work/GDX-Documentation/Staging/CodeCoverage/GDX_Development-opencov/EditMode/TestCoverageResults_0604.xml
[Code Coverage] Code Coverage requires Burst Compilation to be disabled in order to obtain accurate coverage information. To disable Burst Compilation uncheck Jobs > Burst > Enable Compilation or pass '--burst-disable-compilation' to the command line in batchmode.
]]></output>
          </test-case>
          <test-case id="1122" name="IsBooleanValue_BadString_ReturnsFalse" fullname="GDX.StringExtensionsTests.IsBooleanValue_BadString_ReturnsFalse" methodname="IsBooleanValue_BadString_ReturnsFalse" classname="GDX.StringExtensionsTests" runstate="Runnable" seed="2104732949" result="Passed" start-time="2023-06-08 20:33:39Z" end-time="2023-06-08 20:33:39Z" duration="0.000478" asserts="0">
            <properties>
              <property name="Category" value="GDX.Tests" />
            </properties>
            <output><![CDATA[[Code Coverage] Code Coverage results for visited sequence points were saved in D:/BuildAgent/work/GDX-Documentation/Staging/CodeCoverage/GDX_Development-opencov/EditMode/TestCoverageResults_0605.xml
[Code Coverage] Code Coverage requires Burst Compilation to be disabled in order to obtain accurate coverage information. To disable Burst Compilation uncheck Jobs > Burst > Enable Compilation or pass '--burst-disable-compilation' to the command line in batchmode.
]]></output>
          </test-case>
          <test-case id="1121" name="IsBooleanValue_OffString_ReturnsTrue" fullname="GDX.StringExtensionsTests.IsBooleanValue_OffString_ReturnsTrue" methodname="IsBooleanValue_OffString_ReturnsTrue" classname="GDX.StringExtensionsTests" runstate="Runnable" seed="29239129" result="Passed" start-time="2023-06-08 20:33:40Z" end-time="2023-06-08 20:33:40Z" duration="0.000400" asserts="0">
            <properties>
              <property name="Category" value="GDX.Tests" />
            </properties>
            <output><![CDATA[[Code Coverage] Code Coverage results for visited sequence points were saved in D:/BuildAgent/work/GDX-Documentation/Staging/CodeCoverage/GDX_Development-opencov/EditMode/TestCoverageResults_0606.xml
[Code Coverage] Code Coverage requires Burst Compilation to be disabled in order to obtain accurate coverage information. To disable Burst Compilation uncheck Jobs > Burst > Enable Compilation or pass '--burst-disable-compilation' to the command line in batchmode.
]]></output>
          </test-case>
          <test-case id="1127" name="IsIntegerValue_BadString_ReturnsFalse" fullname="GDX.StringExtensionsTests.IsIntegerValue_BadString_ReturnsFalse" methodname="IsIntegerValue_BadString_ReturnsFalse" classname="GDX.StringExtensionsTests" runstate="Runnable" seed="1242695278" result="Passed" start-time="2023-06-08 20:33:40Z" end-time="2023-06-08 20:33:40Z" duration="0.000676" asserts="0">
            <properties>
              <property name="Category" value="GDX.Tests" />
            </properties>
            <output><![CDATA[[Code Coverage] Code Coverage results for visited sequence points were saved in D:/BuildAgent/work/GDX-Documentation/Staging/CodeCoverage/GDX_Development-opencov/EditMode/TestCoverageResults_0607.xml
[Code Coverage] Code Coverage requires Burst Compilation to be disabled in order to obtain accurate coverage information. To disable Burst Compilation uncheck Jobs > Burst > Enable Compilation or pass '--burst-disable-compilation' to the command line in batchmode.
]]></output>
          </test-case>
          <test-case id="1128" name="IsIntegerValue_MixedString_ReturnsFalse" fullname="GDX.StringExtensionsTests.IsIntegerValue_MixedString_ReturnsFalse" methodname="IsIntegerValue_MixedString_ReturnsFalse" classname="GDX.StringExtensionsTests" runstate="Runnable" seed="823101644" result="Passed" start-time="2023-06-08 20:33:41Z" end-time="2023-06-08 20:33:41Z" duration="0.000396" asserts="0">
            <properties>
              <property name="Category" value="GDX.Tests" />
            </properties>
            <output><![CDATA[[Code Coverage] Code Coverage results for visited sequence points were saved in D:/BuildAgent/work/GDX-Documentation/Staging/CodeCoverage/GDX_Development-opencov/EditMode/TestCoverageResults_0608.xml
[Code Coverage] Code Coverage requires Burst Compilation to be disabled in order to obtain accurate coverage information. To disable Burst Compilation uncheck Jobs > Burst > Enable Compilation or pass '--burst-disable-compilation' to the command line in batchmode.
]]></output>
          </test-case>
          <test-case id="1126" name="IsIntegerValue_NegativeNumber_ReturnsTrue" fullname="GDX.StringExtensionsTests.IsIntegerValue_NegativeNumber_ReturnsTrue" methodname="IsIntegerValue_NegativeNumber_ReturnsTrue" classname="GDX.StringExtensionsTests" runstate="Runnable" seed="1352923368" result="Passed" start-time="2023-06-08 20:33:42Z" end-time="2023-06-08 20:33:42Z" duration="0.000386" asserts="0">
            <properties>
              <property name="Category" value="GDX.Tests" />
            </properties>
            <output><![CDATA[[Code Coverage] Code Coverage results for visited sequence points were saved in D:/BuildAgent/work/GDX-Documentation/Staging/CodeCoverage/GDX_Development-opencov/EditMode/TestCoverageResults_0609.xml
[Code Coverage] Code Coverage requires Burst Compilation to be disabled in order to obtain accurate coverage information. To disable Burst Compilation uncheck Jobs > Burst > Enable Compilation or pass '--burst-disable-compilation' to the command line in batchmode.
]]></output>
          </test-case>
          <test-case id="1124" name="IsIntegerValue_NullNumber_ReturnsFalse" fullname="GDX.StringExtensionsTests.IsIntegerValue_NullNumber_ReturnsFalse" methodname="IsIntegerValue_NullNumber_ReturnsFalse" classname="GDX.StringExtensionsTests" runstate="Runnable" seed="266405157" result="Passed" start-time="2023-06-08 20:33:42Z" end-time="2023-06-08 20:33:42Z" duration="0.000392" asserts="0">
            <properties>
              <property name="Category" value="GDX.Tests" />
            </properties>
            <output><![CDATA[[Code Coverage] Code Coverage results for visited sequence points were saved in D:/BuildAgent/work/GDX-Documentation/Staging/CodeCoverage/GDX_Development-opencov/EditMode/TestCoverageResults_0610.xml
[Code Coverage] Code Coverage requires Burst Compilation to be disabled in order to obtain accurate coverage information. To disable Burst Compilation uncheck Jobs > Burst > Enable Compilation or pass '--burst-disable-compilation' to the command line in batchmode.
]]></output>
          </test-case>
          <test-case id="1125" name="IsIntegerValue_PositiveNumber_ReturnsTrue" fullname="GDX.StringExtensionsTests.IsIntegerValue_PositiveNumber_ReturnsTrue" methodname="IsIntegerValue_PositiveNumber_ReturnsTrue" classname="GDX.StringExtensionsTests" runstate="Runnable" seed="1536633502" result="Passed" start-time="2023-06-08 20:33:43Z" end-time="2023-06-08 20:33:43Z" duration="0.000396" asserts="0">
            <properties>
              <property name="Category" value="GDX.Tests" />
            </properties>
            <output><![CDATA[[Code Coverage] Code Coverage results for visited sequence points were saved in D:/BuildAgent/work/GDX-Documentation/Staging/CodeCoverage/GDX_Development-opencov/EditMode/TestCoverageResults_0611.xml
[Code Coverage] Code Coverage requires Burst Compilation to be disabled in order to obtain accurate coverage information. To disable Burst Compilation uncheck Jobs > Burst > Enable Compilation or pass '--burst-disable-compilation' to the command line in batchmode.
]]></output>
          </test-case>
          <test-case id="1131" name="IsNumericValue_Characters_ReturnsFalse" fullname="GDX.StringExtensionsTests.IsNumericValue_Characters_ReturnsFalse" methodname="IsNumericValue_Characters_ReturnsFalse" classname="GDX.StringExtensionsTests" runstate="Runnable" seed="1048580450" result="Passed" start-time="2023-06-08 20:33:43Z" end-time="2023-06-08 20:33:43Z" duration="0.000391" asserts="0">
            <properties>
              <property name="Category" value="GDX.Tests" />
            </properties>
            <output><![CDATA[[Code Coverage] Code Coverage results for visited sequence points were saved in D:/BuildAgent/work/GDX-Documentation/Staging/CodeCoverage/GDX_Development-opencov/EditMode/TestCoverageResults_0612.xml
[Code Coverage] Code Coverage requires Burst Compilation to be disabled in order to obtain accurate coverage information. To disable Burst Compilation uncheck Jobs > Burst > Enable Compilation or pass '--burst-disable-compilation' to the command line in batchmode.
]]></output>
          </test-case>
          <test-case id="1132" name="IsNumericValue_NegativeNumber_ReturnsTrue" fullname="GDX.StringExtensionsTests.IsNumericValue_NegativeNumber_ReturnsTrue" methodname="IsNumericValue_NegativeNumber_ReturnsTrue" classname="GDX.StringExtensionsTests" runstate="Runnable" seed="176132483" result="Passed" start-time="2023-06-08 20:33:44Z" end-time="2023-06-08 20:33:44Z" duration="0.000393" asserts="0">
            <properties>
              <property name="Category" value="GDX.Tests" />
            </properties>
            <output><![CDATA[[Code Coverage] Code Coverage results for visited sequence points were saved in D:/BuildAgent/work/GDX-Documentation/Staging/CodeCoverage/GDX_Development-opencov/EditMode/TestCoverageResults_0613.xml
[Code Coverage] Code Coverage requires Burst Compilation to be disabled in order to obtain accurate coverage information. To disable Burst Compilation uncheck Jobs > Burst > Enable Compilation or pass '--burst-disable-compilation' to the command line in batchmode.
]]></output>
          </test-case>
          <test-case id="1130" name="IsNumericValue_NullNumber_ReturnsFalse" fullname="GDX.StringExtensionsTests.IsNumericValue_NullNumber_ReturnsFalse" methodname="IsNumericValue_NullNumber_ReturnsFalse" classname="GDX.StringExtensionsTests" runstate="Runnable" seed="397298528" result="Passed" start-time="2023-06-08 20:33:45Z" end-time="2023-06-08 20:33:45Z" duration="0.000397" asserts="0">
            <properties>
              <property name="Category" value="GDX.Tests" />
            </properties>
            <output><![CDATA[[Code Coverage] Code Coverage results for visited sequence points were saved in D:/BuildAgent/work/GDX-Documentation/Staging/CodeCoverage/GDX_Development-opencov/EditMode/TestCoverageResults_0614.xml
[Code Coverage] Code Coverage requires Burst Compilation to be disabled in order to obtain accurate coverage information. To disable Burst Compilation uncheck Jobs > Burst > Enable Compilation or pass '--burst-disable-compilation' to the command line in batchmode.
]]></output>
          </test-case>
          <test-case id="1129" name="IsNumericValue_PositiveNumber_ReturnsTrue" fullname="GDX.StringExtensionsTests.IsNumericValue_PositiveNumber_ReturnsTrue" methodname="IsNumericValue_PositiveNumber_ReturnsTrue" classname="GDX.StringExtensionsTests" runstate="Runnable" seed="1271114647" result="Passed" start-time="2023-06-08 20:33:45Z" end-time="2023-06-08 20:33:45Z" duration="0.000599" asserts="0">
            <properties>
              <property name="Category" value="GDX.Tests" />
            </properties>
            <output><![CDATA[[Code Coverage] Code Coverage results for visited sequence points were saved in D:/BuildAgent/work/GDX-Documentation/Staging/CodeCoverage/GDX_Development-opencov/EditMode/TestCoverageResults_0615.xml
[Code Coverage] Code Coverage requires Burst Compilation to be disabled in order to obtain accurate coverage information. To disable Burst Compilation uncheck Jobs > Burst > Enable Compilation or pass '--burst-disable-compilation' to the command line in batchmode.
]]></output>
          </test-case>
          <test-case id="1133" name="IsNumericValue_TwoDecimals_ReturnsFalse" fullname="GDX.StringExtensionsTests.IsNumericValue_TwoDecimals_ReturnsFalse" methodname="IsNumericValue_TwoDecimals_ReturnsFalse" classname="GDX.StringExtensionsTests" runstate="Runnable" seed="789373631" result="Passed" start-time="2023-06-08 20:33:46Z" end-time="2023-06-08 20:33:46Z" duration="0.000393" asserts="0">
            <properties>
              <property name="Category" value="GDX.Tests" />
            </properties>
            <output><![CDATA[[Code Coverage] Code Coverage results for visited sequence points were saved in D:/BuildAgent/work/GDX-Documentation/Staging/CodeCoverage/GDX_Development-opencov/EditMode/TestCoverageResults_0616.xml
[Code Coverage] Code Coverage requires Burst Compilation to be disabled in order to obtain accurate coverage information. To disable Burst Compilation uncheck Jobs > Burst > Enable Compilation or pass '--burst-disable-compilation' to the command line in batchmode.
]]></output>
          </test-case>
          <test-case id="1149" name="PartialMatch_EmptySimpleList_NotFound" fullname="GDX.StringExtensionsTests.PartialMatch_EmptySimpleList_NotFound" methodname="PartialMatch_EmptySimpleList_NotFound" classname="GDX.StringExtensionsTests" runstate="Runnable" seed="653162171" result="Passed" start-time="2023-06-08 20:33:47Z" end-time="2023-06-08 20:33:47Z" duration="0.000528" asserts="0">
            <properties>
              <property name="Category" value="GDX.Tests" />
            </properties>
            <output><![CDATA[[Code Coverage] Code Coverage results for visited sequence points were saved in D:/BuildAgent/work/GDX-Documentation/Staging/CodeCoverage/GDX_Development-opencov/EditMode/TestCoverageResults_0617.xml
[Code Coverage] Code Coverage requires Burst Compilation to be disabled in order to obtain accurate coverage information. To disable Burst Compilation uncheck Jobs > Burst > Enable Compilation or pass '--burst-disable-compilation' to the command line in batchmode.
]]></output>
          </test-case>
          <test-case id="1146" name="PartialMatch_NullStringArray_NotFound" fullname="GDX.StringExtensionsTests.PartialMatch_NullStringArray_NotFound" methodname="PartialMatch_NullStringArray_NotFound" classname="GDX.StringExtensionsTests" runstate="Runnable" seed="572586169" result="Passed" start-time="2023-06-08 20:33:47Z" end-time="2023-06-08 20:33:47Z" duration="0.000497" asserts="0">
            <properties>
              <property name="Category" value="GDX.Tests" />
            </properties>
            <output><![CDATA[[Code Coverage] Code Coverage results for visited sequence points were saved in D:/BuildAgent/work/GDX-Documentation/Staging/CodeCoverage/GDX_Development-opencov/EditMode/TestCoverageResults_0618.xml
[Code Coverage] Code Coverage requires Burst Compilation to be disabled in order to obtain accurate coverage information. To disable Burst Compilation uncheck Jobs > Burst > Enable Compilation or pass '--burst-disable-compilation' to the command line in batchmode.
]]></output>
          </test-case>
          <test-case id="1147" name="PartialMatch_SimpleList_Found" fullname="GDX.StringExtensionsTests.PartialMatch_SimpleList_Found" methodname="PartialMatch_SimpleList_Found" classname="GDX.StringExtensionsTests" runstate="Runnable" seed="1789811930" result="Passed" start-time="2023-06-08 20:33:48Z" end-time="2023-06-08 20:33:48Z" duration="0.000526" asserts="0">
            <properties>
              <property name="Category" value="GDX.Tests" />
            </properties>
            <output><![CDATA[[Code Coverage] Code Coverage results for visited sequence points were saved in D:/BuildAgent/work/GDX-Documentation/Staging/CodeCoverage/GDX_Development-opencov/EditMode/TestCoverageResults_0619.xml
[Code Coverage] Code Coverage requires Burst Compilation to be disabled in order to obtain accurate coverage information. To disable Burst Compilation uncheck Jobs > Burst > Enable Compilation or pass '--burst-disable-compilation' to the command line in batchmode.
]]></output>
          </test-case>
          <test-case id="1148" name="PartialMatch_SimpleList_NotFound" fullname="GDX.StringExtensionsTests.PartialMatch_SimpleList_NotFound" methodname="PartialMatch_SimpleList_NotFound" classname="GDX.StringExtensionsTests" runstate="Runnable" seed="179921074" result="Passed" start-time="2023-06-08 20:33:48Z" end-time="2023-06-08 20:33:48Z" duration="0.000457" asserts="0">
            <properties>
              <property name="Category" value="GDX.Tests" />
            </properties>
            <output><![CDATA[[Code Coverage] Code Coverage results for visited sequence points were saved in D:/BuildAgent/work/GDX-Documentation/Staging/CodeCoverage/GDX_Development-opencov/EditMode/TestCoverageResults_0620.xml
[Code Coverage] Code Coverage requires Burst Compilation to be disabled in order to obtain accurate coverage information. To disable Burst Compilation uncheck Jobs > Burst > Enable Compilation or pass '--burst-disable-compilation' to the command line in batchmode.
]]></output>
          </test-case>
          <test-case id="1144" name="PartialMatch_StringArray_Found" fullname="GDX.StringExtensionsTests.PartialMatch_StringArray_Found" methodname="PartialMatch_StringArray_Found" classname="GDX.StringExtensionsTests" runstate="Runnable" seed="1502097340" result="Passed" start-time="2023-06-08 20:33:49Z" end-time="2023-06-08 20:33:49Z" duration="0.000424" asserts="0">
            <properties>
              <property name="Category" value="GDX.Tests" />
            </properties>
            <output><![CDATA[[Code Coverage] Code Coverage results for visited sequence points were saved in D:/BuildAgent/work/GDX-Documentation/Staging/CodeCoverage/GDX_Development-opencov/EditMode/TestCoverageResults_0621.xml
[Code Coverage] Code Coverage requires Burst Compilation to be disabled in order to obtain accurate coverage information. To disable Burst Compilation uncheck Jobs > Burst > Enable Compilation or pass '--burst-disable-compilation' to the command line in batchmode.
]]></output>
          </test-case>
          <test-case id="1145" name="PartialMatch_StringArray_NotFound" fullname="GDX.StringExtensionsTests.PartialMatch_StringArray_NotFound" methodname="PartialMatch_StringArray_NotFound" classname="GDX.StringExtensionsTests" runstate="Runnable" seed="1565691046" result="Passed" start-time="2023-06-08 20:33:50Z" end-time="2023-06-08 20:33:50Z" duration="0.000430" asserts="0">
            <properties>
              <property name="Category" value="GDX.Tests" />
            </properties>
            <output><![CDATA[[Code Coverage] Code Coverage results for visited sequence points were saved in D:/BuildAgent/work/GDX-Documentation/Staging/CodeCoverage/GDX_Development-opencov/EditMode/TestCoverageResults_0622.xml
[Code Coverage] Code Coverage requires Burst Compilation to be disabled in order to obtain accurate coverage information. To disable Burst Compilation uncheck Jobs > Burst > Enable Compilation or pass '--burst-disable-compilation' to the command line in batchmode.
]]></output>
          </test-case>
          <test-case id="1135" name="SplitCamelCase_camelCase_ReturnsString" fullname="GDX.StringExtensionsTests.SplitCamelCase_camelCase_ReturnsString" methodname="SplitCamelCase_camelCase_ReturnsString" classname="GDX.StringExtensionsTests" runstate="Runnable" seed="166730122" result="Passed" start-time="2023-06-08 20:33:50Z" end-time="2023-06-08 20:33:50Z" duration="0.001199" asserts="0">
            <properties>
              <property name="Category" value="GDX.Tests" />
            </properties>
            <output><![CDATA[[Code Coverage] Code Coverage results for visited sequence points were saved in D:/BuildAgent/work/GDX-Documentation/Staging/CodeCoverage/GDX_Development-opencov/EditMode/TestCoverageResults_0623.xml
[Code Coverage] Code Coverage requires Burst Compilation to be disabled in order to obtain accurate coverage information. To disable Burst Compilation uncheck Jobs > Burst > Enable Compilation or pass '--burst-disable-compilation' to the command line in batchmode.
]]></output>
          </test-case>
          <test-case id="1134" name="SplitCamelCase_CamelCase_ReturnsString" fullname="GDX.StringExtensionsTests.SplitCamelCase_CamelCase_ReturnsString" methodname="SplitCamelCase_CamelCase_ReturnsString" classname="GDX.StringExtensionsTests" runstate="Runnable" seed="259828598" result="Passed" start-time="2023-06-08 20:33:51Z" end-time="2023-06-08 20:33:51Z" duration="0.000429" asserts="0">
            <properties>
              <property name="Category" value="GDX.Tests" />
            </properties>
            <output><![CDATA[[Code Coverage] Code Coverage results for visited sequence points were saved in D:/BuildAgent/work/GDX-Documentation/Staging/CodeCoverage/GDX_Development-opencov/EditMode/TestCoverageResults_0624.xml
[Code Coverage] Code Coverage requires Burst Compilation to be disabled in order to obtain accurate coverage information. To disable Burst Compilation uncheck Jobs > Burst > Enable Compilation or pass '--burst-disable-compilation' to the command line in batchmode.
]]></output>
          </test-case>
        </test-suite>
        <test-suite type="TestSuite" id="1760" name="Threading" fullname="GDX.Threading" runstate="Runnable" testcasecount="24" result="Passed" start-time="2023-06-08 20:33:52Z" end-time="2023-06-08 20:34:56Z" duration="64.446069" total="24" passed="24" failed="0" inconclusive="0" skipped="0" asserts="0">
          <properties />
          <test-suite type="TestFixture" id="1192" name="TaskDirectorSystemTests" fullname="GDX.Threading.TaskDirectorSystemTests" classname="GDX.Threading.TaskDirectorSystemTests" runstate="Runnable" testcasecount="7" result="Passed" start-time="2023-06-08 20:33:52Z" end-time="2023-06-08 20:34:39Z" duration="47.159533" total="7" passed="7" failed="0" inconclusive="0" skipped="0" asserts="0">
            <properties />
            <test-case id="1194" name="Initialize_DefaultTickRate" fullname="GDX.Threading.TaskDirectorSystemTests.Initialize_DefaultTickRate" methodname="Initialize_DefaultTickRate" classname="GDX.Threading.TaskDirectorSystemTests" runstate="Runnable" seed="565871546" result="Passed" start-time="2023-06-08 20:33:52Z" end-time="2023-06-08 20:34:00Z" duration="8.342717" asserts="0">
              <properties>
                <property name="_JOINTYPE" value="UnityCombinatorial" />
                <property name="Category" value="GDX.Tests" />
              </properties>
              <output><![CDATA[[Code Coverage] Code Coverage results for visited sequence points were saved in D:/BuildAgent/work/GDX-Documentation/Staging/CodeCoverage/GDX_Development-opencov/EditMode/TestCoverageResults_0625.xml
[Code Coverage] Code Coverage requires Burst Compilation to be disabled in order to obtain accurate coverage information. To disable Burst Compilation uncheck Jobs > Burst > Enable Compilation or pass '--burst-disable-compilation' to the command line in batchmode.
]]></output>
            </test-case>
            <test-case id="1199" name="Invoke_PlayerLoopTick_NoTickInEditMode" fullname="GDX.Threading.TaskDirectorSystemTests.Invoke_PlayerLoopTick_NoTickInEditMode" methodname="Invoke_PlayerLoopTick_NoTickInEditMode" classname="GDX.Threading.TaskDirectorSystemTests" runstate="Runnable" seed="733958152" result="Passed" start-time="2023-06-08 20:34:01Z" end-time="2023-06-08 20:34:03Z" duration="2.491343" asserts="0">
              <properties>
                <property name="Category" value="GDX.Tests" />
              </properties>
              <output><![CDATA[Unable to tick Task Director from PlayerLoop outside of PlayMode.
[Code Coverage] Code Coverage results for visited sequence points were saved in D:/BuildAgent/work/GDX-Documentation/Staging/CodeCoverage/GDX_Development-opencov/EditMode/TestCoverageResults_0626.xml
[Code Coverage] Code Coverage requires Burst Compilation to be disabled in order to obtain accurate coverage information. To disable Burst Compilation uncheck Jobs > Burst > Enable Compilation or pass '--burst-disable-compilation' to the command line in batchmode.
]]></output>
            </test-case>
            <test-case id="1195" name="Offline_NoTick" fullname="GDX.Threading.TaskDirectorSystemTests.Offline_NoTick" methodname="Offline_NoTick" classname="GDX.Threading.TaskDirectorSystemTests" runstate="Runnable" seed="423667147" result="Passed" start-time="2023-06-08 20:34:04Z" end-time="2023-06-08 20:34:13Z" duration="9.239412" asserts="0">
              <properties>
                <property name="_JOINTYPE" value="UnityCombinatorial" />
                <property name="Category" value="GDX.Tests" />
              </properties>
            </test-case>
            <test-case id="1196" name="Online_Ticks" fullname="GDX.Threading.TaskDirectorSystemTests.Online_Ticks" methodname="Online_Ticks" classname="GDX.Threading.TaskDirectorSystemTests" runstate="Runnable" seed="435562632" result="Passed" start-time="2023-06-08 20:34:14Z" end-time="2023-06-08 20:34:22Z" duration="8.254852" asserts="0">
              <properties>
                <property name="_JOINTYPE" value="UnityCombinatorial" />
                <property name="Category" value="GDX.Tests" />
              </properties>
              <output><![CDATA[[Code Coverage] Code Coverage results for visited sequence points were saved in D:/BuildAgent/work/GDX-Documentation/Staging/CodeCoverage/GDX_Development-opencov/EditMode/TestCoverageResults_0628.xml
[Code Coverage] Code Coverage requires Burst Compilation to be disabled in order to obtain accurate coverage information. To disable Burst Compilation uncheck Jobs > Burst > Enable Compilation or pass '--burst-disable-compilation' to the command line in batchmode.
]]></output>
            </test-case>
            <test-case id="1198" name="SetTickRate_WhileOff_Warning" fullname="GDX.Threading.TaskDirectorSystemTests.SetTickRate_WhileOff_Warning" methodname="SetTickRate_WhileOff_Warning" classname="GDX.Threading.TaskDirectorSystemTests" runstate="Runnable" seed="1827899071" result="Passed" start-time="2023-06-08 20:34:23Z" end-time="2023-06-08 20:34:25Z" duration="2.491867" asserts="0">
              <properties>
                <property name="Category" value="GDX.Tests" />
              </properties>
              <output><![CDATA[Tick rate set whilst TaskDirectorSystem has been configured off.
[Code Coverage] Code Coverage results for visited sequence points were saved in D:/BuildAgent/work/GDX-Documentation/Staging/CodeCoverage/GDX_Development-opencov/EditMode/TestCoverageResults_0629.xml
[Code Coverage] Code Coverage requires Burst Compilation to be disabled in order to obtain accurate coverage information. To disable Burst Compilation uncheck Jobs > Burst > Enable Compilation or pass '--burst-disable-compilation' to the command line in batchmode.
]]></output>
            </test-case>
            <test-case id="1193" name="Task_Complete_TicksDirector" fullname="GDX.Threading.TaskDirectorSystemTests.Task_Complete_TicksDirector" methodname="Task_Complete_TicksDirector" classname="GDX.Threading.TaskDirectorSystemTests" runstate="Runnable" seed="256582190" result="Passed" start-time="2023-06-08 20:34:26Z" end-time="2023-06-08 20:34:28Z" duration="2.478187" asserts="0">
              <properties>
                <property name="Category" value="GDX.Tests" />
              </properties>
              <output><![CDATA[[Code Coverage] Code Coverage results for visited sequence points were saved in D:/BuildAgent/work/GDX-Documentation/Staging/CodeCoverage/GDX_Development-opencov/EditMode/TestCoverageResults_0630.xml
[Code Coverage] Code Coverage requires Burst Compilation to be disabled in order to obtain accurate coverage information. To disable Burst Compilation uncheck Jobs > Burst > Enable Compilation or pass '--burst-disable-compilation' to the command line in batchmode.
]]></output>
            </test-case>
            <test-case id="1197" name="Ticks_AtRate" fullname="GDX.Threading.TaskDirectorSystemTests.Ticks_AtRate" methodname="Ticks_AtRate" classname="GDX.Threading.TaskDirectorSystemTests" runstate="Runnable" seed="2010617040" result="Passed" start-time="2023-06-08 20:34:29Z" end-time="2023-06-08 20:34:38Z" duration="9.345097" asserts="0">
              <properties>
                <property name="_JOINTYPE" value="UnityCombinatorial" />
                <property name="Category" value="GDX.Tests" />
              </properties>
              <output><![CDATA[[Code Coverage] Code Coverage results for visited sequence points were saved in D:/BuildAgent/work/GDX-Documentation/Staging/CodeCoverage/GDX_Development-opencov/EditMode/TestCoverageResults_0631.xml
[Code Coverage] Code Coverage requires Burst Compilation to be disabled in order to obtain accurate coverage information. To disable Burst Compilation uncheck Jobs > Burst > Enable Compilation or pass '--burst-disable-compilation' to the command line in batchmode.
]]></output>
            </test-case>
          </test-suite>
          <test-suite type="TestFixture" id="1200" name="TaskDirectorTests" fullname="GDX.Threading.TaskDirectorTests" classname="GDX.Threading.TaskDirectorTests" runstate="Runnable" testcasecount="13" result="Passed" start-time="2023-06-08 20:34:39Z" end-time="2023-06-08 20:34:51Z" duration="12.621450" total="13" passed="13" failed="0" inconclusive="0" skipped="0" asserts="0">
            <properties />
            <test-case id="1203" name="AddLog_Logging_ExpectedCount" fullname="GDX.Threading.TaskDirectorTests.AddLog_Logging_ExpectedCount" methodname="AddLog_Logging_ExpectedCount" classname="GDX.Threading.TaskDirectorTests" runstate="Runnable" seed="881950808" result="Passed" start-time="2023-06-08 20:34:39Z" end-time="2023-06-08 20:34:39Z" duration="0.028138" asserts="0">
              <properties>
                <property name="Category" value="GDX.Tests" />
              </properties>
              <output><![CDATA[[Code Coverage] Code Coverage results for visited sequence points were saved in D:/BuildAgent/work/GDX-Documentation/Staging/CodeCoverage/GDX_Development-opencov/EditMode/TestCoverageResults_0632.xml
[Code Coverage] Code Coverage requires Burst Compilation to be disabled in order to obtain accurate coverage information. To disable Burst Compilation uncheck Jobs > Burst > Enable Compilation or pass '--burst-disable-compilation' to the command line in batchmode.
]]></output>
            </test-case>
            <test-case id="1201" name="AddLog_OnLogAdded_ExpectedCount" fullname="GDX.Threading.TaskDirectorTests.AddLog_OnLogAdded_ExpectedCount" methodname="AddLog_OnLogAdded_ExpectedCount" classname="GDX.Threading.TaskDirectorTests" runstate="Runnable" seed="1301798673" result="Passed" start-time="2023-06-08 20:34:39Z" end-time="2023-06-08 20:34:39Z" duration="0.027244" asserts="0">
              <properties>
                <property name="Category" value="GDX.Tests" />
              </properties>
              <output><![CDATA[[Code Coverage] Code Coverage results for visited sequence points were saved in D:/BuildAgent/work/GDX-Documentation/Staging/CodeCoverage/GDX_Development-opencov/EditMode/TestCoverageResults_0633.xml
[Code Coverage] Code Coverage requires Burst Compilation to be disabled in order to obtain accurate coverage information. To disable Burst Compilation uncheck Jobs > Burst > Enable Compilation or pass '--burst-disable-compilation' to the command line in batchmode.
]]></output>
            </test-case>
            <test-case id="1208" name="BlockingBits_BlocksBits_CompletesCalled" fullname="GDX.Threading.TaskDirectorTests.BlockingBits_BlocksBits_CompletesCalled" methodname="BlockingBits_BlocksBits_CompletesCalled" classname="GDX.Threading.TaskDirectorTests" runstate="Runnable" seed="2030160291" result="Passed" start-time="2023-06-08 20:34:40Z" end-time="2023-06-08 20:34:40Z" duration="0.255898" asserts="0">
              <properties>
                <property name="Category" value="GDX.Tests" />
              </properties>
              <output><![CDATA[[Code Coverage] Code Coverage results for visited sequence points were saved in D:/BuildAgent/work/GDX-Documentation/Staging/CodeCoverage/GDX_Development-opencov/EditMode/TestCoverageResults_0634.xml
[Code Coverage] Code Coverage requires Burst Compilation to be disabled in order to obtain accurate coverage information. To disable Burst Compilation uncheck Jobs > Burst > Enable Compilation or pass '--burst-disable-compilation' to the command line in batchmode.
]]></output>
            </test-case>
            <test-case id="1202" name="BuiltIn_Logging_ExpectedCount" fullname="GDX.Threading.TaskDirectorTests.BuiltIn_Logging_ExpectedCount" methodname="BuiltIn_Logging_ExpectedCount" classname="GDX.Threading.TaskDirectorTests" runstate="Runnable" seed="674218687" result="Passed" start-time="2023-06-08 20:34:41Z" end-time="2023-06-08 20:34:41Z" duration="0.114109" asserts="0">
              <properties>
                <property name="_JOINTYPE" value="UnityCombinatorial" />
                <property name="Category" value="GDX.Tests" />
              </properties>
              <output><![CDATA[[Code Coverage] Code Coverage results for visited sequence points were saved in D:/BuildAgent/work/GDX-Documentation/Staging/CodeCoverage/GDX_Development-opencov/EditMode/TestCoverageResults_0635.xml
[Code Coverage] Code Coverage requires Burst Compilation to be disabled in order to obtain accurate coverage information. To disable Burst Compilation uncheck Jobs > Burst > Enable Compilation or pass '--burst-disable-compilation' to the command line in batchmode.
]]></output>
            </test-case>
            <test-case id="1206" name="ExceptionOccured_Throws_Logs" fullname="GDX.Threading.TaskDirectorTests.ExceptionOccured_Throws_Logs" methodname="ExceptionOccured_Throws_Logs" classname="GDX.Threading.TaskDirectorTests" runstate="Runnable" seed="1057837008" result="Passed" start-time="2023-06-08 20:34:42Z" end-time="2023-06-08 20:34:42Z" duration="0.019110" asserts="0">
              <properties>
                <property name="Category" value="GDX.Tests" />
              </properties>
              <output><![CDATA[[Code Coverage] Code Coverage results for visited sequence points were saved in D:/BuildAgent/work/GDX-Documentation/Staging/CodeCoverage/GDX_Development-opencov/EditMode/TestCoverageResults_0636.xml
[Code Coverage] Code Coverage requires Burst Compilation to be disabled in order to obtain accurate coverage information. To disable Burst Compilation uncheck Jobs > Burst > Enable Compilation or pass '--burst-disable-compilation' to the command line in batchmode.
]]></output>
            </test-case>
            <test-case id="1205" name="GetCounts_BlockingName_CorrectCounts" fullname="GDX.Threading.TaskDirectorTests.GetCounts_BlockingName_CorrectCounts" methodname="GetCounts_BlockingName_CorrectCounts" classname="GDX.Threading.TaskDirectorTests" runstate="Runnable" seed="584937546" result="Passed" start-time="2023-06-08 20:34:42Z" end-time="2023-06-08 20:34:43Z" duration="0.340080" asserts="0">
              <properties>
                <property name="Category" value="GDX.Tests" />
              </properties>
              <output><![CDATA[[Code Coverage] Code Coverage results for visited sequence points were saved in D:/BuildAgent/work/GDX-Documentation/Staging/CodeCoverage/GDX_Development-opencov/EditMode/TestCoverageResults_0637.xml
[Code Coverage] Code Coverage requires Burst Compilation to be disabled in order to obtain accurate coverage information. To disable Burst Compilation uncheck Jobs > Burst > Enable Compilation or pass '--burst-disable-compilation' to the command line in batchmode.
]]></output>
            </test-case>
            <test-case id="1209" name="GetStatus_Busy_Content" fullname="GDX.Threading.TaskDirectorTests.GetStatus_Busy_Content" methodname="GetStatus_Busy_Content" classname="GDX.Threading.TaskDirectorTests" runstate="Runnable" seed="1510724578" result="Passed" start-time="2023-06-08 20:34:43Z" end-time="2023-06-08 20:34:43Z" duration="0.116929" asserts="0">
              <properties>
                <property name="Category" value="GDX.Tests" />
              </properties>
              <output><![CDATA[[Code Coverage] Code Coverage results for visited sequence points were saved in D:/BuildAgent/work/GDX-Documentation/Staging/CodeCoverage/GDX_Development-opencov/EditMode/TestCoverageResults_0638.xml
[Code Coverage] Code Coverage requires Burst Compilation to be disabled in order to obtain accurate coverage information. To disable Burst Compilation uncheck Jobs > Burst > Enable Compilation or pass '--burst-disable-compilation' to the command line in batchmode.
]]></output>
            </test-case>
            <test-case id="1211" name="GetStatus_Nothing_ReturnsNull" fullname="GDX.Threading.TaskDirectorTests.GetStatus_Nothing_ReturnsNull" methodname="GetStatus_Nothing_ReturnsNull" classname="GDX.Threading.TaskDirectorTests" runstate="Runnable" seed="723103824" result="Passed" start-time="2023-06-08 20:34:44Z" end-time="2023-06-08 20:34:44Z" duration="0.000390" asserts="0">
              <properties>
                <property name="Category" value="GDX.Tests" />
              </properties>
              <output><![CDATA[[Code Coverage] Code Coverage results for visited sequence points were saved in D:/BuildAgent/work/GDX-Documentation/Staging/CodeCoverage/GDX_Development-opencov/EditMode/TestCoverageResults_0639.xml
[Code Coverage] Code Coverage requires Burst Compilation to be disabled in order to obtain accurate coverage information. To disable Burst Compilation uncheck Jobs > Burst > Enable Compilation or pass '--burst-disable-compilation' to the command line in batchmode.
]]></output>
            </test-case>
            <test-case id="1210" name="GetStatus_Queued_ReturnsContent" fullname="GDX.Threading.TaskDirectorTests.GetStatus_Queued_ReturnsContent" methodname="GetStatus_Queued_ReturnsContent" classname="GDX.Threading.TaskDirectorTests" runstate="Runnable" seed="2029266075" result="Passed" start-time="2023-06-08 20:34:45Z" end-time="2023-06-08 20:34:45Z" duration="0.138445" asserts="0">
              <properties>
                <property name="Category" value="GDX.Tests" />
              </properties>
              <output><![CDATA[[Code Coverage] Code Coverage results for visited sequence points were saved in D:/BuildAgent/work/GDX-Documentation/Staging/CodeCoverage/GDX_Development-opencov/EditMode/TestCoverageResults_0640.xml
[Code Coverage] Code Coverage requires Burst Compilation to be disabled in order to obtain accurate coverage information. To disable Burst Compilation uncheck Jobs > Burst > Enable Compilation or pass '--burst-disable-compilation' to the command line in batchmode.
]]></output>
            </test-case>
            <test-case id="1207" name="HasTasks_BlockingName_Valid" fullname="GDX.Threading.TaskDirectorTests.HasTasks_BlockingName_Valid" methodname="HasTasks_BlockingName_Valid" classname="GDX.Threading.TaskDirectorTests" runstate="Runnable" seed="1031208488" result="Passed" start-time="2023-06-08 20:34:46Z" end-time="2023-06-08 20:34:46Z" duration="0.249399" asserts="0">
              <properties>
                <property name="Category" value="GDX.Tests" />
              </properties>
              <output><![CDATA[[Code Coverage] Code Coverage results for visited sequence points were saved in D:/BuildAgent/work/GDX-Documentation/Staging/CodeCoverage/GDX_Development-opencov/EditMode/TestCoverageResults_0641.xml
[Code Coverage] Code Coverage requires Burst Compilation to be disabled in order to obtain accurate coverage information. To disable Burst Compilation uncheck Jobs > Burst > Enable Compilation or pass '--burst-disable-compilation' to the command line in batchmode.
]]></output>
            </test-case>
            <test-case id="1212" name="QueueTask_AddAlreadyExecuting_TaskAdded" fullname="GDX.Threading.TaskDirectorTests.QueueTask_AddAlreadyExecuting_TaskAdded" methodname="QueueTask_AddAlreadyExecuting_TaskAdded" classname="GDX.Threading.TaskDirectorTests" runstate="Runnable" seed="795213270" result="Passed" start-time="2023-06-08 20:34:46Z" end-time="2023-06-08 20:34:47Z" duration="1.015827" asserts="0">
              <properties>
                <property name="Category" value="GDX.Tests" />
              </properties>
              <output><![CDATA[[Code Coverage] Code Coverage results for visited sequence points were saved in D:/BuildAgent/work/GDX-Documentation/Staging/CodeCoverage/GDX_Development-opencov/EditMode/TestCoverageResults_0642.xml
[Code Coverage] Code Coverage requires Burst Compilation to be disabled in order to obtain accurate coverage information. To disable Burst Compilation uncheck Jobs > Burst > Enable Compilation or pass '--burst-disable-compilation' to the command line in batchmode.
]]></output>
            </test-case>
            <test-case id="1213" name="QueueTask_AlreadyQueued_NotQueued" fullname="GDX.Threading.TaskDirectorTests.QueueTask_AlreadyQueued_NotQueued" methodname="QueueTask_AlreadyQueued_NotQueued" classname="GDX.Threading.TaskDirectorTests" runstate="Runnable" seed="1166640404" result="Passed" start-time="2023-06-08 20:34:48Z" end-time="2023-06-08 20:34:49Z" duration="1.037492" asserts="0">
              <properties>
                <property name="Category" value="GDX.Tests" />
              </properties>
              <output><![CDATA[[Code Coverage] Code Coverage results for visited sequence points were saved in D:/BuildAgent/work/GDX-Documentation/Staging/CodeCoverage/GDX_Development-opencov/EditMode/TestCoverageResults_0643.xml
[Code Coverage] Code Coverage requires Burst Compilation to be disabled in order to obtain accurate coverage information. To disable Burst Compilation uncheck Jobs > Burst > Enable Compilation or pass '--burst-disable-compilation' to the command line in batchmode.
]]></output>
            </test-case>
            <test-case id="1204" name="WaitAsync_OnBlockedUserInput_Blocked" fullname="GDX.Threading.TaskDirectorTests.WaitAsync_OnBlockedUserInput_Blocked" methodname="WaitAsync_OnBlockedUserInput_Blocked" classname="GDX.Threading.TaskDirectorTests" runstate="Runnable" seed="905353313" result="Passed" start-time="2023-06-08 20:34:50Z" end-time="2023-06-08 20:34:51Z" duration="1.055111" asserts="0">
              <properties>
                <property name="_JOINTYPE" value="UnityCombinatorial" />
                <property name="Category" value="GDX.Tests" />
              </properties>
              <output><![CDATA[[Code Coverage] Code Coverage results for visited sequence points were saved in D:/BuildAgent/work/GDX-Documentation/Staging/CodeCoverage/GDX_Development-opencov/EditMode/TestCoverageResults_0644.xml
[Code Coverage] Code Coverage requires Burst Compilation to be disabled in order to obtain accurate coverage information. To disable Burst Compilation uncheck Jobs > Burst > Enable Compilation or pass '--burst-disable-compilation' to the command line in batchmode.
]]></output>
            </test-case>
          </test-suite>
          <test-suite type="TestFixture" id="1214" name="WaitForTests" fullname="GDX.Threading.WaitForTests" classname="GDX.Threading.WaitForTests" runstate="Runnable" testcasecount="2" result="Passed" start-time="2023-06-08 20:34:51Z" end-time="2023-06-08 20:34:55Z" duration="3.293548" total="2" passed="2" failed="0" inconclusive="0" skipped="0" asserts="0">
            <properties />
            <test-case id="1215" name="GetEnumerator_OneSecond_Elapsed" fullname="GDX.Threading.WaitForTests.GetEnumerator_OneSecond_Elapsed" methodname="GetEnumerator_OneSecond_Elapsed" classname="GDX.Threading.WaitForTests" runstate="Runnable" seed="522687897" result="Passed" start-time="2023-06-08 20:34:51Z" end-time="2023-06-08 20:34:52Z" duration="1.011897" asserts="0">
              <properties>
                <property name="_JOINTYPE" value="UnityCombinatorial" />
                <property name="Category" value="GDX.Tests" />
              </properties>
              <output><![CDATA[[Code Coverage] Code Coverage results for visited sequence points were saved in D:/BuildAgent/work/GDX-Documentation/Staging/CodeCoverage/GDX_Development-opencov/EditMode/TestCoverageResults_0645.xml
[Code Coverage] Code Coverage requires Burst Compilation to be disabled in order to obtain accurate coverage information. To disable Burst Compilation uncheck Jobs > Burst > Enable Compilation or pass '--burst-disable-compilation' to the command line in batchmode.
]]></output>
            </test-case>
            <test-case id="1216" name="GetTask_OneSecond_Elapsed" fullname="GDX.Threading.WaitForTests.GetTask_OneSecond_Elapsed" methodname="GetTask_OneSecond_Elapsed" classname="GDX.Threading.WaitForTests" runstate="Runnable" seed="1708616152" result="Passed" start-time="2023-06-08 20:34:53Z" end-time="2023-06-08 20:34:54Z" duration="1.043181" asserts="0">
              <properties>
                <property name="_JOINTYPE" value="UnityCombinatorial" />
                <property name="Category" value="GDX.Tests" />
              </properties>
              <output><![CDATA[[Code Coverage] Code Coverage results for visited sequence points were saved in D:/BuildAgent/work/GDX-Documentation/Staging/CodeCoverage/GDX_Development-opencov/EditMode/TestCoverageResults_0646.xml
[Code Coverage] Code Coverage requires Burst Compilation to be disabled in order to obtain accurate coverage information. To disable Burst Compilation uncheck Jobs > Burst > Enable Compilation or pass '--burst-disable-compilation' to the command line in batchmode.
]]></output>
            </test-case>
          </test-suite>
          <test-suite type="TestFixture" id="1217" name="WaitWhileTests" fullname="GDX.Threading.WaitWhileTests" classname="GDX.Threading.WaitWhileTests" runstate="Runnable" testcasecount="2" result="Passed" start-time="2023-06-08 20:34:55Z" end-time="2023-06-08 20:34:56Z" duration="1.367259" total="2" passed="2" failed="0" inconclusive="0" skipped="0" asserts="0">
            <properties />
            <test-case id="1218" name="GetEnumerator_OneSecond_Elapsed" fullname="GDX.Threading.WaitWhileTests.GetEnumerator_OneSecond_Elapsed" methodname="GetEnumerator_OneSecond_Elapsed" classname="GDX.Threading.WaitWhileTests" runstate="Runnable" seed="424123949" result="Passed" start-time="2023-06-08 20:34:55Z" end-time="2023-06-08 20:34:55Z" duration="0.028162" asserts="0">
              <properties>
                <property name="_JOINTYPE" value="UnityCombinatorial" />
                <property name="Category" value="GDX.Tests" />
              </properties>
              <output><![CDATA[[Code Coverage] Code Coverage results for visited sequence points were saved in D:/BuildAgent/work/GDX-Documentation/Staging/CodeCoverage/GDX_Development-opencov/EditMode/TestCoverageResults_0647.xml
[Code Coverage] Code Coverage requires Burst Compilation to be disabled in order to obtain accurate coverage information. To disable Burst Compilation uncheck Jobs > Burst > Enable Compilation or pass '--burst-disable-compilation' to the command line in batchmode.
]]></output>
            </test-case>
            <test-case id="1219" name="GetTask_LessThanOne" fullname="GDX.Threading.WaitWhileTests.GetTask_LessThanOne" methodname="GetTask_LessThanOne" classname="GDX.Threading.WaitWhileTests" runstate="Runnable" seed="930821776" result="Passed" start-time="2023-06-08 20:34:55Z" end-time="2023-06-08 20:34:55Z" duration="0.058804" asserts="0">
              <properties>
                <property name="_JOINTYPE" value="UnityCombinatorial" />
                <property name="Category" value="GDX.Tests" />
              </properties>
              <output><![CDATA[[Code Coverage] Code Coverage results for visited sequence points were saved in D:/BuildAgent/work/GDX-Documentation/Staging/CodeCoverage/GDX_Development-opencov/EditMode/TestCoverageResults_0648.xml
[Code Coverage] Code Coverage requires Burst Compilation to be disabled in order to obtain accurate coverage information. To disable Burst Compilation uncheck Jobs > Burst > Enable Compilation or pass '--burst-disable-compilation' to the command line in batchmode.
]]></output>
            </test-case>
          </test-suite>
        </test-suite>
        <test-suite type="TestFixture" id="1150" name="TransformExtensionsTests" fullname="GDX.TransformExtensionsTests" classname="GDX.TransformExtensionsTests" runstate="Runnable" testcasecount="8" result="Passed" start-time="2023-06-08 20:34:56Z" end-time="2023-06-08 20:35:06Z" duration="10.064653" total="8" passed="8" failed="0" inconclusive="0" skipped="0" asserts="0">
          <properties />
          <test-case id="1153" name="DestroyChildren_NotImmediate_OneChildRemaining" fullname="GDX.TransformExtensionsTests.DestroyChildren_NotImmediate_OneChildRemaining" methodname="DestroyChildren_NotImmediate_OneChildRemaining" classname="GDX.TransformExtensionsTests" runstate="Runnable" seed="32371615" result="Passed" start-time="2023-06-08 20:34:56Z" end-time="2023-06-08 20:35:01Z" duration="4.987229" asserts="0">
            <properties>
              <property name="_JOINTYPE" value="UnityCombinatorial" />
              <property name="Category" value="GDX.Tests" />
            </properties>
            <output><![CDATA[[Code Coverage] Code Coverage results for visited sequence points were saved in D:/BuildAgent/work/GDX-Documentation/Staging/CodeCoverage/GDX_Development-opencov/EditMode/TestCoverageResults_0649.xml
[Code Coverage] Code Coverage requires Burst Compilation to be disabled in order to obtain accurate coverage information. To disable Burst Compilation uncheck Jobs > Burst > Enable Compilation or pass '--burst-disable-compilation' to the command line in batchmode.
]]></output>
          </test-case>
          <test-case id="1152" name="DestroyChildren_RemoveActiveOnly_OneChildRemaining" fullname="GDX.TransformExtensionsTests.DestroyChildren_RemoveActiveOnly_OneChildRemaining" methodname="DestroyChildren_RemoveActiveOnly_OneChildRemaining" classname="GDX.TransformExtensionsTests" runstate="Runnable" seed="502054509" result="Passed" start-time="2023-06-08 20:35:02Z" end-time="2023-06-08 20:35:02Z" duration="0.007435" asserts="0">
            <properties>
              <property name="Category" value="GDX.Tests" />
            </properties>
            <output><![CDATA[[Code Coverage] Code Coverage results for visited sequence points were saved in D:/BuildAgent/work/GDX-Documentation/Staging/CodeCoverage/GDX_Development-opencov/EditMode/TestCoverageResults_0650.xml
[Code Coverage] Code Coverage requires Burst Compilation to be disabled in order to obtain accurate coverage information. To disable Burst Compilation uncheck Jobs > Burst > Enable Compilation or pass '--burst-disable-compilation' to the command line in batchmode.
]]></output>
          </test-case>
          <test-case id="1151" name="DestroyChildren_RemoveAll_NoChildren" fullname="GDX.TransformExtensionsTests.DestroyChildren_RemoveAll_NoChildren" methodname="DestroyChildren_RemoveAll_NoChildren" classname="GDX.TransformExtensionsTests" runstate="Runnable" seed="1670148496" result="Passed" start-time="2023-06-08 20:35:02Z" end-time="2023-06-08 20:35:02Z" duration="0.005768" asserts="0">
            <properties>
              <property name="Category" value="GDX.Tests" />
            </properties>
            <output><![CDATA[[Code Coverage] Code Coverage results for visited sequence points were saved in D:/BuildAgent/work/GDX-Documentation/Staging/CodeCoverage/GDX_Development-opencov/EditMode/TestCoverageResults_0651.xml
[Code Coverage] Code Coverage requires Burst Compilation to be disabled in order to obtain accurate coverage information. To disable Burst Compilation uncheck Jobs > Burst > Enable Compilation or pass '--burst-disable-compilation' to the command line in batchmode.
]]></output>
          </test-case>
          <test-case id="1154" name="GetActiveChildrenCount_MockData_AccurateCount" fullname="GDX.TransformExtensionsTests.GetActiveChildrenCount_MockData_AccurateCount" methodname="GetActiveChildrenCount_MockData_AccurateCount" classname="GDX.TransformExtensionsTests" runstate="Runnable" seed="651062643" result="Passed" start-time="2023-06-08 20:35:03Z" end-time="2023-06-08 20:35:03Z" duration="0.005550" asserts="0">
            <properties>
              <property name="Category" value="GDX.Tests" />
            </properties>
            <output><![CDATA[[Code Coverage] Code Coverage results for visited sequence points were saved in D:/BuildAgent/work/GDX-Documentation/Staging/CodeCoverage/GDX_Development-opencov/EditMode/TestCoverageResults_0652.xml
[Code Coverage] Code Coverage requires Burst Compilation to be disabled in order to obtain accurate coverage information. To disable Burst Compilation uncheck Jobs > Burst > Enable Compilation or pass '--burst-disable-compilation' to the command line in batchmode.
]]></output>
          </test-case>
          <test-case id="1157" name="GetFirstComponentInChildrenComplex_MockData_DeepDive" fullname="GDX.TransformExtensionsTests.GetFirstComponentInChildrenComplex_MockData_DeepDive" methodname="GetFirstComponentInChildrenComplex_MockData_DeepDive" classname="GDX.TransformExtensionsTests" runstate="Runnable" seed="1212108976" result="Passed" start-time="2023-06-08 20:35:04Z" end-time="2023-06-08 20:35:04Z" duration="0.007560" asserts="0">
            <properties>
              <property name="Category" value="GDX.Tests" />
            </properties>
            <output><![CDATA[[Code Coverage] Code Coverage results for visited sequence points were saved in D:/BuildAgent/work/GDX-Documentation/Staging/CodeCoverage/GDX_Development-opencov/EditMode/TestCoverageResults_0653.xml
[Code Coverage] Code Coverage requires Burst Compilation to be disabled in order to obtain accurate coverage information. To disable Burst Compilation uncheck Jobs > Burst > Enable Compilation or pass '--burst-disable-compilation' to the command line in batchmode.
]]></output>
          </test-case>
          <test-case id="1155" name="GetFirstComponentInChildrenComplex_MockData_FirstTransform" fullname="GDX.TransformExtensionsTests.GetFirstComponentInChildrenComplex_MockData_FirstTransform" methodname="GetFirstComponentInChildrenComplex_MockData_FirstTransform" classname="GDX.TransformExtensionsTests" runstate="Runnable" seed="1553442053" result="Passed" start-time="2023-06-08 20:35:04Z" end-time="2023-06-08 20:35:04Z" duration="0.005882" asserts="0">
            <properties>
              <property name="Category" value="GDX.Tests" />
            </properties>
            <output><![CDATA[[Code Coverage] Code Coverage results for visited sequence points were saved in D:/BuildAgent/work/GDX-Documentation/Staging/CodeCoverage/GDX_Development-opencov/EditMode/TestCoverageResults_0654.xml
[Code Coverage] Code Coverage requires Burst Compilation to be disabled in order to obtain accurate coverage information. To disable Burst Compilation uncheck Jobs > Burst > Enable Compilation or pass '--burst-disable-compilation' to the command line in batchmode.
]]></output>
          </test-case>
          <test-case id="1156" name="GetFirstComponentInChildrenComplex_MockData_ThirdChildComponentInActive" fullname="GDX.TransformExtensionsTests.GetFirstComponentInChildrenComplex_MockData_ThirdChildComponentInActive" methodname="GetFirstComponentInChildrenComplex_MockData_ThirdChildComponentInActive" classname="GDX.TransformExtensionsTests" runstate="Runnable" seed="2019641582" result="Passed" start-time="2023-06-08 20:35:05Z" end-time="2023-06-08 20:35:05Z" duration="0.007097" asserts="0">
            <properties>
              <property name="Category" value="GDX.Tests" />
            </properties>
            <output><![CDATA[[Code Coverage] Code Coverage results for visited sequence points were saved in D:/BuildAgent/work/GDX-Documentation/Staging/CodeCoverage/GDX_Development-opencov/EditMode/TestCoverageResults_0655.xml
[Code Coverage] Code Coverage requires Burst Compilation to be disabled in order to obtain accurate coverage information. To disable Burst Compilation uncheck Jobs > Burst > Enable Compilation or pass '--burst-disable-compilation' to the command line in batchmode.
]]></output>
          </test-case>
          <test-case id="1158" name="GetScenePath_MockData_RootPath" fullname="GDX.TransformExtensionsTests.GetScenePath_MockData_RootPath" methodname="GetScenePath_MockData_RootPath" classname="GDX.TransformExtensionsTests" runstate="Runnable" seed="999419036" result="Passed" start-time="2023-06-08 20:35:05Z" end-time="2023-06-08 20:35:05Z" duration="0.006407" asserts="0">
            <properties>
              <property name="Category" value="GDX.Tests" />
            </properties>
            <output><![CDATA[[Code Coverage] Code Coverage results for visited sequence points were saved in D:/BuildAgent/work/GDX-Documentation/Staging/CodeCoverage/GDX_Development-opencov/EditMode/TestCoverageResults_0656.xml
[Code Coverage] Code Coverage requires Burst Compilation to be disabled in order to obtain accurate coverage information. To disable Burst Compilation uncheck Jobs > Burst > Enable Compilation or pass '--burst-disable-compilation' to the command line in batchmode.
]]></output>
          </test-case>
        </test-suite>
        <test-suite type="TestFixture" id="1159" name="Vector2ExtensionsTests" fullname="GDX.Vector2ExtensionsTests" classname="GDX.Vector2ExtensionsTests" runstate="Runnable" testcasecount="14" result="Passed" start-time="2023-06-08 20:35:06Z" end-time="2023-06-08 20:35:15Z" duration="8.861001" total="14" passed="14" failed="0" inconclusive="0" skipped="0" asserts="0">
          <properties />
          <test-case id="1160" name="Approximately_FiveMillionths_ReturnsFalse" fullname="GDX.Vector2ExtensionsTests.Approximately_FiveMillionths_ReturnsFalse" methodname="Approximately_FiveMillionths_ReturnsFalse" classname="GDX.Vector2ExtensionsTests" runstate="Runnable" seed="522867436" result="Passed" start-time="2023-06-08 20:35:06Z" end-time="2023-06-08 20:35:06Z" duration="0.000422" asserts="0">
            <properties>
              <property name="Category" value="GDX.Tests" />
            </properties>
            <output><![CDATA[[Code Coverage] Code Coverage results for visited sequence points were saved in D:/BuildAgent/work/GDX-Documentation/Staging/CodeCoverage/GDX_Development-opencov/EditMode/TestCoverageResults_0657.xml
[Code Coverage] Code Coverage requires Burst Compilation to be disabled in order to obtain accurate coverage information. To disable Burst Compilation uncheck Jobs > Burst > Enable Compilation or pass '--burst-disable-compilation' to the command line in batchmode.
]]></output>
          </test-case>
          <test-case id="1161" name="Approximately_One_ReturnsTrue" fullname="GDX.Vector2ExtensionsTests.Approximately_One_ReturnsTrue" methodname="Approximately_One_ReturnsTrue" classname="GDX.Vector2ExtensionsTests" runstate="Runnable" seed="1510606712" result="Passed" start-time="2023-06-08 20:35:07Z" end-time="2023-06-08 20:35:07Z" duration="0.000311" asserts="0">
            <properties>
              <property name="Category" value="GDX.Tests" />
            </properties>
            <output><![CDATA[[Code Coverage] Code Coverage results for visited sequence points were saved in D:/BuildAgent/work/GDX-Documentation/Staging/CodeCoverage/GDX_Development-opencov/EditMode/TestCoverageResults_0658.xml
[Code Coverage] Code Coverage requires Burst Compilation to be disabled in order to obtain accurate coverage information. To disable Burst Compilation uncheck Jobs > Burst > Enable Compilation or pass '--burst-disable-compilation' to the command line in batchmode.
]]></output>
          </test-case>
          <test-case id="1162" name="Approximately_OneMillionth_ReturnsTrue" fullname="GDX.Vector2ExtensionsTests.Approximately_OneMillionth_ReturnsTrue" methodname="Approximately_OneMillionth_ReturnsTrue" classname="GDX.Vector2ExtensionsTests" runstate="Runnable" seed="1138277736" result="Passed" start-time="2023-06-08 20:35:07Z" end-time="2023-06-08 20:35:07Z" duration="0.000323" asserts="0">
            <properties>
              <property name="Category" value="GDX.Tests" />
            </properties>
            <output><![CDATA[[Code Coverage] Code Coverage results for visited sequence points were saved in D:/BuildAgent/work/GDX-Documentation/Staging/CodeCoverage/GDX_Development-opencov/EditMode/TestCoverageResults_0659.xml
[Code Coverage] Code Coverage requires Burst Compilation to be disabled in order to obtain accurate coverage information. To disable Burst Compilation uncheck Jobs > Burst > Enable Compilation or pass '--burst-disable-compilation' to the command line in batchmode.
]]></output>
          </test-case>
          <test-case id="1163" name="Approximately_Zero_ReturnsTrue" fullname="GDX.Vector2ExtensionsTests.Approximately_Zero_ReturnsTrue" methodname="Approximately_Zero_ReturnsTrue" classname="GDX.Vector2ExtensionsTests" runstate="Runnable" seed="234913850" result="Passed" start-time="2023-06-08 20:35:08Z" end-time="2023-06-08 20:35:08Z" duration="0.000322" asserts="0">
            <properties>
              <property name="Category" value="GDX.Tests" />
            </properties>
            <output><![CDATA[[Code Coverage] Code Coverage results for visited sequence points were saved in D:/BuildAgent/work/GDX-Documentation/Staging/CodeCoverage/GDX_Development-opencov/EditMode/TestCoverageResults_0660.xml
[Code Coverage] Code Coverage requires Burst Compilation to be disabled in order to obtain accurate coverage information. To disable Burst Compilation uncheck Jobs > Burst > Enable Compilation or pass '--burst-disable-compilation' to the command line in batchmode.
]]></output>
          </test-case>
          <test-case id="1164" name="Midpoint_ZeroAndOne_ReturnsHalf" fullname="GDX.Vector2ExtensionsTests.Midpoint_ZeroAndOne_ReturnsHalf" methodname="Midpoint_ZeroAndOne_ReturnsHalf" classname="GDX.Vector2ExtensionsTests" runstate="Runnable" seed="1573263721" result="Passed" start-time="2023-06-08 20:35:09Z" end-time="2023-06-08 20:35:09Z" duration="0.000406" asserts="0">
            <properties>
              <property name="Category" value="GDX.Tests" />
            </properties>
            <output><![CDATA[[Code Coverage] Code Coverage results for visited sequence points were saved in D:/BuildAgent/work/GDX-Documentation/Staging/CodeCoverage/GDX_Development-opencov/EditMode/TestCoverageResults_0661.xml
[Code Coverage] Code Coverage requires Burst Compilation to be disabled in order to obtain accurate coverage information. To disable Burst Compilation uncheck Jobs > Burst > Enable Compilation or pass '--burst-disable-compilation' to the command line in batchmode.
]]></output>
          </test-case>
          <test-case id="1165" name="NearestIndex_MockData_ReturnsClosest" fullname="GDX.Vector2ExtensionsTests.NearestIndex_MockData_ReturnsClosest" methodname="NearestIndex_MockData_ReturnsClosest" classname="GDX.Vector2ExtensionsTests" runstate="Runnable" seed="1707341431" result="Passed" start-time="2023-06-08 20:35:09Z" end-time="2023-06-08 20:35:09Z" duration="0.000607" asserts="0">
            <properties>
              <property name="Category" value="GDX.Tests" />
            </properties>
            <output><![CDATA[[Code Coverage] Code Coverage results for visited sequence points were saved in D:/BuildAgent/work/GDX-Documentation/Staging/CodeCoverage/GDX_Development-opencov/EditMode/TestCoverageResults_0662.xml
[Code Coverage] Code Coverage requires Burst Compilation to be disabled in order to obtain accurate coverage information. To disable Burst Compilation uncheck Jobs > Burst > Enable Compilation or pass '--burst-disable-compilation' to the command line in batchmode.
]]></output>
          </test-case>
          <test-case id="1166" name="NearestIndex_NullInput_ReturnsNegativeOne" fullname="GDX.Vector2ExtensionsTests.NearestIndex_NullInput_ReturnsNegativeOne" methodname="NearestIndex_NullInput_ReturnsNegativeOne" classname="GDX.Vector2ExtensionsTests" runstate="Runnable" seed="578403749" result="Passed" start-time="2023-06-08 20:35:10Z" end-time="2023-06-08 20:35:10Z" duration="0.000374" asserts="0">
            <properties>
              <property name="Category" value="GDX.Tests" />
            </properties>
            <output><![CDATA[[Code Coverage] Code Coverage results for visited sequence points were saved in D:/BuildAgent/work/GDX-Documentation/Staging/CodeCoverage/GDX_Development-opencov/EditMode/TestCoverageResults_0663.xml
[Code Coverage] Code Coverage requires Burst Compilation to be disabled in order to obtain accurate coverage information. To disable Burst Compilation uncheck Jobs > Burst > Enable Compilation or pass '--burst-disable-compilation' to the command line in batchmode.
]]></output>
          </test-case>
          <test-case id="1168" name="Slope_MockData_ReturnsSlope" fullname="GDX.Vector2ExtensionsTests.Slope_MockData_ReturnsSlope" methodname="Slope_MockData_ReturnsSlope" classname="GDX.Vector2ExtensionsTests" runstate="Runnable" seed="1060254800" result="Passed" start-time="2023-06-08 20:35:11Z" end-time="2023-06-08 20:35:11Z" duration="0.000388" asserts="0">
            <properties>
              <property name="Category" value="GDX.Tests" />
            </properties>
            <output><![CDATA[[Code Coverage] Code Coverage results for visited sequence points were saved in D:/BuildAgent/work/GDX-Documentation/Staging/CodeCoverage/GDX_Development-opencov/EditMode/TestCoverageResults_0664.xml
[Code Coverage] Code Coverage requires Burst Compilation to be disabled in order to obtain accurate coverage information. To disable Burst Compilation uncheck Jobs > Burst > Enable Compilation or pass '--burst-disable-compilation' to the command line in batchmode.
]]></output>
          </test-case>
          <test-case id="1167" name="Slope_ZeroXValue_ReturnsZero" fullname="GDX.Vector2ExtensionsTests.Slope_ZeroXValue_ReturnsZero" methodname="Slope_ZeroXValue_ReturnsZero" classname="GDX.Vector2ExtensionsTests" runstate="Runnable" seed="785806493" result="Passed" start-time="2023-06-08 20:35:11Z" end-time="2023-06-08 20:35:11Z" duration="0.000499" asserts="0">
            <properties>
              <property name="Category" value="GDX.Tests" />
            </properties>
            <output><![CDATA[[Code Coverage] Code Coverage results for visited sequence points were saved in D:/BuildAgent/work/GDX-Documentation/Staging/CodeCoverage/GDX_Development-opencov/EditMode/TestCoverageResults_0665.xml
[Code Coverage] Code Coverage requires Burst Compilation to be disabled in order to obtain accurate coverage information. To disable Burst Compilation uncheck Jobs > Burst > Enable Compilation or pass '--burst-disable-compilation' to the command line in batchmode.
]]></output>
          </test-case>
          <test-case id="1172" name="TryParseVector2_CharFirstSplit_ReturnsFalse" fullname="GDX.Vector2ExtensionsTests.TryParseVector2_CharFirstSplit_ReturnsFalse" methodname="TryParseVector2_CharFirstSplit_ReturnsFalse" classname="GDX.Vector2ExtensionsTests" runstate="Runnable" seed="304220742" result="Passed" start-time="2023-06-08 20:35:12Z" end-time="2023-06-08 20:35:12Z" duration="0.000557" asserts="0">
            <properties>
              <property name="Category" value="GDX.Tests" />
            </properties>
            <output><![CDATA[[Code Coverage] Code Coverage results for visited sequence points were saved in D:/BuildAgent/work/GDX-Documentation/Staging/CodeCoverage/GDX_Development-opencov/EditMode/TestCoverageResults_0666.xml
[Code Coverage] Code Coverage requires Burst Compilation to be disabled in order to obtain accurate coverage information. To disable Burst Compilation uncheck Jobs > Burst > Enable Compilation or pass '--burst-disable-compilation' to the command line in batchmode.
]]></output>
          </test-case>
          <test-case id="1173" name="TryParseVector2_CharSecondSplit_ReturnsFalse" fullname="GDX.Vector2ExtensionsTests.TryParseVector2_CharSecondSplit_ReturnsFalse" methodname="TryParseVector2_CharSecondSplit_ReturnsFalse" classname="GDX.Vector2ExtensionsTests" runstate="Runnable" seed="363290455" result="Passed" start-time="2023-06-08 20:35:12Z" end-time="2023-06-08 20:35:12Z" duration="0.000344" asserts="0">
            <properties>
              <property name="Category" value="GDX.Tests" />
            </properties>
            <output><![CDATA[[Code Coverage] Code Coverage results for visited sequence points were saved in D:/BuildAgent/work/GDX-Documentation/Staging/CodeCoverage/GDX_Development-opencov/EditMode/TestCoverageResults_0667.xml
[Code Coverage] Code Coverage requires Burst Compilation to be disabled in order to obtain accurate coverage information. To disable Burst Compilation uncheck Jobs > Burst > Enable Compilation or pass '--burst-disable-compilation' to the command line in batchmode.
]]></output>
          </test-case>
          <test-case id="1170" name="TryParseVector2_NoSpaces_ReturnsVector2" fullname="GDX.Vector2ExtensionsTests.TryParseVector2_NoSpaces_ReturnsVector2" methodname="TryParseVector2_NoSpaces_ReturnsVector2" classname="GDX.Vector2ExtensionsTests" runstate="Runnable" seed="1022229614" result="Passed" start-time="2023-06-08 20:35:13Z" end-time="2023-06-08 20:35:13Z" duration="0.000336" asserts="0">
            <properties>
              <property name="Category" value="GDX.Tests" />
            </properties>
            <output><![CDATA[[Code Coverage] Code Coverage results for visited sequence points were saved in D:/BuildAgent/work/GDX-Documentation/Staging/CodeCoverage/GDX_Development-opencov/EditMode/TestCoverageResults_0668.xml
[Code Coverage] Code Coverage requires Burst Compilation to be disabled in order to obtain accurate coverage information. To disable Burst Compilation uncheck Jobs > Burst > Enable Compilation or pass '--burst-disable-compilation' to the command line in batchmode.
]]></output>
          </test-case>
          <test-case id="1169" name="TryParseVector2_NoSplit_ReturnsFalse" fullname="GDX.Vector2ExtensionsTests.TryParseVector2_NoSplit_ReturnsFalse" methodname="TryParseVector2_NoSplit_ReturnsFalse" classname="GDX.Vector2ExtensionsTests" runstate="Runnable" seed="620348570" result="Passed" start-time="2023-06-08 20:35:14Z" end-time="2023-06-08 20:35:14Z" duration="0.000389" asserts="0">
            <properties>
              <property name="Category" value="GDX.Tests" />
            </properties>
            <output><![CDATA[[Code Coverage] Code Coverage results for visited sequence points were saved in D:/BuildAgent/work/GDX-Documentation/Staging/CodeCoverage/GDX_Development-opencov/EditMode/TestCoverageResults_0669.xml
[Code Coverage] Code Coverage requires Burst Compilation to be disabled in order to obtain accurate coverage information. To disable Burst Compilation uncheck Jobs > Burst > Enable Compilation or pass '--burst-disable-compilation' to the command line in batchmode.
]]></output>
          </test-case>
          <test-case id="1171" name="TryParseVector2_SpacedValues_ReturnsVector2" fullname="GDX.Vector2ExtensionsTests.TryParseVector2_SpacedValues_ReturnsVector2" methodname="TryParseVector2_SpacedValues_ReturnsVector2" classname="GDX.Vector2ExtensionsTests" runstate="Runnable" seed="2139156973" result="Passed" start-time="2023-06-08 20:35:14Z" end-time="2023-06-08 20:35:14Z" duration="0.000367" asserts="0">
            <properties>
              <property name="Category" value="GDX.Tests" />
            </properties>
            <output><![CDATA[[Code Coverage] Code Coverage results for visited sequence points were saved in D:/BuildAgent/work/GDX-Documentation/Staging/CodeCoverage/GDX_Development-opencov/EditMode/TestCoverageResults_0670.xml
[Code Coverage] Code Coverage requires Burst Compilation to be disabled in order to obtain accurate coverage information. To disable Burst Compilation uncheck Jobs > Burst > Enable Compilation or pass '--burst-disable-compilation' to the command line in batchmode.
]]></output>
          </test-case>
        </test-suite>
        <test-suite type="TestFixture" id="1174" name="Vector3ExtensionsTests" fullname="GDX.Vector3ExtensionsTests" classname="GDX.Vector3ExtensionsTests" runstate="Runnable" testcasecount="17" result="Passed" start-time="2023-06-08 20:35:15Z" end-time="2023-06-08 20:35:26Z" duration="10.736836" total="17" passed="17" failed="0" inconclusive="0" skipped="0" asserts="0">
          <properties />
          <test-case id="1175" name="Approximately_FiveMillionths_ReturnsFalse" fullname="GDX.Vector3ExtensionsTests.Approximately_FiveMillionths_ReturnsFalse" methodname="Approximately_FiveMillionths_ReturnsFalse" classname="GDX.Vector3ExtensionsTests" runstate="Runnable" seed="2105688707" result="Passed" start-time="2023-06-08 20:35:15Z" end-time="2023-06-08 20:35:15Z" duration="0.000498" asserts="0">
            <properties>
              <property name="Category" value="GDX.Tests" />
            </properties>
            <output><![CDATA[[Code Coverage] Code Coverage results for visited sequence points were saved in D:/BuildAgent/work/GDX-Documentation/Staging/CodeCoverage/GDX_Development-opencov/EditMode/TestCoverageResults_0671.xml
[Code Coverage] Code Coverage requires Burst Compilation to be disabled in order to obtain accurate coverage information. To disable Burst Compilation uncheck Jobs > Burst > Enable Compilation or pass '--burst-disable-compilation' to the command line in batchmode.
]]></output>
          </test-case>
          <test-case id="1176" name="Approximately_One_ReturnsTrue" fullname="GDX.Vector3ExtensionsTests.Approximately_One_ReturnsTrue" methodname="Approximately_One_ReturnsTrue" classname="GDX.Vector3ExtensionsTests" runstate="Runnable" seed="1300513477" result="Passed" start-time="2023-06-08 20:35:16Z" end-time="2023-06-08 20:35:16Z" duration="0.000334" asserts="0">
            <properties>
              <property name="Category" value="GDX.Tests" />
            </properties>
            <output><![CDATA[[Code Coverage] Code Coverage results for visited sequence points were saved in D:/BuildAgent/work/GDX-Documentation/Staging/CodeCoverage/GDX_Development-opencov/EditMode/TestCoverageResults_0672.xml
[Code Coverage] Code Coverage requires Burst Compilation to be disabled in order to obtain accurate coverage information. To disable Burst Compilation uncheck Jobs > Burst > Enable Compilation or pass '--burst-disable-compilation' to the command line in batchmode.
]]></output>
          </test-case>
          <test-case id="1177" name="Approximately_OneMillionth_ReturnsTrue" fullname="GDX.Vector3ExtensionsTests.Approximately_OneMillionth_ReturnsTrue" methodname="Approximately_OneMillionth_ReturnsTrue" classname="GDX.Vector3ExtensionsTests" runstate="Runnable" seed="1773145850" result="Passed" start-time="2023-06-08 20:35:16Z" end-time="2023-06-08 20:35:16Z" duration="0.000430" asserts="0">
            <properties>
              <property name="Category" value="GDX.Tests" />
            </properties>
            <output><![CDATA[[Code Coverage] Code Coverage results for visited sequence points were saved in D:/BuildAgent/work/GDX-Documentation/Staging/CodeCoverage/GDX_Development-opencov/EditMode/TestCoverageResults_0673.xml
[Code Coverage] Code Coverage requires Burst Compilation to be disabled in order to obtain accurate coverage information. To disable Burst Compilation uncheck Jobs > Burst > Enable Compilation or pass '--burst-disable-compilation' to the command line in batchmode.
]]></output>
          </test-case>
          <test-case id="1178" name="Approximately_Zero_ReturnsTrue" fullname="GDX.Vector3ExtensionsTests.Approximately_Zero_ReturnsTrue" methodname="Approximately_Zero_ReturnsTrue" classname="GDX.Vector3ExtensionsTests" runstate="Runnable" seed="1297340953" result="Passed" start-time="2023-06-08 20:35:17Z" end-time="2023-06-08 20:35:17Z" duration="0.000408" asserts="0">
            <properties>
              <property name="Category" value="GDX.Tests" />
            </properties>
            <output><![CDATA[[Code Coverage] Code Coverage results for visited sequence points were saved in D:/BuildAgent/work/GDX-Documentation/Staging/CodeCoverage/GDX_Development-opencov/EditMode/TestCoverageResults_0674.xml
[Code Coverage] Code Coverage requires Burst Compilation to be disabled in order to obtain accurate coverage information. To disable Burst Compilation uncheck Jobs > Burst > Enable Compilation or pass '--burst-disable-compilation' to the command line in batchmode.
]]></output>
          </test-case>
          <test-case id="1179" name="DistanceSqr_MockData_ReturnsSame" fullname="GDX.Vector3ExtensionsTests.DistanceSqr_MockData_ReturnsSame" methodname="DistanceSqr_MockData_ReturnsSame" classname="GDX.Vector3ExtensionsTests" runstate="Runnable" seed="1618708659" result="Passed" start-time="2023-06-08 20:35:18Z" end-time="2023-06-08 20:35:18Z" duration="0.000529" asserts="0">
            <properties>
              <property name="Category" value="GDX.Tests" />
            </properties>
            <output><![CDATA[[Code Coverage] Code Coverage results for visited sequence points were saved in D:/BuildAgent/work/GDX-Documentation/Staging/CodeCoverage/GDX_Development-opencov/EditMode/TestCoverageResults_0675.xml
[Code Coverage] Code Coverage requires Burst Compilation to be disabled in order to obtain accurate coverage information. To disable Burst Compilation uncheck Jobs > Burst > Enable Compilation or pass '--burst-disable-compilation' to the command line in batchmode.
]]></output>
          </test-case>
          <test-case id="1180" name="DistanceToRay_MockData_ReturnsAccurate" fullname="GDX.Vector3ExtensionsTests.DistanceToRay_MockData_ReturnsAccurate" methodname="DistanceToRay_MockData_ReturnsAccurate" classname="GDX.Vector3ExtensionsTests" runstate="Runnable" seed="828043674" result="Passed" start-time="2023-06-08 20:35:18Z" end-time="2023-06-08 20:35:18Z" duration="0.001046" asserts="0">
            <properties>
              <property name="Category" value="GDX.Tests" />
            </properties>
            <output><![CDATA[[Code Coverage] Code Coverage results for visited sequence points were saved in D:/BuildAgent/work/GDX-Documentation/Staging/CodeCoverage/GDX_Development-opencov/EditMode/TestCoverageResults_0676.xml
[Code Coverage] Code Coverage requires Burst Compilation to be disabled in order to obtain accurate coverage information. To disable Burst Compilation uncheck Jobs > Burst > Enable Compilation or pass '--burst-disable-compilation' to the command line in batchmode.
]]></output>
          </test-case>
          <test-case id="1181" name="HorizontalDistance_MockData_ReturnsAccurate" fullname="GDX.Vector3ExtensionsTests.HorizontalDistance_MockData_ReturnsAccurate" methodname="HorizontalDistance_MockData_ReturnsAccurate" classname="GDX.Vector3ExtensionsTests" runstate="Runnable" seed="1190570876" result="Passed" start-time="2023-06-08 20:35:19Z" end-time="2023-06-08 20:35:19Z" duration="0.000441" asserts="0">
            <properties>
              <property name="Category" value="GDX.Tests" />
            </properties>
            <output><![CDATA[[Code Coverage] Code Coverage results for visited sequence points were saved in D:/BuildAgent/work/GDX-Documentation/Staging/CodeCoverage/GDX_Development-opencov/EditMode/TestCoverageResults_0677.xml
[Code Coverage] Code Coverage requires Burst Compilation to be disabled in order to obtain accurate coverage information. To disable Burst Compilation uncheck Jobs > Burst > Enable Compilation or pass '--burst-disable-compilation' to the command line in batchmode.
]]></output>
          </test-case>
          <test-case id="1182" name="Midpoint_ZeroAndOne_ReturnsHalf" fullname="GDX.Vector3ExtensionsTests.Midpoint_ZeroAndOne_ReturnsHalf" methodname="Midpoint_ZeroAndOne_ReturnsHalf" classname="GDX.Vector3ExtensionsTests" runstate="Runnable" seed="951929060" result="Passed" start-time="2023-06-08 20:35:19Z" end-time="2023-06-08 20:35:19Z" duration="0.000470" asserts="0">
            <properties>
              <property name="Category" value="GDX.Tests" />
            </properties>
            <output><![CDATA[[Code Coverage] Code Coverage results for visited sequence points were saved in D:/BuildAgent/work/GDX-Documentation/Staging/CodeCoverage/GDX_Development-opencov/EditMode/TestCoverageResults_0678.xml
[Code Coverage] Code Coverage requires Burst Compilation to be disabled in order to obtain accurate coverage information. To disable Burst Compilation uncheck Jobs > Burst > Enable Compilation or pass '--burst-disable-compilation' to the command line in batchmode.
]]></output>
          </test-case>
          <test-case id="1183" name="NearestIndex_MockData_ReturnsClosest" fullname="GDX.Vector3ExtensionsTests.NearestIndex_MockData_ReturnsClosest" methodname="NearestIndex_MockData_ReturnsClosest" classname="GDX.Vector3ExtensionsTests" runstate="Runnable" seed="476854238" result="Passed" start-time="2023-06-08 20:35:20Z" end-time="2023-06-08 20:35:20Z" duration="0.001274" asserts="0">
            <properties>
              <property name="Category" value="GDX.Tests" />
            </properties>
            <output><![CDATA[[Code Coverage] Code Coverage results for visited sequence points were saved in D:/BuildAgent/work/GDX-Documentation/Staging/CodeCoverage/GDX_Development-opencov/EditMode/TestCoverageResults_0679.xml
[Code Coverage] Code Coverage requires Burst Compilation to be disabled in order to obtain accurate coverage information. To disable Burst Compilation uncheck Jobs > Burst > Enable Compilation or pass '--burst-disable-compilation' to the command line in batchmode.
]]></output>
          </test-case>
          <test-case id="1184" name="NearestIndex_NullInput_ReturnsNegativeOne" fullname="GDX.Vector3ExtensionsTests.NearestIndex_NullInput_ReturnsNegativeOne" methodname="NearestIndex_NullInput_ReturnsNegativeOne" classname="GDX.Vector3ExtensionsTests" runstate="Runnable" seed="761590602" result="Passed" start-time="2023-06-08 20:35:21Z" end-time="2023-06-08 20:35:21Z" duration="0.000409" asserts="0">
            <properties>
              <property name="Category" value="GDX.Tests" />
            </properties>
            <output><![CDATA[[Code Coverage] Code Coverage results for visited sequence points were saved in D:/BuildAgent/work/GDX-Documentation/Staging/CodeCoverage/GDX_Development-opencov/EditMode/TestCoverageResults_0680.xml
[Code Coverage] Code Coverage requires Burst Compilation to be disabled in order to obtain accurate coverage information. To disable Burst Compilation uncheck Jobs > Burst > Enable Compilation or pass '--burst-disable-compilation' to the command line in batchmode.
]]></output>
          </test-case>
          <test-case id="1187" name="TryParseVector3_CharFirstSplit_ReturnsFalse" fullname="GDX.Vector3ExtensionsTests.TryParseVector3_CharFirstSplit_ReturnsFalse" methodname="TryParseVector3_CharFirstSplit_ReturnsFalse" classname="GDX.Vector3ExtensionsTests" runstate="Runnable" seed="1198489329" result="Passed" start-time="2023-06-08 20:35:21Z" end-time="2023-06-08 20:35:21Z" duration="0.000538" asserts="0">
            <properties>
              <property name="Category" value="GDX.Tests" />
            </properties>
            <output><![CDATA[[Code Coverage] Code Coverage results for visited sequence points were saved in D:/BuildAgent/work/GDX-Documentation/Staging/CodeCoverage/GDX_Development-opencov/EditMode/TestCoverageResults_0681.xml
[Code Coverage] Code Coverage requires Burst Compilation to be disabled in order to obtain accurate coverage information. To disable Burst Compilation uncheck Jobs > Burst > Enable Compilation or pass '--burst-disable-compilation' to the command line in batchmode.
]]></output>
          </test-case>
          <test-case id="1188" name="TryParseVector3_CharSecondSplit_ReturnsFalse" fullname="GDX.Vector3ExtensionsTests.TryParseVector3_CharSecondSplit_ReturnsFalse" methodname="TryParseVector3_CharSecondSplit_ReturnsFalse" classname="GDX.Vector3ExtensionsTests" runstate="Runnable" seed="739549382" result="Passed" start-time="2023-06-08 20:35:22Z" end-time="2023-06-08 20:35:22Z" duration="0.000343" asserts="0">
            <properties>
              <property name="Category" value="GDX.Tests" />
            </properties>
            <output><![CDATA[[Code Coverage] Code Coverage results for visited sequence points were saved in D:/BuildAgent/work/GDX-Documentation/Staging/CodeCoverage/GDX_Development-opencov/EditMode/TestCoverageResults_0682.xml
[Code Coverage] Code Coverage requires Burst Compilation to be disabled in order to obtain accurate coverage information. To disable Burst Compilation uncheck Jobs > Burst > Enable Compilation or pass '--burst-disable-compilation' to the command line in batchmode.
]]></output>
          </test-case>
          <test-case id="1189" name="TryParseVector3_CharThirdSplit_ReturnsFalse" fullname="GDX.Vector3ExtensionsTests.TryParseVector3_CharThirdSplit_ReturnsFalse" methodname="TryParseVector3_CharThirdSplit_ReturnsFalse" classname="GDX.Vector3ExtensionsTests" runstate="Runnable" seed="199508584" result="Passed" start-time="2023-06-08 20:35:23Z" end-time="2023-06-08 20:35:23Z" duration="0.000347" asserts="0">
            <properties>
              <property name="Category" value="GDX.Tests" />
            </properties>
            <output><![CDATA[[Code Coverage] Code Coverage results for visited sequence points were saved in D:/BuildAgent/work/GDX-Documentation/Staging/CodeCoverage/GDX_Development-opencov/EditMode/TestCoverageResults_0683.xml
[Code Coverage] Code Coverage requires Burst Compilation to be disabled in order to obtain accurate coverage information. To disable Burst Compilation uncheck Jobs > Burst > Enable Compilation or pass '--burst-disable-compilation' to the command line in batchmode.
]]></output>
          </test-case>
          <test-case id="1186" name="TryParseVector3_NoSecondSplit_ReturnsFalse" fullname="GDX.Vector3ExtensionsTests.TryParseVector3_NoSecondSplit_ReturnsFalse" methodname="TryParseVector3_NoSecondSplit_ReturnsFalse" classname="GDX.Vector3ExtensionsTests" runstate="Runnable" seed="595257926" result="Passed" start-time="2023-06-08 20:35:23Z" end-time="2023-06-08 20:35:23Z" duration="0.000329" asserts="0">
            <properties>
              <property name="Category" value="GDX.Tests" />
            </properties>
            <output><![CDATA[[Code Coverage] Code Coverage results for visited sequence points were saved in D:/BuildAgent/work/GDX-Documentation/Staging/CodeCoverage/GDX_Development-opencov/EditMode/TestCoverageResults_0684.xml
[Code Coverage] Code Coverage requires Burst Compilation to be disabled in order to obtain accurate coverage information. To disable Burst Compilation uncheck Jobs > Burst > Enable Compilation or pass '--burst-disable-compilation' to the command line in batchmode.
]]></output>
          </test-case>
          <test-case id="1190" name="TryParseVector3_NoSpaces_ReturnsVector3" fullname="GDX.Vector3ExtensionsTests.TryParseVector3_NoSpaces_ReturnsVector3" methodname="TryParseVector3_NoSpaces_ReturnsVector3" classname="GDX.Vector3ExtensionsTests" runstate="Runnable" seed="1050106883" result="Passed" start-time="2023-06-08 20:35:24Z" end-time="2023-06-08 20:35:24Z" duration="0.000349" asserts="0">
            <properties>
              <property name="Category" value="GDX.Tests" />
            </properties>
            <output><![CDATA[[Code Coverage] Code Coverage results for visited sequence points were saved in D:/BuildAgent/work/GDX-Documentation/Staging/CodeCoverage/GDX_Development-opencov/EditMode/TestCoverageResults_0685.xml
[Code Coverage] Code Coverage requires Burst Compilation to be disabled in order to obtain accurate coverage information. To disable Burst Compilation uncheck Jobs > Burst > Enable Compilation or pass '--burst-disable-compilation' to the command line in batchmode.
]]></output>
          </test-case>
          <test-case id="1185" name="TryParseVector3_NoSplit_ReturnsVector2Zero" fullname="GDX.Vector3ExtensionsTests.TryParseVector3_NoSplit_ReturnsVector2Zero" methodname="TryParseVector3_NoSplit_ReturnsVector2Zero" classname="GDX.Vector3ExtensionsTests" runstate="Runnable" seed="491449415" result="Passed" start-time="2023-06-08 20:35:24Z" end-time="2023-06-08 20:35:24Z" duration="0.000325" asserts="0">
            <properties>
              <property name="Category" value="GDX.Tests" />
            </properties>
            <output><![CDATA[[Code Coverage] Code Coverage results for visited sequence points were saved in D:/BuildAgent/work/GDX-Documentation/Staging/CodeCoverage/GDX_Development-opencov/EditMode/TestCoverageResults_0686.xml
[Code Coverage] Code Coverage requires Burst Compilation to be disabled in order to obtain accurate coverage information. To disable Burst Compilation uncheck Jobs > Burst > Enable Compilation or pass '--burst-disable-compilation' to the command line in batchmode.
]]></output>
          </test-case>
          <test-case id="1191" name="TryParseVector3_SpacedValues_ReturnsVector3" fullname="GDX.Vector3ExtensionsTests.TryParseVector3_SpacedValues_ReturnsVector3" methodname="TryParseVector3_SpacedValues_ReturnsVector3" classname="GDX.Vector3ExtensionsTests" runstate="Runnable" seed="1887038667" result="Passed" start-time="2023-06-08 20:35:25Z" end-time="2023-06-08 20:35:25Z" duration="0.000402" asserts="0">
            <properties>
              <property name="Category" value="GDX.Tests" />
            </properties>
            <output><![CDATA[[Code Coverage] Code Coverage results for visited sequence points were saved in D:/BuildAgent/work/GDX-Documentation/Staging/CodeCoverage/GDX_Development-opencov/EditMode/TestCoverageResults_0687.xml
[Code Coverage] Code Coverage requires Burst Compilation to be disabled in order to obtain accurate coverage information. To disable Burst Compilation uncheck Jobs > Burst > Enable Compilation or pass '--burst-disable-compilation' to the command line in batchmode.
Executing cleanup for: Unity.PerformanceTesting.Editor.TestRunBuilder
]]></output>
          </test-case>
        </test-suite>
      </test-suite>
    </test-suite>
  </test-suite>
</test-run>