<?xml version="1.0" encoding="utf-8"?>
<test-run id="2" testcasecount="290" result="Passed" total="290" passed="290" failed="0" inconclusive="0" skipped="0" asserts="0" engine-version="3.5.0.0" clr-version="4.0.30319.42000" start-time="2022-05-15 22:53:10Z" end-time="2022-05-15 22:53:12Z" duration="1.8392837">
  <test-suite type="TestSuite" id="1000" name="GDX" fullname="GDX" runstate="Runnable" testcasecount="296" result="Passed" start-time="2022-05-15 22:53:10Z" end-time="2022-05-15 22:53:12Z" duration="1.839284" total="290" passed="290" failed="0" inconclusive="0" skipped="0" asserts="0">
    <properties />
    <test-suite type="Assembly" id="1018" name="GDX.Editor.Tests.EditMode.dll" fullname="D:/BuildAgent/work/GDX-Documentation/Projects/GDX_Development/Library/ScriptAssemblies/GDX.Editor.Tests.EditMode.dll" runstate="Runnable" testcasecount="10" result="Passed" start-time="2022-05-15 22:53:11Z" end-time="2022-05-15 22:53:11Z" duration="0.129996" total="10" passed="10" failed="0" inconclusive="0" skipped="0" asserts="0">
      <properties>
        <property name="_PID" value="26952" />
        <property name="_APPDOMAIN" value="Unity Child Domain" />
        <property name="platform" value="EditMode" />
      </properties>
      <test-suite type="TestSuite" id="1019" name="GDX" fullname="GDX" runstate="Runnable" testcasecount="10" result="Passed" start-time="2022-05-15 22:53:11Z" end-time="2022-05-15 22:53:11Z" duration="0.122991" total="10" passed="10" failed="0" inconclusive="0" skipped="0" asserts="0">
        <properties />
        <test-suite type="TestSuite" id="1020" name="Editor" fullname="GDX.Editor" runstate="Runnable" testcasecount="10" result="Passed" start-time="2022-05-15 22:53:11Z" end-time="2022-05-15 22:53:11Z" duration="0.121085" total="10" passed="10" failed="0" inconclusive="0" skipped="0" asserts="0">
          <properties />
          <test-suite type="TestFixture" id="1004" name="AutomationTests" fullname="GDX.Editor.AutomationTests" classname="GDX.Editor.AutomationTests" runstate="Runnable" testcasecount="6" result="Passed" start-time="2022-05-15 22:53:11Z" end-time="2022-05-15 22:53:11Z" duration="0.013206" total="6" passed="6" failed="0" inconclusive="0" skipped="0" asserts="0">
            <properties />
            <test-case id="1005" name="CaptureEditorWindow_SceneView_ReturnsTexture" fullname="GDX.Editor.AutomationTests.CaptureEditorWindow_SceneView_ReturnsTexture" methodname="CaptureEditorWindow_SceneView_ReturnsTexture" classname="GDX.Editor.AutomationTests" runstate="Runnable" seed="1847478416" result="Passed" start-time="2022-05-15 22:52:48Z" end-time="2022-05-15 22:52:49Z" duration="0.909181" asserts="0">
              <properties>
                <property name="Category" value="GDX.Tests" />
              </properties>
            </test-case>
            <test-case id="1010" name="CaptureEditorWindow_SceneView_SameTexture" fullname="GDX.Editor.AutomationTests.CaptureEditorWindow_SceneView_SameTexture" methodname="CaptureEditorWindow_SceneView_SameTexture" classname="GDX.Editor.AutomationTests" runstate="Runnable" seed="14602092" result="Passed" start-time="2022-05-15 22:52:49Z" end-time="2022-05-15 22:52:50Z" duration="1.395841" asserts="0">
              <properties>
                <property name="_JOINTYPE" value="UnityCombinatorial" />
                <property name="Category" value="GDX.Tests" />
              </properties>
            </test-case>
            <test-case id="1006" name="CaptureEditorWindowToPNG_SceneView_OutputsImage" fullname="GDX.Editor.AutomationTests.CaptureEditorWindowToPNG_SceneView_OutputsImage" methodname="CaptureEditorWindowToPNG_SceneView_OutputsImage" classname="GDX.Editor.AutomationTests" runstate="Runnable" seed="1172191361" result="Passed" start-time="2022-05-15 22:52:50Z" end-time="2022-05-15 22:52:51Z" duration="0.440094" asserts="0">
              <properties>
                <property name="Category" value="GDX.Tests" />
              </properties>
            </test-case>
            <test-case id="1007" name="CaptureFocusedEditorWindow_ReturnsTexture" fullname="GDX.Editor.AutomationTests.CaptureFocusedEditorWindow_ReturnsTexture" methodname="CaptureFocusedEditorWindow_ReturnsTexture" classname="GDX.Editor.AutomationTests" runstate="Runnable" seed="1557447728" result="Passed" start-time="2022-05-15 22:52:51Z" end-time="2022-05-15 22:52:51Z" duration="0.018580" asserts="0">
              <properties>
                <property name="Category" value="GDX.Tests" />
              </properties>
            </test-case>
            <test-case id="1008" name="CaptureFocusedEditorWindowToPNG_OutputsImage" fullname="GDX.Editor.AutomationTests.CaptureFocusedEditorWindowToPNG_OutputsImage" methodname="CaptureFocusedEditorWindowToPNG_OutputsImage" classname="GDX.Editor.AutomationTests" runstate="Runnable" seed="245688018" result="Passed" start-time="2022-05-15 22:52:51Z" end-time="2022-05-15 22:52:51Z" duration="0.027779" asserts="0">
              <properties>
                <property name="Category" value="GDX.Tests" />
              </properties>
            </test-case>
            <test-case id="1009" name="GetWindow_SceneView_NotNull" fullname="GDX.Editor.AutomationTests.GetWindow_SceneView_NotNull" methodname="GetWindow_SceneView_NotNull" classname="GDX.Editor.AutomationTests" runstate="Runnable" seed="1565418370" result="Passed" start-time="2022-05-15 22:52:51Z" end-time="2022-05-15 22:52:51Z" duration="0.117871" asserts="0">
              <properties>
                <property name="Category" value="GDX.Tests" />
              </properties>
            </test-case>
          </test-suite>
          <test-suite type="TestSuite" id="1021" name="Build" fullname="GDX.Editor.Build" runstate="Runnable" testcasecount="1" result="Passed" start-time="2022-05-15 22:53:11Z" end-time="2022-05-15 22:53:11Z" duration="0.001042" total="1" passed="1" failed="0" inconclusive="0" skipped="0" asserts="0">
            <properties />
            <test-suite type="TestFixture" id="1016" name="BuildInfoProviderTests" fullname="GDX.Editor.Build.BuildInfoProviderTests" classname="GDX.Editor.Build.BuildInfoProviderTests" runstate="Runnable" testcasecount="1" result="Passed" start-time="2022-05-15 22:53:11Z" end-time="2022-05-15 22:53:11Z" duration="0.000547" total="1" passed="1" failed="0" inconclusive="0" skipped="0" asserts="0">
              <properties />
              <test-case id="1017" name="GetContent_ForceDefaults_ReturnsDefaultContent" fullname="GDX.Editor.Build.BuildInfoProviderTests.GetContent_ForceDefaults_ReturnsDefaultContent" methodname="GetContent_ForceDefaults_ReturnsDefaultContent" classname="GDX.Editor.Build.BuildInfoProviderTests" runstate="Runnable" seed="1834264007" result="Passed" start-time="2022-05-15 22:52:51Z" end-time="2022-05-15 22:52:51Z" duration="0.001642" asserts="0">
                <properties>
                  <property name="Category" value="GDX.Tests" />
                </properties>
              </test-case>
            </test-suite>
          </test-suite>
          <test-suite type="TestFixture" id="1011" name="DomainReloadTests" fullname="GDX.Editor.DomainReloadTests" classname="GDX.Editor.DomainReloadTests" runstate="Runnable" testcasecount="2" result="Passed" start-time="2022-05-15 22:53:11Z" end-time="2022-05-15 22:53:11Z" duration="0.026110" total="2" passed="2" failed="0" inconclusive="0" skipped="0" asserts="0">
            <properties />
            <test-case id="1013" name="Recompile_JobsLeakDetection_NoUnexpectedMessages" fullname="GDX.Editor.DomainReloadTests.Recompile_JobsLeakDetection_NoUnexpectedMessages" methodname="Recompile_JobsLeakDetection_NoUnexpectedMessages" classname="GDX.Editor.DomainReloadTests" runstate="Runnable" seed="1703146959" result="Passed" start-time="2022-05-15 22:52:51Z" end-time="2022-05-15 22:53:02Z" duration="10.886766" asserts="0">
              <properties>
                <property name="_JOINTYPE" value="UnityCombinatorial" />
                <property name="Category" value="GDX.Tests" />
              </properties>
            </test-case>
            <test-case id="1012" name="Recompile_NoLeakDetection_NoUnexpectedMessages" fullname="GDX.Editor.DomainReloadTests.Recompile_NoLeakDetection_NoUnexpectedMessages" methodname="Recompile_NoLeakDetection_NoUnexpectedMessages" classname="GDX.Editor.DomainReloadTests" runstate="Runnable" seed="967335238" result="Passed" start-time="2022-05-15 22:53:02Z" end-time="2022-05-15 22:53:11Z" duration="9.043599" asserts="0">
              <properties>
                <property name="_JOINTYPE" value="UnityCombinatorial" />
                <property name="Category" value="GDX.Tests" />
              </properties>
            </test-case>
          </test-suite>
          <test-suite type="TestFixture" id="1014" name="PackageProviderTests" fullname="GDX.Editor.PackageProviderTests" classname="GDX.Editor.PackageProviderTests" runstate="Runnable" testcasecount="1" result="Passed" start-time="2022-05-15 22:53:11Z" end-time="2022-05-15 22:53:11Z" duration="0.059948" total="1" passed="1" failed="0" inconclusive="0" skipped="0" asserts="0">
            <properties />
            <test-case id="1015" name="Get_DefaultPackage_NotNull" fullname="GDX.Editor.PackageProviderTests.Get_DefaultPackage_NotNull" methodname="Get_DefaultPackage_NotNull" classname="GDX.Editor.PackageProviderTests" runstate="Runnable" seed="204928695" result="Passed" start-time="2022-05-15 22:53:11Z" end-time="2022-05-15 22:53:11Z" duration="0.058504" asserts="0">
              <properties>
                <property name="Category" value="GDX.Tests" />
              </properties>
            </test-case>
          </test-suite>
        </test-suite>
      </test-suite>
    </test-suite>
    <test-suite type="Assembly" id="1334" name="GDX.Tests.EditMode.dll" fullname="D:/BuildAgent/work/GDX-Documentation/Projects/GDX_Development/Library/ScriptAssemblies/GDX.Tests.EditMode.dll" runstate="Runnable" testcasecount="286" result="Passed" start-time="2022-05-15 22:53:11Z" end-time="2022-05-15 22:53:12Z" duration="0.931162" total="280" passed="280" failed="0" inconclusive="0" skipped="0" asserts="0">
      <properties>
        <property name="_PID" value="26952" />
        <property name="_APPDOMAIN" value="Unity Child Domain" />
        <property name="platform" value="EditMode" />
      </properties>
      <test-suite type="TestSuite" id="1335" name="GDX" fullname="GDX" runstate="Runnable" testcasecount="286" result="Passed" start-time="2022-05-15 22:53:11Z" end-time="2022-05-15 22:53:12Z" duration="0.923710" total="280" passed="280" failed="0" inconclusive="0" skipped="0" asserts="0">
        <properties />
        <test-suite type="TestFixture" id="1022" name="Array2DExtensionsTests" fullname="GDX.Array2DExtensionsTests" classname="GDX.Array2DExtensionsTests" runstate="Runnable" testcasecount="1" result="Passed" start-time="2022-05-15 22:53:11Z" end-time="2022-05-15 22:53:11Z" duration="0.004997" total="1" passed="1" failed="0" inconclusive="0" skipped="0" asserts="0">
          <properties />
          <test-case id="1023" name="Scale_MockFloatData_ScaledData" fullname="GDX.Array2DExtensionsTests.Scale_MockFloatData_ScaledData" methodname="Scale_MockFloatData_ScaledData" classname="GDX.Array2DExtensionsTests" runstate="Runnable" seed="52588502" result="Passed" start-time="2022-05-15 22:53:11Z" end-time="2022-05-15 22:53:11Z" duration="0.001254" asserts="0">
            <properties>
              <property name="Category" value="GDX.Tests" />
            </properties>
          </test-case>
        </test-suite>
        <test-suite type="TestFixture" id="1024" name="ArrayExtensionsTests" fullname="GDX.ArrayExtensionsTests" classname="GDX.ArrayExtensionsTests" runstate="Runnable" testcasecount="13" result="Passed" start-time="2022-05-15 22:53:11Z" end-time="2022-05-15 22:53:11Z" duration="0.011823" total="13" passed="13" failed="0" inconclusive="0" skipped="0" asserts="0">
          <properties />
          <test-case id="1025" name="Clear_MockData_HasDefaultValues" fullname="GDX.ArrayExtensionsTests.Clear_MockData_HasDefaultValues" methodname="Clear_MockData_HasDefaultValues" classname="GDX.ArrayExtensionsTests" runstate="Runnable" seed="29710757" result="Passed" start-time="2022-05-15 22:53:11Z" end-time="2022-05-15 22:53:11Z" duration="0.000371" asserts="0">
            <properties>
              <property name="Category" value="GDX.Tests" />
            </properties>
          </test-case>
          <test-case id="1026" name="ContainsItem_MockData_HasValue" fullname="GDX.ArrayExtensionsTests.ContainsItem_MockData_HasValue" methodname="ContainsItem_MockData_HasValue" classname="GDX.ArrayExtensionsTests" runstate="Runnable" seed="905338645" result="Passed" start-time="2022-05-15 22:53:11Z" end-time="2022-05-15 22:53:11Z" duration="0.000312" asserts="0">
            <properties>
              <property name="Category" value="GDX.Tests" />
            </properties>
          </test-case>
          <test-case id="1027" name="ContainsItem_MockData_NoValue" fullname="GDX.ArrayExtensionsTests.ContainsItem_MockData_NoValue" methodname="ContainsItem_MockData_NoValue" classname="GDX.ArrayExtensionsTests" runstate="Runnable" seed="1272671833" result="Passed" start-time="2022-05-15 22:53:11Z" end-time="2022-05-15 22:53:11Z" duration="0.000632" asserts="0">
            <properties>
              <property name="Category" value="GDX.Tests" />
            </properties>
          </test-case>
          <test-case id="1028" name="ContainsValue_MockData_HasValue" fullname="GDX.ArrayExtensionsTests.ContainsValue_MockData_HasValue" methodname="ContainsValue_MockData_HasValue" classname="GDX.ArrayExtensionsTests" runstate="Runnable" seed="1615994939" result="Passed" start-time="2022-05-15 22:53:11Z" end-time="2022-05-15 22:53:11Z" duration="0.000331" asserts="0">
            <properties>
              <property name="Category" value="GDX.Tests" />
            </properties>
          </test-case>
          <test-case id="1029" name="ContainsValue_MockData_NoValue" fullname="GDX.ArrayExtensionsTests.ContainsValue_MockData_NoValue" methodname="ContainsValue_MockData_NoValue" classname="GDX.ArrayExtensionsTests" runstate="Runnable" seed="1907489500" result="Passed" start-time="2022-05-15 22:53:11Z" end-time="2022-05-15 22:53:11Z" duration="0.000183" asserts="0">
            <properties>
              <property name="Category" value="GDX.Tests" />
            </properties>
          </test-case>
          <test-case id="1030" name="FirstIndexOfItem_MockDataObject_ReturnsIndex" fullname="GDX.ArrayExtensionsTests.FirstIndexOfItem_MockDataObject_ReturnsIndex" methodname="FirstIndexOfItem_MockDataObject_ReturnsIndex" classname="GDX.ArrayExtensionsTests" runstate="Runnable" seed="134670727" result="Passed" start-time="2022-05-15 22:53:11Z" end-time="2022-05-15 22:53:11Z" duration="0.000312" asserts="0">
            <properties>
              <property name="Category" value="GDX.Tests" />
            </properties>
          </test-case>
          <test-case id="1031" name="FirstIndexOfItem_NoMockDataObject_ReturnsIndex" fullname="GDX.ArrayExtensionsTests.FirstIndexOfItem_NoMockDataObject_ReturnsIndex" methodname="FirstIndexOfItem_NoMockDataObject_ReturnsIndex" classname="GDX.ArrayExtensionsTests" runstate="Runnable" seed="532615565" result="Passed" start-time="2022-05-15 22:53:11Z" end-time="2022-05-15 22:53:11Z" duration="0.000222" asserts="0">
            <properties>
              <property name="Category" value="GDX.Tests" />
            </properties>
          </test-case>
          <test-case id="1032" name="FirstIndexOfValue_MockDataValue_ReturnsIndex" fullname="GDX.ArrayExtensionsTests.FirstIndexOfValue_MockDataValue_ReturnsIndex" methodname="FirstIndexOfValue_MockDataValue_ReturnsIndex" classname="GDX.ArrayExtensionsTests" runstate="Runnable" seed="1003678347" result="Passed" start-time="2022-05-15 22:53:11Z" end-time="2022-05-15 22:53:11Z" duration="0.000271" asserts="0">
            <properties>
              <property name="Category" value="GDX.Tests" />
            </properties>
          </test-case>
          <test-case id="1033" name="FirstIndexOfValue_NoMockDataValue_ReturnsNegativeOne" fullname="GDX.ArrayExtensionsTests.FirstIndexOfValue_NoMockDataValue_ReturnsNegativeOne" methodname="FirstIndexOfValue_NoMockDataValue_ReturnsNegativeOne" classname="GDX.ArrayExtensionsTests" runstate="Runnable" seed="2020496861" result="Passed" start-time="2022-05-15 22:53:11Z" end-time="2022-05-15 22:53:11Z" duration="0.000176" asserts="0">
            <properties>
              <property name="Category" value="GDX.Tests" />
            </properties>
          </test-case>
          <test-case id="1034" name="LastIndexOfItem_MockDataObject_ReturnsIndex" fullname="GDX.ArrayExtensionsTests.LastIndexOfItem_MockDataObject_ReturnsIndex" methodname="LastIndexOfItem_MockDataObject_ReturnsIndex" classname="GDX.ArrayExtensionsTests" runstate="Runnable" seed="898423952" result="Passed" start-time="2022-05-15 22:53:11Z" end-time="2022-05-15 22:53:11Z" duration="0.000285" asserts="0">
            <properties>
              <property name="Category" value="GDX.Tests" />
            </properties>
          </test-case>
          <test-case id="1035" name="LastIndexOfItem_NoMockDataObject_ReturnsNegativeOne" fullname="GDX.ArrayExtensionsTests.LastIndexOfItem_NoMockDataObject_ReturnsNegativeOne" methodname="LastIndexOfItem_NoMockDataObject_ReturnsNegativeOne" classname="GDX.ArrayExtensionsTests" runstate="Runnable" seed="578816657" result="Passed" start-time="2022-05-15 22:53:11Z" end-time="2022-05-15 22:53:11Z" duration="0.000203" asserts="0">
            <properties>
              <property name="Category" value="GDX.Tests" />
            </properties>
          </test-case>
          <test-case id="1036" name="LastIndexOfValue_MockDataValue_ReturnsIndex" fullname="GDX.ArrayExtensionsTests.LastIndexOfValue_MockDataValue_ReturnsIndex" methodname="LastIndexOfValue_MockDataValue_ReturnsIndex" classname="GDX.ArrayExtensionsTests" runstate="Runnable" seed="276387286" result="Passed" start-time="2022-05-15 22:53:11Z" end-time="2022-05-15 22:53:11Z" duration="0.000267" asserts="0">
            <properties>
              <property name="Category" value="GDX.Tests" />
            </properties>
          </test-case>
          <test-case id="1037" name="LastIndexOfValue_NoMockDataValue_ReturnsNegativeOne" fullname="GDX.ArrayExtensionsTests.LastIndexOfValue_NoMockDataValue_ReturnsNegativeOne" methodname="LastIndexOfValue_NoMockDataValue_ReturnsNegativeOne" classname="GDX.ArrayExtensionsTests" runstate="Runnable" seed="748686601" result="Passed" start-time="2022-05-15 22:53:11Z" end-time="2022-05-15 22:53:11Z" duration="0.000186" asserts="0">
            <properties>
              <property name="Category" value="GDX.Tests" />
            </properties>
          </test-case>
        </test-suite>
        <test-suite type="TestFixture" id="1038" name="ByteExtensionsTests" fullname="GDX.ByteExtensionsTests" classname="GDX.ByteExtensionsTests" runstate="Runnable" testcasecount="6" result="Passed" start-time="2022-05-15 22:53:11Z" end-time="2022-05-15 22:53:11Z" duration="0.007357" total="6" passed="6" failed="0" inconclusive="0" skipped="0" asserts="0">
          <properties />
          <test-case id="1039" name="GetStableHashCode_MockData_ReturnsValidCode" fullname="GDX.ByteExtensionsTests.GetStableHashCode_MockData_ReturnsValidCode" methodname="GetStableHashCode_MockData_ReturnsValidCode" classname="GDX.ByteExtensionsTests" runstate="Runnable" seed="1408796522" result="Passed" start-time="2022-05-15 22:53:11Z" end-time="2022-05-15 22:53:11Z" duration="0.000410" asserts="0">
            <properties>
              <property name="Category" value="GDX.Tests" />
            </properties>
          </test-case>
          <test-case id="1041" name="IsSame_DifferentData_ReturnsFalse" fullname="GDX.ByteExtensionsTests.IsSame_DifferentData_ReturnsFalse" methodname="IsSame_DifferentData_ReturnsFalse" classname="GDX.ByteExtensionsTests" runstate="Runnable" seed="1819526336" result="Passed" start-time="2022-05-15 22:53:11Z" end-time="2022-05-15 22:53:11Z" duration="0.000478" asserts="0">
            <properties>
              <property name="Category" value="GDX.Tests" />
            </properties>
          </test-case>
          <test-case id="1044" name="IsSame_DifferentLengths_ReturnsFalse" fullname="GDX.ByteExtensionsTests.IsSame_DifferentLengths_ReturnsFalse" methodname="IsSame_DifferentLengths_ReturnsFalse" classname="GDX.ByteExtensionsTests" runstate="Runnable" seed="1589094118" result="Passed" start-time="2022-05-15 22:53:11Z" end-time="2022-05-15 22:53:11Z" duration="0.000196" asserts="0">
            <properties>
              <property name="Category" value="GDX.Tests" />
            </properties>
          </test-case>
          <test-case id="1042" name="IsSame_NullLeftHandSide_ReturnsFalse" fullname="GDX.ByteExtensionsTests.IsSame_NullLeftHandSide_ReturnsFalse" methodname="IsSame_NullLeftHandSide_ReturnsFalse" classname="GDX.ByteExtensionsTests" runstate="Runnable" seed="923720832" result="Passed" start-time="2022-05-15 22:53:11Z" end-time="2022-05-15 22:53:11Z" duration="0.000185" asserts="0">
            <properties>
              <property name="Category" value="GDX.Tests" />
            </properties>
          </test-case>
          <test-case id="1043" name="IsSame_NullRightHandSide_ReturnsFalse" fullname="GDX.ByteExtensionsTests.IsSame_NullRightHandSide_ReturnsFalse" methodname="IsSame_NullRightHandSide_ReturnsFalse" classname="GDX.ByteExtensionsTests" runstate="Runnable" seed="1852557218" result="Passed" start-time="2022-05-15 22:53:11Z" end-time="2022-05-15 22:53:11Z" duration="0.000174" asserts="0">
            <properties>
              <property name="Category" value="GDX.Tests" />
            </properties>
          </test-case>
          <test-case id="1040" name="IsSame_SameData_ReturnsTrue" fullname="GDX.ByteExtensionsTests.IsSame_SameData_ReturnsTrue" methodname="IsSame_SameData_ReturnsTrue" classname="GDX.ByteExtensionsTests" runstate="Runnable" seed="772772776" result="Passed" start-time="2022-05-15 22:53:11Z" end-time="2022-05-15 22:53:11Z" duration="0.000190" asserts="0">
            <properties>
              <property name="Category" value="GDX.Tests" />
            </properties>
          </test-case>
        </test-suite>
        <test-suite type="TestSuite" id="1340" name="Classic" fullname="GDX.Classic" runstate="Runnable" testcasecount="3" result="Passed" start-time="2022-05-15 22:53:11Z" end-time="2022-05-15 22:53:11Z" duration="0.243029" total="3" passed="3" failed="0" inconclusive="0" skipped="0" asserts="0">
          <properties />
          <test-suite type="TestSuite" id="1341" name="Developer" fullname="GDX.Classic.Developer" runstate="Runnable" testcasecount="3" result="Passed" start-time="2022-05-15 22:53:11Z" end-time="2022-05-15 22:53:11Z" duration="0.240068" total="3" passed="3" failed="0" inconclusive="0" skipped="0" asserts="0">
            <properties />
            <test-suite type="TestSuite" id="1342" name="Reports" fullname="GDX.Classic.Developer.Reports" runstate="Runnable" testcasecount="3" result="Passed" start-time="2022-05-15 22:53:11Z" end-time="2022-05-15 22:53:11Z" duration="0.236337" total="3" passed="3" failed="0" inconclusive="0" skipped="0" asserts="0">
              <properties />
              <test-suite type="TestFixture" id="1206" name="ResourcesAuditReportTests" fullname="GDX.Classic.Developer.Reports.ResourcesAuditReportTests" classname="GDX.Classic.Developer.Reports.ResourcesAuditReportTests" runstate="Runnable" testcasecount="3" result="Passed" start-time="2022-05-15 22:53:11Z" end-time="2022-05-15 22:53:11Z" duration="0.233411" total="3" passed="3" failed="0" inconclusive="0" skipped="0" asserts="0">
                <properties />
                <test-case id="1207" name="Get_MockData_ReturnsObject" fullname="GDX.Classic.Developer.Reports.ResourcesAuditReportTests.Get_MockData_ReturnsObject" methodname="Get_MockData_ReturnsObject" classname="GDX.Classic.Developer.Reports.ResourcesAuditReportTests" runstate="Runnable" seed="2104617593" result="Passed" start-time="2022-05-15 22:53:11Z" end-time="2022-05-15 22:53:11Z" duration="0.010265" asserts="0">
                  <properties>
                    <property name="Category" value="GDX.Tests" />
                  </properties>
                </test-case>
                <test-case id="1209" name="Output_GetAll_ReturnsReport" fullname="GDX.Classic.Developer.Reports.ResourcesAuditReportTests.Output_GetAll_ReturnsReport" methodname="Output_GetAll_ReturnsReport" classname="GDX.Classic.Developer.Reports.ResourcesAuditReportTests" runstate="Runnable" seed="1739478600" result="Passed" start-time="2022-05-15 22:53:11Z" end-time="2022-05-15 22:53:11Z" duration="0.177547" asserts="0">
                  <properties>
                    <property name="Category" value="GDX.Tests" />
                  </properties>
                </test-case>
                <test-case id="1208" name="Output_GetCommon_ReturnsReport" fullname="GDX.Classic.Developer.Reports.ResourcesAuditReportTests.Output_GetCommon_ReturnsReport" methodname="Output_GetCommon_ReturnsReport" classname="GDX.Classic.Developer.Reports.ResourcesAuditReportTests" runstate="Runnable" seed="1184369126" result="Passed" start-time="2022-05-15 22:53:11Z" end-time="2022-05-15 22:53:11Z" duration="0.041634" asserts="0">
                  <properties>
                    <property name="Category" value="GDX.Tests" />
                  </properties>
                </test-case>
              </test-suite>
            </test-suite>
          </test-suite>
        </test-suite>
        <test-suite type="TestSuite" id="1346" name="Collections" fullname="GDX.Collections" runstate="Runnable" testcasecount="108" result="Passed" start-time="2022-05-15 22:53:11Z" end-time="2022-05-15 22:53:11Z" duration="0.148613" total="108" passed="108" failed="0" inconclusive="0" skipped="0" asserts="0">
          <properties />
          <test-suite type="TestSuite" id="1348" name="Generic" fullname="GDX.Collections.Generic" runstate="Runnable" testcasecount="94" result="Passed" start-time="2022-05-15 22:53:11Z" end-time="2022-05-15 22:53:11Z" duration="0.108334" total="94" passed="94" failed="0" inconclusive="0" skipped="0" asserts="0">
            <properties />
            <test-suite type="TestFixture" id="1234" name="Array2DTests" fullname="GDX.Collections.Generic.Array2DTests" classname="GDX.Collections.Generic.Array2DTests" runstate="Runnable" testcasecount="11" result="Passed" start-time="2022-05-15 22:53:11Z" end-time="2022-05-15 22:53:11Z" duration="0.010194" total="11" passed="11" failed="0" inconclusive="0" skipped="0" asserts="0">
              <properties />
              <test-case id="1235" name="AddColumns_MockData_ArrayResized" fullname="GDX.Collections.Generic.Array2DTests.AddColumns_MockData_ArrayResized" methodname="AddColumns_MockData_ArrayResized" classname="GDX.Collections.Generic.Array2DTests" runstate="Runnable" seed="1523347683" result="Passed" start-time="2022-05-15 22:53:11Z" end-time="2022-05-15 22:53:11Z" duration="0.000641" asserts="0">
                <properties>
                  <property name="Category" value="GDX.Tests" />
                </properties>
              </test-case>
              <test-case id="1236" name="AddRows_MockData_ArrayResized" fullname="GDX.Collections.Generic.Array2DTests.AddRows_MockData_ArrayResized" methodname="AddRows_MockData_ArrayResized" classname="GDX.Collections.Generic.Array2DTests" runstate="Runnable" seed="1986890488" result="Passed" start-time="2022-05-15 22:53:11Z" end-time="2022-05-15 22:53:11Z" duration="0.000326" asserts="0">
                <properties>
                  <property name="Category" value="GDX.Tests" />
                </properties>
              </test-case>
              <test-case id="1237" name="GetColumnIndex_MockData_ReturnsIndex" fullname="GDX.Collections.Generic.Array2DTests.GetColumnIndex_MockData_ReturnsIndex" methodname="GetColumnIndex_MockData_ReturnsIndex" classname="GDX.Collections.Generic.Array2DTests" runstate="Runnable" seed="1860523464" result="Passed" start-time="2022-05-15 22:53:11Z" end-time="2022-05-15 22:53:11Z" duration="0.000335" asserts="0">
                <properties>
                  <property name="Category" value="GDX.Tests" />
                </properties>
              </test-case>
              <test-case id="1238" name="GetRowIndex_MockData_ReturnsIndex" fullname="GDX.Collections.Generic.Array2DTests.GetRowIndex_MockData_ReturnsIndex" methodname="GetRowIndex_MockData_ReturnsIndex" classname="GDX.Collections.Generic.Array2DTests" runstate="Runnable" seed="800508376" result="Passed" start-time="2022-05-15 22:53:11Z" end-time="2022-05-15 22:53:11Z" duration="0.000278" asserts="0">
                <properties>
                  <property name="Category" value="GDX.Tests" />
                </properties>
              </test-case>
              <test-case id="1239" name="ReverseColumns_MockDataEven_ValuesReversed" fullname="GDX.Collections.Generic.Array2DTests.ReverseColumns_MockDataEven_ValuesReversed" methodname="ReverseColumns_MockDataEven_ValuesReversed" classname="GDX.Collections.Generic.Array2DTests" runstate="Runnable" seed="348798821" result="Passed" start-time="2022-05-15 22:53:11Z" end-time="2022-05-15 22:53:11Z" duration="0.000449" asserts="0">
                <properties>
                  <property name="Category" value="GDX.Tests" />
                </properties>
              </test-case>
              <test-case id="1240" name="ReverseColumns_MockDataOdd_ValuesReversed" fullname="GDX.Collections.Generic.Array2DTests.ReverseColumns_MockDataOdd_ValuesReversed" methodname="ReverseColumns_MockDataOdd_ValuesReversed" classname="GDX.Collections.Generic.Array2DTests" runstate="Runnable" seed="654718336" result="Passed" start-time="2022-05-15 22:53:11Z" end-time="2022-05-15 22:53:11Z" duration="0.000259" asserts="0">
                <properties>
                  <property name="Category" value="GDX.Tests" />
                </properties>
              </test-case>
              <test-case id="1241" name="ReverseRows_MockDataEven_ValuesReversed" fullname="GDX.Collections.Generic.Array2DTests.ReverseRows_MockDataEven_ValuesReversed" methodname="ReverseRows_MockDataEven_ValuesReversed" classname="GDX.Collections.Generic.Array2DTests" runstate="Runnable" seed="1596129157" result="Passed" start-time="2022-05-15 22:53:11Z" end-time="2022-05-15 22:53:11Z" duration="0.000416" asserts="0">
                <properties>
                  <property name="Category" value="GDX.Tests" />
                </properties>
              </test-case>
              <test-case id="1242" name="ReverseRows_MockDataOdd_ValuesReversed" fullname="GDX.Collections.Generic.Array2DTests.ReverseRows_MockDataOdd_ValuesReversed" methodname="ReverseRows_MockDataOdd_ValuesReversed" classname="GDX.Collections.Generic.Array2DTests" runstate="Runnable" seed="140465499" result="Passed" start-time="2022-05-15 22:53:11Z" end-time="2022-05-15 22:53:11Z" duration="0.000263" asserts="0">
                <properties>
                  <property name="Category" value="GDX.Tests" />
                </properties>
              </test-case>
              <test-case id="1243" name="RotateClockwise_MockDataOdd_ValuesRotated" fullname="GDX.Collections.Generic.Array2DTests.RotateClockwise_MockDataOdd_ValuesRotated" methodname="RotateClockwise_MockDataOdd_ValuesRotated" classname="GDX.Collections.Generic.Array2DTests" runstate="Runnable" seed="1265873241" result="Passed" start-time="2022-05-15 22:53:11Z" end-time="2022-05-15 22:53:11Z" duration="0.000392" asserts="0">
                <properties>
                  <property name="Category" value="GDX.Tests" />
                </properties>
              </test-case>
              <test-case id="1244" name="RotateCounterClockwise_MockDataOdd_ValuesRotated" fullname="GDX.Collections.Generic.Array2DTests.RotateCounterClockwise_MockDataOdd_ValuesRotated" methodname="RotateCounterClockwise_MockDataOdd_ValuesRotated" classname="GDX.Collections.Generic.Array2DTests" runstate="Runnable" seed="2015815437" result="Passed" start-time="2022-05-15 22:53:11Z" end-time="2022-05-15 22:53:11Z" duration="0.000386" asserts="0">
                <properties>
                  <property name="Category" value="GDX.Tests" />
                </properties>
              </test-case>
              <test-case id="1245" name="ToMultiDimensionalArray_MockData_MatchingValues" fullname="GDX.Collections.Generic.Array2DTests.ToMultiDimensionalArray_MockData_MatchingValues" methodname="ToMultiDimensionalArray_MockData_MatchingValues" classname="GDX.Collections.Generic.Array2DTests" runstate="Runnable" seed="2056110599" result="Passed" start-time="2022-05-15 22:53:11Z" end-time="2022-05-15 22:53:11Z" duration="0.000527" asserts="0">
                <properties>
                  <property name="Category" value="GDX.Tests" />
                </properties>
              </test-case>
            </test-suite>
            <test-suite type="TestFixture" id="1327" name="ArrayPoolTests" fullname="GDX.Collections.Generic.ArrayPoolTests" classname="GDX.Collections.Generic.ArrayPoolTests" runstate="Runnable" testcasecount="6" result="Passed" start-time="2022-05-15 22:53:11Z" end-time="2022-05-15 22:53:11Z" duration="0.009184" total="6" passed="6" failed="0" inconclusive="0" skipped="0" asserts="0">
              <properties />
              <test-case id="1328" name="Constructor_InitializeWithMinimumAndMaximum" fullname="GDX.Collections.Generic.ArrayPoolTests.Constructor_InitializeWithMinimumAndMaximum" methodname="Constructor_InitializeWithMinimumAndMaximum" classname="GDX.Collections.Generic.ArrayPoolTests" runstate="Runnable" seed="4666421" result="Passed" start-time="2022-05-15 22:53:11Z" end-time="2022-05-15 22:53:11Z" duration="0.000666" asserts="0">
                <properties>
                  <property name="Category" value="GDX.Tests" />
                </properties>
              </test-case>
              <test-case id="1331" name="GetArrayFromPool_NonPowerOfTwoRequested_ArrayExistsInPool" fullname="GDX.Collections.Generic.ArrayPoolTests.GetArrayFromPool_NonPowerOfTwoRequested_ArrayExistsInPool" methodname="GetArrayFromPool_NonPowerOfTwoRequested_ArrayExistsInPool" classname="GDX.Collections.Generic.ArrayPoolTests" runstate="Runnable" seed="1392690030" result="Passed" start-time="2022-05-15 22:53:11Z" end-time="2022-05-15 22:53:11Z" duration="0.000560" asserts="0">
                <properties>
                  <property name="Category" value="GDX.Tests" />
                </properties>
              </test-case>
              <test-case id="1329" name="GetArrayFromPool_PowerOfTwoRequested_ArrayExistsInPool" fullname="GDX.Collections.Generic.ArrayPoolTests.GetArrayFromPool_PowerOfTwoRequested_ArrayExistsInPool" methodname="GetArrayFromPool_PowerOfTwoRequested_ArrayExistsInPool" classname="GDX.Collections.Generic.ArrayPoolTests" runstate="Runnable" seed="730544118" result="Passed" start-time="2022-05-15 22:53:11Z" end-time="2022-05-15 22:53:11Z" duration="0.000461" asserts="0">
                <properties>
                  <property name="Category" value="GDX.Tests" />
                </properties>
              </test-case>
              <test-case id="1330" name="GetArrayFromPool_PowerOfTwoRequested_PoolIsEmpty" fullname="GDX.Collections.Generic.ArrayPoolTests.GetArrayFromPool_PowerOfTwoRequested_PoolIsEmpty" methodname="GetArrayFromPool_PowerOfTwoRequested_PoolIsEmpty" classname="GDX.Collections.Generic.ArrayPoolTests" runstate="Runnable" seed="926655325" result="Passed" start-time="2022-05-15 22:53:11Z" end-time="2022-05-15 22:53:11Z" duration="0.000323" asserts="0">
                <properties>
                  <property name="Category" value="GDX.Tests" />
                </properties>
              </test-case>
              <test-case id="1332" name="ReturnArrayToPool_MaximumNotReached" fullname="GDX.Collections.Generic.ArrayPoolTests.ReturnArrayToPool_MaximumNotReached" methodname="ReturnArrayToPool_MaximumNotReached" classname="GDX.Collections.Generic.ArrayPoolTests" runstate="Runnable" seed="1414557758" result="Passed" start-time="2022-05-15 22:53:11Z" end-time="2022-05-15 22:53:11Z" duration="0.000539" asserts="0">
                <properties>
                  <property name="Category" value="GDX.Tests" />
                </properties>
              </test-case>
              <test-case id="1333" name="ReturnArrayToPool_MaximumReached" fullname="GDX.Collections.Generic.ArrayPoolTests.ReturnArrayToPool_MaximumReached" methodname="ReturnArrayToPool_MaximumReached" classname="GDX.Collections.Generic.ArrayPoolTests" runstate="Runnable" seed="404165456" result="Passed" start-time="2022-05-15 22:53:11Z" end-time="2022-05-15 22:53:11Z" duration="0.000388" asserts="0">
                <properties>
                  <property name="Category" value="GDX.Tests" />
                </properties>
              </test-case>
            </test-suite>
            <test-suite type="TestFixture" id="1246" name="CircularBufferTests" fullname="GDX.Collections.Generic.CircularBufferTests" classname="GDX.Collections.Generic.CircularBufferTests" runstate="Runnable" testcasecount="22" result="Passed" start-time="2022-05-15 22:53:11Z" end-time="2022-05-15 22:53:11Z" duration="0.019479" total="22" passed="22" failed="0" inconclusive="0" skipped="0" asserts="0">
              <properties />
              <test-case id="1247" name="Add_MockData_Normal" fullname="GDX.Collections.Generic.CircularBufferTests.Add_MockData_Normal" methodname="Add_MockData_Normal" classname="GDX.Collections.Generic.CircularBufferTests" runstate="Runnable" seed="1380331167" result="Passed" start-time="2022-05-15 22:53:11Z" end-time="2022-05-15 22:53:11Z" duration="0.000635" asserts="0">
                <properties>
                  <property name="Category" value="GDX.Tests" />
                </properties>
              </test-case>
              <test-case id="1248" name="Add_MockData_Wrapped" fullname="GDX.Collections.Generic.CircularBufferTests.Add_MockData_Wrapped" methodname="Add_MockData_Wrapped" classname="GDX.Collections.Generic.CircularBufferTests" runstate="Runnable" seed="1960260370" result="Passed" start-time="2022-05-15 22:53:11Z" end-time="2022-05-15 22:53:11Z" duration="0.000251" asserts="0">
                <properties>
                  <property name="Category" value="GDX.Tests" />
                </properties>
              </test-case>
              <test-case id="1249" name="Clear_MockData_Empty" fullname="GDX.Collections.Generic.CircularBufferTests.Clear_MockData_Empty" methodname="Clear_MockData_Empty" classname="GDX.Collections.Generic.CircularBufferTests" runstate="Runnable" seed="901370927" result="Passed" start-time="2022-05-15 22:53:11Z" end-time="2022-05-15 22:53:11Z" duration="0.000324" asserts="0">
                <properties>
                  <property name="Category" value="GDX.Tests" />
                </properties>
              </test-case>
              <test-case id="1250" name="Get_MockData_First" fullname="GDX.Collections.Generic.CircularBufferTests.Get_MockData_First" methodname="Get_MockData_First" classname="GDX.Collections.Generic.CircularBufferTests" runstate="Runnable" seed="552047581" result="Passed" start-time="2022-05-15 22:53:11Z" end-time="2022-05-15 22:53:11Z" duration="0.000332" asserts="0">
                <properties>
                  <property name="Category" value="GDX.Tests" />
                </properties>
              </test-case>
              <test-case id="1251" name="Get_MockData_Last" fullname="GDX.Collections.Generic.CircularBufferTests.Get_MockData_Last" methodname="Get_MockData_Last" classname="GDX.Collections.Generic.CircularBufferTests" runstate="Runnable" seed="1961068568" result="Passed" start-time="2022-05-15 22:53:11Z" end-time="2022-05-15 22:53:11Z" duration="0.000231" asserts="0">
                <properties>
                  <property name="Category" value="GDX.Tests" />
                </properties>
              </test-case>
              <test-case id="1252" name="Get_MockData_Wrapped" fullname="GDX.Collections.Generic.CircularBufferTests.Get_MockData_Wrapped" methodname="Get_MockData_Wrapped" classname="GDX.Collections.Generic.CircularBufferTests" runstate="Runnable" seed="69230420" result="Passed" start-time="2022-05-15 22:53:11Z" end-time="2022-05-15 22:53:11Z" duration="0.000241" asserts="0">
                <properties>
                  <property name="Category" value="GDX.Tests" />
                </properties>
              </test-case>
              <test-case id="1253" name="GetBack_MockData_Valid" fullname="GDX.Collections.Generic.CircularBufferTests.GetBack_MockData_Valid" methodname="GetBack_MockData_Valid" classname="GDX.Collections.Generic.CircularBufferTests" runstate="Runnable" seed="1585318507" result="Passed" start-time="2022-05-15 22:53:11Z" end-time="2022-05-15 22:53:11Z" duration="0.000301" asserts="0">
                <properties>
                  <property name="Category" value="GDX.Tests" />
                </properties>
              </test-case>
              <test-case id="1254" name="GetFront_MockData_Valid" fullname="GDX.Collections.Generic.CircularBufferTests.GetFront_MockData_Valid" methodname="GetFront_MockData_Valid" classname="GDX.Collections.Generic.CircularBufferTests" runstate="Runnable" seed="463567187" result="Passed" start-time="2022-05-15 22:53:11Z" end-time="2022-05-15 22:53:11Z" duration="0.000274" asserts="0">
                <properties>
                  <property name="Category" value="GDX.Tests" />
                </properties>
              </test-case>
              <test-case id="1256" name="IsEmpty_MockData_ClearedEmpty" fullname="GDX.Collections.Generic.CircularBufferTests.IsEmpty_MockData_ClearedEmpty" methodname="IsEmpty_MockData_ClearedEmpty" classname="GDX.Collections.Generic.CircularBufferTests" runstate="Runnable" seed="1240303207" result="Passed" start-time="2022-05-15 22:53:11Z" end-time="2022-05-15 22:53:11Z" duration="0.000270" asserts="0">
                <properties>
                  <property name="Category" value="GDX.Tests" />
                </properties>
              </test-case>
              <test-case id="1255" name="IsEmpty_MockData_Empty" fullname="GDX.Collections.Generic.CircularBufferTests.IsEmpty_MockData_Empty" methodname="IsEmpty_MockData_Empty" classname="GDX.Collections.Generic.CircularBufferTests" runstate="Runnable" seed="855022278" result="Passed" start-time="2022-05-15 22:53:11Z" end-time="2022-05-15 22:53:11Z" duration="0.000185" asserts="0">
                <properties>
                  <property name="Category" value="GDX.Tests" />
                </properties>
              </test-case>
              <test-case id="1257" name="IsEmpty_MockData_NotEmpty" fullname="GDX.Collections.Generic.CircularBufferTests.IsEmpty_MockData_NotEmpty" methodname="IsEmpty_MockData_NotEmpty" classname="GDX.Collections.Generic.CircularBufferTests" runstate="Runnable" seed="2049084042" result="Passed" start-time="2022-05-15 22:53:11Z" end-time="2022-05-15 22:53:11Z" duration="0.000212" asserts="0">
                <properties>
                  <property name="Category" value="GDX.Tests" />
                </properties>
              </test-case>
              <test-case id="1258" name="IsFull_MockData_Full" fullname="GDX.Collections.Generic.CircularBufferTests.IsFull_MockData_Full" methodname="IsFull_MockData_Full" classname="GDX.Collections.Generic.CircularBufferTests" runstate="Runnable" seed="2072870819" result="Passed" start-time="2022-05-15 22:53:11Z" end-time="2022-05-15 22:53:11Z" duration="0.000261" asserts="0">
                <properties>
                  <property name="Category" value="GDX.Tests" />
                </properties>
              </test-case>
              <test-case id="1259" name="IsFull_MockData_NotFull" fullname="GDX.Collections.Generic.CircularBufferTests.IsFull_MockData_NotFull" methodname="IsFull_MockData_NotFull" classname="GDX.Collections.Generic.CircularBufferTests" runstate="Runnable" seed="86180427" result="Passed" start-time="2022-05-15 22:53:11Z" end-time="2022-05-15 22:53:11Z" duration="0.000198" asserts="0">
                <properties>
                  <property name="Category" value="GDX.Tests" />
                </properties>
              </test-case>
              <test-case id="1260" name="PopBack_MockData_GetValue" fullname="GDX.Collections.Generic.CircularBufferTests.PopBack_MockData_GetValue" methodname="PopBack_MockData_GetValue" classname="GDX.Collections.Generic.CircularBufferTests" runstate="Runnable" seed="1267753724" result="Passed" start-time="2022-05-15 22:53:11Z" end-time="2022-05-15 22:53:11Z" duration="0.000322" asserts="0">
                <properties>
                  <property name="Category" value="GDX.Tests" />
                </properties>
              </test-case>
              <test-case id="1261" name="PopFront_MockData_GetValue" fullname="GDX.Collections.Generic.CircularBufferTests.PopFront_MockData_GetValue" methodname="PopFront_MockData_GetValue" classname="GDX.Collections.Generic.CircularBufferTests" runstate="Runnable" seed="702891768" result="Passed" start-time="2022-05-15 22:53:11Z" end-time="2022-05-15 22:53:11Z" duration="0.000317" asserts="0">
                <properties>
                  <property name="Category" value="GDX.Tests" />
                </properties>
              </test-case>
              <test-case id="1262" name="PushBack_MockData_InjectedValue" fullname="GDX.Collections.Generic.CircularBufferTests.PushBack_MockData_InjectedValue" methodname="PushBack_MockData_InjectedValue" classname="GDX.Collections.Generic.CircularBufferTests" runstate="Runnable" seed="1893674874" result="Passed" start-time="2022-05-15 22:53:11Z" end-time="2022-05-15 22:53:11Z" duration="0.000223" asserts="0">
                <properties>
                  <property name="Category" value="GDX.Tests" />
                </properties>
              </test-case>
              <test-case id="1263" name="PushFront_MockData_InjectedValue" fullname="GDX.Collections.Generic.CircularBufferTests.PushFront_MockData_InjectedValue" methodname="PushFront_MockData_InjectedValue" classname="GDX.Collections.Generic.CircularBufferTests" runstate="Runnable" seed="1495012066" result="Passed" start-time="2022-05-15 22:53:11Z" end-time="2022-05-15 22:53:11Z" duration="0.000360" asserts="0">
                <properties>
                  <property name="Category" value="GDX.Tests" />
                </properties>
              </test-case>
              <test-case id="1264" name="Set_MockData_First" fullname="GDX.Collections.Generic.CircularBufferTests.Set_MockData_First" methodname="Set_MockData_First" classname="GDX.Collections.Generic.CircularBufferTests" runstate="Runnable" seed="697147442" result="Passed" start-time="2022-05-15 22:53:11Z" end-time="2022-05-15 22:53:11Z" duration="0.000296" asserts="0">
                <properties>
                  <property name="Category" value="GDX.Tests" />
                </properties>
              </test-case>
              <test-case id="1265" name="Set_MockData_Last" fullname="GDX.Collections.Generic.CircularBufferTests.Set_MockData_Last" methodname="Set_MockData_Last" classname="GDX.Collections.Generic.CircularBufferTests" runstate="Runnable" seed="647794646" result="Passed" start-time="2022-05-15 22:53:11Z" end-time="2022-05-15 22:53:11Z" duration="0.000215" asserts="0">
                <properties>
                  <property name="Category" value="GDX.Tests" />
                </properties>
              </test-case>
              <test-case id="1266" name="Set_MockData_Wrapped" fullname="GDX.Collections.Generic.CircularBufferTests.Set_MockData_Wrapped" methodname="Set_MockData_Wrapped" classname="GDX.Collections.Generic.CircularBufferTests" runstate="Runnable" seed="248996615" result="Passed" start-time="2022-05-15 22:53:11Z" end-time="2022-05-15 22:53:11Z" duration="0.000220" asserts="0">
                <properties>
                  <property name="Category" value="GDX.Tests" />
                </properties>
              </test-case>
              <test-case id="1267" name="ToArray_MockData_NonWrapped" fullname="GDX.Collections.Generic.CircularBufferTests.ToArray_MockData_NonWrapped" methodname="ToArray_MockData_NonWrapped" classname="GDX.Collections.Generic.CircularBufferTests" runstate="Runnable" seed="48066586" result="Passed" start-time="2022-05-15 22:53:11Z" end-time="2022-05-15 22:53:11Z" duration="0.000485" asserts="0">
                <properties>
                  <property name="Category" value="GDX.Tests" />
                </properties>
              </test-case>
              <test-case id="1268" name="ToArray_MockData_Wrapped" fullname="GDX.Collections.Generic.CircularBufferTests.ToArray_MockData_Wrapped" methodname="ToArray_MockData_Wrapped" classname="GDX.Collections.Generic.CircularBufferTests" runstate="Runnable" seed="1348192036" result="Passed" start-time="2022-05-15 22:53:11Z" end-time="2022-05-15 22:53:11Z" duration="0.000260" asserts="0">
                <properties>
                  <property name="Category" value="GDX.Tests" />
                </properties>
              </test-case>
            </test-suite>
            <test-suite type="TestFixture" id="1269" name="SerializableDictionaryTests" fullname="GDX.Collections.Generic.SerializableDictionaryTests" classname="GDX.Collections.Generic.SerializableDictionaryTests" runstate="Runnable" testcasecount="5" result="Passed" start-time="2022-05-15 22:53:11Z" end-time="2022-05-15 22:53:11Z" duration="0.008701" total="5" passed="5" failed="0" inconclusive="0" skipped="0" asserts="0">
              <properties />
              <test-case id="1270" name="IsSerializableType_SystemObject_ReturnsFalse" fullname="GDX.Collections.Generic.SerializableDictionaryTests.IsSerializableType_SystemObject_ReturnsFalse" methodname="IsSerializableType_SystemObject_ReturnsFalse" classname="GDX.Collections.Generic.SerializableDictionaryTests" runstate="Runnable" seed="2035553596" result="Passed" start-time="2022-05-15 22:53:11Z" end-time="2022-05-15 22:53:11Z" duration="0.000517" asserts="0">
                <properties>
                  <property name="Category" value="GDX.Tests" />
                </properties>
              </test-case>
              <test-case id="1272" name="IsSerializableType_UnityObject_ReturnsTrue" fullname="GDX.Collections.Generic.SerializableDictionaryTests.IsSerializableType_UnityObject_ReturnsTrue" methodname="IsSerializableType_UnityObject_ReturnsTrue" classname="GDX.Collections.Generic.SerializableDictionaryTests" runstate="Runnable" seed="417408569" result="Passed" start-time="2022-05-15 22:53:11Z" end-time="2022-05-15 22:53:11Z" duration="0.000247" asserts="0">
                <properties>
                  <property name="Category" value="GDX.Tests" />
                </properties>
              </test-case>
              <test-case id="1273" name="OverwriteSerializedData_MockData_PopulatesDictionary" fullname="GDX.Collections.Generic.SerializableDictionaryTests.OverwriteSerializedData_MockData_PopulatesDictionary" methodname="OverwriteSerializedData_MockData_PopulatesDictionary" classname="GDX.Collections.Generic.SerializableDictionaryTests" runstate="Runnable" seed="821910548" result="Passed" start-time="2022-05-15 22:53:11Z" end-time="2022-05-15 22:53:11Z" duration="0.001346" asserts="0">
                <properties>
                  <property name="Category" value="GDX.Tests" />
                </properties>
              </test-case>
              <test-case id="1271" name="SaveSerializedData_MockData_ReturnsSerializedDataLength" fullname="GDX.Collections.Generic.SerializableDictionaryTests.SaveSerializedData_MockData_ReturnsSerializedDataLength" methodname="SaveSerializedData_MockData_ReturnsSerializedDataLength" classname="GDX.Collections.Generic.SerializableDictionaryTests" runstate="Runnable" seed="734516842" result="Passed" start-time="2022-05-15 22:53:11Z" end-time="2022-05-15 22:53:11Z" duration="0.000953" asserts="0">
                <properties>
                  <property name="Category" value="GDX.Tests" />
                </properties>
              </test-case>
              <test-case id="1274" name="SaveSerializedData_NoData_ReturnsZeroSerializedDataLength" fullname="GDX.Collections.Generic.SerializableDictionaryTests.SaveSerializedData_NoData_ReturnsZeroSerializedDataLength" methodname="SaveSerializedData_NoData_ReturnsZeroSerializedDataLength" classname="GDX.Collections.Generic.SerializableDictionaryTests" runstate="Runnable" seed="102822649" result="Passed" start-time="2022-05-15 22:53:11Z" end-time="2022-05-15 22:53:11Z" duration="0.000193" asserts="0">
                <properties>
                  <property name="Category" value="GDX.Tests" />
                </properties>
              </test-case>
            </test-suite>
            <test-suite type="TestFixture" id="1275" name="SimpleListTests" fullname="GDX.Collections.Generic.SimpleListTests" classname="GDX.Collections.Generic.SimpleListTests" runstate="Runnable" testcasecount="23" result="Passed" start-time="2022-05-15 22:53:11Z" end-time="2022-05-15 22:53:11Z" duration="0.026453" total="23" passed="23" failed="0" inconclusive="0" skipped="0" asserts="0">
              <properties />
              <test-case id="1286" name="AddExpandClearBoth_MockDataWithExpansion_ValueAdded" fullname="GDX.Collections.Generic.SimpleListTests.AddExpandClearBoth_MockDataWithExpansion_ValueAdded" methodname="AddExpandClearBoth_MockDataWithExpansion_ValueAdded" classname="GDX.Collections.Generic.SimpleListTests" runstate="Runnable" seed="573571316" result="Passed" start-time="2022-05-15 22:53:11Z" end-time="2022-05-15 22:53:11Z" duration="0.001288" asserts="0">
                <properties>
                  <property name="Category" value="GDX.Tests" />
                </properties>
              </test-case>
              <test-case id="1285" name="AddExpandClearNew_MockDataWithExpansion_ValueAdded" fullname="GDX.Collections.Generic.SimpleListTests.AddExpandClearNew_MockDataWithExpansion_ValueAdded" methodname="AddExpandClearNew_MockDataWithExpansion_ValueAdded" classname="GDX.Collections.Generic.SimpleListTests" runstate="Runnable" seed="1745365267" result="Passed" start-time="2022-05-15 22:53:11Z" end-time="2022-05-15 22:53:11Z" duration="0.000534" asserts="0">
                <properties>
                  <property name="Category" value="GDX.Tests" />
                </properties>
              </test-case>
              <test-case id="1284" name="AddExpandClearOld_MockDataWithExpansion_ValueAdded" fullname="GDX.Collections.Generic.SimpleListTests.AddExpandClearOld_MockDataWithExpansion_ValueAdded" methodname="AddExpandClearOld_MockDataWithExpansion_ValueAdded" classname="GDX.Collections.Generic.SimpleListTests" runstate="Runnable" seed="1819522479" result="Passed" start-time="2022-05-15 22:53:11Z" end-time="2022-05-15 22:53:11Z" duration="0.000541" asserts="0">
                <properties>
                  <property name="Category" value="GDX.Tests" />
                </properties>
              </test-case>
              <test-case id="1283" name="AddExpandNoClear_MockDataWithExpansion_ValueAdded" fullname="GDX.Collections.Generic.SimpleListTests.AddExpandNoClear_MockDataWithExpansion_ValueAdded" methodname="AddExpandNoClear_MockDataWithExpansion_ValueAdded" classname="GDX.Collections.Generic.SimpleListTests" runstate="Runnable" seed="763911706" result="Passed" start-time="2022-05-15 22:53:11Z" end-time="2022-05-15 22:53:11Z" duration="0.000525" asserts="0">
                <properties>
                  <property name="Category" value="GDX.Tests" />
                </properties>
              </test-case>
              <test-case id="1279" name="AddUnchecked_MockData_ValueAdded" fullname="GDX.Collections.Generic.SimpleListTests.AddUnchecked_MockData_ValueAdded" methodname="AddUnchecked_MockData_ValueAdded" classname="GDX.Collections.Generic.SimpleListTests" runstate="Runnable" seed="1770214693" result="Passed" start-time="2022-05-15 22:53:11Z" end-time="2022-05-15 22:53:11Z" duration="0.000403" asserts="0">
                <properties>
                  <property name="Category" value="GDX.Tests" />
                </properties>
              </test-case>
              <test-case id="1280" name="AddUnchecked_MockDataOverflow_ThrowsException" fullname="GDX.Collections.Generic.SimpleListTests.AddUnchecked_MockDataOverflow_ThrowsException" methodname="AddUnchecked_MockDataOverflow_ThrowsException" classname="GDX.Collections.Generic.SimpleListTests" runstate="Runnable" seed="1085536639" result="Passed" start-time="2022-05-15 22:53:11Z" end-time="2022-05-15 22:53:11Z" duration="0.004414" asserts="0">
                <properties>
                  <property name="Category" value="GDX.Tests" />
                </properties>
              </test-case>
              <test-case id="1281" name="AddWithExpandCheck_MockData_ValueAdded" fullname="GDX.Collections.Generic.SimpleListTests.AddWithExpandCheck_MockData_ValueAdded" methodname="AddWithExpandCheck_MockData_ValueAdded" classname="GDX.Collections.Generic.SimpleListTests" runstate="Runnable" seed="82764583" result="Passed" start-time="2022-05-15 22:53:11Z" end-time="2022-05-15 22:53:11Z" duration="0.000487" asserts="0">
                <properties>
                  <property name="Category" value="GDX.Tests" />
                </properties>
              </test-case>
              <test-case id="1282" name="AddWithExpandCheck_MockDataWithExpansion_ValueAdded" fullname="GDX.Collections.Generic.SimpleListTests.AddWithExpandCheck_MockDataWithExpansion_ValueAdded" methodname="AddWithExpandCheck_MockDataWithExpansion_ValueAdded" classname="GDX.Collections.Generic.SimpleListTests" runstate="Runnable" seed="1316452226" result="Passed" start-time="2022-05-15 22:53:11Z" end-time="2022-05-15 22:53:11Z" duration="0.000376" asserts="0">
                <properties>
                  <property name="Category" value="GDX.Tests" />
                </properties>
              </test-case>
              <test-case id="1287" name="Clear_MockData_DataCleared" fullname="GDX.Collections.Generic.SimpleListTests.Clear_MockData_DataCleared" methodname="Clear_MockData_DataCleared" classname="GDX.Collections.Generic.SimpleListTests" runstate="Runnable" seed="1205992892" result="Passed" start-time="2022-05-15 22:53:11Z" end-time="2022-05-15 22:53:11Z" duration="0.000285" asserts="0">
                <properties>
                  <property name="Category" value="GDX.Tests" />
                </properties>
              </test-case>
              <test-case id="1276" name="Constructor_CreateWithCount" fullname="GDX.Collections.Generic.SimpleListTests.Constructor_CreateWithCount" methodname="Constructor_CreateWithCount" classname="GDX.Collections.Generic.SimpleListTests" runstate="Runnable" seed="1995667941" result="Passed" start-time="2022-05-15 22:53:11Z" end-time="2022-05-15 22:53:11Z" duration="0.000200" asserts="0">
                <properties>
                  <property name="Category" value="GDX.Tests" />
                </properties>
              </test-case>
              <test-case id="1277" name="Constructor_CreateWithExisting_FillsList" fullname="GDX.Collections.Generic.SimpleListTests.Constructor_CreateWithExisting_FillsList" methodname="Constructor_CreateWithExisting_FillsList" classname="GDX.Collections.Generic.SimpleListTests" runstate="Runnable" seed="1790910327" result="Passed" start-time="2022-05-15 22:53:11Z" end-time="2022-05-15 22:53:11Z" duration="0.000263" asserts="0">
                <properties>
                  <property name="Category" value="GDX.Tests" />
                </properties>
              </test-case>
              <test-case id="1278" name="Constructor_CreateWithExistingNoCount_FillsListNoCount" fullname="GDX.Collections.Generic.SimpleListTests.Constructor_CreateWithExistingNoCount_FillsListNoCount" methodname="Constructor_CreateWithExistingNoCount_FillsListNoCount" classname="GDX.Collections.Generic.SimpleListTests" runstate="Runnable" seed="1964612833" result="Passed" start-time="2022-05-15 22:53:11Z" end-time="2022-05-15 22:53:11Z" duration="0.000251" asserts="0">
                <properties>
                  <property name="Category" value="GDX.Tests" />
                </properties>
              </test-case>
              <test-case id="1288" name="Insert_MockDataAtEnd_ValueAdded" fullname="GDX.Collections.Generic.SimpleListTests.Insert_MockDataAtEnd_ValueAdded" methodname="Insert_MockDataAtEnd_ValueAdded" classname="GDX.Collections.Generic.SimpleListTests" runstate="Runnable" seed="349542837" result="Passed" start-time="2022-05-15 22:53:11Z" end-time="2022-05-15 22:53:11Z" duration="0.000316" asserts="0">
                <properties>
                  <property name="Category" value="GDX.Tests" />
                </properties>
              </test-case>
              <test-case id="1289" name="Insert_MockDataAtStart_ValueAdded" fullname="GDX.Collections.Generic.SimpleListTests.Insert_MockDataAtStart_ValueAdded" methodname="Insert_MockDataAtStart_ValueAdded" classname="GDX.Collections.Generic.SimpleListTests" runstate="Runnable" seed="1127156721" result="Passed" start-time="2022-05-15 22:53:11Z" end-time="2022-05-15 22:53:11Z" duration="0.000205" asserts="0">
                <properties>
                  <property name="Category" value="GDX.Tests" />
                </properties>
              </test-case>
              <test-case id="1290" name="Insert_MockDataInMiddle_ValueAdded" fullname="GDX.Collections.Generic.SimpleListTests.Insert_MockDataInMiddle_ValueAdded" methodname="Insert_MockDataInMiddle_ValueAdded" classname="GDX.Collections.Generic.SimpleListTests" runstate="Runnable" seed="630271680" result="Passed" start-time="2022-05-15 22:53:11Z" end-time="2022-05-15 22:53:11Z" duration="0.000202" asserts="0">
                <properties>
                  <property name="Category" value="GDX.Tests" />
                </properties>
              </test-case>
              <test-case id="1291" name="RemoveAt_MockDataAtEnd_ValueRemoved" fullname="GDX.Collections.Generic.SimpleListTests.RemoveAt_MockDataAtEnd_ValueRemoved" methodname="RemoveAt_MockDataAtEnd_ValueRemoved" classname="GDX.Collections.Generic.SimpleListTests" runstate="Runnable" seed="997398333" result="Passed" start-time="2022-05-15 22:53:11Z" end-time="2022-05-15 22:53:11Z" duration="0.000349" asserts="0">
                <properties>
                  <property name="Category" value="GDX.Tests" />
                </properties>
              </test-case>
              <test-case id="1292" name="RemoveAt_MockDataAtStart_ValueRemoved" fullname="GDX.Collections.Generic.SimpleListTests.RemoveAt_MockDataAtStart_ValueRemoved" methodname="RemoveAt_MockDataAtStart_ValueRemoved" classname="GDX.Collections.Generic.SimpleListTests" runstate="Runnable" seed="785256376" result="Passed" start-time="2022-05-15 22:53:11Z" end-time="2022-05-15 22:53:11Z" duration="0.000215" asserts="0">
                <properties>
                  <property name="Category" value="GDX.Tests" />
                </properties>
              </test-case>
              <test-case id="1293" name="RemoveAt_MockDataInMiddle_ValueRemoved" fullname="GDX.Collections.Generic.SimpleListTests.RemoveAt_MockDataInMiddle_ValueRemoved" methodname="RemoveAt_MockDataInMiddle_ValueRemoved" classname="GDX.Collections.Generic.SimpleListTests" runstate="Runnable" seed="121121786" result="Passed" start-time="2022-05-15 22:53:11Z" end-time="2022-05-15 22:53:11Z" duration="0.000211" asserts="0">
                <properties>
                  <property name="Category" value="GDX.Tests" />
                </properties>
              </test-case>
              <test-case id="1294" name="RemoveFromBack_MockData_ValueRemoved" fullname="GDX.Collections.Generic.SimpleListTests.RemoveFromBack_MockData_ValueRemoved" methodname="RemoveFromBack_MockData_ValueRemoved" classname="GDX.Collections.Generic.SimpleListTests" runstate="Runnable" seed="1411717549" result="Passed" start-time="2022-05-15 22:53:11Z" end-time="2022-05-15 22:53:11Z" duration="0.000272" asserts="0">
                <properties>
                  <property name="Category" value="GDX.Tests" />
                </properties>
              </test-case>
              <test-case id="1295" name="Reserve_MockData_ArrayExpanded" fullname="GDX.Collections.Generic.SimpleListTests.Reserve_MockData_ArrayExpanded" methodname="Reserve_MockData_ArrayExpanded" classname="GDX.Collections.Generic.SimpleListTests" runstate="Runnable" seed="1789150826" result="Passed" start-time="2022-05-15 22:53:11Z" end-time="2022-05-15 22:53:11Z" duration="0.000265" asserts="0">
                <properties>
                  <property name="Category" value="GDX.Tests" />
                </properties>
              </test-case>
              <test-case id="1296" name="Reverse_MockDataEven_ArrayReversed" fullname="GDX.Collections.Generic.SimpleListTests.Reverse_MockDataEven_ArrayReversed" methodname="Reverse_MockDataEven_ArrayReversed" classname="GDX.Collections.Generic.SimpleListTests" runstate="Runnable" seed="1827457569" result="Passed" start-time="2022-05-15 22:53:11Z" end-time="2022-05-15 22:53:11Z" duration="0.000486" asserts="0">
                <properties>
                  <property name="Category" value="GDX.Tests" />
                </properties>
              </test-case>
              <test-case id="1297" name="Reverse_MockDataOdd_ArrayReversed" fullname="GDX.Collections.Generic.SimpleListTests.Reverse_MockDataOdd_ArrayReversed" methodname="Reverse_MockDataOdd_ArrayReversed" classname="GDX.Collections.Generic.SimpleListTests" runstate="Runnable" seed="602694306" result="Passed" start-time="2022-05-15 22:53:11Z" end-time="2022-05-15 22:53:11Z" duration="0.000241" asserts="0">
                <properties>
                  <property name="Category" value="GDX.Tests" />
                </properties>
              </test-case>
              <test-case id="1298" name="Reverse_MockDataOddLimited_ArrayReversed" fullname="GDX.Collections.Generic.SimpleListTests.Reverse_MockDataOddLimited_ArrayReversed" methodname="Reverse_MockDataOddLimited_ArrayReversed" classname="GDX.Collections.Generic.SimpleListTests" runstate="Runnable" seed="1299892026" result="Passed" start-time="2022-05-15 22:53:11Z" end-time="2022-05-15 22:53:11Z" duration="0.000274" asserts="0">
                <properties>
                  <property name="Category" value="GDX.Tests" />
                </properties>
              </test-case>
            </test-suite>
            <test-suite type="TestFixture" id="1299" name="StringKeyDictionaryTests" fullname="GDX.Collections.Generic.StringKeyDictionaryTests" classname="GDX.Collections.Generic.StringKeyDictionaryTests" runstate="Runnable" testcasecount="27" result="Passed" start-time="2022-05-15 22:53:11Z" end-time="2022-05-15 22:53:11Z" duration="0.027992" total="27" passed="27" failed="0" inconclusive="0" skipped="0" asserts="0">
              <properties />
              <test-case id="1309" name="AddSafe_CheckEntriesMaintainConnection" fullname="GDX.Collections.Generic.StringKeyDictionaryTests.AddSafe_CheckEntriesMaintainConnection" methodname="AddSafe_CheckEntriesMaintainConnection" classname="GDX.Collections.Generic.StringKeyDictionaryTests" runstate="Runnable" seed="571008694" result="Passed" start-time="2022-05-15 22:53:11Z" end-time="2022-05-15 22:53:11Z" duration="0.001857" asserts="0">
                <properties>
                  <property name="Category" value="GDX.Tests" />
                </properties>
              </test-case>
              <test-case id="1303" name="AddSafe_CheckExists" fullname="GDX.Collections.Generic.StringKeyDictionaryTests.AddSafe_CheckExists" methodname="AddSafe_CheckExists" classname="GDX.Collections.Generic.StringKeyDictionaryTests" runstate="Runnable" seed="1229780742" result="Passed" start-time="2022-05-15 22:53:11Z" end-time="2022-05-15 22:53:11Z" duration="0.000455" asserts="0">
                <properties>
                  <property name="Category" value="GDX.Tests" />
                </properties>
              </test-case>
              <test-case id="1308" name="AddSafe_CheckExpanded" fullname="GDX.Collections.Generic.StringKeyDictionaryTests.AddSafe_CheckExpanded" methodname="AddSafe_CheckExpanded" classname="GDX.Collections.Generic.StringKeyDictionaryTests" runstate="Runnable" seed="1933392052" result="Passed" start-time="2022-05-15 22:53:11Z" end-time="2022-05-15 22:53:11Z" duration="0.000315" asserts="0">
                <properties>
                  <property name="Category" value="GDX.Tests" />
                </properties>
              </test-case>
              <test-case id="1320" name="AddTwoCollidingEntries_CheckAccess" fullname="GDX.Collections.Generic.StringKeyDictionaryTests.AddTwoCollidingEntries_CheckAccess" methodname="AddTwoCollidingEntries_CheckAccess" classname="GDX.Collections.Generic.StringKeyDictionaryTests" runstate="Runnable" seed="1495082864" result="Passed" start-time="2022-05-15 22:53:11Z" end-time="2022-05-15 22:53:11Z" duration="0.000588" asserts="0">
                <properties>
                  <property name="Category" value="GDX.Tests" />
                </properties>
              </test-case>
              <test-case id="1321" name="AddTwoCollidingEntries_RemoveFirst_CheckSecondExists" fullname="GDX.Collections.Generic.StringKeyDictionaryTests.AddTwoCollidingEntries_RemoveFirst_CheckSecondExists" methodname="AddTwoCollidingEntries_RemoveFirst_CheckSecondExists" classname="GDX.Collections.Generic.StringKeyDictionaryTests" runstate="Runnable" seed="1293162555" result="Passed" start-time="2022-05-15 22:53:11Z" end-time="2022-05-15 22:53:11Z" duration="0.000586" asserts="0">
                <properties>
                  <property name="Category" value="GDX.Tests" />
                </properties>
              </test-case>
              <test-case id="1322" name="AddTwoCollidingEntries_RemoveSecond_CheckFirstExists" fullname="GDX.Collections.Generic.StringKeyDictionaryTests.AddTwoCollidingEntries_RemoveSecond_CheckFirstExists" methodname="AddTwoCollidingEntries_RemoveSecond_CheckFirstExists" classname="GDX.Collections.Generic.StringKeyDictionaryTests" runstate="Runnable" seed="907650659" result="Passed" start-time="2022-05-15 22:53:11Z" end-time="2022-05-15 22:53:11Z" duration="0.000285" asserts="0">
                <properties>
                  <property name="Category" value="GDX.Tests" />
                </properties>
              </test-case>
              <test-case id="1313" name="AddUnchecked_CheckExists" fullname="GDX.Collections.Generic.StringKeyDictionaryTests.AddUnchecked_CheckExists" methodname="AddUnchecked_CheckExists" classname="GDX.Collections.Generic.StringKeyDictionaryTests" runstate="Runnable" seed="875641157" result="Passed" start-time="2022-05-15 22:53:11Z" end-time="2022-05-15 22:53:11Z" duration="0.000231" asserts="0">
                <properties>
                  <property name="Category" value="GDX.Tests" />
                </properties>
              </test-case>
              <test-case id="1307" name="AddWithExpandCheck_CheckEntriesMaintainConnection" fullname="GDX.Collections.Generic.StringKeyDictionaryTests.AddWithExpandCheck_CheckEntriesMaintainConnection" methodname="AddWithExpandCheck_CheckEntriesMaintainConnection" classname="GDX.Collections.Generic.StringKeyDictionaryTests" runstate="Runnable" seed="343092561" result="Passed" start-time="2022-05-15 22:53:11Z" end-time="2022-05-15 22:53:11Z" duration="0.000599" asserts="0">
                <properties>
                  <property name="Category" value="GDX.Tests" />
                </properties>
              </test-case>
              <test-case id="1305" name="AddWithExpandCheck_CheckExists" fullname="GDX.Collections.Generic.StringKeyDictionaryTests.AddWithExpandCheck_CheckExists" methodname="AddWithExpandCheck_CheckExists" classname="GDX.Collections.Generic.StringKeyDictionaryTests" runstate="Runnable" seed="162224773" result="Passed" start-time="2022-05-15 22:53:11Z" end-time="2022-05-15 22:53:11Z" duration="0.000206" asserts="0">
                <properties>
                  <property name="Category" value="GDX.Tests" />
                </properties>
              </test-case>
              <test-case id="1306" name="AddWithExpandCheck_CheckExpanded" fullname="GDX.Collections.Generic.StringKeyDictionaryTests.AddWithExpandCheck_CheckExpanded" methodname="AddWithExpandCheck_CheckExpanded" classname="GDX.Collections.Generic.StringKeyDictionaryTests" runstate="Runnable" seed="305292814" result="Passed" start-time="2022-05-15 22:53:11Z" end-time="2022-05-15 22:53:11Z" duration="0.000285" asserts="0">
                <properties>
                  <property name="Category" value="GDX.Tests" />
                </properties>
              </test-case>
              <test-case id="1311" name="AddWithIndexer_CheckEntriesMaintainConnection" fullname="GDX.Collections.Generic.StringKeyDictionaryTests.AddWithIndexer_CheckEntriesMaintainConnection" methodname="AddWithIndexer_CheckEntriesMaintainConnection" classname="GDX.Collections.Generic.StringKeyDictionaryTests" runstate="Runnable" seed="1785151992" result="Passed" start-time="2022-05-15 22:53:11Z" end-time="2022-05-15 22:53:11Z" duration="0.000639" asserts="0">
                <properties>
                  <property name="Category" value="GDX.Tests" />
                </properties>
              </test-case>
              <test-case id="1310" name="AddWithIndexer_CheckExpanded" fullname="GDX.Collections.Generic.StringKeyDictionaryTests.AddWithIndexer_CheckExpanded" methodname="AddWithIndexer_CheckExpanded" classname="GDX.Collections.Generic.StringKeyDictionaryTests" runstate="Runnable" seed="2014451881" result="Passed" start-time="2022-05-15 22:53:11Z" end-time="2022-05-15 22:53:11Z" duration="0.000282" asserts="0">
                <properties>
                  <property name="Category" value="GDX.Tests" />
                </properties>
              </test-case>
              <test-case id="1312" name="AddWithUniqueCheck_CheckExists" fullname="GDX.Collections.Generic.StringKeyDictionaryTests.AddWithUniqueCheck_CheckExists" methodname="AddWithUniqueCheck_CheckExists" classname="GDX.Collections.Generic.StringKeyDictionaryTests" runstate="Runnable" seed="20669563" result="Passed" start-time="2022-05-15 22:53:11Z" end-time="2022-05-15 22:53:11Z" duration="0.000384" asserts="0">
                <properties>
                  <property name="Category" value="GDX.Tests" />
                </properties>
              </test-case>
              <test-case id="1316" name="AddWithUniqueCheckTwice_CheckAddedOnlyOnce" fullname="GDX.Collections.Generic.StringKeyDictionaryTests.AddWithUniqueCheckTwice_CheckAddedOnlyOnce" methodname="AddWithUniqueCheckTwice_CheckAddedOnlyOnce" classname="GDX.Collections.Generic.StringKeyDictionaryTests" runstate="Runnable" seed="1924565841" result="Passed" start-time="2022-05-15 22:53:11Z" end-time="2022-05-15 22:53:11Z" duration="0.000380" asserts="0">
                <properties>
                  <property name="Category" value="GDX.Tests" />
                </properties>
              </test-case>
              <test-case id="1302" name="Constructor_RequestBelowPrimeMinimum_PrimeCapacity" fullname="GDX.Collections.Generic.StringKeyDictionaryTests.Constructor_RequestBelowPrimeMinimum_PrimeCapacity" methodname="Constructor_RequestBelowPrimeMinimum_PrimeCapacity" classname="GDX.Collections.Generic.StringKeyDictionaryTests" runstate="Runnable" seed="365597247" result="Passed" start-time="2022-05-15 22:53:11Z" end-time="2022-05-15 22:53:11Z" duration="0.000256" asserts="0">
                <properties>
                  <property name="Category" value="GDX.Tests" />
                </properties>
              </test-case>
              <test-case id="1301" name="Constructor_RequestPrimeMinimum_PrimeCapacity" fullname="GDX.Collections.Generic.StringKeyDictionaryTests.Constructor_RequestPrimeMinimum_PrimeCapacity" methodname="Constructor_RequestPrimeMinimum_PrimeCapacity" classname="GDX.Collections.Generic.StringKeyDictionaryTests" runstate="Runnable" seed="1199055692" result="Passed" start-time="2022-05-15 22:53:11Z" end-time="2022-05-15 22:53:11Z" duration="0.000184" asserts="0">
                <properties>
                  <property name="Category" value="GDX.Tests" />
                </properties>
              </test-case>
              <test-case id="1300" name="Constructor_RequestZeroMinimum_PrimeCapacity" fullname="GDX.Collections.Generic.StringKeyDictionaryTests.Constructor_RequestZeroMinimum_PrimeCapacity" methodname="Constructor_RequestZeroMinimum_PrimeCapacity" classname="GDX.Collections.Generic.StringKeyDictionaryTests" runstate="Runnable" seed="530025830" result="Passed" start-time="2022-05-15 22:53:11Z" end-time="2022-05-15 22:53:11Z" duration="0.000202" asserts="0">
                <properties>
                  <property name="Category" value="GDX.Tests" />
                </properties>
              </test-case>
              <test-case id="1304" name="IndexerAdd_CheckExists" fullname="GDX.Collections.Generic.StringKeyDictionaryTests.IndexerAdd_CheckExists" methodname="IndexerAdd_CheckExists" classname="GDX.Collections.Generic.StringKeyDictionaryTests" runstate="Runnable" seed="467461563" result="Passed" start-time="2022-05-15 22:53:11Z" end-time="2022-05-15 22:53:11Z" duration="0.000206" asserts="0">
                <properties>
                  <property name="Category" value="GDX.Tests" />
                </properties>
              </test-case>
              <test-case id="1318" name="IndexOf_CheckCorrectIndex" fullname="GDX.Collections.Generic.StringKeyDictionaryTests.IndexOf_CheckCorrectIndex" methodname="IndexOf_CheckCorrectIndex" classname="GDX.Collections.Generic.StringKeyDictionaryTests" runstate="Runnable" seed="1463790688" result="Passed" start-time="2022-05-15 22:53:11Z" end-time="2022-05-15 22:53:11Z" duration="0.000278" asserts="0">
                <properties>
                  <property name="Category" value="GDX.Tests" />
                </properties>
              </test-case>
              <test-case id="1319" name="IndexOf_CheckEntryDoesNotExist" fullname="GDX.Collections.Generic.StringKeyDictionaryTests.IndexOf_CheckEntryDoesNotExist" methodname="IndexOf_CheckEntryDoesNotExist" classname="GDX.Collections.Generic.StringKeyDictionaryTests" runstate="Runnable" seed="1771119708" result="Passed" start-time="2022-05-15 22:53:11Z" end-time="2022-05-15 22:53:11Z" duration="0.000191" asserts="0">
                <properties>
                  <property name="Category" value="GDX.Tests" />
                </properties>
              </test-case>
              <test-case id="1323" name="MoveNext_FindAllEntries" fullname="GDX.Collections.Generic.StringKeyDictionaryTests.MoveNext_FindAllEntries" methodname="MoveNext_FindAllEntries" classname="GDX.Collections.Generic.StringKeyDictionaryTests" runstate="Runnable" seed="1787893107" result="Passed" start-time="2022-05-15 22:53:11Z" end-time="2022-05-15 22:53:11Z" duration="0.000472" asserts="0">
                <properties>
                  <property name="Category" value="GDX.Tests" />
                </properties>
              </test-case>
              <test-case id="1325" name="MoveNextWithVersion_CheckEarlyOutFromInvalidation" fullname="GDX.Collections.Generic.StringKeyDictionaryTests.MoveNextWithVersion_CheckEarlyOutFromInvalidation" methodname="MoveNextWithVersion_CheckEarlyOutFromInvalidation" classname="GDX.Collections.Generic.StringKeyDictionaryTests" runstate="Runnable" seed="1577089041" result="Passed" start-time="2022-05-15 22:53:11Z" end-time="2022-05-15 22:53:11Z" duration="0.000470" asserts="0">
                <properties>
                  <property name="Category" value="GDX.Tests" />
                </properties>
              </test-case>
              <test-case id="1324" name="MoveNextWithVersion_FindAllEntries" fullname="GDX.Collections.Generic.StringKeyDictionaryTests.MoveNextWithVersion_FindAllEntries" methodname="MoveNextWithVersion_FindAllEntries" classname="GDX.Collections.Generic.StringKeyDictionaryTests" runstate="Runnable" seed="27356877" result="Passed" start-time="2022-05-15 22:53:11Z" end-time="2022-05-15 22:53:11Z" duration="0.000374" asserts="0">
                <properties>
                  <property name="Category" value="GDX.Tests" />
                </properties>
              </test-case>
              <test-case id="1317" name="Reserve_CheckExpandedCapacity" fullname="GDX.Collections.Generic.StringKeyDictionaryTests.Reserve_CheckExpandedCapacity" methodname="Reserve_CheckExpandedCapacity" classname="GDX.Collections.Generic.StringKeyDictionaryTests" runstate="Runnable" seed="2038285496" result="Passed" start-time="2022-05-15 22:53:11Z" end-time="2022-05-15 22:53:11Z" duration="0.000513" asserts="0">
                <properties>
                  <property name="Category" value="GDX.Tests" />
                </properties>
              </test-case>
              <test-case id="1326" name="TryGetValue" fullname="GDX.Collections.Generic.StringKeyDictionaryTests.TryGetValue" methodname="TryGetValue" classname="GDX.Collections.Generic.StringKeyDictionaryTests" runstate="Runnable" seed="1996225705" result="Passed" start-time="2022-05-15 22:53:11Z" end-time="2022-05-15 22:53:11Z" duration="0.000733" asserts="0">
                <properties>
                  <property name="Category" value="GDX.Tests" />
                </properties>
              </test-case>
              <test-case id="1314" name="TryRemove_CheckActuallyRemoved" fullname="GDX.Collections.Generic.StringKeyDictionaryTests.TryRemove_CheckActuallyRemoved" methodname="TryRemove_CheckActuallyRemoved" classname="GDX.Collections.Generic.StringKeyDictionaryTests" runstate="Runnable" seed="895682035" result="Passed" start-time="2022-05-15 22:53:11Z" end-time="2022-05-15 22:53:11Z" duration="0.000299" asserts="0">
                <properties>
                  <property name="Category" value="GDX.Tests" />
                </properties>
              </test-case>
              <test-case id="1315" name="TryRemoveTwice_CheckCorrectReturnValues" fullname="GDX.Collections.Generic.StringKeyDictionaryTests.TryRemoveTwice_CheckCorrectReturnValues" methodname="TryRemoveTwice_CheckCorrectReturnValues" classname="GDX.Collections.Generic.StringKeyDictionaryTests" runstate="Runnable" seed="1683926330" result="Passed" start-time="2022-05-15 22:53:11Z" end-time="2022-05-15 22:53:11Z" duration="0.000221" asserts="0">
                <properties>
                  <property name="Category" value="GDX.Tests" />
                </properties>
              </test-case>
            </test-suite>
          </test-suite>
          <test-suite type="TestSuite" id="1347" name="Pooling" fullname="GDX.Collections.Pooling" runstate="Runnable" testcasecount="14" result="Passed" start-time="2022-05-15 22:53:11Z" end-time="2022-05-15 22:53:11Z" duration="0.035327" total="14" passed="14" failed="0" inconclusive="0" skipped="0" asserts="0">
            <properties />
            <test-suite type="TestFixture" id="1219" name="GameObjectPoolTests" fullname="GDX.Collections.Pooling.GameObjectPoolTests" classname="GDX.Collections.Pooling.GameObjectPoolTests" runstate="Runnable" testcasecount="14" result="Passed" start-time="2022-05-15 22:53:11Z" end-time="2022-05-15 22:53:11Z" duration="0.031870" total="14" passed="14" failed="0" inconclusive="0" skipped="0" asserts="0">
              <properties />
              <test-case id="1222" name="Get_MockData_DontTrigger" fullname="GDX.Collections.Pooling.GameObjectPoolTests.Get_MockData_DontTrigger" methodname="Get_MockData_DontTrigger" classname="GDX.Collections.Pooling.GameObjectPoolTests" runstate="Runnable" seed="874737693" result="Passed" start-time="2022-05-15 22:53:11Z" end-time="2022-05-15 22:53:11Z" duration="0.009654" asserts="0">
                <properties>
                  <property name="Category" value="GDX.Tests" />
                </properties>
              </test-case>
              <test-case id="1224" name="Get_MockData_LocalPositionLocalRotationParented" fullname="GDX.Collections.Pooling.GameObjectPoolTests.Get_MockData_LocalPositionLocalRotationParented" methodname="Get_MockData_LocalPositionLocalRotationParented" classname="GDX.Collections.Pooling.GameObjectPoolTests" runstate="Runnable" seed="1742091595" result="Passed" start-time="2022-05-15 22:53:11Z" end-time="2022-05-15 22:53:11Z" duration="0.003378" asserts="0">
                <properties>
                  <property name="Category" value="GDX.Tests" />
                </properties>
              </test-case>
              <test-case id="1223" name="Get_MockData_LocalPositionWorldLookAtParented" fullname="GDX.Collections.Pooling.GameObjectPoolTests.Get_MockData_LocalPositionWorldLookAtParented" methodname="Get_MockData_LocalPositionWorldLookAtParented" classname="GDX.Collections.Pooling.GameObjectPoolTests" runstate="Runnable" seed="159595778" result="Passed" start-time="2022-05-15 22:53:11Z" end-time="2022-05-15 22:53:11Z" duration="0.001067" asserts="0">
                <properties>
                  <property name="Category" value="GDX.Tests" />
                </properties>
              </test-case>
              <test-case id="1225" name="Get_MockData_ParentedWorldPositionStay" fullname="GDX.Collections.Pooling.GameObjectPoolTests.Get_MockData_ParentedWorldPositionStay" methodname="Get_MockData_ParentedWorldPositionStay" classname="GDX.Collections.Pooling.GameObjectPoolTests" runstate="Runnable" seed="122047419" result="Passed" start-time="2022-05-15 22:53:11Z" end-time="2022-05-15 22:53:11Z" duration="0.001080" asserts="0">
                <properties>
                  <property name="Category" value="GDX.Tests" />
                </properties>
              </test-case>
              <test-case id="1226" name="Get_MockData_ParentedZeroLocalPosition" fullname="GDX.Collections.Pooling.GameObjectPoolTests.Get_MockData_ParentedZeroLocalPosition" methodname="Get_MockData_ParentedZeroLocalPosition" classname="GDX.Collections.Pooling.GameObjectPoolTests" runstate="Runnable" seed="1801985711" result="Passed" start-time="2022-05-15 22:53:11Z" end-time="2022-05-15 22:53:11Z" duration="0.000838" asserts="0">
                <properties>
                  <property name="Category" value="GDX.Tests" />
                </properties>
              </test-case>
              <test-case id="1227" name="Get_MockData_Trigger" fullname="GDX.Collections.Pooling.GameObjectPoolTests.Get_MockData_Trigger" methodname="Get_MockData_Trigger" classname="GDX.Collections.Pooling.GameObjectPoolTests" runstate="Runnable" seed="1567186256" result="Passed" start-time="2022-05-15 22:53:11Z" end-time="2022-05-15 22:53:11Z" duration="0.000498" asserts="0">
                <properties>
                  <property name="Category" value="GDX.Tests" />
                </properties>
              </test-case>
              <test-case id="1228" name="Get_MockData_WorldPositionWorldLookAt" fullname="GDX.Collections.Pooling.GameObjectPoolTests.Get_MockData_WorldPositionWorldLookAt" methodname="Get_MockData_WorldPositionWorldLookAt" classname="GDX.Collections.Pooling.GameObjectPoolTests" runstate="Runnable" seed="1623034008" result="Passed" start-time="2022-05-15 22:53:11Z" end-time="2022-05-15 22:53:11Z" duration="0.000794" asserts="0">
                <properties>
                  <property name="Category" value="GDX.Tests" />
                </properties>
              </test-case>
              <test-case id="1229" name="Get_MockData_WorldPositionWorldLookAtParented" fullname="GDX.Collections.Pooling.GameObjectPoolTests.Get_MockData_WorldPositionWorldLookAtParented" methodname="Get_MockData_WorldPositionWorldLookAtParented" classname="GDX.Collections.Pooling.GameObjectPoolTests" runstate="Runnable" seed="540785439" result="Passed" start-time="2022-05-15 22:53:11Z" end-time="2022-05-15 22:53:11Z" duration="0.000849" asserts="0">
                <properties>
                  <property name="Category" value="GDX.Tests" />
                </properties>
              </test-case>
              <test-case id="1230" name="Get_MockData_WorldPositionWorldRotation" fullname="GDX.Collections.Pooling.GameObjectPoolTests.Get_MockData_WorldPositionWorldRotation" methodname="Get_MockData_WorldPositionWorldRotation" classname="GDX.Collections.Pooling.GameObjectPoolTests" runstate="Runnable" seed="1681040307" result="Passed" start-time="2022-05-15 22:53:11Z" end-time="2022-05-15 22:53:11Z" duration="0.001211" asserts="0">
                <properties>
                  <property name="Category" value="GDX.Tests" />
                </properties>
              </test-case>
              <test-case id="1231" name="Get_MockData_WorldPositionWorldRotationParented" fullname="GDX.Collections.Pooling.GameObjectPoolTests.Get_MockData_WorldPositionWorldRotationParented" methodname="Get_MockData_WorldPositionWorldRotationParented" classname="GDX.Collections.Pooling.GameObjectPoolTests" runstate="Runnable" seed="734613577" result="Passed" start-time="2022-05-15 22:53:11Z" end-time="2022-05-15 22:53:11Z" duration="0.000850" asserts="0">
                <properties>
                  <property name="Category" value="GDX.Tests" />
                </properties>
              </test-case>
              <test-case id="1232" name="GetOrCreatePool_MockData_ReturnsPool" fullname="GDX.Collections.Pooling.GameObjectPoolTests.GetOrCreatePool_MockData_ReturnsPool" methodname="GetOrCreatePool_MockData_ReturnsPool" classname="GDX.Collections.Pooling.GameObjectPoolTests" runstate="Runnable" seed="671166257" result="Passed" start-time="2022-05-15 22:53:11Z" end-time="2022-05-15 22:53:11Z" duration="0.003106" asserts="0">
                <properties>
                  <property name="Category" value="GDX.Tests" />
                </properties>
              </test-case>
              <test-case id="1220" name="OnDestroyItemAction_MockData_DestroysGameObject" fullname="GDX.Collections.Pooling.GameObjectPoolTests.OnDestroyItemAction_MockData_DestroysGameObject" methodname="OnDestroyItemAction_MockData_DestroysGameObject" classname="GDX.Collections.Pooling.GameObjectPoolTests" runstate="Runnable" seed="482600365" result="Passed" start-time="2022-05-15 22:53:11Z" end-time="2022-05-15 22:53:11Z" duration="0.000504" asserts="0">
                <properties>
                  <property name="Category" value="GDX.Tests" />
                </properties>
              </test-case>
              <test-case id="1221" name="OnDestroyItemAction_MockData_DestroysInterface" fullname="GDX.Collections.Pooling.GameObjectPoolTests.OnDestroyItemAction_MockData_DestroysInterface" methodname="OnDestroyItemAction_MockData_DestroysInterface" classname="GDX.Collections.Pooling.GameObjectPoolTests" runstate="Runnable" seed="1847728541" result="Passed" start-time="2022-05-15 22:53:11Z" end-time="2022-05-15 22:53:11Z" duration="0.000468" asserts="0">
                <properties>
                  <property name="Category" value="GDX.Tests" />
                </properties>
              </test-case>
              <test-case id="1233" name="TearDown_Pool_UnregistersPool" fullname="GDX.Collections.Pooling.GameObjectPoolTests.TearDown_Pool_UnregistersPool" methodname="TearDown_Pool_UnregistersPool" classname="GDX.Collections.Pooling.GameObjectPoolTests" runstate="Runnable" seed="402755080" result="Passed" start-time="2022-05-15 22:53:11Z" end-time="2022-05-15 22:53:11Z" duration="0.000500" asserts="0">
                <properties>
                  <property name="Category" value="GDX.Tests" />
                </properties>
              </test-case>
            </test-suite>
          </test-suite>
        </test-suite>
        <test-suite type="TestSuite" id="1343" name="Developer" fullname="GDX.Developer" runstate="Runnable" testcasecount="6" result="Passed" start-time="2022-05-15 22:53:11Z" end-time="2022-05-15 22:53:12Z" duration="0.315428" total="6" passed="6" failed="0" inconclusive="0" skipped="0" asserts="0">
          <properties />
          <test-suite type="TestFixture" id="1210" name="CommandLineParserTests" fullname="GDX.Developer.CommandLineParserTests" classname="GDX.Developer.CommandLineParserTests" runstate="Runnable" testcasecount="2" result="Passed" start-time="2022-05-15 22:53:11Z" end-time="2022-05-15 22:53:11Z" duration="0.007089" total="2" passed="2" failed="0" inconclusive="0" skipped="0" asserts="0">
            <properties />
            <test-case id="1211" name="ProcessArguments_MockData_ContainsFlag" fullname="GDX.Developer.CommandLineParserTests.ProcessArguments_MockData_ContainsFlag" methodname="ProcessArguments_MockData_ContainsFlag" classname="GDX.Developer.CommandLineParserTests" runstate="Runnable" seed="1518787110" result="Passed" start-time="2022-05-15 22:53:11Z" end-time="2022-05-15 22:53:11Z" duration="0.001294" asserts="0">
              <properties>
                <property name="Category" value="GDX.Tests" />
              </properties>
            </test-case>
            <test-case id="1212" name="ProcessArguments_MockData_HasValue" fullname="GDX.Developer.CommandLineParserTests.ProcessArguments_MockData_HasValue" methodname="ProcessArguments_MockData_HasValue" classname="GDX.Developer.CommandLineParserTests" runstate="Runnable" seed="2124695228" result="Passed" start-time="2022-05-15 22:53:11Z" end-time="2022-05-15 22:53:11Z" duration="0.000495" asserts="0">
              <properties>
                <property name="Category" value="GDX.Tests" />
              </properties>
            </test-case>
          </test-suite>
          <test-suite type="TestSuite" id="1344" name="Reports" fullname="GDX.Developer.Reports" runstate="Runnable" testcasecount="4" result="Passed" start-time="2022-05-15 22:53:11Z" end-time="2022-05-15 22:53:12Z" duration="0.305020" total="4" passed="4" failed="0" inconclusive="0" skipped="0" asserts="0">
            <properties />
            <test-suite type="TestSuite" id="1345" name="Resource" fullname="GDX.Developer.Reports.Resource" runstate="Runnable" testcasecount="3" result="Passed" start-time="2022-05-15 22:53:11Z" end-time="2022-05-15 22:53:11Z" duration="0.071798" total="3" passed="3" failed="0" inconclusive="0" skipped="0" asserts="0">
              <properties />
              <test-suite type="TestFixture" id="1215" name="ResourceReportTests" fullname="GDX.Developer.Reports.Resource.ResourceReportTests" classname="GDX.Developer.Reports.Resource.ResourceReportTests" runstate="Runnable" testcasecount="3" result="Passed" start-time="2022-05-15 22:53:11Z" end-time="2022-05-15 22:53:11Z" duration="0.068861" total="3" passed="3" failed="0" inconclusive="0" skipped="0" asserts="0">
                <properties />
                <test-case id="1216" name="CreateDivider_MockData_CorrectLength" fullname="GDX.Developer.Reports.Resource.ResourceReportTests.CreateDivider_MockData_CorrectLength" methodname="CreateDivider_MockData_CorrectLength" classname="GDX.Developer.Reports.Resource.ResourceReportTests" runstate="Runnable" seed="1659821623" result="Passed" start-time="2022-05-15 22:53:11Z" end-time="2022-05-15 22:53:11Z" duration="0.000627" asserts="0">
                  <properties>
                    <property name="Category" value="GDX.Tests" />
                  </properties>
                </test-case>
                <test-case id="1217" name="CreateHeader_MockData_CorrectLength" fullname="GDX.Developer.Reports.Resource.ResourceReportTests.CreateHeader_MockData_CorrectLength" methodname="CreateHeader_MockData_CorrectLength" classname="GDX.Developer.Reports.Resource.ResourceReportTests" runstate="Runnable" seed="1386160250" result="Passed" start-time="2022-05-15 22:53:11Z" end-time="2022-05-15 22:53:11Z" duration="0.000192" asserts="0">
                  <properties>
                    <property name="Category" value="GDX.Tests" />
                  </properties>
                </test-case>
                <test-case id="1218" name="Output_MockData_StringBuilderSameAsStreamWriter" fullname="GDX.Developer.Reports.Resource.ResourceReportTests.Output_MockData_StringBuilderSameAsStreamWriter" methodname="Output_MockData_StringBuilderSameAsStreamWriter" classname="GDX.Developer.Reports.Resource.ResourceReportTests" runstate="Runnable" seed="1903871043" result="Passed" start-time="2022-05-15 22:53:11Z" end-time="2022-05-15 22:53:11Z" duration="0.063940" asserts="0">
                  <properties>
                    <property name="Category" value="GDX.Tests" />
                  </properties>
                </test-case>
              </test-suite>
            </test-suite>
            <test-suite type="TestFixture" id="1213" name="ResourcesDiffReportTests" fullname="GDX.Developer.Reports.ResourcesDiffReportTests" classname="GDX.Developer.Reports.ResourcesDiffReportTests" runstate="Runnable" testcasecount="1" result="Passed" start-time="2022-05-15 22:53:11Z" end-time="2022-05-15 22:53:12Z" duration="0.229765" total="1" passed="1" failed="0" inconclusive="0" skipped="0" asserts="0">
              <properties />
              <test-case id="1214" name="Output_GetCommonAndAll_ReturnsReport" fullname="GDX.Developer.Reports.ResourcesDiffReportTests.Output_GetCommonAndAll_ReturnsReport" methodname="Output_GetCommonAndAll_ReturnsReport" classname="GDX.Developer.Reports.ResourcesDiffReportTests" runstate="Runnable" seed="1221852833" result="Passed" start-time="2022-05-15 22:53:11Z" end-time="2022-05-15 22:53:12Z" duration="0.226260" asserts="0">
                <properties>
                  <property name="Category" value="GDX.Tests" />
                </properties>
              </test-case>
            </test-suite>
          </test-suite>
        </test-suite>
        <test-suite type="TestSuite" id="1338" name="Jobs" fullname="GDX.Jobs" runstate="Runnable" testcasecount="2" result="Passed" start-time="2022-05-15 22:53:12Z" end-time="2022-05-15 22:53:12Z" duration="0.018194" total="2" passed="2" failed="0" inconclusive="0" skipped="0" asserts="0">
          <properties />
          <test-suite type="TestSuite" id="1339" name="ParallelFor" fullname="GDX.Jobs.ParallelFor" runstate="Runnable" testcasecount="2" result="Passed" start-time="2022-05-15 22:53:12Z" end-time="2022-05-15 22:53:12Z" duration="0.014946" total="2" passed="2" failed="0" inconclusive="0" skipped="0" asserts="0">
            <properties />
            <test-suite type="TestFixture" id="1203" name="Color32CompareJobTests" fullname="GDX.Jobs.ParallelFor.Color32CompareJobTests" classname="GDX.Jobs.ParallelFor.Color32CompareJobTests" runstate="Runnable" testcasecount="2" result="Passed" start-time="2022-05-15 22:53:12Z" end-time="2022-05-15 22:53:12Z" duration="0.011145" total="2" passed="2" failed="0" inconclusive="0" skipped="0" asserts="0">
              <properties />
              <test-case id="1205" name="Compare_WhiteBlack_Different" fullname="GDX.Jobs.ParallelFor.Color32CompareJobTests.Compare_WhiteBlack_Different" methodname="Compare_WhiteBlack_Different" classname="GDX.Jobs.ParallelFor.Color32CompareJobTests" runstate="Runnable" seed="1123758348" result="Passed" start-time="2022-05-15 22:53:12Z" end-time="2022-05-15 22:53:12Z" duration="0.005929" asserts="0">
                <properties>
                  <property name="Category" value="GDX.Tests" />
                </properties>
              </test-case>
              <test-case id="1204" name="Compare_WhiteTexture_Same" fullname="GDX.Jobs.ParallelFor.Color32CompareJobTests.Compare_WhiteTexture_Same" methodname="Compare_WhiteTexture_Same" classname="GDX.Jobs.ParallelFor.Color32CompareJobTests" runstate="Runnable" seed="1409728894" result="Passed" start-time="2022-05-15 22:53:12Z" end-time="2022-05-15 22:53:12Z" duration="0.000519" asserts="0">
                <properties>
                  <property name="Category" value="GDX.Tests" />
                </properties>
              </test-case>
            </test-suite>
          </test-suite>
        </test-suite>
        <test-suite type="TestFixture" id="1045" name="ListExtensionsTests" fullname="GDX.ListExtensionsTests" classname="GDX.ListExtensionsTests" runstate="Runnable" testcasecount="11" result="Passed" start-time="2022-05-15 22:53:12Z" end-time="2022-05-15 22:53:12Z" duration="0.012514" total="11" passed="11" failed="0" inconclusive="0" skipped="0" asserts="0">
          <properties />
          <test-case id="1047" name="AddUniqueItem_NonUniqueItem_ReturnsFalse" fullname="GDX.ListExtensionsTests.AddUniqueItem_NonUniqueItem_ReturnsFalse" methodname="AddUniqueItem_NonUniqueItem_ReturnsFalse" classname="GDX.ListExtensionsTests" runstate="Runnable" seed="1183087956" result="Passed" start-time="2022-05-15 22:53:12Z" end-time="2022-05-15 22:53:12Z" duration="0.000757" asserts="0">
            <properties>
              <property name="Category" value="GDX.Tests" />
            </properties>
          </test-case>
          <test-case id="1046" name="AddUniqueItem_UniqueItem_ReturnsTrue" fullname="GDX.ListExtensionsTests.AddUniqueItem_UniqueItem_ReturnsTrue" methodname="AddUniqueItem_UniqueItem_ReturnsTrue" classname="GDX.ListExtensionsTests" runstate="Runnable" seed="156583770" result="Passed" start-time="2022-05-15 22:53:12Z" end-time="2022-05-15 22:53:12Z" duration="0.000272" asserts="0">
            <properties>
              <property name="Category" value="GDX.Tests" />
            </properties>
          </test-case>
          <test-case id="1048" name="ContainsItem_MockData_FindsItem" fullname="GDX.ListExtensionsTests.ContainsItem_MockData_FindsItem" methodname="ContainsItem_MockData_FindsItem" classname="GDX.ListExtensionsTests" runstate="Runnable" seed="1341421194" result="Passed" start-time="2022-05-15 22:53:12Z" end-time="2022-05-15 22:53:12Z" duration="0.000247" asserts="0">
            <properties>
              <property name="Category" value="GDX.Tests" />
            </properties>
          </test-case>
          <test-case id="1049" name="ContainsItem_StringArray_FindsItem" fullname="GDX.ListExtensionsTests.ContainsItem_StringArray_FindsItem" methodname="ContainsItem_StringArray_FindsItem" classname="GDX.ListExtensionsTests" runstate="Runnable" seed="1257122595" result="Passed" start-time="2022-05-15 22:53:12Z" end-time="2022-05-15 22:53:12Z" duration="0.000215" asserts="0">
            <properties>
              <property name="Category" value="GDX.Tests" />
            </properties>
          </test-case>
          <test-case id="1051" name="RemoveFirstItem_BadMockData_ReturnsFalse" fullname="GDX.ListExtensionsTests.RemoveFirstItem_BadMockData_ReturnsFalse" methodname="RemoveFirstItem_BadMockData_ReturnsFalse" classname="GDX.ListExtensionsTests" runstate="Runnable" seed="737768960" result="Passed" start-time="2022-05-15 22:53:12Z" end-time="2022-05-15 22:53:12Z" duration="0.000433" asserts="0">
            <properties>
              <property name="Category" value="GDX.Tests" />
            </properties>
          </test-case>
          <test-case id="1050" name="RemoveFirstItem_MockData_RemovedItem" fullname="GDX.ListExtensionsTests.RemoveFirstItem_MockData_RemovedItem" methodname="RemoveFirstItem_MockData_RemovedItem" classname="GDX.ListExtensionsTests" runstate="Runnable" seed="1031776653" result="Passed" start-time="2022-05-15 22:53:12Z" end-time="2022-05-15 22:53:12Z" duration="0.000351" asserts="0">
            <properties>
              <property name="Category" value="GDX.Tests" />
            </properties>
          </test-case>
          <test-case id="1055" name="RemoveItems_MockData_RemovedItems" fullname="GDX.ListExtensionsTests.RemoveItems_MockData_RemovedItems" methodname="RemoveItems_MockData_RemovedItems" classname="GDX.ListExtensionsTests" runstate="Runnable" seed="714998466" result="Passed" start-time="2022-05-15 22:53:12Z" end-time="2022-05-15 22:53:12Z" duration="0.000437" asserts="0">
            <properties>
              <property name="Category" value="GDX.Tests" />
            </properties>
          </test-case>
          <test-case id="1052" name="RemoveItemSwap_MockData_RemovedItem" fullname="GDX.ListExtensionsTests.RemoveItemSwap_MockData_RemovedItem" methodname="RemoveItemSwap_MockData_RemovedItem" classname="GDX.ListExtensionsTests" runstate="Runnable" seed="1499156801" result="Passed" start-time="2022-05-15 22:53:12Z" end-time="2022-05-15 22:53:12Z" duration="0.000410" asserts="0">
            <properties>
              <property name="Category" value="GDX.Tests" />
            </properties>
          </test-case>
          <test-case id="1054" name="RemoveLastItem_BadMockData_ReturnsFalse" fullname="GDX.ListExtensionsTests.RemoveLastItem_BadMockData_ReturnsFalse" methodname="RemoveLastItem_BadMockData_ReturnsFalse" classname="GDX.ListExtensionsTests" runstate="Runnable" seed="954699969" result="Passed" start-time="2022-05-15 22:53:12Z" end-time="2022-05-15 22:53:12Z" duration="0.000367" asserts="0">
            <properties>
              <property name="Category" value="GDX.Tests" />
            </properties>
          </test-case>
          <test-case id="1053" name="RemoveLastItem_MockData_RemovedItems" fullname="GDX.ListExtensionsTests.RemoveLastItem_MockData_RemovedItems" methodname="RemoveLastItem_MockData_RemovedItems" classname="GDX.ListExtensionsTests" runstate="Runnable" seed="1303791806" result="Passed" start-time="2022-05-15 22:53:12Z" end-time="2022-05-15 22:53:12Z" duration="0.000281" asserts="0">
            <properties>
              <property name="Category" value="GDX.Tests" />
            </properties>
          </test-case>
          <test-case id="1056" name="Shuffle_MockData_HasDifferences" fullname="GDX.ListExtensionsTests.Shuffle_MockData_HasDifferences" methodname="Shuffle_MockData_HasDifferences" classname="GDX.ListExtensionsTests" runstate="Runnable" seed="1511362836" result="Passed" start-time="2022-05-15 22:53:12Z" end-time="2022-05-15 22:53:12Z" duration="0.000952" asserts="0">
            <properties>
              <property name="Category" value="GDX.Tests" />
            </properties>
          </test-case>
        </test-suite>
        <test-suite type="TestFixture" id="1057" name="LocalizationTests" fullname="GDX.LocalizationTests" classname="GDX.LocalizationTests" runstate="Runnable" testcasecount="3" result="Passed" start-time="2022-05-15 22:53:12Z" end-time="2022-05-15 22:53:12Z" duration="0.004914" total="3" passed="3" failed="0" inconclusive="0" skipped="0" asserts="0">
          <properties />
          <test-case id="1058" name="GetHumanReadableFileSize_100_ReturnsValidString" fullname="GDX.LocalizationTests.GetHumanReadableFileSize_100_ReturnsValidString" methodname="GetHumanReadableFileSize_100_ReturnsValidString" classname="GDX.LocalizationTests" runstate="Runnable" seed="638936137" result="Passed" start-time="2022-05-15 22:53:12Z" end-time="2022-05-15 22:53:12Z" duration="0.000308" asserts="0">
            <properties>
              <property name="Category" value="GDX.Tests" />
            </properties>
          </test-case>
          <test-case id="1059" name="GetHumanReadableFileSize_1024_ReturnsValidString" fullname="GDX.LocalizationTests.GetHumanReadableFileSize_1024_ReturnsValidString" methodname="GetHumanReadableFileSize_1024_ReturnsValidString" classname="GDX.LocalizationTests" runstate="Runnable" seed="1382802391" result="Passed" start-time="2022-05-15 22:53:12Z" end-time="2022-05-15 22:53:12Z" duration="0.000199" asserts="0">
            <properties>
              <property name="Category" value="GDX.Tests" />
            </properties>
          </test-case>
          <test-case id="1060" name="GetHumanReadableFileSize_1048576_ReturnsValidString" fullname="GDX.LocalizationTests.GetHumanReadableFileSize_1048576_ReturnsValidString" methodname="GetHumanReadableFileSize_1048576_ReturnsValidString" classname="GDX.LocalizationTests" runstate="Runnable" seed="120911287" result="Passed" start-time="2022-05-15 22:53:12Z" end-time="2022-05-15 22:53:12Z" duration="0.000198" asserts="0">
            <properties>
              <property name="Category" value="GDX.Tests" />
            </properties>
          </test-case>
        </test-suite>
        <test-suite type="TestSuite" id="1336" name="Mathematics" fullname="GDX.Mathematics" runstate="Runnable" testcasecount="36" result="Passed" start-time="2022-05-15 22:53:12Z" end-time="2022-05-15 22:53:12Z" duration="0.044764" total="36" passed="36" failed="0" inconclusive="0" skipped="0" asserts="0">
          <properties />
          <test-suite type="TestSuite" id="1337" name="Random" fullname="GDX.Mathematics.Random" runstate="Runnable" testcasecount="24" result="Passed" start-time="2022-05-15 22:53:12Z" end-time="2022-05-15 22:53:12Z" duration="0.028503" total="24" passed="24" failed="0" inconclusive="0" skipped="0" asserts="0">
            <properties />
            <test-suite type="TestFixture" id="1177" name="RandomAdaptorTests" fullname="GDX.Mathematics.Random.RandomAdaptorTests" classname="GDX.Mathematics.Random.RandomAdaptorTests" runstate="Runnable" testcasecount="4" result="Passed" start-time="2022-05-15 22:53:12Z" end-time="2022-05-15 22:53:12Z" duration="0.006720" total="4" passed="4" failed="0" inconclusive="0" skipped="0" asserts="0">
              <properties />
              <test-case id="1180" name="Next_MaxValue_ValuesInRange" fullname="GDX.Mathematics.Random.RandomAdaptorTests.Next_MaxValue_ValuesInRange" methodname="Next_MaxValue_ValuesInRange" classname="GDX.Mathematics.Random.RandomAdaptorTests" runstate="Runnable" seed="419499342" result="Passed" start-time="2022-05-15 22:53:12Z" end-time="2022-05-15 22:53:12Z" duration="0.001452" asserts="0">
                <properties>
                  <property name="Category" value="GDX.Tests" />
                </properties>
              </test-case>
              <test-case id="1179" name="Next_MockData_DifferentValues" fullname="GDX.Mathematics.Random.RandomAdaptorTests.Next_MockData_DifferentValues" methodname="Next_MockData_DifferentValues" classname="GDX.Mathematics.Random.RandomAdaptorTests" runstate="Runnable" seed="1717206916" result="Passed" start-time="2022-05-15 22:53:12Z" end-time="2022-05-15 22:53:12Z" duration="0.000725" asserts="0">
                <properties>
                  <property name="Category" value="GDX.Tests" />
                </properties>
              </test-case>
              <test-case id="1181" name="Next_Range_ValuesInRange" fullname="GDX.Mathematics.Random.RandomAdaptorTests.Next_Range_ValuesInRange" methodname="Next_Range_ValuesInRange" classname="GDX.Mathematics.Random.RandomAdaptorTests" runstate="Runnable" seed="1051574088" result="Passed" start-time="2022-05-15 22:53:12Z" end-time="2022-05-15 22:53:12Z" duration="0.000380" asserts="0">
                <properties>
                  <property name="Category" value="GDX.Tests" />
                </properties>
              </test-case>
              <test-case id="1178" name="RandomAdaptor_FromWELL1024a_Created" fullname="GDX.Mathematics.Random.RandomAdaptorTests.RandomAdaptor_FromWELL1024a_Created" methodname="RandomAdaptor_FromWELL1024a_Created" classname="GDX.Mathematics.Random.RandomAdaptorTests" runstate="Runnable" seed="2059583603" result="Passed" start-time="2022-05-15 22:53:12Z" end-time="2022-05-15 22:53:12Z" duration="0.000300" asserts="0">
                <properties>
                  <property name="Category" value="GDX.Tests" />
                </properties>
              </test-case>
            </test-suite>
            <test-suite type="TestFixture" id="1182" name="WELL1024aTests" fullname="GDX.Mathematics.Random.WELL1024aTests" classname="GDX.Mathematics.Random.WELL1024aTests" runstate="Runnable" testcasecount="20" result="Passed" start-time="2022-05-15 22:53:12Z" end-time="2022-05-15 22:53:12Z" duration="0.017919" total="20" passed="20" failed="0" inconclusive="0" skipped="0" asserts="0">
              <properties />
              <test-case id="1189" name="NextBoolean_PerfectChance_ReturnsTrue" fullname="GDX.Mathematics.Random.WELL1024aTests.NextBoolean_PerfectChance_ReturnsTrue" methodname="NextBoolean_PerfectChance_ReturnsTrue" classname="GDX.Mathematics.Random.WELL1024aTests" runstate="Runnable" seed="1841662139" result="Passed" start-time="2022-05-15 22:53:12Z" end-time="2022-05-15 22:53:12Z" duration="0.000361" asserts="0">
                <properties>
                  <property name="Category" value="GDX.Tests" />
                </properties>
              </test-case>
              <test-case id="1190" name="NextBoolean_Simple_ReturnsDeterministicValue" fullname="GDX.Mathematics.Random.WELL1024aTests.NextBoolean_Simple_ReturnsDeterministicValue" methodname="NextBoolean_Simple_ReturnsDeterministicValue" classname="GDX.Mathematics.Random.WELL1024aTests" runstate="Runnable" seed="2135416678" result="Passed" start-time="2022-05-15 22:53:12Z" end-time="2022-05-15 22:53:12Z" duration="0.000203" asserts="0">
                <properties>
                  <property name="Category" value="GDX.Tests" />
                </properties>
              </test-case>
              <test-case id="1188" name="NextBoolean_ZeroChance_ReturnsFalse" fullname="GDX.Mathematics.Random.WELL1024aTests.NextBoolean_ZeroChance_ReturnsFalse" methodname="NextBoolean_ZeroChance_ReturnsFalse" classname="GDX.Mathematics.Random.WELL1024aTests" runstate="Runnable" seed="1398642019" result="Passed" start-time="2022-05-15 22:53:12Z" end-time="2022-05-15 22:53:12Z" duration="0.000201" asserts="0">
                <properties>
                  <property name="Category" value="GDX.Tests" />
                </properties>
              </test-case>
              <test-case id="1196" name="NextBytes_Simple_FillsBuffer" fullname="GDX.Mathematics.Random.WELL1024aTests.NextBytes_Simple_FillsBuffer" methodname="NextBytes_Simple_FillsBuffer" classname="GDX.Mathematics.Random.WELL1024aTests" runstate="Runnable" seed="1397292489" result="Passed" start-time="2022-05-15 22:53:12Z" end-time="2022-05-15 22:53:12Z" duration="0.000349" asserts="0">
                <properties>
                  <property name="Category" value="GDX.Tests" />
                </properties>
              </test-case>
              <test-case id="1197" name="NextDouble_Multiple_ReturnsDifferentValues" fullname="GDX.Mathematics.Random.WELL1024aTests.NextDouble_Multiple_ReturnsDifferentValues" methodname="NextDouble_Multiple_ReturnsDifferentValues" classname="GDX.Mathematics.Random.WELL1024aTests" runstate="Runnable" seed="1989543595" result="Passed" start-time="2022-05-15 22:53:12Z" end-time="2022-05-15 22:53:12Z" duration="0.000412" asserts="0">
                <properties>
                  <property name="Category" value="GDX.Tests" />
                </properties>
              </test-case>
              <test-case id="1198" name="NextDouble_Simple_ReturnsDeterministicValue" fullname="GDX.Mathematics.Random.WELL1024aTests.NextDouble_Simple_ReturnsDeterministicValue" methodname="NextDouble_Simple_ReturnsDeterministicValue" classname="GDX.Mathematics.Random.WELL1024aTests" runstate="Runnable" seed="1420715670" result="Passed" start-time="2022-05-15 22:53:12Z" end-time="2022-05-15 22:53:12Z" duration="0.000211" asserts="0">
                <properties>
                  <property name="Category" value="GDX.Tests" />
                </properties>
              </test-case>
              <test-case id="1194" name="NextInteger_MinMaxValue_ReturnsDeterministicValue" fullname="GDX.Mathematics.Random.WELL1024aTests.NextInteger_MinMaxValue_ReturnsDeterministicValue" methodname="NextInteger_MinMaxValue_ReturnsDeterministicValue" classname="GDX.Mathematics.Random.WELL1024aTests" runstate="Runnable" seed="1397107834" result="Passed" start-time="2022-05-15 22:53:12Z" end-time="2022-05-15 22:53:12Z" duration="0.000238" asserts="0">
                <properties>
                  <property name="Category" value="GDX.Tests" />
                </properties>
              </test-case>
              <test-case id="1195" name="NextInteger_Multiple_ReturnsDifferentValues" fullname="GDX.Mathematics.Random.WELL1024aTests.NextInteger_Multiple_ReturnsDifferentValues" methodname="NextInteger_Multiple_ReturnsDifferentValues" classname="GDX.Mathematics.Random.WELL1024aTests" runstate="Runnable" seed="855531420" result="Passed" start-time="2022-05-15 22:53:12Z" end-time="2022-05-15 22:53:12Z" duration="0.000309" asserts="0">
                <properties>
                  <property name="Category" value="GDX.Tests" />
                </properties>
              </test-case>
              <test-case id="1192" name="NextInteger_SameRange_ReturnsSameValue" fullname="GDX.Mathematics.Random.WELL1024aTests.NextInteger_SameRange_ReturnsSameValue" methodname="NextInteger_SameRange_ReturnsSameValue" classname="GDX.Mathematics.Random.WELL1024aTests" runstate="Runnable" seed="1873835555" result="Passed" start-time="2022-05-15 22:53:12Z" end-time="2022-05-15 22:53:12Z" duration="0.000202" asserts="0">
                <properties>
                  <property name="Category" value="GDX.Tests" />
                </properties>
              </test-case>
              <test-case id="1191" name="NextInteger_Simple_ReturnsDeterministicValue" fullname="GDX.Mathematics.Random.WELL1024aTests.NextInteger_Simple_ReturnsDeterministicValue" methodname="NextInteger_Simple_ReturnsDeterministicValue" classname="GDX.Mathematics.Random.WELL1024aTests" runstate="Runnable" seed="385909769" result="Passed" start-time="2022-05-15 22:53:12Z" end-time="2022-05-15 22:53:12Z" duration="0.000196" asserts="0">
                <properties>
                  <property name="Category" value="GDX.Tests" />
                </properties>
              </test-case>
              <test-case id="1193" name="NextInteger_ZeroValues_ReturnsZeroValue" fullname="GDX.Mathematics.Random.WELL1024aTests.NextInteger_ZeroValues_ReturnsZeroValue" methodname="NextInteger_ZeroValues_ReturnsZeroValue" classname="GDX.Mathematics.Random.WELL1024aTests" runstate="Runnable" seed="27166434" result="Passed" start-time="2022-05-15 22:53:12Z" end-time="2022-05-15 22:53:12Z" duration="0.000189" asserts="0">
                <properties>
                  <property name="Category" value="GDX.Tests" />
                </properties>
              </test-case>
              <test-case id="1200" name="NextSingle_Multiple_ReturnsDifferentValues" fullname="GDX.Mathematics.Random.WELL1024aTests.NextSingle_Multiple_ReturnsDifferentValues" methodname="NextSingle_Multiple_ReturnsDifferentValues" classname="GDX.Mathematics.Random.WELL1024aTests" runstate="Runnable" seed="978270187" result="Passed" start-time="2022-05-15 22:53:12Z" end-time="2022-05-15 22:53:12Z" duration="0.000412" asserts="0">
                <properties>
                  <property name="Category" value="GDX.Tests" />
                </properties>
              </test-case>
              <test-case id="1199" name="NextSingle_Simple_ReturnsDeterministicValue" fullname="GDX.Mathematics.Random.WELL1024aTests.NextSingle_Simple_ReturnsDeterministicValue" methodname="NextSingle_Simple_ReturnsDeterministicValue" classname="GDX.Mathematics.Random.WELL1024aTests" runstate="Runnable" seed="2125042935" result="Passed" start-time="2022-05-15 22:53:12Z" end-time="2022-05-15 22:53:12Z" duration="0.000389" asserts="0">
                <properties>
                  <property name="Category" value="GDX.Tests" />
                </properties>
              </test-case>
              <test-case id="1202" name="NextUnsignedInteger_Multiple_ReturnsDifferentValues" fullname="GDX.Mathematics.Random.WELL1024aTests.NextUnsignedInteger_Multiple_ReturnsDifferentValues" methodname="NextUnsignedInteger_Multiple_ReturnsDifferentValues" classname="GDX.Mathematics.Random.WELL1024aTests" runstate="Runnable" seed="1231373497" result="Passed" start-time="2022-05-15 22:53:12Z" end-time="2022-05-15 22:53:12Z" duration="0.000396" asserts="0">
                <properties>
                  <property name="Category" value="GDX.Tests" />
                </properties>
              </test-case>
              <test-case id="1201" name="NextUnsignedInteger_Simple_ReturnsDeterministicValue" fullname="GDX.Mathematics.Random.WELL1024aTests.NextUnsignedInteger_Simple_ReturnsDeterministicValue" methodname="NextUnsignedInteger_Simple_ReturnsDeterministicValue" classname="GDX.Mathematics.Random.WELL1024aTests" runstate="Runnable" seed="1921245258" result="Passed" start-time="2022-05-15 22:53:12Z" end-time="2022-05-15 22:53:12Z" duration="0.000208" asserts="0">
                <properties>
                  <property name="Category" value="GDX.Tests" />
                </properties>
              </test-case>
              <test-case id="1183" name="WELL1024a_FromInteger_StrippedSeed" fullname="GDX.Mathematics.Random.WELL1024aTests.WELL1024a_FromInteger_StrippedSeed" methodname="WELL1024a_FromInteger_StrippedSeed" classname="GDX.Mathematics.Random.WELL1024aTests" runstate="Runnable" seed="2057892650" result="Passed" start-time="2022-05-15 22:53:12Z" end-time="2022-05-15 22:53:12Z" duration="0.000339" asserts="0">
                <properties>
                  <property name="Category" value="GDX.Tests" />
                </properties>
              </test-case>
              <test-case id="1187" name="WELL1024a_FromRestoreState_Matched" fullname="GDX.Mathematics.Random.WELL1024aTests.WELL1024a_FromRestoreState_Matched" methodname="WELL1024a_FromRestoreState_Matched" classname="GDX.Mathematics.Random.WELL1024aTests" runstate="Runnable" seed="1086310520" result="Passed" start-time="2022-05-15 22:53:12Z" end-time="2022-05-15 22:53:12Z" duration="0.000616" asserts="0">
                <properties>
                  <property name="Category" value="GDX.Tests" />
                </properties>
              </test-case>
              <test-case id="1184" name="WELL1024a_FromString_NonAndForcedDifferent" fullname="GDX.Mathematics.Random.WELL1024aTests.WELL1024a_FromString_NonAndForcedDifferent" methodname="WELL1024a_FromString_NonAndForcedDifferent" classname="GDX.Mathematics.Random.WELL1024aTests" runstate="Runnable" seed="968419158" result="Passed" start-time="2022-05-15 22:53:12Z" end-time="2022-05-15 22:53:12Z" duration="0.000217" asserts="0">
                <properties>
                  <property name="Category" value="GDX.Tests" />
                </properties>
              </test-case>
              <test-case id="1185" name="WELL1024a_FromStringUppercase_SameOriginalSeed" fullname="GDX.Mathematics.Random.WELL1024aTests.WELL1024a_FromStringUppercase_SameOriginalSeed" methodname="WELL1024a_FromStringUppercase_SameOriginalSeed" classname="GDX.Mathematics.Random.WELL1024aTests" runstate="Runnable" seed="831411810" result="Passed" start-time="2022-05-15 22:53:12Z" end-time="2022-05-15 22:53:12Z" duration="0.000294" asserts="0">
                <properties>
                  <property name="Category" value="GDX.Tests" />
                </properties>
              </test-case>
              <test-case id="1186" name="WELL1024a_FromUnsignedInteger_MatchedSeed" fullname="GDX.Mathematics.Random.WELL1024aTests.WELL1024a_FromUnsignedInteger_MatchedSeed" methodname="WELL1024a_FromUnsignedInteger_MatchedSeed" classname="GDX.Mathematics.Random.WELL1024aTests" runstate="Runnable" seed="375426369" result="Passed" start-time="2022-05-15 22:53:12Z" end-time="2022-05-15 22:53:12Z" duration="0.000228" asserts="0">
                <properties>
                  <property name="Category" value="GDX.Tests" />
                </properties>
              </test-case>
            </test-suite>
          </test-suite>
          <test-suite type="TestFixture" id="1164" name="RangeTests" fullname="GDX.Mathematics.RangeTests" classname="GDX.Mathematics.RangeTests" runstate="Runnable" testcasecount="12" result="Passed" start-time="2022-05-15 22:53:12Z" end-time="2022-05-15 22:53:12Z" duration="0.012044" total="12" passed="12" failed="0" inconclusive="0" skipped="0" asserts="0">
            <properties />
            <test-case id="1165" name="GetDouble_Bottom_Inclusive" fullname="GDX.Mathematics.RangeTests.GetDouble_Bottom_Inclusive" methodname="GetDouble_Bottom_Inclusive" classname="GDX.Mathematics.RangeTests" runstate="Runnable" seed="1682228389" result="Passed" start-time="2022-05-15 22:53:12Z" end-time="2022-05-15 22:53:12Z" duration="0.000277" asserts="0">
              <properties>
                <property name="Category" value="GDX.Tests" />
              </properties>
            </test-case>
            <test-case id="1167" name="GetDouble_Middle_Inclusive" fullname="GDX.Mathematics.RangeTests.GetDouble_Middle_Inclusive" methodname="GetDouble_Middle_Inclusive" classname="GDX.Mathematics.RangeTests" runstate="Runnable" seed="1224320159" result="Passed" start-time="2022-05-15 22:53:12Z" end-time="2022-05-15 22:53:12Z" duration="0.000182" asserts="0">
              <properties>
                <property name="Category" value="GDX.Tests" />
              </properties>
            </test-case>
            <test-case id="1166" name="GetDouble_Top_Inclusive" fullname="GDX.Mathematics.RangeTests.GetDouble_Top_Inclusive" methodname="GetDouble_Top_Inclusive" classname="GDX.Mathematics.RangeTests" runstate="Runnable" seed="2094449471" result="Passed" start-time="2022-05-15 22:53:12Z" end-time="2022-05-15 22:53:12Z" duration="0.000176" asserts="0">
              <properties>
                <property name="Category" value="GDX.Tests" />
              </properties>
            </test-case>
            <test-case id="1168" name="GetInteger_Bottom_Inclusive" fullname="GDX.Mathematics.RangeTests.GetInteger_Bottom_Inclusive" methodname="GetInteger_Bottom_Inclusive" classname="GDX.Mathematics.RangeTests" runstate="Runnable" seed="380528015" result="Passed" start-time="2022-05-15 22:53:12Z" end-time="2022-05-15 22:53:12Z" duration="0.000182" asserts="0">
              <properties>
                <property name="Category" value="GDX.Tests" />
              </properties>
            </test-case>
            <test-case id="1170" name="GetInteger_Middle_Inclusive" fullname="GDX.Mathematics.RangeTests.GetInteger_Middle_Inclusive" methodname="GetInteger_Middle_Inclusive" classname="GDX.Mathematics.RangeTests" runstate="Runnable" seed="1775314023" result="Passed" start-time="2022-05-15 22:53:12Z" end-time="2022-05-15 22:53:12Z" duration="0.000162" asserts="0">
              <properties>
                <property name="Category" value="GDX.Tests" />
              </properties>
            </test-case>
            <test-case id="1169" name="GetInteger_Top_Inclusive" fullname="GDX.Mathematics.RangeTests.GetInteger_Top_Inclusive" methodname="GetInteger_Top_Inclusive" classname="GDX.Mathematics.RangeTests" runstate="Runnable" seed="1359788894" result="Passed" start-time="2022-05-15 22:53:12Z" end-time="2022-05-15 22:53:12Z" duration="0.000161" asserts="0">
              <properties>
                <property name="Category" value="GDX.Tests" />
              </properties>
            </test-case>
            <test-case id="1171" name="GetSingle_Bottom_Inclusive" fullname="GDX.Mathematics.RangeTests.GetSingle_Bottom_Inclusive" methodname="GetSingle_Bottom_Inclusive" classname="GDX.Mathematics.RangeTests" runstate="Runnable" seed="1106065512" result="Passed" start-time="2022-05-15 22:53:12Z" end-time="2022-05-15 22:53:12Z" duration="0.000166" asserts="0">
              <properties>
                <property name="Category" value="GDX.Tests" />
              </properties>
            </test-case>
            <test-case id="1173" name="GetSingle_Middle_Inclusive" fullname="GDX.Mathematics.RangeTests.GetSingle_Middle_Inclusive" methodname="GetSingle_Middle_Inclusive" classname="GDX.Mathematics.RangeTests" runstate="Runnable" seed="1475439901" result="Passed" start-time="2022-05-15 22:53:12Z" end-time="2022-05-15 22:53:12Z" duration="0.000172" asserts="0">
              <properties>
                <property name="Category" value="GDX.Tests" />
              </properties>
            </test-case>
            <test-case id="1172" name="GetSingle_Top_Inclusive" fullname="GDX.Mathematics.RangeTests.GetSingle_Top_Inclusive" methodname="GetSingle_Top_Inclusive" classname="GDX.Mathematics.RangeTests" runstate="Runnable" seed="492881978" result="Passed" start-time="2022-05-15 22:53:12Z" end-time="2022-05-15 22:53:12Z" duration="0.000169" asserts="0">
              <properties>
                <property name="Category" value="GDX.Tests" />
              </properties>
            </test-case>
            <test-case id="1174" name="GetUnsignedInteger_Bottom_Inclusive" fullname="GDX.Mathematics.RangeTests.GetUnsignedInteger_Bottom_Inclusive" methodname="GetUnsignedInteger_Bottom_Inclusive" classname="GDX.Mathematics.RangeTests" runstate="Runnable" seed="997884341" result="Passed" start-time="2022-05-15 22:53:12Z" end-time="2022-05-15 22:53:12Z" duration="0.000509" asserts="0">
              <properties>
                <property name="Category" value="GDX.Tests" />
              </properties>
            </test-case>
            <test-case id="1176" name="GetUnsignedInteger_Middle_Inclusive" fullname="GDX.Mathematics.RangeTests.GetUnsignedInteger_Middle_Inclusive" methodname="GetUnsignedInteger_Middle_Inclusive" classname="GDX.Mathematics.RangeTests" runstate="Runnable" seed="240378137" result="Passed" start-time="2022-05-15 22:53:12Z" end-time="2022-05-15 22:53:12Z" duration="0.000350" asserts="0">
              <properties>
                <property name="Category" value="GDX.Tests" />
              </properties>
            </test-case>
            <test-case id="1175" name="GetUnsignedInteger_Top_Inclusive" fullname="GDX.Mathematics.RangeTests.GetUnsignedInteger_Top_Inclusive" methodname="GetUnsignedInteger_Top_Inclusive" classname="GDX.Mathematics.RangeTests" runstate="Runnable" seed="1957447112" result="Passed" start-time="2022-05-15 22:53:12Z" end-time="2022-05-15 22:53:12Z" duration="0.000189" asserts="0">
              <properties>
                <property name="Category" value="GDX.Tests" />
              </properties>
            </test-case>
          </test-suite>
        </test-suite>
        <test-suite type="TestFixture" id="1061" name="SegmentedStringTests" fullname="GDX.SegmentedStringTests" classname="GDX.SegmentedStringTests" runstate="Runnable" testcasecount="2" result="Passed" start-time="2022-05-15 22:53:12Z" end-time="2022-05-15 22:53:12Z" duration="0.005645" total="2" passed="2" failed="0" inconclusive="0" skipped="0" asserts="0">
          <properties />
          <test-case id="1062" name="GetSegment_MockData_Matches" fullname="GDX.SegmentedStringTests.GetSegment_MockData_Matches" methodname="GetSegment_MockData_Matches" classname="GDX.SegmentedStringTests" runstate="Runnable" seed="219297175" result="Passed" start-time="2022-05-15 22:53:12Z" end-time="2022-05-15 22:53:12Z" duration="0.000964" asserts="0">
            <properties>
              <property name="Category" value="GDX.Tests" />
            </properties>
          </test-case>
          <test-case id="1063" name="SplitOnNonAlphaNumericToLowerHashed_MockData_ValidHashCodes" fullname="GDX.SegmentedStringTests.SplitOnNonAlphaNumericToLowerHashed_MockData_ValidHashCodes" methodname="SplitOnNonAlphaNumericToLowerHashed_MockData_ValidHashCodes" classname="GDX.SegmentedStringTests" runstate="Runnable" seed="911152093" result="Passed" start-time="2022-05-15 22:53:12Z" end-time="2022-05-15 22:53:12Z" duration="0.000707" asserts="0">
            <properties>
              <property name="Category" value="GDX.Tests" />
            </properties>
          </test-case>
        </test-suite>
        <test-suite type="TestFixture" id="1064" name="SimpleListExtensionsTests" fullname="GDX.SimpleListExtensionsTests" classname="GDX.SimpleListExtensionsTests" runstate="Runnable" testcasecount="24" result="Passed" start-time="2022-05-15 22:53:12Z" end-time="2022-05-15 22:53:12Z" duration="0.025043" total="24" passed="24" failed="0" inconclusive="0" skipped="0" asserts="0">
          <properties />
          <test-case id="1067" name="AddUncheckedUniqueItem_NonUniqueString_ReturnsFalse" fullname="GDX.SimpleListExtensionsTests.AddUncheckedUniqueItem_NonUniqueString_ReturnsFalse" methodname="AddUncheckedUniqueItem_NonUniqueString_ReturnsFalse" classname="GDX.SimpleListExtensionsTests" runstate="Runnable" seed="1296087586" result="Passed" start-time="2022-05-15 22:53:12Z" end-time="2022-05-15 22:53:12Z" duration="0.001567" asserts="0">
            <properties>
              <property name="Category" value="GDX.Tests" />
            </properties>
          </test-case>
          <test-case id="1069" name="AddUncheckedUniqueItem_UniqueStringWithNoRoom_ThrowsException" fullname="GDX.SimpleListExtensionsTests.AddUncheckedUniqueItem_UniqueStringWithNoRoom_ThrowsException" methodname="AddUncheckedUniqueItem_UniqueStringWithNoRoom_ThrowsException" classname="GDX.SimpleListExtensionsTests" runstate="Runnable" seed="437891860" result="Passed" start-time="2022-05-15 22:53:12Z" end-time="2022-05-15 22:53:12Z" duration="0.000505" asserts="0">
            <properties>
              <property name="Category" value="GDX.Tests" />
            </properties>
          </test-case>
          <test-case id="1068" name="AddUncheckedUniqueItem_UniqueStringWithRoom_NoException" fullname="GDX.SimpleListExtensionsTests.AddUncheckedUniqueItem_UniqueStringWithRoom_NoException" methodname="AddUncheckedUniqueItem_UniqueStringWithRoom_NoException" classname="GDX.SimpleListExtensionsTests" runstate="Runnable" seed="473607446" result="Passed" start-time="2022-05-15 22:53:12Z" end-time="2022-05-15 22:53:12Z" duration="0.001081" asserts="0">
            <properties>
              <property name="Category" value="GDX.Tests" />
            </properties>
          </test-case>
          <test-case id="1072" name="AddUncheckedUniqueReference_NonUniqueString_ReturnsFalse" fullname="GDX.SimpleListExtensionsTests.AddUncheckedUniqueReference_NonUniqueString_ReturnsFalse" methodname="AddUncheckedUniqueReference_NonUniqueString_ReturnsFalse" classname="GDX.SimpleListExtensionsTests" runstate="Runnable" seed="783944007" result="Passed" start-time="2022-05-15 22:53:12Z" end-time="2022-05-15 22:53:12Z" duration="0.000563" asserts="0">
            <properties>
              <property name="Category" value="GDX.Tests" />
            </properties>
          </test-case>
          <test-case id="1074" name="AddUncheckedUniqueReference_UniqueStringWithNoRoom_ThrowsException" fullname="GDX.SimpleListExtensionsTests.AddUncheckedUniqueReference_UniqueStringWithNoRoom_ThrowsException" methodname="AddUncheckedUniqueReference_UniqueStringWithNoRoom_ThrowsException" classname="GDX.SimpleListExtensionsTests" runstate="Runnable" seed="1629288001" result="Passed" start-time="2022-05-15 22:53:12Z" end-time="2022-05-15 22:53:12Z" duration="0.000506" asserts="0">
            <properties>
              <property name="Category" value="GDX.Tests" />
            </properties>
          </test-case>
          <test-case id="1073" name="AddUncheckedUniqueReference_UniqueStringWithRoom_NoException" fullname="GDX.SimpleListExtensionsTests.AddUncheckedUniqueReference_UniqueStringWithRoom_NoException" methodname="AddUncheckedUniqueReference_UniqueStringWithRoom_NoException" classname="GDX.SimpleListExtensionsTests" runstate="Runnable" seed="812383081" result="Passed" start-time="2022-05-15 22:53:12Z" end-time="2022-05-15 22:53:12Z" duration="0.000503" asserts="0">
            <properties>
              <property name="Category" value="GDX.Tests" />
            </properties>
          </test-case>
          <test-case id="1065" name="AddWithExpandCheckUniqueItem_NonUniqueString_ReturnsFalse" fullname="GDX.SimpleListExtensionsTests.AddWithExpandCheckUniqueItem_NonUniqueString_ReturnsFalse" methodname="AddWithExpandCheckUniqueItem_NonUniqueString_ReturnsFalse" classname="GDX.SimpleListExtensionsTests" runstate="Runnable" seed="1822315141" result="Passed" start-time="2022-05-15 22:53:12Z" end-time="2022-05-15 22:53:12Z" duration="0.000468" asserts="0">
            <properties>
              <property name="Category" value="GDX.Tests" />
            </properties>
          </test-case>
          <test-case id="1066" name="AddWithExpandCheckUniqueItem_UniqueString_ReturnsTrue" fullname="GDX.SimpleListExtensionsTests.AddWithExpandCheckUniqueItem_UniqueString_ReturnsTrue" methodname="AddWithExpandCheckUniqueItem_UniqueString_ReturnsTrue" classname="GDX.SimpleListExtensionsTests" runstate="Runnable" seed="1936842586" result="Passed" start-time="2022-05-15 22:53:12Z" end-time="2022-05-15 22:53:12Z" duration="0.000349" asserts="0">
            <properties>
              <property name="Category" value="GDX.Tests" />
            </properties>
          </test-case>
          <test-case id="1070" name="AddWithExpandCheckUniqueReference_NonUniqueString_ReturnsFalse" fullname="GDX.SimpleListExtensionsTests.AddWithExpandCheckUniqueReference_NonUniqueString_ReturnsFalse" methodname="AddWithExpandCheckUniqueReference_NonUniqueString_ReturnsFalse" classname="GDX.SimpleListExtensionsTests" runstate="Runnable" seed="279952748" result="Passed" start-time="2022-05-15 22:53:12Z" end-time="2022-05-15 22:53:12Z" duration="0.000461" asserts="0">
            <properties>
              <property name="Category" value="GDX.Tests" />
            </properties>
          </test-case>
          <test-case id="1071" name="AddWithExpandCheckUniqueReference_UniqueString_ReturnsTrue" fullname="GDX.SimpleListExtensionsTests.AddWithExpandCheckUniqueReference_UniqueString_ReturnsTrue" methodname="AddWithExpandCheckUniqueReference_UniqueString_ReturnsTrue" classname="GDX.SimpleListExtensionsTests" runstate="Runnable" seed="583871713" result="Passed" start-time="2022-05-15 22:53:12Z" end-time="2022-05-15 22:53:12Z" duration="0.000327" asserts="0">
            <properties>
              <property name="Category" value="GDX.Tests" />
            </properties>
          </test-case>
          <test-case id="1076" name="ContainsItem_Object_ReturnsTrue" fullname="GDX.SimpleListExtensionsTests.ContainsItem_Object_ReturnsTrue" methodname="ContainsItem_Object_ReturnsTrue" classname="GDX.SimpleListExtensionsTests" runstate="Runnable" seed="670497529" result="Passed" start-time="2022-05-15 22:53:12Z" end-time="2022-05-15 22:53:12Z" duration="0.000458" asserts="0">
            <properties>
              <property name="Category" value="GDX.Tests" />
            </properties>
          </test-case>
          <test-case id="1075" name="ContainsItem_String_ReturnsTrue" fullname="GDX.SimpleListExtensionsTests.ContainsItem_String_ReturnsTrue" methodname="ContainsItem_String_ReturnsTrue" classname="GDX.SimpleListExtensionsTests" runstate="Runnable" seed="1513858104" result="Passed" start-time="2022-05-15 22:53:12Z" end-time="2022-05-15 22:53:12Z" duration="0.000338" asserts="0">
            <properties>
              <property name="Category" value="GDX.Tests" />
            </properties>
          </test-case>
          <test-case id="1078" name="ContainsReference_Object_ReturnsTrue" fullname="GDX.SimpleListExtensionsTests.ContainsReference_Object_ReturnsTrue" methodname="ContainsReference_Object_ReturnsTrue" classname="GDX.SimpleListExtensionsTests" runstate="Runnable" seed="1481632735" result="Passed" start-time="2022-05-15 22:53:12Z" end-time="2022-05-15 22:53:12Z" duration="0.000350" asserts="0">
            <properties>
              <property name="Category" value="GDX.Tests" />
            </properties>
          </test-case>
          <test-case id="1077" name="ContainsReference_String_ReturnsTrue" fullname="GDX.SimpleListExtensionsTests.ContainsReference_String_ReturnsTrue" methodname="ContainsReference_String_ReturnsTrue" classname="GDX.SimpleListExtensionsTests" runstate="Runnable" seed="845146155" result="Passed" start-time="2022-05-15 22:53:12Z" end-time="2022-05-15 22:53:12Z" duration="0.000311" asserts="0">
            <properties>
              <property name="Category" value="GDX.Tests" />
            </properties>
          </test-case>
          <test-case id="1080" name="RemoveFirstItem_MockData_NoItemReturnsFalse" fullname="GDX.SimpleListExtensionsTests.RemoveFirstItem_MockData_NoItemReturnsFalse" methodname="RemoveFirstItem_MockData_NoItemReturnsFalse" classname="GDX.SimpleListExtensionsTests" runstate="Runnable" seed="1970376200" result="Passed" start-time="2022-05-15 22:53:12Z" end-time="2022-05-15 22:53:12Z" duration="0.000500" asserts="0">
            <properties>
              <property name="Category" value="GDX.Tests" />
            </properties>
          </test-case>
          <test-case id="1079" name="RemoveFirstItem_MockData_RemovedItem" fullname="GDX.SimpleListExtensionsTests.RemoveFirstItem_MockData_RemovedItem" methodname="RemoveFirstItem_MockData_RemovedItem" classname="GDX.SimpleListExtensionsTests" runstate="Runnable" seed="1819180869" result="Passed" start-time="2022-05-15 22:53:12Z" end-time="2022-05-15 22:53:12Z" duration="0.000383" asserts="0">
            <properties>
              <property name="Category" value="GDX.Tests" />
            </properties>
          </test-case>
          <test-case id="1082" name="RemoveFirstReference_MockData_NoItemReturnsFalse" fullname="GDX.SimpleListExtensionsTests.RemoveFirstReference_MockData_NoItemReturnsFalse" methodname="RemoveFirstReference_MockData_NoItemReturnsFalse" classname="GDX.SimpleListExtensionsTests" runstate="Runnable" seed="1724574422" result="Passed" start-time="2022-05-15 22:53:12Z" end-time="2022-05-15 22:53:12Z" duration="0.000487" asserts="0">
            <properties>
              <property name="Category" value="GDX.Tests" />
            </properties>
          </test-case>
          <test-case id="1081" name="RemoveFirstReference_MockData_RemovedItem" fullname="GDX.SimpleListExtensionsTests.RemoveFirstReference_MockData_RemovedItem" methodname="RemoveFirstReference_MockData_RemovedItem" classname="GDX.SimpleListExtensionsTests" runstate="Runnable" seed="224708370" result="Passed" start-time="2022-05-15 22:53:12Z" end-time="2022-05-15 22:53:12Z" duration="0.000396" asserts="0">
            <properties>
              <property name="Category" value="GDX.Tests" />
            </properties>
          </test-case>
          <test-case id="1083" name="RemoveItems_MockData_RemovedItems" fullname="GDX.SimpleListExtensionsTests.RemoveItems_MockData_RemovedItems" methodname="RemoveItems_MockData_RemovedItems" classname="GDX.SimpleListExtensionsTests" runstate="Runnable" seed="784356111" result="Passed" start-time="2022-05-15 22:53:12Z" end-time="2022-05-15 22:53:12Z" duration="0.000512" asserts="0">
            <properties>
              <property name="Category" value="GDX.Tests" />
            </properties>
          </test-case>
          <test-case id="1086" name="RemoveLastItem_MockData_NoItemReturnsFalse" fullname="GDX.SimpleListExtensionsTests.RemoveLastItem_MockData_NoItemReturnsFalse" methodname="RemoveLastItem_MockData_NoItemReturnsFalse" classname="GDX.SimpleListExtensionsTests" runstate="Runnable" seed="604900021" result="Passed" start-time="2022-05-15 22:53:12Z" end-time="2022-05-15 22:53:12Z" duration="0.000482" asserts="0">
            <properties>
              <property name="Category" value="GDX.Tests" />
            </properties>
          </test-case>
          <test-case id="1085" name="RemoveLastItem_MockData_RemovedItem" fullname="GDX.SimpleListExtensionsTests.RemoveLastItem_MockData_RemovedItem" methodname="RemoveLastItem_MockData_RemovedItem" classname="GDX.SimpleListExtensionsTests" runstate="Runnable" seed="1702652043" result="Passed" start-time="2022-05-15 22:53:12Z" end-time="2022-05-15 22:53:12Z" duration="0.000375" asserts="0">
            <properties>
              <property name="Category" value="GDX.Tests" />
            </properties>
          </test-case>
          <test-case id="1088" name="RemoveLastReference_MockData_NoItemReturnsFalse" fullname="GDX.SimpleListExtensionsTests.RemoveLastReference_MockData_NoItemReturnsFalse" methodname="RemoveLastReference_MockData_NoItemReturnsFalse" classname="GDX.SimpleListExtensionsTests" runstate="Runnable" seed="1964075914" result="Passed" start-time="2022-05-15 22:53:12Z" end-time="2022-05-15 22:53:12Z" duration="0.000486" asserts="0">
            <properties>
              <property name="Category" value="GDX.Tests" />
            </properties>
          </test-case>
          <test-case id="1087" name="RemoveLastReference_MockData_RemovedItem" fullname="GDX.SimpleListExtensionsTests.RemoveLastReference_MockData_RemovedItem" methodname="RemoveLastReference_MockData_RemovedItem" classname="GDX.SimpleListExtensionsTests" runstate="Runnable" seed="1876381366" result="Passed" start-time="2022-05-15 22:53:12Z" end-time="2022-05-15 22:53:12Z" duration="0.000383" asserts="0">
            <properties>
              <property name="Category" value="GDX.Tests" />
            </properties>
          </test-case>
          <test-case id="1084" name="RemoveReferences_MockData_RemovedItems" fullname="GDX.SimpleListExtensionsTests.RemoveReferences_MockData_RemovedItems" methodname="RemoveReferences_MockData_RemovedItems" classname="GDX.SimpleListExtensionsTests" runstate="Runnable" seed="910155316" result="Passed" start-time="2022-05-15 22:53:12Z" end-time="2022-05-15 22:53:12Z" duration="0.000484" asserts="0">
            <properties>
              <property name="Category" value="GDX.Tests" />
            </properties>
          </test-case>
        </test-suite>
        <test-suite type="TestFixture" id="1096" name="StringExtensionsTests" fullname="GDX.StringExtensionsTests" classname="GDX.StringExtensionsTests" runstate="Runnable" testcasecount="36" result="Passed" start-time="2022-05-15 22:53:12Z" end-time="2022-05-15 22:53:12Z" duration="0.044071" total="36" passed="36" failed="0" inconclusive="0" skipped="0" asserts="0">
          <properties />
          <test-case id="1127" name="Concatenate_Simple_NoSuffix" fullname="GDX.StringExtensionsTests.Concatenate_Simple_NoSuffix" methodname="Concatenate_Simple_NoSuffix" classname="GDX.StringExtensionsTests" runstate="Runnable" seed="1574190333" result="Passed" start-time="2022-05-15 22:53:12Z" end-time="2022-05-15 22:53:12Z" duration="0.000803" asserts="0">
            <properties>
              <property name="Category" value="GDX.Tests" />
            </properties>
          </test-case>
          <test-case id="1128" name="Concatenate_Simple_Suffix" fullname="GDX.StringExtensionsTests.Concatenate_Simple_Suffix" methodname="Concatenate_Simple_Suffix" classname="GDX.StringExtensionsTests" runstate="Runnable" seed="1399788149" result="Passed" start-time="2022-05-15 22:53:12Z" end-time="2022-05-15 22:53:12Z" duration="0.000352" asserts="0">
            <properties>
              <property name="Category" value="GDX.Tests" />
            </properties>
          </test-case>
          <test-case id="1125" name="CountOccurence_TwoMockData_ReturnsTwo" fullname="GDX.StringExtensionsTests.CountOccurence_TwoMockData_ReturnsTwo" methodname="CountOccurence_TwoMockData_ReturnsTwo" classname="GDX.StringExtensionsTests" runstate="Runnable" seed="1054270499" result="Passed" start-time="2022-05-15 22:53:12Z" end-time="2022-05-15 22:53:12Z" duration="0.000400" asserts="0">
            <properties>
              <property name="Category" value="GDX.Tests" />
            </properties>
          </test-case>
          <test-case id="1126" name="CountOccurence_ZeroMockData_ReturnsTwo" fullname="GDX.StringExtensionsTests.CountOccurence_ZeroMockData_ReturnsTwo" methodname="CountOccurence_ZeroMockData_ReturnsTwo" classname="GDX.StringExtensionsTests" runstate="Runnable" seed="1577413531" result="Passed" start-time="2022-05-15 22:53:12Z" end-time="2022-05-15 22:53:12Z" duration="0.000271" asserts="0">
            <properties>
              <property name="Category" value="GDX.Tests" />
            </properties>
          </test-case>
          <test-case id="1121" name="Encrypt_Decrypt_IsEqual" fullname="GDX.StringExtensionsTests.Encrypt_Decrypt_IsEqual" methodname="Encrypt_Decrypt_IsEqual" classname="GDX.StringExtensionsTests" runstate="Runnable" seed="1313895015" result="Passed" start-time="2022-05-15 22:53:12Z" end-time="2022-05-15 22:53:12Z" duration="0.014057" asserts="0">
            <properties>
              <property name="Category" value="GDX.Tests" />
            </properties>
          </test-case>
          <test-case id="1122" name="Encrypt_MockData_ReturnsString" fullname="GDX.StringExtensionsTests.Encrypt_MockData_ReturnsString" methodname="Encrypt_MockData_ReturnsString" classname="GDX.StringExtensionsTests" runstate="Runnable" seed="1587753958" result="Passed" start-time="2022-05-15 22:53:12Z" end-time="2022-05-15 22:53:12Z" duration="0.000387" asserts="0">
            <properties>
              <property name="Category" value="GDX.Tests" />
            </properties>
          </test-case>
          <test-case id="1097" name="GetAfterFirst_MockData_ReturnsString" fullname="GDX.StringExtensionsTests.GetAfterFirst_MockData_ReturnsString" methodname="GetAfterFirst_MockData_ReturnsString" classname="GDX.StringExtensionsTests" runstate="Runnable" seed="1706212332" result="Passed" start-time="2022-05-15 22:53:12Z" end-time="2022-05-15 22:53:12Z" duration="0.000389" asserts="0">
            <properties>
              <property name="Category" value="GDX.Tests" />
            </properties>
          </test-case>
          <test-case id="1098" name="GetAfterLast_MockData_ReturnsString" fullname="GDX.StringExtensionsTests.GetAfterLast_MockData_ReturnsString" methodname="GetAfterLast_MockData_ReturnsString" classname="GDX.StringExtensionsTests" runstate="Runnable" seed="1445259594" result="Passed" start-time="2022-05-15 22:53:12Z" end-time="2022-05-15 22:53:12Z" duration="0.000631" asserts="0">
            <properties>
              <property name="Category" value="GDX.Tests" />
            </properties>
          </test-case>
          <test-case id="1099" name="GetBeforeFirst_MockData_ReturnsEmptyString" fullname="GDX.StringExtensionsTests.GetBeforeFirst_MockData_ReturnsEmptyString" methodname="GetBeforeFirst_MockData_ReturnsEmptyString" classname="GDX.StringExtensionsTests" runstate="Runnable" seed="1235641786" result="Passed" start-time="2022-05-15 22:53:12Z" end-time="2022-05-15 22:53:12Z" duration="0.000350" asserts="0">
            <properties>
              <property name="Category" value="GDX.Tests" />
            </properties>
          </test-case>
          <test-case id="1100" name="GetBeforeLast_MockData_ReturnsString" fullname="GDX.StringExtensionsTests.GetBeforeLast_MockData_ReturnsString" methodname="GetBeforeLast_MockData_ReturnsString" classname="GDX.StringExtensionsTests" runstate="Runnable" seed="1372076014" result="Passed" start-time="2022-05-15 22:53:12Z" end-time="2022-05-15 22:53:12Z" duration="0.000348" asserts="0">
            <properties>
              <property name="Category" value="GDX.Tests" />
            </properties>
          </test-case>
          <test-case id="1123" name="GetStableLowerCaseHashCode_ToLowerGetStableHashCode_IsEqual" fullname="GDX.StringExtensionsTests.GetStableLowerCaseHashCode_ToLowerGetStableHashCode_IsEqual" methodname="GetStableLowerCaseHashCode_ToLowerGetStableHashCode_IsEqual" classname="GDX.StringExtensionsTests" runstate="Runnable" seed="799068829" result="Passed" start-time="2022-05-15 22:53:12Z" end-time="2022-05-15 22:53:12Z" duration="0.000353" asserts="0">
            <properties>
              <property name="Category" value="GDX.Tests" />
            </properties>
          </test-case>
          <test-case id="1124" name="GetStableUpperCaseHashCode_ToUpperGetStableHashCode_IsEqual" fullname="GDX.StringExtensionsTests.GetStableUpperCaseHashCode_ToUpperGetStableHashCode_IsEqual" methodname="GetStableUpperCaseHashCode_ToUpperGetStableHashCode_IsEqual" classname="GDX.StringExtensionsTests" runstate="Runnable" seed="972835619" result="Passed" start-time="2022-05-15 22:53:12Z" end-time="2022-05-15 22:53:12Z" duration="0.000347" asserts="0">
            <properties>
              <property name="Category" value="GDX.Tests" />
            </properties>
          </test-case>
          <test-case id="1104" name="HasLowerCase_MixedCaseString_ReturnsTrue" fullname="GDX.StringExtensionsTests.HasLowerCase_MixedCaseString_ReturnsTrue" methodname="HasLowerCase_MixedCaseString_ReturnsTrue" classname="GDX.StringExtensionsTests" runstate="Runnable" seed="578678317" result="Passed" start-time="2022-05-15 22:53:12Z" end-time="2022-05-15 22:53:12Z" duration="0.000361" asserts="0">
            <properties>
              <property name="Category" value="GDX.Tests" />
            </properties>
          </test-case>
          <test-case id="1102" name="HasLowerCase_UpperCaseString_ReturnsFalse" fullname="GDX.StringExtensionsTests.HasLowerCase_UpperCaseString_ReturnsFalse" methodname="HasLowerCase_UpperCaseString_ReturnsFalse" classname="GDX.StringExtensionsTests" runstate="Runnable" seed="57516372" result="Passed" start-time="2022-05-15 22:53:12Z" end-time="2022-05-15 22:53:12Z" duration="0.000284" asserts="0">
            <properties>
              <property name="Category" value="GDX.Tests" />
            </properties>
          </test-case>
          <test-case id="1101" name="HasUpperCase_LowerCaseString_ReturnsFalse" fullname="GDX.StringExtensionsTests.HasUpperCase_LowerCaseString_ReturnsFalse" methodname="HasUpperCase_LowerCaseString_ReturnsFalse" classname="GDX.StringExtensionsTests" runstate="Runnable" seed="778268644" result="Passed" start-time="2022-05-15 22:53:12Z" end-time="2022-05-15 22:53:12Z" duration="0.000357" asserts="0">
            <properties>
              <property name="Category" value="GDX.Tests" />
            </properties>
          </test-case>
          <test-case id="1103" name="HasUpperCase_MixedCaseString_ReturnsTrue" fullname="GDX.StringExtensionsTests.HasUpperCase_MixedCaseString_ReturnsTrue" methodname="HasUpperCase_MixedCaseString_ReturnsTrue" classname="GDX.StringExtensionsTests" runstate="Runnable" seed="8707244" result="Passed" start-time="2022-05-15 22:53:12Z" end-time="2022-05-15 22:53:12Z" duration="0.000252" asserts="0">
            <properties>
              <property name="Category" value="GDX.Tests" />
            </properties>
          </test-case>
          <test-case id="1108" name="IsBooleanPositiveValue_BadString_ReturnsFalse" fullname="GDX.StringExtensionsTests.IsBooleanPositiveValue_BadString_ReturnsFalse" methodname="IsBooleanPositiveValue_BadString_ReturnsFalse" classname="GDX.StringExtensionsTests" runstate="Runnable" seed="1144055464" result="Passed" start-time="2022-05-15 22:53:12Z" end-time="2022-05-15 22:53:12Z" duration="0.000333" asserts="0">
            <properties>
              <property name="Category" value="GDX.Tests" />
            </properties>
          </test-case>
          <test-case id="1105" name="IsBooleanPositiveValue_TrueString_ReturnsTrue" fullname="GDX.StringExtensionsTests.IsBooleanPositiveValue_TrueString_ReturnsTrue" methodname="IsBooleanPositiveValue_TrueString_ReturnsTrue" classname="GDX.StringExtensionsTests" runstate="Runnable" seed="723544909" result="Passed" start-time="2022-05-15 22:53:12Z" end-time="2022-05-15 22:53:12Z" duration="0.000265" asserts="0">
            <properties>
              <property name="Category" value="GDX.Tests" />
            </properties>
          </test-case>
          <test-case id="1107" name="IsBooleanValue_BadString_ReturnsFalse" fullname="GDX.StringExtensionsTests.IsBooleanValue_BadString_ReturnsFalse" methodname="IsBooleanValue_BadString_ReturnsFalse" classname="GDX.StringExtensionsTests" runstate="Runnable" seed="2028168161" result="Passed" start-time="2022-05-15 22:53:12Z" end-time="2022-05-15 22:53:12Z" duration="0.000344" asserts="0">
            <properties>
              <property name="Category" value="GDX.Tests" />
            </properties>
          </test-case>
          <test-case id="1106" name="IsBooleanValue_OffString_ReturnsTrue" fullname="GDX.StringExtensionsTests.IsBooleanValue_OffString_ReturnsTrue" methodname="IsBooleanValue_OffString_ReturnsTrue" classname="GDX.StringExtensionsTests" runstate="Runnable" seed="330226322" result="Passed" start-time="2022-05-15 22:53:12Z" end-time="2022-05-15 22:53:12Z" duration="0.000261" asserts="0">
            <properties>
              <property name="Category" value="GDX.Tests" />
            </properties>
          </test-case>
          <test-case id="1112" name="IsIntegerValue_BadString_ReturnsFalse" fullname="GDX.StringExtensionsTests.IsIntegerValue_BadString_ReturnsFalse" methodname="IsIntegerValue_BadString_ReturnsFalse" classname="GDX.StringExtensionsTests" runstate="Runnable" seed="1191712890" result="Passed" start-time="2022-05-15 22:53:12Z" end-time="2022-05-15 22:53:12Z" duration="0.000484" asserts="0">
            <properties>
              <property name="Category" value="GDX.Tests" />
            </properties>
          </test-case>
          <test-case id="1113" name="IsIntegerValue_MixedString_ReturnsFalse" fullname="GDX.StringExtensionsTests.IsIntegerValue_MixedString_ReturnsFalse" methodname="IsIntegerValue_MixedString_ReturnsFalse" classname="GDX.StringExtensionsTests" runstate="Runnable" seed="52724269" result="Passed" start-time="2022-05-15 22:53:12Z" end-time="2022-05-15 22:53:12Z" duration="0.000264" asserts="0">
            <properties>
              <property name="Category" value="GDX.Tests" />
            </properties>
          </test-case>
          <test-case id="1111" name="IsIntegerValue_NegativeNumber_ReturnsTrue" fullname="GDX.StringExtensionsTests.IsIntegerValue_NegativeNumber_ReturnsTrue" methodname="IsIntegerValue_NegativeNumber_ReturnsTrue" classname="GDX.StringExtensionsTests" runstate="Runnable" seed="203405214" result="Passed" start-time="2022-05-15 22:53:12Z" end-time="2022-05-15 22:53:12Z" duration="0.000261" asserts="0">
            <properties>
              <property name="Category" value="GDX.Tests" />
            </properties>
          </test-case>
          <test-case id="1109" name="IsIntegerValue_NullNumber_ReturnsFalse" fullname="GDX.StringExtensionsTests.IsIntegerValue_NullNumber_ReturnsFalse" methodname="IsIntegerValue_NullNumber_ReturnsFalse" classname="GDX.StringExtensionsTests" runstate="Runnable" seed="1133290663" result="Passed" start-time="2022-05-15 22:53:12Z" end-time="2022-05-15 22:53:12Z" duration="0.000261" asserts="0">
            <properties>
              <property name="Category" value="GDX.Tests" />
            </properties>
          </test-case>
          <test-case id="1110" name="IsIntegerValue_PositiveNumber_ReturnsTrue" fullname="GDX.StringExtensionsTests.IsIntegerValue_PositiveNumber_ReturnsTrue" methodname="IsIntegerValue_PositiveNumber_ReturnsTrue" classname="GDX.StringExtensionsTests" runstate="Runnable" seed="786054898" result="Passed" start-time="2022-05-15 22:53:12Z" end-time="2022-05-15 22:53:12Z" duration="0.000260" asserts="0">
            <properties>
              <property name="Category" value="GDX.Tests" />
            </properties>
          </test-case>
          <test-case id="1116" name="IsNumericValue_Characters_ReturnsFalse" fullname="GDX.StringExtensionsTests.IsNumericValue_Characters_ReturnsFalse" methodname="IsNumericValue_Characters_ReturnsFalse" classname="GDX.StringExtensionsTests" runstate="Runnable" seed="2022170961" result="Passed" start-time="2022-05-15 22:53:12Z" end-time="2022-05-15 22:53:12Z" duration="0.000258" asserts="0">
            <properties>
              <property name="Category" value="GDX.Tests" />
            </properties>
          </test-case>
          <test-case id="1117" name="IsNumericValue_NegativeNumber_ReturnsTrue" fullname="GDX.StringExtensionsTests.IsNumericValue_NegativeNumber_ReturnsTrue" methodname="IsNumericValue_NegativeNumber_ReturnsTrue" classname="GDX.StringExtensionsTests" runstate="Runnable" seed="825940911" result="Passed" start-time="2022-05-15 22:53:12Z" end-time="2022-05-15 22:53:12Z" duration="0.000262" asserts="0">
            <properties>
              <property name="Category" value="GDX.Tests" />
            </properties>
          </test-case>
          <test-case id="1115" name="IsNumericValue_NullNumber_ReturnsFalse" fullname="GDX.StringExtensionsTests.IsNumericValue_NullNumber_ReturnsFalse" methodname="IsNumericValue_NullNumber_ReturnsFalse" classname="GDX.StringExtensionsTests" runstate="Runnable" seed="1635267035" result="Passed" start-time="2022-05-15 22:53:12Z" end-time="2022-05-15 22:53:12Z" duration="0.000262" asserts="0">
            <properties>
              <property name="Category" value="GDX.Tests" />
            </properties>
          </test-case>
          <test-case id="1114" name="IsNumericValue_PositiveNumber_ReturnsTrue" fullname="GDX.StringExtensionsTests.IsNumericValue_PositiveNumber_ReturnsTrue" methodname="IsNumericValue_PositiveNumber_ReturnsTrue" classname="GDX.StringExtensionsTests" runstate="Runnable" seed="50821640" result="Passed" start-time="2022-05-15 22:53:12Z" end-time="2022-05-15 22:53:12Z" duration="0.000254" asserts="0">
            <properties>
              <property name="Category" value="GDX.Tests" />
            </properties>
          </test-case>
          <test-case id="1118" name="IsNumericValue_TwoDecimals_ReturnsFalse" fullname="GDX.StringExtensionsTests.IsNumericValue_TwoDecimals_ReturnsFalse" methodname="IsNumericValue_TwoDecimals_ReturnsFalse" classname="GDX.StringExtensionsTests" runstate="Runnable" seed="43608195" result="Passed" start-time="2022-05-15 22:53:12Z" end-time="2022-05-15 22:53:12Z" duration="0.000261" asserts="0">
            <properties>
              <property name="Category" value="GDX.Tests" />
            </properties>
          </test-case>
          <test-case id="1131" name="PartialMatch_SimpleList_Found" fullname="GDX.StringExtensionsTests.PartialMatch_SimpleList_Found" methodname="PartialMatch_SimpleList_Found" classname="GDX.StringExtensionsTests" runstate="Runnable" seed="258322906" result="Passed" start-time="2022-05-15 22:53:12Z" end-time="2022-05-15 22:53:12Z" duration="0.000522" asserts="0">
            <properties>
              <property name="Category" value="GDX.Tests" />
            </properties>
          </test-case>
          <test-case id="1132" name="PartialMatch_SimpleList_NotFound" fullname="GDX.StringExtensionsTests.PartialMatch_SimpleList_NotFound" methodname="PartialMatch_SimpleList_NotFound" classname="GDX.StringExtensionsTests" runstate="Runnable" seed="1287715131" result="Passed" start-time="2022-05-15 22:53:12Z" end-time="2022-05-15 22:53:12Z" duration="0.000322" asserts="0">
            <properties>
              <property name="Category" value="GDX.Tests" />
            </properties>
          </test-case>
          <test-case id="1129" name="PartialMatch_StringArray_Found" fullname="GDX.StringExtensionsTests.PartialMatch_StringArray_Found" methodname="PartialMatch_StringArray_Found" classname="GDX.StringExtensionsTests" runstate="Runnable" seed="466662308" result="Passed" start-time="2022-05-15 22:53:12Z" end-time="2022-05-15 22:53:12Z" duration="0.000391" asserts="0">
            <properties>
              <property name="Category" value="GDX.Tests" />
            </properties>
          </test-case>
          <test-case id="1130" name="PartialMatch_StringArray_NotFound" fullname="GDX.StringExtensionsTests.PartialMatch_StringArray_NotFound" methodname="PartialMatch_StringArray_NotFound" classname="GDX.StringExtensionsTests" runstate="Runnable" seed="2094226948" result="Passed" start-time="2022-05-15 22:53:12Z" end-time="2022-05-15 22:53:12Z" duration="0.000277" asserts="0">
            <properties>
              <property name="Category" value="GDX.Tests" />
            </properties>
          </test-case>
          <test-case id="1120" name="SplitCamelCase_camelCase_ReturnsString" fullname="GDX.StringExtensionsTests.SplitCamelCase_camelCase_ReturnsString" methodname="SplitCamelCase_camelCase_ReturnsString" classname="GDX.StringExtensionsTests" runstate="Runnable" seed="416833979" result="Passed" start-time="2022-05-15 22:53:12Z" end-time="2022-05-15 22:53:12Z" duration="0.001229" asserts="0">
            <properties>
              <property name="Category" value="GDX.Tests" />
            </properties>
          </test-case>
          <test-case id="1119" name="SplitCamelCase_CamelCase_ReturnsString" fullname="GDX.StringExtensionsTests.SplitCamelCase_CamelCase_ReturnsString" methodname="SplitCamelCase_CamelCase_ReturnsString" classname="GDX.StringExtensionsTests" runstate="Runnable" seed="1593967729" result="Passed" start-time="2022-05-15 22:53:12Z" end-time="2022-05-15 22:53:12Z" duration="0.000328" asserts="0">
            <properties>
              <property name="Category" value="GDX.Tests" />
            </properties>
          </test-case>
        </test-suite>
        <test-suite type="TestFixture" id="1133" name="Vector2ExtensionsTests" fullname="GDX.Vector2ExtensionsTests" classname="GDX.Vector2ExtensionsTests" runstate="Runnable" testcasecount="14" result="Passed" start-time="2022-05-15 22:53:12Z" end-time="2022-05-15 22:53:12Z" duration="0.013457" total="14" passed="14" failed="0" inconclusive="0" skipped="0" asserts="0">
          <properties />
          <test-case id="1134" name="Approximately_FiveMillionths_ReturnsFalse" fullname="GDX.Vector2ExtensionsTests.Approximately_FiveMillionths_ReturnsFalse" methodname="Approximately_FiveMillionths_ReturnsFalse" classname="GDX.Vector2ExtensionsTests" runstate="Runnable" seed="926331819" result="Passed" start-time="2022-05-15 22:53:12Z" end-time="2022-05-15 22:53:12Z" duration="0.000472" asserts="0">
            <properties>
              <property name="Category" value="GDX.Tests" />
            </properties>
          </test-case>
          <test-case id="1135" name="Approximately_One_ReturnsTrue" fullname="GDX.Vector2ExtensionsTests.Approximately_One_ReturnsTrue" methodname="Approximately_One_ReturnsTrue" classname="GDX.Vector2ExtensionsTests" runstate="Runnable" seed="1830839718" result="Passed" start-time="2022-05-15 22:53:12Z" end-time="2022-05-15 22:53:12Z" duration="0.000220" asserts="0">
            <properties>
              <property name="Category" value="GDX.Tests" />
            </properties>
          </test-case>
          <test-case id="1136" name="Approximately_OneMillionth_ReturnsTrue" fullname="GDX.Vector2ExtensionsTests.Approximately_OneMillionth_ReturnsTrue" methodname="Approximately_OneMillionth_ReturnsTrue" classname="GDX.Vector2ExtensionsTests" runstate="Runnable" seed="1375214610" result="Passed" start-time="2022-05-15 22:53:12Z" end-time="2022-05-15 22:53:12Z" duration="0.000217" asserts="0">
            <properties>
              <property name="Category" value="GDX.Tests" />
            </properties>
          </test-case>
          <test-case id="1137" name="Approximately_Zero_ReturnsTrue" fullname="GDX.Vector2ExtensionsTests.Approximately_Zero_ReturnsTrue" methodname="Approximately_Zero_ReturnsTrue" classname="GDX.Vector2ExtensionsTests" runstate="Runnable" seed="503631377" result="Passed" start-time="2022-05-15 22:53:12Z" end-time="2022-05-15 22:53:12Z" duration="0.000214" asserts="0">
            <properties>
              <property name="Category" value="GDX.Tests" />
            </properties>
          </test-case>
          <test-case id="1138" name="Midpoint_ZeroAndOne_ReturnsHalf" fullname="GDX.Vector2ExtensionsTests.Midpoint_ZeroAndOne_ReturnsHalf" methodname="Midpoint_ZeroAndOne_ReturnsHalf" classname="GDX.Vector2ExtensionsTests" runstate="Runnable" seed="26905582" result="Passed" start-time="2022-05-15 22:53:12Z" end-time="2022-05-15 22:53:12Z" duration="0.000343" asserts="0">
            <properties>
              <property name="Category" value="GDX.Tests" />
            </properties>
          </test-case>
          <test-case id="1139" name="NearestIndex_MockData_ReturnsClosest" fullname="GDX.Vector2ExtensionsTests.NearestIndex_MockData_ReturnsClosest" methodname="NearestIndex_MockData_ReturnsClosest" classname="GDX.Vector2ExtensionsTests" runstate="Runnable" seed="432034853" result="Passed" start-time="2022-05-15 22:53:12Z" end-time="2022-05-15 22:53:12Z" duration="0.000589" asserts="0">
            <properties>
              <property name="Category" value="GDX.Tests" />
            </properties>
          </test-case>
          <test-case id="1140" name="NearestIndex_NullInput_ReturnsNegativeOne" fullname="GDX.Vector2ExtensionsTests.NearestIndex_NullInput_ReturnsNegativeOne" methodname="NearestIndex_NullInput_ReturnsNegativeOne" classname="GDX.Vector2ExtensionsTests" runstate="Runnable" seed="2063159500" result="Passed" start-time="2022-05-15 22:53:12Z" end-time="2022-05-15 22:53:12Z" duration="0.000274" asserts="0">
            <properties>
              <property name="Category" value="GDX.Tests" />
            </properties>
          </test-case>
          <test-case id="1142" name="Slope_MockData_ReturnsSlope" fullname="GDX.Vector2ExtensionsTests.Slope_MockData_ReturnsSlope" methodname="Slope_MockData_ReturnsSlope" classname="GDX.Vector2ExtensionsTests" runstate="Runnable" seed="1029170764" result="Passed" start-time="2022-05-15 22:53:12Z" end-time="2022-05-15 22:53:12Z" duration="0.000283" asserts="0">
            <properties>
              <property name="Category" value="GDX.Tests" />
            </properties>
          </test-case>
          <test-case id="1141" name="Slope_ZeroXValue_ReturnsZero" fullname="GDX.Vector2ExtensionsTests.Slope_ZeroXValue_ReturnsZero" methodname="Slope_ZeroXValue_ReturnsZero" classname="GDX.Vector2ExtensionsTests" runstate="Runnable" seed="1288218183" result="Passed" start-time="2022-05-15 22:53:12Z" end-time="2022-05-15 22:53:12Z" duration="0.000190" asserts="0">
            <properties>
              <property name="Category" value="GDX.Tests" />
            </properties>
          </test-case>
          <test-case id="1146" name="TryParseVector2_CharFirstSplit_ReturnsFalse" fullname="GDX.Vector2ExtensionsTests.TryParseVector2_CharFirstSplit_ReturnsFalse" methodname="TryParseVector2_CharFirstSplit_ReturnsFalse" classname="GDX.Vector2ExtensionsTests" runstate="Runnable" seed="2085147848" result="Passed" start-time="2022-05-15 22:53:12Z" end-time="2022-05-15 22:53:12Z" duration="0.001100" asserts="0">
            <properties>
              <property name="Category" value="GDX.Tests" />
            </properties>
          </test-case>
          <test-case id="1147" name="TryParseVector2_CharSecondSplit_ReturnsFalse" fullname="GDX.Vector2ExtensionsTests.TryParseVector2_CharSecondSplit_ReturnsFalse" methodname="TryParseVector2_CharSecondSplit_ReturnsFalse" classname="GDX.Vector2ExtensionsTests" runstate="Runnable" seed="1961303695" result="Passed" start-time="2022-05-15 22:53:12Z" end-time="2022-05-15 22:53:12Z" duration="0.000216" asserts="0">
            <properties>
              <property name="Category" value="GDX.Tests" />
            </properties>
          </test-case>
          <test-case id="1144" name="TryParseVector2_NoSpaces_ReturnsVector2" fullname="GDX.Vector2ExtensionsTests.TryParseVector2_NoSpaces_ReturnsVector2" methodname="TryParseVector2_NoSpaces_ReturnsVector2" classname="GDX.Vector2ExtensionsTests" runstate="Runnable" seed="59198976" result="Passed" start-time="2022-05-15 22:53:12Z" end-time="2022-05-15 22:53:12Z" duration="0.000214" asserts="0">
            <properties>
              <property name="Category" value="GDX.Tests" />
            </properties>
          </test-case>
          <test-case id="1143" name="TryParseVector2_NoSplit_ReturnsFalse" fullname="GDX.Vector2ExtensionsTests.TryParseVector2_NoSplit_ReturnsFalse" methodname="TryParseVector2_NoSplit_ReturnsFalse" classname="GDX.Vector2ExtensionsTests" runstate="Runnable" seed="232786955" result="Passed" start-time="2022-05-15 22:53:12Z" end-time="2022-05-15 22:53:12Z" duration="0.000197" asserts="0">
            <properties>
              <property name="Category" value="GDX.Tests" />
            </properties>
          </test-case>
          <test-case id="1145" name="TryParseVector2_SpacedValues_ReturnsVector2" fullname="GDX.Vector2ExtensionsTests.TryParseVector2_SpacedValues_ReturnsVector2" methodname="TryParseVector2_SpacedValues_ReturnsVector2" classname="GDX.Vector2ExtensionsTests" runstate="Runnable" seed="541258568" result="Passed" start-time="2022-05-15 22:53:12Z" end-time="2022-05-15 22:53:12Z" duration="0.000217" asserts="0">
            <properties>
              <property name="Category" value="GDX.Tests" />
            </properties>
          </test-case>
        </test-suite>
        <test-suite type="TestFixture" id="1148" name="Vector3ExtensionsTests" fullname="GDX.Vector3ExtensionsTests" classname="GDX.Vector3ExtensionsTests" runstate="Runnable" testcasecount="15" result="Passed" start-time="2022-05-15 22:53:12Z" end-time="2022-05-15 22:53:12Z" duration="0.013013" total="15" passed="15" failed="0" inconclusive="0" skipped="0" asserts="0">
          <properties />
          <test-case id="1149" name="Approximately_FiveMillionths_ReturnsFalse" fullname="GDX.Vector3ExtensionsTests.Approximately_FiveMillionths_ReturnsFalse" methodname="Approximately_FiveMillionths_ReturnsFalse" classname="GDX.Vector3ExtensionsTests" runstate="Runnable" seed="1699758153" result="Passed" start-time="2022-05-15 22:53:12Z" end-time="2022-05-15 22:53:12Z" duration="0.000280" asserts="0">
            <properties>
              <property name="Category" value="GDX.Tests" />
            </properties>
          </test-case>
          <test-case id="1150" name="Approximately_One_ReturnsTrue" fullname="GDX.Vector3ExtensionsTests.Approximately_One_ReturnsTrue" methodname="Approximately_One_ReturnsTrue" classname="GDX.Vector3ExtensionsTests" runstate="Runnable" seed="1789952144" result="Passed" start-time="2022-05-15 22:53:12Z" end-time="2022-05-15 22:53:12Z" duration="0.000199" asserts="0">
            <properties>
              <property name="Category" value="GDX.Tests" />
            </properties>
          </test-case>
          <test-case id="1151" name="Approximately_OneMillionth_ReturnsTrue" fullname="GDX.Vector3ExtensionsTests.Approximately_OneMillionth_ReturnsTrue" methodname="Approximately_OneMillionth_ReturnsTrue" classname="GDX.Vector3ExtensionsTests" runstate="Runnable" seed="280942358" result="Passed" start-time="2022-05-15 22:53:12Z" end-time="2022-05-15 22:53:12Z" duration="0.000187" asserts="0">
            <properties>
              <property name="Category" value="GDX.Tests" />
            </properties>
          </test-case>
          <test-case id="1152" name="Approximately_Zero_ReturnsTrue" fullname="GDX.Vector3ExtensionsTests.Approximately_Zero_ReturnsTrue" methodname="Approximately_Zero_ReturnsTrue" classname="GDX.Vector3ExtensionsTests" runstate="Runnable" seed="998782159" result="Passed" start-time="2022-05-15 22:53:12Z" end-time="2022-05-15 22:53:12Z" duration="0.000199" asserts="0">
            <properties>
              <property name="Category" value="GDX.Tests" />
            </properties>
          </test-case>
          <test-case id="1153" name="DistanceSqr_MockData_ReturnsSame" fullname="GDX.Vector3ExtensionsTests.DistanceSqr_MockData_ReturnsSame" methodname="DistanceSqr_MockData_ReturnsSame" classname="GDX.Vector3ExtensionsTests" runstate="Runnable" seed="913981127" result="Passed" start-time="2022-05-15 22:53:12Z" end-time="2022-05-15 22:53:12Z" duration="0.000427" asserts="0">
            <properties>
              <property name="Category" value="GDX.Tests" />
            </properties>
          </test-case>
          <test-case id="1154" name="Midpoint_ZeroAndOne_ReturnsHalf" fullname="GDX.Vector3ExtensionsTests.Midpoint_ZeroAndOne_ReturnsHalf" methodname="Midpoint_ZeroAndOne_ReturnsHalf" classname="GDX.Vector3ExtensionsTests" runstate="Runnable" seed="2096380374" result="Passed" start-time="2022-05-15 22:53:12Z" end-time="2022-05-15 22:53:12Z" duration="0.000338" asserts="0">
            <properties>
              <property name="Category" value="GDX.Tests" />
            </properties>
          </test-case>
          <test-case id="1155" name="NearestIndex_MockData_ReturnsClosest" fullname="GDX.Vector3ExtensionsTests.NearestIndex_MockData_ReturnsClosest" methodname="NearestIndex_MockData_ReturnsClosest" classname="GDX.Vector3ExtensionsTests" runstate="Runnable" seed="667907707" result="Passed" start-time="2022-05-15 22:53:12Z" end-time="2022-05-15 22:53:12Z" duration="0.000590" asserts="0">
            <properties>
              <property name="Category" value="GDX.Tests" />
            </properties>
          </test-case>
          <test-case id="1156" name="NearestIndex_NullInput_ReturnsNegativeOne" fullname="GDX.Vector3ExtensionsTests.NearestIndex_NullInput_ReturnsNegativeOne" methodname="NearestIndex_NullInput_ReturnsNegativeOne" classname="GDX.Vector3ExtensionsTests" runstate="Runnable" seed="1545897194" result="Passed" start-time="2022-05-15 22:53:12Z" end-time="2022-05-15 22:53:12Z" duration="0.000242" asserts="0">
            <properties>
              <property name="Category" value="GDX.Tests" />
            </properties>
          </test-case>
          <test-case id="1159" name="TryParseVector3_CharFirstSplit_ReturnsFalse" fullname="GDX.Vector3ExtensionsTests.TryParseVector3_CharFirstSplit_ReturnsFalse" methodname="TryParseVector3_CharFirstSplit_ReturnsFalse" classname="GDX.Vector3ExtensionsTests" runstate="Runnable" seed="1337200336" result="Passed" start-time="2022-05-15 22:53:12Z" end-time="2022-05-15 22:53:12Z" duration="0.000516" asserts="0">
            <properties>
              <property name="Category" value="GDX.Tests" />
            </properties>
          </test-case>
          <test-case id="1160" name="TryParseVector3_CharSecondSplit_ReturnsFalse" fullname="GDX.Vector3ExtensionsTests.TryParseVector3_CharSecondSplit_ReturnsFalse" methodname="TryParseVector3_CharSecondSplit_ReturnsFalse" classname="GDX.Vector3ExtensionsTests" runstate="Runnable" seed="715125210" result="Passed" start-time="2022-05-15 22:53:12Z" end-time="2022-05-15 22:53:12Z" duration="0.000220" asserts="0">
            <properties>
              <property name="Category" value="GDX.Tests" />
            </properties>
          </test-case>
          <test-case id="1161" name="TryParseVector3_CharThirdSplit_ReturnsFalse" fullname="GDX.Vector3ExtensionsTests.TryParseVector3_CharThirdSplit_ReturnsFalse" methodname="TryParseVector3_CharThirdSplit_ReturnsFalse" classname="GDX.Vector3ExtensionsTests" runstate="Runnable" seed="604612307" result="Passed" start-time="2022-05-15 22:53:12Z" end-time="2022-05-15 22:53:12Z" duration="0.000225" asserts="0">
            <properties>
              <property name="Category" value="GDX.Tests" />
            </properties>
          </test-case>
          <test-case id="1158" name="TryParseVector3_NoSecondSplit_ReturnsFalse" fullname="GDX.Vector3ExtensionsTests.TryParseVector3_NoSecondSplit_ReturnsFalse" methodname="TryParseVector3_NoSecondSplit_ReturnsFalse" classname="GDX.Vector3ExtensionsTests" runstate="Runnable" seed="76261298" result="Passed" start-time="2022-05-15 22:53:12Z" end-time="2022-05-15 22:53:12Z" duration="0.000200" asserts="0">
            <properties>
              <property name="Category" value="GDX.Tests" />
            </properties>
          </test-case>
          <test-case id="1162" name="TryParseVector3_NoSpaces_ReturnsVector3" fullname="GDX.Vector3ExtensionsTests.TryParseVector3_NoSpaces_ReturnsVector3" methodname="TryParseVector3_NoSpaces_ReturnsVector3" classname="GDX.Vector3ExtensionsTests" runstate="Runnable" seed="1912491441" result="Passed" start-time="2022-05-15 22:53:12Z" end-time="2022-05-15 22:53:12Z" duration="0.000218" asserts="0">
            <properties>
              <property name="Category" value="GDX.Tests" />
            </properties>
          </test-case>
          <test-case id="1157" name="TryParseVector3_NoSplit_ReturnsVector2Zero" fullname="GDX.Vector3ExtensionsTests.TryParseVector3_NoSplit_ReturnsVector2Zero" methodname="TryParseVector3_NoSplit_ReturnsVector2Zero" classname="GDX.Vector3ExtensionsTests" runstate="Runnable" seed="2128187923" result="Passed" start-time="2022-05-15 22:53:12Z" end-time="2022-05-15 22:53:12Z" duration="0.000194" asserts="0">
            <properties>
              <property name="Category" value="GDX.Tests" />
            </properties>
          </test-case>
          <test-case id="1163" name="TryParseVector3_SpacedValues_ReturnsVector3" fullname="GDX.Vector3ExtensionsTests.TryParseVector3_SpacedValues_ReturnsVector3" methodname="TryParseVector3_SpacedValues_ReturnsVector3" classname="GDX.Vector3ExtensionsTests" runstate="Runnable" seed="1407960665" result="Passed" start-time="2022-05-15 22:53:12Z" end-time="2022-05-15 22:53:12Z" duration="0.000212" asserts="0">
            <properties>
              <property name="Category" value="GDX.Tests" />
            </properties>
            <output><![CDATA[Executing cleanup for: Unity.PerformanceTesting.Editor.TestRunBuilder
]]></output>
          </test-case>
        </test-suite>
      </test-suite>
    </test-suite>
  </test-suite>
</test-run>