<?xml version="1.0" encoding="utf-8"?>
<test-run id="2" testcasecount="674" result="Passed" total="674" passed="674" failed="0" inconclusive="0" skipped="0" asserts="0" engine-version="3.5.0.0" clr-version="4.0.30319.42000" start-time="2023-01-06 16:02:47Z" end-time="2023-01-06 16:14:49Z" duration="721.902169">
  <test-suite type="TestSuite" id="1000" name="GDX" fullname="GDX" runstate="Runnable" testcasecount="678" result="Passed" start-time="2023-01-06 16:02:47Z" end-time="2023-01-06 16:14:49Z" duration="721.902169" total="674" passed="674" failed="0" inconclusive="0" skipped="0" asserts="0">
    <properties />
    <test-suite type="Assembly" id="1020" name="GDX.Editor.Tests.EditMode.dll" fullname="D:/BuildAgent/work/GDX-Documentation/Projects/GDX_Development/Library/ScriptAssemblies/GDX.Editor.Tests.EditMode.dll" runstate="Runnable" testcasecount="11" result="Passed" start-time="2023-01-06 16:02:48Z" end-time="2023-01-06 16:02:54Z" duration="6.661514" total="11" passed="11" failed="0" inconclusive="0" skipped="0" asserts="0">
      <properties>
        <property name="_PID" value="18700" />
        <property name="_APPDOMAIN" value="Unity Child Domain" />
        <property name="platform" value="EditMode" />
      </properties>
      <test-suite type="TestSuite" id="1021" name="GDX" fullname="GDX" runstate="Runnable" testcasecount="11" result="Passed" start-time="2023-01-06 16:02:48Z" end-time="2023-01-06 16:02:54Z" duration="6.655658" total="11" passed="11" failed="0" inconclusive="0" skipped="0" asserts="0">
        <properties />
        <test-suite type="TestSuite" id="1022" name="Editor" fullname="GDX.Editor" runstate="Runnable" testcasecount="11" result="Passed" start-time="2023-01-06 16:02:48Z" end-time="2023-01-06 16:02:54Z" duration="6.653962" total="11" passed="11" failed="0" inconclusive="0" skipped="0" asserts="0">
          <properties />
          <test-suite type="TestFixture" id="1004" name="AutomationTests" fullname="GDX.Editor.AutomationTests" classname="GDX.Editor.AutomationTests" runstate="Runnable" testcasecount="6" result="Passed" start-time="2023-01-06 16:02:48Z" end-time="2023-01-06 16:02:48Z" duration="0.010672" total="6" passed="6" failed="0" inconclusive="0" skipped="0" asserts="0">
            <properties />
            <test-case id="1005" name="CaptureEditorWindow_SceneView_ReturnsTexture" fullname="GDX.Editor.AutomationTests.CaptureEditorWindow_SceneView_ReturnsTexture" methodname="CaptureEditorWindow_SceneView_ReturnsTexture" classname="GDX.Editor.AutomationTests" runstate="Runnable" seed="439648520" result="Passed" start-time="2023-01-06 16:02:22Z" end-time="2023-01-06 16:02:23Z" duration="0.592172" asserts="0">
              <properties>
                <property name="Category" value="GDX.Tests" />
              </properties>
              <output><![CDATA[[Code Coverage] Code coverage results were not saved. Visited sequence points not found. 
Included Assemblies: GDX
Excluded Assemblies: <Not specified>
Included Paths: <Not specified>
Excluded Paths: **.Tests/**,**/BuiltInPackages/**
]]></output>
            </test-case>
            <test-case id="1010" name="CaptureEditorWindow_SceneView_SameTexture" fullname="GDX.Editor.AutomationTests.CaptureEditorWindow_SceneView_SameTexture" methodname="CaptureEditorWindow_SceneView_SameTexture" classname="GDX.Editor.AutomationTests" runstate="Runnable" seed="2044097911" result="Passed" start-time="2023-01-06 16:02:24Z" end-time="2023-01-06 16:02:25Z" duration="1.371691" asserts="0">
              <properties>
                <property name="_JOINTYPE" value="UnityCombinatorial" />
                <property name="Category" value="GDX.Tests" />
              </properties>
              <output><![CDATA[[Code Coverage] Code Coverage results for visited sequence points were saved in D:/BuildAgent/work/GDX-Documentation/Staging/CodeCoverage/GDX_Development-opencov/EditMode/TestCoverageResults_0001.xml
]]></output>
            </test-case>
            <test-case id="1006" name="CaptureEditorWindowToPNG_SceneView_OutputsImage" fullname="GDX.Editor.AutomationTests.CaptureEditorWindowToPNG_SceneView_OutputsImage" methodname="CaptureEditorWindowToPNG_SceneView_OutputsImage" classname="GDX.Editor.AutomationTests" runstate="Runnable" seed="715552412" result="Passed" start-time="2023-01-06 16:02:26Z" end-time="2023-01-06 16:02:27Z" duration="0.087348" asserts="0">
              <properties>
                <property name="Category" value="GDX.Tests" />
              </properties>
              <output><![CDATA[[Code Coverage] Code Coverage results for visited sequence points were saved in D:/BuildAgent/work/GDX-Documentation/Staging/CodeCoverage/GDX_Development-opencov/EditMode/TestCoverageResults_0002.xml
]]></output>
            </test-case>
            <test-case id="1007" name="CaptureFocusedEditorWindow_ReturnsTexture" fullname="GDX.Editor.AutomationTests.CaptureFocusedEditorWindow_ReturnsTexture" methodname="CaptureFocusedEditorWindow_ReturnsTexture" classname="GDX.Editor.AutomationTests" runstate="Runnable" seed="1578180878" result="Passed" start-time="2023-01-06 16:02:28Z" end-time="2023-01-06 16:02:28Z" duration="0.121210" asserts="0">
              <properties>
                <property name="Category" value="GDX.Tests" />
              </properties>
              <output><![CDATA[[Code Coverage] Code Coverage results for visited sequence points were saved in D:/BuildAgent/work/GDX-Documentation/Staging/CodeCoverage/GDX_Development-opencov/EditMode/TestCoverageResults_0003.xml
]]></output>
            </test-case>
            <test-case id="1008" name="CaptureFocusedEditorWindowToPNG_OutputsImage" fullname="GDX.Editor.AutomationTests.CaptureFocusedEditorWindowToPNG_OutputsImage" methodname="CaptureFocusedEditorWindowToPNG_OutputsImage" classname="GDX.Editor.AutomationTests" runstate="Runnable" seed="845009141" result="Passed" start-time="2023-01-06 16:02:29Z" end-time="2023-01-06 16:02:29Z" duration="0.005583" asserts="0">
              <properties>
                <property name="Category" value="GDX.Tests" />
              </properties>
              <output><![CDATA[[Code Coverage] Code Coverage results for visited sequence points were saved in D:/BuildAgent/work/GDX-Documentation/Staging/CodeCoverage/GDX_Development-opencov/EditMode/TestCoverageResults_0004.xml
]]></output>
            </test-case>
            <test-case id="1009" name="GetWindow_SceneView_NotNull" fullname="GDX.Editor.AutomationTests.GetWindow_SceneView_NotNull" methodname="GetWindow_SceneView_NotNull" classname="GDX.Editor.AutomationTests" runstate="Runnable" seed="1929417593" result="Passed" start-time="2023-01-06 16:02:30Z" end-time="2023-01-06 16:02:30Z" duration="0.068751" asserts="0">
              <properties>
                <property name="Category" value="GDX.Tests" />
              </properties>
              <output><![CDATA[[Code Coverage] Code coverage results were not saved. Visited sequence points not found. 
Included Assemblies: GDX
Excluded Assemblies: <Not specified>
Included Paths: <Not specified>
Excluded Paths: **.Tests/**,**/BuiltInPackages/**
]]></output>
            </test-case>
          </test-suite>
          <test-suite type="TestSuite" id="1023" name="Build" fullname="GDX.Editor.Build" runstate="Runnable" testcasecount="1" result="Passed" start-time="2023-01-06 16:02:48Z" end-time="2023-01-06 16:02:48Z" duration="0.000644" total="1" passed="1" failed="0" inconclusive="0" skipped="0" asserts="0">
            <properties />
            <test-suite type="TestFixture" id="1018" name="BuildInfoProviderTests" fullname="GDX.Editor.Build.BuildInfoProviderTests" classname="GDX.Editor.Build.BuildInfoProviderTests" runstate="Runnable" testcasecount="1" result="Passed" start-time="2023-01-06 16:02:48Z" end-time="2023-01-06 16:02:48Z" duration="0.000354" total="1" passed="1" failed="0" inconclusive="0" skipped="0" asserts="0">
              <properties />
              <test-case id="1019" name="GetContent_ForceDefaults_ReturnsDefaultContent" fullname="GDX.Editor.Build.BuildInfoProviderTests.GetContent_ForceDefaults_ReturnsDefaultContent" methodname="GetContent_ForceDefaults_ReturnsDefaultContent" classname="GDX.Editor.Build.BuildInfoProviderTests" runstate="Runnable" seed="885745637" result="Passed" start-time="2023-01-06 16:02:31Z" end-time="2023-01-06 16:02:31Z" duration="0.001241" asserts="0">
                <properties>
                  <property name="Category" value="GDX.Tests" />
                </properties>
                <output><![CDATA[[Code Coverage] Code Coverage results for visited sequence points were saved in D:/BuildAgent/work/GDX-Documentation/Staging/CodeCoverage/GDX_Development-opencov/EditMode/TestCoverageResults_0005.xml
]]></output>
              </test-case>
            </test-suite>
          </test-suite>
          <test-suite type="TestFixture" id="1011" name="DomainReloadTests" fullname="GDX.Editor.DomainReloadTests" classname="GDX.Editor.DomainReloadTests" runstate="Runnable" testcasecount="2" result="Passed" start-time="2023-01-06 16:02:48Z" end-time="2023-01-06 16:02:50Z" duration="2.446616" total="2" passed="2" failed="0" inconclusive="0" skipped="0" asserts="0">
            <properties />
            <test-case id="1013" name="Recompile_JobsLeakDetection_NoUnexpectedMessages" fullname="GDX.Editor.DomainReloadTests.Recompile_JobsLeakDetection_NoUnexpectedMessages" methodname="Recompile_JobsLeakDetection_NoUnexpectedMessages" classname="GDX.Editor.DomainReloadTests" runstate="Runnable" seed="477731397" result="Passed" start-time="2023-01-06 16:02:48Z" end-time="2023-01-06 16:02:48Z" duration="0.007228" asserts="0">
              <properties>
                <property name="_JOINTYPE" value="UnityCombinatorial" />
                <property name="Category" value="GDX.Tests" />
              </properties>
              <reason>
                <message><![CDATA[]]></message>
              </reason>
              <output><![CDATA[[Code Coverage] Code Coverage results for visited sequence points were saved in D:/BuildAgent/work/GDX-Documentation/Staging/CodeCoverage/GDX_Development-opencov/EditMode/TestCoverageResults_0008.xml
]]></output>
            </test-case>
            <test-case id="1012" name="Recompile_NoLeakDetection_NoUnexpectedMessages" fullname="GDX.Editor.DomainReloadTests.Recompile_NoLeakDetection_NoUnexpectedMessages" methodname="Recompile_NoLeakDetection_NoUnexpectedMessages" classname="GDX.Editor.DomainReloadTests" runstate="Runnable" seed="2128759328" result="Passed" start-time="2023-01-06 16:02:32Z" end-time="2023-01-06 16:02:49Z" duration="17.200354" asserts="0">
              <properties>
                <property name="_JOINTYPE" value="UnityCombinatorial" />
                <property name="Category" value="GDX.Tests" />
              </properties>
              <output><![CDATA[[Code Coverage] Code Coverage results for visited sequence points were saved in D:/BuildAgent/work/GDX-Documentation/Staging/CodeCoverage/GDX_Development-opencov/EditMode/TestCoverageResults_0009.xml
]]></output>
            </test-case>
          </test-suite>
          <test-suite type="TestFixture" id="1014" name="EditorTaskDirectorTests" fullname="GDX.Editor.EditorTaskDirectorTests" classname="GDX.Editor.EditorTaskDirectorTests" runstate="Runnable" testcasecount="1" result="Passed" start-time="2023-01-06 16:02:50Z" end-time="2023-01-06 16:02:53Z" duration="3.190507" total="1" passed="1" failed="0" inconclusive="0" skipped="0" asserts="0">
            <properties />
            <test-case id="1015" name="SetTickRate_QueuesOnLessThanZero_BusyWhenSet" fullname="GDX.Editor.EditorTaskDirectorTests.SetTickRate_QueuesOnLessThanZero_BusyWhenSet" methodname="SetTickRate_QueuesOnLessThanZero_BusyWhenSet" classname="GDX.Editor.EditorTaskDirectorTests" runstate="Runnable" seed="1155510236" result="Passed" start-time="2023-01-06 16:02:50Z" end-time="2023-01-06 16:02:52Z" duration="2.156818" asserts="0">
              <properties>
                <property name="_JOINTYPE" value="UnityCombinatorial" />
                <property name="Category" value="GDX.Tests" />
              </properties>
              <output><![CDATA[[Code Coverage] Code Coverage results for visited sequence points were saved in D:/BuildAgent/work/GDX-Documentation/Staging/CodeCoverage/GDX_Development-opencov/EditMode/TestCoverageResults_0010.xml
]]></output>
            </test-case>
          </test-suite>
          <test-suite type="TestFixture" id="1016" name="PackageProviderTests" fullname="GDX.Editor.PackageProviderTests" classname="GDX.Editor.PackageProviderTests" runstate="Runnable" testcasecount="1" result="Passed" start-time="2023-01-06 16:02:53Z" end-time="2023-01-06 16:02:54Z" duration="0.989688" total="1" passed="1" failed="0" inconclusive="0" skipped="0" asserts="0">
            <properties />
            <test-case id="1017" name="Get_DefaultPackage_NotNull" fullname="GDX.Editor.PackageProviderTests.Get_DefaultPackage_NotNull" methodname="Get_DefaultPackage_NotNull" classname="GDX.Editor.PackageProviderTests" runstate="Runnable" seed="1910289919" result="Passed" start-time="2023-01-06 16:02:53Z" end-time="2023-01-06 16:02:53Z" duration="0.002012" asserts="0">
              <properties>
                <property name="Category" value="GDX.Tests" />
              </properties>
              <output><![CDATA[[Code Coverage] Code coverage results were not saved. Visited sequence points not found. 
Included Assemblies: GDX
Excluded Assemblies: <Not specified>
Included Paths: <Not specified>
Excluded Paths: **.Tests/**,**/BuiltInPackages/**
]]></output>
            </test-case>
          </test-suite>
        </test-suite>
      </test-suite>
    </test-suite>
    <test-suite type="Assembly" id="1744" name="GDX.Tests.EditMode.dll" fullname="D:/BuildAgent/work/GDX-Documentation/Projects/GDX_Development/Library/ScriptAssemblies/GDX.Tests.EditMode.dll" runstate="Runnable" testcasecount="667" result="Passed" start-time="2023-01-06 16:02:54Z" end-time="2023-01-06 16:14:49Z" duration="714.748406" total="663" passed="663" failed="0" inconclusive="0" skipped="0" asserts="0">
      <properties>
        <property name="_PID" value="18700" />
        <property name="_APPDOMAIN" value="Unity Child Domain" />
        <property name="platform" value="EditMode" />
      </properties>
      <test-suite type="TestSuite" id="1745" name="GDX" fullname="GDX" runstate="Runnable" testcasecount="667" result="Passed" start-time="2023-01-06 16:02:54Z" end-time="2023-01-06 16:14:49Z" duration="714.738399" total="663" passed="663" failed="0" inconclusive="0" skipped="0" asserts="0">
        <properties />
        <test-suite type="TestFixture" id="1024" name="Array2DExtensionsTests" fullname="GDX.Array2DExtensionsTests" classname="GDX.Array2DExtensionsTests" runstate="Runnable" testcasecount="1" result="Passed" start-time="2023-01-06 16:02:54Z" end-time="2023-01-06 16:02:55Z" duration="0.995163" total="1" passed="1" failed="0" inconclusive="0" skipped="0" asserts="0">
          <properties />
          <test-case id="1025" name="Scale_MockFloatData_ScaledData" fullname="GDX.Array2DExtensionsTests.Scale_MockFloatData_ScaledData" methodname="Scale_MockFloatData_ScaledData" classname="GDX.Array2DExtensionsTests" runstate="Runnable" seed="387732722" result="Passed" start-time="2023-01-06 16:02:54Z" end-time="2023-01-06 16:02:54Z" duration="0.000728" asserts="0">
            <properties>
              <property name="Category" value="GDX.Tests" />
            </properties>
            <output><![CDATA[[Code Coverage] Code Coverage results for visited sequence points were saved in D:/BuildAgent/work/GDX-Documentation/Staging/CodeCoverage/GDX_Development-opencov/EditMode/TestCoverageResults_0011.xml
]]></output>
          </test-case>
        </test-suite>
        <test-suite type="TestFixture" id="1026" name="ArrayExtensionsTests" fullname="GDX.ArrayExtensionsTests" classname="GDX.ArrayExtensionsTests" runstate="Runnable" testcasecount="15" result="Passed" start-time="2023-01-06 16:02:55Z" end-time="2023-01-06 16:03:10Z" duration="14.798581" total="15" passed="15" failed="0" inconclusive="0" skipped="0" asserts="0">
          <properties />
          <test-case id="1027" name="Clear_MockData_HasDefaultValues" fullname="GDX.ArrayExtensionsTests.Clear_MockData_HasDefaultValues" methodname="Clear_MockData_HasDefaultValues" classname="GDX.ArrayExtensionsTests" runstate="Runnable" seed="725050527" result="Passed" start-time="2023-01-06 16:02:55Z" end-time="2023-01-06 16:02:55Z" duration="0.000450" asserts="0">
            <properties>
              <property name="Category" value="GDX.Tests" />
            </properties>
            <output><![CDATA[[Code Coverage] Code coverage results were not saved. Visited sequence points not found. 
Included Assemblies: GDX
Excluded Assemblies: <Not specified>
Included Paths: <Not specified>
Excluded Paths: **.Tests/**,**/BuiltInPackages/**
]]></output>
          </test-case>
          <test-case id="1028" name="ContainsItem_MockData_HasValue" fullname="GDX.ArrayExtensionsTests.ContainsItem_MockData_HasValue" methodname="ContainsItem_MockData_HasValue" classname="GDX.ArrayExtensionsTests" runstate="Runnable" seed="546775094" result="Passed" start-time="2023-01-06 16:02:56Z" end-time="2023-01-06 16:02:56Z" duration="0.000384" asserts="0">
            <properties>
              <property name="Category" value="GDX.Tests" />
            </properties>
            <output><![CDATA[[Code Coverage] Code coverage results were not saved. Visited sequence points not found. 
Included Assemblies: GDX
Excluded Assemblies: <Not specified>
Included Paths: <Not specified>
Excluded Paths: **.Tests/**,**/BuiltInPackages/**
]]></output>
          </test-case>
          <test-case id="1029" name="ContainsItem_MockData_NoValue" fullname="GDX.ArrayExtensionsTests.ContainsItem_MockData_NoValue" methodname="ContainsItem_MockData_NoValue" classname="GDX.ArrayExtensionsTests" runstate="Runnable" seed="461395163" result="Passed" start-time="2023-01-06 16:02:57Z" end-time="2023-01-06 16:02:57Z" duration="0.000498" asserts="0">
            <properties>
              <property name="Category" value="GDX.Tests" />
            </properties>
            <output><![CDATA[[Code Coverage] Code coverage results were not saved. Visited sequence points not found. 
Included Assemblies: GDX
Excluded Assemblies: <Not specified>
Included Paths: <Not specified>
Excluded Paths: **.Tests/**,**/BuiltInPackages/**
]]></output>
          </test-case>
          <test-case id="1030" name="ContainsReference_MockData_HasReference" fullname="GDX.ArrayExtensionsTests.ContainsReference_MockData_HasReference" methodname="ContainsReference_MockData_HasReference" classname="GDX.ArrayExtensionsTests" runstate="Runnable" seed="598217168" result="Passed" start-time="2023-01-06 16:02:58Z" end-time="2023-01-06 16:02:58Z" duration="0.000368" asserts="0">
            <properties>
              <property name="Category" value="GDX.Tests" />
            </properties>
            <output><![CDATA[[Code Coverage] Code coverage results were not saved. Visited sequence points not found. 
Included Assemblies: GDX
Excluded Assemblies: <Not specified>
Included Paths: <Not specified>
Excluded Paths: **.Tests/**,**/BuiltInPackages/**
]]></output>
          </test-case>
          <test-case id="1031" name="ContainsReference_MockData_NoReference" fullname="GDX.ArrayExtensionsTests.ContainsReference_MockData_NoReference" methodname="ContainsReference_MockData_NoReference" classname="GDX.ArrayExtensionsTests" runstate="Runnable" seed="988884107" result="Passed" start-time="2023-01-06 16:02:59Z" end-time="2023-01-06 16:02:59Z" duration="0.000276" asserts="0">
            <properties>
              <property name="Category" value="GDX.Tests" />
            </properties>
            <output><![CDATA[[Code Coverage] Code coverage results were not saved. Visited sequence points not found. 
Included Assemblies: GDX
Excluded Assemblies: <Not specified>
Included Paths: <Not specified>
Excluded Paths: **.Tests/**,**/BuiltInPackages/**
]]></output>
          </test-case>
          <test-case id="1032" name="ContainsValue_MockData_HasValue" fullname="GDX.ArrayExtensionsTests.ContainsValue_MockData_HasValue" methodname="ContainsValue_MockData_HasValue" classname="GDX.ArrayExtensionsTests" runstate="Runnable" seed="1518862577" result="Passed" start-time="2023-01-06 16:03:00Z" end-time="2023-01-06 16:03:00Z" duration="0.000395" asserts="0">
            <properties>
              <property name="Category" value="GDX.Tests" />
            </properties>
            <output><![CDATA[[Code Coverage] Code coverage results were not saved. Visited sequence points not found. 
Included Assemblies: GDX
Excluded Assemblies: <Not specified>
Included Paths: <Not specified>
Excluded Paths: **.Tests/**,**/BuiltInPackages/**
]]></output>
          </test-case>
          <test-case id="1033" name="ContainsValue_MockData_NoValue" fullname="GDX.ArrayExtensionsTests.ContainsValue_MockData_NoValue" methodname="ContainsValue_MockData_NoValue" classname="GDX.ArrayExtensionsTests" runstate="Runnable" seed="1307027640" result="Passed" start-time="2023-01-06 16:03:01Z" end-time="2023-01-06 16:03:01Z" duration="0.000263" asserts="0">
            <properties>
              <property name="Category" value="GDX.Tests" />
            </properties>
            <output><![CDATA[[Code Coverage] Code coverage results were not saved. Visited sequence points not found. 
Included Assemblies: GDX
Excluded Assemblies: <Not specified>
Included Paths: <Not specified>
Excluded Paths: **.Tests/**,**/BuiltInPackages/**
]]></output>
          </test-case>
          <test-case id="1034" name="FirstIndexOfItem_MockDataObject_ReturnsIndex" fullname="GDX.ArrayExtensionsTests.FirstIndexOfItem_MockDataObject_ReturnsIndex" methodname="FirstIndexOfItem_MockDataObject_ReturnsIndex" classname="GDX.ArrayExtensionsTests" runstate="Runnable" seed="1620022207" result="Passed" start-time="2023-01-06 16:03:02Z" end-time="2023-01-06 16:03:02Z" duration="0.000415" asserts="0">
            <properties>
              <property name="Category" value="GDX.Tests" />
            </properties>
            <output><![CDATA[[Code Coverage] Code coverage results were not saved. Visited sequence points not found. 
Included Assemblies: GDX
Excluded Assemblies: <Not specified>
Included Paths: <Not specified>
Excluded Paths: **.Tests/**,**/BuiltInPackages/**
]]></output>
          </test-case>
          <test-case id="1035" name="FirstIndexOfItem_NoMockDataObject_ReturnsIndex" fullname="GDX.ArrayExtensionsTests.FirstIndexOfItem_NoMockDataObject_ReturnsIndex" methodname="FirstIndexOfItem_NoMockDataObject_ReturnsIndex" classname="GDX.ArrayExtensionsTests" runstate="Runnable" seed="1865962727" result="Passed" start-time="2023-01-06 16:03:03Z" end-time="2023-01-06 16:03:03Z" duration="0.000321" asserts="0">
            <properties>
              <property name="Category" value="GDX.Tests" />
            </properties>
            <output><![CDATA[[Code Coverage] Code coverage results were not saved. Visited sequence points not found. 
Included Assemblies: GDX
Excluded Assemblies: <Not specified>
Included Paths: <Not specified>
Excluded Paths: **.Tests/**,**/BuiltInPackages/**
]]></output>
          </test-case>
          <test-case id="1036" name="FirstIndexOfValue_MockDataValue_ReturnsIndex" fullname="GDX.ArrayExtensionsTests.FirstIndexOfValue_MockDataValue_ReturnsIndex" methodname="FirstIndexOfValue_MockDataValue_ReturnsIndex" classname="GDX.ArrayExtensionsTests" runstate="Runnable" seed="2029022819" result="Passed" start-time="2023-01-06 16:03:04Z" end-time="2023-01-06 16:03:04Z" duration="0.000372" asserts="0">
            <properties>
              <property name="Category" value="GDX.Tests" />
            </properties>
            <output><![CDATA[[Code Coverage] Code coverage results were not saved. Visited sequence points not found. 
Included Assemblies: GDX
Excluded Assemblies: <Not specified>
Included Paths: <Not specified>
Excluded Paths: **.Tests/**,**/BuiltInPackages/**
]]></output>
          </test-case>
          <test-case id="1037" name="FirstIndexOfValue_NoMockDataValue_ReturnsNegativeOne" fullname="GDX.ArrayExtensionsTests.FirstIndexOfValue_NoMockDataValue_ReturnsNegativeOne" methodname="FirstIndexOfValue_NoMockDataValue_ReturnsNegativeOne" classname="GDX.ArrayExtensionsTests" runstate="Runnable" seed="606510746" result="Passed" start-time="2023-01-06 16:03:05Z" end-time="2023-01-06 16:03:05Z" duration="0.000276" asserts="0">
            <properties>
              <property name="Category" value="GDX.Tests" />
            </properties>
            <output><![CDATA[[Code Coverage] Code coverage results were not saved. Visited sequence points not found. 
Included Assemblies: GDX
Excluded Assemblies: <Not specified>
Included Paths: <Not specified>
Excluded Paths: **.Tests/**,**/BuiltInPackages/**
]]></output>
          </test-case>
          <test-case id="1038" name="LastIndexOfItem_MockDataObject_ReturnsIndex" fullname="GDX.ArrayExtensionsTests.LastIndexOfItem_MockDataObject_ReturnsIndex" methodname="LastIndexOfItem_MockDataObject_ReturnsIndex" classname="GDX.ArrayExtensionsTests" runstate="Runnable" seed="19330485" result="Passed" start-time="2023-01-06 16:03:06Z" end-time="2023-01-06 16:03:06Z" duration="0.000389" asserts="0">
            <properties>
              <property name="Category" value="GDX.Tests" />
            </properties>
            <output><![CDATA[[Code Coverage] Code coverage results were not saved. Visited sequence points not found. 
Included Assemblies: GDX
Excluded Assemblies: <Not specified>
Included Paths: <Not specified>
Excluded Paths: **.Tests/**,**/BuiltInPackages/**
]]></output>
          </test-case>
          <test-case id="1039" name="LastIndexOfItem_NoMockDataObject_ReturnsNegativeOne" fullname="GDX.ArrayExtensionsTests.LastIndexOfItem_NoMockDataObject_ReturnsNegativeOne" methodname="LastIndexOfItem_NoMockDataObject_ReturnsNegativeOne" classname="GDX.ArrayExtensionsTests" runstate="Runnable" seed="1023963813" result="Passed" start-time="2023-01-06 16:03:07Z" end-time="2023-01-06 16:03:07Z" duration="0.000313" asserts="0">
            <properties>
              <property name="Category" value="GDX.Tests" />
            </properties>
            <output><![CDATA[[Code Coverage] Code coverage results were not saved. Visited sequence points not found. 
Included Assemblies: GDX
Excluded Assemblies: <Not specified>
Included Paths: <Not specified>
Excluded Paths: **.Tests/**,**/BuiltInPackages/**
]]></output>
          </test-case>
          <test-case id="1040" name="LastIndexOfValue_MockDataValue_ReturnsIndex" fullname="GDX.ArrayExtensionsTests.LastIndexOfValue_MockDataValue_ReturnsIndex" methodname="LastIndexOfValue_MockDataValue_ReturnsIndex" classname="GDX.ArrayExtensionsTests" runstate="Runnable" seed="1794833481" result="Passed" start-time="2023-01-06 16:03:08Z" end-time="2023-01-06 16:03:08Z" duration="0.000388" asserts="0">
            <properties>
              <property name="Category" value="GDX.Tests" />
            </properties>
            <output><![CDATA[[Code Coverage] Code coverage results were not saved. Visited sequence points not found. 
Included Assemblies: GDX
Excluded Assemblies: <Not specified>
Included Paths: <Not specified>
Excluded Paths: **.Tests/**,**/BuiltInPackages/**
]]></output>
          </test-case>
          <test-case id="1041" name="LastIndexOfValue_NoMockDataValue_ReturnsNegativeOne" fullname="GDX.ArrayExtensionsTests.LastIndexOfValue_NoMockDataValue_ReturnsNegativeOne" methodname="LastIndexOfValue_NoMockDataValue_ReturnsNegativeOne" classname="GDX.ArrayExtensionsTests" runstate="Runnable" seed="1773199879" result="Passed" start-time="2023-01-06 16:03:09Z" end-time="2023-01-06 16:03:09Z" duration="0.000471" asserts="0">
            <properties>
              <property name="Category" value="GDX.Tests" />
            </properties>
            <output><![CDATA[[Code Coverage] Code coverage results were not saved. Visited sequence points not found. 
Included Assemblies: GDX
Excluded Assemblies: <Not specified>
Included Paths: <Not specified>
Excluded Paths: **.Tests/**,**/BuiltInPackages/**
]]></output>
          </test-case>
        </test-suite>
        <test-suite type="TestFixture" id="1042" name="ByteExtensionsTests" fullname="GDX.ByteExtensionsTests" classname="GDX.ByteExtensionsTests" runstate="Runnable" testcasecount="6" result="Passed" start-time="2023-01-06 16:03:10Z" end-time="2023-01-06 16:03:16Z" duration="6.115040" total="6" passed="6" failed="0" inconclusive="0" skipped="0" asserts="0">
          <properties />
          <test-case id="1043" name="GetStableHashCode_MockData_ReturnsValidCode" fullname="GDX.ByteExtensionsTests.GetStableHashCode_MockData_ReturnsValidCode" methodname="GetStableHashCode_MockData_ReturnsValidCode" classname="GDX.ByteExtensionsTests" runstate="Runnable" seed="297133916" result="Passed" start-time="2023-01-06 16:03:10Z" end-time="2023-01-06 16:03:10Z" duration="0.000488" asserts="0">
            <properties>
              <property name="Category" value="GDX.Tests" />
            </properties>
            <output><![CDATA[[Code Coverage] Code Coverage results for visited sequence points were saved in D:/BuildAgent/work/GDX-Documentation/Staging/CodeCoverage/GDX_Development-opencov/EditMode/TestCoverageResults_0012.xml
]]></output>
          </test-case>
          <test-case id="1045" name="IsSame_DifferentData_ReturnsFalse" fullname="GDX.ByteExtensionsTests.IsSame_DifferentData_ReturnsFalse" methodname="IsSame_DifferentData_ReturnsFalse" classname="GDX.ByteExtensionsTests" runstate="Runnable" seed="1153535715" result="Passed" start-time="2023-01-06 16:03:11Z" end-time="2023-01-06 16:03:11Z" duration="0.000453" asserts="0">
            <properties>
              <property name="Category" value="GDX.Tests" />
            </properties>
            <output><![CDATA[[Code Coverage] Code Coverage results for visited sequence points were saved in D:/BuildAgent/work/GDX-Documentation/Staging/CodeCoverage/GDX_Development-opencov/EditMode/TestCoverageResults_0013.xml
]]></output>
          </test-case>
          <test-case id="1048" name="IsSame_DifferentLengths_ReturnsFalse" fullname="GDX.ByteExtensionsTests.IsSame_DifferentLengths_ReturnsFalse" methodname="IsSame_DifferentLengths_ReturnsFalse" classname="GDX.ByteExtensionsTests" runstate="Runnable" seed="1395729563" result="Passed" start-time="2023-01-06 16:03:12Z" end-time="2023-01-06 16:03:12Z" duration="0.000270" asserts="0">
            <properties>
              <property name="Category" value="GDX.Tests" />
            </properties>
            <output><![CDATA[[Code Coverage] Code Coverage results for visited sequence points were saved in D:/BuildAgent/work/GDX-Documentation/Staging/CodeCoverage/GDX_Development-opencov/EditMode/TestCoverageResults_0014.xml
]]></output>
          </test-case>
          <test-case id="1046" name="IsSame_NullLeftHandSide_ReturnsFalse" fullname="GDX.ByteExtensionsTests.IsSame_NullLeftHandSide_ReturnsFalse" methodname="IsSame_NullLeftHandSide_ReturnsFalse" classname="GDX.ByteExtensionsTests" runstate="Runnable" seed="1153091153" result="Passed" start-time="2023-01-06 16:03:13Z" end-time="2023-01-06 16:03:13Z" duration="0.000262" asserts="0">
            <properties>
              <property name="Category" value="GDX.Tests" />
            </properties>
            <output><![CDATA[[Code Coverage] Code Coverage results for visited sequence points were saved in D:/BuildAgent/work/GDX-Documentation/Staging/CodeCoverage/GDX_Development-opencov/EditMode/TestCoverageResults_0015.xml
]]></output>
          </test-case>
          <test-case id="1047" name="IsSame_NullRightHandSide_ReturnsFalse" fullname="GDX.ByteExtensionsTests.IsSame_NullRightHandSide_ReturnsFalse" methodname="IsSame_NullRightHandSide_ReturnsFalse" classname="GDX.ByteExtensionsTests" runstate="Runnable" seed="63754223" result="Passed" start-time="2023-01-06 16:03:14Z" end-time="2023-01-06 16:03:14Z" duration="0.000250" asserts="0">
            <properties>
              <property name="Category" value="GDX.Tests" />
            </properties>
            <output><![CDATA[[Code Coverage] Code Coverage results for visited sequence points were saved in D:/BuildAgent/work/GDX-Documentation/Staging/CodeCoverage/GDX_Development-opencov/EditMode/TestCoverageResults_0016.xml
]]></output>
          </test-case>
          <test-case id="1044" name="IsSame_SameData_ReturnsTrue" fullname="GDX.ByteExtensionsTests.IsSame_SameData_ReturnsTrue" methodname="IsSame_SameData_ReturnsTrue" classname="GDX.ByteExtensionsTests" runstate="Runnable" seed="599188038" result="Passed" start-time="2023-01-06 16:03:15Z" end-time="2023-01-06 16:03:15Z" duration="0.000252" asserts="0">
            <properties>
              <property name="Category" value="GDX.Tests" />
            </properties>
            <output><![CDATA[[Code Coverage] Code Coverage results for visited sequence points were saved in D:/BuildAgent/work/GDX-Documentation/Staging/CodeCoverage/GDX_Development-opencov/EditMode/TestCoverageResults_0017.xml
]]></output>
          </test-case>
        </test-suite>
        <test-suite type="TestSuite" id="1756" name="Collections" fullname="GDX.Collections" runstate="Runnable" testcasecount="307" result="Passed" start-time="2023-01-06 16:03:16Z" end-time="2023-01-06 16:08:25Z" duration="309.200693" total="307" passed="307" failed="0" inconclusive="0" skipped="0" asserts="0">
          <properties />
          <test-suite type="TestSuite" id="1758" name="Generic" fullname="GDX.Collections.Generic" runstate="Runnable" testcasecount="293" result="Passed" start-time="2023-01-06 16:03:16Z" end-time="2023-01-06 16:08:11Z" duration="295.068805" total="293" passed="293" failed="0" inconclusive="0" skipped="0" asserts="0">
            <properties />
            <test-suite type="TestFixture" id="1445" name="Array2DTests" fullname="GDX.Collections.Generic.Array2DTests" classname="GDX.Collections.Generic.Array2DTests" runstate="Runnable" testcasecount="11" result="Passed" start-time="2023-01-06 16:03:16Z" end-time="2023-01-06 16:03:27Z" duration="11.031657" total="11" passed="11" failed="0" inconclusive="0" skipped="0" asserts="0">
              <properties />
              <test-case id="1446" name="AddColumns_MockData_ArrayResized" fullname="GDX.Collections.Generic.Array2DTests.AddColumns_MockData_ArrayResized" methodname="AddColumns_MockData_ArrayResized" classname="GDX.Collections.Generic.Array2DTests" runstate="Runnable" seed="1653611098" result="Passed" start-time="2023-01-06 16:03:16Z" end-time="2023-01-06 16:03:16Z" duration="0.000505" asserts="0">
                <properties>
                  <property name="Category" value="GDX.Tests" />
                </properties>
                <output><![CDATA[[Code Coverage] Code coverage results were not saved. Visited sequence points not found. 
Included Assemblies: GDX
Excluded Assemblies: <Not specified>
Included Paths: <Not specified>
Excluded Paths: **.Tests/**,**/BuiltInPackages/**
]]></output>
              </test-case>
              <test-case id="1447" name="AddRows_MockData_ArrayResized" fullname="GDX.Collections.Generic.Array2DTests.AddRows_MockData_ArrayResized" methodname="AddRows_MockData_ArrayResized" classname="GDX.Collections.Generic.Array2DTests" runstate="Runnable" seed="1048822007" result="Passed" start-time="2023-01-06 16:03:17Z" end-time="2023-01-06 16:03:17Z" duration="0.000371" asserts="0">
                <properties>
                  <property name="Category" value="GDX.Tests" />
                </properties>
                <output><![CDATA[[Code Coverage] Code coverage results were not saved. Visited sequence points not found. 
Included Assemblies: GDX
Excluded Assemblies: <Not specified>
Included Paths: <Not specified>
Excluded Paths: **.Tests/**,**/BuiltInPackages/**
]]></output>
              </test-case>
              <test-case id="1448" name="GetColumnIndex_MockData_ReturnsIndex" fullname="GDX.Collections.Generic.Array2DTests.GetColumnIndex_MockData_ReturnsIndex" methodname="GetColumnIndex_MockData_ReturnsIndex" classname="GDX.Collections.Generic.Array2DTests" runstate="Runnable" seed="1611879744" result="Passed" start-time="2023-01-06 16:03:18Z" end-time="2023-01-06 16:03:18Z" duration="0.000413" asserts="0">
                <properties>
                  <property name="Category" value="GDX.Tests" />
                </properties>
                <output><![CDATA[[Code Coverage] Code coverage results were not saved. Visited sequence points not found. 
Included Assemblies: GDX
Excluded Assemblies: <Not specified>
Included Paths: <Not specified>
Excluded Paths: **.Tests/**,**/BuiltInPackages/**
]]></output>
              </test-case>
              <test-case id="1449" name="GetRowIndex_MockData_ReturnsIndex" fullname="GDX.Collections.Generic.Array2DTests.GetRowIndex_MockData_ReturnsIndex" methodname="GetRowIndex_MockData_ReturnsIndex" classname="GDX.Collections.Generic.Array2DTests" runstate="Runnable" seed="1816799081" result="Passed" start-time="2023-01-06 16:03:19Z" end-time="2023-01-06 16:03:19Z" duration="0.000363" asserts="0">
                <properties>
                  <property name="Category" value="GDX.Tests" />
                </properties>
                <output><![CDATA[[Code Coverage] Code coverage results were not saved. Visited sequence points not found. 
Included Assemblies: GDX
Excluded Assemblies: <Not specified>
Included Paths: <Not specified>
Excluded Paths: **.Tests/**,**/BuiltInPackages/**
]]></output>
              </test-case>
              <test-case id="1450" name="ReverseColumns_MockDataEven_ValuesReversed" fullname="GDX.Collections.Generic.Array2DTests.ReverseColumns_MockDataEven_ValuesReversed" methodname="ReverseColumns_MockDataEven_ValuesReversed" classname="GDX.Collections.Generic.Array2DTests" runstate="Runnable" seed="1132820624" result="Passed" start-time="2023-01-06 16:03:20Z" end-time="2023-01-06 16:03:20Z" duration="0.000538" asserts="0">
                <properties>
                  <property name="Category" value="GDX.Tests" />
                </properties>
                <output><![CDATA[[Code Coverage] Code coverage results were not saved. Visited sequence points not found. 
Included Assemblies: GDX
Excluded Assemblies: <Not specified>
Included Paths: <Not specified>
Excluded Paths: **.Tests/**,**/BuiltInPackages/**
]]></output>
              </test-case>
              <test-case id="1451" name="ReverseColumns_MockDataOdd_ValuesReversed" fullname="GDX.Collections.Generic.Array2DTests.ReverseColumns_MockDataOdd_ValuesReversed" methodname="ReverseColumns_MockDataOdd_ValuesReversed" classname="GDX.Collections.Generic.Array2DTests" runstate="Runnable" seed="727970436" result="Passed" start-time="2023-01-06 16:03:21Z" end-time="2023-01-06 16:03:21Z" duration="0.000327" asserts="0">
                <properties>
                  <property name="Category" value="GDX.Tests" />
                </properties>
                <output><![CDATA[[Code Coverage] Code coverage results were not saved. Visited sequence points not found. 
Included Assemblies: GDX
Excluded Assemblies: <Not specified>
Included Paths: <Not specified>
Excluded Paths: **.Tests/**,**/BuiltInPackages/**
]]></output>
              </test-case>
              <test-case id="1452" name="ReverseRows_MockDataEven_ValuesReversed" fullname="GDX.Collections.Generic.Array2DTests.ReverseRows_MockDataEven_ValuesReversed" methodname="ReverseRows_MockDataEven_ValuesReversed" classname="GDX.Collections.Generic.Array2DTests" runstate="Runnable" seed="1609793859" result="Passed" start-time="2023-01-06 16:03:22Z" end-time="2023-01-06 16:03:22Z" duration="0.000470" asserts="0">
                <properties>
                  <property name="Category" value="GDX.Tests" />
                </properties>
                <output><![CDATA[[Code Coverage] Code coverage results were not saved. Visited sequence points not found. 
Included Assemblies: GDX
Excluded Assemblies: <Not specified>
Included Paths: <Not specified>
Excluded Paths: **.Tests/**,**/BuiltInPackages/**
]]></output>
              </test-case>
              <test-case id="1453" name="ReverseRows_MockDataOdd_ValuesReversed" fullname="GDX.Collections.Generic.Array2DTests.ReverseRows_MockDataOdd_ValuesReversed" methodname="ReverseRows_MockDataOdd_ValuesReversed" classname="GDX.Collections.Generic.Array2DTests" runstate="Runnable" seed="9763938" result="Passed" start-time="2023-01-06 16:03:23Z" end-time="2023-01-06 16:03:23Z" duration="0.000328" asserts="0">
                <properties>
                  <property name="Category" value="GDX.Tests" />
                </properties>
                <output><![CDATA[[Code Coverage] Code coverage results were not saved. Visited sequence points not found. 
Included Assemblies: GDX
Excluded Assemblies: <Not specified>
Included Paths: <Not specified>
Excluded Paths: **.Tests/**,**/BuiltInPackages/**
]]></output>
              </test-case>
              <test-case id="1454" name="RotateClockwise_MockDataOdd_ValuesRotated" fullname="GDX.Collections.Generic.Array2DTests.RotateClockwise_MockDataOdd_ValuesRotated" methodname="RotateClockwise_MockDataOdd_ValuesRotated" classname="GDX.Collections.Generic.Array2DTests" runstate="Runnable" seed="1646474399" result="Passed" start-time="2023-01-06 16:03:24Z" end-time="2023-01-06 16:03:24Z" duration="0.000474" asserts="0">
                <properties>
                  <property name="Category" value="GDX.Tests" />
                </properties>
                <output><![CDATA[[Code Coverage] Code coverage results were not saved. Visited sequence points not found. 
Included Assemblies: GDX
Excluded Assemblies: <Not specified>
Included Paths: <Not specified>
Excluded Paths: **.Tests/**,**/BuiltInPackages/**
]]></output>
              </test-case>
              <test-case id="1455" name="RotateCounterClockwise_MockDataOdd_ValuesRotated" fullname="GDX.Collections.Generic.Array2DTests.RotateCounterClockwise_MockDataOdd_ValuesRotated" methodname="RotateCounterClockwise_MockDataOdd_ValuesRotated" classname="GDX.Collections.Generic.Array2DTests" runstate="Runnable" seed="1132438855" result="Passed" start-time="2023-01-06 16:03:25Z" end-time="2023-01-06 16:03:25Z" duration="0.000532" asserts="0">
                <properties>
                  <property name="Category" value="GDX.Tests" />
                </properties>
                <output><![CDATA[[Code Coverage] Code coverage results were not saved. Visited sequence points not found. 
Included Assemblies: GDX
Excluded Assemblies: <Not specified>
Included Paths: <Not specified>
Excluded Paths: **.Tests/**,**/BuiltInPackages/**
]]></output>
              </test-case>
              <test-case id="1456" name="ToMultiDimensionalArray_MockData_MatchingValues" fullname="GDX.Collections.Generic.Array2DTests.ToMultiDimensionalArray_MockData_MatchingValues" methodname="ToMultiDimensionalArray_MockData_MatchingValues" classname="GDX.Collections.Generic.Array2DTests" runstate="Runnable" seed="825161903" result="Passed" start-time="2023-01-06 16:03:26Z" end-time="2023-01-06 16:03:26Z" duration="0.000564" asserts="0">
                <properties>
                  <property name="Category" value="GDX.Tests" />
                </properties>
                <output><![CDATA[[Code Coverage] Code coverage results were not saved. Visited sequence points not found. 
Included Assemblies: GDX
Excluded Assemblies: <Not specified>
Included Paths: <Not specified>
Excluded Paths: **.Tests/**,**/BuiltInPackages/**
]]></output>
              </test-case>
            </test-suite>
            <test-suite type="TestFixture" id="1457" name="Array3DTests" fullname="GDX.Collections.Generic.Array3DTests" classname="GDX.Collections.Generic.Array3DTests" runstate="Runnable" testcasecount="10" result="Passed" start-time="2023-01-06 16:03:27Z" end-time="2023-01-06 16:03:37Z" duration="9.993062" total="10" passed="10" failed="0" inconclusive="0" skipped="0" asserts="0">
              <properties />
              <test-case id="1458" name="Constructor_CorrectSizes" fullname="GDX.Collections.Generic.Array3DTests.Constructor_CorrectSizes" methodname="Constructor_CorrectSizes" classname="GDX.Collections.Generic.Array3DTests" runstate="Runnable" seed="2066497433" result="Passed" start-time="2023-01-06 16:03:27Z" end-time="2023-01-06 16:03:27Z" duration="0.000897" asserts="0">
                <properties>
                  <property name="Category" value="GDX.Tests" />
                </properties>
                <output><![CDATA[[Code Coverage] Code coverage results were not saved. Visited sequence points not found. 
Included Assemblies: GDX
Excluded Assemblies: <Not specified>
Included Paths: <Not specified>
Excluded Paths: **.Tests/**,**/BuiltInPackages/**
]]></output>
              </test-case>
              <test-case id="1459" name="GetByIndex_LastSpot_ValidEntry" fullname="GDX.Collections.Generic.Array3DTests.GetByIndex_LastSpot_ValidEntry" methodname="GetByIndex_LastSpot_ValidEntry" classname="GDX.Collections.Generic.Array3DTests" runstate="Runnable" seed="1451806278" result="Passed" start-time="2023-01-06 16:03:28Z" end-time="2023-01-06 16:03:28Z" duration="0.000393" asserts="0">
                <properties>
                  <property name="Category" value="GDX.Tests" />
                </properties>
                <output><![CDATA[[Code Coverage] Code coverage results were not saved. Visited sequence points not found. 
Included Assemblies: GDX
Excluded Assemblies: <Not specified>
Included Paths: <Not specified>
Excluded Paths: **.Tests/**,**/BuiltInPackages/**
]]></output>
              </test-case>
              <test-case id="1461" name="GetByInt3_LastSpot_ValidEntry" fullname="GDX.Collections.Generic.Array3DTests.GetByInt3_LastSpot_ValidEntry" methodname="GetByInt3_LastSpot_ValidEntry" classname="GDX.Collections.Generic.Array3DTests" runstate="Runnable" seed="428817418" result="Passed" start-time="2023-01-06 16:03:29Z" end-time="2023-01-06 16:03:29Z" duration="0.000518" asserts="0">
                <properties>
                  <property name="Category" value="GDX.Tests" />
                </properties>
                <output><![CDATA[[Code Coverage] Code coverage results were not saved. Visited sequence points not found. 
Included Assemblies: GDX
Excluded Assemblies: <Not specified>
Included Paths: <Not specified>
Excluded Paths: **.Tests/**,**/BuiltInPackages/**
]]></output>
              </test-case>
              <test-case id="1464" name="GetFromIndex_FirstSpot_Valid" fullname="GDX.Collections.Generic.Array3DTests.GetFromIndex_FirstSpot_Valid" methodname="GetFromIndex_FirstSpot_Valid" classname="GDX.Collections.Generic.Array3DTests" runstate="Runnable" seed="149590214" result="Passed" start-time="2023-01-06 16:03:30Z" end-time="2023-01-06 16:03:30Z" duration="0.000586" asserts="0">
                <properties>
                  <property name="Category" value="GDX.Tests" />
                </properties>
                <output><![CDATA[[Code Coverage] Code coverage results were not saved. Visited sequence points not found. 
Included Assemblies: GDX
Excluded Assemblies: <Not specified>
Included Paths: <Not specified>
Excluded Paths: **.Tests/**,**/BuiltInPackages/**
]]></output>
              </test-case>
              <test-case id="1466" name="GetFromIndex_LastBottomRow_Valid" fullname="GDX.Collections.Generic.Array3DTests.GetFromIndex_LastBottomRow_Valid" methodname="GetFromIndex_LastBottomRow_Valid" classname="GDX.Collections.Generic.Array3DTests" runstate="Runnable" seed="1665705764" result="Passed" start-time="2023-01-06 16:03:31Z" end-time="2023-01-06 16:03:31Z" duration="0.000362" asserts="0">
                <properties>
                  <property name="Category" value="GDX.Tests" />
                </properties>
                <output><![CDATA[[Code Coverage] Code coverage results were not saved. Visited sequence points not found. 
Included Assemblies: GDX
Excluded Assemblies: <Not specified>
Included Paths: <Not specified>
Excluded Paths: **.Tests/**,**/BuiltInPackages/**
]]></output>
              </test-case>
              <test-case id="1465" name="GetFromIndex_LastFirstRow_Valid" fullname="GDX.Collections.Generic.Array3DTests.GetFromIndex_LastFirstRow_Valid" methodname="GetFromIndex_LastFirstRow_Valid" classname="GDX.Collections.Generic.Array3DTests" runstate="Runnable" seed="1361524565" result="Passed" start-time="2023-01-06 16:03:32Z" end-time="2023-01-06 16:03:32Z" duration="0.000354" asserts="0">
                <properties>
                  <property name="Category" value="GDX.Tests" />
                </properties>
                <output><![CDATA[[Code Coverage] Code coverage results were not saved. Visited sequence points not found. 
Included Assemblies: GDX
Excluded Assemblies: <Not specified>
Included Paths: <Not specified>
Excluded Paths: **.Tests/**,**/BuiltInPackages/**
]]></output>
              </test-case>
              <test-case id="1463" name="GetFromIndex_LastSpot_Valid" fullname="GDX.Collections.Generic.Array3DTests.GetFromIndex_LastSpot_Valid" methodname="GetFromIndex_LastSpot_Valid" classname="GDX.Collections.Generic.Array3DTests" runstate="Runnable" seed="907747612" result="Passed" start-time="2023-01-06 16:03:33Z" end-time="2023-01-06 16:03:33Z" duration="0.000346" asserts="0">
                <properties>
                  <property name="Category" value="GDX.Tests" />
                </properties>
                <output><![CDATA[[Code Coverage] Code coverage results were not saved. Visited sequence points not found. 
Included Assemblies: GDX
Excluded Assemblies: <Not specified>
Included Paths: <Not specified>
Excluded Paths: **.Tests/**,**/BuiltInPackages/**
]]></output>
              </test-case>
              <test-case id="1467" name="GetFromIndex_SecondTopRowAtBack_Valid" fullname="GDX.Collections.Generic.Array3DTests.GetFromIndex_SecondTopRowAtBack_Valid" methodname="GetFromIndex_SecondTopRowAtBack_Valid" classname="GDX.Collections.Generic.Array3DTests" runstate="Runnable" seed="2016166939" result="Passed" start-time="2023-01-06 16:03:34Z" end-time="2023-01-06 16:03:34Z" duration="0.000366" asserts="0">
                <properties>
                  <property name="Category" value="GDX.Tests" />
                </properties>
                <output><![CDATA[[Code Coverage] Code coverage results were not saved. Visited sequence points not found. 
Included Assemblies: GDX
Excluded Assemblies: <Not specified>
Included Paths: <Not specified>
Excluded Paths: **.Tests/**,**/BuiltInPackages/**
]]></output>
              </test-case>
              <test-case id="1460" name="SetByIndex_LastSpot_ValidEntry" fullname="GDX.Collections.Generic.Array3DTests.SetByIndex_LastSpot_ValidEntry" methodname="SetByIndex_LastSpot_ValidEntry" classname="GDX.Collections.Generic.Array3DTests" runstate="Runnable" seed="1524094502" result="Passed" start-time="2023-01-06 16:03:35Z" end-time="2023-01-06 16:03:35Z" duration="0.000395" asserts="0">
                <properties>
                  <property name="Category" value="GDX.Tests" />
                </properties>
                <output><![CDATA[[Code Coverage] Code coverage results were not saved. Visited sequence points not found. 
Included Assemblies: GDX
Excluded Assemblies: <Not specified>
Included Paths: <Not specified>
Excluded Paths: **.Tests/**,**/BuiltInPackages/**
]]></output>
              </test-case>
              <test-case id="1462" name="SetByInt3_LastSpot_ValidEntry" fullname="GDX.Collections.Generic.Array3DTests.SetByInt3_LastSpot_ValidEntry" methodname="SetByInt3_LastSpot_ValidEntry" classname="GDX.Collections.Generic.Array3DTests" runstate="Runnable" seed="706218189" result="Passed" start-time="2023-01-06 16:03:36Z" end-time="2023-01-06 16:03:36Z" duration="0.000418" asserts="0">
                <properties>
                  <property name="Category" value="GDX.Tests" />
                </properties>
                <output><![CDATA[[Code Coverage] Code coverage results were not saved. Visited sequence points not found. 
Included Assemblies: GDX
Excluded Assemblies: <Not specified>
Included Paths: <Not specified>
Excluded Paths: **.Tests/**,**/BuiltInPackages/**
]]></output>
              </test-case>
            </test-suite>
            <test-suite type="TestFixture" id="1737" name="ArrayPoolTests" fullname="GDX.Collections.Generic.ArrayPoolTests" classname="GDX.Collections.Generic.ArrayPoolTests" runstate="Runnable" testcasecount="6" result="Passed" start-time="2023-01-06 16:03:37Z" end-time="2023-01-06 16:03:43Z" duration="5.835291" total="6" passed="6" failed="0" inconclusive="0" skipped="0" asserts="0">
              <properties />
              <test-case id="1738" name="Constructor_InitializeWithMinimumAndMaximum" fullname="GDX.Collections.Generic.ArrayPoolTests.Constructor_InitializeWithMinimumAndMaximum" methodname="Constructor_InitializeWithMinimumAndMaximum" classname="GDX.Collections.Generic.ArrayPoolTests" runstate="Runnable" seed="132176756" result="Passed" start-time="2023-01-06 16:03:37Z" end-time="2023-01-06 16:03:37Z" duration="0.000600" asserts="0">
                <properties>
                  <property name="Category" value="GDX.Tests" />
                </properties>
                <output><![CDATA[[Code Coverage] Code coverage results were not saved. Visited sequence points not found. 
Included Assemblies: GDX
Excluded Assemblies: <Not specified>
Included Paths: <Not specified>
Excluded Paths: **.Tests/**,**/BuiltInPackages/**
]]></output>
              </test-case>
              <test-case id="1741" name="GetArrayFromPool_NonPowerOfTwoRequested_ArrayExistsInPool" fullname="GDX.Collections.Generic.ArrayPoolTests.GetArrayFromPool_NonPowerOfTwoRequested_ArrayExistsInPool" methodname="GetArrayFromPool_NonPowerOfTwoRequested_ArrayExistsInPool" classname="GDX.Collections.Generic.ArrayPoolTests" runstate="Runnable" seed="646651017" result="Passed" start-time="2023-01-06 16:03:38Z" end-time="2023-01-06 16:03:38Z" duration="0.000563" asserts="0">
                <properties>
                  <property name="Category" value="GDX.Tests" />
                </properties>
                <output><![CDATA[[Code Coverage] Code coverage results were not saved. Visited sequence points not found. 
Included Assemblies: GDX
Excluded Assemblies: <Not specified>
Included Paths: <Not specified>
Excluded Paths: **.Tests/**,**/BuiltInPackages/**
]]></output>
              </test-case>
              <test-case id="1739" name="GetArrayFromPool_PowerOfTwoRequested_ArrayExistsInPool" fullname="GDX.Collections.Generic.ArrayPoolTests.GetArrayFromPool_PowerOfTwoRequested_ArrayExistsInPool" methodname="GetArrayFromPool_PowerOfTwoRequested_ArrayExistsInPool" classname="GDX.Collections.Generic.ArrayPoolTests" runstate="Runnable" seed="345357129" result="Passed" start-time="2023-01-06 16:03:39Z" end-time="2023-01-06 16:03:39Z" duration="0.000402" asserts="0">
                <properties>
                  <property name="Category" value="GDX.Tests" />
                </properties>
                <output><![CDATA[[Code Coverage] Code coverage results were not saved. Visited sequence points not found. 
Included Assemblies: GDX
Excluded Assemblies: <Not specified>
Included Paths: <Not specified>
Excluded Paths: **.Tests/**,**/BuiltInPackages/**
]]></output>
              </test-case>
              <test-case id="1740" name="GetArrayFromPool_PowerOfTwoRequested_PoolIsEmpty" fullname="GDX.Collections.Generic.ArrayPoolTests.GetArrayFromPool_PowerOfTwoRequested_PoolIsEmpty" methodname="GetArrayFromPool_PowerOfTwoRequested_PoolIsEmpty" classname="GDX.Collections.Generic.ArrayPoolTests" runstate="Runnable" seed="203898499" result="Passed" start-time="2023-01-06 16:03:40Z" end-time="2023-01-06 16:03:40Z" duration="0.000409" asserts="0">
                <properties>
                  <property name="Category" value="GDX.Tests" />
                </properties>
                <output><![CDATA[[Code Coverage] Code coverage results were not saved. Visited sequence points not found. 
Included Assemblies: GDX
Excluded Assemblies: <Not specified>
Included Paths: <Not specified>
Excluded Paths: **.Tests/**,**/BuiltInPackages/**
]]></output>
              </test-case>
              <test-case id="1742" name="ReturnArrayToPool_MaximumNotReached" fullname="GDX.Collections.Generic.ArrayPoolTests.ReturnArrayToPool_MaximumNotReached" methodname="ReturnArrayToPool_MaximumNotReached" classname="GDX.Collections.Generic.ArrayPoolTests" runstate="Runnable" seed="1485203421" result="Passed" start-time="2023-01-06 16:03:41Z" end-time="2023-01-06 16:03:41Z" duration="0.000546" asserts="0">
                <properties>
                  <property name="Category" value="GDX.Tests" />
                </properties>
                <output><![CDATA[[Code Coverage] Code coverage results were not saved. Visited sequence points not found. 
Included Assemblies: GDX
Excluded Assemblies: <Not specified>
Included Paths: <Not specified>
Excluded Paths: **.Tests/**,**/BuiltInPackages/**
]]></output>
              </test-case>
              <test-case id="1743" name="ReturnArrayToPool_MaximumReached" fullname="GDX.Collections.Generic.ArrayPoolTests.ReturnArrayToPool_MaximumReached" methodname="ReturnArrayToPool_MaximumReached" classname="GDX.Collections.Generic.ArrayPoolTests" runstate="Runnable" seed="1252970346" result="Passed" start-time="2023-01-06 16:03:42Z" end-time="2023-01-06 16:03:42Z" duration="0.000474" asserts="0">
                <properties>
                  <property name="Category" value="GDX.Tests" />
                </properties>
                <output><![CDATA[[Code Coverage] Code coverage results were not saved. Visited sequence points not found. 
Included Assemblies: GDX
Excluded Assemblies: <Not specified>
Included Paths: <Not specified>
Excluded Paths: **.Tests/**,**/BuiltInPackages/**
]]></output>
              </test-case>
            </test-suite>
            <test-suite type="TestFixture" id="1468" name="CircularBufferTests" fullname="GDX.Collections.Generic.CircularBufferTests" classname="GDX.Collections.Generic.CircularBufferTests" runstate="Runnable" testcasecount="22" result="Passed" start-time="2023-01-06 16:03:43Z" end-time="2023-01-06 16:04:05Z" duration="21.757632" total="22" passed="22" failed="0" inconclusive="0" skipped="0" asserts="0">
              <properties />
              <test-case id="1469" name="Add_MockData_Normal" fullname="GDX.Collections.Generic.CircularBufferTests.Add_MockData_Normal" methodname="Add_MockData_Normal" classname="GDX.Collections.Generic.CircularBufferTests" runstate="Runnable" seed="2000089831" result="Passed" start-time="2023-01-06 16:03:43Z" end-time="2023-01-06 16:03:43Z" duration="0.000637" asserts="0">
                <properties>
                  <property name="Category" value="GDX.Tests" />
                </properties>
                <output><![CDATA[[Code Coverage] Code coverage results were not saved. Visited sequence points not found. 
Included Assemblies: GDX
Excluded Assemblies: <Not specified>
Included Paths: <Not specified>
Excluded Paths: **.Tests/**,**/BuiltInPackages/**
]]></output>
              </test-case>
              <test-case id="1470" name="Add_MockData_Wrapped" fullname="GDX.Collections.Generic.CircularBufferTests.Add_MockData_Wrapped" methodname="Add_MockData_Wrapped" classname="GDX.Collections.Generic.CircularBufferTests" runstate="Runnable" seed="1204282172" result="Passed" start-time="2023-01-06 16:03:44Z" end-time="2023-01-06 16:03:44Z" duration="0.000362" asserts="0">
                <properties>
                  <property name="Category" value="GDX.Tests" />
                </properties>
                <output><![CDATA[[Code Coverage] Code coverage results were not saved. Visited sequence points not found. 
Included Assemblies: GDX
Excluded Assemblies: <Not specified>
Included Paths: <Not specified>
Excluded Paths: **.Tests/**,**/BuiltInPackages/**
]]></output>
              </test-case>
              <test-case id="1471" name="Clear_MockData_Empty" fullname="GDX.Collections.Generic.CircularBufferTests.Clear_MockData_Empty" methodname="Clear_MockData_Empty" classname="GDX.Collections.Generic.CircularBufferTests" runstate="Runnable" seed="2114524882" result="Passed" start-time="2023-01-06 16:03:45Z" end-time="2023-01-06 16:03:45Z" duration="0.000402" asserts="0">
                <properties>
                  <property name="Category" value="GDX.Tests" />
                </properties>
                <output><![CDATA[[Code Coverage] Code coverage results were not saved. Visited sequence points not found. 
Included Assemblies: GDX
Excluded Assemblies: <Not specified>
Included Paths: <Not specified>
Excluded Paths: **.Tests/**,**/BuiltInPackages/**
]]></output>
              </test-case>
              <test-case id="1472" name="Get_MockData_First" fullname="GDX.Collections.Generic.CircularBufferTests.Get_MockData_First" methodname="Get_MockData_First" classname="GDX.Collections.Generic.CircularBufferTests" runstate="Runnable" seed="567713165" result="Passed" start-time="2023-01-06 16:03:46Z" end-time="2023-01-06 16:03:46Z" duration="0.000372" asserts="0">
                <properties>
                  <property name="Category" value="GDX.Tests" />
                </properties>
                <output><![CDATA[[Code Coverage] Code coverage results were not saved. Visited sequence points not found. 
Included Assemblies: GDX
Excluded Assemblies: <Not specified>
Included Paths: <Not specified>
Excluded Paths: **.Tests/**,**/BuiltInPackages/**
]]></output>
              </test-case>
              <test-case id="1473" name="Get_MockData_Last" fullname="GDX.Collections.Generic.CircularBufferTests.Get_MockData_Last" methodname="Get_MockData_Last" classname="GDX.Collections.Generic.CircularBufferTests" runstate="Runnable" seed="1808840105" result="Passed" start-time="2023-01-06 16:03:47Z" end-time="2023-01-06 16:03:47Z" duration="0.000292" asserts="0">
                <properties>
                  <property name="Category" value="GDX.Tests" />
                </properties>
                <output><![CDATA[[Code Coverage] Code coverage results were not saved. Visited sequence points not found. 
Included Assemblies: GDX
Excluded Assemblies: <Not specified>
Included Paths: <Not specified>
Excluded Paths: **.Tests/**,**/BuiltInPackages/**
]]></output>
              </test-case>
              <test-case id="1474" name="Get_MockData_Wrapped" fullname="GDX.Collections.Generic.CircularBufferTests.Get_MockData_Wrapped" methodname="Get_MockData_Wrapped" classname="GDX.Collections.Generic.CircularBufferTests" runstate="Runnable" seed="76837712" result="Passed" start-time="2023-01-06 16:03:48Z" end-time="2023-01-06 16:03:48Z" duration="0.000358" asserts="0">
                <properties>
                  <property name="Category" value="GDX.Tests" />
                </properties>
                <output><![CDATA[[Code Coverage] Code coverage results were not saved. Visited sequence points not found. 
Included Assemblies: GDX
Excluded Assemblies: <Not specified>
Included Paths: <Not specified>
Excluded Paths: **.Tests/**,**/BuiltInPackages/**
]]></output>
              </test-case>
              <test-case id="1475" name="GetBack_MockData_Valid" fullname="GDX.Collections.Generic.CircularBufferTests.GetBack_MockData_Valid" methodname="GetBack_MockData_Valid" classname="GDX.Collections.Generic.CircularBufferTests" runstate="Runnable" seed="396894961" result="Passed" start-time="2023-01-06 16:03:49Z" end-time="2023-01-06 16:03:49Z" duration="0.000514" asserts="0">
                <properties>
                  <property name="Category" value="GDX.Tests" />
                </properties>
                <output><![CDATA[[Code Coverage] Code coverage results were not saved. Visited sequence points not found. 
Included Assemblies: GDX
Excluded Assemblies: <Not specified>
Included Paths: <Not specified>
Excluded Paths: **.Tests/**,**/BuiltInPackages/**
]]></output>
              </test-case>
              <test-case id="1476" name="GetFront_MockData_Valid" fullname="GDX.Collections.Generic.CircularBufferTests.GetFront_MockData_Valid" methodname="GetFront_MockData_Valid" classname="GDX.Collections.Generic.CircularBufferTests" runstate="Runnable" seed="1634919941" result="Passed" start-time="2023-01-06 16:03:50Z" end-time="2023-01-06 16:03:50Z" duration="0.000354" asserts="0">
                <properties>
                  <property name="Category" value="GDX.Tests" />
                </properties>
                <output><![CDATA[[Code Coverage] Code coverage results were not saved. Visited sequence points not found. 
Included Assemblies: GDX
Excluded Assemblies: <Not specified>
Included Paths: <Not specified>
Excluded Paths: **.Tests/**,**/BuiltInPackages/**
]]></output>
              </test-case>
              <test-case id="1478" name="IsEmpty_MockData_ClearedEmpty" fullname="GDX.Collections.Generic.CircularBufferTests.IsEmpty_MockData_ClearedEmpty" methodname="IsEmpty_MockData_ClearedEmpty" classname="GDX.Collections.Generic.CircularBufferTests" runstate="Runnable" seed="415213456" result="Passed" start-time="2023-01-06 16:03:51Z" end-time="2023-01-06 16:03:51Z" duration="0.000356" asserts="0">
                <properties>
                  <property name="Category" value="GDX.Tests" />
                </properties>
                <output><![CDATA[[Code Coverage] Code coverage results were not saved. Visited sequence points not found. 
Included Assemblies: GDX
Excluded Assemblies: <Not specified>
Included Paths: <Not specified>
Excluded Paths: **.Tests/**,**/BuiltInPackages/**
]]></output>
              </test-case>
              <test-case id="1477" name="IsEmpty_MockData_Empty" fullname="GDX.Collections.Generic.CircularBufferTests.IsEmpty_MockData_Empty" methodname="IsEmpty_MockData_Empty" classname="GDX.Collections.Generic.CircularBufferTests" runstate="Runnable" seed="442941191" result="Passed" start-time="2023-01-06 16:03:52Z" end-time="2023-01-06 16:03:52Z" duration="0.000277" asserts="0">
                <properties>
                  <property name="Category" value="GDX.Tests" />
                </properties>
                <output><![CDATA[[Code Coverage] Code coverage results were not saved. Visited sequence points not found. 
Included Assemblies: GDX
Excluded Assemblies: <Not specified>
Included Paths: <Not specified>
Excluded Paths: **.Tests/**,**/BuiltInPackages/**
]]></output>
              </test-case>
              <test-case id="1479" name="IsEmpty_MockData_NotEmpty" fullname="GDX.Collections.Generic.CircularBufferTests.IsEmpty_MockData_NotEmpty" methodname="IsEmpty_MockData_NotEmpty" classname="GDX.Collections.Generic.CircularBufferTests" runstate="Runnable" seed="1992618459" result="Passed" start-time="2023-01-06 16:03:53Z" end-time="2023-01-06 16:03:53Z" duration="0.000367" asserts="0">
                <properties>
                  <property name="Category" value="GDX.Tests" />
                </properties>
                <output><![CDATA[[Code Coverage] Code coverage results were not saved. Visited sequence points not found. 
Included Assemblies: GDX
Excluded Assemblies: <Not specified>
Included Paths: <Not specified>
Excluded Paths: **.Tests/**,**/BuiltInPackages/**
]]></output>
              </test-case>
              <test-case id="1480" name="IsFull_MockData_Full" fullname="GDX.Collections.Generic.CircularBufferTests.IsFull_MockData_Full" methodname="IsFull_MockData_Full" classname="GDX.Collections.Generic.CircularBufferTests" runstate="Runnable" seed="1250733438" result="Passed" start-time="2023-01-06 16:03:54Z" end-time="2023-01-06 16:03:54Z" duration="0.000343" asserts="0">
                <properties>
                  <property name="Category" value="GDX.Tests" />
                </properties>
                <output><![CDATA[[Code Coverage] Code coverage results were not saved. Visited sequence points not found. 
Included Assemblies: GDX
Excluded Assemblies: <Not specified>
Included Paths: <Not specified>
Excluded Paths: **.Tests/**,**/BuiltInPackages/**
]]></output>
              </test-case>
              <test-case id="1481" name="IsFull_MockData_NotFull" fullname="GDX.Collections.Generic.CircularBufferTests.IsFull_MockData_NotFull" methodname="IsFull_MockData_NotFull" classname="GDX.Collections.Generic.CircularBufferTests" runstate="Runnable" seed="379625945" result="Passed" start-time="2023-01-06 16:03:55Z" end-time="2023-01-06 16:03:55Z" duration="0.000295" asserts="0">
                <properties>
                  <property name="Category" value="GDX.Tests" />
                </properties>
                <output><![CDATA[[Code Coverage] Code coverage results were not saved. Visited sequence points not found. 
Included Assemblies: GDX
Excluded Assemblies: <Not specified>
Included Paths: <Not specified>
Excluded Paths: **.Tests/**,**/BuiltInPackages/**
]]></output>
              </test-case>
              <test-case id="1482" name="PopBack_MockData_GetValue" fullname="GDX.Collections.Generic.CircularBufferTests.PopBack_MockData_GetValue" methodname="PopBack_MockData_GetValue" classname="GDX.Collections.Generic.CircularBufferTests" runstate="Runnable" seed="1909224337" result="Passed" start-time="2023-01-06 16:03:56Z" end-time="2023-01-06 16:03:56Z" duration="0.000382" asserts="0">
                <properties>
                  <property name="Category" value="GDX.Tests" />
                </properties>
                <output><![CDATA[[Code Coverage] Code coverage results were not saved. Visited sequence points not found. 
Included Assemblies: GDX
Excluded Assemblies: <Not specified>
Included Paths: <Not specified>
Excluded Paths: **.Tests/**,**/BuiltInPackages/**
]]></output>
              </test-case>
              <test-case id="1483" name="PopFront_MockData_GetValue" fullname="GDX.Collections.Generic.CircularBufferTests.PopFront_MockData_GetValue" methodname="PopFront_MockData_GetValue" classname="GDX.Collections.Generic.CircularBufferTests" runstate="Runnable" seed="519024969" result="Passed" start-time="2023-01-06 16:03:57Z" end-time="2023-01-06 16:03:57Z" duration="0.000394" asserts="0">
                <properties>
                  <property name="Category" value="GDX.Tests" />
                </properties>
                <output><![CDATA[[Code Coverage] Code coverage results were not saved. Visited sequence points not found. 
Included Assemblies: GDX
Excluded Assemblies: <Not specified>
Included Paths: <Not specified>
Excluded Paths: **.Tests/**,**/BuiltInPackages/**
]]></output>
              </test-case>
              <test-case id="1484" name="PushBack_MockData_InjectedValue" fullname="GDX.Collections.Generic.CircularBufferTests.PushBack_MockData_InjectedValue" methodname="PushBack_MockData_InjectedValue" classname="GDX.Collections.Generic.CircularBufferTests" runstate="Runnable" seed="1604316674" result="Passed" start-time="2023-01-06 16:03:58Z" end-time="2023-01-06 16:03:58Z" duration="0.000327" asserts="0">
                <properties>
                  <property name="Category" value="GDX.Tests" />
                </properties>
                <output><![CDATA[[Code Coverage] Code coverage results were not saved. Visited sequence points not found. 
Included Assemblies: GDX
Excluded Assemblies: <Not specified>
Included Paths: <Not specified>
Excluded Paths: **.Tests/**,**/BuiltInPackages/**
]]></output>
              </test-case>
              <test-case id="1485" name="PushFront_MockData_InjectedValue" fullname="GDX.Collections.Generic.CircularBufferTests.PushFront_MockData_InjectedValue" methodname="PushFront_MockData_InjectedValue" classname="GDX.Collections.Generic.CircularBufferTests" runstate="Runnable" seed="1816193952" result="Passed" start-time="2023-01-06 16:03:59Z" end-time="2023-01-06 16:03:59Z" duration="0.000436" asserts="0">
                <properties>
                  <property name="Category" value="GDX.Tests" />
                </properties>
                <output><![CDATA[[Code Coverage] Code coverage results were not saved. Visited sequence points not found. 
Included Assemblies: GDX
Excluded Assemblies: <Not specified>
Included Paths: <Not specified>
Excluded Paths: **.Tests/**,**/BuiltInPackages/**
]]></output>
              </test-case>
              <test-case id="1486" name="Set_MockData_First" fullname="GDX.Collections.Generic.CircularBufferTests.Set_MockData_First" methodname="Set_MockData_First" classname="GDX.Collections.Generic.CircularBufferTests" runstate="Runnable" seed="758565848" result="Passed" start-time="2023-01-06 16:04:00Z" end-time="2023-01-06 16:04:00Z" duration="0.000388" asserts="0">
                <properties>
                  <property name="Category" value="GDX.Tests" />
                </properties>
                <output><![CDATA[[Code Coverage] Code coverage results were not saved. Visited sequence points not found. 
Included Assemblies: GDX
Excluded Assemblies: <Not specified>
Included Paths: <Not specified>
Excluded Paths: **.Tests/**,**/BuiltInPackages/**
]]></output>
              </test-case>
              <test-case id="1487" name="Set_MockData_Last" fullname="GDX.Collections.Generic.CircularBufferTests.Set_MockData_Last" methodname="Set_MockData_Last" classname="GDX.Collections.Generic.CircularBufferTests" runstate="Runnable" seed="1998132839" result="Passed" start-time="2023-01-06 16:04:01Z" end-time="2023-01-06 16:04:01Z" duration="0.000296" asserts="0">
                <properties>
                  <property name="Category" value="GDX.Tests" />
                </properties>
                <output><![CDATA[[Code Coverage] Code coverage results were not saved. Visited sequence points not found. 
Included Assemblies: GDX
Excluded Assemblies: <Not specified>
Included Paths: <Not specified>
Excluded Paths: **.Tests/**,**/BuiltInPackages/**
]]></output>
              </test-case>
              <test-case id="1488" name="Set_MockData_Wrapped" fullname="GDX.Collections.Generic.CircularBufferTests.Set_MockData_Wrapped" methodname="Set_MockData_Wrapped" classname="GDX.Collections.Generic.CircularBufferTests" runstate="Runnable" seed="1480205984" result="Passed" start-time="2023-01-06 16:04:02Z" end-time="2023-01-06 16:04:02Z" duration="0.000299" asserts="0">
                <properties>
                  <property name="Category" value="GDX.Tests" />
                </properties>
                <output><![CDATA[[Code Coverage] Code coverage results were not saved. Visited sequence points not found. 
Included Assemblies: GDX
Excluded Assemblies: <Not specified>
Included Paths: <Not specified>
Excluded Paths: **.Tests/**,**/BuiltInPackages/**
]]></output>
              </test-case>
              <test-case id="1489" name="ToArray_MockData_NonWrapped" fullname="GDX.Collections.Generic.CircularBufferTests.ToArray_MockData_NonWrapped" methodname="ToArray_MockData_NonWrapped" classname="GDX.Collections.Generic.CircularBufferTests" runstate="Runnable" seed="963273648" result="Passed" start-time="2023-01-06 16:04:03Z" end-time="2023-01-06 16:04:03Z" duration="0.000456" asserts="0">
                <properties>
                  <property name="Category" value="GDX.Tests" />
                </properties>
                <output><![CDATA[[Code Coverage] Code coverage results were not saved. Visited sequence points not found. 
Included Assemblies: GDX
Excluded Assemblies: <Not specified>
Included Paths: <Not specified>
Excluded Paths: **.Tests/**,**/BuiltInPackages/**
]]></output>
              </test-case>
              <test-case id="1490" name="ToArray_MockData_Wrapped" fullname="GDX.Collections.Generic.CircularBufferTests.ToArray_MockData_Wrapped" methodname="ToArray_MockData_Wrapped" classname="GDX.Collections.Generic.CircularBufferTests" runstate="Runnable" seed="1621504735" result="Passed" start-time="2023-01-06 16:04:04Z" end-time="2023-01-06 16:04:04Z" duration="0.000348" asserts="0">
                <properties>
                  <property name="Category" value="GDX.Tests" />
                </properties>
                <output><![CDATA[[Code Coverage] Code coverage results were not saved. Visited sequence points not found. 
Included Assemblies: GDX
Excluded Assemblies: <Not specified>
Included Paths: <Not specified>
Excluded Paths: **.Tests/**,**/BuiltInPackages/**
]]></output>
              </test-case>
            </test-suite>
            <test-suite type="TestFixture" id="1436" name="FreeListTests" fullname="GDX.Collections.Generic.FreeListTests" classname="GDX.Collections.Generic.FreeListTests" runstate="Runnable" testcasecount="8" result="Passed" start-time="2023-01-06 16:04:05Z" end-time="2023-01-06 16:04:13Z" duration="8.333386" total="8" passed="8" failed="0" inconclusive="0" skipped="0" asserts="0">
              <properties />
              <test-case id="1438" name="AddUnchecked_MockData_ValueAdded" fullname="GDX.Collections.Generic.FreeListTests.AddUnchecked_MockData_ValueAdded" methodname="AddUnchecked_MockData_ValueAdded" classname="GDX.Collections.Generic.FreeListTests" runstate="Runnable" seed="1494319363" result="Passed" start-time="2023-01-06 16:04:05Z" end-time="2023-01-06 16:04:05Z" duration="0.000402" asserts="0">
                <properties>
                  <property name="Category" value="GDX.Tests" />
                </properties>
                <output><![CDATA[[Code Coverage] Code Coverage results for visited sequence points were saved in D:/BuildAgent/work/GDX-Documentation/Staging/CodeCoverage/GDX_Development-opencov/EditMode/TestCoverageResults_0018.xml
]]></output>
              </test-case>
              <test-case id="1439" name="AddUnchecked_MockDataOverflow_ThrowsException" fullname="GDX.Collections.Generic.FreeListTests.AddUnchecked_MockDataOverflow_ThrowsException" methodname="AddUnchecked_MockDataOverflow_ThrowsException" classname="GDX.Collections.Generic.FreeListTests" runstate="Runnable" seed="159376661" result="Passed" start-time="2023-01-06 16:04:06Z" end-time="2023-01-06 16:04:06Z" duration="0.003271" asserts="0">
                <properties>
                  <property name="Category" value="GDX.Tests" />
                </properties>
                <output><![CDATA[[Code Coverage] Code Coverage results for visited sequence points were saved in D:/BuildAgent/work/GDX-Documentation/Staging/CodeCoverage/GDX_Development-opencov/EditMode/TestCoverageResults_0019.xml
]]></output>
              </test-case>
              <test-case id="1440" name="AddWithExpandCheck_MockData_ValueAdded" fullname="GDX.Collections.Generic.FreeListTests.AddWithExpandCheck_MockData_ValueAdded" methodname="AddWithExpandCheck_MockData_ValueAdded" classname="GDX.Collections.Generic.FreeListTests" runstate="Runnable" seed="462271674" result="Passed" start-time="2023-01-06 16:04:07Z" end-time="2023-01-06 16:04:07Z" duration="0.000439" asserts="0">
                <properties>
                  <property name="Category" value="GDX.Tests" />
                </properties>
                <output><![CDATA[[Code Coverage] Code Coverage results for visited sequence points were saved in D:/BuildAgent/work/GDX-Documentation/Staging/CodeCoverage/GDX_Development-opencov/EditMode/TestCoverageResults_0020.xml
]]></output>
              </test-case>
              <test-case id="1441" name="AddWithExpandCheck_MockDataWithExpansion_ValueAdded" fullname="GDX.Collections.Generic.FreeListTests.AddWithExpandCheck_MockDataWithExpansion_ValueAdded" methodname="AddWithExpandCheck_MockDataWithExpansion_ValueAdded" classname="GDX.Collections.Generic.FreeListTests" runstate="Runnable" seed="335781667" result="Passed" start-time="2023-01-06 16:04:08Z" end-time="2023-01-06 16:04:08Z" duration="0.000439" asserts="0">
                <properties>
                  <property name="Category" value="GDX.Tests" />
                </properties>
                <output><![CDATA[[Code Coverage] Code Coverage results for visited sequence points were saved in D:/BuildAgent/work/GDX-Documentation/Staging/CodeCoverage/GDX_Development-opencov/EditMode/TestCoverageResults_0021.xml
]]></output>
              </test-case>
              <test-case id="1442" name="Clear_MockData_DataCleared" fullname="GDX.Collections.Generic.FreeListTests.Clear_MockData_DataCleared" methodname="Clear_MockData_DataCleared" classname="GDX.Collections.Generic.FreeListTests" runstate="Runnable" seed="1485857449" result="Passed" start-time="2023-01-06 16:04:09Z" end-time="2023-01-06 16:04:09Z" duration="0.000376" asserts="0">
                <properties>
                  <property name="Category" value="GDX.Tests" />
                </properties>
                <output><![CDATA[[Code Coverage] Code Coverage results for visited sequence points were saved in D:/BuildAgent/work/GDX-Documentation/Staging/CodeCoverage/GDX_Development-opencov/EditMode/TestCoverageResults_0022.xml
]]></output>
              </test-case>
              <test-case id="1437" name="FreeList_CreateWithCount" fullname="GDX.Collections.Generic.FreeListTests.FreeList_CreateWithCount" methodname="FreeList_CreateWithCount" classname="GDX.Collections.Generic.FreeListTests" runstate="Runnable" seed="1042533132" result="Passed" start-time="2023-01-06 16:04:10Z" end-time="2023-01-06 16:04:10Z" duration="0.000292" asserts="0">
                <properties>
                  <property name="Category" value="GDX.Tests" />
                </properties>
                <output><![CDATA[[Code Coverage] Code Coverage results for visited sequence points were saved in D:/BuildAgent/work/GDX-Documentation/Staging/CodeCoverage/GDX_Development-opencov/EditMode/TestCoverageResults_0023.xml
]]></output>
              </test-case>
              <test-case id="1444" name="GetAndRemoveAt_MockData_ValueRemoved" fullname="GDX.Collections.Generic.FreeListTests.GetAndRemoveAt_MockData_ValueRemoved" methodname="GetAndRemoveAt_MockData_ValueRemoved" classname="GDX.Collections.Generic.FreeListTests" runstate="Runnable" seed="1624123605" result="Passed" start-time="2023-01-06 16:04:11Z" end-time="2023-01-06 16:04:11Z" duration="0.000379" asserts="0">
                <properties>
                  <property name="Category" value="GDX.Tests" />
                </properties>
                <output><![CDATA[[Code Coverage] Code Coverage results for visited sequence points were saved in D:/BuildAgent/work/GDX-Documentation/Staging/CodeCoverage/GDX_Development-opencov/EditMode/TestCoverageResults_0024.xml
]]></output>
              </test-case>
              <test-case id="1443" name="RemoveAt_MockData_ValueRemoved" fullname="GDX.Collections.Generic.FreeListTests.RemoveAt_MockData_ValueRemoved" methodname="RemoveAt_MockData_ValueRemoved" classname="GDX.Collections.Generic.FreeListTests" runstate="Runnable" seed="340624598" result="Passed" start-time="2023-01-06 16:04:12Z" end-time="2023-01-06 16:04:12Z" duration="0.000393" asserts="0">
                <properties>
                  <property name="Category" value="GDX.Tests" />
                </properties>
                <output><![CDATA[[Code Coverage] Code Coverage results for visited sequence points were saved in D:/BuildAgent/work/GDX-Documentation/Staging/CodeCoverage/GDX_Development-opencov/EditMode/TestCoverageResults_0025.xml
]]></output>
              </test-case>
            </test-suite>
            <test-suite type="TestFixture" id="1491" name="IntKeyDictionaryTests" fullname="GDX.Collections.Generic.IntKeyDictionaryTests" classname="GDX.Collections.Generic.IntKeyDictionaryTests" runstate="Runnable" testcasecount="35" result="Passed" start-time="2023-01-06 16:04:13Z" end-time="2023-01-06 16:04:48Z" duration="35.358812" total="35" passed="35" failed="0" inconclusive="0" skipped="0" asserts="0">
              <properties />
              <test-case id="1502" name="AddSafe_CheckEntriesMaintainConnection" fullname="GDX.Collections.Generic.IntKeyDictionaryTests.AddSafe_CheckEntriesMaintainConnection" methodname="AddSafe_CheckEntriesMaintainConnection" classname="GDX.Collections.Generic.IntKeyDictionaryTests" runstate="Runnable" seed="258538259" result="Passed" start-time="2023-01-06 16:04:13Z" end-time="2023-01-06 16:04:13Z" duration="0.001478" asserts="0">
                <properties>
                  <property name="Category" value="GDX.Tests" />
                </properties>
                <output><![CDATA[[Code Coverage] Code Coverage results for visited sequence points were saved in D:/BuildAgent/work/GDX-Documentation/Staging/CodeCoverage/GDX_Development-opencov/EditMode/TestCoverageResults_0026.xml
]]></output>
              </test-case>
              <test-case id="1495" name="AddSafe_CheckExists" fullname="GDX.Collections.Generic.IntKeyDictionaryTests.AddSafe_CheckExists" methodname="AddSafe_CheckExists" classname="GDX.Collections.Generic.IntKeyDictionaryTests" runstate="Runnable" seed="1115072402" result="Passed" start-time="2023-01-06 16:04:14Z" end-time="2023-01-06 16:04:14Z" duration="0.000417" asserts="0">
                <properties>
                  <property name="Category" value="GDX.Tests" />
                </properties>
                <output><![CDATA[[Code Coverage] Code Coverage results for visited sequence points were saved in D:/BuildAgent/work/GDX-Documentation/Staging/CodeCoverage/GDX_Development-opencov/EditMode/TestCoverageResults_0027.xml
]]></output>
              </test-case>
              <test-case id="1501" name="AddSafe_CheckExpanded" fullname="GDX.Collections.Generic.IntKeyDictionaryTests.AddSafe_CheckExpanded" methodname="AddSafe_CheckExpanded" classname="GDX.Collections.Generic.IntKeyDictionaryTests" runstate="Runnable" seed="189991563" result="Passed" start-time="2023-01-06 16:04:15Z" end-time="2023-01-06 16:04:15Z" duration="0.000323" asserts="0">
                <properties>
                  <property name="Category" value="GDX.Tests" />
                </properties>
                <output><![CDATA[[Code Coverage] Code Coverage results for visited sequence points were saved in D:/BuildAgent/work/GDX-Documentation/Staging/CodeCoverage/GDX_Development-opencov/EditMode/TestCoverageResults_0028.xml
]]></output>
              </test-case>
              <test-case id="1518" name="AddTwoCollidingEntries_CheckAccess" fullname="GDX.Collections.Generic.IntKeyDictionaryTests.AddTwoCollidingEntries_CheckAccess" methodname="AddTwoCollidingEntries_CheckAccess" classname="GDX.Collections.Generic.IntKeyDictionaryTests" runstate="Runnable" seed="373878325" result="Passed" start-time="2023-01-06 16:04:16Z" end-time="2023-01-06 16:04:16Z" duration="0.000749" asserts="0">
                <properties>
                  <property name="Category" value="GDX.Tests" />
                </properties>
                <output><![CDATA[[Code Coverage] Code Coverage results for visited sequence points were saved in D:/BuildAgent/work/GDX-Documentation/Staging/CodeCoverage/GDX_Development-opencov/EditMode/TestCoverageResults_0029.xml
]]></output>
              </test-case>
              <test-case id="1519" name="AddTwoCollidingEntries_RemoveFirst_CheckSecondExists" fullname="GDX.Collections.Generic.IntKeyDictionaryTests.AddTwoCollidingEntries_RemoveFirst_CheckSecondExists" methodname="AddTwoCollidingEntries_RemoveFirst_CheckSecondExists" classname="GDX.Collections.Generic.IntKeyDictionaryTests" runstate="Runnable" seed="524957765" result="Passed" start-time="2023-01-06 16:04:17Z" end-time="2023-01-06 16:04:17Z" duration="0.000534" asserts="0">
                <properties>
                  <property name="Category" value="GDX.Tests" />
                </properties>
                <output><![CDATA[[Code Coverage] Code Coverage results for visited sequence points were saved in D:/BuildAgent/work/GDX-Documentation/Staging/CodeCoverage/GDX_Development-opencov/EditMode/TestCoverageResults_0030.xml
]]></output>
              </test-case>
              <test-case id="1520" name="AddTwoCollidingEntries_RemoveSecond_CheckFirstExists" fullname="GDX.Collections.Generic.IntKeyDictionaryTests.AddTwoCollidingEntries_RemoveSecond_CheckFirstExists" methodname="AddTwoCollidingEntries_RemoveSecond_CheckFirstExists" classname="GDX.Collections.Generic.IntKeyDictionaryTests" runstate="Runnable" seed="1995665869" result="Passed" start-time="2023-01-06 16:04:18Z" end-time="2023-01-06 16:04:18Z" duration="0.000330" asserts="0">
                <properties>
                  <property name="Category" value="GDX.Tests" />
                </properties>
                <output><![CDATA[[Code Coverage] Code Coverage results for visited sequence points were saved in D:/BuildAgent/work/GDX-Documentation/Staging/CodeCoverage/GDX_Development-opencov/EditMode/TestCoverageResults_0031.xml
]]></output>
              </test-case>
              <test-case id="1507" name="AddUnchecked_CheckExists" fullname="GDX.Collections.Generic.IntKeyDictionaryTests.AddUnchecked_CheckExists" methodname="AddUnchecked_CheckExists" classname="GDX.Collections.Generic.IntKeyDictionaryTests" runstate="Runnable" seed="781966395" result="Passed" start-time="2023-01-06 16:04:19Z" end-time="2023-01-06 16:04:19Z" duration="0.000286" asserts="0">
                <properties>
                  <property name="Category" value="GDX.Tests" />
                </properties>
                <output><![CDATA[[Code Coverage] Code Coverage results for visited sequence points were saved in D:/BuildAgent/work/GDX-Documentation/Staging/CodeCoverage/GDX_Development-opencov/EditMode/TestCoverageResults_0032.xml
]]></output>
              </test-case>
              <test-case id="1499" name="AddWithExpandCheck_CheckEntriesMaintainConnection" fullname="GDX.Collections.Generic.IntKeyDictionaryTests.AddWithExpandCheck_CheckEntriesMaintainConnection" methodname="AddWithExpandCheck_CheckEntriesMaintainConnection" classname="GDX.Collections.Generic.IntKeyDictionaryTests" runstate="Runnable" seed="1823280588" result="Passed" start-time="2023-01-06 16:04:20Z" end-time="2023-01-06 16:04:20Z" duration="0.000535" asserts="0">
                <properties>
                  <property name="Category" value="GDX.Tests" />
                </properties>
                <output><![CDATA[[Code Coverage] Code Coverage results for visited sequence points were saved in D:/BuildAgent/work/GDX-Documentation/Staging/CodeCoverage/GDX_Development-opencov/EditMode/TestCoverageResults_0033.xml
]]></output>
              </test-case>
              <test-case id="1497" name="AddWithExpandCheck_CheckExists" fullname="GDX.Collections.Generic.IntKeyDictionaryTests.AddWithExpandCheck_CheckExists" methodname="AddWithExpandCheck_CheckExists" classname="GDX.Collections.Generic.IntKeyDictionaryTests" runstate="Runnable" seed="1988523305" result="Passed" start-time="2023-01-06 16:04:21Z" end-time="2023-01-06 16:04:21Z" duration="0.000296" asserts="0">
                <properties>
                  <property name="Category" value="GDX.Tests" />
                </properties>
                <output><![CDATA[[Code Coverage] Code Coverage results for visited sequence points were saved in D:/BuildAgent/work/GDX-Documentation/Staging/CodeCoverage/GDX_Development-opencov/EditMode/TestCoverageResults_0034.xml
]]></output>
              </test-case>
              <test-case id="1498" name="AddWithExpandCheck_CheckExpanded" fullname="GDX.Collections.Generic.IntKeyDictionaryTests.AddWithExpandCheck_CheckExpanded" methodname="AddWithExpandCheck_CheckExpanded" classname="GDX.Collections.Generic.IntKeyDictionaryTests" runstate="Runnable" seed="658227547" result="Passed" start-time="2023-01-06 16:04:22Z" end-time="2023-01-06 16:04:22Z" duration="0.000324" asserts="0">
                <properties>
                  <property name="Category" value="GDX.Tests" />
                </properties>
                <output><![CDATA[[Code Coverage] Code Coverage results for visited sequence points were saved in D:/BuildAgent/work/GDX-Documentation/Staging/CodeCoverage/GDX_Development-opencov/EditMode/TestCoverageResults_0035.xml
]]></output>
              </test-case>
              <test-case id="1504" name="AddWithIndexer_CheckEntriesExist" fullname="GDX.Collections.Generic.IntKeyDictionaryTests.AddWithIndexer_CheckEntriesExist" methodname="AddWithIndexer_CheckEntriesExist" classname="GDX.Collections.Generic.IntKeyDictionaryTests" runstate="Runnable" seed="322793606" result="Passed" start-time="2023-01-06 16:04:23Z" end-time="2023-01-06 16:04:23Z" duration="0.000890" asserts="0">
                <properties>
                  <property name="Category" value="GDX.Tests" />
                </properties>
                <output><![CDATA[[Code Coverage] Code Coverage results for visited sequence points were saved in D:/BuildAgent/work/GDX-Documentation/Staging/CodeCoverage/GDX_Development-opencov/EditMode/TestCoverageResults_0036.xml
]]></output>
              </test-case>
              <test-case id="1505" name="AddWithIndexer_CheckEntriesMaintainConnection" fullname="GDX.Collections.Generic.IntKeyDictionaryTests.AddWithIndexer_CheckEntriesMaintainConnection" methodname="AddWithIndexer_CheckEntriesMaintainConnection" classname="GDX.Collections.Generic.IntKeyDictionaryTests" runstate="Runnable" seed="730850398" result="Passed" start-time="2023-01-06 16:04:24Z" end-time="2023-01-06 16:04:24Z" duration="0.000433" asserts="0">
                <properties>
                  <property name="Category" value="GDX.Tests" />
                </properties>
                <output><![CDATA[[Code Coverage] Code Coverage results for visited sequence points were saved in D:/BuildAgent/work/GDX-Documentation/Staging/CodeCoverage/GDX_Development-opencov/EditMode/TestCoverageResults_0037.xml
]]></output>
              </test-case>
              <test-case id="1503" name="AddWithIndexer_CheckExpanded" fullname="GDX.Collections.Generic.IntKeyDictionaryTests.AddWithIndexer_CheckExpanded" methodname="AddWithIndexer_CheckExpanded" classname="GDX.Collections.Generic.IntKeyDictionaryTests" runstate="Runnable" seed="910454141" result="Passed" start-time="2023-01-06 16:04:25Z" end-time="2023-01-06 16:04:25Z" duration="0.000330" asserts="0">
                <properties>
                  <property name="Category" value="GDX.Tests" />
                </properties>
                <output><![CDATA[[Code Coverage] Code Coverage results for visited sequence points were saved in D:/BuildAgent/work/GDX-Documentation/Staging/CodeCoverage/GDX_Development-opencov/EditMode/TestCoverageResults_0038.xml
]]></output>
              </test-case>
              <test-case id="1506" name="AddWithUniqueCheck_CheckExists" fullname="GDX.Collections.Generic.IntKeyDictionaryTests.AddWithUniqueCheck_CheckExists" methodname="AddWithUniqueCheck_CheckExists" classname="GDX.Collections.Generic.IntKeyDictionaryTests" runstate="Runnable" seed="382876679" result="Passed" start-time="2023-01-06 16:04:26Z" end-time="2023-01-06 16:04:26Z" duration="0.000476" asserts="0">
                <properties>
                  <property name="Category" value="GDX.Tests" />
                </properties>
                <output><![CDATA[[Code Coverage] Code Coverage results for visited sequence points were saved in D:/BuildAgent/work/GDX-Documentation/Staging/CodeCoverage/GDX_Development-opencov/EditMode/TestCoverageResults_0039.xml
]]></output>
              </test-case>
              <test-case id="1514" name="AddWithUniqueCheckTwice_CheckAddedOnlyOnce" fullname="GDX.Collections.Generic.IntKeyDictionaryTests.AddWithUniqueCheckTwice_CheckAddedOnlyOnce" methodname="AddWithUniqueCheckTwice_CheckAddedOnlyOnce" classname="GDX.Collections.Generic.IntKeyDictionaryTests" runstate="Runnable" seed="1646507843" result="Passed" start-time="2023-01-06 16:04:27Z" end-time="2023-01-06 16:04:27Z" duration="0.000428" asserts="0">
                <properties>
                  <property name="Category" value="GDX.Tests" />
                </properties>
                <output><![CDATA[[Code Coverage] Code Coverage results for visited sequence points were saved in D:/BuildAgent/work/GDX-Documentation/Staging/CodeCoverage/GDX_Development-opencov/EditMode/TestCoverageResults_0040.xml
]]></output>
              </test-case>
              <test-case id="1526" name="Clear_CheckCleared" fullname="GDX.Collections.Generic.IntKeyDictionaryTests.Clear_CheckCleared" methodname="Clear_CheckCleared" classname="GDX.Collections.Generic.IntKeyDictionaryTests" runstate="Runnable" seed="135489332" result="Passed" start-time="2023-01-06 16:04:28Z" end-time="2023-01-06 16:04:28Z" duration="0.000645" asserts="0">
                <properties>
                  <property name="Category" value="GDX.Tests" />
                </properties>
                <output><![CDATA[[Code Coverage] Code Coverage results for visited sequence points were saved in D:/BuildAgent/work/GDX-Documentation/Staging/CodeCoverage/GDX_Development-opencov/EditMode/TestCoverageResults_0041.xml
]]></output>
              </test-case>
              <test-case id="1494" name="Constructor_RequestBelowPrimeMinimum_PrimeCapacity" fullname="GDX.Collections.Generic.IntKeyDictionaryTests.Constructor_RequestBelowPrimeMinimum_PrimeCapacity" methodname="Constructor_RequestBelowPrimeMinimum_PrimeCapacity" classname="GDX.Collections.Generic.IntKeyDictionaryTests" runstate="Runnable" seed="1973491009" result="Passed" start-time="2023-01-06 16:04:29Z" end-time="2023-01-06 16:04:29Z" duration="0.000351" asserts="0">
                <properties>
                  <property name="Category" value="GDX.Tests" />
                </properties>
                <output><![CDATA[[Code Coverage] Code Coverage results for visited sequence points were saved in D:/BuildAgent/work/GDX-Documentation/Staging/CodeCoverage/GDX_Development-opencov/EditMode/TestCoverageResults_0042.xml
]]></output>
              </test-case>
              <test-case id="1493" name="Constructor_RequestPrimeMinimum_PrimeCapacity" fullname="GDX.Collections.Generic.IntKeyDictionaryTests.Constructor_RequestPrimeMinimum_PrimeCapacity" methodname="Constructor_RequestPrimeMinimum_PrimeCapacity" classname="GDX.Collections.Generic.IntKeyDictionaryTests" runstate="Runnable" seed="1676428691" result="Passed" start-time="2023-01-06 16:04:30Z" end-time="2023-01-06 16:04:30Z" duration="0.000301" asserts="0">
                <properties>
                  <property name="Category" value="GDX.Tests" />
                </properties>
                <output><![CDATA[[Code Coverage] Code Coverage results for visited sequence points were saved in D:/BuildAgent/work/GDX-Documentation/Staging/CodeCoverage/GDX_Development-opencov/EditMode/TestCoverageResults_0043.xml
]]></output>
              </test-case>
              <test-case id="1492" name="Constructor_RequestZeroMinimum_PrimeCapacity" fullname="GDX.Collections.Generic.IntKeyDictionaryTests.Constructor_RequestZeroMinimum_PrimeCapacity" methodname="Constructor_RequestZeroMinimum_PrimeCapacity" classname="GDX.Collections.Generic.IntKeyDictionaryTests" runstate="Runnable" seed="1817547541" result="Passed" start-time="2023-01-06 16:04:31Z" end-time="2023-01-06 16:04:31Z" duration="0.000320" asserts="0">
                <properties>
                  <property name="Category" value="GDX.Tests" />
                </properties>
                <output><![CDATA[[Code Coverage] Code Coverage results for visited sequence points were saved in D:/BuildAgent/work/GDX-Documentation/Staging/CodeCoverage/GDX_Development-opencov/EditMode/TestCoverageResults_0044.xml
]]></output>
              </test-case>
              <test-case id="1500" name="ExpandWhenFull_CheckExpanded" fullname="GDX.Collections.Generic.IntKeyDictionaryTests.ExpandWhenFull_CheckExpanded" methodname="ExpandWhenFull_CheckExpanded" classname="GDX.Collections.Generic.IntKeyDictionaryTests" runstate="Runnable" seed="918359112" result="Passed" start-time="2023-01-06 16:04:32Z" end-time="2023-01-06 16:04:32Z" duration="0.000353" asserts="0">
                <properties>
                  <property name="Category" value="GDX.Tests" />
                </properties>
                <output><![CDATA[[Code Coverage] Code Coverage results for visited sequence points were saved in D:/BuildAgent/work/GDX-Documentation/Staging/CodeCoverage/GDX_Development-opencov/EditMode/TestCoverageResults_0045.xml
]]></output>
              </test-case>
              <test-case id="1496" name="IndexerAdd_CheckExists" fullname="GDX.Collections.Generic.IntKeyDictionaryTests.IndexerAdd_CheckExists" methodname="IndexerAdd_CheckExists" classname="GDX.Collections.Generic.IntKeyDictionaryTests" runstate="Runnable" seed="1035044938" result="Passed" start-time="2023-01-06 16:04:33Z" end-time="2023-01-06 16:04:33Z" duration="0.000299" asserts="0">
                <properties>
                  <property name="Category" value="GDX.Tests" />
                </properties>
                <output><![CDATA[[Code Coverage] Code Coverage results for visited sequence points were saved in D:/BuildAgent/work/GDX-Documentation/Staging/CodeCoverage/GDX_Development-opencov/EditMode/TestCoverageResults_0046.xml
]]></output>
              </test-case>
              <test-case id="1516" name="IndexOf_CheckCorrectIndex" fullname="GDX.Collections.Generic.IntKeyDictionaryTests.IndexOf_CheckCorrectIndex" methodname="IndexOf_CheckCorrectIndex" classname="GDX.Collections.Generic.IntKeyDictionaryTests" runstate="Runnable" seed="12655370" result="Passed" start-time="2023-01-06 16:04:34Z" end-time="2023-01-06 16:04:34Z" duration="0.000373" asserts="0">
                <properties>
                  <property name="Category" value="GDX.Tests" />
                </properties>
                <output><![CDATA[[Code Coverage] Code Coverage results for visited sequence points were saved in D:/BuildAgent/work/GDX-Documentation/Staging/CodeCoverage/GDX_Development-opencov/EditMode/TestCoverageResults_0047.xml
]]></output>
              </test-case>
              <test-case id="1517" name="IndexOf_CheckEntryDoesNotExist" fullname="GDX.Collections.Generic.IntKeyDictionaryTests.IndexOf_CheckEntryDoesNotExist" methodname="IndexOf_CheckEntryDoesNotExist" classname="GDX.Collections.Generic.IntKeyDictionaryTests" runstate="Runnable" seed="611617071" result="Passed" start-time="2023-01-06 16:04:35Z" end-time="2023-01-06 16:04:35Z" duration="0.000279" asserts="0">
                <properties>
                  <property name="Category" value="GDX.Tests" />
                </properties>
                <output><![CDATA[[Code Coverage] Code Coverage results for visited sequence points were saved in D:/BuildAgent/work/GDX-Documentation/Staging/CodeCoverage/GDX_Development-opencov/EditMode/TestCoverageResults_0048.xml
]]></output>
              </test-case>
              <test-case id="1521" name="MoveNext_FindAllEntries" fullname="GDX.Collections.Generic.IntKeyDictionaryTests.MoveNext_FindAllEntries" methodname="MoveNext_FindAllEntries" classname="GDX.Collections.Generic.IntKeyDictionaryTests" runstate="Runnable" seed="930368500" result="Passed" start-time="2023-01-06 16:04:36Z" end-time="2023-01-06 16:04:36Z" duration="0.000461" asserts="0">
                <properties>
                  <property name="Category" value="GDX.Tests" />
                </properties>
                <output><![CDATA[[Code Coverage] Code Coverage results for visited sequence points were saved in D:/BuildAgent/work/GDX-Documentation/Staging/CodeCoverage/GDX_Development-opencov/EditMode/TestCoverageResults_0049.xml
]]></output>
              </test-case>
              <test-case id="1522" name="MoveNext_NoVersionOrOutValue_FindAllEntries" fullname="GDX.Collections.Generic.IntKeyDictionaryTests.MoveNext_NoVersionOrOutValue_FindAllEntries" methodname="MoveNext_NoVersionOrOutValue_FindAllEntries" classname="GDX.Collections.Generic.IntKeyDictionaryTests" runstate="Runnable" seed="1396150918" result="Passed" start-time="2023-01-06 16:04:37Z" end-time="2023-01-06 16:04:37Z" duration="0.000502" asserts="0">
                <properties>
                  <property name="Category" value="GDX.Tests" />
                </properties>
                <output><![CDATA[[Code Coverage] Code Coverage results for visited sequence points were saved in D:/BuildAgent/work/GDX-Documentation/Staging/CodeCoverage/GDX_Development-opencov/EditMode/TestCoverageResults_0050.xml
]]></output>
              </test-case>
              <test-case id="1524" name="MoveNextWithVersion_CheckEarlyOutFromInvalidation" fullname="GDX.Collections.Generic.IntKeyDictionaryTests.MoveNextWithVersion_CheckEarlyOutFromInvalidation" methodname="MoveNextWithVersion_CheckEarlyOutFromInvalidation" classname="GDX.Collections.Generic.IntKeyDictionaryTests" runstate="Runnable" seed="707026024" result="Passed" start-time="2023-01-06 16:04:38Z" end-time="2023-01-06 16:04:38Z" duration="0.000527" asserts="0">
                <properties>
                  <property name="Category" value="GDX.Tests" />
                </properties>
                <output><![CDATA[[Code Coverage] Code Coverage results for visited sequence points were saved in D:/BuildAgent/work/GDX-Documentation/Staging/CodeCoverage/GDX_Development-opencov/EditMode/TestCoverageResults_0051.xml
]]></output>
              </test-case>
              <test-case id="1523" name="MoveNextWithVersion_FindAllEntries" fullname="GDX.Collections.Generic.IntKeyDictionaryTests.MoveNextWithVersion_FindAllEntries" methodname="MoveNextWithVersion_FindAllEntries" classname="GDX.Collections.Generic.IntKeyDictionaryTests" runstate="Runnable" seed="505976378" result="Passed" start-time="2023-01-06 16:04:39Z" end-time="2023-01-06 16:04:39Z" duration="0.000369" asserts="0">
                <properties>
                  <property name="Category" value="GDX.Tests" />
                </properties>
                <output><![CDATA[[Code Coverage] Code Coverage results for visited sequence points were saved in D:/BuildAgent/work/GDX-Documentation/Staging/CodeCoverage/GDX_Development-opencov/EditMode/TestCoverageResults_0052.xml
]]></output>
              </test-case>
              <test-case id="1515" name="Reserve_CheckExpandedCapacity" fullname="GDX.Collections.Generic.IntKeyDictionaryTests.Reserve_CheckExpandedCapacity" methodname="Reserve_CheckExpandedCapacity" classname="GDX.Collections.Generic.IntKeyDictionaryTests" runstate="Runnable" seed="1569822514" result="Passed" start-time="2023-01-06 16:04:40Z" end-time="2023-01-06 16:04:40Z" duration="0.000547" asserts="0">
                <properties>
                  <property name="Category" value="GDX.Tests" />
                </properties>
                <output><![CDATA[[Code Coverage] Code Coverage results for visited sequence points were saved in D:/BuildAgent/work/GDX-Documentation/Staging/CodeCoverage/GDX_Development-opencov/EditMode/TestCoverageResults_0053.xml
]]></output>
              </test-case>
              <test-case id="1525" name="TryGetValue" fullname="GDX.Collections.Generic.IntKeyDictionaryTests.TryGetValue" methodname="TryGetValue" classname="GDX.Collections.Generic.IntKeyDictionaryTests" runstate="Runnable" seed="737979373" result="Passed" start-time="2023-01-06 16:04:41Z" end-time="2023-01-06 16:04:41Z" duration="0.000708" asserts="0">
                <properties>
                  <property name="Category" value="GDX.Tests" />
                </properties>
                <output><![CDATA[[Code Coverage] Code Coverage results for visited sequence points were saved in D:/BuildAgent/work/GDX-Documentation/Staging/CodeCoverage/GDX_Development-opencov/EditMode/TestCoverageResults_0054.xml
]]></output>
              </test-case>
              <test-case id="1508" name="TryModify_CheckActuallyModified" fullname="GDX.Collections.Generic.IntKeyDictionaryTests.TryModify_CheckActuallyModified" methodname="TryModify_CheckActuallyModified" classname="GDX.Collections.Generic.IntKeyDictionaryTests" runstate="Runnable" seed="916141108" result="Passed" start-time="2023-01-06 16:04:42Z" end-time="2023-01-06 16:04:42Z" duration="0.000433" asserts="0">
                <properties>
                  <property name="Category" value="GDX.Tests" />
                </properties>
                <output><![CDATA[[Code Coverage] Code Coverage results for visited sequence points were saved in D:/BuildAgent/work/GDX-Documentation/Staging/CodeCoverage/GDX_Development-opencov/EditMode/TestCoverageResults_0055.xml
]]></output>
              </test-case>
              <test-case id="1509" name="TryModify_CheckNotModified" fullname="GDX.Collections.Generic.IntKeyDictionaryTests.TryModify_CheckNotModified" methodname="TryModify_CheckNotModified" classname="GDX.Collections.Generic.IntKeyDictionaryTests" runstate="Runnable" seed="704943081" result="Passed" start-time="2023-01-06 16:04:43Z" end-time="2023-01-06 16:04:43Z" duration="0.000305" asserts="0">
                <properties>
                  <property name="Category" value="GDX.Tests" />
                </properties>
                <output><![CDATA[[Code Coverage] Code Coverage results for visited sequence points were saved in D:/BuildAgent/work/GDX-Documentation/Staging/CodeCoverage/GDX_Development-opencov/EditMode/TestCoverageResults_0056.xml
]]></output>
              </test-case>
              <test-case id="1510" name="TryRemove_CheckActuallyRemoved" fullname="GDX.Collections.Generic.IntKeyDictionaryTests.TryRemove_CheckActuallyRemoved" methodname="TryRemove_CheckActuallyRemoved" classname="GDX.Collections.Generic.IntKeyDictionaryTests" runstate="Runnable" seed="2101228108" result="Passed" start-time="2023-01-06 16:04:44Z" end-time="2023-01-06 16:04:44Z" duration="0.000371" asserts="0">
                <properties>
                  <property name="Category" value="GDX.Tests" />
                </properties>
                <output><![CDATA[[Code Coverage] Code Coverage results for visited sequence points were saved in D:/BuildAgent/work/GDX-Documentation/Staging/CodeCoverage/GDX_Development-opencov/EditMode/TestCoverageResults_0057.xml
]]></output>
              </test-case>
              <test-case id="1511" name="TryRemove_Twice_CheckCorrectReturnValues" fullname="GDX.Collections.Generic.IntKeyDictionaryTests.TryRemove_Twice_CheckCorrectReturnValues" methodname="TryRemove_Twice_CheckCorrectReturnValues" classname="GDX.Collections.Generic.IntKeyDictionaryTests" runstate="Runnable" seed="353289488" result="Passed" start-time="2023-01-06 16:04:46Z" end-time="2023-01-06 16:04:46Z" duration="0.000337" asserts="0">
                <properties>
                  <property name="Category" value="GDX.Tests" />
                </properties>
                <output><![CDATA[[Code Coverage] Code Coverage results for visited sequence points were saved in D:/BuildAgent/work/GDX-Documentation/Staging/CodeCoverage/GDX_Development-opencov/EditMode/TestCoverageResults_0058.xml
]]></output>
              </test-case>
              <test-case id="1512" name="TryRemoveNoValueClear_CheckActuallyRemoved" fullname="GDX.Collections.Generic.IntKeyDictionaryTests.TryRemoveNoValueClear_CheckActuallyRemoved" methodname="TryRemoveNoValueClear_CheckActuallyRemoved" classname="GDX.Collections.Generic.IntKeyDictionaryTests" runstate="Runnable" seed="2109837056" result="Passed" start-time="2023-01-06 16:04:46Z" end-time="2023-01-06 16:04:46Z" duration="0.000618" asserts="0">
                <properties>
                  <property name="Category" value="GDX.Tests" />
                </properties>
                <output><![CDATA[[Code Coverage] Code Coverage results for visited sequence points were saved in D:/BuildAgent/work/GDX-Documentation/Staging/CodeCoverage/GDX_Development-opencov/EditMode/TestCoverageResults_0059.xml
]]></output>
              </test-case>
              <test-case id="1513" name="TryRemoveNoValueClear_Twice_CheckCorrectReturnValues" fullname="GDX.Collections.Generic.IntKeyDictionaryTests.TryRemoveNoValueClear_Twice_CheckCorrectReturnValues" methodname="TryRemoveNoValueClear_Twice_CheckCorrectReturnValues" classname="GDX.Collections.Generic.IntKeyDictionaryTests" runstate="Runnable" seed="1602185461" result="Passed" start-time="2023-01-06 16:04:47Z" end-time="2023-01-06 16:04:47Z" duration="0.000296" asserts="0">
                <properties>
                  <property name="Category" value="GDX.Tests" />
                </properties>
                <output><![CDATA[[Code Coverage] Code Coverage results for visited sequence points were saved in D:/BuildAgent/work/GDX-Documentation/Staging/CodeCoverage/GDX_Development-opencov/EditMode/TestCoverageResults_0060.xml
]]></output>
              </test-case>
            </test-suite>
            <test-suite type="TestFixture" id="1527" name="NativeArray3DTests" fullname="GDX.Collections.Generic.NativeArray3DTests" classname="GDX.Collections.Generic.NativeArray3DTests" runstate="Runnable" testcasecount="10" result="Passed" start-time="2023-01-06 16:04:48Z" end-time="2023-01-06 16:04:58Z" duration="9.776670" total="10" passed="10" failed="0" inconclusive="0" skipped="0" asserts="0">
              <properties />
              <test-case id="1528" name="Constructor_CorrectSizes" fullname="GDX.Collections.Generic.NativeArray3DTests.Constructor_CorrectSizes" methodname="Constructor_CorrectSizes" classname="GDX.Collections.Generic.NativeArray3DTests" runstate="Runnable" seed="1905665931" result="Passed" start-time="2023-01-06 16:04:48Z" end-time="2023-01-06 16:04:48Z" duration="0.002399" asserts="0">
                <properties>
                  <property name="Category" value="GDX.Tests" />
                </properties>
                <output><![CDATA[[Code Coverage] Code coverage results were not saved. Visited sequence points not found. 
Included Assemblies: GDX
Excluded Assemblies: <Not specified>
Included Paths: <Not specified>
Excluded Paths: **.Tests/**,**/BuiltInPackages/**
]]></output>
              </test-case>
              <test-case id="1529" name="GetByIndex_LastSpot_ValidEntry" fullname="GDX.Collections.Generic.NativeArray3DTests.GetByIndex_LastSpot_ValidEntry" methodname="GetByIndex_LastSpot_ValidEntry" classname="GDX.Collections.Generic.NativeArray3DTests" runstate="Runnable" seed="746627163" result="Passed" start-time="2023-01-06 16:04:49Z" end-time="2023-01-06 16:04:49Z" duration="0.000929" asserts="0">
                <properties>
                  <property name="Category" value="GDX.Tests" />
                </properties>
                <output><![CDATA[[Code Coverage] Code coverage results were not saved. Visited sequence points not found. 
Included Assemblies: GDX
Excluded Assemblies: <Not specified>
Included Paths: <Not specified>
Excluded Paths: **.Tests/**,**/BuiltInPackages/**
]]></output>
              </test-case>
              <test-case id="1531" name="GetByInt3_LastSpot_ValidEntry" fullname="GDX.Collections.Generic.NativeArray3DTests.GetByInt3_LastSpot_ValidEntry" methodname="GetByInt3_LastSpot_ValidEntry" classname="GDX.Collections.Generic.NativeArray3DTests" runstate="Runnable" seed="1755644790" result="Passed" start-time="2023-01-06 16:04:50Z" end-time="2023-01-06 16:04:50Z" duration="0.000460" asserts="0">
                <properties>
                  <property name="Category" value="GDX.Tests" />
                </properties>
                <output><![CDATA[[Code Coverage] Code coverage results were not saved. Visited sequence points not found. 
Included Assemblies: GDX
Excluded Assemblies: <Not specified>
Included Paths: <Not specified>
Excluded Paths: **.Tests/**,**/BuiltInPackages/**
]]></output>
              </test-case>
              <test-case id="1534" name="GetFromIndex_FirstSpot_Valid" fullname="GDX.Collections.Generic.NativeArray3DTests.GetFromIndex_FirstSpot_Valid" methodname="GetFromIndex_FirstSpot_Valid" classname="GDX.Collections.Generic.NativeArray3DTests" runstate="Runnable" seed="818948750" result="Passed" start-time="2023-01-06 16:04:51Z" end-time="2023-01-06 16:04:51Z" duration="0.000518" asserts="0">
                <properties>
                  <property name="Category" value="GDX.Tests" />
                </properties>
                <output><![CDATA[[Code Coverage] Code coverage results were not saved. Visited sequence points not found. 
Included Assemblies: GDX
Excluded Assemblies: <Not specified>
Included Paths: <Not specified>
Excluded Paths: **.Tests/**,**/BuiltInPackages/**
]]></output>
              </test-case>
              <test-case id="1536" name="GetFromIndex_LastBottomRow_Valid" fullname="GDX.Collections.Generic.NativeArray3DTests.GetFromIndex_LastBottomRow_Valid" methodname="GetFromIndex_LastBottomRow_Valid" classname="GDX.Collections.Generic.NativeArray3DTests" runstate="Runnable" seed="564546984" result="Passed" start-time="2023-01-06 16:04:52Z" end-time="2023-01-06 16:04:52Z" duration="0.000400" asserts="0">
                <properties>
                  <property name="Category" value="GDX.Tests" />
                </properties>
                <output><![CDATA[[Code Coverage] Code coverage results were not saved. Visited sequence points not found. 
Included Assemblies: GDX
Excluded Assemblies: <Not specified>
Included Paths: <Not specified>
Excluded Paths: **.Tests/**,**/BuiltInPackages/**
]]></output>
              </test-case>
              <test-case id="1535" name="GetFromIndex_LastFirstRow_Valid" fullname="GDX.Collections.Generic.NativeArray3DTests.GetFromIndex_LastFirstRow_Valid" methodname="GetFromIndex_LastFirstRow_Valid" classname="GDX.Collections.Generic.NativeArray3DTests" runstate="Runnable" seed="637154107" result="Passed" start-time="2023-01-06 16:04:53Z" end-time="2023-01-06 16:04:53Z" duration="0.000384" asserts="0">
                <properties>
                  <property name="Category" value="GDX.Tests" />
                </properties>
                <output><![CDATA[[Code Coverage] Code coverage results were not saved. Visited sequence points not found. 
Included Assemblies: GDX
Excluded Assemblies: <Not specified>
Included Paths: <Not specified>
Excluded Paths: **.Tests/**,**/BuiltInPackages/**
]]></output>
              </test-case>
              <test-case id="1533" name="GetFromIndex_LastSpot_Valid" fullname="GDX.Collections.Generic.NativeArray3DTests.GetFromIndex_LastSpot_Valid" methodname="GetFromIndex_LastSpot_Valid" classname="GDX.Collections.Generic.NativeArray3DTests" runstate="Runnable" seed="1548759944" result="Passed" start-time="2023-01-06 16:04:54Z" end-time="2023-01-06 16:04:54Z" duration="0.000382" asserts="0">
                <properties>
                  <property name="Category" value="GDX.Tests" />
                </properties>
                <output><![CDATA[[Code Coverage] Code coverage results were not saved. Visited sequence points not found. 
Included Assemblies: GDX
Excluded Assemblies: <Not specified>
Included Paths: <Not specified>
Excluded Paths: **.Tests/**,**/BuiltInPackages/**
]]></output>
              </test-case>
              <test-case id="1537" name="GetFromIndex_SecondTopRowAtBack_Valid" fullname="GDX.Collections.Generic.NativeArray3DTests.GetFromIndex_SecondTopRowAtBack_Valid" methodname="GetFromIndex_SecondTopRowAtBack_Valid" classname="GDX.Collections.Generic.NativeArray3DTests" runstate="Runnable" seed="2050093061" result="Passed" start-time="2023-01-06 16:04:55Z" end-time="2023-01-06 16:04:55Z" duration="0.000395" asserts="0">
                <properties>
                  <property name="Category" value="GDX.Tests" />
                </properties>
                <output><![CDATA[[Code Coverage] Code coverage results were not saved. Visited sequence points not found. 
Included Assemblies: GDX
Excluded Assemblies: <Not specified>
Included Paths: <Not specified>
Excluded Paths: **.Tests/**,**/BuiltInPackages/**
]]></output>
              </test-case>
              <test-case id="1530" name="SetByIndex_LastSpot_ValidEntry" fullname="GDX.Collections.Generic.NativeArray3DTests.SetByIndex_LastSpot_ValidEntry" methodname="SetByIndex_LastSpot_ValidEntry" classname="GDX.Collections.Generic.NativeArray3DTests" runstate="Runnable" seed="200594158" result="Passed" start-time="2023-01-06 16:04:56Z" end-time="2023-01-06 16:04:56Z" duration="0.000440" asserts="0">
                <properties>
                  <property name="Category" value="GDX.Tests" />
                </properties>
                <output><![CDATA[[Code Coverage] Code coverage results were not saved. Visited sequence points not found. 
Included Assemblies: GDX
Excluded Assemblies: <Not specified>
Included Paths: <Not specified>
Excluded Paths: **.Tests/**,**/BuiltInPackages/**
]]></output>
              </test-case>
              <test-case id="1532" name="SetByInt3_LastSpot_ValidEntry" fullname="GDX.Collections.Generic.NativeArray3DTests.SetByInt3_LastSpot_ValidEntry" methodname="SetByInt3_LastSpot_ValidEntry" classname="GDX.Collections.Generic.NativeArray3DTests" runstate="Runnable" seed="1425082429" result="Passed" start-time="2023-01-06 16:04:57Z" end-time="2023-01-06 16:04:57Z" duration="0.000459" asserts="0">
                <properties>
                  <property name="Category" value="GDX.Tests" />
                </properties>
                <output><![CDATA[[Code Coverage] Code coverage results were not saved. Visited sequence points not found. 
Included Assemblies: GDX
Excluded Assemblies: <Not specified>
Included Paths: <Not specified>
Excluded Paths: **.Tests/**,**/BuiltInPackages/**
]]></output>
              </test-case>
            </test-suite>
            <test-suite type="TestFixture" id="1538" name="NativeArraySparseSetTests" fullname="GDX.Collections.Generic.NativeArraySparseSetTests" classname="GDX.Collections.Generic.NativeArraySparseSetTests" runstate="Runnable" testcasecount="31" result="Passed" start-time="2023-01-06 16:04:58Z" end-time="2023-01-06 16:05:30Z" duration="31.549165" total="31" passed="31" failed="0" inconclusive="0" skipped="0" asserts="0">
              <properties />
              <test-case id="1541" name="AddUnchecked_MockData_IndicesReserved" fullname="GDX.Collections.Generic.NativeArraySparseSetTests.AddUnchecked_MockData_IndicesReserved" methodname="AddUnchecked_MockData_IndicesReserved" classname="GDX.Collections.Generic.NativeArraySparseSetTests" runstate="Runnable" seed="605422200" result="Passed" start-time="2023-01-06 16:04:58Z" end-time="2023-01-06 16:04:58Z" duration="0.000564" asserts="0">
                <properties>
                  <property name="Category" value="GDX.Tests" />
                </properties>
                <output><![CDATA[[Code Coverage] Code Coverage results for visited sequence points were saved in D:/BuildAgent/work/GDX-Documentation/Staging/CodeCoverage/GDX_Development-opencov/EditMode/TestCoverageResults_0061.xml
]]></output>
              </test-case>
              <test-case id="1544" name="AddUnchecked_MockDataAndVersionArrayOverflow_ThrowsException" fullname="GDX.Collections.Generic.NativeArraySparseSetTests.AddUnchecked_MockDataAndVersionArrayOverflow_ThrowsException" methodname="AddUnchecked_MockDataAndVersionArrayOverflow_ThrowsException" classname="GDX.Collections.Generic.NativeArraySparseSetTests" runstate="Runnable" seed="346489242" result="Passed" start-time="2023-01-06 16:04:59Z" end-time="2023-01-06 16:04:59Z" duration="0.002142" asserts="0">
                <properties>
                  <property name="Category" value="GDX.Tests" />
                </properties>
                <output><![CDATA[[Code Coverage] Code Coverage results for visited sequence points were saved in D:/BuildAgent/work/GDX-Documentation/Staging/CodeCoverage/GDX_Development-opencov/EditMode/TestCoverageResults_0062.xml
]]></output>
              </test-case>
              <test-case id="1543" name="AddUnchecked_MockDataOverflow_ThrowsException" fullname="GDX.Collections.Generic.NativeArraySparseSetTests.AddUnchecked_MockDataOverflow_ThrowsException" methodname="AddUnchecked_MockDataOverflow_ThrowsException" classname="GDX.Collections.Generic.NativeArraySparseSetTests" runstate="Runnable" seed="319614366" result="Passed" start-time="2023-01-06 16:05:01Z" end-time="2023-01-06 16:05:01Z" duration="0.000495" asserts="0">
                <properties>
                  <property name="Category" value="GDX.Tests" />
                </properties>
                <output><![CDATA[[Code Coverage] Code Coverage results for visited sequence points were saved in D:/BuildAgent/work/GDX-Documentation/Staging/CodeCoverage/GDX_Development-opencov/EditMode/TestCoverageResults_0063.xml
]]></output>
              </test-case>
              <test-case id="1542" name="AddUnchecked_MockDataWithVersionArray__IndicesReserved" fullname="GDX.Collections.Generic.NativeArraySparseSetTests.AddUnchecked_MockDataWithVersionArray__IndicesReserved" methodname="AddUnchecked_MockDataWithVersionArray__IndicesReserved" classname="GDX.Collections.Generic.NativeArraySparseSetTests" runstate="Runnable" seed="650751035" result="Passed" start-time="2023-01-06 16:05:02Z" end-time="2023-01-06 16:05:02Z" duration="0.000417" asserts="0">
                <properties>
                  <property name="Category" value="GDX.Tests" />
                </properties>
                <output><![CDATA[[Code Coverage] Code Coverage results for visited sequence points were saved in D:/BuildAgent/work/GDX-Documentation/Staging/CodeCoverage/GDX_Development-opencov/EditMode/TestCoverageResults_0064.xml
]]></output>
              </test-case>
              <test-case id="1547" name="AddUnchecked_MockDataWithVersionArray_Expanded" fullname="GDX.Collections.Generic.NativeArraySparseSetTests.AddUnchecked_MockDataWithVersionArray_Expanded" methodname="AddUnchecked_MockDataWithVersionArray_Expanded" classname="GDX.Collections.Generic.NativeArraySparseSetTests" runstate="Runnable" seed="1467357903" result="Passed" start-time="2023-01-06 16:05:03Z" end-time="2023-01-06 16:05:03Z" duration="0.001609" asserts="0">
                <properties>
                  <property name="Category" value="GDX.Tests" />
                </properties>
                <output><![CDATA[[Code Coverage] Code Coverage results for visited sequence points were saved in D:/BuildAgent/work/GDX-Documentation/Staging/CodeCoverage/GDX_Development-opencov/EditMode/TestCoverageResults_0065.xml
]]></output>
              </test-case>
              <test-case id="1545" name="AddWithExpandCheck_MockData_Expanded" fullname="GDX.Collections.Generic.NativeArraySparseSetTests.AddWithExpandCheck_MockData_Expanded" methodname="AddWithExpandCheck_MockData_Expanded" classname="GDX.Collections.Generic.NativeArraySparseSetTests" runstate="Runnable" seed="283182875" result="Passed" start-time="2023-01-06 16:05:04Z" end-time="2023-01-06 16:05:04Z" duration="0.000350" asserts="0">
                <properties>
                  <property name="Category" value="GDX.Tests" />
                </properties>
                <output><![CDATA[[Code Coverage] Code Coverage results for visited sequence points were saved in D:/BuildAgent/work/GDX-Documentation/Staging/CodeCoverage/GDX_Development-opencov/EditMode/TestCoverageResults_0066.xml
]]></output>
              </test-case>
              <test-case id="1546" name="AddWithExpandCheck_MockDataWithVersionArray_Expanded" fullname="GDX.Collections.Generic.NativeArraySparseSetTests.AddWithExpandCheck_MockDataWithVersionArray_Expanded" methodname="AddWithExpandCheck_MockDataWithVersionArray_Expanded" classname="GDX.Collections.Generic.NativeArraySparseSetTests" runstate="Runnable" seed="564801031" result="Passed" start-time="2023-01-06 16:05:05Z" end-time="2023-01-06 16:05:05Z" duration="0.001477" asserts="0">
                <properties>
                  <property name="Category" value="GDX.Tests" />
                </properties>
                <output><![CDATA[[Code Coverage] Code Coverage results for visited sequence points were saved in D:/BuildAgent/work/GDX-Documentation/Staging/CodeCoverage/GDX_Development-opencov/EditMode/TestCoverageResults_0067.xml
]]></output>
              </test-case>
              <test-case id="1562" name="Clear_MockData_ArraysCleared" fullname="GDX.Collections.Generic.NativeArraySparseSetTests.Clear_MockData_ArraysCleared" methodname="Clear_MockData_ArraysCleared" classname="GDX.Collections.Generic.NativeArraySparseSetTests" runstate="Runnable" seed="1695286033" result="Passed" start-time="2023-01-06 16:05:06Z" end-time="2023-01-06 16:05:06Z" duration="0.000442" asserts="0">
                <properties>
                  <property name="Category" value="GDX.Tests" />
                </properties>
                <output><![CDATA[[Code Coverage] Code Coverage results for visited sequence points were saved in D:/BuildAgent/work/GDX-Documentation/Staging/CodeCoverage/GDX_Development-opencov/EditMode/TestCoverageResults_0068.xml
]]></output>
              </test-case>
              <test-case id="1563" name="Clear_MockDataWithVersionArray_ArraysCleared" fullname="GDX.Collections.Generic.NativeArraySparseSetTests.Clear_MockDataWithVersionArray_ArraysCleared" methodname="Clear_MockDataWithVersionArray_ArraysCleared" classname="GDX.Collections.Generic.NativeArraySparseSetTests" runstate="Runnable" seed="1217247518" result="Passed" start-time="2023-01-06 16:05:07Z" end-time="2023-01-06 16:05:07Z" duration="0.000472" asserts="0">
                <properties>
                  <property name="Category" value="GDX.Tests" />
                </properties>
                <output><![CDATA[[Code Coverage] Code Coverage results for visited sequence points were saved in D:/BuildAgent/work/GDX-Documentation/Staging/CodeCoverage/GDX_Development-opencov/EditMode/TestCoverageResults_0069.xml
]]></output>
              </test-case>
              <test-case id="1564" name="ClearWithVersionReset_MockData_ArraysClearedAndVersionReset" fullname="GDX.Collections.Generic.NativeArraySparseSetTests.ClearWithVersionReset_MockData_ArraysClearedAndVersionReset" methodname="ClearWithVersionReset_MockData_ArraysClearedAndVersionReset" classname="GDX.Collections.Generic.NativeArraySparseSetTests" runstate="Runnable" seed="1594000396" result="Passed" start-time="2023-01-06 16:05:08Z" end-time="2023-01-06 16:05:08Z" duration="0.000457" asserts="0">
                <properties>
                  <property name="Category" value="GDX.Tests" />
                </properties>
                <output><![CDATA[[Code Coverage] Code Coverage results for visited sequence points were saved in D:/BuildAgent/work/GDX-Documentation/Staging/CodeCoverage/GDX_Development-opencov/EditMode/TestCoverageResults_0070.xml
]]></output>
              </test-case>
              <test-case id="1539" name="Constructor_CreateWithCount" fullname="GDX.Collections.Generic.NativeArraySparseSetTests.Constructor_CreateWithCount" methodname="Constructor_CreateWithCount" classname="GDX.Collections.Generic.NativeArraySparseSetTests" runstate="Runnable" seed="1840767859" result="Passed" start-time="2023-01-06 16:05:09Z" end-time="2023-01-06 16:05:09Z" duration="0.000301" asserts="0">
                <properties>
                  <property name="Category" value="GDX.Tests" />
                </properties>
                <output><![CDATA[[Code Coverage] Code Coverage results for visited sequence points were saved in D:/BuildAgent/work/GDX-Documentation/Staging/CodeCoverage/GDX_Development-opencov/EditMode/TestCoverageResults_0071.xml
]]></output>
              </test-case>
              <test-case id="1540" name="Constructor_CreateWithCountAndVersionArray" fullname="GDX.Collections.Generic.NativeArraySparseSetTests.Constructor_CreateWithCountAndVersionArray" methodname="Constructor_CreateWithCountAndVersionArray" classname="GDX.Collections.Generic.NativeArraySparseSetTests" runstate="Runnable" seed="1926807954" result="Passed" start-time="2023-01-06 16:05:10Z" end-time="2023-01-06 16:05:10Z" duration="0.000336" asserts="0">
                <properties>
                  <property name="Category" value="GDX.Tests" />
                </properties>
                <output><![CDATA[[Code Coverage] Code Coverage results for visited sequence points were saved in D:/BuildAgent/work/GDX-Documentation/Staging/CodeCoverage/GDX_Development-opencov/EditMode/TestCoverageResults_0072.xml
]]></output>
              </test-case>
              <test-case id="1569" name="Dispose_MockData_Disposed" fullname="GDX.Collections.Generic.NativeArraySparseSetTests.Dispose_MockData_Disposed" methodname="Dispose_MockData_Disposed" classname="GDX.Collections.Generic.NativeArraySparseSetTests" runstate="Runnable" seed="1682078553" result="Passed" start-time="2023-01-06 16:05:11Z" end-time="2023-01-06 16:05:11Z" duration="0.000398" asserts="0">
                <properties>
                  <property name="Category" value="GDX.Tests" />
                </properties>
                <output><![CDATA[[Code Coverage] Code Coverage results for visited sequence points were saved in D:/BuildAgent/work/GDX-Documentation/Staging/CodeCoverage/GDX_Development-opencov/EditMode/TestCoverageResults_0073.xml
]]></output>
              </test-case>
              <test-case id="1565" name="Expand_MockData_Expanded" fullname="GDX.Collections.Generic.NativeArraySparseSetTests.Expand_MockData_Expanded" methodname="Expand_MockData_Expanded" classname="GDX.Collections.Generic.NativeArraySparseSetTests" runstate="Runnable" seed="1754127708" result="Passed" start-time="2023-01-06 16:05:12Z" end-time="2023-01-06 16:05:12Z" duration="0.000517" asserts="0">
                <properties>
                  <property name="Category" value="GDX.Tests" />
                </properties>
                <output><![CDATA[[Code Coverage] Code Coverage results for visited sequence points were saved in D:/BuildAgent/work/GDX-Documentation/Staging/CodeCoverage/GDX_Development-opencov/EditMode/TestCoverageResults_0074.xml
]]></output>
              </test-case>
              <test-case id="1566" name="Expand_MockDataWithVersionArray_Expanded" fullname="GDX.Collections.Generic.NativeArraySparseSetTests.Expand_MockDataWithVersionArray_Expanded" methodname="Expand_MockDataWithVersionArray_Expanded" classname="GDX.Collections.Generic.NativeArraySparseSetTests" runstate="Runnable" seed="1988856861" result="Passed" start-time="2023-01-06 16:05:13Z" end-time="2023-01-06 16:05:13Z" duration="0.000606" asserts="0">
                <properties>
                  <property name="Category" value="GDX.Tests" />
                </properties>
                <output><![CDATA[[Code Coverage] Code Coverage results for visited sequence points were saved in D:/BuildAgent/work/GDX-Documentation/Staging/CodeCoverage/GDX_Development-opencov/EditMode/TestCoverageResults_0075.xml
]]></output>
              </test-case>
              <test-case id="1548" name="GetDenseIndexUnchecked_MockData_CorrectIndex" fullname="GDX.Collections.Generic.NativeArraySparseSetTests.GetDenseIndexUnchecked_MockData_CorrectIndex" methodname="GetDenseIndexUnchecked_MockData_CorrectIndex" classname="GDX.Collections.Generic.NativeArraySparseSetTests" runstate="Runnable" seed="1289131778" result="Passed" start-time="2023-01-06 16:05:14Z" end-time="2023-01-06 16:05:14Z" duration="0.000368" asserts="0">
                <properties>
                  <property name="Category" value="GDX.Tests" />
                </properties>
                <output><![CDATA[[Code Coverage] Code Coverage results for visited sequence points were saved in D:/BuildAgent/work/GDX-Documentation/Staging/CodeCoverage/GDX_Development-opencov/EditMode/TestCoverageResults_0076.xml
]]></output>
              </test-case>
              <test-case id="1551" name="GetDenseIndexWithBoundsAndVersionCheck_MockData_CorrectIndexAndHandlesInvalidIndex" fullname="GDX.Collections.Generic.NativeArraySparseSetTests.GetDenseIndexWithBoundsAndVersionCheck_MockData_CorrectIndexAndHandlesInvalidIndex" methodname="GetDenseIndexWithBoundsAndVersionCheck_MockData_CorrectIndexAndHandlesInvalidIndex" classname="GDX.Collections.Generic.NativeArraySparseSetTests" runstate="Runnable" seed="1994229029" result="Passed" start-time="2023-01-06 16:05:15Z" end-time="2023-01-06 16:05:15Z" duration="0.000718" asserts="0">
                <properties>
                  <property name="Category" value="GDX.Tests" />
                </properties>
                <output><![CDATA[[Code Coverage] Code Coverage results for visited sequence points were saved in D:/BuildAgent/work/GDX-Documentation/Staging/CodeCoverage/GDX_Development-opencov/EditMode/TestCoverageResults_0077.xml
]]></output>
              </test-case>
              <test-case id="1549" name="GetDenseIndexWithBoundsCheck_MockData_CorrectIndexAndHandlesInvalidIndex" fullname="GDX.Collections.Generic.NativeArraySparseSetTests.GetDenseIndexWithBoundsCheck_MockData_CorrectIndexAndHandlesInvalidIndex" methodname="GetDenseIndexWithBoundsCheck_MockData_CorrectIndexAndHandlesInvalidIndex" classname="GDX.Collections.Generic.NativeArraySparseSetTests" runstate="Runnable" seed="1748713193" result="Passed" start-time="2023-01-06 16:05:16Z" end-time="2023-01-06 16:05:16Z" duration="0.000531" asserts="0">
                <properties>
                  <property name="Category" value="GDX.Tests" />
                </properties>
                <output><![CDATA[[Code Coverage] Code Coverage results for visited sequence points were saved in D:/BuildAgent/work/GDX-Documentation/Staging/CodeCoverage/GDX_Development-opencov/EditMode/TestCoverageResults_0078.xml
]]></output>
              </test-case>
              <test-case id="1550" name="GetDenseIndexWithVersionCheck_MockData_CorrectIndexAndHandlesVersion" fullname="GDX.Collections.Generic.NativeArraySparseSetTests.GetDenseIndexWithVersionCheck_MockData_CorrectIndexAndHandlesVersion" methodname="GetDenseIndexWithVersionCheck_MockData_CorrectIndexAndHandlesVersion" classname="GDX.Collections.Generic.NativeArraySparseSetTests" runstate="Runnable" seed="1180338243" result="Passed" start-time="2023-01-06 16:05:16Z" end-time="2023-01-06 16:05:16Z" duration="0.000633" asserts="0">
                <properties>
                  <property name="Category" value="GDX.Tests" />
                </properties>
                <output><![CDATA[[Code Coverage] Code Coverage results for visited sequence points were saved in D:/BuildAgent/work/GDX-Documentation/Staging/CodeCoverage/GDX_Development-opencov/EditMode/TestCoverageResults_0079.xml
]]></output>
              </test-case>
              <test-case id="1557" name="RemoveUnchecked_MockData_ValidIndexRemoved" fullname="GDX.Collections.Generic.NativeArraySparseSetTests.RemoveUnchecked_MockData_ValidIndexRemoved" methodname="RemoveUnchecked_MockData_ValidIndexRemoved" classname="GDX.Collections.Generic.NativeArraySparseSetTests" runstate="Runnable" seed="1993726855" result="Passed" start-time="2023-01-06 16:05:17Z" end-time="2023-01-06 16:05:17Z" duration="0.000383" asserts="0">
                <properties>
                  <property name="Category" value="GDX.Tests" />
                </properties>
                <output><![CDATA[[Code Coverage] Code Coverage results for visited sequence points were saved in D:/BuildAgent/work/GDX-Documentation/Staging/CodeCoverage/GDX_Development-opencov/EditMode/TestCoverageResults_0080.xml
]]></output>
              </test-case>
              <test-case id="1556" name="RemoveUnchecked_MockDataWithIndices_ValidIndexRemoved" fullname="GDX.Collections.Generic.NativeArraySparseSetTests.RemoveUnchecked_MockDataWithIndices_ValidIndexRemoved" methodname="RemoveUnchecked_MockDataWithIndices_ValidIndexRemoved" classname="GDX.Collections.Generic.NativeArraySparseSetTests" runstate="Runnable" seed="750169317" result="Passed" start-time="2023-01-06 16:05:18Z" end-time="2023-01-06 16:05:18Z" duration="0.000405" asserts="0">
                <properties>
                  <property name="Category" value="GDX.Tests" />
                </properties>
                <output><![CDATA[[Code Coverage] Code Coverage results for visited sequence points were saved in D:/BuildAgent/work/GDX-Documentation/Staging/CodeCoverage/GDX_Development-opencov/EditMode/TestCoverageResults_0081.xml
]]></output>
              </test-case>
              <test-case id="1555" name="RemoveUnchecked_MockDataWithIndicesAndVersionArray_ValidIndexRemoved" fullname="GDX.Collections.Generic.NativeArraySparseSetTests.RemoveUnchecked_MockDataWithIndicesAndVersionArray_ValidIndexRemoved" methodname="RemoveUnchecked_MockDataWithIndicesAndVersionArray_ValidIndexRemoved" classname="GDX.Collections.Generic.NativeArraySparseSetTests" runstate="Runnable" seed="1534858008" result="Passed" start-time="2023-01-06 16:05:19Z" end-time="2023-01-06 16:05:19Z" duration="0.000385" asserts="0">
                <properties>
                  <property name="Category" value="GDX.Tests" />
                </properties>
                <output><![CDATA[[Code Coverage] Code Coverage results for visited sequence points were saved in D:/BuildAgent/work/GDX-Documentation/Staging/CodeCoverage/GDX_Development-opencov/EditMode/TestCoverageResults_0082.xml
]]></output>
              </test-case>
              <test-case id="1558" name="RemoveUncheckedFromDenseIndex_MockData_ValidIndexRemoved" fullname="GDX.Collections.Generic.NativeArraySparseSetTests.RemoveUncheckedFromDenseIndex_MockData_ValidIndexRemoved" methodname="RemoveUncheckedFromDenseIndex_MockData_ValidIndexRemoved" classname="GDX.Collections.Generic.NativeArraySparseSetTests" runstate="Runnable" seed="166996762" result="Passed" start-time="2023-01-06 16:05:20Z" end-time="2023-01-06 16:05:20Z" duration="0.000384" asserts="0">
                <properties>
                  <property name="Category" value="GDX.Tests" />
                </properties>
                <output><![CDATA[[Code Coverage] Code Coverage results for visited sequence points were saved in D:/BuildAgent/work/GDX-Documentation/Staging/CodeCoverage/GDX_Development-opencov/EditMode/TestCoverageResults_0083.xml
]]></output>
              </test-case>
              <test-case id="1559" name="RemoveUncheckedFromDenseIndex_MockDataWithSwapIndex_ValidIndexRemoved" fullname="GDX.Collections.Generic.NativeArraySparseSetTests.RemoveUncheckedFromDenseIndex_MockDataWithSwapIndex_ValidIndexRemoved" methodname="RemoveUncheckedFromDenseIndex_MockDataWithSwapIndex_ValidIndexRemoved" classname="GDX.Collections.Generic.NativeArraySparseSetTests" runstate="Runnable" seed="1382777941" result="Passed" start-time="2023-01-06 16:05:21Z" end-time="2023-01-06 16:05:21Z" duration="0.000403" asserts="0">
                <properties>
                  <property name="Category" value="GDX.Tests" />
                </properties>
                <output><![CDATA[[Code Coverage] Code Coverage results for visited sequence points were saved in D:/BuildAgent/work/GDX-Documentation/Staging/CodeCoverage/GDX_Development-opencov/EditMode/TestCoverageResults_0084.xml
]]></output>
              </test-case>
              <test-case id="1560" name="RemoveUncheckedFromDenseIndex_MockDataWithVersionArray_ValidIndexRemoved" fullname="GDX.Collections.Generic.NativeArraySparseSetTests.RemoveUncheckedFromDenseIndex_MockDataWithVersionArray_ValidIndexRemoved" methodname="RemoveUncheckedFromDenseIndex_MockDataWithVersionArray_ValidIndexRemoved" classname="GDX.Collections.Generic.NativeArraySparseSetTests" runstate="Runnable" seed="1589157846" result="Passed" start-time="2023-01-06 16:05:22Z" end-time="2023-01-06 16:05:22Z" duration="0.000480" asserts="0">
                <properties>
                  <property name="Category" value="GDX.Tests" />
                </properties>
                <output><![CDATA[[Code Coverage] Code Coverage results for visited sequence points were saved in D:/BuildAgent/work/GDX-Documentation/Staging/CodeCoverage/GDX_Development-opencov/EditMode/TestCoverageResults_0085.xml
]]></output>
              </test-case>
              <test-case id="1561" name="RemoveUncheckedFromDenseIndex_MockDataWithVersionArrayAndSwapIndex_ValidIndexRemoved" fullname="GDX.Collections.Generic.NativeArraySparseSetTests.RemoveUncheckedFromDenseIndex_MockDataWithVersionArrayAndSwapIndex_ValidIndexRemoved" methodname="RemoveUncheckedFromDenseIndex_MockDataWithVersionArrayAndSwapIndex_ValidIndexRemoved" classname="GDX.Collections.Generic.NativeArraySparseSetTests" runstate="Runnable" seed="1206176290" result="Passed" start-time="2023-01-06 16:05:24Z" end-time="2023-01-06 16:05:24Z" duration="0.000487" asserts="0">
                <properties>
                  <property name="Category" value="GDX.Tests" />
                </properties>
                <output><![CDATA[[Code Coverage] Code Coverage results for visited sequence points were saved in D:/BuildAgent/work/GDX-Documentation/Staging/CodeCoverage/GDX_Development-opencov/EditMode/TestCoverageResults_0086.xml
]]></output>
              </test-case>
              <test-case id="1554" name="RemoveWithBoundsAndVersionChecks_MockData_ValidIndexRemovedInvalidIndicesNotRemoved" fullname="GDX.Collections.Generic.NativeArraySparseSetTests.RemoveWithBoundsAndVersionChecks_MockData_ValidIndexRemovedInvalidIndicesNotRemoved" methodname="RemoveWithBoundsAndVersionChecks_MockData_ValidIndexRemovedInvalidIndicesNotRemoved" classname="GDX.Collections.Generic.NativeArraySparseSetTests" runstate="Runnable" seed="1118244525" result="Passed" start-time="2023-01-06 16:05:25Z" end-time="2023-01-06 16:05:25Z" duration="0.000737" asserts="0">
                <properties>
                  <property name="Category" value="GDX.Tests" />
                </properties>
                <output><![CDATA[[Code Coverage] Code Coverage results for visited sequence points were saved in D:/BuildAgent/work/GDX-Documentation/Staging/CodeCoverage/GDX_Development-opencov/EditMode/TestCoverageResults_0087.xml
]]></output>
              </test-case>
              <test-case id="1552" name="RemoveWithBoundsCheck_MockData_ValidIndexRemovedInvalidIndicesNotRemoved" fullname="GDX.Collections.Generic.NativeArraySparseSetTests.RemoveWithBoundsCheck_MockData_ValidIndexRemovedInvalidIndicesNotRemoved" methodname="RemoveWithBoundsCheck_MockData_ValidIndexRemovedInvalidIndicesNotRemoved" classname="GDX.Collections.Generic.NativeArraySparseSetTests" runstate="Runnable" seed="1853743397" result="Passed" start-time="2023-01-06 16:05:26Z" end-time="2023-01-06 16:05:26Z" duration="0.000592" asserts="0">
                <properties>
                  <property name="Category" value="GDX.Tests" />
                </properties>
                <output><![CDATA[[Code Coverage] Code Coverage results for visited sequence points were saved in D:/BuildAgent/work/GDX-Documentation/Staging/CodeCoverage/GDX_Development-opencov/EditMode/TestCoverageResults_0088.xml
]]></output>
              </test-case>
              <test-case id="1553" name="RemoveWithVersionCheck_MockData_ValidIndexRemovedInvalidIndicesNotRemoved" fullname="GDX.Collections.Generic.NativeArraySparseSetTests.RemoveWithVersionCheck_MockData_ValidIndexRemovedInvalidIndicesNotRemoved" methodname="RemoveWithVersionCheck_MockData_ValidIndexRemovedInvalidIndicesNotRemoved" classname="GDX.Collections.Generic.NativeArraySparseSetTests" runstate="Runnable" seed="1260378020" result="Passed" start-time="2023-01-06 16:05:26Z" end-time="2023-01-06 16:05:26Z" duration="0.000526" asserts="0">
                <properties>
                  <property name="Category" value="GDX.Tests" />
                </properties>
                <output><![CDATA[[Code Coverage] Code Coverage results for visited sequence points were saved in D:/BuildAgent/work/GDX-Documentation/Staging/CodeCoverage/GDX_Development-opencov/EditMode/TestCoverageResults_0089.xml
]]></output>
              </test-case>
              <test-case id="1567" name="Reserve_MockData_Expanded" fullname="GDX.Collections.Generic.NativeArraySparseSetTests.Reserve_MockData_Expanded" methodname="Reserve_MockData_Expanded" classname="GDX.Collections.Generic.NativeArraySparseSetTests" runstate="Runnable" seed="374484437" result="Passed" start-time="2023-01-06 16:05:28Z" end-time="2023-01-06 16:05:28Z" duration="0.000566" asserts="0">
                <properties>
                  <property name="Category" value="GDX.Tests" />
                </properties>
                <output><![CDATA[[Code Coverage] Code Coverage results for visited sequence points were saved in D:/BuildAgent/work/GDX-Documentation/Staging/CodeCoverage/GDX_Development-opencov/EditMode/TestCoverageResults_0090.xml
]]></output>
              </test-case>
              <test-case id="1568" name="Reserve_MockDataWithVersionArray_Expanded" fullname="GDX.Collections.Generic.NativeArraySparseSetTests.Reserve_MockDataWithVersionArray_Expanded" methodname="Reserve_MockDataWithVersionArray_Expanded" classname="GDX.Collections.Generic.NativeArraySparseSetTests" runstate="Runnable" seed="1456428234" result="Passed" start-time="2023-01-06 16:05:29Z" end-time="2023-01-06 16:05:29Z" duration="0.000642" asserts="0">
                <properties>
                  <property name="Category" value="GDX.Tests" />
                </properties>
                <output><![CDATA[[Code Coverage] Code Coverage results for visited sequence points were saved in D:/BuildAgent/work/GDX-Documentation/Staging/CodeCoverage/GDX_Development-opencov/EditMode/TestCoverageResults_0091.xml
]]></output>
              </test-case>
            </test-suite>
            <test-suite type="TestFixture" id="1570" name="NativeUniformArray3DTests" fullname="GDX.Collections.Generic.NativeUniformArray3DTests" classname="GDX.Collections.Generic.NativeUniformArray3DTests" runstate="Runnable" testcasecount="2" result="Passed" start-time="2023-01-06 16:05:30Z" end-time="2023-01-06 16:05:32Z" duration="1.942560" total="2" passed="2" failed="0" inconclusive="0" skipped="0" asserts="0">
              <properties />
              <test-case id="1571" name="Constructor_CorrectSizes" fullname="GDX.Collections.Generic.NativeUniformArray3DTests.Constructor_CorrectSizes" methodname="Constructor_CorrectSizes" classname="GDX.Collections.Generic.NativeUniformArray3DTests" runstate="Runnable" seed="107143439" result="Passed" start-time="2023-01-06 16:05:30Z" end-time="2023-01-06 16:05:30Z" duration="0.001102" asserts="0">
                <properties>
                  <property name="Category" value="GDX.Tests" />
                </properties>
                <output><![CDATA[[Code Coverage] Code coverage results were not saved. Visited sequence points not found. 
Included Assemblies: GDX
Excluded Assemblies: <Not specified>
Included Paths: <Not specified>
Excluded Paths: **.Tests/**,**/BuiltInPackages/**
]]></output>
              </test-case>
              <test-case id="1572" name="GetByIndex_LastSpot_ValidEntry" fullname="GDX.Collections.Generic.NativeUniformArray3DTests.GetByIndex_LastSpot_ValidEntry" methodname="GetByIndex_LastSpot_ValidEntry" classname="GDX.Collections.Generic.NativeUniformArray3DTests" runstate="Runnable" seed="2090332394" result="Passed" start-time="2023-01-06 16:05:31Z" end-time="2023-01-06 16:05:31Z" duration="0.000409" asserts="0">
                <properties>
                  <property name="Category" value="GDX.Tests" />
                </properties>
                <output><![CDATA[[Code Coverage] Code coverage results were not saved. Visited sequence points not found. 
Included Assemblies: GDX
Excluded Assemblies: <Not specified>
Included Paths: <Not specified>
Excluded Paths: **.Tests/**,**/BuiltInPackages/**
]]></output>
              </test-case>
            </test-suite>
            <test-suite type="TestFixture" id="1573" name="SerializableDictionaryTests" fullname="GDX.Collections.Generic.SerializableDictionaryTests" classname="GDX.Collections.Generic.SerializableDictionaryTests" runstate="Runnable" testcasecount="5" result="Passed" start-time="2023-01-06 16:05:32Z" end-time="2023-01-06 16:05:37Z" duration="5.016652" total="5" passed="5" failed="0" inconclusive="0" skipped="0" asserts="0">
              <properties />
              <test-case id="1574" name="IsSerializableType_SystemObject_ReturnsFalse" fullname="GDX.Collections.Generic.SerializableDictionaryTests.IsSerializableType_SystemObject_ReturnsFalse" methodname="IsSerializableType_SystemObject_ReturnsFalse" classname="GDX.Collections.Generic.SerializableDictionaryTests" runstate="Runnable" seed="1787622013" result="Passed" start-time="2023-01-06 16:05:32Z" end-time="2023-01-06 16:05:32Z" duration="0.000454" asserts="0">
                <properties>
                  <property name="Category" value="GDX.Tests" />
                </properties>
                <output><![CDATA[[Code Coverage] Code coverage results were not saved. Visited sequence points not found. 
Included Assemblies: GDX
Excluded Assemblies: <Not specified>
Included Paths: <Not specified>
Excluded Paths: **.Tests/**,**/BuiltInPackages/**
]]></output>
              </test-case>
              <test-case id="1576" name="IsSerializableType_UnityObject_ReturnsTrue" fullname="GDX.Collections.Generic.SerializableDictionaryTests.IsSerializableType_UnityObject_ReturnsTrue" methodname="IsSerializableType_UnityObject_ReturnsTrue" classname="GDX.Collections.Generic.SerializableDictionaryTests" runstate="Runnable" seed="251090231" result="Passed" start-time="2023-01-06 16:05:33Z" end-time="2023-01-06 16:05:33Z" duration="0.000336" asserts="0">
                <properties>
                  <property name="Category" value="GDX.Tests" />
                </properties>
                <output><![CDATA[[Code Coverage] Code coverage results were not saved. Visited sequence points not found. 
Included Assemblies: GDX
Excluded Assemblies: <Not specified>
Included Paths: <Not specified>
Excluded Paths: **.Tests/**,**/BuiltInPackages/**
]]></output>
              </test-case>
              <test-case id="1577" name="OverwriteSerializedData_MockData_PopulatesDictionary" fullname="GDX.Collections.Generic.SerializableDictionaryTests.OverwriteSerializedData_MockData_PopulatesDictionary" methodname="OverwriteSerializedData_MockData_PopulatesDictionary" classname="GDX.Collections.Generic.SerializableDictionaryTests" runstate="Runnable" seed="1612909737" result="Passed" start-time="2023-01-06 16:05:34Z" end-time="2023-01-06 16:05:34Z" duration="0.001140" asserts="0">
                <properties>
                  <property name="Category" value="GDX.Tests" />
                </properties>
                <output><![CDATA[[Code Coverage] Code coverage results were not saved. Visited sequence points not found. 
Included Assemblies: GDX
Excluded Assemblies: <Not specified>
Included Paths: <Not specified>
Excluded Paths: **.Tests/**,**/BuiltInPackages/**
]]></output>
              </test-case>
              <test-case id="1575" name="SaveSerializedData_MockData_ReturnsSerializedDataLength" fullname="GDX.Collections.Generic.SerializableDictionaryTests.SaveSerializedData_MockData_ReturnsSerializedDataLength" methodname="SaveSerializedData_MockData_ReturnsSerializedDataLength" classname="GDX.Collections.Generic.SerializableDictionaryTests" runstate="Runnable" seed="1333004646" result="Passed" start-time="2023-01-06 16:05:35Z" end-time="2023-01-06 16:05:35Z" duration="0.000919" asserts="0">
                <properties>
                  <property name="Category" value="GDX.Tests" />
                </properties>
                <output><![CDATA[[Code Coverage] Code coverage results were not saved. Visited sequence points not found. 
Included Assemblies: GDX
Excluded Assemblies: <Not specified>
Included Paths: <Not specified>
Excluded Paths: **.Tests/**,**/BuiltInPackages/**
]]></output>
              </test-case>
              <test-case id="1578" name="SaveSerializedData_NoData_ReturnsZeroSerializedDataLength" fullname="GDX.Collections.Generic.SerializableDictionaryTests.SaveSerializedData_NoData_ReturnsZeroSerializedDataLength" methodname="SaveSerializedData_NoData_ReturnsZeroSerializedDataLength" classname="GDX.Collections.Generic.SerializableDictionaryTests" runstate="Runnable" seed="1336696883" result="Passed" start-time="2023-01-06 16:05:36Z" end-time="2023-01-06 16:05:36Z" duration="0.000292" asserts="0">
                <properties>
                  <property name="Category" value="GDX.Tests" />
                </properties>
                <output><![CDATA[[Code Coverage] Code coverage results were not saved. Visited sequence points not found. 
Included Assemblies: GDX
Excluded Assemblies: <Not specified>
Included Paths: <Not specified>
Excluded Paths: **.Tests/**,**/BuiltInPackages/**
]]></output>
              </test-case>
            </test-suite>
            <test-suite type="TestFixture" id="1579" name="SimpleListTests" fullname="GDX.Collections.Generic.SimpleListTests" classname="GDX.Collections.Generic.SimpleListTests" runstate="Runnable" testcasecount="40" result="Passed" start-time="2023-01-06 16:05:37Z" end-time="2023-01-06 16:06:16Z" duration="39.601936" total="40" passed="40" failed="0" inconclusive="0" skipped="0" asserts="0">
              <properties />
              <test-case id="1590" name="AddExpandClearBoth_MockDataWithExpansion_ValueAdded" fullname="GDX.Collections.Generic.SimpleListTests.AddExpandClearBoth_MockDataWithExpansion_ValueAdded" methodname="AddExpandClearBoth_MockDataWithExpansion_ValueAdded" classname="GDX.Collections.Generic.SimpleListTests" runstate="Runnable" seed="374445479" result="Passed" start-time="2023-01-06 16:05:37Z" end-time="2023-01-06 16:05:37Z" duration="0.000589" asserts="0">
                <properties>
                  <property name="Category" value="GDX.Tests" />
                </properties>
                <output><![CDATA[[Code Coverage] Code coverage results were not saved. Visited sequence points not found. 
Included Assemblies: GDX
Excluded Assemblies: <Not specified>
Included Paths: <Not specified>
Excluded Paths: **.Tests/**,**/BuiltInPackages/**
]]></output>
              </test-case>
              <test-case id="1589" name="AddExpandClearNew_MockDataWithExpansion_ValueAdded" fullname="GDX.Collections.Generic.SimpleListTests.AddExpandClearNew_MockDataWithExpansion_ValueAdded" methodname="AddExpandClearNew_MockDataWithExpansion_ValueAdded" classname="GDX.Collections.Generic.SimpleListTests" runstate="Runnable" seed="1048166690" result="Passed" start-time="2023-01-06 16:05:38Z" end-time="2023-01-06 16:05:38Z" duration="0.000560" asserts="0">
                <properties>
                  <property name="Category" value="GDX.Tests" />
                </properties>
                <output><![CDATA[[Code Coverage] Code coverage results were not saved. Visited sequence points not found. 
Included Assemblies: GDX
Excluded Assemblies: <Not specified>
Included Paths: <Not specified>
Excluded Paths: **.Tests/**,**/BuiltInPackages/**
]]></output>
              </test-case>
              <test-case id="1588" name="AddExpandClearOld_MockDataWithExpansion_ValueAdded" fullname="GDX.Collections.Generic.SimpleListTests.AddExpandClearOld_MockDataWithExpansion_ValueAdded" methodname="AddExpandClearOld_MockDataWithExpansion_ValueAdded" classname="GDX.Collections.Generic.SimpleListTests" runstate="Runnable" seed="1805304101" result="Passed" start-time="2023-01-06 16:05:39Z" end-time="2023-01-06 16:05:39Z" duration="0.000563" asserts="0">
                <properties>
                  <property name="Category" value="GDX.Tests" />
                </properties>
                <output><![CDATA[[Code Coverage] Code coverage results were not saved. Visited sequence points not found. 
Included Assemblies: GDX
Excluded Assemblies: <Not specified>
Included Paths: <Not specified>
Excluded Paths: **.Tests/**,**/BuiltInPackages/**
]]></output>
              </test-case>
              <test-case id="1587" name="AddExpandNoClear_MockDataWithExpansion_ValueAdded" fullname="GDX.Collections.Generic.SimpleListTests.AddExpandNoClear_MockDataWithExpansion_ValueAdded" methodname="AddExpandNoClear_MockDataWithExpansion_ValueAdded" classname="GDX.Collections.Generic.SimpleListTests" runstate="Runnable" seed="1332304011" result="Passed" start-time="2023-01-06 16:05:40Z" end-time="2023-01-06 16:05:40Z" duration="0.000547" asserts="0">
                <properties>
                  <property name="Category" value="GDX.Tests" />
                </properties>
                <output><![CDATA[[Code Coverage] Code coverage results were not saved. Visited sequence points not found. 
Included Assemblies: GDX
Excluded Assemblies: <Not specified>
Included Paths: <Not specified>
Excluded Paths: **.Tests/**,**/BuiltInPackages/**
]]></output>
              </test-case>
              <test-case id="1583" name="AddUnchecked_MockData_ValueAdded" fullname="GDX.Collections.Generic.SimpleListTests.AddUnchecked_MockData_ValueAdded" methodname="AddUnchecked_MockData_ValueAdded" classname="GDX.Collections.Generic.SimpleListTests" runstate="Runnable" seed="1756140100" result="Passed" start-time="2023-01-06 16:05:41Z" end-time="2023-01-06 16:05:41Z" duration="0.000362" asserts="0">
                <properties>
                  <property name="Category" value="GDX.Tests" />
                </properties>
                <output><![CDATA[[Code Coverage] Code coverage results were not saved. Visited sequence points not found. 
Included Assemblies: GDX
Excluded Assemblies: <Not specified>
Included Paths: <Not specified>
Excluded Paths: **.Tests/**,**/BuiltInPackages/**
]]></output>
              </test-case>
              <test-case id="1584" name="AddUnchecked_MockDataOverflow_ThrowsException" fullname="GDX.Collections.Generic.SimpleListTests.AddUnchecked_MockDataOverflow_ThrowsException" methodname="AddUnchecked_MockDataOverflow_ThrowsException" classname="GDX.Collections.Generic.SimpleListTests" runstate="Runnable" seed="156956595" result="Passed" start-time="2023-01-06 16:05:42Z" end-time="2023-01-06 16:05:42Z" duration="0.000420" asserts="0">
                <properties>
                  <property name="Category" value="GDX.Tests" />
                </properties>
                <output><![CDATA[[Code Coverage] Code coverage results were not saved. Visited sequence points not found. 
Included Assemblies: GDX
Excluded Assemblies: <Not specified>
Included Paths: <Not specified>
Excluded Paths: **.Tests/**,**/BuiltInPackages/**
]]></output>
              </test-case>
              <test-case id="1585" name="AddWithExpandCheck_MockData_ValueAdded" fullname="GDX.Collections.Generic.SimpleListTests.AddWithExpandCheck_MockData_ValueAdded" methodname="AddWithExpandCheck_MockData_ValueAdded" classname="GDX.Collections.Generic.SimpleListTests" runstate="Runnable" seed="325913556" result="Passed" start-time="2023-01-06 16:05:43Z" end-time="2023-01-06 16:05:43Z" duration="0.000495" asserts="0">
                <properties>
                  <property name="Category" value="GDX.Tests" />
                </properties>
                <output><![CDATA[[Code Coverage] Code coverage results were not saved. Visited sequence points not found. 
Included Assemblies: GDX
Excluded Assemblies: <Not specified>
Included Paths: <Not specified>
Excluded Paths: **.Tests/**,**/BuiltInPackages/**
]]></output>
              </test-case>
              <test-case id="1586" name="AddWithExpandCheck_MockDataWithExpansion_ValueAdded" fullname="GDX.Collections.Generic.SimpleListTests.AddWithExpandCheck_MockDataWithExpansion_ValueAdded" methodname="AddWithExpandCheck_MockDataWithExpansion_ValueAdded" classname="GDX.Collections.Generic.SimpleListTests" runstate="Runnable" seed="1589262187" result="Passed" start-time="2023-01-06 16:05:44Z" end-time="2023-01-06 16:05:44Z" duration="0.000419" asserts="0">
                <properties>
                  <property name="Category" value="GDX.Tests" />
                </properties>
                <output><![CDATA[[Code Coverage] Code coverage results were not saved. Visited sequence points not found. 
Included Assemblies: GDX
Excluded Assemblies: <Not specified>
Included Paths: <Not specified>
Excluded Paths: **.Tests/**,**/BuiltInPackages/**
]]></output>
              </test-case>
              <test-case id="1595" name="Clear_MockData_DataCleared" fullname="GDX.Collections.Generic.SimpleListTests.Clear_MockData_DataCleared" methodname="Clear_MockData_DataCleared" classname="GDX.Collections.Generic.SimpleListTests" runstate="Runnable" seed="457914188" result="Passed" start-time="2023-01-06 16:05:45Z" end-time="2023-01-06 16:05:45Z" duration="0.000364" asserts="0">
                <properties>
                  <property name="Category" value="GDX.Tests" />
                </properties>
                <output><![CDATA[[Code Coverage] Code coverage results were not saved. Visited sequence points not found. 
Included Assemblies: GDX
Excluded Assemblies: <Not specified>
Included Paths: <Not specified>
Excluded Paths: **.Tests/**,**/BuiltInPackages/**
]]></output>
              </test-case>
              <test-case id="1580" name="Constructor_CreateWithCount" fullname="GDX.Collections.Generic.SimpleListTests.Constructor_CreateWithCount" methodname="Constructor_CreateWithCount" classname="GDX.Collections.Generic.SimpleListTests" runstate="Runnable" seed="1577595224" result="Passed" start-time="2023-01-06 16:05:46Z" end-time="2023-01-06 16:05:46Z" duration="0.000351" asserts="0">
                <properties>
                  <property name="Category" value="GDX.Tests" />
                </properties>
                <output><![CDATA[[Code Coverage] Code coverage results were not saved. Visited sequence points not found. 
Included Assemblies: GDX
Excluded Assemblies: <Not specified>
Included Paths: <Not specified>
Excluded Paths: **.Tests/**,**/BuiltInPackages/**
]]></output>
              </test-case>
              <test-case id="1581" name="Constructor_CreateWithExisting_FillsList" fullname="GDX.Collections.Generic.SimpleListTests.Constructor_CreateWithExisting_FillsList" methodname="Constructor_CreateWithExisting_FillsList" classname="GDX.Collections.Generic.SimpleListTests" runstate="Runnable" seed="1597234267" result="Passed" start-time="2023-01-06 16:05:47Z" end-time="2023-01-06 16:05:47Z" duration="0.000429" asserts="0">
                <properties>
                  <property name="Category" value="GDX.Tests" />
                </properties>
                <output><![CDATA[[Code Coverage] Code coverage results were not saved. Visited sequence points not found. 
Included Assemblies: GDX
Excluded Assemblies: <Not specified>
Included Paths: <Not specified>
Excluded Paths: **.Tests/**,**/BuiltInPackages/**
]]></output>
              </test-case>
              <test-case id="1582" name="Constructor_CreateWithExistingNoCount_FillsListNoCount" fullname="GDX.Collections.Generic.SimpleListTests.Constructor_CreateWithExistingNoCount_FillsListNoCount" methodname="Constructor_CreateWithExistingNoCount_FillsListNoCount" classname="GDX.Collections.Generic.SimpleListTests" runstate="Runnable" seed="1778609357" result="Passed" start-time="2023-01-06 16:05:48Z" end-time="2023-01-06 16:05:48Z" duration="0.000356" asserts="0">
                <properties>
                  <property name="Category" value="GDX.Tests" />
                </properties>
                <output><![CDATA[[Code Coverage] Code coverage results were not saved. Visited sequence points not found. 
Included Assemblies: GDX
Excluded Assemblies: <Not specified>
Included Paths: <Not specified>
Excluded Paths: **.Tests/**,**/BuiltInPackages/**
]]></output>
              </test-case>
              <test-case id="1594" name="InsertExpandClearBoth_MockDataWithExpansion_ValueAdded" fullname="GDX.Collections.Generic.SimpleListTests.InsertExpandClearBoth_MockDataWithExpansion_ValueAdded" methodname="InsertExpandClearBoth_MockDataWithExpansion_ValueAdded" classname="GDX.Collections.Generic.SimpleListTests" runstate="Runnable" seed="637710782" result="Passed" start-time="2023-01-06 16:05:49Z" end-time="2023-01-06 16:05:49Z" duration="0.000566" asserts="0">
                <properties>
                  <property name="Category" value="GDX.Tests" />
                </properties>
                <output><![CDATA[[Code Coverage] Code coverage results were not saved. Visited sequence points not found. 
Included Assemblies: GDX
Excluded Assemblies: <Not specified>
Included Paths: <Not specified>
Excluded Paths: **.Tests/**,**/BuiltInPackages/**
]]></output>
              </test-case>
              <test-case id="1593" name="InsertExpandClearNew_MockDataWithExpansion_ValueAdded" fullname="GDX.Collections.Generic.SimpleListTests.InsertExpandClearNew_MockDataWithExpansion_ValueAdded" methodname="InsertExpandClearNew_MockDataWithExpansion_ValueAdded" classname="GDX.Collections.Generic.SimpleListTests" runstate="Runnable" seed="627294159" result="Passed" start-time="2023-01-06 16:05:50Z" end-time="2023-01-06 16:05:50Z" duration="0.000602" asserts="0">
                <properties>
                  <property name="Category" value="GDX.Tests" />
                </properties>
                <output><![CDATA[[Code Coverage] Code coverage results were not saved. Visited sequence points not found. 
Included Assemblies: GDX
Excluded Assemblies: <Not specified>
Included Paths: <Not specified>
Excluded Paths: **.Tests/**,**/BuiltInPackages/**
]]></output>
              </test-case>
              <test-case id="1592" name="InsertExpandClearOld_MockDataWithExpansion_ValueAdded" fullname="GDX.Collections.Generic.SimpleListTests.InsertExpandClearOld_MockDataWithExpansion_ValueAdded" methodname="InsertExpandClearOld_MockDataWithExpansion_ValueAdded" classname="GDX.Collections.Generic.SimpleListTests" runstate="Runnable" seed="1477142569" result="Passed" start-time="2023-01-06 16:05:51Z" end-time="2023-01-06 16:05:51Z" duration="0.000584" asserts="0">
                <properties>
                  <property name="Category" value="GDX.Tests" />
                </properties>
                <output><![CDATA[[Code Coverage] Code coverage results were not saved. Visited sequence points not found. 
Included Assemblies: GDX
Excluded Assemblies: <Not specified>
Included Paths: <Not specified>
Excluded Paths: **.Tests/**,**/BuiltInPackages/**
]]></output>
              </test-case>
              <test-case id="1591" name="InsertExpandNoClear_MockDataWithExpansion_ValueAdded" fullname="GDX.Collections.Generic.SimpleListTests.InsertExpandNoClear_MockDataWithExpansion_ValueAdded" methodname="InsertExpandNoClear_MockDataWithExpansion_ValueAdded" classname="GDX.Collections.Generic.SimpleListTests" runstate="Runnable" seed="488083297" result="Passed" start-time="2023-01-06 16:05:52Z" end-time="2023-01-06 16:05:52Z" duration="0.000571" asserts="0">
                <properties>
                  <property name="Category" value="GDX.Tests" />
                </properties>
                <output><![CDATA[[Code Coverage] Code coverage results were not saved. Visited sequence points not found. 
Included Assemblies: GDX
Excluded Assemblies: <Not specified>
Included Paths: <Not specified>
Excluded Paths: **.Tests/**,**/BuiltInPackages/**
]]></output>
              </test-case>
              <test-case id="1596" name="InsertUnchecked_MockDataAtEnd_ValueAdded" fullname="GDX.Collections.Generic.SimpleListTests.InsertUnchecked_MockDataAtEnd_ValueAdded" methodname="InsertUnchecked_MockDataAtEnd_ValueAdded" classname="GDX.Collections.Generic.SimpleListTests" runstate="Runnable" seed="496141291" result="Passed" start-time="2023-01-06 16:05:52Z" end-time="2023-01-06 16:05:52Z" duration="0.000417" asserts="0">
                <properties>
                  <property name="Category" value="GDX.Tests" />
                </properties>
                <output><![CDATA[[Code Coverage] Code coverage results were not saved. Visited sequence points not found. 
Included Assemblies: GDX
Excluded Assemblies: <Not specified>
Included Paths: <Not specified>
Excluded Paths: **.Tests/**,**/BuiltInPackages/**
]]></output>
              </test-case>
              <test-case id="1597" name="InsertUnchecked_MockDataAtStart_ValueAdded" fullname="GDX.Collections.Generic.SimpleListTests.InsertUnchecked_MockDataAtStart_ValueAdded" methodname="InsertUnchecked_MockDataAtStart_ValueAdded" classname="GDX.Collections.Generic.SimpleListTests" runstate="Runnable" seed="1750452879" result="Passed" start-time="2023-01-06 16:05:53Z" end-time="2023-01-06 16:05:53Z" duration="0.000321" asserts="0">
                <properties>
                  <property name="Category" value="GDX.Tests" />
                </properties>
                <output><![CDATA[[Code Coverage] Code coverage results were not saved. Visited sequence points not found. 
Included Assemblies: GDX
Excluded Assemblies: <Not specified>
Included Paths: <Not specified>
Excluded Paths: **.Tests/**,**/BuiltInPackages/**
]]></output>
              </test-case>
              <test-case id="1598" name="InsertUnchecked_MockDataInMiddle_ValueAdded" fullname="GDX.Collections.Generic.SimpleListTests.InsertUnchecked_MockDataInMiddle_ValueAdded" methodname="InsertUnchecked_MockDataInMiddle_ValueAdded" classname="GDX.Collections.Generic.SimpleListTests" runstate="Runnable" seed="1232887076" result="Passed" start-time="2023-01-06 16:05:54Z" end-time="2023-01-06 16:05:54Z" duration="0.000299" asserts="0">
                <properties>
                  <property name="Category" value="GDX.Tests" />
                </properties>
                <output><![CDATA[[Code Coverage] Code coverage results were not saved. Visited sequence points not found. 
Included Assemblies: GDX
Excluded Assemblies: <Not specified>
Included Paths: <Not specified>
Excluded Paths: **.Tests/**,**/BuiltInPackages/**
]]></output>
              </test-case>
              <test-case id="1599" name="InsertWithExpandCheck_MockDataAtEnd_ValueAdded" fullname="GDX.Collections.Generic.SimpleListTests.InsertWithExpandCheck_MockDataAtEnd_ValueAdded" methodname="InsertWithExpandCheck_MockDataAtEnd_ValueAdded" classname="GDX.Collections.Generic.SimpleListTests" runstate="Runnable" seed="1206910403" result="Passed" start-time="2023-01-06 16:05:55Z" end-time="2023-01-06 16:05:55Z" duration="0.000561" asserts="0">
                <properties>
                  <property name="Category" value="GDX.Tests" />
                </properties>
                <output><![CDATA[[Code Coverage] Code coverage results were not saved. Visited sequence points not found. 
Included Assemblies: GDX
Excluded Assemblies: <Not specified>
Included Paths: <Not specified>
Excluded Paths: **.Tests/**,**/BuiltInPackages/**
]]></output>
              </test-case>
              <test-case id="1602" name="InsertWithExpandCheck_MockDataAtEndAndCustomCount_ValueAdded" fullname="GDX.Collections.Generic.SimpleListTests.InsertWithExpandCheck_MockDataAtEndAndCustomCount_ValueAdded" methodname="InsertWithExpandCheck_MockDataAtEndAndCustomCount_ValueAdded" classname="GDX.Collections.Generic.SimpleListTests" runstate="Runnable" seed="1112711220" result="Passed" start-time="2023-01-06 16:05:56Z" end-time="2023-01-06 16:05:56Z" duration="0.000427" asserts="0">
                <properties>
                  <property name="Category" value="GDX.Tests" />
                </properties>
                <output><![CDATA[[Code Coverage] Code coverage results were not saved. Visited sequence points not found. 
Included Assemblies: GDX
Excluded Assemblies: <Not specified>
Included Paths: <Not specified>
Excluded Paths: **.Tests/**,**/BuiltInPackages/**
]]></output>
              </test-case>
              <test-case id="1600" name="InsertWithExpandCheck_MockDataAtStart_ValueAdded" fullname="GDX.Collections.Generic.SimpleListTests.InsertWithExpandCheck_MockDataAtStart_ValueAdded" methodname="InsertWithExpandCheck_MockDataAtStart_ValueAdded" classname="GDX.Collections.Generic.SimpleListTests" runstate="Runnable" seed="144951082" result="Passed" start-time="2023-01-06 16:05:58Z" end-time="2023-01-06 16:05:58Z" duration="0.000339" asserts="0">
                <properties>
                  <property name="Category" value="GDX.Tests" />
                </properties>
                <output><![CDATA[[Code Coverage] Code coverage results were not saved. Visited sequence points not found. 
Included Assemblies: GDX
Excluded Assemblies: <Not specified>
Included Paths: <Not specified>
Excluded Paths: **.Tests/**,**/BuiltInPackages/**
]]></output>
              </test-case>
              <test-case id="1603" name="InsertWithExpandCheck_MockDataAtStartAndCustomCount_ValueAdded" fullname="GDX.Collections.Generic.SimpleListTests.InsertWithExpandCheck_MockDataAtStartAndCustomCount_ValueAdded" methodname="InsertWithExpandCheck_MockDataAtStartAndCustomCount_ValueAdded" classname="GDX.Collections.Generic.SimpleListTests" runstate="Runnable" seed="588508839" result="Passed" start-time="2023-01-06 16:05:59Z" end-time="2023-01-06 16:05:59Z" duration="0.000314" asserts="0">
                <properties>
                  <property name="Category" value="GDX.Tests" />
                </properties>
                <output><![CDATA[[Code Coverage] Code coverage results were not saved. Visited sequence points not found. 
Included Assemblies: GDX
Excluded Assemblies: <Not specified>
Included Paths: <Not specified>
Excluded Paths: **.Tests/**,**/BuiltInPackages/**
]]></output>
              </test-case>
              <test-case id="1601" name="InsertWithExpandCheck_MockDataInMiddle_ValueAdded" fullname="GDX.Collections.Generic.SimpleListTests.InsertWithExpandCheck_MockDataInMiddle_ValueAdded" methodname="InsertWithExpandCheck_MockDataInMiddle_ValueAdded" classname="GDX.Collections.Generic.SimpleListTests" runstate="Runnable" seed="577891705" result="Passed" start-time="2023-01-06 16:06:00Z" end-time="2023-01-06 16:06:00Z" duration="0.000308" asserts="0">
                <properties>
                  <property name="Category" value="GDX.Tests" />
                </properties>
                <output><![CDATA[[Code Coverage] Code coverage results were not saved. Visited sequence points not found. 
Included Assemblies: GDX
Excluded Assemblies: <Not specified>
Included Paths: <Not specified>
Excluded Paths: **.Tests/**,**/BuiltInPackages/**
]]></output>
              </test-case>
              <test-case id="1604" name="InsertWithExpandCheck_MockDataInMiddleAndCustomCount_ValueAdded" fullname="GDX.Collections.Generic.SimpleListTests.InsertWithExpandCheck_MockDataInMiddleAndCustomCount_ValueAdded" methodname="InsertWithExpandCheck_MockDataInMiddleAndCustomCount_ValueAdded" classname="GDX.Collections.Generic.SimpleListTests" runstate="Runnable" seed="588767971" result="Passed" start-time="2023-01-06 16:06:01Z" end-time="2023-01-06 16:06:01Z" duration="0.000335" asserts="0">
                <properties>
                  <property name="Category" value="GDX.Tests" />
                </properties>
                <output><![CDATA[[Code Coverage] Code coverage results were not saved. Visited sequence points not found. 
Included Assemblies: GDX
Excluded Assemblies: <Not specified>
Included Paths: <Not specified>
Excluded Paths: **.Tests/**,**/BuiltInPackages/**
]]></output>
              </test-case>
              <test-case id="1605" name="RemoveAt_MockDataAtEnd_ValueRemoved" fullname="GDX.Collections.Generic.SimpleListTests.RemoveAt_MockDataAtEnd_ValueRemoved" methodname="RemoveAt_MockDataAtEnd_ValueRemoved" classname="GDX.Collections.Generic.SimpleListTests" runstate="Runnable" seed="1834320510" result="Passed" start-time="2023-01-06 16:06:02Z" end-time="2023-01-06 16:06:02Z" duration="0.000401" asserts="0">
                <properties>
                  <property name="Category" value="GDX.Tests" />
                </properties>
                <output><![CDATA[[Code Coverage] Code coverage results were not saved. Visited sequence points not found. 
Included Assemblies: GDX
Excluded Assemblies: <Not specified>
Included Paths: <Not specified>
Excluded Paths: **.Tests/**,**/BuiltInPackages/**
]]></output>
              </test-case>
              <test-case id="1606" name="RemoveAt_MockDataAtStart_ValueRemoved" fullname="GDX.Collections.Generic.SimpleListTests.RemoveAt_MockDataAtStart_ValueRemoved" methodname="RemoveAt_MockDataAtStart_ValueRemoved" classname="GDX.Collections.Generic.SimpleListTests" runstate="Runnable" seed="1647932846" result="Passed" start-time="2023-01-06 16:06:03Z" end-time="2023-01-06 16:06:03Z" duration="0.000315" asserts="0">
                <properties>
                  <property name="Category" value="GDX.Tests" />
                </properties>
                <output><![CDATA[[Code Coverage] Code coverage results were not saved. Visited sequence points not found. 
Included Assemblies: GDX
Excluded Assemblies: <Not specified>
Included Paths: <Not specified>
Excluded Paths: **.Tests/**,**/BuiltInPackages/**
]]></output>
              </test-case>
              <test-case id="1607" name="RemoveAt_MockDataInMiddle_ValueRemoved" fullname="GDX.Collections.Generic.SimpleListTests.RemoveAt_MockDataInMiddle_ValueRemoved" methodname="RemoveAt_MockDataInMiddle_ValueRemoved" classname="GDX.Collections.Generic.SimpleListTests" runstate="Runnable" seed="307432609" result="Passed" start-time="2023-01-06 16:06:04Z" end-time="2023-01-06 16:06:04Z" duration="0.000361" asserts="0">
                <properties>
                  <property name="Category" value="GDX.Tests" />
                </properties>
                <output><![CDATA[[Code Coverage] Code coverage results were not saved. Visited sequence points not found. 
Included Assemblies: GDX
Excluded Assemblies: <Not specified>
Included Paths: <Not specified>
Excluded Paths: **.Tests/**,**/BuiltInPackages/**
]]></output>
              </test-case>
              <test-case id="1608" name="RemoveAtSwapBack_MockDataAtEnd_ValueRemoved" fullname="GDX.Collections.Generic.SimpleListTests.RemoveAtSwapBack_MockDataAtEnd_ValueRemoved" methodname="RemoveAtSwapBack_MockDataAtEnd_ValueRemoved" classname="GDX.Collections.Generic.SimpleListTests" runstate="Runnable" seed="1597905665" result="Passed" start-time="2023-01-06 16:06:05Z" end-time="2023-01-06 16:06:05Z" duration="0.000368" asserts="0">
                <properties>
                  <property name="Category" value="GDX.Tests" />
                </properties>
                <output><![CDATA[[Code Coverage] Code coverage results were not saved. Visited sequence points not found. 
Included Assemblies: GDX
Excluded Assemblies: <Not specified>
Included Paths: <Not specified>
Excluded Paths: **.Tests/**,**/BuiltInPackages/**
]]></output>
              </test-case>
              <test-case id="1609" name="RemoveAtSwapBack_MockDataAtStart_ValueRemoved" fullname="GDX.Collections.Generic.SimpleListTests.RemoveAtSwapBack_MockDataAtStart_ValueRemoved" methodname="RemoveAtSwapBack_MockDataAtStart_ValueRemoved" classname="GDX.Collections.Generic.SimpleListTests" runstate="Runnable" seed="85144459" result="Passed" start-time="2023-01-06 16:06:05Z" end-time="2023-01-06 16:06:05Z" duration="0.000313" asserts="0">
                <properties>
                  <property name="Category" value="GDX.Tests" />
                </properties>
                <output><![CDATA[[Code Coverage] Code coverage results were not saved. Visited sequence points not found. 
Included Assemblies: GDX
Excluded Assemblies: <Not specified>
Included Paths: <Not specified>
Excluded Paths: **.Tests/**,**/BuiltInPackages/**
]]></output>
              </test-case>
              <test-case id="1610" name="RemoveAtSwapBack_MockDataInMiddle_ValueRemoved" fullname="GDX.Collections.Generic.SimpleListTests.RemoveAtSwapBack_MockDataInMiddle_ValueRemoved" methodname="RemoveAtSwapBack_MockDataInMiddle_ValueRemoved" classname="GDX.Collections.Generic.SimpleListTests" runstate="Runnable" seed="1751087410" result="Passed" start-time="2023-01-06 16:06:06Z" end-time="2023-01-06 16:06:06Z" duration="0.000322" asserts="0">
                <properties>
                  <property name="Category" value="GDX.Tests" />
                </properties>
                <output><![CDATA[[Code Coverage] Code coverage results were not saved. Visited sequence points not found. 
Included Assemblies: GDX
Excluded Assemblies: <Not specified>
Included Paths: <Not specified>
Excluded Paths: **.Tests/**,**/BuiltInPackages/**
]]></output>
              </test-case>
              <test-case id="1611" name="RemoveFromBack_MockData_ValueRemoved" fullname="GDX.Collections.Generic.SimpleListTests.RemoveFromBack_MockData_ValueRemoved" methodname="RemoveFromBack_MockData_ValueRemoved" classname="GDX.Collections.Generic.SimpleListTests" runstate="Runnable" seed="1072346755" result="Passed" start-time="2023-01-06 16:06:08Z" end-time="2023-01-06 16:06:08Z" duration="0.000381" asserts="0">
                <properties>
                  <property name="Category" value="GDX.Tests" />
                </properties>
                <output><![CDATA[[Code Coverage] Code coverage results were not saved. Visited sequence points not found. 
Included Assemblies: GDX
Excluded Assemblies: <Not specified>
Included Paths: <Not specified>
Excluded Paths: **.Tests/**,**/BuiltInPackages/**
]]></output>
              </test-case>
              <test-case id="1612" name="Reserve_MockData_ArrayExpanded" fullname="GDX.Collections.Generic.SimpleListTests.Reserve_MockData_ArrayExpanded" methodname="Reserve_MockData_ArrayExpanded" classname="GDX.Collections.Generic.SimpleListTests" runstate="Runnable" seed="1815686166" result="Passed" start-time="2023-01-06 16:06:09Z" end-time="2023-01-06 16:06:09Z" duration="0.000367" asserts="0">
                <properties>
                  <property name="Category" value="GDX.Tests" />
                </properties>
                <output><![CDATA[[Code Coverage] Code coverage results were not saved. Visited sequence points not found. 
Included Assemblies: GDX
Excluded Assemblies: <Not specified>
Included Paths: <Not specified>
Excluded Paths: **.Tests/**,**/BuiltInPackages/**
]]></output>
              </test-case>
              <test-case id="1616" name="ReserveClearBoth_MockDataWithExpansion_ValueAdded" fullname="GDX.Collections.Generic.SimpleListTests.ReserveClearBoth_MockDataWithExpansion_ValueAdded" methodname="ReserveClearBoth_MockDataWithExpansion_ValueAdded" classname="GDX.Collections.Generic.SimpleListTests" runstate="Runnable" seed="48465866" result="Passed" start-time="2023-01-06 16:06:10Z" end-time="2023-01-06 16:06:10Z" duration="0.000560" asserts="0">
                <properties>
                  <property name="Category" value="GDX.Tests" />
                </properties>
                <output><![CDATA[[Code Coverage] Code coverage results were not saved. Visited sequence points not found. 
Included Assemblies: GDX
Excluded Assemblies: <Not specified>
Included Paths: <Not specified>
Excluded Paths: **.Tests/**,**/BuiltInPackages/**
]]></output>
              </test-case>
              <test-case id="1615" name="ReserveClearNew_MockDataWithExpansion_ValueAdded" fullname="GDX.Collections.Generic.SimpleListTests.ReserveClearNew_MockDataWithExpansion_ValueAdded" methodname="ReserveClearNew_MockDataWithExpansion_ValueAdded" classname="GDX.Collections.Generic.SimpleListTests" runstate="Runnable" seed="1297600481" result="Passed" start-time="2023-01-06 16:06:10Z" end-time="2023-01-06 16:06:10Z" duration="0.000526" asserts="0">
                <properties>
                  <property name="Category" value="GDX.Tests" />
                </properties>
                <output><![CDATA[[Code Coverage] Code coverage results were not saved. Visited sequence points not found. 
Included Assemblies: GDX
Excluded Assemblies: <Not specified>
Included Paths: <Not specified>
Excluded Paths: **.Tests/**,**/BuiltInPackages/**
]]></output>
              </test-case>
              <test-case id="1614" name="ReserveClearOld_MockDataWithExpansion_ValueAdded" fullname="GDX.Collections.Generic.SimpleListTests.ReserveClearOld_MockDataWithExpansion_ValueAdded" methodname="ReserveClearOld_MockDataWithExpansion_ValueAdded" classname="GDX.Collections.Generic.SimpleListTests" runstate="Runnable" seed="1696824696" result="Passed" start-time="2023-01-06 16:06:11Z" end-time="2023-01-06 16:06:11Z" duration="0.000530" asserts="0">
                <properties>
                  <property name="Category" value="GDX.Tests" />
                </properties>
                <output><![CDATA[[Code Coverage] Code coverage results were not saved. Visited sequence points not found. 
Included Assemblies: GDX
Excluded Assemblies: <Not specified>
Included Paths: <Not specified>
Excluded Paths: **.Tests/**,**/BuiltInPackages/**
]]></output>
              </test-case>
              <test-case id="1613" name="ReserveNoClear_MockDataWithExpansion_ValueAdded" fullname="GDX.Collections.Generic.SimpleListTests.ReserveNoClear_MockDataWithExpansion_ValueAdded" methodname="ReserveNoClear_MockDataWithExpansion_ValueAdded" classname="GDX.Collections.Generic.SimpleListTests" runstate="Runnable" seed="1718134231" result="Passed" start-time="2023-01-06 16:06:12Z" end-time="2023-01-06 16:06:12Z" duration="0.000561" asserts="0">
                <properties>
                  <property name="Category" value="GDX.Tests" />
                </properties>
                <output><![CDATA[[Code Coverage] Code coverage results were not saved. Visited sequence points not found. 
Included Assemblies: GDX
Excluded Assemblies: <Not specified>
Included Paths: <Not specified>
Excluded Paths: **.Tests/**,**/BuiltInPackages/**
]]></output>
              </test-case>
              <test-case id="1617" name="Reverse_MockDataEven_ArrayReversed" fullname="GDX.Collections.Generic.SimpleListTests.Reverse_MockDataEven_ArrayReversed" methodname="Reverse_MockDataEven_ArrayReversed" classname="GDX.Collections.Generic.SimpleListTests" runstate="Runnable" seed="1366160389" result="Passed" start-time="2023-01-06 16:06:13Z" end-time="2023-01-06 16:06:13Z" duration="0.000465" asserts="0">
                <properties>
                  <property name="Category" value="GDX.Tests" />
                </properties>
                <output><![CDATA[[Code Coverage] Code coverage results were not saved. Visited sequence points not found. 
Included Assemblies: GDX
Excluded Assemblies: <Not specified>
Included Paths: <Not specified>
Excluded Paths: **.Tests/**,**/BuiltInPackages/**
]]></output>
              </test-case>
              <test-case id="1618" name="Reverse_MockDataOdd_ArrayReversed" fullname="GDX.Collections.Generic.SimpleListTests.Reverse_MockDataOdd_ArrayReversed" methodname="Reverse_MockDataOdd_ArrayReversed" classname="GDX.Collections.Generic.SimpleListTests" runstate="Runnable" seed="474130532" result="Passed" start-time="2023-01-06 16:06:14Z" end-time="2023-01-06 16:06:14Z" duration="0.000401" asserts="0">
                <properties>
                  <property name="Category" value="GDX.Tests" />
                </properties>
                <output><![CDATA[[Code Coverage] Code coverage results were not saved. Visited sequence points not found. 
Included Assemblies: GDX
Excluded Assemblies: <Not specified>
Included Paths: <Not specified>
Excluded Paths: **.Tests/**,**/BuiltInPackages/**
]]></output>
              </test-case>
              <test-case id="1619" name="Reverse_MockDataOddLimited_ArrayReversed" fullname="GDX.Collections.Generic.SimpleListTests.Reverse_MockDataOddLimited_ArrayReversed" methodname="Reverse_MockDataOddLimited_ArrayReversed" classname="GDX.Collections.Generic.SimpleListTests" runstate="Runnable" seed="761819142" result="Passed" start-time="2023-01-06 16:06:15Z" end-time="2023-01-06 16:06:15Z" duration="0.000348" asserts="0">
                <properties>
                  <property name="Category" value="GDX.Tests" />
                </properties>
                <output><![CDATA[[Code Coverage] Code coverage results were not saved. Visited sequence points not found. 
Included Assemblies: GDX
Excluded Assemblies: <Not specified>
Included Paths: <Not specified>
Excluded Paths: **.Tests/**,**/BuiltInPackages/**
]]></output>
              </test-case>
            </test-suite>
            <test-suite type="TestFixture" id="1620" name="SparseSetTests" fullname="GDX.Collections.Generic.SparseSetTests" classname="GDX.Collections.Generic.SparseSetTests" runstate="Runnable" testcasecount="54" result="Passed" start-time="2023-01-06 16:06:16Z" end-time="2023-01-06 16:07:11Z" duration="54.911213" total="54" passed="54" failed="0" inconclusive="0" skipped="0" asserts="0">
              <properties />
              <test-case id="1623" name="AddUnchecked_MockData_IndicesReserved" fullname="GDX.Collections.Generic.SparseSetTests.AddUnchecked_MockData_IndicesReserved" methodname="AddUnchecked_MockData_IndicesReserved" classname="GDX.Collections.Generic.SparseSetTests" runstate="Runnable" seed="2016481107" result="Passed" start-time="2023-01-06 16:06:16Z" end-time="2023-01-06 16:06:16Z" duration="0.000480" asserts="0">
                <properties>
                  <property name="Category" value="GDX.Tests" />
                </properties>
                <output><![CDATA[[Code Coverage] Code Coverage results for visited sequence points were saved in D:/BuildAgent/work/GDX-Documentation/Staging/CodeCoverage/GDX_Development-opencov/EditMode/TestCoverageResults_0092.xml
]]></output>
              </test-case>
              <test-case id="1626" name="AddUnchecked_MockDataAndVersionArrayOverflow_ThrowsException" fullname="GDX.Collections.Generic.SparseSetTests.AddUnchecked_MockDataAndVersionArrayOverflow_ThrowsException" methodname="AddUnchecked_MockDataAndVersionArrayOverflow_ThrowsException" classname="GDX.Collections.Generic.SparseSetTests" runstate="Runnable" seed="1163595778" result="Passed" start-time="2023-01-06 16:06:17Z" end-time="2023-01-06 16:06:17Z" duration="0.000654" asserts="0">
                <properties>
                  <property name="Category" value="GDX.Tests" />
                </properties>
                <output><![CDATA[[Code Coverage] Code Coverage results for visited sequence points were saved in D:/BuildAgent/work/GDX-Documentation/Staging/CodeCoverage/GDX_Development-opencov/EditMode/TestCoverageResults_0093.xml
]]></output>
              </test-case>
              <test-case id="1659" name="AddUnchecked_MockDataGeneric0_Added" fullname="GDX.Collections.Generic.SparseSetTests.AddUnchecked_MockDataGeneric0_Added" methodname="AddUnchecked_MockDataGeneric0_Added" classname="GDX.Collections.Generic.SparseSetTests" runstate="Runnable" seed="844877326" result="Passed" start-time="2023-01-06 16:06:18Z" end-time="2023-01-06 16:06:18Z" duration="0.000468" asserts="0">
                <properties>
                  <property name="Category" value="GDX.Tests" />
                </properties>
                <output><![CDATA[[Code Coverage] Code Coverage results for visited sequence points were saved in D:/BuildAgent/work/GDX-Documentation/Staging/CodeCoverage/GDX_Development-opencov/EditMode/TestCoverageResults_0094.xml
]]></output>
              </test-case>
              <test-case id="1660" name="AddUnchecked_MockDataGeneric1_Added" fullname="GDX.Collections.Generic.SparseSetTests.AddUnchecked_MockDataGeneric1_Added" methodname="AddUnchecked_MockDataGeneric1_Added" classname="GDX.Collections.Generic.SparseSetTests" runstate="Runnable" seed="1337602717" result="Passed" start-time="2023-01-06 16:06:19Z" end-time="2023-01-06 16:06:19Z" duration="0.000398" asserts="0">
                <properties>
                  <property name="Category" value="GDX.Tests" />
                </properties>
                <output><![CDATA[[Code Coverage] Code Coverage results for visited sequence points were saved in D:/BuildAgent/work/GDX-Documentation/Staging/CodeCoverage/GDX_Development-opencov/EditMode/TestCoverageResults_0095.xml
]]></output>
              </test-case>
              <test-case id="1661" name="AddUnchecked_MockDataGeneric2_Added" fullname="GDX.Collections.Generic.SparseSetTests.AddUnchecked_MockDataGeneric2_Added" methodname="AddUnchecked_MockDataGeneric2_Added" classname="GDX.Collections.Generic.SparseSetTests" runstate="Runnable" seed="406938669" result="Passed" start-time="2023-01-06 16:06:20Z" end-time="2023-01-06 16:06:20Z" duration="0.000464" asserts="0">
                <properties>
                  <property name="Category" value="GDX.Tests" />
                </properties>
                <output><![CDATA[[Code Coverage] Code Coverage results for visited sequence points were saved in D:/BuildAgent/work/GDX-Documentation/Staging/CodeCoverage/GDX_Development-opencov/EditMode/TestCoverageResults_0096.xml
]]></output>
              </test-case>
              <test-case id="1662" name="AddUnchecked_MockDataGeneric3_Added" fullname="GDX.Collections.Generic.SparseSetTests.AddUnchecked_MockDataGeneric3_Added" methodname="AddUnchecked_MockDataGeneric3_Added" classname="GDX.Collections.Generic.SparseSetTests" runstate="Runnable" seed="864440287" result="Passed" start-time="2023-01-06 16:06:21Z" end-time="2023-01-06 16:06:21Z" duration="0.000452" asserts="0">
                <properties>
                  <property name="Category" value="GDX.Tests" />
                </properties>
                <output><![CDATA[[Code Coverage] Code Coverage results for visited sequence points were saved in D:/BuildAgent/work/GDX-Documentation/Staging/CodeCoverage/GDX_Development-opencov/EditMode/TestCoverageResults_0097.xml
]]></output>
              </test-case>
              <test-case id="1663" name="AddUnchecked_MockDataGeneric4_Added" fullname="GDX.Collections.Generic.SparseSetTests.AddUnchecked_MockDataGeneric4_Added" methodname="AddUnchecked_MockDataGeneric4_Added" classname="GDX.Collections.Generic.SparseSetTests" runstate="Runnable" seed="1166180845" result="Passed" start-time="2023-01-06 16:06:22Z" end-time="2023-01-06 16:06:22Z" duration="0.000475" asserts="0">
                <properties>
                  <property name="Category" value="GDX.Tests" />
                </properties>
                <output><![CDATA[[Code Coverage] Code Coverage results for visited sequence points were saved in D:/BuildAgent/work/GDX-Documentation/Staging/CodeCoverage/GDX_Development-opencov/EditMode/TestCoverageResults_0098.xml
]]></output>
              </test-case>
              <test-case id="1664" name="AddUnchecked_MockDataGeneric5_Added" fullname="GDX.Collections.Generic.SparseSetTests.AddUnchecked_MockDataGeneric5_Added" methodname="AddUnchecked_MockDataGeneric5_Added" classname="GDX.Collections.Generic.SparseSetTests" runstate="Runnable" seed="1497919835" result="Passed" start-time="2023-01-06 16:06:23Z" end-time="2023-01-06 16:06:23Z" duration="0.000488" asserts="0">
                <properties>
                  <property name="Category" value="GDX.Tests" />
                </properties>
                <output><![CDATA[[Code Coverage] Code Coverage results for visited sequence points were saved in D:/BuildAgent/work/GDX-Documentation/Staging/CodeCoverage/GDX_Development-opencov/EditMode/TestCoverageResults_0099.xml
]]></output>
              </test-case>
              <test-case id="1665" name="AddUnchecked_MockDataGeneric6_Added" fullname="GDX.Collections.Generic.SparseSetTests.AddUnchecked_MockDataGeneric6_Added" methodname="AddUnchecked_MockDataGeneric6_Added" classname="GDX.Collections.Generic.SparseSetTests" runstate="Runnable" seed="1112698987" result="Passed" start-time="2023-01-06 16:06:24Z" end-time="2023-01-06 16:06:24Z" duration="0.000506" asserts="0">
                <properties>
                  <property name="Category" value="GDX.Tests" />
                </properties>
                <output><![CDATA[[Code Coverage] Code Coverage results for visited sequence points were saved in D:/BuildAgent/work/GDX-Documentation/Staging/CodeCoverage/GDX_Development-opencov/EditMode/TestCoverageResults_0100.xml
]]></output>
              </test-case>
              <test-case id="1666" name="AddUnchecked_MockDataGeneric7_Added" fullname="GDX.Collections.Generic.SparseSetTests.AddUnchecked_MockDataGeneric7_Added" methodname="AddUnchecked_MockDataGeneric7_Added" classname="GDX.Collections.Generic.SparseSetTests" runstate="Runnable" seed="512992680" result="Passed" start-time="2023-01-06 16:06:25Z" end-time="2023-01-06 16:06:25Z" duration="0.000537" asserts="0">
                <properties>
                  <property name="Category" value="GDX.Tests" />
                </properties>
                <output><![CDATA[[Code Coverage] Code Coverage results for visited sequence points were saved in D:/BuildAgent/work/GDX-Documentation/Staging/CodeCoverage/GDX_Development-opencov/EditMode/TestCoverageResults_0101.xml
]]></output>
              </test-case>
              <test-case id="1625" name="AddUnchecked_MockDataOverflow_ThrowsException" fullname="GDX.Collections.Generic.SparseSetTests.AddUnchecked_MockDataOverflow_ThrowsException" methodname="AddUnchecked_MockDataOverflow_ThrowsException" classname="GDX.Collections.Generic.SparseSetTests" runstate="Runnable" seed="148445996" result="Passed" start-time="2023-01-06 16:06:26Z" end-time="2023-01-06 16:06:26Z" duration="0.000413" asserts="0">
                <properties>
                  <property name="Category" value="GDX.Tests" />
                </properties>
                <output><![CDATA[[Code Coverage] Code Coverage results for visited sequence points were saved in D:/BuildAgent/work/GDX-Documentation/Staging/CodeCoverage/GDX_Development-opencov/EditMode/TestCoverageResults_0102.xml
]]></output>
              </test-case>
              <test-case id="1624" name="AddUnchecked_MockDataWithVersionArray__IndicesReserved" fullname="GDX.Collections.Generic.SparseSetTests.AddUnchecked_MockDataWithVersionArray__IndicesReserved" methodname="AddUnchecked_MockDataWithVersionArray__IndicesReserved" classname="GDX.Collections.Generic.SparseSetTests" runstate="Runnable" seed="91034949" result="Passed" start-time="2023-01-06 16:06:27Z" end-time="2023-01-06 16:06:27Z" duration="0.000342" asserts="0">
                <properties>
                  <property name="Category" value="GDX.Tests" />
                </properties>
                <output><![CDATA[[Code Coverage] Code Coverage results for visited sequence points were saved in D:/BuildAgent/work/GDX-Documentation/Staging/CodeCoverage/GDX_Development-opencov/EditMode/TestCoverageResults_0103.xml
]]></output>
              </test-case>
              <test-case id="1629" name="AddUnchecked_MockDataWithVersionArray_Expanded" fullname="GDX.Collections.Generic.SparseSetTests.AddUnchecked_MockDataWithVersionArray_Expanded" methodname="AddUnchecked_MockDataWithVersionArray_Expanded" classname="GDX.Collections.Generic.SparseSetTests" runstate="Runnable" seed="293154564" result="Passed" start-time="2023-01-06 16:06:28Z" end-time="2023-01-06 16:06:28Z" duration="0.000551" asserts="0">
                <properties>
                  <property name="Category" value="GDX.Tests" />
                </properties>
                <output><![CDATA[[Code Coverage] Code Coverage results for visited sequence points were saved in D:/BuildAgent/work/GDX-Documentation/Staging/CodeCoverage/GDX_Development-opencov/EditMode/TestCoverageResults_0104.xml
]]></output>
              </test-case>
              <test-case id="1627" name="AddWithExpandCheck_MockData_Expanded" fullname="GDX.Collections.Generic.SparseSetTests.AddWithExpandCheck_MockData_Expanded" methodname="AddWithExpandCheck_MockData_Expanded" classname="GDX.Collections.Generic.SparseSetTests" runstate="Runnable" seed="1972859962" result="Passed" start-time="2023-01-06 16:06:29Z" end-time="2023-01-06 16:06:29Z" duration="0.000367" asserts="0">
                <properties>
                  <property name="Category" value="GDX.Tests" />
                </properties>
                <output><![CDATA[[Code Coverage] Code Coverage results for visited sequence points were saved in D:/BuildAgent/work/GDX-Documentation/Staging/CodeCoverage/GDX_Development-opencov/EditMode/TestCoverageResults_0105.xml
]]></output>
              </test-case>
              <test-case id="1651" name="AddWithExpandCheck_MockDataGeneric0_Expanded" fullname="GDX.Collections.Generic.SparseSetTests.AddWithExpandCheck_MockDataGeneric0_Expanded" methodname="AddWithExpandCheck_MockDataGeneric0_Expanded" classname="GDX.Collections.Generic.SparseSetTests" runstate="Runnable" seed="1033827232" result="Passed" start-time="2023-01-06 16:06:30Z" end-time="2023-01-06 16:06:30Z" duration="0.000521" asserts="0">
                <properties>
                  <property name="Category" value="GDX.Tests" />
                </properties>
                <output><![CDATA[[Code Coverage] Code Coverage results for visited sequence points were saved in D:/BuildAgent/work/GDX-Documentation/Staging/CodeCoverage/GDX_Development-opencov/EditMode/TestCoverageResults_0106.xml
]]></output>
              </test-case>
              <test-case id="1652" name="AddWithExpandCheck_MockDataGeneric1_Expanded" fullname="GDX.Collections.Generic.SparseSetTests.AddWithExpandCheck_MockDataGeneric1_Expanded" methodname="AddWithExpandCheck_MockDataGeneric1_Expanded" classname="GDX.Collections.Generic.SparseSetTests" runstate="Runnable" seed="2029828514" result="Passed" start-time="2023-01-06 16:06:31Z" end-time="2023-01-06 16:06:31Z" duration="0.000564" asserts="0">
                <properties>
                  <property name="Category" value="GDX.Tests" />
                </properties>
                <output><![CDATA[[Code Coverage] Code Coverage results for visited sequence points were saved in D:/BuildAgent/work/GDX-Documentation/Staging/CodeCoverage/GDX_Development-opencov/EditMode/TestCoverageResults_0107.xml
]]></output>
              </test-case>
              <test-case id="1653" name="AddWithExpandCheck_MockDataGeneric2_Expanded" fullname="GDX.Collections.Generic.SparseSetTests.AddWithExpandCheck_MockDataGeneric2_Expanded" methodname="AddWithExpandCheck_MockDataGeneric2_Expanded" classname="GDX.Collections.Generic.SparseSetTests" runstate="Runnable" seed="2139170598" result="Passed" start-time="2023-01-06 16:06:33Z" end-time="2023-01-06 16:06:33Z" duration="0.000603" asserts="0">
                <properties>
                  <property name="Category" value="GDX.Tests" />
                </properties>
                <output><![CDATA[[Code Coverage] Code Coverage results for visited sequence points were saved in D:/BuildAgent/work/GDX-Documentation/Staging/CodeCoverage/GDX_Development-opencov/EditMode/TestCoverageResults_0108.xml
]]></output>
              </test-case>
              <test-case id="1654" name="AddWithExpandCheck_MockDataGeneric3_Expanded" fullname="GDX.Collections.Generic.SparseSetTests.AddWithExpandCheck_MockDataGeneric3_Expanded" methodname="AddWithExpandCheck_MockDataGeneric3_Expanded" classname="GDX.Collections.Generic.SparseSetTests" runstate="Runnable" seed="1974760448" result="Passed" start-time="2023-01-06 16:06:34Z" end-time="2023-01-06 16:06:34Z" duration="0.000604" asserts="0">
                <properties>
                  <property name="Category" value="GDX.Tests" />
                </properties>
                <output><![CDATA[[Code Coverage] Code Coverage results for visited sequence points were saved in D:/BuildAgent/work/GDX-Documentation/Staging/CodeCoverage/GDX_Development-opencov/EditMode/TestCoverageResults_0109.xml
]]></output>
              </test-case>
              <test-case id="1655" name="AddWithExpandCheck_MockDataGeneric4_Expanded" fullname="GDX.Collections.Generic.SparseSetTests.AddWithExpandCheck_MockDataGeneric4_Expanded" methodname="AddWithExpandCheck_MockDataGeneric4_Expanded" classname="GDX.Collections.Generic.SparseSetTests" runstate="Runnable" seed="200152075" result="Passed" start-time="2023-01-06 16:06:35Z" end-time="2023-01-06 16:06:35Z" duration="0.000697" asserts="0">
                <properties>
                  <property name="Category" value="GDX.Tests" />
                </properties>
                <output><![CDATA[[Code Coverage] Code Coverage results for visited sequence points were saved in D:/BuildAgent/work/GDX-Documentation/Staging/CodeCoverage/GDX_Development-opencov/EditMode/TestCoverageResults_0110.xml
]]></output>
              </test-case>
              <test-case id="1656" name="AddWithExpandCheck_MockDataGeneric5_Expanded" fullname="GDX.Collections.Generic.SparseSetTests.AddWithExpandCheck_MockDataGeneric5_Expanded" methodname="AddWithExpandCheck_MockDataGeneric5_Expanded" classname="GDX.Collections.Generic.SparseSetTests" runstate="Runnable" seed="16828481" result="Passed" start-time="2023-01-06 16:06:36Z" end-time="2023-01-06 16:06:36Z" duration="0.000689" asserts="0">
                <properties>
                  <property name="Category" value="GDX.Tests" />
                </properties>
                <output><![CDATA[[Code Coverage] Code Coverage results for visited sequence points were saved in D:/BuildAgent/work/GDX-Documentation/Staging/CodeCoverage/GDX_Development-opencov/EditMode/TestCoverageResults_0111.xml
]]></output>
              </test-case>
              <test-case id="1657" name="AddWithExpandCheck_MockDataGeneric6_Expanded" fullname="GDX.Collections.Generic.SparseSetTests.AddWithExpandCheck_MockDataGeneric6_Expanded" methodname="AddWithExpandCheck_MockDataGeneric6_Expanded" classname="GDX.Collections.Generic.SparseSetTests" runstate="Runnable" seed="1367574239" result="Passed" start-time="2023-01-06 16:06:37Z" end-time="2023-01-06 16:06:37Z" duration="0.000747" asserts="0">
                <properties>
                  <property name="Category" value="GDX.Tests" />
                </properties>
                <output><![CDATA[[Code Coverage] Code Coverage results for visited sequence points were saved in D:/BuildAgent/work/GDX-Documentation/Staging/CodeCoverage/GDX_Development-opencov/EditMode/TestCoverageResults_0112.xml
]]></output>
              </test-case>
              <test-case id="1658" name="AddWithExpandCheck_MockDataGeneric7_Expanded" fullname="GDX.Collections.Generic.SparseSetTests.AddWithExpandCheck_MockDataGeneric7_Expanded" methodname="AddWithExpandCheck_MockDataGeneric7_Expanded" classname="GDX.Collections.Generic.SparseSetTests" runstate="Runnable" seed="323752391" result="Passed" start-time="2023-01-06 16:06:38Z" end-time="2023-01-06 16:06:38Z" duration="0.000739" asserts="0">
                <properties>
                  <property name="Category" value="GDX.Tests" />
                </properties>
                <output><![CDATA[[Code Coverage] Code Coverage results for visited sequence points were saved in D:/BuildAgent/work/GDX-Documentation/Staging/CodeCoverage/GDX_Development-opencov/EditMode/TestCoverageResults_0113.xml
]]></output>
              </test-case>
              <test-case id="1628" name="AddWithExpandCheck_MockDataWithVersionArray_Expanded" fullname="GDX.Collections.Generic.SparseSetTests.AddWithExpandCheck_MockDataWithVersionArray_Expanded" methodname="AddWithExpandCheck_MockDataWithVersionArray_Expanded" classname="GDX.Collections.Generic.SparseSetTests" runstate="Runnable" seed="1224592205" result="Passed" start-time="2023-01-06 16:06:39Z" end-time="2023-01-06 16:06:39Z" duration="0.000360" asserts="0">
                <properties>
                  <property name="Category" value="GDX.Tests" />
                </properties>
                <output><![CDATA[[Code Coverage] Code Coverage results for visited sequence points were saved in D:/BuildAgent/work/GDX-Documentation/Staging/CodeCoverage/GDX_Development-opencov/EditMode/TestCoverageResults_0114.xml
]]></output>
              </test-case>
              <test-case id="1644" name="Clear_MockData_ArraysCleared" fullname="GDX.Collections.Generic.SparseSetTests.Clear_MockData_ArraysCleared" methodname="Clear_MockData_ArraysCleared" classname="GDX.Collections.Generic.SparseSetTests" runstate="Runnable" seed="949178990" result="Passed" start-time="2023-01-06 16:06:40Z" end-time="2023-01-06 16:06:40Z" duration="0.000391" asserts="0">
                <properties>
                  <property name="Category" value="GDX.Tests" />
                </properties>
                <output><![CDATA[[Code Coverage] Code Coverage results for visited sequence points were saved in D:/BuildAgent/work/GDX-Documentation/Staging/CodeCoverage/GDX_Development-opencov/EditMode/TestCoverageResults_0115.xml
]]></output>
              </test-case>
              <test-case id="1645" name="Clear_MockDataWithVersionArray_ArraysCleared" fullname="GDX.Collections.Generic.SparseSetTests.Clear_MockDataWithVersionArray_ArraysCleared" methodname="Clear_MockDataWithVersionArray_ArraysCleared" classname="GDX.Collections.Generic.SparseSetTests" runstate="Runnable" seed="1133777470" result="Passed" start-time="2023-01-06 16:06:41Z" end-time="2023-01-06 16:06:41Z" duration="0.000429" asserts="0">
                <properties>
                  <property name="Category" value="GDX.Tests" />
                </properties>
                <output><![CDATA[[Code Coverage] Code Coverage results for visited sequence points were saved in D:/BuildAgent/work/GDX-Documentation/Staging/CodeCoverage/GDX_Development-opencov/EditMode/TestCoverageResults_0116.xml
]]></output>
              </test-case>
              <test-case id="1646" name="ClearWithVersionReset_MockData_ArraysClearedAndVersionReset" fullname="GDX.Collections.Generic.SparseSetTests.ClearWithVersionReset_MockData_ArraysClearedAndVersionReset" methodname="ClearWithVersionReset_MockData_ArraysClearedAndVersionReset" classname="GDX.Collections.Generic.SparseSetTests" runstate="Runnable" seed="1671606840" result="Passed" start-time="2023-01-06 16:06:42Z" end-time="2023-01-06 16:06:42Z" duration="0.000652" asserts="0">
                <properties>
                  <property name="Category" value="GDX.Tests" />
                </properties>
                <output><![CDATA[[Code Coverage] Code Coverage results for visited sequence points were saved in D:/BuildAgent/work/GDX-Documentation/Staging/CodeCoverage/GDX_Development-opencov/EditMode/TestCoverageResults_0117.xml
]]></output>
              </test-case>
              <test-case id="1621" name="Constructor_CreateWithCount" fullname="GDX.Collections.Generic.SparseSetTests.Constructor_CreateWithCount" methodname="Constructor_CreateWithCount" classname="GDX.Collections.Generic.SparseSetTests" runstate="Runnable" seed="629474382" result="Passed" start-time="2023-01-06 16:06:43Z" end-time="2023-01-06 16:06:43Z" duration="0.000299" asserts="0">
                <properties>
                  <property name="Category" value="GDX.Tests" />
                </properties>
                <output><![CDATA[[Code Coverage] Code Coverage results for visited sequence points were saved in D:/BuildAgent/work/GDX-Documentation/Staging/CodeCoverage/GDX_Development-opencov/EditMode/TestCoverageResults_0118.xml
]]></output>
              </test-case>
              <test-case id="1622" name="Constructor_CreateWithCountAndVersionArray" fullname="GDX.Collections.Generic.SparseSetTests.Constructor_CreateWithCountAndVersionArray" methodname="Constructor_CreateWithCountAndVersionArray" classname="GDX.Collections.Generic.SparseSetTests" runstate="Runnable" seed="1560927114" result="Passed" start-time="2023-01-06 16:06:44Z" end-time="2023-01-06 16:06:44Z" duration="0.000310" asserts="0">
                <properties>
                  <property name="Category" value="GDX.Tests" />
                </properties>
                <output><![CDATA[[Code Coverage] Code Coverage results for visited sequence points were saved in D:/BuildAgent/work/GDX-Documentation/Staging/CodeCoverage/GDX_Development-opencov/EditMode/TestCoverageResults_0119.xml
]]></output>
              </test-case>
              <test-case id="1647" name="Expand_MockData_Expanded" fullname="GDX.Collections.Generic.SparseSetTests.Expand_MockData_Expanded" methodname="Expand_MockData_Expanded" classname="GDX.Collections.Generic.SparseSetTests" runstate="Runnable" seed="2036292979" result="Passed" start-time="2023-01-06 16:06:45Z" end-time="2023-01-06 16:06:45Z" duration="0.000389" asserts="0">
                <properties>
                  <property name="Category" value="GDX.Tests" />
                </properties>
                <output><![CDATA[[Code Coverage] Code Coverage results for visited sequence points were saved in D:/BuildAgent/work/GDX-Documentation/Staging/CodeCoverage/GDX_Development-opencov/EditMode/TestCoverageResults_0120.xml
]]></output>
              </test-case>
              <test-case id="1648" name="Expand_MockDataWithVersionArray_Expanded" fullname="GDX.Collections.Generic.SparseSetTests.Expand_MockDataWithVersionArray_Expanded" methodname="Expand_MockDataWithVersionArray_Expanded" classname="GDX.Collections.Generic.SparseSetTests" runstate="Runnable" seed="494187566" result="Passed" start-time="2023-01-06 16:06:46Z" end-time="2023-01-06 16:06:46Z" duration="0.000484" asserts="0">
                <properties>
                  <property name="Category" value="GDX.Tests" />
                </properties>
                <output><![CDATA[[Code Coverage] Code Coverage results for visited sequence points were saved in D:/BuildAgent/work/GDX-Documentation/Staging/CodeCoverage/GDX_Development-opencov/EditMode/TestCoverageResults_0121.xml
]]></output>
              </test-case>
              <test-case id="1630" name="GetDenseIndexUnchecked_MockData_CorrectIndex" fullname="GDX.Collections.Generic.SparseSetTests.GetDenseIndexUnchecked_MockData_CorrectIndex" methodname="GetDenseIndexUnchecked_MockData_CorrectIndex" classname="GDX.Collections.Generic.SparseSetTests" runstate="Runnable" seed="1668739607" result="Passed" start-time="2023-01-06 16:06:47Z" end-time="2023-01-06 16:06:47Z" duration="0.000345" asserts="0">
                <properties>
                  <property name="Category" value="GDX.Tests" />
                </properties>
                <output><![CDATA[[Code Coverage] Code Coverage results for visited sequence points were saved in D:/BuildAgent/work/GDX-Documentation/Staging/CodeCoverage/GDX_Development-opencov/EditMode/TestCoverageResults_0122.xml
]]></output>
              </test-case>
              <test-case id="1633" name="GetDenseIndexWithBoundsAndVersionCheck_MockData_CorrectIndexAndHandlesInvalidIndex" fullname="GDX.Collections.Generic.SparseSetTests.GetDenseIndexWithBoundsAndVersionCheck_MockData_CorrectIndexAndHandlesInvalidIndex" methodname="GetDenseIndexWithBoundsAndVersionCheck_MockData_CorrectIndexAndHandlesInvalidIndex" classname="GDX.Collections.Generic.SparseSetTests" runstate="Runnable" seed="1571178807" result="Passed" start-time="2023-01-06 16:06:48Z" end-time="2023-01-06 16:06:48Z" duration="0.000603" asserts="0">
                <properties>
                  <property name="Category" value="GDX.Tests" />
                </properties>
                <output><![CDATA[[Code Coverage] Code Coverage results for visited sequence points were saved in D:/BuildAgent/work/GDX-Documentation/Staging/CodeCoverage/GDX_Development-opencov/EditMode/TestCoverageResults_0123.xml
]]></output>
              </test-case>
              <test-case id="1631" name="GetDenseIndexWithBoundsCheck_MockData_CorrectIndexAndHandlesInvalidIndex" fullname="GDX.Collections.Generic.SparseSetTests.GetDenseIndexWithBoundsCheck_MockData_CorrectIndexAndHandlesInvalidIndex" methodname="GetDenseIndexWithBoundsCheck_MockData_CorrectIndexAndHandlesInvalidIndex" classname="GDX.Collections.Generic.SparseSetTests" runstate="Runnable" seed="659748267" result="Passed" start-time="2023-01-06 16:06:49Z" end-time="2023-01-06 16:06:49Z" duration="0.000481" asserts="0">
                <properties>
                  <property name="Category" value="GDX.Tests" />
                </properties>
                <output><![CDATA[[Code Coverage] Code Coverage results for visited sequence points were saved in D:/BuildAgent/work/GDX-Documentation/Staging/CodeCoverage/GDX_Development-opencov/EditMode/TestCoverageResults_0124.xml
]]></output>
              </test-case>
              <test-case id="1632" name="GetDenseIndexWithVersionCheck_MockData_CorrectIndexAndHandlesVersion" fullname="GDX.Collections.Generic.SparseSetTests.GetDenseIndexWithVersionCheck_MockData_CorrectIndexAndHandlesVersion" methodname="GetDenseIndexWithVersionCheck_MockData_CorrectIndexAndHandlesVersion" classname="GDX.Collections.Generic.SparseSetTests" runstate="Runnable" seed="1292030744" result="Passed" start-time="2023-01-06 16:06:50Z" end-time="2023-01-06 16:06:50Z" duration="0.000515" asserts="0">
                <properties>
                  <property name="Category" value="GDX.Tests" />
                </properties>
                <output><![CDATA[[Code Coverage] Code Coverage results for visited sequence points were saved in D:/BuildAgent/work/GDX-Documentation/Staging/CodeCoverage/GDX_Development-opencov/EditMode/TestCoverageResults_0125.xml
]]></output>
              </test-case>
              <test-case id="1639" name="RemoveUnchecked_MockData_ValidIndexRemoved" fullname="GDX.Collections.Generic.SparseSetTests.RemoveUnchecked_MockData_ValidIndexRemoved" methodname="RemoveUnchecked_MockData_ValidIndexRemoved" classname="GDX.Collections.Generic.SparseSetTests" runstate="Runnable" seed="412538934" result="Passed" start-time="2023-01-06 16:06:51Z" end-time="2023-01-06 16:06:51Z" duration="0.000389" asserts="0">
                <properties>
                  <property name="Category" value="GDX.Tests" />
                </properties>
                <output><![CDATA[[Code Coverage] Code Coverage results for visited sequence points were saved in D:/BuildAgent/work/GDX-Documentation/Staging/CodeCoverage/GDX_Development-opencov/EditMode/TestCoverageResults_0126.xml
]]></output>
              </test-case>
              <test-case id="1667" name="RemoveUnchecked_MockDataGeneric0_Removed" fullname="GDX.Collections.Generic.SparseSetTests.RemoveUnchecked_MockDataGeneric0_Removed" methodname="RemoveUnchecked_MockDataGeneric0_Removed" classname="GDX.Collections.Generic.SparseSetTests" runstate="Runnable" seed="981675585" result="Passed" start-time="2023-01-06 16:06:52Z" end-time="2023-01-06 16:06:52Z" duration="0.000436" asserts="0">
                <properties>
                  <property name="Category" value="GDX.Tests" />
                </properties>
                <output><![CDATA[[Code Coverage] Code Coverage results for visited sequence points were saved in D:/BuildAgent/work/GDX-Documentation/Staging/CodeCoverage/GDX_Development-opencov/EditMode/TestCoverageResults_0127.xml
]]></output>
              </test-case>
              <test-case id="1668" name="RemoveUnchecked_MockDataGeneric1_Removed" fullname="GDX.Collections.Generic.SparseSetTests.RemoveUnchecked_MockDataGeneric1_Removed" methodname="RemoveUnchecked_MockDataGeneric1_Removed" classname="GDX.Collections.Generic.SparseSetTests" runstate="Runnable" seed="1589122253" result="Passed" start-time="2023-01-06 16:06:53Z" end-time="2023-01-06 16:06:53Z" duration="0.000490" asserts="0">
                <properties>
                  <property name="Category" value="GDX.Tests" />
                </properties>
                <output><![CDATA[[Code Coverage] Code Coverage results for visited sequence points were saved in D:/BuildAgent/work/GDX-Documentation/Staging/CodeCoverage/GDX_Development-opencov/EditMode/TestCoverageResults_0128.xml
]]></output>
              </test-case>
              <test-case id="1669" name="RemoveUnchecked_MockDataGeneric2_Removed" fullname="GDX.Collections.Generic.SparseSetTests.RemoveUnchecked_MockDataGeneric2_Removed" methodname="RemoveUnchecked_MockDataGeneric2_Removed" classname="GDX.Collections.Generic.SparseSetTests" runstate="Runnable" seed="902678689" result="Passed" start-time="2023-01-06 16:06:54Z" end-time="2023-01-06 16:06:54Z" duration="0.000476" asserts="0">
                <properties>
                  <property name="Category" value="GDX.Tests" />
                </properties>
                <output><![CDATA[[Code Coverage] Code Coverage results for visited sequence points were saved in D:/BuildAgent/work/GDX-Documentation/Staging/CodeCoverage/GDX_Development-opencov/EditMode/TestCoverageResults_0129.xml
]]></output>
              </test-case>
              <test-case id="1670" name="RemoveUnchecked_MockDataGeneric3_Removed" fullname="GDX.Collections.Generic.SparseSetTests.RemoveUnchecked_MockDataGeneric3_Removed" methodname="RemoveUnchecked_MockDataGeneric3_Removed" classname="GDX.Collections.Generic.SparseSetTests" runstate="Runnable" seed="1125066861" result="Passed" start-time="2023-01-06 16:06:55Z" end-time="2023-01-06 16:06:55Z" duration="0.000510" asserts="0">
                <properties>
                  <property name="Category" value="GDX.Tests" />
                </properties>
                <output><![CDATA[[Code Coverage] Code Coverage results for visited sequence points were saved in D:/BuildAgent/work/GDX-Documentation/Staging/CodeCoverage/GDX_Development-opencov/EditMode/TestCoverageResults_0130.xml
]]></output>
              </test-case>
              <test-case id="1671" name="RemoveUnchecked_MockDataGeneric4_Removed" fullname="GDX.Collections.Generic.SparseSetTests.RemoveUnchecked_MockDataGeneric4_Removed" methodname="RemoveUnchecked_MockDataGeneric4_Removed" classname="GDX.Collections.Generic.SparseSetTests" runstate="Runnable" seed="1664539026" result="Passed" start-time="2023-01-06 16:06:56Z" end-time="2023-01-06 16:06:56Z" duration="0.000514" asserts="0">
                <properties>
                  <property name="Category" value="GDX.Tests" />
                </properties>
                <output><![CDATA[[Code Coverage] Code Coverage results for visited sequence points were saved in D:/BuildAgent/work/GDX-Documentation/Staging/CodeCoverage/GDX_Development-opencov/EditMode/TestCoverageResults_0131.xml
]]></output>
              </test-case>
              <test-case id="1672" name="RemoveUnchecked_MockDataGeneric5_Removed" fullname="GDX.Collections.Generic.SparseSetTests.RemoveUnchecked_MockDataGeneric5_Removed" methodname="RemoveUnchecked_MockDataGeneric5_Removed" classname="GDX.Collections.Generic.SparseSetTests" runstate="Runnable" seed="73097852" result="Passed" start-time="2023-01-06 16:06:57Z" end-time="2023-01-06 16:06:57Z" duration="0.000534" asserts="0">
                <properties>
                  <property name="Category" value="GDX.Tests" />
                </properties>
                <output><![CDATA[[Code Coverage] Code Coverage results for visited sequence points were saved in D:/BuildAgent/work/GDX-Documentation/Staging/CodeCoverage/GDX_Development-opencov/EditMode/TestCoverageResults_0132.xml
]]></output>
              </test-case>
              <test-case id="1673" name="RemoveUnchecked_MockDataGeneric6_Removed" fullname="GDX.Collections.Generic.SparseSetTests.RemoveUnchecked_MockDataGeneric6_Removed" methodname="RemoveUnchecked_MockDataGeneric6_Removed" classname="GDX.Collections.Generic.SparseSetTests" runstate="Runnable" seed="1649003951" result="Passed" start-time="2023-01-06 16:06:58Z" end-time="2023-01-06 16:06:58Z" duration="0.000627" asserts="0">
                <properties>
                  <property name="Category" value="GDX.Tests" />
                </properties>
                <output><![CDATA[[Code Coverage] Code Coverage results for visited sequence points were saved in D:/BuildAgent/work/GDX-Documentation/Staging/CodeCoverage/GDX_Development-opencov/EditMode/TestCoverageResults_0133.xml
]]></output>
              </test-case>
              <test-case id="1674" name="RemoveUnchecked_MockDataGeneric7_Removed" fullname="GDX.Collections.Generic.SparseSetTests.RemoveUnchecked_MockDataGeneric7_Removed" methodname="RemoveUnchecked_MockDataGeneric7_Removed" classname="GDX.Collections.Generic.SparseSetTests" runstate="Runnable" seed="1139832197" result="Passed" start-time="2023-01-06 16:06:59Z" end-time="2023-01-06 16:06:59Z" duration="0.000610" asserts="0">
                <properties>
                  <property name="Category" value="GDX.Tests" />
                </properties>
                <output><![CDATA[[Code Coverage] Code Coverage results for visited sequence points were saved in D:/BuildAgent/work/GDX-Documentation/Staging/CodeCoverage/GDX_Development-opencov/EditMode/TestCoverageResults_0134.xml
]]></output>
              </test-case>
              <test-case id="1638" name="RemoveUnchecked_MockDataWithIndices_ValidIndexRemoved" fullname="GDX.Collections.Generic.SparseSetTests.RemoveUnchecked_MockDataWithIndices_ValidIndexRemoved" methodname="RemoveUnchecked_MockDataWithIndices_ValidIndexRemoved" classname="GDX.Collections.Generic.SparseSetTests" runstate="Runnable" seed="1093619867" result="Passed" start-time="2023-01-06 16:07:00Z" end-time="2023-01-06 16:07:00Z" duration="0.000417" asserts="0">
                <properties>
                  <property name="Category" value="GDX.Tests" />
                </properties>
                <output><![CDATA[[Code Coverage] Code Coverage results for visited sequence points were saved in D:/BuildAgent/work/GDX-Documentation/Staging/CodeCoverage/GDX_Development-opencov/EditMode/TestCoverageResults_0135.xml
]]></output>
              </test-case>
              <test-case id="1637" name="RemoveUnchecked_MockDataWithIndicesAndVersionArray_ValidIndexRemoved" fullname="GDX.Collections.Generic.SparseSetTests.RemoveUnchecked_MockDataWithIndicesAndVersionArray_ValidIndexRemoved" methodname="RemoveUnchecked_MockDataWithIndicesAndVersionArray_ValidIndexRemoved" classname="GDX.Collections.Generic.SparseSetTests" runstate="Runnable" seed="149432501" result="Passed" start-time="2023-01-06 16:07:01Z" end-time="2023-01-06 16:07:01Z" duration="0.000355" asserts="0">
                <properties>
                  <property name="Category" value="GDX.Tests" />
                </properties>
                <output><![CDATA[[Code Coverage] Code Coverage results for visited sequence points were saved in D:/BuildAgent/work/GDX-Documentation/Staging/CodeCoverage/GDX_Development-opencov/EditMode/TestCoverageResults_0136.xml
]]></output>
              </test-case>
              <test-case id="1640" name="RemoveUncheckedFromDenseIndex_MockData_ValidIndexRemoved" fullname="GDX.Collections.Generic.SparseSetTests.RemoveUncheckedFromDenseIndex_MockData_ValidIndexRemoved" methodname="RemoveUncheckedFromDenseIndex_MockData_ValidIndexRemoved" classname="GDX.Collections.Generic.SparseSetTests" runstate="Runnable" seed="2116642968" result="Passed" start-time="2023-01-06 16:07:02Z" end-time="2023-01-06 16:07:02Z" duration="0.000368" asserts="0">
                <properties>
                  <property name="Category" value="GDX.Tests" />
                </properties>
                <output><![CDATA[[Code Coverage] Code Coverage results for visited sequence points were saved in D:/BuildAgent/work/GDX-Documentation/Staging/CodeCoverage/GDX_Development-opencov/EditMode/TestCoverageResults_0137.xml
]]></output>
              </test-case>
              <test-case id="1641" name="RemoveUncheckedFromDenseIndex_MockDataWithSwapIndex_ValidIndexRemoved" fullname="GDX.Collections.Generic.SparseSetTests.RemoveUncheckedFromDenseIndex_MockDataWithSwapIndex_ValidIndexRemoved" methodname="RemoveUncheckedFromDenseIndex_MockDataWithSwapIndex_ValidIndexRemoved" classname="GDX.Collections.Generic.SparseSetTests" runstate="Runnable" seed="1574363405" result="Passed" start-time="2023-01-06 16:07:03Z" end-time="2023-01-06 16:07:03Z" duration="0.000406" asserts="0">
                <properties>
                  <property name="Category" value="GDX.Tests" />
                </properties>
                <output><![CDATA[[Code Coverage] Code Coverage results for visited sequence points were saved in D:/BuildAgent/work/GDX-Documentation/Staging/CodeCoverage/GDX_Development-opencov/EditMode/TestCoverageResults_0138.xml
]]></output>
              </test-case>
              <test-case id="1642" name="RemoveUncheckedFromDenseIndex_MockDataWithVersionArray_ValidIndexRemoved" fullname="GDX.Collections.Generic.SparseSetTests.RemoveUncheckedFromDenseIndex_MockDataWithVersionArray_ValidIndexRemoved" methodname="RemoveUncheckedFromDenseIndex_MockDataWithVersionArray_ValidIndexRemoved" classname="GDX.Collections.Generic.SparseSetTests" runstate="Runnable" seed="1394395893" result="Passed" start-time="2023-01-06 16:07:04Z" end-time="2023-01-06 16:07:04Z" duration="0.000434" asserts="0">
                <properties>
                  <property name="Category" value="GDX.Tests" />
                </properties>
                <output><![CDATA[[Code Coverage] Code Coverage results for visited sequence points were saved in D:/BuildAgent/work/GDX-Documentation/Staging/CodeCoverage/GDX_Development-opencov/EditMode/TestCoverageResults_0139.xml
]]></output>
              </test-case>
              <test-case id="1643" name="RemoveUncheckedFromDenseIndex_MockDataWithVersionArrayAndSwapIndex_ValidIndexRemoved" fullname="GDX.Collections.Generic.SparseSetTests.RemoveUncheckedFromDenseIndex_MockDataWithVersionArrayAndSwapIndex_ValidIndexRemoved" methodname="RemoveUncheckedFromDenseIndex_MockDataWithVersionArrayAndSwapIndex_ValidIndexRemoved" classname="GDX.Collections.Generic.SparseSetTests" runstate="Runnable" seed="1114536661" result="Passed" start-time="2023-01-06 16:07:05Z" end-time="2023-01-06 16:07:05Z" duration="0.000426" asserts="0">
                <properties>
                  <property name="Category" value="GDX.Tests" />
                </properties>
                <output><![CDATA[[Code Coverage] Code Coverage results for visited sequence points were saved in D:/BuildAgent/work/GDX-Documentation/Staging/CodeCoverage/GDX_Development-opencov/EditMode/TestCoverageResults_0140.xml
]]></output>
              </test-case>
              <test-case id="1636" name="RemoveWithBoundsAndVersionChecks_MockData_ValidIndexRemovedInvalidIndicesNotRemoved" fullname="GDX.Collections.Generic.SparseSetTests.RemoveWithBoundsAndVersionChecks_MockData_ValidIndexRemovedInvalidIndicesNotRemoved" methodname="RemoveWithBoundsAndVersionChecks_MockData_ValidIndexRemovedInvalidIndicesNotRemoved" classname="GDX.Collections.Generic.SparseSetTests" runstate="Runnable" seed="475519378" result="Passed" start-time="2023-01-06 16:07:06Z" end-time="2023-01-06 16:07:06Z" duration="0.000611" asserts="0">
                <properties>
                  <property name="Category" value="GDX.Tests" />
                </properties>
                <output><![CDATA[[Code Coverage] Code Coverage results for visited sequence points were saved in D:/BuildAgent/work/GDX-Documentation/Staging/CodeCoverage/GDX_Development-opencov/EditMode/TestCoverageResults_0141.xml
]]></output>
              </test-case>
              <test-case id="1634" name="RemoveWithBoundsCheck_MockData_ValidIndexRemovedInvalidIndicesNotRemoved" fullname="GDX.Collections.Generic.SparseSetTests.RemoveWithBoundsCheck_MockData_ValidIndexRemovedInvalidIndicesNotRemoved" methodname="RemoveWithBoundsCheck_MockData_ValidIndexRemovedInvalidIndicesNotRemoved" classname="GDX.Collections.Generic.SparseSetTests" runstate="Runnable" seed="1124314625" result="Passed" start-time="2023-01-06 16:07:07Z" end-time="2023-01-06 16:07:07Z" duration="0.000539" asserts="0">
                <properties>
                  <property name="Category" value="GDX.Tests" />
                </properties>
                <output><![CDATA[[Code Coverage] Code Coverage results for visited sequence points were saved in D:/BuildAgent/work/GDX-Documentation/Staging/CodeCoverage/GDX_Development-opencov/EditMode/TestCoverageResults_0142.xml
]]></output>
              </test-case>
              <test-case id="1635" name="RemoveWithVersionCheck_MockData_ValidIndexRemovedInvalidIndicesNotRemoved" fullname="GDX.Collections.Generic.SparseSetTests.RemoveWithVersionCheck_MockData_ValidIndexRemovedInvalidIndicesNotRemoved" methodname="RemoveWithVersionCheck_MockData_ValidIndexRemovedInvalidIndicesNotRemoved" classname="GDX.Collections.Generic.SparseSetTests" runstate="Runnable" seed="2012920910" result="Passed" start-time="2023-01-06 16:07:08Z" end-time="2023-01-06 16:07:08Z" duration="0.000463" asserts="0">
                <properties>
                  <property name="Category" value="GDX.Tests" />
                </properties>
                <output><![CDATA[[Code Coverage] Code Coverage results for visited sequence points were saved in D:/BuildAgent/work/GDX-Documentation/Staging/CodeCoverage/GDX_Development-opencov/EditMode/TestCoverageResults_0143.xml
]]></output>
              </test-case>
              <test-case id="1649" name="Reserve_MockData_Expanded" fullname="GDX.Collections.Generic.SparseSetTests.Reserve_MockData_Expanded" methodname="Reserve_MockData_Expanded" classname="GDX.Collections.Generic.SparseSetTests" runstate="Runnable" seed="977509590" result="Passed" start-time="2023-01-06 16:07:09Z" end-time="2023-01-06 16:07:09Z" duration="0.000426" asserts="0">
                <properties>
                  <property name="Category" value="GDX.Tests" />
                </properties>
                <output><![CDATA[[Code Coverage] Code Coverage results for visited sequence points were saved in D:/BuildAgent/work/GDX-Documentation/Staging/CodeCoverage/GDX_Development-opencov/EditMode/TestCoverageResults_0144.xml
]]></output>
              </test-case>
              <test-case id="1650" name="Reserve_MockDataWithVersionArray_Expanded" fullname="GDX.Collections.Generic.SparseSetTests.Reserve_MockDataWithVersionArray_Expanded" methodname="Reserve_MockDataWithVersionArray_Expanded" classname="GDX.Collections.Generic.SparseSetTests" runstate="Runnable" seed="1812264080" result="Passed" start-time="2023-01-06 16:07:10Z" end-time="2023-01-06 16:07:10Z" duration="0.000346" asserts="0">
                <properties>
                  <property name="Category" value="GDX.Tests" />
                </properties>
                <output><![CDATA[[Code Coverage] Code Coverage results for visited sequence points were saved in D:/BuildAgent/work/GDX-Documentation/Staging/CodeCoverage/GDX_Development-opencov/EditMode/TestCoverageResults_0145.xml
]]></output>
              </test-case>
            </test-suite>
            <test-suite type="TestFixture" id="1675" name="StringKeyDictionaryTests" fullname="GDX.Collections.Generic.StringKeyDictionaryTests" classname="GDX.Collections.Generic.StringKeyDictionaryTests" runstate="Runnable" testcasecount="27" result="Passed" start-time="2023-01-06 16:07:11Z" end-time="2023-01-06 16:07:38Z" duration="27.157680" total="27" passed="27" failed="0" inconclusive="0" skipped="0" asserts="0">
              <properties />
              <test-case id="1685" name="AddSafe_CheckEntriesMaintainConnection" fullname="GDX.Collections.Generic.StringKeyDictionaryTests.AddSafe_CheckEntriesMaintainConnection" methodname="AddSafe_CheckEntriesMaintainConnection" classname="GDX.Collections.Generic.StringKeyDictionaryTests" runstate="Runnable" seed="1957537879" result="Passed" start-time="2023-01-06 16:07:11Z" end-time="2023-01-06 16:07:11Z" duration="0.001196" asserts="0">
                <properties>
                  <property name="Category" value="GDX.Tests" />
                </properties>
                <output><![CDATA[[Code Coverage] Code Coverage results for visited sequence points were saved in D:/BuildAgent/work/GDX-Documentation/Staging/CodeCoverage/GDX_Development-opencov/EditMode/TestCoverageResults_0146.xml
]]></output>
              </test-case>
              <test-case id="1679" name="AddSafe_CheckExists" fullname="GDX.Collections.Generic.StringKeyDictionaryTests.AddSafe_CheckExists" methodname="AddSafe_CheckExists" classname="GDX.Collections.Generic.StringKeyDictionaryTests" runstate="Runnable" seed="216459992" result="Passed" start-time="2023-01-06 16:07:12Z" end-time="2023-01-06 16:07:12Z" duration="0.000448" asserts="0">
                <properties>
                  <property name="Category" value="GDX.Tests" />
                </properties>
                <output><![CDATA[[Code Coverage] Code Coverage results for visited sequence points were saved in D:/BuildAgent/work/GDX-Documentation/Staging/CodeCoverage/GDX_Development-opencov/EditMode/TestCoverageResults_0147.xml
]]></output>
              </test-case>
              <test-case id="1684" name="AddSafe_CheckExpanded" fullname="GDX.Collections.Generic.StringKeyDictionaryTests.AddSafe_CheckExpanded" methodname="AddSafe_CheckExpanded" classname="GDX.Collections.Generic.StringKeyDictionaryTests" runstate="Runnable" seed="2098586757" result="Passed" start-time="2023-01-06 16:07:13Z" end-time="2023-01-06 16:07:13Z" duration="0.000392" asserts="0">
                <properties>
                  <property name="Category" value="GDX.Tests" />
                </properties>
                <output><![CDATA[[Code Coverage] Code Coverage results for visited sequence points were saved in D:/BuildAgent/work/GDX-Documentation/Staging/CodeCoverage/GDX_Development-opencov/EditMode/TestCoverageResults_0148.xml
]]></output>
              </test-case>
              <test-case id="1696" name="AddTwoCollidingEntries_CheckAccess" fullname="GDX.Collections.Generic.StringKeyDictionaryTests.AddTwoCollidingEntries_CheckAccess" methodname="AddTwoCollidingEntries_CheckAccess" classname="GDX.Collections.Generic.StringKeyDictionaryTests" runstate="Runnable" seed="937218605" result="Passed" start-time="2023-01-06 16:07:14Z" end-time="2023-01-06 16:07:14Z" duration="0.000652" asserts="0">
                <properties>
                  <property name="Category" value="GDX.Tests" />
                </properties>
                <output><![CDATA[[Code Coverage] Code Coverage results for visited sequence points were saved in D:/BuildAgent/work/GDX-Documentation/Staging/CodeCoverage/GDX_Development-opencov/EditMode/TestCoverageResults_0149.xml
]]></output>
              </test-case>
              <test-case id="1697" name="AddTwoCollidingEntries_RemoveFirst_CheckSecondExists" fullname="GDX.Collections.Generic.StringKeyDictionaryTests.AddTwoCollidingEntries_RemoveFirst_CheckSecondExists" methodname="AddTwoCollidingEntries_RemoveFirst_CheckSecondExists" classname="GDX.Collections.Generic.StringKeyDictionaryTests" runstate="Runnable" seed="1387412191" result="Passed" start-time="2023-01-06 16:07:15Z" end-time="2023-01-06 16:07:15Z" duration="0.000701" asserts="0">
                <properties>
                  <property name="Category" value="GDX.Tests" />
                </properties>
                <output><![CDATA[[Code Coverage] Code Coverage results for visited sequence points were saved in D:/BuildAgent/work/GDX-Documentation/Staging/CodeCoverage/GDX_Development-opencov/EditMode/TestCoverageResults_0150.xml
]]></output>
              </test-case>
              <test-case id="1698" name="AddTwoCollidingEntries_RemoveSecond_CheckFirstExists" fullname="GDX.Collections.Generic.StringKeyDictionaryTests.AddTwoCollidingEntries_RemoveSecond_CheckFirstExists" methodname="AddTwoCollidingEntries_RemoveSecond_CheckFirstExists" classname="GDX.Collections.Generic.StringKeyDictionaryTests" runstate="Runnable" seed="1053250914" result="Passed" start-time="2023-01-06 16:07:16Z" end-time="2023-01-06 16:07:16Z" duration="0.000338" asserts="0">
                <properties>
                  <property name="Category" value="GDX.Tests" />
                </properties>
                <output><![CDATA[[Code Coverage] Code Coverage results for visited sequence points were saved in D:/BuildAgent/work/GDX-Documentation/Staging/CodeCoverage/GDX_Development-opencov/EditMode/TestCoverageResults_0151.xml
]]></output>
              </test-case>
              <test-case id="1689" name="AddUnchecked_CheckExists" fullname="GDX.Collections.Generic.StringKeyDictionaryTests.AddUnchecked_CheckExists" methodname="AddUnchecked_CheckExists" classname="GDX.Collections.Generic.StringKeyDictionaryTests" runstate="Runnable" seed="914963938" result="Passed" start-time="2023-01-06 16:07:17Z" end-time="2023-01-06 16:07:17Z" duration="0.000301" asserts="0">
                <properties>
                  <property name="Category" value="GDX.Tests" />
                </properties>
                <output><![CDATA[[Code Coverage] Code Coverage results for visited sequence points were saved in D:/BuildAgent/work/GDX-Documentation/Staging/CodeCoverage/GDX_Development-opencov/EditMode/TestCoverageResults_0152.xml
]]></output>
              </test-case>
              <test-case id="1683" name="AddWithExpandCheck_CheckEntriesMaintainConnection" fullname="GDX.Collections.Generic.StringKeyDictionaryTests.AddWithExpandCheck_CheckEntriesMaintainConnection" methodname="AddWithExpandCheck_CheckEntriesMaintainConnection" classname="GDX.Collections.Generic.StringKeyDictionaryTests" runstate="Runnable" seed="93446988" result="Passed" start-time="2023-01-06 16:07:18Z" end-time="2023-01-06 16:07:18Z" duration="0.000611" asserts="0">
                <properties>
                  <property name="Category" value="GDX.Tests" />
                </properties>
                <output><![CDATA[[Code Coverage] Code Coverage results for visited sequence points were saved in D:/BuildAgent/work/GDX-Documentation/Staging/CodeCoverage/GDX_Development-opencov/EditMode/TestCoverageResults_0153.xml
]]></output>
              </test-case>
              <test-case id="1681" name="AddWithExpandCheck_CheckExists" fullname="GDX.Collections.Generic.StringKeyDictionaryTests.AddWithExpandCheck_CheckExists" methodname="AddWithExpandCheck_CheckExists" classname="GDX.Collections.Generic.StringKeyDictionaryTests" runstate="Runnable" seed="1692926566" result="Passed" start-time="2023-01-06 16:07:19Z" end-time="2023-01-06 16:07:19Z" duration="0.000300" asserts="0">
                <properties>
                  <property name="Category" value="GDX.Tests" />
                </properties>
                <output><![CDATA[[Code Coverage] Code Coverage results for visited sequence points were saved in D:/BuildAgent/work/GDX-Documentation/Staging/CodeCoverage/GDX_Development-opencov/EditMode/TestCoverageResults_0154.xml
]]></output>
              </test-case>
              <test-case id="1682" name="AddWithExpandCheck_CheckExpanded" fullname="GDX.Collections.Generic.StringKeyDictionaryTests.AddWithExpandCheck_CheckExpanded" methodname="AddWithExpandCheck_CheckExpanded" classname="GDX.Collections.Generic.StringKeyDictionaryTests" runstate="Runnable" seed="175807181" result="Passed" start-time="2023-01-06 16:07:20Z" end-time="2023-01-06 16:07:20Z" duration="0.000386" asserts="0">
                <properties>
                  <property name="Category" value="GDX.Tests" />
                </properties>
                <output><![CDATA[[Code Coverage] Code Coverage results for visited sequence points were saved in D:/BuildAgent/work/GDX-Documentation/Staging/CodeCoverage/GDX_Development-opencov/EditMode/TestCoverageResults_0155.xml
]]></output>
              </test-case>
              <test-case id="1687" name="AddWithIndexer_CheckEntriesMaintainConnection" fullname="GDX.Collections.Generic.StringKeyDictionaryTests.AddWithIndexer_CheckEntriesMaintainConnection" methodname="AddWithIndexer_CheckEntriesMaintainConnection" classname="GDX.Collections.Generic.StringKeyDictionaryTests" runstate="Runnable" seed="309988108" result="Passed" start-time="2023-01-06 16:07:21Z" end-time="2023-01-06 16:07:21Z" duration="0.000640" asserts="0">
                <properties>
                  <property name="Category" value="GDX.Tests" />
                </properties>
                <output><![CDATA[[Code Coverage] Code Coverage results for visited sequence points were saved in D:/BuildAgent/work/GDX-Documentation/Staging/CodeCoverage/GDX_Development-opencov/EditMode/TestCoverageResults_0156.xml
]]></output>
              </test-case>
              <test-case id="1686" name="AddWithIndexer_CheckExpanded" fullname="GDX.Collections.Generic.StringKeyDictionaryTests.AddWithIndexer_CheckExpanded" methodname="AddWithIndexer_CheckExpanded" classname="GDX.Collections.Generic.StringKeyDictionaryTests" runstate="Runnable" seed="298780094" result="Passed" start-time="2023-01-06 16:07:22Z" end-time="2023-01-06 16:07:22Z" duration="0.000368" asserts="0">
                <properties>
                  <property name="Category" value="GDX.Tests" />
                </properties>
                <output><![CDATA[[Code Coverage] Code Coverage results for visited sequence points were saved in D:/BuildAgent/work/GDX-Documentation/Staging/CodeCoverage/GDX_Development-opencov/EditMode/TestCoverageResults_0157.xml
]]></output>
              </test-case>
              <test-case id="1688" name="AddWithUniqueCheck_CheckExists" fullname="GDX.Collections.Generic.StringKeyDictionaryTests.AddWithUniqueCheck_CheckExists" methodname="AddWithUniqueCheck_CheckExists" classname="GDX.Collections.Generic.StringKeyDictionaryTests" runstate="Runnable" seed="194692116" result="Passed" start-time="2023-01-06 16:07:23Z" end-time="2023-01-06 16:07:23Z" duration="0.000545" asserts="0">
                <properties>
                  <property name="Category" value="GDX.Tests" />
                </properties>
                <output><![CDATA[[Code Coverage] Code Coverage results for visited sequence points were saved in D:/BuildAgent/work/GDX-Documentation/Staging/CodeCoverage/GDX_Development-opencov/EditMode/TestCoverageResults_0158.xml
]]></output>
              </test-case>
              <test-case id="1692" name="AddWithUniqueCheckTwice_CheckAddedOnlyOnce" fullname="GDX.Collections.Generic.StringKeyDictionaryTests.AddWithUniqueCheckTwice_CheckAddedOnlyOnce" methodname="AddWithUniqueCheckTwice_CheckAddedOnlyOnce" classname="GDX.Collections.Generic.StringKeyDictionaryTests" runstate="Runnable" seed="613239295" result="Passed" start-time="2023-01-06 16:07:24Z" end-time="2023-01-06 16:07:24Z" duration="0.000438" asserts="0">
                <properties>
                  <property name="Category" value="GDX.Tests" />
                </properties>
                <output><![CDATA[[Code Coverage] Code Coverage results for visited sequence points were saved in D:/BuildAgent/work/GDX-Documentation/Staging/CodeCoverage/GDX_Development-opencov/EditMode/TestCoverageResults_0159.xml
]]></output>
              </test-case>
              <test-case id="1678" name="Constructor_RequestBelowPrimeMinimum_PrimeCapacity" fullname="GDX.Collections.Generic.StringKeyDictionaryTests.Constructor_RequestBelowPrimeMinimum_PrimeCapacity" methodname="Constructor_RequestBelowPrimeMinimum_PrimeCapacity" classname="GDX.Collections.Generic.StringKeyDictionaryTests" runstate="Runnable" seed="405596794" result="Passed" start-time="2023-01-06 16:07:25Z" end-time="2023-01-06 16:07:25Z" duration="0.000298" asserts="0">
                <properties>
                  <property name="Category" value="GDX.Tests" />
                </properties>
                <output><![CDATA[[Code Coverage] Code Coverage results for visited sequence points were saved in D:/BuildAgent/work/GDX-Documentation/Staging/CodeCoverage/GDX_Development-opencov/EditMode/TestCoverageResults_0160.xml
]]></output>
              </test-case>
              <test-case id="1677" name="Constructor_RequestPrimeMinimum_PrimeCapacity" fullname="GDX.Collections.Generic.StringKeyDictionaryTests.Constructor_RequestPrimeMinimum_PrimeCapacity" methodname="Constructor_RequestPrimeMinimum_PrimeCapacity" classname="GDX.Collections.Generic.StringKeyDictionaryTests" runstate="Runnable" seed="1012176503" result="Passed" start-time="2023-01-06 16:07:26Z" end-time="2023-01-06 16:07:26Z" duration="0.000292" asserts="0">
                <properties>
                  <property name="Category" value="GDX.Tests" />
                </properties>
                <output><![CDATA[[Code Coverage] Code Coverage results for visited sequence points were saved in D:/BuildAgent/work/GDX-Documentation/Staging/CodeCoverage/GDX_Development-opencov/EditMode/TestCoverageResults_0161.xml
]]></output>
              </test-case>
              <test-case id="1676" name="Constructor_RequestZeroMinimum_PrimeCapacity" fullname="GDX.Collections.Generic.StringKeyDictionaryTests.Constructor_RequestZeroMinimum_PrimeCapacity" methodname="Constructor_RequestZeroMinimum_PrimeCapacity" classname="GDX.Collections.Generic.StringKeyDictionaryTests" runstate="Runnable" seed="348898919" result="Passed" start-time="2023-01-06 16:07:27Z" end-time="2023-01-06 16:07:27Z" duration="0.000311" asserts="0">
                <properties>
                  <property name="Category" value="GDX.Tests" />
                </properties>
                <output><![CDATA[[Code Coverage] Code Coverage results for visited sequence points were saved in D:/BuildAgent/work/GDX-Documentation/Staging/CodeCoverage/GDX_Development-opencov/EditMode/TestCoverageResults_0162.xml
]]></output>
              </test-case>
              <test-case id="1680" name="IndexerAdd_CheckExists" fullname="GDX.Collections.Generic.StringKeyDictionaryTests.IndexerAdd_CheckExists" methodname="IndexerAdd_CheckExists" classname="GDX.Collections.Generic.StringKeyDictionaryTests" runstate="Runnable" seed="1818467825" result="Passed" start-time="2023-01-06 16:07:28Z" end-time="2023-01-06 16:07:28Z" duration="0.000307" asserts="0">
                <properties>
                  <property name="Category" value="GDX.Tests" />
                </properties>
                <output><![CDATA[[Code Coverage] Code Coverage results for visited sequence points were saved in D:/BuildAgent/work/GDX-Documentation/Staging/CodeCoverage/GDX_Development-opencov/EditMode/TestCoverageResults_0163.xml
]]></output>
              </test-case>
              <test-case id="1694" name="IndexOf_CheckCorrectIndex" fullname="GDX.Collections.Generic.StringKeyDictionaryTests.IndexOf_CheckCorrectIndex" methodname="IndexOf_CheckCorrectIndex" classname="GDX.Collections.Generic.StringKeyDictionaryTests" runstate="Runnable" seed="201523925" result="Passed" start-time="2023-01-06 16:07:29Z" end-time="2023-01-06 16:07:29Z" duration="0.000653" asserts="0">
                <properties>
                  <property name="Category" value="GDX.Tests" />
                </properties>
                <output><![CDATA[[Code Coverage] Code Coverage results for visited sequence points were saved in D:/BuildAgent/work/GDX-Documentation/Staging/CodeCoverage/GDX_Development-opencov/EditMode/TestCoverageResults_0164.xml
]]></output>
              </test-case>
              <test-case id="1695" name="IndexOf_CheckEntryDoesNotExist" fullname="GDX.Collections.Generic.StringKeyDictionaryTests.IndexOf_CheckEntryDoesNotExist" methodname="IndexOf_CheckEntryDoesNotExist" classname="GDX.Collections.Generic.StringKeyDictionaryTests" runstate="Runnable" seed="2037223037" result="Passed" start-time="2023-01-06 16:07:30Z" end-time="2023-01-06 16:07:30Z" duration="0.000287" asserts="0">
                <properties>
                  <property name="Category" value="GDX.Tests" />
                </properties>
                <output><![CDATA[[Code Coverage] Code Coverage results for visited sequence points were saved in D:/BuildAgent/work/GDX-Documentation/Staging/CodeCoverage/GDX_Development-opencov/EditMode/TestCoverageResults_0165.xml
]]></output>
              </test-case>
              <test-case id="1699" name="MoveNext_FindAllEntries" fullname="GDX.Collections.Generic.StringKeyDictionaryTests.MoveNext_FindAllEntries" methodname="MoveNext_FindAllEntries" classname="GDX.Collections.Generic.StringKeyDictionaryTests" runstate="Runnable" seed="1989626496" result="Passed" start-time="2023-01-06 16:07:31Z" end-time="2023-01-06 16:07:31Z" duration="0.000474" asserts="0">
                <properties>
                  <property name="Category" value="GDX.Tests" />
                </properties>
                <output><![CDATA[[Code Coverage] Code Coverage results for visited sequence points were saved in D:/BuildAgent/work/GDX-Documentation/Staging/CodeCoverage/GDX_Development-opencov/EditMode/TestCoverageResults_0166.xml
]]></output>
              </test-case>
              <test-case id="1701" name="MoveNextWithVersion_CheckEarlyOutFromInvalidation" fullname="GDX.Collections.Generic.StringKeyDictionaryTests.MoveNextWithVersion_CheckEarlyOutFromInvalidation" methodname="MoveNextWithVersion_CheckEarlyOutFromInvalidation" classname="GDX.Collections.Generic.StringKeyDictionaryTests" runstate="Runnable" seed="773010419" result="Passed" start-time="2023-01-06 16:07:32Z" end-time="2023-01-06 16:07:32Z" duration="0.000623" asserts="0">
                <properties>
                  <property name="Category" value="GDX.Tests" />
                </properties>
                <output><![CDATA[[Code Coverage] Code Coverage results for visited sequence points were saved in D:/BuildAgent/work/GDX-Documentation/Staging/CodeCoverage/GDX_Development-opencov/EditMode/TestCoverageResults_0167.xml
]]></output>
              </test-case>
              <test-case id="1700" name="MoveNextWithVersion_FindAllEntries" fullname="GDX.Collections.Generic.StringKeyDictionaryTests.MoveNextWithVersion_FindAllEntries" methodname="MoveNextWithVersion_FindAllEntries" classname="GDX.Collections.Generic.StringKeyDictionaryTests" runstate="Runnable" seed="1413334673" result="Passed" start-time="2023-01-06 16:07:33Z" end-time="2023-01-06 16:07:33Z" duration="0.000414" asserts="0">
                <properties>
                  <property name="Category" value="GDX.Tests" />
                </properties>
                <output><![CDATA[[Code Coverage] Code Coverage results for visited sequence points were saved in D:/BuildAgent/work/GDX-Documentation/Staging/CodeCoverage/GDX_Development-opencov/EditMode/TestCoverageResults_0168.xml
]]></output>
              </test-case>
              <test-case id="1693" name="Reserve_CheckExpandedCapacity" fullname="GDX.Collections.Generic.StringKeyDictionaryTests.Reserve_CheckExpandedCapacity" methodname="Reserve_CheckExpandedCapacity" classname="GDX.Collections.Generic.StringKeyDictionaryTests" runstate="Runnable" seed="1639220382" result="Passed" start-time="2023-01-06 16:07:34Z" end-time="2023-01-06 16:07:34Z" duration="0.000519" asserts="0">
                <properties>
                  <property name="Category" value="GDX.Tests" />
                </properties>
                <output><![CDATA[[Code Coverage] Code Coverage results for visited sequence points were saved in D:/BuildAgent/work/GDX-Documentation/Staging/CodeCoverage/GDX_Development-opencov/EditMode/TestCoverageResults_0169.xml
]]></output>
              </test-case>
              <test-case id="1702" name="TryGetValue" fullname="GDX.Collections.Generic.StringKeyDictionaryTests.TryGetValue" methodname="TryGetValue" classname="GDX.Collections.Generic.StringKeyDictionaryTests" runstate="Runnable" seed="1992306805" result="Passed" start-time="2023-01-06 16:07:35Z" end-time="2023-01-06 16:07:35Z" duration="0.000840" asserts="0">
                <properties>
                  <property name="Category" value="GDX.Tests" />
                </properties>
                <output><![CDATA[[Code Coverage] Code Coverage results for visited sequence points were saved in D:/BuildAgent/work/GDX-Documentation/Staging/CodeCoverage/GDX_Development-opencov/EditMode/TestCoverageResults_0170.xml
]]></output>
              </test-case>
              <test-case id="1690" name="TryRemove_CheckActuallyRemoved" fullname="GDX.Collections.Generic.StringKeyDictionaryTests.TryRemove_CheckActuallyRemoved" methodname="TryRemove_CheckActuallyRemoved" classname="GDX.Collections.Generic.StringKeyDictionaryTests" runstate="Runnable" seed="1390714226" result="Passed" start-time="2023-01-06 16:07:36Z" end-time="2023-01-06 16:07:36Z" duration="0.000408" asserts="0">
                <properties>
                  <property name="Category" value="GDX.Tests" />
                </properties>
                <output><![CDATA[[Code Coverage] Code Coverage results for visited sequence points were saved in D:/BuildAgent/work/GDX-Documentation/Staging/CodeCoverage/GDX_Development-opencov/EditMode/TestCoverageResults_0171.xml
]]></output>
              </test-case>
              <test-case id="1691" name="TryRemoveTwice_CheckCorrectReturnValues" fullname="GDX.Collections.Generic.StringKeyDictionaryTests.TryRemoveTwice_CheckCorrectReturnValues" methodname="TryRemoveTwice_CheckCorrectReturnValues" classname="GDX.Collections.Generic.StringKeyDictionaryTests" runstate="Runnable" seed="157545419" result="Passed" start-time="2023-01-06 16:07:37Z" end-time="2023-01-06 16:07:37Z" duration="0.000325" asserts="0">
                <properties>
                  <property name="Category" value="GDX.Tests" />
                </properties>
                <output><![CDATA[[Code Coverage] Code Coverage results for visited sequence points were saved in D:/BuildAgent/work/GDX-Documentation/Staging/CodeCoverage/GDX_Development-opencov/EditMode/TestCoverageResults_0172.xml
]]></output>
              </test-case>
            </test-suite>
            <test-suite type="TestFixture" id="1703" name="UniformArray3DTests" fullname="GDX.Collections.Generic.UniformArray3DTests" classname="GDX.Collections.Generic.UniformArray3DTests" runstate="Runnable" testcasecount="2" result="Passed" start-time="2023-01-06 16:07:38Z" end-time="2023-01-06 16:07:40Z" duration="1.968605" total="2" passed="2" failed="0" inconclusive="0" skipped="0" asserts="0">
              <properties />
              <test-case id="1704" name="Constructor_CorrectSizes" fullname="GDX.Collections.Generic.UniformArray3DTests.Constructor_CorrectSizes" methodname="Constructor_CorrectSizes" classname="GDX.Collections.Generic.UniformArray3DTests" runstate="Runnable" seed="1598268229" result="Passed" start-time="2023-01-06 16:07:38Z" end-time="2023-01-06 16:07:38Z" duration="0.000427" asserts="0">
                <properties>
                  <property name="Category" value="GDX.Tests" />
                </properties>
                <output><![CDATA[[Code Coverage] Code coverage results were not saved. Visited sequence points not found. 
Included Assemblies: GDX
Excluded Assemblies: <Not specified>
Included Paths: <Not specified>
Excluded Paths: **.Tests/**,**/BuiltInPackages/**
]]></output>
              </test-case>
              <test-case id="1705" name="GetByIndex_LastSpot_ValidEntry" fullname="GDX.Collections.Generic.UniformArray3DTests.GetByIndex_LastSpot_ValidEntry" methodname="GetByIndex_LastSpot_ValidEntry" classname="GDX.Collections.Generic.UniformArray3DTests" runstate="Runnable" seed="996485412" result="Passed" start-time="2023-01-06 16:07:39Z" end-time="2023-01-06 16:07:39Z" duration="0.000390" asserts="0">
                <properties>
                  <property name="Category" value="GDX.Tests" />
                </properties>
                <output><![CDATA[[Code Coverage] Code coverage results were not saved. Visited sequence points not found. 
Included Assemblies: GDX
Excluded Assemblies: <Not specified>
Included Paths: <Not specified>
Excluded Paths: **.Tests/**,**/BuiltInPackages/**
]]></output>
              </test-case>
            </test-suite>
            <test-suite type="TestFixture" id="1706" name="UnsafeSparseSetTests" fullname="GDX.Collections.Generic.UnsafeSparseSetTests" classname="GDX.Collections.Generic.UnsafeSparseSetTests" runstate="Runnable" testcasecount="30" result="Passed" start-time="2023-01-06 16:07:40Z" end-time="2023-01-06 16:08:11Z" duration="30.824505" total="30" passed="30" failed="0" inconclusive="0" skipped="0" asserts="0">
              <properties />
              <test-case id="1709" name="AddUnchecked_MockData_IndicesReserved" fullname="GDX.Collections.Generic.UnsafeSparseSetTests.AddUnchecked_MockData_IndicesReserved" methodname="AddUnchecked_MockData_IndicesReserved" classname="GDX.Collections.Generic.UnsafeSparseSetTests" runstate="Runnable" seed="592197420" result="Passed" start-time="2023-01-06 16:07:40Z" end-time="2023-01-06 16:07:40Z" duration="0.002606" asserts="0">
                <properties>
                  <property name="Category" value="GDX.Tests" />
                </properties>
                <output><![CDATA[[Code Coverage] Code Coverage results for visited sequence points were saved in D:/BuildAgent/work/GDX-Documentation/Staging/CodeCoverage/GDX_Development-opencov/EditMode/TestCoverageResults_0173.xml
]]></output>
              </test-case>
              <test-case id="1710" name="AddUnchecked_MockDataWithVersionArray__IndicesReserved" fullname="GDX.Collections.Generic.UnsafeSparseSetTests.AddUnchecked_MockDataWithVersionArray__IndicesReserved" methodname="AddUnchecked_MockDataWithVersionArray__IndicesReserved" classname="GDX.Collections.Generic.UnsafeSparseSetTests" runstate="Runnable" seed="944766171" result="Passed" start-time="2023-01-06 16:07:41Z" end-time="2023-01-06 16:07:41Z" duration="0.000597" asserts="0">
                <properties>
                  <property name="Category" value="GDX.Tests" />
                </properties>
                <output><![CDATA[[Code Coverage] Code Coverage results for visited sequence points were saved in D:/BuildAgent/work/GDX-Documentation/Staging/CodeCoverage/GDX_Development-opencov/EditMode/TestCoverageResults_0174.xml
]]></output>
              </test-case>
              <test-case id="1713" name="AddUnchecked_MockDataWithVersionArray_Expanded" fullname="GDX.Collections.Generic.UnsafeSparseSetTests.AddUnchecked_MockDataWithVersionArray_Expanded" methodname="AddUnchecked_MockDataWithVersionArray_Expanded" classname="GDX.Collections.Generic.UnsafeSparseSetTests" runstate="Runnable" seed="862286324" result="Passed" start-time="2023-01-06 16:07:42Z" end-time="2023-01-06 16:07:42Z" duration="0.000935" asserts="0">
                <properties>
                  <property name="Category" value="GDX.Tests" />
                </properties>
                <output><![CDATA[[Code Coverage] Code Coverage results for visited sequence points were saved in D:/BuildAgent/work/GDX-Documentation/Staging/CodeCoverage/GDX_Development-opencov/EditMode/TestCoverageResults_0175.xml
]]></output>
              </test-case>
              <test-case id="1711" name="AddWithExpandCheck_MockData_Expanded" fullname="GDX.Collections.Generic.UnsafeSparseSetTests.AddWithExpandCheck_MockData_Expanded" methodname="AddWithExpandCheck_MockData_Expanded" classname="GDX.Collections.Generic.UnsafeSparseSetTests" runstate="Runnable" seed="1491152551" result="Passed" start-time="2023-01-06 16:07:43Z" end-time="2023-01-06 16:07:43Z" duration="0.000393" asserts="0">
                <properties>
                  <property name="Category" value="GDX.Tests" />
                </properties>
                <output><![CDATA[[Code Coverage] Code Coverage results for visited sequence points were saved in D:/BuildAgent/work/GDX-Documentation/Staging/CodeCoverage/GDX_Development-opencov/EditMode/TestCoverageResults_0176.xml
]]></output>
              </test-case>
              <test-case id="1712" name="AddWithExpandCheck_MockDataWithVersionArray_Expanded" fullname="GDX.Collections.Generic.UnsafeSparseSetTests.AddWithExpandCheck_MockDataWithVersionArray_Expanded" methodname="AddWithExpandCheck_MockDataWithVersionArray_Expanded" classname="GDX.Collections.Generic.UnsafeSparseSetTests" runstate="Runnable" seed="289556886" result="Passed" start-time="2023-01-06 16:07:44Z" end-time="2023-01-06 16:07:44Z" duration="0.000665" asserts="0">
                <properties>
                  <property name="Category" value="GDX.Tests" />
                </properties>
                <output><![CDATA[[Code Coverage] Code Coverage results for visited sequence points were saved in D:/BuildAgent/work/GDX-Documentation/Staging/CodeCoverage/GDX_Development-opencov/EditMode/TestCoverageResults_0177.xml
]]></output>
              </test-case>
              <test-case id="1728" name="Clear_MockData_ArraysCleared" fullname="GDX.Collections.Generic.UnsafeSparseSetTests.Clear_MockData_ArraysCleared" methodname="Clear_MockData_ArraysCleared" classname="GDX.Collections.Generic.UnsafeSparseSetTests" runstate="Runnable" seed="284795426" result="Passed" start-time="2023-01-06 16:07:45Z" end-time="2023-01-06 16:07:45Z" duration="0.000397" asserts="0">
                <properties>
                  <property name="Category" value="GDX.Tests" />
                </properties>
                <output><![CDATA[[Code Coverage] Code Coverage results for visited sequence points were saved in D:/BuildAgent/work/GDX-Documentation/Staging/CodeCoverage/GDX_Development-opencov/EditMode/TestCoverageResults_0178.xml
]]></output>
              </test-case>
              <test-case id="1729" name="Clear_MockDataWithVersionArray_ArraysCleared" fullname="GDX.Collections.Generic.UnsafeSparseSetTests.Clear_MockDataWithVersionArray_ArraysCleared" methodname="Clear_MockDataWithVersionArray_ArraysCleared" classname="GDX.Collections.Generic.UnsafeSparseSetTests" runstate="Runnable" seed="1831874496" result="Passed" start-time="2023-01-06 16:07:46Z" end-time="2023-01-06 16:07:46Z" duration="0.000523" asserts="0">
                <properties>
                  <property name="Category" value="GDX.Tests" />
                </properties>
                <output><![CDATA[[Code Coverage] Code Coverage results for visited sequence points were saved in D:/BuildAgent/work/GDX-Documentation/Staging/CodeCoverage/GDX_Development-opencov/EditMode/TestCoverageResults_0179.xml
]]></output>
              </test-case>
              <test-case id="1730" name="ClearWithVersionReset_MockData_ArraysClearedAndVersionReset" fullname="GDX.Collections.Generic.UnsafeSparseSetTests.ClearWithVersionReset_MockData_ArraysClearedAndVersionReset" methodname="ClearWithVersionReset_MockData_ArraysClearedAndVersionReset" classname="GDX.Collections.Generic.UnsafeSparseSetTests" runstate="Runnable" seed="1200697616" result="Passed" start-time="2023-01-06 16:07:48Z" end-time="2023-01-06 16:07:48Z" duration="0.000433" asserts="0">
                <properties>
                  <property name="Category" value="GDX.Tests" />
                </properties>
                <output><![CDATA[[Code Coverage] Code Coverage results for visited sequence points were saved in D:/BuildAgent/work/GDX-Documentation/Staging/CodeCoverage/GDX_Development-opencov/EditMode/TestCoverageResults_0180.xml
]]></output>
              </test-case>
              <test-case id="1707" name="Constructor_CreateWithCount" fullname="GDX.Collections.Generic.UnsafeSparseSetTests.Constructor_CreateWithCount" methodname="Constructor_CreateWithCount" classname="GDX.Collections.Generic.UnsafeSparseSetTests" runstate="Runnable" seed="565128073" result="Passed" start-time="2023-01-06 16:07:49Z" end-time="2023-01-06 16:07:49Z" duration="0.000297" asserts="0">
                <properties>
                  <property name="Category" value="GDX.Tests" />
                </properties>
                <output><![CDATA[[Code Coverage] Code Coverage results for visited sequence points were saved in D:/BuildAgent/work/GDX-Documentation/Staging/CodeCoverage/GDX_Development-opencov/EditMode/TestCoverageResults_0181.xml
]]></output>
              </test-case>
              <test-case id="1708" name="Constructor_CreateWithCountAndVersionArray" fullname="GDX.Collections.Generic.UnsafeSparseSetTests.Constructor_CreateWithCountAndVersionArray" methodname="Constructor_CreateWithCountAndVersionArray" classname="GDX.Collections.Generic.UnsafeSparseSetTests" runstate="Runnable" seed="2098357388" result="Passed" start-time="2023-01-06 16:07:50Z" end-time="2023-01-06 16:07:50Z" duration="0.000304" asserts="0">
                <properties>
                  <property name="Category" value="GDX.Tests" />
                </properties>
                <output><![CDATA[[Code Coverage] Code Coverage results for visited sequence points were saved in D:/BuildAgent/work/GDX-Documentation/Staging/CodeCoverage/GDX_Development-opencov/EditMode/TestCoverageResults_0182.xml
]]></output>
              </test-case>
              <test-case id="1736" name="DenseAndSparseAccess_MockData_ArraysArePlacedCorrectly" fullname="GDX.Collections.Generic.UnsafeSparseSetTests.DenseAndSparseAccess_MockData_ArraysArePlacedCorrectly" methodname="DenseAndSparseAccess_MockData_ArraysArePlacedCorrectly" classname="GDX.Collections.Generic.UnsafeSparseSetTests" runstate="Runnable" seed="89074435" result="Passed" start-time="2023-01-06 16:07:51Z" end-time="2023-01-06 16:07:51Z" duration="0.000302" asserts="0">
                <properties>
                  <property name="Category" value="GDX.Tests" />
                </properties>
                <output><![CDATA[[Code Coverage] Code Coverage results for visited sequence points were saved in D:/BuildAgent/work/GDX-Documentation/Staging/CodeCoverage/GDX_Development-opencov/EditMode/TestCoverageResults_0183.xml
]]></output>
              </test-case>
              <test-case id="1735" name="Dispose_MockDataWithVersionArray_Disposed" fullname="GDX.Collections.Generic.UnsafeSparseSetTests.Dispose_MockDataWithVersionArray_Disposed" methodname="Dispose_MockDataWithVersionArray_Disposed" classname="GDX.Collections.Generic.UnsafeSparseSetTests" runstate="Runnable" seed="237637386" result="Passed" start-time="2023-01-06 16:07:52Z" end-time="2023-01-06 16:07:52Z" duration="0.000583" asserts="0">
                <properties>
                  <property name="Category" value="GDX.Tests" />
                </properties>
                <output><![CDATA[[Code Coverage] Code Coverage results for visited sequence points were saved in D:/BuildAgent/work/GDX-Documentation/Staging/CodeCoverage/GDX_Development-opencov/EditMode/TestCoverageResults_0184.xml
]]></output>
              </test-case>
              <test-case id="1731" name="Expand_MockData_Expanded" fullname="GDX.Collections.Generic.UnsafeSparseSetTests.Expand_MockData_Expanded" methodname="Expand_MockData_Expanded" classname="GDX.Collections.Generic.UnsafeSparseSetTests" runstate="Runnable" seed="971640404" result="Passed" start-time="2023-01-06 16:07:53Z" end-time="2023-01-06 16:07:53Z" duration="0.000705" asserts="0">
                <properties>
                  <property name="Category" value="GDX.Tests" />
                </properties>
                <output><![CDATA[[Code Coverage] Code Coverage results for visited sequence points were saved in D:/BuildAgent/work/GDX-Documentation/Staging/CodeCoverage/GDX_Development-opencov/EditMode/TestCoverageResults_0185.xml
]]></output>
              </test-case>
              <test-case id="1732" name="Expand_MockDataWithVersionArray_Expanded" fullname="GDX.Collections.Generic.UnsafeSparseSetTests.Expand_MockDataWithVersionArray_Expanded" methodname="Expand_MockDataWithVersionArray_Expanded" classname="GDX.Collections.Generic.UnsafeSparseSetTests" runstate="Runnable" seed="1832195762" result="Passed" start-time="2023-01-06 16:07:54Z" end-time="2023-01-06 16:07:54Z" duration="0.000523" asserts="0">
                <properties>
                  <property name="Category" value="GDX.Tests" />
                </properties>
                <output><![CDATA[[Code Coverage] Code Coverage results for visited sequence points were saved in D:/BuildAgent/work/GDX-Documentation/Staging/CodeCoverage/GDX_Development-opencov/EditMode/TestCoverageResults_0186.xml
]]></output>
              </test-case>
              <test-case id="1714" name="GetDenseIndexUnchecked_MockData_CorrectIndex" fullname="GDX.Collections.Generic.UnsafeSparseSetTests.GetDenseIndexUnchecked_MockData_CorrectIndex" methodname="GetDenseIndexUnchecked_MockData_CorrectIndex" classname="GDX.Collections.Generic.UnsafeSparseSetTests" runstate="Runnable" seed="1047485281" result="Passed" start-time="2023-01-06 16:07:55Z" end-time="2023-01-06 16:07:55Z" duration="0.000449" asserts="0">
                <properties>
                  <property name="Category" value="GDX.Tests" />
                </properties>
                <output><![CDATA[[Code Coverage] Code Coverage results for visited sequence points were saved in D:/BuildAgent/work/GDX-Documentation/Staging/CodeCoverage/GDX_Development-opencov/EditMode/TestCoverageResults_0187.xml
]]></output>
              </test-case>
              <test-case id="1717" name="GetDenseIndexWithBoundsAndVersionCheck_MockData_CorrectIndexAndHandlesInvalidIndex" fullname="GDX.Collections.Generic.UnsafeSparseSetTests.GetDenseIndexWithBoundsAndVersionCheck_MockData_CorrectIndexAndHandlesInvalidIndex" methodname="GetDenseIndexWithBoundsAndVersionCheck_MockData_CorrectIndexAndHandlesInvalidIndex" classname="GDX.Collections.Generic.UnsafeSparseSetTests" runstate="Runnable" seed="1972096472" result="Passed" start-time="2023-01-06 16:07:56Z" end-time="2023-01-06 16:07:56Z" duration="0.000846" asserts="0">
                <properties>
                  <property name="Category" value="GDX.Tests" />
                </properties>
                <output><![CDATA[[Code Coverage] Code Coverage results for visited sequence points were saved in D:/BuildAgent/work/GDX-Documentation/Staging/CodeCoverage/GDX_Development-opencov/EditMode/TestCoverageResults_0188.xml
]]></output>
              </test-case>
              <test-case id="1715" name="GetDenseIndexWithBoundsCheck_MockData_CorrectIndexAndHandlesInvalidIndex" fullname="GDX.Collections.Generic.UnsafeSparseSetTests.GetDenseIndexWithBoundsCheck_MockData_CorrectIndexAndHandlesInvalidIndex" methodname="GetDenseIndexWithBoundsCheck_MockData_CorrectIndexAndHandlesInvalidIndex" classname="GDX.Collections.Generic.UnsafeSparseSetTests" runstate="Runnable" seed="1063083719" result="Passed" start-time="2023-01-06 16:07:57Z" end-time="2023-01-06 16:07:57Z" duration="0.000455" asserts="0">
                <properties>
                  <property name="Category" value="GDX.Tests" />
                </properties>
                <output><![CDATA[[Code Coverage] Code Coverage results for visited sequence points were saved in D:/BuildAgent/work/GDX-Documentation/Staging/CodeCoverage/GDX_Development-opencov/EditMode/TestCoverageResults_0189.xml
]]></output>
              </test-case>
              <test-case id="1716" name="GetDenseIndexWithVersionCheck_MockData_CorrectIndexAndHandlesVersion" fullname="GDX.Collections.Generic.UnsafeSparseSetTests.GetDenseIndexWithVersionCheck_MockData_CorrectIndexAndHandlesVersion" methodname="GetDenseIndexWithVersionCheck_MockData_CorrectIndexAndHandlesVersion" classname="GDX.Collections.Generic.UnsafeSparseSetTests" runstate="Runnable" seed="1241044001" result="Passed" start-time="2023-01-06 16:07:58Z" end-time="2023-01-06 16:07:58Z" duration="0.000548" asserts="0">
                <properties>
                  <property name="Category" value="GDX.Tests" />
                </properties>
                <output><![CDATA[[Code Coverage] Code Coverage results for visited sequence points were saved in D:/BuildAgent/work/GDX-Documentation/Staging/CodeCoverage/GDX_Development-opencov/EditMode/TestCoverageResults_0190.xml
]]></output>
              </test-case>
              <test-case id="1723" name="RemoveUnchecked_MockData_ValidIndexRemoved" fullname="GDX.Collections.Generic.UnsafeSparseSetTests.RemoveUnchecked_MockData_ValidIndexRemoved" methodname="RemoveUnchecked_MockData_ValidIndexRemoved" classname="GDX.Collections.Generic.UnsafeSparseSetTests" runstate="Runnable" seed="1155965403" result="Passed" start-time="2023-01-06 16:07:59Z" end-time="2023-01-06 16:07:59Z" duration="0.000438" asserts="0">
                <properties>
                  <property name="Category" value="GDX.Tests" />
                </properties>
                <output><![CDATA[[Code Coverage] Code Coverage results for visited sequence points were saved in D:/BuildAgent/work/GDX-Documentation/Staging/CodeCoverage/GDX_Development-opencov/EditMode/TestCoverageResults_0191.xml
]]></output>
              </test-case>
              <test-case id="1722" name="RemoveUnchecked_MockDataWithIndices_ValidIndexRemoved" fullname="GDX.Collections.Generic.UnsafeSparseSetTests.RemoveUnchecked_MockDataWithIndices_ValidIndexRemoved" methodname="RemoveUnchecked_MockDataWithIndices_ValidIndexRemoved" classname="GDX.Collections.Generic.UnsafeSparseSetTests" runstate="Runnable" seed="561981832" result="Passed" start-time="2023-01-06 16:08:00Z" end-time="2023-01-06 16:08:00Z" duration="0.000538" asserts="0">
                <properties>
                  <property name="Category" value="GDX.Tests" />
                </properties>
                <output><![CDATA[[Code Coverage] Code Coverage results for visited sequence points were saved in D:/BuildAgent/work/GDX-Documentation/Staging/CodeCoverage/GDX_Development-opencov/EditMode/TestCoverageResults_0192.xml
]]></output>
              </test-case>
              <test-case id="1721" name="RemoveUnchecked_MockDataWithIndicesAndVersionArray_ValidIndexRemoved" fullname="GDX.Collections.Generic.UnsafeSparseSetTests.RemoveUnchecked_MockDataWithIndicesAndVersionArray_ValidIndexRemoved" methodname="RemoveUnchecked_MockDataWithIndicesAndVersionArray_ValidIndexRemoved" classname="GDX.Collections.Generic.UnsafeSparseSetTests" runstate="Runnable" seed="757311958" result="Passed" start-time="2023-01-06 16:08:01Z" end-time="2023-01-06 16:08:01Z" duration="0.000467" asserts="0">
                <properties>
                  <property name="Category" value="GDX.Tests" />
                </properties>
                <output><![CDATA[[Code Coverage] Code Coverage results for visited sequence points were saved in D:/BuildAgent/work/GDX-Documentation/Staging/CodeCoverage/GDX_Development-opencov/EditMode/TestCoverageResults_0193.xml
]]></output>
              </test-case>
              <test-case id="1724" name="RemoveUncheckedFromDenseIndex_MockData_ValidIndexRemoved" fullname="GDX.Collections.Generic.UnsafeSparseSetTests.RemoveUncheckedFromDenseIndex_MockData_ValidIndexRemoved" methodname="RemoveUncheckedFromDenseIndex_MockData_ValidIndexRemoved" classname="GDX.Collections.Generic.UnsafeSparseSetTests" runstate="Runnable" seed="2009663955" result="Passed" start-time="2023-01-06 16:08:02Z" end-time="2023-01-06 16:08:02Z" duration="0.000458" asserts="0">
                <properties>
                  <property name="Category" value="GDX.Tests" />
                </properties>
                <output><![CDATA[[Code Coverage] Code Coverage results for visited sequence points were saved in D:/BuildAgent/work/GDX-Documentation/Staging/CodeCoverage/GDX_Development-opencov/EditMode/TestCoverageResults_0194.xml
]]></output>
              </test-case>
              <test-case id="1725" name="RemoveUncheckedFromDenseIndex_MockDataWithSwapIndex_ValidIndexRemoved" fullname="GDX.Collections.Generic.UnsafeSparseSetTests.RemoveUncheckedFromDenseIndex_MockDataWithSwapIndex_ValidIndexRemoved" methodname="RemoveUncheckedFromDenseIndex_MockDataWithSwapIndex_ValidIndexRemoved" classname="GDX.Collections.Generic.UnsafeSparseSetTests" runstate="Runnable" seed="881715792" result="Passed" start-time="2023-01-06 16:08:03Z" end-time="2023-01-06 16:08:03Z" duration="0.000464" asserts="0">
                <properties>
                  <property name="Category" value="GDX.Tests" />
                </properties>
                <output><![CDATA[[Code Coverage] Code Coverage results for visited sequence points were saved in D:/BuildAgent/work/GDX-Documentation/Staging/CodeCoverage/GDX_Development-opencov/EditMode/TestCoverageResults_0195.xml
]]></output>
              </test-case>
              <test-case id="1726" name="RemoveUncheckedFromDenseIndex_MockDataWithVersionArray_ValidIndexRemoved" fullname="GDX.Collections.Generic.UnsafeSparseSetTests.RemoveUncheckedFromDenseIndex_MockDataWithVersionArray_ValidIndexRemoved" methodname="RemoveUncheckedFromDenseIndex_MockDataWithVersionArray_ValidIndexRemoved" classname="GDX.Collections.Generic.UnsafeSparseSetTests" runstate="Runnable" seed="991647780" result="Passed" start-time="2023-01-06 16:08:04Z" end-time="2023-01-06 16:08:04Z" duration="0.000464" asserts="0">
                <properties>
                  <property name="Category" value="GDX.Tests" />
                </properties>
                <output><![CDATA[[Code Coverage] Code Coverage results for visited sequence points were saved in D:/BuildAgent/work/GDX-Documentation/Staging/CodeCoverage/GDX_Development-opencov/EditMode/TestCoverageResults_0196.xml
]]></output>
              </test-case>
              <test-case id="1727" name="RemoveUncheckedFromDenseIndex_MockDataWithVersionArrayAndSwapIndex_ValidIndexRemoved" fullname="GDX.Collections.Generic.UnsafeSparseSetTests.RemoveUncheckedFromDenseIndex_MockDataWithVersionArrayAndSwapIndex_ValidIndexRemoved" methodname="RemoveUncheckedFromDenseIndex_MockDataWithVersionArrayAndSwapIndex_ValidIndexRemoved" classname="GDX.Collections.Generic.UnsafeSparseSetTests" runstate="Runnable" seed="1268992284" result="Passed" start-time="2023-01-06 16:08:05Z" end-time="2023-01-06 16:08:05Z" duration="0.000470" asserts="0">
                <properties>
                  <property name="Category" value="GDX.Tests" />
                </properties>
                <output><![CDATA[[Code Coverage] Code Coverage results for visited sequence points were saved in D:/BuildAgent/work/GDX-Documentation/Staging/CodeCoverage/GDX_Development-opencov/EditMode/TestCoverageResults_0197.xml
]]></output>
              </test-case>
              <test-case id="1720" name="RemoveWithBoundsAndVersionChecks_MockData_ValidIndexRemovedInvalidIndicesNotRemoved" fullname="GDX.Collections.Generic.UnsafeSparseSetTests.RemoveWithBoundsAndVersionChecks_MockData_ValidIndexRemovedInvalidIndicesNotRemoved" methodname="RemoveWithBoundsAndVersionChecks_MockData_ValidIndexRemovedInvalidIndicesNotRemoved" classname="GDX.Collections.Generic.UnsafeSparseSetTests" runstate="Runnable" seed="653942518" result="Passed" start-time="2023-01-06 16:08:06Z" end-time="2023-01-06 16:08:06Z" duration="0.000706" asserts="0">
                <properties>
                  <property name="Category" value="GDX.Tests" />
                </properties>
                <output><![CDATA[[Code Coverage] Code Coverage results for visited sequence points were saved in D:/BuildAgent/work/GDX-Documentation/Staging/CodeCoverage/GDX_Development-opencov/EditMode/TestCoverageResults_0198.xml
]]></output>
              </test-case>
              <test-case id="1718" name="RemoveWithBoundsCheck_MockData_ValidIndexRemovedInvalidIndicesNotRemoved" fullname="GDX.Collections.Generic.UnsafeSparseSetTests.RemoveWithBoundsCheck_MockData_ValidIndexRemovedInvalidIndicesNotRemoved" methodname="RemoveWithBoundsCheck_MockData_ValidIndexRemovedInvalidIndicesNotRemoved" classname="GDX.Collections.Generic.UnsafeSparseSetTests" runstate="Runnable" seed="1048377271" result="Passed" start-time="2023-01-06 16:08:07Z" end-time="2023-01-06 16:08:07Z" duration="0.000564" asserts="0">
                <properties>
                  <property name="Category" value="GDX.Tests" />
                </properties>
                <output><![CDATA[[Code Coverage] Code Coverage results for visited sequence points were saved in D:/BuildAgent/work/GDX-Documentation/Staging/CodeCoverage/GDX_Development-opencov/EditMode/TestCoverageResults_0199.xml
]]></output>
              </test-case>
              <test-case id="1719" name="RemoveWithVersionCheck_MockData_ValidIndexRemovedInvalidIndicesNotRemoved" fullname="GDX.Collections.Generic.UnsafeSparseSetTests.RemoveWithVersionCheck_MockData_ValidIndexRemovedInvalidIndicesNotRemoved" methodname="RemoveWithVersionCheck_MockData_ValidIndexRemovedInvalidIndicesNotRemoved" classname="GDX.Collections.Generic.UnsafeSparseSetTests" runstate="Runnable" seed="299900872" result="Passed" start-time="2023-01-06 16:08:08Z" end-time="2023-01-06 16:08:08Z" duration="0.000855" asserts="0">
                <properties>
                  <property name="Category" value="GDX.Tests" />
                </properties>
                <output><![CDATA[[Code Coverage] Code Coverage results for visited sequence points were saved in D:/BuildAgent/work/GDX-Documentation/Staging/CodeCoverage/GDX_Development-opencov/EditMode/TestCoverageResults_0200.xml
]]></output>
              </test-case>
              <test-case id="1733" name="Reserve_MockData_Expanded" fullname="GDX.Collections.Generic.UnsafeSparseSetTests.Reserve_MockData_Expanded" methodname="Reserve_MockData_Expanded" classname="GDX.Collections.Generic.UnsafeSparseSetTests" runstate="Runnable" seed="117916694" result="Passed" start-time="2023-01-06 16:08:09Z" end-time="2023-01-06 16:08:09Z" duration="0.000505" asserts="0">
                <properties>
                  <property name="Category" value="GDX.Tests" />
                </properties>
                <output><![CDATA[[Code Coverage] Code Coverage results for visited sequence points were saved in D:/BuildAgent/work/GDX-Documentation/Staging/CodeCoverage/GDX_Development-opencov/EditMode/TestCoverageResults_0201.xml
]]></output>
              </test-case>
              <test-case id="1734" name="Reserve_MockDataWithVersionArray_Expanded" fullname="GDX.Collections.Generic.UnsafeSparseSetTests.Reserve_MockDataWithVersionArray_Expanded" methodname="Reserve_MockDataWithVersionArray_Expanded" classname="GDX.Collections.Generic.UnsafeSparseSetTests" runstate="Runnable" seed="2137848062" result="Passed" start-time="2023-01-06 16:08:10Z" end-time="2023-01-06 16:08:10Z" duration="0.000591" asserts="0">
                <properties>
                  <property name="Category" value="GDX.Tests" />
                </properties>
                <output><![CDATA[[Code Coverage] Code Coverage results for visited sequence points were saved in D:/BuildAgent/work/GDX-Documentation/Staging/CodeCoverage/GDX_Development-opencov/EditMode/TestCoverageResults_0202.xml
]]></output>
              </test-case>
            </test-suite>
          </test-suite>
          <test-suite type="TestSuite" id="1757" name="Pooling" fullname="GDX.Collections.Pooling" runstate="Runnable" testcasecount="14" result="Passed" start-time="2023-01-06 16:08:11Z" end-time="2023-01-06 16:08:25Z" duration="14.125462" total="14" passed="14" failed="0" inconclusive="0" skipped="0" asserts="0">
            <properties />
            <test-suite type="TestFixture" id="1421" name="GameObjectPoolTests" fullname="GDX.Collections.Pooling.GameObjectPoolTests" classname="GDX.Collections.Pooling.GameObjectPoolTests" runstate="Runnable" testcasecount="14" result="Passed" start-time="2023-01-06 16:08:11Z" end-time="2023-01-06 16:08:25Z" duration="14.122175" total="14" passed="14" failed="0" inconclusive="0" skipped="0" asserts="0">
              <properties />
              <test-case id="1424" name="Get_MockData_DontTrigger" fullname="GDX.Collections.Pooling.GameObjectPoolTests.Get_MockData_DontTrigger" methodname="Get_MockData_DontTrigger" classname="GDX.Collections.Pooling.GameObjectPoolTests" runstate="Runnable" seed="945231391" result="Passed" start-time="2023-01-06 16:08:11Z" end-time="2023-01-06 16:08:11Z" duration="0.008145" asserts="0">
                <properties>
                  <property name="Category" value="GDX.Tests" />
                </properties>
                <output><![CDATA[[Code Coverage] Code Coverage results for visited sequence points were saved in D:/BuildAgent/work/GDX-Documentation/Staging/CodeCoverage/GDX_Development-opencov/EditMode/TestCoverageResults_0203.xml
]]></output>
              </test-case>
              <test-case id="1426" name="Get_MockData_LocalPositionLocalRotationParented" fullname="GDX.Collections.Pooling.GameObjectPoolTests.Get_MockData_LocalPositionLocalRotationParented" methodname="Get_MockData_LocalPositionLocalRotationParented" classname="GDX.Collections.Pooling.GameObjectPoolTests" runstate="Runnable" seed="1300299139" result="Passed" start-time="2023-01-06 16:08:12Z" end-time="2023-01-06 16:08:12Z" duration="0.004408" asserts="0">
                <properties>
                  <property name="Category" value="GDX.Tests" />
                </properties>
                <output><![CDATA[[Code Coverage] Code Coverage results for visited sequence points were saved in D:/BuildAgent/work/GDX-Documentation/Staging/CodeCoverage/GDX_Development-opencov/EditMode/TestCoverageResults_0204.xml
]]></output>
              </test-case>
              <test-case id="1425" name="Get_MockData_LocalPositionWorldLookAtParented" fullname="GDX.Collections.Pooling.GameObjectPoolTests.Get_MockData_LocalPositionWorldLookAtParented" methodname="Get_MockData_LocalPositionWorldLookAtParented" classname="GDX.Collections.Pooling.GameObjectPoolTests" runstate="Runnable" seed="536936711" result="Passed" start-time="2023-01-06 16:08:13Z" end-time="2023-01-06 16:08:13Z" duration="0.001352" asserts="0">
                <properties>
                  <property name="Category" value="GDX.Tests" />
                </properties>
                <output><![CDATA[[Code Coverage] Code Coverage results for visited sequence points were saved in D:/BuildAgent/work/GDX-Documentation/Staging/CodeCoverage/GDX_Development-opencov/EditMode/TestCoverageResults_0205.xml
]]></output>
              </test-case>
              <test-case id="1427" name="Get_MockData_ParentedWorldPositionStay" fullname="GDX.Collections.Pooling.GameObjectPoolTests.Get_MockData_ParentedWorldPositionStay" methodname="Get_MockData_ParentedWorldPositionStay" classname="GDX.Collections.Pooling.GameObjectPoolTests" runstate="Runnable" seed="50277751" result="Passed" start-time="2023-01-06 16:08:14Z" end-time="2023-01-06 16:08:14Z" duration="0.001160" asserts="0">
                <properties>
                  <property name="Category" value="GDX.Tests" />
                </properties>
                <output><![CDATA[[Code Coverage] Code Coverage results for visited sequence points were saved in D:/BuildAgent/work/GDX-Documentation/Staging/CodeCoverage/GDX_Development-opencov/EditMode/TestCoverageResults_0206.xml
]]></output>
              </test-case>
              <test-case id="1428" name="Get_MockData_ParentedZeroLocalPosition" fullname="GDX.Collections.Pooling.GameObjectPoolTests.Get_MockData_ParentedZeroLocalPosition" methodname="Get_MockData_ParentedZeroLocalPosition" classname="GDX.Collections.Pooling.GameObjectPoolTests" runstate="Runnable" seed="1827854442" result="Passed" start-time="2023-01-06 16:08:15Z" end-time="2023-01-06 16:08:15Z" duration="0.000991" asserts="0">
                <properties>
                  <property name="Category" value="GDX.Tests" />
                </properties>
                <output><![CDATA[[Code Coverage] Code Coverage results for visited sequence points were saved in D:/BuildAgent/work/GDX-Documentation/Staging/CodeCoverage/GDX_Development-opencov/EditMode/TestCoverageResults_0207.xml
]]></output>
              </test-case>
              <test-case id="1429" name="Get_MockData_Trigger" fullname="GDX.Collections.Pooling.GameObjectPoolTests.Get_MockData_Trigger" methodname="Get_MockData_Trigger" classname="GDX.Collections.Pooling.GameObjectPoolTests" runstate="Runnable" seed="1933116525" result="Passed" start-time="2023-01-06 16:08:16Z" end-time="2023-01-06 16:08:16Z" duration="0.000640" asserts="0">
                <properties>
                  <property name="Category" value="GDX.Tests" />
                </properties>
                <output><![CDATA[[Code Coverage] Code Coverage results for visited sequence points were saved in D:/BuildAgent/work/GDX-Documentation/Staging/CodeCoverage/GDX_Development-opencov/EditMode/TestCoverageResults_0208.xml
]]></output>
              </test-case>
              <test-case id="1430" name="Get_MockData_WorldPositionWorldLookAt" fullname="GDX.Collections.Pooling.GameObjectPoolTests.Get_MockData_WorldPositionWorldLookAt" methodname="Get_MockData_WorldPositionWorldLookAt" classname="GDX.Collections.Pooling.GameObjectPoolTests" runstate="Runnable" seed="1083050482" result="Passed" start-time="2023-01-06 16:08:17Z" end-time="2023-01-06 16:08:17Z" duration="0.000909" asserts="0">
                <properties>
                  <property name="Category" value="GDX.Tests" />
                </properties>
                <output><![CDATA[[Code Coverage] Code Coverage results for visited sequence points were saved in D:/BuildAgent/work/GDX-Documentation/Staging/CodeCoverage/GDX_Development-opencov/EditMode/TestCoverageResults_0209.xml
]]></output>
              </test-case>
              <test-case id="1431" name="Get_MockData_WorldPositionWorldLookAtParented" fullname="GDX.Collections.Pooling.GameObjectPoolTests.Get_MockData_WorldPositionWorldLookAtParented" methodname="Get_MockData_WorldPositionWorldLookAtParented" classname="GDX.Collections.Pooling.GameObjectPoolTests" runstate="Runnable" seed="1187531197" result="Passed" start-time="2023-01-06 16:08:18Z" end-time="2023-01-06 16:08:18Z" duration="0.000903" asserts="0">
                <properties>
                  <property name="Category" value="GDX.Tests" />
                </properties>
                <output><![CDATA[[Code Coverage] Code Coverage results for visited sequence points were saved in D:/BuildAgent/work/GDX-Documentation/Staging/CodeCoverage/GDX_Development-opencov/EditMode/TestCoverageResults_0210.xml
]]></output>
              </test-case>
              <test-case id="1432" name="Get_MockData_WorldPositionWorldRotation" fullname="GDX.Collections.Pooling.GameObjectPoolTests.Get_MockData_WorldPositionWorldRotation" methodname="Get_MockData_WorldPositionWorldRotation" classname="GDX.Collections.Pooling.GameObjectPoolTests" runstate="Runnable" seed="89050287" result="Passed" start-time="2023-01-06 16:08:19Z" end-time="2023-01-06 16:08:19Z" duration="0.001372" asserts="0">
                <properties>
                  <property name="Category" value="GDX.Tests" />
                </properties>
                <output><![CDATA[[Code Coverage] Code Coverage results for visited sequence points were saved in D:/BuildAgent/work/GDX-Documentation/Staging/CodeCoverage/GDX_Development-opencov/EditMode/TestCoverageResults_0211.xml
]]></output>
              </test-case>
              <test-case id="1433" name="Get_MockData_WorldPositionWorldRotationParented" fullname="GDX.Collections.Pooling.GameObjectPoolTests.Get_MockData_WorldPositionWorldRotationParented" methodname="Get_MockData_WorldPositionWorldRotationParented" classname="GDX.Collections.Pooling.GameObjectPoolTests" runstate="Runnable" seed="793910100" result="Passed" start-time="2023-01-06 16:08:20Z" end-time="2023-01-06 16:08:20Z" duration="0.000962" asserts="0">
                <properties>
                  <property name="Category" value="GDX.Tests" />
                </properties>
                <output><![CDATA[[Code Coverage] Code Coverage results for visited sequence points were saved in D:/BuildAgent/work/GDX-Documentation/Staging/CodeCoverage/GDX_Development-opencov/EditMode/TestCoverageResults_0212.xml
]]></output>
              </test-case>
              <test-case id="1434" name="GetOrCreatePool_MockData_ReturnsPool" fullname="GDX.Collections.Pooling.GameObjectPoolTests.GetOrCreatePool_MockData_ReturnsPool" methodname="GetOrCreatePool_MockData_ReturnsPool" classname="GDX.Collections.Pooling.GameObjectPoolTests" runstate="Runnable" seed="1392019724" result="Passed" start-time="2023-01-06 16:08:21Z" end-time="2023-01-06 16:08:21Z" duration="0.002698" asserts="0">
                <properties>
                  <property name="Category" value="GDX.Tests" />
                </properties>
                <output><![CDATA[[Code Coverage] Code Coverage results for visited sequence points were saved in D:/BuildAgent/work/GDX-Documentation/Staging/CodeCoverage/GDX_Development-opencov/EditMode/TestCoverageResults_0213.xml
]]></output>
              </test-case>
              <test-case id="1422" name="OnDestroyItemAction_MockData_DestroysGameObject" fullname="GDX.Collections.Pooling.GameObjectPoolTests.OnDestroyItemAction_MockData_DestroysGameObject" methodname="OnDestroyItemAction_MockData_DestroysGameObject" classname="GDX.Collections.Pooling.GameObjectPoolTests" runstate="Runnable" seed="968420536" result="Passed" start-time="2023-01-06 16:08:22Z" end-time="2023-01-06 16:08:22Z" duration="0.000637" asserts="0">
                <properties>
                  <property name="Category" value="GDX.Tests" />
                </properties>
                <output><![CDATA[[Code Coverage] Code Coverage results for visited sequence points were saved in D:/BuildAgent/work/GDX-Documentation/Staging/CodeCoverage/GDX_Development-opencov/EditMode/TestCoverageResults_0214.xml
]]></output>
              </test-case>
              <test-case id="1423" name="OnDestroyItemAction_MockData_DestroysInterface" fullname="GDX.Collections.Pooling.GameObjectPoolTests.OnDestroyItemAction_MockData_DestroysInterface" methodname="OnDestroyItemAction_MockData_DestroysInterface" classname="GDX.Collections.Pooling.GameObjectPoolTests" runstate="Runnable" seed="769433246" result="Passed" start-time="2023-01-06 16:08:23Z" end-time="2023-01-06 16:08:23Z" duration="0.000670" asserts="0">
                <properties>
                  <property name="Category" value="GDX.Tests" />
                </properties>
                <output><![CDATA[[Code Coverage] Code Coverage results for visited sequence points were saved in D:/BuildAgent/work/GDX-Documentation/Staging/CodeCoverage/GDX_Development-opencov/EditMode/TestCoverageResults_0215.xml
]]></output>
              </test-case>
              <test-case id="1435" name="TearDown_Pool_UnregistersPool" fullname="GDX.Collections.Pooling.GameObjectPoolTests.TearDown_Pool_UnregistersPool" methodname="TearDown_Pool_UnregistersPool" classname="GDX.Collections.Pooling.GameObjectPoolTests" runstate="Runnable" seed="1992729267" result="Passed" start-time="2023-01-06 16:08:24Z" end-time="2023-01-06 16:08:24Z" duration="0.000680" asserts="0">
                <properties>
                  <property name="Category" value="GDX.Tests" />
                </properties>
                <output><![CDATA[[Code Coverage] Code Coverage results for visited sequence points were saved in D:/BuildAgent/work/GDX-Documentation/Staging/CodeCoverage/GDX_Development-opencov/EditMode/TestCoverageResults_0216.xml
]]></output>
              </test-case>
            </test-suite>
          </test-suite>
        </test-suite>
        <test-suite type="TestFixture" id="1049" name="CoreTests" fullname="GDX.CoreTests" classname="GDX.CoreTests" runstate="Runnable" testcasecount="2" result="Passed" start-time="2023-01-06 16:08:25Z" end-time="2023-01-06 16:08:27Z" duration="1.984558" total="2" passed="2" failed="0" inconclusive="0" skipped="0" asserts="0">
          <properties />
          <test-case id="1050" name="InitializeOnMainThread_AlreadyInitialized_EarlyOut" fullname="GDX.CoreTests.InitializeOnMainThread_AlreadyInitialized_EarlyOut" methodname="InitializeOnMainThread_AlreadyInitialized_EarlyOut" classname="GDX.CoreTests" runstate="Runnable" seed="1940347949" result="Passed" start-time="2023-01-06 16:08:25Z" end-time="2023-01-06 16:08:25Z" duration="0.000740" asserts="0">
            <properties>
              <property name="Category" value="GDX.Tests" />
            </properties>
            <output><![CDATA[[Code Coverage] Code Coverage results for visited sequence points were saved in D:/BuildAgent/work/GDX-Documentation/Staging/CodeCoverage/GDX_Development-opencov/EditMode/TestCoverageResults_0217.xml
]]></output>
          </test-case>
          <test-case id="1051" name="InitializeOnMainThread_NotAlreadyInitialized_Executes" fullname="GDX.CoreTests.InitializeOnMainThread_NotAlreadyInitialized_Executes" methodname="InitializeOnMainThread_NotAlreadyInitialized_Executes" classname="GDX.CoreTests" runstate="Runnable" seed="899625420" result="Passed" start-time="2023-01-06 16:08:26Z" end-time="2023-01-06 16:08:26Z" duration="0.000469" asserts="0">
            <properties>
              <property name="Category" value="GDX.Tests" />
            </properties>
            <output><![CDATA[[Code Coverage] Code Coverage results for visited sequence points were saved in D:/BuildAgent/work/GDX-Documentation/Staging/CodeCoverage/GDX_Development-opencov/EditMode/TestCoverageResults_0218.xml
]]></output>
          </test-case>
        </test-suite>
        <test-suite type="TestSuite" id="1753" name="Developer" fullname="GDX.Developer" runstate="Runnable" testcasecount="49" result="Passed" start-time="2023-01-06 16:08:27Z" end-time="2023-01-06 16:09:18Z" duration="50.915845" total="49" passed="49" failed="0" inconclusive="0" skipped="0" asserts="0">
          <properties />
          <test-suite type="TestFixture" id="1363" name="CommandLineParserTests" fullname="GDX.Developer.CommandLineParserTests" classname="GDX.Developer.CommandLineParserTests" runstate="Runnable" testcasecount="2" result="Passed" start-time="2023-01-06 16:08:27Z" end-time="2023-01-06 16:08:29Z" duration="2.017986" total="2" passed="2" failed="0" inconclusive="0" skipped="0" asserts="0">
            <properties />
            <test-case id="1364" name="ProcessArguments_MockData_ContainsFlag" fullname="GDX.Developer.CommandLineParserTests.ProcessArguments_MockData_ContainsFlag" methodname="ProcessArguments_MockData_ContainsFlag" classname="GDX.Developer.CommandLineParserTests" runstate="Runnable" seed="1116198685" result="Passed" start-time="2023-01-06 16:08:27Z" end-time="2023-01-06 16:08:27Z" duration="0.001198" asserts="0">
              <properties>
                <property name="Category" value="GDX.Tests" />
              </properties>
              <output><![CDATA[[Code Coverage] Code Coverage results for visited sequence points were saved in D:/BuildAgent/work/GDX-Documentation/Staging/CodeCoverage/GDX_Development-opencov/EditMode/TestCoverageResults_0219.xml
]]></output>
            </test-case>
            <test-case id="1365" name="ProcessArguments_MockData_HasValue" fullname="GDX.Developer.CommandLineParserTests.ProcessArguments_MockData_HasValue" methodname="ProcessArguments_MockData_HasValue" classname="GDX.Developer.CommandLineParserTests" runstate="Runnable" seed="1142031205" result="Passed" start-time="2023-01-06 16:08:28Z" end-time="2023-01-06 16:08:28Z" duration="0.000571" asserts="0">
              <properties>
                <property name="Category" value="GDX.Tests" />
              </properties>
              <output><![CDATA[[Code Coverage] Code Coverage results for visited sequence points were saved in D:/BuildAgent/work/GDX-Documentation/Staging/CodeCoverage/GDX_Development-opencov/EditMode/TestCoverageResults_0220.xml
]]></output>
            </test-case>
          </test-suite>
          <test-suite type="TestFixture" id="1366" name="DebugDrawTests" fullname="GDX.Developer.DebugDrawTests" classname="GDX.Developer.DebugDrawTests" runstate="Runnable" testcasecount="4" result="Passed" start-time="2023-01-06 16:08:29Z" end-time="2023-01-06 16:08:33Z" duration="4.030073" total="4" passed="4" failed="0" inconclusive="0" skipped="0" asserts="0">
            <properties />
            <test-case id="1368" name="GetUnmanagedBuffer_ByID_ReturnsInstance" fullname="GDX.Developer.DebugDrawTests.GetUnmanagedBuffer_ByID_ReturnsInstance" methodname="GetUnmanagedBuffer_ByID_ReturnsInstance" classname="GDX.Developer.DebugDrawTests" runstate="Runnable" seed="578278235" result="Passed" start-time="2023-01-06 16:08:29Z" end-time="2023-01-06 16:08:29Z" duration="0.014274" asserts="0">
              <properties>
                <property name="Category" value="GDX.Tests" />
              </properties>
              <output><![CDATA[[Code Coverage] Code Coverage results for visited sequence points were saved in D:/BuildAgent/work/GDX-Documentation/Staging/CodeCoverage/GDX_Development-opencov/EditMode/TestCoverageResults_0221.xml
]]></output>
            </test-case>
            <test-case id="1367" name="GetUnmanagedBuffer_New_ReturnsInstance" fullname="GDX.Developer.DebugDrawTests.GetUnmanagedBuffer_New_ReturnsInstance" methodname="GetUnmanagedBuffer_New_ReturnsInstance" classname="GDX.Developer.DebugDrawTests" runstate="Runnable" seed="449664386" result="Passed" start-time="2023-01-06 16:08:30Z" end-time="2023-01-06 16:08:30Z" duration="0.000290" asserts="0">
              <properties>
                <property name="Category" value="GDX.Tests" />
              </properties>
              <output><![CDATA[[Code Coverage] Code Coverage results for visited sequence points were saved in D:/BuildAgent/work/GDX-Documentation/Staging/CodeCoverage/GDX_Development-opencov/EditMode/TestCoverageResults_0222.xml
]]></output>
            </test-case>
            <test-case id="1369" name="HasUnmanagedBuffer_ByID_Valid" fullname="GDX.Developer.DebugDrawTests.HasUnmanagedBuffer_ByID_Valid" methodname="HasUnmanagedBuffer_ByID_Valid" classname="GDX.Developer.DebugDrawTests" runstate="Runnable" seed="1668777661" result="Passed" start-time="2023-01-06 16:08:31Z" end-time="2023-01-06 16:08:31Z" duration="0.000345" asserts="0">
              <properties>
                <property name="Category" value="GDX.Tests" />
              </properties>
              <output><![CDATA[[Code Coverage] Code Coverage results for visited sequence points were saved in D:/BuildAgent/work/GDX-Documentation/Staging/CodeCoverage/GDX_Development-opencov/EditMode/TestCoverageResults_0223.xml
]]></output>
            </test-case>
            <test-case id="1370" name="RemoveUnmanagedBuffer_ByID_RemovesInstance" fullname="GDX.Developer.DebugDrawTests.RemoveUnmanagedBuffer_ByID_RemovesInstance" methodname="RemoveUnmanagedBuffer_ByID_RemovesInstance" classname="GDX.Developer.DebugDrawTests" runstate="Runnable" seed="1522900156" result="Passed" start-time="2023-01-06 16:08:32Z" end-time="2023-01-06 16:08:32Z" duration="0.000282" asserts="0">
              <properties>
                <property name="Category" value="GDX.Tests" />
              </properties>
              <output><![CDATA[[Code Coverage] Code Coverage results for visited sequence points were saved in D:/BuildAgent/work/GDX-Documentation/Staging/CodeCoverage/GDX_Development-opencov/EditMode/TestCoverageResults_0224.xml
]]></output>
            </test-case>
          </test-suite>
          <test-suite type="TestSuite" id="1754" name="Reports" fullname="GDX.Developer.Reports" runstate="Runnable" testcasecount="20" result="Passed" start-time="2023-01-06 16:08:33Z" end-time="2023-01-06 16:08:55Z" duration="21.261250" total="20" passed="20" failed="0" inconclusive="0" skipped="0" asserts="0">
            <properties />
            <test-suite type="TestFixture" id="1397" name="NUnitReportTests" fullname="GDX.Developer.Reports.NUnitReportTests" classname="GDX.Developer.Reports.NUnitReportTests" runstate="Runnable" testcasecount="13" result="Passed" start-time="2023-01-06 16:08:33Z" end-time="2023-01-06 16:08:47Z" duration="13.624137" total="13" passed="13" failed="0" inconclusive="0" skipped="0" asserts="0">
              <properties />
              <test-case id="1401" name="AddDuration_FailNoFailNoSuite" fullname="GDX.Developer.Reports.NUnitReportTests.AddDuration_FailNoFailNoSuite" methodname="AddDuration_FailNoFailNoSuite" classname="GDX.Developer.Reports.NUnitReportTests" runstate="Runnable" seed="1550644720" result="Passed" start-time="2023-01-06 16:08:33Z" end-time="2023-01-06 16:08:33Z" duration="0.001686" asserts="0">
                <properties>
                  <property name="Category" value="GDX.Tests" />
                </properties>
                <output><![CDATA[[Code Coverage] Code Coverage results for visited sequence points were saved in D:/BuildAgent/work/GDX-Documentation/Staging/CodeCoverage/GDX_Development-opencov/EditMode/TestCoverageResults_0225.xml
]]></output>
              </test-case>
              <test-case id="1402" name="AddDuration_FailWithFailNoSuite" fullname="GDX.Developer.Reports.NUnitReportTests.AddDuration_FailWithFailNoSuite" methodname="AddDuration_FailWithFailNoSuite" classname="GDX.Developer.Reports.NUnitReportTests" runstate="Runnable" seed="1782496876" result="Passed" start-time="2023-01-06 16:08:34Z" end-time="2023-01-06 16:08:34Z" duration="0.000377" asserts="0">
                <properties>
                  <property name="Category" value="GDX.Tests" />
                </properties>
                <output><![CDATA[[Code Coverage] Code Coverage results for visited sequence points were saved in D:/BuildAgent/work/GDX-Documentation/Staging/CodeCoverage/GDX_Development-opencov/EditMode/TestCoverageResults_0226.xml
]]></output>
              </test-case>
              <test-case id="1399" name="AddDuration_PassNoFailNoSuite" fullname="GDX.Developer.Reports.NUnitReportTests.AddDuration_PassNoFailNoSuite" methodname="AddDuration_PassNoFailNoSuite" classname="GDX.Developer.Reports.NUnitReportTests" runstate="Runnable" seed="1828191606" result="Passed" start-time="2023-01-06 16:08:35Z" end-time="2023-01-06 16:08:35Z" duration="0.000377" asserts="0">
                <properties>
                  <property name="Category" value="GDX.Tests" />
                </properties>
                <output><![CDATA[[Code Coverage] Code Coverage results for visited sequence points were saved in D:/BuildAgent/work/GDX-Documentation/Staging/CodeCoverage/GDX_Development-opencov/EditMode/TestCoverageResults_0227.xml
]]></output>
              </test-case>
              <test-case id="1400" name="AddDuration_PassNoFailWithSuite" fullname="GDX.Developer.Reports.NUnitReportTests.AddDuration_PassNoFailWithSuite" methodname="AddDuration_PassNoFailWithSuite" classname="GDX.Developer.Reports.NUnitReportTests" runstate="Runnable" seed="335482887" result="Passed" start-time="2023-01-06 16:08:37Z" end-time="2023-01-06 16:08:37Z" duration="0.000371" asserts="0">
                <properties>
                  <property name="Category" value="GDX.Tests" />
                </properties>
                <output><![CDATA[[Code Coverage] Code Coverage results for visited sequence points were saved in D:/BuildAgent/work/GDX-Documentation/Staging/CodeCoverage/GDX_Development-opencov/EditMode/TestCoverageResults_0228.xml
]]></output>
              </test-case>
              <test-case id="1403" name="AddSkippedTest_NoSkipNoSuite" fullname="GDX.Developer.Reports.NUnitReportTests.AddSkippedTest_NoSkipNoSuite" methodname="AddSkippedTest_NoSkipNoSuite" classname="GDX.Developer.Reports.NUnitReportTests" runstate="Runnable" seed="2012744933" result="Passed" start-time="2023-01-06 16:08:38Z" end-time="2023-01-06 16:08:38Z" duration="0.000516" asserts="0">
                <properties>
                  <property name="Category" value="GDX.Tests" />
                </properties>
                <output><![CDATA[[Code Coverage] Code Coverage results for visited sequence points were saved in D:/BuildAgent/work/GDX-Documentation/Staging/CodeCoverage/GDX_Development-opencov/EditMode/TestCoverageResults_0229.xml
]]></output>
              </test-case>
              <test-case id="1404" name="AddSkippedTest_SkipNoSuite" fullname="GDX.Developer.Reports.NUnitReportTests.AddSkippedTest_SkipNoSuite" methodname="AddSkippedTest_SkipNoSuite" classname="GDX.Developer.Reports.NUnitReportTests" runstate="Runnable" seed="2015929010" result="Passed" start-time="2023-01-06 16:08:39Z" end-time="2023-01-06 16:08:39Z" duration="0.000350" asserts="0">
                <properties>
                  <property name="Category" value="GDX.Tests" />
                </properties>
                <output><![CDATA[[Code Coverage] Code Coverage results for visited sequence points were saved in D:/BuildAgent/work/GDX-Documentation/Staging/CodeCoverage/GDX_Development-opencov/EditMode/TestCoverageResults_0230.xml
]]></output>
              </test-case>
              <test-case id="1405" name="AddSkippedTest_SkipSuite" fullname="GDX.Developer.Reports.NUnitReportTests.AddSkippedTest_SkipSuite" methodname="AddSkippedTest_SkipSuite" classname="GDX.Developer.Reports.NUnitReportTests" runstate="Runnable" seed="1698590641" result="Passed" start-time="2023-01-06 16:08:40Z" end-time="2023-01-06 16:08:40Z" duration="0.000384" asserts="0">
                <properties>
                  <property name="Category" value="GDX.Tests" />
                </properties>
                <output><![CDATA[[Code Coverage] Code Coverage results for visited sequence points were saved in D:/BuildAgent/work/GDX-Documentation/Staging/CodeCoverage/GDX_Development-opencov/EditMode/TestCoverageResults_0231.xml
]]></output>
              </test-case>
              <test-case id="1398" name="Constructor_Create" fullname="GDX.Developer.Reports.NUnitReportTests.Constructor_Create" methodname="Constructor_Create" classname="GDX.Developer.Reports.NUnitReportTests" runstate="Runnable" seed="1214951974" result="Passed" start-time="2023-01-06 16:08:41Z" end-time="2023-01-06 16:08:41Z" duration="0.000417" asserts="0">
                <properties>
                  <property name="Category" value="GDX.Tests" />
                </properties>
                <output><![CDATA[[Code Coverage] Code Coverage results for visited sequence points were saved in D:/BuildAgent/work/GDX-Documentation/Staging/CodeCoverage/GDX_Development-opencov/EditMode/TestCoverageResults_0232.xml
]]></output>
              </test-case>
              <test-case id="1407" name="GetResultCount_NoTestSuites" fullname="GDX.Developer.Reports.NUnitReportTests.GetResultCount_NoTestSuites" methodname="GetResultCount_NoTestSuites" classname="GDX.Developer.Reports.NUnitReportTests" runstate="Runnable" seed="190756553" result="Passed" start-time="2023-01-06 16:08:42Z" end-time="2023-01-06 16:08:42Z" duration="0.001697" asserts="0">
                <properties>
                  <property name="Category" value="GDX.Tests" />
                </properties>
                <output><![CDATA[[Code Coverage] Code Coverage results for visited sequence points were saved in D:/BuildAgent/work/GDX-Documentation/Staging/CodeCoverage/GDX_Development-opencov/EditMode/TestCoverageResults_0233.xml
]]></output>
              </test-case>
              <test-case id="1408" name="GetResultCount_TestSuite" fullname="GDX.Developer.Reports.NUnitReportTests.GetResultCount_TestSuite" methodname="GetResultCount_TestSuite" classname="GDX.Developer.Reports.NUnitReportTests" runstate="Runnable" seed="1727125748" result="Passed" start-time="2023-01-06 16:08:43Z" end-time="2023-01-06 16:08:43Z" duration="0.000319" asserts="0">
                <properties>
                  <property name="Category" value="GDX.Tests" />
                </properties>
                <output><![CDATA[[Code Coverage] Code Coverage results for visited sequence points were saved in D:/BuildAgent/work/GDX-Documentation/Staging/CodeCoverage/GDX_Development-opencov/EditMode/TestCoverageResults_0234.xml
]]></output>
              </test-case>
              <test-case id="1406" name="SetForceFail_Fails" fullname="GDX.Developer.Reports.NUnitReportTests.SetForceFail_Fails" methodname="SetForceFail_Fails" classname="GDX.Developer.Reports.NUnitReportTests" runstate="Runnable" seed="1610703517" result="Passed" start-time="2023-01-06 16:08:44Z" end-time="2023-01-06 16:08:44Z" duration="0.000406" asserts="0">
                <properties>
                  <property name="Category" value="GDX.Tests" />
                </properties>
                <output><![CDATA[[Code Coverage] Code Coverage results for visited sequence points were saved in D:/BuildAgent/work/GDX-Documentation/Staging/CodeCoverage/GDX_Development-opencov/EditMode/TestCoverageResults_0235.xml
]]></output>
              </test-case>
              <test-case id="1409" name="ToString_Fail_ExpectedOutput" fullname="GDX.Developer.Reports.NUnitReportTests.ToString_Fail_ExpectedOutput" methodname="ToString_Fail_ExpectedOutput" classname="GDX.Developer.Reports.NUnitReportTests" runstate="Runnable" seed="372718360" result="Passed" start-time="2023-01-06 16:08:45Z" end-time="2023-01-06 16:08:45Z" duration="0.003014" asserts="0">
                <properties>
                  <property name="Category" value="GDX.Tests" />
                </properties>
                <output><![CDATA[[Code Coverage] Code Coverage results for visited sequence points were saved in D:/BuildAgent/work/GDX-Documentation/Staging/CodeCoverage/GDX_Development-opencov/EditMode/TestCoverageResults_0236.xml
]]></output>
              </test-case>
              <test-case id="1410" name="ToString_Pass_ExpectedOutput" fullname="GDX.Developer.Reports.NUnitReportTests.ToString_Pass_ExpectedOutput" methodname="ToString_Pass_ExpectedOutput" classname="GDX.Developer.Reports.NUnitReportTests" runstate="Runnable" seed="1812275486" result="Passed" start-time="2023-01-06 16:08:46Z" end-time="2023-01-06 16:08:46Z" duration="0.000403" asserts="0">
                <properties>
                  <property name="Category" value="GDX.Tests" />
                </properties>
                <output><![CDATA[[Code Coverage] Code Coverage results for visited sequence points were saved in D:/BuildAgent/work/GDX-Documentation/Staging/CodeCoverage/GDX_Development-opencov/EditMode/TestCoverageResults_0237.xml
]]></output>
              </test-case>
            </test-suite>
            <test-suite type="TestSuite" id="1755" name="Resource" fullname="GDX.Developer.Reports.Resource" runstate="Runnable" testcasecount="3" result="Passed" start-time="2023-01-06 16:08:47Z" end-time="2023-01-06 16:08:50Z" duration="3.137358" total="3" passed="3" failed="0" inconclusive="0" skipped="0" asserts="0">
              <properties />
              <test-suite type="TestFixture" id="1417" name="ResourceReportTests" fullname="GDX.Developer.Reports.Resource.ResourceReportTests" classname="GDX.Developer.Reports.Resource.ResourceReportTests" runstate="Runnable" testcasecount="3" result="Passed" start-time="2023-01-06 16:08:47Z" end-time="2023-01-06 16:08:50Z" duration="3.133893" total="3" passed="3" failed="0" inconclusive="0" skipped="0" asserts="0">
                <properties />
                <test-case id="1418" name="CreateDivider_MockData_CorrectLength" fullname="GDX.Developer.Reports.Resource.ResourceReportTests.CreateDivider_MockData_CorrectLength" methodname="CreateDivider_MockData_CorrectLength" classname="GDX.Developer.Reports.Resource.ResourceReportTests" runstate="Runnable" seed="710566694" result="Passed" start-time="2023-01-06 16:08:47Z" end-time="2023-01-06 16:08:47Z" duration="0.000593" asserts="0">
                  <properties>
                    <property name="Category" value="GDX.Tests" />
                  </properties>
                  <output><![CDATA[[Code Coverage] Code Coverage results for visited sequence points were saved in D:/BuildAgent/work/GDX-Documentation/Staging/CodeCoverage/GDX_Development-opencov/EditMode/TestCoverageResults_0238.xml
]]></output>
                </test-case>
                <test-case id="1419" name="CreateHeader_MockData_CorrectLength" fullname="GDX.Developer.Reports.Resource.ResourceReportTests.CreateHeader_MockData_CorrectLength" methodname="CreateHeader_MockData_CorrectLength" classname="GDX.Developer.Reports.Resource.ResourceReportTests" runstate="Runnable" seed="41138090" result="Passed" start-time="2023-01-06 16:08:48Z" end-time="2023-01-06 16:08:48Z" duration="0.000504" asserts="0">
                  <properties>
                    <property name="Category" value="GDX.Tests" />
                  </properties>
                  <output><![CDATA[[Code Coverage] Code Coverage results for visited sequence points were saved in D:/BuildAgent/work/GDX-Documentation/Staging/CodeCoverage/GDX_Development-opencov/EditMode/TestCoverageResults_0239.xml
]]></output>
                </test-case>
                <test-case id="1420" name="Output_MockData_StringBuilderSameAsStreamWriter" fullname="GDX.Developer.Reports.Resource.ResourceReportTests.Output_MockData_StringBuilderSameAsStreamWriter" methodname="Output_MockData_StringBuilderSameAsStreamWriter" classname="GDX.Developer.Reports.Resource.ResourceReportTests" runstate="Runnable" seed="1684621662" result="Passed" start-time="2023-01-06 16:08:49Z" end-time="2023-01-06 16:08:49Z" duration="0.054257" asserts="0">
                  <properties>
                    <property name="Category" value="GDX.Tests" />
                  </properties>
                  <output><![CDATA[[Code Coverage] Code Coverage results for visited sequence points were saved in D:/BuildAgent/work/GDX-Documentation/Staging/CodeCoverage/GDX_Development-opencov/EditMode/TestCoverageResults_0240.xml
]]></output>
                </test-case>
              </test-suite>
            </test-suite>
            <test-suite type="TestFixture" id="1411" name="ResourcesAuditReportTests" fullname="GDX.Developer.Reports.ResourcesAuditReportTests" classname="GDX.Developer.Reports.ResourcesAuditReportTests" runstate="Runnable" testcasecount="3" result="Passed" start-time="2023-01-06 16:08:50Z" end-time="2023-01-06 16:08:53Z" duration="3.280540" total="3" passed="3" failed="0" inconclusive="0" skipped="0" asserts="0">
              <properties />
              <test-case id="1412" name="Get_MockData_ReturnsObject" fullname="GDX.Developer.Reports.ResourcesAuditReportTests.Get_MockData_ReturnsObject" methodname="Get_MockData_ReturnsObject" classname="GDX.Developer.Reports.ResourcesAuditReportTests" runstate="Runnable" seed="960654625" result="Passed" start-time="2023-01-06 16:08:50Z" end-time="2023-01-06 16:08:50Z" duration="0.005237" asserts="0">
                <properties>
                  <property name="Category" value="GDX.Tests" />
                </properties>
                <output><![CDATA[[Code Coverage] Code Coverage results for visited sequence points were saved in D:/BuildAgent/work/GDX-Documentation/Staging/CodeCoverage/GDX_Development-opencov/EditMode/TestCoverageResults_0241.xml
]]></output>
              </test-case>
              <test-case id="1414" name="Output_GetAll_ReturnsReport" fullname="GDX.Developer.Reports.ResourcesAuditReportTests.Output_GetAll_ReturnsReport" methodname="Output_GetAll_ReturnsReport" classname="GDX.Developer.Reports.ResourcesAuditReportTests" runstate="Runnable" seed="1655285285" result="Passed" start-time="2023-01-06 16:08:51Z" end-time="2023-01-06 16:08:51Z" duration="0.145191" asserts="0">
                <properties>
                  <property name="Category" value="GDX.Tests" />
                </properties>
                <output><![CDATA[[Code Coverage] Code Coverage results for visited sequence points were saved in D:/BuildAgent/work/GDX-Documentation/Staging/CodeCoverage/GDX_Development-opencov/EditMode/TestCoverageResults_0242.xml
]]></output>
              </test-case>
              <test-case id="1413" name="Output_GetCommon_ReturnsReport" fullname="GDX.Developer.Reports.ResourcesAuditReportTests.Output_GetCommon_ReturnsReport" methodname="Output_GetCommon_ReturnsReport" classname="GDX.Developer.Reports.ResourcesAuditReportTests" runstate="Runnable" seed="1538250717" result="Passed" start-time="2023-01-06 16:08:52Z" end-time="2023-01-06 16:08:52Z" duration="0.037450" asserts="0">
                <properties>
                  <property name="Category" value="GDX.Tests" />
                </properties>
                <output><![CDATA[[Code Coverage] Code Coverage results for visited sequence points were saved in D:/BuildAgent/work/GDX-Documentation/Staging/CodeCoverage/GDX_Development-opencov/EditMode/TestCoverageResults_0243.xml
]]></output>
              </test-case>
            </test-suite>
            <test-suite type="TestFixture" id="1415" name="ResourcesDiffReportTests" fullname="GDX.Developer.Reports.ResourcesDiffReportTests" classname="GDX.Developer.Reports.ResourcesDiffReportTests" runstate="Runnable" testcasecount="1" result="Passed" start-time="2023-01-06 16:08:53Z" end-time="2023-01-06 16:08:55Z" duration="1.214123" total="1" passed="1" failed="0" inconclusive="0" skipped="0" asserts="0">
              <properties />
              <test-case id="1416" name="Output_GetCommonAndAll_ReturnsReport" fullname="GDX.Developer.Reports.ResourcesDiffReportTests.Output_GetCommonAndAll_ReturnsReport" methodname="Output_GetCommonAndAll_ReturnsReport" classname="GDX.Developer.Reports.ResourcesDiffReportTests" runstate="Runnable" seed="689276591" result="Passed" start-time="2023-01-06 16:08:53Z" end-time="2023-01-06 16:08:54Z" duration="0.188927" asserts="0">
                <properties>
                  <property name="Category" value="GDX.Tests" />
                </properties>
                <output><![CDATA[[Code Coverage] Code Coverage results for visited sequence points were saved in D:/BuildAgent/work/GDX-Documentation/Staging/CodeCoverage/GDX_Development-opencov/EditMode/TestCoverageResults_0244.xml
]]></output>
              </test-case>
            </test-suite>
          </test-suite>
          <test-suite type="TestFixture" id="1371" name="SemanticVersionTests" fullname="GDX.Developer.SemanticVersionTests" classname="GDX.Developer.SemanticVersionTests" runstate="Runnable" testcasecount="15" result="Passed" start-time="2023-01-06 16:08:55Z" end-time="2023-01-06 16:09:10Z" duration="14.994268" total="15" passed="15" failed="0" inconclusive="0" skipped="0" asserts="0">
            <properties />
            <test-case id="1379" name="Equality_MockData_Matches" fullname="GDX.Developer.SemanticVersionTests.Equality_MockData_Matches" methodname="Equality_MockData_Matches" classname="GDX.Developer.SemanticVersionTests" runstate="Runnable" seed="443428177" result="Passed" start-time="2023-01-06 16:08:55Z" end-time="2023-01-06 16:08:55Z" duration="0.000718" asserts="0">
              <properties>
                <property name="Category" value="GDX.Tests" />
              </properties>
              <output><![CDATA[[Code Coverage] Code Coverage results for visited sequence points were saved in D:/BuildAgent/work/GDX-Documentation/Staging/CodeCoverage/GDX_Development-opencov/EditMode/TestCoverageResults_0245.xml
]]></output>
            </test-case>
            <test-case id="1380" name="Equals_MockData_Matches" fullname="GDX.Developer.SemanticVersionTests.Equals_MockData_Matches" methodname="Equals_MockData_Matches" classname="GDX.Developer.SemanticVersionTests" runstate="Runnable" seed="756961114" result="Passed" start-time="2023-01-06 16:08:56Z" end-time="2023-01-06 16:08:56Z" duration="0.000452" asserts="0">
              <properties>
                <property name="Category" value="GDX.Tests" />
              </properties>
              <output><![CDATA[[Code Coverage] Code Coverage results for visited sequence points were saved in D:/BuildAgent/work/GDX-Documentation/Staging/CodeCoverage/GDX_Development-opencov/EditMode/TestCoverageResults_0246.xml
]]></output>
            </test-case>
            <test-case id="1381" name="GetHashCode_MockData_Valid" fullname="GDX.Developer.SemanticVersionTests.GetHashCode_MockData_Valid" methodname="GetHashCode_MockData_Valid" classname="GDX.Developer.SemanticVersionTests" runstate="Runnable" seed="678345512" result="Passed" start-time="2023-01-06 16:08:57Z" end-time="2023-01-06 16:08:57Z" duration="0.000455" asserts="0">
              <properties>
                <property name="Category" value="GDX.Tests" />
              </properties>
              <output><![CDATA[[Code Coverage] Code Coverage results for visited sequence points were saved in D:/BuildAgent/work/GDX-Documentation/Staging/CodeCoverage/GDX_Development-opencov/EditMode/TestCoverageResults_0247.xml
]]></output>
            </test-case>
            <test-case id="1383" name="GreaterThan_MockData_Evaluate" fullname="GDX.Developer.SemanticVersionTests.GreaterThan_MockData_Evaluate" methodname="GreaterThan_MockData_Evaluate" classname="GDX.Developer.SemanticVersionTests" runstate="Runnable" seed="157054044" result="Passed" start-time="2023-01-06 16:08:58Z" end-time="2023-01-06 16:08:58Z" duration="0.000487" asserts="0">
              <properties>
                <property name="Category" value="GDX.Tests" />
              </properties>
              <output><![CDATA[[Code Coverage] Code Coverage results for visited sequence points were saved in D:/BuildAgent/work/GDX-Documentation/Staging/CodeCoverage/GDX_Development-opencov/EditMode/TestCoverageResults_0248.xml
]]></output>
            </test-case>
            <test-case id="1382" name="GreaterThanOrEqualTo_MockData_Evaluate" fullname="GDX.Developer.SemanticVersionTests.GreaterThanOrEqualTo_MockData_Evaluate" methodname="GreaterThanOrEqualTo_MockData_Evaluate" classname="GDX.Developer.SemanticVersionTests" runstate="Runnable" seed="641381730" result="Passed" start-time="2023-01-06 16:08:59Z" end-time="2023-01-06 16:08:59Z" duration="0.000555" asserts="0">
              <properties>
                <property name="Category" value="GDX.Tests" />
              </properties>
              <output><![CDATA[[Code Coverage] Code Coverage results for visited sequence points were saved in D:/BuildAgent/work/GDX-Documentation/Staging/CodeCoverage/GDX_Development-opencov/EditMode/TestCoverageResults_0249.xml
]]></output>
            </test-case>
            <test-case id="1384" name="Inequality_MockData_DoesNotMatch" fullname="GDX.Developer.SemanticVersionTests.Inequality_MockData_DoesNotMatch" methodname="Inequality_MockData_DoesNotMatch" classname="GDX.Developer.SemanticVersionTests" runstate="Runnable" seed="684343837" result="Passed" start-time="2023-01-06 16:09:00Z" end-time="2023-01-06 16:09:00Z" duration="0.000376" asserts="0">
              <properties>
                <property name="Category" value="GDX.Tests" />
              </properties>
              <output><![CDATA[[Code Coverage] Code Coverage results for visited sequence points were saved in D:/BuildAgent/work/GDX-Documentation/Staging/CodeCoverage/GDX_Development-opencov/EditMode/TestCoverageResults_0250.xml
]]></output>
            </test-case>
            <test-case id="1386" name="LessThan_MockData_Evaluate" fullname="GDX.Developer.SemanticVersionTests.LessThan_MockData_Evaluate" methodname="LessThan_MockData_Evaluate" classname="GDX.Developer.SemanticVersionTests" runstate="Runnable" seed="1578577788" result="Passed" start-time="2023-01-06 16:09:01Z" end-time="2023-01-06 16:09:01Z" duration="0.000488" asserts="0">
              <properties>
                <property name="Category" value="GDX.Tests" />
              </properties>
              <output><![CDATA[[Code Coverage] Code Coverage results for visited sequence points were saved in D:/BuildAgent/work/GDX-Documentation/Staging/CodeCoverage/GDX_Development-opencov/EditMode/TestCoverageResults_0251.xml
]]></output>
            </test-case>
            <test-case id="1385" name="LessThanOrEqualTo_MockData_Evaluate" fullname="GDX.Developer.SemanticVersionTests.LessThanOrEqualTo_MockData_Evaluate" methodname="LessThanOrEqualTo_MockData_Evaluate" classname="GDX.Developer.SemanticVersionTests" runstate="Runnable" seed="1595583958" result="Passed" start-time="2023-01-06 16:09:02Z" end-time="2023-01-06 16:09:02Z" duration="0.000565" asserts="0">
              <properties>
                <property name="Category" value="GDX.Tests" />
              </properties>
              <output><![CDATA[[Code Coverage] Code Coverage results for visited sequence points were saved in D:/BuildAgent/work/GDX-Documentation/Staging/CodeCoverage/GDX_Development-opencov/EditMode/TestCoverageResults_0252.xml
]]></output>
            </test-case>
            <test-case id="1373" name="SemanticVersion_FromString_FourPartsParse" fullname="GDX.Developer.SemanticVersionTests.SemanticVersion_FromString_FourPartsParse" methodname="SemanticVersion_FromString_FourPartsParse" classname="GDX.Developer.SemanticVersionTests" runstate="Runnable" seed="1133556106" result="Passed" start-time="2023-01-06 16:09:03Z" end-time="2023-01-06 16:09:03Z" duration="0.000291" asserts="0">
              <properties>
                <property name="Category" value="GDX.Tests" />
              </properties>
              <output><![CDATA[[Code Coverage] Code Coverage results for visited sequence points were saved in D:/BuildAgent/work/GDX-Documentation/Staging/CodeCoverage/GDX_Development-opencov/EditMode/TestCoverageResults_0253.xml
]]></output>
            </test-case>
            <test-case id="1376" name="SemanticVersion_FromString_OnePartParse" fullname="GDX.Developer.SemanticVersionTests.SemanticVersion_FromString_OnePartParse" methodname="SemanticVersion_FromString_OnePartParse" classname="GDX.Developer.SemanticVersionTests" runstate="Runnable" seed="70390090" result="Passed" start-time="2023-01-06 16:09:04Z" end-time="2023-01-06 16:09:04Z" duration="0.000280" asserts="0">
              <properties>
                <property name="Category" value="GDX.Tests" />
              </properties>
              <output><![CDATA[[Code Coverage] Code Coverage results for visited sequence points were saved in D:/BuildAgent/work/GDX-Documentation/Staging/CodeCoverage/GDX_Development-opencov/EditMode/TestCoverageResults_0254.xml
]]></output>
            </test-case>
            <test-case id="1374" name="SemanticVersion_FromString_ThreePartsParse" fullname="GDX.Developer.SemanticVersionTests.SemanticVersion_FromString_ThreePartsParse" methodname="SemanticVersion_FromString_ThreePartsParse" classname="GDX.Developer.SemanticVersionTests" runstate="Runnable" seed="172843362" result="Passed" start-time="2023-01-06 16:09:05Z" end-time="2023-01-06 16:09:05Z" duration="0.000275" asserts="0">
              <properties>
                <property name="Category" value="GDX.Tests" />
              </properties>
              <output><![CDATA[[Code Coverage] Code Coverage results for visited sequence points were saved in D:/BuildAgent/work/GDX-Documentation/Staging/CodeCoverage/GDX_Development-opencov/EditMode/TestCoverageResults_0255.xml
]]></output>
            </test-case>
            <test-case id="1378" name="SemanticVersion_FromString_TooManyParts" fullname="GDX.Developer.SemanticVersionTests.SemanticVersion_FromString_TooManyParts" methodname="SemanticVersion_FromString_TooManyParts" classname="GDX.Developer.SemanticVersionTests" runstate="Runnable" seed="1179765827" result="Passed" start-time="2023-01-06 16:09:06Z" end-time="2023-01-06 16:09:06Z" duration="0.000280" asserts="0">
              <properties>
                <property name="Category" value="GDX.Tests" />
              </properties>
              <output><![CDATA[[Code Coverage] Code Coverage results for visited sequence points were saved in D:/BuildAgent/work/GDX-Documentation/Staging/CodeCoverage/GDX_Development-opencov/EditMode/TestCoverageResults_0256.xml
]]></output>
            </test-case>
            <test-case id="1375" name="SemanticVersion_FromString_TwoPartsParse" fullname="GDX.Developer.SemanticVersionTests.SemanticVersion_FromString_TwoPartsParse" methodname="SemanticVersion_FromString_TwoPartsParse" classname="GDX.Developer.SemanticVersionTests" runstate="Runnable" seed="1413306781" result="Passed" start-time="2023-01-06 16:09:07Z" end-time="2023-01-06 16:09:07Z" duration="0.000280" asserts="0">
              <properties>
                <property name="Category" value="GDX.Tests" />
              </properties>
              <output><![CDATA[[Code Coverage] Code Coverage results for visited sequence points were saved in D:/BuildAgent/work/GDX-Documentation/Staging/CodeCoverage/GDX_Development-opencov/EditMode/TestCoverageResults_0257.xml
]]></output>
            </test-case>
            <test-case id="1372" name="SemanticVersion_NoVersion_Origin" fullname="GDX.Developer.SemanticVersionTests.SemanticVersion_NoVersion_Origin" methodname="SemanticVersion_NoVersion_Origin" classname="GDX.Developer.SemanticVersionTests" runstate="Runnable" seed="1367390882" result="Passed" start-time="2023-01-06 16:09:08Z" end-time="2023-01-06 16:09:08Z" duration="0.000261" asserts="0">
              <properties>
                <property name="Category" value="GDX.Tests" />
              </properties>
              <output><![CDATA[[Code Coverage] Code coverage results were not saved. Visited sequence points not found. 
Included Assemblies: GDX
Excluded Assemblies: <Not specified>
Included Paths: <Not specified>
Excluded Paths: **.Tests/**,**/BuiltInPackages/**
]]></output>
            </test-case>
            <test-case id="1377" name="SemanticVersion_UnityVersion_ThreePartsParse" fullname="GDX.Developer.SemanticVersionTests.SemanticVersion_UnityVersion_ThreePartsParse" methodname="SemanticVersion_UnityVersion_ThreePartsParse" classname="GDX.Developer.SemanticVersionTests" runstate="Runnable" seed="1096967955" result="Passed" start-time="2023-01-06 16:09:09Z" end-time="2023-01-06 16:09:09Z" duration="0.000285" asserts="0">
              <properties>
                <property name="Category" value="GDX.Tests" />
              </properties>
              <output><![CDATA[[Code Coverage] Code Coverage results for visited sequence points were saved in D:/BuildAgent/work/GDX-Documentation/Staging/CodeCoverage/GDX_Development-opencov/EditMode/TestCoverageResults_0258.xml
]]></output>
            </test-case>
          </test-suite>
          <test-suite type="TestFixture" id="1387" name="TextGeneratorTests" fullname="GDX.Developer.TextGeneratorTests" classname="GDX.Developer.TextGeneratorTests" runstate="Runnable" testcasecount="2" result="Passed" start-time="2023-01-06 16:09:10Z" end-time="2023-01-06 16:09:12Z" duration="2.022771" total="2" passed="2" failed="0" inconclusive="0" skipped="0" asserts="0">
            <properties />
            <test-case id="1388" name="AppendLineRange_MockData_AddsContent" fullname="GDX.Developer.TextGeneratorTests.AppendLineRange_MockData_AddsContent" methodname="AppendLineRange_MockData_AddsContent" classname="GDX.Developer.TextGeneratorTests" runstate="Runnable" seed="1865638460" result="Passed" start-time="2023-01-06 16:09:10Z" end-time="2023-01-06 16:09:10Z" duration="0.000508" asserts="0">
              <properties>
                <property name="Category" value="GDX.Tests" />
              </properties>
              <output><![CDATA[[Code Coverage] Code Coverage results for visited sequence points were saved in D:/BuildAgent/work/GDX-Documentation/Staging/CodeCoverage/GDX_Development-opencov/EditMode/TestCoverageResults_0259.xml
]]></output>
            </test-case>
            <test-case id="1389" name="PopIndent_IndentLevelLessThenZero_DoesNothing" fullname="GDX.Developer.TextGeneratorTests.PopIndent_IndentLevelLessThenZero_DoesNothing" methodname="PopIndent_IndentLevelLessThenZero_DoesNothing" classname="GDX.Developer.TextGeneratorTests" runstate="Runnable" seed="137533029" result="Passed" start-time="2023-01-06 16:09:11Z" end-time="2023-01-06 16:09:11Z" duration="0.000344" asserts="0">
              <properties>
                <property name="Category" value="GDX.Tests" />
              </properties>
              <output><![CDATA[[Code Coverage] Code Coverage results for visited sequence points were saved in D:/BuildAgent/work/GDX-Documentation/Staging/CodeCoverage/GDX_Development-opencov/EditMode/TestCoverageResults_0260.xml
]]></output>
            </test-case>
          </test-suite>
          <test-suite type="TestFixture" id="1390" name="TransientReferenceTests" fullname="GDX.Developer.TransientReferenceTests" classname="GDX.Developer.TransientReferenceTests" runstate="Runnable" testcasecount="6" result="Passed" start-time="2023-01-06 16:09:12Z" end-time="2023-01-06 16:09:18Z" duration="6.584481" total="6" passed="6" failed="0" inconclusive="0" skipped="0" asserts="0">
            <properties />
            <test-case id="1394" name="CompareTo_BadTransientReference_ReturnsZero" fullname="GDX.Developer.TransientReferenceTests.CompareTo_BadTransientReference_ReturnsZero" methodname="CompareTo_BadTransientReference_ReturnsZero" classname="GDX.Developer.TransientReferenceTests" runstate="Runnable" seed="1388556348" result="Passed" start-time="2023-01-06 16:09:12Z" end-time="2023-01-06 16:09:12Z" duration="0.000590" asserts="0">
              <properties>
                <property name="Category" value="GDX.Tests" />
              </properties>
              <output><![CDATA[[Code Coverage] Code Coverage results for visited sequence points were saved in D:/BuildAgent/work/GDX-Documentation/Staging/CodeCoverage/GDX_Development-opencov/EditMode/TestCoverageResults_0261.xml
]]></output>
            </test-case>
            <test-case id="1393" name="CompareTo_DuplicateTransientReference_ReturnsOne" fullname="GDX.Developer.TransientReferenceTests.CompareTo_DuplicateTransientReference_ReturnsOne" methodname="CompareTo_DuplicateTransientReference_ReturnsOne" classname="GDX.Developer.TransientReferenceTests" runstate="Runnable" seed="1901450566" result="Passed" start-time="2023-01-06 16:09:13Z" end-time="2023-01-06 16:09:13Z" duration="0.000322" asserts="0">
              <properties>
                <property name="Category" value="GDX.Tests" />
              </properties>
              <output><![CDATA[[Code Coverage] Code Coverage results for visited sequence points were saved in D:/BuildAgent/work/GDX-Documentation/Staging/CodeCoverage/GDX_Development-opencov/EditMode/TestCoverageResults_0262.xml
]]></output>
            </test-case>
            <test-case id="1395" name="CompareTo_OriginalObject_ReturnsOne" fullname="GDX.Developer.TransientReferenceTests.CompareTo_OriginalObject_ReturnsOne" methodname="CompareTo_OriginalObject_ReturnsOne" classname="GDX.Developer.TransientReferenceTests" runstate="Runnable" seed="645448243" result="Passed" start-time="2023-01-06 16:09:14Z" end-time="2023-01-06 16:09:14Z" duration="0.000376" asserts="0">
              <properties>
                <property name="Category" value="GDX.Tests" />
              </properties>
              <output><![CDATA[[Code Coverage] Code Coverage results for visited sequence points were saved in D:/BuildAgent/work/GDX-Documentation/Staging/CodeCoverage/GDX_Development-opencov/EditMode/TestCoverageResults_0263.xml
]]></output>
            </test-case>
            <test-case id="1396" name="CompareTo_WeakReference_ReturnsOne" fullname="GDX.Developer.TransientReferenceTests.CompareTo_WeakReference_ReturnsOne" methodname="CompareTo_WeakReference_ReturnsOne" classname="GDX.Developer.TransientReferenceTests" runstate="Runnable" seed="1878970776" result="Passed" start-time="2023-01-06 16:09:15Z" end-time="2023-01-06 16:09:15Z" duration="0.000654" asserts="0">
              <properties>
                <property name="Category" value="GDX.Tests" />
              </properties>
              <output><![CDATA[[Code Coverage] Code Coverage results for visited sequence points were saved in D:/BuildAgent/work/GDX-Documentation/Staging/CodeCoverage/GDX_Development-opencov/EditMode/TestCoverageResults_0264.xml
]]></output>
            </test-case>
            <test-case id="1391" name="TransientReference_ObjectBased_CreatedReference" fullname="GDX.Developer.TransientReferenceTests.TransientReference_ObjectBased_CreatedReference" methodname="TransientReference_ObjectBased_CreatedReference" classname="GDX.Developer.TransientReferenceTests" runstate="Runnable" seed="757917944" result="Passed" start-time="2023-01-06 16:09:16Z" end-time="2023-01-06 16:09:16Z" duration="0.000291" asserts="0">
              <properties>
                <property name="Category" value="GDX.Tests" />
              </properties>
              <output><![CDATA[[Code Coverage] Code Coverage results for visited sequence points were saved in D:/BuildAgent/work/GDX-Documentation/Staging/CodeCoverage/GDX_Development-opencov/EditMode/TestCoverageResults_0265.xml
]]></output>
            </test-case>
            <test-case id="1392" name="TransientReference_ObjectBasedResurrection_CreatedReference" fullname="GDX.Developer.TransientReferenceTests.TransientReference_ObjectBasedResurrection_CreatedReference" methodname="TransientReference_ObjectBasedResurrection_CreatedReference" classname="GDX.Developer.TransientReferenceTests" runstate="Runnable" seed="1210334446" result="Passed" start-time="2023-01-06 16:09:17Z" end-time="2023-01-06 16:09:17Z" duration="0.000268" asserts="0">
              <properties>
                <property name="Category" value="GDX.Tests" />
              </properties>
              <output><![CDATA[[Code Coverage] Code Coverage results for visited sequence points were saved in D:/BuildAgent/work/GDX-Documentation/Staging/CodeCoverage/GDX_Development-opencov/EditMode/TestCoverageResults_0266.xml
]]></output>
            </test-case>
          </test-suite>
        </test-suite>
        <test-suite type="TestFixture" id="1052" name="GameObjectExtensionsTests" fullname="GDX.GameObjectExtensionsTests" classname="GDX.GameObjectExtensionsTests" runstate="Runnable" testcasecount="2" result="Passed" start-time="2023-01-06 16:09:18Z" end-time="2023-01-06 16:09:20Z" duration="2.019882" total="2" passed="2" failed="0" inconclusive="0" skipped="0" asserts="0">
          <properties />
          <test-case id="1053" name="GetFirstComponentInChildrenComplex_" fullname="GDX.GameObjectExtensionsTests.GetFirstComponentInChildrenComplex_" methodname="GetFirstComponentInChildrenComplex_" classname="GDX.GameObjectExtensionsTests" runstate="Runnable" seed="1620178839" result="Passed" start-time="2023-01-06 16:09:18Z" end-time="2023-01-06 16:09:18Z" duration="0.000209" asserts="0">
            <properties>
              <property name="Category" value="GDX.Tests" />
            </properties>
            <output><![CDATA[[Code Coverage] Code coverage results were not saved. Visited sequence points not found. 
Included Assemblies: GDX
Excluded Assemblies: <Not specified>
Included Paths: <Not specified>
Excluded Paths: **.Tests/**,**/BuiltInPackages/**
]]></output>
          </test-case>
          <test-case id="1054" name="GetOrAddComponent_" fullname="GDX.GameObjectExtensionsTests.GetOrAddComponent_" methodname="GetOrAddComponent_" classname="GDX.GameObjectExtensionsTests" runstate="Runnable" seed="1501162486" result="Passed" start-time="2023-01-06 16:09:19Z" end-time="2023-01-06 16:09:19Z" duration="0.000225" asserts="0">
            <properties>
              <property name="Category" value="GDX.Tests" />
            </properties>
            <output><![CDATA[[Code Coverage] Code coverage results were not saved. Visited sequence points not found. 
Included Assemblies: GDX
Excluded Assemblies: <Not specified>
Included Paths: <Not specified>
Excluded Paths: **.Tests/**,**/BuiltInPackages/**
]]></output>
          </test-case>
        </test-suite>
        <test-suite type="TestSuite" id="1752" name="IO" fullname="GDX.IO" runstate="Runnable" testcasecount="4" result="Passed" start-time="2023-01-06 16:09:20Z" end-time="2023-01-06 16:09:24Z" duration="4.122948" total="4" passed="4" failed="0" inconclusive="0" skipped="0" asserts="0">
          <properties />
          <test-suite type="TestFixture" id="1358" name="CoalesceStreamTests" fullname="GDX.IO.CoalesceStreamTests" classname="GDX.IO.CoalesceStreamTests" runstate="Runnable" testcasecount="4" result="Passed" start-time="2023-01-06 16:09:20Z" end-time="2023-01-06 16:09:24Z" duration="4.120168" total="4" passed="4" failed="0" inconclusive="0" skipped="0" asserts="0">
            <properties />
            <test-case id="1360" name="Constructor_Bytes" fullname="GDX.IO.CoalesceStreamTests.Constructor_Bytes" methodname="Constructor_Bytes" classname="GDX.IO.CoalesceStreamTests" runstate="Runnable" seed="1377114120" result="Passed" start-time="2023-01-06 16:09:20Z" end-time="2023-01-06 16:09:20Z" duration="0.001966" asserts="0">
              <properties>
                <property name="Category" value="GDX.Tests" />
              </properties>
              <output><![CDATA[[Code Coverage] Code Coverage results for visited sequence points were saved in D:/BuildAgent/work/GDX-Documentation/Staging/CodeCoverage/GDX_Development-opencov/EditMode/TestCoverageResults_0267.xml
]]></output>
            </test-case>
            <test-case id="1359" name="Constructor_Empty" fullname="GDX.IO.CoalesceStreamTests.Constructor_Empty" methodname="Constructor_Empty" classname="GDX.IO.CoalesceStreamTests" runstate="Runnable" seed="1066354324" result="Passed" start-time="2023-01-06 16:09:21Z" end-time="2023-01-06 16:09:21Z" duration="0.000597" asserts="0">
              <properties>
                <property name="Category" value="GDX.Tests" />
              </properties>
              <output><![CDATA[[Code Coverage] Code Coverage results for visited sequence points were saved in D:/BuildAgent/work/GDX-Documentation/Staging/CodeCoverage/GDX_Development-opencov/EditMode/TestCoverageResults_0268.xml
]]></output>
            </test-case>
            <test-case id="1362" name="ReadByte_Empty_NegativeOne" fullname="GDX.IO.CoalesceStreamTests.ReadByte_Empty_NegativeOne" methodname="ReadByte_Empty_NegativeOne" classname="GDX.IO.CoalesceStreamTests" runstate="Runnable" seed="693664461" result="Passed" start-time="2023-01-06 16:09:22Z" end-time="2023-01-06 16:09:22Z" duration="0.000480" asserts="0">
              <properties>
                <property name="Category" value="GDX.Tests" />
              </properties>
              <output><![CDATA[[Code Coverage] Code Coverage results for visited sequence points were saved in D:/BuildAgent/work/GDX-Documentation/Staging/CodeCoverage/GDX_Development-opencov/EditMode/TestCoverageResults_0269.xml
]]></output>
            </test-case>
            <test-case id="1361" name="ReadByte_MockData_Valid" fullname="GDX.IO.CoalesceStreamTests.ReadByte_MockData_Valid" methodname="ReadByte_MockData_Valid" classname="GDX.IO.CoalesceStreamTests" runstate="Runnable" seed="218206891" result="Passed" start-time="2023-01-06 16:09:23Z" end-time="2023-01-06 16:09:23Z" duration="0.000406" asserts="0">
              <properties>
                <property name="Category" value="GDX.Tests" />
              </properties>
              <output><![CDATA[[Code Coverage] Code Coverage results for visited sequence points were saved in D:/BuildAgent/work/GDX-Documentation/Staging/CodeCoverage/GDX_Development-opencov/EditMode/TestCoverageResults_0270.xml
]]></output>
            </test-case>
          </test-suite>
        </test-suite>
        <test-suite type="TestSuite" id="1750" name="Jobs" fullname="GDX.Jobs" runstate="Runnable" testcasecount="2" result="Passed" start-time="2023-01-06 16:09:24Z" end-time="2023-01-06 16:09:26Z" duration="2.003684" total="2" passed="2" failed="0" inconclusive="0" skipped="0" asserts="0">
          <properties />
          <test-suite type="TestSuite" id="1751" name="ParallelFor" fullname="GDX.Jobs.ParallelFor" runstate="Runnable" testcasecount="2" result="Passed" start-time="2023-01-06 16:09:24Z" end-time="2023-01-06 16:09:26Z" duration="2.000868" total="2" passed="2" failed="0" inconclusive="0" skipped="0" asserts="0">
            <properties />
            <test-suite type="TestFixture" id="1355" name="Color32CompareJobTests" fullname="GDX.Jobs.ParallelFor.Color32CompareJobTests" classname="GDX.Jobs.ParallelFor.Color32CompareJobTests" runstate="Runnable" testcasecount="2" result="Passed" start-time="2023-01-06 16:09:24Z" end-time="2023-01-06 16:09:26Z" duration="1.996645" total="2" passed="2" failed="0" inconclusive="0" skipped="0" asserts="0">
              <properties />
              <test-case id="1357" name="Compare_WhiteBlack_Different" fullname="GDX.Jobs.ParallelFor.Color32CompareJobTests.Compare_WhiteBlack_Different" methodname="Compare_WhiteBlack_Different" classname="GDX.Jobs.ParallelFor.Color32CompareJobTests" runstate="Runnable" seed="1255259539" result="Passed" start-time="2023-01-06 16:09:24Z" end-time="2023-01-06 16:09:24Z" duration="0.004283" asserts="0">
                <properties>
                  <property name="Category" value="GDX.Tests" />
                </properties>
                <output><![CDATA[[Code Coverage] Code coverage results were not saved. Visited sequence points not found. 
Included Assemblies: GDX
Excluded Assemblies: <Not specified>
Included Paths: <Not specified>
Excluded Paths: **.Tests/**,**/BuiltInPackages/**
]]></output>
              </test-case>
              <test-case id="1356" name="Compare_WhiteTexture_Same" fullname="GDX.Jobs.ParallelFor.Color32CompareJobTests.Compare_WhiteTexture_Same" methodname="Compare_WhiteTexture_Same" classname="GDX.Jobs.ParallelFor.Color32CompareJobTests" runstate="Runnable" seed="847250384" result="Passed" start-time="2023-01-06 16:09:25Z" end-time="2023-01-06 16:09:25Z" duration="0.000510" asserts="0">
                <properties>
                  <property name="Category" value="GDX.Tests" />
                </properties>
                <output><![CDATA[[Code Coverage] Code coverage results were not saved. Visited sequence points not found. 
Included Assemblies: GDX
Excluded Assemblies: <Not specified>
Included Paths: <Not specified>
Excluded Paths: **.Tests/**,**/BuiltInPackages/**
]]></output>
              </test-case>
            </test-suite>
          </test-suite>
        </test-suite>
        <test-suite type="TestFixture" id="1055" name="ListExtensionsTests" fullname="GDX.ListExtensionsTests" classname="GDX.ListExtensionsTests" runstate="Runnable" testcasecount="11" result="Passed" start-time="2023-01-06 16:09:26Z" end-time="2023-01-06 16:09:37Z" duration="10.735303" total="11" passed="11" failed="0" inconclusive="0" skipped="0" asserts="0">
          <properties />
          <test-case id="1057" name="AddUniqueItem_NonUniqueItem_ReturnsFalse" fullname="GDX.ListExtensionsTests.AddUniqueItem_NonUniqueItem_ReturnsFalse" methodname="AddUniqueItem_NonUniqueItem_ReturnsFalse" classname="GDX.ListExtensionsTests" runstate="Runnable" seed="322279777" result="Passed" start-time="2023-01-06 16:09:26Z" end-time="2023-01-06 16:09:26Z" duration="0.000663" asserts="0">
            <properties>
              <property name="Category" value="GDX.Tests" />
            </properties>
            <output><![CDATA[[Code Coverage] Code coverage results were not saved. Visited sequence points not found. 
Included Assemblies: GDX
Excluded Assemblies: <Not specified>
Included Paths: <Not specified>
Excluded Paths: **.Tests/**,**/BuiltInPackages/**
]]></output>
          </test-case>
          <test-case id="1056" name="AddUniqueItem_UniqueItem_ReturnsTrue" fullname="GDX.ListExtensionsTests.AddUniqueItem_UniqueItem_ReturnsTrue" methodname="AddUniqueItem_UniqueItem_ReturnsTrue" classname="GDX.ListExtensionsTests" runstate="Runnable" seed="1383198441" result="Passed" start-time="2023-01-06 16:09:27Z" end-time="2023-01-06 16:09:27Z" duration="0.000506" asserts="0">
            <properties>
              <property name="Category" value="GDX.Tests" />
            </properties>
            <output><![CDATA[[Code Coverage] Code coverage results were not saved. Visited sequence points not found. 
Included Assemblies: GDX
Excluded Assemblies: <Not specified>
Included Paths: <Not specified>
Excluded Paths: **.Tests/**,**/BuiltInPackages/**
]]></output>
          </test-case>
          <test-case id="1058" name="ContainsItem_MockData_FindsItem" fullname="GDX.ListExtensionsTests.ContainsItem_MockData_FindsItem" methodname="ContainsItem_MockData_FindsItem" classname="GDX.ListExtensionsTests" runstate="Runnable" seed="62817907" result="Passed" start-time="2023-01-06 16:09:28Z" end-time="2023-01-06 16:09:28Z" duration="0.000340" asserts="0">
            <properties>
              <property name="Category" value="GDX.Tests" />
            </properties>
            <output><![CDATA[[Code Coverage] Code coverage results were not saved. Visited sequence points not found. 
Included Assemblies: GDX
Excluded Assemblies: <Not specified>
Included Paths: <Not specified>
Excluded Paths: **.Tests/**,**/BuiltInPackages/**
]]></output>
          </test-case>
          <test-case id="1059" name="ContainsItem_StringArray_FindsItem" fullname="GDX.ListExtensionsTests.ContainsItem_StringArray_FindsItem" methodname="ContainsItem_StringArray_FindsItem" classname="GDX.ListExtensionsTests" runstate="Runnable" seed="1509189824" result="Passed" start-time="2023-01-06 16:09:29Z" end-time="2023-01-06 16:09:29Z" duration="0.000294" asserts="0">
            <properties>
              <property name="Category" value="GDX.Tests" />
            </properties>
            <output><![CDATA[[Code Coverage] Code coverage results were not saved. Visited sequence points not found. 
Included Assemblies: GDX
Excluded Assemblies: <Not specified>
Included Paths: <Not specified>
Excluded Paths: **.Tests/**,**/BuiltInPackages/**
]]></output>
          </test-case>
          <test-case id="1061" name="RemoveFirstItem_BadMockData_ReturnsFalse" fullname="GDX.ListExtensionsTests.RemoveFirstItem_BadMockData_ReturnsFalse" methodname="RemoveFirstItem_BadMockData_ReturnsFalse" classname="GDX.ListExtensionsTests" runstate="Runnable" seed="1710402396" result="Passed" start-time="2023-01-06 16:09:30Z" end-time="2023-01-06 16:09:30Z" duration="0.000521" asserts="0">
            <properties>
              <property name="Category" value="GDX.Tests" />
            </properties>
            <output><![CDATA[[Code Coverage] Code coverage results were not saved. Visited sequence points not found. 
Included Assemblies: GDX
Excluded Assemblies: <Not specified>
Included Paths: <Not specified>
Excluded Paths: **.Tests/**,**/BuiltInPackages/**
]]></output>
          </test-case>
          <test-case id="1060" name="RemoveFirstItem_MockData_RemovedItem" fullname="GDX.ListExtensionsTests.RemoveFirstItem_MockData_RemovedItem" methodname="RemoveFirstItem_MockData_RemovedItem" classname="GDX.ListExtensionsTests" runstate="Runnable" seed="1702732732" result="Passed" start-time="2023-01-06 16:09:31Z" end-time="2023-01-06 16:09:31Z" duration="0.000455" asserts="0">
            <properties>
              <property name="Category" value="GDX.Tests" />
            </properties>
            <output><![CDATA[[Code Coverage] Code coverage results were not saved. Visited sequence points not found. 
Included Assemblies: GDX
Excluded Assemblies: <Not specified>
Included Paths: <Not specified>
Excluded Paths: **.Tests/**,**/BuiltInPackages/**
]]></output>
          </test-case>
          <test-case id="1065" name="RemoveItems_MockData_RemovedItems" fullname="GDX.ListExtensionsTests.RemoveItems_MockData_RemovedItems" methodname="RemoveItems_MockData_RemovedItems" classname="GDX.ListExtensionsTests" runstate="Runnable" seed="1150730156" result="Passed" start-time="2023-01-06 16:09:32Z" end-time="2023-01-06 16:09:32Z" duration="0.000517" asserts="0">
            <properties>
              <property name="Category" value="GDX.Tests" />
            </properties>
            <output><![CDATA[[Code Coverage] Code coverage results were not saved. Visited sequence points not found. 
Included Assemblies: GDX
Excluded Assemblies: <Not specified>
Included Paths: <Not specified>
Excluded Paths: **.Tests/**,**/BuiltInPackages/**
]]></output>
          </test-case>
          <test-case id="1062" name="RemoveItemSwap_MockData_RemovedItem" fullname="GDX.ListExtensionsTests.RemoveItemSwap_MockData_RemovedItem" methodname="RemoveItemSwap_MockData_RemovedItem" classname="GDX.ListExtensionsTests" runstate="Runnable" seed="1512725609" result="Passed" start-time="2023-01-06 16:09:33Z" end-time="2023-01-06 16:09:33Z" duration="0.000556" asserts="0">
            <properties>
              <property name="Category" value="GDX.Tests" />
            </properties>
            <output><![CDATA[[Code Coverage] Code coverage results were not saved. Visited sequence points not found. 
Included Assemblies: GDX
Excluded Assemblies: <Not specified>
Included Paths: <Not specified>
Excluded Paths: **.Tests/**,**/BuiltInPackages/**
]]></output>
          </test-case>
          <test-case id="1064" name="RemoveLastItem_BadMockData_ReturnsFalse" fullname="GDX.ListExtensionsTests.RemoveLastItem_BadMockData_ReturnsFalse" methodname="RemoveLastItem_BadMockData_ReturnsFalse" classname="GDX.ListExtensionsTests" runstate="Runnable" seed="1144940376" result="Passed" start-time="2023-01-06 16:09:34Z" end-time="2023-01-06 16:09:34Z" duration="0.000493" asserts="0">
            <properties>
              <property name="Category" value="GDX.Tests" />
            </properties>
            <output><![CDATA[[Code Coverage] Code coverage results were not saved. Visited sequence points not found. 
Included Assemblies: GDX
Excluded Assemblies: <Not specified>
Included Paths: <Not specified>
Excluded Paths: **.Tests/**,**/BuiltInPackages/**
]]></output>
          </test-case>
          <test-case id="1063" name="RemoveLastItem_MockData_RemovedItems" fullname="GDX.ListExtensionsTests.RemoveLastItem_MockData_RemovedItems" methodname="RemoveLastItem_MockData_RemovedItems" classname="GDX.ListExtensionsTests" runstate="Runnable" seed="2103625874" result="Passed" start-time="2023-01-06 16:09:35Z" end-time="2023-01-06 16:09:35Z" duration="0.000389" asserts="0">
            <properties>
              <property name="Category" value="GDX.Tests" />
            </properties>
            <output><![CDATA[[Code Coverage] Code coverage results were not saved. Visited sequence points not found. 
Included Assemblies: GDX
Excluded Assemblies: <Not specified>
Included Paths: <Not specified>
Excluded Paths: **.Tests/**,**/BuiltInPackages/**
]]></output>
          </test-case>
          <test-case id="1066" name="Shuffle_MockData_HasDifferences" fullname="GDX.ListExtensionsTests.Shuffle_MockData_HasDifferences" methodname="Shuffle_MockData_HasDifferences" classname="GDX.ListExtensionsTests" runstate="Runnable" seed="1695509746" result="Passed" start-time="2023-01-06 16:09:36Z" end-time="2023-01-06 16:09:36Z" duration="0.000791" asserts="0">
            <properties>
              <property name="Category" value="GDX.Tests" />
            </properties>
            <output><![CDATA[[Code Coverage] Code Coverage results for visited sequence points were saved in D:/BuildAgent/work/GDX-Documentation/Staging/CodeCoverage/GDX_Development-opencov/EditMode/TestCoverageResults_0271.xml
]]></output>
          </test-case>
        </test-suite>
        <test-suite type="TestFixture" id="1067" name="LocalizationTests" fullname="GDX.LocalizationTests" classname="GDX.LocalizationTests" runstate="Runnable" testcasecount="3" result="Passed" start-time="2023-01-06 16:09:37Z" end-time="2023-01-06 16:09:40Z" duration="3.007076" total="3" passed="3" failed="0" inconclusive="0" skipped="0" asserts="0">
          <properties />
          <test-case id="1068" name="GetHumanReadableFileSize_100_ReturnsValidString" fullname="GDX.LocalizationTests.GetHumanReadableFileSize_100_ReturnsValidString" methodname="GetHumanReadableFileSize_100_ReturnsValidString" classname="GDX.LocalizationTests" runstate="Runnable" seed="744015236" result="Passed" start-time="2023-01-06 16:09:37Z" end-time="2023-01-06 16:09:37Z" duration="0.000256" asserts="0">
            <properties>
              <property name="Category" value="GDX.Tests" />
            </properties>
            <output><![CDATA[[Code Coverage] Code Coverage results for visited sequence points were saved in D:/BuildAgent/work/GDX-Documentation/Staging/CodeCoverage/GDX_Development-opencov/EditMode/TestCoverageResults_0272.xml
]]></output>
          </test-case>
          <test-case id="1069" name="GetHumanReadableFileSize_1024_ReturnsValidString" fullname="GDX.LocalizationTests.GetHumanReadableFileSize_1024_ReturnsValidString" methodname="GetHumanReadableFileSize_1024_ReturnsValidString" classname="GDX.LocalizationTests" runstate="Runnable" seed="141861994" result="Passed" start-time="2023-01-06 16:09:38Z" end-time="2023-01-06 16:09:38Z" duration="0.000282" asserts="0">
            <properties>
              <property name="Category" value="GDX.Tests" />
            </properties>
            <output><![CDATA[[Code Coverage] Code Coverage results for visited sequence points were saved in D:/BuildAgent/work/GDX-Documentation/Staging/CodeCoverage/GDX_Development-opencov/EditMode/TestCoverageResults_0273.xml
]]></output>
          </test-case>
          <test-case id="1070" name="GetHumanReadableFileSize_1048576_ReturnsValidString" fullname="GDX.LocalizationTests.GetHumanReadableFileSize_1048576_ReturnsValidString" methodname="GetHumanReadableFileSize_1048576_ReturnsValidString" classname="GDX.LocalizationTests" runstate="Runnable" seed="1368572394" result="Passed" start-time="2023-01-06 16:09:39Z" end-time="2023-01-06 16:09:39Z" duration="0.000288" asserts="0">
            <properties>
              <property name="Category" value="GDX.Tests" />
            </properties>
            <output><![CDATA[[Code Coverage] Code Coverage results for visited sequence points were saved in D:/BuildAgent/work/GDX-Documentation/Staging/CodeCoverage/GDX_Development-opencov/EditMode/TestCoverageResults_0274.xml
]]></output>
          </test-case>
        </test-suite>
        <test-suite type="TestSuite" id="1748" name="Mathematics" fullname="GDX.Mathematics" runstate="Runnable" testcasecount="91" result="Passed" start-time="2023-01-06 16:09:40Z" end-time="2023-01-06 16:11:13Z" duration="92.901723" total="91" passed="91" failed="0" inconclusive="0" skipped="0" asserts="0">
          <properties />
          <test-suite type="TestFixture" id="1259" name="Byte2Tests" fullname="GDX.Mathematics.Byte2Tests" classname="GDX.Mathematics.Byte2Tests" runstate="Runnable" testcasecount="37" result="Passed" start-time="2023-01-06 16:09:40Z" end-time="2023-01-06 16:10:18Z" duration="37.848492" total="37" passed="37" failed="0" inconclusive="0" skipped="0" asserts="0">
            <properties />
            <test-case id="1276" name="Accessor_Get_InRange" fullname="GDX.Mathematics.Byte2Tests.Accessor_Get_InRange" methodname="Accessor_Get_InRange" classname="GDX.Mathematics.Byte2Tests" runstate="Runnable" seed="1684199694" result="Passed" start-time="2023-01-06 16:09:40Z" end-time="2023-01-06 16:09:40Z" duration="0.000381" asserts="0">
              <properties>
                <property name="Category" value="GDX.Tests" />
              </properties>
              <output><![CDATA[[Code Coverage] Code Coverage results for visited sequence points were saved in D:/BuildAgent/work/GDX-Documentation/Staging/CodeCoverage/GDX_Development-opencov/EditMode/TestCoverageResults_0275.xml
]]></output>
            </test-case>
            <test-case id="1277" name="Accessor_Get_OutOfRange" fullname="GDX.Mathematics.Byte2Tests.Accessor_Get_OutOfRange" methodname="Accessor_Get_OutOfRange" classname="GDX.Mathematics.Byte2Tests" runstate="Runnable" seed="899538961" result="Passed" start-time="2023-01-06 16:09:41Z" end-time="2023-01-06 16:09:41Z" duration="0.000435" asserts="0">
              <properties>
                <property name="Category" value="GDX.Tests" />
              </properties>
              <output><![CDATA[[Code Coverage] Code Coverage results for visited sequence points were saved in D:/BuildAgent/work/GDX-Documentation/Staging/CodeCoverage/GDX_Development-opencov/EditMode/TestCoverageResults_0276.xml
]]></output>
            </test-case>
            <test-case id="1278" name="Accessor_Set_InRange" fullname="GDX.Mathematics.Byte2Tests.Accessor_Set_InRange" methodname="Accessor_Set_InRange" classname="GDX.Mathematics.Byte2Tests" runstate="Runnable" seed="549485926" result="Passed" start-time="2023-01-06 16:09:42Z" end-time="2023-01-06 16:09:42Z" duration="0.000400" asserts="0">
              <properties>
                <property name="Category" value="GDX.Tests" />
              </properties>
              <output><![CDATA[[Code Coverage] Code Coverage results for visited sequence points were saved in D:/BuildAgent/work/GDX-Documentation/Staging/CodeCoverage/GDX_Development-opencov/EditMode/TestCoverageResults_0277.xml
]]></output>
            </test-case>
            <test-case id="1279" name="Accessor_Set_OutOfRange" fullname="GDX.Mathematics.Byte2Tests.Accessor_Set_OutOfRange" methodname="Accessor_Set_OutOfRange" classname="GDX.Mathematics.Byte2Tests" runstate="Runnable" seed="961401961" result="Passed" start-time="2023-01-06 16:09:43Z" end-time="2023-01-06 16:09:43Z" duration="0.000436" asserts="0">
              <properties>
                <property name="Category" value="GDX.Tests" />
              </properties>
              <output><![CDATA[[Code Coverage] Code Coverage results for visited sequence points were saved in D:/BuildAgent/work/GDX-Documentation/Staging/CodeCoverage/GDX_Development-opencov/EditMode/TestCoverageResults_0278.xml
]]></output>
            </test-case>
            <test-case id="1264" name="Constructor_CreateFromBool" fullname="GDX.Mathematics.Byte2Tests.Constructor_CreateFromBool" methodname="Constructor_CreateFromBool" classname="GDX.Mathematics.Byte2Tests" runstate="Runnable" seed="8155495" result="Passed" start-time="2023-01-06 16:09:44Z" end-time="2023-01-06 16:09:44Z" duration="0.000366" asserts="0">
              <properties>
                <property name="Category" value="GDX.Tests" />
              </properties>
              <output><![CDATA[[Code Coverage] Code Coverage results for visited sequence points were saved in D:/BuildAgent/work/GDX-Documentation/Staging/CodeCoverage/GDX_Development-opencov/EditMode/TestCoverageResults_0279.xml
]]></output>
            </test-case>
            <test-case id="1265" name="Constructor_CreateFromBool2" fullname="GDX.Mathematics.Byte2Tests.Constructor_CreateFromBool2" methodname="Constructor_CreateFromBool2" classname="GDX.Mathematics.Byte2Tests" runstate="Runnable" seed="619754189" result="Passed" start-time="2023-01-06 16:09:45Z" end-time="2023-01-06 16:09:45Z" duration="0.000504" asserts="0">
              <properties>
                <property name="Category" value="GDX.Tests" />
              </properties>
              <output><![CDATA[[Code Coverage] Code Coverage results for visited sequence points were saved in D:/BuildAgent/work/GDX-Documentation/Staging/CodeCoverage/GDX_Development-opencov/EditMode/TestCoverageResults_0280.xml
]]></output>
            </test-case>
            <test-case id="1262" name="Constructor_CreateFromByte" fullname="GDX.Mathematics.Byte2Tests.Constructor_CreateFromByte" methodname="Constructor_CreateFromByte" classname="GDX.Mathematics.Byte2Tests" runstate="Runnable" seed="1780771394" result="Passed" start-time="2023-01-06 16:09:46Z" end-time="2023-01-06 16:09:46Z" duration="0.000387" asserts="0">
              <properties>
                <property name="Category" value="GDX.Tests" />
              </properties>
              <output><![CDATA[[Code Coverage] Code Coverage results for visited sequence points were saved in D:/BuildAgent/work/GDX-Documentation/Staging/CodeCoverage/GDX_Development-opencov/EditMode/TestCoverageResults_0281.xml
]]></output>
            </test-case>
            <test-case id="1263" name="Constructor_CreateFromByte2" fullname="GDX.Mathematics.Byte2Tests.Constructor_CreateFromByte2" methodname="Constructor_CreateFromByte2" classname="GDX.Mathematics.Byte2Tests" runstate="Runnable" seed="1637440417" result="Passed" start-time="2023-01-06 16:09:47Z" end-time="2023-01-06 16:09:47Z" duration="0.000386" asserts="0">
              <properties>
                <property name="Category" value="GDX.Tests" />
              </properties>
              <output><![CDATA[[Code Coverage] Code Coverage results for visited sequence points were saved in D:/BuildAgent/work/GDX-Documentation/Staging/CodeCoverage/GDX_Development-opencov/EditMode/TestCoverageResults_0282.xml
]]></output>
            </test-case>
            <test-case id="1261" name="Constructor_CreateFromBytes" fullname="GDX.Mathematics.Byte2Tests.Constructor_CreateFromBytes" methodname="Constructor_CreateFromBytes" classname="GDX.Mathematics.Byte2Tests" runstate="Runnable" seed="907229496" result="Passed" start-time="2023-01-06 16:09:48Z" end-time="2023-01-06 16:09:48Z" duration="0.000375" asserts="0">
              <properties>
                <property name="Category" value="GDX.Tests" />
              </properties>
              <output><![CDATA[[Code Coverage] Code Coverage results for visited sequence points were saved in D:/BuildAgent/work/GDX-Documentation/Staging/CodeCoverage/GDX_Development-opencov/EditMode/TestCoverageResults_0283.xml
]]></output>
            </test-case>
            <test-case id="1268" name="Constructor_CreateFromDouble" fullname="GDX.Mathematics.Byte2Tests.Constructor_CreateFromDouble" methodname="Constructor_CreateFromDouble" classname="GDX.Mathematics.Byte2Tests" runstate="Runnable" seed="1685007099" result="Passed" start-time="2023-01-06 16:09:49Z" end-time="2023-01-06 16:09:49Z" duration="0.000380" asserts="0">
              <properties>
                <property name="Category" value="GDX.Tests" />
              </properties>
              <output><![CDATA[[Code Coverage] Code Coverage results for visited sequence points were saved in D:/BuildAgent/work/GDX-Documentation/Staging/CodeCoverage/GDX_Development-opencov/EditMode/TestCoverageResults_0284.xml
]]></output>
            </test-case>
            <test-case id="1269" name="Constructor_CreateFromDouble2" fullname="GDX.Mathematics.Byte2Tests.Constructor_CreateFromDouble2" methodname="Constructor_CreateFromDouble2" classname="GDX.Mathematics.Byte2Tests" runstate="Runnable" seed="2062201992" result="Passed" start-time="2023-01-06 16:09:50Z" end-time="2023-01-06 16:09:50Z" duration="0.000514" asserts="0">
              <properties>
                <property name="Category" value="GDX.Tests" />
              </properties>
              <output><![CDATA[[Code Coverage] Code Coverage results for visited sequence points were saved in D:/BuildAgent/work/GDX-Documentation/Staging/CodeCoverage/GDX_Development-opencov/EditMode/TestCoverageResults_0285.xml
]]></output>
            </test-case>
            <test-case id="1266" name="Constructor_CreateFromFloat" fullname="GDX.Mathematics.Byte2Tests.Constructor_CreateFromFloat" methodname="Constructor_CreateFromFloat" classname="GDX.Mathematics.Byte2Tests" runstate="Runnable" seed="608370555" result="Passed" start-time="2023-01-06 16:09:51Z" end-time="2023-01-06 16:09:51Z" duration="0.000379" asserts="0">
              <properties>
                <property name="Category" value="GDX.Tests" />
              </properties>
              <output><![CDATA[[Code Coverage] Code Coverage results for visited sequence points were saved in D:/BuildAgent/work/GDX-Documentation/Staging/CodeCoverage/GDX_Development-opencov/EditMode/TestCoverageResults_0286.xml
]]></output>
            </test-case>
            <test-case id="1267" name="Constructor_CreateFromFloat2" fullname="GDX.Mathematics.Byte2Tests.Constructor_CreateFromFloat2" methodname="Constructor_CreateFromFloat2" classname="GDX.Mathematics.Byte2Tests" runstate="Runnable" seed="556129630" result="Passed" start-time="2023-01-06 16:09:52Z" end-time="2023-01-06 16:09:52Z" duration="0.000471" asserts="0">
              <properties>
                <property name="Category" value="GDX.Tests" />
              </properties>
              <output><![CDATA[[Code Coverage] Code Coverage results for visited sequence points were saved in D:/BuildAgent/work/GDX-Documentation/Staging/CodeCoverage/GDX_Development-opencov/EditMode/TestCoverageResults_0287.xml
]]></output>
            </test-case>
            <test-case id="1260" name="Constructor_CreateFromInteger" fullname="GDX.Mathematics.Byte2Tests.Constructor_CreateFromInteger" methodname="Constructor_CreateFromInteger" classname="GDX.Mathematics.Byte2Tests" runstate="Runnable" seed="543182097" result="Passed" start-time="2023-01-06 16:09:53Z" end-time="2023-01-06 16:09:53Z" duration="0.000308" asserts="0">
              <properties>
                <property name="Category" value="GDX.Tests" />
              </properties>
              <output><![CDATA[[Code Coverage] Code Coverage results for visited sequence points were saved in D:/BuildAgent/work/GDX-Documentation/Staging/CodeCoverage/GDX_Development-opencov/EditMode/TestCoverageResults_0288.xml
]]></output>
            </test-case>
            <test-case id="1280" name="Equals_Compare_Byte2" fullname="GDX.Mathematics.Byte2Tests.Equals_Compare_Byte2" methodname="Equals_Compare_Byte2" classname="GDX.Mathematics.Byte2Tests" runstate="Runnable" seed="736828405" result="Passed" start-time="2023-01-06 16:09:54Z" end-time="2023-01-06 16:09:54Z" duration="0.000417" asserts="0">
              <properties>
                <property name="Category" value="GDX.Tests" />
              </properties>
              <output><![CDATA[[Code Coverage] Code Coverage results for visited sequence points were saved in D:/BuildAgent/work/GDX-Documentation/Staging/CodeCoverage/GDX_Development-opencov/EditMode/TestCoverageResults_0289.xml
]]></output>
            </test-case>
            <test-case id="1281" name="Equals_Compare_Object" fullname="GDX.Mathematics.Byte2Tests.Equals_Compare_Object" methodname="Equals_Compare_Object" classname="GDX.Mathematics.Byte2Tests" runstate="Runnable" seed="920425743" result="Passed" start-time="2023-01-06 16:09:55Z" end-time="2023-01-06 16:09:55Z" duration="0.000459" asserts="0">
              <properties>
                <property name="Category" value="GDX.Tests" />
              </properties>
              <output><![CDATA[[Code Coverage] Code Coverage results for visited sequence points were saved in D:/BuildAgent/work/GDX-Documentation/Staging/CodeCoverage/GDX_Development-opencov/EditMode/TestCoverageResults_0290.xml
]]></output>
            </test-case>
            <test-case id="1295" name="Operator_Addition_Byte" fullname="GDX.Mathematics.Byte2Tests.Operator_Addition_Byte" methodname="Operator_Addition_Byte" classname="GDX.Mathematics.Byte2Tests" runstate="Runnable" seed="838725635" result="Passed" start-time="2023-01-06 16:09:56Z" end-time="2023-01-06 16:09:56Z" duration="0.000437" asserts="0">
              <properties>
                <property name="Category" value="GDX.Tests" />
              </properties>
              <output><![CDATA[[Code Coverage] Code Coverage results for visited sequence points were saved in D:/BuildAgent/work/GDX-Documentation/Staging/CodeCoverage/GDX_Development-opencov/EditMode/TestCoverageResults_0291.xml
]]></output>
            </test-case>
            <test-case id="1294" name="Operator_Addition_Byte2" fullname="GDX.Mathematics.Byte2Tests.Operator_Addition_Byte2" methodname="Operator_Addition_Byte2" classname="GDX.Mathematics.Byte2Tests" runstate="Runnable" seed="79387868" result="Passed" start-time="2023-01-06 16:09:57Z" end-time="2023-01-06 16:09:57Z" duration="0.000378" asserts="0">
              <properties>
                <property name="Category" value="GDX.Tests" />
              </properties>
              <output><![CDATA[[Code Coverage] Code Coverage results for visited sequence points were saved in D:/BuildAgent/work/GDX-Documentation/Staging/CodeCoverage/GDX_Development-opencov/EditMode/TestCoverageResults_0292.xml
]]></output>
            </test-case>
            <test-case id="1296" name="Operator_Addition_ByteBy" fullname="GDX.Mathematics.Byte2Tests.Operator_Addition_ByteBy" methodname="Operator_Addition_ByteBy" classname="GDX.Mathematics.Byte2Tests" runstate="Runnable" seed="1079713147" result="Passed" start-time="2023-01-06 16:09:58Z" end-time="2023-01-06 16:09:58Z" duration="0.000410" asserts="0">
              <properties>
                <property name="Category" value="GDX.Tests" />
              </properties>
              <output><![CDATA[[Code Coverage] Code Coverage results for visited sequence points were saved in D:/BuildAgent/work/GDX-Documentation/Staging/CodeCoverage/GDX_Development-opencov/EditMode/TestCoverageResults_0293.xml
]]></output>
            </test-case>
            <test-case id="1285" name="Operator_Explicit_Bool" fullname="GDX.Mathematics.Byte2Tests.Operator_Explicit_Bool" methodname="Operator_Explicit_Bool" classname="GDX.Mathematics.Byte2Tests" runstate="Runnable" seed="1296312258" result="Passed" start-time="2023-01-06 16:09:59Z" end-time="2023-01-06 16:09:59Z" duration="0.000364" asserts="0">
              <properties>
                <property name="Category" value="GDX.Tests" />
              </properties>
              <output><![CDATA[[Code Coverage] Code Coverage results for visited sequence points were saved in D:/BuildAgent/work/GDX-Documentation/Staging/CodeCoverage/GDX_Development-opencov/EditMode/TestCoverageResults_0294.xml
]]></output>
            </test-case>
            <test-case id="1288" name="Operator_Explicit_Bool2" fullname="GDX.Mathematics.Byte2Tests.Operator_Explicit_Bool2" methodname="Operator_Explicit_Bool2" classname="GDX.Mathematics.Byte2Tests" runstate="Runnable" seed="1288570863" result="Passed" start-time="2023-01-06 16:10:00Z" end-time="2023-01-06 16:10:00Z" duration="0.000377" asserts="0">
              <properties>
                <property name="Category" value="GDX.Tests" />
              </properties>
              <output><![CDATA[[Code Coverage] Code Coverage results for visited sequence points were saved in D:/BuildAgent/work/GDX-Documentation/Staging/CodeCoverage/GDX_Development-opencov/EditMode/TestCoverageResults_0295.xml
]]></output>
            </test-case>
            <test-case id="1287" name="Operator_Explicit_Double" fullname="GDX.Mathematics.Byte2Tests.Operator_Explicit_Double" methodname="Operator_Explicit_Double" classname="GDX.Mathematics.Byte2Tests" runstate="Runnable" seed="338924925" result="Passed" start-time="2023-01-06 16:10:01Z" end-time="2023-01-06 16:10:01Z" duration="0.000404" asserts="0">
              <properties>
                <property name="Category" value="GDX.Tests" />
              </properties>
              <output><![CDATA[[Code Coverage] Code Coverage results for visited sequence points were saved in D:/BuildAgent/work/GDX-Documentation/Staging/CodeCoverage/GDX_Development-opencov/EditMode/TestCoverageResults_0296.xml
]]></output>
            </test-case>
            <test-case id="1290" name="Operator_Explicit_Double2" fullname="GDX.Mathematics.Byte2Tests.Operator_Explicit_Double2" methodname="Operator_Explicit_Double2" classname="GDX.Mathematics.Byte2Tests" runstate="Runnable" seed="166696671" result="Passed" start-time="2023-01-06 16:10:02Z" end-time="2023-01-06 16:10:02Z" duration="0.000384" asserts="0">
              <properties>
                <property name="Category" value="GDX.Tests" />
              </properties>
              <output><![CDATA[[Code Coverage] Code Coverage results for visited sequence points were saved in D:/BuildAgent/work/GDX-Documentation/Staging/CodeCoverage/GDX_Development-opencov/EditMode/TestCoverageResults_0297.xml
]]></output>
            </test-case>
            <test-case id="1286" name="Operator_Explicit_Float" fullname="GDX.Mathematics.Byte2Tests.Operator_Explicit_Float" methodname="Operator_Explicit_Float" classname="GDX.Mathematics.Byte2Tests" runstate="Runnable" seed="770066700" result="Passed" start-time="2023-01-06 16:10:03Z" end-time="2023-01-06 16:10:03Z" duration="0.000357" asserts="0">
              <properties>
                <property name="Category" value="GDX.Tests" />
              </properties>
              <output><![CDATA[[Code Coverage] Code Coverage results for visited sequence points were saved in D:/BuildAgent/work/GDX-Documentation/Staging/CodeCoverage/GDX_Development-opencov/EditMode/TestCoverageResults_0298.xml
]]></output>
            </test-case>
            <test-case id="1289" name="Operator_Explicit_Float2" fullname="GDX.Mathematics.Byte2Tests.Operator_Explicit_Float2" methodname="Operator_Explicit_Float2" classname="GDX.Mathematics.Byte2Tests" runstate="Runnable" seed="872680192" result="Passed" start-time="2023-01-06 16:10:04Z" end-time="2023-01-06 16:10:04Z" duration="0.000377" asserts="0">
              <properties>
                <property name="Category" value="GDX.Tests" />
              </properties>
              <output><![CDATA[[Code Coverage] Code Coverage results for visited sequence points were saved in D:/BuildAgent/work/GDX-Documentation/Staging/CodeCoverage/GDX_Development-opencov/EditMode/TestCoverageResults_0299.xml
]]></output>
            </test-case>
            <test-case id="1284" name="Operator_Implicit_Byte" fullname="GDX.Mathematics.Byte2Tests.Operator_Implicit_Byte" methodname="Operator_Implicit_Byte" classname="GDX.Mathematics.Byte2Tests" runstate="Runnable" seed="1091892656" result="Passed" start-time="2023-01-06 16:10:06Z" end-time="2023-01-06 16:10:06Z" duration="0.001815" asserts="0">
              <properties>
                <property name="Category" value="GDX.Tests" />
              </properties>
              <output><![CDATA[[Code Coverage] Code Coverage results for visited sequence points were saved in D:/BuildAgent/work/GDX-Documentation/Staging/CodeCoverage/GDX_Development-opencov/EditMode/TestCoverageResults_0300.xml
]]></output>
            </test-case>
            <test-case id="1291" name="Operator_Multiply_Byte" fullname="GDX.Mathematics.Byte2Tests.Operator_Multiply_Byte" methodname="Operator_Multiply_Byte" classname="GDX.Mathematics.Byte2Tests" runstate="Runnable" seed="1364924489" result="Passed" start-time="2023-01-06 16:10:07Z" end-time="2023-01-06 16:10:07Z" duration="0.000377" asserts="0">
              <properties>
                <property name="Category" value="GDX.Tests" />
              </properties>
              <output><![CDATA[[Code Coverage] Code Coverage results for visited sequence points were saved in D:/BuildAgent/work/GDX-Documentation/Staging/CodeCoverage/GDX_Development-opencov/EditMode/TestCoverageResults_0301.xml
]]></output>
            </test-case>
            <test-case id="1292" name="Operator_Multiply_Byte2" fullname="GDX.Mathematics.Byte2Tests.Operator_Multiply_Byte2" methodname="Operator_Multiply_Byte2" classname="GDX.Mathematics.Byte2Tests" runstate="Runnable" seed="218009165" result="Passed" start-time="2023-01-06 16:10:08Z" end-time="2023-01-06 16:10:08Z" duration="0.000392" asserts="0">
              <properties>
                <property name="Category" value="GDX.Tests" />
              </properties>
              <output><![CDATA[[Code Coverage] Code Coverage results for visited sequence points were saved in D:/BuildAgent/work/GDX-Documentation/Staging/CodeCoverage/GDX_Development-opencov/EditMode/TestCoverageResults_0302.xml
]]></output>
            </test-case>
            <test-case id="1293" name="Operator_Multiply_ByteBy" fullname="GDX.Mathematics.Byte2Tests.Operator_Multiply_ByteBy" methodname="Operator_Multiply_ByteBy" classname="GDX.Mathematics.Byte2Tests" runstate="Runnable" seed="1395597358" result="Passed" start-time="2023-01-06 16:10:09Z" end-time="2023-01-06 16:10:09Z" duration="0.000365" asserts="0">
              <properties>
                <property name="Category" value="GDX.Tests" />
              </properties>
              <output><![CDATA[[Code Coverage] Code Coverage results for visited sequence points were saved in D:/BuildAgent/work/GDX-Documentation/Staging/CodeCoverage/GDX_Development-opencov/EditMode/TestCoverageResults_0303.xml
]]></output>
            </test-case>
            <test-case id="1283" name="ToString_Format_ByteIntegerValues" fullname="GDX.Mathematics.Byte2Tests.ToString_Format_ByteIntegerValues" methodname="ToString_Format_ByteIntegerValues" classname="GDX.Mathematics.Byte2Tests" runstate="Runnable" seed="152402141" result="Passed" start-time="2023-01-06 16:10:10Z" end-time="2023-01-06 16:10:10Z" duration="0.000618" asserts="0">
              <properties>
                <property name="Category" value="GDX.Tests" />
              </properties>
              <output><![CDATA[[Code Coverage] Code Coverage results for visited sequence points were saved in D:/BuildAgent/work/GDX-Documentation/Staging/CodeCoverage/GDX_Development-opencov/EditMode/TestCoverageResults_0304.xml
]]></output>
            </test-case>
            <test-case id="1282" name="ToString_Output_ByteIntegerValues" fullname="GDX.Mathematics.Byte2Tests.ToString_Output_ByteIntegerValues" methodname="ToString_Output_ByteIntegerValues" classname="GDX.Mathematics.Byte2Tests" runstate="Runnable" seed="968481460" result="Passed" start-time="2023-01-06 16:10:11Z" end-time="2023-01-06 16:10:11Z" duration="0.000443" asserts="0">
              <properties>
                <property name="Category" value="GDX.Tests" />
              </properties>
              <output><![CDATA[[Code Coverage] Code Coverage results for visited sequence points were saved in D:/BuildAgent/work/GDX-Documentation/Staging/CodeCoverage/GDX_Development-opencov/EditMode/TestCoverageResults_0305.xml
]]></output>
            </test-case>
            <test-case id="1270" name="XX_CreateNew" fullname="GDX.Mathematics.Byte2Tests.XX_CreateNew" methodname="XX_CreateNew" classname="GDX.Mathematics.Byte2Tests" runstate="Runnable" seed="1168978125" result="Passed" start-time="2023-01-06 16:10:12Z" end-time="2023-01-06 16:10:12Z" duration="0.000357" asserts="0">
              <properties>
                <property name="Category" value="GDX.Tests" />
              </properties>
              <output><![CDATA[[Code Coverage] Code Coverage results for visited sequence points were saved in D:/BuildAgent/work/GDX-Documentation/Staging/CodeCoverage/GDX_Development-opencov/EditMode/TestCoverageResults_0306.xml
]]></output>
            </test-case>
            <test-case id="1271" name="XY_CreateNew" fullname="GDX.Mathematics.Byte2Tests.XY_CreateNew" methodname="XY_CreateNew" classname="GDX.Mathematics.Byte2Tests" runstate="Runnable" seed="1415577876" result="Passed" start-time="2023-01-06 16:10:13Z" end-time="2023-01-06 16:10:13Z" duration="0.000398" asserts="0">
              <properties>
                <property name="Category" value="GDX.Tests" />
              </properties>
              <output><![CDATA[[Code Coverage] Code Coverage results for visited sequence points were saved in D:/BuildAgent/work/GDX-Documentation/Staging/CodeCoverage/GDX_Development-opencov/EditMode/TestCoverageResults_0307.xml
]]></output>
            </test-case>
            <test-case id="1272" name="XY_SetValue" fullname="GDX.Mathematics.Byte2Tests.XY_SetValue" methodname="XY_SetValue" classname="GDX.Mathematics.Byte2Tests" runstate="Runnable" seed="1825831778" result="Passed" start-time="2023-01-06 16:10:14Z" end-time="2023-01-06 16:10:14Z" duration="0.000365" asserts="0">
              <properties>
                <property name="Category" value="GDX.Tests" />
              </properties>
              <output><![CDATA[[Code Coverage] Code Coverage results for visited sequence points were saved in D:/BuildAgent/work/GDX-Documentation/Staging/CodeCoverage/GDX_Development-opencov/EditMode/TestCoverageResults_0308.xml
]]></output>
            </test-case>
            <test-case id="1273" name="YX_CreateNew" fullname="GDX.Mathematics.Byte2Tests.YX_CreateNew" methodname="YX_CreateNew" classname="GDX.Mathematics.Byte2Tests" runstate="Runnable" seed="729386688" result="Passed" start-time="2023-01-06 16:10:15Z" end-time="2023-01-06 16:10:15Z" duration="0.000346" asserts="0">
              <properties>
                <property name="Category" value="GDX.Tests" />
              </properties>
              <output><![CDATA[[Code Coverage] Code Coverage results for visited sequence points were saved in D:/BuildAgent/work/GDX-Documentation/Staging/CodeCoverage/GDX_Development-opencov/EditMode/TestCoverageResults_0309.xml
]]></output>
            </test-case>
            <test-case id="1274" name="YX_SetValue" fullname="GDX.Mathematics.Byte2Tests.YX_SetValue" methodname="YX_SetValue" classname="GDX.Mathematics.Byte2Tests" runstate="Runnable" seed="641064905" result="Passed" start-time="2023-01-06 16:10:16Z" end-time="2023-01-06 16:10:16Z" duration="0.000358" asserts="0">
              <properties>
                <property name="Category" value="GDX.Tests" />
              </properties>
              <output><![CDATA[[Code Coverage] Code Coverage results for visited sequence points were saved in D:/BuildAgent/work/GDX-Documentation/Staging/CodeCoverage/GDX_Development-opencov/EditMode/TestCoverageResults_0310.xml
]]></output>
            </test-case>
            <test-case id="1275" name="YY_CreateNew" fullname="GDX.Mathematics.Byte2Tests.YY_CreateNew" methodname="YY_CreateNew" classname="GDX.Mathematics.Byte2Tests" runstate="Runnable" seed="1018765673" result="Passed" start-time="2023-01-06 16:10:17Z" end-time="2023-01-06 16:10:17Z" duration="0.000356" asserts="0">
              <properties>
                <property name="Category" value="GDX.Tests" />
              </properties>
              <output><![CDATA[[Code Coverage] Code Coverage results for visited sequence points were saved in D:/BuildAgent/work/GDX-Documentation/Staging/CodeCoverage/GDX_Development-opencov/EditMode/TestCoverageResults_0311.xml
]]></output>
            </test-case>
          </test-suite>
          <test-suite type="TestSuite" id="1749" name="Random" fullname="GDX.Mathematics.Random" runstate="Runnable" testcasecount="42" result="Passed" start-time="2023-01-06 16:10:18Z" end-time="2023-01-06 16:11:01Z" duration="42.956883" total="42" passed="42" failed="0" inconclusive="0" skipped="0" asserts="0">
            <properties />
            <test-suite type="TestFixture" id="1310" name="RandomAdaptorTests" fullname="GDX.Mathematics.Random.RandomAdaptorTests" classname="GDX.Mathematics.Random.RandomAdaptorTests" runstate="Runnable" testcasecount="6" result="Passed" start-time="2023-01-06 16:10:18Z" end-time="2023-01-06 16:10:24Z" duration="6.026564" total="6" passed="6" failed="0" inconclusive="0" skipped="0" asserts="0">
              <properties />
              <test-case id="1313" name="Next_MaxValue_ValuesInRange" fullname="GDX.Mathematics.Random.RandomAdaptorTests.Next_MaxValue_ValuesInRange" methodname="Next_MaxValue_ValuesInRange" classname="GDX.Mathematics.Random.RandomAdaptorTests" runstate="Runnable" seed="1329826541" result="Passed" start-time="2023-01-06 16:10:18Z" end-time="2023-01-06 16:10:18Z" duration="0.000499" asserts="0">
                <properties>
                  <property name="Category" value="GDX.Tests" />
                </properties>
                <output><![CDATA[[Code Coverage] Code Coverage results for visited sequence points were saved in D:/BuildAgent/work/GDX-Documentation/Staging/CodeCoverage/GDX_Development-opencov/EditMode/TestCoverageResults_0312.xml
]]></output>
              </test-case>
              <test-case id="1312" name="Next_MockData_DifferentValues" fullname="GDX.Mathematics.Random.RandomAdaptorTests.Next_MockData_DifferentValues" methodname="Next_MockData_DifferentValues" classname="GDX.Mathematics.Random.RandomAdaptorTests" runstate="Runnable" seed="952903462" result="Passed" start-time="2023-01-06 16:10:19Z" end-time="2023-01-06 16:10:19Z" duration="0.000839" asserts="0">
                <properties>
                  <property name="Category" value="GDX.Tests" />
                </properties>
                <output><![CDATA[[Code Coverage] Code Coverage results for visited sequence points were saved in D:/BuildAgent/work/GDX-Documentation/Staging/CodeCoverage/GDX_Development-opencov/EditMode/TestCoverageResults_0313.xml
]]></output>
              </test-case>
              <test-case id="1314" name="Next_Range_ValuesInRange" fullname="GDX.Mathematics.Random.RandomAdaptorTests.Next_Range_ValuesInRange" methodname="Next_Range_ValuesInRange" classname="GDX.Mathematics.Random.RandomAdaptorTests" runstate="Runnable" seed="2108283524" result="Passed" start-time="2023-01-06 16:10:20Z" end-time="2023-01-06 16:10:20Z" duration="0.000450" asserts="0">
                <properties>
                  <property name="Category" value="GDX.Tests" />
                </properties>
                <output><![CDATA[[Code Coverage] Code Coverage results for visited sequence points were saved in D:/BuildAgent/work/GDX-Documentation/Staging/CodeCoverage/GDX_Development-opencov/EditMode/TestCoverageResults_0314.xml
]]></output>
              </test-case>
              <test-case id="1316" name="NextBytes_MockData_FillsBuffer" fullname="GDX.Mathematics.Random.RandomAdaptorTests.NextBytes_MockData_FillsBuffer" methodname="NextBytes_MockData_FillsBuffer" classname="GDX.Mathematics.Random.RandomAdaptorTests" runstate="Runnable" seed="239329432" result="Passed" start-time="2023-01-06 16:10:21Z" end-time="2023-01-06 16:10:21Z" duration="0.000546" asserts="0">
                <properties>
                  <property name="Category" value="GDX.Tests" />
                </properties>
                <output><![CDATA[[Code Coverage] Code Coverage results for visited sequence points were saved in D:/BuildAgent/work/GDX-Documentation/Staging/CodeCoverage/GDX_Development-opencov/EditMode/TestCoverageResults_0315.xml
]]></output>
              </test-case>
              <test-case id="1315" name="NextDouble_MockData_DifferentValues" fullname="GDX.Mathematics.Random.RandomAdaptorTests.NextDouble_MockData_DifferentValues" methodname="NextDouble_MockData_DifferentValues" classname="GDX.Mathematics.Random.RandomAdaptorTests" runstate="Runnable" seed="1471796223" result="Passed" start-time="2023-01-06 16:10:22Z" end-time="2023-01-06 16:10:22Z" duration="0.000522" asserts="0">
                <properties>
                  <property name="Category" value="GDX.Tests" />
                </properties>
                <output><![CDATA[[Code Coverage] Code Coverage results for visited sequence points were saved in D:/BuildAgent/work/GDX-Documentation/Staging/CodeCoverage/GDX_Development-opencov/EditMode/TestCoverageResults_0316.xml
]]></output>
              </test-case>
              <test-case id="1311" name="RandomAdaptor_FromWELL1024a_Created" fullname="GDX.Mathematics.Random.RandomAdaptorTests.RandomAdaptor_FromWELL1024a_Created" methodname="RandomAdaptor_FromWELL1024a_Created" classname="GDX.Mathematics.Random.RandomAdaptorTests" runstate="Runnable" seed="1210787886" result="Passed" start-time="2023-01-06 16:10:23Z" end-time="2023-01-06 16:10:23Z" duration="0.000373" asserts="0">
                <properties>
                  <property name="Category" value="GDX.Tests" />
                </properties>
                <output><![CDATA[[Code Coverage] Code Coverage results for visited sequence points were saved in D:/BuildAgent/work/GDX-Documentation/Staging/CodeCoverage/GDX_Development-opencov/EditMode/TestCoverageResults_0317.xml
]]></output>
              </test-case>
            </test-suite>
            <test-suite type="TestFixture" id="1317" name="RandomWrapperTests" fullname="GDX.Mathematics.Random.RandomWrapperTests" classname="GDX.Mathematics.Random.RandomWrapperTests" runstate="Runnable" testcasecount="11" result="Passed" start-time="2023-01-06 16:10:24Z" end-time="2023-01-06 16:10:35Z" duration="11.098569" total="11" passed="11" failed="0" inconclusive="0" skipped="0" asserts="0">
              <properties />
              <test-case id="1321" name="NextBoolean_FixedSeed_ReturnsFalse" fullname="GDX.Mathematics.Random.RandomWrapperTests.NextBoolean_FixedSeed_ReturnsFalse" methodname="NextBoolean_FixedSeed_ReturnsFalse" classname="GDX.Mathematics.Random.RandomWrapperTests" runstate="Runnable" seed="1296825815" result="Passed" start-time="2023-01-06 16:10:24Z" end-time="2023-01-06 16:10:24Z" duration="0.000468" asserts="0">
                <properties>
                  <property name="Category" value="GDX.Tests" />
                </properties>
                <output><![CDATA[[Code Coverage] Code Coverage results for visited sequence points were saved in D:/BuildAgent/work/GDX-Documentation/Staging/CodeCoverage/GDX_Development-opencov/EditMode/TestCoverageResults_0318.xml
]]></output>
              </test-case>
              <test-case id="1320" name="NextBoolean_FixedSeed_ReturnsTrue" fullname="GDX.Mathematics.Random.RandomWrapperTests.NextBoolean_FixedSeed_ReturnsTrue" methodname="NextBoolean_FixedSeed_ReturnsTrue" classname="GDX.Mathematics.Random.RandomWrapperTests" runstate="Runnable" seed="2053957905" result="Passed" start-time="2023-01-06 16:10:25Z" end-time="2023-01-06 16:10:25Z" duration="0.000321" asserts="0">
                <properties>
                  <property name="Category" value="GDX.Tests" />
                </properties>
                <output><![CDATA[[Code Coverage] Code Coverage results for visited sequence points were saved in D:/BuildAgent/work/GDX-Documentation/Staging/CodeCoverage/GDX_Development-opencov/EditMode/TestCoverageResults_0319.xml
]]></output>
              </test-case>
              <test-case id="1322" name="NextBytes_MockData_FillsBuffer" fullname="GDX.Mathematics.Random.RandomWrapperTests.NextBytes_MockData_FillsBuffer" methodname="NextBytes_MockData_FillsBuffer" classname="GDX.Mathematics.Random.RandomWrapperTests" runstate="Runnable" seed="1968130227" result="Passed" start-time="2023-01-06 16:10:26Z" end-time="2023-01-06 16:10:26Z" duration="0.000509" asserts="0">
                <properties>
                  <property name="Category" value="GDX.Tests" />
                </properties>
                <output><![CDATA[[Code Coverage] Code Coverage results for visited sequence points were saved in D:/BuildAgent/work/GDX-Documentation/Staging/CodeCoverage/GDX_Development-opencov/EditMode/TestCoverageResults_0320.xml
]]></output>
              </test-case>
              <test-case id="1323" name="NextDouble_MockData_InRange" fullname="GDX.Mathematics.Random.RandomWrapperTests.NextDouble_MockData_InRange" methodname="NextDouble_MockData_InRange" classname="GDX.Mathematics.Random.RandomWrapperTests" runstate="Runnable" seed="963477231" result="Passed" start-time="2023-01-06 16:10:27Z" end-time="2023-01-06 16:10:27Z" duration="0.000396" asserts="0">
                <properties>
                  <property name="Category" value="GDX.Tests" />
                </properties>
                <output><![CDATA[[Code Coverage] Code Coverage results for visited sequence points were saved in D:/BuildAgent/work/GDX-Documentation/Staging/CodeCoverage/GDX_Development-opencov/EditMode/TestCoverageResults_0321.xml
]]></output>
              </test-case>
              <test-case id="1324" name="NextInteger_MockData_InRange" fullname="GDX.Mathematics.Random.RandomWrapperTests.NextInteger_MockData_InRange" methodname="NextInteger_MockData_InRange" classname="GDX.Mathematics.Random.RandomWrapperTests" runstate="Runnable" seed="1851366327" result="Passed" start-time="2023-01-06 16:10:28Z" end-time="2023-01-06 16:10:28Z" duration="0.000352" asserts="0">
                <properties>
                  <property name="Category" value="GDX.Tests" />
                </properties>
                <output><![CDATA[[Code Coverage] Code Coverage results for visited sequence points were saved in D:/BuildAgent/work/GDX-Documentation/Staging/CodeCoverage/GDX_Development-opencov/EditMode/TestCoverageResults_0322.xml
]]></output>
              </test-case>
              <test-case id="1325" name="NextIntegerExclusive_MockData_InRange" fullname="GDX.Mathematics.Random.RandomWrapperTests.NextIntegerExclusive_MockData_InRange" methodname="NextIntegerExclusive_MockData_InRange" classname="GDX.Mathematics.Random.RandomWrapperTests" runstate="Runnable" seed="1665236827" result="Passed" start-time="2023-01-06 16:10:29Z" end-time="2023-01-06 16:10:29Z" duration="0.000358" asserts="0">
                <properties>
                  <property name="Category" value="GDX.Tests" />
                </properties>
                <output><![CDATA[[Code Coverage] Code Coverage results for visited sequence points were saved in D:/BuildAgent/work/GDX-Documentation/Staging/CodeCoverage/GDX_Development-opencov/EditMode/TestCoverageResults_0323.xml
]]></output>
              </test-case>
              <test-case id="1326" name="NextSingle_MockData_InRange" fullname="GDX.Mathematics.Random.RandomWrapperTests.NextSingle_MockData_InRange" methodname="NextSingle_MockData_InRange" classname="GDX.Mathematics.Random.RandomWrapperTests" runstate="Runnable" seed="73586167" result="Passed" start-time="2023-01-06 16:10:30Z" end-time="2023-01-06 16:10:30Z" duration="0.000421" asserts="0">
                <properties>
                  <property name="Category" value="GDX.Tests" />
                </properties>
                <output><![CDATA[[Code Coverage] Code Coverage results for visited sequence points were saved in D:/BuildAgent/work/GDX-Documentation/Staging/CodeCoverage/GDX_Development-opencov/EditMode/TestCoverageResults_0324.xml
]]></output>
              </test-case>
              <test-case id="1327" name="NextUnsignedInteger_MockData_InRange" fullname="GDX.Mathematics.Random.RandomWrapperTests.NextUnsignedInteger_MockData_InRange" methodname="NextUnsignedInteger_MockData_InRange" classname="GDX.Mathematics.Random.RandomWrapperTests" runstate="Runnable" seed="1007191855" result="Passed" start-time="2023-01-06 16:10:31Z" end-time="2023-01-06 16:10:31Z" duration="0.000469" asserts="0">
                <properties>
                  <property name="Category" value="GDX.Tests" />
                </properties>
                <output><![CDATA[[Code Coverage] Code Coverage results for visited sequence points were saved in D:/BuildAgent/work/GDX-Documentation/Staging/CodeCoverage/GDX_Development-opencov/EditMode/TestCoverageResults_0325.xml
]]></output>
              </test-case>
              <test-case id="1328" name="NextUnsignedIntegerExclusive_MockData_InRange" fullname="GDX.Mathematics.Random.RandomWrapperTests.NextUnsignedIntegerExclusive_MockData_InRange" methodname="NextUnsignedIntegerExclusive_MockData_InRange" classname="GDX.Mathematics.Random.RandomWrapperTests" runstate="Runnable" seed="1940710267" result="Passed" start-time="2023-01-06 16:10:32Z" end-time="2023-01-06 16:10:32Z" duration="0.000358" asserts="0">
                <properties>
                  <property name="Category" value="GDX.Tests" />
                </properties>
                <output><![CDATA[[Code Coverage] Code Coverage results for visited sequence points were saved in D:/BuildAgent/work/GDX-Documentation/Staging/CodeCoverage/GDX_Development-opencov/EditMode/TestCoverageResults_0326.xml
]]></output>
              </test-case>
              <test-case id="1318" name="RandomWrapper_NoSeed_Created" fullname="GDX.Mathematics.Random.RandomWrapperTests.RandomWrapper_NoSeed_Created" methodname="RandomWrapper_NoSeed_Created" classname="GDX.Mathematics.Random.RandomWrapperTests" runstate="Runnable" seed="1437157725" result="Passed" start-time="2023-01-06 16:10:33Z" end-time="2023-01-06 16:10:33Z" duration="0.000316" asserts="0">
                <properties>
                  <property name="Category" value="GDX.Tests" />
                </properties>
                <output><![CDATA[[Code Coverage] Code Coverage results for visited sequence points were saved in D:/BuildAgent/work/GDX-Documentation/Staging/CodeCoverage/GDX_Development-opencov/EditMode/TestCoverageResults_0327.xml
]]></output>
              </test-case>
              <test-case id="1319" name="RandomWrapper_WithSeed_Created" fullname="GDX.Mathematics.Random.RandomWrapperTests.RandomWrapper_WithSeed_Created" methodname="RandomWrapper_WithSeed_Created" classname="GDX.Mathematics.Random.RandomWrapperTests" runstate="Runnable" seed="1647102951" result="Passed" start-time="2023-01-06 16:10:34Z" end-time="2023-01-06 16:10:34Z" duration="0.000267" asserts="0">
                <properties>
                  <property name="Category" value="GDX.Tests" />
                </properties>
                <output><![CDATA[[Code Coverage] Code Coverage results for visited sequence points were saved in D:/BuildAgent/work/GDX-Documentation/Staging/CodeCoverage/GDX_Development-opencov/EditMode/TestCoverageResults_0328.xml
]]></output>
              </test-case>
            </test-suite>
            <test-suite type="TestFixture" id="1329" name="WELL1024aTests" fullname="GDX.Mathematics.Random.WELL1024aTests" classname="GDX.Mathematics.Random.WELL1024aTests" runstate="Runnable" testcasecount="25" result="Passed" start-time="2023-01-06 16:10:35Z" end-time="2023-01-06 16:11:01Z" duration="25.827420" total="25" passed="25" failed="0" inconclusive="0" skipped="0" asserts="0">
              <properties />
              <test-case id="1335" name="Equals_ByReference_ReturnsTrue" fullname="GDX.Mathematics.Random.WELL1024aTests.Equals_ByReference_ReturnsTrue" methodname="Equals_ByReference_ReturnsTrue" classname="GDX.Mathematics.Random.WELL1024aTests" runstate="Runnable" seed="1346841143" result="Passed" start-time="2023-01-06 16:10:35Z" end-time="2023-01-06 16:10:35Z" duration="0.000322" asserts="0">
                <properties>
                  <property name="Category" value="GDX.Tests" />
                </properties>
                <output><![CDATA[[Code Coverage] Code Coverage results for visited sequence points were saved in D:/BuildAgent/work/GDX-Documentation/Staging/CodeCoverage/GDX_Development-opencov/EditMode/TestCoverageResults_0329.xml
]]></output>
              </test-case>
              <test-case id="1337" name="Equals_Object_ReturnsTrue" fullname="GDX.Mathematics.Random.WELL1024aTests.Equals_Object_ReturnsTrue" methodname="Equals_Object_ReturnsTrue" classname="GDX.Mathematics.Random.WELL1024aTests" runstate="Runnable" seed="1948609823" result="Passed" start-time="2023-01-06 16:10:36Z" end-time="2023-01-06 16:10:36Z" duration="0.000498" asserts="0">
                <properties>
                  <property name="Category" value="GDX.Tests" />
                </properties>
                <output><![CDATA[[Code Coverage] Code Coverage results for visited sequence points were saved in D:/BuildAgent/work/GDX-Documentation/Staging/CodeCoverage/GDX_Development-opencov/EditMode/TestCoverageResults_0330.xml
]]></output>
              </test-case>
              <test-case id="1336" name="Equals_Reference_ReturnsTrue" fullname="GDX.Mathematics.Random.WELL1024aTests.Equals_Reference_ReturnsTrue" methodname="Equals_Reference_ReturnsTrue" classname="GDX.Mathematics.Random.WELL1024aTests" runstate="Runnable" seed="1260285015" result="Passed" start-time="2023-01-06 16:10:37Z" end-time="2023-01-06 16:10:37Z" duration="0.000350" asserts="0">
                <properties>
                  <property name="Category" value="GDX.Tests" />
                </properties>
                <output><![CDATA[[Code Coverage] Code Coverage results for visited sequence points were saved in D:/BuildAgent/work/GDX-Documentation/Staging/CodeCoverage/GDX_Development-opencov/EditMode/TestCoverageResults_0331.xml
]]></output>
              </test-case>
              <test-case id="1339" name="NextBoolean_PerfectChance_ReturnsTrue" fullname="GDX.Mathematics.Random.WELL1024aTests.NextBoolean_PerfectChance_ReturnsTrue" methodname="NextBoolean_PerfectChance_ReturnsTrue" classname="GDX.Mathematics.Random.WELL1024aTests" runstate="Runnable" seed="260195595" result="Passed" start-time="2023-01-06 16:10:38Z" end-time="2023-01-06 16:10:38Z" duration="0.000369" asserts="0">
                <properties>
                  <property name="Category" value="GDX.Tests" />
                </properties>
                <output><![CDATA[[Code Coverage] Code Coverage results for visited sequence points were saved in D:/BuildAgent/work/GDX-Documentation/Staging/CodeCoverage/GDX_Development-opencov/EditMode/TestCoverageResults_0332.xml
]]></output>
              </test-case>
              <test-case id="1340" name="NextBoolean_Simple_ReturnsDeterministicValue" fullname="GDX.Mathematics.Random.WELL1024aTests.NextBoolean_Simple_ReturnsDeterministicValue" methodname="NextBoolean_Simple_ReturnsDeterministicValue" classname="GDX.Mathematics.Random.WELL1024aTests" runstate="Runnable" seed="661757847" result="Passed" start-time="2023-01-06 16:10:39Z" end-time="2023-01-06 16:10:39Z" duration="0.000371" asserts="0">
                <properties>
                  <property name="Category" value="GDX.Tests" />
                </properties>
                <output><![CDATA[[Code Coverage] Code Coverage results for visited sequence points were saved in D:/BuildAgent/work/GDX-Documentation/Staging/CodeCoverage/GDX_Development-opencov/EditMode/TestCoverageResults_0333.xml
]]></output>
              </test-case>
              <test-case id="1338" name="NextBoolean_ZeroChance_ReturnsFalse" fullname="GDX.Mathematics.Random.WELL1024aTests.NextBoolean_ZeroChance_ReturnsFalse" methodname="NextBoolean_ZeroChance_ReturnsFalse" classname="GDX.Mathematics.Random.WELL1024aTests" runstate="Runnable" seed="1143981023" result="Passed" start-time="2023-01-06 16:10:40Z" end-time="2023-01-06 16:10:40Z" duration="0.000298" asserts="0">
                <properties>
                  <property name="Category" value="GDX.Tests" />
                </properties>
                <output><![CDATA[[Code Coverage] Code Coverage results for visited sequence points were saved in D:/BuildAgent/work/GDX-Documentation/Staging/CodeCoverage/GDX_Development-opencov/EditMode/TestCoverageResults_0334.xml
]]></output>
              </test-case>
              <test-case id="1346" name="NextBytes_Simple_FillsBuffer" fullname="GDX.Mathematics.Random.WELL1024aTests.NextBytes_Simple_FillsBuffer" methodname="NextBytes_Simple_FillsBuffer" classname="GDX.Mathematics.Random.WELL1024aTests" runstate="Runnable" seed="1695796569" result="Passed" start-time="2023-01-06 16:10:41Z" end-time="2023-01-06 16:10:41Z" duration="0.000364" asserts="0">
                <properties>
                  <property name="Category" value="GDX.Tests" />
                </properties>
                <output><![CDATA[[Code Coverage] Code Coverage results for visited sequence points were saved in D:/BuildAgent/work/GDX-Documentation/Staging/CodeCoverage/GDX_Development-opencov/EditMode/TestCoverageResults_0335.xml
]]></output>
              </test-case>
              <test-case id="1347" name="NextDouble_Multiple_ReturnsDifferentValues" fullname="GDX.Mathematics.Random.WELL1024aTests.NextDouble_Multiple_ReturnsDifferentValues" methodname="NextDouble_Multiple_ReturnsDifferentValues" classname="GDX.Mathematics.Random.WELL1024aTests" runstate="Runnable" seed="527384892" result="Passed" start-time="2023-01-06 16:10:42Z" end-time="2023-01-06 16:10:42Z" duration="0.000419" asserts="0">
                <properties>
                  <property name="Category" value="GDX.Tests" />
                </properties>
                <output><![CDATA[[Code Coverage] Code Coverage results for visited sequence points were saved in D:/BuildAgent/work/GDX-Documentation/Staging/CodeCoverage/GDX_Development-opencov/EditMode/TestCoverageResults_0336.xml
]]></output>
              </test-case>
              <test-case id="1348" name="NextDouble_Simple_ReturnsDeterministicValue" fullname="GDX.Mathematics.Random.WELL1024aTests.NextDouble_Simple_ReturnsDeterministicValue" methodname="NextDouble_Simple_ReturnsDeterministicValue" classname="GDX.Mathematics.Random.WELL1024aTests" runstate="Runnable" seed="837043625" result="Passed" start-time="2023-01-06 16:10:43Z" end-time="2023-01-06 16:10:43Z" duration="0.000303" asserts="0">
                <properties>
                  <property name="Category" value="GDX.Tests" />
                </properties>
                <output><![CDATA[[Code Coverage] Code Coverage results for visited sequence points were saved in D:/BuildAgent/work/GDX-Documentation/Staging/CodeCoverage/GDX_Development-opencov/EditMode/TestCoverageResults_0337.xml
]]></output>
              </test-case>
              <test-case id="1344" name="NextInteger_MinMaxValue_ReturnsDeterministicValue" fullname="GDX.Mathematics.Random.WELL1024aTests.NextInteger_MinMaxValue_ReturnsDeterministicValue" methodname="NextInteger_MinMaxValue_ReturnsDeterministicValue" classname="GDX.Mathematics.Random.WELL1024aTests" runstate="Runnable" seed="666022380" result="Passed" start-time="2023-01-06 16:10:44Z" end-time="2023-01-06 16:10:44Z" duration="0.000313" asserts="0">
                <properties>
                  <property name="Category" value="GDX.Tests" />
                </properties>
                <output><![CDATA[[Code Coverage] Code Coverage results for visited sequence points were saved in D:/BuildAgent/work/GDX-Documentation/Staging/CodeCoverage/GDX_Development-opencov/EditMode/TestCoverageResults_0338.xml
]]></output>
              </test-case>
              <test-case id="1345" name="NextInteger_Multiple_ReturnsDifferentValues" fullname="GDX.Mathematics.Random.WELL1024aTests.NextInteger_Multiple_ReturnsDifferentValues" methodname="NextInteger_Multiple_ReturnsDifferentValues" classname="GDX.Mathematics.Random.WELL1024aTests" runstate="Runnable" seed="1023199460" result="Passed" start-time="2023-01-06 16:10:45Z" end-time="2023-01-06 16:10:45Z" duration="0.000390" asserts="0">
                <properties>
                  <property name="Category" value="GDX.Tests" />
                </properties>
                <output><![CDATA[[Code Coverage] Code Coverage results for visited sequence points were saved in D:/BuildAgent/work/GDX-Documentation/Staging/CodeCoverage/GDX_Development-opencov/EditMode/TestCoverageResults_0339.xml
]]></output>
              </test-case>
              <test-case id="1342" name="NextInteger_SameRange_ReturnsSameValue" fullname="GDX.Mathematics.Random.WELL1024aTests.NextInteger_SameRange_ReturnsSameValue" methodname="NextInteger_SameRange_ReturnsSameValue" classname="GDX.Mathematics.Random.WELL1024aTests" runstate="Runnable" seed="1806672156" result="Passed" start-time="2023-01-06 16:10:46Z" end-time="2023-01-06 16:10:46Z" duration="0.000288" asserts="0">
                <properties>
                  <property name="Category" value="GDX.Tests" />
                </properties>
                <output><![CDATA[[Code Coverage] Code Coverage results for visited sequence points were saved in D:/BuildAgent/work/GDX-Documentation/Staging/CodeCoverage/GDX_Development-opencov/EditMode/TestCoverageResults_0340.xml
]]></output>
              </test-case>
              <test-case id="1341" name="NextInteger_Simple_ReturnsDeterministicValue" fullname="GDX.Mathematics.Random.WELL1024aTests.NextInteger_Simple_ReturnsDeterministicValue" methodname="NextInteger_Simple_ReturnsDeterministicValue" classname="GDX.Mathematics.Random.WELL1024aTests" runstate="Runnable" seed="1567744392" result="Passed" start-time="2023-01-06 16:10:47Z" end-time="2023-01-06 16:10:47Z" duration="0.000351" asserts="0">
                <properties>
                  <property name="Category" value="GDX.Tests" />
                </properties>
                <output><![CDATA[[Code Coverage] Code Coverage results for visited sequence points were saved in D:/BuildAgent/work/GDX-Documentation/Staging/CodeCoverage/GDX_Development-opencov/EditMode/TestCoverageResults_0341.xml
]]></output>
              </test-case>
              <test-case id="1343" name="NextInteger_ZeroValues_ReturnsZeroValue" fullname="GDX.Mathematics.Random.WELL1024aTests.NextInteger_ZeroValues_ReturnsZeroValue" methodname="NextInteger_ZeroValues_ReturnsZeroValue" classname="GDX.Mathematics.Random.WELL1024aTests" runstate="Runnable" seed="173763875" result="Passed" start-time="2023-01-06 16:10:48Z" end-time="2023-01-06 16:10:48Z" duration="0.000298" asserts="0">
                <properties>
                  <property name="Category" value="GDX.Tests" />
                </properties>
                <output><![CDATA[[Code Coverage] Code Coverage results for visited sequence points were saved in D:/BuildAgent/work/GDX-Documentation/Staging/CodeCoverage/GDX_Development-opencov/EditMode/TestCoverageResults_0342.xml
]]></output>
              </test-case>
              <test-case id="1350" name="NextSingle_Multiple_ReturnsDifferentValues" fullname="GDX.Mathematics.Random.WELL1024aTests.NextSingle_Multiple_ReturnsDifferentValues" methodname="NextSingle_Multiple_ReturnsDifferentValues" classname="GDX.Mathematics.Random.WELL1024aTests" runstate="Runnable" seed="1630308096" result="Passed" start-time="2023-01-06 16:10:49Z" end-time="2023-01-06 16:10:49Z" duration="0.000481" asserts="0">
                <properties>
                  <property name="Category" value="GDX.Tests" />
                </properties>
                <output><![CDATA[[Code Coverage] Code Coverage results for visited sequence points were saved in D:/BuildAgent/work/GDX-Documentation/Staging/CodeCoverage/GDX_Development-opencov/EditMode/TestCoverageResults_0343.xml
]]></output>
              </test-case>
              <test-case id="1349" name="NextSingle_Simple_ReturnsDeterministicValue" fullname="GDX.Mathematics.Random.WELL1024aTests.NextSingle_Simple_ReturnsDeterministicValue" methodname="NextSingle_Simple_ReturnsDeterministicValue" classname="GDX.Mathematics.Random.WELL1024aTests" runstate="Runnable" seed="1661263764" result="Passed" start-time="2023-01-06 16:10:50Z" end-time="2023-01-06 16:10:50Z" duration="0.000411" asserts="0">
                <properties>
                  <property name="Category" value="GDX.Tests" />
                </properties>
                <output><![CDATA[[Code Coverage] Code Coverage results for visited sequence points were saved in D:/BuildAgent/work/GDX-Documentation/Staging/CodeCoverage/GDX_Development-opencov/EditMode/TestCoverageResults_0344.xml
]]></output>
              </test-case>
              <test-case id="1354" name="NextUnsignedInteger_Multiple_ReturnsDifferentValues" fullname="GDX.Mathematics.Random.WELL1024aTests.NextUnsignedInteger_Multiple_ReturnsDifferentValues" methodname="NextUnsignedInteger_Multiple_ReturnsDifferentValues" classname="GDX.Mathematics.Random.WELL1024aTests" runstate="Runnable" seed="829914967" result="Passed" start-time="2023-01-06 16:10:51Z" end-time="2023-01-06 16:10:51Z" duration="0.000456" asserts="0">
                <properties>
                  <property name="Category" value="GDX.Tests" />
                </properties>
                <output><![CDATA[[Code Coverage] Code Coverage results for visited sequence points were saved in D:/BuildAgent/work/GDX-Documentation/Staging/CodeCoverage/GDX_Development-opencov/EditMode/TestCoverageResults_0345.xml
]]></output>
              </test-case>
              <test-case id="1351" name="NextUnsignedInteger_Simple_ReturnsDeterministicValue" fullname="GDX.Mathematics.Random.WELL1024aTests.NextUnsignedInteger_Simple_ReturnsDeterministicValue" methodname="NextUnsignedInteger_Simple_ReturnsDeterministicValue" classname="GDX.Mathematics.Random.WELL1024aTests" runstate="Runnable" seed="1499142024" result="Passed" start-time="2023-01-06 16:10:52Z" end-time="2023-01-06 16:10:52Z" duration="0.000298" asserts="0">
                <properties>
                  <property name="Category" value="GDX.Tests" />
                </properties>
                <output><![CDATA[[Code Coverage] Code Coverage results for visited sequence points were saved in D:/BuildAgent/work/GDX-Documentation/Staging/CodeCoverage/GDX_Development-opencov/EditMode/TestCoverageResults_0346.xml
]]></output>
              </test-case>
              <test-case id="1353" name="NextUnsignedIntegerExclusive_Limited_ReturnsDeterministicValue" fullname="GDX.Mathematics.Random.WELL1024aTests.NextUnsignedIntegerExclusive_Limited_ReturnsDeterministicValue" methodname="NextUnsignedIntegerExclusive_Limited_ReturnsDeterministicValue" classname="GDX.Mathematics.Random.WELL1024aTests" runstate="Runnable" seed="1198758752" result="Passed" start-time="2023-01-06 16:10:53Z" end-time="2023-01-06 16:10:53Z" duration="0.000376" asserts="0">
                <properties>
                  <property name="Category" value="GDX.Tests" />
                </properties>
                <output><![CDATA[[Code Coverage] Code Coverage results for visited sequence points were saved in D:/BuildAgent/work/GDX-Documentation/Staging/CodeCoverage/GDX_Development-opencov/EditMode/TestCoverageResults_0347.xml
]]></output>
              </test-case>
              <test-case id="1352" name="NextUnsignedIntegerExclusive_Simple_ReturnsDeterministicValue" fullname="GDX.Mathematics.Random.WELL1024aTests.NextUnsignedIntegerExclusive_Simple_ReturnsDeterministicValue" methodname="NextUnsignedIntegerExclusive_Simple_ReturnsDeterministicValue" classname="GDX.Mathematics.Random.WELL1024aTests" runstate="Runnable" seed="711624474" result="Passed" start-time="2023-01-06 16:10:54Z" end-time="2023-01-06 16:10:54Z" duration="0.000296" asserts="0">
                <properties>
                  <property name="Category" value="GDX.Tests" />
                </properties>
                <output><![CDATA[[Code Coverage] Code Coverage results for visited sequence points were saved in D:/BuildAgent/work/GDX-Documentation/Staging/CodeCoverage/GDX_Development-opencov/EditMode/TestCoverageResults_0348.xml
]]></output>
              </test-case>
              <test-case id="1330" name="WELL1024a_FromInteger_StrippedSeed" fullname="GDX.Mathematics.Random.WELL1024aTests.WELL1024a_FromInteger_StrippedSeed" methodname="WELL1024a_FromInteger_StrippedSeed" classname="GDX.Mathematics.Random.WELL1024aTests" runstate="Runnable" seed="702675959" result="Passed" start-time="2023-01-06 16:10:55Z" end-time="2023-01-06 16:10:55Z" duration="0.000443" asserts="0">
                <properties>
                  <property name="Category" value="GDX.Tests" />
                </properties>
                <output><![CDATA[[Code Coverage] Code Coverage results for visited sequence points were saved in D:/BuildAgent/work/GDX-Documentation/Staging/CodeCoverage/GDX_Development-opencov/EditMode/TestCoverageResults_0349.xml
]]></output>
              </test-case>
              <test-case id="1334" name="WELL1024a_FromRestoreState_Matched" fullname="GDX.Mathematics.Random.WELL1024aTests.WELL1024a_FromRestoreState_Matched" methodname="WELL1024a_FromRestoreState_Matched" classname="GDX.Mathematics.Random.WELL1024aTests" runstate="Runnable" seed="1211244268" result="Passed" start-time="2023-01-06 16:10:56Z" end-time="2023-01-06 16:10:56Z" duration="0.000679" asserts="0">
                <properties>
                  <property name="Category" value="GDX.Tests" />
                </properties>
                <output><![CDATA[[Code Coverage] Code Coverage results for visited sequence points were saved in D:/BuildAgent/work/GDX-Documentation/Staging/CodeCoverage/GDX_Development-opencov/EditMode/TestCoverageResults_0350.xml
]]></output>
              </test-case>
              <test-case id="1331" name="WELL1024a_FromString_NonAndForcedDifferent" fullname="GDX.Mathematics.Random.WELL1024aTests.WELL1024a_FromString_NonAndForcedDifferent" methodname="WELL1024a_FromString_NonAndForcedDifferent" classname="GDX.Mathematics.Random.WELL1024aTests" runstate="Runnable" seed="1415824183" result="Passed" start-time="2023-01-06 16:10:57Z" end-time="2023-01-06 16:10:57Z" duration="0.000375" asserts="0">
                <properties>
                  <property name="Category" value="GDX.Tests" />
                </properties>
                <output><![CDATA[[Code Coverage] Code Coverage results for visited sequence points were saved in D:/BuildAgent/work/GDX-Documentation/Staging/CodeCoverage/GDX_Development-opencov/EditMode/TestCoverageResults_0351.xml
]]></output>
              </test-case>
              <test-case id="1332" name="WELL1024a_FromStringUppercase_SameOriginalSeed" fullname="GDX.Mathematics.Random.WELL1024aTests.WELL1024a_FromStringUppercase_SameOriginalSeed" methodname="WELL1024a_FromStringUppercase_SameOriginalSeed" classname="GDX.Mathematics.Random.WELL1024aTests" runstate="Runnable" seed="1015883926" result="Passed" start-time="2023-01-06 16:10:58Z" end-time="2023-01-06 16:10:58Z" duration="0.000313" asserts="0">
                <properties>
                  <property name="Category" value="GDX.Tests" />
                </properties>
                <output><![CDATA[[Code Coverage] Code Coverage results for visited sequence points were saved in D:/BuildAgent/work/GDX-Documentation/Staging/CodeCoverage/GDX_Development-opencov/EditMode/TestCoverageResults_0352.xml
]]></output>
              </test-case>
              <test-case id="1333" name="WELL1024a_FromUnsignedInteger_MatchedSeed" fullname="GDX.Mathematics.Random.WELL1024aTests.WELL1024a_FromUnsignedInteger_MatchedSeed" methodname="WELL1024a_FromUnsignedInteger_MatchedSeed" classname="GDX.Mathematics.Random.WELL1024aTests" runstate="Runnable" seed="318886529" result="Passed" start-time="2023-01-06 16:10:59Z" end-time="2023-01-06 16:10:59Z" duration="0.000339" asserts="0">
                <properties>
                  <property name="Category" value="GDX.Tests" />
                </properties>
                <output><![CDATA[[Code Coverage] Code Coverage results for visited sequence points were saved in D:/BuildAgent/work/GDX-Documentation/Staging/CodeCoverage/GDX_Development-opencov/EditMode/TestCoverageResults_0353.xml
]]></output>
              </test-case>
            </test-suite>
          </test-suite>
          <test-suite type="TestFixture" id="1297" name="RangeTests" fullname="GDX.Mathematics.RangeTests" classname="GDX.Mathematics.RangeTests" runstate="Runnable" testcasecount="12" result="Passed" start-time="2023-01-06 16:11:01Z" end-time="2023-01-06 16:11:13Z" duration="12.091990" total="12" passed="12" failed="0" inconclusive="0" skipped="0" asserts="0">
            <properties />
            <test-case id="1298" name="GetDouble_Bottom_Inclusive" fullname="GDX.Mathematics.RangeTests.GetDouble_Bottom_Inclusive" methodname="GetDouble_Bottom_Inclusive" classname="GDX.Mathematics.RangeTests" runstate="Runnable" seed="1939837687" result="Passed" start-time="2023-01-06 16:11:01Z" end-time="2023-01-06 16:11:01Z" duration="0.000245" asserts="0">
              <properties>
                <property name="Category" value="GDX.Tests" />
              </properties>
              <output><![CDATA[[Code Coverage] Code Coverage results for visited sequence points were saved in D:/BuildAgent/work/GDX-Documentation/Staging/CodeCoverage/GDX_Development-opencov/EditMode/TestCoverageResults_0354.xml
]]></output>
            </test-case>
            <test-case id="1300" name="GetDouble_Middle_Inclusive" fullname="GDX.Mathematics.RangeTests.GetDouble_Middle_Inclusive" methodname="GetDouble_Middle_Inclusive" classname="GDX.Mathematics.RangeTests" runstate="Runnable" seed="1220529664" result="Passed" start-time="2023-01-06 16:11:02Z" end-time="2023-01-06 16:11:02Z" duration="0.000267" asserts="0">
              <properties>
                <property name="Category" value="GDX.Tests" />
              </properties>
              <output><![CDATA[[Code Coverage] Code Coverage results for visited sequence points were saved in D:/BuildAgent/work/GDX-Documentation/Staging/CodeCoverage/GDX_Development-opencov/EditMode/TestCoverageResults_0355.xml
]]></output>
            </test-case>
            <test-case id="1299" name="GetDouble_Top_Inclusive" fullname="GDX.Mathematics.RangeTests.GetDouble_Top_Inclusive" methodname="GetDouble_Top_Inclusive" classname="GDX.Mathematics.RangeTests" runstate="Runnable" seed="2017944991" result="Passed" start-time="2023-01-06 16:11:03Z" end-time="2023-01-06 16:11:03Z" duration="0.000308" asserts="0">
              <properties>
                <property name="Category" value="GDX.Tests" />
              </properties>
              <output><![CDATA[[Code Coverage] Code Coverage results for visited sequence points were saved in D:/BuildAgent/work/GDX-Documentation/Staging/CodeCoverage/GDX_Development-opencov/EditMode/TestCoverageResults_0356.xml
]]></output>
            </test-case>
            <test-case id="1301" name="GetInteger_Bottom_Inclusive" fullname="GDX.Mathematics.RangeTests.GetInteger_Bottom_Inclusive" methodname="GetInteger_Bottom_Inclusive" classname="GDX.Mathematics.RangeTests" runstate="Runnable" seed="1106124811" result="Passed" start-time="2023-01-06 16:11:04Z" end-time="2023-01-06 16:11:04Z" duration="0.000375" asserts="0">
              <properties>
                <property name="Category" value="GDX.Tests" />
              </properties>
              <output><![CDATA[[Code Coverage] Code Coverage results for visited sequence points were saved in D:/BuildAgent/work/GDX-Documentation/Staging/CodeCoverage/GDX_Development-opencov/EditMode/TestCoverageResults_0357.xml
]]></output>
            </test-case>
            <test-case id="1303" name="GetInteger_Middle_Inclusive" fullname="GDX.Mathematics.RangeTests.GetInteger_Middle_Inclusive" methodname="GetInteger_Middle_Inclusive" classname="GDX.Mathematics.RangeTests" runstate="Runnable" seed="468727758" result="Passed" start-time="2023-01-06 16:11:05Z" end-time="2023-01-06 16:11:05Z" duration="0.000342" asserts="0">
              <properties>
                <property name="Category" value="GDX.Tests" />
              </properties>
              <output><![CDATA[[Code Coverage] Code Coverage results for visited sequence points were saved in D:/BuildAgent/work/GDX-Documentation/Staging/CodeCoverage/GDX_Development-opencov/EditMode/TestCoverageResults_0358.xml
]]></output>
            </test-case>
            <test-case id="1302" name="GetInteger_Top_Inclusive" fullname="GDX.Mathematics.RangeTests.GetInteger_Top_Inclusive" methodname="GetInteger_Top_Inclusive" classname="GDX.Mathematics.RangeTests" runstate="Runnable" seed="1257617185" result="Passed" start-time="2023-01-06 16:11:06Z" end-time="2023-01-06 16:11:06Z" duration="0.000273" asserts="0">
              <properties>
                <property name="Category" value="GDX.Tests" />
              </properties>
              <output><![CDATA[[Code Coverage] Code Coverage results for visited sequence points were saved in D:/BuildAgent/work/GDX-Documentation/Staging/CodeCoverage/GDX_Development-opencov/EditMode/TestCoverageResults_0359.xml
]]></output>
            </test-case>
            <test-case id="1304" name="GetSingle_Bottom_Inclusive" fullname="GDX.Mathematics.RangeTests.GetSingle_Bottom_Inclusive" methodname="GetSingle_Bottom_Inclusive" classname="GDX.Mathematics.RangeTests" runstate="Runnable" seed="1581431479" result="Passed" start-time="2023-01-06 16:11:07Z" end-time="2023-01-06 16:11:07Z" duration="0.000280" asserts="0">
              <properties>
                <property name="Category" value="GDX.Tests" />
              </properties>
              <output><![CDATA[[Code Coverage] Code Coverage results for visited sequence points were saved in D:/BuildAgent/work/GDX-Documentation/Staging/CodeCoverage/GDX_Development-opencov/EditMode/TestCoverageResults_0360.xml
]]></output>
            </test-case>
            <test-case id="1306" name="GetSingle_Middle_Inclusive" fullname="GDX.Mathematics.RangeTests.GetSingle_Middle_Inclusive" methodname="GetSingle_Middle_Inclusive" classname="GDX.Mathematics.RangeTests" runstate="Runnable" seed="141818539" result="Passed" start-time="2023-01-06 16:11:08Z" end-time="2023-01-06 16:11:08Z" duration="0.000275" asserts="0">
              <properties>
                <property name="Category" value="GDX.Tests" />
              </properties>
              <output><![CDATA[[Code Coverage] Code Coverage results for visited sequence points were saved in D:/BuildAgent/work/GDX-Documentation/Staging/CodeCoverage/GDX_Development-opencov/EditMode/TestCoverageResults_0361.xml
]]></output>
            </test-case>
            <test-case id="1305" name="GetSingle_Top_Inclusive" fullname="GDX.Mathematics.RangeTests.GetSingle_Top_Inclusive" methodname="GetSingle_Top_Inclusive" classname="GDX.Mathematics.RangeTests" runstate="Runnable" seed="929781285" result="Passed" start-time="2023-01-06 16:11:09Z" end-time="2023-01-06 16:11:09Z" duration="0.000283" asserts="0">
              <properties>
                <property name="Category" value="GDX.Tests" />
              </properties>
              <output><![CDATA[[Code Coverage] Code Coverage results for visited sequence points were saved in D:/BuildAgent/work/GDX-Documentation/Staging/CodeCoverage/GDX_Development-opencov/EditMode/TestCoverageResults_0362.xml
]]></output>
            </test-case>
            <test-case id="1307" name="GetUnsignedInteger_Bottom_Inclusive" fullname="GDX.Mathematics.RangeTests.GetUnsignedInteger_Bottom_Inclusive" methodname="GetUnsignedInteger_Bottom_Inclusive" classname="GDX.Mathematics.RangeTests" runstate="Runnable" seed="902479627" result="Passed" start-time="2023-01-06 16:11:10Z" end-time="2023-01-06 16:11:10Z" duration="0.000271" asserts="0">
              <properties>
                <property name="Category" value="GDX.Tests" />
              </properties>
              <output><![CDATA[[Code Coverage] Code Coverage results for visited sequence points were saved in D:/BuildAgent/work/GDX-Documentation/Staging/CodeCoverage/GDX_Development-opencov/EditMode/TestCoverageResults_0363.xml
]]></output>
            </test-case>
            <test-case id="1309" name="GetUnsignedInteger_Middle_Inclusive" fullname="GDX.Mathematics.RangeTests.GetUnsignedInteger_Middle_Inclusive" methodname="GetUnsignedInteger_Middle_Inclusive" classname="GDX.Mathematics.RangeTests" runstate="Runnable" seed="1589928206" result="Passed" start-time="2023-01-06 16:11:11Z" end-time="2023-01-06 16:11:11Z" duration="0.000281" asserts="0">
              <properties>
                <property name="Category" value="GDX.Tests" />
              </properties>
              <output><![CDATA[[Code Coverage] Code Coverage results for visited sequence points were saved in D:/BuildAgent/work/GDX-Documentation/Staging/CodeCoverage/GDX_Development-opencov/EditMode/TestCoverageResults_0364.xml
]]></output>
            </test-case>
            <test-case id="1308" name="GetUnsignedInteger_Top_Inclusive" fullname="GDX.Mathematics.RangeTests.GetUnsignedInteger_Top_Inclusive" methodname="GetUnsignedInteger_Top_Inclusive" classname="GDX.Mathematics.RangeTests" runstate="Runnable" seed="438045145" result="Passed" start-time="2023-01-06 16:11:12Z" end-time="2023-01-06 16:11:12Z" duration="0.000340" asserts="0">
              <properties>
                <property name="Category" value="GDX.Tests" />
              </properties>
              <output><![CDATA[[Code Coverage] Code Coverage results for visited sequence points were saved in D:/BuildAgent/work/GDX-Documentation/Staging/CodeCoverage/GDX_Development-opencov/EditMode/TestCoverageResults_0365.xml
]]></output>
            </test-case>
          </test-suite>
        </test-suite>
        <test-suite type="TestFixture" id="1071" name="PlayerLoopSystemExtensionsTests" fullname="GDX.PlayerLoopSystemExtensionsTests" classname="GDX.PlayerLoopSystemExtensionsTests" runstate="Runnable" testcasecount="2" result="Passed" start-time="2023-01-06 16:11:13Z" end-time="2023-01-06 16:11:15Z" duration="2.032788" total="2" passed="2" failed="0" inconclusive="0" skipped="0" asserts="0">
          <properties />
          <test-case id="1073" name="AddSubSystemToFirstSubSystemOfType_MethodType_Added" fullname="GDX.PlayerLoopSystemExtensionsTests.AddSubSystemToFirstSubSystemOfType_MethodType_Added" methodname="AddSubSystemToFirstSubSystemOfType_MethodType_Added" classname="GDX.PlayerLoopSystemExtensionsTests" runstate="Runnable" seed="1479225231" result="Passed" start-time="2023-01-06 16:11:13Z" end-time="2023-01-06 16:11:13Z" duration="0.003974" asserts="0">
            <properties>
              <property name="Category" value="GDX.Tests" />
            </properties>
            <output><![CDATA[[Code Coverage] Code Coverage results for visited sequence points were saved in D:/BuildAgent/work/GDX-Documentation/Staging/CodeCoverage/GDX_Development-opencov/EditMode/TestCoverageResults_0366.xml
]]></output>
          </test-case>
          <test-case id="1072" name="AddSubSystemToFirstSubSystemOfType_PlayerSystem_Added" fullname="GDX.PlayerLoopSystemExtensionsTests.AddSubSystemToFirstSubSystemOfType_PlayerSystem_Added" methodname="AddSubSystemToFirstSubSystemOfType_PlayerSystem_Added" classname="GDX.PlayerLoopSystemExtensionsTests" runstate="Runnable" seed="424460085" result="Passed" start-time="2023-01-06 16:11:14Z" end-time="2023-01-06 16:11:14Z" duration="0.000913" asserts="0">
            <properties>
              <property name="Category" value="GDX.Tests" />
            </properties>
            <output><![CDATA[[Code Coverage] Code Coverage results for visited sequence points were saved in D:/BuildAgent/work/GDX-Documentation/Staging/CodeCoverage/GDX_Development-opencov/EditMode/TestCoverageResults_0367.xml
]]></output>
          </test-case>
        </test-suite>
        <test-suite type="TestFixture" id="1074" name="ReflectionTests" fullname="GDX.ReflectionTests" classname="GDX.ReflectionTests" runstate="Runnable" testcasecount="28" result="Passed" start-time="2023-01-06 16:11:15Z" end-time="2023-01-06 16:11:43Z" duration="28.295897" total="28" passed="28" failed="0" inconclusive="0" skipped="0" asserts="0">
          <properties />
          <test-case id="1076" name="GetDefault_NonNullable_ReturnsValue" fullname="GDX.ReflectionTests.GetDefault_NonNullable_ReturnsValue" methodname="GetDefault_NonNullable_ReturnsValue" classname="GDX.ReflectionTests" runstate="Runnable" seed="1498955526" result="Passed" start-time="2023-01-06 16:11:15Z" end-time="2023-01-06 16:11:15Z" duration="0.000434" asserts="0">
            <properties>
              <property name="Category" value="GDX.Tests" />
            </properties>
            <output><![CDATA[[Code Coverage] Code Coverage results for visited sequence points were saved in D:/BuildAgent/work/GDX-Documentation/Staging/CodeCoverage/GDX_Development-opencov/EditMode/TestCoverageResults_0368.xml
]]></output>
          </test-case>
          <test-case id="1075" name="GetDefault_Nullable_ReturnsNull" fullname="GDX.ReflectionTests.GetDefault_Nullable_ReturnsNull" methodname="GetDefault_Nullable_ReturnsNull" classname="GDX.ReflectionTests" runstate="Runnable" seed="1438871590" result="Passed" start-time="2023-01-06 16:11:16Z" end-time="2023-01-06 16:11:16Z" duration="0.000355" asserts="0">
            <properties>
              <property name="Category" value="GDX.Tests" />
            </properties>
            <output><![CDATA[[Code Coverage] Code Coverage results for visited sequence points were saved in D:/BuildAgent/work/GDX-Documentation/Staging/CodeCoverage/GDX_Development-opencov/EditMode/TestCoverageResults_0369.xml
]]></output>
          </test-case>
          <test-case id="1078" name="GetType_BadType_ReturnsNull" fullname="GDX.ReflectionTests.GetType_BadType_ReturnsNull" methodname="GetType_BadType_ReturnsNull" classname="GDX.ReflectionTests" runstate="Runnable" seed="658439184" result="Passed" start-time="2023-01-06 16:11:17Z" end-time="2023-01-06 16:11:17Z" duration="0.001861" asserts="0">
            <properties>
              <property name="Category" value="GDX.Tests" />
            </properties>
            <output><![CDATA[[Code Coverage] Code Coverage results for visited sequence points were saved in D:/BuildAgent/work/GDX-Documentation/Staging/CodeCoverage/GDX_Development-opencov/EditMode/TestCoverageResults_0370.xml
]]></output>
          </test-case>
          <test-case id="1077" name="GetType_QualifiedType_ReturnsType" fullname="GDX.ReflectionTests.GetType_QualifiedType_ReturnsType" methodname="GetType_QualifiedType_ReturnsType" classname="GDX.ReflectionTests" runstate="Runnable" seed="634936679" result="Passed" start-time="2023-01-06 16:11:18Z" end-time="2023-01-06 16:11:18Z" duration="0.000545" asserts="0">
            <properties>
              <property name="Category" value="GDX.Tests" />
            </properties>
            <output><![CDATA[[Code Coverage] Code Coverage results for visited sequence points were saved in D:/BuildAgent/work/GDX-Documentation/Staging/CodeCoverage/GDX_Development-opencov/EditMode/TestCoverageResults_0371.xml
]]></output>
          </test-case>
          <test-case id="1080" name="InvokeStaticMethod_BadMethod_ReturnsNull" fullname="GDX.ReflectionTests.InvokeStaticMethod_BadMethod_ReturnsNull" methodname="InvokeStaticMethod_BadMethod_ReturnsNull" classname="GDX.ReflectionTests" runstate="Runnable" seed="1191885011" result="Passed" start-time="2023-01-06 16:11:19Z" end-time="2023-01-06 16:11:19Z" duration="0.000410" asserts="0">
            <properties>
              <property name="Category" value="GDX.Tests" />
              <property name="Category" value="GDX.Tests" />
            </properties>
            <output><![CDATA[[Code Coverage] Code Coverage results for visited sequence points were saved in D:/BuildAgent/work/GDX-Documentation/Staging/CodeCoverage/GDX_Development-opencov/EditMode/TestCoverageResults_0372.xml
]]></output>
          </test-case>
          <test-case id="1081" name="InvokeStaticMethod_BadType_ReturnsNull" fullname="GDX.ReflectionTests.InvokeStaticMethod_BadType_ReturnsNull" methodname="InvokeStaticMethod_BadType_ReturnsNull" classname="GDX.ReflectionTests" runstate="Runnable" seed="1308355472" result="Passed" start-time="2023-01-06 16:11:20Z" end-time="2023-01-06 16:11:20Z" duration="0.000669" asserts="0">
            <properties>
              <property name="Category" value="GDX.Tests" />
            </properties>
            <output><![CDATA[[Code Coverage] Code Coverage results for visited sequence points were saved in D:/BuildAgent/work/GDX-Documentation/Staging/CodeCoverage/GDX_Development-opencov/EditMode/TestCoverageResults_0373.xml
]]></output>
          </test-case>
          <test-case id="1079" name="InvokeStaticMethod_ProjectBrowser_ReturnsListOfBrowsers" fullname="GDX.ReflectionTests.InvokeStaticMethod_ProjectBrowser_ReturnsListOfBrowsers" methodname="InvokeStaticMethod_ProjectBrowser_ReturnsListOfBrowsers" classname="GDX.ReflectionTests" runstate="Runnable" seed="199716883" result="Passed" start-time="2023-01-06 16:11:21Z" end-time="2023-01-06 16:11:21Z" duration="0.000474" asserts="0">
            <properties>
              <property name="Category" value="GDX.Tests" />
            </properties>
            <output><![CDATA[[Code Coverage] Code Coverage results for visited sequence points were saved in D:/BuildAgent/work/GDX-Documentation/Staging/CodeCoverage/GDX_Development-opencov/EditMode/TestCoverageResults_0374.xml
]]></output>
          </test-case>
          <test-case id="1085" name="SetFieldOrPropertyValue_NoTarget_ReturnsFalse" fullname="GDX.ReflectionTests.SetFieldOrPropertyValue_NoTarget_ReturnsFalse" methodname="SetFieldOrPropertyValue_NoTarget_ReturnsFalse" classname="GDX.ReflectionTests" runstate="Runnable" seed="488891112" result="Passed" start-time="2023-01-06 16:11:22Z" end-time="2023-01-06 16:11:22Z" duration="0.000388" asserts="0">
            <properties>
              <property name="Category" value="GDX.Tests" />
            </properties>
            <output><![CDATA[[Code Coverage] Code Coverage results for visited sequence points were saved in D:/BuildAgent/work/GDX-Documentation/Staging/CodeCoverage/GDX_Development-opencov/EditMode/TestCoverageResults_0375.xml
]]></output>
          </test-case>
          <test-case id="1084" name="SetFieldOrPropertyValue_NoType_ReturnsFalse" fullname="GDX.ReflectionTests.SetFieldOrPropertyValue_NoType_ReturnsFalse" methodname="SetFieldOrPropertyValue_NoType_ReturnsFalse" classname="GDX.ReflectionTests" runstate="Runnable" seed="1388908343" result="Passed" start-time="2023-01-06 16:11:23Z" end-time="2023-01-06 16:11:23Z" duration="0.020457" asserts="0">
            <properties>
              <property name="Category" value="GDX.Tests" />
            </properties>
            <output><![CDATA[[Code Coverage] Code Coverage results for visited sequence points were saved in D:/BuildAgent/work/GDX-Documentation/Staging/CodeCoverage/GDX_Development-opencov/EditMode/TestCoverageResults_0376.xml
]]></output>
          </test-case>
          <test-case id="1082" name="SetFieldOrPropertyValue_ProjectBrowser_SetIsLocked" fullname="GDX.ReflectionTests.SetFieldOrPropertyValue_ProjectBrowser_SetIsLocked" methodname="SetFieldOrPropertyValue_ProjectBrowser_SetIsLocked" classname="GDX.ReflectionTests" runstate="Runnable" seed="1075171796" result="Passed" start-time="2023-01-06 16:11:24Z" end-time="2023-01-06 16:11:24Z" duration="0.002007" asserts="0">
            <properties>
              <property name="Category" value="GDX.Tests" />
            </properties>
            <output><![CDATA[[Code Coverage] Code Coverage results for visited sequence points were saved in D:/BuildAgent/work/GDX-Documentation/Staging/CodeCoverage/GDX_Development-opencov/EditMode/TestCoverageResults_0377.xml
]]></output>
          </test-case>
          <test-case id="1083" name="SetFieldOrPropertyValue_ProjectBrowser_SetSearchFieldText" fullname="GDX.ReflectionTests.SetFieldOrPropertyValue_ProjectBrowser_SetSearchFieldText" methodname="SetFieldOrPropertyValue_ProjectBrowser_SetSearchFieldText" classname="GDX.ReflectionTests" runstate="Runnable" seed="1151727807" result="Passed" start-time="2023-01-06 16:11:25Z" end-time="2023-01-06 16:11:25Z" duration="0.001012" asserts="0">
            <properties>
              <property name="Category" value="GDX.Tests" />
            </properties>
            <output><![CDATA[[Code Coverage] Code Coverage results for visited sequence points were saved in D:/BuildAgent/work/GDX-Documentation/Staging/CodeCoverage/GDX_Development-opencov/EditMode/TestCoverageResults_0378.xml
]]></output>
          </test-case>
          <test-case id="1088" name="SetFieldValue_BadField_ReturnsFalse" fullname="GDX.ReflectionTests.SetFieldValue_BadField_ReturnsFalse" methodname="SetFieldValue_BadField_ReturnsFalse" classname="GDX.ReflectionTests" runstate="Runnable" seed="2015016228" result="Passed" start-time="2023-01-06 16:11:26Z" end-time="2023-01-06 16:11:26Z" duration="0.000823" asserts="0">
            <properties>
              <property name="Category" value="GDX.Tests" />
            </properties>
            <output><![CDATA[[Code Coverage] Code Coverage results for visited sequence points were saved in D:/BuildAgent/work/GDX-Documentation/Staging/CodeCoverage/GDX_Development-opencov/EditMode/TestCoverageResults_0379.xml
]]></output>
          </test-case>
          <test-case id="1087" name="SetFieldValue_NoType_ReturnsFalse" fullname="GDX.ReflectionTests.SetFieldValue_NoType_ReturnsFalse" methodname="SetFieldValue_NoType_ReturnsFalse" classname="GDX.ReflectionTests" runstate="Runnable" seed="896890668" result="Passed" start-time="2023-01-06 16:11:27Z" end-time="2023-01-06 16:11:27Z" duration="0.000710" asserts="0">
            <properties>
              <property name="Category" value="GDX.Tests" />
            </properties>
            <output><![CDATA[[Code Coverage] Code Coverage results for visited sequence points were saved in D:/BuildAgent/work/GDX-Documentation/Staging/CodeCoverage/GDX_Development-opencov/EditMode/TestCoverageResults_0380.xml
]]></output>
          </test-case>
          <test-case id="1086" name="SetFieldValue_ProjectBrowser_SetSearchFieldText" fullname="GDX.ReflectionTests.SetFieldValue_ProjectBrowser_SetSearchFieldText" methodname="SetFieldValue_ProjectBrowser_SetSearchFieldText" classname="GDX.ReflectionTests" runstate="Runnable" seed="1555617093" result="Passed" start-time="2023-01-06 16:11:28Z" end-time="2023-01-06 16:11:28Z" duration="0.000756" asserts="0">
            <properties>
              <property name="Category" value="GDX.Tests" />
            </properties>
            <output><![CDATA[[Code Coverage] Code Coverage results for visited sequence points were saved in D:/BuildAgent/work/GDX-Documentation/Staging/CodeCoverage/GDX_Development-opencov/EditMode/TestCoverageResults_0381.xml
]]></output>
          </test-case>
          <test-case id="1091" name="SetPropertyValue_InvalidName_IsFalse" fullname="GDX.ReflectionTests.SetPropertyValue_InvalidName_IsFalse" methodname="SetPropertyValue_InvalidName_IsFalse" classname="GDX.ReflectionTests" runstate="Runnable" seed="406274821" result="Passed" start-time="2023-01-06 16:11:29Z" end-time="2023-01-06 16:11:29Z" duration="0.000869" asserts="0">
            <properties>
              <property name="Category" value="GDX.Tests" />
            </properties>
            <output><![CDATA[[Code Coverage] Code Coverage results for visited sequence points were saved in D:/BuildAgent/work/GDX-Documentation/Staging/CodeCoverage/GDX_Development-opencov/EditMode/TestCoverageResults_0382.xml
]]></output>
          </test-case>
          <test-case id="1090" name="SetPropertyValue_NoType_IsFalse" fullname="GDX.ReflectionTests.SetPropertyValue_NoType_IsFalse" methodname="SetPropertyValue_NoType_IsFalse" classname="GDX.ReflectionTests" runstate="Runnable" seed="795226081" result="Passed" start-time="2023-01-06 16:11:30Z" end-time="2023-01-06 16:11:30Z" duration="0.000709" asserts="0">
            <properties>
              <property name="Category" value="GDX.Tests" />
            </properties>
            <output><![CDATA[[Code Coverage] Code Coverage results for visited sequence points were saved in D:/BuildAgent/work/GDX-Documentation/Staging/CodeCoverage/GDX_Development-opencov/EditMode/TestCoverageResults_0383.xml
]]></output>
          </test-case>
          <test-case id="1089" name="SetPropertyValue_QualifiedProperty_IsSet" fullname="GDX.ReflectionTests.SetPropertyValue_QualifiedProperty_IsSet" methodname="SetPropertyValue_QualifiedProperty_IsSet" classname="GDX.ReflectionTests" runstate="Runnable" seed="803831140" result="Passed" start-time="2023-01-06 16:11:31Z" end-time="2023-01-06 16:11:31Z" duration="0.000917" asserts="0">
            <properties>
              <property name="Category" value="GDX.Tests" />
            </properties>
            <output><![CDATA[[Code Coverage] Code Coverage results for visited sequence points were saved in D:/BuildAgent/work/GDX-Documentation/Staging/CodeCoverage/GDX_Development-opencov/EditMode/TestCoverageResults_0384.xml
]]></output>
          </test-case>
          <test-case id="1094" name="TryGetFieldOrPropertyValue_BadField_ReturnsStartGridSize" fullname="GDX.ReflectionTests.TryGetFieldOrPropertyValue_BadField_ReturnsStartGridSize" methodname="TryGetFieldOrPropertyValue_BadField_ReturnsStartGridSize" classname="GDX.ReflectionTests" runstate="Runnable" seed="2023033223" result="Passed" start-time="2023-01-06 16:11:32Z" end-time="2023-01-06 16:11:32Z" duration="0.000710" asserts="0">
            <properties>
              <property name="Category" value="GDX.Tests" />
            </properties>
            <output><![CDATA[[Code Coverage] Code Coverage results for visited sequence points were saved in D:/BuildAgent/work/GDX-Documentation/Staging/CodeCoverage/GDX_Development-opencov/EditMode/TestCoverageResults_0385.xml
]]></output>
          </test-case>
          <test-case id="1093" name="TryGetFieldOrPropertyValue_NoField_ReturnsDefault" fullname="GDX.ReflectionTests.TryGetFieldOrPropertyValue_NoField_ReturnsDefault" methodname="TryGetFieldOrPropertyValue_NoField_ReturnsDefault" classname="GDX.ReflectionTests" runstate="Runnable" seed="271595922" result="Passed" start-time="2023-01-06 16:11:33Z" end-time="2023-01-06 16:11:33Z" duration="0.000817" asserts="0">
            <properties>
              <property name="Category" value="GDX.Tests" />
            </properties>
            <output><![CDATA[[Code Coverage] Code Coverage results for visited sequence points were saved in D:/BuildAgent/work/GDX-Documentation/Staging/CodeCoverage/GDX_Development-opencov/EditMode/TestCoverageResults_0386.xml
]]></output>
          </test-case>
          <test-case id="1092" name="TryGetFieldOrPropertyValue_NoTarget_ReturnsDefault" fullname="GDX.ReflectionTests.TryGetFieldOrPropertyValue_NoTarget_ReturnsDefault" methodname="TryGetFieldOrPropertyValue_NoTarget_ReturnsDefault" classname="GDX.ReflectionTests" runstate="Runnable" seed="150241488" result="Passed" start-time="2023-01-06 16:11:34Z" end-time="2023-01-06 16:11:34Z" duration="0.000276" asserts="0">
            <properties>
              <property name="Category" value="GDX.Tests" />
            </properties>
            <output><![CDATA[[Code Coverage] Code Coverage results for visited sequence points were saved in D:/BuildAgent/work/GDX-Documentation/Staging/CodeCoverage/GDX_Development-opencov/EditMode/TestCoverageResults_0387.xml
]]></output>
          </test-case>
          <test-case id="1095" name="TryGetFieldOrPropertyValue_ProjectBrowserField_ReturnsStartGridSize" fullname="GDX.ReflectionTests.TryGetFieldOrPropertyValue_ProjectBrowserField_ReturnsStartGridSize" methodname="TryGetFieldOrPropertyValue_ProjectBrowserField_ReturnsStartGridSize" classname="GDX.ReflectionTests" runstate="Runnable" seed="1606493525" result="Passed" start-time="2023-01-06 16:11:35Z" end-time="2023-01-06 16:11:35Z" duration="0.000748" asserts="0">
            <properties>
              <property name="Category" value="GDX.Tests" />
            </properties>
            <output><![CDATA[[Code Coverage] Code Coverage results for visited sequence points were saved in D:/BuildAgent/work/GDX-Documentation/Staging/CodeCoverage/GDX_Development-opencov/EditMode/TestCoverageResults_0388.xml
]]></output>
          </test-case>
          <test-case id="1096" name="TryGetFieldOrPropertyValue_ProjectBrowserProperty_ReturnsIsLocked" fullname="GDX.ReflectionTests.TryGetFieldOrPropertyValue_ProjectBrowserProperty_ReturnsIsLocked" methodname="TryGetFieldOrPropertyValue_ProjectBrowserProperty_ReturnsIsLocked" classname="GDX.ReflectionTests" runstate="Runnable" seed="24388492" result="Passed" start-time="2023-01-06 16:11:36Z" end-time="2023-01-06 16:11:36Z" duration="0.000829" asserts="0">
            <properties>
              <property name="Category" value="GDX.Tests" />
            </properties>
            <output><![CDATA[[Code Coverage] Code Coverage results for visited sequence points were saved in D:/BuildAgent/work/GDX-Documentation/Staging/CodeCoverage/GDX_Development-opencov/EditMode/TestCoverageResults_0389.xml
]]></output>
          </test-case>
          <test-case id="1099" name="TryGetFieldValue_BadField_ReturnsDefault" fullname="GDX.ReflectionTests.TryGetFieldValue_BadField_ReturnsDefault" methodname="TryGetFieldValue_BadField_ReturnsDefault" classname="GDX.ReflectionTests" runstate="Runnable" seed="1696260996" result="Passed" start-time="2023-01-06 16:11:37Z" end-time="2023-01-06 16:11:37Z" duration="0.000733" asserts="0">
            <properties>
              <property name="Category" value="GDX.Tests" />
            </properties>
            <output><![CDATA[[Code Coverage] Code Coverage results for visited sequence points were saved in D:/BuildAgent/work/GDX-Documentation/Staging/CodeCoverage/GDX_Development-opencov/EditMode/TestCoverageResults_0390.xml
]]></output>
          </test-case>
          <test-case id="1098" name="TryGetFieldValue_NoType_ReturnsDefault" fullname="GDX.ReflectionTests.TryGetFieldValue_NoType_ReturnsDefault" methodname="TryGetFieldValue_NoType_ReturnsDefault" classname="GDX.ReflectionTests" runstate="Runnable" seed="646221078" result="Passed" start-time="2023-01-06 16:11:38Z" end-time="2023-01-06 16:11:38Z" duration="0.000704" asserts="0">
            <properties>
              <property name="Category" value="GDX.Tests" />
            </properties>
            <output><![CDATA[[Code Coverage] Code Coverage results for visited sequence points were saved in D:/BuildAgent/work/GDX-Documentation/Staging/CodeCoverage/GDX_Development-opencov/EditMode/TestCoverageResults_0391.xml
]]></output>
          </test-case>
          <test-case id="1097" name="TryGetFieldValue_ProjectBrowser_ReturnsTrueGetFieldText" fullname="GDX.ReflectionTests.TryGetFieldValue_ProjectBrowser_ReturnsTrueGetFieldText" methodname="TryGetFieldValue_ProjectBrowser_ReturnsTrueGetFieldText" classname="GDX.ReflectionTests" runstate="Runnable" seed="1382816406" result="Passed" start-time="2023-01-06 16:11:39Z" end-time="2023-01-06 16:11:39Z" duration="0.000740" asserts="0">
            <properties>
              <property name="Category" value="GDX.Tests" />
            </properties>
            <output><![CDATA[[Code Coverage] Code Coverage results for visited sequence points were saved in D:/BuildAgent/work/GDX-Documentation/Staging/CodeCoverage/GDX_Development-opencov/EditMode/TestCoverageResults_0392.xml
]]></output>
          </test-case>
          <test-case id="1102" name="TryGetPropertyValue_InvalidName_IsFalse" fullname="GDX.ReflectionTests.TryGetPropertyValue_InvalidName_IsFalse" methodname="TryGetPropertyValue_InvalidName_IsFalse" classname="GDX.ReflectionTests" runstate="Runnable" seed="352447550" result="Passed" start-time="2023-01-06 16:11:40Z" end-time="2023-01-06 16:11:40Z" duration="0.000709" asserts="0">
            <properties>
              <property name="Category" value="GDX.Tests" />
            </properties>
            <output><![CDATA[[Code Coverage] Code Coverage results for visited sequence points were saved in D:/BuildAgent/work/GDX-Documentation/Staging/CodeCoverage/GDX_Development-opencov/EditMode/TestCoverageResults_0393.xml
]]></output>
          </test-case>
          <test-case id="1101" name="TryGetPropertyValue_NoType_IsFalse" fullname="GDX.ReflectionTests.TryGetPropertyValue_NoType_IsFalse" methodname="TryGetPropertyValue_NoType_IsFalse" classname="GDX.ReflectionTests" runstate="Runnable" seed="66711998" result="Passed" start-time="2023-01-06 16:11:41Z" end-time="2023-01-06 16:11:41Z" duration="0.000732" asserts="0">
            <properties>
              <property name="Category" value="GDX.Tests" />
            </properties>
            <output><![CDATA[[Code Coverage] Code Coverage results for visited sequence points were saved in D:/BuildAgent/work/GDX-Documentation/Staging/CodeCoverage/GDX_Development-opencov/EditMode/TestCoverageResults_0394.xml
]]></output>
          </test-case>
          <test-case id="1100" name="TryGetPropertyValue_QualifiedProperty_IsTrue" fullname="GDX.ReflectionTests.TryGetPropertyValue_QualifiedProperty_IsTrue" methodname="TryGetPropertyValue_QualifiedProperty_IsTrue" classname="GDX.ReflectionTests" runstate="Runnable" seed="165622021" result="Passed" start-time="2023-01-06 16:11:42Z" end-time="2023-01-06 16:11:42Z" duration="0.000753" asserts="0">
            <properties>
              <property name="Category" value="GDX.Tests" />
            </properties>
            <output><![CDATA[[Code Coverage] Code Coverage results for visited sequence points were saved in D:/BuildAgent/work/GDX-Documentation/Staging/CodeCoverage/GDX_Development-opencov/EditMode/TestCoverageResults_0395.xml
]]></output>
          </test-case>
        </test-suite>
        <test-suite type="TestSuite" id="1747" name="Rendering" fullname="GDX.Rendering" runstate="Runnable" testcasecount="2" result="Passed" start-time="2023-01-06 16:11:43Z" end-time="2023-01-06 16:11:46Z" duration="2.177720" total="2" passed="2" failed="0" inconclusive="0" skipped="0" asserts="0">
          <properties />
          <test-suite type="TestFixture" id="1256" name="ShaderProviderTests" fullname="GDX.Rendering.ShaderProviderTests" classname="GDX.Rendering.ShaderProviderTests" runstate="Runnable" testcasecount="2" result="Passed" start-time="2023-01-06 16:11:44Z" end-time="2023-01-06 16:11:46Z" duration="2.041753" total="2" passed="2" failed="0" inconclusive="0" skipped="0" asserts="0">
            <properties />
            <test-case id="1257" name="DottedLine_NotNull" fullname="GDX.Rendering.ShaderProviderTests.DottedLine_NotNull" methodname="DottedLine_NotNull" classname="GDX.Rendering.ShaderProviderTests" runstate="Runnable" seed="1550337165" result="Passed" start-time="2023-01-06 16:11:44Z" end-time="2023-01-06 16:11:44Z" duration="0.000244" asserts="0">
              <properties>
                <property name="Category" value="GDX.Tests" />
              </properties>
              <output><![CDATA[[Code Coverage] Code Coverage results for visited sequence points were saved in D:/BuildAgent/work/GDX-Documentation/Staging/CodeCoverage/GDX_Development-opencov/EditMode/TestCoverageResults_0396.xml
]]></output>
            </test-case>
            <test-case id="1258" name="UnlitColor_NotNull" fullname="GDX.Rendering.ShaderProviderTests.UnlitColor_NotNull" methodname="UnlitColor_NotNull" classname="GDX.Rendering.ShaderProviderTests" runstate="Runnable" seed="1200997539" result="Passed" start-time="2023-01-06 16:11:45Z" end-time="2023-01-06 16:11:45Z" duration="0.000463" asserts="0">
              <properties>
                <property name="Category" value="GDX.Tests" />
              </properties>
              <output><![CDATA[[Code Coverage] Code Coverage results for visited sequence points were saved in D:/BuildAgent/work/GDX-Documentation/Staging/CodeCoverage/GDX_Development-opencov/EditMode/TestCoverageResults_0397.xml
]]></output>
            </test-case>
          </test-suite>
        </test-suite>
        <test-suite type="TestFixture" id="1103" name="SegmentedStringTests" fullname="GDX.SegmentedStringTests" classname="GDX.SegmentedStringTests" runstate="Runnable" testcasecount="9" result="Passed" start-time="2023-01-06 16:11:46Z" end-time="2023-01-06 16:11:55Z" duration="9.146379" total="9" passed="9" failed="0" inconclusive="0" skipped="0" asserts="0">
          <properties />
          <test-case id="1104" name="AsCharArray_MockData_ReturnsAll" fullname="GDX.SegmentedStringTests.AsCharArray_MockData_ReturnsAll" methodname="AsCharArray_MockData_ReturnsAll" classname="GDX.SegmentedStringTests" runstate="Runnable" seed="343811304" result="Passed" start-time="2023-01-06 16:11:46Z" end-time="2023-01-06 16:11:46Z" duration="0.001099" asserts="0">
            <properties>
              <property name="Category" value="GDX.Tests" />
            </properties>
            <output><![CDATA[[Code Coverage] Code Coverage results for visited sequence points were saved in D:/BuildAgent/work/GDX-Documentation/Staging/CodeCoverage/GDX_Development-opencov/EditMode/TestCoverageResults_0398.xml
]]></output>
          </test-case>
          <test-case id="1105" name="AsCharArray_MockDataSpecific_ReturnsTarget" fullname="GDX.SegmentedStringTests.AsCharArray_MockDataSpecific_ReturnsTarget" methodname="AsCharArray_MockDataSpecific_ReturnsTarget" classname="GDX.SegmentedStringTests" runstate="Runnable" seed="1374552515" result="Passed" start-time="2023-01-06 16:11:47Z" end-time="2023-01-06 16:11:47Z" duration="0.000363" asserts="0">
            <properties>
              <property name="Category" value="GDX.Tests" />
            </properties>
            <output><![CDATA[[Code Coverage] Code Coverage results for visited sequence points were saved in D:/BuildAgent/work/GDX-Documentation/Staging/CodeCoverage/GDX_Development-opencov/EditMode/TestCoverageResults_0399.xml
]]></output>
          </test-case>
          <test-case id="1106" name="AsString_MockData_ReturnsLowered" fullname="GDX.SegmentedStringTests.AsString_MockData_ReturnsLowered" methodname="AsString_MockData_ReturnsLowered" classname="GDX.SegmentedStringTests" runstate="Runnable" seed="140108614" result="Passed" start-time="2023-01-06 16:11:48Z" end-time="2023-01-06 16:11:48Z" duration="0.000363" asserts="0">
            <properties>
              <property name="Category" value="GDX.Tests" />
            </properties>
            <output><![CDATA[[Code Coverage] Code Coverage results for visited sequence points were saved in D:/BuildAgent/work/GDX-Documentation/Staging/CodeCoverage/GDX_Development-opencov/EditMode/TestCoverageResults_0400.xml
]]></output>
          </test-case>
          <test-case id="1107" name="GetCount_MockData_Correct" fullname="GDX.SegmentedStringTests.GetCount_MockData_Correct" methodname="GetCount_MockData_Correct" classname="GDX.SegmentedStringTests" runstate="Runnable" seed="1379248236" result="Passed" start-time="2023-01-06 16:11:49Z" end-time="2023-01-06 16:11:49Z" duration="0.000591" asserts="0">
            <properties>
              <property name="Category" value="GDX.Tests" />
            </properties>
            <output><![CDATA[[Code Coverage] Code Coverage results for visited sequence points were saved in D:/BuildAgent/work/GDX-Documentation/Staging/CodeCoverage/GDX_Development-opencov/EditMode/TestCoverageResults_0401.xml
]]></output>
          </test-case>
          <test-case id="1108" name="GetHashCode_MockData_Correct" fullname="GDX.SegmentedStringTests.GetHashCode_MockData_Correct" methodname="GetHashCode_MockData_Correct" classname="GDX.SegmentedStringTests" runstate="Runnable" seed="154541619" result="Passed" start-time="2023-01-06 16:11:50Z" end-time="2023-01-06 16:11:50Z" duration="0.000334" asserts="0">
            <properties>
              <property name="Category" value="GDX.Tests" />
            </properties>
            <output><![CDATA[[Code Coverage] Code Coverage results for visited sequence points were saved in D:/BuildAgent/work/GDX-Documentation/Staging/CodeCoverage/GDX_Development-opencov/EditMode/TestCoverageResults_0402.xml
]]></output>
          </test-case>
          <test-case id="1109" name="GetOffset_MockData_Valid" fullname="GDX.SegmentedStringTests.GetOffset_MockData_Valid" methodname="GetOffset_MockData_Valid" classname="GDX.SegmentedStringTests" runstate="Runnable" seed="464622688" result="Passed" start-time="2023-01-06 16:11:51Z" end-time="2023-01-06 16:11:51Z" duration="0.000378" asserts="0">
            <properties>
              <property name="Category" value="GDX.Tests" />
            </properties>
            <output><![CDATA[[Code Coverage] Code Coverage results for visited sequence points were saved in D:/BuildAgent/work/GDX-Documentation/Staging/CodeCoverage/GDX_Development-opencov/EditMode/TestCoverageResults_0403.xml
]]></output>
          </test-case>
          <test-case id="1111" name="GetSegment_MockData_Matches" fullname="GDX.SegmentedStringTests.GetSegment_MockData_Matches" methodname="GetSegment_MockData_Matches" classname="GDX.SegmentedStringTests" runstate="Runnable" seed="412464088" result="Passed" start-time="2023-01-06 16:11:52Z" end-time="2023-01-06 16:11:52Z" duration="0.000444" asserts="0">
            <properties>
              <property name="Category" value="GDX.Tests" />
            </properties>
            <output><![CDATA[[Code Coverage] Code Coverage results for visited sequence points were saved in D:/BuildAgent/work/GDX-Documentation/Staging/CodeCoverage/GDX_Development-opencov/EditMode/TestCoverageResults_0404.xml
]]></output>
          </test-case>
          <test-case id="1110" name="GetSegmentLength_MockData_CorrectCount" fullname="GDX.SegmentedStringTests.GetSegmentLength_MockData_CorrectCount" methodname="GetSegmentLength_MockData_CorrectCount" classname="GDX.SegmentedStringTests" runstate="Runnable" seed="485222972" result="Passed" start-time="2023-01-06 16:11:53Z" end-time="2023-01-06 16:11:53Z" duration="0.000338" asserts="0">
            <properties>
              <property name="Category" value="GDX.Tests" />
            </properties>
            <output><![CDATA[[Code Coverage] Code Coverage results for visited sequence points were saved in D:/BuildAgent/work/GDX-Documentation/Staging/CodeCoverage/GDX_Development-opencov/EditMode/TestCoverageResults_0405.xml
]]></output>
          </test-case>
          <test-case id="1112" name="SplitOnNonAlphaNumericToLowerHashed_MockData_ValidHashCodes" fullname="GDX.SegmentedStringTests.SplitOnNonAlphaNumericToLowerHashed_MockData_ValidHashCodes" methodname="SplitOnNonAlphaNumericToLowerHashed_MockData_ValidHashCodes" classname="GDX.SegmentedStringTests" runstate="Runnable" seed="1095615446" result="Passed" start-time="2023-01-06 16:11:54Z" end-time="2023-01-06 16:11:54Z" duration="0.000525" asserts="0">
            <properties>
              <property name="Category" value="GDX.Tests" />
            </properties>
            <output><![CDATA[[Code Coverage] Code Coverage results for visited sequence points were saved in D:/BuildAgent/work/GDX-Documentation/Staging/CodeCoverage/GDX_Development-opencov/EditMode/TestCoverageResults_0406.xml
]]></output>
          </test-case>
        </test-suite>
        <test-suite type="TestFixture" id="1113" name="SimpleListExtensionsTests" fullname="GDX.SimpleListExtensionsTests" classname="GDX.SimpleListExtensionsTests" runstate="Runnable" testcasecount="28" result="Passed" start-time="2023-01-06 16:11:55Z" end-time="2023-01-06 16:12:23Z" duration="28.419330" total="28" passed="28" failed="0" inconclusive="0" skipped="0" asserts="0">
          <properties />
          <test-case id="1118" name="AddUncheckedUniqueItem_NonUniqueString_ReturnsFalse" fullname="GDX.SimpleListExtensionsTests.AddUncheckedUniqueItem_NonUniqueString_ReturnsFalse" methodname="AddUncheckedUniqueItem_NonUniqueString_ReturnsFalse" classname="GDX.SimpleListExtensionsTests" runstate="Runnable" seed="1411665959" result="Passed" start-time="2023-01-06 16:11:55Z" end-time="2023-01-06 16:11:55Z" duration="0.000740" asserts="0">
            <properties>
              <property name="Category" value="GDX.Tests" />
            </properties>
            <output><![CDATA[[Code Coverage] Code coverage results were not saved. Visited sequence points not found. 
Included Assemblies: GDX
Excluded Assemblies: <Not specified>
Included Paths: <Not specified>
Excluded Paths: **.Tests/**,**/BuiltInPackages/**
]]></output>
          </test-case>
          <test-case id="1120" name="AddUncheckedUniqueItem_UniqueStringWithNoRoom_ThrowsException" fullname="GDX.SimpleListExtensionsTests.AddUncheckedUniqueItem_UniqueStringWithNoRoom_ThrowsException" methodname="AddUncheckedUniqueItem_UniqueStringWithNoRoom_ThrowsException" classname="GDX.SimpleListExtensionsTests" runstate="Runnable" seed="1546184264" result="Passed" start-time="2023-01-06 16:11:56Z" end-time="2023-01-06 16:11:56Z" duration="0.000558" asserts="0">
            <properties>
              <property name="Category" value="GDX.Tests" />
            </properties>
            <output><![CDATA[[Code Coverage] Code coverage results were not saved. Visited sequence points not found. 
Included Assemblies: GDX
Excluded Assemblies: <Not specified>
Included Paths: <Not specified>
Excluded Paths: **.Tests/**,**/BuiltInPackages/**
]]></output>
          </test-case>
          <test-case id="1119" name="AddUncheckedUniqueItem_UniqueStringWithRoom_NoException" fullname="GDX.SimpleListExtensionsTests.AddUncheckedUniqueItem_UniqueStringWithRoom_NoException" methodname="AddUncheckedUniqueItem_UniqueStringWithRoom_NoException" classname="GDX.SimpleListExtensionsTests" runstate="Runnable" seed="1327394903" result="Passed" start-time="2023-01-06 16:11:57Z" end-time="2023-01-06 16:11:57Z" duration="0.001055" asserts="0">
            <properties>
              <property name="Category" value="GDX.Tests" />
            </properties>
            <output><![CDATA[[Code Coverage] Code coverage results were not saved. Visited sequence points not found. 
Included Assemblies: GDX
Excluded Assemblies: <Not specified>
Included Paths: <Not specified>
Excluded Paths: **.Tests/**,**/BuiltInPackages/**
]]></output>
          </test-case>
          <test-case id="1123" name="AddUncheckedUniqueReference_NonUniqueString_ReturnsFalse" fullname="GDX.SimpleListExtensionsTests.AddUncheckedUniqueReference_NonUniqueString_ReturnsFalse" methodname="AddUncheckedUniqueReference_NonUniqueString_ReturnsFalse" classname="GDX.SimpleListExtensionsTests" runstate="Runnable" seed="773638236" result="Passed" start-time="2023-01-06 16:11:58Z" end-time="2023-01-06 16:11:58Z" duration="0.000658" asserts="0">
            <properties>
              <property name="Category" value="GDX.Tests" />
            </properties>
            <output><![CDATA[[Code Coverage] Code coverage results were not saved. Visited sequence points not found. 
Included Assemblies: GDX
Excluded Assemblies: <Not specified>
Included Paths: <Not specified>
Excluded Paths: **.Tests/**,**/BuiltInPackages/**
]]></output>
          </test-case>
          <test-case id="1125" name="AddUncheckedUniqueReference_UniqueStringWithNoRoom_ThrowsException" fullname="GDX.SimpleListExtensionsTests.AddUncheckedUniqueReference_UniqueStringWithNoRoom_ThrowsException" methodname="AddUncheckedUniqueReference_UniqueStringWithNoRoom_ThrowsException" classname="GDX.SimpleListExtensionsTests" runstate="Runnable" seed="815395180" result="Passed" start-time="2023-01-06 16:11:59Z" end-time="2023-01-06 16:11:59Z" duration="0.000602" asserts="0">
            <properties>
              <property name="Category" value="GDX.Tests" />
            </properties>
            <output><![CDATA[[Code Coverage] Code coverage results were not saved. Visited sequence points not found. 
Included Assemblies: GDX
Excluded Assemblies: <Not specified>
Included Paths: <Not specified>
Excluded Paths: **.Tests/**,**/BuiltInPackages/**
]]></output>
          </test-case>
          <test-case id="1124" name="AddUncheckedUniqueReference_UniqueStringWithRoom_NoException" fullname="GDX.SimpleListExtensionsTests.AddUncheckedUniqueReference_UniqueStringWithRoom_NoException" methodname="AddUncheckedUniqueReference_UniqueStringWithRoom_NoException" classname="GDX.SimpleListExtensionsTests" runstate="Runnable" seed="176910417" result="Passed" start-time="2023-01-06 16:12:00Z" end-time="2023-01-06 16:12:00Z" duration="0.000556" asserts="0">
            <properties>
              <property name="Category" value="GDX.Tests" />
            </properties>
            <output><![CDATA[[Code Coverage] Code coverage results were not saved. Visited sequence points not found. 
Included Assemblies: GDX
Excluded Assemblies: <Not specified>
Included Paths: <Not specified>
Excluded Paths: **.Tests/**,**/BuiltInPackages/**
]]></output>
          </test-case>
          <test-case id="1114" name="AddWithExpandCheckUniqueItem_NonUniqueString_ReturnsFalse" fullname="GDX.SimpleListExtensionsTests.AddWithExpandCheckUniqueItem_NonUniqueString_ReturnsFalse" methodname="AddWithExpandCheckUniqueItem_NonUniqueString_ReturnsFalse" classname="GDX.SimpleListExtensionsTests" runstate="Runnable" seed="2110681289" result="Passed" start-time="2023-01-06 16:12:01Z" end-time="2023-01-06 16:12:01Z" duration="0.000540" asserts="0">
            <properties>
              <property name="Category" value="GDX.Tests" />
            </properties>
            <output><![CDATA[[Code Coverage] Code coverage results were not saved. Visited sequence points not found. 
Included Assemblies: GDX
Excluded Assemblies: <Not specified>
Included Paths: <Not specified>
Excluded Paths: **.Tests/**,**/BuiltInPackages/**
]]></output>
          </test-case>
          <test-case id="1115" name="AddWithExpandCheckUniqueItem_UniqueString_ReturnsTrue" fullname="GDX.SimpleListExtensionsTests.AddWithExpandCheckUniqueItem_UniqueString_ReturnsTrue" methodname="AddWithExpandCheckUniqueItem_UniqueString_ReturnsTrue" classname="GDX.SimpleListExtensionsTests" runstate="Runnable" seed="281097857" result="Passed" start-time="2023-01-06 16:12:02Z" end-time="2023-01-06 16:12:02Z" duration="0.000417" asserts="0">
            <properties>
              <property name="Category" value="GDX.Tests" />
            </properties>
            <output><![CDATA[[Code Coverage] Code coverage results were not saved. Visited sequence points not found. 
Included Assemblies: GDX
Excluded Assemblies: <Not specified>
Included Paths: <Not specified>
Excluded Paths: **.Tests/**,**/BuiltInPackages/**
]]></output>
          </test-case>
          <test-case id="1121" name="AddWithExpandCheckUniqueReference_NonUniqueString_ReturnsFalse" fullname="GDX.SimpleListExtensionsTests.AddWithExpandCheckUniqueReference_NonUniqueString_ReturnsFalse" methodname="AddWithExpandCheckUniqueReference_NonUniqueString_ReturnsFalse" classname="GDX.SimpleListExtensionsTests" runstate="Runnable" seed="35871106" result="Passed" start-time="2023-01-06 16:12:03Z" end-time="2023-01-06 16:12:03Z" duration="0.000555" asserts="0">
            <properties>
              <property name="Category" value="GDX.Tests" />
            </properties>
            <output><![CDATA[[Code Coverage] Code coverage results were not saved. Visited sequence points not found. 
Included Assemblies: GDX
Excluded Assemblies: <Not specified>
Included Paths: <Not specified>
Excluded Paths: **.Tests/**,**/BuiltInPackages/**
]]></output>
          </test-case>
          <test-case id="1122" name="AddWithExpandCheckUniqueReference_UniqueString_ReturnsTrue" fullname="GDX.SimpleListExtensionsTests.AddWithExpandCheckUniqueReference_UniqueString_ReturnsTrue" methodname="AddWithExpandCheckUniqueReference_UniqueString_ReturnsTrue" classname="GDX.SimpleListExtensionsTests" runstate="Runnable" seed="157621176" result="Passed" start-time="2023-01-06 16:12:04Z" end-time="2023-01-06 16:12:04Z" duration="0.000529" asserts="0">
            <properties>
              <property name="Category" value="GDX.Tests" />
            </properties>
            <output><![CDATA[[Code Coverage] Code coverage results were not saved. Visited sequence points not found. 
Included Assemblies: GDX
Excluded Assemblies: <Not specified>
Included Paths: <Not specified>
Excluded Paths: **.Tests/**,**/BuiltInPackages/**
]]></output>
          </test-case>
          <test-case id="1116" name="AddWithExpandCheckUniqueValue_NonUniqueFloat_ReturnsFalse" fullname="GDX.SimpleListExtensionsTests.AddWithExpandCheckUniqueValue_NonUniqueFloat_ReturnsFalse" methodname="AddWithExpandCheckUniqueValue_NonUniqueFloat_ReturnsFalse" classname="GDX.SimpleListExtensionsTests" runstate="Runnable" seed="1008378903" result="Passed" start-time="2023-01-06 16:12:05Z" end-time="2023-01-06 16:12:05Z" duration="0.000684" asserts="0">
            <properties>
              <property name="Category" value="GDX.Tests" />
            </properties>
            <output><![CDATA[[Code Coverage] Code coverage results were not saved. Visited sequence points not found. 
Included Assemblies: GDX
Excluded Assemblies: <Not specified>
Included Paths: <Not specified>
Excluded Paths: **.Tests/**,**/BuiltInPackages/**
]]></output>
          </test-case>
          <test-case id="1117" name="AddWithExpandCheckUniqueValue_UniqueFloat_ReturnsTrue" fullname="GDX.SimpleListExtensionsTests.AddWithExpandCheckUniqueValue_UniqueFloat_ReturnsTrue" methodname="AddWithExpandCheckUniqueValue_UniqueFloat_ReturnsTrue" classname="GDX.SimpleListExtensionsTests" runstate="Runnable" seed="1576374416" result="Passed" start-time="2023-01-06 16:12:06Z" end-time="2023-01-06 16:12:06Z" duration="0.000519" asserts="0">
            <properties>
              <property name="Category" value="GDX.Tests" />
            </properties>
            <output><![CDATA[[Code Coverage] Code coverage results were not saved. Visited sequence points not found. 
Included Assemblies: GDX
Excluded Assemblies: <Not specified>
Included Paths: <Not specified>
Excluded Paths: **.Tests/**,**/BuiltInPackages/**
]]></output>
          </test-case>
          <test-case id="1127" name="ContainsItem_Object_ReturnsTrue" fullname="GDX.SimpleListExtensionsTests.ContainsItem_Object_ReturnsTrue" methodname="ContainsItem_Object_ReturnsTrue" classname="GDX.SimpleListExtensionsTests" runstate="Runnable" seed="2011767306" result="Passed" start-time="2023-01-06 16:12:07Z" end-time="2023-01-06 16:12:07Z" duration="0.000488" asserts="0">
            <properties>
              <property name="Category" value="GDX.Tests" />
            </properties>
            <output><![CDATA[[Code Coverage] Code coverage results were not saved. Visited sequence points not found. 
Included Assemblies: GDX
Excluded Assemblies: <Not specified>
Included Paths: <Not specified>
Excluded Paths: **.Tests/**,**/BuiltInPackages/**
]]></output>
          </test-case>
          <test-case id="1126" name="ContainsItem_String_ReturnsTrue" fullname="GDX.SimpleListExtensionsTests.ContainsItem_String_ReturnsTrue" methodname="ContainsItem_String_ReturnsTrue" classname="GDX.SimpleListExtensionsTests" runstate="Runnable" seed="1418196054" result="Passed" start-time="2023-01-06 16:12:08Z" end-time="2023-01-06 16:12:08Z" duration="0.000422" asserts="0">
            <properties>
              <property name="Category" value="GDX.Tests" />
            </properties>
            <output><![CDATA[[Code Coverage] Code coverage results were not saved. Visited sequence points not found. 
Included Assemblies: GDX
Excluded Assemblies: <Not specified>
Included Paths: <Not specified>
Excluded Paths: **.Tests/**,**/BuiltInPackages/**
]]></output>
          </test-case>
          <test-case id="1129" name="ContainsReference_Object_ReturnsTrue" fullname="GDX.SimpleListExtensionsTests.ContainsReference_Object_ReturnsTrue" methodname="ContainsReference_Object_ReturnsTrue" classname="GDX.SimpleListExtensionsTests" runstate="Runnable" seed="281821707" result="Passed" start-time="2023-01-06 16:12:09Z" end-time="2023-01-06 16:12:09Z" duration="0.000462" asserts="0">
            <properties>
              <property name="Category" value="GDX.Tests" />
            </properties>
            <output><![CDATA[[Code Coverage] Code coverage results were not saved. Visited sequence points not found. 
Included Assemblies: GDX
Excluded Assemblies: <Not specified>
Included Paths: <Not specified>
Excluded Paths: **.Tests/**,**/BuiltInPackages/**
]]></output>
          </test-case>
          <test-case id="1128" name="ContainsReference_String_ReturnsTrue" fullname="GDX.SimpleListExtensionsTests.ContainsReference_String_ReturnsTrue" methodname="ContainsReference_String_ReturnsTrue" classname="GDX.SimpleListExtensionsTests" runstate="Runnable" seed="1042571836" result="Passed" start-time="2023-01-06 16:12:10Z" end-time="2023-01-06 16:12:10Z" duration="0.000542" asserts="0">
            <properties>
              <property name="Category" value="GDX.Tests" />
            </properties>
            <output><![CDATA[[Code Coverage] Code coverage results were not saved. Visited sequence points not found. 
Included Assemblies: GDX
Excluded Assemblies: <Not specified>
Included Paths: <Not specified>
Excluded Paths: **.Tests/**,**/BuiltInPackages/**
]]></output>
          </test-case>
          <test-case id="1141" name="ContainsValue_MockDataNoValue_NotFound" fullname="GDX.SimpleListExtensionsTests.ContainsValue_MockDataNoValue_NotFound" methodname="ContainsValue_MockDataNoValue_NotFound" classname="GDX.SimpleListExtensionsTests" runstate="Runnable" seed="1380750399" result="Passed" start-time="2023-01-06 16:12:11Z" end-time="2023-01-06 16:12:11Z" duration="0.000568" asserts="0">
            <properties>
              <property name="Category" value="GDX.Tests" />
            </properties>
            <output><![CDATA[[Code Coverage] Code coverage results were not saved. Visited sequence points not found. 
Included Assemblies: GDX
Excluded Assemblies: <Not specified>
Included Paths: <Not specified>
Excluded Paths: **.Tests/**,**/BuiltInPackages/**
]]></output>
          </test-case>
          <test-case id="1140" name="ContainsValue_MockDataValue_Found" fullname="GDX.SimpleListExtensionsTests.ContainsValue_MockDataValue_Found" methodname="ContainsValue_MockDataValue_Found" classname="GDX.SimpleListExtensionsTests" runstate="Runnable" seed="952058166" result="Passed" start-time="2023-01-06 16:12:12Z" end-time="2023-01-06 16:12:12Z" duration="0.000391" asserts="0">
            <properties>
              <property name="Category" value="GDX.Tests" />
            </properties>
            <output><![CDATA[[Code Coverage] Code coverage results were not saved. Visited sequence points not found. 
Included Assemblies: GDX
Excluded Assemblies: <Not specified>
Included Paths: <Not specified>
Excluded Paths: **.Tests/**,**/BuiltInPackages/**
]]></output>
          </test-case>
          <test-case id="1131" name="RemoveFirstItem_MockData_NoItemReturnsFalse" fullname="GDX.SimpleListExtensionsTests.RemoveFirstItem_MockData_NoItemReturnsFalse" methodname="RemoveFirstItem_MockData_NoItemReturnsFalse" classname="GDX.SimpleListExtensionsTests" runstate="Runnable" seed="1404825873" result="Passed" start-time="2023-01-06 16:12:13Z" end-time="2023-01-06 16:12:13Z" duration="0.000595" asserts="0">
            <properties>
              <property name="Category" value="GDX.Tests" />
            </properties>
            <output><![CDATA[[Code Coverage] Code coverage results were not saved. Visited sequence points not found. 
Included Assemblies: GDX
Excluded Assemblies: <Not specified>
Included Paths: <Not specified>
Excluded Paths: **.Tests/**,**/BuiltInPackages/**
]]></output>
          </test-case>
          <test-case id="1130" name="RemoveFirstItem_MockData_RemovedItem" fullname="GDX.SimpleListExtensionsTests.RemoveFirstItem_MockData_RemovedItem" methodname="RemoveFirstItem_MockData_RemovedItem" classname="GDX.SimpleListExtensionsTests" runstate="Runnable" seed="1223523026" result="Passed" start-time="2023-01-06 16:12:14Z" end-time="2023-01-06 16:12:14Z" duration="0.000498" asserts="0">
            <properties>
              <property name="Category" value="GDX.Tests" />
            </properties>
            <output><![CDATA[[Code Coverage] Code coverage results were not saved. Visited sequence points not found. 
Included Assemblies: GDX
Excluded Assemblies: <Not specified>
Included Paths: <Not specified>
Excluded Paths: **.Tests/**,**/BuiltInPackages/**
]]></output>
          </test-case>
          <test-case id="1133" name="RemoveFirstReference_MockData_NoItemReturnsFalse" fullname="GDX.SimpleListExtensionsTests.RemoveFirstReference_MockData_NoItemReturnsFalse" methodname="RemoveFirstReference_MockData_NoItemReturnsFalse" classname="GDX.SimpleListExtensionsTests" runstate="Runnable" seed="606229488" result="Passed" start-time="2023-01-06 16:12:15Z" end-time="2023-01-06 16:12:15Z" duration="0.000606" asserts="0">
            <properties>
              <property name="Category" value="GDX.Tests" />
            </properties>
            <output><![CDATA[[Code Coverage] Code coverage results were not saved. Visited sequence points not found. 
Included Assemblies: GDX
Excluded Assemblies: <Not specified>
Included Paths: <Not specified>
Excluded Paths: **.Tests/**,**/BuiltInPackages/**
]]></output>
          </test-case>
          <test-case id="1132" name="RemoveFirstReference_MockData_RemovedItem" fullname="GDX.SimpleListExtensionsTests.RemoveFirstReference_MockData_RemovedItem" methodname="RemoveFirstReference_MockData_RemovedItem" classname="GDX.SimpleListExtensionsTests" runstate="Runnable" seed="12573029" result="Passed" start-time="2023-01-06 16:12:16Z" end-time="2023-01-06 16:12:16Z" duration="0.000508" asserts="0">
            <properties>
              <property name="Category" value="GDX.Tests" />
            </properties>
            <output><![CDATA[[Code Coverage] Code coverage results were not saved. Visited sequence points not found. 
Included Assemblies: GDX
Excluded Assemblies: <Not specified>
Included Paths: <Not specified>
Excluded Paths: **.Tests/**,**/BuiltInPackages/**
]]></output>
          </test-case>
          <test-case id="1134" name="RemoveItems_MockData_RemovedItems" fullname="GDX.SimpleListExtensionsTests.RemoveItems_MockData_RemovedItems" methodname="RemoveItems_MockData_RemovedItems" classname="GDX.SimpleListExtensionsTests" runstate="Runnable" seed="747894228" result="Passed" start-time="2023-01-06 16:12:17Z" end-time="2023-01-06 16:12:17Z" duration="0.000649" asserts="0">
            <properties>
              <property name="Category" value="GDX.Tests" />
            </properties>
            <output><![CDATA[[Code Coverage] Code coverage results were not saved. Visited sequence points not found. 
Included Assemblies: GDX
Excluded Assemblies: <Not specified>
Included Paths: <Not specified>
Excluded Paths: **.Tests/**,**/BuiltInPackages/**
]]></output>
          </test-case>
          <test-case id="1137" name="RemoveLastItem_MockData_NoItemReturnsFalse" fullname="GDX.SimpleListExtensionsTests.RemoveLastItem_MockData_NoItemReturnsFalse" methodname="RemoveLastItem_MockData_NoItemReturnsFalse" classname="GDX.SimpleListExtensionsTests" runstate="Runnable" seed="1768228930" result="Passed" start-time="2023-01-06 16:12:18Z" end-time="2023-01-06 16:12:18Z" duration="0.000585" asserts="0">
            <properties>
              <property name="Category" value="GDX.Tests" />
            </properties>
            <output><![CDATA[[Code Coverage] Code coverage results were not saved. Visited sequence points not found. 
Included Assemblies: GDX
Excluded Assemblies: <Not specified>
Included Paths: <Not specified>
Excluded Paths: **.Tests/**,**/BuiltInPackages/**
]]></output>
          </test-case>
          <test-case id="1136" name="RemoveLastItem_MockData_RemovedItem" fullname="GDX.SimpleListExtensionsTests.RemoveLastItem_MockData_RemovedItem" methodname="RemoveLastItem_MockData_RemovedItem" classname="GDX.SimpleListExtensionsTests" runstate="Runnable" seed="2036594189" result="Passed" start-time="2023-01-06 16:12:19Z" end-time="2023-01-06 16:12:19Z" duration="0.000480" asserts="0">
            <properties>
              <property name="Category" value="GDX.Tests" />
            </properties>
            <output><![CDATA[[Code Coverage] Code coverage results were not saved. Visited sequence points not found. 
Included Assemblies: GDX
Excluded Assemblies: <Not specified>
Included Paths: <Not specified>
Excluded Paths: **.Tests/**,**/BuiltInPackages/**
]]></output>
          </test-case>
          <test-case id="1139" name="RemoveLastReference_MockData_NoItemReturnsFalse" fullname="GDX.SimpleListExtensionsTests.RemoveLastReference_MockData_NoItemReturnsFalse" methodname="RemoveLastReference_MockData_NoItemReturnsFalse" classname="GDX.SimpleListExtensionsTests" runstate="Runnable" seed="2100111741" result="Passed" start-time="2023-01-06 16:12:20Z" end-time="2023-01-06 16:12:20Z" duration="0.000636" asserts="0">
            <properties>
              <property name="Category" value="GDX.Tests" />
            </properties>
            <output><![CDATA[[Code Coverage] Code coverage results were not saved. Visited sequence points not found. 
Included Assemblies: GDX
Excluded Assemblies: <Not specified>
Included Paths: <Not specified>
Excluded Paths: **.Tests/**,**/BuiltInPackages/**
]]></output>
          </test-case>
          <test-case id="1138" name="RemoveLastReference_MockData_RemovedItem" fullname="GDX.SimpleListExtensionsTests.RemoveLastReference_MockData_RemovedItem" methodname="RemoveLastReference_MockData_RemovedItem" classname="GDX.SimpleListExtensionsTests" runstate="Runnable" seed="1289935359" result="Passed" start-time="2023-01-06 16:12:21Z" end-time="2023-01-06 16:12:21Z" duration="0.000497" asserts="0">
            <properties>
              <property name="Category" value="GDX.Tests" />
            </properties>
            <output><![CDATA[[Code Coverage] Code coverage results were not saved. Visited sequence points not found. 
Included Assemblies: GDX
Excluded Assemblies: <Not specified>
Included Paths: <Not specified>
Excluded Paths: **.Tests/**,**/BuiltInPackages/**
]]></output>
          </test-case>
          <test-case id="1135" name="RemoveReferences_MockData_RemovedItems" fullname="GDX.SimpleListExtensionsTests.RemoveReferences_MockData_RemovedItems" methodname="RemoveReferences_MockData_RemovedItems" classname="GDX.SimpleListExtensionsTests" runstate="Runnable" seed="1653308509" result="Passed" start-time="2023-01-06 16:12:22Z" end-time="2023-01-06 16:12:22Z" duration="0.000633" asserts="0">
            <properties>
              <property name="Category" value="GDX.Tests" />
            </properties>
            <output><![CDATA[[Code Coverage] Code coverage results were not saved. Visited sequence points not found. 
Included Assemblies: GDX
Excluded Assemblies: <Not specified>
Included Paths: <Not specified>
Excluded Paths: **.Tests/**,**/BuiltInPackages/**
]]></output>
          </test-case>
        </test-suite>
        <test-suite type="TestFixture" id="1147" name="StringExtensionsTests" fullname="GDX.StringExtensionsTests" classname="GDX.StringExtensionsTests" runstate="Runnable" testcasecount="38" result="Passed" start-time="2023-01-06 16:12:23Z" end-time="2023-01-06 16:13:02Z" duration="39.007407" total="38" passed="38" failed="0" inconclusive="0" skipped="0" asserts="0">
          <properties />
          <test-case id="1178" name="Concatenate_Simple_NoSuffix" fullname="GDX.StringExtensionsTests.Concatenate_Simple_NoSuffix" methodname="Concatenate_Simple_NoSuffix" classname="GDX.StringExtensionsTests" runstate="Runnable" seed="267863372" result="Passed" start-time="2023-01-06 16:12:23Z" end-time="2023-01-06 16:12:23Z" duration="0.000666" asserts="0">
            <properties>
              <property name="Category" value="GDX.Tests" />
            </properties>
            <output><![CDATA[[Code Coverage] Code Coverage results for visited sequence points were saved in D:/BuildAgent/work/GDX-Documentation/Staging/CodeCoverage/GDX_Development-opencov/EditMode/TestCoverageResults_0407.xml
]]></output>
          </test-case>
          <test-case id="1179" name="Concatenate_Simple_Suffix" fullname="GDX.StringExtensionsTests.Concatenate_Simple_Suffix" methodname="Concatenate_Simple_Suffix" classname="GDX.StringExtensionsTests" runstate="Runnable" seed="43817557" result="Passed" start-time="2023-01-06 16:12:24Z" end-time="2023-01-06 16:12:24Z" duration="0.000504" asserts="0">
            <properties>
              <property name="Category" value="GDX.Tests" />
            </properties>
            <output><![CDATA[[Code Coverage] Code Coverage results for visited sequence points were saved in D:/BuildAgent/work/GDX-Documentation/Staging/CodeCoverage/GDX_Development-opencov/EditMode/TestCoverageResults_0408.xml
]]></output>
          </test-case>
          <test-case id="1176" name="CountOccurence_TwoMockData_ReturnsTwo" fullname="GDX.StringExtensionsTests.CountOccurence_TwoMockData_ReturnsTwo" methodname="CountOccurence_TwoMockData_ReturnsTwo" classname="GDX.StringExtensionsTests" runstate="Runnable" seed="1646516232" result="Passed" start-time="2023-01-06 16:12:25Z" end-time="2023-01-06 16:12:25Z" duration="0.000500" asserts="0">
            <properties>
              <property name="Category" value="GDX.Tests" />
            </properties>
            <output><![CDATA[[Code Coverage] Code Coverage results for visited sequence points were saved in D:/BuildAgent/work/GDX-Documentation/Staging/CodeCoverage/GDX_Development-opencov/EditMode/TestCoverageResults_0409.xml
]]></output>
          </test-case>
          <test-case id="1177" name="CountOccurence_ZeroMockData_ReturnsTwo" fullname="GDX.StringExtensionsTests.CountOccurence_ZeroMockData_ReturnsTwo" methodname="CountOccurence_ZeroMockData_ReturnsTwo" classname="GDX.StringExtensionsTests" runstate="Runnable" seed="80893824" result="Passed" start-time="2023-01-06 16:12:26Z" end-time="2023-01-06 16:12:26Z" duration="0.000416" asserts="0">
            <properties>
              <property name="Category" value="GDX.Tests" />
            </properties>
            <output><![CDATA[[Code Coverage] Code Coverage results for visited sequence points were saved in D:/BuildAgent/work/GDX-Documentation/Staging/CodeCoverage/GDX_Development-opencov/EditMode/TestCoverageResults_0410.xml
]]></output>
          </test-case>
          <test-case id="1172" name="Encrypt_Decrypt_IsEqual" fullname="GDX.StringExtensionsTests.Encrypt_Decrypt_IsEqual" methodname="Encrypt_Decrypt_IsEqual" classname="GDX.StringExtensionsTests" runstate="Runnable" seed="176700807" result="Passed" start-time="2023-01-06 16:12:27Z" end-time="2023-01-06 16:12:27Z" duration="0.010355" asserts="0">
            <properties>
              <property name="Category" value="GDX.Tests" />
            </properties>
            <output><![CDATA[[Code Coverage] Code Coverage results for visited sequence points were saved in D:/BuildAgent/work/GDX-Documentation/Staging/CodeCoverage/GDX_Development-opencov/EditMode/TestCoverageResults_0411.xml
]]></output>
          </test-case>
          <test-case id="1173" name="Encrypt_MockData_ReturnsString" fullname="GDX.StringExtensionsTests.Encrypt_MockData_ReturnsString" methodname="Encrypt_MockData_ReturnsString" classname="GDX.StringExtensionsTests" runstate="Runnable" seed="1916242" result="Passed" start-time="2023-01-06 16:12:28Z" end-time="2023-01-06 16:12:28Z" duration="0.000456" asserts="0">
            <properties>
              <property name="Category" value="GDX.Tests" />
            </properties>
            <output><![CDATA[[Code Coverage] Code Coverage results for visited sequence points were saved in D:/BuildAgent/work/GDX-Documentation/Staging/CodeCoverage/GDX_Development-opencov/EditMode/TestCoverageResults_0412.xml
]]></output>
          </test-case>
          <test-case id="1148" name="GetAfterFirst_MockData_ReturnsString" fullname="GDX.StringExtensionsTests.GetAfterFirst_MockData_ReturnsString" methodname="GetAfterFirst_MockData_ReturnsString" classname="GDX.StringExtensionsTests" runstate="Runnable" seed="761747387" result="Passed" start-time="2023-01-06 16:12:29Z" end-time="2023-01-06 16:12:29Z" duration="0.000479" asserts="0">
            <properties>
              <property name="Category" value="GDX.Tests" />
            </properties>
            <output><![CDATA[[Code Coverage] Code Coverage results for visited sequence points were saved in D:/BuildAgent/work/GDX-Documentation/Staging/CodeCoverage/GDX_Development-opencov/EditMode/TestCoverageResults_0413.xml
]]></output>
          </test-case>
          <test-case id="1149" name="GetAfterLast_MockData_ReturnsString" fullname="GDX.StringExtensionsTests.GetAfterLast_MockData_ReturnsString" methodname="GetAfterLast_MockData_ReturnsString" classname="GDX.StringExtensionsTests" runstate="Runnable" seed="1234414508" result="Passed" start-time="2023-01-06 16:12:30Z" end-time="2023-01-06 16:12:30Z" duration="0.000511" asserts="0">
            <properties>
              <property name="Category" value="GDX.Tests" />
            </properties>
            <output><![CDATA[[Code Coverage] Code Coverage results for visited sequence points were saved in D:/BuildAgent/work/GDX-Documentation/Staging/CodeCoverage/GDX_Development-opencov/EditMode/TestCoverageResults_0414.xml
]]></output>
          </test-case>
          <test-case id="1150" name="GetBeforeFirst_MockData_ReturnsEmptyString" fullname="GDX.StringExtensionsTests.GetBeforeFirst_MockData_ReturnsEmptyString" methodname="GetBeforeFirst_MockData_ReturnsEmptyString" classname="GDX.StringExtensionsTests" runstate="Runnable" seed="484335333" result="Passed" start-time="2023-01-06 16:12:31Z" end-time="2023-01-06 16:12:31Z" duration="0.000483" asserts="0">
            <properties>
              <property name="Category" value="GDX.Tests" />
            </properties>
            <output><![CDATA[[Code Coverage] Code Coverage results for visited sequence points were saved in D:/BuildAgent/work/GDX-Documentation/Staging/CodeCoverage/GDX_Development-opencov/EditMode/TestCoverageResults_0415.xml
]]></output>
          </test-case>
          <test-case id="1151" name="GetBeforeLast_MockData_ReturnsString" fullname="GDX.StringExtensionsTests.GetBeforeLast_MockData_ReturnsString" methodname="GetBeforeLast_MockData_ReturnsString" classname="GDX.StringExtensionsTests" runstate="Runnable" seed="477700897" result="Passed" start-time="2023-01-06 16:12:33Z" end-time="2023-01-06 16:12:33Z" duration="0.000450" asserts="0">
            <properties>
              <property name="Category" value="GDX.Tests" />
            </properties>
            <output><![CDATA[[Code Coverage] Code Coverage results for visited sequence points were saved in D:/BuildAgent/work/GDX-Documentation/Staging/CodeCoverage/GDX_Development-opencov/EditMode/TestCoverageResults_0416.xml
]]></output>
          </test-case>
          <test-case id="1174" name="GetStableLowerCaseHashCode_ToLowerGetStableHashCode_IsEqual" fullname="GDX.StringExtensionsTests.GetStableLowerCaseHashCode_ToLowerGetStableHashCode_IsEqual" methodname="GetStableLowerCaseHashCode_ToLowerGetStableHashCode_IsEqual" classname="GDX.StringExtensionsTests" runstate="Runnable" seed="1234813677" result="Passed" start-time="2023-01-06 16:12:34Z" end-time="2023-01-06 16:12:34Z" duration="0.000788" asserts="0">
            <properties>
              <property name="Category" value="GDX.Tests" />
            </properties>
            <output><![CDATA[[Code Coverage] Code Coverage results for visited sequence points were saved in D:/BuildAgent/work/GDX-Documentation/Staging/CodeCoverage/GDX_Development-opencov/EditMode/TestCoverageResults_0417.xml
]]></output>
          </test-case>
          <test-case id="1175" name="GetStableUpperCaseHashCode_ToUpperGetStableHashCode_IsEqual" fullname="GDX.StringExtensionsTests.GetStableUpperCaseHashCode_ToUpperGetStableHashCode_IsEqual" methodname="GetStableUpperCaseHashCode_ToUpperGetStableHashCode_IsEqual" classname="GDX.StringExtensionsTests" runstate="Runnable" seed="610166958" result="Passed" start-time="2023-01-06 16:12:35Z" end-time="2023-01-06 16:12:35Z" duration="0.000455" asserts="0">
            <properties>
              <property name="Category" value="GDX.Tests" />
            </properties>
            <output><![CDATA[[Code Coverage] Code Coverage results for visited sequence points were saved in D:/BuildAgent/work/GDX-Documentation/Staging/CodeCoverage/GDX_Development-opencov/EditMode/TestCoverageResults_0418.xml
]]></output>
          </test-case>
          <test-case id="1155" name="HasLowerCase_MixedCaseString_ReturnsTrue" fullname="GDX.StringExtensionsTests.HasLowerCase_MixedCaseString_ReturnsTrue" methodname="HasLowerCase_MixedCaseString_ReturnsTrue" classname="GDX.StringExtensionsTests" runstate="Runnable" seed="462547487" result="Passed" start-time="2023-01-06 16:12:36Z" end-time="2023-01-06 16:12:36Z" duration="0.000470" asserts="0">
            <properties>
              <property name="Category" value="GDX.Tests" />
            </properties>
            <output><![CDATA[[Code Coverage] Code Coverage results for visited sequence points were saved in D:/BuildAgent/work/GDX-Documentation/Staging/CodeCoverage/GDX_Development-opencov/EditMode/TestCoverageResults_0419.xml
]]></output>
          </test-case>
          <test-case id="1153" name="HasLowerCase_UpperCaseString_ReturnsFalse" fullname="GDX.StringExtensionsTests.HasLowerCase_UpperCaseString_ReturnsFalse" methodname="HasLowerCase_UpperCaseString_ReturnsFalse" classname="GDX.StringExtensionsTests" runstate="Runnable" seed="1052502776" result="Passed" start-time="2023-01-06 16:12:37Z" end-time="2023-01-06 16:12:37Z" duration="0.000357" asserts="0">
            <properties>
              <property name="Category" value="GDX.Tests" />
            </properties>
            <output><![CDATA[[Code Coverage] Code Coverage results for visited sequence points were saved in D:/BuildAgent/work/GDX-Documentation/Staging/CodeCoverage/GDX_Development-opencov/EditMode/TestCoverageResults_0420.xml
]]></output>
          </test-case>
          <test-case id="1152" name="HasUpperCase_LowerCaseString_ReturnsFalse" fullname="GDX.StringExtensionsTests.HasUpperCase_LowerCaseString_ReturnsFalse" methodname="HasUpperCase_LowerCaseString_ReturnsFalse" classname="GDX.StringExtensionsTests" runstate="Runnable" seed="789571359" result="Passed" start-time="2023-01-06 16:12:38Z" end-time="2023-01-06 16:12:38Z" duration="0.000496" asserts="0">
            <properties>
              <property name="Category" value="GDX.Tests" />
            </properties>
            <output><![CDATA[[Code Coverage] Code Coverage results for visited sequence points were saved in D:/BuildAgent/work/GDX-Documentation/Staging/CodeCoverage/GDX_Development-opencov/EditMode/TestCoverageResults_0421.xml
]]></output>
          </test-case>
          <test-case id="1154" name="HasUpperCase_MixedCaseString_ReturnsTrue" fullname="GDX.StringExtensionsTests.HasUpperCase_MixedCaseString_ReturnsTrue" methodname="HasUpperCase_MixedCaseString_ReturnsTrue" classname="GDX.StringExtensionsTests" runstate="Runnable" seed="5265731" result="Passed" start-time="2023-01-06 16:12:39Z" end-time="2023-01-06 16:12:39Z" duration="0.000369" asserts="0">
            <properties>
              <property name="Category" value="GDX.Tests" />
            </properties>
            <output><![CDATA[[Code Coverage] Code Coverage results for visited sequence points were saved in D:/BuildAgent/work/GDX-Documentation/Staging/CodeCoverage/GDX_Development-opencov/EditMode/TestCoverageResults_0422.xml
]]></output>
          </test-case>
          <test-case id="1159" name="IsBooleanPositiveValue_BadString_ReturnsFalse" fullname="GDX.StringExtensionsTests.IsBooleanPositiveValue_BadString_ReturnsFalse" methodname="IsBooleanPositiveValue_BadString_ReturnsFalse" classname="GDX.StringExtensionsTests" runstate="Runnable" seed="1365607536" result="Passed" start-time="2023-01-06 16:12:40Z" end-time="2023-01-06 16:12:40Z" duration="0.000466" asserts="0">
            <properties>
              <property name="Category" value="GDX.Tests" />
            </properties>
            <output><![CDATA[[Code Coverage] Code Coverage results for visited sequence points were saved in D:/BuildAgent/work/GDX-Documentation/Staging/CodeCoverage/GDX_Development-opencov/EditMode/TestCoverageResults_0423.xml
]]></output>
          </test-case>
          <test-case id="1156" name="IsBooleanPositiveValue_TrueString_ReturnsTrue" fullname="GDX.StringExtensionsTests.IsBooleanPositiveValue_TrueString_ReturnsTrue" methodname="IsBooleanPositiveValue_TrueString_ReturnsTrue" classname="GDX.StringExtensionsTests" runstate="Runnable" seed="559416481" result="Passed" start-time="2023-01-06 16:12:41Z" end-time="2023-01-06 16:12:41Z" duration="0.000373" asserts="0">
            <properties>
              <property name="Category" value="GDX.Tests" />
            </properties>
            <output><![CDATA[[Code Coverage] Code Coverage results for visited sequence points were saved in D:/BuildAgent/work/GDX-Documentation/Staging/CodeCoverage/GDX_Development-opencov/EditMode/TestCoverageResults_0424.xml
]]></output>
          </test-case>
          <test-case id="1158" name="IsBooleanValue_BadString_ReturnsFalse" fullname="GDX.StringExtensionsTests.IsBooleanValue_BadString_ReturnsFalse" methodname="IsBooleanValue_BadString_ReturnsFalse" classname="GDX.StringExtensionsTests" runstate="Runnable" seed="1951267876" result="Passed" start-time="2023-01-06 16:12:42Z" end-time="2023-01-06 16:12:42Z" duration="0.000538" asserts="0">
            <properties>
              <property name="Category" value="GDX.Tests" />
            </properties>
            <output><![CDATA[[Code Coverage] Code Coverage results for visited sequence points were saved in D:/BuildAgent/work/GDX-Documentation/Staging/CodeCoverage/GDX_Development-opencov/EditMode/TestCoverageResults_0425.xml
]]></output>
          </test-case>
          <test-case id="1157" name="IsBooleanValue_OffString_ReturnsTrue" fullname="GDX.StringExtensionsTests.IsBooleanValue_OffString_ReturnsTrue" methodname="IsBooleanValue_OffString_ReturnsTrue" classname="GDX.StringExtensionsTests" runstate="Runnable" seed="1639212602" result="Passed" start-time="2023-01-06 16:12:43Z" end-time="2023-01-06 16:12:43Z" duration="0.000371" asserts="0">
            <properties>
              <property name="Category" value="GDX.Tests" />
            </properties>
            <output><![CDATA[[Code Coverage] Code Coverage results for visited sequence points were saved in D:/BuildAgent/work/GDX-Documentation/Staging/CodeCoverage/GDX_Development-opencov/EditMode/TestCoverageResults_0426.xml
]]></output>
          </test-case>
          <test-case id="1163" name="IsIntegerValue_BadString_ReturnsFalse" fullname="GDX.StringExtensionsTests.IsIntegerValue_BadString_ReturnsFalse" methodname="IsIntegerValue_BadString_ReturnsFalse" classname="GDX.StringExtensionsTests" runstate="Runnable" seed="126603562" result="Passed" start-time="2023-01-06 16:12:44Z" end-time="2023-01-06 16:12:44Z" duration="0.000516" asserts="0">
            <properties>
              <property name="Category" value="GDX.Tests" />
            </properties>
            <output><![CDATA[[Code Coverage] Code Coverage results for visited sequence points were saved in D:/BuildAgent/work/GDX-Documentation/Staging/CodeCoverage/GDX_Development-opencov/EditMode/TestCoverageResults_0427.xml
]]></output>
          </test-case>
          <test-case id="1164" name="IsIntegerValue_MixedString_ReturnsFalse" fullname="GDX.StringExtensionsTests.IsIntegerValue_MixedString_ReturnsFalse" methodname="IsIntegerValue_MixedString_ReturnsFalse" classname="GDX.StringExtensionsTests" runstate="Runnable" seed="875152716" result="Passed" start-time="2023-01-06 16:12:45Z" end-time="2023-01-06 16:12:45Z" duration="0.000384" asserts="0">
            <properties>
              <property name="Category" value="GDX.Tests" />
            </properties>
            <output><![CDATA[[Code Coverage] Code Coverage results for visited sequence points were saved in D:/BuildAgent/work/GDX-Documentation/Staging/CodeCoverage/GDX_Development-opencov/EditMode/TestCoverageResults_0428.xml
]]></output>
          </test-case>
          <test-case id="1162" name="IsIntegerValue_NegativeNumber_ReturnsTrue" fullname="GDX.StringExtensionsTests.IsIntegerValue_NegativeNumber_ReturnsTrue" methodname="IsIntegerValue_NegativeNumber_ReturnsTrue" classname="GDX.StringExtensionsTests" runstate="Runnable" seed="1082519594" result="Passed" start-time="2023-01-06 16:12:46Z" end-time="2023-01-06 16:12:46Z" duration="0.000384" asserts="0">
            <properties>
              <property name="Category" value="GDX.Tests" />
            </properties>
            <output><![CDATA[[Code Coverage] Code Coverage results for visited sequence points were saved in D:/BuildAgent/work/GDX-Documentation/Staging/CodeCoverage/GDX_Development-opencov/EditMode/TestCoverageResults_0429.xml
]]></output>
          </test-case>
          <test-case id="1160" name="IsIntegerValue_NullNumber_ReturnsFalse" fullname="GDX.StringExtensionsTests.IsIntegerValue_NullNumber_ReturnsFalse" methodname="IsIntegerValue_NullNumber_ReturnsFalse" classname="GDX.StringExtensionsTests" runstate="Runnable" seed="489685017" result="Passed" start-time="2023-01-06 16:12:47Z" end-time="2023-01-06 16:12:47Z" duration="0.000355" asserts="0">
            <properties>
              <property name="Category" value="GDX.Tests" />
            </properties>
            <output><![CDATA[[Code Coverage] Code Coverage results for visited sequence points were saved in D:/BuildAgent/work/GDX-Documentation/Staging/CodeCoverage/GDX_Development-opencov/EditMode/TestCoverageResults_0430.xml
]]></output>
          </test-case>
          <test-case id="1161" name="IsIntegerValue_PositiveNumber_ReturnsTrue" fullname="GDX.StringExtensionsTests.IsIntegerValue_PositiveNumber_ReturnsTrue" methodname="IsIntegerValue_PositiveNumber_ReturnsTrue" classname="GDX.StringExtensionsTests" runstate="Runnable" seed="1728493230" result="Passed" start-time="2023-01-06 16:12:48Z" end-time="2023-01-06 16:12:48Z" duration="0.000366" asserts="0">
            <properties>
              <property name="Category" value="GDX.Tests" />
            </properties>
            <output><![CDATA[[Code Coverage] Code Coverage results for visited sequence points were saved in D:/BuildAgent/work/GDX-Documentation/Staging/CodeCoverage/GDX_Development-opencov/EditMode/TestCoverageResults_0431.xml
]]></output>
          </test-case>
          <test-case id="1167" name="IsNumericValue_Characters_ReturnsFalse" fullname="GDX.StringExtensionsTests.IsNumericValue_Characters_ReturnsFalse" methodname="IsNumericValue_Characters_ReturnsFalse" classname="GDX.StringExtensionsTests" runstate="Runnable" seed="715967658" result="Passed" start-time="2023-01-06 16:12:49Z" end-time="2023-01-06 16:12:49Z" duration="0.000369" asserts="0">
            <properties>
              <property name="Category" value="GDX.Tests" />
            </properties>
            <output><![CDATA[[Code Coverage] Code Coverage results for visited sequence points were saved in D:/BuildAgent/work/GDX-Documentation/Staging/CodeCoverage/GDX_Development-opencov/EditMode/TestCoverageResults_0432.xml
]]></output>
          </test-case>
          <test-case id="1168" name="IsNumericValue_NegativeNumber_ReturnsTrue" fullname="GDX.StringExtensionsTests.IsNumericValue_NegativeNumber_ReturnsTrue" methodname="IsNumericValue_NegativeNumber_ReturnsTrue" classname="GDX.StringExtensionsTests" runstate="Runnable" seed="243433152" result="Passed" start-time="2023-01-06 16:12:50Z" end-time="2023-01-06 16:12:50Z" duration="0.000371" asserts="0">
            <properties>
              <property name="Category" value="GDX.Tests" />
            </properties>
            <output><![CDATA[[Code Coverage] Code Coverage results for visited sequence points were saved in D:/BuildAgent/work/GDX-Documentation/Staging/CodeCoverage/GDX_Development-opencov/EditMode/TestCoverageResults_0433.xml
]]></output>
          </test-case>
          <test-case id="1166" name="IsNumericValue_NullNumber_ReturnsFalse" fullname="GDX.StringExtensionsTests.IsNumericValue_NullNumber_ReturnsFalse" methodname="IsNumericValue_NullNumber_ReturnsFalse" classname="GDX.StringExtensionsTests" runstate="Runnable" seed="1933875785" result="Passed" start-time="2023-01-06 16:12:51Z" end-time="2023-01-06 16:12:51Z" duration="0.000373" asserts="0">
            <properties>
              <property name="Category" value="GDX.Tests" />
            </properties>
            <output><![CDATA[[Code Coverage] Code Coverage results for visited sequence points were saved in D:/BuildAgent/work/GDX-Documentation/Staging/CodeCoverage/GDX_Development-opencov/EditMode/TestCoverageResults_0434.xml
]]></output>
          </test-case>
          <test-case id="1165" name="IsNumericValue_PositiveNumber_ReturnsTrue" fullname="GDX.StringExtensionsTests.IsNumericValue_PositiveNumber_ReturnsTrue" methodname="IsNumericValue_PositiveNumber_ReturnsTrue" classname="GDX.StringExtensionsTests" runstate="Runnable" seed="139108385" result="Passed" start-time="2023-01-06 16:12:52Z" end-time="2023-01-06 16:12:52Z" duration="0.000373" asserts="0">
            <properties>
              <property name="Category" value="GDX.Tests" />
            </properties>
            <output><![CDATA[[Code Coverage] Code Coverage results for visited sequence points were saved in D:/BuildAgent/work/GDX-Documentation/Staging/CodeCoverage/GDX_Development-opencov/EditMode/TestCoverageResults_0435.xml
]]></output>
          </test-case>
          <test-case id="1169" name="IsNumericValue_TwoDecimals_ReturnsFalse" fullname="GDX.StringExtensionsTests.IsNumericValue_TwoDecimals_ReturnsFalse" methodname="IsNumericValue_TwoDecimals_ReturnsFalse" classname="GDX.StringExtensionsTests" runstate="Runnable" seed="1638233599" result="Passed" start-time="2023-01-06 16:12:53Z" end-time="2023-01-06 16:12:53Z" duration="0.000371" asserts="0">
            <properties>
              <property name="Category" value="GDX.Tests" />
            </properties>
            <output><![CDATA[[Code Coverage] Code Coverage results for visited sequence points were saved in D:/BuildAgent/work/GDX-Documentation/Staging/CodeCoverage/GDX_Development-opencov/EditMode/TestCoverageResults_0436.xml
]]></output>
          </test-case>
          <test-case id="1185" name="PartialMatch_EmptySimpleList_NotFound" fullname="GDX.StringExtensionsTests.PartialMatch_EmptySimpleList_NotFound" methodname="PartialMatch_EmptySimpleList_NotFound" classname="GDX.StringExtensionsTests" runstate="Runnable" seed="201529914" result="Passed" start-time="2023-01-06 16:12:54Z" end-time="2023-01-06 16:12:54Z" duration="0.000510" asserts="0">
            <properties>
              <property name="Category" value="GDX.Tests" />
            </properties>
            <output><![CDATA[[Code Coverage] Code Coverage results for visited sequence points were saved in D:/BuildAgent/work/GDX-Documentation/Staging/CodeCoverage/GDX_Development-opencov/EditMode/TestCoverageResults_0437.xml
]]></output>
          </test-case>
          <test-case id="1182" name="PartialMatch_NullStringArray_NotFound" fullname="GDX.StringExtensionsTests.PartialMatch_NullStringArray_NotFound" methodname="PartialMatch_NullStringArray_NotFound" classname="GDX.StringExtensionsTests" runstate="Runnable" seed="1433408534" result="Passed" start-time="2023-01-06 16:12:55Z" end-time="2023-01-06 16:12:55Z" duration="0.000473" asserts="0">
            <properties>
              <property name="Category" value="GDX.Tests" />
            </properties>
            <output><![CDATA[[Code Coverage] Code Coverage results for visited sequence points were saved in D:/BuildAgent/work/GDX-Documentation/Staging/CodeCoverage/GDX_Development-opencov/EditMode/TestCoverageResults_0438.xml
]]></output>
          </test-case>
          <test-case id="1183" name="PartialMatch_SimpleList_Found" fullname="GDX.StringExtensionsTests.PartialMatch_SimpleList_Found" methodname="PartialMatch_SimpleList_Found" classname="GDX.StringExtensionsTests" runstate="Runnable" seed="633379479" result="Passed" start-time="2023-01-06 16:12:56Z" end-time="2023-01-06 16:12:56Z" duration="0.000497" asserts="0">
            <properties>
              <property name="Category" value="GDX.Tests" />
            </properties>
            <output><![CDATA[[Code Coverage] Code Coverage results for visited sequence points were saved in D:/BuildAgent/work/GDX-Documentation/Staging/CodeCoverage/GDX_Development-opencov/EditMode/TestCoverageResults_0439.xml
]]></output>
          </test-case>
          <test-case id="1184" name="PartialMatch_SimpleList_NotFound" fullname="GDX.StringExtensionsTests.PartialMatch_SimpleList_NotFound" methodname="PartialMatch_SimpleList_NotFound" classname="GDX.StringExtensionsTests" runstate="Runnable" seed="690628738" result="Passed" start-time="2023-01-06 16:12:57Z" end-time="2023-01-06 16:12:57Z" duration="0.000442" asserts="0">
            <properties>
              <property name="Category" value="GDX.Tests" />
            </properties>
            <output><![CDATA[[Code Coverage] Code Coverage results for visited sequence points were saved in D:/BuildAgent/work/GDX-Documentation/Staging/CodeCoverage/GDX_Development-opencov/EditMode/TestCoverageResults_0440.xml
]]></output>
          </test-case>
          <test-case id="1180" name="PartialMatch_StringArray_Found" fullname="GDX.StringExtensionsTests.PartialMatch_StringArray_Found" methodname="PartialMatch_StringArray_Found" classname="GDX.StringExtensionsTests" runstate="Runnable" seed="1402000702" result="Passed" start-time="2023-01-06 16:12:58Z" end-time="2023-01-06 16:12:58Z" duration="0.000487" asserts="0">
            <properties>
              <property name="Category" value="GDX.Tests" />
            </properties>
            <output><![CDATA[[Code Coverage] Code Coverage results for visited sequence points were saved in D:/BuildAgent/work/GDX-Documentation/Staging/CodeCoverage/GDX_Development-opencov/EditMode/TestCoverageResults_0441.xml
]]></output>
          </test-case>
          <test-case id="1181" name="PartialMatch_StringArray_NotFound" fullname="GDX.StringExtensionsTests.PartialMatch_StringArray_NotFound" methodname="PartialMatch_StringArray_NotFound" classname="GDX.StringExtensionsTests" runstate="Runnable" seed="2064583544" result="Passed" start-time="2023-01-06 16:12:59Z" end-time="2023-01-06 16:12:59Z" duration="0.000636" asserts="0">
            <properties>
              <property name="Category" value="GDX.Tests" />
            </properties>
            <output><![CDATA[[Code Coverage] Code Coverage results for visited sequence points were saved in D:/BuildAgent/work/GDX-Documentation/Staging/CodeCoverage/GDX_Development-opencov/EditMode/TestCoverageResults_0442.xml
]]></output>
          </test-case>
          <test-case id="1171" name="SplitCamelCase_camelCase_ReturnsString" fullname="GDX.StringExtensionsTests.SplitCamelCase_camelCase_ReturnsString" methodname="SplitCamelCase_camelCase_ReturnsString" classname="GDX.StringExtensionsTests" runstate="Runnable" seed="742103222" result="Passed" start-time="2023-01-06 16:13:00Z" end-time="2023-01-06 16:13:00Z" duration="0.001235" asserts="0">
            <properties>
              <property name="Category" value="GDX.Tests" />
            </properties>
            <output><![CDATA[[Code Coverage] Code Coverage results for visited sequence points were saved in D:/BuildAgent/work/GDX-Documentation/Staging/CodeCoverage/GDX_Development-opencov/EditMode/TestCoverageResults_0443.xml
]]></output>
          </test-case>
          <test-case id="1170" name="SplitCamelCase_CamelCase_ReturnsString" fullname="GDX.StringExtensionsTests.SplitCamelCase_CamelCase_ReturnsString" methodname="SplitCamelCase_CamelCase_ReturnsString" classname="GDX.StringExtensionsTests" runstate="Runnable" seed="1156582243" result="Passed" start-time="2023-01-06 16:13:01Z" end-time="2023-01-06 16:13:01Z" duration="0.000406" asserts="0">
            <properties>
              <property name="Category" value="GDX.Tests" />
            </properties>
            <output><![CDATA[[Code Coverage] Code Coverage results for visited sequence points were saved in D:/BuildAgent/work/GDX-Documentation/Staging/CodeCoverage/GDX_Development-opencov/EditMode/TestCoverageResults_0444.xml
]]></output>
          </test-case>
        </test-suite>
        <test-suite type="TestSuite" id="1746" name="Threading" fullname="GDX.Threading" runstate="Runnable" testcasecount="24" result="Passed" start-time="2023-01-06 16:13:02Z" end-time="2023-01-06 16:14:06Z" duration="63.867676" total="24" passed="24" failed="0" inconclusive="0" skipped="0" asserts="0">
          <properties />
          <test-suite type="TestFixture" id="1228" name="TaskDirectorSystemTests" fullname="GDX.Threading.TaskDirectorSystemTests" classname="GDX.Threading.TaskDirectorSystemTests" runstate="Runnable" testcasecount="7" result="Passed" start-time="2023-01-06 16:13:02Z" end-time="2023-01-06 16:13:42Z" duration="40.098605" total="7" passed="7" failed="0" inconclusive="0" skipped="0" asserts="0">
            <properties />
            <test-case id="1230" name="Initialize_DefaultTickRate" fullname="GDX.Threading.TaskDirectorSystemTests.Initialize_DefaultTickRate" methodname="Initialize_DefaultTickRate" classname="GDX.Threading.TaskDirectorSystemTests" runstate="Runnable" seed="1546678912" result="Passed" start-time="2023-01-06 16:13:02Z" end-time="2023-01-06 16:13:09Z" duration="6.491245" asserts="0">
              <properties>
                <property name="_JOINTYPE" value="UnityCombinatorial" />
                <property name="Category" value="GDX.Tests" />
              </properties>
              <output><![CDATA[[Code Coverage] Code Coverage results for visited sequence points were saved in D:/BuildAgent/work/GDX-Documentation/Staging/CodeCoverage/GDX_Development-opencov/EditMode/TestCoverageResults_0445.xml
]]></output>
            </test-case>
            <test-case id="1235" name="Invoke_PlayerLoopTick_NoTickInEditMode" fullname="GDX.Threading.TaskDirectorSystemTests.Invoke_PlayerLoopTick_NoTickInEditMode" methodname="Invoke_PlayerLoopTick_NoTickInEditMode" classname="GDX.Threading.TaskDirectorSystemTests" runstate="Runnable" seed="1030637778" result="Passed" start-time="2023-01-06 16:13:10Z" end-time="2023-01-06 16:13:12Z" duration="1.861718" asserts="0">
              <properties>
                <property name="Category" value="GDX.Tests" />
              </properties>
              <output><![CDATA[Unable to tick Task Director from PlayerLoop outside of PlayMode.
[Code Coverage] Code Coverage results for visited sequence points were saved in D:/BuildAgent/work/GDX-Documentation/Staging/CodeCoverage/GDX_Development-opencov/EditMode/TestCoverageResults_0446.xml
]]></output>
            </test-case>
            <test-case id="1231" name="Offline_NoTick" fullname="GDX.Threading.TaskDirectorSystemTests.Offline_NoTick" methodname="Offline_NoTick" classname="GDX.Threading.TaskDirectorSystemTests" runstate="Runnable" seed="329210091" result="Passed" start-time="2023-01-06 16:13:13Z" end-time="2023-01-06 16:13:20Z" duration="7.302251" asserts="0">
              <properties>
                <property name="_JOINTYPE" value="UnityCombinatorial" />
                <property name="Category" value="GDX.Tests" />
              </properties>
            </test-case>
            <test-case id="1232" name="Online_Ticks" fullname="GDX.Threading.TaskDirectorSystemTests.Online_Ticks" methodname="Online_Ticks" classname="GDX.Threading.TaskDirectorSystemTests" runstate="Runnable" seed="267224833" result="Passed" start-time="2023-01-06 16:13:21Z" end-time="2023-01-06 16:13:27Z" duration="6.270898" asserts="0">
              <properties>
                <property name="_JOINTYPE" value="UnityCombinatorial" />
                <property name="Category" value="GDX.Tests" />
              </properties>
              <output><![CDATA[[Code Coverage] Code Coverage results for visited sequence points were saved in D:/BuildAgent/work/GDX-Documentation/Staging/CodeCoverage/GDX_Development-opencov/EditMode/TestCoverageResults_0448.xml
]]></output>
            </test-case>
            <test-case id="1234" name="SetTickRate_WhileOff_Warning" fullname="GDX.Threading.TaskDirectorSystemTests.SetTickRate_WhileOff_Warning" methodname="SetTickRate_WhileOff_Warning" classname="GDX.Threading.TaskDirectorSystemTests" runstate="Runnable" seed="953782108" result="Passed" start-time="2023-01-06 16:13:28Z" end-time="2023-01-06 16:13:30Z" duration="1.852678" asserts="0">
              <properties>
                <property name="Category" value="GDX.Tests" />
              </properties>
              <output><![CDATA[Tick rate set whilst TaskDirectorSystem has been configured off.
[Code Coverage] Code Coverage results for visited sequence points were saved in D:/BuildAgent/work/GDX-Documentation/Staging/CodeCoverage/GDX_Development-opencov/EditMode/TestCoverageResults_0449.xml
]]></output>
            </test-case>
            <test-case id="1229" name="Task_Complete_TicksDirector" fullname="GDX.Threading.TaskDirectorSystemTests.Task_Complete_TicksDirector" methodname="Task_Complete_TicksDirector" classname="GDX.Threading.TaskDirectorSystemTests" runstate="Runnable" seed="297464833" result="Passed" start-time="2023-01-06 16:13:31Z" end-time="2023-01-06 16:13:33Z" duration="1.859431" asserts="0">
              <properties>
                <property name="Category" value="GDX.Tests" />
              </properties>
              <output><![CDATA[[Code Coverage] Code Coverage results for visited sequence points were saved in D:/BuildAgent/work/GDX-Documentation/Staging/CodeCoverage/GDX_Development-opencov/EditMode/TestCoverageResults_0450.xml
]]></output>
            </test-case>
            <test-case id="1233" name="Ticks_AtRate" fullname="GDX.Threading.TaskDirectorSystemTests.Ticks_AtRate" methodname="Ticks_AtRate" classname="GDX.Threading.TaskDirectorSystemTests" runstate="Runnable" seed="1849511000" result="Passed" start-time="2023-01-06 16:13:34Z" end-time="2023-01-06 16:13:41Z" duration="7.299261" asserts="0">
              <properties>
                <property name="_JOINTYPE" value="UnityCombinatorial" />
                <property name="Category" value="GDX.Tests" />
              </properties>
              <output><![CDATA[[Code Coverage] Code Coverage results for visited sequence points were saved in D:/BuildAgent/work/GDX-Documentation/Staging/CodeCoverage/GDX_Development-opencov/EditMode/TestCoverageResults_0451.xml
]]></output>
            </test-case>
          </test-suite>
          <test-suite type="TestFixture" id="1236" name="TaskDirectorTests" fullname="GDX.Threading.TaskDirectorTests" classname="GDX.Threading.TaskDirectorTests" runstate="Runnable" testcasecount="13" result="Passed" start-time="2023-01-06 16:13:42Z" end-time="2023-01-06 16:14:00Z" duration="17.597300" total="13" passed="13" failed="0" inconclusive="0" skipped="0" asserts="0">
            <properties />
            <test-case id="1239" name="AddLog_Logging_ExpectedCount" fullname="GDX.Threading.TaskDirectorTests.AddLog_Logging_ExpectedCount" methodname="AddLog_Logging_ExpectedCount" classname="GDX.Threading.TaskDirectorTests" runstate="Runnable" seed="1154508041" result="Passed" start-time="2023-01-06 16:13:42Z" end-time="2023-01-06 16:13:42Z" duration="0.023337" asserts="0">
              <properties>
                <property name="Category" value="GDX.Tests" />
              </properties>
              <output><![CDATA[[Code Coverage] Code Coverage results for visited sequence points were saved in D:/BuildAgent/work/GDX-Documentation/Staging/CodeCoverage/GDX_Development-opencov/EditMode/TestCoverageResults_0452.xml
]]></output>
            </test-case>
            <test-case id="1237" name="AddLog_OnLogAdded_ExpectedCount" fullname="GDX.Threading.TaskDirectorTests.AddLog_OnLogAdded_ExpectedCount" methodname="AddLog_OnLogAdded_ExpectedCount" classname="GDX.Threading.TaskDirectorTests" runstate="Runnable" seed="1320256444" result="Passed" start-time="2023-01-06 16:13:43Z" end-time="2023-01-06 16:13:43Z" duration="0.019572" asserts="0">
              <properties>
                <property name="Category" value="GDX.Tests" />
              </properties>
              <output><![CDATA[[Code Coverage] Code Coverage results for visited sequence points were saved in D:/BuildAgent/work/GDX-Documentation/Staging/CodeCoverage/GDX_Development-opencov/EditMode/TestCoverageResults_0453.xml
]]></output>
            </test-case>
            <test-case id="1244" name="BlockingBits_BlocksBits_CompletesCalled" fullname="GDX.Threading.TaskDirectorTests.BlockingBits_BlocksBits_CompletesCalled" methodname="BlockingBits_BlocksBits_CompletesCalled" classname="GDX.Threading.TaskDirectorTests" runstate="Runnable" seed="1068620232" result="Passed" start-time="2023-01-06 16:13:44Z" end-time="2023-01-06 16:13:45Z" duration="0.240294" asserts="0">
              <properties>
                <property name="Category" value="GDX.Tests" />
              </properties>
              <output><![CDATA[[Code Coverage] Code Coverage results for visited sequence points were saved in D:/BuildAgent/work/GDX-Documentation/Staging/CodeCoverage/GDX_Development-opencov/EditMode/TestCoverageResults_0454.xml
]]></output>
            </test-case>
            <test-case id="1238" name="BuiltIn_Logging_ExpectedCount" fullname="GDX.Threading.TaskDirectorTests.BuiltIn_Logging_ExpectedCount" methodname="BuiltIn_Logging_ExpectedCount" classname="GDX.Threading.TaskDirectorTests" runstate="Runnable" seed="1476994787" result="Passed" start-time="2023-01-06 16:13:46Z" end-time="2023-01-06 16:13:46Z" duration="0.114706" asserts="0">
              <properties>
                <property name="_JOINTYPE" value="UnityCombinatorial" />
                <property name="Category" value="GDX.Tests" />
              </properties>
              <output><![CDATA[[Code Coverage] Code Coverage results for visited sequence points were saved in D:/BuildAgent/work/GDX-Documentation/Staging/CodeCoverage/GDX_Development-opencov/EditMode/TestCoverageResults_0455.xml
]]></output>
            </test-case>
            <test-case id="1242" name="ExceptionOccured_Throws_Logs" fullname="GDX.Threading.TaskDirectorTests.ExceptionOccured_Throws_Logs" methodname="ExceptionOccured_Throws_Logs" classname="GDX.Threading.TaskDirectorTests" runstate="Runnable" seed="1349151389" result="Passed" start-time="2023-01-06 16:13:47Z" end-time="2023-01-06 16:13:47Z" duration="0.017269" asserts="0">
              <properties>
                <property name="Category" value="GDX.Tests" />
              </properties>
              <output><![CDATA[[Code Coverage] Code Coverage results for visited sequence points were saved in D:/BuildAgent/work/GDX-Documentation/Staging/CodeCoverage/GDX_Development-opencov/EditMode/TestCoverageResults_0456.xml
]]></output>
            </test-case>
            <test-case id="1241" name="GetCounts_BlockingName_CorrectCounts" fullname="GDX.Threading.TaskDirectorTests.GetCounts_BlockingName_CorrectCounts" methodname="GetCounts_BlockingName_CorrectCounts" classname="GDX.Threading.TaskDirectorTests" runstate="Runnable" seed="1515289708" result="Passed" start-time="2023-01-06 16:13:48Z" end-time="2023-01-06 16:13:48Z" duration="0.373604" asserts="0">
              <properties>
                <property name="Category" value="GDX.Tests" />
              </properties>
              <output><![CDATA[[Code Coverage] Code Coverage results for visited sequence points were saved in D:/BuildAgent/work/GDX-Documentation/Staging/CodeCoverage/GDX_Development-opencov/EditMode/TestCoverageResults_0457.xml
]]></output>
            </test-case>
            <test-case id="1245" name="GetStatus_Busy_Content" fullname="GDX.Threading.TaskDirectorTests.GetStatus_Busy_Content" methodname="GetStatus_Busy_Content" classname="GDX.Threading.TaskDirectorTests" runstate="Runnable" seed="709058920" result="Passed" start-time="2023-01-06 16:13:49Z" end-time="2023-01-06 16:13:49Z" duration="0.113943" asserts="0">
              <properties>
                <property name="Category" value="GDX.Tests" />
              </properties>
              <output><![CDATA[[Code Coverage] Code Coverage results for visited sequence points were saved in D:/BuildAgent/work/GDX-Documentation/Staging/CodeCoverage/GDX_Development-opencov/EditMode/TestCoverageResults_0458.xml
]]></output>
            </test-case>
            <test-case id="1247" name="GetStatus_Nothing_ReturnsNull" fullname="GDX.Threading.TaskDirectorTests.GetStatus_Nothing_ReturnsNull" methodname="GetStatus_Nothing_ReturnsNull" classname="GDX.Threading.TaskDirectorTests" runstate="Runnable" seed="1472261023" result="Passed" start-time="2023-01-06 16:13:50Z" end-time="2023-01-06 16:13:50Z" duration="0.000405" asserts="0">
              <properties>
                <property name="Category" value="GDX.Tests" />
              </properties>
              <output><![CDATA[[Code Coverage] Code Coverage results for visited sequence points were saved in D:/BuildAgent/work/GDX-Documentation/Staging/CodeCoverage/GDX_Development-opencov/EditMode/TestCoverageResults_0459.xml
]]></output>
            </test-case>
            <test-case id="1246" name="GetStatus_Queued_ReturnsContent" fullname="GDX.Threading.TaskDirectorTests.GetStatus_Queued_ReturnsContent" methodname="GetStatus_Queued_ReturnsContent" classname="GDX.Threading.TaskDirectorTests" runstate="Runnable" seed="522269876" result="Passed" start-time="2023-01-06 16:13:51Z" end-time="2023-01-06 16:13:51Z" duration="0.116604" asserts="0">
              <properties>
                <property name="Category" value="GDX.Tests" />
              </properties>
              <output><![CDATA[[Code Coverage] Code Coverage results for visited sequence points were saved in D:/BuildAgent/work/GDX-Documentation/Staging/CodeCoverage/GDX_Development-opencov/EditMode/TestCoverageResults_0460.xml
]]></output>
            </test-case>
            <test-case id="1243" name="HasTasks_BlockingName_Valid" fullname="GDX.Threading.TaskDirectorTests.HasTasks_BlockingName_Valid" methodname="HasTasks_BlockingName_Valid" classname="GDX.Threading.TaskDirectorTests" runstate="Runnable" seed="969301481" result="Passed" start-time="2023-01-06 16:13:52Z" end-time="2023-01-06 16:13:53Z" duration="0.212636" asserts="0">
              <properties>
                <property name="Category" value="GDX.Tests" />
              </properties>
              <output><![CDATA[[Code Coverage] Code Coverage results for visited sequence points were saved in D:/BuildAgent/work/GDX-Documentation/Staging/CodeCoverage/GDX_Development-opencov/EditMode/TestCoverageResults_0461.xml
]]></output>
            </test-case>
            <test-case id="1248" name="QueueTask_AddAlreadyExecuting_TaskAdded" fullname="GDX.Threading.TaskDirectorTests.QueueTask_AddAlreadyExecuting_TaskAdded" methodname="QueueTask_AddAlreadyExecuting_TaskAdded" classname="GDX.Threading.TaskDirectorTests" runstate="Runnable" seed="1736338485" result="Passed" start-time="2023-01-06 16:13:54Z" end-time="2023-01-06 16:13:55Z" duration="1.027361" asserts="0">
              <properties>
                <property name="Category" value="GDX.Tests" />
              </properties>
              <output><![CDATA[[Code Coverage] Code Coverage results for visited sequence points were saved in D:/BuildAgent/work/GDX-Documentation/Staging/CodeCoverage/GDX_Development-opencov/EditMode/TestCoverageResults_0462.xml
]]></output>
            </test-case>
            <test-case id="1249" name="QueueTask_AlreadyQueued_NotQueued" fullname="GDX.Threading.TaskDirectorTests.QueueTask_AlreadyQueued_NotQueued" methodname="QueueTask_AlreadyQueued_NotQueued" classname="GDX.Threading.TaskDirectorTests" runstate="Runnable" seed="1852313109" result="Passed" start-time="2023-01-06 16:13:56Z" end-time="2023-01-06 16:13:57Z" duration="1.034044" asserts="0">
              <properties>
                <property name="Category" value="GDX.Tests" />
              </properties>
              <output><![CDATA[[Code Coverage] Code Coverage results for visited sequence points were saved in D:/BuildAgent/work/GDX-Documentation/Staging/CodeCoverage/GDX_Development-opencov/EditMode/TestCoverageResults_0463.xml
]]></output>
            </test-case>
            <test-case id="1240" name="WaitAsync_OnBlockedUserInput_Blocked" fullname="GDX.Threading.TaskDirectorTests.WaitAsync_OnBlockedUserInput_Blocked" methodname="WaitAsync_OnBlockedUserInput_Blocked" classname="GDX.Threading.TaskDirectorTests" runstate="Runnable" seed="1936935136" result="Passed" start-time="2023-01-06 16:13:58Z" end-time="2023-01-06 16:13:59Z" duration="1.039346" asserts="0">
              <properties>
                <property name="_JOINTYPE" value="UnityCombinatorial" />
                <property name="Category" value="GDX.Tests" />
              </properties>
              <output><![CDATA[[Code Coverage] Code Coverage results for visited sequence points were saved in D:/BuildAgent/work/GDX-Documentation/Staging/CodeCoverage/GDX_Development-opencov/EditMode/TestCoverageResults_0464.xml
]]></output>
            </test-case>
          </test-suite>
          <test-suite type="TestFixture" id="1250" name="WaitForTests" fullname="GDX.Threading.WaitForTests" classname="GDX.Threading.WaitForTests" runstate="Runnable" testcasecount="2" result="Passed" start-time="2023-01-06 16:14:00Z" end-time="2023-01-06 16:14:04Z" duration="4.084269" total="2" passed="2" failed="0" inconclusive="0" skipped="0" asserts="0">
            <properties />
            <test-case id="1251" name="GetEnumerator_OneSecond_Elapsed" fullname="GDX.Threading.WaitForTests.GetEnumerator_OneSecond_Elapsed" methodname="GetEnumerator_OneSecond_Elapsed" classname="GDX.Threading.WaitForTests" runstate="Runnable" seed="1163875855" result="Passed" start-time="2023-01-06 16:14:00Z" end-time="2023-01-06 16:14:01Z" duration="1.011638" asserts="0">
              <properties>
                <property name="_JOINTYPE" value="UnityCombinatorial" />
                <property name="Category" value="GDX.Tests" />
              </properties>
              <output><![CDATA[[Code Coverage] Code Coverage results for visited sequence points were saved in D:/BuildAgent/work/GDX-Documentation/Staging/CodeCoverage/GDX_Development-opencov/EditMode/TestCoverageResults_0465.xml
]]></output>
            </test-case>
            <test-case id="1252" name="GetTask_OneSecond_Elapsed" fullname="GDX.Threading.WaitForTests.GetTask_OneSecond_Elapsed" methodname="GetTask_OneSecond_Elapsed" classname="GDX.Threading.WaitForTests" runstate="Runnable" seed="1074943616" result="Passed" start-time="2023-01-06 16:14:02Z" end-time="2023-01-06 16:14:03Z" duration="1.040620" asserts="0">
              <properties>
                <property name="_JOINTYPE" value="UnityCombinatorial" />
                <property name="Category" value="GDX.Tests" />
              </properties>
              <output><![CDATA[[Code Coverage] Code Coverage results for visited sequence points were saved in D:/BuildAgent/work/GDX-Documentation/Staging/CodeCoverage/GDX_Development-opencov/EditMode/TestCoverageResults_0466.xml
]]></output>
            </test-case>
          </test-suite>
          <test-suite type="TestFixture" id="1253" name="WaitWhileTests" fullname="GDX.Threading.WaitWhileTests" classname="GDX.Threading.WaitWhileTests" runstate="Runnable" testcasecount="2" result="Passed" start-time="2023-01-06 16:14:04Z" end-time="2023-01-06 16:14:06Z" duration="2.083219" total="2" passed="2" failed="0" inconclusive="0" skipped="0" asserts="0">
            <properties />
            <test-case id="1254" name="GetEnumerator_OneSecond_Elapsed" fullname="GDX.Threading.WaitWhileTests.GetEnumerator_OneSecond_Elapsed" methodname="GetEnumerator_OneSecond_Elapsed" classname="GDX.Threading.WaitWhileTests" runstate="Runnable" seed="458982800" result="Passed" start-time="2023-01-06 16:14:04Z" end-time="2023-01-06 16:14:04Z" duration="0.026538" asserts="0">
              <properties>
                <property name="_JOINTYPE" value="UnityCombinatorial" />
                <property name="Category" value="GDX.Tests" />
              </properties>
              <output><![CDATA[[Code Coverage] Code Coverage results for visited sequence points were saved in D:/BuildAgent/work/GDX-Documentation/Staging/CodeCoverage/GDX_Development-opencov/EditMode/TestCoverageResults_0467.xml
]]></output>
            </test-case>
            <test-case id="1255" name="GetTask_LessThanOne" fullname="GDX.Threading.WaitWhileTests.GetTask_LessThanOne" methodname="GetTask_LessThanOne" classname="GDX.Threading.WaitWhileTests" runstate="Runnable" seed="2005044667" result="Passed" start-time="2023-01-06 16:14:05Z" end-time="2023-01-06 16:14:05Z" duration="0.057623" asserts="0">
              <properties>
                <property name="_JOINTYPE" value="UnityCombinatorial" />
                <property name="Category" value="GDX.Tests" />
              </properties>
              <output><![CDATA[[Code Coverage] Code Coverage results for visited sequence points were saved in D:/BuildAgent/work/GDX-Documentation/Staging/CodeCoverage/GDX_Development-opencov/EditMode/TestCoverageResults_0468.xml
]]></output>
            </test-case>
          </test-suite>
        </test-suite>
        <test-suite type="TestFixture" id="1186" name="TransformExtensionsTests" fullname="GDX.TransformExtensionsTests" classname="GDX.TransformExtensionsTests" runstate="Runnable" testcasecount="8" result="Passed" start-time="2023-01-06 16:14:06Z" end-time="2023-01-06 16:14:18Z" duration="11.804225" total="8" passed="8" failed="0" inconclusive="0" skipped="0" asserts="0">
          <properties />
          <test-case id="1189" name="DestroyChildren_NotImmediate_OneChildRemaining" fullname="GDX.TransformExtensionsTests.DestroyChildren_NotImmediate_OneChildRemaining" methodname="DestroyChildren_NotImmediate_OneChildRemaining" classname="GDX.TransformExtensionsTests" runstate="Runnable" seed="487800318" result="Passed" start-time="2023-01-06 16:14:06Z" end-time="2023-01-06 16:14:10Z" duration="3.652385" asserts="0">
            <properties>
              <property name="_JOINTYPE" value="UnityCombinatorial" />
              <property name="Category" value="GDX.Tests" />
            </properties>
            <output><![CDATA[[Code Coverage] Code Coverage results for visited sequence points were saved in D:/BuildAgent/work/GDX-Documentation/Staging/CodeCoverage/GDX_Development-opencov/EditMode/TestCoverageResults_0469.xml
]]></output>
          </test-case>
          <test-case id="1188" name="DestroyChildren_RemoveActiveOnly_OneChildRemaining" fullname="GDX.TransformExtensionsTests.DestroyChildren_RemoveActiveOnly_OneChildRemaining" methodname="DestroyChildren_RemoveActiveOnly_OneChildRemaining" classname="GDX.TransformExtensionsTests" runstate="Runnable" seed="1974497735" result="Passed" start-time="2023-01-06 16:14:11Z" end-time="2023-01-06 16:14:11Z" duration="0.006920" asserts="0">
            <properties>
              <property name="Category" value="GDX.Tests" />
            </properties>
            <output><![CDATA[[Code Coverage] Code Coverage results for visited sequence points were saved in D:/BuildAgent/work/GDX-Documentation/Staging/CodeCoverage/GDX_Development-opencov/EditMode/TestCoverageResults_0470.xml
]]></output>
          </test-case>
          <test-case id="1187" name="DestroyChildren_RemoveAll_NoChildren" fullname="GDX.TransformExtensionsTests.DestroyChildren_RemoveAll_NoChildren" methodname="DestroyChildren_RemoveAll_NoChildren" classname="GDX.TransformExtensionsTests" runstate="Runnable" seed="722827631" result="Passed" start-time="2023-01-06 16:14:12Z" end-time="2023-01-06 16:14:12Z" duration="0.006429" asserts="0">
            <properties>
              <property name="Category" value="GDX.Tests" />
            </properties>
            <output><![CDATA[[Code Coverage] Code Coverage results for visited sequence points were saved in D:/BuildAgent/work/GDX-Documentation/Staging/CodeCoverage/GDX_Development-opencov/EditMode/TestCoverageResults_0471.xml
]]></output>
          </test-case>
          <test-case id="1190" name="GetActiveChildrenCount_MockData_AccurateCount" fullname="GDX.TransformExtensionsTests.GetActiveChildrenCount_MockData_AccurateCount" methodname="GetActiveChildrenCount_MockData_AccurateCount" classname="GDX.TransformExtensionsTests" runstate="Runnable" seed="305993932" result="Passed" start-time="2023-01-06 16:14:13Z" end-time="2023-01-06 16:14:13Z" duration="0.005897" asserts="0">
            <properties>
              <property name="Category" value="GDX.Tests" />
            </properties>
            <output><![CDATA[[Code Coverage] Code Coverage results for visited sequence points were saved in D:/BuildAgent/work/GDX-Documentation/Staging/CodeCoverage/GDX_Development-opencov/EditMode/TestCoverageResults_0472.xml
]]></output>
          </test-case>
          <test-case id="1193" name="GetFirstComponentInChildrenComplex_MockData_DeepDive" fullname="GDX.TransformExtensionsTests.GetFirstComponentInChildrenComplex_MockData_DeepDive" methodname="GetFirstComponentInChildrenComplex_MockData_DeepDive" classname="GDX.TransformExtensionsTests" runstate="Runnable" seed="966015619" result="Passed" start-time="2023-01-06 16:14:14Z" end-time="2023-01-06 16:14:14Z" duration="0.006399" asserts="0">
            <properties>
              <property name="Category" value="GDX.Tests" />
            </properties>
            <output><![CDATA[[Code Coverage] Code Coverage results for visited sequence points were saved in D:/BuildAgent/work/GDX-Documentation/Staging/CodeCoverage/GDX_Development-opencov/EditMode/TestCoverageResults_0473.xml
]]></output>
          </test-case>
          <test-case id="1191" name="GetFirstComponentInChildrenComplex_MockData_FirstTransform" fullname="GDX.TransformExtensionsTests.GetFirstComponentInChildrenComplex_MockData_FirstTransform" methodname="GetFirstComponentInChildrenComplex_MockData_FirstTransform" classname="GDX.TransformExtensionsTests" runstate="Runnable" seed="126515621" result="Passed" start-time="2023-01-06 16:14:15Z" end-time="2023-01-06 16:14:15Z" duration="0.006764" asserts="0">
            <properties>
              <property name="Category" value="GDX.Tests" />
            </properties>
            <output><![CDATA[[Code Coverage] Code Coverage results for visited sequence points were saved in D:/BuildAgent/work/GDX-Documentation/Staging/CodeCoverage/GDX_Development-opencov/EditMode/TestCoverageResults_0474.xml
]]></output>
          </test-case>
          <test-case id="1192" name="GetFirstComponentInChildrenComplex_MockData_ThirdChildComponentInActive" fullname="GDX.TransformExtensionsTests.GetFirstComponentInChildrenComplex_MockData_ThirdChildComponentInActive" methodname="GetFirstComponentInChildrenComplex_MockData_ThirdChildComponentInActive" classname="GDX.TransformExtensionsTests" runstate="Runnable" seed="1805233561" result="Passed" start-time="2023-01-06 16:14:16Z" end-time="2023-01-06 16:14:16Z" duration="0.006202" asserts="0">
            <properties>
              <property name="Category" value="GDX.Tests" />
            </properties>
            <output><![CDATA[[Code Coverage] Code Coverage results for visited sequence points were saved in D:/BuildAgent/work/GDX-Documentation/Staging/CodeCoverage/GDX_Development-opencov/EditMode/TestCoverageResults_0475.xml
]]></output>
          </test-case>
          <test-case id="1194" name="GetScenePath_MockData_RootPath" fullname="GDX.TransformExtensionsTests.GetScenePath_MockData_RootPath" methodname="GetScenePath_MockData_RootPath" classname="GDX.TransformExtensionsTests" runstate="Runnable" seed="447079058" result="Passed" start-time="2023-01-06 16:14:17Z" end-time="2023-01-06 16:14:17Z" duration="0.007485" asserts="0">
            <properties>
              <property name="Category" value="GDX.Tests" />
            </properties>
            <output><![CDATA[[Code Coverage] Code Coverage results for visited sequence points were saved in D:/BuildAgent/work/GDX-Documentation/Staging/CodeCoverage/GDX_Development-opencov/EditMode/TestCoverageResults_0476.xml
]]></output>
          </test-case>
        </test-suite>
        <test-suite type="TestFixture" id="1195" name="Vector2ExtensionsTests" fullname="GDX.Vector2ExtensionsTests" classname="GDX.Vector2ExtensionsTests" runstate="Runnable" testcasecount="14" result="Passed" start-time="2023-01-06 16:14:18Z" end-time="2023-01-06 16:14:32Z" duration="14.046526" total="14" passed="14" failed="0" inconclusive="0" skipped="0" asserts="0">
          <properties />
          <test-case id="1196" name="Approximately_FiveMillionths_ReturnsFalse" fullname="GDX.Vector2ExtensionsTests.Approximately_FiveMillionths_ReturnsFalse" methodname="Approximately_FiveMillionths_ReturnsFalse" classname="GDX.Vector2ExtensionsTests" runstate="Runnable" seed="1007598590" result="Passed" start-time="2023-01-06 16:14:18Z" end-time="2023-01-06 16:14:18Z" duration="0.000371" asserts="0">
            <properties>
              <property name="Category" value="GDX.Tests" />
            </properties>
            <output><![CDATA[[Code Coverage] Code Coverage results for visited sequence points were saved in D:/BuildAgent/work/GDX-Documentation/Staging/CodeCoverage/GDX_Development-opencov/EditMode/TestCoverageResults_0477.xml
]]></output>
          </test-case>
          <test-case id="1197" name="Approximately_One_ReturnsTrue" fullname="GDX.Vector2ExtensionsTests.Approximately_One_ReturnsTrue" methodname="Approximately_One_ReturnsTrue" classname="GDX.Vector2ExtensionsTests" runstate="Runnable" seed="1679587993" result="Passed" start-time="2023-01-06 16:14:19Z" end-time="2023-01-06 16:14:19Z" duration="0.000294" asserts="0">
            <properties>
              <property name="Category" value="GDX.Tests" />
            </properties>
            <output><![CDATA[[Code Coverage] Code Coverage results for visited sequence points were saved in D:/BuildAgent/work/GDX-Documentation/Staging/CodeCoverage/GDX_Development-opencov/EditMode/TestCoverageResults_0478.xml
]]></output>
          </test-case>
          <test-case id="1198" name="Approximately_OneMillionth_ReturnsTrue" fullname="GDX.Vector2ExtensionsTests.Approximately_OneMillionth_ReturnsTrue" methodname="Approximately_OneMillionth_ReturnsTrue" classname="GDX.Vector2ExtensionsTests" runstate="Runnable" seed="360056069" result="Passed" start-time="2023-01-06 16:14:20Z" end-time="2023-01-06 16:14:20Z" duration="0.000305" asserts="0">
            <properties>
              <property name="Category" value="GDX.Tests" />
            </properties>
            <output><![CDATA[[Code Coverage] Code Coverage results for visited sequence points were saved in D:/BuildAgent/work/GDX-Documentation/Staging/CodeCoverage/GDX_Development-opencov/EditMode/TestCoverageResults_0479.xml
]]></output>
          </test-case>
          <test-case id="1199" name="Approximately_Zero_ReturnsTrue" fullname="GDX.Vector2ExtensionsTests.Approximately_Zero_ReturnsTrue" methodname="Approximately_Zero_ReturnsTrue" classname="GDX.Vector2ExtensionsTests" runstate="Runnable" seed="1234857742" result="Passed" start-time="2023-01-06 16:14:21Z" end-time="2023-01-06 16:14:21Z" duration="0.000294" asserts="0">
            <properties>
              <property name="Category" value="GDX.Tests" />
            </properties>
            <output><![CDATA[[Code Coverage] Code Coverage results for visited sequence points were saved in D:/BuildAgent/work/GDX-Documentation/Staging/CodeCoverage/GDX_Development-opencov/EditMode/TestCoverageResults_0480.xml
]]></output>
          </test-case>
          <test-case id="1200" name="Midpoint_ZeroAndOne_ReturnsHalf" fullname="GDX.Vector2ExtensionsTests.Midpoint_ZeroAndOne_ReturnsHalf" methodname="Midpoint_ZeroAndOne_ReturnsHalf" classname="GDX.Vector2ExtensionsTests" runstate="Runnable" seed="411066809" result="Passed" start-time="2023-01-06 16:14:22Z" end-time="2023-01-06 16:14:22Z" duration="0.000382" asserts="0">
            <properties>
              <property name="Category" value="GDX.Tests" />
            </properties>
            <output><![CDATA[[Code Coverage] Code Coverage results for visited sequence points were saved in D:/BuildAgent/work/GDX-Documentation/Staging/CodeCoverage/GDX_Development-opencov/EditMode/TestCoverageResults_0481.xml
]]></output>
          </test-case>
          <test-case id="1201" name="NearestIndex_MockData_ReturnsClosest" fullname="GDX.Vector2ExtensionsTests.NearestIndex_MockData_ReturnsClosest" methodname="NearestIndex_MockData_ReturnsClosest" classname="GDX.Vector2ExtensionsTests" runstate="Runnable" seed="1849093962" result="Passed" start-time="2023-01-06 16:14:23Z" end-time="2023-01-06 16:14:23Z" duration="0.000588" asserts="0">
            <properties>
              <property name="Category" value="GDX.Tests" />
            </properties>
            <output><![CDATA[[Code Coverage] Code Coverage results for visited sequence points were saved in D:/BuildAgent/work/GDX-Documentation/Staging/CodeCoverage/GDX_Development-opencov/EditMode/TestCoverageResults_0482.xml
]]></output>
          </test-case>
          <test-case id="1202" name="NearestIndex_NullInput_ReturnsNegativeOne" fullname="GDX.Vector2ExtensionsTests.NearestIndex_NullInput_ReturnsNegativeOne" methodname="NearestIndex_NullInput_ReturnsNegativeOne" classname="GDX.Vector2ExtensionsTests" runstate="Runnable" seed="1720525403" result="Passed" start-time="2023-01-06 16:14:24Z" end-time="2023-01-06 16:14:24Z" duration="0.000347" asserts="0">
            <properties>
              <property name="Category" value="GDX.Tests" />
            </properties>
            <output><![CDATA[[Code Coverage] Code Coverage results for visited sequence points were saved in D:/BuildAgent/work/GDX-Documentation/Staging/CodeCoverage/GDX_Development-opencov/EditMode/TestCoverageResults_0483.xml
]]></output>
          </test-case>
          <test-case id="1204" name="Slope_MockData_ReturnsSlope" fullname="GDX.Vector2ExtensionsTests.Slope_MockData_ReturnsSlope" methodname="Slope_MockData_ReturnsSlope" classname="GDX.Vector2ExtensionsTests" runstate="Runnable" seed="395542008" result="Passed" start-time="2023-01-06 16:14:25Z" end-time="2023-01-06 16:14:25Z" duration="0.000401" asserts="0">
            <properties>
              <property name="Category" value="GDX.Tests" />
            </properties>
            <output><![CDATA[[Code Coverage] Code Coverage results for visited sequence points were saved in D:/BuildAgent/work/GDX-Documentation/Staging/CodeCoverage/GDX_Development-opencov/EditMode/TestCoverageResults_0484.xml
]]></output>
          </test-case>
          <test-case id="1203" name="Slope_ZeroXValue_ReturnsZero" fullname="GDX.Vector2ExtensionsTests.Slope_ZeroXValue_ReturnsZero" methodname="Slope_ZeroXValue_ReturnsZero" classname="GDX.Vector2ExtensionsTests" runstate="Runnable" seed="1518128474" result="Passed" start-time="2023-01-06 16:14:26Z" end-time="2023-01-06 16:14:26Z" duration="0.000277" asserts="0">
            <properties>
              <property name="Category" value="GDX.Tests" />
            </properties>
            <output><![CDATA[[Code Coverage] Code Coverage results for visited sequence points were saved in D:/BuildAgent/work/GDX-Documentation/Staging/CodeCoverage/GDX_Development-opencov/EditMode/TestCoverageResults_0485.xml
]]></output>
          </test-case>
          <test-case id="1208" name="TryParseVector2_CharFirstSplit_ReturnsFalse" fullname="GDX.Vector2ExtensionsTests.TryParseVector2_CharFirstSplit_ReturnsFalse" methodname="TryParseVector2_CharFirstSplit_ReturnsFalse" classname="GDX.Vector2ExtensionsTests" runstate="Runnable" seed="1904571763" result="Passed" start-time="2023-01-06 16:14:27Z" end-time="2023-01-06 16:14:27Z" duration="0.000546" asserts="0">
            <properties>
              <property name="Category" value="GDX.Tests" />
            </properties>
            <output><![CDATA[[Code Coverage] Code Coverage results for visited sequence points were saved in D:/BuildAgent/work/GDX-Documentation/Staging/CodeCoverage/GDX_Development-opencov/EditMode/TestCoverageResults_0486.xml
]]></output>
          </test-case>
          <test-case id="1209" name="TryParseVector2_CharSecondSplit_ReturnsFalse" fullname="GDX.Vector2ExtensionsTests.TryParseVector2_CharSecondSplit_ReturnsFalse" methodname="TryParseVector2_CharSecondSplit_ReturnsFalse" classname="GDX.Vector2ExtensionsTests" runstate="Runnable" seed="2056132568" result="Passed" start-time="2023-01-06 16:14:28Z" end-time="2023-01-06 16:14:28Z" duration="0.000312" asserts="0">
            <properties>
              <property name="Category" value="GDX.Tests" />
            </properties>
            <output><![CDATA[[Code Coverage] Code Coverage results for visited sequence points were saved in D:/BuildAgent/work/GDX-Documentation/Staging/CodeCoverage/GDX_Development-opencov/EditMode/TestCoverageResults_0487.xml
]]></output>
          </test-case>
          <test-case id="1206" name="TryParseVector2_NoSpaces_ReturnsVector2" fullname="GDX.Vector2ExtensionsTests.TryParseVector2_NoSpaces_ReturnsVector2" methodname="TryParseVector2_NoSpaces_ReturnsVector2" classname="GDX.Vector2ExtensionsTests" runstate="Runnable" seed="1157131646" result="Passed" start-time="2023-01-06 16:14:29Z" end-time="2023-01-06 16:14:29Z" duration="0.000316" asserts="0">
            <properties>
              <property name="Category" value="GDX.Tests" />
            </properties>
            <output><![CDATA[[Code Coverage] Code Coverage results for visited sequence points were saved in D:/BuildAgent/work/GDX-Documentation/Staging/CodeCoverage/GDX_Development-opencov/EditMode/TestCoverageResults_0488.xml
]]></output>
          </test-case>
          <test-case id="1205" name="TryParseVector2_NoSplit_ReturnsFalse" fullname="GDX.Vector2ExtensionsTests.TryParseVector2_NoSplit_ReturnsFalse" methodname="TryParseVector2_NoSplit_ReturnsFalse" classname="GDX.Vector2ExtensionsTests" runstate="Runnable" seed="338989054" result="Passed" start-time="2023-01-06 16:14:30Z" end-time="2023-01-06 16:14:30Z" duration="0.000297" asserts="0">
            <properties>
              <property name="Category" value="GDX.Tests" />
            </properties>
            <output><![CDATA[[Code Coverage] Code Coverage results for visited sequence points were saved in D:/BuildAgent/work/GDX-Documentation/Staging/CodeCoverage/GDX_Development-opencov/EditMode/TestCoverageResults_0489.xml
]]></output>
          </test-case>
          <test-case id="1207" name="TryParseVector2_SpacedValues_ReturnsVector2" fullname="GDX.Vector2ExtensionsTests.TryParseVector2_SpacedValues_ReturnsVector2" methodname="TryParseVector2_SpacedValues_ReturnsVector2" classname="GDX.Vector2ExtensionsTests" runstate="Runnable" seed="719084457" result="Passed" start-time="2023-01-06 16:14:31Z" end-time="2023-01-06 16:14:31Z" duration="0.000351" asserts="0">
            <properties>
              <property name="Category" value="GDX.Tests" />
            </properties>
            <output><![CDATA[[Code Coverage] Code Coverage results for visited sequence points were saved in D:/BuildAgent/work/GDX-Documentation/Staging/CodeCoverage/GDX_Development-opencov/EditMode/TestCoverageResults_0490.xml
]]></output>
          </test-case>
        </test-suite>
        <test-suite type="TestFixture" id="1210" name="Vector3ExtensionsTests" fullname="GDX.Vector3ExtensionsTests" classname="GDX.Vector3ExtensionsTests" runstate="Runnable" testcasecount="17" result="Passed" start-time="2023-01-06 16:14:32Z" end-time="2023-01-06 16:14:49Z" duration="17.126346" total="17" passed="17" failed="0" inconclusive="0" skipped="0" asserts="0">
          <properties />
          <test-case id="1211" name="Approximately_FiveMillionths_ReturnsFalse" fullname="GDX.Vector3ExtensionsTests.Approximately_FiveMillionths_ReturnsFalse" methodname="Approximately_FiveMillionths_ReturnsFalse" classname="GDX.Vector3ExtensionsTests" runstate="Runnable" seed="794481379" result="Passed" start-time="2023-01-06 16:14:32Z" end-time="2023-01-06 16:14:32Z" duration="0.000266" asserts="0">
            <properties>
              <property name="Category" value="GDX.Tests" />
            </properties>
            <output><![CDATA[[Code Coverage] Code Coverage results for visited sequence points were saved in D:/BuildAgent/work/GDX-Documentation/Staging/CodeCoverage/GDX_Development-opencov/EditMode/TestCoverageResults_0491.xml
]]></output>
          </test-case>
          <test-case id="1212" name="Approximately_One_ReturnsTrue" fullname="GDX.Vector3ExtensionsTests.Approximately_One_ReturnsTrue" methodname="Approximately_One_ReturnsTrue" classname="GDX.Vector3ExtensionsTests" runstate="Runnable" seed="2042768816" result="Passed" start-time="2023-01-06 16:14:33Z" end-time="2023-01-06 16:14:33Z" duration="0.000298" asserts="0">
            <properties>
              <property name="Category" value="GDX.Tests" />
            </properties>
            <output><![CDATA[[Code Coverage] Code Coverage results for visited sequence points were saved in D:/BuildAgent/work/GDX-Documentation/Staging/CodeCoverage/GDX_Development-opencov/EditMode/TestCoverageResults_0492.xml
]]></output>
          </test-case>
          <test-case id="1213" name="Approximately_OneMillionth_ReturnsTrue" fullname="GDX.Vector3ExtensionsTests.Approximately_OneMillionth_ReturnsTrue" methodname="Approximately_OneMillionth_ReturnsTrue" classname="GDX.Vector3ExtensionsTests" runstate="Runnable" seed="833086952" result="Passed" start-time="2023-01-06 16:14:34Z" end-time="2023-01-06 16:14:34Z" duration="0.000302" asserts="0">
            <properties>
              <property name="Category" value="GDX.Tests" />
            </properties>
            <output><![CDATA[[Code Coverage] Code Coverage results for visited sequence points were saved in D:/BuildAgent/work/GDX-Documentation/Staging/CodeCoverage/GDX_Development-opencov/EditMode/TestCoverageResults_0493.xml
]]></output>
          </test-case>
          <test-case id="1214" name="Approximately_Zero_ReturnsTrue" fullname="GDX.Vector3ExtensionsTests.Approximately_Zero_ReturnsTrue" methodname="Approximately_Zero_ReturnsTrue" classname="GDX.Vector3ExtensionsTests" runstate="Runnable" seed="384312647" result="Passed" start-time="2023-01-06 16:14:35Z" end-time="2023-01-06 16:14:35Z" duration="0.000303" asserts="0">
            <properties>
              <property name="Category" value="GDX.Tests" />
            </properties>
            <output><![CDATA[[Code Coverage] Code Coverage results for visited sequence points were saved in D:/BuildAgent/work/GDX-Documentation/Staging/CodeCoverage/GDX_Development-opencov/EditMode/TestCoverageResults_0494.xml
]]></output>
          </test-case>
          <test-case id="1215" name="DistanceSqr_MockData_ReturnsSame" fullname="GDX.Vector3ExtensionsTests.DistanceSqr_MockData_ReturnsSame" methodname="DistanceSqr_MockData_ReturnsSame" classname="GDX.Vector3ExtensionsTests" runstate="Runnable" seed="1432339484" result="Passed" start-time="2023-01-06 16:14:36Z" end-time="2023-01-06 16:14:36Z" duration="0.000505" asserts="0">
            <properties>
              <property name="Category" value="GDX.Tests" />
            </properties>
            <output><![CDATA[[Code Coverage] Code Coverage results for visited sequence points were saved in D:/BuildAgent/work/GDX-Documentation/Staging/CodeCoverage/GDX_Development-opencov/EditMode/TestCoverageResults_0495.xml
]]></output>
          </test-case>
          <test-case id="1216" name="DistanceToRay_MockData_ReturnsAccurate" fullname="GDX.Vector3ExtensionsTests.DistanceToRay_MockData_ReturnsAccurate" methodname="DistanceToRay_MockData_ReturnsAccurate" classname="GDX.Vector3ExtensionsTests" runstate="Runnable" seed="22291045" result="Passed" start-time="2023-01-06 16:14:37Z" end-time="2023-01-06 16:14:37Z" duration="0.001044" asserts="0">
            <properties>
              <property name="Category" value="GDX.Tests" />
            </properties>
            <output><![CDATA[[Code Coverage] Code Coverage results for visited sequence points were saved in D:/BuildAgent/work/GDX-Documentation/Staging/CodeCoverage/GDX_Development-opencov/EditMode/TestCoverageResults_0496.xml
]]></output>
          </test-case>
          <test-case id="1217" name="HorizontalDistance_MockData_ReturnsAccurate" fullname="GDX.Vector3ExtensionsTests.HorizontalDistance_MockData_ReturnsAccurate" methodname="HorizontalDistance_MockData_ReturnsAccurate" classname="GDX.Vector3ExtensionsTests" runstate="Runnable" seed="1541235076" result="Passed" start-time="2023-01-06 16:14:38Z" end-time="2023-01-06 16:14:38Z" duration="0.000470" asserts="0">
            <properties>
              <property name="Category" value="GDX.Tests" />
            </properties>
            <output><![CDATA[[Code Coverage] Code Coverage results for visited sequence points were saved in D:/BuildAgent/work/GDX-Documentation/Staging/CodeCoverage/GDX_Development-opencov/EditMode/TestCoverageResults_0497.xml
]]></output>
          </test-case>
          <test-case id="1218" name="Midpoint_ZeroAndOne_ReturnsHalf" fullname="GDX.Vector3ExtensionsTests.Midpoint_ZeroAndOne_ReturnsHalf" methodname="Midpoint_ZeroAndOne_ReturnsHalf" classname="GDX.Vector3ExtensionsTests" runstate="Runnable" seed="807398013" result="Passed" start-time="2023-01-06 16:14:39Z" end-time="2023-01-06 16:14:39Z" duration="0.000412" asserts="0">
            <properties>
              <property name="Category" value="GDX.Tests" />
            </properties>
            <output><![CDATA[[Code Coverage] Code Coverage results for visited sequence points were saved in D:/BuildAgent/work/GDX-Documentation/Staging/CodeCoverage/GDX_Development-opencov/EditMode/TestCoverageResults_0498.xml
]]></output>
          </test-case>
          <test-case id="1219" name="NearestIndex_MockData_ReturnsClosest" fullname="GDX.Vector3ExtensionsTests.NearestIndex_MockData_ReturnsClosest" methodname="NearestIndex_MockData_ReturnsClosest" classname="GDX.Vector3ExtensionsTests" runstate="Runnable" seed="2033583560" result="Passed" start-time="2023-01-06 16:14:40Z" end-time="2023-01-06 16:14:40Z" duration="0.000653" asserts="0">
            <properties>
              <property name="Category" value="GDX.Tests" />
            </properties>
            <output><![CDATA[[Code Coverage] Code Coverage results for visited sequence points were saved in D:/BuildAgent/work/GDX-Documentation/Staging/CodeCoverage/GDX_Development-opencov/EditMode/TestCoverageResults_0499.xml
]]></output>
          </test-case>
          <test-case id="1220" name="NearestIndex_NullInput_ReturnsNegativeOne" fullname="GDX.Vector3ExtensionsTests.NearestIndex_NullInput_ReturnsNegativeOne" methodname="NearestIndex_NullInput_ReturnsNegativeOne" classname="GDX.Vector3ExtensionsTests" runstate="Runnable" seed="2063472407" result="Passed" start-time="2023-01-06 16:14:41Z" end-time="2023-01-06 16:14:41Z" duration="0.000345" asserts="0">
            <properties>
              <property name="Category" value="GDX.Tests" />
            </properties>
            <output><![CDATA[[Code Coverage] Code Coverage results for visited sequence points were saved in D:/BuildAgent/work/GDX-Documentation/Staging/CodeCoverage/GDX_Development-opencov/EditMode/TestCoverageResults_0500.xml
]]></output>
          </test-case>
          <test-case id="1223" name="TryParseVector3_CharFirstSplit_ReturnsFalse" fullname="GDX.Vector3ExtensionsTests.TryParseVector3_CharFirstSplit_ReturnsFalse" methodname="TryParseVector3_CharFirstSplit_ReturnsFalse" classname="GDX.Vector3ExtensionsTests" runstate="Runnable" seed="1424259682" result="Passed" start-time="2023-01-06 16:14:42Z" end-time="2023-01-06 16:14:42Z" duration="0.000510" asserts="0">
            <properties>
              <property name="Category" value="GDX.Tests" />
            </properties>
            <output><![CDATA[[Code Coverage] Code Coverage results for visited sequence points were saved in D:/BuildAgent/work/GDX-Documentation/Staging/CodeCoverage/GDX_Development-opencov/EditMode/TestCoverageResults_0501.xml
]]></output>
          </test-case>
          <test-case id="1224" name="TryParseVector3_CharSecondSplit_ReturnsFalse" fullname="GDX.Vector3ExtensionsTests.TryParseVector3_CharSecondSplit_ReturnsFalse" methodname="TryParseVector3_CharSecondSplit_ReturnsFalse" classname="GDX.Vector3ExtensionsTests" runstate="Runnable" seed="1251319622" result="Passed" start-time="2023-01-06 16:14:43Z" end-time="2023-01-06 16:14:43Z" duration="0.000317" asserts="0">
            <properties>
              <property name="Category" value="GDX.Tests" />
            </properties>
            <output><![CDATA[[Code Coverage] Code Coverage results for visited sequence points were saved in D:/BuildAgent/work/GDX-Documentation/Staging/CodeCoverage/GDX_Development-opencov/EditMode/TestCoverageResults_0502.xml
]]></output>
          </test-case>
          <test-case id="1225" name="TryParseVector3_CharThirdSplit_ReturnsFalse" fullname="GDX.Vector3ExtensionsTests.TryParseVector3_CharThirdSplit_ReturnsFalse" methodname="TryParseVector3_CharThirdSplit_ReturnsFalse" classname="GDX.Vector3ExtensionsTests" runstate="Runnable" seed="735774459" result="Passed" start-time="2023-01-06 16:14:44Z" end-time="2023-01-06 16:14:44Z" duration="0.000367" asserts="0">
            <properties>
              <property name="Category" value="GDX.Tests" />
            </properties>
            <output><![CDATA[[Code Coverage] Code Coverage results for visited sequence points were saved in D:/BuildAgent/work/GDX-Documentation/Staging/CodeCoverage/GDX_Development-opencov/EditMode/TestCoverageResults_0503.xml
]]></output>
          </test-case>
          <test-case id="1222" name="TryParseVector3_NoSecondSplit_ReturnsFalse" fullname="GDX.Vector3ExtensionsTests.TryParseVector3_NoSecondSplit_ReturnsFalse" methodname="TryParseVector3_NoSecondSplit_ReturnsFalse" classname="GDX.Vector3ExtensionsTests" runstate="Runnable" seed="577226550" result="Passed" start-time="2023-01-06 16:14:45Z" end-time="2023-01-06 16:14:45Z" duration="0.000336" asserts="0">
            <properties>
              <property name="Category" value="GDX.Tests" />
            </properties>
            <output><![CDATA[[Code Coverage] Code Coverage results for visited sequence points were saved in D:/BuildAgent/work/GDX-Documentation/Staging/CodeCoverage/GDX_Development-opencov/EditMode/TestCoverageResults_0504.xml
]]></output>
          </test-case>
          <test-case id="1226" name="TryParseVector3_NoSpaces_ReturnsVector3" fullname="GDX.Vector3ExtensionsTests.TryParseVector3_NoSpaces_ReturnsVector3" methodname="TryParseVector3_NoSpaces_ReturnsVector3" classname="GDX.Vector3ExtensionsTests" runstate="Runnable" seed="1999908601" result="Passed" start-time="2023-01-06 16:14:46Z" end-time="2023-01-06 16:14:46Z" duration="0.000323" asserts="0">
            <properties>
              <property name="Category" value="GDX.Tests" />
            </properties>
            <output><![CDATA[[Code Coverage] Code Coverage results for visited sequence points were saved in D:/BuildAgent/work/GDX-Documentation/Staging/CodeCoverage/GDX_Development-opencov/EditMode/TestCoverageResults_0505.xml
]]></output>
          </test-case>
          <test-case id="1221" name="TryParseVector3_NoSplit_ReturnsVector2Zero" fullname="GDX.Vector3ExtensionsTests.TryParseVector3_NoSplit_ReturnsVector2Zero" methodname="TryParseVector3_NoSplit_ReturnsVector2Zero" classname="GDX.Vector3ExtensionsTests" runstate="Runnable" seed="810498798" result="Passed" start-time="2023-01-06 16:14:47Z" end-time="2023-01-06 16:14:47Z" duration="0.000320" asserts="0">
            <properties>
              <property name="Category" value="GDX.Tests" />
            </properties>
            <output><![CDATA[[Code Coverage] Code Coverage results for visited sequence points were saved in D:/BuildAgent/work/GDX-Documentation/Staging/CodeCoverage/GDX_Development-opencov/EditMode/TestCoverageResults_0506.xml
]]></output>
          </test-case>
          <test-case id="1227" name="TryParseVector3_SpacedValues_ReturnsVector3" fullname="GDX.Vector3ExtensionsTests.TryParseVector3_SpacedValues_ReturnsVector3" methodname="TryParseVector3_SpacedValues_ReturnsVector3" classname="GDX.Vector3ExtensionsTests" runstate="Runnable" seed="123899616" result="Passed" start-time="2023-01-06 16:14:48Z" end-time="2023-01-06 16:14:48Z" duration="0.000321" asserts="0">
            <properties>
              <property name="Category" value="GDX.Tests" />
            </properties>
            <output><![CDATA[[Code Coverage] Code Coverage results for visited sequence points were saved in D:/BuildAgent/work/GDX-Documentation/Staging/CodeCoverage/GDX_Development-opencov/EditMode/TestCoverageResults_0507.xml
Executing cleanup for: Unity.PerformanceTesting.Editor.TestRunBuilder
]]></output>
          </test-case>
        </test-suite>
      </test-suite>
    </test-suite>
  </test-suite>
</test-run>