<?xml version="1.0" encoding="utf-8"?>
<test-run id="2" testcasecount="686" result="Skipped:Ignored" total="686" passed="684" failed="0" inconclusive="0" skipped="2" asserts="0" engine-version="3.5.0.0" clr-version="4.0.30319.42000" start-time="2023-07-03 01:05:35Z" end-time="2023-07-03 01:14:18Z" duration="522.1834529">
  <test-suite type="TestSuite" id="1000" name="GDX" fullname="GDX" runstate="Runnable" testcasecount="693" result="Skipped" label="Ignored" start-time="2023-07-03 01:05:35Z" end-time="2023-07-03 01:14:18Z" duration="522.183453" total="686" passed="684" failed="0" inconclusive="0" skipped="2" asserts="0">
    <properties />
    <reason>
      <message><![CDATA[One or more child tests were ignored]]></message>
    </reason>
    <test-suite type="Assembly" id="1026" name="GDX.Editor.Tests.EditMode.dll" fullname="D:/BuildAgent/work/GDX-Documentation/Projects/GDX_Development/Library/ScriptAssemblies/GDX.Editor.Tests.EditMode.dll" runstate="Runnable" testcasecount="16" result="Passed" start-time="2023-07-03 01:05:36Z" end-time="2023-07-03 01:05:46Z" duration="9.551841" total="16" passed="16" failed="0" inconclusive="0" skipped="0" asserts="0">
      <properties>
        <property name="_PID" value="19752" />
        <property name="_APPDOMAIN" value="Unity Child Domain" />
        <property name="platform" value="EditMode" />
      </properties>
      <test-suite type="TestSuite" id="1027" name="GDX" fullname="GDX" runstate="Runnable" testcasecount="16" result="Passed" start-time="2023-07-03 01:05:36Z" end-time="2023-07-03 01:05:46Z" duration="9.547206" total="16" passed="16" failed="0" inconclusive="0" skipped="0" asserts="0">
        <properties />
        <test-suite type="TestSuite" id="1028" name="Editor" fullname="GDX.Editor" runstate="Runnable" testcasecount="16" result="Passed" start-time="2023-07-03 01:05:36Z" end-time="2023-07-03 01:05:46Z" duration="9.546328" total="16" passed="16" failed="0" inconclusive="0" skipped="0" asserts="0">
          <properties />
          <test-suite type="TestFixture" id="1003" name="AutomationTests" fullname="GDX.Editor.AutomationTests" classname="GDX.Editor.AutomationTests" runstate="Runnable" testcasecount="6" result="Passed" start-time="2023-07-03 01:05:36Z" end-time="2023-07-03 01:05:36Z" duration="0.011815" total="6" passed="6" failed="0" inconclusive="0" skipped="0" asserts="0">
            <properties />
            <test-case id="1004" name="CaptureEditorWindow_SceneView_ReturnsTexture" fullname="GDX.Editor.AutomationTests.CaptureEditorWindow_SceneView_ReturnsTexture" methodname="CaptureEditorWindow_SceneView_ReturnsTexture" classname="GDX.Editor.AutomationTests" runstate="Runnable" seed="1260167116" result="Passed" start-time="2023-07-03 01:05:14Z" end-time="2023-07-03 01:05:15Z" duration="1.020614" asserts="0">
              <properties>
                <property name="Category" value="GDX.Tests" />
              </properties>
              <output><![CDATA[[Code Coverage] Code Coverage results for visited sequence points were saved in D:/BuildAgent/work/GDX-Documentation/Staging/CodeCoverage/GDX_Development-opencov/EditMode/TestCoverageResults_0001.xml
[Code Coverage] Code Coverage requires Burst Compilation to be disabled in order to obtain accurate coverage information. To disable Burst Compilation uncheck Jobs > Burst > Enable Compilation or pass '--burst-disable-compilation' to the command line in batchmode.
]]></output>
            </test-case>
            <test-case id="1009" name="CaptureEditorWindow_SceneView_SameTexture" fullname="GDX.Editor.AutomationTests.CaptureEditorWindow_SceneView_SameTexture" methodname="CaptureEditorWindow_SceneView_SameTexture" classname="GDX.Editor.AutomationTests" runstate="Runnable" seed="1683259805" result="Passed" start-time="2023-07-03 01:05:15Z" end-time="2023-07-03 01:05:17Z" duration="1.801420" asserts="0">
              <properties>
                <property name="_JOINTYPE" value="UnityCombinatorial" />
                <property name="Category" value="GDX.Tests" />
              </properties>
              <output><![CDATA[[Code Coverage] Code Coverage results for visited sequence points were saved in D:/BuildAgent/work/GDX-Documentation/Staging/CodeCoverage/GDX_Development-opencov/EditMode/TestCoverageResults_0002.xml
[Code Coverage] Code Coverage requires Burst Compilation to be disabled in order to obtain accurate coverage information. To disable Burst Compilation uncheck Jobs > Burst > Enable Compilation or pass '--burst-disable-compilation' to the command line in batchmode.
]]></output>
            </test-case>
            <test-case id="1005" name="CaptureEditorWindowToPNG_SceneView_OutputsImage" fullname="GDX.Editor.AutomationTests.CaptureEditorWindowToPNG_SceneView_OutputsImage" methodname="CaptureEditorWindowToPNG_SceneView_OutputsImage" classname="GDX.Editor.AutomationTests" runstate="Runnable" seed="710810869" result="Passed" start-time="2023-07-03 01:05:18Z" end-time="2023-07-03 01:05:18Z" duration="0.372603" asserts="0">
              <properties>
                <property name="Category" value="GDX.Tests" />
              </properties>
              <output><![CDATA[[Code Coverage] Code Coverage results for visited sequence points were saved in D:/BuildAgent/work/GDX-Documentation/Staging/CodeCoverage/GDX_Development-opencov/EditMode/TestCoverageResults_0003.xml
[Code Coverage] Code Coverage requires Burst Compilation to be disabled in order to obtain accurate coverage information. To disable Burst Compilation uncheck Jobs > Burst > Enable Compilation or pass '--burst-disable-compilation' to the command line in batchmode.
]]></output>
            </test-case>
            <test-case id="1006" name="CaptureFocusedEditorWindow_ReturnsTexture" fullname="GDX.Editor.AutomationTests.CaptureFocusedEditorWindow_ReturnsTexture" methodname="CaptureFocusedEditorWindow_ReturnsTexture" classname="GDX.Editor.AutomationTests" runstate="Runnable" seed="1576281760" result="Passed" start-time="2023-07-03 01:05:19Z" end-time="2023-07-03 01:05:19Z" duration="0.006791" asserts="0">
              <properties>
                <property name="Category" value="GDX.Tests" />
              </properties>
              <output><![CDATA[[Code Coverage] Code Coverage results for visited sequence points were saved in D:/BuildAgent/work/GDX-Documentation/Staging/CodeCoverage/GDX_Development-opencov/EditMode/TestCoverageResults_0004.xml
[Code Coverage] Code Coverage requires Burst Compilation to be disabled in order to obtain accurate coverage information. To disable Burst Compilation uncheck Jobs > Burst > Enable Compilation or pass '--burst-disable-compilation' to the command line in batchmode.
]]></output>
            </test-case>
            <test-case id="1007" name="CaptureFocusedEditorWindowToPNG_OutputsImage" fullname="GDX.Editor.AutomationTests.CaptureFocusedEditorWindowToPNG_OutputsImage" methodname="CaptureFocusedEditorWindowToPNG_OutputsImage" classname="GDX.Editor.AutomationTests" runstate="Runnable" seed="2031786081" result="Passed" start-time="2023-07-03 01:05:20Z" end-time="2023-07-03 01:05:20Z" duration="0.006530" asserts="0">
              <properties>
                <property name="Category" value="GDX.Tests" />
              </properties>
              <output><![CDATA[[Code Coverage] Code Coverage results for visited sequence points were saved in D:/BuildAgent/work/GDX-Documentation/Staging/CodeCoverage/GDX_Development-opencov/EditMode/TestCoverageResults_0005.xml
[Code Coverage] Code Coverage requires Burst Compilation to be disabled in order to obtain accurate coverage information. To disable Burst Compilation uncheck Jobs > Burst > Enable Compilation or pass '--burst-disable-compilation' to the command line in batchmode.
]]></output>
            </test-case>
            <test-case id="1008" name="GetWindow_SceneView_NotNull" fullname="GDX.Editor.AutomationTests.GetWindow_SceneView_NotNull" methodname="GetWindow_SceneView_NotNull" classname="GDX.Editor.AutomationTests" runstate="Runnable" seed="1800084519" result="Passed" start-time="2023-07-03 01:05:21Z" end-time="2023-07-03 01:05:21Z" duration="0.081597" asserts="0">
              <properties>
                <property name="Category" value="GDX.Tests" />
              </properties>
              <output><![CDATA[[Code Coverage] Code Coverage results for visited sequence points were saved in D:/BuildAgent/work/GDX-Documentation/Staging/CodeCoverage/GDX_Development-opencov/EditMode/TestCoverageResults_0006.xml
[Code Coverage] Code Coverage requires Burst Compilation to be disabled in order to obtain accurate coverage information. To disable Burst Compilation uncheck Jobs > Burst > Enable Compilation or pass '--burst-disable-compilation' to the command line in batchmode.
]]></output>
            </test-case>
          </test-suite>
          <test-suite type="TestSuite" id="1032" name="Build" fullname="GDX.Editor.Build" runstate="Runnable" testcasecount="1" result="Passed" start-time="2023-07-03 01:05:36Z" end-time="2023-07-03 01:05:36Z" duration="0.000765" total="1" passed="1" failed="0" inconclusive="0" skipped="0" asserts="0">
            <properties />
            <test-suite type="TestFixture" id="1024" name="BuildInfoProviderTests" fullname="GDX.Editor.Build.BuildInfoProviderTests" classname="GDX.Editor.Build.BuildInfoProviderTests" runstate="Runnable" testcasecount="1" result="Passed" start-time="2023-07-03 01:05:36Z" end-time="2023-07-03 01:05:36Z" duration="0.000390" total="1" passed="1" failed="0" inconclusive="0" skipped="0" asserts="0">
              <properties />
              <test-case id="1025" name="GetContent_ForceDefaults_ReturnsDefaultContent" fullname="GDX.Editor.Build.BuildInfoProviderTests.GetContent_ForceDefaults_ReturnsDefaultContent" methodname="GetContent_ForceDefaults_ReturnsDefaultContent" classname="GDX.Editor.Build.BuildInfoProviderTests" runstate="Runnable" seed="1100249016" result="Passed" start-time="2023-07-03 01:05:21Z" end-time="2023-07-03 01:05:21Z" duration="0.001543" asserts="0">
                <properties>
                  <property name="Category" value="GDX.Tests" />
                </properties>
                <output><![CDATA[[Code Coverage] Code Coverage results for visited sequence points were saved in D:/BuildAgent/work/GDX-Documentation/Staging/CodeCoverage/GDX_Development-opencov/EditMode/TestCoverageResults_0007.xml
[Code Coverage] Code Coverage requires Burst Compilation to be disabled in order to obtain accurate coverage information. To disable Burst Compilation uncheck Jobs > Burst > Enable Compilation or pass '--burst-disable-compilation' to the command line in batchmode.
]]></output>
              </test-case>
            </test-suite>
          </test-suite>
          <test-suite type="TestFixture" id="1010" name="DomainReloadTests" fullname="GDX.Editor.DomainReloadTests" classname="GDX.Editor.DomainReloadTests" runstate="Runnable" testcasecount="2" result="Passed" start-time="2023-07-03 01:05:36Z" end-time="2023-07-03 01:05:38Z" duration="2.116838" total="2" passed="2" failed="0" inconclusive="0" skipped="0" asserts="0">
            <properties />
            <test-case id="1012" name="Recompile_JobsLeakDetection_NoUnexpectedMessages" fullname="GDX.Editor.DomainReloadTests.Recompile_JobsLeakDetection_NoUnexpectedMessages" methodname="Recompile_JobsLeakDetection_NoUnexpectedMessages" classname="GDX.Editor.DomainReloadTests" runstate="Runnable" seed="1075286405" result="Passed" start-time="2023-07-03 01:05:36Z" end-time="2023-07-03 01:05:36Z" duration="0.007286" asserts="0">
              <properties>
                <property name="_JOINTYPE" value="UnityCombinatorial" />
                <property name="Category" value="GDX.Tests" />
              </properties>
              <reason>
                <message><![CDATA[]]></message>
              </reason>
              <output><![CDATA[[Code Coverage] Code Coverage results for visited sequence points were saved in D:/BuildAgent/work/GDX-Documentation/Staging/CodeCoverage/GDX_Development-opencov/EditMode/TestCoverageResults_0010.xml
[Code Coverage] Code Coverage requires Burst Compilation to be disabled in order to obtain accurate coverage information. To disable Burst Compilation uncheck Jobs > Burst > Enable Compilation or pass '--burst-disable-compilation' to the command line in batchmode.
]]></output>
            </test-case>
            <test-case id="1011" name="Recompile_NoLeakDetection_NoUnexpectedMessages" fullname="GDX.Editor.DomainReloadTests.Recompile_NoLeakDetection_NoUnexpectedMessages" methodname="Recompile_NoLeakDetection_NoUnexpectedMessages" classname="GDX.Editor.DomainReloadTests" runstate="Runnable" seed="215829185" result="Passed" start-time="2023-07-03 01:05:22Z" end-time="2023-07-03 01:05:37Z" duration="15.388072" asserts="0">
              <properties>
                <property name="_JOINTYPE" value="UnityCombinatorial" />
                <property name="Category" value="GDX.Tests" />
              </properties>
              <output><![CDATA[[Code Coverage] Code Coverage results for visited sequence points were saved in D:/BuildAgent/work/GDX-Documentation/Staging/CodeCoverage/GDX_Development-opencov/EditMode/TestCoverageResults_0011.xml
[Code Coverage] Code Coverage requires Burst Compilation to be disabled in order to obtain accurate coverage information. To disable Burst Compilation uncheck Jobs > Burst > Enable Compilation or pass '--burst-disable-compilation' to the command line in batchmode.
]]></output>
            </test-case>
          </test-suite>
          <test-suite type="TestFixture" id="1013" name="EditorTaskDirectorTests" fullname="GDX.Editor.EditorTaskDirectorTests" classname="GDX.Editor.EditorTaskDirectorTests" runstate="Runnable" testcasecount="1" result="Passed" start-time="2023-07-03 01:05:38Z" end-time="2023-07-03 01:05:41Z" duration="2.844726" total="1" passed="1" failed="0" inconclusive="0" skipped="0" asserts="0">
            <properties />
            <test-case id="1014" name="SetTickRate_QueuesOnLessThanZero_BusyWhenSet" fullname="GDX.Editor.EditorTaskDirectorTests.SetTickRate_QueuesOnLessThanZero_BusyWhenSet" methodname="SetTickRate_QueuesOnLessThanZero_BusyWhenSet" classname="GDX.Editor.EditorTaskDirectorTests" runstate="Runnable" seed="703386037" result="Passed" start-time="2023-07-03 01:05:38Z" end-time="2023-07-03 01:05:41Z" duration="2.181662" asserts="0">
              <properties>
                <property name="_JOINTYPE" value="UnityCombinatorial" />
                <property name="Category" value="GDX.Tests" />
              </properties>
              <output><![CDATA[[Code Coverage] Code Coverage results for visited sequence points were saved in D:/BuildAgent/work/GDX-Documentation/Staging/CodeCoverage/GDX_Development-opencov/EditMode/TestCoverageResults_0012.xml
[Code Coverage] Code Coverage requires Burst Compilation to be disabled in order to obtain accurate coverage information. To disable Burst Compilation uncheck Jobs > Burst > Enable Compilation or pass '--burst-disable-compilation' to the command line in batchmode.
]]></output>
            </test-case>
          </test-suite>
          <test-suite type="TestSuite" id="1031" name="Inspectors" fullname="GDX.Editor.Inspectors" runstate="Runnable" testcasecount="1" result="Passed" start-time="2023-07-03 01:05:41Z" end-time="2023-07-03 01:05:42Z" duration="0.703245" total="1" passed="1" failed="0" inconclusive="0" skipped="0" asserts="0">
            <properties />
            <test-suite type="TestFixture" id="1022" name="StableDataTableInspectorTests" fullname="GDX.Editor.Inspectors.StableDataTableInspectorTests" classname="GDX.Editor.Inspectors.StableDataTableInspectorTests" runstate="Runnable" testcasecount="1" result="Passed" start-time="2023-07-03 01:05:41Z" end-time="2023-07-03 01:05:42Z" duration="0.702480" total="1" passed="1" failed="0" inconclusive="0" skipped="0" asserts="0">
              <properties />
              <test-case id="1023" name="BuildExample_NoUnexpectedLogs" fullname="GDX.Editor.Inspectors.StableDataTableInspectorTests.BuildExample_NoUnexpectedLogs" methodname="BuildExample_NoUnexpectedLogs" classname="GDX.Editor.Inspectors.StableDataTableInspectorTests" runstate="Runnable" seed="1550709487" result="Passed" start-time="2023-07-03 01:05:41Z" end-time="2023-07-03 01:05:41Z" duration="0.022775" asserts="0">
                <properties>
                  <property name="Category" value="GDX.Tests" />
                </properties>
                <output><![CDATA[[Code Coverage] Code Coverage results for visited sequence points were saved in D:/BuildAgent/work/GDX-Documentation/Staging/CodeCoverage/GDX_Development-opencov/EditMode/TestCoverageResults_0013.xml
[Code Coverage] Code Coverage requires Burst Compilation to be disabled in order to obtain accurate coverage information. To disable Burst Compilation uncheck Jobs > Burst > Enable Compilation or pass '--burst-disable-compilation' to the command line in batchmode.
]]></output>
              </test-case>
            </test-suite>
          </test-suite>
          <test-suite type="TestFixture" id="1015" name="PackageProviderTests" fullname="GDX.Editor.PackageProviderTests" classname="GDX.Editor.PackageProviderTests" runstate="Runnable" testcasecount="1" result="Passed" start-time="2023-07-03 01:05:42Z" end-time="2023-07-03 01:05:43Z" duration="0.657866" total="1" passed="1" failed="0" inconclusive="0" skipped="0" asserts="0">
            <properties />
            <test-case id="1016" name="Get_DefaultPackage_NotNull" fullname="GDX.Editor.PackageProviderTests.Get_DefaultPackage_NotNull" methodname="Get_DefaultPackage_NotNull" classname="GDX.Editor.PackageProviderTests" runstate="Runnable" seed="1145278179" result="Passed" start-time="2023-07-03 01:05:42Z" end-time="2023-07-03 01:05:42Z" duration="0.001316" asserts="0">
              <properties>
                <property name="Category" value="GDX.Tests" />
              </properties>
              <output><![CDATA[[Code Coverage] Code Coverage results for visited sequence points were saved in D:/BuildAgent/work/GDX-Documentation/Staging/CodeCoverage/GDX_Development-opencov/EditMode/TestCoverageResults_0014.xml
[Code Coverage] Code Coverage requires Burst Compilation to be disabled in order to obtain accurate coverage information. To disable Burst Compilation uncheck Jobs > Burst > Enable Compilation or pass '--burst-disable-compilation' to the command line in batchmode.
]]></output>
            </test-case>
          </test-suite>
          <test-suite type="TestSuite" id="1029" name="Windows" fullname="GDX.Editor.Windows" runstate="Runnable" testcasecount="4" result="Passed" start-time="2023-07-03 01:05:43Z" end-time="2023-07-03 01:05:46Z" duration="3.192214" total="4" passed="4" failed="0" inconclusive="0" skipped="0" asserts="0">
            <properties />
            <test-suite type="TestSuite" id="1030" name="DataTables" fullname="GDX.Editor.Windows.DataTables" runstate="Runnable" testcasecount="4" result="Passed" start-time="2023-07-03 01:05:43Z" end-time="2023-07-03 01:05:46Z" duration="3.188921" total="4" passed="4" failed="0" inconclusive="0" skipped="0" asserts="0">
              <properties />
              <test-suite type="TestFixture" id="1017" name="DataTableWindowControllerTests" fullname="GDX.Editor.Windows.DataTables.DataTableWindowControllerTests" classname="GDX.Editor.Windows.DataTables.DataTableWindowControllerTests" runstate="Runnable" testcasecount="4" result="Passed" start-time="2023-07-03 01:05:43Z" end-time="2023-07-03 01:05:46Z" duration="3.184629" total="4" passed="4" failed="0" inconclusive="0" skipped="0" asserts="0">
                <properties />
                <test-case id="1018" name="AddColumn_OneString_Valid" fullname="GDX.Editor.Windows.DataTables.DataTableWindowControllerTests.AddColumn_OneString_Valid" methodname="AddColumn_OneString_Valid" classname="GDX.Editor.Windows.DataTables.DataTableWindowControllerTests" runstate="Runnable" seed="1307256593" result="Passed" start-time="2023-07-03 01:05:43Z" end-time="2023-07-03 01:05:43Z" duration="0.326929" asserts="0">
                  <properties>
                    <property name="Category" value="GDX.Tests" />
                  </properties>
                  <output><![CDATA[[Code Coverage] Code Coverage results for visited sequence points were saved in D:/BuildAgent/work/GDX-Documentation/Staging/CodeCoverage/GDX_Development-opencov/EditMode/TestCoverageResults_0015.xml
[Code Coverage] Code Coverage requires Burst Compilation to be disabled in order to obtain accurate coverage information. To disable Burst Compilation uncheck Jobs > Burst > Enable Compilation or pass '--burst-disable-compilation' to the command line in batchmode.
]]></output>
                </test-case>
                <test-case id="1019" name="AddColumn_TenMixed_Valid" fullname="GDX.Editor.Windows.DataTables.DataTableWindowControllerTests.AddColumn_TenMixed_Valid" methodname="AddColumn_TenMixed_Valid" classname="GDX.Editor.Windows.DataTables.DataTableWindowControllerTests" runstate="Runnable" seed="1206695920" result="Passed" start-time="2023-07-03 01:05:44Z" end-time="2023-07-03 01:05:44Z" duration="0.058914" asserts="0">
                  <properties>
                    <property name="Category" value="GDX.Tests" />
                  </properties>
                  <output><![CDATA[[Code Coverage] Code Coverage results for visited sequence points were saved in D:/BuildAgent/work/GDX-Documentation/Staging/CodeCoverage/GDX_Development-opencov/EditMode/TestCoverageResults_0016.xml
[Code Coverage] Code Coverage requires Burst Compilation to be disabled in order to obtain accurate coverage information. To disable Burst Compilation uncheck Jobs > Burst > Enable Compilation or pass '--burst-disable-compilation' to the command line in batchmode.
]]></output>
                </test-case>
                <test-case id="1021" name="AddRemove_RemoveColumn_Count" fullname="GDX.Editor.Windows.DataTables.DataTableWindowControllerTests.AddRemove_RemoveColumn_Count" methodname="AddRemove_RemoveColumn_Count" classname="GDX.Editor.Windows.DataTables.DataTableWindowControllerTests" runstate="Runnable" seed="456589271" result="Passed" start-time="2023-07-03 01:05:44Z" end-time="2023-07-03 01:05:44Z" duration="0.065731" asserts="0">
                  <properties>
                    <property name="Category" value="GDX.Tests" />
                  </properties>
                  <output><![CDATA[[Code Coverage] Code Coverage results for visited sequence points were saved in D:/BuildAgent/work/GDX-Documentation/Staging/CodeCoverage/GDX_Development-opencov/EditMode/TestCoverageResults_0017.xml
[Code Coverage] Code Coverage requires Burst Compilation to be disabled in order to obtain accurate coverage information. To disable Burst Compilation uncheck Jobs > Burst > Enable Compilation or pass '--burst-disable-compilation' to the command line in batchmode.
]]></output>
                </test-case>
                <test-case id="1020" name="AddRow_One_Valid" fullname="GDX.Editor.Windows.DataTables.DataTableWindowControllerTests.AddRow_One_Valid" methodname="AddRow_One_Valid" classname="GDX.Editor.Windows.DataTables.DataTableWindowControllerTests" runstate="Runnable" seed="118321742" result="Passed" start-time="2023-07-03 01:05:45Z" end-time="2023-07-03 01:05:45Z" duration="0.044483" asserts="0">
                  <properties>
                    <property name="Category" value="GDX.Tests" />
                  </properties>
                  <output><![CDATA[[Code Coverage] Code Coverage results for visited sequence points were saved in D:/BuildAgent/work/GDX-Documentation/Staging/CodeCoverage/GDX_Development-opencov/EditMode/TestCoverageResults_0018.xml
[Code Coverage] Code Coverage requires Burst Compilation to be disabled in order to obtain accurate coverage information. To disable Burst Compilation uncheck Jobs > Burst > Enable Compilation or pass '--burst-disable-compilation' to the command line in batchmode.
]]></output>
                </test-case>
              </test-suite>
            </test-suite>
          </test-suite>
        </test-suite>
      </test-suite>
    </test-suite>
    <test-suite type="Assembly" id="1766" name="GDX.Tests.EditMode.dll" fullname="D:/BuildAgent/work/GDX-Documentation/Projects/GDX_Development/Library/ScriptAssemblies/GDX.Tests.EditMode.dll" runstate="Runnable" testcasecount="677" result="Skipped" label="Ignored" start-time="2023-07-03 01:05:46Z" end-time="2023-07-03 01:14:18Z" duration="511.714734" total="670" passed="668" failed="0" inconclusive="0" skipped="2" asserts="0">
      <properties>
        <property name="_PID" value="19752" />
        <property name="_APPDOMAIN" value="Unity Child Domain" />
        <property name="platform" value="EditMode" />
      </properties>
      <reason>
        <message><![CDATA[One or more child tests were ignored]]></message>
      </reason>
      <test-suite type="TestSuite" id="1767" name="GDX" fullname="GDX" runstate="Runnable" testcasecount="677" result="Skipped" label="Ignored" start-time="2023-07-03 01:05:46Z" end-time="2023-07-03 01:14:18Z" duration="511.706952" total="670" passed="668" failed="0" inconclusive="0" skipped="2" asserts="0">
        <properties />
        <reason>
          <message><![CDATA[One or more child tests were ignored]]></message>
        </reason>
        <test-suite type="TestFixture" id="1033" name="Array2DExtensionsTests" fullname="GDX.Array2DExtensionsTests" classname="GDX.Array2DExtensionsTests" runstate="Runnable" testcasecount="1" result="Passed" start-time="2023-07-03 01:05:46Z" end-time="2023-07-03 01:05:47Z" duration="0.871071" total="1" passed="1" failed="0" inconclusive="0" skipped="0" asserts="0">
          <properties />
          <test-case id="1034" name="Scale_MockFloatData_ScaledData" fullname="GDX.Array2DExtensionsTests.Scale_MockFloatData_ScaledData" methodname="Scale_MockFloatData_ScaledData" classname="GDX.Array2DExtensionsTests" runstate="Runnable" seed="185666114" result="Passed" start-time="2023-07-03 01:05:46Z" end-time="2023-07-03 01:05:46Z" duration="0.001409" asserts="0">
            <properties>
              <property name="Category" value="GDX.Tests" />
            </properties>
            <output><![CDATA[[Code Coverage] Code Coverage results for visited sequence points were saved in D:/BuildAgent/work/GDX-Documentation/Staging/CodeCoverage/GDX_Development-opencov/EditMode/TestCoverageResults_0019.xml
[Code Coverage] Code Coverage requires Burst Compilation to be disabled in order to obtain accurate coverage information. To disable Burst Compilation uncheck Jobs > Burst > Enable Compilation or pass '--burst-disable-compilation' to the command line in batchmode.
]]></output>
          </test-case>
        </test-suite>
        <test-suite type="TestFixture" id="1035" name="ArrayExtensionsTests" fullname="GDX.ArrayExtensionsTests" classname="GDX.ArrayExtensionsTests" runstate="Runnable" testcasecount="15" result="Passed" start-time="2023-07-03 01:05:47Z" end-time="2023-07-03 01:05:57Z" duration="9.887953" total="15" passed="15" failed="0" inconclusive="0" skipped="0" asserts="0">
          <properties />
          <test-case id="1036" name="Clear_MockData_HasDefaultValues" fullname="GDX.ArrayExtensionsTests.Clear_MockData_HasDefaultValues" methodname="Clear_MockData_HasDefaultValues" classname="GDX.ArrayExtensionsTests" runstate="Runnable" seed="1099113801" result="Passed" start-time="2023-07-03 01:05:47Z" end-time="2023-07-03 01:05:47Z" duration="0.000361" asserts="0">
            <properties>
              <property name="Category" value="GDX.Tests" />
            </properties>
            <output><![CDATA[[Code Coverage] Code Coverage results for visited sequence points were saved in D:/BuildAgent/work/GDX-Documentation/Staging/CodeCoverage/GDX_Development-opencov/EditMode/TestCoverageResults_0020.xml
[Code Coverage] Code Coverage requires Burst Compilation to be disabled in order to obtain accurate coverage information. To disable Burst Compilation uncheck Jobs > Burst > Enable Compilation or pass '--burst-disable-compilation' to the command line in batchmode.
]]></output>
          </test-case>
          <test-case id="1037" name="ContainsItem_MockData_HasValue" fullname="GDX.ArrayExtensionsTests.ContainsItem_MockData_HasValue" methodname="ContainsItem_MockData_HasValue" classname="GDX.ArrayExtensionsTests" runstate="Runnable" seed="868899323" result="Passed" start-time="2023-07-03 01:05:47Z" end-time="2023-07-03 01:05:47Z" duration="0.000414" asserts="0">
            <properties>
              <property name="Category" value="GDX.Tests" />
            </properties>
            <output><![CDATA[[Code Coverage] Code Coverage results for visited sequence points were saved in D:/BuildAgent/work/GDX-Documentation/Staging/CodeCoverage/GDX_Development-opencov/EditMode/TestCoverageResults_0021.xml
[Code Coverage] Code Coverage requires Burst Compilation to be disabled in order to obtain accurate coverage information. To disable Burst Compilation uncheck Jobs > Burst > Enable Compilation or pass '--burst-disable-compilation' to the command line in batchmode.
]]></output>
          </test-case>
          <test-case id="1038" name="ContainsItem_MockData_NoValue" fullname="GDX.ArrayExtensionsTests.ContainsItem_MockData_NoValue" methodname="ContainsItem_MockData_NoValue" classname="GDX.ArrayExtensionsTests" runstate="Runnable" seed="1478684734" result="Passed" start-time="2023-07-03 01:05:48Z" end-time="2023-07-03 01:05:48Z" duration="0.000510" asserts="0">
            <properties>
              <property name="Category" value="GDX.Tests" />
            </properties>
            <output><![CDATA[[Code Coverage] Code Coverage results for visited sequence points were saved in D:/BuildAgent/work/GDX-Documentation/Staging/CodeCoverage/GDX_Development-opencov/EditMode/TestCoverageResults_0022.xml
[Code Coverage] Code Coverage requires Burst Compilation to be disabled in order to obtain accurate coverage information. To disable Burst Compilation uncheck Jobs > Burst > Enable Compilation or pass '--burst-disable-compilation' to the command line in batchmode.
]]></output>
          </test-case>
          <test-case id="1039" name="ContainsReference_MockData_HasReference" fullname="GDX.ArrayExtensionsTests.ContainsReference_MockData_HasReference" methodname="ContainsReference_MockData_HasReference" classname="GDX.ArrayExtensionsTests" runstate="Runnable" seed="731477204" result="Passed" start-time="2023-07-03 01:05:49Z" end-time="2023-07-03 01:05:49Z" duration="0.000403" asserts="0">
            <properties>
              <property name="Category" value="GDX.Tests" />
            </properties>
            <output><![CDATA[[Code Coverage] Code Coverage results for visited sequence points were saved in D:/BuildAgent/work/GDX-Documentation/Staging/CodeCoverage/GDX_Development-opencov/EditMode/TestCoverageResults_0023.xml
[Code Coverage] Code Coverage requires Burst Compilation to be disabled in order to obtain accurate coverage information. To disable Burst Compilation uncheck Jobs > Burst > Enable Compilation or pass '--burst-disable-compilation' to the command line in batchmode.
]]></output>
          </test-case>
          <test-case id="1040" name="ContainsReference_MockData_NoReference" fullname="GDX.ArrayExtensionsTests.ContainsReference_MockData_NoReference" methodname="ContainsReference_MockData_NoReference" classname="GDX.ArrayExtensionsTests" runstate="Runnable" seed="1736459054" result="Passed" start-time="2023-07-03 01:05:49Z" end-time="2023-07-03 01:05:49Z" duration="0.000301" asserts="0">
            <properties>
              <property name="Category" value="GDX.Tests" />
            </properties>
            <output><![CDATA[[Code Coverage] Code Coverage results for visited sequence points were saved in D:/BuildAgent/work/GDX-Documentation/Staging/CodeCoverage/GDX_Development-opencov/EditMode/TestCoverageResults_0024.xml
[Code Coverage] Code Coverage requires Burst Compilation to be disabled in order to obtain accurate coverage information. To disable Burst Compilation uncheck Jobs > Burst > Enable Compilation or pass '--burst-disable-compilation' to the command line in batchmode.
]]></output>
          </test-case>
          <test-case id="1041" name="ContainsValue_MockData_HasValue" fullname="GDX.ArrayExtensionsTests.ContainsValue_MockData_HasValue" methodname="ContainsValue_MockData_HasValue" classname="GDX.ArrayExtensionsTests" runstate="Runnable" seed="650601754" result="Passed" start-time="2023-07-03 01:05:50Z" end-time="2023-07-03 01:05:50Z" duration="0.000388" asserts="0">
            <properties>
              <property name="Category" value="GDX.Tests" />
            </properties>
            <output><![CDATA[[Code Coverage] Code Coverage results for visited sequence points were saved in D:/BuildAgent/work/GDX-Documentation/Staging/CodeCoverage/GDX_Development-opencov/EditMode/TestCoverageResults_0025.xml
[Code Coverage] Code Coverage requires Burst Compilation to be disabled in order to obtain accurate coverage information. To disable Burst Compilation uncheck Jobs > Burst > Enable Compilation or pass '--burst-disable-compilation' to the command line in batchmode.
]]></output>
          </test-case>
          <test-case id="1042" name="ContainsValue_MockData_NoValue" fullname="GDX.ArrayExtensionsTests.ContainsValue_MockData_NoValue" methodname="ContainsValue_MockData_NoValue" classname="GDX.ArrayExtensionsTests" runstate="Runnable" seed="840837386" result="Passed" start-time="2023-07-03 01:05:51Z" end-time="2023-07-03 01:05:51Z" duration="0.000291" asserts="0">
            <properties>
              <property name="Category" value="GDX.Tests" />
            </properties>
            <output><![CDATA[[Code Coverage] Code Coverage results for visited sequence points were saved in D:/BuildAgent/work/GDX-Documentation/Staging/CodeCoverage/GDX_Development-opencov/EditMode/TestCoverageResults_0026.xml
[Code Coverage] Code Coverage requires Burst Compilation to be disabled in order to obtain accurate coverage information. To disable Burst Compilation uncheck Jobs > Burst > Enable Compilation or pass '--burst-disable-compilation' to the command line in batchmode.
]]></output>
          </test-case>
          <test-case id="1043" name="FirstIndexOfItem_MockDataObject_ReturnsIndex" fullname="GDX.ArrayExtensionsTests.FirstIndexOfItem_MockDataObject_ReturnsIndex" methodname="FirstIndexOfItem_MockDataObject_ReturnsIndex" classname="GDX.ArrayExtensionsTests" runstate="Runnable" seed="1271174372" result="Passed" start-time="2023-07-03 01:05:51Z" end-time="2023-07-03 01:05:51Z" duration="0.000497" asserts="0">
            <properties>
              <property name="Category" value="GDX.Tests" />
            </properties>
            <output><![CDATA[[Code Coverage] Code Coverage results for visited sequence points were saved in D:/BuildAgent/work/GDX-Documentation/Staging/CodeCoverage/GDX_Development-opencov/EditMode/TestCoverageResults_0027.xml
[Code Coverage] Code Coverage requires Burst Compilation to be disabled in order to obtain accurate coverage information. To disable Burst Compilation uncheck Jobs > Burst > Enable Compilation or pass '--burst-disable-compilation' to the command line in batchmode.
]]></output>
          </test-case>
          <test-case id="1044" name="FirstIndexOfItem_NoMockDataObject_ReturnsIndex" fullname="GDX.ArrayExtensionsTests.FirstIndexOfItem_NoMockDataObject_ReturnsIndex" methodname="FirstIndexOfItem_NoMockDataObject_ReturnsIndex" classname="GDX.ArrayExtensionsTests" runstate="Runnable" seed="1401263791" result="Passed" start-time="2023-07-03 01:05:52Z" end-time="2023-07-03 01:05:52Z" duration="0.000319" asserts="0">
            <properties>
              <property name="Category" value="GDX.Tests" />
            </properties>
            <output><![CDATA[[Code Coverage] Code Coverage results for visited sequence points were saved in D:/BuildAgent/work/GDX-Documentation/Staging/CodeCoverage/GDX_Development-opencov/EditMode/TestCoverageResults_0028.xml
[Code Coverage] Code Coverage requires Burst Compilation to be disabled in order to obtain accurate coverage information. To disable Burst Compilation uncheck Jobs > Burst > Enable Compilation or pass '--burst-disable-compilation' to the command line in batchmode.
]]></output>
          </test-case>
          <test-case id="1045" name="FirstIndexOfValue_MockDataValue_ReturnsIndex" fullname="GDX.ArrayExtensionsTests.FirstIndexOfValue_MockDataValue_ReturnsIndex" methodname="FirstIndexOfValue_MockDataValue_ReturnsIndex" classname="GDX.ArrayExtensionsTests" runstate="Runnable" seed="2040934147" result="Passed" start-time="2023-07-03 01:05:53Z" end-time="2023-07-03 01:05:53Z" duration="0.000395" asserts="0">
            <properties>
              <property name="Category" value="GDX.Tests" />
            </properties>
            <output><![CDATA[[Code Coverage] Code Coverage results for visited sequence points were saved in D:/BuildAgent/work/GDX-Documentation/Staging/CodeCoverage/GDX_Development-opencov/EditMode/TestCoverageResults_0029.xml
[Code Coverage] Code Coverage requires Burst Compilation to be disabled in order to obtain accurate coverage information. To disable Burst Compilation uncheck Jobs > Burst > Enable Compilation or pass '--burst-disable-compilation' to the command line in batchmode.
]]></output>
          </test-case>
          <test-case id="1046" name="FirstIndexOfValue_NoMockDataValue_ReturnsNegativeOne" fullname="GDX.ArrayExtensionsTests.FirstIndexOfValue_NoMockDataValue_ReturnsNegativeOne" methodname="FirstIndexOfValue_NoMockDataValue_ReturnsNegativeOne" classname="GDX.ArrayExtensionsTests" runstate="Runnable" seed="2095090764" result="Passed" start-time="2023-07-03 01:05:53Z" end-time="2023-07-03 01:05:53Z" duration="0.000493" asserts="0">
            <properties>
              <property name="Category" value="GDX.Tests" />
            </properties>
            <output><![CDATA[[Code Coverage] Code Coverage results for visited sequence points were saved in D:/BuildAgent/work/GDX-Documentation/Staging/CodeCoverage/GDX_Development-opencov/EditMode/TestCoverageResults_0030.xml
[Code Coverage] Code Coverage requires Burst Compilation to be disabled in order to obtain accurate coverage information. To disable Burst Compilation uncheck Jobs > Burst > Enable Compilation or pass '--burst-disable-compilation' to the command line in batchmode.
]]></output>
          </test-case>
          <test-case id="1047" name="LastIndexOfItem_MockDataObject_ReturnsIndex" fullname="GDX.ArrayExtensionsTests.LastIndexOfItem_MockDataObject_ReturnsIndex" methodname="LastIndexOfItem_MockDataObject_ReturnsIndex" classname="GDX.ArrayExtensionsTests" runstate="Runnable" seed="574551186" result="Passed" start-time="2023-07-03 01:05:54Z" end-time="2023-07-03 01:05:54Z" duration="0.000409" asserts="0">
            <properties>
              <property name="Category" value="GDX.Tests" />
            </properties>
            <output><![CDATA[[Code Coverage] Code Coverage results for visited sequence points were saved in D:/BuildAgent/work/GDX-Documentation/Staging/CodeCoverage/GDX_Development-opencov/EditMode/TestCoverageResults_0031.xml
[Code Coverage] Code Coverage requires Burst Compilation to be disabled in order to obtain accurate coverage information. To disable Burst Compilation uncheck Jobs > Burst > Enable Compilation or pass '--burst-disable-compilation' to the command line in batchmode.
]]></output>
          </test-case>
          <test-case id="1048" name="LastIndexOfItem_NoMockDataObject_ReturnsNegativeOne" fullname="GDX.ArrayExtensionsTests.LastIndexOfItem_NoMockDataObject_ReturnsNegativeOne" methodname="LastIndexOfItem_NoMockDataObject_ReturnsNegativeOne" classname="GDX.ArrayExtensionsTests" runstate="Runnable" seed="533137987" result="Passed" start-time="2023-07-03 01:05:55Z" end-time="2023-07-03 01:05:55Z" duration="0.000321" asserts="0">
            <properties>
              <property name="Category" value="GDX.Tests" />
            </properties>
            <output><![CDATA[[Code Coverage] Code Coverage results for visited sequence points were saved in D:/BuildAgent/work/GDX-Documentation/Staging/CodeCoverage/GDX_Development-opencov/EditMode/TestCoverageResults_0032.xml
[Code Coverage] Code Coverage requires Burst Compilation to be disabled in order to obtain accurate coverage information. To disable Burst Compilation uncheck Jobs > Burst > Enable Compilation or pass '--burst-disable-compilation' to the command line in batchmode.
]]></output>
          </test-case>
          <test-case id="1049" name="LastIndexOfValue_MockDataValue_ReturnsIndex" fullname="GDX.ArrayExtensionsTests.LastIndexOfValue_MockDataValue_ReturnsIndex" methodname="LastIndexOfValue_MockDataValue_ReturnsIndex" classname="GDX.ArrayExtensionsTests" runstate="Runnable" seed="1257603038" result="Passed" start-time="2023-07-03 01:05:55Z" end-time="2023-07-03 01:05:55Z" duration="0.000431" asserts="0">
            <properties>
              <property name="Category" value="GDX.Tests" />
            </properties>
            <output><![CDATA[[Code Coverage] Code Coverage results for visited sequence points were saved in D:/BuildAgent/work/GDX-Documentation/Staging/CodeCoverage/GDX_Development-opencov/EditMode/TestCoverageResults_0033.xml
[Code Coverage] Code Coverage requires Burst Compilation to be disabled in order to obtain accurate coverage information. To disable Burst Compilation uncheck Jobs > Burst > Enable Compilation or pass '--burst-disable-compilation' to the command line in batchmode.
]]></output>
          </test-case>
          <test-case id="1050" name="LastIndexOfValue_NoMockDataValue_ReturnsNegativeOne" fullname="GDX.ArrayExtensionsTests.LastIndexOfValue_NoMockDataValue_ReturnsNegativeOne" methodname="LastIndexOfValue_NoMockDataValue_ReturnsNegativeOne" classname="GDX.ArrayExtensionsTests" runstate="Runnable" seed="1234135352" result="Passed" start-time="2023-07-03 01:05:56Z" end-time="2023-07-03 01:05:56Z" duration="0.000308" asserts="0">
            <properties>
              <property name="Category" value="GDX.Tests" />
            </properties>
            <output><![CDATA[[Code Coverage] Code Coverage results for visited sequence points were saved in D:/BuildAgent/work/GDX-Documentation/Staging/CodeCoverage/GDX_Development-opencov/EditMode/TestCoverageResults_0034.xml
[Code Coverage] Code Coverage requires Burst Compilation to be disabled in order to obtain accurate coverage information. To disable Burst Compilation uncheck Jobs > Burst > Enable Compilation or pass '--burst-disable-compilation' to the command line in batchmode.
]]></output>
          </test-case>
        </test-suite>
        <test-suite type="TestFixture" id="1051" name="ByteExtensionsTests" fullname="GDX.ByteExtensionsTests" classname="GDX.ByteExtensionsTests" runstate="Runnable" testcasecount="6" result="Passed" start-time="2023-07-03 01:05:57Z" end-time="2023-07-03 01:06:00Z" duration="3.874622" total="6" passed="6" failed="0" inconclusive="0" skipped="0" asserts="0">
          <properties />
          <test-case id="1052" name="GetStableHashCode_MockData_ReturnsValidCode" fullname="GDX.ByteExtensionsTests.GetStableHashCode_MockData_ReturnsValidCode" methodname="GetStableHashCode_MockData_ReturnsValidCode" classname="GDX.ByteExtensionsTests" runstate="Runnable" seed="411496494" result="Passed" start-time="2023-07-03 01:05:57Z" end-time="2023-07-03 01:05:57Z" duration="0.000474" asserts="0">
            <properties>
              <property name="Category" value="GDX.Tests" />
            </properties>
            <output><![CDATA[[Code Coverage] Code Coverage results for visited sequence points were saved in D:/BuildAgent/work/GDX-Documentation/Staging/CodeCoverage/GDX_Development-opencov/EditMode/TestCoverageResults_0035.xml
[Code Coverage] Code Coverage requires Burst Compilation to be disabled in order to obtain accurate coverage information. To disable Burst Compilation uncheck Jobs > Burst > Enable Compilation or pass '--burst-disable-compilation' to the command line in batchmode.
]]></output>
          </test-case>
          <test-case id="1054" name="IsSame_DifferentData_ReturnsFalse" fullname="GDX.ByteExtensionsTests.IsSame_DifferentData_ReturnsFalse" methodname="IsSame_DifferentData_ReturnsFalse" classname="GDX.ByteExtensionsTests" runstate="Runnable" seed="895290725" result="Passed" start-time="2023-07-03 01:05:57Z" end-time="2023-07-03 01:05:57Z" duration="0.000414" asserts="0">
            <properties>
              <property name="Category" value="GDX.Tests" />
            </properties>
            <output><![CDATA[[Code Coverage] Code Coverage results for visited sequence points were saved in D:/BuildAgent/work/GDX-Documentation/Staging/CodeCoverage/GDX_Development-opencov/EditMode/TestCoverageResults_0036.xml
[Code Coverage] Code Coverage requires Burst Compilation to be disabled in order to obtain accurate coverage information. To disable Burst Compilation uncheck Jobs > Burst > Enable Compilation or pass '--burst-disable-compilation' to the command line in batchmode.
]]></output>
          </test-case>
          <test-case id="1057" name="IsSame_DifferentLengths_ReturnsFalse" fullname="GDX.ByteExtensionsTests.IsSame_DifferentLengths_ReturnsFalse" methodname="IsSame_DifferentLengths_ReturnsFalse" classname="GDX.ByteExtensionsTests" runstate="Runnable" seed="1722855468" result="Passed" start-time="2023-07-03 01:05:58Z" end-time="2023-07-03 01:05:58Z" duration="0.000278" asserts="0">
            <properties>
              <property name="Category" value="GDX.Tests" />
            </properties>
            <output><![CDATA[[Code Coverage] Code Coverage results for visited sequence points were saved in D:/BuildAgent/work/GDX-Documentation/Staging/CodeCoverage/GDX_Development-opencov/EditMode/TestCoverageResults_0037.xml
[Code Coverage] Code Coverage requires Burst Compilation to be disabled in order to obtain accurate coverage information. To disable Burst Compilation uncheck Jobs > Burst > Enable Compilation or pass '--burst-disable-compilation' to the command line in batchmode.
]]></output>
          </test-case>
          <test-case id="1055" name="IsSame_NullLeftHandSide_ReturnsFalse" fullname="GDX.ByteExtensionsTests.IsSame_NullLeftHandSide_ReturnsFalse" methodname="IsSame_NullLeftHandSide_ReturnsFalse" classname="GDX.ByteExtensionsTests" runstate="Runnable" seed="1570137818" result="Passed" start-time="2023-07-03 01:05:59Z" end-time="2023-07-03 01:05:59Z" duration="0.000269" asserts="0">
            <properties>
              <property name="Category" value="GDX.Tests" />
            </properties>
            <output><![CDATA[[Code Coverage] Code Coverage results for visited sequence points were saved in D:/BuildAgent/work/GDX-Documentation/Staging/CodeCoverage/GDX_Development-opencov/EditMode/TestCoverageResults_0038.xml
[Code Coverage] Code Coverage requires Burst Compilation to be disabled in order to obtain accurate coverage information. To disable Burst Compilation uncheck Jobs > Burst > Enable Compilation or pass '--burst-disable-compilation' to the command line in batchmode.
]]></output>
          </test-case>
          <test-case id="1056" name="IsSame_NullRightHandSide_ReturnsFalse" fullname="GDX.ByteExtensionsTests.IsSame_NullRightHandSide_ReturnsFalse" methodname="IsSame_NullRightHandSide_ReturnsFalse" classname="GDX.ByteExtensionsTests" runstate="Runnable" seed="1608191405" result="Passed" start-time="2023-07-03 01:05:59Z" end-time="2023-07-03 01:05:59Z" duration="0.000286" asserts="0">
            <properties>
              <property name="Category" value="GDX.Tests" />
            </properties>
            <output><![CDATA[[Code Coverage] Code Coverage results for visited sequence points were saved in D:/BuildAgent/work/GDX-Documentation/Staging/CodeCoverage/GDX_Development-opencov/EditMode/TestCoverageResults_0039.xml
[Code Coverage] Code Coverage requires Burst Compilation to be disabled in order to obtain accurate coverage information. To disable Burst Compilation uncheck Jobs > Burst > Enable Compilation or pass '--burst-disable-compilation' to the command line in batchmode.
]]></output>
          </test-case>
          <test-case id="1053" name="IsSame_SameData_ReturnsTrue" fullname="GDX.ByteExtensionsTests.IsSame_SameData_ReturnsTrue" methodname="IsSame_SameData_ReturnsTrue" classname="GDX.ByteExtensionsTests" runstate="Runnable" seed="2111000725" result="Passed" start-time="2023-07-03 01:06:00Z" end-time="2023-07-03 01:06:00Z" duration="0.000269" asserts="0">
            <properties>
              <property name="Category" value="GDX.Tests" />
            </properties>
            <output><![CDATA[[Code Coverage] Code Coverage results for visited sequence points were saved in D:/BuildAgent/work/GDX-Documentation/Staging/CodeCoverage/GDX_Development-opencov/EditMode/TestCoverageResults_0040.xml
[Code Coverage] Code Coverage requires Burst Compilation to be disabled in order to obtain accurate coverage information. To disable Burst Compilation uncheck Jobs > Burst > Enable Compilation or pass '--burst-disable-compilation' to the command line in batchmode.
]]></output>
          </test-case>
        </test-suite>
        <test-suite type="TestSuite" id="1781" name="Collections" fullname="GDX.Collections" runstate="Runnable" testcasecount="346" result="Passed" start-time="2023-07-03 01:06:00Z" end-time="2023-07-03 01:09:55Z" duration="234.386473" total="346" passed="346" failed="0" inconclusive="0" skipped="0" asserts="0">
          <properties />
          <test-suite type="TestSuite" id="1783" name="Generic" fullname="GDX.Collections.Generic" runstate="Runnable" testcasecount="332" result="Passed" start-time="2023-07-03 01:06:01Z" end-time="2023-07-03 01:09:45Z" duration="224.163290" total="332" passed="332" failed="0" inconclusive="0" skipped="0" asserts="0">
            <properties />
            <test-suite type="TestFixture" id="1426" name="Array2DTests" fullname="GDX.Collections.Generic.Array2DTests" classname="GDX.Collections.Generic.Array2DTests" runstate="Runnable" testcasecount="11" result="Passed" start-time="2023-07-03 01:06:01Z" end-time="2023-07-03 01:06:08Z" duration="7.338509" total="11" passed="11" failed="0" inconclusive="0" skipped="0" asserts="0">
              <properties />
              <test-case id="1427" name="AddColumns_MockData_ArrayResized" fullname="GDX.Collections.Generic.Array2DTests.AddColumns_MockData_ArrayResized" methodname="AddColumns_MockData_ArrayResized" classname="GDX.Collections.Generic.Array2DTests" runstate="Runnable" seed="903274885" result="Passed" start-time="2023-07-03 01:06:01Z" end-time="2023-07-03 01:06:01Z" duration="0.004062" asserts="0">
                <properties>
                  <property name="Category" value="GDX.Tests" />
                </properties>
                <output><![CDATA[[Code Coverage] Code Coverage results for visited sequence points were saved in D:/BuildAgent/work/GDX-Documentation/Staging/CodeCoverage/GDX_Development-opencov/EditMode/TestCoverageResults_0041.xml
[Code Coverage] Code Coverage requires Burst Compilation to be disabled in order to obtain accurate coverage information. To disable Burst Compilation uncheck Jobs > Burst > Enable Compilation or pass '--burst-disable-compilation' to the command line in batchmode.
]]></output>
              </test-case>
              <test-case id="1428" name="AddRows_MockData_ArrayResized" fullname="GDX.Collections.Generic.Array2DTests.AddRows_MockData_ArrayResized" methodname="AddRows_MockData_ArrayResized" classname="GDX.Collections.Generic.Array2DTests" runstate="Runnable" seed="246346652" result="Passed" start-time="2023-07-03 01:06:01Z" end-time="2023-07-03 01:06:01Z" duration="0.000417" asserts="0">
                <properties>
                  <property name="Category" value="GDX.Tests" />
                </properties>
                <output><![CDATA[[Code Coverage] Code Coverage results for visited sequence points were saved in D:/BuildAgent/work/GDX-Documentation/Staging/CodeCoverage/GDX_Development-opencov/EditMode/TestCoverageResults_0042.xml
[Code Coverage] Code Coverage requires Burst Compilation to be disabled in order to obtain accurate coverage information. To disable Burst Compilation uncheck Jobs > Burst > Enable Compilation or pass '--burst-disable-compilation' to the command line in batchmode.
]]></output>
              </test-case>
              <test-case id="1429" name="GetColumnIndex_MockData_ReturnsIndex" fullname="GDX.Collections.Generic.Array2DTests.GetColumnIndex_MockData_ReturnsIndex" methodname="GetColumnIndex_MockData_ReturnsIndex" classname="GDX.Collections.Generic.Array2DTests" runstate="Runnable" seed="2019587659" result="Passed" start-time="2023-07-03 01:06:02Z" end-time="2023-07-03 01:06:02Z" duration="0.000437" asserts="0">
                <properties>
                  <property name="Category" value="GDX.Tests" />
                </properties>
                <output><![CDATA[[Code Coverage] Code Coverage results for visited sequence points were saved in D:/BuildAgent/work/GDX-Documentation/Staging/CodeCoverage/GDX_Development-opencov/EditMode/TestCoverageResults_0043.xml
[Code Coverage] Code Coverage requires Burst Compilation to be disabled in order to obtain accurate coverage information. To disable Burst Compilation uncheck Jobs > Burst > Enable Compilation or pass '--burst-disable-compilation' to the command line in batchmode.
]]></output>
              </test-case>
              <test-case id="1430" name="GetRowIndex_MockData_ReturnsIndex" fullname="GDX.Collections.Generic.Array2DTests.GetRowIndex_MockData_ReturnsIndex" methodname="GetRowIndex_MockData_ReturnsIndex" classname="GDX.Collections.Generic.Array2DTests" runstate="Runnable" seed="888160036" result="Passed" start-time="2023-07-03 01:06:03Z" end-time="2023-07-03 01:06:03Z" duration="0.000401" asserts="0">
                <properties>
                  <property name="Category" value="GDX.Tests" />
                </properties>
                <output><![CDATA[[Code Coverage] Code Coverage results for visited sequence points were saved in D:/BuildAgent/work/GDX-Documentation/Staging/CodeCoverage/GDX_Development-opencov/EditMode/TestCoverageResults_0044.xml
[Code Coverage] Code Coverage requires Burst Compilation to be disabled in order to obtain accurate coverage information. To disable Burst Compilation uncheck Jobs > Burst > Enable Compilation or pass '--burst-disable-compilation' to the command line in batchmode.
]]></output>
              </test-case>
              <test-case id="1431" name="ReverseColumns_MockDataEven_ValuesReversed" fullname="GDX.Collections.Generic.Array2DTests.ReverseColumns_MockDataEven_ValuesReversed" methodname="ReverseColumns_MockDataEven_ValuesReversed" classname="GDX.Collections.Generic.Array2DTests" runstate="Runnable" seed="1143178685" result="Passed" start-time="2023-07-03 01:06:03Z" end-time="2023-07-03 01:06:03Z" duration="0.000610" asserts="0">
                <properties>
                  <property name="Category" value="GDX.Tests" />
                </properties>
                <output><![CDATA[[Code Coverage] Code Coverage results for visited sequence points were saved in D:/BuildAgent/work/GDX-Documentation/Staging/CodeCoverage/GDX_Development-opencov/EditMode/TestCoverageResults_0045.xml
[Code Coverage] Code Coverage requires Burst Compilation to be disabled in order to obtain accurate coverage information. To disable Burst Compilation uncheck Jobs > Burst > Enable Compilation or pass '--burst-disable-compilation' to the command line in batchmode.
]]></output>
              </test-case>
              <test-case id="1432" name="ReverseColumns_MockDataOdd_ValuesReversed" fullname="GDX.Collections.Generic.Array2DTests.ReverseColumns_MockDataOdd_ValuesReversed" methodname="ReverseColumns_MockDataOdd_ValuesReversed" classname="GDX.Collections.Generic.Array2DTests" runstate="Runnable" seed="1691083387" result="Passed" start-time="2023-07-03 01:06:04Z" end-time="2023-07-03 01:06:04Z" duration="0.000398" asserts="0">
                <properties>
                  <property name="Category" value="GDX.Tests" />
                </properties>
                <output><![CDATA[[Code Coverage] Code Coverage results for visited sequence points were saved in D:/BuildAgent/work/GDX-Documentation/Staging/CodeCoverage/GDX_Development-opencov/EditMode/TestCoverageResults_0046.xml
[Code Coverage] Code Coverage requires Burst Compilation to be disabled in order to obtain accurate coverage information. To disable Burst Compilation uncheck Jobs > Burst > Enable Compilation or pass '--burst-disable-compilation' to the command line in batchmode.
]]></output>
              </test-case>
              <test-case id="1433" name="ReverseRows_MockDataEven_ValuesReversed" fullname="GDX.Collections.Generic.Array2DTests.ReverseRows_MockDataEven_ValuesReversed" methodname="ReverseRows_MockDataEven_ValuesReversed" classname="GDX.Collections.Generic.Array2DTests" runstate="Runnable" seed="1225752857" result="Passed" start-time="2023-07-03 01:06:05Z" end-time="2023-07-03 01:06:05Z" duration="0.000519" asserts="0">
                <properties>
                  <property name="Category" value="GDX.Tests" />
                </properties>
                <output><![CDATA[[Code Coverage] Code Coverage results for visited sequence points were saved in D:/BuildAgent/work/GDX-Documentation/Staging/CodeCoverage/GDX_Development-opencov/EditMode/TestCoverageResults_0047.xml
[Code Coverage] Code Coverage requires Burst Compilation to be disabled in order to obtain accurate coverage information. To disable Burst Compilation uncheck Jobs > Burst > Enable Compilation or pass '--burst-disable-compilation' to the command line in batchmode.
]]></output>
              </test-case>
              <test-case id="1434" name="ReverseRows_MockDataOdd_ValuesReversed" fullname="GDX.Collections.Generic.Array2DTests.ReverseRows_MockDataOdd_ValuesReversed" methodname="ReverseRows_MockDataOdd_ValuesReversed" classname="GDX.Collections.Generic.Array2DTests" runstate="Runnable" seed="240462628" result="Passed" start-time="2023-07-03 01:06:05Z" end-time="2023-07-03 01:06:05Z" duration="0.000353" asserts="0">
                <properties>
                  <property name="Category" value="GDX.Tests" />
                </properties>
                <output><![CDATA[[Code Coverage] Code Coverage results for visited sequence points were saved in D:/BuildAgent/work/GDX-Documentation/Staging/CodeCoverage/GDX_Development-opencov/EditMode/TestCoverageResults_0048.xml
[Code Coverage] Code Coverage requires Burst Compilation to be disabled in order to obtain accurate coverage information. To disable Burst Compilation uncheck Jobs > Burst > Enable Compilation or pass '--burst-disable-compilation' to the command line in batchmode.
]]></output>
              </test-case>
              <test-case id="1435" name="RotateClockwise_MockDataOdd_ValuesRotated" fullname="GDX.Collections.Generic.Array2DTests.RotateClockwise_MockDataOdd_ValuesRotated" methodname="RotateClockwise_MockDataOdd_ValuesRotated" classname="GDX.Collections.Generic.Array2DTests" runstate="Runnable" seed="186319260" result="Passed" start-time="2023-07-03 01:06:06Z" end-time="2023-07-03 01:06:06Z" duration="0.000481" asserts="0">
                <properties>
                  <property name="Category" value="GDX.Tests" />
                </properties>
                <output><![CDATA[[Code Coverage] Code Coverage results for visited sequence points were saved in D:/BuildAgent/work/GDX-Documentation/Staging/CodeCoverage/GDX_Development-opencov/EditMode/TestCoverageResults_0049.xml
[Code Coverage] Code Coverage requires Burst Compilation to be disabled in order to obtain accurate coverage information. To disable Burst Compilation uncheck Jobs > Burst > Enable Compilation or pass '--burst-disable-compilation' to the command line in batchmode.
]]></output>
              </test-case>
              <test-case id="1436" name="RotateCounterClockwise_MockDataOdd_ValuesRotated" fullname="GDX.Collections.Generic.Array2DTests.RotateCounterClockwise_MockDataOdd_ValuesRotated" methodname="RotateCounterClockwise_MockDataOdd_ValuesRotated" classname="GDX.Collections.Generic.Array2DTests" runstate="Runnable" seed="139462845" result="Passed" start-time="2023-07-03 01:06:07Z" end-time="2023-07-03 01:06:07Z" duration="0.000475" asserts="0">
                <properties>
                  <property name="Category" value="GDX.Tests" />
                </properties>
                <output><![CDATA[[Code Coverage] Code Coverage results for visited sequence points were saved in D:/BuildAgent/work/GDX-Documentation/Staging/CodeCoverage/GDX_Development-opencov/EditMode/TestCoverageResults_0050.xml
[Code Coverage] Code Coverage requires Burst Compilation to be disabled in order to obtain accurate coverage information. To disable Burst Compilation uncheck Jobs > Burst > Enable Compilation or pass '--burst-disable-compilation' to the command line in batchmode.
]]></output>
              </test-case>
              <test-case id="1437" name="ToMultiDimensionalArray_MockData_MatchingValues" fullname="GDX.Collections.Generic.Array2DTests.ToMultiDimensionalArray_MockData_MatchingValues" methodname="ToMultiDimensionalArray_MockData_MatchingValues" classname="GDX.Collections.Generic.Array2DTests" runstate="Runnable" seed="143671612" result="Passed" start-time="2023-07-03 01:06:07Z" end-time="2023-07-03 01:06:07Z" duration="0.000672" asserts="0">
                <properties>
                  <property name="Category" value="GDX.Tests" />
                </properties>
                <output><![CDATA[[Code Coverage] Code Coverage results for visited sequence points were saved in D:/BuildAgent/work/GDX-Documentation/Staging/CodeCoverage/GDX_Development-opencov/EditMode/TestCoverageResults_0051.xml
[Code Coverage] Code Coverage requires Burst Compilation to be disabled in order to obtain accurate coverage information. To disable Burst Compilation uncheck Jobs > Burst > Enable Compilation or pass '--burst-disable-compilation' to the command line in batchmode.
]]></output>
              </test-case>
            </test-suite>
            <test-suite type="TestFixture" id="1438" name="Array3DTests" fullname="GDX.Collections.Generic.Array3DTests" classname="GDX.Collections.Generic.Array3DTests" runstate="Runnable" testcasecount="10" result="Passed" start-time="2023-07-03 01:06:08Z" end-time="2023-07-03 01:06:15Z" duration="6.697318" total="10" passed="10" failed="0" inconclusive="0" skipped="0" asserts="0">
              <properties />
              <test-case id="1439" name="Constructor_CorrectSizes" fullname="GDX.Collections.Generic.Array3DTests.Constructor_CorrectSizes" methodname="Constructor_CorrectSizes" classname="GDX.Collections.Generic.Array3DTests" runstate="Runnable" seed="2088932719" result="Passed" start-time="2023-07-03 01:06:08Z" end-time="2023-07-03 01:06:08Z" duration="0.000773" asserts="0">
                <properties>
                  <property name="Category" value="GDX.Tests" />
                </properties>
                <output><![CDATA[[Code Coverage] Code Coverage results for visited sequence points were saved in D:/BuildAgent/work/GDX-Documentation/Staging/CodeCoverage/GDX_Development-opencov/EditMode/TestCoverageResults_0052.xml
[Code Coverage] Code Coverage requires Burst Compilation to be disabled in order to obtain accurate coverage information. To disable Burst Compilation uncheck Jobs > Burst > Enable Compilation or pass '--burst-disable-compilation' to the command line in batchmode.
]]></output>
              </test-case>
              <test-case id="1440" name="GetByIndex_LastSpot_ValidEntry" fullname="GDX.Collections.Generic.Array3DTests.GetByIndex_LastSpot_ValidEntry" methodname="GetByIndex_LastSpot_ValidEntry" classname="GDX.Collections.Generic.Array3DTests" runstate="Runnable" seed="1041973458" result="Passed" start-time="2023-07-03 01:06:09Z" end-time="2023-07-03 01:06:09Z" duration="0.000401" asserts="0">
                <properties>
                  <property name="Category" value="GDX.Tests" />
                </properties>
                <output><![CDATA[[Code Coverage] Code Coverage results for visited sequence points were saved in D:/BuildAgent/work/GDX-Documentation/Staging/CodeCoverage/GDX_Development-opencov/EditMode/TestCoverageResults_0053.xml
[Code Coverage] Code Coverage requires Burst Compilation to be disabled in order to obtain accurate coverage information. To disable Burst Compilation uncheck Jobs > Burst > Enable Compilation or pass '--burst-disable-compilation' to the command line in batchmode.
]]></output>
              </test-case>
              <test-case id="1442" name="GetByInt3_LastSpot_ValidEntry" fullname="GDX.Collections.Generic.Array3DTests.GetByInt3_LastSpot_ValidEntry" methodname="GetByInt3_LastSpot_ValidEntry" classname="GDX.Collections.Generic.Array3DTests" runstate="Runnable" seed="792662313" result="Passed" start-time="2023-07-03 01:06:09Z" end-time="2023-07-03 01:06:09Z" duration="0.000555" asserts="0">
                <properties>
                  <property name="Category" value="GDX.Tests" />
                </properties>
                <output><![CDATA[[Code Coverage] Code Coverage results for visited sequence points were saved in D:/BuildAgent/work/GDX-Documentation/Staging/CodeCoverage/GDX_Development-opencov/EditMode/TestCoverageResults_0054.xml
[Code Coverage] Code Coverage requires Burst Compilation to be disabled in order to obtain accurate coverage information. To disable Burst Compilation uncheck Jobs > Burst > Enable Compilation or pass '--burst-disable-compilation' to the command line in batchmode.
]]></output>
              </test-case>
              <test-case id="1445" name="GetFromIndex_FirstSpot_Valid" fullname="GDX.Collections.Generic.Array3DTests.GetFromIndex_FirstSpot_Valid" methodname="GetFromIndex_FirstSpot_Valid" classname="GDX.Collections.Generic.Array3DTests" runstate="Runnable" seed="2139725897" result="Passed" start-time="2023-07-03 01:06:10Z" end-time="2023-07-03 01:06:10Z" duration="0.000589" asserts="0">
                <properties>
                  <property name="Category" value="GDX.Tests" />
                </properties>
                <output><![CDATA[[Code Coverage] Code Coverage results for visited sequence points were saved in D:/BuildAgent/work/GDX-Documentation/Staging/CodeCoverage/GDX_Development-opencov/EditMode/TestCoverageResults_0055.xml
[Code Coverage] Code Coverage requires Burst Compilation to be disabled in order to obtain accurate coverage information. To disable Burst Compilation uncheck Jobs > Burst > Enable Compilation or pass '--burst-disable-compilation' to the command line in batchmode.
]]></output>
              </test-case>
              <test-case id="1447" name="GetFromIndex_LastBottomRow_Valid" fullname="GDX.Collections.Generic.Array3DTests.GetFromIndex_LastBottomRow_Valid" methodname="GetFromIndex_LastBottomRow_Valid" classname="GDX.Collections.Generic.Array3DTests" runstate="Runnable" seed="551469272" result="Passed" start-time="2023-07-03 01:06:10Z" end-time="2023-07-03 01:06:10Z" duration="0.000375" asserts="0">
                <properties>
                  <property name="Category" value="GDX.Tests" />
                </properties>
                <output><![CDATA[[Code Coverage] Code Coverage results for visited sequence points were saved in D:/BuildAgent/work/GDX-Documentation/Staging/CodeCoverage/GDX_Development-opencov/EditMode/TestCoverageResults_0056.xml
[Code Coverage] Code Coverage requires Burst Compilation to be disabled in order to obtain accurate coverage information. To disable Burst Compilation uncheck Jobs > Burst > Enable Compilation or pass '--burst-disable-compilation' to the command line in batchmode.
]]></output>
              </test-case>
              <test-case id="1446" name="GetFromIndex_LastFirstRow_Valid" fullname="GDX.Collections.Generic.Array3DTests.GetFromIndex_LastFirstRow_Valid" methodname="GetFromIndex_LastFirstRow_Valid" classname="GDX.Collections.Generic.Array3DTests" runstate="Runnable" seed="1124008853" result="Passed" start-time="2023-07-03 01:06:11Z" end-time="2023-07-03 01:06:11Z" duration="0.000382" asserts="0">
                <properties>
                  <property name="Category" value="GDX.Tests" />
                </properties>
                <output><![CDATA[[Code Coverage] Code Coverage results for visited sequence points were saved in D:/BuildAgent/work/GDX-Documentation/Staging/CodeCoverage/GDX_Development-opencov/EditMode/TestCoverageResults_0057.xml
[Code Coverage] Code Coverage requires Burst Compilation to be disabled in order to obtain accurate coverage information. To disable Burst Compilation uncheck Jobs > Burst > Enable Compilation or pass '--burst-disable-compilation' to the command line in batchmode.
]]></output>
              </test-case>
              <test-case id="1444" name="GetFromIndex_LastSpot_Valid" fullname="GDX.Collections.Generic.Array3DTests.GetFromIndex_LastSpot_Valid" methodname="GetFromIndex_LastSpot_Valid" classname="GDX.Collections.Generic.Array3DTests" runstate="Runnable" seed="2019965821" result="Passed" start-time="2023-07-03 01:06:12Z" end-time="2023-07-03 01:06:12Z" duration="0.000376" asserts="0">
                <properties>
                  <property name="Category" value="GDX.Tests" />
                </properties>
                <output><![CDATA[[Code Coverage] Code Coverage results for visited sequence points were saved in D:/BuildAgent/work/GDX-Documentation/Staging/CodeCoverage/GDX_Development-opencov/EditMode/TestCoverageResults_0058.xml
[Code Coverage] Code Coverage requires Burst Compilation to be disabled in order to obtain accurate coverage information. To disable Burst Compilation uncheck Jobs > Burst > Enable Compilation or pass '--burst-disable-compilation' to the command line in batchmode.
]]></output>
              </test-case>
              <test-case id="1448" name="GetFromIndex_SecondTopRowAtBack_Valid" fullname="GDX.Collections.Generic.Array3DTests.GetFromIndex_SecondTopRowAtBack_Valid" methodname="GetFromIndex_SecondTopRowAtBack_Valid" classname="GDX.Collections.Generic.Array3DTests" runstate="Runnable" seed="8221961" result="Passed" start-time="2023-07-03 01:06:13Z" end-time="2023-07-03 01:06:13Z" duration="0.000366" asserts="0">
                <properties>
                  <property name="Category" value="GDX.Tests" />
                </properties>
                <output><![CDATA[[Code Coverage] Code Coverage results for visited sequence points were saved in D:/BuildAgent/work/GDX-Documentation/Staging/CodeCoverage/GDX_Development-opencov/EditMode/TestCoverageResults_0059.xml
[Code Coverage] Code Coverage requires Burst Compilation to be disabled in order to obtain accurate coverage information. To disable Burst Compilation uncheck Jobs > Burst > Enable Compilation or pass '--burst-disable-compilation' to the command line in batchmode.
]]></output>
              </test-case>
              <test-case id="1441" name="SetByIndex_LastSpot_ValidEntry" fullname="GDX.Collections.Generic.Array3DTests.SetByIndex_LastSpot_ValidEntry" methodname="SetByIndex_LastSpot_ValidEntry" classname="GDX.Collections.Generic.Array3DTests" runstate="Runnable" seed="439490988" result="Passed" start-time="2023-07-03 01:06:13Z" end-time="2023-07-03 01:06:13Z" duration="0.000406" asserts="0">
                <properties>
                  <property name="Category" value="GDX.Tests" />
                </properties>
                <output><![CDATA[[Code Coverage] Code Coverage results for visited sequence points were saved in D:/BuildAgent/work/GDX-Documentation/Staging/CodeCoverage/GDX_Development-opencov/EditMode/TestCoverageResults_0060.xml
[Code Coverage] Code Coverage requires Burst Compilation to be disabled in order to obtain accurate coverage information. To disable Burst Compilation uncheck Jobs > Burst > Enable Compilation or pass '--burst-disable-compilation' to the command line in batchmode.
]]></output>
              </test-case>
              <test-case id="1443" name="SetByInt3_LastSpot_ValidEntry" fullname="GDX.Collections.Generic.Array3DTests.SetByInt3_LastSpot_ValidEntry" methodname="SetByInt3_LastSpot_ValidEntry" classname="GDX.Collections.Generic.Array3DTests" runstate="Runnable" seed="1904828426" result="Passed" start-time="2023-07-03 01:06:14Z" end-time="2023-07-03 01:06:14Z" duration="0.000486" asserts="0">
                <properties>
                  <property name="Category" value="GDX.Tests" />
                </properties>
                <output><![CDATA[[Code Coverage] Code Coverage results for visited sequence points were saved in D:/BuildAgent/work/GDX-Documentation/Staging/CodeCoverage/GDX_Development-opencov/EditMode/TestCoverageResults_0061.xml
[Code Coverage] Code Coverage requires Burst Compilation to be disabled in order to obtain accurate coverage information. To disable Burst Compilation uncheck Jobs > Burst > Enable Compilation or pass '--burst-disable-compilation' to the command line in batchmode.
]]></output>
              </test-case>
            </test-suite>
            <test-suite type="TestFixture" id="1759" name="ArrayPoolTests" fullname="GDX.Collections.Generic.ArrayPoolTests" classname="GDX.Collections.Generic.ArrayPoolTests" runstate="Runnable" testcasecount="6" result="Passed" start-time="2023-07-03 01:06:15Z" end-time="2023-07-03 01:06:18Z" duration="3.845552" total="6" passed="6" failed="0" inconclusive="0" skipped="0" asserts="0">
              <properties />
              <test-case id="1760" name="Constructor_InitializeWithMinimumAndMaximum" fullname="GDX.Collections.Generic.ArrayPoolTests.Constructor_InitializeWithMinimumAndMaximum" methodname="Constructor_InitializeWithMinimumAndMaximum" classname="GDX.Collections.Generic.ArrayPoolTests" runstate="Runnable" seed="2088409598" result="Passed" start-time="2023-07-03 01:06:15Z" end-time="2023-07-03 01:06:15Z" duration="0.000562" asserts="0">
                <properties>
                  <property name="Category" value="GDX.Tests" />
                </properties>
                <output><![CDATA[[Code Coverage] Code Coverage results for visited sequence points were saved in D:/BuildAgent/work/GDX-Documentation/Staging/CodeCoverage/GDX_Development-opencov/EditMode/TestCoverageResults_0062.xml
[Code Coverage] Code Coverage requires Burst Compilation to be disabled in order to obtain accurate coverage information. To disable Burst Compilation uncheck Jobs > Burst > Enable Compilation or pass '--burst-disable-compilation' to the command line in batchmode.
]]></output>
              </test-case>
              <test-case id="1763" name="GetArrayFromPool_NonPowerOfTwoRequested_ArrayExistsInPool" fullname="GDX.Collections.Generic.ArrayPoolTests.GetArrayFromPool_NonPowerOfTwoRequested_ArrayExistsInPool" methodname="GetArrayFromPool_NonPowerOfTwoRequested_ArrayExistsInPool" classname="GDX.Collections.Generic.ArrayPoolTests" runstate="Runnable" seed="579340938" result="Passed" start-time="2023-07-03 01:06:15Z" end-time="2023-07-03 01:06:15Z" duration="0.000568" asserts="0">
                <properties>
                  <property name="Category" value="GDX.Tests" />
                </properties>
                <output><![CDATA[[Code Coverage] Code Coverage results for visited sequence points were saved in D:/BuildAgent/work/GDX-Documentation/Staging/CodeCoverage/GDX_Development-opencov/EditMode/TestCoverageResults_0063.xml
[Code Coverage] Code Coverage requires Burst Compilation to be disabled in order to obtain accurate coverage information. To disable Burst Compilation uncheck Jobs > Burst > Enable Compilation or pass '--burst-disable-compilation' to the command line in batchmode.
]]></output>
              </test-case>
              <test-case id="1761" name="GetArrayFromPool_PowerOfTwoRequested_ArrayExistsInPool" fullname="GDX.Collections.Generic.ArrayPoolTests.GetArrayFromPool_PowerOfTwoRequested_ArrayExistsInPool" methodname="GetArrayFromPool_PowerOfTwoRequested_ArrayExistsInPool" classname="GDX.Collections.Generic.ArrayPoolTests" runstate="Runnable" seed="2102962150" result="Passed" start-time="2023-07-03 01:06:16Z" end-time="2023-07-03 01:06:16Z" duration="0.000460" asserts="0">
                <properties>
                  <property name="Category" value="GDX.Tests" />
                </properties>
                <output><![CDATA[[Code Coverage] Code Coverage results for visited sequence points were saved in D:/BuildAgent/work/GDX-Documentation/Staging/CodeCoverage/GDX_Development-opencov/EditMode/TestCoverageResults_0064.xml
[Code Coverage] Code Coverage requires Burst Compilation to be disabled in order to obtain accurate coverage information. To disable Burst Compilation uncheck Jobs > Burst > Enable Compilation or pass '--burst-disable-compilation' to the command line in batchmode.
]]></output>
              </test-case>
              <test-case id="1762" name="GetArrayFromPool_PowerOfTwoRequested_PoolIsEmpty" fullname="GDX.Collections.Generic.ArrayPoolTests.GetArrayFromPool_PowerOfTwoRequested_PoolIsEmpty" methodname="GetArrayFromPool_PowerOfTwoRequested_PoolIsEmpty" classname="GDX.Collections.Generic.ArrayPoolTests" runstate="Runnable" seed="708705941" result="Passed" start-time="2023-07-03 01:06:16Z" end-time="2023-07-03 01:06:16Z" duration="0.000500" asserts="0">
                <properties>
                  <property name="Category" value="GDX.Tests" />
                </properties>
                <output><![CDATA[[Code Coverage] Code Coverage results for visited sequence points were saved in D:/BuildAgent/work/GDX-Documentation/Staging/CodeCoverage/GDX_Development-opencov/EditMode/TestCoverageResults_0065.xml
[Code Coverage] Code Coverage requires Burst Compilation to be disabled in order to obtain accurate coverage information. To disable Burst Compilation uncheck Jobs > Burst > Enable Compilation or pass '--burst-disable-compilation' to the command line in batchmode.
]]></output>
              </test-case>
              <test-case id="1764" name="ReturnArrayToPool_MaximumNotReached" fullname="GDX.Collections.Generic.ArrayPoolTests.ReturnArrayToPool_MaximumNotReached" methodname="ReturnArrayToPool_MaximumNotReached" classname="GDX.Collections.Generic.ArrayPoolTests" runstate="Runnable" seed="1206383604" result="Passed" start-time="2023-07-03 01:06:17Z" end-time="2023-07-03 01:06:17Z" duration="0.000548" asserts="0">
                <properties>
                  <property name="Category" value="GDX.Tests" />
                </properties>
                <output><![CDATA[[Code Coverage] Code Coverage results for visited sequence points were saved in D:/BuildAgent/work/GDX-Documentation/Staging/CodeCoverage/GDX_Development-opencov/EditMode/TestCoverageResults_0066.xml
[Code Coverage] Code Coverage requires Burst Compilation to be disabled in order to obtain accurate coverage information. To disable Burst Compilation uncheck Jobs > Burst > Enable Compilation or pass '--burst-disable-compilation' to the command line in batchmode.
]]></output>
              </test-case>
              <test-case id="1765" name="ReturnArrayToPool_MaximumReached" fullname="GDX.Collections.Generic.ArrayPoolTests.ReturnArrayToPool_MaximumReached" methodname="ReturnArrayToPool_MaximumReached" classname="GDX.Collections.Generic.ArrayPoolTests" runstate="Runnable" seed="113840604" result="Passed" start-time="2023-07-03 01:06:18Z" end-time="2023-07-03 01:06:18Z" duration="0.000816" asserts="0">
                <properties>
                  <property name="Category" value="GDX.Tests" />
                </properties>
                <output><![CDATA[[Code Coverage] Code Coverage results for visited sequence points were saved in D:/BuildAgent/work/GDX-Documentation/Staging/CodeCoverage/GDX_Development-opencov/EditMode/TestCoverageResults_0067.xml
[Code Coverage] Code Coverage requires Burst Compilation to be disabled in order to obtain accurate coverage information. To disable Burst Compilation uncheck Jobs > Burst > Enable Compilation or pass '--burst-disable-compilation' to the command line in batchmode.
]]></output>
              </test-case>
            </test-suite>
            <test-suite type="TestFixture" id="1449" name="CircularBufferTests" fullname="GDX.Collections.Generic.CircularBufferTests" classname="GDX.Collections.Generic.CircularBufferTests" runstate="Runnable" testcasecount="22" result="Passed" start-time="2023-07-03 01:06:18Z" end-time="2023-07-03 01:06:33Z" duration="14.788601" total="22" passed="22" failed="0" inconclusive="0" skipped="0" asserts="0">
              <properties />
              <test-case id="1450" name="Add_MockData_Normal" fullname="GDX.Collections.Generic.CircularBufferTests.Add_MockData_Normal" methodname="Add_MockData_Normal" classname="GDX.Collections.Generic.CircularBufferTests" runstate="Runnable" seed="1129876914" result="Passed" start-time="2023-07-03 01:06:18Z" end-time="2023-07-03 01:06:18Z" duration="0.000581" asserts="0">
                <properties>
                  <property name="Category" value="GDX.Tests" />
                </properties>
                <output><![CDATA[[Code Coverage] Code Coverage results for visited sequence points were saved in D:/BuildAgent/work/GDX-Documentation/Staging/CodeCoverage/GDX_Development-opencov/EditMode/TestCoverageResults_0068.xml
[Code Coverage] Code Coverage requires Burst Compilation to be disabled in order to obtain accurate coverage information. To disable Burst Compilation uncheck Jobs > Burst > Enable Compilation or pass '--burst-disable-compilation' to the command line in batchmode.
]]></output>
              </test-case>
              <test-case id="1451" name="Add_MockData_Wrapped" fullname="GDX.Collections.Generic.CircularBufferTests.Add_MockData_Wrapped" methodname="Add_MockData_Wrapped" classname="GDX.Collections.Generic.CircularBufferTests" runstate="Runnable" seed="1295735541" result="Passed" start-time="2023-07-03 01:06:19Z" end-time="2023-07-03 01:06:19Z" duration="0.000332" asserts="0">
                <properties>
                  <property name="Category" value="GDX.Tests" />
                </properties>
                <output><![CDATA[[Code Coverage] Code Coverage results for visited sequence points were saved in D:/BuildAgent/work/GDX-Documentation/Staging/CodeCoverage/GDX_Development-opencov/EditMode/TestCoverageResults_0069.xml
[Code Coverage] Code Coverage requires Burst Compilation to be disabled in order to obtain accurate coverage information. To disable Burst Compilation uncheck Jobs > Burst > Enable Compilation or pass '--burst-disable-compilation' to the command line in batchmode.
]]></output>
              </test-case>
              <test-case id="1452" name="Clear_MockData_Empty" fullname="GDX.Collections.Generic.CircularBufferTests.Clear_MockData_Empty" methodname="Clear_MockData_Empty" classname="GDX.Collections.Generic.CircularBufferTests" runstate="Runnable" seed="2046001092" result="Passed" start-time="2023-07-03 01:06:20Z" end-time="2023-07-03 01:06:20Z" duration="0.000410" asserts="0">
                <properties>
                  <property name="Category" value="GDX.Tests" />
                </properties>
                <output><![CDATA[[Code Coverage] Code Coverage results for visited sequence points were saved in D:/BuildAgent/work/GDX-Documentation/Staging/CodeCoverage/GDX_Development-opencov/EditMode/TestCoverageResults_0070.xml
[Code Coverage] Code Coverage requires Burst Compilation to be disabled in order to obtain accurate coverage information. To disable Burst Compilation uncheck Jobs > Burst > Enable Compilation or pass '--burst-disable-compilation' to the command line in batchmode.
]]></output>
              </test-case>
              <test-case id="1453" name="Get_MockData_First" fullname="GDX.Collections.Generic.CircularBufferTests.Get_MockData_First" methodname="Get_MockData_First" classname="GDX.Collections.Generic.CircularBufferTests" runstate="Runnable" seed="1411576568" result="Passed" start-time="2023-07-03 01:06:20Z" end-time="2023-07-03 01:06:20Z" duration="0.000378" asserts="0">
                <properties>
                  <property name="Category" value="GDX.Tests" />
                </properties>
                <output><![CDATA[[Code Coverage] Code Coverage results for visited sequence points were saved in D:/BuildAgent/work/GDX-Documentation/Staging/CodeCoverage/GDX_Development-opencov/EditMode/TestCoverageResults_0071.xml
[Code Coverage] Code Coverage requires Burst Compilation to be disabled in order to obtain accurate coverage information. To disable Burst Compilation uncheck Jobs > Burst > Enable Compilation or pass '--burst-disable-compilation' to the command line in batchmode.
]]></output>
              </test-case>
              <test-case id="1454" name="Get_MockData_Last" fullname="GDX.Collections.Generic.CircularBufferTests.Get_MockData_Last" methodname="Get_MockData_Last" classname="GDX.Collections.Generic.CircularBufferTests" runstate="Runnable" seed="1724064160" result="Passed" start-time="2023-07-03 01:06:21Z" end-time="2023-07-03 01:06:21Z" duration="0.000316" asserts="0">
                <properties>
                  <property name="Category" value="GDX.Tests" />
                </properties>
                <output><![CDATA[[Code Coverage] Code Coverage results for visited sequence points were saved in D:/BuildAgent/work/GDX-Documentation/Staging/CodeCoverage/GDX_Development-opencov/EditMode/TestCoverageResults_0072.xml
[Code Coverage] Code Coverage requires Burst Compilation to be disabled in order to obtain accurate coverage information. To disable Burst Compilation uncheck Jobs > Burst > Enable Compilation or pass '--burst-disable-compilation' to the command line in batchmode.
]]></output>
              </test-case>
              <test-case id="1455" name="Get_MockData_Wrapped" fullname="GDX.Collections.Generic.CircularBufferTests.Get_MockData_Wrapped" methodname="Get_MockData_Wrapped" classname="GDX.Collections.Generic.CircularBufferTests" runstate="Runnable" seed="5581254" result="Passed" start-time="2023-07-03 01:06:22Z" end-time="2023-07-03 01:06:22Z" duration="0.000330" asserts="0">
                <properties>
                  <property name="Category" value="GDX.Tests" />
                </properties>
                <output><![CDATA[[Code Coverage] Code Coverage results for visited sequence points were saved in D:/BuildAgent/work/GDX-Documentation/Staging/CodeCoverage/GDX_Development-opencov/EditMode/TestCoverageResults_0073.xml
[Code Coverage] Code Coverage requires Burst Compilation to be disabled in order to obtain accurate coverage information. To disable Burst Compilation uncheck Jobs > Burst > Enable Compilation or pass '--burst-disable-compilation' to the command line in batchmode.
]]></output>
              </test-case>
              <test-case id="1456" name="GetBack_MockData_Valid" fullname="GDX.Collections.Generic.CircularBufferTests.GetBack_MockData_Valid" methodname="GetBack_MockData_Valid" classname="GDX.Collections.Generic.CircularBufferTests" runstate="Runnable" seed="632456253" result="Passed" start-time="2023-07-03 01:06:23Z" end-time="2023-07-03 01:06:23Z" duration="0.000442" asserts="0">
                <properties>
                  <property name="Category" value="GDX.Tests" />
                </properties>
                <output><![CDATA[[Code Coverage] Code Coverage results for visited sequence points were saved in D:/BuildAgent/work/GDX-Documentation/Staging/CodeCoverage/GDX_Development-opencov/EditMode/TestCoverageResults_0074.xml
[Code Coverage] Code Coverage requires Burst Compilation to be disabled in order to obtain accurate coverage information. To disable Burst Compilation uncheck Jobs > Burst > Enable Compilation or pass '--burst-disable-compilation' to the command line in batchmode.
]]></output>
              </test-case>
              <test-case id="1457" name="GetFront_MockData_Valid" fullname="GDX.Collections.Generic.CircularBufferTests.GetFront_MockData_Valid" methodname="GetFront_MockData_Valid" classname="GDX.Collections.Generic.CircularBufferTests" runstate="Runnable" seed="1734787327" result="Passed" start-time="2023-07-03 01:06:23Z" end-time="2023-07-03 01:06:23Z" duration="0.000374" asserts="0">
                <properties>
                  <property name="Category" value="GDX.Tests" />
                </properties>
                <output><![CDATA[[Code Coverage] Code Coverage results for visited sequence points were saved in D:/BuildAgent/work/GDX-Documentation/Staging/CodeCoverage/GDX_Development-opencov/EditMode/TestCoverageResults_0075.xml
[Code Coverage] Code Coverage requires Burst Compilation to be disabled in order to obtain accurate coverage information. To disable Burst Compilation uncheck Jobs > Burst > Enable Compilation or pass '--burst-disable-compilation' to the command line in batchmode.
]]></output>
              </test-case>
              <test-case id="1459" name="IsEmpty_MockData_ClearedEmpty" fullname="GDX.Collections.Generic.CircularBufferTests.IsEmpty_MockData_ClearedEmpty" methodname="IsEmpty_MockData_ClearedEmpty" classname="GDX.Collections.Generic.CircularBufferTests" runstate="Runnable" seed="766915848" result="Passed" start-time="2023-07-03 01:06:24Z" end-time="2023-07-03 01:06:24Z" duration="0.000367" asserts="0">
                <properties>
                  <property name="Category" value="GDX.Tests" />
                </properties>
                <output><![CDATA[[Code Coverage] Code Coverage results for visited sequence points were saved in D:/BuildAgent/work/GDX-Documentation/Staging/CodeCoverage/GDX_Development-opencov/EditMode/TestCoverageResults_0076.xml
[Code Coverage] Code Coverage requires Burst Compilation to be disabled in order to obtain accurate coverage information. To disable Burst Compilation uncheck Jobs > Burst > Enable Compilation or pass '--burst-disable-compilation' to the command line in batchmode.
]]></output>
              </test-case>
              <test-case id="1458" name="IsEmpty_MockData_Empty" fullname="GDX.Collections.Generic.CircularBufferTests.IsEmpty_MockData_Empty" methodname="IsEmpty_MockData_Empty" classname="GDX.Collections.Generic.CircularBufferTests" runstate="Runnable" seed="1539373384" result="Passed" start-time="2023-07-03 01:06:24Z" end-time="2023-07-03 01:06:24Z" duration="0.000285" asserts="0">
                <properties>
                  <property name="Category" value="GDX.Tests" />
                </properties>
                <output><![CDATA[[Code Coverage] Code Coverage results for visited sequence points were saved in D:/BuildAgent/work/GDX-Documentation/Staging/CodeCoverage/GDX_Development-opencov/EditMode/TestCoverageResults_0077.xml
[Code Coverage] Code Coverage requires Burst Compilation to be disabled in order to obtain accurate coverage information. To disable Burst Compilation uncheck Jobs > Burst > Enable Compilation or pass '--burst-disable-compilation' to the command line in batchmode.
]]></output>
              </test-case>
              <test-case id="1460" name="IsEmpty_MockData_NotEmpty" fullname="GDX.Collections.Generic.CircularBufferTests.IsEmpty_MockData_NotEmpty" methodname="IsEmpty_MockData_NotEmpty" classname="GDX.Collections.Generic.CircularBufferTests" runstate="Runnable" seed="1610650515" result="Passed" start-time="2023-07-03 01:06:25Z" end-time="2023-07-03 01:06:25Z" duration="0.000315" asserts="0">
                <properties>
                  <property name="Category" value="GDX.Tests" />
                </properties>
                <output><![CDATA[[Code Coverage] Code Coverage results for visited sequence points were saved in D:/BuildAgent/work/GDX-Documentation/Staging/CodeCoverage/GDX_Development-opencov/EditMode/TestCoverageResults_0078.xml
[Code Coverage] Code Coverage requires Burst Compilation to be disabled in order to obtain accurate coverage information. To disable Burst Compilation uncheck Jobs > Burst > Enable Compilation or pass '--burst-disable-compilation' to the command line in batchmode.
]]></output>
              </test-case>
              <test-case id="1461" name="IsFull_MockData_Full" fullname="GDX.Collections.Generic.CircularBufferTests.IsFull_MockData_Full" methodname="IsFull_MockData_Full" classname="GDX.Collections.Generic.CircularBufferTests" runstate="Runnable" seed="2042348600" result="Passed" start-time="2023-07-03 01:06:26Z" end-time="2023-07-03 01:06:26Z" duration="0.000368" asserts="0">
                <properties>
                  <property name="Category" value="GDX.Tests" />
                </properties>
                <output><![CDATA[[Code Coverage] Code Coverage results for visited sequence points were saved in D:/BuildAgent/work/GDX-Documentation/Staging/CodeCoverage/GDX_Development-opencov/EditMode/TestCoverageResults_0079.xml
[Code Coverage] Code Coverage requires Burst Compilation to be disabled in order to obtain accurate coverage information. To disable Burst Compilation uncheck Jobs > Burst > Enable Compilation or pass '--burst-disable-compilation' to the command line in batchmode.
]]></output>
              </test-case>
              <test-case id="1462" name="IsFull_MockData_NotFull" fullname="GDX.Collections.Generic.CircularBufferTests.IsFull_MockData_NotFull" methodname="IsFull_MockData_NotFull" classname="GDX.Collections.Generic.CircularBufferTests" runstate="Runnable" seed="332528185" result="Passed" start-time="2023-07-03 01:06:26Z" end-time="2023-07-03 01:06:26Z" duration="0.000292" asserts="0">
                <properties>
                  <property name="Category" value="GDX.Tests" />
                </properties>
                <output><![CDATA[[Code Coverage] Code Coverage results for visited sequence points were saved in D:/BuildAgent/work/GDX-Documentation/Staging/CodeCoverage/GDX_Development-opencov/EditMode/TestCoverageResults_0080.xml
[Code Coverage] Code Coverage requires Burst Compilation to be disabled in order to obtain accurate coverage information. To disable Burst Compilation uncheck Jobs > Burst > Enable Compilation or pass '--burst-disable-compilation' to the command line in batchmode.
]]></output>
              </test-case>
              <test-case id="1463" name="PopBack_MockData_GetValue" fullname="GDX.Collections.Generic.CircularBufferTests.PopBack_MockData_GetValue" methodname="PopBack_MockData_GetValue" classname="GDX.Collections.Generic.CircularBufferTests" runstate="Runnable" seed="177582257" result="Passed" start-time="2023-07-03 01:06:27Z" end-time="2023-07-03 01:06:27Z" duration="0.000407" asserts="0">
                <properties>
                  <property name="Category" value="GDX.Tests" />
                </properties>
                <output><![CDATA[[Code Coverage] Code Coverage results for visited sequence points were saved in D:/BuildAgent/work/GDX-Documentation/Staging/CodeCoverage/GDX_Development-opencov/EditMode/TestCoverageResults_0081.xml
[Code Coverage] Code Coverage requires Burst Compilation to be disabled in order to obtain accurate coverage information. To disable Burst Compilation uncheck Jobs > Burst > Enable Compilation or pass '--burst-disable-compilation' to the command line in batchmode.
]]></output>
              </test-case>
              <test-case id="1464" name="PopFront_MockData_GetValue" fullname="GDX.Collections.Generic.CircularBufferTests.PopFront_MockData_GetValue" methodname="PopFront_MockData_GetValue" classname="GDX.Collections.Generic.CircularBufferTests" runstate="Runnable" seed="1639552778" result="Passed" start-time="2023-07-03 01:06:28Z" end-time="2023-07-03 01:06:28Z" duration="0.000403" asserts="0">
                <properties>
                  <property name="Category" value="GDX.Tests" />
                </properties>
                <output><![CDATA[[Code Coverage] Code Coverage results for visited sequence points were saved in D:/BuildAgent/work/GDX-Documentation/Staging/CodeCoverage/GDX_Development-opencov/EditMode/TestCoverageResults_0082.xml
[Code Coverage] Code Coverage requires Burst Compilation to be disabled in order to obtain accurate coverage information. To disable Burst Compilation uncheck Jobs > Burst > Enable Compilation or pass '--burst-disable-compilation' to the command line in batchmode.
]]></output>
              </test-case>
              <test-case id="1465" name="PushBack_MockData_InjectedValue" fullname="GDX.Collections.Generic.CircularBufferTests.PushBack_MockData_InjectedValue" methodname="PushBack_MockData_InjectedValue" classname="GDX.Collections.Generic.CircularBufferTests" runstate="Runnable" seed="285467044" result="Passed" start-time="2023-07-03 01:06:28Z" end-time="2023-07-03 01:06:28Z" duration="0.000338" asserts="0">
                <properties>
                  <property name="Category" value="GDX.Tests" />
                </properties>
                <output><![CDATA[[Code Coverage] Code Coverage results for visited sequence points were saved in D:/BuildAgent/work/GDX-Documentation/Staging/CodeCoverage/GDX_Development-opencov/EditMode/TestCoverageResults_0083.xml
[Code Coverage] Code Coverage requires Burst Compilation to be disabled in order to obtain accurate coverage information. To disable Burst Compilation uncheck Jobs > Burst > Enable Compilation or pass '--burst-disable-compilation' to the command line in batchmode.
]]></output>
              </test-case>
              <test-case id="1466" name="PushFront_MockData_InjectedValue" fullname="GDX.Collections.Generic.CircularBufferTests.PushFront_MockData_InjectedValue" methodname="PushFront_MockData_InjectedValue" classname="GDX.Collections.Generic.CircularBufferTests" runstate="Runnable" seed="1484718130" result="Passed" start-time="2023-07-03 01:06:29Z" end-time="2023-07-03 01:06:29Z" duration="0.000506" asserts="0">
                <properties>
                  <property name="Category" value="GDX.Tests" />
                </properties>
                <output><![CDATA[[Code Coverage] Code Coverage results for visited sequence points were saved in D:/BuildAgent/work/GDX-Documentation/Staging/CodeCoverage/GDX_Development-opencov/EditMode/TestCoverageResults_0084.xml
[Code Coverage] Code Coverage requires Burst Compilation to be disabled in order to obtain accurate coverage information. To disable Burst Compilation uncheck Jobs > Burst > Enable Compilation or pass '--burst-disable-compilation' to the command line in batchmode.
]]></output>
              </test-case>
              <test-case id="1467" name="Set_MockData_First" fullname="GDX.Collections.Generic.CircularBufferTests.Set_MockData_First" methodname="Set_MockData_First" classname="GDX.Collections.Generic.CircularBufferTests" runstate="Runnable" seed="1086374553" result="Passed" start-time="2023-07-03 01:06:30Z" end-time="2023-07-03 01:06:30Z" duration="0.000396" asserts="0">
                <properties>
                  <property name="Category" value="GDX.Tests" />
                </properties>
                <output><![CDATA[[Code Coverage] Code Coverage results for visited sequence points were saved in D:/BuildAgent/work/GDX-Documentation/Staging/CodeCoverage/GDX_Development-opencov/EditMode/TestCoverageResults_0085.xml
[Code Coverage] Code Coverage requires Burst Compilation to be disabled in order to obtain accurate coverage information. To disable Burst Compilation uncheck Jobs > Burst > Enable Compilation or pass '--burst-disable-compilation' to the command line in batchmode.
]]></output>
              </test-case>
              <test-case id="1468" name="Set_MockData_Last" fullname="GDX.Collections.Generic.CircularBufferTests.Set_MockData_Last" methodname="Set_MockData_Last" classname="GDX.Collections.Generic.CircularBufferTests" runstate="Runnable" seed="309585994" result="Passed" start-time="2023-07-03 01:06:30Z" end-time="2023-07-03 01:06:30Z" duration="0.000313" asserts="0">
                <properties>
                  <property name="Category" value="GDX.Tests" />
                </properties>
                <output><![CDATA[[Code Coverage] Code Coverage results for visited sequence points were saved in D:/BuildAgent/work/GDX-Documentation/Staging/CodeCoverage/GDX_Development-opencov/EditMode/TestCoverageResults_0086.xml
[Code Coverage] Code Coverage requires Burst Compilation to be disabled in order to obtain accurate coverage information. To disable Burst Compilation uncheck Jobs > Burst > Enable Compilation or pass '--burst-disable-compilation' to the command line in batchmode.
]]></output>
              </test-case>
              <test-case id="1469" name="Set_MockData_Wrapped" fullname="GDX.Collections.Generic.CircularBufferTests.Set_MockData_Wrapped" methodname="Set_MockData_Wrapped" classname="GDX.Collections.Generic.CircularBufferTests" runstate="Runnable" seed="252117558" result="Passed" start-time="2023-07-03 01:06:31Z" end-time="2023-07-03 01:06:31Z" duration="0.000350" asserts="0">
                <properties>
                  <property name="Category" value="GDX.Tests" />
                </properties>
                <output><![CDATA[[Code Coverage] Code Coverage results for visited sequence points were saved in D:/BuildAgent/work/GDX-Documentation/Staging/CodeCoverage/GDX_Development-opencov/EditMode/TestCoverageResults_0087.xml
[Code Coverage] Code Coverage requires Burst Compilation to be disabled in order to obtain accurate coverage information. To disable Burst Compilation uncheck Jobs > Burst > Enable Compilation or pass '--burst-disable-compilation' to the command line in batchmode.
]]></output>
              </test-case>
              <test-case id="1470" name="ToArray_MockData_NonWrapped" fullname="GDX.Collections.Generic.CircularBufferTests.ToArray_MockData_NonWrapped" methodname="ToArray_MockData_NonWrapped" classname="GDX.Collections.Generic.CircularBufferTests" runstate="Runnable" seed="2042378887" result="Passed" start-time="2023-07-03 01:06:32Z" end-time="2023-07-03 01:06:32Z" duration="0.000487" asserts="0">
                <properties>
                  <property name="Category" value="GDX.Tests" />
                </properties>
                <output><![CDATA[[Code Coverage] Code Coverage results for visited sequence points were saved in D:/BuildAgent/work/GDX-Documentation/Staging/CodeCoverage/GDX_Development-opencov/EditMode/TestCoverageResults_0088.xml
[Code Coverage] Code Coverage requires Burst Compilation to be disabled in order to obtain accurate coverage information. To disable Burst Compilation uncheck Jobs > Burst > Enable Compilation or pass '--burst-disable-compilation' to the command line in batchmode.
]]></output>
              </test-case>
              <test-case id="1471" name="ToArray_MockData_Wrapped" fullname="GDX.Collections.Generic.CircularBufferTests.ToArray_MockData_Wrapped" methodname="ToArray_MockData_Wrapped" classname="GDX.Collections.Generic.CircularBufferTests" runstate="Runnable" seed="1627363234" result="Passed" start-time="2023-07-03 01:06:33Z" end-time="2023-07-03 01:06:33Z" duration="0.000361" asserts="0">
                <properties>
                  <property name="Category" value="GDX.Tests" />
                </properties>
                <output><![CDATA[[Code Coverage] Code Coverage results for visited sequence points were saved in D:/BuildAgent/work/GDX-Documentation/Staging/CodeCoverage/GDX_Development-opencov/EditMode/TestCoverageResults_0089.xml
[Code Coverage] Code Coverage requires Burst Compilation to be disabled in order to obtain accurate coverage information. To disable Burst Compilation uncheck Jobs > Burst > Enable Compilation or pass '--burst-disable-compilation' to the command line in batchmode.
]]></output>
              </test-case>
            </test-suite>
            <test-suite type="TestFixture" id="1417" name="FreeListTests" fullname="GDX.Collections.Generic.FreeListTests" classname="GDX.Collections.Generic.FreeListTests" runstate="Runnable" testcasecount="8" result="Passed" start-time="2023-07-03 01:06:33Z" end-time="2023-07-03 01:06:38Z" duration="5.158196" total="8" passed="8" failed="0" inconclusive="0" skipped="0" asserts="0">
              <properties />
              <test-case id="1419" name="AddUnchecked_MockData_ValueAdded" fullname="GDX.Collections.Generic.FreeListTests.AddUnchecked_MockData_ValueAdded" methodname="AddUnchecked_MockData_ValueAdded" classname="GDX.Collections.Generic.FreeListTests" runstate="Runnable" seed="923385633" result="Passed" start-time="2023-07-03 01:06:33Z" end-time="2023-07-03 01:06:33Z" duration="0.000502" asserts="0">
                <properties>
                  <property name="Category" value="GDX.Tests" />
                </properties>
                <output><![CDATA[[Code Coverage] Code Coverage results for visited sequence points were saved in D:/BuildAgent/work/GDX-Documentation/Staging/CodeCoverage/GDX_Development-opencov/EditMode/TestCoverageResults_0090.xml
[Code Coverage] Code Coverage requires Burst Compilation to be disabled in order to obtain accurate coverage information. To disable Burst Compilation uncheck Jobs > Burst > Enable Compilation or pass '--burst-disable-compilation' to the command line in batchmode.
]]></output>
              </test-case>
              <test-case id="1420" name="AddUnchecked_MockDataOverflow_ThrowsException" fullname="GDX.Collections.Generic.FreeListTests.AddUnchecked_MockDataOverflow_ThrowsException" methodname="AddUnchecked_MockDataOverflow_ThrowsException" classname="GDX.Collections.Generic.FreeListTests" runstate="Runnable" seed="283679753" result="Passed" start-time="2023-07-03 01:06:34Z" end-time="2023-07-03 01:06:34Z" duration="0.002855" asserts="0">
                <properties>
                  <property name="Category" value="GDX.Tests" />
                </properties>
                <output><![CDATA[[Code Coverage] Code Coverage results for visited sequence points were saved in D:/BuildAgent/work/GDX-Documentation/Staging/CodeCoverage/GDX_Development-opencov/EditMode/TestCoverageResults_0091.xml
[Code Coverage] Code Coverage requires Burst Compilation to be disabled in order to obtain accurate coverage information. To disable Burst Compilation uncheck Jobs > Burst > Enable Compilation or pass '--burst-disable-compilation' to the command line in batchmode.
]]></output>
              </test-case>
              <test-case id="1421" name="AddWithExpandCheck_MockData_ValueAdded" fullname="GDX.Collections.Generic.FreeListTests.AddWithExpandCheck_MockData_ValueAdded" methodname="AddWithExpandCheck_MockData_ValueAdded" classname="GDX.Collections.Generic.FreeListTests" runstate="Runnable" seed="1717339217" result="Passed" start-time="2023-07-03 01:06:34Z" end-time="2023-07-03 01:06:34Z" duration="0.000477" asserts="0">
                <properties>
                  <property name="Category" value="GDX.Tests" />
                </properties>
                <output><![CDATA[[Code Coverage] Code Coverage results for visited sequence points were saved in D:/BuildAgent/work/GDX-Documentation/Staging/CodeCoverage/GDX_Development-opencov/EditMode/TestCoverageResults_0092.xml
[Code Coverage] Code Coverage requires Burst Compilation to be disabled in order to obtain accurate coverage information. To disable Burst Compilation uncheck Jobs > Burst > Enable Compilation or pass '--burst-disable-compilation' to the command line in batchmode.
]]></output>
              </test-case>
              <test-case id="1422" name="AddWithExpandCheck_MockDataWithExpansion_ValueAdded" fullname="GDX.Collections.Generic.FreeListTests.AddWithExpandCheck_MockDataWithExpansion_ValueAdded" methodname="AddWithExpandCheck_MockDataWithExpansion_ValueAdded" classname="GDX.Collections.Generic.FreeListTests" runstate="Runnable" seed="1311110735" result="Passed" start-time="2023-07-03 01:06:35Z" end-time="2023-07-03 01:06:35Z" duration="0.000451" asserts="0">
                <properties>
                  <property name="Category" value="GDX.Tests" />
                </properties>
                <output><![CDATA[[Code Coverage] Code Coverage results for visited sequence points were saved in D:/BuildAgent/work/GDX-Documentation/Staging/CodeCoverage/GDX_Development-opencov/EditMode/TestCoverageResults_0093.xml
[Code Coverage] Code Coverage requires Burst Compilation to be disabled in order to obtain accurate coverage information. To disable Burst Compilation uncheck Jobs > Burst > Enable Compilation or pass '--burst-disable-compilation' to the command line in batchmode.
]]></output>
              </test-case>
              <test-case id="1423" name="Clear_MockData_DataCleared" fullname="GDX.Collections.Generic.FreeListTests.Clear_MockData_DataCleared" methodname="Clear_MockData_DataCleared" classname="GDX.Collections.Generic.FreeListTests" runstate="Runnable" seed="1151314455" result="Passed" start-time="2023-07-03 01:06:36Z" end-time="2023-07-03 01:06:36Z" duration="0.000379" asserts="0">
                <properties>
                  <property name="Category" value="GDX.Tests" />
                </properties>
                <output><![CDATA[[Code Coverage] Code Coverage results for visited sequence points were saved in D:/BuildAgent/work/GDX-Documentation/Staging/CodeCoverage/GDX_Development-opencov/EditMode/TestCoverageResults_0094.xml
[Code Coverage] Code Coverage requires Burst Compilation to be disabled in order to obtain accurate coverage information. To disable Burst Compilation uncheck Jobs > Burst > Enable Compilation or pass '--burst-disable-compilation' to the command line in batchmode.
]]></output>
              </test-case>
              <test-case id="1418" name="FreeList_CreateWithCount" fullname="GDX.Collections.Generic.FreeListTests.FreeList_CreateWithCount" methodname="FreeList_CreateWithCount" classname="GDX.Collections.Generic.FreeListTests" runstate="Runnable" seed="1699955709" result="Passed" start-time="2023-07-03 01:06:36Z" end-time="2023-07-03 01:06:36Z" duration="0.000290" asserts="0">
                <properties>
                  <property name="Category" value="GDX.Tests" />
                </properties>
                <output><![CDATA[[Code Coverage] Code Coverage results for visited sequence points were saved in D:/BuildAgent/work/GDX-Documentation/Staging/CodeCoverage/GDX_Development-opencov/EditMode/TestCoverageResults_0095.xml
[Code Coverage] Code Coverage requires Burst Compilation to be disabled in order to obtain accurate coverage information. To disable Burst Compilation uncheck Jobs > Burst > Enable Compilation or pass '--burst-disable-compilation' to the command line in batchmode.
]]></output>
              </test-case>
              <test-case id="1425" name="GetAndRemoveAt_MockData_ValueRemoved" fullname="GDX.Collections.Generic.FreeListTests.GetAndRemoveAt_MockData_ValueRemoved" methodname="GetAndRemoveAt_MockData_ValueRemoved" classname="GDX.Collections.Generic.FreeListTests" runstate="Runnable" seed="1723210193" result="Passed" start-time="2023-07-03 01:06:37Z" end-time="2023-07-03 01:06:37Z" duration="0.000388" asserts="0">
                <properties>
                  <property name="Category" value="GDX.Tests" />
                </properties>
                <output><![CDATA[[Code Coverage] Code Coverage results for visited sequence points were saved in D:/BuildAgent/work/GDX-Documentation/Staging/CodeCoverage/GDX_Development-opencov/EditMode/TestCoverageResults_0096.xml
[Code Coverage] Code Coverage requires Burst Compilation to be disabled in order to obtain accurate coverage information. To disable Burst Compilation uncheck Jobs > Burst > Enable Compilation or pass '--burst-disable-compilation' to the command line in batchmode.
]]></output>
              </test-case>
              <test-case id="1424" name="RemoveAt_MockData_ValueRemoved" fullname="GDX.Collections.Generic.FreeListTests.RemoveAt_MockData_ValueRemoved" methodname="RemoveAt_MockData_ValueRemoved" classname="GDX.Collections.Generic.FreeListTests" runstate="Runnable" seed="663739029" result="Passed" start-time="2023-07-03 01:06:38Z" end-time="2023-07-03 01:06:38Z" duration="0.000490" asserts="0">
                <properties>
                  <property name="Category" value="GDX.Tests" />
                </properties>
                <output><![CDATA[[Code Coverage] Code Coverage results for visited sequence points were saved in D:/BuildAgent/work/GDX-Documentation/Staging/CodeCoverage/GDX_Development-opencov/EditMode/TestCoverageResults_0097.xml
[Code Coverage] Code Coverage requires Burst Compilation to be disabled in order to obtain accurate coverage information. To disable Burst Compilation uncheck Jobs > Burst > Enable Compilation or pass '--burst-disable-compilation' to the command line in batchmode.
]]></output>
              </test-case>
            </test-suite>
            <test-suite type="TestFixture" id="1484" name="IntKeyDictionaryTests" fullname="GDX.Collections.Generic.IntKeyDictionaryTests" classname="GDX.Collections.Generic.IntKeyDictionaryTests" runstate="Runnable" testcasecount="35" result="Passed" start-time="2023-07-03 01:06:38Z" end-time="2023-07-03 01:07:02Z" duration="23.642033" total="35" passed="35" failed="0" inconclusive="0" skipped="0" asserts="0">
              <properties />
              <test-case id="1495" name="AddSafe_CheckEntriesMaintainConnection" fullname="GDX.Collections.Generic.IntKeyDictionaryTests.AddSafe_CheckEntriesMaintainConnection" methodname="AddSafe_CheckEntriesMaintainConnection" classname="GDX.Collections.Generic.IntKeyDictionaryTests" runstate="Runnable" seed="1010248356" result="Passed" start-time="2023-07-03 01:06:38Z" end-time="2023-07-03 01:06:38Z" duration="0.001098" asserts="0">
                <properties>
                  <property name="Category" value="GDX.Tests" />
                </properties>
                <output><![CDATA[[Code Coverage] Code Coverage results for visited sequence points were saved in D:/BuildAgent/work/GDX-Documentation/Staging/CodeCoverage/GDX_Development-opencov/EditMode/TestCoverageResults_0098.xml
[Code Coverage] Code Coverage requires Burst Compilation to be disabled in order to obtain accurate coverage information. To disable Burst Compilation uncheck Jobs > Burst > Enable Compilation or pass '--burst-disable-compilation' to the command line in batchmode.
]]></output>
              </test-case>
              <test-case id="1488" name="AddSafe_CheckExists" fullname="GDX.Collections.Generic.IntKeyDictionaryTests.AddSafe_CheckExists" methodname="AddSafe_CheckExists" classname="GDX.Collections.Generic.IntKeyDictionaryTests" runstate="Runnable" seed="732240100" result="Passed" start-time="2023-07-03 01:06:39Z" end-time="2023-07-03 01:06:39Z" duration="0.000430" asserts="0">
                <properties>
                  <property name="Category" value="GDX.Tests" />
                </properties>
                <output><![CDATA[[Code Coverage] Code Coverage results for visited sequence points were saved in D:/BuildAgent/work/GDX-Documentation/Staging/CodeCoverage/GDX_Development-opencov/EditMode/TestCoverageResults_0099.xml
[Code Coverage] Code Coverage requires Burst Compilation to be disabled in order to obtain accurate coverage information. To disable Burst Compilation uncheck Jobs > Burst > Enable Compilation or pass '--burst-disable-compilation' to the command line in batchmode.
]]></output>
              </test-case>
              <test-case id="1494" name="AddSafe_CheckExpanded" fullname="GDX.Collections.Generic.IntKeyDictionaryTests.AddSafe_CheckExpanded" methodname="AddSafe_CheckExpanded" classname="GDX.Collections.Generic.IntKeyDictionaryTests" runstate="Runnable" seed="526746414" result="Passed" start-time="2023-07-03 01:06:40Z" end-time="2023-07-03 01:06:40Z" duration="0.000360" asserts="0">
                <properties>
                  <property name="Category" value="GDX.Tests" />
                </properties>
                <output><![CDATA[[Code Coverage] Code Coverage results for visited sequence points were saved in D:/BuildAgent/work/GDX-Documentation/Staging/CodeCoverage/GDX_Development-opencov/EditMode/TestCoverageResults_0100.xml
[Code Coverage] Code Coverage requires Burst Compilation to be disabled in order to obtain accurate coverage information. To disable Burst Compilation uncheck Jobs > Burst > Enable Compilation or pass '--burst-disable-compilation' to the command line in batchmode.
]]></output>
              </test-case>
              <test-case id="1511" name="AddTwoCollidingEntries_CheckAccess" fullname="GDX.Collections.Generic.IntKeyDictionaryTests.AddTwoCollidingEntries_CheckAccess" methodname="AddTwoCollidingEntries_CheckAccess" classname="GDX.Collections.Generic.IntKeyDictionaryTests" runstate="Runnable" seed="1341701645" result="Passed" start-time="2023-07-03 01:06:40Z" end-time="2023-07-03 01:06:40Z" duration="0.000569" asserts="0">
                <properties>
                  <property name="Category" value="GDX.Tests" />
                </properties>
                <output><![CDATA[[Code Coverage] Code Coverage results for visited sequence points were saved in D:/BuildAgent/work/GDX-Documentation/Staging/CodeCoverage/GDX_Development-opencov/EditMode/TestCoverageResults_0101.xml
[Code Coverage] Code Coverage requires Burst Compilation to be disabled in order to obtain accurate coverage information. To disable Burst Compilation uncheck Jobs > Burst > Enable Compilation or pass '--burst-disable-compilation' to the command line in batchmode.
]]></output>
              </test-case>
              <test-case id="1512" name="AddTwoCollidingEntries_RemoveFirst_CheckSecondExists" fullname="GDX.Collections.Generic.IntKeyDictionaryTests.AddTwoCollidingEntries_RemoveFirst_CheckSecondExists" methodname="AddTwoCollidingEntries_RemoveFirst_CheckSecondExists" classname="GDX.Collections.Generic.IntKeyDictionaryTests" runstate="Runnable" seed="2143740307" result="Passed" start-time="2023-07-03 01:06:41Z" end-time="2023-07-03 01:06:41Z" duration="0.000572" asserts="0">
                <properties>
                  <property name="Category" value="GDX.Tests" />
                </properties>
                <output><![CDATA[[Code Coverage] Code Coverage results for visited sequence points were saved in D:/BuildAgent/work/GDX-Documentation/Staging/CodeCoverage/GDX_Development-opencov/EditMode/TestCoverageResults_0102.xml
[Code Coverage] Code Coverage requires Burst Compilation to be disabled in order to obtain accurate coverage information. To disable Burst Compilation uncheck Jobs > Burst > Enable Compilation or pass '--burst-disable-compilation' to the command line in batchmode.
]]></output>
              </test-case>
              <test-case id="1513" name="AddTwoCollidingEntries_RemoveSecond_CheckFirstExists" fullname="GDX.Collections.Generic.IntKeyDictionaryTests.AddTwoCollidingEntries_RemoveSecond_CheckFirstExists" methodname="AddTwoCollidingEntries_RemoveSecond_CheckFirstExists" classname="GDX.Collections.Generic.IntKeyDictionaryTests" runstate="Runnable" seed="1642108653" result="Passed" start-time="2023-07-03 01:06:42Z" end-time="2023-07-03 01:06:42Z" duration="0.000374" asserts="0">
                <properties>
                  <property name="Category" value="GDX.Tests" />
                </properties>
                <output><![CDATA[[Code Coverage] Code Coverage results for visited sequence points were saved in D:/BuildAgent/work/GDX-Documentation/Staging/CodeCoverage/GDX_Development-opencov/EditMode/TestCoverageResults_0103.xml
[Code Coverage] Code Coverage requires Burst Compilation to be disabled in order to obtain accurate coverage information. To disable Burst Compilation uncheck Jobs > Burst > Enable Compilation or pass '--burst-disable-compilation' to the command line in batchmode.
]]></output>
              </test-case>
              <test-case id="1500" name="AddUnchecked_CheckExists" fullname="GDX.Collections.Generic.IntKeyDictionaryTests.AddUnchecked_CheckExists" methodname="AddUnchecked_CheckExists" classname="GDX.Collections.Generic.IntKeyDictionaryTests" runstate="Runnable" seed="379952673" result="Passed" start-time="2023-07-03 01:06:42Z" end-time="2023-07-03 01:06:42Z" duration="0.000322" asserts="0">
                <properties>
                  <property name="Category" value="GDX.Tests" />
                </properties>
                <output><![CDATA[[Code Coverage] Code Coverage results for visited sequence points were saved in D:/BuildAgent/work/GDX-Documentation/Staging/CodeCoverage/GDX_Development-opencov/EditMode/TestCoverageResults_0104.xml
[Code Coverage] Code Coverage requires Burst Compilation to be disabled in order to obtain accurate coverage information. To disable Burst Compilation uncheck Jobs > Burst > Enable Compilation or pass '--burst-disable-compilation' to the command line in batchmode.
]]></output>
              </test-case>
              <test-case id="1492" name="AddWithExpandCheck_CheckEntriesMaintainConnection" fullname="GDX.Collections.Generic.IntKeyDictionaryTests.AddWithExpandCheck_CheckEntriesMaintainConnection" methodname="AddWithExpandCheck_CheckEntriesMaintainConnection" classname="GDX.Collections.Generic.IntKeyDictionaryTests" runstate="Runnable" seed="859085069" result="Passed" start-time="2023-07-03 01:06:43Z" end-time="2023-07-03 01:06:43Z" duration="0.000567" asserts="0">
                <properties>
                  <property name="Category" value="GDX.Tests" />
                </properties>
                <output><![CDATA[[Code Coverage] Code Coverage results for visited sequence points were saved in D:/BuildAgent/work/GDX-Documentation/Staging/CodeCoverage/GDX_Development-opencov/EditMode/TestCoverageResults_0105.xml
[Code Coverage] Code Coverage requires Burst Compilation to be disabled in order to obtain accurate coverage information. To disable Burst Compilation uncheck Jobs > Burst > Enable Compilation or pass '--burst-disable-compilation' to the command line in batchmode.
]]></output>
              </test-case>
              <test-case id="1490" name="AddWithExpandCheck_CheckExists" fullname="GDX.Collections.Generic.IntKeyDictionaryTests.AddWithExpandCheck_CheckExists" methodname="AddWithExpandCheck_CheckExists" classname="GDX.Collections.Generic.IntKeyDictionaryTests" runstate="Runnable" seed="231422120" result="Passed" start-time="2023-07-03 01:06:44Z" end-time="2023-07-03 01:06:44Z" duration="0.000306" asserts="0">
                <properties>
                  <property name="Category" value="GDX.Tests" />
                </properties>
                <output><![CDATA[[Code Coverage] Code Coverage results for visited sequence points were saved in D:/BuildAgent/work/GDX-Documentation/Staging/CodeCoverage/GDX_Development-opencov/EditMode/TestCoverageResults_0106.xml
[Code Coverage] Code Coverage requires Burst Compilation to be disabled in order to obtain accurate coverage information. To disable Burst Compilation uncheck Jobs > Burst > Enable Compilation or pass '--burst-disable-compilation' to the command line in batchmode.
]]></output>
              </test-case>
              <test-case id="1491" name="AddWithExpandCheck_CheckExpanded" fullname="GDX.Collections.Generic.IntKeyDictionaryTests.AddWithExpandCheck_CheckExpanded" methodname="AddWithExpandCheck_CheckExpanded" classname="GDX.Collections.Generic.IntKeyDictionaryTests" runstate="Runnable" seed="1773585121" result="Passed" start-time="2023-07-03 01:06:45Z" end-time="2023-07-03 01:06:45Z" duration="0.000357" asserts="0">
                <properties>
                  <property name="Category" value="GDX.Tests" />
                </properties>
                <output><![CDATA[[Code Coverage] Code Coverage results for visited sequence points were saved in D:/BuildAgent/work/GDX-Documentation/Staging/CodeCoverage/GDX_Development-opencov/EditMode/TestCoverageResults_0107.xml
[Code Coverage] Code Coverage requires Burst Compilation to be disabled in order to obtain accurate coverage information. To disable Burst Compilation uncheck Jobs > Burst > Enable Compilation or pass '--burst-disable-compilation' to the command line in batchmode.
]]></output>
              </test-case>
              <test-case id="1497" name="AddWithIndexer_CheckEntriesExist" fullname="GDX.Collections.Generic.IntKeyDictionaryTests.AddWithIndexer_CheckEntriesExist" methodname="AddWithIndexer_CheckEntriesExist" classname="GDX.Collections.Generic.IntKeyDictionaryTests" runstate="Runnable" seed="1258861939" result="Passed" start-time="2023-07-03 01:06:45Z" end-time="2023-07-03 01:06:45Z" duration="0.000685" asserts="0">
                <properties>
                  <property name="Category" value="GDX.Tests" />
                </properties>
                <output><![CDATA[[Code Coverage] Code Coverage results for visited sequence points were saved in D:/BuildAgent/work/GDX-Documentation/Staging/CodeCoverage/GDX_Development-opencov/EditMode/TestCoverageResults_0108.xml
[Code Coverage] Code Coverage requires Burst Compilation to be disabled in order to obtain accurate coverage information. To disable Burst Compilation uncheck Jobs > Burst > Enable Compilation or pass '--burst-disable-compilation' to the command line in batchmode.
]]></output>
              </test-case>
              <test-case id="1498" name="AddWithIndexer_CheckEntriesMaintainConnection" fullname="GDX.Collections.Generic.IntKeyDictionaryTests.AddWithIndexer_CheckEntriesMaintainConnection" methodname="AddWithIndexer_CheckEntriesMaintainConnection" classname="GDX.Collections.Generic.IntKeyDictionaryTests" runstate="Runnable" seed="631376765" result="Passed" start-time="2023-07-03 01:06:46Z" end-time="2023-07-03 01:06:46Z" duration="0.000514" asserts="0">
                <properties>
                  <property name="Category" value="GDX.Tests" />
                </properties>
                <output><![CDATA[[Code Coverage] Code Coverage results for visited sequence points were saved in D:/BuildAgent/work/GDX-Documentation/Staging/CodeCoverage/GDX_Development-opencov/EditMode/TestCoverageResults_0109.xml
[Code Coverage] Code Coverage requires Burst Compilation to be disabled in order to obtain accurate coverage information. To disable Burst Compilation uncheck Jobs > Burst > Enable Compilation or pass '--burst-disable-compilation' to the command line in batchmode.
]]></output>
              </test-case>
              <test-case id="1496" name="AddWithIndexer_CheckExpanded" fullname="GDX.Collections.Generic.IntKeyDictionaryTests.AddWithIndexer_CheckExpanded" methodname="AddWithIndexer_CheckExpanded" classname="GDX.Collections.Generic.IntKeyDictionaryTests" runstate="Runnable" seed="55652303" result="Passed" start-time="2023-07-03 01:06:47Z" end-time="2023-07-03 01:06:47Z" duration="0.000384" asserts="0">
                <properties>
                  <property name="Category" value="GDX.Tests" />
                </properties>
                <output><![CDATA[[Code Coverage] Code Coverage results for visited sequence points were saved in D:/BuildAgent/work/GDX-Documentation/Staging/CodeCoverage/GDX_Development-opencov/EditMode/TestCoverageResults_0110.xml
[Code Coverage] Code Coverage requires Burst Compilation to be disabled in order to obtain accurate coverage information. To disable Burst Compilation uncheck Jobs > Burst > Enable Compilation or pass '--burst-disable-compilation' to the command line in batchmode.
]]></output>
              </test-case>
              <test-case id="1499" name="AddWithUniqueCheck_CheckExists" fullname="GDX.Collections.Generic.IntKeyDictionaryTests.AddWithUniqueCheck_CheckExists" methodname="AddWithUniqueCheck_CheckExists" classname="GDX.Collections.Generic.IntKeyDictionaryTests" runstate="Runnable" seed="1546723506" result="Passed" start-time="2023-07-03 01:06:47Z" end-time="2023-07-03 01:06:47Z" duration="0.000466" asserts="0">
                <properties>
                  <property name="Category" value="GDX.Tests" />
                </properties>
                <output><![CDATA[[Code Coverage] Code Coverage results for visited sequence points were saved in D:/BuildAgent/work/GDX-Documentation/Staging/CodeCoverage/GDX_Development-opencov/EditMode/TestCoverageResults_0111.xml
[Code Coverage] Code Coverage requires Burst Compilation to be disabled in order to obtain accurate coverage information. To disable Burst Compilation uncheck Jobs > Burst > Enable Compilation or pass '--burst-disable-compilation' to the command line in batchmode.
]]></output>
              </test-case>
              <test-case id="1507" name="AddWithUniqueCheckTwice_CheckAddedOnlyOnce" fullname="GDX.Collections.Generic.IntKeyDictionaryTests.AddWithUniqueCheckTwice_CheckAddedOnlyOnce" methodname="AddWithUniqueCheckTwice_CheckAddedOnlyOnce" classname="GDX.Collections.Generic.IntKeyDictionaryTests" runstate="Runnable" seed="776405579" result="Passed" start-time="2023-07-03 01:06:48Z" end-time="2023-07-03 01:06:48Z" duration="0.000466" asserts="0">
                <properties>
                  <property name="Category" value="GDX.Tests" />
                </properties>
                <output><![CDATA[[Code Coverage] Code Coverage results for visited sequence points were saved in D:/BuildAgent/work/GDX-Documentation/Staging/CodeCoverage/GDX_Development-opencov/EditMode/TestCoverageResults_0112.xml
[Code Coverage] Code Coverage requires Burst Compilation to be disabled in order to obtain accurate coverage information. To disable Burst Compilation uncheck Jobs > Burst > Enable Compilation or pass '--burst-disable-compilation' to the command line in batchmode.
]]></output>
              </test-case>
              <test-case id="1519" name="Clear_CheckCleared" fullname="GDX.Collections.Generic.IntKeyDictionaryTests.Clear_CheckCleared" methodname="Clear_CheckCleared" classname="GDX.Collections.Generic.IntKeyDictionaryTests" runstate="Runnable" seed="2055554016" result="Passed" start-time="2023-07-03 01:06:49Z" end-time="2023-07-03 01:06:49Z" duration="0.000559" asserts="0">
                <properties>
                  <property name="Category" value="GDX.Tests" />
                </properties>
                <output><![CDATA[[Code Coverage] Code Coverage results for visited sequence points were saved in D:/BuildAgent/work/GDX-Documentation/Staging/CodeCoverage/GDX_Development-opencov/EditMode/TestCoverageResults_0113.xml
[Code Coverage] Code Coverage requires Burst Compilation to be disabled in order to obtain accurate coverage information. To disable Burst Compilation uncheck Jobs > Burst > Enable Compilation or pass '--burst-disable-compilation' to the command line in batchmode.
]]></output>
              </test-case>
              <test-case id="1487" name="Constructor_RequestBelowPrimeMinimum_PrimeCapacity" fullname="GDX.Collections.Generic.IntKeyDictionaryTests.Constructor_RequestBelowPrimeMinimum_PrimeCapacity" methodname="Constructor_RequestBelowPrimeMinimum_PrimeCapacity" classname="GDX.Collections.Generic.IntKeyDictionaryTests" runstate="Runnable" seed="1370766861" result="Passed" start-time="2023-07-03 01:06:49Z" end-time="2023-07-03 01:06:49Z" duration="0.000474" asserts="0">
                <properties>
                  <property name="Category" value="GDX.Tests" />
                </properties>
                <output><![CDATA[[Code Coverage] Code Coverage results for visited sequence points were saved in D:/BuildAgent/work/GDX-Documentation/Staging/CodeCoverage/GDX_Development-opencov/EditMode/TestCoverageResults_0114.xml
[Code Coverage] Code Coverage requires Burst Compilation to be disabled in order to obtain accurate coverage information. To disable Burst Compilation uncheck Jobs > Burst > Enable Compilation or pass '--burst-disable-compilation' to the command line in batchmode.
]]></output>
              </test-case>
              <test-case id="1486" name="Constructor_RequestPrimeMinimum_PrimeCapacity" fullname="GDX.Collections.Generic.IntKeyDictionaryTests.Constructor_RequestPrimeMinimum_PrimeCapacity" methodname="Constructor_RequestPrimeMinimum_PrimeCapacity" classname="GDX.Collections.Generic.IntKeyDictionaryTests" runstate="Runnable" seed="842108925" result="Passed" start-time="2023-07-03 01:06:50Z" end-time="2023-07-03 01:06:50Z" duration="0.000306" asserts="0">
                <properties>
                  <property name="Category" value="GDX.Tests" />
                </properties>
                <output><![CDATA[[Code Coverage] Code Coverage results for visited sequence points were saved in D:/BuildAgent/work/GDX-Documentation/Staging/CodeCoverage/GDX_Development-opencov/EditMode/TestCoverageResults_0115.xml
[Code Coverage] Code Coverage requires Burst Compilation to be disabled in order to obtain accurate coverage information. To disable Burst Compilation uncheck Jobs > Burst > Enable Compilation or pass '--burst-disable-compilation' to the command line in batchmode.
]]></output>
              </test-case>
              <test-case id="1485" name="Constructor_RequestZeroMinimum_PrimeCapacity" fullname="GDX.Collections.Generic.IntKeyDictionaryTests.Constructor_RequestZeroMinimum_PrimeCapacity" methodname="Constructor_RequestZeroMinimum_PrimeCapacity" classname="GDX.Collections.Generic.IntKeyDictionaryTests" runstate="Runnable" seed="915798171" result="Passed" start-time="2023-07-03 01:06:50Z" end-time="2023-07-03 01:06:50Z" duration="0.000327" asserts="0">
                <properties>
                  <property name="Category" value="GDX.Tests" />
                </properties>
                <output><![CDATA[[Code Coverage] Code Coverage results for visited sequence points were saved in D:/BuildAgent/work/GDX-Documentation/Staging/CodeCoverage/GDX_Development-opencov/EditMode/TestCoverageResults_0116.xml
[Code Coverage] Code Coverage requires Burst Compilation to be disabled in order to obtain accurate coverage information. To disable Burst Compilation uncheck Jobs > Burst > Enable Compilation or pass '--burst-disable-compilation' to the command line in batchmode.
]]></output>
              </test-case>
              <test-case id="1493" name="ExpandWhenFull_CheckExpanded" fullname="GDX.Collections.Generic.IntKeyDictionaryTests.ExpandWhenFull_CheckExpanded" methodname="ExpandWhenFull_CheckExpanded" classname="GDX.Collections.Generic.IntKeyDictionaryTests" runstate="Runnable" seed="1076914650" result="Passed" start-time="2023-07-03 01:06:51Z" end-time="2023-07-03 01:06:51Z" duration="0.000352" asserts="0">
                <properties>
                  <property name="Category" value="GDX.Tests" />
                </properties>
                <output><![CDATA[[Code Coverage] Code Coverage results for visited sequence points were saved in D:/BuildAgent/work/GDX-Documentation/Staging/CodeCoverage/GDX_Development-opencov/EditMode/TestCoverageResults_0117.xml
[Code Coverage] Code Coverage requires Burst Compilation to be disabled in order to obtain accurate coverage information. To disable Burst Compilation uncheck Jobs > Burst > Enable Compilation or pass '--burst-disable-compilation' to the command line in batchmode.
]]></output>
              </test-case>
              <test-case id="1489" name="IndexerAdd_CheckExists" fullname="GDX.Collections.Generic.IntKeyDictionaryTests.IndexerAdd_CheckExists" methodname="IndexerAdd_CheckExists" classname="GDX.Collections.Generic.IntKeyDictionaryTests" runstate="Runnable" seed="581890928" result="Passed" start-time="2023-07-03 01:06:52Z" end-time="2023-07-03 01:06:52Z" duration="0.000319" asserts="0">
                <properties>
                  <property name="Category" value="GDX.Tests" />
                </properties>
                <output><![CDATA[[Code Coverage] Code Coverage results for visited sequence points were saved in D:/BuildAgent/work/GDX-Documentation/Staging/CodeCoverage/GDX_Development-opencov/EditMode/TestCoverageResults_0118.xml
[Code Coverage] Code Coverage requires Burst Compilation to be disabled in order to obtain accurate coverage information. To disable Burst Compilation uncheck Jobs > Burst > Enable Compilation or pass '--burst-disable-compilation' to the command line in batchmode.
]]></output>
              </test-case>
              <test-case id="1509" name="IndexOf_CheckCorrectIndex" fullname="GDX.Collections.Generic.IntKeyDictionaryTests.IndexOf_CheckCorrectIndex" methodname="IndexOf_CheckCorrectIndex" classname="GDX.Collections.Generic.IntKeyDictionaryTests" runstate="Runnable" seed="896320000" result="Passed" start-time="2023-07-03 01:06:52Z" end-time="2023-07-03 01:06:52Z" duration="0.000515" asserts="0">
                <properties>
                  <property name="Category" value="GDX.Tests" />
                </properties>
                <output><![CDATA[[Code Coverage] Code Coverage results for visited sequence points were saved in D:/BuildAgent/work/GDX-Documentation/Staging/CodeCoverage/GDX_Development-opencov/EditMode/TestCoverageResults_0119.xml
[Code Coverage] Code Coverage requires Burst Compilation to be disabled in order to obtain accurate coverage information. To disable Burst Compilation uncheck Jobs > Burst > Enable Compilation or pass '--burst-disable-compilation' to the command line in batchmode.
]]></output>
              </test-case>
              <test-case id="1510" name="IndexOf_CheckEntryDoesNotExist" fullname="GDX.Collections.Generic.IntKeyDictionaryTests.IndexOf_CheckEntryDoesNotExist" methodname="IndexOf_CheckEntryDoesNotExist" classname="GDX.Collections.Generic.IntKeyDictionaryTests" runstate="Runnable" seed="1087697266" result="Passed" start-time="2023-07-03 01:06:53Z" end-time="2023-07-03 01:06:53Z" duration="0.000340" asserts="0">
                <properties>
                  <property name="Category" value="GDX.Tests" />
                </properties>
                <output><![CDATA[[Code Coverage] Code Coverage results for visited sequence points were saved in D:/BuildAgent/work/GDX-Documentation/Staging/CodeCoverage/GDX_Development-opencov/EditMode/TestCoverageResults_0120.xml
[Code Coverage] Code Coverage requires Burst Compilation to be disabled in order to obtain accurate coverage information. To disable Burst Compilation uncheck Jobs > Burst > Enable Compilation or pass '--burst-disable-compilation' to the command line in batchmode.
]]></output>
              </test-case>
              <test-case id="1514" name="MoveNext_FindAllEntries" fullname="GDX.Collections.Generic.IntKeyDictionaryTests.MoveNext_FindAllEntries" methodname="MoveNext_FindAllEntries" classname="GDX.Collections.Generic.IntKeyDictionaryTests" runstate="Runnable" seed="1351965897" result="Passed" start-time="2023-07-03 01:06:54Z" end-time="2023-07-03 01:06:54Z" duration="0.000483" asserts="0">
                <properties>
                  <property name="Category" value="GDX.Tests" />
                </properties>
                <output><![CDATA[[Code Coverage] Code Coverage results for visited sequence points were saved in D:/BuildAgent/work/GDX-Documentation/Staging/CodeCoverage/GDX_Development-opencov/EditMode/TestCoverageResults_0121.xml
[Code Coverage] Code Coverage requires Burst Compilation to be disabled in order to obtain accurate coverage information. To disable Burst Compilation uncheck Jobs > Burst > Enable Compilation or pass '--burst-disable-compilation' to the command line in batchmode.
]]></output>
              </test-case>
              <test-case id="1515" name="MoveNext_NoVersionOrOutValue_FindAllEntries" fullname="GDX.Collections.Generic.IntKeyDictionaryTests.MoveNext_NoVersionOrOutValue_FindAllEntries" methodname="MoveNext_NoVersionOrOutValue_FindAllEntries" classname="GDX.Collections.Generic.IntKeyDictionaryTests" runstate="Runnable" seed="1528393229" result="Passed" start-time="2023-07-03 01:06:54Z" end-time="2023-07-03 01:06:54Z" duration="0.000557" asserts="0">
                <properties>
                  <property name="Category" value="GDX.Tests" />
                </properties>
                <output><![CDATA[[Code Coverage] Code Coverage results for visited sequence points were saved in D:/BuildAgent/work/GDX-Documentation/Staging/CodeCoverage/GDX_Development-opencov/EditMode/TestCoverageResults_0122.xml
[Code Coverage] Code Coverage requires Burst Compilation to be disabled in order to obtain accurate coverage information. To disable Burst Compilation uncheck Jobs > Burst > Enable Compilation or pass '--burst-disable-compilation' to the command line in batchmode.
]]></output>
              </test-case>
              <test-case id="1517" name="MoveNextWithVersion_CheckEarlyOutFromInvalidation" fullname="GDX.Collections.Generic.IntKeyDictionaryTests.MoveNextWithVersion_CheckEarlyOutFromInvalidation" methodname="MoveNextWithVersion_CheckEarlyOutFromInvalidation" classname="GDX.Collections.Generic.IntKeyDictionaryTests" runstate="Runnable" seed="713867332" result="Passed" start-time="2023-07-03 01:06:55Z" end-time="2023-07-03 01:06:55Z" duration="0.000543" asserts="0">
                <properties>
                  <property name="Category" value="GDX.Tests" />
                </properties>
                <output><![CDATA[[Code Coverage] Code Coverage results for visited sequence points were saved in D:/BuildAgent/work/GDX-Documentation/Staging/CodeCoverage/GDX_Development-opencov/EditMode/TestCoverageResults_0123.xml
[Code Coverage] Code Coverage requires Burst Compilation to be disabled in order to obtain accurate coverage information. To disable Burst Compilation uncheck Jobs > Burst > Enable Compilation or pass '--burst-disable-compilation' to the command line in batchmode.
]]></output>
              </test-case>
              <test-case id="1516" name="MoveNextWithVersion_FindAllEntries" fullname="GDX.Collections.Generic.IntKeyDictionaryTests.MoveNextWithVersion_FindAllEntries" methodname="MoveNextWithVersion_FindAllEntries" classname="GDX.Collections.Generic.IntKeyDictionaryTests" runstate="Runnable" seed="1077990462" result="Passed" start-time="2023-07-03 01:06:56Z" end-time="2023-07-03 01:06:56Z" duration="0.000458" asserts="0">
                <properties>
                  <property name="Category" value="GDX.Tests" />
                </properties>
                <output><![CDATA[[Code Coverage] Code Coverage results for visited sequence points were saved in D:/BuildAgent/work/GDX-Documentation/Staging/CodeCoverage/GDX_Development-opencov/EditMode/TestCoverageResults_0124.xml
[Code Coverage] Code Coverage requires Burst Compilation to be disabled in order to obtain accurate coverage information. To disable Burst Compilation uncheck Jobs > Burst > Enable Compilation or pass '--burst-disable-compilation' to the command line in batchmode.
]]></output>
              </test-case>
              <test-case id="1508" name="Reserve_CheckExpandedCapacity" fullname="GDX.Collections.Generic.IntKeyDictionaryTests.Reserve_CheckExpandedCapacity" methodname="Reserve_CheckExpandedCapacity" classname="GDX.Collections.Generic.IntKeyDictionaryTests" runstate="Runnable" seed="76977541" result="Passed" start-time="2023-07-03 01:06:56Z" end-time="2023-07-03 01:06:56Z" duration="0.000561" asserts="0">
                <properties>
                  <property name="Category" value="GDX.Tests" />
                </properties>
                <output><![CDATA[[Code Coverage] Code Coverage results for visited sequence points were saved in D:/BuildAgent/work/GDX-Documentation/Staging/CodeCoverage/GDX_Development-opencov/EditMode/TestCoverageResults_0125.xml
[Code Coverage] Code Coverage requires Burst Compilation to be disabled in order to obtain accurate coverage information. To disable Burst Compilation uncheck Jobs > Burst > Enable Compilation or pass '--burst-disable-compilation' to the command line in batchmode.
]]></output>
              </test-case>
              <test-case id="1518" name="TryGetValue" fullname="GDX.Collections.Generic.IntKeyDictionaryTests.TryGetValue" methodname="TryGetValue" classname="GDX.Collections.Generic.IntKeyDictionaryTests" runstate="Runnable" seed="1769595965" result="Passed" start-time="2023-07-03 01:06:57Z" end-time="2023-07-03 01:06:57Z" duration="0.000742" asserts="0">
                <properties>
                  <property name="Category" value="GDX.Tests" />
                </properties>
                <output><![CDATA[[Code Coverage] Code Coverage results for visited sequence points were saved in D:/BuildAgent/work/GDX-Documentation/Staging/CodeCoverage/GDX_Development-opencov/EditMode/TestCoverageResults_0126.xml
[Code Coverage] Code Coverage requires Burst Compilation to be disabled in order to obtain accurate coverage information. To disable Burst Compilation uncheck Jobs > Burst > Enable Compilation or pass '--burst-disable-compilation' to the command line in batchmode.
]]></output>
              </test-case>
              <test-case id="1501" name="TryModify_CheckActuallyModified" fullname="GDX.Collections.Generic.IntKeyDictionaryTests.TryModify_CheckActuallyModified" methodname="TryModify_CheckActuallyModified" classname="GDX.Collections.Generic.IntKeyDictionaryTests" runstate="Runnable" seed="1762386810" result="Passed" start-time="2023-07-03 01:06:58Z" end-time="2023-07-03 01:06:58Z" duration="0.000482" asserts="0">
                <properties>
                  <property name="Category" value="GDX.Tests" />
                </properties>
                <output><![CDATA[[Code Coverage] Code Coverage results for visited sequence points were saved in D:/BuildAgent/work/GDX-Documentation/Staging/CodeCoverage/GDX_Development-opencov/EditMode/TestCoverageResults_0127.xml
[Code Coverage] Code Coverage requires Burst Compilation to be disabled in order to obtain accurate coverage information. To disable Burst Compilation uncheck Jobs > Burst > Enable Compilation or pass '--burst-disable-compilation' to the command line in batchmode.
]]></output>
              </test-case>
              <test-case id="1502" name="TryModify_CheckNotModified" fullname="GDX.Collections.Generic.IntKeyDictionaryTests.TryModify_CheckNotModified" methodname="TryModify_CheckNotModified" classname="GDX.Collections.Generic.IntKeyDictionaryTests" runstate="Runnable" seed="405071152" result="Passed" start-time="2023-07-03 01:06:59Z" end-time="2023-07-03 01:06:59Z" duration="0.000319" asserts="0">
                <properties>
                  <property name="Category" value="GDX.Tests" />
                </properties>
                <output><![CDATA[[Code Coverage] Code Coverage results for visited sequence points were saved in D:/BuildAgent/work/GDX-Documentation/Staging/CodeCoverage/GDX_Development-opencov/EditMode/TestCoverageResults_0128.xml
[Code Coverage] Code Coverage requires Burst Compilation to be disabled in order to obtain accurate coverage information. To disable Burst Compilation uncheck Jobs > Burst > Enable Compilation or pass '--burst-disable-compilation' to the command line in batchmode.
]]></output>
              </test-case>
              <test-case id="1503" name="TryRemove_CheckActuallyRemoved" fullname="GDX.Collections.Generic.IntKeyDictionaryTests.TryRemove_CheckActuallyRemoved" methodname="TryRemove_CheckActuallyRemoved" classname="GDX.Collections.Generic.IntKeyDictionaryTests" runstate="Runnable" seed="1062685084" result="Passed" start-time="2023-07-03 01:06:59Z" end-time="2023-07-03 01:06:59Z" duration="0.000388" asserts="0">
                <properties>
                  <property name="Category" value="GDX.Tests" />
                </properties>
                <output><![CDATA[[Code Coverage] Code Coverage results for visited sequence points were saved in D:/BuildAgent/work/GDX-Documentation/Staging/CodeCoverage/GDX_Development-opencov/EditMode/TestCoverageResults_0129.xml
[Code Coverage] Code Coverage requires Burst Compilation to be disabled in order to obtain accurate coverage information. To disable Burst Compilation uncheck Jobs > Burst > Enable Compilation or pass '--burst-disable-compilation' to the command line in batchmode.
]]></output>
              </test-case>
              <test-case id="1504" name="TryRemove_Twice_CheckCorrectReturnValues" fullname="GDX.Collections.Generic.IntKeyDictionaryTests.TryRemove_Twice_CheckCorrectReturnValues" methodname="TryRemove_Twice_CheckCorrectReturnValues" classname="GDX.Collections.Generic.IntKeyDictionaryTests" runstate="Runnable" seed="1181388078" result="Passed" start-time="2023-07-03 01:07:00Z" end-time="2023-07-03 01:07:00Z" duration="0.000319" asserts="0">
                <properties>
                  <property name="Category" value="GDX.Tests" />
                </properties>
                <output><![CDATA[[Code Coverage] Code Coverage results for visited sequence points were saved in D:/BuildAgent/work/GDX-Documentation/Staging/CodeCoverage/GDX_Development-opencov/EditMode/TestCoverageResults_0130.xml
[Code Coverage] Code Coverage requires Burst Compilation to be disabled in order to obtain accurate coverage information. To disable Burst Compilation uncheck Jobs > Burst > Enable Compilation or pass '--burst-disable-compilation' to the command line in batchmode.
]]></output>
              </test-case>
              <test-case id="1505" name="TryRemoveNoValueClear_CheckActuallyRemoved" fullname="GDX.Collections.Generic.IntKeyDictionaryTests.TryRemoveNoValueClear_CheckActuallyRemoved" methodname="TryRemoveNoValueClear_CheckActuallyRemoved" classname="GDX.Collections.Generic.IntKeyDictionaryTests" runstate="Runnable" seed="692304406" result="Passed" start-time="2023-07-03 01:07:01Z" end-time="2023-07-03 01:07:01Z" duration="0.000620" asserts="0">
                <properties>
                  <property name="Category" value="GDX.Tests" />
                </properties>
                <output><![CDATA[[Code Coverage] Code Coverage results for visited sequence points were saved in D:/BuildAgent/work/GDX-Documentation/Staging/CodeCoverage/GDX_Development-opencov/EditMode/TestCoverageResults_0131.xml
[Code Coverage] Code Coverage requires Burst Compilation to be disabled in order to obtain accurate coverage information. To disable Burst Compilation uncheck Jobs > Burst > Enable Compilation or pass '--burst-disable-compilation' to the command line in batchmode.
]]></output>
              </test-case>
              <test-case id="1506" name="TryRemoveNoValueClear_Twice_CheckCorrectReturnValues" fullname="GDX.Collections.Generic.IntKeyDictionaryTests.TryRemoveNoValueClear_Twice_CheckCorrectReturnValues" methodname="TryRemoveNoValueClear_Twice_CheckCorrectReturnValues" classname="GDX.Collections.Generic.IntKeyDictionaryTests" runstate="Runnable" seed="308300279" result="Passed" start-time="2023-07-03 01:07:01Z" end-time="2023-07-03 01:07:01Z" duration="0.000583" asserts="0">
                <properties>
                  <property name="Category" value="GDX.Tests" />
                </properties>
                <output><![CDATA[[Code Coverage] Code Coverage results for visited sequence points were saved in D:/BuildAgent/work/GDX-Documentation/Staging/CodeCoverage/GDX_Development-opencov/EditMode/TestCoverageResults_0132.xml
[Code Coverage] Code Coverage requires Burst Compilation to be disabled in order to obtain accurate coverage information. To disable Burst Compilation uncheck Jobs > Burst > Enable Compilation or pass '--burst-disable-compilation' to the command line in batchmode.
]]></output>
              </test-case>
            </test-suite>
            <test-suite type="TestFixture" id="1472" name="ListExtensionsTests" fullname="GDX.Collections.Generic.ListExtensionsTests" classname="GDX.Collections.Generic.ListExtensionsTests" runstate="Runnable" testcasecount="11" result="Passed" start-time="2023-07-03 01:07:02Z" end-time="2023-07-03 01:07:09Z" duration="7.192245" total="11" passed="11" failed="0" inconclusive="0" skipped="0" asserts="0">
              <properties />
              <test-case id="1474" name="AddUniqueItem_NonUniqueItem_ReturnsFalse" fullname="GDX.Collections.Generic.ListExtensionsTests.AddUniqueItem_NonUniqueItem_ReturnsFalse" methodname="AddUniqueItem_NonUniqueItem_ReturnsFalse" classname="GDX.Collections.Generic.ListExtensionsTests" runstate="Runnable" seed="567716190" result="Passed" start-time="2023-07-03 01:07:02Z" end-time="2023-07-03 01:07:02Z" duration="0.000684" asserts="0">
                <properties>
                  <property name="Category" value="GDX.Tests" />
                </properties>
                <output><![CDATA[[Code Coverage] Code Coverage results for visited sequence points were saved in D:/BuildAgent/work/GDX-Documentation/Staging/CodeCoverage/GDX_Development-opencov/EditMode/TestCoverageResults_0133.xml
[Code Coverage] Code Coverage requires Burst Compilation to be disabled in order to obtain accurate coverage information. To disable Burst Compilation uncheck Jobs > Burst > Enable Compilation or pass '--burst-disable-compilation' to the command line in batchmode.
]]></output>
              </test-case>
              <test-case id="1473" name="AddUniqueItem_UniqueItem_ReturnsTrue" fullname="GDX.Collections.Generic.ListExtensionsTests.AddUniqueItem_UniqueItem_ReturnsTrue" methodname="AddUniqueItem_UniqueItem_ReturnsTrue" classname="GDX.Collections.Generic.ListExtensionsTests" runstate="Runnable" seed="1164118173" result="Passed" start-time="2023-07-03 01:07:03Z" end-time="2023-07-03 01:07:03Z" duration="0.000413" asserts="0">
                <properties>
                  <property name="Category" value="GDX.Tests" />
                </properties>
                <output><![CDATA[[Code Coverage] Code Coverage results for visited sequence points were saved in D:/BuildAgent/work/GDX-Documentation/Staging/CodeCoverage/GDX_Development-opencov/EditMode/TestCoverageResults_0134.xml
[Code Coverage] Code Coverage requires Burst Compilation to be disabled in order to obtain accurate coverage information. To disable Burst Compilation uncheck Jobs > Burst > Enable Compilation or pass '--burst-disable-compilation' to the command line in batchmode.
]]></output>
              </test-case>
              <test-case id="1475" name="ContainsItem_MockData_FindsItem" fullname="GDX.Collections.Generic.ListExtensionsTests.ContainsItem_MockData_FindsItem" methodname="ContainsItem_MockData_FindsItem" classname="GDX.Collections.Generic.ListExtensionsTests" runstate="Runnable" seed="310646962" result="Passed" start-time="2023-07-03 01:07:03Z" end-time="2023-07-03 01:07:03Z" duration="0.000350" asserts="0">
                <properties>
                  <property name="Category" value="GDX.Tests" />
                </properties>
                <output><![CDATA[[Code Coverage] Code Coverage results for visited sequence points were saved in D:/BuildAgent/work/GDX-Documentation/Staging/CodeCoverage/GDX_Development-opencov/EditMode/TestCoverageResults_0135.xml
[Code Coverage] Code Coverage requires Burst Compilation to be disabled in order to obtain accurate coverage information. To disable Burst Compilation uncheck Jobs > Burst > Enable Compilation or pass '--burst-disable-compilation' to the command line in batchmode.
]]></output>
              </test-case>
              <test-case id="1476" name="ContainsItem_StringArray_FindsItem" fullname="GDX.Collections.Generic.ListExtensionsTests.ContainsItem_StringArray_FindsItem" methodname="ContainsItem_StringArray_FindsItem" classname="GDX.Collections.Generic.ListExtensionsTests" runstate="Runnable" seed="1038637537" result="Passed" start-time="2023-07-03 01:07:04Z" end-time="2023-07-03 01:07:04Z" duration="0.000306" asserts="0">
                <properties>
                  <property name="Category" value="GDX.Tests" />
                </properties>
                <output><![CDATA[[Code Coverage] Code Coverage results for visited sequence points were saved in D:/BuildAgent/work/GDX-Documentation/Staging/CodeCoverage/GDX_Development-opencov/EditMode/TestCoverageResults_0136.xml
[Code Coverage] Code Coverage requires Burst Compilation to be disabled in order to obtain accurate coverage information. To disable Burst Compilation uncheck Jobs > Burst > Enable Compilation or pass '--burst-disable-compilation' to the command line in batchmode.
]]></output>
              </test-case>
              <test-case id="1478" name="RemoveFirstItem_BadMockData_ReturnsFalse" fullname="GDX.Collections.Generic.ListExtensionsTests.RemoveFirstItem_BadMockData_ReturnsFalse" methodname="RemoveFirstItem_BadMockData_ReturnsFalse" classname="GDX.Collections.Generic.ListExtensionsTests" runstate="Runnable" seed="1849365742" result="Passed" start-time="2023-07-03 01:07:05Z" end-time="2023-07-03 01:07:05Z" duration="0.000509" asserts="0">
                <properties>
                  <property name="Category" value="GDX.Tests" />
                </properties>
                <output><![CDATA[[Code Coverage] Code Coverage results for visited sequence points were saved in D:/BuildAgent/work/GDX-Documentation/Staging/CodeCoverage/GDX_Development-opencov/EditMode/TestCoverageResults_0137.xml
[Code Coverage] Code Coverage requires Burst Compilation to be disabled in order to obtain accurate coverage information. To disable Burst Compilation uncheck Jobs > Burst > Enable Compilation or pass '--burst-disable-compilation' to the command line in batchmode.
]]></output>
              </test-case>
              <test-case id="1477" name="RemoveFirstItem_MockData_RemovedItem" fullname="GDX.Collections.Generic.ListExtensionsTests.RemoveFirstItem_MockData_RemovedItem" methodname="RemoveFirstItem_MockData_RemovedItem" classname="GDX.Collections.Generic.ListExtensionsTests" runstate="Runnable" seed="1327688259" result="Passed" start-time="2023-07-03 01:07:05Z" end-time="2023-07-03 01:07:05Z" duration="0.000463" asserts="0">
                <properties>
                  <property name="Category" value="GDX.Tests" />
                </properties>
                <output><![CDATA[[Code Coverage] Code Coverage results for visited sequence points were saved in D:/BuildAgent/work/GDX-Documentation/Staging/CodeCoverage/GDX_Development-opencov/EditMode/TestCoverageResults_0138.xml
[Code Coverage] Code Coverage requires Burst Compilation to be disabled in order to obtain accurate coverage information. To disable Burst Compilation uncheck Jobs > Burst > Enable Compilation or pass '--burst-disable-compilation' to the command line in batchmode.
]]></output>
              </test-case>
              <test-case id="1482" name="RemoveItems_MockData_RemovedItems" fullname="GDX.Collections.Generic.ListExtensionsTests.RemoveItems_MockData_RemovedItems" methodname="RemoveItems_MockData_RemovedItems" classname="GDX.Collections.Generic.ListExtensionsTests" runstate="Runnable" seed="129195956" result="Passed" start-time="2023-07-03 01:07:06Z" end-time="2023-07-03 01:07:06Z" duration="0.000487" asserts="0">
                <properties>
                  <property name="Category" value="GDX.Tests" />
                </properties>
                <output><![CDATA[[Code Coverage] Code Coverage results for visited sequence points were saved in D:/BuildAgent/work/GDX-Documentation/Staging/CodeCoverage/GDX_Development-opencov/EditMode/TestCoverageResults_0139.xml
[Code Coverage] Code Coverage requires Burst Compilation to be disabled in order to obtain accurate coverage information. To disable Burst Compilation uncheck Jobs > Burst > Enable Compilation or pass '--burst-disable-compilation' to the command line in batchmode.
]]></output>
              </test-case>
              <test-case id="1479" name="RemoveItemSwap_MockData_RemovedItem" fullname="GDX.Collections.Generic.ListExtensionsTests.RemoveItemSwap_MockData_RemovedItem" methodname="RemoveItemSwap_MockData_RemovedItem" classname="GDX.Collections.Generic.ListExtensionsTests" runstate="Runnable" seed="1905848344" result="Passed" start-time="2023-07-03 01:07:07Z" end-time="2023-07-03 01:07:07Z" duration="0.000624" asserts="0">
                <properties>
                  <property name="Category" value="GDX.Tests" />
                </properties>
                <output><![CDATA[[Code Coverage] Code Coverage results for visited sequence points were saved in D:/BuildAgent/work/GDX-Documentation/Staging/CodeCoverage/GDX_Development-opencov/EditMode/TestCoverageResults_0140.xml
[Code Coverage] Code Coverage requires Burst Compilation to be disabled in order to obtain accurate coverage information. To disable Burst Compilation uncheck Jobs > Burst > Enable Compilation or pass '--burst-disable-compilation' to the command line in batchmode.
]]></output>
              </test-case>
              <test-case id="1481" name="RemoveLastItem_BadMockData_ReturnsFalse" fullname="GDX.Collections.Generic.ListExtensionsTests.RemoveLastItem_BadMockData_ReturnsFalse" methodname="RemoveLastItem_BadMockData_ReturnsFalse" classname="GDX.Collections.Generic.ListExtensionsTests" runstate="Runnable" seed="644998759" result="Passed" start-time="2023-07-03 01:07:07Z" end-time="2023-07-03 01:07:07Z" duration="0.000615" asserts="0">
                <properties>
                  <property name="Category" value="GDX.Tests" />
                </properties>
                <output><![CDATA[[Code Coverage] Code Coverage results for visited sequence points were saved in D:/BuildAgent/work/GDX-Documentation/Staging/CodeCoverage/GDX_Development-opencov/EditMode/TestCoverageResults_0141.xml
[Code Coverage] Code Coverage requires Burst Compilation to be disabled in order to obtain accurate coverage information. To disable Burst Compilation uncheck Jobs > Burst > Enable Compilation or pass '--burst-disable-compilation' to the command line in batchmode.
]]></output>
              </test-case>
              <test-case id="1480" name="RemoveLastItem_MockData_RemovedItems" fullname="GDX.Collections.Generic.ListExtensionsTests.RemoveLastItem_MockData_RemovedItems" methodname="RemoveLastItem_MockData_RemovedItems" classname="GDX.Collections.Generic.ListExtensionsTests" runstate="Runnable" seed="2059045441" result="Passed" start-time="2023-07-03 01:07:08Z" end-time="2023-07-03 01:07:08Z" duration="0.000493" asserts="0">
                <properties>
                  <property name="Category" value="GDX.Tests" />
                </properties>
                <output><![CDATA[[Code Coverage] Code Coverage results for visited sequence points were saved in D:/BuildAgent/work/GDX-Documentation/Staging/CodeCoverage/GDX_Development-opencov/EditMode/TestCoverageResults_0142.xml
[Code Coverage] Code Coverage requires Burst Compilation to be disabled in order to obtain accurate coverage information. To disable Burst Compilation uncheck Jobs > Burst > Enable Compilation or pass '--burst-disable-compilation' to the command line in batchmode.
]]></output>
              </test-case>
              <test-case id="1483" name="Shuffle_MockData_HasDifferences" fullname="GDX.Collections.Generic.ListExtensionsTests.Shuffle_MockData_HasDifferences" methodname="Shuffle_MockData_HasDifferences" classname="GDX.Collections.Generic.ListExtensionsTests" runstate="Runnable" seed="1872019163" result="Passed" start-time="2023-07-03 01:07:09Z" end-time="2023-07-03 01:07:09Z" duration="0.000787" asserts="0">
                <properties>
                  <property name="Category" value="GDX.Tests" />
                </properties>
                <output><![CDATA[[Code Coverage] Code Coverage results for visited sequence points were saved in D:/BuildAgent/work/GDX-Documentation/Staging/CodeCoverage/GDX_Development-opencov/EditMode/TestCoverageResults_0143.xml
[Code Coverage] Code Coverage requires Burst Compilation to be disabled in order to obtain accurate coverage information. To disable Burst Compilation uncheck Jobs > Burst > Enable Compilation or pass '--burst-disable-compilation' to the command line in batchmode.
]]></output>
              </test-case>
            </test-suite>
            <test-suite type="TestFixture" id="1520" name="NativeArray3DTests" fullname="GDX.Collections.Generic.NativeArray3DTests" classname="GDX.Collections.Generic.NativeArray3DTests" runstate="Runnable" testcasecount="10" result="Passed" start-time="2023-07-03 01:07:09Z" end-time="2023-07-03 01:07:16Z" duration="6.997910" total="10" passed="10" failed="0" inconclusive="0" skipped="0" asserts="0">
              <properties />
              <test-case id="1521" name="Constructor_CorrectSizes" fullname="GDX.Collections.Generic.NativeArray3DTests.Constructor_CorrectSizes" methodname="Constructor_CorrectSizes" classname="GDX.Collections.Generic.NativeArray3DTests" runstate="Runnable" seed="316029443" result="Passed" start-time="2023-07-03 01:07:09Z" end-time="2023-07-03 01:07:09Z" duration="0.002211" asserts="0">
                <properties>
                  <property name="Category" value="GDX.Tests" />
                </properties>
                <output><![CDATA[[Code Coverage] Code Coverage results for visited sequence points were saved in D:/BuildAgent/work/GDX-Documentation/Staging/CodeCoverage/GDX_Development-opencov/EditMode/TestCoverageResults_0144.xml
[Code Coverage] Code Coverage requires Burst Compilation to be disabled in order to obtain accurate coverage information. To disable Burst Compilation uncheck Jobs > Burst > Enable Compilation or pass '--burst-disable-compilation' to the command line in batchmode.
]]></output>
              </test-case>
              <test-case id="1522" name="GetByIndex_LastSpot_ValidEntry" fullname="GDX.Collections.Generic.NativeArray3DTests.GetByIndex_LastSpot_ValidEntry" methodname="GetByIndex_LastSpot_ValidEntry" classname="GDX.Collections.Generic.NativeArray3DTests" runstate="Runnable" seed="516353146" result="Passed" start-time="2023-07-03 01:07:10Z" end-time="2023-07-03 01:07:10Z" duration="0.000844" asserts="0">
                <properties>
                  <property name="Category" value="GDX.Tests" />
                </properties>
                <output><![CDATA[[Code Coverage] Code Coverage results for visited sequence points were saved in D:/BuildAgent/work/GDX-Documentation/Staging/CodeCoverage/GDX_Development-opencov/EditMode/TestCoverageResults_0145.xml
[Code Coverage] Code Coverage requires Burst Compilation to be disabled in order to obtain accurate coverage information. To disable Burst Compilation uncheck Jobs > Burst > Enable Compilation or pass '--burst-disable-compilation' to the command line in batchmode.
]]></output>
              </test-case>
              <test-case id="1524" name="GetByInt3_LastSpot_ValidEntry" fullname="GDX.Collections.Generic.NativeArray3DTests.GetByInt3_LastSpot_ValidEntry" methodname="GetByInt3_LastSpot_ValidEntry" classname="GDX.Collections.Generic.NativeArray3DTests" runstate="Runnable" seed="546786808" result="Passed" start-time="2023-07-03 01:07:10Z" end-time="2023-07-03 01:07:10Z" duration="0.000470" asserts="0">
                <properties>
                  <property name="Category" value="GDX.Tests" />
                </properties>
                <output><![CDATA[[Code Coverage] Code Coverage results for visited sequence points were saved in D:/BuildAgent/work/GDX-Documentation/Staging/CodeCoverage/GDX_Development-opencov/EditMode/TestCoverageResults_0146.xml
[Code Coverage] Code Coverage requires Burst Compilation to be disabled in order to obtain accurate coverage information. To disable Burst Compilation uncheck Jobs > Burst > Enable Compilation or pass '--burst-disable-compilation' to the command line in batchmode.
]]></output>
              </test-case>
              <test-case id="1527" name="GetFromIndex_FirstSpot_Valid" fullname="GDX.Collections.Generic.NativeArray3DTests.GetFromIndex_FirstSpot_Valid" methodname="GetFromIndex_FirstSpot_Valid" classname="GDX.Collections.Generic.NativeArray3DTests" runstate="Runnable" seed="1864441418" result="Passed" start-time="2023-07-03 01:07:11Z" end-time="2023-07-03 01:07:11Z" duration="0.000574" asserts="0">
                <properties>
                  <property name="Category" value="GDX.Tests" />
                </properties>
                <output><![CDATA[[Code Coverage] Code Coverage results for visited sequence points were saved in D:/BuildAgent/work/GDX-Documentation/Staging/CodeCoverage/GDX_Development-opencov/EditMode/TestCoverageResults_0147.xml
[Code Coverage] Code Coverage requires Burst Compilation to be disabled in order to obtain accurate coverage information. To disable Burst Compilation uncheck Jobs > Burst > Enable Compilation or pass '--burst-disable-compilation' to the command line in batchmode.
]]></output>
              </test-case>
              <test-case id="1529" name="GetFromIndex_LastBottomRow_Valid" fullname="GDX.Collections.Generic.NativeArray3DTests.GetFromIndex_LastBottomRow_Valid" methodname="GetFromIndex_LastBottomRow_Valid" classname="GDX.Collections.Generic.NativeArray3DTests" runstate="Runnable" seed="1054967917" result="Passed" start-time="2023-07-03 01:07:12Z" end-time="2023-07-03 01:07:12Z" duration="0.000418" asserts="0">
                <properties>
                  <property name="Category" value="GDX.Tests" />
                </properties>
                <output><![CDATA[[Code Coverage] Code Coverage results for visited sequence points were saved in D:/BuildAgent/work/GDX-Documentation/Staging/CodeCoverage/GDX_Development-opencov/EditMode/TestCoverageResults_0148.xml
[Code Coverage] Code Coverage requires Burst Compilation to be disabled in order to obtain accurate coverage information. To disable Burst Compilation uncheck Jobs > Burst > Enable Compilation or pass '--burst-disable-compilation' to the command line in batchmode.
]]></output>
              </test-case>
              <test-case id="1528" name="GetFromIndex_LastFirstRow_Valid" fullname="GDX.Collections.Generic.NativeArray3DTests.GetFromIndex_LastFirstRow_Valid" methodname="GetFromIndex_LastFirstRow_Valid" classname="GDX.Collections.Generic.NativeArray3DTests" runstate="Runnable" seed="1650772979" result="Passed" start-time="2023-07-03 01:07:12Z" end-time="2023-07-03 01:07:12Z" duration="0.000412" asserts="0">
                <properties>
                  <property name="Category" value="GDX.Tests" />
                </properties>
                <output><![CDATA[[Code Coverage] Code Coverage results for visited sequence points were saved in D:/BuildAgent/work/GDX-Documentation/Staging/CodeCoverage/GDX_Development-opencov/EditMode/TestCoverageResults_0149.xml
[Code Coverage] Code Coverage requires Burst Compilation to be disabled in order to obtain accurate coverage information. To disable Burst Compilation uncheck Jobs > Burst > Enable Compilation or pass '--burst-disable-compilation' to the command line in batchmode.
]]></output>
              </test-case>
              <test-case id="1526" name="GetFromIndex_LastSpot_Valid" fullname="GDX.Collections.Generic.NativeArray3DTests.GetFromIndex_LastSpot_Valid" methodname="GetFromIndex_LastSpot_Valid" classname="GDX.Collections.Generic.NativeArray3DTests" runstate="Runnable" seed="448257650" result="Passed" start-time="2023-07-03 01:07:14Z" end-time="2023-07-03 01:07:14Z" duration="0.000408" asserts="0">
                <properties>
                  <property name="Category" value="GDX.Tests" />
                </properties>
                <output><![CDATA[[Code Coverage] Code Coverage results for visited sequence points were saved in D:/BuildAgent/work/GDX-Documentation/Staging/CodeCoverage/GDX_Development-opencov/EditMode/TestCoverageResults_0150.xml
[Code Coverage] Code Coverage requires Burst Compilation to be disabled in order to obtain accurate coverage information. To disable Burst Compilation uncheck Jobs > Burst > Enable Compilation or pass '--burst-disable-compilation' to the command line in batchmode.
]]></output>
              </test-case>
              <test-case id="1530" name="GetFromIndex_SecondTopRowAtBack_Valid" fullname="GDX.Collections.Generic.NativeArray3DTests.GetFromIndex_SecondTopRowAtBack_Valid" methodname="GetFromIndex_SecondTopRowAtBack_Valid" classname="GDX.Collections.Generic.NativeArray3DTests" runstate="Runnable" seed="2028016634" result="Passed" start-time="2023-07-03 01:07:14Z" end-time="2023-07-03 01:07:14Z" duration="0.000424" asserts="0">
                <properties>
                  <property name="Category" value="GDX.Tests" />
                </properties>
                <output><![CDATA[[Code Coverage] Code Coverage results for visited sequence points were saved in D:/BuildAgent/work/GDX-Documentation/Staging/CodeCoverage/GDX_Development-opencov/EditMode/TestCoverageResults_0151.xml
[Code Coverage] Code Coverage requires Burst Compilation to be disabled in order to obtain accurate coverage information. To disable Burst Compilation uncheck Jobs > Burst > Enable Compilation or pass '--burst-disable-compilation' to the command line in batchmode.
]]></output>
              </test-case>
              <test-case id="1523" name="SetByIndex_LastSpot_ValidEntry" fullname="GDX.Collections.Generic.NativeArray3DTests.SetByIndex_LastSpot_ValidEntry" methodname="SetByIndex_LastSpot_ValidEntry" classname="GDX.Collections.Generic.NativeArray3DTests" runstate="Runnable" seed="1650120647" result="Passed" start-time="2023-07-03 01:07:15Z" end-time="2023-07-03 01:07:15Z" duration="0.000459" asserts="0">
                <properties>
                  <property name="Category" value="GDX.Tests" />
                </properties>
                <output><![CDATA[[Code Coverage] Code Coverage results for visited sequence points were saved in D:/BuildAgent/work/GDX-Documentation/Staging/CodeCoverage/GDX_Development-opencov/EditMode/TestCoverageResults_0152.xml
[Code Coverage] Code Coverage requires Burst Compilation to be disabled in order to obtain accurate coverage information. To disable Burst Compilation uncheck Jobs > Burst > Enable Compilation or pass '--burst-disable-compilation' to the command line in batchmode.
]]></output>
              </test-case>
              <test-case id="1525" name="SetByInt3_LastSpot_ValidEntry" fullname="GDX.Collections.Generic.NativeArray3DTests.SetByInt3_LastSpot_ValidEntry" methodname="SetByInt3_LastSpot_ValidEntry" classname="GDX.Collections.Generic.NativeArray3DTests" runstate="Runnable" seed="1870194961" result="Passed" start-time="2023-07-03 01:07:16Z" end-time="2023-07-03 01:07:16Z" duration="0.000490" asserts="0">
                <properties>
                  <property name="Category" value="GDX.Tests" />
                </properties>
                <output><![CDATA[[Code Coverage] Code Coverage results for visited sequence points were saved in D:/BuildAgent/work/GDX-Documentation/Staging/CodeCoverage/GDX_Development-opencov/EditMode/TestCoverageResults_0153.xml
[Code Coverage] Code Coverage requires Burst Compilation to be disabled in order to obtain accurate coverage information. To disable Burst Compilation uncheck Jobs > Burst > Enable Compilation or pass '--burst-disable-compilation' to the command line in batchmode.
]]></output>
              </test-case>
            </test-suite>
            <test-suite type="TestFixture" id="1531" name="NativeArraySparseSetTests" fullname="GDX.Collections.Generic.NativeArraySparseSetTests" classname="GDX.Collections.Generic.NativeArraySparseSetTests" runstate="Runnable" testcasecount="31" result="Passed" start-time="2023-07-03 01:07:16Z" end-time="2023-07-03 01:07:37Z" duration="20.838092" total="31" passed="31" failed="0" inconclusive="0" skipped="0" asserts="0">
              <properties />
              <test-case id="1534" name="AddUnchecked_MockData_IndicesReserved" fullname="GDX.Collections.Generic.NativeArraySparseSetTests.AddUnchecked_MockData_IndicesReserved" methodname="AddUnchecked_MockData_IndicesReserved" classname="GDX.Collections.Generic.NativeArraySparseSetTests" runstate="Runnable" seed="1671554192" result="Passed" start-time="2023-07-03 01:07:16Z" end-time="2023-07-03 01:07:16Z" duration="0.000567" asserts="0">
                <properties>
                  <property name="Category" value="GDX.Tests" />
                </properties>
                <output><![CDATA[[Code Coverage] Code Coverage results for visited sequence points were saved in D:/BuildAgent/work/GDX-Documentation/Staging/CodeCoverage/GDX_Development-opencov/EditMode/TestCoverageResults_0154.xml
[Code Coverage] Code Coverage requires Burst Compilation to be disabled in order to obtain accurate coverage information. To disable Burst Compilation uncheck Jobs > Burst > Enable Compilation or pass '--burst-disable-compilation' to the command line in batchmode.
]]></output>
              </test-case>
              <test-case id="1537" name="AddUnchecked_MockDataAndVersionArrayOverflow_ThrowsException" fullname="GDX.Collections.Generic.NativeArraySparseSetTests.AddUnchecked_MockDataAndVersionArrayOverflow_ThrowsException" methodname="AddUnchecked_MockDataAndVersionArrayOverflow_ThrowsException" classname="GDX.Collections.Generic.NativeArraySparseSetTests" runstate="Runnable" seed="1318479386" result="Passed" start-time="2023-07-03 01:07:17Z" end-time="2023-07-03 01:07:17Z" duration="0.002204" asserts="0">
                <properties>
                  <property name="Category" value="GDX.Tests" />
                </properties>
                <output><![CDATA[[Code Coverage] Code Coverage results for visited sequence points were saved in D:/BuildAgent/work/GDX-Documentation/Staging/CodeCoverage/GDX_Development-opencov/EditMode/TestCoverageResults_0155.xml
[Code Coverage] Code Coverage requires Burst Compilation to be disabled in order to obtain accurate coverage information. To disable Burst Compilation uncheck Jobs > Burst > Enable Compilation or pass '--burst-disable-compilation' to the command line in batchmode.
]]></output>
              </test-case>
              <test-case id="1536" name="AddUnchecked_MockDataOverflow_ThrowsException" fullname="GDX.Collections.Generic.NativeArraySparseSetTests.AddUnchecked_MockDataOverflow_ThrowsException" methodname="AddUnchecked_MockDataOverflow_ThrowsException" classname="GDX.Collections.Generic.NativeArraySparseSetTests" runstate="Runnable" seed="1585942143" result="Passed" start-time="2023-07-03 01:07:17Z" end-time="2023-07-03 01:07:17Z" duration="0.000454" asserts="0">
                <properties>
                  <property name="Category" value="GDX.Tests" />
                </properties>
                <output><![CDATA[[Code Coverage] Code Coverage results for visited sequence points were saved in D:/BuildAgent/work/GDX-Documentation/Staging/CodeCoverage/GDX_Development-opencov/EditMode/TestCoverageResults_0156.xml
[Code Coverage] Code Coverage requires Burst Compilation to be disabled in order to obtain accurate coverage information. To disable Burst Compilation uncheck Jobs > Burst > Enable Compilation or pass '--burst-disable-compilation' to the command line in batchmode.
]]></output>
              </test-case>
              <test-case id="1535" name="AddUnchecked_MockDataWithVersionArray__IndicesReserved" fullname="GDX.Collections.Generic.NativeArraySparseSetTests.AddUnchecked_MockDataWithVersionArray__IndicesReserved" methodname="AddUnchecked_MockDataWithVersionArray__IndicesReserved" classname="GDX.Collections.Generic.NativeArraySparseSetTests" runstate="Runnable" seed="1170420993" result="Passed" start-time="2023-07-03 01:07:18Z" end-time="2023-07-03 01:07:18Z" duration="0.000392" asserts="0">
                <properties>
                  <property name="Category" value="GDX.Tests" />
                </properties>
                <output><![CDATA[[Code Coverage] Code Coverage results for visited sequence points were saved in D:/BuildAgent/work/GDX-Documentation/Staging/CodeCoverage/GDX_Development-opencov/EditMode/TestCoverageResults_0157.xml
[Code Coverage] Code Coverage requires Burst Compilation to be disabled in order to obtain accurate coverage information. To disable Burst Compilation uncheck Jobs > Burst > Enable Compilation or pass '--burst-disable-compilation' to the command line in batchmode.
]]></output>
              </test-case>
              <test-case id="1540" name="AddUnchecked_MockDataWithVersionArray_Expanded" fullname="GDX.Collections.Generic.NativeArraySparseSetTests.AddUnchecked_MockDataWithVersionArray_Expanded" methodname="AddUnchecked_MockDataWithVersionArray_Expanded" classname="GDX.Collections.Generic.NativeArraySparseSetTests" runstate="Runnable" seed="1442239234" result="Passed" start-time="2023-07-03 01:07:19Z" end-time="2023-07-03 01:07:19Z" duration="0.001335" asserts="0">
                <properties>
                  <property name="Category" value="GDX.Tests" />
                </properties>
                <output><![CDATA[[Code Coverage] Code Coverage results for visited sequence points were saved in D:/BuildAgent/work/GDX-Documentation/Staging/CodeCoverage/GDX_Development-opencov/EditMode/TestCoverageResults_0158.xml
[Code Coverage] Code Coverage requires Burst Compilation to be disabled in order to obtain accurate coverage information. To disable Burst Compilation uncheck Jobs > Burst > Enable Compilation or pass '--burst-disable-compilation' to the command line in batchmode.
]]></output>
              </test-case>
              <test-case id="1538" name="AddWithExpandCheck_MockData_Expanded" fullname="GDX.Collections.Generic.NativeArraySparseSetTests.AddWithExpandCheck_MockData_Expanded" methodname="AddWithExpandCheck_MockData_Expanded" classname="GDX.Collections.Generic.NativeArraySparseSetTests" runstate="Runnable" seed="1900110956" result="Passed" start-time="2023-07-03 01:07:19Z" end-time="2023-07-03 01:07:19Z" duration="0.000382" asserts="0">
                <properties>
                  <property name="Category" value="GDX.Tests" />
                </properties>
                <output><![CDATA[[Code Coverage] Code Coverage results for visited sequence points were saved in D:/BuildAgent/work/GDX-Documentation/Staging/CodeCoverage/GDX_Development-opencov/EditMode/TestCoverageResults_0159.xml
[Code Coverage] Code Coverage requires Burst Compilation to be disabled in order to obtain accurate coverage information. To disable Burst Compilation uncheck Jobs > Burst > Enable Compilation or pass '--burst-disable-compilation' to the command line in batchmode.
]]></output>
              </test-case>
              <test-case id="1539" name="AddWithExpandCheck_MockDataWithVersionArray_Expanded" fullname="GDX.Collections.Generic.NativeArraySparseSetTests.AddWithExpandCheck_MockDataWithVersionArray_Expanded" methodname="AddWithExpandCheck_MockDataWithVersionArray_Expanded" classname="GDX.Collections.Generic.NativeArraySparseSetTests" runstate="Runnable" seed="1710676993" result="Passed" start-time="2023-07-03 01:07:20Z" end-time="2023-07-03 01:07:20Z" duration="0.001668" asserts="0">
                <properties>
                  <property name="Category" value="GDX.Tests" />
                </properties>
                <output><![CDATA[[Code Coverage] Code Coverage results for visited sequence points were saved in D:/BuildAgent/work/GDX-Documentation/Staging/CodeCoverage/GDX_Development-opencov/EditMode/TestCoverageResults_0160.xml
[Code Coverage] Code Coverage requires Burst Compilation to be disabled in order to obtain accurate coverage information. To disable Burst Compilation uncheck Jobs > Burst > Enable Compilation or pass '--burst-disable-compilation' to the command line in batchmode.
]]></output>
              </test-case>
              <test-case id="1555" name="Clear_MockData_ArraysCleared" fullname="GDX.Collections.Generic.NativeArraySparseSetTests.Clear_MockData_ArraysCleared" methodname="Clear_MockData_ArraysCleared" classname="GDX.Collections.Generic.NativeArraySparseSetTests" runstate="Runnable" seed="194758704" result="Passed" start-time="2023-07-03 01:07:21Z" end-time="2023-07-03 01:07:21Z" duration="0.000400" asserts="0">
                <properties>
                  <property name="Category" value="GDX.Tests" />
                </properties>
                <output><![CDATA[[Code Coverage] Code Coverage results for visited sequence points were saved in D:/BuildAgent/work/GDX-Documentation/Staging/CodeCoverage/GDX_Development-opencov/EditMode/TestCoverageResults_0161.xml
[Code Coverage] Code Coverage requires Burst Compilation to be disabled in order to obtain accurate coverage information. To disable Burst Compilation uncheck Jobs > Burst > Enable Compilation or pass '--burst-disable-compilation' to the command line in batchmode.
]]></output>
              </test-case>
              <test-case id="1556" name="Clear_MockDataWithVersionArray_ArraysCleared" fullname="GDX.Collections.Generic.NativeArraySparseSetTests.Clear_MockDataWithVersionArray_ArraysCleared" methodname="Clear_MockDataWithVersionArray_ArraysCleared" classname="GDX.Collections.Generic.NativeArraySparseSetTests" runstate="Runnable" seed="349263790" result="Passed" start-time="2023-07-03 01:07:21Z" end-time="2023-07-03 01:07:21Z" duration="0.000495" asserts="0">
                <properties>
                  <property name="Category" value="GDX.Tests" />
                </properties>
                <output><![CDATA[[Code Coverage] Code Coverage results for visited sequence points were saved in D:/BuildAgent/work/GDX-Documentation/Staging/CodeCoverage/GDX_Development-opencov/EditMode/TestCoverageResults_0162.xml
[Code Coverage] Code Coverage requires Burst Compilation to be disabled in order to obtain accurate coverage information. To disable Burst Compilation uncheck Jobs > Burst > Enable Compilation or pass '--burst-disable-compilation' to the command line in batchmode.
]]></output>
              </test-case>
              <test-case id="1557" name="ClearWithVersionReset_MockData_ArraysClearedAndVersionReset" fullname="GDX.Collections.Generic.NativeArraySparseSetTests.ClearWithVersionReset_MockData_ArraysClearedAndVersionReset" methodname="ClearWithVersionReset_MockData_ArraysClearedAndVersionReset" classname="GDX.Collections.Generic.NativeArraySparseSetTests" runstate="Runnable" seed="1002392380" result="Passed" start-time="2023-07-03 01:07:22Z" end-time="2023-07-03 01:07:22Z" duration="0.000485" asserts="0">
                <properties>
                  <property name="Category" value="GDX.Tests" />
                </properties>
                <output><![CDATA[[Code Coverage] Code Coverage results for visited sequence points were saved in D:/BuildAgent/work/GDX-Documentation/Staging/CodeCoverage/GDX_Development-opencov/EditMode/TestCoverageResults_0163.xml
[Code Coverage] Code Coverage requires Burst Compilation to be disabled in order to obtain accurate coverage information. To disable Burst Compilation uncheck Jobs > Burst > Enable Compilation or pass '--burst-disable-compilation' to the command line in batchmode.
]]></output>
              </test-case>
              <test-case id="1532" name="Constructor_CreateWithCount" fullname="GDX.Collections.Generic.NativeArraySparseSetTests.Constructor_CreateWithCount" methodname="Constructor_CreateWithCount" classname="GDX.Collections.Generic.NativeArraySparseSetTests" runstate="Runnable" seed="1882335940" result="Passed" start-time="2023-07-03 01:07:23Z" end-time="2023-07-03 01:07:23Z" duration="0.000327" asserts="0">
                <properties>
                  <property name="Category" value="GDX.Tests" />
                </properties>
                <output><![CDATA[[Code Coverage] Code Coverage results for visited sequence points were saved in D:/BuildAgent/work/GDX-Documentation/Staging/CodeCoverage/GDX_Development-opencov/EditMode/TestCoverageResults_0164.xml
[Code Coverage] Code Coverage requires Burst Compilation to be disabled in order to obtain accurate coverage information. To disable Burst Compilation uncheck Jobs > Burst > Enable Compilation or pass '--burst-disable-compilation' to the command line in batchmode.
]]></output>
              </test-case>
              <test-case id="1533" name="Constructor_CreateWithCountAndVersionArray" fullname="GDX.Collections.Generic.NativeArraySparseSetTests.Constructor_CreateWithCountAndVersionArray" methodname="Constructor_CreateWithCountAndVersionArray" classname="GDX.Collections.Generic.NativeArraySparseSetTests" runstate="Runnable" seed="918059061" result="Passed" start-time="2023-07-03 01:07:23Z" end-time="2023-07-03 01:07:23Z" duration="0.000358" asserts="0">
                <properties>
                  <property name="Category" value="GDX.Tests" />
                </properties>
                <output><![CDATA[[Code Coverage] Code Coverage results for visited sequence points were saved in D:/BuildAgent/work/GDX-Documentation/Staging/CodeCoverage/GDX_Development-opencov/EditMode/TestCoverageResults_0165.xml
[Code Coverage] Code Coverage requires Burst Compilation to be disabled in order to obtain accurate coverage information. To disable Burst Compilation uncheck Jobs > Burst > Enable Compilation or pass '--burst-disable-compilation' to the command line in batchmode.
]]></output>
              </test-case>
              <test-case id="1562" name="Dispose_MockData_Disposed" fullname="GDX.Collections.Generic.NativeArraySparseSetTests.Dispose_MockData_Disposed" methodname="Dispose_MockData_Disposed" classname="GDX.Collections.Generic.NativeArraySparseSetTests" runstate="Runnable" seed="122899661" result="Passed" start-time="2023-07-03 01:07:24Z" end-time="2023-07-03 01:07:24Z" duration="0.000454" asserts="0">
                <properties>
                  <property name="Category" value="GDX.Tests" />
                </properties>
                <output><![CDATA[[Code Coverage] Code Coverage results for visited sequence points were saved in D:/BuildAgent/work/GDX-Documentation/Staging/CodeCoverage/GDX_Development-opencov/EditMode/TestCoverageResults_0166.xml
[Code Coverage] Code Coverage requires Burst Compilation to be disabled in order to obtain accurate coverage information. To disable Burst Compilation uncheck Jobs > Burst > Enable Compilation or pass '--burst-disable-compilation' to the command line in batchmode.
]]></output>
              </test-case>
              <test-case id="1558" name="Expand_MockData_Expanded" fullname="GDX.Collections.Generic.NativeArraySparseSetTests.Expand_MockData_Expanded" methodname="Expand_MockData_Expanded" classname="GDX.Collections.Generic.NativeArraySparseSetTests" runstate="Runnable" seed="1731141479" result="Passed" start-time="2023-07-03 01:07:25Z" end-time="2023-07-03 01:07:25Z" duration="0.001031" asserts="0">
                <properties>
                  <property name="Category" value="GDX.Tests" />
                </properties>
                <output><![CDATA[[Code Coverage] Code Coverage results for visited sequence points were saved in D:/BuildAgent/work/GDX-Documentation/Staging/CodeCoverage/GDX_Development-opencov/EditMode/TestCoverageResults_0167.xml
[Code Coverage] Code Coverage requires Burst Compilation to be disabled in order to obtain accurate coverage information. To disable Burst Compilation uncheck Jobs > Burst > Enable Compilation or pass '--burst-disable-compilation' to the command line in batchmode.
]]></output>
              </test-case>
              <test-case id="1559" name="Expand_MockDataWithVersionArray_Expanded" fullname="GDX.Collections.Generic.NativeArraySparseSetTests.Expand_MockDataWithVersionArray_Expanded" methodname="Expand_MockDataWithVersionArray_Expanded" classname="GDX.Collections.Generic.NativeArraySparseSetTests" runstate="Runnable" seed="1962891276" result="Passed" start-time="2023-07-03 01:07:25Z" end-time="2023-07-03 01:07:25Z" duration="0.000685" asserts="0">
                <properties>
                  <property name="Category" value="GDX.Tests" />
                </properties>
                <output><![CDATA[[Code Coverage] Code Coverage results for visited sequence points were saved in D:/BuildAgent/work/GDX-Documentation/Staging/CodeCoverage/GDX_Development-opencov/EditMode/TestCoverageResults_0168.xml
[Code Coverage] Code Coverage requires Burst Compilation to be disabled in order to obtain accurate coverage information. To disable Burst Compilation uncheck Jobs > Burst > Enable Compilation or pass '--burst-disable-compilation' to the command line in batchmode.
]]></output>
              </test-case>
              <test-case id="1541" name="GetDenseIndexUnchecked_MockData_CorrectIndex" fullname="GDX.Collections.Generic.NativeArraySparseSetTests.GetDenseIndexUnchecked_MockData_CorrectIndex" methodname="GetDenseIndexUnchecked_MockData_CorrectIndex" classname="GDX.Collections.Generic.NativeArraySparseSetTests" runstate="Runnable" seed="1460168882" result="Passed" start-time="2023-07-03 01:07:26Z" end-time="2023-07-03 01:07:26Z" duration="0.000362" asserts="0">
                <properties>
                  <property name="Category" value="GDX.Tests" />
                </properties>
                <output><![CDATA[[Code Coverage] Code Coverage results for visited sequence points were saved in D:/BuildAgent/work/GDX-Documentation/Staging/CodeCoverage/GDX_Development-opencov/EditMode/TestCoverageResults_0169.xml
[Code Coverage] Code Coverage requires Burst Compilation to be disabled in order to obtain accurate coverage information. To disable Burst Compilation uncheck Jobs > Burst > Enable Compilation or pass '--burst-disable-compilation' to the command line in batchmode.
]]></output>
              </test-case>
              <test-case id="1544" name="GetDenseIndexWithBoundsAndVersionCheck_MockData_CorrectIndexAndHandlesInvalidIndex" fullname="GDX.Collections.Generic.NativeArraySparseSetTests.GetDenseIndexWithBoundsAndVersionCheck_MockData_CorrectIndexAndHandlesInvalidIndex" methodname="GetDenseIndexWithBoundsAndVersionCheck_MockData_CorrectIndexAndHandlesInvalidIndex" classname="GDX.Collections.Generic.NativeArraySparseSetTests" runstate="Runnable" seed="117855113" result="Passed" start-time="2023-07-03 01:07:27Z" end-time="2023-07-03 01:07:27Z" duration="0.000702" asserts="0">
                <properties>
                  <property name="Category" value="GDX.Tests" />
                </properties>
                <output><![CDATA[[Code Coverage] Code Coverage results for visited sequence points were saved in D:/BuildAgent/work/GDX-Documentation/Staging/CodeCoverage/GDX_Development-opencov/EditMode/TestCoverageResults_0170.xml
[Code Coverage] Code Coverage requires Burst Compilation to be disabled in order to obtain accurate coverage information. To disable Burst Compilation uncheck Jobs > Burst > Enable Compilation or pass '--burst-disable-compilation' to the command line in batchmode.
]]></output>
              </test-case>
              <test-case id="1542" name="GetDenseIndexWithBoundsCheck_MockData_CorrectIndexAndHandlesInvalidIndex" fullname="GDX.Collections.Generic.NativeArraySparseSetTests.GetDenseIndexWithBoundsCheck_MockData_CorrectIndexAndHandlesInvalidIndex" methodname="GetDenseIndexWithBoundsCheck_MockData_CorrectIndexAndHandlesInvalidIndex" classname="GDX.Collections.Generic.NativeArraySparseSetTests" runstate="Runnable" seed="2082525102" result="Passed" start-time="2023-07-03 01:07:27Z" end-time="2023-07-03 01:07:27Z" duration="0.000472" asserts="0">
                <properties>
                  <property name="Category" value="GDX.Tests" />
                </properties>
                <output><![CDATA[[Code Coverage] Code Coverage results for visited sequence points were saved in D:/BuildAgent/work/GDX-Documentation/Staging/CodeCoverage/GDX_Development-opencov/EditMode/TestCoverageResults_0171.xml
[Code Coverage] Code Coverage requires Burst Compilation to be disabled in order to obtain accurate coverage information. To disable Burst Compilation uncheck Jobs > Burst > Enable Compilation or pass '--burst-disable-compilation' to the command line in batchmode.
]]></output>
              </test-case>
              <test-case id="1543" name="GetDenseIndexWithVersionCheck_MockData_CorrectIndexAndHandlesVersion" fullname="GDX.Collections.Generic.NativeArraySparseSetTests.GetDenseIndexWithVersionCheck_MockData_CorrectIndexAndHandlesVersion" methodname="GetDenseIndexWithVersionCheck_MockData_CorrectIndexAndHandlesVersion" classname="GDX.Collections.Generic.NativeArraySparseSetTests" runstate="Runnable" seed="1681896608" result="Passed" start-time="2023-07-03 01:07:28Z" end-time="2023-07-03 01:07:28Z" duration="0.000613" asserts="0">
                <properties>
                  <property name="Category" value="GDX.Tests" />
                </properties>
                <output><![CDATA[[Code Coverage] Code Coverage results for visited sequence points were saved in D:/BuildAgent/work/GDX-Documentation/Staging/CodeCoverage/GDX_Development-opencov/EditMode/TestCoverageResults_0172.xml
[Code Coverage] Code Coverage requires Burst Compilation to be disabled in order to obtain accurate coverage information. To disable Burst Compilation uncheck Jobs > Burst > Enable Compilation or pass '--burst-disable-compilation' to the command line in batchmode.
]]></output>
              </test-case>
              <test-case id="1550" name="RemoveUnchecked_MockData_ValidIndexRemoved" fullname="GDX.Collections.Generic.NativeArraySparseSetTests.RemoveUnchecked_MockData_ValidIndexRemoved" methodname="RemoveUnchecked_MockData_ValidIndexRemoved" classname="GDX.Collections.Generic.NativeArraySparseSetTests" runstate="Runnable" seed="326419370" result="Passed" start-time="2023-07-03 01:07:29Z" end-time="2023-07-03 01:07:29Z" duration="0.000416" asserts="0">
                <properties>
                  <property name="Category" value="GDX.Tests" />
                </properties>
                <output><![CDATA[[Code Coverage] Code Coverage results for visited sequence points were saved in D:/BuildAgent/work/GDX-Documentation/Staging/CodeCoverage/GDX_Development-opencov/EditMode/TestCoverageResults_0173.xml
[Code Coverage] Code Coverage requires Burst Compilation to be disabled in order to obtain accurate coverage information. To disable Burst Compilation uncheck Jobs > Burst > Enable Compilation or pass '--burst-disable-compilation' to the command line in batchmode.
]]></output>
              </test-case>
              <test-case id="1549" name="RemoveUnchecked_MockDataWithIndices_ValidIndexRemoved" fullname="GDX.Collections.Generic.NativeArraySparseSetTests.RemoveUnchecked_MockDataWithIndices_ValidIndexRemoved" methodname="RemoveUnchecked_MockDataWithIndices_ValidIndexRemoved" classname="GDX.Collections.Generic.NativeArraySparseSetTests" runstate="Runnable" seed="1356269575" result="Passed" start-time="2023-07-03 01:07:30Z" end-time="2023-07-03 01:07:30Z" duration="0.000445" asserts="0">
                <properties>
                  <property name="Category" value="GDX.Tests" />
                </properties>
                <output><![CDATA[[Code Coverage] Code Coverage results for visited sequence points were saved in D:/BuildAgent/work/GDX-Documentation/Staging/CodeCoverage/GDX_Development-opencov/EditMode/TestCoverageResults_0174.xml
[Code Coverage] Code Coverage requires Burst Compilation to be disabled in order to obtain accurate coverage information. To disable Burst Compilation uncheck Jobs > Burst > Enable Compilation or pass '--burst-disable-compilation' to the command line in batchmode.
]]></output>
              </test-case>
              <test-case id="1548" name="RemoveUnchecked_MockDataWithIndicesAndVersionArray_ValidIndexRemoved" fullname="GDX.Collections.Generic.NativeArraySparseSetTests.RemoveUnchecked_MockDataWithIndicesAndVersionArray_ValidIndexRemoved" methodname="RemoveUnchecked_MockDataWithIndicesAndVersionArray_ValidIndexRemoved" classname="GDX.Collections.Generic.NativeArraySparseSetTests" runstate="Runnable" seed="1372223283" result="Passed" start-time="2023-07-03 01:07:30Z" end-time="2023-07-03 01:07:30Z" duration="0.000390" asserts="0">
                <properties>
                  <property name="Category" value="GDX.Tests" />
                </properties>
                <output><![CDATA[[Code Coverage] Code Coverage results for visited sequence points were saved in D:/BuildAgent/work/GDX-Documentation/Staging/CodeCoverage/GDX_Development-opencov/EditMode/TestCoverageResults_0175.xml
[Code Coverage] Code Coverage requires Burst Compilation to be disabled in order to obtain accurate coverage information. To disable Burst Compilation uncheck Jobs > Burst > Enable Compilation or pass '--burst-disable-compilation' to the command line in batchmode.
]]></output>
              </test-case>
              <test-case id="1551" name="RemoveUncheckedFromDenseIndex_MockData_ValidIndexRemoved" fullname="GDX.Collections.Generic.NativeArraySparseSetTests.RemoveUncheckedFromDenseIndex_MockData_ValidIndexRemoved" methodname="RemoveUncheckedFromDenseIndex_MockData_ValidIndexRemoved" classname="GDX.Collections.Generic.NativeArraySparseSetTests" runstate="Runnable" seed="1944171865" result="Passed" start-time="2023-07-03 01:07:31Z" end-time="2023-07-03 01:07:31Z" duration="0.000409" asserts="0">
                <properties>
                  <property name="Category" value="GDX.Tests" />
                </properties>
                <output><![CDATA[[Code Coverage] Code Coverage results for visited sequence points were saved in D:/BuildAgent/work/GDX-Documentation/Staging/CodeCoverage/GDX_Development-opencov/EditMode/TestCoverageResults_0176.xml
[Code Coverage] Code Coverage requires Burst Compilation to be disabled in order to obtain accurate coverage information. To disable Burst Compilation uncheck Jobs > Burst > Enable Compilation or pass '--burst-disable-compilation' to the command line in batchmode.
]]></output>
              </test-case>
              <test-case id="1552" name="RemoveUncheckedFromDenseIndex_MockDataWithSwapIndex_ValidIndexRemoved" fullname="GDX.Collections.Generic.NativeArraySparseSetTests.RemoveUncheckedFromDenseIndex_MockDataWithSwapIndex_ValidIndexRemoved" methodname="RemoveUncheckedFromDenseIndex_MockDataWithSwapIndex_ValidIndexRemoved" classname="GDX.Collections.Generic.NativeArraySparseSetTests" runstate="Runnable" seed="818116337" result="Passed" start-time="2023-07-03 01:07:32Z" end-time="2023-07-03 01:07:32Z" duration="0.000527" asserts="0">
                <properties>
                  <property name="Category" value="GDX.Tests" />
                </properties>
                <output><![CDATA[[Code Coverage] Code Coverage results for visited sequence points were saved in D:/BuildAgent/work/GDX-Documentation/Staging/CodeCoverage/GDX_Development-opencov/EditMode/TestCoverageResults_0177.xml
[Code Coverage] Code Coverage requires Burst Compilation to be disabled in order to obtain accurate coverage information. To disable Burst Compilation uncheck Jobs > Burst > Enable Compilation or pass '--burst-disable-compilation' to the command line in batchmode.
]]></output>
              </test-case>
              <test-case id="1553" name="RemoveUncheckedFromDenseIndex_MockDataWithVersionArray_ValidIndexRemoved" fullname="GDX.Collections.Generic.NativeArraySparseSetTests.RemoveUncheckedFromDenseIndex_MockDataWithVersionArray_ValidIndexRemoved" methodname="RemoveUncheckedFromDenseIndex_MockDataWithVersionArray_ValidIndexRemoved" classname="GDX.Collections.Generic.NativeArraySparseSetTests" runstate="Runnable" seed="976417063" result="Passed" start-time="2023-07-03 01:07:32Z" end-time="2023-07-03 01:07:32Z" duration="0.000590" asserts="0">
                <properties>
                  <property name="Category" value="GDX.Tests" />
                </properties>
                <output><![CDATA[[Code Coverage] Code Coverage results for visited sequence points were saved in D:/BuildAgent/work/GDX-Documentation/Staging/CodeCoverage/GDX_Development-opencov/EditMode/TestCoverageResults_0178.xml
[Code Coverage] Code Coverage requires Burst Compilation to be disabled in order to obtain accurate coverage information. To disable Burst Compilation uncheck Jobs > Burst > Enable Compilation or pass '--burst-disable-compilation' to the command line in batchmode.
]]></output>
              </test-case>
              <test-case id="1554" name="RemoveUncheckedFromDenseIndex_MockDataWithVersionArrayAndSwapIndex_ValidIndexRemoved" fullname="GDX.Collections.Generic.NativeArraySparseSetTests.RemoveUncheckedFromDenseIndex_MockDataWithVersionArrayAndSwapIndex_ValidIndexRemoved" methodname="RemoveUncheckedFromDenseIndex_MockDataWithVersionArrayAndSwapIndex_ValidIndexRemoved" classname="GDX.Collections.Generic.NativeArraySparseSetTests" runstate="Runnable" seed="1529802221" result="Passed" start-time="2023-07-03 01:07:33Z" end-time="2023-07-03 01:07:33Z" duration="0.000512" asserts="0">
                <properties>
                  <property name="Category" value="GDX.Tests" />
                </properties>
                <output><![CDATA[[Code Coverage] Code Coverage results for visited sequence points were saved in D:/BuildAgent/work/GDX-Documentation/Staging/CodeCoverage/GDX_Development-opencov/EditMode/TestCoverageResults_0179.xml
[Code Coverage] Code Coverage requires Burst Compilation to be disabled in order to obtain accurate coverage information. To disable Burst Compilation uncheck Jobs > Burst > Enable Compilation or pass '--burst-disable-compilation' to the command line in batchmode.
]]></output>
              </test-case>
              <test-case id="1547" name="RemoveWithBoundsAndVersionChecks_MockData_ValidIndexRemovedInvalidIndicesNotRemoved" fullname="GDX.Collections.Generic.NativeArraySparseSetTests.RemoveWithBoundsAndVersionChecks_MockData_ValidIndexRemovedInvalidIndicesNotRemoved" methodname="RemoveWithBoundsAndVersionChecks_MockData_ValidIndexRemovedInvalidIndicesNotRemoved" classname="GDX.Collections.Generic.NativeArraySparseSetTests" runstate="Runnable" seed="216894438" result="Passed" start-time="2023-07-03 01:07:34Z" end-time="2023-07-03 01:07:34Z" duration="0.000768" asserts="0">
                <properties>
                  <property name="Category" value="GDX.Tests" />
                </properties>
                <output><![CDATA[[Code Coverage] Code Coverage results for visited sequence points were saved in D:/BuildAgent/work/GDX-Documentation/Staging/CodeCoverage/GDX_Development-opencov/EditMode/TestCoverageResults_0180.xml
[Code Coverage] Code Coverage requires Burst Compilation to be disabled in order to obtain accurate coverage information. To disable Burst Compilation uncheck Jobs > Burst > Enable Compilation or pass '--burst-disable-compilation' to the command line in batchmode.
]]></output>
              </test-case>
              <test-case id="1545" name="RemoveWithBoundsCheck_MockData_ValidIndexRemovedInvalidIndicesNotRemoved" fullname="GDX.Collections.Generic.NativeArraySparseSetTests.RemoveWithBoundsCheck_MockData_ValidIndexRemovedInvalidIndicesNotRemoved" methodname="RemoveWithBoundsCheck_MockData_ValidIndexRemovedInvalidIndicesNotRemoved" classname="GDX.Collections.Generic.NativeArraySparseSetTests" runstate="Runnable" seed="1727467681" result="Passed" start-time="2023-07-03 01:07:34Z" end-time="2023-07-03 01:07:34Z" duration="0.000559" asserts="0">
                <properties>
                  <property name="Category" value="GDX.Tests" />
                </properties>
                <output><![CDATA[[Code Coverage] Code Coverage results for visited sequence points were saved in D:/BuildAgent/work/GDX-Documentation/Staging/CodeCoverage/GDX_Development-opencov/EditMode/TestCoverageResults_0181.xml
[Code Coverage] Code Coverage requires Burst Compilation to be disabled in order to obtain accurate coverage information. To disable Burst Compilation uncheck Jobs > Burst > Enable Compilation or pass '--burst-disable-compilation' to the command line in batchmode.
]]></output>
              </test-case>
              <test-case id="1546" name="RemoveWithVersionCheck_MockData_ValidIndexRemovedInvalidIndicesNotRemoved" fullname="GDX.Collections.Generic.NativeArraySparseSetTests.RemoveWithVersionCheck_MockData_ValidIndexRemovedInvalidIndicesNotRemoved" methodname="RemoveWithVersionCheck_MockData_ValidIndexRemovedInvalidIndicesNotRemoved" classname="GDX.Collections.Generic.NativeArraySparseSetTests" runstate="Runnable" seed="1927403904" result="Passed" start-time="2023-07-03 01:07:35Z" end-time="2023-07-03 01:07:35Z" duration="0.000568" asserts="0">
                <properties>
                  <property name="Category" value="GDX.Tests" />
                </properties>
                <output><![CDATA[[Code Coverage] Code Coverage results for visited sequence points were saved in D:/BuildAgent/work/GDX-Documentation/Staging/CodeCoverage/GDX_Development-opencov/EditMode/TestCoverageResults_0182.xml
[Code Coverage] Code Coverage requires Burst Compilation to be disabled in order to obtain accurate coverage information. To disable Burst Compilation uncheck Jobs > Burst > Enable Compilation or pass '--burst-disable-compilation' to the command line in batchmode.
]]></output>
              </test-case>
              <test-case id="1560" name="Reserve_MockData_Expanded" fullname="GDX.Collections.Generic.NativeArraySparseSetTests.Reserve_MockData_Expanded" methodname="Reserve_MockData_Expanded" classname="GDX.Collections.Generic.NativeArraySparseSetTests" runstate="Runnable" seed="1778079514" result="Passed" start-time="2023-07-03 01:07:36Z" end-time="2023-07-03 01:07:36Z" duration="0.000612" asserts="0">
                <properties>
                  <property name="Category" value="GDX.Tests" />
                </properties>
                <output><![CDATA[[Code Coverage] Code Coverage results for visited sequence points were saved in D:/BuildAgent/work/GDX-Documentation/Staging/CodeCoverage/GDX_Development-opencov/EditMode/TestCoverageResults_0183.xml
[Code Coverage] Code Coverage requires Burst Compilation to be disabled in order to obtain accurate coverage information. To disable Burst Compilation uncheck Jobs > Burst > Enable Compilation or pass '--burst-disable-compilation' to the command line in batchmode.
]]></output>
              </test-case>
              <test-case id="1561" name="Reserve_MockDataWithVersionArray_Expanded" fullname="GDX.Collections.Generic.NativeArraySparseSetTests.Reserve_MockDataWithVersionArray_Expanded" methodname="Reserve_MockDataWithVersionArray_Expanded" classname="GDX.Collections.Generic.NativeArraySparseSetTests" runstate="Runnable" seed="1428925287" result="Passed" start-time="2023-07-03 01:07:36Z" end-time="2023-07-03 01:07:36Z" duration="0.000665" asserts="0">
                <properties>
                  <property name="Category" value="GDX.Tests" />
                </properties>
                <output><![CDATA[[Code Coverage] Code Coverage results for visited sequence points were saved in D:/BuildAgent/work/GDX-Documentation/Staging/CodeCoverage/GDX_Development-opencov/EditMode/TestCoverageResults_0184.xml
[Code Coverage] Code Coverage requires Burst Compilation to be disabled in order to obtain accurate coverage information. To disable Burst Compilation uncheck Jobs > Burst > Enable Compilation or pass '--burst-disable-compilation' to the command line in batchmode.
]]></output>
              </test-case>
            </test-suite>
            <test-suite type="TestFixture" id="1563" name="NativeUniformArray3DTests" fullname="GDX.Collections.Generic.NativeUniformArray3DTests" classname="GDX.Collections.Generic.NativeUniformArray3DTests" runstate="Runnable" testcasecount="2" result="Passed" start-time="2023-07-03 01:07:37Z" end-time="2023-07-03 01:07:38Z" duration="1.303609" total="2" passed="2" failed="0" inconclusive="0" skipped="0" asserts="0">
              <properties />
              <test-case id="1564" name="Constructor_CorrectSizes" fullname="GDX.Collections.Generic.NativeUniformArray3DTests.Constructor_CorrectSizes" methodname="Constructor_CorrectSizes" classname="GDX.Collections.Generic.NativeUniformArray3DTests" runstate="Runnable" seed="533852510" result="Passed" start-time="2023-07-03 01:07:37Z" end-time="2023-07-03 01:07:37Z" duration="0.000722" asserts="0">
                <properties>
                  <property name="Category" value="GDX.Tests" />
                </properties>
                <output><![CDATA[[Code Coverage] Code Coverage results for visited sequence points were saved in D:/BuildAgent/work/GDX-Documentation/Staging/CodeCoverage/GDX_Development-opencov/EditMode/TestCoverageResults_0185.xml
[Code Coverage] Code Coverage requires Burst Compilation to be disabled in order to obtain accurate coverage information. To disable Burst Compilation uncheck Jobs > Burst > Enable Compilation or pass '--burst-disable-compilation' to the command line in batchmode.
]]></output>
              </test-case>
              <test-case id="1565" name="GetByIndex_LastSpot_ValidEntry" fullname="GDX.Collections.Generic.NativeUniformArray3DTests.GetByIndex_LastSpot_ValidEntry" methodname="GetByIndex_LastSpot_ValidEntry" classname="GDX.Collections.Generic.NativeUniformArray3DTests" runstate="Runnable" seed="921678602" result="Passed" start-time="2023-07-03 01:07:38Z" end-time="2023-07-03 01:07:38Z" duration="0.000504" asserts="0">
                <properties>
                  <property name="Category" value="GDX.Tests" />
                </properties>
                <output><![CDATA[[Code Coverage] Code Coverage results for visited sequence points were saved in D:/BuildAgent/work/GDX-Documentation/Staging/CodeCoverage/GDX_Development-opencov/EditMode/TestCoverageResults_0186.xml
[Code Coverage] Code Coverage requires Burst Compilation to be disabled in order to obtain accurate coverage information. To disable Burst Compilation uncheck Jobs > Burst > Enable Compilation or pass '--burst-disable-compilation' to the command line in batchmode.
]]></output>
              </test-case>
            </test-suite>
            <test-suite type="TestFixture" id="1566" name="SerializableDictionaryTests" fullname="GDX.Collections.Generic.SerializableDictionaryTests" classname="GDX.Collections.Generic.SerializableDictionaryTests" runstate="Runnable" testcasecount="5" result="Passed" start-time="2023-07-03 01:07:38Z" end-time="2023-07-03 01:07:42Z" duration="3.310805" total="5" passed="5" failed="0" inconclusive="0" skipped="0" asserts="0">
              <properties />
              <test-case id="1567" name="IsSerializableType_SystemObject_ReturnsFalse" fullname="GDX.Collections.Generic.SerializableDictionaryTests.IsSerializableType_SystemObject_ReturnsFalse" methodname="IsSerializableType_SystemObject_ReturnsFalse" classname="GDX.Collections.Generic.SerializableDictionaryTests" runstate="Runnable" seed="2121222354" result="Passed" start-time="2023-07-03 01:07:38Z" end-time="2023-07-03 01:07:38Z" duration="0.000533" asserts="0">
                <properties>
                  <property name="Category" value="GDX.Tests" />
                </properties>
                <output><![CDATA[[Code Coverage] Code Coverage results for visited sequence points were saved in D:/BuildAgent/work/GDX-Documentation/Staging/CodeCoverage/GDX_Development-opencov/EditMode/TestCoverageResults_0187.xml
[Code Coverage] Code Coverage requires Burst Compilation to be disabled in order to obtain accurate coverage information. To disable Burst Compilation uncheck Jobs > Burst > Enable Compilation or pass '--burst-disable-compilation' to the command line in batchmode.
]]></output>
              </test-case>
              <test-case id="1569" name="IsSerializableType_UnityObject_ReturnsTrue" fullname="GDX.Collections.Generic.SerializableDictionaryTests.IsSerializableType_UnityObject_ReturnsTrue" methodname="IsSerializableType_UnityObject_ReturnsTrue" classname="GDX.Collections.Generic.SerializableDictionaryTests" runstate="Runnable" seed="903249344" result="Passed" start-time="2023-07-03 01:07:39Z" end-time="2023-07-03 01:07:39Z" duration="0.000355" asserts="0">
                <properties>
                  <property name="Category" value="GDX.Tests" />
                </properties>
                <output><![CDATA[[Code Coverage] Code Coverage results for visited sequence points were saved in D:/BuildAgent/work/GDX-Documentation/Staging/CodeCoverage/GDX_Development-opencov/EditMode/TestCoverageResults_0188.xml
[Code Coverage] Code Coverage requires Burst Compilation to be disabled in order to obtain accurate coverage information. To disable Burst Compilation uncheck Jobs > Burst > Enable Compilation or pass '--burst-disable-compilation' to the command line in batchmode.
]]></output>
              </test-case>
              <test-case id="1570" name="OverwriteSerializedData_MockData_PopulatesDictionary" fullname="GDX.Collections.Generic.SerializableDictionaryTests.OverwriteSerializedData_MockData_PopulatesDictionary" methodname="OverwriteSerializedData_MockData_PopulatesDictionary" classname="GDX.Collections.Generic.SerializableDictionaryTests" runstate="Runnable" seed="1560695348" result="Passed" start-time="2023-07-03 01:07:40Z" end-time="2023-07-03 01:07:40Z" duration="0.000953" asserts="0">
                <properties>
                  <property name="Category" value="GDX.Tests" />
                </properties>
                <output><![CDATA[[Code Coverage] Code Coverage results for visited sequence points were saved in D:/BuildAgent/work/GDX-Documentation/Staging/CodeCoverage/GDX_Development-opencov/EditMode/TestCoverageResults_0189.xml
[Code Coverage] Code Coverage requires Burst Compilation to be disabled in order to obtain accurate coverage information. To disable Burst Compilation uncheck Jobs > Burst > Enable Compilation or pass '--burst-disable-compilation' to the command line in batchmode.
]]></output>
              </test-case>
              <test-case id="1568" name="SaveSerializedData_MockData_ReturnsSerializedDataLength" fullname="GDX.Collections.Generic.SerializableDictionaryTests.SaveSerializedData_MockData_ReturnsSerializedDataLength" methodname="SaveSerializedData_MockData_ReturnsSerializedDataLength" classname="GDX.Collections.Generic.SerializableDictionaryTests" runstate="Runnable" seed="1127452291" result="Passed" start-time="2023-07-03 01:07:40Z" end-time="2023-07-03 01:07:40Z" duration="0.000927" asserts="0">
                <properties>
                  <property name="Category" value="GDX.Tests" />
                </properties>
                <output><![CDATA[[Code Coverage] Code Coverage results for visited sequence points were saved in D:/BuildAgent/work/GDX-Documentation/Staging/CodeCoverage/GDX_Development-opencov/EditMode/TestCoverageResults_0190.xml
[Code Coverage] Code Coverage requires Burst Compilation to be disabled in order to obtain accurate coverage information. To disable Burst Compilation uncheck Jobs > Burst > Enable Compilation or pass '--burst-disable-compilation' to the command line in batchmode.
]]></output>
              </test-case>
              <test-case id="1571" name="SaveSerializedData_NoData_ReturnsZeroSerializedDataLength" fullname="GDX.Collections.Generic.SerializableDictionaryTests.SaveSerializedData_NoData_ReturnsZeroSerializedDataLength" methodname="SaveSerializedData_NoData_ReturnsZeroSerializedDataLength" classname="GDX.Collections.Generic.SerializableDictionaryTests" runstate="Runnable" seed="1959577066" result="Passed" start-time="2023-07-03 01:07:41Z" end-time="2023-07-03 01:07:41Z" duration="0.000335" asserts="0">
                <properties>
                  <property name="Category" value="GDX.Tests" />
                </properties>
                <output><![CDATA[[Code Coverage] Code Coverage results for visited sequence points were saved in D:/BuildAgent/work/GDX-Documentation/Staging/CodeCoverage/GDX_Development-opencov/EditMode/TestCoverageResults_0191.xml
[Code Coverage] Code Coverage requires Burst Compilation to be disabled in order to obtain accurate coverage information. To disable Burst Compilation uncheck Jobs > Burst > Enable Compilation or pass '--burst-disable-compilation' to the command line in batchmode.
]]></output>
              </test-case>
            </test-suite>
            <test-suite type="TestFixture" id="1572" name="SimpleListExtensionsTests" fullname="GDX.Collections.Generic.SimpleListExtensionsTests" classname="GDX.Collections.Generic.SimpleListExtensionsTests" runstate="Runnable" testcasecount="28" result="Passed" start-time="2023-07-03 01:07:42Z" end-time="2023-07-03 01:08:01Z" duration="19.132711" total="28" passed="28" failed="0" inconclusive="0" skipped="0" asserts="0">
              <properties />
              <test-case id="1577" name="AddUncheckedUniqueItem_NonUniqueString_ReturnsFalse" fullname="GDX.Collections.Generic.SimpleListExtensionsTests.AddUncheckedUniqueItem_NonUniqueString_ReturnsFalse" methodname="AddUncheckedUniqueItem_NonUniqueString_ReturnsFalse" classname="GDX.Collections.Generic.SimpleListExtensionsTests" runstate="Runnable" seed="122299591" result="Passed" start-time="2023-07-03 01:07:42Z" end-time="2023-07-03 01:07:42Z" duration="0.001295" asserts="0">
                <properties>
                  <property name="Category" value="GDX.Tests" />
                </properties>
                <output><![CDATA[[Code Coverage] Code Coverage results for visited sequence points were saved in D:/BuildAgent/work/GDX-Documentation/Staging/CodeCoverage/GDX_Development-opencov/EditMode/TestCoverageResults_0192.xml
[Code Coverage] Code Coverage requires Burst Compilation to be disabled in order to obtain accurate coverage information. To disable Burst Compilation uncheck Jobs > Burst > Enable Compilation or pass '--burst-disable-compilation' to the command line in batchmode.
]]></output>
              </test-case>
              <test-case id="1579" name="AddUncheckedUniqueItem_UniqueStringWithNoRoom_ThrowsException" fullname="GDX.Collections.Generic.SimpleListExtensionsTests.AddUncheckedUniqueItem_UniqueStringWithNoRoom_ThrowsException" methodname="AddUncheckedUniqueItem_UniqueStringWithNoRoom_ThrowsException" classname="GDX.Collections.Generic.SimpleListExtensionsTests" runstate="Runnable" seed="1598046832" result="Passed" start-time="2023-07-03 01:07:42Z" end-time="2023-07-03 01:07:42Z" duration="0.000637" asserts="0">
                <properties>
                  <property name="Category" value="GDX.Tests" />
                </properties>
                <output><![CDATA[[Code Coverage] Code Coverage results for visited sequence points were saved in D:/BuildAgent/work/GDX-Documentation/Staging/CodeCoverage/GDX_Development-opencov/EditMode/TestCoverageResults_0193.xml
[Code Coverage] Code Coverage requires Burst Compilation to be disabled in order to obtain accurate coverage information. To disable Burst Compilation uncheck Jobs > Burst > Enable Compilation or pass '--burst-disable-compilation' to the command line in batchmode.
]]></output>
              </test-case>
              <test-case id="1578" name="AddUncheckedUniqueItem_UniqueStringWithRoom_NoException" fullname="GDX.Collections.Generic.SimpleListExtensionsTests.AddUncheckedUniqueItem_UniqueStringWithRoom_NoException" methodname="AddUncheckedUniqueItem_UniqueStringWithRoom_NoException" classname="GDX.Collections.Generic.SimpleListExtensionsTests" runstate="Runnable" seed="1243944961" result="Passed" start-time="2023-07-03 01:07:43Z" end-time="2023-07-03 01:07:43Z" duration="0.001156" asserts="0">
                <properties>
                  <property name="Category" value="GDX.Tests" />
                </properties>
                <output><![CDATA[[Code Coverage] Code Coverage results for visited sequence points were saved in D:/BuildAgent/work/GDX-Documentation/Staging/CodeCoverage/GDX_Development-opencov/EditMode/TestCoverageResults_0194.xml
[Code Coverage] Code Coverage requires Burst Compilation to be disabled in order to obtain accurate coverage information. To disable Burst Compilation uncheck Jobs > Burst > Enable Compilation or pass '--burst-disable-compilation' to the command line in batchmode.
]]></output>
              </test-case>
              <test-case id="1582" name="AddUncheckedUniqueReference_NonUniqueString_ReturnsFalse" fullname="GDX.Collections.Generic.SimpleListExtensionsTests.AddUncheckedUniqueReference_NonUniqueString_ReturnsFalse" methodname="AddUncheckedUniqueReference_NonUniqueString_ReturnsFalse" classname="GDX.Collections.Generic.SimpleListExtensionsTests" runstate="Runnable" seed="1098531478" result="Passed" start-time="2023-07-03 01:07:44Z" end-time="2023-07-03 01:07:44Z" duration="0.000692" asserts="0">
                <properties>
                  <property name="Category" value="GDX.Tests" />
                </properties>
                <output><![CDATA[[Code Coverage] Code Coverage results for visited sequence points were saved in D:/BuildAgent/work/GDX-Documentation/Staging/CodeCoverage/GDX_Development-opencov/EditMode/TestCoverageResults_0195.xml
[Code Coverage] Code Coverage requires Burst Compilation to be disabled in order to obtain accurate coverage information. To disable Burst Compilation uncheck Jobs > Burst > Enable Compilation or pass '--burst-disable-compilation' to the command line in batchmode.
]]></output>
              </test-case>
              <test-case id="1584" name="AddUncheckedUniqueReference_UniqueStringWithNoRoom_ThrowsException" fullname="GDX.Collections.Generic.SimpleListExtensionsTests.AddUncheckedUniqueReference_UniqueStringWithNoRoom_ThrowsException" methodname="AddUncheckedUniqueReference_UniqueStringWithNoRoom_ThrowsException" classname="GDX.Collections.Generic.SimpleListExtensionsTests" runstate="Runnable" seed="490469294" result="Passed" start-time="2023-07-03 01:07:44Z" end-time="2023-07-03 01:07:44Z" duration="0.000618" asserts="0">
                <properties>
                  <property name="Category" value="GDX.Tests" />
                </properties>
                <output><![CDATA[[Code Coverage] Code Coverage results for visited sequence points were saved in D:/BuildAgent/work/GDX-Documentation/Staging/CodeCoverage/GDX_Development-opencov/EditMode/TestCoverageResults_0196.xml
[Code Coverage] Code Coverage requires Burst Compilation to be disabled in order to obtain accurate coverage information. To disable Burst Compilation uncheck Jobs > Burst > Enable Compilation or pass '--burst-disable-compilation' to the command line in batchmode.
]]></output>
              </test-case>
              <test-case id="1583" name="AddUncheckedUniqueReference_UniqueStringWithRoom_NoException" fullname="GDX.Collections.Generic.SimpleListExtensionsTests.AddUncheckedUniqueReference_UniqueStringWithRoom_NoException" methodname="AddUncheckedUniqueReference_UniqueStringWithRoom_NoException" classname="GDX.Collections.Generic.SimpleListExtensionsTests" runstate="Runnable" seed="1811485256" result="Passed" start-time="2023-07-03 01:07:45Z" end-time="2023-07-03 01:07:45Z" duration="0.001089" asserts="0">
                <properties>
                  <property name="Category" value="GDX.Tests" />
                </properties>
                <output><![CDATA[[Code Coverage] Code Coverage results for visited sequence points were saved in D:/BuildAgent/work/GDX-Documentation/Staging/CodeCoverage/GDX_Development-opencov/EditMode/TestCoverageResults_0197.xml
[Code Coverage] Code Coverage requires Burst Compilation to be disabled in order to obtain accurate coverage information. To disable Burst Compilation uncheck Jobs > Burst > Enable Compilation or pass '--burst-disable-compilation' to the command line in batchmode.
]]></output>
              </test-case>
              <test-case id="1573" name="AddWithExpandCheckUniqueItem_NonUniqueString_ReturnsFalse" fullname="GDX.Collections.Generic.SimpleListExtensionsTests.AddWithExpandCheckUniqueItem_NonUniqueString_ReturnsFalse" methodname="AddWithExpandCheckUniqueItem_NonUniqueString_ReturnsFalse" classname="GDX.Collections.Generic.SimpleListExtensionsTests" runstate="Runnable" seed="1325025370" result="Passed" start-time="2023-07-03 01:07:46Z" end-time="2023-07-03 01:07:46Z" duration="0.000687" asserts="0">
                <properties>
                  <property name="Category" value="GDX.Tests" />
                </properties>
                <output><![CDATA[[Code Coverage] Code Coverage results for visited sequence points were saved in D:/BuildAgent/work/GDX-Documentation/Staging/CodeCoverage/GDX_Development-opencov/EditMode/TestCoverageResults_0198.xml
[Code Coverage] Code Coverage requires Burst Compilation to be disabled in order to obtain accurate coverage information. To disable Burst Compilation uncheck Jobs > Burst > Enable Compilation or pass '--burst-disable-compilation' to the command line in batchmode.
]]></output>
              </test-case>
              <test-case id="1574" name="AddWithExpandCheckUniqueItem_UniqueString_ReturnsTrue" fullname="GDX.Collections.Generic.SimpleListExtensionsTests.AddWithExpandCheckUniqueItem_UniqueString_ReturnsTrue" methodname="AddWithExpandCheckUniqueItem_UniqueString_ReturnsTrue" classname="GDX.Collections.Generic.SimpleListExtensionsTests" runstate="Runnable" seed="1061442723" result="Passed" start-time="2023-07-03 01:07:46Z" end-time="2023-07-03 01:07:46Z" duration="0.000876" asserts="0">
                <properties>
                  <property name="Category" value="GDX.Tests" />
                </properties>
                <output><![CDATA[[Code Coverage] Code Coverage results for visited sequence points were saved in D:/BuildAgent/work/GDX-Documentation/Staging/CodeCoverage/GDX_Development-opencov/EditMode/TestCoverageResults_0199.xml
[Code Coverage] Code Coverage requires Burst Compilation to be disabled in order to obtain accurate coverage information. To disable Burst Compilation uncheck Jobs > Burst > Enable Compilation or pass '--burst-disable-compilation' to the command line in batchmode.
]]></output>
              </test-case>
              <test-case id="1580" name="AddWithExpandCheckUniqueReference_NonUniqueString_ReturnsFalse" fullname="GDX.Collections.Generic.SimpleListExtensionsTests.AddWithExpandCheckUniqueReference_NonUniqueString_ReturnsFalse" methodname="AddWithExpandCheckUniqueReference_NonUniqueString_ReturnsFalse" classname="GDX.Collections.Generic.SimpleListExtensionsTests" runstate="Runnable" seed="2146719520" result="Passed" start-time="2023-07-03 01:07:47Z" end-time="2023-07-03 01:07:47Z" duration="0.000594" asserts="0">
                <properties>
                  <property name="Category" value="GDX.Tests" />
                </properties>
                <output><![CDATA[[Code Coverage] Code Coverage results for visited sequence points were saved in D:/BuildAgent/work/GDX-Documentation/Staging/CodeCoverage/GDX_Development-opencov/EditMode/TestCoverageResults_0200.xml
[Code Coverage] Code Coverage requires Burst Compilation to be disabled in order to obtain accurate coverage information. To disable Burst Compilation uncheck Jobs > Burst > Enable Compilation or pass '--burst-disable-compilation' to the command line in batchmode.
]]></output>
              </test-case>
              <test-case id="1581" name="AddWithExpandCheckUniqueReference_UniqueString_ReturnsTrue" fullname="GDX.Collections.Generic.SimpleListExtensionsTests.AddWithExpandCheckUniqueReference_UniqueString_ReturnsTrue" methodname="AddWithExpandCheckUniqueReference_UniqueString_ReturnsTrue" classname="GDX.Collections.Generic.SimpleListExtensionsTests" runstate="Runnable" seed="601144339" result="Passed" start-time="2023-07-03 01:07:48Z" end-time="2023-07-03 01:07:48Z" duration="0.000524" asserts="0">
                <properties>
                  <property name="Category" value="GDX.Tests" />
                </properties>
                <output><![CDATA[[Code Coverage] Code Coverage results for visited sequence points were saved in D:/BuildAgent/work/GDX-Documentation/Staging/CodeCoverage/GDX_Development-opencov/EditMode/TestCoverageResults_0201.xml
[Code Coverage] Code Coverage requires Burst Compilation to be disabled in order to obtain accurate coverage information. To disable Burst Compilation uncheck Jobs > Burst > Enable Compilation or pass '--burst-disable-compilation' to the command line in batchmode.
]]></output>
              </test-case>
              <test-case id="1575" name="AddWithExpandCheckUniqueValue_NonUniqueFloat_ReturnsFalse" fullname="GDX.Collections.Generic.SimpleListExtensionsTests.AddWithExpandCheckUniqueValue_NonUniqueFloat_ReturnsFalse" methodname="AddWithExpandCheckUniqueValue_NonUniqueFloat_ReturnsFalse" classname="GDX.Collections.Generic.SimpleListExtensionsTests" runstate="Runnable" seed="174082133" result="Passed" start-time="2023-07-03 01:07:49Z" end-time="2023-07-03 01:07:49Z" duration="0.000833" asserts="0">
                <properties>
                  <property name="Category" value="GDX.Tests" />
                </properties>
                <output><![CDATA[[Code Coverage] Code Coverage results for visited sequence points were saved in D:/BuildAgent/work/GDX-Documentation/Staging/CodeCoverage/GDX_Development-opencov/EditMode/TestCoverageResults_0202.xml
[Code Coverage] Code Coverage requires Burst Compilation to be disabled in order to obtain accurate coverage information. To disable Burst Compilation uncheck Jobs > Burst > Enable Compilation or pass '--burst-disable-compilation' to the command line in batchmode.
]]></output>
              </test-case>
              <test-case id="1576" name="AddWithExpandCheckUniqueValue_UniqueFloat_ReturnsTrue" fullname="GDX.Collections.Generic.SimpleListExtensionsTests.AddWithExpandCheckUniqueValue_UniqueFloat_ReturnsTrue" methodname="AddWithExpandCheckUniqueValue_UniqueFloat_ReturnsTrue" classname="GDX.Collections.Generic.SimpleListExtensionsTests" runstate="Runnable" seed="638589117" result="Passed" start-time="2023-07-03 01:07:49Z" end-time="2023-07-03 01:07:49Z" duration="0.000445" asserts="0">
                <properties>
                  <property name="Category" value="GDX.Tests" />
                </properties>
                <output><![CDATA[[Code Coverage] Code Coverage results for visited sequence points were saved in D:/BuildAgent/work/GDX-Documentation/Staging/CodeCoverage/GDX_Development-opencov/EditMode/TestCoverageResults_0203.xml
[Code Coverage] Code Coverage requires Burst Compilation to be disabled in order to obtain accurate coverage information. To disable Burst Compilation uncheck Jobs > Burst > Enable Compilation or pass '--burst-disable-compilation' to the command line in batchmode.
]]></output>
              </test-case>
              <test-case id="1586" name="ContainsItem_Object_ReturnsTrue" fullname="GDX.Collections.Generic.SimpleListExtensionsTests.ContainsItem_Object_ReturnsTrue" methodname="ContainsItem_Object_ReturnsTrue" classname="GDX.Collections.Generic.SimpleListExtensionsTests" runstate="Runnable" seed="509112422" result="Passed" start-time="2023-07-03 01:07:50Z" end-time="2023-07-03 01:07:50Z" duration="0.000505" asserts="0">
                <properties>
                  <property name="Category" value="GDX.Tests" />
                </properties>
                <output><![CDATA[[Code Coverage] Code Coverage results for visited sequence points were saved in D:/BuildAgent/work/GDX-Documentation/Staging/CodeCoverage/GDX_Development-opencov/EditMode/TestCoverageResults_0204.xml
[Code Coverage] Code Coverage requires Burst Compilation to be disabled in order to obtain accurate coverage information. To disable Burst Compilation uncheck Jobs > Burst > Enable Compilation or pass '--burst-disable-compilation' to the command line in batchmode.
]]></output>
              </test-case>
              <test-case id="1585" name="ContainsItem_String_ReturnsTrue" fullname="GDX.Collections.Generic.SimpleListExtensionsTests.ContainsItem_String_ReturnsTrue" methodname="ContainsItem_String_ReturnsTrue" classname="GDX.Collections.Generic.SimpleListExtensionsTests" runstate="Runnable" seed="1473983" result="Passed" start-time="2023-07-03 01:07:51Z" end-time="2023-07-03 01:07:51Z" duration="0.000864" asserts="0">
                <properties>
                  <property name="Category" value="GDX.Tests" />
                </properties>
                <output><![CDATA[[Code Coverage] Code Coverage results for visited sequence points were saved in D:/BuildAgent/work/GDX-Documentation/Staging/CodeCoverage/GDX_Development-opencov/EditMode/TestCoverageResults_0205.xml
[Code Coverage] Code Coverage requires Burst Compilation to be disabled in order to obtain accurate coverage information. To disable Burst Compilation uncheck Jobs > Burst > Enable Compilation or pass '--burst-disable-compilation' to the command line in batchmode.
]]></output>
              </test-case>
              <test-case id="1588" name="ContainsReference_Object_ReturnsTrue" fullname="GDX.Collections.Generic.SimpleListExtensionsTests.ContainsReference_Object_ReturnsTrue" methodname="ContainsReference_Object_ReturnsTrue" classname="GDX.Collections.Generic.SimpleListExtensionsTests" runstate="Runnable" seed="1363486073" result="Passed" start-time="2023-07-03 01:07:52Z" end-time="2023-07-03 01:07:52Z" duration="0.000489" asserts="0">
                <properties>
                  <property name="Category" value="GDX.Tests" />
                </properties>
                <output><![CDATA[[Code Coverage] Code Coverage results for visited sequence points were saved in D:/BuildAgent/work/GDX-Documentation/Staging/CodeCoverage/GDX_Development-opencov/EditMode/TestCoverageResults_0206.xml
[Code Coverage] Code Coverage requires Burst Compilation to be disabled in order to obtain accurate coverage information. To disable Burst Compilation uncheck Jobs > Burst > Enable Compilation or pass '--burst-disable-compilation' to the command line in batchmode.
]]></output>
              </test-case>
              <test-case id="1587" name="ContainsReference_String_ReturnsTrue" fullname="GDX.Collections.Generic.SimpleListExtensionsTests.ContainsReference_String_ReturnsTrue" methodname="ContainsReference_String_ReturnsTrue" classname="GDX.Collections.Generic.SimpleListExtensionsTests" runstate="Runnable" seed="1024328903" result="Passed" start-time="2023-07-03 01:07:52Z" end-time="2023-07-03 01:07:52Z" duration="0.000468" asserts="0">
                <properties>
                  <property name="Category" value="GDX.Tests" />
                </properties>
                <output><![CDATA[[Code Coverage] Code Coverage results for visited sequence points were saved in D:/BuildAgent/work/GDX-Documentation/Staging/CodeCoverage/GDX_Development-opencov/EditMode/TestCoverageResults_0207.xml
[Code Coverage] Code Coverage requires Burst Compilation to be disabled in order to obtain accurate coverage information. To disable Burst Compilation uncheck Jobs > Burst > Enable Compilation or pass '--burst-disable-compilation' to the command line in batchmode.
]]></output>
              </test-case>
              <test-case id="1600" name="ContainsValue_MockDataNoValue_NotFound" fullname="GDX.Collections.Generic.SimpleListExtensionsTests.ContainsValue_MockDataNoValue_NotFound" methodname="ContainsValue_MockDataNoValue_NotFound" classname="GDX.Collections.Generic.SimpleListExtensionsTests" runstate="Runnable" seed="87250783" result="Passed" start-time="2023-07-03 01:07:53Z" end-time="2023-07-03 01:07:53Z" duration="0.000656" asserts="0">
                <properties>
                  <property name="Category" value="GDX.Tests" />
                </properties>
                <output><![CDATA[[Code Coverage] Code Coverage results for visited sequence points were saved in D:/BuildAgent/work/GDX-Documentation/Staging/CodeCoverage/GDX_Development-opencov/EditMode/TestCoverageResults_0208.xml
[Code Coverage] Code Coverage requires Burst Compilation to be disabled in order to obtain accurate coverage information. To disable Burst Compilation uncheck Jobs > Burst > Enable Compilation or pass '--burst-disable-compilation' to the command line in batchmode.
]]></output>
              </test-case>
              <test-case id="1599" name="ContainsValue_MockDataValue_Found" fullname="GDX.Collections.Generic.SimpleListExtensionsTests.ContainsValue_MockDataValue_Found" methodname="ContainsValue_MockDataValue_Found" classname="GDX.Collections.Generic.SimpleListExtensionsTests" runstate="Runnable" seed="1511954677" result="Passed" start-time="2023-07-03 01:07:53Z" end-time="2023-07-03 01:07:53Z" duration="0.000440" asserts="0">
                <properties>
                  <property name="Category" value="GDX.Tests" />
                </properties>
                <output><![CDATA[[Code Coverage] Code Coverage results for visited sequence points were saved in D:/BuildAgent/work/GDX-Documentation/Staging/CodeCoverage/GDX_Development-opencov/EditMode/TestCoverageResults_0209.xml
[Code Coverage] Code Coverage requires Burst Compilation to be disabled in order to obtain accurate coverage information. To disable Burst Compilation uncheck Jobs > Burst > Enable Compilation or pass '--burst-disable-compilation' to the command line in batchmode.
]]></output>
              </test-case>
              <test-case id="1590" name="RemoveFirstItem_MockData_NoItemReturnsFalse" fullname="GDX.Collections.Generic.SimpleListExtensionsTests.RemoveFirstItem_MockData_NoItemReturnsFalse" methodname="RemoveFirstItem_MockData_NoItemReturnsFalse" classname="GDX.Collections.Generic.SimpleListExtensionsTests" runstate="Runnable" seed="968211509" result="Passed" start-time="2023-07-03 01:07:54Z" end-time="2023-07-03 01:07:54Z" duration="0.000641" asserts="0">
                <properties>
                  <property name="Category" value="GDX.Tests" />
                </properties>
                <output><![CDATA[[Code Coverage] Code Coverage results for visited sequence points were saved in D:/BuildAgent/work/GDX-Documentation/Staging/CodeCoverage/GDX_Development-opencov/EditMode/TestCoverageResults_0210.xml
[Code Coverage] Code Coverage requires Burst Compilation to be disabled in order to obtain accurate coverage information. To disable Burst Compilation uncheck Jobs > Burst > Enable Compilation or pass '--burst-disable-compilation' to the command line in batchmode.
]]></output>
              </test-case>
              <test-case id="1589" name="RemoveFirstItem_MockData_RemovedItem" fullname="GDX.Collections.Generic.SimpleListExtensionsTests.RemoveFirstItem_MockData_RemovedItem" methodname="RemoveFirstItem_MockData_RemovedItem" classname="GDX.Collections.Generic.SimpleListExtensionsTests" runstate="Runnable" seed="104082371" result="Passed" start-time="2023-07-03 01:07:55Z" end-time="2023-07-03 01:07:55Z" duration="0.000655" asserts="0">
                <properties>
                  <property name="Category" value="GDX.Tests" />
                </properties>
                <output><![CDATA[[Code Coverage] Code Coverage results for visited sequence points were saved in D:/BuildAgent/work/GDX-Documentation/Staging/CodeCoverage/GDX_Development-opencov/EditMode/TestCoverageResults_0211.xml
[Code Coverage] Code Coverage requires Burst Compilation to be disabled in order to obtain accurate coverage information. To disable Burst Compilation uncheck Jobs > Burst > Enable Compilation or pass '--burst-disable-compilation' to the command line in batchmode.
]]></output>
              </test-case>
              <test-case id="1592" name="RemoveFirstReference_MockData_NoItemReturnsFalse" fullname="GDX.Collections.Generic.SimpleListExtensionsTests.RemoveFirstReference_MockData_NoItemReturnsFalse" methodname="RemoveFirstReference_MockData_NoItemReturnsFalse" classname="GDX.Collections.Generic.SimpleListExtensionsTests" runstate="Runnable" seed="625070590" result="Passed" start-time="2023-07-03 01:07:55Z" end-time="2023-07-03 01:07:55Z" duration="0.000641" asserts="0">
                <properties>
                  <property name="Category" value="GDX.Tests" />
                </properties>
                <output><![CDATA[[Code Coverage] Code Coverage results for visited sequence points were saved in D:/BuildAgent/work/GDX-Documentation/Staging/CodeCoverage/GDX_Development-opencov/EditMode/TestCoverageResults_0212.xml
[Code Coverage] Code Coverage requires Burst Compilation to be disabled in order to obtain accurate coverage information. To disable Burst Compilation uncheck Jobs > Burst > Enable Compilation or pass '--burst-disable-compilation' to the command line in batchmode.
]]></output>
              </test-case>
              <test-case id="1591" name="RemoveFirstReference_MockData_RemovedItem" fullname="GDX.Collections.Generic.SimpleListExtensionsTests.RemoveFirstReference_MockData_RemovedItem" methodname="RemoveFirstReference_MockData_RemovedItem" classname="GDX.Collections.Generic.SimpleListExtensionsTests" runstate="Runnable" seed="1566785292" result="Passed" start-time="2023-07-03 01:07:56Z" end-time="2023-07-03 01:07:56Z" duration="0.000540" asserts="0">
                <properties>
                  <property name="Category" value="GDX.Tests" />
                </properties>
                <output><![CDATA[[Code Coverage] Code Coverage results for visited sequence points were saved in D:/BuildAgent/work/GDX-Documentation/Staging/CodeCoverage/GDX_Development-opencov/EditMode/TestCoverageResults_0213.xml
[Code Coverage] Code Coverage requires Burst Compilation to be disabled in order to obtain accurate coverage information. To disable Burst Compilation uncheck Jobs > Burst > Enable Compilation or pass '--burst-disable-compilation' to the command line in batchmode.
]]></output>
              </test-case>
              <test-case id="1593" name="RemoveItems_MockData_RemovedItems" fullname="GDX.Collections.Generic.SimpleListExtensionsTests.RemoveItems_MockData_RemovedItems" methodname="RemoveItems_MockData_RemovedItems" classname="GDX.Collections.Generic.SimpleListExtensionsTests" runstate="Runnable" seed="201986168" result="Passed" start-time="2023-07-03 01:07:57Z" end-time="2023-07-03 01:07:57Z" duration="0.000661" asserts="0">
                <properties>
                  <property name="Category" value="GDX.Tests" />
                </properties>
                <output><![CDATA[[Code Coverage] Code Coverage results for visited sequence points were saved in D:/BuildAgent/work/GDX-Documentation/Staging/CodeCoverage/GDX_Development-opencov/EditMode/TestCoverageResults_0214.xml
[Code Coverage] Code Coverage requires Burst Compilation to be disabled in order to obtain accurate coverage information. To disable Burst Compilation uncheck Jobs > Burst > Enable Compilation or pass '--burst-disable-compilation' to the command line in batchmode.
]]></output>
              </test-case>
              <test-case id="1596" name="RemoveLastItem_MockData_NoItemReturnsFalse" fullname="GDX.Collections.Generic.SimpleListExtensionsTests.RemoveLastItem_MockData_NoItemReturnsFalse" methodname="RemoveLastItem_MockData_NoItemReturnsFalse" classname="GDX.Collections.Generic.SimpleListExtensionsTests" runstate="Runnable" seed="916244841" result="Passed" start-time="2023-07-03 01:07:57Z" end-time="2023-07-03 01:07:57Z" duration="0.000665" asserts="0">
                <properties>
                  <property name="Category" value="GDX.Tests" />
                </properties>
                <output><![CDATA[[Code Coverage] Code Coverage results for visited sequence points were saved in D:/BuildAgent/work/GDX-Documentation/Staging/CodeCoverage/GDX_Development-opencov/EditMode/TestCoverageResults_0215.xml
[Code Coverage] Code Coverage requires Burst Compilation to be disabled in order to obtain accurate coverage information. To disable Burst Compilation uncheck Jobs > Burst > Enable Compilation or pass '--burst-disable-compilation' to the command line in batchmode.
]]></output>
              </test-case>
              <test-case id="1595" name="RemoveLastItem_MockData_RemovedItem" fullname="GDX.Collections.Generic.SimpleListExtensionsTests.RemoveLastItem_MockData_RemovedItem" methodname="RemoveLastItem_MockData_RemovedItem" classname="GDX.Collections.Generic.SimpleListExtensionsTests" runstate="Runnable" seed="183432768" result="Passed" start-time="2023-07-03 01:07:58Z" end-time="2023-07-03 01:07:58Z" duration="0.000548" asserts="0">
                <properties>
                  <property name="Category" value="GDX.Tests" />
                </properties>
                <output><![CDATA[[Code Coverage] Code Coverage results for visited sequence points were saved in D:/BuildAgent/work/GDX-Documentation/Staging/CodeCoverage/GDX_Development-opencov/EditMode/TestCoverageResults_0216.xml
[Code Coverage] Code Coverage requires Burst Compilation to be disabled in order to obtain accurate coverage information. To disable Burst Compilation uncheck Jobs > Burst > Enable Compilation or pass '--burst-disable-compilation' to the command line in batchmode.
]]></output>
              </test-case>
              <test-case id="1598" name="RemoveLastReference_MockData_NoItemReturnsFalse" fullname="GDX.Collections.Generic.SimpleListExtensionsTests.RemoveLastReference_MockData_NoItemReturnsFalse" methodname="RemoveLastReference_MockData_NoItemReturnsFalse" classname="GDX.Collections.Generic.SimpleListExtensionsTests" runstate="Runnable" seed="1216665548" result="Passed" start-time="2023-07-03 01:07:59Z" end-time="2023-07-03 01:07:59Z" duration="0.000663" asserts="0">
                <properties>
                  <property name="Category" value="GDX.Tests" />
                </properties>
                <output><![CDATA[[Code Coverage] Code Coverage results for visited sequence points were saved in D:/BuildAgent/work/GDX-Documentation/Staging/CodeCoverage/GDX_Development-opencov/EditMode/TestCoverageResults_0217.xml
[Code Coverage] Code Coverage requires Burst Compilation to be disabled in order to obtain accurate coverage information. To disable Burst Compilation uncheck Jobs > Burst > Enable Compilation or pass '--burst-disable-compilation' to the command line in batchmode.
]]></output>
              </test-case>
              <test-case id="1597" name="RemoveLastReference_MockData_RemovedItem" fullname="GDX.Collections.Generic.SimpleListExtensionsTests.RemoveLastReference_MockData_RemovedItem" methodname="RemoveLastReference_MockData_RemovedItem" classname="GDX.Collections.Generic.SimpleListExtensionsTests" runstate="Runnable" seed="786716149" result="Passed" start-time="2023-07-03 01:07:59Z" end-time="2023-07-03 01:07:59Z" duration="0.000540" asserts="0">
                <properties>
                  <property name="Category" value="GDX.Tests" />
                </properties>
                <output><![CDATA[[Code Coverage] Code Coverage results for visited sequence points were saved in D:/BuildAgent/work/GDX-Documentation/Staging/CodeCoverage/GDX_Development-opencov/EditMode/TestCoverageResults_0218.xml
[Code Coverage] Code Coverage requires Burst Compilation to be disabled in order to obtain accurate coverage information. To disable Burst Compilation uncheck Jobs > Burst > Enable Compilation or pass '--burst-disable-compilation' to the command line in batchmode.
]]></output>
              </test-case>
              <test-case id="1594" name="RemoveReferences_MockData_RemovedItems" fullname="GDX.Collections.Generic.SimpleListExtensionsTests.RemoveReferences_MockData_RemovedItems" methodname="RemoveReferences_MockData_RemovedItems" classname="GDX.Collections.Generic.SimpleListExtensionsTests" runstate="Runnable" seed="224197242" result="Passed" start-time="2023-07-03 01:08:00Z" end-time="2023-07-03 01:08:00Z" duration="0.000670" asserts="0">
                <properties>
                  <property name="Category" value="GDX.Tests" />
                </properties>
                <output><![CDATA[[Code Coverage] Code Coverage results for visited sequence points were saved in D:/BuildAgent/work/GDX-Documentation/Staging/CodeCoverage/GDX_Development-opencov/EditMode/TestCoverageResults_0219.xml
[Code Coverage] Code Coverage requires Burst Compilation to be disabled in order to obtain accurate coverage information. To disable Burst Compilation uncheck Jobs > Burst > Enable Compilation or pass '--burst-disable-compilation' to the command line in batchmode.
]]></output>
              </test-case>
            </test-suite>
            <test-suite type="TestFixture" id="1601" name="SimpleListTests" fullname="GDX.Collections.Generic.SimpleListTests" classname="GDX.Collections.Generic.SimpleListTests" runstate="Runnable" testcasecount="40" result="Passed" start-time="2023-07-03 01:08:01Z" end-time="2023-07-03 01:08:28Z" duration="26.961449" total="40" passed="40" failed="0" inconclusive="0" skipped="0" asserts="0">
              <properties />
              <test-case id="1612" name="AddExpandClearBoth_MockDataWithExpansion_ValueAdded" fullname="GDX.Collections.Generic.SimpleListTests.AddExpandClearBoth_MockDataWithExpansion_ValueAdded" methodname="AddExpandClearBoth_MockDataWithExpansion_ValueAdded" classname="GDX.Collections.Generic.SimpleListTests" runstate="Runnable" seed="1936706155" result="Passed" start-time="2023-07-03 01:08:01Z" end-time="2023-07-03 01:08:01Z" duration="0.000633" asserts="0">
                <properties>
                  <property name="Category" value="GDX.Tests" />
                </properties>
                <output><![CDATA[[Code Coverage] Code Coverage results for visited sequence points were saved in D:/BuildAgent/work/GDX-Documentation/Staging/CodeCoverage/GDX_Development-opencov/EditMode/TestCoverageResults_0220.xml
[Code Coverage] Code Coverage requires Burst Compilation to be disabled in order to obtain accurate coverage information. To disable Burst Compilation uncheck Jobs > Burst > Enable Compilation or pass '--burst-disable-compilation' to the command line in batchmode.
]]></output>
              </test-case>
              <test-case id="1611" name="AddExpandClearNew_MockDataWithExpansion_ValueAdded" fullname="GDX.Collections.Generic.SimpleListTests.AddExpandClearNew_MockDataWithExpansion_ValueAdded" methodname="AddExpandClearNew_MockDataWithExpansion_ValueAdded" classname="GDX.Collections.Generic.SimpleListTests" runstate="Runnable" seed="1380289458" result="Passed" start-time="2023-07-03 01:08:01Z" end-time="2023-07-03 01:08:01Z" duration="0.000734" asserts="0">
                <properties>
                  <property name="Category" value="GDX.Tests" />
                </properties>
                <output><![CDATA[[Code Coverage] Code Coverage results for visited sequence points were saved in D:/BuildAgent/work/GDX-Documentation/Staging/CodeCoverage/GDX_Development-opencov/EditMode/TestCoverageResults_0221.xml
[Code Coverage] Code Coverage requires Burst Compilation to be disabled in order to obtain accurate coverage information. To disable Burst Compilation uncheck Jobs > Burst > Enable Compilation or pass '--burst-disable-compilation' to the command line in batchmode.
]]></output>
              </test-case>
              <test-case id="1610" name="AddExpandClearOld_MockDataWithExpansion_ValueAdded" fullname="GDX.Collections.Generic.SimpleListTests.AddExpandClearOld_MockDataWithExpansion_ValueAdded" methodname="AddExpandClearOld_MockDataWithExpansion_ValueAdded" classname="GDX.Collections.Generic.SimpleListTests" runstate="Runnable" seed="204960609" result="Passed" start-time="2023-07-03 01:08:02Z" end-time="2023-07-03 01:08:02Z" duration="0.000579" asserts="0">
                <properties>
                  <property name="Category" value="GDX.Tests" />
                </properties>
                <output><![CDATA[[Code Coverage] Code Coverage results for visited sequence points were saved in D:/BuildAgent/work/GDX-Documentation/Staging/CodeCoverage/GDX_Development-opencov/EditMode/TestCoverageResults_0222.xml
[Code Coverage] Code Coverage requires Burst Compilation to be disabled in order to obtain accurate coverage information. To disable Burst Compilation uncheck Jobs > Burst > Enable Compilation or pass '--burst-disable-compilation' to the command line in batchmode.
]]></output>
              </test-case>
              <test-case id="1609" name="AddExpandNoClear_MockDataWithExpansion_ValueAdded" fullname="GDX.Collections.Generic.SimpleListTests.AddExpandNoClear_MockDataWithExpansion_ValueAdded" methodname="AddExpandNoClear_MockDataWithExpansion_ValueAdded" classname="GDX.Collections.Generic.SimpleListTests" runstate="Runnable" seed="582430859" result="Passed" start-time="2023-07-03 01:08:03Z" end-time="2023-07-03 01:08:03Z" duration="0.000604" asserts="0">
                <properties>
                  <property name="Category" value="GDX.Tests" />
                </properties>
                <output><![CDATA[[Code Coverage] Code Coverage results for visited sequence points were saved in D:/BuildAgent/work/GDX-Documentation/Staging/CodeCoverage/GDX_Development-opencov/EditMode/TestCoverageResults_0223.xml
[Code Coverage] Code Coverage requires Burst Compilation to be disabled in order to obtain accurate coverage information. To disable Burst Compilation uncheck Jobs > Burst > Enable Compilation or pass '--burst-disable-compilation' to the command line in batchmode.
]]></output>
              </test-case>
              <test-case id="1605" name="AddUnchecked_MockData_ValueAdded" fullname="GDX.Collections.Generic.SimpleListTests.AddUnchecked_MockData_ValueAdded" methodname="AddUnchecked_MockData_ValueAdded" classname="GDX.Collections.Generic.SimpleListTests" runstate="Runnable" seed="693770165" result="Passed" start-time="2023-07-03 01:08:03Z" end-time="2023-07-03 01:08:03Z" duration="0.000351" asserts="0">
                <properties>
                  <property name="Category" value="GDX.Tests" />
                </properties>
                <output><![CDATA[[Code Coverage] Code Coverage results for visited sequence points were saved in D:/BuildAgent/work/GDX-Documentation/Staging/CodeCoverage/GDX_Development-opencov/EditMode/TestCoverageResults_0224.xml
[Code Coverage] Code Coverage requires Burst Compilation to be disabled in order to obtain accurate coverage information. To disable Burst Compilation uncheck Jobs > Burst > Enable Compilation or pass '--burst-disable-compilation' to the command line in batchmode.
]]></output>
              </test-case>
              <test-case id="1606" name="AddUnchecked_MockDataOverflow_ThrowsException" fullname="GDX.Collections.Generic.SimpleListTests.AddUnchecked_MockDataOverflow_ThrowsException" methodname="AddUnchecked_MockDataOverflow_ThrowsException" classname="GDX.Collections.Generic.SimpleListTests" runstate="Runnable" seed="2060647481" result="Passed" start-time="2023-07-03 01:08:04Z" end-time="2023-07-03 01:08:04Z" duration="0.000504" asserts="0">
                <properties>
                  <property name="Category" value="GDX.Tests" />
                </properties>
                <output><![CDATA[[Code Coverage] Code Coverage results for visited sequence points were saved in D:/BuildAgent/work/GDX-Documentation/Staging/CodeCoverage/GDX_Development-opencov/EditMode/TestCoverageResults_0225.xml
[Code Coverage] Code Coverage requires Burst Compilation to be disabled in order to obtain accurate coverage information. To disable Burst Compilation uncheck Jobs > Burst > Enable Compilation or pass '--burst-disable-compilation' to the command line in batchmode.
]]></output>
              </test-case>
              <test-case id="1607" name="AddWithExpandCheck_MockData_ValueAdded" fullname="GDX.Collections.Generic.SimpleListTests.AddWithExpandCheck_MockData_ValueAdded" methodname="AddWithExpandCheck_MockData_ValueAdded" classname="GDX.Collections.Generic.SimpleListTests" runstate="Runnable" seed="756664634" result="Passed" start-time="2023-07-03 01:08:05Z" end-time="2023-07-03 01:08:05Z" duration="0.000457" asserts="0">
                <properties>
                  <property name="Category" value="GDX.Tests" />
                </properties>
                <output><![CDATA[[Code Coverage] Code Coverage results for visited sequence points were saved in D:/BuildAgent/work/GDX-Documentation/Staging/CodeCoverage/GDX_Development-opencov/EditMode/TestCoverageResults_0226.xml
[Code Coverage] Code Coverage requires Burst Compilation to be disabled in order to obtain accurate coverage information. To disable Burst Compilation uncheck Jobs > Burst > Enable Compilation or pass '--burst-disable-compilation' to the command line in batchmode.
]]></output>
              </test-case>
              <test-case id="1608" name="AddWithExpandCheck_MockDataWithExpansion_ValueAdded" fullname="GDX.Collections.Generic.SimpleListTests.AddWithExpandCheck_MockDataWithExpansion_ValueAdded" methodname="AddWithExpandCheck_MockDataWithExpansion_ValueAdded" classname="GDX.Collections.Generic.SimpleListTests" runstate="Runnable" seed="2144605911" result="Passed" start-time="2023-07-03 01:08:05Z" end-time="2023-07-03 01:08:05Z" duration="0.000448" asserts="0">
                <properties>
                  <property name="Category" value="GDX.Tests" />
                </properties>
                <output><![CDATA[[Code Coverage] Code Coverage results for visited sequence points were saved in D:/BuildAgent/work/GDX-Documentation/Staging/CodeCoverage/GDX_Development-opencov/EditMode/TestCoverageResults_0227.xml
[Code Coverage] Code Coverage requires Burst Compilation to be disabled in order to obtain accurate coverage information. To disable Burst Compilation uncheck Jobs > Burst > Enable Compilation or pass '--burst-disable-compilation' to the command line in batchmode.
]]></output>
              </test-case>
              <test-case id="1617" name="Clear_MockData_DataCleared" fullname="GDX.Collections.Generic.SimpleListTests.Clear_MockData_DataCleared" methodname="Clear_MockData_DataCleared" classname="GDX.Collections.Generic.SimpleListTests" runstate="Runnable" seed="645752178" result="Passed" start-time="2023-07-03 01:08:06Z" end-time="2023-07-03 01:08:06Z" duration="0.000385" asserts="0">
                <properties>
                  <property name="Category" value="GDX.Tests" />
                </properties>
                <output><![CDATA[[Code Coverage] Code Coverage results for visited sequence points were saved in D:/BuildAgent/work/GDX-Documentation/Staging/CodeCoverage/GDX_Development-opencov/EditMode/TestCoverageResults_0228.xml
[Code Coverage] Code Coverage requires Burst Compilation to be disabled in order to obtain accurate coverage information. To disable Burst Compilation uncheck Jobs > Burst > Enable Compilation or pass '--burst-disable-compilation' to the command line in batchmode.
]]></output>
              </test-case>
              <test-case id="1602" name="Constructor_CreateWithCount" fullname="GDX.Collections.Generic.SimpleListTests.Constructor_CreateWithCount" methodname="Constructor_CreateWithCount" classname="GDX.Collections.Generic.SimpleListTests" runstate="Runnable" seed="52765288" result="Passed" start-time="2023-07-03 01:08:07Z" end-time="2023-07-03 01:08:07Z" duration="0.000356" asserts="0">
                <properties>
                  <property name="Category" value="GDX.Tests" />
                </properties>
                <output><![CDATA[[Code Coverage] Code Coverage results for visited sequence points were saved in D:/BuildAgent/work/GDX-Documentation/Staging/CodeCoverage/GDX_Development-opencov/EditMode/TestCoverageResults_0229.xml
[Code Coverage] Code Coverage requires Burst Compilation to be disabled in order to obtain accurate coverage information. To disable Burst Compilation uncheck Jobs > Burst > Enable Compilation or pass '--burst-disable-compilation' to the command line in batchmode.
]]></output>
              </test-case>
              <test-case id="1603" name="Constructor_CreateWithExisting_FillsList" fullname="GDX.Collections.Generic.SimpleListTests.Constructor_CreateWithExisting_FillsList" methodname="Constructor_CreateWithExisting_FillsList" classname="GDX.Collections.Generic.SimpleListTests" runstate="Runnable" seed="1064620794" result="Passed" start-time="2023-07-03 01:08:07Z" end-time="2023-07-03 01:08:07Z" duration="0.000412" asserts="0">
                <properties>
                  <property name="Category" value="GDX.Tests" />
                </properties>
                <output><![CDATA[[Code Coverage] Code Coverage results for visited sequence points were saved in D:/BuildAgent/work/GDX-Documentation/Staging/CodeCoverage/GDX_Development-opencov/EditMode/TestCoverageResults_0230.xml
[Code Coverage] Code Coverage requires Burst Compilation to be disabled in order to obtain accurate coverage information. To disable Burst Compilation uncheck Jobs > Burst > Enable Compilation or pass '--burst-disable-compilation' to the command line in batchmode.
]]></output>
              </test-case>
              <test-case id="1604" name="Constructor_CreateWithExistingNoCount_FillsListNoCount" fullname="GDX.Collections.Generic.SimpleListTests.Constructor_CreateWithExistingNoCount_FillsListNoCount" methodname="Constructor_CreateWithExistingNoCount_FillsListNoCount" classname="GDX.Collections.Generic.SimpleListTests" runstate="Runnable" seed="1298968459" result="Passed" start-time="2023-07-03 01:08:09Z" end-time="2023-07-03 01:08:09Z" duration="0.000484" asserts="0">
                <properties>
                  <property name="Category" value="GDX.Tests" />
                </properties>
                <output><![CDATA[[Code Coverage] Code Coverage results for visited sequence points were saved in D:/BuildAgent/work/GDX-Documentation/Staging/CodeCoverage/GDX_Development-opencov/EditMode/TestCoverageResults_0231.xml
[Code Coverage] Code Coverage requires Burst Compilation to be disabled in order to obtain accurate coverage information. To disable Burst Compilation uncheck Jobs > Burst > Enable Compilation or pass '--burst-disable-compilation' to the command line in batchmode.
]]></output>
              </test-case>
              <test-case id="1616" name="InsertExpandClearBoth_MockDataWithExpansion_ValueAdded" fullname="GDX.Collections.Generic.SimpleListTests.InsertExpandClearBoth_MockDataWithExpansion_ValueAdded" methodname="InsertExpandClearBoth_MockDataWithExpansion_ValueAdded" classname="GDX.Collections.Generic.SimpleListTests" runstate="Runnable" seed="232652303" result="Passed" start-time="2023-07-03 01:08:09Z" end-time="2023-07-03 01:08:09Z" duration="0.000647" asserts="0">
                <properties>
                  <property name="Category" value="GDX.Tests" />
                </properties>
                <output><![CDATA[[Code Coverage] Code Coverage results for visited sequence points were saved in D:/BuildAgent/work/GDX-Documentation/Staging/CodeCoverage/GDX_Development-opencov/EditMode/TestCoverageResults_0232.xml
[Code Coverage] Code Coverage requires Burst Compilation to be disabled in order to obtain accurate coverage information. To disable Burst Compilation uncheck Jobs > Burst > Enable Compilation or pass '--burst-disable-compilation' to the command line in batchmode.
]]></output>
              </test-case>
              <test-case id="1615" name="InsertExpandClearNew_MockDataWithExpansion_ValueAdded" fullname="GDX.Collections.Generic.SimpleListTests.InsertExpandClearNew_MockDataWithExpansion_ValueAdded" methodname="InsertExpandClearNew_MockDataWithExpansion_ValueAdded" classname="GDX.Collections.Generic.SimpleListTests" runstate="Runnable" seed="2135658396" result="Passed" start-time="2023-07-03 01:08:10Z" end-time="2023-07-03 01:08:10Z" duration="0.000629" asserts="0">
                <properties>
                  <property name="Category" value="GDX.Tests" />
                </properties>
                <output><![CDATA[[Code Coverage] Code Coverage results for visited sequence points were saved in D:/BuildAgent/work/GDX-Documentation/Staging/CodeCoverage/GDX_Development-opencov/EditMode/TestCoverageResults_0233.xml
[Code Coverage] Code Coverage requires Burst Compilation to be disabled in order to obtain accurate coverage information. To disable Burst Compilation uncheck Jobs > Burst > Enable Compilation or pass '--burst-disable-compilation' to the command line in batchmode.
]]></output>
              </test-case>
              <test-case id="1614" name="InsertExpandClearOld_MockDataWithExpansion_ValueAdded" fullname="GDX.Collections.Generic.SimpleListTests.InsertExpandClearOld_MockDataWithExpansion_ValueAdded" methodname="InsertExpandClearOld_MockDataWithExpansion_ValueAdded" classname="GDX.Collections.Generic.SimpleListTests" runstate="Runnable" seed="1371372339" result="Passed" start-time="2023-07-03 01:08:11Z" end-time="2023-07-03 01:08:11Z" duration="0.000595" asserts="0">
                <properties>
                  <property name="Category" value="GDX.Tests" />
                </properties>
                <output><![CDATA[[Code Coverage] Code Coverage results for visited sequence points were saved in D:/BuildAgent/work/GDX-Documentation/Staging/CodeCoverage/GDX_Development-opencov/EditMode/TestCoverageResults_0234.xml
[Code Coverage] Code Coverage requires Burst Compilation to be disabled in order to obtain accurate coverage information. To disable Burst Compilation uncheck Jobs > Burst > Enable Compilation or pass '--burst-disable-compilation' to the command line in batchmode.
]]></output>
              </test-case>
              <test-case id="1613" name="InsertExpandNoClear_MockDataWithExpansion_ValueAdded" fullname="GDX.Collections.Generic.SimpleListTests.InsertExpandNoClear_MockDataWithExpansion_ValueAdded" methodname="InsertExpandNoClear_MockDataWithExpansion_ValueAdded" classname="GDX.Collections.Generic.SimpleListTests" runstate="Runnable" seed="93279342" result="Passed" start-time="2023-07-03 01:08:11Z" end-time="2023-07-03 01:08:11Z" duration="0.000608" asserts="0">
                <properties>
                  <property name="Category" value="GDX.Tests" />
                </properties>
                <output><![CDATA[[Code Coverage] Code Coverage results for visited sequence points were saved in D:/BuildAgent/work/GDX-Documentation/Staging/CodeCoverage/GDX_Development-opencov/EditMode/TestCoverageResults_0235.xml
[Code Coverage] Code Coverage requires Burst Compilation to be disabled in order to obtain accurate coverage information. To disable Burst Compilation uncheck Jobs > Burst > Enable Compilation or pass '--burst-disable-compilation' to the command line in batchmode.
]]></output>
              </test-case>
              <test-case id="1618" name="InsertUnchecked_MockDataAtEnd_ValueAdded" fullname="GDX.Collections.Generic.SimpleListTests.InsertUnchecked_MockDataAtEnd_ValueAdded" methodname="InsertUnchecked_MockDataAtEnd_ValueAdded" classname="GDX.Collections.Generic.SimpleListTests" runstate="Runnable" seed="244412044" result="Passed" start-time="2023-07-03 01:08:12Z" end-time="2023-07-03 01:08:12Z" duration="0.000432" asserts="0">
                <properties>
                  <property name="Category" value="GDX.Tests" />
                </properties>
                <output><![CDATA[[Code Coverage] Code Coverage results for visited sequence points were saved in D:/BuildAgent/work/GDX-Documentation/Staging/CodeCoverage/GDX_Development-opencov/EditMode/TestCoverageResults_0236.xml
[Code Coverage] Code Coverage requires Burst Compilation to be disabled in order to obtain accurate coverage information. To disable Burst Compilation uncheck Jobs > Burst > Enable Compilation or pass '--burst-disable-compilation' to the command line in batchmode.
]]></output>
              </test-case>
              <test-case id="1619" name="InsertUnchecked_MockDataAtStart_ValueAdded" fullname="GDX.Collections.Generic.SimpleListTests.InsertUnchecked_MockDataAtStart_ValueAdded" methodname="InsertUnchecked_MockDataAtStart_ValueAdded" classname="GDX.Collections.Generic.SimpleListTests" runstate="Runnable" seed="504356507" result="Passed" start-time="2023-07-03 01:08:13Z" end-time="2023-07-03 01:08:13Z" duration="0.000343" asserts="0">
                <properties>
                  <property name="Category" value="GDX.Tests" />
                </properties>
                <output><![CDATA[[Code Coverage] Code Coverage results for visited sequence points were saved in D:/BuildAgent/work/GDX-Documentation/Staging/CodeCoverage/GDX_Development-opencov/EditMode/TestCoverageResults_0237.xml
[Code Coverage] Code Coverage requires Burst Compilation to be disabled in order to obtain accurate coverage information. To disable Burst Compilation uncheck Jobs > Burst > Enable Compilation or pass '--burst-disable-compilation' to the command line in batchmode.
]]></output>
              </test-case>
              <test-case id="1620" name="InsertUnchecked_MockDataInMiddle_ValueAdded" fullname="GDX.Collections.Generic.SimpleListTests.InsertUnchecked_MockDataInMiddle_ValueAdded" methodname="InsertUnchecked_MockDataInMiddle_ValueAdded" classname="GDX.Collections.Generic.SimpleListTests" runstate="Runnable" seed="2036795689" result="Passed" start-time="2023-07-03 01:08:13Z" end-time="2023-07-03 01:08:13Z" duration="0.000365" asserts="0">
                <properties>
                  <property name="Category" value="GDX.Tests" />
                </properties>
                <output><![CDATA[[Code Coverage] Code Coverage results for visited sequence points were saved in D:/BuildAgent/work/GDX-Documentation/Staging/CodeCoverage/GDX_Development-opencov/EditMode/TestCoverageResults_0238.xml
[Code Coverage] Code Coverage requires Burst Compilation to be disabled in order to obtain accurate coverage information. To disable Burst Compilation uncheck Jobs > Burst > Enable Compilation or pass '--burst-disable-compilation' to the command line in batchmode.
]]></output>
              </test-case>
              <test-case id="1621" name="InsertWithExpandCheck_MockDataAtEnd_ValueAdded" fullname="GDX.Collections.Generic.SimpleListTests.InsertWithExpandCheck_MockDataAtEnd_ValueAdded" methodname="InsertWithExpandCheck_MockDataAtEnd_ValueAdded" classname="GDX.Collections.Generic.SimpleListTests" runstate="Runnable" seed="88792083" result="Passed" start-time="2023-07-03 01:08:14Z" end-time="2023-07-03 01:08:14Z" duration="0.000817" asserts="0">
                <properties>
                  <property name="Category" value="GDX.Tests" />
                </properties>
                <output><![CDATA[[Code Coverage] Code Coverage results for visited sequence points were saved in D:/BuildAgent/work/GDX-Documentation/Staging/CodeCoverage/GDX_Development-opencov/EditMode/TestCoverageResults_0239.xml
[Code Coverage] Code Coverage requires Burst Compilation to be disabled in order to obtain accurate coverage information. To disable Burst Compilation uncheck Jobs > Burst > Enable Compilation or pass '--burst-disable-compilation' to the command line in batchmode.
]]></output>
              </test-case>
              <test-case id="1624" name="InsertWithExpandCheck_MockDataAtEndAndCustomCount_ValueAdded" fullname="GDX.Collections.Generic.SimpleListTests.InsertWithExpandCheck_MockDataAtEndAndCustomCount_ValueAdded" methodname="InsertWithExpandCheck_MockDataAtEndAndCustomCount_ValueAdded" classname="GDX.Collections.Generic.SimpleListTests" runstate="Runnable" seed="2055116270" result="Passed" start-time="2023-07-03 01:08:15Z" end-time="2023-07-03 01:08:15Z" duration="0.000486" asserts="0">
                <properties>
                  <property name="Category" value="GDX.Tests" />
                </properties>
                <output><![CDATA[[Code Coverage] Code Coverage results for visited sequence points were saved in D:/BuildAgent/work/GDX-Documentation/Staging/CodeCoverage/GDX_Development-opencov/EditMode/TestCoverageResults_0240.xml
[Code Coverage] Code Coverage requires Burst Compilation to be disabled in order to obtain accurate coverage information. To disable Burst Compilation uncheck Jobs > Burst > Enable Compilation or pass '--burst-disable-compilation' to the command line in batchmode.
]]></output>
              </test-case>
              <test-case id="1622" name="InsertWithExpandCheck_MockDataAtStart_ValueAdded" fullname="GDX.Collections.Generic.SimpleListTests.InsertWithExpandCheck_MockDataAtStart_ValueAdded" methodname="InsertWithExpandCheck_MockDataAtStart_ValueAdded" classname="GDX.Collections.Generic.SimpleListTests" runstate="Runnable" seed="1386717956" result="Passed" start-time="2023-07-03 01:08:15Z" end-time="2023-07-03 01:08:15Z" duration="0.000600" asserts="0">
                <properties>
                  <property name="Category" value="GDX.Tests" />
                </properties>
                <output><![CDATA[[Code Coverage] Code Coverage results for visited sequence points were saved in D:/BuildAgent/work/GDX-Documentation/Staging/CodeCoverage/GDX_Development-opencov/EditMode/TestCoverageResults_0241.xml
[Code Coverage] Code Coverage requires Burst Compilation to be disabled in order to obtain accurate coverage information. To disable Burst Compilation uncheck Jobs > Burst > Enable Compilation or pass '--burst-disable-compilation' to the command line in batchmode.
]]></output>
              </test-case>
              <test-case id="1625" name="InsertWithExpandCheck_MockDataAtStartAndCustomCount_ValueAdded" fullname="GDX.Collections.Generic.SimpleListTests.InsertWithExpandCheck_MockDataAtStartAndCustomCount_ValueAdded" methodname="InsertWithExpandCheck_MockDataAtStartAndCustomCount_ValueAdded" classname="GDX.Collections.Generic.SimpleListTests" runstate="Runnable" seed="942557451" result="Passed" start-time="2023-07-03 01:08:16Z" end-time="2023-07-03 01:08:16Z" duration="0.000359" asserts="0">
                <properties>
                  <property name="Category" value="GDX.Tests" />
                </properties>
                <output><![CDATA[[Code Coverage] Code Coverage results for visited sequence points were saved in D:/BuildAgent/work/GDX-Documentation/Staging/CodeCoverage/GDX_Development-opencov/EditMode/TestCoverageResults_0242.xml
[Code Coverage] Code Coverage requires Burst Compilation to be disabled in order to obtain accurate coverage information. To disable Burst Compilation uncheck Jobs > Burst > Enable Compilation or pass '--burst-disable-compilation' to the command line in batchmode.
]]></output>
              </test-case>
              <test-case id="1623" name="InsertWithExpandCheck_MockDataInMiddle_ValueAdded" fullname="GDX.Collections.Generic.SimpleListTests.InsertWithExpandCheck_MockDataInMiddle_ValueAdded" methodname="InsertWithExpandCheck_MockDataInMiddle_ValueAdded" classname="GDX.Collections.Generic.SimpleListTests" runstate="Runnable" seed="1884376570" result="Passed" start-time="2023-07-03 01:08:17Z" end-time="2023-07-03 01:08:17Z" duration="0.000354" asserts="0">
                <properties>
                  <property name="Category" value="GDX.Tests" />
                </properties>
                <output><![CDATA[[Code Coverage] Code Coverage results for visited sequence points were saved in D:/BuildAgent/work/GDX-Documentation/Staging/CodeCoverage/GDX_Development-opencov/EditMode/TestCoverageResults_0243.xml
[Code Coverage] Code Coverage requires Burst Compilation to be disabled in order to obtain accurate coverage information. To disable Burst Compilation uncheck Jobs > Burst > Enable Compilation or pass '--burst-disable-compilation' to the command line in batchmode.
]]></output>
              </test-case>
              <test-case id="1626" name="InsertWithExpandCheck_MockDataInMiddleAndCustomCount_ValueAdded" fullname="GDX.Collections.Generic.SimpleListTests.InsertWithExpandCheck_MockDataInMiddleAndCustomCount_ValueAdded" methodname="InsertWithExpandCheck_MockDataInMiddleAndCustomCount_ValueAdded" classname="GDX.Collections.Generic.SimpleListTests" runstate="Runnable" seed="2000568707" result="Passed" start-time="2023-07-03 01:08:17Z" end-time="2023-07-03 01:08:17Z" duration="0.000360" asserts="0">
                <properties>
                  <property name="Category" value="GDX.Tests" />
                </properties>
                <output><![CDATA[[Code Coverage] Code Coverage results for visited sequence points were saved in D:/BuildAgent/work/GDX-Documentation/Staging/CodeCoverage/GDX_Development-opencov/EditMode/TestCoverageResults_0244.xml
[Code Coverage] Code Coverage requires Burst Compilation to be disabled in order to obtain accurate coverage information. To disable Burst Compilation uncheck Jobs > Burst > Enable Compilation or pass '--burst-disable-compilation' to the command line in batchmode.
]]></output>
              </test-case>
              <test-case id="1627" name="RemoveAt_MockDataAtEnd_ValueRemoved" fullname="GDX.Collections.Generic.SimpleListTests.RemoveAt_MockDataAtEnd_ValueRemoved" methodname="RemoveAt_MockDataAtEnd_ValueRemoved" classname="GDX.Collections.Generic.SimpleListTests" runstate="Runnable" seed="915291017" result="Passed" start-time="2023-07-03 01:08:18Z" end-time="2023-07-03 01:08:18Z" duration="0.000482" asserts="0">
                <properties>
                  <property name="Category" value="GDX.Tests" />
                </properties>
                <output><![CDATA[[Code Coverage] Code Coverage results for visited sequence points were saved in D:/BuildAgent/work/GDX-Documentation/Staging/CodeCoverage/GDX_Development-opencov/EditMode/TestCoverageResults_0245.xml
[Code Coverage] Code Coverage requires Burst Compilation to be disabled in order to obtain accurate coverage information. To disable Burst Compilation uncheck Jobs > Burst > Enable Compilation or pass '--burst-disable-compilation' to the command line in batchmode.
]]></output>
              </test-case>
              <test-case id="1628" name="RemoveAt_MockDataAtStart_ValueRemoved" fullname="GDX.Collections.Generic.SimpleListTests.RemoveAt_MockDataAtStart_ValueRemoved" methodname="RemoveAt_MockDataAtStart_ValueRemoved" classname="GDX.Collections.Generic.SimpleListTests" runstate="Runnable" seed="50383214" result="Passed" start-time="2023-07-03 01:08:18Z" end-time="2023-07-03 01:08:18Z" duration="0.000356" asserts="0">
                <properties>
                  <property name="Category" value="GDX.Tests" />
                </properties>
                <output><![CDATA[[Code Coverage] Code Coverage results for visited sequence points were saved in D:/BuildAgent/work/GDX-Documentation/Staging/CodeCoverage/GDX_Development-opencov/EditMode/TestCoverageResults_0246.xml
[Code Coverage] Code Coverage requires Burst Compilation to be disabled in order to obtain accurate coverage information. To disable Burst Compilation uncheck Jobs > Burst > Enable Compilation or pass '--burst-disable-compilation' to the command line in batchmode.
]]></output>
              </test-case>
              <test-case id="1629" name="RemoveAt_MockDataInMiddle_ValueRemoved" fullname="GDX.Collections.Generic.SimpleListTests.RemoveAt_MockDataInMiddle_ValueRemoved" methodname="RemoveAt_MockDataInMiddle_ValueRemoved" classname="GDX.Collections.Generic.SimpleListTests" runstate="Runnable" seed="1440735470" result="Passed" start-time="2023-07-03 01:08:19Z" end-time="2023-07-03 01:08:19Z" duration="0.000360" asserts="0">
                <properties>
                  <property name="Category" value="GDX.Tests" />
                </properties>
                <output><![CDATA[[Code Coverage] Code Coverage results for visited sequence points were saved in D:/BuildAgent/work/GDX-Documentation/Staging/CodeCoverage/GDX_Development-opencov/EditMode/TestCoverageResults_0247.xml
[Code Coverage] Code Coverage requires Burst Compilation to be disabled in order to obtain accurate coverage information. To disable Burst Compilation uncheck Jobs > Burst > Enable Compilation or pass '--burst-disable-compilation' to the command line in batchmode.
]]></output>
              </test-case>
              <test-case id="1630" name="RemoveAtSwapBack_MockDataAtEnd_ValueRemoved" fullname="GDX.Collections.Generic.SimpleListTests.RemoveAtSwapBack_MockDataAtEnd_ValueRemoved" methodname="RemoveAtSwapBack_MockDataAtEnd_ValueRemoved" classname="GDX.Collections.Generic.SimpleListTests" runstate="Runnable" seed="429663409" result="Passed" start-time="2023-07-03 01:08:20Z" end-time="2023-07-03 01:08:20Z" duration="0.000440" asserts="0">
                <properties>
                  <property name="Category" value="GDX.Tests" />
                </properties>
                <output><![CDATA[[Code Coverage] Code Coverage results for visited sequence points were saved in D:/BuildAgent/work/GDX-Documentation/Staging/CodeCoverage/GDX_Development-opencov/EditMode/TestCoverageResults_0248.xml
[Code Coverage] Code Coverage requires Burst Compilation to be disabled in order to obtain accurate coverage information. To disable Burst Compilation uncheck Jobs > Burst > Enable Compilation or pass '--burst-disable-compilation' to the command line in batchmode.
]]></output>
              </test-case>
              <test-case id="1631" name="RemoveAtSwapBack_MockDataAtStart_ValueRemoved" fullname="GDX.Collections.Generic.SimpleListTests.RemoveAtSwapBack_MockDataAtStart_ValueRemoved" methodname="RemoveAtSwapBack_MockDataAtStart_ValueRemoved" classname="GDX.Collections.Generic.SimpleListTests" runstate="Runnable" seed="2129052811" result="Passed" start-time="2023-07-03 01:08:20Z" end-time="2023-07-03 01:08:20Z" duration="0.000358" asserts="0">
                <properties>
                  <property name="Category" value="GDX.Tests" />
                </properties>
                <output><![CDATA[[Code Coverage] Code Coverage results for visited sequence points were saved in D:/BuildAgent/work/GDX-Documentation/Staging/CodeCoverage/GDX_Development-opencov/EditMode/TestCoverageResults_0249.xml
[Code Coverage] Code Coverage requires Burst Compilation to be disabled in order to obtain accurate coverage information. To disable Burst Compilation uncheck Jobs > Burst > Enable Compilation or pass '--burst-disable-compilation' to the command line in batchmode.
]]></output>
              </test-case>
              <test-case id="1632" name="RemoveAtSwapBack_MockDataInMiddle_ValueRemoved" fullname="GDX.Collections.Generic.SimpleListTests.RemoveAtSwapBack_MockDataInMiddle_ValueRemoved" methodname="RemoveAtSwapBack_MockDataInMiddle_ValueRemoved" classname="GDX.Collections.Generic.SimpleListTests" runstate="Runnable" seed="1029130920" result="Passed" start-time="2023-07-03 01:08:21Z" end-time="2023-07-03 01:08:21Z" duration="0.000362" asserts="0">
                <properties>
                  <property name="Category" value="GDX.Tests" />
                </properties>
                <output><![CDATA[[Code Coverage] Code Coverage results for visited sequence points were saved in D:/BuildAgent/work/GDX-Documentation/Staging/CodeCoverage/GDX_Development-opencov/EditMode/TestCoverageResults_0250.xml
[Code Coverage] Code Coverage requires Burst Compilation to be disabled in order to obtain accurate coverage information. To disable Burst Compilation uncheck Jobs > Burst > Enable Compilation or pass '--burst-disable-compilation' to the command line in batchmode.
]]></output>
              </test-case>
              <test-case id="1633" name="RemoveFromBack_MockData_ValueRemoved" fullname="GDX.Collections.Generic.SimpleListTests.RemoveFromBack_MockData_ValueRemoved" methodname="RemoveFromBack_MockData_ValueRemoved" classname="GDX.Collections.Generic.SimpleListTests" runstate="Runnable" seed="1546693936" result="Passed" start-time="2023-07-03 01:08:22Z" end-time="2023-07-03 01:08:22Z" duration="0.000424" asserts="0">
                <properties>
                  <property name="Category" value="GDX.Tests" />
                </properties>
                <output><![CDATA[[Code Coverage] Code Coverage results for visited sequence points were saved in D:/BuildAgent/work/GDX-Documentation/Staging/CodeCoverage/GDX_Development-opencov/EditMode/TestCoverageResults_0251.xml
[Code Coverage] Code Coverage requires Burst Compilation to be disabled in order to obtain accurate coverage information. To disable Burst Compilation uncheck Jobs > Burst > Enable Compilation or pass '--burst-disable-compilation' to the command line in batchmode.
]]></output>
              </test-case>
              <test-case id="1634" name="Reserve_MockData_ArrayExpanded" fullname="GDX.Collections.Generic.SimpleListTests.Reserve_MockData_ArrayExpanded" methodname="Reserve_MockData_ArrayExpanded" classname="GDX.Collections.Generic.SimpleListTests" runstate="Runnable" seed="1014892004" result="Passed" start-time="2023-07-03 01:08:22Z" end-time="2023-07-03 01:08:22Z" duration="0.000509" asserts="0">
                <properties>
                  <property name="Category" value="GDX.Tests" />
                </properties>
                <output><![CDATA[[Code Coverage] Code Coverage results for visited sequence points were saved in D:/BuildAgent/work/GDX-Documentation/Staging/CodeCoverage/GDX_Development-opencov/EditMode/TestCoverageResults_0252.xml
[Code Coverage] Code Coverage requires Burst Compilation to be disabled in order to obtain accurate coverage information. To disable Burst Compilation uncheck Jobs > Burst > Enable Compilation or pass '--burst-disable-compilation' to the command line in batchmode.
]]></output>
              </test-case>
              <test-case id="1638" name="ReserveClearBoth_MockDataWithExpansion_ValueAdded" fullname="GDX.Collections.Generic.SimpleListTests.ReserveClearBoth_MockDataWithExpansion_ValueAdded" methodname="ReserveClearBoth_MockDataWithExpansion_ValueAdded" classname="GDX.Collections.Generic.SimpleListTests" runstate="Runnable" seed="1648162328" result="Passed" start-time="2023-07-03 01:08:23Z" end-time="2023-07-03 01:08:23Z" duration="0.000703" asserts="0">
                <properties>
                  <property name="Category" value="GDX.Tests" />
                </properties>
                <output><![CDATA[[Code Coverage] Code Coverage results for visited sequence points were saved in D:/BuildAgent/work/GDX-Documentation/Staging/CodeCoverage/GDX_Development-opencov/EditMode/TestCoverageResults_0253.xml
[Code Coverage] Code Coverage requires Burst Compilation to be disabled in order to obtain accurate coverage information. To disable Burst Compilation uncheck Jobs > Burst > Enable Compilation or pass '--burst-disable-compilation' to the command line in batchmode.
]]></output>
              </test-case>
              <test-case id="1637" name="ReserveClearNew_MockDataWithExpansion_ValueAdded" fullname="GDX.Collections.Generic.SimpleListTests.ReserveClearNew_MockDataWithExpansion_ValueAdded" methodname="ReserveClearNew_MockDataWithExpansion_ValueAdded" classname="GDX.Collections.Generic.SimpleListTests" runstate="Runnable" seed="1850926470" result="Passed" start-time="2023-07-03 01:08:24Z" end-time="2023-07-03 01:08:24Z" duration="0.000574" asserts="0">
                <properties>
                  <property name="Category" value="GDX.Tests" />
                </properties>
                <output><![CDATA[[Code Coverage] Code Coverage results for visited sequence points were saved in D:/BuildAgent/work/GDX-Documentation/Staging/CodeCoverage/GDX_Development-opencov/EditMode/TestCoverageResults_0254.xml
[Code Coverage] Code Coverage requires Burst Compilation to be disabled in order to obtain accurate coverage information. To disable Burst Compilation uncheck Jobs > Burst > Enable Compilation or pass '--burst-disable-compilation' to the command line in batchmode.
]]></output>
              </test-case>
              <test-case id="1636" name="ReserveClearOld_MockDataWithExpansion_ValueAdded" fullname="GDX.Collections.Generic.SimpleListTests.ReserveClearOld_MockDataWithExpansion_ValueAdded" methodname="ReserveClearOld_MockDataWithExpansion_ValueAdded" classname="GDX.Collections.Generic.SimpleListTests" runstate="Runnable" seed="1253154795" result="Passed" start-time="2023-07-03 01:08:24Z" end-time="2023-07-03 01:08:24Z" duration="0.000544" asserts="0">
                <properties>
                  <property name="Category" value="GDX.Tests" />
                </properties>
                <output><![CDATA[[Code Coverage] Code Coverage results for visited sequence points were saved in D:/BuildAgent/work/GDX-Documentation/Staging/CodeCoverage/GDX_Development-opencov/EditMode/TestCoverageResults_0255.xml
[Code Coverage] Code Coverage requires Burst Compilation to be disabled in order to obtain accurate coverage information. To disable Burst Compilation uncheck Jobs > Burst > Enable Compilation or pass '--burst-disable-compilation' to the command line in batchmode.
]]></output>
              </test-case>
              <test-case id="1635" name="ReserveNoClear_MockDataWithExpansion_ValueAdded" fullname="GDX.Collections.Generic.SimpleListTests.ReserveNoClear_MockDataWithExpansion_ValueAdded" methodname="ReserveNoClear_MockDataWithExpansion_ValueAdded" classname="GDX.Collections.Generic.SimpleListTests" runstate="Runnable" seed="1529186" result="Passed" start-time="2023-07-03 01:08:25Z" end-time="2023-07-03 01:08:25Z" duration="0.000589" asserts="0">
                <properties>
                  <property name="Category" value="GDX.Tests" />
                </properties>
                <output><![CDATA[[Code Coverage] Code Coverage results for visited sequence points were saved in D:/BuildAgent/work/GDX-Documentation/Staging/CodeCoverage/GDX_Development-opencov/EditMode/TestCoverageResults_0256.xml
[Code Coverage] Code Coverage requires Burst Compilation to be disabled in order to obtain accurate coverage information. To disable Burst Compilation uncheck Jobs > Burst > Enable Compilation or pass '--burst-disable-compilation' to the command line in batchmode.
]]></output>
              </test-case>
              <test-case id="1639" name="Reverse_MockDataEven_ArrayReversed" fullname="GDX.Collections.Generic.SimpleListTests.Reverse_MockDataEven_ArrayReversed" methodname="Reverse_MockDataEven_ArrayReversed" classname="GDX.Collections.Generic.SimpleListTests" runstate="Runnable" seed="2132824557" result="Passed" start-time="2023-07-03 01:08:26Z" end-time="2023-07-03 01:08:26Z" duration="0.000498" asserts="0">
                <properties>
                  <property name="Category" value="GDX.Tests" />
                </properties>
                <output><![CDATA[[Code Coverage] Code Coverage results for visited sequence points were saved in D:/BuildAgent/work/GDX-Documentation/Staging/CodeCoverage/GDX_Development-opencov/EditMode/TestCoverageResults_0257.xml
[Code Coverage] Code Coverage requires Burst Compilation to be disabled in order to obtain accurate coverage information. To disable Burst Compilation uncheck Jobs > Burst > Enable Compilation or pass '--burst-disable-compilation' to the command line in batchmode.
]]></output>
              </test-case>
              <test-case id="1640" name="Reverse_MockDataOdd_ArrayReversed" fullname="GDX.Collections.Generic.SimpleListTests.Reverse_MockDataOdd_ArrayReversed" methodname="Reverse_MockDataOdd_ArrayReversed" classname="GDX.Collections.Generic.SimpleListTests" runstate="Runnable" seed="1086541774" result="Passed" start-time="2023-07-03 01:08:26Z" end-time="2023-07-03 01:08:26Z" duration="0.000384" asserts="0">
                <properties>
                  <property name="Category" value="GDX.Tests" />
                </properties>
                <output><![CDATA[[Code Coverage] Code Coverage results for visited sequence points were saved in D:/BuildAgent/work/GDX-Documentation/Staging/CodeCoverage/GDX_Development-opencov/EditMode/TestCoverageResults_0258.xml
[Code Coverage] Code Coverage requires Burst Compilation to be disabled in order to obtain accurate coverage information. To disable Burst Compilation uncheck Jobs > Burst > Enable Compilation or pass '--burst-disable-compilation' to the command line in batchmode.
]]></output>
              </test-case>
              <test-case id="1641" name="Reverse_MockDataOddLimited_ArrayReversed" fullname="GDX.Collections.Generic.SimpleListTests.Reverse_MockDataOddLimited_ArrayReversed" methodname="Reverse_MockDataOddLimited_ArrayReversed" classname="GDX.Collections.Generic.SimpleListTests" runstate="Runnable" seed="1317573509" result="Passed" start-time="2023-07-03 01:08:27Z" end-time="2023-07-03 01:08:27Z" duration="0.000365" asserts="0">
                <properties>
                  <property name="Category" value="GDX.Tests" />
                </properties>
                <output><![CDATA[[Code Coverage] Code Coverage results for visited sequence points were saved in D:/BuildAgent/work/GDX-Documentation/Staging/CodeCoverage/GDX_Development-opencov/EditMode/TestCoverageResults_0259.xml
[Code Coverage] Code Coverage requires Burst Compilation to be disabled in order to obtain accurate coverage information. To disable Burst Compilation uncheck Jobs > Burst > Enable Compilation or pass '--burst-disable-compilation' to the command line in batchmode.
]]></output>
              </test-case>
            </test-suite>
            <test-suite type="TestFixture" id="1642" name="SparseSetTests" fullname="GDX.Collections.Generic.SparseSetTests" classname="GDX.Collections.Generic.SparseSetTests" runstate="Runnable" testcasecount="54" result="Passed" start-time="2023-07-03 01:08:28Z" end-time="2023-07-03 01:09:05Z" duration="37.101457" total="54" passed="54" failed="0" inconclusive="0" skipped="0" asserts="0">
              <properties />
              <test-case id="1645" name="AddUnchecked_MockData_IndicesReserved" fullname="GDX.Collections.Generic.SparseSetTests.AddUnchecked_MockData_IndicesReserved" methodname="AddUnchecked_MockData_IndicesReserved" classname="GDX.Collections.Generic.SparseSetTests" runstate="Runnable" seed="1066717794" result="Passed" start-time="2023-07-03 01:08:28Z" end-time="2023-07-03 01:08:28Z" duration="0.000658" asserts="0">
                <properties>
                  <property name="Category" value="GDX.Tests" />
                </properties>
                <output><![CDATA[[Code Coverage] Code Coverage results for visited sequence points were saved in D:/BuildAgent/work/GDX-Documentation/Staging/CodeCoverage/GDX_Development-opencov/EditMode/TestCoverageResults_0260.xml
[Code Coverage] Code Coverage requires Burst Compilation to be disabled in order to obtain accurate coverage information. To disable Burst Compilation uncheck Jobs > Burst > Enable Compilation or pass '--burst-disable-compilation' to the command line in batchmode.
]]></output>
              </test-case>
              <test-case id="1648" name="AddUnchecked_MockDataAndVersionArrayOverflow_ThrowsException" fullname="GDX.Collections.Generic.SparseSetTests.AddUnchecked_MockDataAndVersionArrayOverflow_ThrowsException" methodname="AddUnchecked_MockDataAndVersionArrayOverflow_ThrowsException" classname="GDX.Collections.Generic.SparseSetTests" runstate="Runnable" seed="1270080001" result="Passed" start-time="2023-07-03 01:08:28Z" end-time="2023-07-03 01:08:28Z" duration="0.000670" asserts="0">
                <properties>
                  <property name="Category" value="GDX.Tests" />
                </properties>
                <output><![CDATA[[Code Coverage] Code Coverage results for visited sequence points were saved in D:/BuildAgent/work/GDX-Documentation/Staging/CodeCoverage/GDX_Development-opencov/EditMode/TestCoverageResults_0261.xml
[Code Coverage] Code Coverage requires Burst Compilation to be disabled in order to obtain accurate coverage information. To disable Burst Compilation uncheck Jobs > Burst > Enable Compilation or pass '--burst-disable-compilation' to the command line in batchmode.
]]></output>
              </test-case>
              <test-case id="1681" name="AddUnchecked_MockDataGeneric0_Added" fullname="GDX.Collections.Generic.SparseSetTests.AddUnchecked_MockDataGeneric0_Added" methodname="AddUnchecked_MockDataGeneric0_Added" classname="GDX.Collections.Generic.SparseSetTests" runstate="Runnable" seed="1206003666" result="Passed" start-time="2023-07-03 01:08:29Z" end-time="2023-07-03 01:08:29Z" duration="0.000516" asserts="0">
                <properties>
                  <property name="Category" value="GDX.Tests" />
                </properties>
                <output><![CDATA[[Code Coverage] Code Coverage results for visited sequence points were saved in D:/BuildAgent/work/GDX-Documentation/Staging/CodeCoverage/GDX_Development-opencov/EditMode/TestCoverageResults_0262.xml
[Code Coverage] Code Coverage requires Burst Compilation to be disabled in order to obtain accurate coverage information. To disable Burst Compilation uncheck Jobs > Burst > Enable Compilation or pass '--burst-disable-compilation' to the command line in batchmode.
]]></output>
              </test-case>
              <test-case id="1682" name="AddUnchecked_MockDataGeneric1_Added" fullname="GDX.Collections.Generic.SparseSetTests.AddUnchecked_MockDataGeneric1_Added" methodname="AddUnchecked_MockDataGeneric1_Added" classname="GDX.Collections.Generic.SparseSetTests" runstate="Runnable" seed="909627766" result="Passed" start-time="2023-07-03 01:08:30Z" end-time="2023-07-03 01:08:30Z" duration="0.000482" asserts="0">
                <properties>
                  <property name="Category" value="GDX.Tests" />
                </properties>
                <output><![CDATA[[Code Coverage] Code Coverage results for visited sequence points were saved in D:/BuildAgent/work/GDX-Documentation/Staging/CodeCoverage/GDX_Development-opencov/EditMode/TestCoverageResults_0263.xml
[Code Coverage] Code Coverage requires Burst Compilation to be disabled in order to obtain accurate coverage information. To disable Burst Compilation uncheck Jobs > Burst > Enable Compilation or pass '--burst-disable-compilation' to the command line in batchmode.
]]></output>
              </test-case>
              <test-case id="1683" name="AddUnchecked_MockDataGeneric2_Added" fullname="GDX.Collections.Generic.SparseSetTests.AddUnchecked_MockDataGeneric2_Added" methodname="AddUnchecked_MockDataGeneric2_Added" classname="GDX.Collections.Generic.SparseSetTests" runstate="Runnable" seed="540540116" result="Passed" start-time="2023-07-03 01:08:31Z" end-time="2023-07-03 01:08:31Z" duration="0.000483" asserts="0">
                <properties>
                  <property name="Category" value="GDX.Tests" />
                </properties>
                <output><![CDATA[[Code Coverage] Code Coverage results for visited sequence points were saved in D:/BuildAgent/work/GDX-Documentation/Staging/CodeCoverage/GDX_Development-opencov/EditMode/TestCoverageResults_0264.xml
[Code Coverage] Code Coverage requires Burst Compilation to be disabled in order to obtain accurate coverage information. To disable Burst Compilation uncheck Jobs > Burst > Enable Compilation or pass '--burst-disable-compilation' to the command line in batchmode.
]]></output>
              </test-case>
              <test-case id="1684" name="AddUnchecked_MockDataGeneric3_Added" fullname="GDX.Collections.Generic.SparseSetTests.AddUnchecked_MockDataGeneric3_Added" methodname="AddUnchecked_MockDataGeneric3_Added" classname="GDX.Collections.Generic.SparseSetTests" runstate="Runnable" seed="989541147" result="Passed" start-time="2023-07-03 01:08:32Z" end-time="2023-07-03 01:08:32Z" duration="0.000497" asserts="0">
                <properties>
                  <property name="Category" value="GDX.Tests" />
                </properties>
                <output><![CDATA[[Code Coverage] Code Coverage results for visited sequence points were saved in D:/BuildAgent/work/GDX-Documentation/Staging/CodeCoverage/GDX_Development-opencov/EditMode/TestCoverageResults_0265.xml
[Code Coverage] Code Coverage requires Burst Compilation to be disabled in order to obtain accurate coverage information. To disable Burst Compilation uncheck Jobs > Burst > Enable Compilation or pass '--burst-disable-compilation' to the command line in batchmode.
]]></output>
              </test-case>
              <test-case id="1685" name="AddUnchecked_MockDataGeneric4_Added" fullname="GDX.Collections.Generic.SparseSetTests.AddUnchecked_MockDataGeneric4_Added" methodname="AddUnchecked_MockDataGeneric4_Added" classname="GDX.Collections.Generic.SparseSetTests" runstate="Runnable" seed="562322617" result="Passed" start-time="2023-07-03 01:08:32Z" end-time="2023-07-03 01:08:32Z" duration="0.000552" asserts="0">
                <properties>
                  <property name="Category" value="GDX.Tests" />
                </properties>
                <output><![CDATA[[Code Coverage] Code Coverage results for visited sequence points were saved in D:/BuildAgent/work/GDX-Documentation/Staging/CodeCoverage/GDX_Development-opencov/EditMode/TestCoverageResults_0266.xml
[Code Coverage] Code Coverage requires Burst Compilation to be disabled in order to obtain accurate coverage information. To disable Burst Compilation uncheck Jobs > Burst > Enable Compilation or pass '--burst-disable-compilation' to the command line in batchmode.
]]></output>
              </test-case>
              <test-case id="1686" name="AddUnchecked_MockDataGeneric5_Added" fullname="GDX.Collections.Generic.SparseSetTests.AddUnchecked_MockDataGeneric5_Added" methodname="AddUnchecked_MockDataGeneric5_Added" classname="GDX.Collections.Generic.SparseSetTests" runstate="Runnable" seed="1118337346" result="Passed" start-time="2023-07-03 01:08:33Z" end-time="2023-07-03 01:08:33Z" duration="0.000555" asserts="0">
                <properties>
                  <property name="Category" value="GDX.Tests" />
                </properties>
                <output><![CDATA[[Code Coverage] Code Coverage results for visited sequence points were saved in D:/BuildAgent/work/GDX-Documentation/Staging/CodeCoverage/GDX_Development-opencov/EditMode/TestCoverageResults_0267.xml
[Code Coverage] Code Coverage requires Burst Compilation to be disabled in order to obtain accurate coverage information. To disable Burst Compilation uncheck Jobs > Burst > Enable Compilation or pass '--burst-disable-compilation' to the command line in batchmode.
]]></output>
              </test-case>
              <test-case id="1687" name="AddUnchecked_MockDataGeneric6_Added" fullname="GDX.Collections.Generic.SparseSetTests.AddUnchecked_MockDataGeneric6_Added" methodname="AddUnchecked_MockDataGeneric6_Added" classname="GDX.Collections.Generic.SparseSetTests" runstate="Runnable" seed="563447972" result="Passed" start-time="2023-07-03 01:08:34Z" end-time="2023-07-03 01:08:34Z" duration="0.000581" asserts="0">
                <properties>
                  <property name="Category" value="GDX.Tests" />
                </properties>
                <output><![CDATA[[Code Coverage] Code Coverage results for visited sequence points were saved in D:/BuildAgent/work/GDX-Documentation/Staging/CodeCoverage/GDX_Development-opencov/EditMode/TestCoverageResults_0268.xml
[Code Coverage] Code Coverage requires Burst Compilation to be disabled in order to obtain accurate coverage information. To disable Burst Compilation uncheck Jobs > Burst > Enable Compilation or pass '--burst-disable-compilation' to the command line in batchmode.
]]></output>
              </test-case>
              <test-case id="1688" name="AddUnchecked_MockDataGeneric7_Added" fullname="GDX.Collections.Generic.SparseSetTests.AddUnchecked_MockDataGeneric7_Added" methodname="AddUnchecked_MockDataGeneric7_Added" classname="GDX.Collections.Generic.SparseSetTests" runstate="Runnable" seed="146213069" result="Passed" start-time="2023-07-03 01:08:34Z" end-time="2023-07-03 01:08:34Z" duration="0.000569" asserts="0">
                <properties>
                  <property name="Category" value="GDX.Tests" />
                </properties>
                <output><![CDATA[[Code Coverage] Code Coverage results for visited sequence points were saved in D:/BuildAgent/work/GDX-Documentation/Staging/CodeCoverage/GDX_Development-opencov/EditMode/TestCoverageResults_0269.xml
[Code Coverage] Code Coverage requires Burst Compilation to be disabled in order to obtain accurate coverage information. To disable Burst Compilation uncheck Jobs > Burst > Enable Compilation or pass '--burst-disable-compilation' to the command line in batchmode.
]]></output>
              </test-case>
              <test-case id="1647" name="AddUnchecked_MockDataOverflow_ThrowsException" fullname="GDX.Collections.Generic.SparseSetTests.AddUnchecked_MockDataOverflow_ThrowsException" methodname="AddUnchecked_MockDataOverflow_ThrowsException" classname="GDX.Collections.Generic.SparseSetTests" runstate="Runnable" seed="312262948" result="Passed" start-time="2023-07-03 01:08:35Z" end-time="2023-07-03 01:08:35Z" duration="0.000490" asserts="0">
                <properties>
                  <property name="Category" value="GDX.Tests" />
                </properties>
                <output><![CDATA[[Code Coverage] Code Coverage results for visited sequence points were saved in D:/BuildAgent/work/GDX-Documentation/Staging/CodeCoverage/GDX_Development-opencov/EditMode/TestCoverageResults_0270.xml
[Code Coverage] Code Coverage requires Burst Compilation to be disabled in order to obtain accurate coverage information. To disable Burst Compilation uncheck Jobs > Burst > Enable Compilation or pass '--burst-disable-compilation' to the command line in batchmode.
]]></output>
              </test-case>
              <test-case id="1646" name="AddUnchecked_MockDataWithVersionArray__IndicesReserved" fullname="GDX.Collections.Generic.SparseSetTests.AddUnchecked_MockDataWithVersionArray__IndicesReserved" methodname="AddUnchecked_MockDataWithVersionArray__IndicesReserved" classname="GDX.Collections.Generic.SparseSetTests" runstate="Runnable" seed="1431559313" result="Passed" start-time="2023-07-03 01:08:36Z" end-time="2023-07-03 01:08:36Z" duration="0.000474" asserts="0">
                <properties>
                  <property name="Category" value="GDX.Tests" />
                </properties>
                <output><![CDATA[[Code Coverage] Code Coverage results for visited sequence points were saved in D:/BuildAgent/work/GDX-Documentation/Staging/CodeCoverage/GDX_Development-opencov/EditMode/TestCoverageResults_0271.xml
[Code Coverage] Code Coverage requires Burst Compilation to be disabled in order to obtain accurate coverage information. To disable Burst Compilation uncheck Jobs > Burst > Enable Compilation or pass '--burst-disable-compilation' to the command line in batchmode.
]]></output>
              </test-case>
              <test-case id="1651" name="AddUnchecked_MockDataWithVersionArray_Expanded" fullname="GDX.Collections.Generic.SparseSetTests.AddUnchecked_MockDataWithVersionArray_Expanded" methodname="AddUnchecked_MockDataWithVersionArray_Expanded" classname="GDX.Collections.Generic.SparseSetTests" runstate="Runnable" seed="992653551" result="Passed" start-time="2023-07-03 01:08:36Z" end-time="2023-07-03 01:08:36Z" duration="0.001069" asserts="0">
                <properties>
                  <property name="Category" value="GDX.Tests" />
                </properties>
                <output><![CDATA[[Code Coverage] Code Coverage results for visited sequence points were saved in D:/BuildAgent/work/GDX-Documentation/Staging/CodeCoverage/GDX_Development-opencov/EditMode/TestCoverageResults_0272.xml
[Code Coverage] Code Coverage requires Burst Compilation to be disabled in order to obtain accurate coverage information. To disable Burst Compilation uncheck Jobs > Burst > Enable Compilation or pass '--burst-disable-compilation' to the command line in batchmode.
]]></output>
              </test-case>
              <test-case id="1649" name="AddWithExpandCheck_MockData_Expanded" fullname="GDX.Collections.Generic.SparseSetTests.AddWithExpandCheck_MockData_Expanded" methodname="AddWithExpandCheck_MockData_Expanded" classname="GDX.Collections.Generic.SparseSetTests" runstate="Runnable" seed="694907315" result="Passed" start-time="2023-07-03 01:08:37Z" end-time="2023-07-03 01:08:37Z" duration="0.000427" asserts="0">
                <properties>
                  <property name="Category" value="GDX.Tests" />
                </properties>
                <output><![CDATA[[Code Coverage] Code Coverage results for visited sequence points were saved in D:/BuildAgent/work/GDX-Documentation/Staging/CodeCoverage/GDX_Development-opencov/EditMode/TestCoverageResults_0273.xml
[Code Coverage] Code Coverage requires Burst Compilation to be disabled in order to obtain accurate coverage information. To disable Burst Compilation uncheck Jobs > Burst > Enable Compilation or pass '--burst-disable-compilation' to the command line in batchmode.
]]></output>
              </test-case>
              <test-case id="1673" name="AddWithExpandCheck_MockDataGeneric0_Expanded" fullname="GDX.Collections.Generic.SparseSetTests.AddWithExpandCheck_MockDataGeneric0_Expanded" methodname="AddWithExpandCheck_MockDataGeneric0_Expanded" classname="GDX.Collections.Generic.SparseSetTests" runstate="Runnable" seed="778995019" result="Passed" start-time="2023-07-03 01:08:38Z" end-time="2023-07-03 01:08:38Z" duration="0.000566" asserts="0">
                <properties>
                  <property name="Category" value="GDX.Tests" />
                </properties>
                <output><![CDATA[[Code Coverage] Code Coverage results for visited sequence points were saved in D:/BuildAgent/work/GDX-Documentation/Staging/CodeCoverage/GDX_Development-opencov/EditMode/TestCoverageResults_0274.xml
[Code Coverage] Code Coverage requires Burst Compilation to be disabled in order to obtain accurate coverage information. To disable Burst Compilation uncheck Jobs > Burst > Enable Compilation or pass '--burst-disable-compilation' to the command line in batchmode.
]]></output>
              </test-case>
              <test-case id="1674" name="AddWithExpandCheck_MockDataGeneric1_Expanded" fullname="GDX.Collections.Generic.SparseSetTests.AddWithExpandCheck_MockDataGeneric1_Expanded" methodname="AddWithExpandCheck_MockDataGeneric1_Expanded" classname="GDX.Collections.Generic.SparseSetTests" runstate="Runnable" seed="2078387087" result="Passed" start-time="2023-07-03 01:08:38Z" end-time="2023-07-03 01:08:38Z" duration="0.000603" asserts="0">
                <properties>
                  <property name="Category" value="GDX.Tests" />
                </properties>
                <output><![CDATA[[Code Coverage] Code Coverage results for visited sequence points were saved in D:/BuildAgent/work/GDX-Documentation/Staging/CodeCoverage/GDX_Development-opencov/EditMode/TestCoverageResults_0275.xml
[Code Coverage] Code Coverage requires Burst Compilation to be disabled in order to obtain accurate coverage information. To disable Burst Compilation uncheck Jobs > Burst > Enable Compilation or pass '--burst-disable-compilation' to the command line in batchmode.
]]></output>
              </test-case>
              <test-case id="1675" name="AddWithExpandCheck_MockDataGeneric2_Expanded" fullname="GDX.Collections.Generic.SparseSetTests.AddWithExpandCheck_MockDataGeneric2_Expanded" methodname="AddWithExpandCheck_MockDataGeneric2_Expanded" classname="GDX.Collections.Generic.SparseSetTests" runstate="Runnable" seed="1763269613" result="Passed" start-time="2023-07-03 01:08:39Z" end-time="2023-07-03 01:08:39Z" duration="0.000643" asserts="0">
                <properties>
                  <property name="Category" value="GDX.Tests" />
                </properties>
                <output><![CDATA[[Code Coverage] Code Coverage results for visited sequence points were saved in D:/BuildAgent/work/GDX-Documentation/Staging/CodeCoverage/GDX_Development-opencov/EditMode/TestCoverageResults_0276.xml
[Code Coverage] Code Coverage requires Burst Compilation to be disabled in order to obtain accurate coverage information. To disable Burst Compilation uncheck Jobs > Burst > Enable Compilation or pass '--burst-disable-compilation' to the command line in batchmode.
]]></output>
              </test-case>
              <test-case id="1676" name="AddWithExpandCheck_MockDataGeneric3_Expanded" fullname="GDX.Collections.Generic.SparseSetTests.AddWithExpandCheck_MockDataGeneric3_Expanded" methodname="AddWithExpandCheck_MockDataGeneric3_Expanded" classname="GDX.Collections.Generic.SparseSetTests" runstate="Runnable" seed="430137040" result="Passed" start-time="2023-07-03 01:08:40Z" end-time="2023-07-03 01:08:40Z" duration="0.000658" asserts="0">
                <properties>
                  <property name="Category" value="GDX.Tests" />
                </properties>
                <output><![CDATA[[Code Coverage] Code Coverage results for visited sequence points were saved in D:/BuildAgent/work/GDX-Documentation/Staging/CodeCoverage/GDX_Development-opencov/EditMode/TestCoverageResults_0277.xml
[Code Coverage] Code Coverage requires Burst Compilation to be disabled in order to obtain accurate coverage information. To disable Burst Compilation uncheck Jobs > Burst > Enable Compilation or pass '--burst-disable-compilation' to the command line in batchmode.
]]></output>
              </test-case>
              <test-case id="1677" name="AddWithExpandCheck_MockDataGeneric4_Expanded" fullname="GDX.Collections.Generic.SparseSetTests.AddWithExpandCheck_MockDataGeneric4_Expanded" methodname="AddWithExpandCheck_MockDataGeneric4_Expanded" classname="GDX.Collections.Generic.SparseSetTests" runstate="Runnable" seed="1921929643" result="Passed" start-time="2023-07-03 01:08:40Z" end-time="2023-07-03 01:08:40Z" duration="0.000674" asserts="0">
                <properties>
                  <property name="Category" value="GDX.Tests" />
                </properties>
                <output><![CDATA[[Code Coverage] Code Coverage results for visited sequence points were saved in D:/BuildAgent/work/GDX-Documentation/Staging/CodeCoverage/GDX_Development-opencov/EditMode/TestCoverageResults_0278.xml
[Code Coverage] Code Coverage requires Burst Compilation to be disabled in order to obtain accurate coverage information. To disable Burst Compilation uncheck Jobs > Burst > Enable Compilation or pass '--burst-disable-compilation' to the command line in batchmode.
]]></output>
              </test-case>
              <test-case id="1678" name="AddWithExpandCheck_MockDataGeneric5_Expanded" fullname="GDX.Collections.Generic.SparseSetTests.AddWithExpandCheck_MockDataGeneric5_Expanded" methodname="AddWithExpandCheck_MockDataGeneric5_Expanded" classname="GDX.Collections.Generic.SparseSetTests" runstate="Runnable" seed="896373749" result="Passed" start-time="2023-07-03 01:08:41Z" end-time="2023-07-03 01:08:41Z" duration="0.000903" asserts="0">
                <properties>
                  <property name="Category" value="GDX.Tests" />
                </properties>
                <output><![CDATA[[Code Coverage] Code Coverage results for visited sequence points were saved in D:/BuildAgent/work/GDX-Documentation/Staging/CodeCoverage/GDX_Development-opencov/EditMode/TestCoverageResults_0279.xml
[Code Coverage] Code Coverage requires Burst Compilation to be disabled in order to obtain accurate coverage information. To disable Burst Compilation uncheck Jobs > Burst > Enable Compilation or pass '--burst-disable-compilation' to the command line in batchmode.
]]></output>
              </test-case>
              <test-case id="1679" name="AddWithExpandCheck_MockDataGeneric6_Expanded" fullname="GDX.Collections.Generic.SparseSetTests.AddWithExpandCheck_MockDataGeneric6_Expanded" methodname="AddWithExpandCheck_MockDataGeneric6_Expanded" classname="GDX.Collections.Generic.SparseSetTests" runstate="Runnable" seed="198592564" result="Passed" start-time="2023-07-03 01:08:42Z" end-time="2023-07-03 01:08:42Z" duration="0.000801" asserts="0">
                <properties>
                  <property name="Category" value="GDX.Tests" />
                </properties>
                <output><![CDATA[[Code Coverage] Code Coverage results for visited sequence points were saved in D:/BuildAgent/work/GDX-Documentation/Staging/CodeCoverage/GDX_Development-opencov/EditMode/TestCoverageResults_0280.xml
[Code Coverage] Code Coverage requires Burst Compilation to be disabled in order to obtain accurate coverage information. To disable Burst Compilation uncheck Jobs > Burst > Enable Compilation or pass '--burst-disable-compilation' to the command line in batchmode.
]]></output>
              </test-case>
              <test-case id="1680" name="AddWithExpandCheck_MockDataGeneric7_Expanded" fullname="GDX.Collections.Generic.SparseSetTests.AddWithExpandCheck_MockDataGeneric7_Expanded" methodname="AddWithExpandCheck_MockDataGeneric7_Expanded" classname="GDX.Collections.Generic.SparseSetTests" runstate="Runnable" seed="740481054" result="Passed" start-time="2023-07-03 01:08:42Z" end-time="2023-07-03 01:08:42Z" duration="0.000793" asserts="0">
                <properties>
                  <property name="Category" value="GDX.Tests" />
                </properties>
                <output><![CDATA[[Code Coverage] Code Coverage results for visited sequence points were saved in D:/BuildAgent/work/GDX-Documentation/Staging/CodeCoverage/GDX_Development-opencov/EditMode/TestCoverageResults_0281.xml
[Code Coverage] Code Coverage requires Burst Compilation to be disabled in order to obtain accurate coverage information. To disable Burst Compilation uncheck Jobs > Burst > Enable Compilation or pass '--burst-disable-compilation' to the command line in batchmode.
]]></output>
              </test-case>
              <test-case id="1650" name="AddWithExpandCheck_MockDataWithVersionArray_Expanded" fullname="GDX.Collections.Generic.SparseSetTests.AddWithExpandCheck_MockDataWithVersionArray_Expanded" methodname="AddWithExpandCheck_MockDataWithVersionArray_Expanded" classname="GDX.Collections.Generic.SparseSetTests" runstate="Runnable" seed="1503021408" result="Passed" start-time="2023-07-03 01:08:43Z" end-time="2023-07-03 01:08:43Z" duration="0.000399" asserts="0">
                <properties>
                  <property name="Category" value="GDX.Tests" />
                </properties>
                <output><![CDATA[[Code Coverage] Code Coverage results for visited sequence points were saved in D:/BuildAgent/work/GDX-Documentation/Staging/CodeCoverage/GDX_Development-opencov/EditMode/TestCoverageResults_0282.xml
[Code Coverage] Code Coverage requires Burst Compilation to be disabled in order to obtain accurate coverage information. To disable Burst Compilation uncheck Jobs > Burst > Enable Compilation or pass '--burst-disable-compilation' to the command line in batchmode.
]]></output>
              </test-case>
              <test-case id="1666" name="Clear_MockData_ArraysCleared" fullname="GDX.Collections.Generic.SparseSetTests.Clear_MockData_ArraysCleared" methodname="Clear_MockData_ArraysCleared" classname="GDX.Collections.Generic.SparseSetTests" runstate="Runnable" seed="1716111973" result="Passed" start-time="2023-07-03 01:08:44Z" end-time="2023-07-03 01:08:44Z" duration="0.000419" asserts="0">
                <properties>
                  <property name="Category" value="GDX.Tests" />
                </properties>
                <output><![CDATA[[Code Coverage] Code Coverage results for visited sequence points were saved in D:/BuildAgent/work/GDX-Documentation/Staging/CodeCoverage/GDX_Development-opencov/EditMode/TestCoverageResults_0283.xml
[Code Coverage] Code Coverage requires Burst Compilation to be disabled in order to obtain accurate coverage information. To disable Burst Compilation uncheck Jobs > Burst > Enable Compilation or pass '--burst-disable-compilation' to the command line in batchmode.
]]></output>
              </test-case>
              <test-case id="1667" name="Clear_MockDataWithVersionArray_ArraysCleared" fullname="GDX.Collections.Generic.SparseSetTests.Clear_MockDataWithVersionArray_ArraysCleared" methodname="Clear_MockDataWithVersionArray_ArraysCleared" classname="GDX.Collections.Generic.SparseSetTests" runstate="Runnable" seed="1857706658" result="Passed" start-time="2023-07-03 01:08:44Z" end-time="2023-07-03 01:08:44Z" duration="0.000469" asserts="0">
                <properties>
                  <property name="Category" value="GDX.Tests" />
                </properties>
                <output><![CDATA[[Code Coverage] Code Coverage results for visited sequence points were saved in D:/BuildAgent/work/GDX-Documentation/Staging/CodeCoverage/GDX_Development-opencov/EditMode/TestCoverageResults_0284.xml
[Code Coverage] Code Coverage requires Burst Compilation to be disabled in order to obtain accurate coverage information. To disable Burst Compilation uncheck Jobs > Burst > Enable Compilation or pass '--burst-disable-compilation' to the command line in batchmode.
]]></output>
              </test-case>
              <test-case id="1668" name="ClearWithVersionReset_MockData_ArraysClearedAndVersionReset" fullname="GDX.Collections.Generic.SparseSetTests.ClearWithVersionReset_MockData_ArraysClearedAndVersionReset" methodname="ClearWithVersionReset_MockData_ArraysClearedAndVersionReset" classname="GDX.Collections.Generic.SparseSetTests" runstate="Runnable" seed="2143277071" result="Passed" start-time="2023-07-03 01:08:45Z" end-time="2023-07-03 01:08:45Z" duration="0.000447" asserts="0">
                <properties>
                  <property name="Category" value="GDX.Tests" />
                </properties>
                <output><![CDATA[[Code Coverage] Code Coverage results for visited sequence points were saved in D:/BuildAgent/work/GDX-Documentation/Staging/CodeCoverage/GDX_Development-opencov/EditMode/TestCoverageResults_0285.xml
[Code Coverage] Code Coverage requires Burst Compilation to be disabled in order to obtain accurate coverage information. To disable Burst Compilation uncheck Jobs > Burst > Enable Compilation or pass '--burst-disable-compilation' to the command line in batchmode.
]]></output>
              </test-case>
              <test-case id="1643" name="Constructor_CreateWithCount" fullname="GDX.Collections.Generic.SparseSetTests.Constructor_CreateWithCount" methodname="Constructor_CreateWithCount" classname="GDX.Collections.Generic.SparseSetTests" runstate="Runnable" seed="1727379549" result="Passed" start-time="2023-07-03 01:08:46Z" end-time="2023-07-03 01:08:46Z" duration="0.000337" asserts="0">
                <properties>
                  <property name="Category" value="GDX.Tests" />
                </properties>
                <output><![CDATA[[Code Coverage] Code Coverage results for visited sequence points were saved in D:/BuildAgent/work/GDX-Documentation/Staging/CodeCoverage/GDX_Development-opencov/EditMode/TestCoverageResults_0286.xml
[Code Coverage] Code Coverage requires Burst Compilation to be disabled in order to obtain accurate coverage information. To disable Burst Compilation uncheck Jobs > Burst > Enable Compilation or pass '--burst-disable-compilation' to the command line in batchmode.
]]></output>
              </test-case>
              <test-case id="1644" name="Constructor_CreateWithCountAndVersionArray" fullname="GDX.Collections.Generic.SparseSetTests.Constructor_CreateWithCountAndVersionArray" methodname="Constructor_CreateWithCountAndVersionArray" classname="GDX.Collections.Generic.SparseSetTests" runstate="Runnable" seed="1487197728" result="Passed" start-time="2023-07-03 01:08:46Z" end-time="2023-07-03 01:08:46Z" duration="0.000358" asserts="0">
                <properties>
                  <property name="Category" value="GDX.Tests" />
                </properties>
                <output><![CDATA[[Code Coverage] Code Coverage results for visited sequence points were saved in D:/BuildAgent/work/GDX-Documentation/Staging/CodeCoverage/GDX_Development-opencov/EditMode/TestCoverageResults_0287.xml
[Code Coverage] Code Coverage requires Burst Compilation to be disabled in order to obtain accurate coverage information. To disable Burst Compilation uncheck Jobs > Burst > Enable Compilation or pass '--burst-disable-compilation' to the command line in batchmode.
]]></output>
              </test-case>
              <test-case id="1669" name="Expand_MockData_Expanded" fullname="GDX.Collections.Generic.SparseSetTests.Expand_MockData_Expanded" methodname="Expand_MockData_Expanded" classname="GDX.Collections.Generic.SparseSetTests" runstate="Runnable" seed="1568436162" result="Passed" start-time="2023-07-03 01:08:47Z" end-time="2023-07-03 01:08:47Z" duration="0.000496" asserts="0">
                <properties>
                  <property name="Category" value="GDX.Tests" />
                </properties>
                <output><![CDATA[[Code Coverage] Code Coverage results for visited sequence points were saved in D:/BuildAgent/work/GDX-Documentation/Staging/CodeCoverage/GDX_Development-opencov/EditMode/TestCoverageResults_0288.xml
[Code Coverage] Code Coverage requires Burst Compilation to be disabled in order to obtain accurate coverage information. To disable Burst Compilation uncheck Jobs > Burst > Enable Compilation or pass '--burst-disable-compilation' to the command line in batchmode.
]]></output>
              </test-case>
              <test-case id="1670" name="Expand_MockDataWithVersionArray_Expanded" fullname="GDX.Collections.Generic.SparseSetTests.Expand_MockDataWithVersionArray_Expanded" methodname="Expand_MockDataWithVersionArray_Expanded" classname="GDX.Collections.Generic.SparseSetTests" runstate="Runnable" seed="666728445" result="Passed" start-time="2023-07-03 01:08:48Z" end-time="2023-07-03 01:08:48Z" duration="0.000512" asserts="0">
                <properties>
                  <property name="Category" value="GDX.Tests" />
                </properties>
                <output><![CDATA[[Code Coverage] Code Coverage results for visited sequence points were saved in D:/BuildAgent/work/GDX-Documentation/Staging/CodeCoverage/GDX_Development-opencov/EditMode/TestCoverageResults_0289.xml
[Code Coverage] Code Coverage requires Burst Compilation to be disabled in order to obtain accurate coverage information. To disable Burst Compilation uncheck Jobs > Burst > Enable Compilation or pass '--burst-disable-compilation' to the command line in batchmode.
]]></output>
              </test-case>
              <test-case id="1652" name="GetDenseIndexUnchecked_MockData_CorrectIndex" fullname="GDX.Collections.Generic.SparseSetTests.GetDenseIndexUnchecked_MockData_CorrectIndex" methodname="GetDenseIndexUnchecked_MockData_CorrectIndex" classname="GDX.Collections.Generic.SparseSetTests" runstate="Runnable" seed="665779228" result="Passed" start-time="2023-07-03 01:08:48Z" end-time="2023-07-03 01:08:48Z" duration="0.000389" asserts="0">
                <properties>
                  <property name="Category" value="GDX.Tests" />
                </properties>
                <output><![CDATA[[Code Coverage] Code Coverage results for visited sequence points were saved in D:/BuildAgent/work/GDX-Documentation/Staging/CodeCoverage/GDX_Development-opencov/EditMode/TestCoverageResults_0290.xml
[Code Coverage] Code Coverage requires Burst Compilation to be disabled in order to obtain accurate coverage information. To disable Burst Compilation uncheck Jobs > Burst > Enable Compilation or pass '--burst-disable-compilation' to the command line in batchmode.
]]></output>
              </test-case>
              <test-case id="1655" name="GetDenseIndexWithBoundsAndVersionCheck_MockData_CorrectIndexAndHandlesInvalidIndex" fullname="GDX.Collections.Generic.SparseSetTests.GetDenseIndexWithBoundsAndVersionCheck_MockData_CorrectIndexAndHandlesInvalidIndex" methodname="GetDenseIndexWithBoundsAndVersionCheck_MockData_CorrectIndexAndHandlesInvalidIndex" classname="GDX.Collections.Generic.SparseSetTests" runstate="Runnable" seed="1279811929" result="Passed" start-time="2023-07-03 01:08:49Z" end-time="2023-07-03 01:08:49Z" duration="0.000641" asserts="0">
                <properties>
                  <property name="Category" value="GDX.Tests" />
                </properties>
                <output><![CDATA[[Code Coverage] Code Coverage results for visited sequence points were saved in D:/BuildAgent/work/GDX-Documentation/Staging/CodeCoverage/GDX_Development-opencov/EditMode/TestCoverageResults_0291.xml
[Code Coverage] Code Coverage requires Burst Compilation to be disabled in order to obtain accurate coverage information. To disable Burst Compilation uncheck Jobs > Burst > Enable Compilation or pass '--burst-disable-compilation' to the command line in batchmode.
]]></output>
              </test-case>
              <test-case id="1653" name="GetDenseIndexWithBoundsCheck_MockData_CorrectIndexAndHandlesInvalidIndex" fullname="GDX.Collections.Generic.SparseSetTests.GetDenseIndexWithBoundsCheck_MockData_CorrectIndexAndHandlesInvalidIndex" methodname="GetDenseIndexWithBoundsCheck_MockData_CorrectIndexAndHandlesInvalidIndex" classname="GDX.Collections.Generic.SparseSetTests" runstate="Runnable" seed="327907693" result="Passed" start-time="2023-07-03 01:08:50Z" end-time="2023-07-03 01:08:50Z" duration="0.000492" asserts="0">
                <properties>
                  <property name="Category" value="GDX.Tests" />
                </properties>
                <output><![CDATA[[Code Coverage] Code Coverage results for visited sequence points were saved in D:/BuildAgent/work/GDX-Documentation/Staging/CodeCoverage/GDX_Development-opencov/EditMode/TestCoverageResults_0292.xml
[Code Coverage] Code Coverage requires Burst Compilation to be disabled in order to obtain accurate coverage information. To disable Burst Compilation uncheck Jobs > Burst > Enable Compilation or pass '--burst-disable-compilation' to the command line in batchmode.
]]></output>
              </test-case>
              <test-case id="1654" name="GetDenseIndexWithVersionCheck_MockData_CorrectIndexAndHandlesVersion" fullname="GDX.Collections.Generic.SparseSetTests.GetDenseIndexWithVersionCheck_MockData_CorrectIndexAndHandlesVersion" methodname="GetDenseIndexWithVersionCheck_MockData_CorrectIndexAndHandlesVersion" classname="GDX.Collections.Generic.SparseSetTests" runstate="Runnable" seed="1275795864" result="Passed" start-time="2023-07-03 01:08:50Z" end-time="2023-07-03 01:08:50Z" duration="0.000551" asserts="0">
                <properties>
                  <property name="Category" value="GDX.Tests" />
                </properties>
                <output><![CDATA[[Code Coverage] Code Coverage results for visited sequence points were saved in D:/BuildAgent/work/GDX-Documentation/Staging/CodeCoverage/GDX_Development-opencov/EditMode/TestCoverageResults_0293.xml
[Code Coverage] Code Coverage requires Burst Compilation to be disabled in order to obtain accurate coverage information. To disable Burst Compilation uncheck Jobs > Burst > Enable Compilation or pass '--burst-disable-compilation' to the command line in batchmode.
]]></output>
              </test-case>
              <test-case id="1661" name="RemoveUnchecked_MockData_ValidIndexRemoved" fullname="GDX.Collections.Generic.SparseSetTests.RemoveUnchecked_MockData_ValidIndexRemoved" methodname="RemoveUnchecked_MockData_ValidIndexRemoved" classname="GDX.Collections.Generic.SparseSetTests" runstate="Runnable" seed="250715354" result="Passed" start-time="2023-07-03 01:08:51Z" end-time="2023-07-03 01:08:51Z" duration="0.000428" asserts="0">
                <properties>
                  <property name="Category" value="GDX.Tests" />
                </properties>
                <output><![CDATA[[Code Coverage] Code Coverage results for visited sequence points were saved in D:/BuildAgent/work/GDX-Documentation/Staging/CodeCoverage/GDX_Development-opencov/EditMode/TestCoverageResults_0294.xml
[Code Coverage] Code Coverage requires Burst Compilation to be disabled in order to obtain accurate coverage information. To disable Burst Compilation uncheck Jobs > Burst > Enable Compilation or pass '--burst-disable-compilation' to the command line in batchmode.
]]></output>
              </test-case>
              <test-case id="1689" name="RemoveUnchecked_MockDataGeneric0_Removed" fullname="GDX.Collections.Generic.SparseSetTests.RemoveUnchecked_MockDataGeneric0_Removed" methodname="RemoveUnchecked_MockDataGeneric0_Removed" classname="GDX.Collections.Generic.SparseSetTests" runstate="Runnable" seed="229608587" result="Passed" start-time="2023-07-03 01:08:52Z" end-time="2023-07-03 01:08:52Z" duration="0.000480" asserts="0">
                <properties>
                  <property name="Category" value="GDX.Tests" />
                </properties>
                <output><![CDATA[[Code Coverage] Code Coverage results for visited sequence points were saved in D:/BuildAgent/work/GDX-Documentation/Staging/CodeCoverage/GDX_Development-opencov/EditMode/TestCoverageResults_0295.xml
[Code Coverage] Code Coverage requires Burst Compilation to be disabled in order to obtain accurate coverage information. To disable Burst Compilation uncheck Jobs > Burst > Enable Compilation or pass '--burst-disable-compilation' to the command line in batchmode.
]]></output>
              </test-case>
              <test-case id="1690" name="RemoveUnchecked_MockDataGeneric1_Removed" fullname="GDX.Collections.Generic.SparseSetTests.RemoveUnchecked_MockDataGeneric1_Removed" methodname="RemoveUnchecked_MockDataGeneric1_Removed" classname="GDX.Collections.Generic.SparseSetTests" runstate="Runnable" seed="174575007" result="Passed" start-time="2023-07-03 01:08:52Z" end-time="2023-07-03 01:08:52Z" duration="0.000485" asserts="0">
                <properties>
                  <property name="Category" value="GDX.Tests" />
                </properties>
                <output><![CDATA[[Code Coverage] Code Coverage results for visited sequence points were saved in D:/BuildAgent/work/GDX-Documentation/Staging/CodeCoverage/GDX_Development-opencov/EditMode/TestCoverageResults_0296.xml
[Code Coverage] Code Coverage requires Burst Compilation to be disabled in order to obtain accurate coverage information. To disable Burst Compilation uncheck Jobs > Burst > Enable Compilation or pass '--burst-disable-compilation' to the command line in batchmode.
]]></output>
              </test-case>
              <test-case id="1691" name="RemoveUnchecked_MockDataGeneric2_Removed" fullname="GDX.Collections.Generic.SparseSetTests.RemoveUnchecked_MockDataGeneric2_Removed" methodname="RemoveUnchecked_MockDataGeneric2_Removed" classname="GDX.Collections.Generic.SparseSetTests" runstate="Runnable" seed="654764481" result="Passed" start-time="2023-07-03 01:08:53Z" end-time="2023-07-03 01:08:53Z" duration="0.000535" asserts="0">
                <properties>
                  <property name="Category" value="GDX.Tests" />
                </properties>
                <output><![CDATA[[Code Coverage] Code Coverage results for visited sequence points were saved in D:/BuildAgent/work/GDX-Documentation/Staging/CodeCoverage/GDX_Development-opencov/EditMode/TestCoverageResults_0297.xml
[Code Coverage] Code Coverage requires Burst Compilation to be disabled in order to obtain accurate coverage information. To disable Burst Compilation uncheck Jobs > Burst > Enable Compilation or pass '--burst-disable-compilation' to the command line in batchmode.
]]></output>
              </test-case>
              <test-case id="1692" name="RemoveUnchecked_MockDataGeneric3_Removed" fullname="GDX.Collections.Generic.SparseSetTests.RemoveUnchecked_MockDataGeneric3_Removed" methodname="RemoveUnchecked_MockDataGeneric3_Removed" classname="GDX.Collections.Generic.SparseSetTests" runstate="Runnable" seed="502985567" result="Passed" start-time="2023-07-03 01:08:54Z" end-time="2023-07-03 01:08:54Z" duration="0.000538" asserts="0">
                <properties>
                  <property name="Category" value="GDX.Tests" />
                </properties>
                <output><![CDATA[[Code Coverage] Code Coverage results for visited sequence points were saved in D:/BuildAgent/work/GDX-Documentation/Staging/CodeCoverage/GDX_Development-opencov/EditMode/TestCoverageResults_0298.xml
[Code Coverage] Code Coverage requires Burst Compilation to be disabled in order to obtain accurate coverage information. To disable Burst Compilation uncheck Jobs > Burst > Enable Compilation or pass '--burst-disable-compilation' to the command line in batchmode.
]]></output>
              </test-case>
              <test-case id="1693" name="RemoveUnchecked_MockDataGeneric4_Removed" fullname="GDX.Collections.Generic.SparseSetTests.RemoveUnchecked_MockDataGeneric4_Removed" methodname="RemoveUnchecked_MockDataGeneric4_Removed" classname="GDX.Collections.Generic.SparseSetTests" runstate="Runnable" seed="316231541" result="Passed" start-time="2023-07-03 01:08:54Z" end-time="2023-07-03 01:08:54Z" duration="0.000566" asserts="0">
                <properties>
                  <property name="Category" value="GDX.Tests" />
                </properties>
                <output><![CDATA[[Code Coverage] Code Coverage results for visited sequence points were saved in D:/BuildAgent/work/GDX-Documentation/Staging/CodeCoverage/GDX_Development-opencov/EditMode/TestCoverageResults_0299.xml
[Code Coverage] Code Coverage requires Burst Compilation to be disabled in order to obtain accurate coverage information. To disable Burst Compilation uncheck Jobs > Burst > Enable Compilation or pass '--burst-disable-compilation' to the command line in batchmode.
]]></output>
              </test-case>
              <test-case id="1694" name="RemoveUnchecked_MockDataGeneric5_Removed" fullname="GDX.Collections.Generic.SparseSetTests.RemoveUnchecked_MockDataGeneric5_Removed" methodname="RemoveUnchecked_MockDataGeneric5_Removed" classname="GDX.Collections.Generic.SparseSetTests" runstate="Runnable" seed="1388428702" result="Passed" start-time="2023-07-03 01:08:55Z" end-time="2023-07-03 01:08:55Z" duration="0.000613" asserts="0">
                <properties>
                  <property name="Category" value="GDX.Tests" />
                </properties>
                <output><![CDATA[[Code Coverage] Code Coverage results for visited sequence points were saved in D:/BuildAgent/work/GDX-Documentation/Staging/CodeCoverage/GDX_Development-opencov/EditMode/TestCoverageResults_0300.xml
[Code Coverage] Code Coverage requires Burst Compilation to be disabled in order to obtain accurate coverage information. To disable Burst Compilation uncheck Jobs > Burst > Enable Compilation or pass '--burst-disable-compilation' to the command line in batchmode.
]]></output>
              </test-case>
              <test-case id="1695" name="RemoveUnchecked_MockDataGeneric6_Removed" fullname="GDX.Collections.Generic.SparseSetTests.RemoveUnchecked_MockDataGeneric6_Removed" methodname="RemoveUnchecked_MockDataGeneric6_Removed" classname="GDX.Collections.Generic.SparseSetTests" runstate="Runnable" seed="2037336203" result="Passed" start-time="2023-07-03 01:08:56Z" end-time="2023-07-03 01:08:56Z" duration="0.000757" asserts="0">
                <properties>
                  <property name="Category" value="GDX.Tests" />
                </properties>
                <output><![CDATA[[Code Coverage] Code Coverage results for visited sequence points were saved in D:/BuildAgent/work/GDX-Documentation/Staging/CodeCoverage/GDX_Development-opencov/EditMode/TestCoverageResults_0301.xml
[Code Coverage] Code Coverage requires Burst Compilation to be disabled in order to obtain accurate coverage information. To disable Burst Compilation uncheck Jobs > Burst > Enable Compilation or pass '--burst-disable-compilation' to the command line in batchmode.
]]></output>
              </test-case>
              <test-case id="1696" name="RemoveUnchecked_MockDataGeneric7_Removed" fullname="GDX.Collections.Generic.SparseSetTests.RemoveUnchecked_MockDataGeneric7_Removed" methodname="RemoveUnchecked_MockDataGeneric7_Removed" classname="GDX.Collections.Generic.SparseSetTests" runstate="Runnable" seed="582282994" result="Passed" start-time="2023-07-03 01:08:57Z" end-time="2023-07-03 01:08:57Z" duration="0.000662" asserts="0">
                <properties>
                  <property name="Category" value="GDX.Tests" />
                </properties>
                <output><![CDATA[[Code Coverage] Code Coverage results for visited sequence points were saved in D:/BuildAgent/work/GDX-Documentation/Staging/CodeCoverage/GDX_Development-opencov/EditMode/TestCoverageResults_0302.xml
[Code Coverage] Code Coverage requires Burst Compilation to be disabled in order to obtain accurate coverage information. To disable Burst Compilation uncheck Jobs > Burst > Enable Compilation or pass '--burst-disable-compilation' to the command line in batchmode.
]]></output>
              </test-case>
              <test-case id="1660" name="RemoveUnchecked_MockDataWithIndices_ValidIndexRemoved" fullname="GDX.Collections.Generic.SparseSetTests.RemoveUnchecked_MockDataWithIndices_ValidIndexRemoved" methodname="RemoveUnchecked_MockDataWithIndices_ValidIndexRemoved" classname="GDX.Collections.Generic.SparseSetTests" runstate="Runnable" seed="655857959" result="Passed" start-time="2023-07-03 01:08:58Z" end-time="2023-07-03 01:08:58Z" duration="0.000447" asserts="0">
                <properties>
                  <property name="Category" value="GDX.Tests" />
                </properties>
                <output><![CDATA[[Code Coverage] Code Coverage results for visited sequence points were saved in D:/BuildAgent/work/GDX-Documentation/Staging/CodeCoverage/GDX_Development-opencov/EditMode/TestCoverageResults_0303.xml
[Code Coverage] Code Coverage requires Burst Compilation to be disabled in order to obtain accurate coverage information. To disable Burst Compilation uncheck Jobs > Burst > Enable Compilation or pass '--burst-disable-compilation' to the command line in batchmode.
]]></output>
              </test-case>
              <test-case id="1659" name="RemoveUnchecked_MockDataWithIndicesAndVersionArray_ValidIndexRemoved" fullname="GDX.Collections.Generic.SparseSetTests.RemoveUnchecked_MockDataWithIndicesAndVersionArray_ValidIndexRemoved" methodname="RemoveUnchecked_MockDataWithIndicesAndVersionArray_ValidIndexRemoved" classname="GDX.Collections.Generic.SparseSetTests" runstate="Runnable" seed="1891474777" result="Passed" start-time="2023-07-03 01:08:58Z" end-time="2023-07-03 01:08:58Z" duration="0.000403" asserts="0">
                <properties>
                  <property name="Category" value="GDX.Tests" />
                </properties>
                <output><![CDATA[[Code Coverage] Code Coverage results for visited sequence points were saved in D:/BuildAgent/work/GDX-Documentation/Staging/CodeCoverage/GDX_Development-opencov/EditMode/TestCoverageResults_0304.xml
[Code Coverage] Code Coverage requires Burst Compilation to be disabled in order to obtain accurate coverage information. To disable Burst Compilation uncheck Jobs > Burst > Enable Compilation or pass '--burst-disable-compilation' to the command line in batchmode.
]]></output>
              </test-case>
              <test-case id="1662" name="RemoveUncheckedFromDenseIndex_MockData_ValidIndexRemoved" fullname="GDX.Collections.Generic.SparseSetTests.RemoveUncheckedFromDenseIndex_MockData_ValidIndexRemoved" methodname="RemoveUncheckedFromDenseIndex_MockData_ValidIndexRemoved" classname="GDX.Collections.Generic.SparseSetTests" runstate="Runnable" seed="2093050110" result="Passed" start-time="2023-07-03 01:08:59Z" end-time="2023-07-03 01:08:59Z" duration="0.000427" asserts="0">
                <properties>
                  <property name="Category" value="GDX.Tests" />
                </properties>
                <output><![CDATA[[Code Coverage] Code Coverage results for visited sequence points were saved in D:/BuildAgent/work/GDX-Documentation/Staging/CodeCoverage/GDX_Development-opencov/EditMode/TestCoverageResults_0305.xml
[Code Coverage] Code Coverage requires Burst Compilation to be disabled in order to obtain accurate coverage information. To disable Burst Compilation uncheck Jobs > Burst > Enable Compilation or pass '--burst-disable-compilation' to the command line in batchmode.
]]></output>
              </test-case>
              <test-case id="1663" name="RemoveUncheckedFromDenseIndex_MockDataWithSwapIndex_ValidIndexRemoved" fullname="GDX.Collections.Generic.SparseSetTests.RemoveUncheckedFromDenseIndex_MockDataWithSwapIndex_ValidIndexRemoved" methodname="RemoveUncheckedFromDenseIndex_MockDataWithSwapIndex_ValidIndexRemoved" classname="GDX.Collections.Generic.SparseSetTests" runstate="Runnable" seed="565619845" result="Passed" start-time="2023-07-03 01:08:59Z" end-time="2023-07-03 01:08:59Z" duration="0.000441" asserts="0">
                <properties>
                  <property name="Category" value="GDX.Tests" />
                </properties>
                <output><![CDATA[[Code Coverage] Code Coverage results for visited sequence points were saved in D:/BuildAgent/work/GDX-Documentation/Staging/CodeCoverage/GDX_Development-opencov/EditMode/TestCoverageResults_0306.xml
[Code Coverage] Code Coverage requires Burst Compilation to be disabled in order to obtain accurate coverage information. To disable Burst Compilation uncheck Jobs > Burst > Enable Compilation or pass '--burst-disable-compilation' to the command line in batchmode.
]]></output>
              </test-case>
              <test-case id="1664" name="RemoveUncheckedFromDenseIndex_MockDataWithVersionArray_ValidIndexRemoved" fullname="GDX.Collections.Generic.SparseSetTests.RemoveUncheckedFromDenseIndex_MockDataWithVersionArray_ValidIndexRemoved" methodname="RemoveUncheckedFromDenseIndex_MockDataWithVersionArray_ValidIndexRemoved" classname="GDX.Collections.Generic.SparseSetTests" runstate="Runnable" seed="16644667" result="Passed" start-time="2023-07-03 01:09:00Z" end-time="2023-07-03 01:09:00Z" duration="0.000472" asserts="0">
                <properties>
                  <property name="Category" value="GDX.Tests" />
                </properties>
                <output><![CDATA[[Code Coverage] Code Coverage results for visited sequence points were saved in D:/BuildAgent/work/GDX-Documentation/Staging/CodeCoverage/GDX_Development-opencov/EditMode/TestCoverageResults_0307.xml
[Code Coverage] Code Coverage requires Burst Compilation to be disabled in order to obtain accurate coverage information. To disable Burst Compilation uncheck Jobs > Burst > Enable Compilation or pass '--burst-disable-compilation' to the command line in batchmode.
]]></output>
              </test-case>
              <test-case id="1665" name="RemoveUncheckedFromDenseIndex_MockDataWithVersionArrayAndSwapIndex_ValidIndexRemoved" fullname="GDX.Collections.Generic.SparseSetTests.RemoveUncheckedFromDenseIndex_MockDataWithVersionArrayAndSwapIndex_ValidIndexRemoved" methodname="RemoveUncheckedFromDenseIndex_MockDataWithVersionArrayAndSwapIndex_ValidIndexRemoved" classname="GDX.Collections.Generic.SparseSetTests" runstate="Runnable" seed="225084856" result="Passed" start-time="2023-07-03 01:09:01Z" end-time="2023-07-03 01:09:01Z" duration="0.000481" asserts="0">
                <properties>
                  <property name="Category" value="GDX.Tests" />
                </properties>
                <output><![CDATA[[Code Coverage] Code Coverage results for visited sequence points were saved in D:/BuildAgent/work/GDX-Documentation/Staging/CodeCoverage/GDX_Development-opencov/EditMode/TestCoverageResults_0308.xml
[Code Coverage] Code Coverage requires Burst Compilation to be disabled in order to obtain accurate coverage information. To disable Burst Compilation uncheck Jobs > Burst > Enable Compilation or pass '--burst-disable-compilation' to the command line in batchmode.
]]></output>
              </test-case>
              <test-case id="1658" name="RemoveWithBoundsAndVersionChecks_MockData_ValidIndexRemovedInvalidIndicesNotRemoved" fullname="GDX.Collections.Generic.SparseSetTests.RemoveWithBoundsAndVersionChecks_MockData_ValidIndexRemovedInvalidIndicesNotRemoved" methodname="RemoveWithBoundsAndVersionChecks_MockData_ValidIndexRemovedInvalidIndicesNotRemoved" classname="GDX.Collections.Generic.SparseSetTests" runstate="Runnable" seed="826132243" result="Passed" start-time="2023-07-03 01:09:01Z" end-time="2023-07-03 01:09:01Z" duration="0.000641" asserts="0">
                <properties>
                  <property name="Category" value="GDX.Tests" />
                </properties>
                <output><![CDATA[[Code Coverage] Code Coverage results for visited sequence points were saved in D:/BuildAgent/work/GDX-Documentation/Staging/CodeCoverage/GDX_Development-opencov/EditMode/TestCoverageResults_0309.xml
[Code Coverage] Code Coverage requires Burst Compilation to be disabled in order to obtain accurate coverage information. To disable Burst Compilation uncheck Jobs > Burst > Enable Compilation or pass '--burst-disable-compilation' to the command line in batchmode.
]]></output>
              </test-case>
              <test-case id="1656" name="RemoveWithBoundsCheck_MockData_ValidIndexRemovedInvalidIndicesNotRemoved" fullname="GDX.Collections.Generic.SparseSetTests.RemoveWithBoundsCheck_MockData_ValidIndexRemovedInvalidIndicesNotRemoved" methodname="RemoveWithBoundsCheck_MockData_ValidIndexRemovedInvalidIndicesNotRemoved" classname="GDX.Collections.Generic.SparseSetTests" runstate="Runnable" seed="531913961" result="Passed" start-time="2023-07-03 01:09:02Z" end-time="2023-07-03 01:09:02Z" duration="0.001096" asserts="0">
                <properties>
                  <property name="Category" value="GDX.Tests" />
                </properties>
                <output><![CDATA[[Code Coverage] Code Coverage results for visited sequence points were saved in D:/BuildAgent/work/GDX-Documentation/Staging/CodeCoverage/GDX_Development-opencov/EditMode/TestCoverageResults_0310.xml
[Code Coverage] Code Coverage requires Burst Compilation to be disabled in order to obtain accurate coverage information. To disable Burst Compilation uncheck Jobs > Burst > Enable Compilation or pass '--burst-disable-compilation' to the command line in batchmode.
]]></output>
              </test-case>
              <test-case id="1657" name="RemoveWithVersionCheck_MockData_ValidIndexRemovedInvalidIndicesNotRemoved" fullname="GDX.Collections.Generic.SparseSetTests.RemoveWithVersionCheck_MockData_ValidIndexRemovedInvalidIndicesNotRemoved" methodname="RemoveWithVersionCheck_MockData_ValidIndexRemovedInvalidIndicesNotRemoved" classname="GDX.Collections.Generic.SparseSetTests" runstate="Runnable" seed="233285828" result="Passed" start-time="2023-07-03 01:09:03Z" end-time="2023-07-03 01:09:03Z" duration="0.000528" asserts="0">
                <properties>
                  <property name="Category" value="GDX.Tests" />
                </properties>
                <output><![CDATA[[Code Coverage] Code Coverage results for visited sequence points were saved in D:/BuildAgent/work/GDX-Documentation/Staging/CodeCoverage/GDX_Development-opencov/EditMode/TestCoverageResults_0311.xml
[Code Coverage] Code Coverage requires Burst Compilation to be disabled in order to obtain accurate coverage information. To disable Burst Compilation uncheck Jobs > Burst > Enable Compilation or pass '--burst-disable-compilation' to the command line in batchmode.
]]></output>
              </test-case>
              <test-case id="1671" name="Reserve_MockData_Expanded" fullname="GDX.Collections.Generic.SparseSetTests.Reserve_MockData_Expanded" methodname="Reserve_MockData_Expanded" classname="GDX.Collections.Generic.SparseSetTests" runstate="Runnable" seed="456668042" result="Passed" start-time="2023-07-03 01:09:03Z" end-time="2023-07-03 01:09:03Z" duration="0.000467" asserts="0">
                <properties>
                  <property name="Category" value="GDX.Tests" />
                </properties>
                <output><![CDATA[[Code Coverage] Code Coverage results for visited sequence points were saved in D:/BuildAgent/work/GDX-Documentation/Staging/CodeCoverage/GDX_Development-opencov/EditMode/TestCoverageResults_0312.xml
[Code Coverage] Code Coverage requires Burst Compilation to be disabled in order to obtain accurate coverage information. To disable Burst Compilation uncheck Jobs > Burst > Enable Compilation or pass '--burst-disable-compilation' to the command line in batchmode.
]]></output>
              </test-case>
              <test-case id="1672" name="Reserve_MockDataWithVersionArray_Expanded" fullname="GDX.Collections.Generic.SparseSetTests.Reserve_MockDataWithVersionArray_Expanded" methodname="Reserve_MockDataWithVersionArray_Expanded" classname="GDX.Collections.Generic.SparseSetTests" runstate="Runnable" seed="2019632837" result="Passed" start-time="2023-07-03 01:09:04Z" end-time="2023-07-03 01:09:04Z" duration="0.000368" asserts="0">
                <properties>
                  <property name="Category" value="GDX.Tests" />
                </properties>
                <output><![CDATA[[Code Coverage] Code Coverage results for visited sequence points were saved in D:/BuildAgent/work/GDX-Documentation/Staging/CodeCoverage/GDX_Development-opencov/EditMode/TestCoverageResults_0313.xml
[Code Coverage] Code Coverage requires Burst Compilation to be disabled in order to obtain accurate coverage information. To disable Burst Compilation uncheck Jobs > Burst > Enable Compilation or pass '--burst-disable-compilation' to the command line in batchmode.
]]></output>
              </test-case>
            </test-suite>
            <test-suite type="TestFixture" id="1697" name="StringKeyDictionaryTests" fullname="GDX.Collections.Generic.StringKeyDictionaryTests" classname="GDX.Collections.Generic.StringKeyDictionaryTests" runstate="Runnable" testcasecount="27" result="Passed" start-time="2023-07-03 01:09:05Z" end-time="2023-07-03 01:09:23Z" duration="18.647394" total="27" passed="27" failed="0" inconclusive="0" skipped="0" asserts="0">
              <properties />
              <test-case id="1707" name="AddSafe_CheckEntriesMaintainConnection" fullname="GDX.Collections.Generic.StringKeyDictionaryTests.AddSafe_CheckEntriesMaintainConnection" methodname="AddSafe_CheckEntriesMaintainConnection" classname="GDX.Collections.Generic.StringKeyDictionaryTests" runstate="Runnable" seed="876957746" result="Passed" start-time="2023-07-03 01:09:05Z" end-time="2023-07-03 01:09:05Z" duration="0.001094" asserts="0">
                <properties>
                  <property name="Category" value="GDX.Tests" />
                </properties>
                <output><![CDATA[[Code Coverage] Code Coverage results for visited sequence points were saved in D:/BuildAgent/work/GDX-Documentation/Staging/CodeCoverage/GDX_Development-opencov/EditMode/TestCoverageResults_0314.xml
[Code Coverage] Code Coverage requires Burst Compilation to be disabled in order to obtain accurate coverage information. To disable Burst Compilation uncheck Jobs > Burst > Enable Compilation or pass '--burst-disable-compilation' to the command line in batchmode.
]]></output>
              </test-case>
              <test-case id="1701" name="AddSafe_CheckExists" fullname="GDX.Collections.Generic.StringKeyDictionaryTests.AddSafe_CheckExists" methodname="AddSafe_CheckExists" classname="GDX.Collections.Generic.StringKeyDictionaryTests" runstate="Runnable" seed="292320720" result="Passed" start-time="2023-07-03 01:09:05Z" end-time="2023-07-03 01:09:05Z" duration="0.000352" asserts="0">
                <properties>
                  <property name="Category" value="GDX.Tests" />
                </properties>
                <output><![CDATA[[Code Coverage] Code Coverage results for visited sequence points were saved in D:/BuildAgent/work/GDX-Documentation/Staging/CodeCoverage/GDX_Development-opencov/EditMode/TestCoverageResults_0315.xml
[Code Coverage] Code Coverage requires Burst Compilation to be disabled in order to obtain accurate coverage information. To disable Burst Compilation uncheck Jobs > Burst > Enable Compilation or pass '--burst-disable-compilation' to the command line in batchmode.
]]></output>
              </test-case>
              <test-case id="1706" name="AddSafe_CheckExpanded" fullname="GDX.Collections.Generic.StringKeyDictionaryTests.AddSafe_CheckExpanded" methodname="AddSafe_CheckExpanded" classname="GDX.Collections.Generic.StringKeyDictionaryTests" runstate="Runnable" seed="1956025429" result="Passed" start-time="2023-07-03 01:09:06Z" end-time="2023-07-03 01:09:06Z" duration="0.000452" asserts="0">
                <properties>
                  <property name="Category" value="GDX.Tests" />
                </properties>
                <output><![CDATA[[Code Coverage] Code Coverage results for visited sequence points were saved in D:/BuildAgent/work/GDX-Documentation/Staging/CodeCoverage/GDX_Development-opencov/EditMode/TestCoverageResults_0316.xml
[Code Coverage] Code Coverage requires Burst Compilation to be disabled in order to obtain accurate coverage information. To disable Burst Compilation uncheck Jobs > Burst > Enable Compilation or pass '--burst-disable-compilation' to the command line in batchmode.
]]></output>
              </test-case>
              <test-case id="1718" name="AddTwoCollidingEntries_CheckAccess" fullname="GDX.Collections.Generic.StringKeyDictionaryTests.AddTwoCollidingEntries_CheckAccess" methodname="AddTwoCollidingEntries_CheckAccess" classname="GDX.Collections.Generic.StringKeyDictionaryTests" runstate="Runnable" seed="1844691821" result="Passed" start-time="2023-07-03 01:09:07Z" end-time="2023-07-03 01:09:07Z" duration="0.000649" asserts="0">
                <properties>
                  <property name="Category" value="GDX.Tests" />
                </properties>
                <output><![CDATA[[Code Coverage] Code Coverage results for visited sequence points were saved in D:/BuildAgent/work/GDX-Documentation/Staging/CodeCoverage/GDX_Development-opencov/EditMode/TestCoverageResults_0317.xml
[Code Coverage] Code Coverage requires Burst Compilation to be disabled in order to obtain accurate coverage information. To disable Burst Compilation uncheck Jobs > Burst > Enable Compilation or pass '--burst-disable-compilation' to the command line in batchmode.
]]></output>
              </test-case>
              <test-case id="1719" name="AddTwoCollidingEntries_RemoveFirst_CheckSecondExists" fullname="GDX.Collections.Generic.StringKeyDictionaryTests.AddTwoCollidingEntries_RemoveFirst_CheckSecondExists" methodname="AddTwoCollidingEntries_RemoveFirst_CheckSecondExists" classname="GDX.Collections.Generic.StringKeyDictionaryTests" runstate="Runnable" seed="606310544" result="Passed" start-time="2023-07-03 01:09:07Z" end-time="2023-07-03 01:09:07Z" duration="0.000668" asserts="0">
                <properties>
                  <property name="Category" value="GDX.Tests" />
                </properties>
                <output><![CDATA[[Code Coverage] Code Coverage results for visited sequence points were saved in D:/BuildAgent/work/GDX-Documentation/Staging/CodeCoverage/GDX_Development-opencov/EditMode/TestCoverageResults_0318.xml
[Code Coverage] Code Coverage requires Burst Compilation to be disabled in order to obtain accurate coverage information. To disable Burst Compilation uncheck Jobs > Burst > Enable Compilation or pass '--burst-disable-compilation' to the command line in batchmode.
]]></output>
              </test-case>
              <test-case id="1720" name="AddTwoCollidingEntries_RemoveSecond_CheckFirstExists" fullname="GDX.Collections.Generic.StringKeyDictionaryTests.AddTwoCollidingEntries_RemoveSecond_CheckFirstExists" methodname="AddTwoCollidingEntries_RemoveSecond_CheckFirstExists" classname="GDX.Collections.Generic.StringKeyDictionaryTests" runstate="Runnable" seed="185551070" result="Passed" start-time="2023-07-03 01:09:08Z" end-time="2023-07-03 01:09:08Z" duration="0.000397" asserts="0">
                <properties>
                  <property name="Category" value="GDX.Tests" />
                </properties>
                <output><![CDATA[[Code Coverage] Code Coverage results for visited sequence points were saved in D:/BuildAgent/work/GDX-Documentation/Staging/CodeCoverage/GDX_Development-opencov/EditMode/TestCoverageResults_0319.xml
[Code Coverage] Code Coverage requires Burst Compilation to be disabled in order to obtain accurate coverage information. To disable Burst Compilation uncheck Jobs > Burst > Enable Compilation or pass '--burst-disable-compilation' to the command line in batchmode.
]]></output>
              </test-case>
              <test-case id="1711" name="AddUnchecked_CheckExists" fullname="GDX.Collections.Generic.StringKeyDictionaryTests.AddUnchecked_CheckExists" methodname="AddUnchecked_CheckExists" classname="GDX.Collections.Generic.StringKeyDictionaryTests" runstate="Runnable" seed="835428591" result="Passed" start-time="2023-07-03 01:09:09Z" end-time="2023-07-03 01:09:09Z" duration="0.000338" asserts="0">
                <properties>
                  <property name="Category" value="GDX.Tests" />
                </properties>
                <output><![CDATA[[Code Coverage] Code Coverage results for visited sequence points were saved in D:/BuildAgent/work/GDX-Documentation/Staging/CodeCoverage/GDX_Development-opencov/EditMode/TestCoverageResults_0320.xml
[Code Coverage] Code Coverage requires Burst Compilation to be disabled in order to obtain accurate coverage information. To disable Burst Compilation uncheck Jobs > Burst > Enable Compilation or pass '--burst-disable-compilation' to the command line in batchmode.
]]></output>
              </test-case>
              <test-case id="1705" name="AddWithExpandCheck_CheckEntriesMaintainConnection" fullname="GDX.Collections.Generic.StringKeyDictionaryTests.AddWithExpandCheck_CheckEntriesMaintainConnection" methodname="AddWithExpandCheck_CheckEntriesMaintainConnection" classname="GDX.Collections.Generic.StringKeyDictionaryTests" runstate="Runnable" seed="1688892068" result="Passed" start-time="2023-07-03 01:09:09Z" end-time="2023-07-03 01:09:09Z" duration="0.000567" asserts="0">
                <properties>
                  <property name="Category" value="GDX.Tests" />
                </properties>
                <output><![CDATA[[Code Coverage] Code Coverage results for visited sequence points were saved in D:/BuildAgent/work/GDX-Documentation/Staging/CodeCoverage/GDX_Development-opencov/EditMode/TestCoverageResults_0321.xml
[Code Coverage] Code Coverage requires Burst Compilation to be disabled in order to obtain accurate coverage information. To disable Burst Compilation uncheck Jobs > Burst > Enable Compilation or pass '--burst-disable-compilation' to the command line in batchmode.
]]></output>
              </test-case>
              <test-case id="1703" name="AddWithExpandCheck_CheckExists" fullname="GDX.Collections.Generic.StringKeyDictionaryTests.AddWithExpandCheck_CheckExists" methodname="AddWithExpandCheck_CheckExists" classname="GDX.Collections.Generic.StringKeyDictionaryTests" runstate="Runnable" seed="948307187" result="Passed" start-time="2023-07-03 01:09:10Z" end-time="2023-07-03 01:09:10Z" duration="0.000372" asserts="0">
                <properties>
                  <property name="Category" value="GDX.Tests" />
                </properties>
                <output><![CDATA[[Code Coverage] Code Coverage results for visited sequence points were saved in D:/BuildAgent/work/GDX-Documentation/Staging/CodeCoverage/GDX_Development-opencov/EditMode/TestCoverageResults_0322.xml
[Code Coverage] Code Coverage requires Burst Compilation to be disabled in order to obtain accurate coverage information. To disable Burst Compilation uncheck Jobs > Burst > Enable Compilation or pass '--burst-disable-compilation' to the command line in batchmode.
]]></output>
              </test-case>
              <test-case id="1704" name="AddWithExpandCheck_CheckExpanded" fullname="GDX.Collections.Generic.StringKeyDictionaryTests.AddWithExpandCheck_CheckExpanded" methodname="AddWithExpandCheck_CheckExpanded" classname="GDX.Collections.Generic.StringKeyDictionaryTests" runstate="Runnable" seed="1553470281" result="Passed" start-time="2023-07-03 01:09:11Z" end-time="2023-07-03 01:09:11Z" duration="0.000439" asserts="0">
                <properties>
                  <property name="Category" value="GDX.Tests" />
                </properties>
                <output><![CDATA[[Code Coverage] Code Coverage results for visited sequence points were saved in D:/BuildAgent/work/GDX-Documentation/Staging/CodeCoverage/GDX_Development-opencov/EditMode/TestCoverageResults_0323.xml
[Code Coverage] Code Coverage requires Burst Compilation to be disabled in order to obtain accurate coverage information. To disable Burst Compilation uncheck Jobs > Burst > Enable Compilation or pass '--burst-disable-compilation' to the command line in batchmode.
]]></output>
              </test-case>
              <test-case id="1709" name="AddWithIndexer_CheckEntriesMaintainConnection" fullname="GDX.Collections.Generic.StringKeyDictionaryTests.AddWithIndexer_CheckEntriesMaintainConnection" methodname="AddWithIndexer_CheckEntriesMaintainConnection" classname="GDX.Collections.Generic.StringKeyDictionaryTests" runstate="Runnable" seed="1267178602" result="Passed" start-time="2023-07-03 01:09:11Z" end-time="2023-07-03 01:09:11Z" duration="0.000744" asserts="0">
                <properties>
                  <property name="Category" value="GDX.Tests" />
                </properties>
                <output><![CDATA[[Code Coverage] Code Coverage results for visited sequence points were saved in D:/BuildAgent/work/GDX-Documentation/Staging/CodeCoverage/GDX_Development-opencov/EditMode/TestCoverageResults_0324.xml
[Code Coverage] Code Coverage requires Burst Compilation to be disabled in order to obtain accurate coverage information. To disable Burst Compilation uncheck Jobs > Burst > Enable Compilation or pass '--burst-disable-compilation' to the command line in batchmode.
]]></output>
              </test-case>
              <test-case id="1708" name="AddWithIndexer_CheckExpanded" fullname="GDX.Collections.Generic.StringKeyDictionaryTests.AddWithIndexer_CheckExpanded" methodname="AddWithIndexer_CheckExpanded" classname="GDX.Collections.Generic.StringKeyDictionaryTests" runstate="Runnable" seed="920291343" result="Passed" start-time="2023-07-03 01:09:12Z" end-time="2023-07-03 01:09:12Z" duration="0.000421" asserts="0">
                <properties>
                  <property name="Category" value="GDX.Tests" />
                </properties>
                <output><![CDATA[[Code Coverage] Code Coverage results for visited sequence points were saved in D:/BuildAgent/work/GDX-Documentation/Staging/CodeCoverage/GDX_Development-opencov/EditMode/TestCoverageResults_0325.xml
[Code Coverage] Code Coverage requires Burst Compilation to be disabled in order to obtain accurate coverage information. To disable Burst Compilation uncheck Jobs > Burst > Enable Compilation or pass '--burst-disable-compilation' to the command line in batchmode.
]]></output>
              </test-case>
              <test-case id="1710" name="AddWithUniqueCheck_CheckExists" fullname="GDX.Collections.Generic.StringKeyDictionaryTests.AddWithUniqueCheck_CheckExists" methodname="AddWithUniqueCheck_CheckExists" classname="GDX.Collections.Generic.StringKeyDictionaryTests" runstate="Runnable" seed="307356007" result="Passed" start-time="2023-07-03 01:09:13Z" end-time="2023-07-03 01:09:13Z" duration="0.000610" asserts="0">
                <properties>
                  <property name="Category" value="GDX.Tests" />
                </properties>
                <output><![CDATA[[Code Coverage] Code Coverage results for visited sequence points were saved in D:/BuildAgent/work/GDX-Documentation/Staging/CodeCoverage/GDX_Development-opencov/EditMode/TestCoverageResults_0326.xml
[Code Coverage] Code Coverage requires Burst Compilation to be disabled in order to obtain accurate coverage information. To disable Burst Compilation uncheck Jobs > Burst > Enable Compilation or pass '--burst-disable-compilation' to the command line in batchmode.
]]></output>
              </test-case>
              <test-case id="1714" name="AddWithUniqueCheckTwice_CheckAddedOnlyOnce" fullname="GDX.Collections.Generic.StringKeyDictionaryTests.AddWithUniqueCheckTwice_CheckAddedOnlyOnce" methodname="AddWithUniqueCheckTwice_CheckAddedOnlyOnce" classname="GDX.Collections.Generic.StringKeyDictionaryTests" runstate="Runnable" seed="1128328227" result="Passed" start-time="2023-07-03 01:09:13Z" end-time="2023-07-03 01:09:13Z" duration="0.000477" asserts="0">
                <properties>
                  <property name="Category" value="GDX.Tests" />
                </properties>
                <output><![CDATA[[Code Coverage] Code Coverage results for visited sequence points were saved in D:/BuildAgent/work/GDX-Documentation/Staging/CodeCoverage/GDX_Development-opencov/EditMode/TestCoverageResults_0327.xml
[Code Coverage] Code Coverage requires Burst Compilation to be disabled in order to obtain accurate coverage information. To disable Burst Compilation uncheck Jobs > Burst > Enable Compilation or pass '--burst-disable-compilation' to the command line in batchmode.
]]></output>
              </test-case>
              <test-case id="1700" name="Constructor_RequestBelowPrimeMinimum_PrimeCapacity" fullname="GDX.Collections.Generic.StringKeyDictionaryTests.Constructor_RequestBelowPrimeMinimum_PrimeCapacity" methodname="Constructor_RequestBelowPrimeMinimum_PrimeCapacity" classname="GDX.Collections.Generic.StringKeyDictionaryTests" runstate="Runnable" seed="174660847" result="Passed" start-time="2023-07-03 01:09:14Z" end-time="2023-07-03 01:09:14Z" duration="0.000479" asserts="0">
                <properties>
                  <property name="Category" value="GDX.Tests" />
                </properties>
                <output><![CDATA[[Code Coverage] Code Coverage results for visited sequence points were saved in D:/BuildAgent/work/GDX-Documentation/Staging/CodeCoverage/GDX_Development-opencov/EditMode/TestCoverageResults_0328.xml
[Code Coverage] Code Coverage requires Burst Compilation to be disabled in order to obtain accurate coverage information. To disable Burst Compilation uncheck Jobs > Burst > Enable Compilation or pass '--burst-disable-compilation' to the command line in batchmode.
]]></output>
              </test-case>
              <test-case id="1699" name="Constructor_RequestPrimeMinimum_PrimeCapacity" fullname="GDX.Collections.Generic.StringKeyDictionaryTests.Constructor_RequestPrimeMinimum_PrimeCapacity" methodname="Constructor_RequestPrimeMinimum_PrimeCapacity" classname="GDX.Collections.Generic.StringKeyDictionaryTests" runstate="Runnable" seed="1608607335" result="Passed" start-time="2023-07-03 01:09:15Z" end-time="2023-07-03 01:09:15Z" duration="0.000358" asserts="0">
                <properties>
                  <property name="Category" value="GDX.Tests" />
                </properties>
                <output><![CDATA[[Code Coverage] Code Coverage results for visited sequence points were saved in D:/BuildAgent/work/GDX-Documentation/Staging/CodeCoverage/GDX_Development-opencov/EditMode/TestCoverageResults_0329.xml
[Code Coverage] Code Coverage requires Burst Compilation to be disabled in order to obtain accurate coverage information. To disable Burst Compilation uncheck Jobs > Burst > Enable Compilation or pass '--burst-disable-compilation' to the command line in batchmode.
]]></output>
              </test-case>
              <test-case id="1698" name="Constructor_RequestZeroMinimum_PrimeCapacity" fullname="GDX.Collections.Generic.StringKeyDictionaryTests.Constructor_RequestZeroMinimum_PrimeCapacity" methodname="Constructor_RequestZeroMinimum_PrimeCapacity" classname="GDX.Collections.Generic.StringKeyDictionaryTests" runstate="Runnable" seed="1822569148" result="Passed" start-time="2023-07-03 01:09:15Z" end-time="2023-07-03 01:09:15Z" duration="0.000354" asserts="0">
                <properties>
                  <property name="Category" value="GDX.Tests" />
                </properties>
                <output><![CDATA[[Code Coverage] Code Coverage results for visited sequence points were saved in D:/BuildAgent/work/GDX-Documentation/Staging/CodeCoverage/GDX_Development-opencov/EditMode/TestCoverageResults_0330.xml
[Code Coverage] Code Coverage requires Burst Compilation to be disabled in order to obtain accurate coverage information. To disable Burst Compilation uncheck Jobs > Burst > Enable Compilation or pass '--burst-disable-compilation' to the command line in batchmode.
]]></output>
              </test-case>
              <test-case id="1702" name="IndexerAdd_CheckExists" fullname="GDX.Collections.Generic.StringKeyDictionaryTests.IndexerAdd_CheckExists" methodname="IndexerAdd_CheckExists" classname="GDX.Collections.Generic.StringKeyDictionaryTests" runstate="Runnable" seed="2117298999" result="Passed" start-time="2023-07-03 01:09:16Z" end-time="2023-07-03 01:09:16Z" duration="0.000380" asserts="0">
                <properties>
                  <property name="Category" value="GDX.Tests" />
                </properties>
                <output><![CDATA[[Code Coverage] Code Coverage results for visited sequence points were saved in D:/BuildAgent/work/GDX-Documentation/Staging/CodeCoverage/GDX_Development-opencov/EditMode/TestCoverageResults_0331.xml
[Code Coverage] Code Coverage requires Burst Compilation to be disabled in order to obtain accurate coverage information. To disable Burst Compilation uncheck Jobs > Burst > Enable Compilation or pass '--burst-disable-compilation' to the command line in batchmode.
]]></output>
              </test-case>
              <test-case id="1716" name="IndexOf_CheckCorrectIndex" fullname="GDX.Collections.Generic.StringKeyDictionaryTests.IndexOf_CheckCorrectIndex" methodname="IndexOf_CheckCorrectIndex" classname="GDX.Collections.Generic.StringKeyDictionaryTests" runstate="Runnable" seed="1671491126" result="Passed" start-time="2023-07-03 01:09:17Z" end-time="2023-07-03 01:09:17Z" duration="0.000428" asserts="0">
                <properties>
                  <property name="Category" value="GDX.Tests" />
                </properties>
                <output><![CDATA[[Code Coverage] Code Coverage results for visited sequence points were saved in D:/BuildAgent/work/GDX-Documentation/Staging/CodeCoverage/GDX_Development-opencov/EditMode/TestCoverageResults_0332.xml
[Code Coverage] Code Coverage requires Burst Compilation to be disabled in order to obtain accurate coverage information. To disable Burst Compilation uncheck Jobs > Burst > Enable Compilation or pass '--burst-disable-compilation' to the command line in batchmode.
]]></output>
              </test-case>
              <test-case id="1717" name="IndexOf_CheckEntryDoesNotExist" fullname="GDX.Collections.Generic.StringKeyDictionaryTests.IndexOf_CheckEntryDoesNotExist" methodname="IndexOf_CheckEntryDoesNotExist" classname="GDX.Collections.Generic.StringKeyDictionaryTests" runstate="Runnable" seed="1908144407" result="Passed" start-time="2023-07-03 01:09:17Z" end-time="2023-07-03 01:09:17Z" duration="0.000336" asserts="0">
                <properties>
                  <property name="Category" value="GDX.Tests" />
                </properties>
                <output><![CDATA[[Code Coverage] Code Coverage results for visited sequence points were saved in D:/BuildAgent/work/GDX-Documentation/Staging/CodeCoverage/GDX_Development-opencov/EditMode/TestCoverageResults_0333.xml
[Code Coverage] Code Coverage requires Burst Compilation to be disabled in order to obtain accurate coverage information. To disable Burst Compilation uncheck Jobs > Burst > Enable Compilation or pass '--burst-disable-compilation' to the command line in batchmode.
]]></output>
              </test-case>
              <test-case id="1721" name="MoveNext_FindAllEntries" fullname="GDX.Collections.Generic.StringKeyDictionaryTests.MoveNext_FindAllEntries" methodname="MoveNext_FindAllEntries" classname="GDX.Collections.Generic.StringKeyDictionaryTests" runstate="Runnable" seed="1645673178" result="Passed" start-time="2023-07-03 01:09:18Z" end-time="2023-07-03 01:09:18Z" duration="0.000545" asserts="0">
                <properties>
                  <property name="Category" value="GDX.Tests" />
                </properties>
                <output><![CDATA[[Code Coverage] Code Coverage results for visited sequence points were saved in D:/BuildAgent/work/GDX-Documentation/Staging/CodeCoverage/GDX_Development-opencov/EditMode/TestCoverageResults_0334.xml
[Code Coverage] Code Coverage requires Burst Compilation to be disabled in order to obtain accurate coverage information. To disable Burst Compilation uncheck Jobs > Burst > Enable Compilation or pass '--burst-disable-compilation' to the command line in batchmode.
]]></output>
              </test-case>
              <test-case id="1723" name="MoveNextWithVersion_CheckEarlyOutFromInvalidation" fullname="GDX.Collections.Generic.StringKeyDictionaryTests.MoveNextWithVersion_CheckEarlyOutFromInvalidation" methodname="MoveNextWithVersion_CheckEarlyOutFromInvalidation" classname="GDX.Collections.Generic.StringKeyDictionaryTests" runstate="Runnable" seed="653938872" result="Passed" start-time="2023-07-03 01:09:19Z" end-time="2023-07-03 01:09:19Z" duration="0.000603" asserts="0">
                <properties>
                  <property name="Category" value="GDX.Tests" />
                </properties>
                <output><![CDATA[[Code Coverage] Code Coverage results for visited sequence points were saved in D:/BuildAgent/work/GDX-Documentation/Staging/CodeCoverage/GDX_Development-opencov/EditMode/TestCoverageResults_0335.xml
[Code Coverage] Code Coverage requires Burst Compilation to be disabled in order to obtain accurate coverage information. To disable Burst Compilation uncheck Jobs > Burst > Enable Compilation or pass '--burst-disable-compilation' to the command line in batchmode.
]]></output>
              </test-case>
              <test-case id="1722" name="MoveNextWithVersion_FindAllEntries" fullname="GDX.Collections.Generic.StringKeyDictionaryTests.MoveNextWithVersion_FindAllEntries" methodname="MoveNextWithVersion_FindAllEntries" classname="GDX.Collections.Generic.StringKeyDictionaryTests" runstate="Runnable" seed="449234005" result="Passed" start-time="2023-07-03 01:09:19Z" end-time="2023-07-03 01:09:19Z" duration="0.000434" asserts="0">
                <properties>
                  <property name="Category" value="GDX.Tests" />
                </properties>
                <output><![CDATA[[Code Coverage] Code Coverage results for visited sequence points were saved in D:/BuildAgent/work/GDX-Documentation/Staging/CodeCoverage/GDX_Development-opencov/EditMode/TestCoverageResults_0336.xml
[Code Coverage] Code Coverage requires Burst Compilation to be disabled in order to obtain accurate coverage information. To disable Burst Compilation uncheck Jobs > Burst > Enable Compilation or pass '--burst-disable-compilation' to the command line in batchmode.
]]></output>
              </test-case>
              <test-case id="1715" name="Reserve_CheckExpandedCapacity" fullname="GDX.Collections.Generic.StringKeyDictionaryTests.Reserve_CheckExpandedCapacity" methodname="Reserve_CheckExpandedCapacity" classname="GDX.Collections.Generic.StringKeyDictionaryTests" runstate="Runnable" seed="2046722054" result="Passed" start-time="2023-07-03 01:09:20Z" end-time="2023-07-03 01:09:20Z" duration="0.000587" asserts="0">
                <properties>
                  <property name="Category" value="GDX.Tests" />
                </properties>
                <output><![CDATA[[Code Coverage] Code Coverage results for visited sequence points were saved in D:/BuildAgent/work/GDX-Documentation/Staging/CodeCoverage/GDX_Development-opencov/EditMode/TestCoverageResults_0337.xml
[Code Coverage] Code Coverage requires Burst Compilation to be disabled in order to obtain accurate coverage information. To disable Burst Compilation uncheck Jobs > Burst > Enable Compilation or pass '--burst-disable-compilation' to the command line in batchmode.
]]></output>
              </test-case>
              <test-case id="1724" name="TryGetValue" fullname="GDX.Collections.Generic.StringKeyDictionaryTests.TryGetValue" methodname="TryGetValue" classname="GDX.Collections.Generic.StringKeyDictionaryTests" runstate="Runnable" seed="912338489" result="Passed" start-time="2023-07-03 01:09:21Z" end-time="2023-07-03 01:09:21Z" duration="0.000679" asserts="0">
                <properties>
                  <property name="Category" value="GDX.Tests" />
                </properties>
                <output><![CDATA[[Code Coverage] Code Coverage results for visited sequence points were saved in D:/BuildAgent/work/GDX-Documentation/Staging/CodeCoverage/GDX_Development-opencov/EditMode/TestCoverageResults_0338.xml
[Code Coverage] Code Coverage requires Burst Compilation to be disabled in order to obtain accurate coverage information. To disable Burst Compilation uncheck Jobs > Burst > Enable Compilation or pass '--burst-disable-compilation' to the command line in batchmode.
]]></output>
              </test-case>
              <test-case id="1712" name="TryRemove_CheckActuallyRemoved" fullname="GDX.Collections.Generic.StringKeyDictionaryTests.TryRemove_CheckActuallyRemoved" methodname="TryRemove_CheckActuallyRemoved" classname="GDX.Collections.Generic.StringKeyDictionaryTests" runstate="Runnable" seed="472905664" result="Passed" start-time="2023-07-03 01:09:22Z" end-time="2023-07-03 01:09:22Z" duration="0.000434" asserts="0">
                <properties>
                  <property name="Category" value="GDX.Tests" />
                </properties>
                <output><![CDATA[[Code Coverage] Code Coverage results for visited sequence points were saved in D:/BuildAgent/work/GDX-Documentation/Staging/CodeCoverage/GDX_Development-opencov/EditMode/TestCoverageResults_0339.xml
[Code Coverage] Code Coverage requires Burst Compilation to be disabled in order to obtain accurate coverage information. To disable Burst Compilation uncheck Jobs > Burst > Enable Compilation or pass '--burst-disable-compilation' to the command line in batchmode.
]]></output>
              </test-case>
              <test-case id="1713" name="TryRemoveTwice_CheckCorrectReturnValues" fullname="GDX.Collections.Generic.StringKeyDictionaryTests.TryRemoveTwice_CheckCorrectReturnValues" methodname="TryRemoveTwice_CheckCorrectReturnValues" classname="GDX.Collections.Generic.StringKeyDictionaryTests" runstate="Runnable" seed="69094103" result="Passed" start-time="2023-07-03 01:09:23Z" end-time="2023-07-03 01:09:23Z" duration="0.000358" asserts="0">
                <properties>
                  <property name="Category" value="GDX.Tests" />
                </properties>
                <output><![CDATA[[Code Coverage] Code Coverage results for visited sequence points were saved in D:/BuildAgent/work/GDX-Documentation/Staging/CodeCoverage/GDX_Development-opencov/EditMode/TestCoverageResults_0340.xml
[Code Coverage] Code Coverage requires Burst Compilation to be disabled in order to obtain accurate coverage information. To disable Burst Compilation uncheck Jobs > Burst > Enable Compilation or pass '--burst-disable-compilation' to the command line in batchmode.
]]></output>
              </test-case>
            </test-suite>
            <test-suite type="TestFixture" id="1725" name="UniformArray3DTests" fullname="GDX.Collections.Generic.UniformArray3DTests" classname="GDX.Collections.Generic.UniformArray3DTests" runstate="Runnable" testcasecount="2" result="Passed" start-time="2023-07-03 01:09:23Z" end-time="2023-07-03 01:09:25Z" duration="1.310611" total="2" passed="2" failed="0" inconclusive="0" skipped="0" asserts="0">
              <properties />
              <test-case id="1726" name="Constructor_CorrectSizes" fullname="GDX.Collections.Generic.UniformArray3DTests.Constructor_CorrectSizes" methodname="Constructor_CorrectSizes" classname="GDX.Collections.Generic.UniformArray3DTests" runstate="Runnable" seed="1137182282" result="Passed" start-time="2023-07-03 01:09:23Z" end-time="2023-07-03 01:09:23Z" duration="0.000598" asserts="0">
                <properties>
                  <property name="Category" value="GDX.Tests" />
                </properties>
                <output><![CDATA[[Code Coverage] Code Coverage results for visited sequence points were saved in D:/BuildAgent/work/GDX-Documentation/Staging/CodeCoverage/GDX_Development-opencov/EditMode/TestCoverageResults_0341.xml
[Code Coverage] Code Coverage requires Burst Compilation to be disabled in order to obtain accurate coverage information. To disable Burst Compilation uncheck Jobs > Burst > Enable Compilation or pass '--burst-disable-compilation' to the command line in batchmode.
]]></output>
              </test-case>
              <test-case id="1727" name="GetByIndex_LastSpot_ValidEntry" fullname="GDX.Collections.Generic.UniformArray3DTests.GetByIndex_LastSpot_ValidEntry" methodname="GetByIndex_LastSpot_ValidEntry" classname="GDX.Collections.Generic.UniformArray3DTests" runstate="Runnable" seed="921877669" result="Passed" start-time="2023-07-03 01:09:24Z" end-time="2023-07-03 01:09:24Z" duration="0.000419" asserts="0">
                <properties>
                  <property name="Category" value="GDX.Tests" />
                </properties>
                <output><![CDATA[[Code Coverage] Code Coverage results for visited sequence points were saved in D:/BuildAgent/work/GDX-Documentation/Staging/CodeCoverage/GDX_Development-opencov/EditMode/TestCoverageResults_0342.xml
[Code Coverage] Code Coverage requires Burst Compilation to be disabled in order to obtain accurate coverage information. To disable Burst Compilation uncheck Jobs > Burst > Enable Compilation or pass '--burst-disable-compilation' to the command line in batchmode.
]]></output>
              </test-case>
            </test-suite>
            <test-suite type="TestFixture" id="1728" name="UnsafeSparseSetTests" fullname="GDX.Collections.Generic.UnsafeSparseSetTests" classname="GDX.Collections.Generic.UnsafeSparseSetTests" runstate="Runnable" testcasecount="30" result="Passed" start-time="2023-07-03 01:09:25Z" end-time="2023-07-03 01:09:45Z" duration="19.884855" total="30" passed="30" failed="0" inconclusive="0" skipped="0" asserts="0">
              <properties />
              <test-case id="1731" name="AddUnchecked_MockData_IndicesReserved" fullname="GDX.Collections.Generic.UnsafeSparseSetTests.AddUnchecked_MockData_IndicesReserved" methodname="AddUnchecked_MockData_IndicesReserved" classname="GDX.Collections.Generic.UnsafeSparseSetTests" runstate="Runnable" seed="419062617" result="Passed" start-time="2023-07-03 01:09:25Z" end-time="2023-07-03 01:09:25Z" duration="0.002960" asserts="0">
                <properties>
                  <property name="Category" value="GDX.Tests" />
                </properties>
                <output><![CDATA[[Code Coverage] Code Coverage results for visited sequence points were saved in D:/BuildAgent/work/GDX-Documentation/Staging/CodeCoverage/GDX_Development-opencov/EditMode/TestCoverageResults_0343.xml
[Code Coverage] Code Coverage requires Burst Compilation to be disabled in order to obtain accurate coverage information. To disable Burst Compilation uncheck Jobs > Burst > Enable Compilation or pass '--burst-disable-compilation' to the command line in batchmode.
]]></output>
              </test-case>
              <test-case id="1732" name="AddUnchecked_MockDataWithVersionArray__IndicesReserved" fullname="GDX.Collections.Generic.UnsafeSparseSetTests.AddUnchecked_MockDataWithVersionArray__IndicesReserved" methodname="AddUnchecked_MockDataWithVersionArray__IndicesReserved" classname="GDX.Collections.Generic.UnsafeSparseSetTests" runstate="Runnable" seed="568758286" result="Passed" start-time="2023-07-03 01:09:25Z" end-time="2023-07-03 01:09:25Z" duration="0.000713" asserts="0">
                <properties>
                  <property name="Category" value="GDX.Tests" />
                </properties>
                <output><![CDATA[[Code Coverage] Code Coverage results for visited sequence points were saved in D:/BuildAgent/work/GDX-Documentation/Staging/CodeCoverage/GDX_Development-opencov/EditMode/TestCoverageResults_0344.xml
[Code Coverage] Code Coverage requires Burst Compilation to be disabled in order to obtain accurate coverage information. To disable Burst Compilation uncheck Jobs > Burst > Enable Compilation or pass '--burst-disable-compilation' to the command line in batchmode.
]]></output>
              </test-case>
              <test-case id="1735" name="AddUnchecked_MockDataWithVersionArray_Expanded" fullname="GDX.Collections.Generic.UnsafeSparseSetTests.AddUnchecked_MockDataWithVersionArray_Expanded" methodname="AddUnchecked_MockDataWithVersionArray_Expanded" classname="GDX.Collections.Generic.UnsafeSparseSetTests" runstate="Runnable" seed="868587856" result="Passed" start-time="2023-07-03 01:09:26Z" end-time="2023-07-03 01:09:26Z" duration="0.001130" asserts="0">
                <properties>
                  <property name="Category" value="GDX.Tests" />
                </properties>
                <output><![CDATA[[Code Coverage] Code Coverage results for visited sequence points were saved in D:/BuildAgent/work/GDX-Documentation/Staging/CodeCoverage/GDX_Development-opencov/EditMode/TestCoverageResults_0345.xml
[Code Coverage] Code Coverage requires Burst Compilation to be disabled in order to obtain accurate coverage information. To disable Burst Compilation uncheck Jobs > Burst > Enable Compilation or pass '--burst-disable-compilation' to the command line in batchmode.
]]></output>
              </test-case>
              <test-case id="1733" name="AddWithExpandCheck_MockData_Expanded" fullname="GDX.Collections.Generic.UnsafeSparseSetTests.AddWithExpandCheck_MockData_Expanded" methodname="AddWithExpandCheck_MockData_Expanded" classname="GDX.Collections.Generic.UnsafeSparseSetTests" runstate="Runnable" seed="700524628" result="Passed" start-time="2023-07-03 01:09:27Z" end-time="2023-07-03 01:09:27Z" duration="0.000444" asserts="0">
                <properties>
                  <property name="Category" value="GDX.Tests" />
                </properties>
                <output><![CDATA[[Code Coverage] Code Coverage results for visited sequence points were saved in D:/BuildAgent/work/GDX-Documentation/Staging/CodeCoverage/GDX_Development-opencov/EditMode/TestCoverageResults_0346.xml
[Code Coverage] Code Coverage requires Burst Compilation to be disabled in order to obtain accurate coverage information. To disable Burst Compilation uncheck Jobs > Burst > Enable Compilation or pass '--burst-disable-compilation' to the command line in batchmode.
]]></output>
              </test-case>
              <test-case id="1734" name="AddWithExpandCheck_MockDataWithVersionArray_Expanded" fullname="GDX.Collections.Generic.UnsafeSparseSetTests.AddWithExpandCheck_MockDataWithVersionArray_Expanded" methodname="AddWithExpandCheck_MockDataWithVersionArray_Expanded" classname="GDX.Collections.Generic.UnsafeSparseSetTests" runstate="Runnable" seed="1216751758" result="Passed" start-time="2023-07-03 01:09:27Z" end-time="2023-07-03 01:09:27Z" duration="0.000739" asserts="0">
                <properties>
                  <property name="Category" value="GDX.Tests" />
                </properties>
                <output><![CDATA[[Code Coverage] Code Coverage results for visited sequence points were saved in D:/BuildAgent/work/GDX-Documentation/Staging/CodeCoverage/GDX_Development-opencov/EditMode/TestCoverageResults_0347.xml
[Code Coverage] Code Coverage requires Burst Compilation to be disabled in order to obtain accurate coverage information. To disable Burst Compilation uncheck Jobs > Burst > Enable Compilation or pass '--burst-disable-compilation' to the command line in batchmode.
]]></output>
              </test-case>
              <test-case id="1750" name="Clear_MockData_ArraysCleared" fullname="GDX.Collections.Generic.UnsafeSparseSetTests.Clear_MockData_ArraysCleared" methodname="Clear_MockData_ArraysCleared" classname="GDX.Collections.Generic.UnsafeSparseSetTests" runstate="Runnable" seed="893659936" result="Passed" start-time="2023-07-03 01:09:28Z" end-time="2023-07-03 01:09:28Z" duration="0.000539" asserts="0">
                <properties>
                  <property name="Category" value="GDX.Tests" />
                </properties>
                <output><![CDATA[[Code Coverage] Code Coverage results for visited sequence points were saved in D:/BuildAgent/work/GDX-Documentation/Staging/CodeCoverage/GDX_Development-opencov/EditMode/TestCoverageResults_0348.xml
[Code Coverage] Code Coverage requires Burst Compilation to be disabled in order to obtain accurate coverage information. To disable Burst Compilation uncheck Jobs > Burst > Enable Compilation or pass '--burst-disable-compilation' to the command line in batchmode.
]]></output>
              </test-case>
              <test-case id="1751" name="Clear_MockDataWithVersionArray_ArraysCleared" fullname="GDX.Collections.Generic.UnsafeSparseSetTests.Clear_MockDataWithVersionArray_ArraysCleared" methodname="Clear_MockDataWithVersionArray_ArraysCleared" classname="GDX.Collections.Generic.UnsafeSparseSetTests" runstate="Runnable" seed="1713016902" result="Passed" start-time="2023-07-03 01:09:29Z" end-time="2023-07-03 01:09:29Z" duration="0.000552" asserts="0">
                <properties>
                  <property name="Category" value="GDX.Tests" />
                </properties>
                <output><![CDATA[[Code Coverage] Code Coverage results for visited sequence points were saved in D:/BuildAgent/work/GDX-Documentation/Staging/CodeCoverage/GDX_Development-opencov/EditMode/TestCoverageResults_0349.xml
[Code Coverage] Code Coverage requires Burst Compilation to be disabled in order to obtain accurate coverage information. To disable Burst Compilation uncheck Jobs > Burst > Enable Compilation or pass '--burst-disable-compilation' to the command line in batchmode.
]]></output>
              </test-case>
              <test-case id="1752" name="ClearWithVersionReset_MockData_ArraysClearedAndVersionReset" fullname="GDX.Collections.Generic.UnsafeSparseSetTests.ClearWithVersionReset_MockData_ArraysClearedAndVersionReset" methodname="ClearWithVersionReset_MockData_ArraysClearedAndVersionReset" classname="GDX.Collections.Generic.UnsafeSparseSetTests" runstate="Runnable" seed="873655578" result="Passed" start-time="2023-07-03 01:09:29Z" end-time="2023-07-03 01:09:29Z" duration="0.000472" asserts="0">
                <properties>
                  <property name="Category" value="GDX.Tests" />
                </properties>
                <output><![CDATA[[Code Coverage] Code Coverage results for visited sequence points were saved in D:/BuildAgent/work/GDX-Documentation/Staging/CodeCoverage/GDX_Development-opencov/EditMode/TestCoverageResults_0350.xml
[Code Coverage] Code Coverage requires Burst Compilation to be disabled in order to obtain accurate coverage information. To disable Burst Compilation uncheck Jobs > Burst > Enable Compilation or pass '--burst-disable-compilation' to the command line in batchmode.
]]></output>
              </test-case>
              <test-case id="1729" name="Constructor_CreateWithCount" fullname="GDX.Collections.Generic.UnsafeSparseSetTests.Constructor_CreateWithCount" methodname="Constructor_CreateWithCount" classname="GDX.Collections.Generic.UnsafeSparseSetTests" runstate="Runnable" seed="511124625" result="Passed" start-time="2023-07-03 01:09:30Z" end-time="2023-07-03 01:09:30Z" duration="0.000342" asserts="0">
                <properties>
                  <property name="Category" value="GDX.Tests" />
                </properties>
                <output><![CDATA[[Code Coverage] Code Coverage results for visited sequence points were saved in D:/BuildAgent/work/GDX-Documentation/Staging/CodeCoverage/GDX_Development-opencov/EditMode/TestCoverageResults_0351.xml
[Code Coverage] Code Coverage requires Burst Compilation to be disabled in order to obtain accurate coverage information. To disable Burst Compilation uncheck Jobs > Burst > Enable Compilation or pass '--burst-disable-compilation' to the command line in batchmode.
]]></output>
              </test-case>
              <test-case id="1730" name="Constructor_CreateWithCountAndVersionArray" fullname="GDX.Collections.Generic.UnsafeSparseSetTests.Constructor_CreateWithCountAndVersionArray" methodname="Constructor_CreateWithCountAndVersionArray" classname="GDX.Collections.Generic.UnsafeSparseSetTests" runstate="Runnable" seed="1727263894" result="Passed" start-time="2023-07-03 01:09:31Z" end-time="2023-07-03 01:09:31Z" duration="0.000341" asserts="0">
                <properties>
                  <property name="Category" value="GDX.Tests" />
                </properties>
                <output><![CDATA[[Code Coverage] Code Coverage results for visited sequence points were saved in D:/BuildAgent/work/GDX-Documentation/Staging/CodeCoverage/GDX_Development-opencov/EditMode/TestCoverageResults_0352.xml
[Code Coverage] Code Coverage requires Burst Compilation to be disabled in order to obtain accurate coverage information. To disable Burst Compilation uncheck Jobs > Burst > Enable Compilation or pass '--burst-disable-compilation' to the command line in batchmode.
]]></output>
              </test-case>
              <test-case id="1758" name="DenseAndSparseAccess_MockData_ArraysArePlacedCorrectly" fullname="GDX.Collections.Generic.UnsafeSparseSetTests.DenseAndSparseAccess_MockData_ArraysArePlacedCorrectly" methodname="DenseAndSparseAccess_MockData_ArraysArePlacedCorrectly" classname="GDX.Collections.Generic.UnsafeSparseSetTests" runstate="Runnable" seed="487007100" result="Passed" start-time="2023-07-03 01:09:31Z" end-time="2023-07-03 01:09:31Z" duration="0.000338" asserts="0">
                <properties>
                  <property name="Category" value="GDX.Tests" />
                </properties>
                <output><![CDATA[[Code Coverage] Code Coverage results for visited sequence points were saved in D:/BuildAgent/work/GDX-Documentation/Staging/CodeCoverage/GDX_Development-opencov/EditMode/TestCoverageResults_0353.xml
[Code Coverage] Code Coverage requires Burst Compilation to be disabled in order to obtain accurate coverage information. To disable Burst Compilation uncheck Jobs > Burst > Enable Compilation or pass '--burst-disable-compilation' to the command line in batchmode.
]]></output>
              </test-case>
              <test-case id="1757" name="Dispose_MockDataWithVersionArray_Disposed" fullname="GDX.Collections.Generic.UnsafeSparseSetTests.Dispose_MockDataWithVersionArray_Disposed" methodname="Dispose_MockDataWithVersionArray_Disposed" classname="GDX.Collections.Generic.UnsafeSparseSetTests" runstate="Runnable" seed="842694658" result="Passed" start-time="2023-07-03 01:09:32Z" end-time="2023-07-03 01:09:32Z" duration="0.000497" asserts="0">
                <properties>
                  <property name="Category" value="GDX.Tests" />
                </properties>
                <output><![CDATA[[Code Coverage] Code Coverage results for visited sequence points were saved in D:/BuildAgent/work/GDX-Documentation/Staging/CodeCoverage/GDX_Development-opencov/EditMode/TestCoverageResults_0354.xml
[Code Coverage] Code Coverage requires Burst Compilation to be disabled in order to obtain accurate coverage information. To disable Burst Compilation uncheck Jobs > Burst > Enable Compilation or pass '--burst-disable-compilation' to the command line in batchmode.
]]></output>
              </test-case>
              <test-case id="1753" name="Expand_MockData_Expanded" fullname="GDX.Collections.Generic.UnsafeSparseSetTests.Expand_MockData_Expanded" methodname="Expand_MockData_Expanded" classname="GDX.Collections.Generic.UnsafeSparseSetTests" runstate="Runnable" seed="1913417449" result="Passed" start-time="2023-07-03 01:09:33Z" end-time="2023-07-03 01:09:33Z" duration="0.000606" asserts="0">
                <properties>
                  <property name="Category" value="GDX.Tests" />
                </properties>
                <output><![CDATA[[Code Coverage] Code Coverage results for visited sequence points were saved in D:/BuildAgent/work/GDX-Documentation/Staging/CodeCoverage/GDX_Development-opencov/EditMode/TestCoverageResults_0355.xml
[Code Coverage] Code Coverage requires Burst Compilation to be disabled in order to obtain accurate coverage information. To disable Burst Compilation uncheck Jobs > Burst > Enable Compilation or pass '--burst-disable-compilation' to the command line in batchmode.
]]></output>
              </test-case>
              <test-case id="1754" name="Expand_MockDataWithVersionArray_Expanded" fullname="GDX.Collections.Generic.UnsafeSparseSetTests.Expand_MockDataWithVersionArray_Expanded" methodname="Expand_MockDataWithVersionArray_Expanded" classname="GDX.Collections.Generic.UnsafeSparseSetTests" runstate="Runnable" seed="290545296" result="Passed" start-time="2023-07-03 01:09:33Z" end-time="2023-07-03 01:09:33Z" duration="0.000564" asserts="0">
                <properties>
                  <property name="Category" value="GDX.Tests" />
                </properties>
                <output><![CDATA[[Code Coverage] Code Coverage results for visited sequence points were saved in D:/BuildAgent/work/GDX-Documentation/Staging/CodeCoverage/GDX_Development-opencov/EditMode/TestCoverageResults_0356.xml
[Code Coverage] Code Coverage requires Burst Compilation to be disabled in order to obtain accurate coverage information. To disable Burst Compilation uncheck Jobs > Burst > Enable Compilation or pass '--burst-disable-compilation' to the command line in batchmode.
]]></output>
              </test-case>
              <test-case id="1736" name="GetDenseIndexUnchecked_MockData_CorrectIndex" fullname="GDX.Collections.Generic.UnsafeSparseSetTests.GetDenseIndexUnchecked_MockData_CorrectIndex" methodname="GetDenseIndexUnchecked_MockData_CorrectIndex" classname="GDX.Collections.Generic.UnsafeSparseSetTests" runstate="Runnable" seed="2103297298" result="Passed" start-time="2023-07-03 01:09:34Z" end-time="2023-07-03 01:09:34Z" duration="0.000452" asserts="0">
                <properties>
                  <property name="Category" value="GDX.Tests" />
                </properties>
                <output><![CDATA[[Code Coverage] Code Coverage results for visited sequence points were saved in D:/BuildAgent/work/GDX-Documentation/Staging/CodeCoverage/GDX_Development-opencov/EditMode/TestCoverageResults_0357.xml
[Code Coverage] Code Coverage requires Burst Compilation to be disabled in order to obtain accurate coverage information. To disable Burst Compilation uncheck Jobs > Burst > Enable Compilation or pass '--burst-disable-compilation' to the command line in batchmode.
]]></output>
              </test-case>
              <test-case id="1739" name="GetDenseIndexWithBoundsAndVersionCheck_MockData_CorrectIndexAndHandlesInvalidIndex" fullname="GDX.Collections.Generic.UnsafeSparseSetTests.GetDenseIndexWithBoundsAndVersionCheck_MockData_CorrectIndexAndHandlesInvalidIndex" methodname="GetDenseIndexWithBoundsAndVersionCheck_MockData_CorrectIndexAndHandlesInvalidIndex" classname="GDX.Collections.Generic.UnsafeSparseSetTests" runstate="Runnable" seed="1048210486" result="Passed" start-time="2023-07-03 01:09:35Z" end-time="2023-07-03 01:09:35Z" duration="0.000642" asserts="0">
                <properties>
                  <property name="Category" value="GDX.Tests" />
                </properties>
                <output><![CDATA[[Code Coverage] Code Coverage results for visited sequence points were saved in D:/BuildAgent/work/GDX-Documentation/Staging/CodeCoverage/GDX_Development-opencov/EditMode/TestCoverageResults_0358.xml
[Code Coverage] Code Coverage requires Burst Compilation to be disabled in order to obtain accurate coverage information. To disable Burst Compilation uncheck Jobs > Burst > Enable Compilation or pass '--burst-disable-compilation' to the command line in batchmode.
]]></output>
              </test-case>
              <test-case id="1737" name="GetDenseIndexWithBoundsCheck_MockData_CorrectIndexAndHandlesInvalidIndex" fullname="GDX.Collections.Generic.UnsafeSparseSetTests.GetDenseIndexWithBoundsCheck_MockData_CorrectIndexAndHandlesInvalidIndex" methodname="GetDenseIndexWithBoundsCheck_MockData_CorrectIndexAndHandlesInvalidIndex" classname="GDX.Collections.Generic.UnsafeSparseSetTests" runstate="Runnable" seed="1207033622" result="Passed" start-time="2023-07-03 01:09:35Z" end-time="2023-07-03 01:09:35Z" duration="0.000523" asserts="0">
                <properties>
                  <property name="Category" value="GDX.Tests" />
                </properties>
                <output><![CDATA[[Code Coverage] Code Coverage results for visited sequence points were saved in D:/BuildAgent/work/GDX-Documentation/Staging/CodeCoverage/GDX_Development-opencov/EditMode/TestCoverageResults_0359.xml
[Code Coverage] Code Coverage requires Burst Compilation to be disabled in order to obtain accurate coverage information. To disable Burst Compilation uncheck Jobs > Burst > Enable Compilation or pass '--burst-disable-compilation' to the command line in batchmode.
]]></output>
              </test-case>
              <test-case id="1738" name="GetDenseIndexWithVersionCheck_MockData_CorrectIndexAndHandlesVersion" fullname="GDX.Collections.Generic.UnsafeSparseSetTests.GetDenseIndexWithVersionCheck_MockData_CorrectIndexAndHandlesVersion" methodname="GetDenseIndexWithVersionCheck_MockData_CorrectIndexAndHandlesVersion" classname="GDX.Collections.Generic.UnsafeSparseSetTests" runstate="Runnable" seed="510236144" result="Passed" start-time="2023-07-03 01:09:36Z" end-time="2023-07-03 01:09:36Z" duration="0.000557" asserts="0">
                <properties>
                  <property name="Category" value="GDX.Tests" />
                </properties>
                <output><![CDATA[[Code Coverage] Code Coverage results for visited sequence points were saved in D:/BuildAgent/work/GDX-Documentation/Staging/CodeCoverage/GDX_Development-opencov/EditMode/TestCoverageResults_0360.xml
[Code Coverage] Code Coverage requires Burst Compilation to be disabled in order to obtain accurate coverage information. To disable Burst Compilation uncheck Jobs > Burst > Enable Compilation or pass '--burst-disable-compilation' to the command line in batchmode.
]]></output>
              </test-case>
              <test-case id="1745" name="RemoveUnchecked_MockData_ValidIndexRemoved" fullname="GDX.Collections.Generic.UnsafeSparseSetTests.RemoveUnchecked_MockData_ValidIndexRemoved" methodname="RemoveUnchecked_MockData_ValidIndexRemoved" classname="GDX.Collections.Generic.UnsafeSparseSetTests" runstate="Runnable" seed="894992160" result="Passed" start-time="2023-07-03 01:09:37Z" end-time="2023-07-03 01:09:37Z" duration="0.000543" asserts="0">
                <properties>
                  <property name="Category" value="GDX.Tests" />
                </properties>
                <output><![CDATA[[Code Coverage] Code Coverage results for visited sequence points were saved in D:/BuildAgent/work/GDX-Documentation/Staging/CodeCoverage/GDX_Development-opencov/EditMode/TestCoverageResults_0361.xml
[Code Coverage] Code Coverage requires Burst Compilation to be disabled in order to obtain accurate coverage information. To disable Burst Compilation uncheck Jobs > Burst > Enable Compilation or pass '--burst-disable-compilation' to the command line in batchmode.
]]></output>
              </test-case>
              <test-case id="1744" name="RemoveUnchecked_MockDataWithIndices_ValidIndexRemoved" fullname="GDX.Collections.Generic.UnsafeSparseSetTests.RemoveUnchecked_MockDataWithIndices_ValidIndexRemoved" methodname="RemoveUnchecked_MockDataWithIndices_ValidIndexRemoved" classname="GDX.Collections.Generic.UnsafeSparseSetTests" runstate="Runnable" seed="1685909086" result="Passed" start-time="2023-07-03 01:09:37Z" end-time="2023-07-03 01:09:37Z" duration="0.000439" asserts="0">
                <properties>
                  <property name="Category" value="GDX.Tests" />
                </properties>
                <output><![CDATA[[Code Coverage] Code Coverage results for visited sequence points were saved in D:/BuildAgent/work/GDX-Documentation/Staging/CodeCoverage/GDX_Development-opencov/EditMode/TestCoverageResults_0362.xml
[Code Coverage] Code Coverage requires Burst Compilation to be disabled in order to obtain accurate coverage information. To disable Burst Compilation uncheck Jobs > Burst > Enable Compilation or pass '--burst-disable-compilation' to the command line in batchmode.
]]></output>
              </test-case>
              <test-case id="1743" name="RemoveUnchecked_MockDataWithIndicesAndVersionArray_ValidIndexRemoved" fullname="GDX.Collections.Generic.UnsafeSparseSetTests.RemoveUnchecked_MockDataWithIndicesAndVersionArray_ValidIndexRemoved" methodname="RemoveUnchecked_MockDataWithIndicesAndVersionArray_ValidIndexRemoved" classname="GDX.Collections.Generic.UnsafeSparseSetTests" runstate="Runnable" seed="259986257" result="Passed" start-time="2023-07-03 01:09:38Z" end-time="2023-07-03 01:09:38Z" duration="0.000380" asserts="0">
                <properties>
                  <property name="Category" value="GDX.Tests" />
                </properties>
                <output><![CDATA[[Code Coverage] Code Coverage results for visited sequence points were saved in D:/BuildAgent/work/GDX-Documentation/Staging/CodeCoverage/GDX_Development-opencov/EditMode/TestCoverageResults_0363.xml
[Code Coverage] Code Coverage requires Burst Compilation to be disabled in order to obtain accurate coverage information. To disable Burst Compilation uncheck Jobs > Burst > Enable Compilation or pass '--burst-disable-compilation' to the command line in batchmode.
]]></output>
              </test-case>
              <test-case id="1746" name="RemoveUncheckedFromDenseIndex_MockData_ValidIndexRemoved" fullname="GDX.Collections.Generic.UnsafeSparseSetTests.RemoveUncheckedFromDenseIndex_MockData_ValidIndexRemoved" methodname="RemoveUncheckedFromDenseIndex_MockData_ValidIndexRemoved" classname="GDX.Collections.Generic.UnsafeSparseSetTests" runstate="Runnable" seed="278849207" result="Passed" start-time="2023-07-03 01:09:39Z" end-time="2023-07-03 01:09:39Z" duration="0.000416" asserts="0">
                <properties>
                  <property name="Category" value="GDX.Tests" />
                </properties>
                <output><![CDATA[[Code Coverage] Code Coverage results for visited sequence points were saved in D:/BuildAgent/work/GDX-Documentation/Staging/CodeCoverage/GDX_Development-opencov/EditMode/TestCoverageResults_0364.xml
[Code Coverage] Code Coverage requires Burst Compilation to be disabled in order to obtain accurate coverage information. To disable Burst Compilation uncheck Jobs > Burst > Enable Compilation or pass '--burst-disable-compilation' to the command line in batchmode.
]]></output>
              </test-case>
              <test-case id="1747" name="RemoveUncheckedFromDenseIndex_MockDataWithSwapIndex_ValidIndexRemoved" fullname="GDX.Collections.Generic.UnsafeSparseSetTests.RemoveUncheckedFromDenseIndex_MockDataWithSwapIndex_ValidIndexRemoved" methodname="RemoveUncheckedFromDenseIndex_MockDataWithSwapIndex_ValidIndexRemoved" classname="GDX.Collections.Generic.UnsafeSparseSetTests" runstate="Runnable" seed="1719853756" result="Passed" start-time="2023-07-03 01:09:39Z" end-time="2023-07-03 01:09:39Z" duration="0.000420" asserts="0">
                <properties>
                  <property name="Category" value="GDX.Tests" />
                </properties>
                <output><![CDATA[[Code Coverage] Code Coverage results for visited sequence points were saved in D:/BuildAgent/work/GDX-Documentation/Staging/CodeCoverage/GDX_Development-opencov/EditMode/TestCoverageResults_0365.xml
[Code Coverage] Code Coverage requires Burst Compilation to be disabled in order to obtain accurate coverage information. To disable Burst Compilation uncheck Jobs > Burst > Enable Compilation or pass '--burst-disable-compilation' to the command line in batchmode.
]]></output>
              </test-case>
              <test-case id="1748" name="RemoveUncheckedFromDenseIndex_MockDataWithVersionArray_ValidIndexRemoved" fullname="GDX.Collections.Generic.UnsafeSparseSetTests.RemoveUncheckedFromDenseIndex_MockDataWithVersionArray_ValidIndexRemoved" methodname="RemoveUncheckedFromDenseIndex_MockDataWithVersionArray_ValidIndexRemoved" classname="GDX.Collections.Generic.UnsafeSparseSetTests" runstate="Runnable" seed="860233649" result="Passed" start-time="2023-07-03 01:09:40Z" end-time="2023-07-03 01:09:40Z" duration="0.000550" asserts="0">
                <properties>
                  <property name="Category" value="GDX.Tests" />
                </properties>
                <output><![CDATA[[Code Coverage] Code Coverage results for visited sequence points were saved in D:/BuildAgent/work/GDX-Documentation/Staging/CodeCoverage/GDX_Development-opencov/EditMode/TestCoverageResults_0366.xml
[Code Coverage] Code Coverage requires Burst Compilation to be disabled in order to obtain accurate coverage information. To disable Burst Compilation uncheck Jobs > Burst > Enable Compilation or pass '--burst-disable-compilation' to the command line in batchmode.
]]></output>
              </test-case>
              <test-case id="1749" name="RemoveUncheckedFromDenseIndex_MockDataWithVersionArrayAndSwapIndex_ValidIndexRemoved" fullname="GDX.Collections.Generic.UnsafeSparseSetTests.RemoveUncheckedFromDenseIndex_MockDataWithVersionArrayAndSwapIndex_ValidIndexRemoved" methodname="RemoveUncheckedFromDenseIndex_MockDataWithVersionArrayAndSwapIndex_ValidIndexRemoved" classname="GDX.Collections.Generic.UnsafeSparseSetTests" runstate="Runnable" seed="1040036559" result="Passed" start-time="2023-07-03 01:09:41Z" end-time="2023-07-03 01:09:41Z" duration="0.000452" asserts="0">
                <properties>
                  <property name="Category" value="GDX.Tests" />
                </properties>
                <output><![CDATA[[Code Coverage] Code Coverage results for visited sequence points were saved in D:/BuildAgent/work/GDX-Documentation/Staging/CodeCoverage/GDX_Development-opencov/EditMode/TestCoverageResults_0367.xml
[Code Coverage] Code Coverage requires Burst Compilation to be disabled in order to obtain accurate coverage information. To disable Burst Compilation uncheck Jobs > Burst > Enable Compilation or pass '--burst-disable-compilation' to the command line in batchmode.
]]></output>
              </test-case>
              <test-case id="1742" name="RemoveWithBoundsAndVersionChecks_MockData_ValidIndexRemovedInvalidIndicesNotRemoved" fullname="GDX.Collections.Generic.UnsafeSparseSetTests.RemoveWithBoundsAndVersionChecks_MockData_ValidIndexRemovedInvalidIndicesNotRemoved" methodname="RemoveWithBoundsAndVersionChecks_MockData_ValidIndexRemovedInvalidIndicesNotRemoved" classname="GDX.Collections.Generic.UnsafeSparseSetTests" runstate="Runnable" seed="1307156179" result="Passed" start-time="2023-07-03 01:09:41Z" end-time="2023-07-03 01:09:41Z" duration="0.000641" asserts="0">
                <properties>
                  <property name="Category" value="GDX.Tests" />
                </properties>
                <output><![CDATA[[Code Coverage] Code Coverage results for visited sequence points were saved in D:/BuildAgent/work/GDX-Documentation/Staging/CodeCoverage/GDX_Development-opencov/EditMode/TestCoverageResults_0368.xml
[Code Coverage] Code Coverage requires Burst Compilation to be disabled in order to obtain accurate coverage information. To disable Burst Compilation uncheck Jobs > Burst > Enable Compilation or pass '--burst-disable-compilation' to the command line in batchmode.
]]></output>
              </test-case>
              <test-case id="1740" name="RemoveWithBoundsCheck_MockData_ValidIndexRemovedInvalidIndicesNotRemoved" fullname="GDX.Collections.Generic.UnsafeSparseSetTests.RemoveWithBoundsCheck_MockData_ValidIndexRemovedInvalidIndicesNotRemoved" methodname="RemoveWithBoundsCheck_MockData_ValidIndexRemovedInvalidIndicesNotRemoved" classname="GDX.Collections.Generic.UnsafeSparseSetTests" runstate="Runnable" seed="1973776252" result="Passed" start-time="2023-07-03 01:09:42Z" end-time="2023-07-03 01:09:42Z" duration="0.000700" asserts="0">
                <properties>
                  <property name="Category" value="GDX.Tests" />
                </properties>
                <output><![CDATA[[Code Coverage] Code Coverage results for visited sequence points were saved in D:/BuildAgent/work/GDX-Documentation/Staging/CodeCoverage/GDX_Development-opencov/EditMode/TestCoverageResults_0369.xml
[Code Coverage] Code Coverage requires Burst Compilation to be disabled in order to obtain accurate coverage information. To disable Burst Compilation uncheck Jobs > Burst > Enable Compilation or pass '--burst-disable-compilation' to the command line in batchmode.
]]></output>
              </test-case>
              <test-case id="1741" name="RemoveWithVersionCheck_MockData_ValidIndexRemovedInvalidIndicesNotRemoved" fullname="GDX.Collections.Generic.UnsafeSparseSetTests.RemoveWithVersionCheck_MockData_ValidIndexRemovedInvalidIndicesNotRemoved" methodname="RemoveWithVersionCheck_MockData_ValidIndexRemovedInvalidIndicesNotRemoved" classname="GDX.Collections.Generic.UnsafeSparseSetTests" runstate="Runnable" seed="1060258723" result="Passed" start-time="2023-07-03 01:09:43Z" end-time="2023-07-03 01:09:43Z" duration="0.000571" asserts="0">
                <properties>
                  <property name="Category" value="GDX.Tests" />
                </properties>
                <output><![CDATA[[Code Coverage] Code Coverage results for visited sequence points were saved in D:/BuildAgent/work/GDX-Documentation/Staging/CodeCoverage/GDX_Development-opencov/EditMode/TestCoverageResults_0370.xml
[Code Coverage] Code Coverage requires Burst Compilation to be disabled in order to obtain accurate coverage information. To disable Burst Compilation uncheck Jobs > Burst > Enable Compilation or pass '--burst-disable-compilation' to the command line in batchmode.
]]></output>
              </test-case>
              <test-case id="1755" name="Reserve_MockData_Expanded" fullname="GDX.Collections.Generic.UnsafeSparseSetTests.Reserve_MockData_Expanded" methodname="Reserve_MockData_Expanded" classname="GDX.Collections.Generic.UnsafeSparseSetTests" runstate="Runnable" seed="1275378585" result="Passed" start-time="2023-07-03 01:09:43Z" end-time="2023-07-03 01:09:43Z" duration="0.000537" asserts="0">
                <properties>
                  <property name="Category" value="GDX.Tests" />
                </properties>
                <output><![CDATA[[Code Coverage] Code Coverage results for visited sequence points were saved in D:/BuildAgent/work/GDX-Documentation/Staging/CodeCoverage/GDX_Development-opencov/EditMode/TestCoverageResults_0371.xml
[Code Coverage] Code Coverage requires Burst Compilation to be disabled in order to obtain accurate coverage information. To disable Burst Compilation uncheck Jobs > Burst > Enable Compilation or pass '--burst-disable-compilation' to the command line in batchmode.
]]></output>
              </test-case>
              <test-case id="1756" name="Reserve_MockDataWithVersionArray_Expanded" fullname="GDX.Collections.Generic.UnsafeSparseSetTests.Reserve_MockDataWithVersionArray_Expanded" methodname="Reserve_MockDataWithVersionArray_Expanded" classname="GDX.Collections.Generic.UnsafeSparseSetTests" runstate="Runnable" seed="1616825127" result="Passed" start-time="2023-07-03 01:09:44Z" end-time="2023-07-03 01:09:44Z" duration="0.000602" asserts="0">
                <properties>
                  <property name="Category" value="GDX.Tests" />
                </properties>
                <output><![CDATA[[Code Coverage] Code Coverage results for visited sequence points were saved in D:/BuildAgent/work/GDX-Documentation/Staging/CodeCoverage/GDX_Development-opencov/EditMode/TestCoverageResults_0372.xml
[Code Coverage] Code Coverage requires Burst Compilation to be disabled in order to obtain accurate coverage information. To disable Burst Compilation uncheck Jobs > Burst > Enable Compilation or pass '--burst-disable-compilation' to the command line in batchmode.
]]></output>
              </test-case>
            </test-suite>
          </test-suite>
          <test-suite type="TestSuite" id="1782" name="Pooling" fullname="GDX.Collections.Pooling" runstate="Runnable" testcasecount="14" result="Passed" start-time="2023-07-03 01:09:45Z" end-time="2023-07-03 01:09:55Z" duration="10.216636" total="14" passed="14" failed="0" inconclusive="0" skipped="0" asserts="0">
            <properties />
            <test-suite type="TestFixture" id="1402" name="GameObjectPoolTests" fullname="GDX.Collections.Pooling.GameObjectPoolTests" classname="GDX.Collections.Pooling.GameObjectPoolTests" runstate="Runnable" testcasecount="14" result="Passed" start-time="2023-07-03 01:09:45Z" end-time="2023-07-03 01:09:55Z" duration="10.213308" total="14" passed="14" failed="0" inconclusive="0" skipped="0" asserts="0">
              <properties />
              <test-case id="1405" name="Get_MockData_DontTrigger" fullname="GDX.Collections.Pooling.GameObjectPoolTests.Get_MockData_DontTrigger" methodname="Get_MockData_DontTrigger" classname="GDX.Collections.Pooling.GameObjectPoolTests" runstate="Runnable" seed="573523378" result="Passed" start-time="2023-07-03 01:09:45Z" end-time="2023-07-03 01:09:45Z" duration="0.006962" asserts="0">
                <properties>
                  <property name="Category" value="GDX.Tests" />
                </properties>
                <output><![CDATA[[Code Coverage] Code Coverage results for visited sequence points were saved in D:/BuildAgent/work/GDX-Documentation/Staging/CodeCoverage/GDX_Development-opencov/EditMode/TestCoverageResults_0373.xml
[Code Coverage] Code Coverage requires Burst Compilation to be disabled in order to obtain accurate coverage information. To disable Burst Compilation uncheck Jobs > Burst > Enable Compilation or pass '--burst-disable-compilation' to the command line in batchmode.
]]></output>
              </test-case>
              <test-case id="1407" name="Get_MockData_LocalPositionLocalRotationParented" fullname="GDX.Collections.Pooling.GameObjectPoolTests.Get_MockData_LocalPositionLocalRotationParented" methodname="Get_MockData_LocalPositionLocalRotationParented" classname="GDX.Collections.Pooling.GameObjectPoolTests" runstate="Runnable" seed="289367121" result="Passed" start-time="2023-07-03 01:09:45Z" end-time="2023-07-03 01:09:45Z" duration="0.002903" asserts="0">
                <properties>
                  <property name="Category" value="GDX.Tests" />
                </properties>
                <output><![CDATA[[Code Coverage] Code Coverage results for visited sequence points were saved in D:/BuildAgent/work/GDX-Documentation/Staging/CodeCoverage/GDX_Development-opencov/EditMode/TestCoverageResults_0374.xml
[Code Coverage] Code Coverage requires Burst Compilation to be disabled in order to obtain accurate coverage information. To disable Burst Compilation uncheck Jobs > Burst > Enable Compilation or pass '--burst-disable-compilation' to the command line in batchmode.
]]></output>
              </test-case>
              <test-case id="1406" name="Get_MockData_LocalPositionWorldLookAtParented" fullname="GDX.Collections.Pooling.GameObjectPoolTests.Get_MockData_LocalPositionWorldLookAtParented" methodname="Get_MockData_LocalPositionWorldLookAtParented" classname="GDX.Collections.Pooling.GameObjectPoolTests" runstate="Runnable" seed="695096532" result="Passed" start-time="2023-07-03 01:09:46Z" end-time="2023-07-03 01:09:46Z" duration="0.001268" asserts="0">
                <properties>
                  <property name="Category" value="GDX.Tests" />
                </properties>
                <output><![CDATA[[Code Coverage] Code Coverage results for visited sequence points were saved in D:/BuildAgent/work/GDX-Documentation/Staging/CodeCoverage/GDX_Development-opencov/EditMode/TestCoverageResults_0375.xml
[Code Coverage] Code Coverage requires Burst Compilation to be disabled in order to obtain accurate coverage information. To disable Burst Compilation uncheck Jobs > Burst > Enable Compilation or pass '--burst-disable-compilation' to the command line in batchmode.
]]></output>
              </test-case>
              <test-case id="1408" name="Get_MockData_ParentedWorldPositionStay" fullname="GDX.Collections.Pooling.GameObjectPoolTests.Get_MockData_ParentedWorldPositionStay" methodname="Get_MockData_ParentedWorldPositionStay" classname="GDX.Collections.Pooling.GameObjectPoolTests" runstate="Runnable" seed="1956672309" result="Passed" start-time="2023-07-03 01:09:47Z" end-time="2023-07-03 01:09:47Z" duration="0.001163" asserts="0">
                <properties>
                  <property name="Category" value="GDX.Tests" />
                </properties>
                <output><![CDATA[[Code Coverage] Code Coverage results for visited sequence points were saved in D:/BuildAgent/work/GDX-Documentation/Staging/CodeCoverage/GDX_Development-opencov/EditMode/TestCoverageResults_0376.xml
[Code Coverage] Code Coverage requires Burst Compilation to be disabled in order to obtain accurate coverage information. To disable Burst Compilation uncheck Jobs > Burst > Enable Compilation or pass '--burst-disable-compilation' to the command line in batchmode.
]]></output>
              </test-case>
              <test-case id="1409" name="Get_MockData_ParentedZeroLocalPosition" fullname="GDX.Collections.Pooling.GameObjectPoolTests.Get_MockData_ParentedZeroLocalPosition" methodname="Get_MockData_ParentedZeroLocalPosition" classname="GDX.Collections.Pooling.GameObjectPoolTests" runstate="Runnable" seed="1504222108" result="Passed" start-time="2023-07-03 01:09:47Z" end-time="2023-07-03 01:09:47Z" duration="0.000904" asserts="0">
                <properties>
                  <property name="Category" value="GDX.Tests" />
                </properties>
                <output><![CDATA[[Code Coverage] Code Coverage results for visited sequence points were saved in D:/BuildAgent/work/GDX-Documentation/Staging/CodeCoverage/GDX_Development-opencov/EditMode/TestCoverageResults_0377.xml
[Code Coverage] Code Coverage requires Burst Compilation to be disabled in order to obtain accurate coverage information. To disable Burst Compilation uncheck Jobs > Burst > Enable Compilation or pass '--burst-disable-compilation' to the command line in batchmode.
]]></output>
              </test-case>
              <test-case id="1410" name="Get_MockData_Trigger" fullname="GDX.Collections.Pooling.GameObjectPoolTests.Get_MockData_Trigger" methodname="Get_MockData_Trigger" classname="GDX.Collections.Pooling.GameObjectPoolTests" runstate="Runnable" seed="1995995064" result="Passed" start-time="2023-07-03 01:09:48Z" end-time="2023-07-03 01:09:48Z" duration="0.000711" asserts="0">
                <properties>
                  <property name="Category" value="GDX.Tests" />
                </properties>
                <output><![CDATA[[Code Coverage] Code Coverage results for visited sequence points were saved in D:/BuildAgent/work/GDX-Documentation/Staging/CodeCoverage/GDX_Development-opencov/EditMode/TestCoverageResults_0378.xml
[Code Coverage] Code Coverage requires Burst Compilation to be disabled in order to obtain accurate coverage information. To disable Burst Compilation uncheck Jobs > Burst > Enable Compilation or pass '--burst-disable-compilation' to the command line in batchmode.
]]></output>
              </test-case>
              <test-case id="1411" name="Get_MockData_WorldPositionWorldLookAt" fullname="GDX.Collections.Pooling.GameObjectPoolTests.Get_MockData_WorldPositionWorldLookAt" methodname="Get_MockData_WorldPositionWorldLookAt" classname="GDX.Collections.Pooling.GameObjectPoolTests" runstate="Runnable" seed="783578213" result="Passed" start-time="2023-07-03 01:09:49Z" end-time="2023-07-03 01:09:49Z" duration="0.001018" asserts="0">
                <properties>
                  <property name="Category" value="GDX.Tests" />
                </properties>
                <output><![CDATA[[Code Coverage] Code Coverage results for visited sequence points were saved in D:/BuildAgent/work/GDX-Documentation/Staging/CodeCoverage/GDX_Development-opencov/EditMode/TestCoverageResults_0379.xml
[Code Coverage] Code Coverage requires Burst Compilation to be disabled in order to obtain accurate coverage information. To disable Burst Compilation uncheck Jobs > Burst > Enable Compilation or pass '--burst-disable-compilation' to the command line in batchmode.
]]></output>
              </test-case>
              <test-case id="1412" name="Get_MockData_WorldPositionWorldLookAtParented" fullname="GDX.Collections.Pooling.GameObjectPoolTests.Get_MockData_WorldPositionWorldLookAtParented" methodname="Get_MockData_WorldPositionWorldLookAtParented" classname="GDX.Collections.Pooling.GameObjectPoolTests" runstate="Runnable" seed="366086251" result="Passed" start-time="2023-07-03 01:09:49Z" end-time="2023-07-03 01:09:49Z" duration="0.001025" asserts="0">
                <properties>
                  <property name="Category" value="GDX.Tests" />
                </properties>
                <output><![CDATA[[Code Coverage] Code Coverage results for visited sequence points were saved in D:/BuildAgent/work/GDX-Documentation/Staging/CodeCoverage/GDX_Development-opencov/EditMode/TestCoverageResults_0380.xml
[Code Coverage] Code Coverage requires Burst Compilation to be disabled in order to obtain accurate coverage information. To disable Burst Compilation uncheck Jobs > Burst > Enable Compilation or pass '--burst-disable-compilation' to the command line in batchmode.
]]></output>
              </test-case>
              <test-case id="1413" name="Get_MockData_WorldPositionWorldRotation" fullname="GDX.Collections.Pooling.GameObjectPoolTests.Get_MockData_WorldPositionWorldRotation" methodname="Get_MockData_WorldPositionWorldRotation" classname="GDX.Collections.Pooling.GameObjectPoolTests" runstate="Runnable" seed="984723793" result="Passed" start-time="2023-07-03 01:09:50Z" end-time="2023-07-03 01:09:50Z" duration="0.001113" asserts="0">
                <properties>
                  <property name="Category" value="GDX.Tests" />
                </properties>
                <output><![CDATA[[Code Coverage] Code Coverage results for visited sequence points were saved in D:/BuildAgent/work/GDX-Documentation/Staging/CodeCoverage/GDX_Development-opencov/EditMode/TestCoverageResults_0381.xml
[Code Coverage] Code Coverage requires Burst Compilation to be disabled in order to obtain accurate coverage information. To disable Burst Compilation uncheck Jobs > Burst > Enable Compilation or pass '--burst-disable-compilation' to the command line in batchmode.
]]></output>
              </test-case>
              <test-case id="1414" name="Get_MockData_WorldPositionWorldRotationParented" fullname="GDX.Collections.Pooling.GameObjectPoolTests.Get_MockData_WorldPositionWorldRotationParented" methodname="Get_MockData_WorldPositionWorldRotationParented" classname="GDX.Collections.Pooling.GameObjectPoolTests" runstate="Runnable" seed="420644353" result="Passed" start-time="2023-07-03 01:09:51Z" end-time="2023-07-03 01:09:51Z" duration="0.000976" asserts="0">
                <properties>
                  <property name="Category" value="GDX.Tests" />
                </properties>
                <output><![CDATA[[Code Coverage] Code Coverage results for visited sequence points were saved in D:/BuildAgent/work/GDX-Documentation/Staging/CodeCoverage/GDX_Development-opencov/EditMode/TestCoverageResults_0382.xml
[Code Coverage] Code Coverage requires Burst Compilation to be disabled in order to obtain accurate coverage information. To disable Burst Compilation uncheck Jobs > Burst > Enable Compilation or pass '--burst-disable-compilation' to the command line in batchmode.
]]></output>
              </test-case>
              <test-case id="1415" name="GetOrCreatePool_MockData_ReturnsPool" fullname="GDX.Collections.Pooling.GameObjectPoolTests.GetOrCreatePool_MockData_ReturnsPool" methodname="GetOrCreatePool_MockData_ReturnsPool" classname="GDX.Collections.Pooling.GameObjectPoolTests" runstate="Runnable" seed="864391445" result="Passed" start-time="2023-07-03 01:09:52Z" end-time="2023-07-03 01:09:52Z" duration="0.003076" asserts="0">
                <properties>
                  <property name="Category" value="GDX.Tests" />
                </properties>
                <output><![CDATA[[Code Coverage] Code Coverage results for visited sequence points were saved in D:/BuildAgent/work/GDX-Documentation/Staging/CodeCoverage/GDX_Development-opencov/EditMode/TestCoverageResults_0383.xml
[Code Coverage] Code Coverage requires Burst Compilation to be disabled in order to obtain accurate coverage information. To disable Burst Compilation uncheck Jobs > Burst > Enable Compilation or pass '--burst-disable-compilation' to the command line in batchmode.
]]></output>
              </test-case>
              <test-case id="1403" name="OnDestroyItemAction_MockData_DestroysGameObject" fullname="GDX.Collections.Pooling.GameObjectPoolTests.OnDestroyItemAction_MockData_DestroysGameObject" methodname="OnDestroyItemAction_MockData_DestroysGameObject" classname="GDX.Collections.Pooling.GameObjectPoolTests" runstate="Runnable" seed="1384260897" result="Passed" start-time="2023-07-03 01:09:53Z" end-time="2023-07-03 01:09:53Z" duration="0.000610" asserts="0">
                <properties>
                  <property name="Category" value="GDX.Tests" />
                </properties>
                <output><![CDATA[[Code Coverage] Code Coverage results for visited sequence points were saved in D:/BuildAgent/work/GDX-Documentation/Staging/CodeCoverage/GDX_Development-opencov/EditMode/TestCoverageResults_0384.xml
[Code Coverage] Code Coverage requires Burst Compilation to be disabled in order to obtain accurate coverage information. To disable Burst Compilation uncheck Jobs > Burst > Enable Compilation or pass '--burst-disable-compilation' to the command line in batchmode.
]]></output>
              </test-case>
              <test-case id="1404" name="OnDestroyItemAction_MockData_DestroysInterface" fullname="GDX.Collections.Pooling.GameObjectPoolTests.OnDestroyItemAction_MockData_DestroysInterface" methodname="OnDestroyItemAction_MockData_DestroysInterface" classname="GDX.Collections.Pooling.GameObjectPoolTests" runstate="Runnable" seed="1249322983" result="Passed" start-time="2023-07-03 01:09:54Z" end-time="2023-07-03 01:09:54Z" duration="0.000640" asserts="0">
                <properties>
                  <property name="Category" value="GDX.Tests" />
                </properties>
                <output><![CDATA[[Code Coverage] Code Coverage results for visited sequence points were saved in D:/BuildAgent/work/GDX-Documentation/Staging/CodeCoverage/GDX_Development-opencov/EditMode/TestCoverageResults_0385.xml
[Code Coverage] Code Coverage requires Burst Compilation to be disabled in order to obtain accurate coverage information. To disable Burst Compilation uncheck Jobs > Burst > Enable Compilation or pass '--burst-disable-compilation' to the command line in batchmode.
]]></output>
              </test-case>
              <test-case id="1416" name="TearDown_Pool_UnregistersPool" fullname="GDX.Collections.Pooling.GameObjectPoolTests.TearDown_Pool_UnregistersPool" methodname="TearDown_Pool_UnregistersPool" classname="GDX.Collections.Pooling.GameObjectPoolTests" runstate="Runnable" seed="1733949669" result="Passed" start-time="2023-07-03 01:09:54Z" end-time="2023-07-03 01:09:54Z" duration="0.000641" asserts="0">
                <properties>
                  <property name="Category" value="GDX.Tests" />
                </properties>
                <output><![CDATA[[Code Coverage] Code Coverage results for visited sequence points were saved in D:/BuildAgent/work/GDX-Documentation/Staging/CodeCoverage/GDX_Development-opencov/EditMode/TestCoverageResults_0386.xml
[Code Coverage] Code Coverage requires Burst Compilation to be disabled in order to obtain accurate coverage information. To disable Burst Compilation uncheck Jobs > Burst > Enable Compilation or pass '--burst-disable-compilation' to the command line in batchmode.
]]></output>
              </test-case>
            </test-suite>
          </test-suite>
        </test-suite>
        <test-suite type="TestFixture" id="1058" name="CoreTests" fullname="GDX.CoreTests" classname="GDX.CoreTests" runstate="Runnable" testcasecount="2" result="Passed" start-time="2023-07-03 01:09:55Z" end-time="2023-07-03 01:09:56Z" duration="1.315133" total="2" passed="2" failed="0" inconclusive="0" skipped="0" asserts="0">
          <properties />
          <test-case id="1059" name="InitializeOnMainThread_AlreadyInitialized_EarlyOut" fullname="GDX.CoreTests.InitializeOnMainThread_AlreadyInitialized_EarlyOut" methodname="InitializeOnMainThread_AlreadyInitialized_EarlyOut" classname="GDX.CoreTests" runstate="Runnable" seed="2033613377" result="Passed" start-time="2023-07-03 01:09:55Z" end-time="2023-07-03 01:09:55Z" duration="0.000763" asserts="0">
            <properties>
              <property name="Category" value="GDX.Tests" />
            </properties>
            <output><![CDATA[[Code Coverage] Code Coverage results for visited sequence points were saved in D:/BuildAgent/work/GDX-Documentation/Staging/CodeCoverage/GDX_Development-opencov/EditMode/TestCoverageResults_0387.xml
[Code Coverage] Code Coverage requires Burst Compilation to be disabled in order to obtain accurate coverage information. To disable Burst Compilation uncheck Jobs > Burst > Enable Compilation or pass '--burst-disable-compilation' to the command line in batchmode.
]]></output>
          </test-case>
          <test-case id="1060" name="InitializeOnMainThread_NotAlreadyInitialized_Executes" fullname="GDX.CoreTests.InitializeOnMainThread_NotAlreadyInitialized_Executes" methodname="InitializeOnMainThread_NotAlreadyInitialized_Executes" classname="GDX.CoreTests" runstate="Runnable" seed="788706860" result="Passed" start-time="2023-07-03 01:09:56Z" end-time="2023-07-03 01:09:56Z" duration="0.000518" asserts="0">
            <properties>
              <property name="Category" value="GDX.Tests" />
            </properties>
            <output><![CDATA[[Code Coverage] Code Coverage results for visited sequence points were saved in D:/BuildAgent/work/GDX-Documentation/Staging/CodeCoverage/GDX_Development-opencov/EditMode/TestCoverageResults_0388.xml
[Code Coverage] Code Coverage requires Burst Compilation to be disabled in order to obtain accurate coverage information. To disable Burst Compilation uncheck Jobs > Burst > Enable Compilation or pass '--burst-disable-compilation' to the command line in batchmode.
]]></output>
          </test-case>
        </test-suite>
        <test-suite type="TestSuite" id="1780" name="DataTables" fullname="GDX.DataTables" runstate="Runnable" testcasecount="5" result="Passed" start-time="2023-07-03 01:09:56Z" end-time="2023-07-03 01:10:00Z" duration="3.344094" total="5" passed="5" failed="0" inconclusive="0" skipped="0" asserts="0">
          <properties />
          <test-suite type="TestFixture" id="1396" name="StableTableTests" fullname="GDX.DataTables.StableTableTests" classname="GDX.DataTables.StableTableTests" runstate="Runnable" testcasecount="5" result="Passed" start-time="2023-07-03 01:09:56Z" end-time="2023-07-03 01:10:00Z" duration="3.341287" total="5" passed="5" failed="0" inconclusive="0" skipped="0" asserts="0">
            <properties />
            <test-case id="1401" name="StableTable_CellAccess_ValidCellValues" fullname="GDX.DataTables.StableTableTests.StableTable_CellAccess_ValidCellValues" methodname="StableTable_CellAccess_ValidCellValues" classname="GDX.DataTables.StableTableTests" runstate="Runnable" seed="457309400" result="Passed" start-time="2023-07-03 01:09:56Z" end-time="2023-07-03 01:09:56Z" duration="0.015091" asserts="0">
              <properties>
                <property name="Category" value="GDX.Tests" />
              </properties>
              <output><![CDATA[[Code Coverage] Code Coverage results for visited sequence points were saved in D:/BuildAgent/work/GDX-Documentation/Staging/CodeCoverage/GDX_Development-opencov/EditMode/TestCoverageResults_0389.xml
[Code Coverage] Code Coverage requires Burst Compilation to be disabled in order to obtain accurate coverage information. To disable Burst Compilation uncheck Jobs > Burst > Enable Compilation or pass '--burst-disable-compilation' to the command line in batchmode.
]]></output>
            </test-case>
            <test-case id="1399" name="StableTable_CellAccess_ValidColumnNames" fullname="GDX.DataTables.StableTableTests.StableTable_CellAccess_ValidColumnNames" methodname="StableTable_CellAccess_ValidColumnNames" classname="GDX.DataTables.StableTableTests" runstate="Runnable" seed="124599341" result="Passed" start-time="2023-07-03 01:09:57Z" end-time="2023-07-03 01:09:57Z" duration="0.001018" asserts="0">
              <properties>
                <property name="Category" value="GDX.Tests" />
              </properties>
              <output><![CDATA[[Code Coverage] Code Coverage results for visited sequence points were saved in D:/BuildAgent/work/GDX-Documentation/Staging/CodeCoverage/GDX_Development-opencov/EditMode/TestCoverageResults_0390.xml
[Code Coverage] Code Coverage requires Burst Compilation to be disabled in order to obtain accurate coverage information. To disable Burst Compilation uncheck Jobs > Burst > Enable Compilation or pass '--burst-disable-compilation' to the command line in batchmode.
]]></output>
            </test-case>
            <test-case id="1400" name="StableTable_CellAccess_ValidRowNames" fullname="GDX.DataTables.StableTableTests.StableTable_CellAccess_ValidRowNames" methodname="StableTable_CellAccess_ValidRowNames" classname="GDX.DataTables.StableTableTests" runstate="Runnable" seed="184244722" result="Passed" start-time="2023-07-03 01:09:58Z" end-time="2023-07-03 01:09:58Z" duration="0.000774" asserts="0">
              <properties>
                <property name="Category" value="GDX.Tests" />
              </properties>
              <output><![CDATA[[Code Coverage] Code Coverage results for visited sequence points were saved in D:/BuildAgent/work/GDX-Documentation/Staging/CodeCoverage/GDX_Development-opencov/EditMode/TestCoverageResults_0391.xml
[Code Coverage] Code Coverage requires Burst Compilation to be disabled in order to obtain accurate coverage information. To disable Burst Compilation uncheck Jobs > Burst > Enable Compilation or pass '--burst-disable-compilation' to the command line in batchmode.
]]></output>
            </test-case>
            <test-case id="1398" name="StableTable_CreateEmpty_NullDescriptionArrays" fullname="GDX.DataTables.StableTableTests.StableTable_CreateEmpty_NullDescriptionArrays" methodname="StableTable_CreateEmpty_NullDescriptionArrays" classname="GDX.DataTables.StableTableTests" runstate="Runnable" seed="828235272" result="Passed" start-time="2023-07-03 01:09:58Z" end-time="2023-07-03 01:09:58Z" duration="0.000384" asserts="0">
              <properties>
                <property name="Category" value="GDX.Tests" />
              </properties>
              <output><![CDATA[[Code Coverage] Code Coverage results for visited sequence points were saved in D:/BuildAgent/work/GDX-Documentation/Staging/CodeCoverage/GDX_Development-opencov/EditMode/TestCoverageResults_0392.xml
[Code Coverage] Code Coverage requires Burst Compilation to be disabled in order to obtain accurate coverage information. To disable Burst Compilation uncheck Jobs > Burst > Enable Compilation or pass '--burst-disable-compilation' to the command line in batchmode.
]]></output>
            </test-case>
            <test-case id="1397" name="StableTable_CreateEmpty_RowCountsZero" fullname="GDX.DataTables.StableTableTests.StableTable_CreateEmpty_RowCountsZero" methodname="StableTable_CreateEmpty_RowCountsZero" classname="GDX.DataTables.StableTableTests" runstate="Runnable" seed="1081182915" result="Passed" start-time="2023-07-03 01:09:59Z" end-time="2023-07-03 01:09:59Z" duration="0.000372" asserts="0">
              <properties>
                <property name="Category" value="GDX.Tests" />
              </properties>
              <output><![CDATA[[Code Coverage] Code Coverage results for visited sequence points were saved in D:/BuildAgent/work/GDX-Documentation/Staging/CodeCoverage/GDX_Development-opencov/EditMode/TestCoverageResults_0393.xml
[Code Coverage] Code Coverage requires Burst Compilation to be disabled in order to obtain accurate coverage information. To disable Burst Compilation uncheck Jobs > Burst > Enable Compilation or pass '--burst-disable-compilation' to the command line in batchmode.
]]></output>
            </test-case>
          </test-suite>
        </test-suite>
        <test-suite type="TestSuite" id="1777" name="Developer" fullname="GDX.Developer" runstate="Runnable" testcasecount="47" result="Skipped" label="Ignored" start-time="2023-07-03 01:10:00Z" end-time="2023-07-03 01:10:32Z" duration="32.298249" total="47" passed="45" failed="0" inconclusive="0" skipped="2" asserts="0">
          <properties />
          <reason>
            <message><![CDATA[One or more child tests were ignored]]></message>
          </reason>
          <test-suite type="TestFixture" id="1340" name="CommandLineParserTests" fullname="GDX.Developer.CommandLineParserTests" classname="GDX.Developer.CommandLineParserTests" runstate="Runnable" testcasecount="2" result="Passed" start-time="2023-07-03 01:10:00Z" end-time="2023-07-03 01:10:01Z" duration="1.318183" total="2" passed="2" failed="0" inconclusive="0" skipped="0" asserts="0">
            <properties />
            <test-case id="1341" name="ProcessArguments_MockData_ContainsFlag" fullname="GDX.Developer.CommandLineParserTests.ProcessArguments_MockData_ContainsFlag" methodname="ProcessArguments_MockData_ContainsFlag" classname="GDX.Developer.CommandLineParserTests" runstate="Runnable" seed="1489647026" result="Passed" start-time="2023-07-03 01:10:00Z" end-time="2023-07-03 01:10:00Z" duration="0.001178" asserts="0">
              <properties>
                <property name="Category" value="GDX.Tests" />
              </properties>
              <output><![CDATA[[Code Coverage] Code Coverage results for visited sequence points were saved in D:/BuildAgent/work/GDX-Documentation/Staging/CodeCoverage/GDX_Development-opencov/EditMode/TestCoverageResults_0394.xml
[Code Coverage] Code Coverage requires Burst Compilation to be disabled in order to obtain accurate coverage information. To disable Burst Compilation uncheck Jobs > Burst > Enable Compilation or pass '--burst-disable-compilation' to the command line in batchmode.
]]></output>
            </test-case>
            <test-case id="1342" name="ProcessArguments_MockData_HasValue" fullname="GDX.Developer.CommandLineParserTests.ProcessArguments_MockData_HasValue" methodname="ProcessArguments_MockData_HasValue" classname="GDX.Developer.CommandLineParserTests" runstate="Runnable" seed="1865475131" result="Passed" start-time="2023-07-03 01:10:00Z" end-time="2023-07-03 01:10:00Z" duration="0.000490" asserts="0">
              <properties>
                <property name="Category" value="GDX.Tests" />
              </properties>
              <output><![CDATA[[Code Coverage] Code Coverage results for visited sequence points were saved in D:/BuildAgent/work/GDX-Documentation/Staging/CodeCoverage/GDX_Development-opencov/EditMode/TestCoverageResults_0395.xml
[Code Coverage] Code Coverage requires Burst Compilation to be disabled in order to obtain accurate coverage information. To disable Burst Compilation uncheck Jobs > Burst > Enable Compilation or pass '--burst-disable-compilation' to the command line in batchmode.
]]></output>
            </test-case>
          </test-suite>
          <test-suite type="TestFixture" id="1343" name="InputProxyTests" fullname="GDX.Developer.InputProxyTests" classname="GDX.Developer.InputProxyTests" runstate="Runnable" testcasecount="2" result="Skipped" label="Ignored" start-time="2023-07-03 01:10:01Z" end-time="2023-07-03 01:10:02Z" duration="1.321236" total="2" passed="0" failed="0" inconclusive="0" skipped="2" asserts="0">
            <properties />
            <reason>
              <message><![CDATA[One or more child tests were ignored]]></message>
            </reason>
            <test-case id="1344" name="Keyboard_Synthesize_CompoundExtendedKeys" fullname="GDX.Developer.InputProxyTests.Keyboard_Synthesize_CompoundExtendedKeys" methodname="Keyboard_Synthesize_CompoundExtendedKeys" classname="GDX.Developer.InputProxyTests" runstate="Runnable" seed="645460473" result="Skipped" label="Ignored" start-time="2023-07-03 01:10:01Z" end-time="2023-07-03 01:10:01Z" duration="0.005616" asserts="0">
              <properties>
                <property name="_JOINTYPE" value="UnityCombinatorial" />
                <property name="Category" value="GDX.Tests" />
              </properties>
              <reason>
                <message><![CDATA[InputProxy is not supported in batch mode.]]></message>
              </reason>
              <output><![CDATA[[Code Coverage] Code Coverage results for visited sequence points were saved in D:/BuildAgent/work/GDX-Documentation/Staging/CodeCoverage/GDX_Development-opencov/EditMode/TestCoverageResults_0396.xml
[Code Coverage] Code Coverage requires Burst Compilation to be disabled in order to obtain accurate coverage information. To disable Burst Compilation uncheck Jobs > Burst > Enable Compilation or pass '--burst-disable-compilation' to the command line in batchmode.
]]></output>
            </test-case>
            <test-case id="1345" name="Mouse_Synthesize_MoveClick" fullname="GDX.Developer.InputProxyTests.Mouse_Synthesize_MoveClick" methodname="Mouse_Synthesize_MoveClick" classname="GDX.Developer.InputProxyTests" runstate="Runnable" seed="68671945" result="Skipped" label="Ignored" start-time="2023-07-03 01:10:02Z" end-time="2023-07-03 01:10:02Z" duration="0.006679" asserts="0">
              <properties>
                <property name="_JOINTYPE" value="UnityCombinatorial" />
                <property name="Category" value="GDX.Tests" />
              </properties>
              <reason>
                <message><![CDATA[InputProxy is not supported in batch mode.]]></message>
              </reason>
              <output><![CDATA[[Code Coverage] Code Coverage results for visited sequence points were saved in D:/BuildAgent/work/GDX-Documentation/Staging/CodeCoverage/GDX_Development-opencov/EditMode/TestCoverageResults_0397.xml
[Code Coverage] Code Coverage requires Burst Compilation to be disabled in order to obtain accurate coverage information. To disable Burst Compilation uncheck Jobs > Burst > Enable Compilation or pass '--burst-disable-compilation' to the command line in batchmode.
]]></output>
            </test-case>
          </test-suite>
          <test-suite type="TestSuite" id="1778" name="Reports" fullname="GDX.Developer.Reports" runstate="Runnable" testcasecount="20" result="Passed" start-time="2023-07-03 01:10:02Z" end-time="2023-07-03 01:10:17Z" duration="14.484278" total="20" passed="20" failed="0" inconclusive="0" skipped="0" asserts="0">
            <properties />
            <test-suite type="TestFixture" id="1372" name="NUnitReportTests" fullname="GDX.Developer.Reports.NUnitReportTests" classname="GDX.Developer.Reports.NUnitReportTests" runstate="Runnable" testcasecount="13" result="Passed" start-time="2023-07-03 01:10:02Z" end-time="2023-07-03 01:10:11Z" duration="8.659979" total="13" passed="13" failed="0" inconclusive="0" skipped="0" asserts="0">
              <properties />
              <test-case id="1376" name="AddDuration_FailNoFailNoSuite" fullname="GDX.Developer.Reports.NUnitReportTests.AddDuration_FailNoFailNoSuite" methodname="AddDuration_FailNoFailNoSuite" classname="GDX.Developer.Reports.NUnitReportTests" runstate="Runnable" seed="1212783760" result="Passed" start-time="2023-07-03 01:10:02Z" end-time="2023-07-03 01:10:02Z" duration="0.001203" asserts="0">
                <properties>
                  <property name="Category" value="GDX.Tests" />
                </properties>
                <output><![CDATA[[Code Coverage] Code Coverage results for visited sequence points were saved in D:/BuildAgent/work/GDX-Documentation/Staging/CodeCoverage/GDX_Development-opencov/EditMode/TestCoverageResults_0398.xml
[Code Coverage] Code Coverage requires Burst Compilation to be disabled in order to obtain accurate coverage information. To disable Burst Compilation uncheck Jobs > Burst > Enable Compilation or pass '--burst-disable-compilation' to the command line in batchmode.
]]></output>
              </test-case>
              <test-case id="1377" name="AddDuration_FailWithFailNoSuite" fullname="GDX.Developer.Reports.NUnitReportTests.AddDuration_FailWithFailNoSuite" methodname="AddDuration_FailWithFailNoSuite" classname="GDX.Developer.Reports.NUnitReportTests" runstate="Runnable" seed="563683425" result="Passed" start-time="2023-07-03 01:10:03Z" end-time="2023-07-03 01:10:03Z" duration="0.000448" asserts="0">
                <properties>
                  <property name="Category" value="GDX.Tests" />
                </properties>
                <output><![CDATA[[Code Coverage] Code Coverage results for visited sequence points were saved in D:/BuildAgent/work/GDX-Documentation/Staging/CodeCoverage/GDX_Development-opencov/EditMode/TestCoverageResults_0399.xml
[Code Coverage] Code Coverage requires Burst Compilation to be disabled in order to obtain accurate coverage information. To disable Burst Compilation uncheck Jobs > Burst > Enable Compilation or pass '--burst-disable-compilation' to the command line in batchmode.
]]></output>
              </test-case>
              <test-case id="1374" name="AddDuration_PassNoFailNoSuite" fullname="GDX.Developer.Reports.NUnitReportTests.AddDuration_PassNoFailNoSuite" methodname="AddDuration_PassNoFailNoSuite" classname="GDX.Developer.Reports.NUnitReportTests" runstate="Runnable" seed="161280466" result="Passed" start-time="2023-07-03 01:10:04Z" end-time="2023-07-03 01:10:04Z" duration="0.000468" asserts="0">
                <properties>
                  <property name="Category" value="GDX.Tests" />
                </properties>
                <output><![CDATA[[Code Coverage] Code Coverage results for visited sequence points were saved in D:/BuildAgent/work/GDX-Documentation/Staging/CodeCoverage/GDX_Development-opencov/EditMode/TestCoverageResults_0400.xml
[Code Coverage] Code Coverage requires Burst Compilation to be disabled in order to obtain accurate coverage information. To disable Burst Compilation uncheck Jobs > Burst > Enable Compilation or pass '--burst-disable-compilation' to the command line in batchmode.
]]></output>
              </test-case>
              <test-case id="1375" name="AddDuration_PassNoFailWithSuite" fullname="GDX.Developer.Reports.NUnitReportTests.AddDuration_PassNoFailWithSuite" methodname="AddDuration_PassNoFailWithSuite" classname="GDX.Developer.Reports.NUnitReportTests" runstate="Runnable" seed="737384623" result="Passed" start-time="2023-07-03 01:10:04Z" end-time="2023-07-03 01:10:04Z" duration="0.000388" asserts="0">
                <properties>
                  <property name="Category" value="GDX.Tests" />
                </properties>
                <output><![CDATA[[Code Coverage] Code Coverage results for visited sequence points were saved in D:/BuildAgent/work/GDX-Documentation/Staging/CodeCoverage/GDX_Development-opencov/EditMode/TestCoverageResults_0401.xml
[Code Coverage] Code Coverage requires Burst Compilation to be disabled in order to obtain accurate coverage information. To disable Burst Compilation uncheck Jobs > Burst > Enable Compilation or pass '--burst-disable-compilation' to the command line in batchmode.
]]></output>
              </test-case>
              <test-case id="1378" name="AddSkippedTest_NoSkipNoSuite" fullname="GDX.Developer.Reports.NUnitReportTests.AddSkippedTest_NoSkipNoSuite" methodname="AddSkippedTest_NoSkipNoSuite" classname="GDX.Developer.Reports.NUnitReportTests" runstate="Runnable" seed="1385260303" result="Passed" start-time="2023-07-03 01:10:05Z" end-time="2023-07-03 01:10:05Z" duration="0.000482" asserts="0">
                <properties>
                  <property name="Category" value="GDX.Tests" />
                </properties>
                <output><![CDATA[[Code Coverage] Code Coverage results for visited sequence points were saved in D:/BuildAgent/work/GDX-Documentation/Staging/CodeCoverage/GDX_Development-opencov/EditMode/TestCoverageResults_0402.xml
[Code Coverage] Code Coverage requires Burst Compilation to be disabled in order to obtain accurate coverage information. To disable Burst Compilation uncheck Jobs > Burst > Enable Compilation or pass '--burst-disable-compilation' to the command line in batchmode.
]]></output>
              </test-case>
              <test-case id="1379" name="AddSkippedTest_SkipNoSuite" fullname="GDX.Developer.Reports.NUnitReportTests.AddSkippedTest_SkipNoSuite" methodname="AddSkippedTest_SkipNoSuite" classname="GDX.Developer.Reports.NUnitReportTests" runstate="Runnable" seed="941080090" result="Passed" start-time="2023-07-03 01:10:05Z" end-time="2023-07-03 01:10:05Z" duration="0.000376" asserts="0">
                <properties>
                  <property name="Category" value="GDX.Tests" />
                </properties>
                <output><![CDATA[[Code Coverage] Code Coverage results for visited sequence points were saved in D:/BuildAgent/work/GDX-Documentation/Staging/CodeCoverage/GDX_Development-opencov/EditMode/TestCoverageResults_0403.xml
[Code Coverage] Code Coverage requires Burst Compilation to be disabled in order to obtain accurate coverage information. To disable Burst Compilation uncheck Jobs > Burst > Enable Compilation or pass '--burst-disable-compilation' to the command line in batchmode.
]]></output>
              </test-case>
              <test-case id="1380" name="AddSkippedTest_SkipSuite" fullname="GDX.Developer.Reports.NUnitReportTests.AddSkippedTest_SkipSuite" methodname="AddSkippedTest_SkipSuite" classname="GDX.Developer.Reports.NUnitReportTests" runstate="Runnable" seed="1916463620" result="Passed" start-time="2023-07-03 01:10:06Z" end-time="2023-07-03 01:10:06Z" duration="0.000368" asserts="0">
                <properties>
                  <property name="Category" value="GDX.Tests" />
                </properties>
                <output><![CDATA[[Code Coverage] Code Coverage results for visited sequence points were saved in D:/BuildAgent/work/GDX-Documentation/Staging/CodeCoverage/GDX_Development-opencov/EditMode/TestCoverageResults_0404.xml
[Code Coverage] Code Coverage requires Burst Compilation to be disabled in order to obtain accurate coverage information. To disable Burst Compilation uncheck Jobs > Burst > Enable Compilation or pass '--burst-disable-compilation' to the command line in batchmode.
]]></output>
              </test-case>
              <test-case id="1373" name="Constructor_Create" fullname="GDX.Developer.Reports.NUnitReportTests.Constructor_Create" methodname="Constructor_Create" classname="GDX.Developer.Reports.NUnitReportTests" runstate="Runnable" seed="1843509822" result="Passed" start-time="2023-07-03 01:10:07Z" end-time="2023-07-03 01:10:07Z" duration="0.000420" asserts="0">
                <properties>
                  <property name="Category" value="GDX.Tests" />
                </properties>
                <output><![CDATA[[Code Coverage] Code Coverage results for visited sequence points were saved in D:/BuildAgent/work/GDX-Documentation/Staging/CodeCoverage/GDX_Development-opencov/EditMode/TestCoverageResults_0405.xml
[Code Coverage] Code Coverage requires Burst Compilation to be disabled in order to obtain accurate coverage information. To disable Burst Compilation uncheck Jobs > Burst > Enable Compilation or pass '--burst-disable-compilation' to the command line in batchmode.
]]></output>
              </test-case>
              <test-case id="1382" name="GetResultCount_NoTestSuites" fullname="GDX.Developer.Reports.NUnitReportTests.GetResultCount_NoTestSuites" methodname="GetResultCount_NoTestSuites" classname="GDX.Developer.Reports.NUnitReportTests" runstate="Runnable" seed="1066239494" result="Passed" start-time="2023-07-03 01:10:07Z" end-time="2023-07-03 01:10:07Z" duration="0.001638" asserts="0">
                <properties>
                  <property name="Category" value="GDX.Tests" />
                </properties>
                <output><![CDATA[[Code Coverage] Code Coverage results for visited sequence points were saved in D:/BuildAgent/work/GDX-Documentation/Staging/CodeCoverage/GDX_Development-opencov/EditMode/TestCoverageResults_0406.xml
[Code Coverage] Code Coverage requires Burst Compilation to be disabled in order to obtain accurate coverage information. To disable Burst Compilation uncheck Jobs > Burst > Enable Compilation or pass '--burst-disable-compilation' to the command line in batchmode.
]]></output>
              </test-case>
              <test-case id="1383" name="GetResultCount_TestSuite" fullname="GDX.Developer.Reports.NUnitReportTests.GetResultCount_TestSuite" methodname="GetResultCount_TestSuite" classname="GDX.Developer.Reports.NUnitReportTests" runstate="Runnable" seed="264714986" result="Passed" start-time="2023-07-03 01:10:08Z" end-time="2023-07-03 01:10:08Z" duration="0.000338" asserts="0">
                <properties>
                  <property name="Category" value="GDX.Tests" />
                </properties>
                <output><![CDATA[[Code Coverage] Code Coverage results for visited sequence points were saved in D:/BuildAgent/work/GDX-Documentation/Staging/CodeCoverage/GDX_Development-opencov/EditMode/TestCoverageResults_0407.xml
[Code Coverage] Code Coverage requires Burst Compilation to be disabled in order to obtain accurate coverage information. To disable Burst Compilation uncheck Jobs > Burst > Enable Compilation or pass '--burst-disable-compilation' to the command line in batchmode.
]]></output>
              </test-case>
              <test-case id="1381" name="SetForceFail_Fails" fullname="GDX.Developer.Reports.NUnitReportTests.SetForceFail_Fails" methodname="SetForceFail_Fails" classname="GDX.Developer.Reports.NUnitReportTests" runstate="Runnable" seed="1614179050" result="Passed" start-time="2023-07-03 01:10:09Z" end-time="2023-07-03 01:10:09Z" duration="0.000408" asserts="0">
                <properties>
                  <property name="Category" value="GDX.Tests" />
                </properties>
                <output><![CDATA[[Code Coverage] Code Coverage results for visited sequence points were saved in D:/BuildAgent/work/GDX-Documentation/Staging/CodeCoverage/GDX_Development-opencov/EditMode/TestCoverageResults_0408.xml
[Code Coverage] Code Coverage requires Burst Compilation to be disabled in order to obtain accurate coverage information. To disable Burst Compilation uncheck Jobs > Burst > Enable Compilation or pass '--burst-disable-compilation' to the command line in batchmode.
]]></output>
              </test-case>
              <test-case id="1384" name="ToString_Fail_ExpectedOutput" fullname="GDX.Developer.Reports.NUnitReportTests.ToString_Fail_ExpectedOutput" methodname="ToString_Fail_ExpectedOutput" classname="GDX.Developer.Reports.NUnitReportTests" runstate="Runnable" seed="357237435" result="Passed" start-time="2023-07-03 01:10:10Z" end-time="2023-07-03 01:10:10Z" duration="0.002836" asserts="0">
                <properties>
                  <property name="Category" value="GDX.Tests" />
                </properties>
                <output><![CDATA[[Code Coverage] Code Coverage results for visited sequence points were saved in D:/BuildAgent/work/GDX-Documentation/Staging/CodeCoverage/GDX_Development-opencov/EditMode/TestCoverageResults_0409.xml
[Code Coverage] Code Coverage requires Burst Compilation to be disabled in order to obtain accurate coverage information. To disable Burst Compilation uncheck Jobs > Burst > Enable Compilation or pass '--burst-disable-compilation' to the command line in batchmode.
]]></output>
              </test-case>
              <test-case id="1385" name="ToString_Pass_ExpectedOutput" fullname="GDX.Developer.Reports.NUnitReportTests.ToString_Pass_ExpectedOutput" methodname="ToString_Pass_ExpectedOutput" classname="GDX.Developer.Reports.NUnitReportTests" runstate="Runnable" seed="1812161276" result="Passed" start-time="2023-07-03 01:10:10Z" end-time="2023-07-03 01:10:10Z" duration="0.000521" asserts="0">
                <properties>
                  <property name="Category" value="GDX.Tests" />
                </properties>
                <output><![CDATA[[Code Coverage] Code Coverage results for visited sequence points were saved in D:/BuildAgent/work/GDX-Documentation/Staging/CodeCoverage/GDX_Development-opencov/EditMode/TestCoverageResults_0410.xml
[Code Coverage] Code Coverage requires Burst Compilation to be disabled in order to obtain accurate coverage information. To disable Burst Compilation uncheck Jobs > Burst > Enable Compilation or pass '--burst-disable-compilation' to the command line in batchmode.
]]></output>
              </test-case>
            </test-suite>
            <test-suite type="TestSuite" id="1779" name="Resource" fullname="GDX.Developer.Reports.Resource" runstate="Runnable" testcasecount="3" result="Passed" start-time="2023-07-03 01:10:11Z" end-time="2023-07-03 01:10:13Z" duration="2.031924" total="3" passed="3" failed="0" inconclusive="0" skipped="0" asserts="0">
              <properties />
              <test-suite type="TestFixture" id="1392" name="ResourceReportTests" fullname="GDX.Developer.Reports.Resource.ResourceReportTests" classname="GDX.Developer.Reports.Resource.ResourceReportTests" runstate="Runnable" testcasecount="3" result="Passed" start-time="2023-07-03 01:10:11Z" end-time="2023-07-03 01:10:13Z" duration="2.029139" total="3" passed="3" failed="0" inconclusive="0" skipped="0" asserts="0">
                <properties />
                <test-case id="1393" name="CreateDivider_MockData_CorrectLength" fullname="GDX.Developer.Reports.Resource.ResourceReportTests.CreateDivider_MockData_CorrectLength" methodname="CreateDivider_MockData_CorrectLength" classname="GDX.Developer.Reports.Resource.ResourceReportTests" runstate="Runnable" seed="905163806" result="Passed" start-time="2023-07-03 01:10:11Z" end-time="2023-07-03 01:10:11Z" duration="0.000609" asserts="0">
                  <properties>
                    <property name="Category" value="GDX.Tests" />
                  </properties>
                  <output><![CDATA[[Code Coverage] Code Coverage results for visited sequence points were saved in D:/BuildAgent/work/GDX-Documentation/Staging/CodeCoverage/GDX_Development-opencov/EditMode/TestCoverageResults_0411.xml
[Code Coverage] Code Coverage requires Burst Compilation to be disabled in order to obtain accurate coverage information. To disable Burst Compilation uncheck Jobs > Burst > Enable Compilation or pass '--burst-disable-compilation' to the command line in batchmode.
]]></output>
                </test-case>
                <test-case id="1394" name="CreateHeader_MockData_CorrectLength" fullname="GDX.Developer.Reports.Resource.ResourceReportTests.CreateHeader_MockData_CorrectLength" methodname="CreateHeader_MockData_CorrectLength" classname="GDX.Developer.Reports.Resource.ResourceReportTests" runstate="Runnable" seed="458222563" result="Passed" start-time="2023-07-03 01:10:12Z" end-time="2023-07-03 01:10:12Z" duration="0.000491" asserts="0">
                  <properties>
                    <property name="Category" value="GDX.Tests" />
                  </properties>
                  <output><![CDATA[[Code Coverage] Code Coverage results for visited sequence points were saved in D:/BuildAgent/work/GDX-Documentation/Staging/CodeCoverage/GDX_Development-opencov/EditMode/TestCoverageResults_0412.xml
[Code Coverage] Code Coverage requires Burst Compilation to be disabled in order to obtain accurate coverage information. To disable Burst Compilation uncheck Jobs > Burst > Enable Compilation or pass '--burst-disable-compilation' to the command line in batchmode.
]]></output>
                </test-case>
                <test-case id="1395" name="Output_MockData_StringBuilderSameAsStreamWriter" fullname="GDX.Developer.Reports.Resource.ResourceReportTests.Output_MockData_StringBuilderSameAsStreamWriter" methodname="Output_MockData_StringBuilderSameAsStreamWriter" classname="GDX.Developer.Reports.Resource.ResourceReportTests" runstate="Runnable" seed="1393480650" result="Passed" start-time="2023-07-03 01:10:12Z" end-time="2023-07-03 01:10:12Z" duration="0.052808" asserts="0">
                  <properties>
                    <property name="Category" value="GDX.Tests" />
                  </properties>
                  <output><![CDATA[[Code Coverage] Code Coverage results for visited sequence points were saved in D:/BuildAgent/work/GDX-Documentation/Staging/CodeCoverage/GDX_Development-opencov/EditMode/TestCoverageResults_0413.xml
[Code Coverage] Code Coverage requires Burst Compilation to be disabled in order to obtain accurate coverage information. To disable Burst Compilation uncheck Jobs > Burst > Enable Compilation or pass '--burst-disable-compilation' to the command line in batchmode.
]]></output>
                </test-case>
              </test-suite>
            </test-suite>
            <test-suite type="TestFixture" id="1386" name="ResourcesAuditReportTests" fullname="GDX.Developer.Reports.ResourcesAuditReportTests" classname="GDX.Developer.Reports.ResourcesAuditReportTests" runstate="Runnable" testcasecount="3" result="Passed" start-time="2023-07-03 01:10:13Z" end-time="2023-07-03 01:10:15Z" duration="2.095826" total="3" passed="3" failed="0" inconclusive="0" skipped="0" asserts="0">
              <properties />
              <test-case id="1387" name="Get_MockData_ReturnsObject" fullname="GDX.Developer.Reports.ResourcesAuditReportTests.Get_MockData_ReturnsObject" methodname="Get_MockData_ReturnsObject" classname="GDX.Developer.Reports.ResourcesAuditReportTests" runstate="Runnable" seed="1459346230" result="Passed" start-time="2023-07-03 01:10:13Z" end-time="2023-07-03 01:10:13Z" duration="0.003492" asserts="0">
                <properties>
                  <property name="Category" value="GDX.Tests" />
                </properties>
                <output><![CDATA[[Code Coverage] Code Coverage results for visited sequence points were saved in D:/BuildAgent/work/GDX-Documentation/Staging/CodeCoverage/GDX_Development-opencov/EditMode/TestCoverageResults_0414.xml
[Code Coverage] Code Coverage requires Burst Compilation to be disabled in order to obtain accurate coverage information. To disable Burst Compilation uncheck Jobs > Burst > Enable Compilation or pass '--burst-disable-compilation' to the command line in batchmode.
]]></output>
              </test-case>
              <test-case id="1389" name="Output_GetAll_ReturnsReport" fullname="GDX.Developer.Reports.ResourcesAuditReportTests.Output_GetAll_ReturnsReport" methodname="Output_GetAll_ReturnsReport" classname="GDX.Developer.Reports.ResourcesAuditReportTests" runstate="Runnable" seed="412746559" result="Passed" start-time="2023-07-03 01:10:14Z" end-time="2023-07-03 01:10:14Z" duration="0.098705" asserts="0">
                <properties>
                  <property name="Category" value="GDX.Tests" />
                </properties>
                <output><![CDATA[[Code Coverage] Code Coverage results for visited sequence points were saved in D:/BuildAgent/work/GDX-Documentation/Staging/CodeCoverage/GDX_Development-opencov/EditMode/TestCoverageResults_0415.xml
[Code Coverage] Code Coverage requires Burst Compilation to be disabled in order to obtain accurate coverage information. To disable Burst Compilation uncheck Jobs > Burst > Enable Compilation or pass '--burst-disable-compilation' to the command line in batchmode.
]]></output>
              </test-case>
              <test-case id="1388" name="Output_GetCommon_ReturnsReport" fullname="GDX.Developer.Reports.ResourcesAuditReportTests.Output_GetCommon_ReturnsReport" methodname="Output_GetCommon_ReturnsReport" classname="GDX.Developer.Reports.ResourcesAuditReportTests" runstate="Runnable" seed="1120280008" result="Passed" start-time="2023-07-03 01:10:14Z" end-time="2023-07-03 01:10:14Z" duration="0.023238" asserts="0">
                <properties>
                  <property name="Category" value="GDX.Tests" />
                </properties>
                <output><![CDATA[[Code Coverage] Code Coverage results for visited sequence points were saved in D:/BuildAgent/work/GDX-Documentation/Staging/CodeCoverage/GDX_Development-opencov/EditMode/TestCoverageResults_0416.xml
[Code Coverage] Code Coverage requires Burst Compilation to be disabled in order to obtain accurate coverage information. To disable Burst Compilation uncheck Jobs > Burst > Enable Compilation or pass '--burst-disable-compilation' to the command line in batchmode.
]]></output>
              </test-case>
            </test-suite>
            <test-suite type="TestFixture" id="1390" name="ResourcesDiffReportTests" fullname="GDX.Developer.Reports.ResourcesDiffReportTests" classname="GDX.Developer.Reports.ResourcesDiffReportTests" runstate="Runnable" testcasecount="1" result="Passed" start-time="2023-07-03 01:10:15Z" end-time="2023-07-03 01:10:17Z" duration="1.694651" total="1" passed="1" failed="0" inconclusive="0" skipped="0" asserts="0">
              <properties />
              <test-case id="1391" name="Output_GetCommonAndAll_ReturnsReport" fullname="GDX.Developer.Reports.ResourcesDiffReportTests.Output_GetCommonAndAll_ReturnsReport" methodname="Output_GetCommonAndAll_ReturnsReport" classname="GDX.Developer.Reports.ResourcesDiffReportTests" runstate="Runnable" seed="1841540647" result="Passed" start-time="2023-07-03 01:10:15Z" end-time="2023-07-03 01:10:15Z" duration="0.128707" asserts="0">
                <properties>
                  <property name="Category" value="GDX.Tests" />
                </properties>
                <output><![CDATA[[Code Coverage] Code Coverage results for visited sequence points were saved in D:/BuildAgent/work/GDX-Documentation/Staging/CodeCoverage/GDX_Development-opencov/EditMode/TestCoverageResults_0417.xml
[Code Coverage] Code Coverage requires Burst Compilation to be disabled in order to obtain accurate coverage information. To disable Burst Compilation uncheck Jobs > Burst > Enable Compilation or pass '--burst-disable-compilation' to the command line in batchmode.
]]></output>
              </test-case>
            </test-suite>
          </test-suite>
          <test-suite type="TestFixture" id="1346" name="SemanticVersionTests" fullname="GDX.Developer.SemanticVersionTests" classname="GDX.Developer.SemanticVersionTests" runstate="Runnable" testcasecount="15" result="Passed" start-time="2023-07-03 01:10:17Z" end-time="2023-07-03 01:10:27Z" duration="9.893917" total="15" passed="15" failed="0" inconclusive="0" skipped="0" asserts="0">
            <properties />
            <test-case id="1354" name="Equality_MockData_Matches" fullname="GDX.Developer.SemanticVersionTests.Equality_MockData_Matches" methodname="Equality_MockData_Matches" classname="GDX.Developer.SemanticVersionTests" runstate="Runnable" seed="101666701" result="Passed" start-time="2023-07-03 01:10:17Z" end-time="2023-07-03 01:10:17Z" duration="0.000751" asserts="0">
              <properties>
                <property name="Category" value="GDX.Tests" />
              </properties>
              <output><![CDATA[[Code Coverage] Code Coverage results for visited sequence points were saved in D:/BuildAgent/work/GDX-Documentation/Staging/CodeCoverage/GDX_Development-opencov/EditMode/TestCoverageResults_0418.xml
[Code Coverage] Code Coverage requires Burst Compilation to be disabled in order to obtain accurate coverage information. To disable Burst Compilation uncheck Jobs > Burst > Enable Compilation or pass '--burst-disable-compilation' to the command line in batchmode.
]]></output>
            </test-case>
            <test-case id="1355" name="Equals_MockData_Matches" fullname="GDX.Developer.SemanticVersionTests.Equals_MockData_Matches" methodname="Equals_MockData_Matches" classname="GDX.Developer.SemanticVersionTests" runstate="Runnable" seed="667604712" result="Passed" start-time="2023-07-03 01:10:17Z" end-time="2023-07-03 01:10:17Z" duration="0.000472" asserts="0">
              <properties>
                <property name="Category" value="GDX.Tests" />
              </properties>
              <output><![CDATA[[Code Coverage] Code Coverage results for visited sequence points were saved in D:/BuildAgent/work/GDX-Documentation/Staging/CodeCoverage/GDX_Development-opencov/EditMode/TestCoverageResults_0419.xml
[Code Coverage] Code Coverage requires Burst Compilation to be disabled in order to obtain accurate coverage information. To disable Burst Compilation uncheck Jobs > Burst > Enable Compilation or pass '--burst-disable-compilation' to the command line in batchmode.
]]></output>
            </test-case>
            <test-case id="1356" name="GetHashCode_MockData_Valid" fullname="GDX.Developer.SemanticVersionTests.GetHashCode_MockData_Valid" methodname="GetHashCode_MockData_Valid" classname="GDX.Developer.SemanticVersionTests" runstate="Runnable" seed="316978462" result="Passed" start-time="2023-07-03 01:10:18Z" end-time="2023-07-03 01:10:18Z" duration="0.000361" asserts="0">
              <properties>
                <property name="Category" value="GDX.Tests" />
              </properties>
              <output><![CDATA[[Code Coverage] Code Coverage results for visited sequence points were saved in D:/BuildAgent/work/GDX-Documentation/Staging/CodeCoverage/GDX_Development-opencov/EditMode/TestCoverageResults_0420.xml
[Code Coverage] Code Coverage requires Burst Compilation to be disabled in order to obtain accurate coverage information. To disable Burst Compilation uncheck Jobs > Burst > Enable Compilation or pass '--burst-disable-compilation' to the command line in batchmode.
]]></output>
            </test-case>
            <test-case id="1358" name="GreaterThan_MockData_Evaluate" fullname="GDX.Developer.SemanticVersionTests.GreaterThan_MockData_Evaluate" methodname="GreaterThan_MockData_Evaluate" classname="GDX.Developer.SemanticVersionTests" runstate="Runnable" seed="1303706033" result="Passed" start-time="2023-07-03 01:10:19Z" end-time="2023-07-03 01:10:19Z" duration="0.000479" asserts="0">
              <properties>
                <property name="Category" value="GDX.Tests" />
              </properties>
              <output><![CDATA[[Code Coverage] Code Coverage results for visited sequence points were saved in D:/BuildAgent/work/GDX-Documentation/Staging/CodeCoverage/GDX_Development-opencov/EditMode/TestCoverageResults_0421.xml
[Code Coverage] Code Coverage requires Burst Compilation to be disabled in order to obtain accurate coverage information. To disable Burst Compilation uncheck Jobs > Burst > Enable Compilation or pass '--burst-disable-compilation' to the command line in batchmode.
]]></output>
            </test-case>
            <test-case id="1357" name="GreaterThanOrEqualTo_MockData_Evaluate" fullname="GDX.Developer.SemanticVersionTests.GreaterThanOrEqualTo_MockData_Evaluate" methodname="GreaterThanOrEqualTo_MockData_Evaluate" classname="GDX.Developer.SemanticVersionTests" runstate="Runnable" seed="1567628318" result="Passed" start-time="2023-07-03 01:10:19Z" end-time="2023-07-03 01:10:19Z" duration="0.000612" asserts="0">
              <properties>
                <property name="Category" value="GDX.Tests" />
              </properties>
              <output><![CDATA[[Code Coverage] Code Coverage results for visited sequence points were saved in D:/BuildAgent/work/GDX-Documentation/Staging/CodeCoverage/GDX_Development-opencov/EditMode/TestCoverageResults_0422.xml
[Code Coverage] Code Coverage requires Burst Compilation to be disabled in order to obtain accurate coverage information. To disable Burst Compilation uncheck Jobs > Burst > Enable Compilation or pass '--burst-disable-compilation' to the command line in batchmode.
]]></output>
            </test-case>
            <test-case id="1359" name="Inequality_MockData_DoesNotMatch" fullname="GDX.Developer.SemanticVersionTests.Inequality_MockData_DoesNotMatch" methodname="Inequality_MockData_DoesNotMatch" classname="GDX.Developer.SemanticVersionTests" runstate="Runnable" seed="1921975122" result="Passed" start-time="2023-07-03 01:10:20Z" end-time="2023-07-03 01:10:20Z" duration="0.000392" asserts="0">
              <properties>
                <property name="Category" value="GDX.Tests" />
              </properties>
              <output><![CDATA[[Code Coverage] Code Coverage results for visited sequence points were saved in D:/BuildAgent/work/GDX-Documentation/Staging/CodeCoverage/GDX_Development-opencov/EditMode/TestCoverageResults_0423.xml
[Code Coverage] Code Coverage requires Burst Compilation to be disabled in order to obtain accurate coverage information. To disable Burst Compilation uncheck Jobs > Burst > Enable Compilation or pass '--burst-disable-compilation' to the command line in batchmode.
]]></output>
            </test-case>
            <test-case id="1361" name="LessThan_MockData_Evaluate" fullname="GDX.Developer.SemanticVersionTests.LessThan_MockData_Evaluate" methodname="LessThan_MockData_Evaluate" classname="GDX.Developer.SemanticVersionTests" runstate="Runnable" seed="1451767434" result="Passed" start-time="2023-07-03 01:10:21Z" end-time="2023-07-03 01:10:21Z" duration="0.000507" asserts="0">
              <properties>
                <property name="Category" value="GDX.Tests" />
              </properties>
              <output><![CDATA[[Code Coverage] Code Coverage results for visited sequence points were saved in D:/BuildAgent/work/GDX-Documentation/Staging/CodeCoverage/GDX_Development-opencov/EditMode/TestCoverageResults_0424.xml
[Code Coverage] Code Coverage requires Burst Compilation to be disabled in order to obtain accurate coverage information. To disable Burst Compilation uncheck Jobs > Burst > Enable Compilation or pass '--burst-disable-compilation' to the command line in batchmode.
]]></output>
            </test-case>
            <test-case id="1360" name="LessThanOrEqualTo_MockData_Evaluate" fullname="GDX.Developer.SemanticVersionTests.LessThanOrEqualTo_MockData_Evaluate" methodname="LessThanOrEqualTo_MockData_Evaluate" classname="GDX.Developer.SemanticVersionTests" runstate="Runnable" seed="1397475765" result="Passed" start-time="2023-07-03 01:10:21Z" end-time="2023-07-03 01:10:21Z" duration="0.000578" asserts="0">
              <properties>
                <property name="Category" value="GDX.Tests" />
              </properties>
              <output><![CDATA[[Code Coverage] Code Coverage results for visited sequence points were saved in D:/BuildAgent/work/GDX-Documentation/Staging/CodeCoverage/GDX_Development-opencov/EditMode/TestCoverageResults_0425.xml
[Code Coverage] Code Coverage requires Burst Compilation to be disabled in order to obtain accurate coverage information. To disable Burst Compilation uncheck Jobs > Burst > Enable Compilation or pass '--burst-disable-compilation' to the command line in batchmode.
]]></output>
            </test-case>
            <test-case id="1348" name="SemanticVersion_FromString_FourPartsParse" fullname="GDX.Developer.SemanticVersionTests.SemanticVersion_FromString_FourPartsParse" methodname="SemanticVersion_FromString_FourPartsParse" classname="GDX.Developer.SemanticVersionTests" runstate="Runnable" seed="154591820" result="Passed" start-time="2023-07-03 01:10:22Z" end-time="2023-07-03 01:10:22Z" duration="0.000319" asserts="0">
              <properties>
                <property name="Category" value="GDX.Tests" />
              </properties>
              <output><![CDATA[[Code Coverage] Code Coverage results for visited sequence points were saved in D:/BuildAgent/work/GDX-Documentation/Staging/CodeCoverage/GDX_Development-opencov/EditMode/TestCoverageResults_0426.xml
[Code Coverage] Code Coverage requires Burst Compilation to be disabled in order to obtain accurate coverage information. To disable Burst Compilation uncheck Jobs > Burst > Enable Compilation or pass '--burst-disable-compilation' to the command line in batchmode.
]]></output>
            </test-case>
            <test-case id="1351" name="SemanticVersion_FromString_OnePartParse" fullname="GDX.Developer.SemanticVersionTests.SemanticVersion_FromString_OnePartParse" methodname="SemanticVersion_FromString_OnePartParse" classname="GDX.Developer.SemanticVersionTests" runstate="Runnable" seed="811446310" result="Passed" start-time="2023-07-03 01:10:23Z" end-time="2023-07-03 01:10:23Z" duration="0.000299" asserts="0">
              <properties>
                <property name="Category" value="GDX.Tests" />
              </properties>
              <output><![CDATA[[Code Coverage] Code Coverage results for visited sequence points were saved in D:/BuildAgent/work/GDX-Documentation/Staging/CodeCoverage/GDX_Development-opencov/EditMode/TestCoverageResults_0427.xml
[Code Coverage] Code Coverage requires Burst Compilation to be disabled in order to obtain accurate coverage information. To disable Burst Compilation uncheck Jobs > Burst > Enable Compilation or pass '--burst-disable-compilation' to the command line in batchmode.
]]></output>
            </test-case>
            <test-case id="1349" name="SemanticVersion_FromString_ThreePartsParse" fullname="GDX.Developer.SemanticVersionTests.SemanticVersion_FromString_ThreePartsParse" methodname="SemanticVersion_FromString_ThreePartsParse" classname="GDX.Developer.SemanticVersionTests" runstate="Runnable" seed="688943106" result="Passed" start-time="2023-07-03 01:10:23Z" end-time="2023-07-03 01:10:23Z" duration="0.000327" asserts="0">
              <properties>
                <property name="Category" value="GDX.Tests" />
              </properties>
              <output><![CDATA[[Code Coverage] Code Coverage results for visited sequence points were saved in D:/BuildAgent/work/GDX-Documentation/Staging/CodeCoverage/GDX_Development-opencov/EditMode/TestCoverageResults_0428.xml
[Code Coverage] Code Coverage requires Burst Compilation to be disabled in order to obtain accurate coverage information. To disable Burst Compilation uncheck Jobs > Burst > Enable Compilation or pass '--burst-disable-compilation' to the command line in batchmode.
]]></output>
            </test-case>
            <test-case id="1353" name="SemanticVersion_FromString_TooManyParts" fullname="GDX.Developer.SemanticVersionTests.SemanticVersion_FromString_TooManyParts" methodname="SemanticVersion_FromString_TooManyParts" classname="GDX.Developer.SemanticVersionTests" runstate="Runnable" seed="1303319721" result="Passed" start-time="2023-07-03 01:10:24Z" end-time="2023-07-03 01:10:24Z" duration="0.000306" asserts="0">
              <properties>
                <property name="Category" value="GDX.Tests" />
              </properties>
              <output><![CDATA[[Code Coverage] Code Coverage results for visited sequence points were saved in D:/BuildAgent/work/GDX-Documentation/Staging/CodeCoverage/GDX_Development-opencov/EditMode/TestCoverageResults_0429.xml
[Code Coverage] Code Coverage requires Burst Compilation to be disabled in order to obtain accurate coverage information. To disable Burst Compilation uncheck Jobs > Burst > Enable Compilation or pass '--burst-disable-compilation' to the command line in batchmode.
]]></output>
            </test-case>
            <test-case id="1350" name="SemanticVersion_FromString_TwoPartsParse" fullname="GDX.Developer.SemanticVersionTests.SemanticVersion_FromString_TwoPartsParse" methodname="SemanticVersion_FromString_TwoPartsParse" classname="GDX.Developer.SemanticVersionTests" runstate="Runnable" seed="1862263025" result="Passed" start-time="2023-07-03 01:10:25Z" end-time="2023-07-03 01:10:25Z" duration="0.000324" asserts="0">
              <properties>
                <property name="Category" value="GDX.Tests" />
              </properties>
              <output><![CDATA[[Code Coverage] Code Coverage results for visited sequence points were saved in D:/BuildAgent/work/GDX-Documentation/Staging/CodeCoverage/GDX_Development-opencov/EditMode/TestCoverageResults_0430.xml
[Code Coverage] Code Coverage requires Burst Compilation to be disabled in order to obtain accurate coverage information. To disable Burst Compilation uncheck Jobs > Burst > Enable Compilation or pass '--burst-disable-compilation' to the command line in batchmode.
]]></output>
            </test-case>
            <test-case id="1347" name="SemanticVersion_NoVersion_Origin" fullname="GDX.Developer.SemanticVersionTests.SemanticVersion_NoVersion_Origin" methodname="SemanticVersion_NoVersion_Origin" classname="GDX.Developer.SemanticVersionTests" runstate="Runnable" seed="459999655" result="Passed" start-time="2023-07-03 01:10:25Z" end-time="2023-07-03 01:10:25Z" duration="0.000344" asserts="0">
              <properties>
                <property name="Category" value="GDX.Tests" />
              </properties>
              <output><![CDATA[[Code Coverage] Code Coverage results for visited sequence points were saved in D:/BuildAgent/work/GDX-Documentation/Staging/CodeCoverage/GDX_Development-opencov/EditMode/TestCoverageResults_0431.xml
[Code Coverage] Code Coverage requires Burst Compilation to be disabled in order to obtain accurate coverage information. To disable Burst Compilation uncheck Jobs > Burst > Enable Compilation or pass '--burst-disable-compilation' to the command line in batchmode.
]]></output>
            </test-case>
            <test-case id="1352" name="SemanticVersion_UnityVersion_ThreePartsParse" fullname="GDX.Developer.SemanticVersionTests.SemanticVersion_UnityVersion_ThreePartsParse" methodname="SemanticVersion_UnityVersion_ThreePartsParse" classname="GDX.Developer.SemanticVersionTests" runstate="Runnable" seed="579612518" result="Passed" start-time="2023-07-03 01:10:26Z" end-time="2023-07-03 01:10:26Z" duration="0.000307" asserts="0">
              <properties>
                <property name="Category" value="GDX.Tests" />
              </properties>
              <output><![CDATA[[Code Coverage] Code Coverage results for visited sequence points were saved in D:/BuildAgent/work/GDX-Documentation/Staging/CodeCoverage/GDX_Development-opencov/EditMode/TestCoverageResults_0432.xml
[Code Coverage] Code Coverage requires Burst Compilation to be disabled in order to obtain accurate coverage information. To disable Burst Compilation uncheck Jobs > Burst > Enable Compilation or pass '--burst-disable-compilation' to the command line in batchmode.
]]></output>
            </test-case>
          </test-suite>
          <test-suite type="TestFixture" id="1362" name="TextGeneratorTests" fullname="GDX.Developer.TextGeneratorTests" classname="GDX.Developer.TextGeneratorTests" runstate="Runnable" testcasecount="2" result="Passed" start-time="2023-07-03 01:10:27Z" end-time="2023-07-03 01:10:28Z" duration="1.309136" total="2" passed="2" failed="0" inconclusive="0" skipped="0" asserts="0">
            <properties />
            <test-case id="1363" name="AppendLineRange_MockData_AddsContent" fullname="GDX.Developer.TextGeneratorTests.AppendLineRange_MockData_AddsContent" methodname="AppendLineRange_MockData_AddsContent" classname="GDX.Developer.TextGeneratorTests" runstate="Runnable" seed="1191474618" result="Passed" start-time="2023-07-03 01:10:27Z" end-time="2023-07-03 01:10:27Z" duration="0.000627" asserts="0">
              <properties>
                <property name="Category" value="GDX.Tests" />
              </properties>
              <output><![CDATA[[Code Coverage] Code Coverage results for visited sequence points were saved in D:/BuildAgent/work/GDX-Documentation/Staging/CodeCoverage/GDX_Development-opencov/EditMode/TestCoverageResults_0433.xml
[Code Coverage] Code Coverage requires Burst Compilation to be disabled in order to obtain accurate coverage information. To disable Burst Compilation uncheck Jobs > Burst > Enable Compilation or pass '--burst-disable-compilation' to the command line in batchmode.
]]></output>
            </test-case>
            <test-case id="1364" name="PopIndent_IndentLevelLessThenZero_DoesNothing" fullname="GDX.Developer.TextGeneratorTests.PopIndent_IndentLevelLessThenZero_DoesNothing" methodname="PopIndent_IndentLevelLessThenZero_DoesNothing" classname="GDX.Developer.TextGeneratorTests" runstate="Runnable" seed="1735653367" result="Passed" start-time="2023-07-03 01:10:27Z" end-time="2023-07-03 01:10:27Z" duration="0.000333" asserts="0">
              <properties>
                <property name="Category" value="GDX.Tests" />
              </properties>
              <output><![CDATA[[Code Coverage] Code Coverage results for visited sequence points were saved in D:/BuildAgent/work/GDX-Documentation/Staging/CodeCoverage/GDX_Development-opencov/EditMode/TestCoverageResults_0434.xml
[Code Coverage] Code Coverage requires Burst Compilation to be disabled in order to obtain accurate coverage information. To disable Burst Compilation uncheck Jobs > Burst > Enable Compilation or pass '--burst-disable-compilation' to the command line in batchmode.
]]></output>
            </test-case>
          </test-suite>
          <test-suite type="TestFixture" id="1365" name="TransientReferenceTests" fullname="GDX.Developer.TransientReferenceTests" classname="GDX.Developer.TransientReferenceTests" runstate="Runnable" testcasecount="6" result="Passed" start-time="2023-07-03 01:10:28Z" end-time="2023-07-03 01:10:32Z" duration="3.966674" total="6" passed="6" failed="0" inconclusive="0" skipped="0" asserts="0">
            <properties />
            <test-case id="1369" name="CompareTo_BadTransientReference_ReturnsZero" fullname="GDX.Developer.TransientReferenceTests.CompareTo_BadTransientReference_ReturnsZero" methodname="CompareTo_BadTransientReference_ReturnsZero" classname="GDX.Developer.TransientReferenceTests" runstate="Runnable" seed="1209048374" result="Passed" start-time="2023-07-03 01:10:28Z" end-time="2023-07-03 01:10:28Z" duration="0.000617" asserts="0">
              <properties>
                <property name="Category" value="GDX.Tests" />
              </properties>
              <output><![CDATA[[Code Coverage] Code Coverage results for visited sequence points were saved in D:/BuildAgent/work/GDX-Documentation/Staging/CodeCoverage/GDX_Development-opencov/EditMode/TestCoverageResults_0435.xml
[Code Coverage] Code Coverage requires Burst Compilation to be disabled in order to obtain accurate coverage information. To disable Burst Compilation uncheck Jobs > Burst > Enable Compilation or pass '--burst-disable-compilation' to the command line in batchmode.
]]></output>
            </test-case>
            <test-case id="1368" name="CompareTo_DuplicateTransientReference_ReturnsOne" fullname="GDX.Developer.TransientReferenceTests.CompareTo_DuplicateTransientReference_ReturnsOne" methodname="CompareTo_DuplicateTransientReference_ReturnsOne" classname="GDX.Developer.TransientReferenceTests" runstate="Runnable" seed="1185469620" result="Passed" start-time="2023-07-03 01:10:29Z" end-time="2023-07-03 01:10:29Z" duration="0.000321" asserts="0">
              <properties>
                <property name="Category" value="GDX.Tests" />
              </properties>
              <output><![CDATA[[Code Coverage] Code Coverage results for visited sequence points were saved in D:/BuildAgent/work/GDX-Documentation/Staging/CodeCoverage/GDX_Development-opencov/EditMode/TestCoverageResults_0436.xml
[Code Coverage] Code Coverage requires Burst Compilation to be disabled in order to obtain accurate coverage information. To disable Burst Compilation uncheck Jobs > Burst > Enable Compilation or pass '--burst-disable-compilation' to the command line in batchmode.
]]></output>
            </test-case>
            <test-case id="1370" name="CompareTo_OriginalObject_ReturnsOne" fullname="GDX.Developer.TransientReferenceTests.CompareTo_OriginalObject_ReturnsOne" methodname="CompareTo_OriginalObject_ReturnsOne" classname="GDX.Developer.TransientReferenceTests" runstate="Runnable" seed="1926418689" result="Passed" start-time="2023-07-03 01:10:29Z" end-time="2023-07-03 01:10:29Z" duration="0.000394" asserts="0">
              <properties>
                <property name="Category" value="GDX.Tests" />
              </properties>
              <output><![CDATA[[Code Coverage] Code Coverage results for visited sequence points were saved in D:/BuildAgent/work/GDX-Documentation/Staging/CodeCoverage/GDX_Development-opencov/EditMode/TestCoverageResults_0437.xml
[Code Coverage] Code Coverage requires Burst Compilation to be disabled in order to obtain accurate coverage information. To disable Burst Compilation uncheck Jobs > Burst > Enable Compilation or pass '--burst-disable-compilation' to the command line in batchmode.
]]></output>
            </test-case>
            <test-case id="1371" name="CompareTo_WeakReference_ReturnsOne" fullname="GDX.Developer.TransientReferenceTests.CompareTo_WeakReference_ReturnsOne" methodname="CompareTo_WeakReference_ReturnsOne" classname="GDX.Developer.TransientReferenceTests" runstate="Runnable" seed="354735224" result="Passed" start-time="2023-07-03 01:10:30Z" end-time="2023-07-03 01:10:30Z" duration="0.000409" asserts="0">
              <properties>
                <property name="Category" value="GDX.Tests" />
              </properties>
              <output><![CDATA[[Code Coverage] Code Coverage results for visited sequence points were saved in D:/BuildAgent/work/GDX-Documentation/Staging/CodeCoverage/GDX_Development-opencov/EditMode/TestCoverageResults_0438.xml
[Code Coverage] Code Coverage requires Burst Compilation to be disabled in order to obtain accurate coverage information. To disable Burst Compilation uncheck Jobs > Burst > Enable Compilation or pass '--burst-disable-compilation' to the command line in batchmode.
]]></output>
            </test-case>
            <test-case id="1366" name="TransientReference_ObjectBased_CreatedReference" fullname="GDX.Developer.TransientReferenceTests.TransientReference_ObjectBased_CreatedReference" methodname="TransientReference_ObjectBased_CreatedReference" classname="GDX.Developer.TransientReferenceTests" runstate="Runnable" seed="809010214" result="Passed" start-time="2023-07-03 01:10:31Z" end-time="2023-07-03 01:10:31Z" duration="0.000323" asserts="0">
              <properties>
                <property name="Category" value="GDX.Tests" />
              </properties>
              <output><![CDATA[[Code Coverage] Code Coverage results for visited sequence points were saved in D:/BuildAgent/work/GDX-Documentation/Staging/CodeCoverage/GDX_Development-opencov/EditMode/TestCoverageResults_0439.xml
[Code Coverage] Code Coverage requires Burst Compilation to be disabled in order to obtain accurate coverage information. To disable Burst Compilation uncheck Jobs > Burst > Enable Compilation or pass '--burst-disable-compilation' to the command line in batchmode.
]]></output>
            </test-case>
            <test-case id="1367" name="TransientReference_ObjectBasedResurrection_CreatedReference" fullname="GDX.Developer.TransientReferenceTests.TransientReference_ObjectBasedResurrection_CreatedReference" methodname="TransientReference_ObjectBasedResurrection_CreatedReference" classname="GDX.Developer.TransientReferenceTests" runstate="Runnable" seed="183540524" result="Passed" start-time="2023-07-03 01:10:31Z" end-time="2023-07-03 01:10:31Z" duration="0.000319" asserts="0">
              <properties>
                <property name="Category" value="GDX.Tests" />
              </properties>
              <output><![CDATA[[Code Coverage] Code Coverage results for visited sequence points were saved in D:/BuildAgent/work/GDX-Documentation/Staging/CodeCoverage/GDX_Development-opencov/EditMode/TestCoverageResults_0440.xml
[Code Coverage] Code Coverage requires Burst Compilation to be disabled in order to obtain accurate coverage information. To disable Burst Compilation uncheck Jobs > Burst > Enable Compilation or pass '--burst-disable-compilation' to the command line in batchmode.
]]></output>
            </test-case>
          </test-suite>
        </test-suite>
        <test-suite type="TestSuite" id="1775" name="Experimental" fullname="GDX.Experimental" runstate="Runnable" testcasecount="7" result="Passed" start-time="2023-07-03 01:10:32Z" end-time="2023-07-03 01:10:35Z" duration="2.668972" total="4" passed="4" failed="0" inconclusive="0" skipped="0" asserts="0">
          <properties />
          <test-suite type="TestFixture" id="1331" name="DebugDrawTests" fullname="GDX.Experimental.DebugDrawTests" classname="GDX.Experimental.DebugDrawTests" runstate="Runnable" testcasecount="4" result="Passed" start-time="2023-07-03 01:10:32Z" end-time="2023-07-03 01:10:35Z" duration="2.666104" total="4" passed="4" failed="0" inconclusive="0" skipped="0" asserts="0">
            <properties />
            <test-case id="1333" name="GetUnmanagedBuffer_ByID_ReturnsInstance" fullname="GDX.Experimental.DebugDrawTests.GetUnmanagedBuffer_ByID_ReturnsInstance" methodname="GetUnmanagedBuffer_ByID_ReturnsInstance" classname="GDX.Experimental.DebugDrawTests" runstate="Runnable" seed="1220678259" result="Passed" start-time="2023-07-03 01:10:32Z" end-time="2023-07-03 01:10:32Z" duration="0.010984" asserts="0">
              <properties>
                <property name="Category" value="GDX.Tests" />
              </properties>
              <output><![CDATA[[Code Coverage] Code Coverage results for visited sequence points were saved in D:/BuildAgent/work/GDX-Documentation/Staging/CodeCoverage/GDX_Development-opencov/EditMode/TestCoverageResults_0441.xml
[Code Coverage] Code Coverage requires Burst Compilation to be disabled in order to obtain accurate coverage information. To disable Burst Compilation uncheck Jobs > Burst > Enable Compilation or pass '--burst-disable-compilation' to the command line in batchmode.
]]></output>
            </test-case>
            <test-case id="1332" name="GetUnmanagedBuffer_New_ReturnsInstance" fullname="GDX.Experimental.DebugDrawTests.GetUnmanagedBuffer_New_ReturnsInstance" methodname="GetUnmanagedBuffer_New_ReturnsInstance" classname="GDX.Experimental.DebugDrawTests" runstate="Runnable" seed="211688140" result="Passed" start-time="2023-07-03 01:10:33Z" end-time="2023-07-03 01:10:33Z" duration="0.000310" asserts="0">
              <properties>
                <property name="Category" value="GDX.Tests" />
              </properties>
              <output><![CDATA[[Code Coverage] Code Coverage results for visited sequence points were saved in D:/BuildAgent/work/GDX-Documentation/Staging/CodeCoverage/GDX_Development-opencov/EditMode/TestCoverageResults_0442.xml
[Code Coverage] Code Coverage requires Burst Compilation to be disabled in order to obtain accurate coverage information. To disable Burst Compilation uncheck Jobs > Burst > Enable Compilation or pass '--burst-disable-compilation' to the command line in batchmode.
]]></output>
            </test-case>
            <test-case id="1334" name="HasUnmanagedBuffer_ByID_Valid" fullname="GDX.Experimental.DebugDrawTests.HasUnmanagedBuffer_ByID_Valid" methodname="HasUnmanagedBuffer_ByID_Valid" classname="GDX.Experimental.DebugDrawTests" runstate="Runnable" seed="2029692226" result="Passed" start-time="2023-07-03 01:10:33Z" end-time="2023-07-03 01:10:33Z" duration="0.000358" asserts="0">
              <properties>
                <property name="Category" value="GDX.Tests" />
              </properties>
              <output><![CDATA[[Code Coverage] Code Coverage results for visited sequence points were saved in D:/BuildAgent/work/GDX-Documentation/Staging/CodeCoverage/GDX_Development-opencov/EditMode/TestCoverageResults_0443.xml
[Code Coverage] Code Coverage requires Burst Compilation to be disabled in order to obtain accurate coverage information. To disable Burst Compilation uncheck Jobs > Burst > Enable Compilation or pass '--burst-disable-compilation' to the command line in batchmode.
]]></output>
            </test-case>
            <test-case id="1335" name="RemoveUnmanagedBuffer_ByID_RemovesInstance" fullname="GDX.Experimental.DebugDrawTests.RemoveUnmanagedBuffer_ByID_RemovesInstance" methodname="RemoveUnmanagedBuffer_ByID_RemovesInstance" classname="GDX.Experimental.DebugDrawTests" runstate="Runnable" seed="481387923" result="Passed" start-time="2023-07-03 01:10:34Z" end-time="2023-07-03 01:10:34Z" duration="0.000343" asserts="0">
              <properties>
                <property name="Category" value="GDX.Tests" />
              </properties>
              <output><![CDATA[[Code Coverage] Code Coverage results for visited sequence points were saved in D:/BuildAgent/work/GDX-Documentation/Staging/CodeCoverage/GDX_Development-opencov/EditMode/TestCoverageResults_0444.xml
[Code Coverage] Code Coverage requires Burst Compilation to be disabled in order to obtain accurate coverage information. To disable Burst Compilation uncheck Jobs > Burst > Enable Compilation or pass '--burst-disable-compilation' to the command line in batchmode.
]]></output>
            </test-case>
          </test-suite>
        </test-suite>
        <test-suite type="TestFixture" id="1061" name="GameObjectExtensionsTests" fullname="GDX.GameObjectExtensionsTests" classname="GDX.GameObjectExtensionsTests" runstate="Runnable" testcasecount="2" result="Passed" start-time="2023-07-03 01:10:35Z" end-time="2023-07-03 01:10:36Z" duration="1.310484" total="2" passed="2" failed="0" inconclusive="0" skipped="0" asserts="0">
          <properties />
          <test-case id="1062" name="GetFirstComponentInChildrenComplex_" fullname="GDX.GameObjectExtensionsTests.GetFirstComponentInChildrenComplex_" methodname="GetFirstComponentInChildrenComplex_" classname="GDX.GameObjectExtensionsTests" runstate="Runnable" seed="1156467411" result="Passed" start-time="2023-07-03 01:10:35Z" end-time="2023-07-03 01:10:35Z" duration="0.000217" asserts="0">
            <properties>
              <property name="Category" value="GDX.Tests" />
            </properties>
            <output><![CDATA[[Code Coverage] Code Coverage results for visited sequence points were saved in D:/BuildAgent/work/GDX-Documentation/Staging/CodeCoverage/GDX_Development-opencov/EditMode/TestCoverageResults_0445.xml
[Code Coverage] Code Coverage requires Burst Compilation to be disabled in order to obtain accurate coverage information. To disable Burst Compilation uncheck Jobs > Burst > Enable Compilation or pass '--burst-disable-compilation' to the command line in batchmode.
]]></output>
          </test-case>
          <test-case id="1063" name="GetOrAddComponent_" fullname="GDX.GameObjectExtensionsTests.GetOrAddComponent_" methodname="GetOrAddComponent_" classname="GDX.GameObjectExtensionsTests" runstate="Runnable" seed="560519146" result="Passed" start-time="2023-07-03 01:10:35Z" end-time="2023-07-03 01:10:35Z" duration="0.000255" asserts="0">
            <properties>
              <property name="Category" value="GDX.Tests" />
            </properties>
            <output><![CDATA[[Code Coverage] Code Coverage results for visited sequence points were saved in D:/BuildAgent/work/GDX-Documentation/Staging/CodeCoverage/GDX_Development-opencov/EditMode/TestCoverageResults_0446.xml
[Code Coverage] Code Coverage requires Burst Compilation to be disabled in order to obtain accurate coverage information. To disable Burst Compilation uncheck Jobs > Burst > Enable Compilation or pass '--burst-disable-compilation' to the command line in batchmode.
]]></output>
          </test-case>
        </test-suite>
        <test-suite type="TestSuite" id="1774" name="IO" fullname="GDX.IO" runstate="Runnable" testcasecount="4" result="Passed" start-time="2023-07-03 01:10:36Z" end-time="2023-07-03 01:10:38Z" duration="2.660306" total="4" passed="4" failed="0" inconclusive="0" skipped="0" asserts="0">
          <properties />
          <test-suite type="TestFixture" id="1326" name="CoalesceStreamTests" fullname="GDX.IO.CoalesceStreamTests" classname="GDX.IO.CoalesceStreamTests" runstate="Runnable" testcasecount="4" result="Passed" start-time="2023-07-03 01:10:36Z" end-time="2023-07-03 01:10:38Z" duration="2.657429" total="4" passed="4" failed="0" inconclusive="0" skipped="0" asserts="0">
            <properties />
            <test-case id="1328" name="Constructor_Bytes" fullname="GDX.IO.CoalesceStreamTests.Constructor_Bytes" methodname="Constructor_Bytes" classname="GDX.IO.CoalesceStreamTests" runstate="Runnable" seed="1945022100" result="Passed" start-time="2023-07-03 01:10:36Z" end-time="2023-07-03 01:10:36Z" duration="0.001883" asserts="0">
              <properties>
                <property name="Category" value="GDX.Tests" />
              </properties>
              <output><![CDATA[[Code Coverage] Code Coverage results for visited sequence points were saved in D:/BuildAgent/work/GDX-Documentation/Staging/CodeCoverage/GDX_Development-opencov/EditMode/TestCoverageResults_0447.xml
[Code Coverage] Code Coverage requires Burst Compilation to be disabled in order to obtain accurate coverage information. To disable Burst Compilation uncheck Jobs > Burst > Enable Compilation or pass '--burst-disable-compilation' to the command line in batchmode.
]]></output>
            </test-case>
            <test-case id="1327" name="Constructor_Empty" fullname="GDX.IO.CoalesceStreamTests.Constructor_Empty" methodname="Constructor_Empty" classname="GDX.IO.CoalesceStreamTests" runstate="Runnable" seed="209227714" result="Passed" start-time="2023-07-03 01:10:36Z" end-time="2023-07-03 01:10:36Z" duration="0.000561" asserts="0">
              <properties>
                <property name="Category" value="GDX.Tests" />
              </properties>
              <output><![CDATA[[Code Coverage] Code Coverage results for visited sequence points were saved in D:/BuildAgent/work/GDX-Documentation/Staging/CodeCoverage/GDX_Development-opencov/EditMode/TestCoverageResults_0448.xml
[Code Coverage] Code Coverage requires Burst Compilation to be disabled in order to obtain accurate coverage information. To disable Burst Compilation uncheck Jobs > Burst > Enable Compilation or pass '--burst-disable-compilation' to the command line in batchmode.
]]></output>
            </test-case>
            <test-case id="1330" name="ReadByte_Empty_NegativeOne" fullname="GDX.IO.CoalesceStreamTests.ReadByte_Empty_NegativeOne" methodname="ReadByte_Empty_NegativeOne" classname="GDX.IO.CoalesceStreamTests" runstate="Runnable" seed="379622400" result="Passed" start-time="2023-07-03 01:10:37Z" end-time="2023-07-03 01:10:37Z" duration="0.000512" asserts="0">
              <properties>
                <property name="Category" value="GDX.Tests" />
              </properties>
              <output><![CDATA[[Code Coverage] Code Coverage results for visited sequence points were saved in D:/BuildAgent/work/GDX-Documentation/Staging/CodeCoverage/GDX_Development-opencov/EditMode/TestCoverageResults_0449.xml
[Code Coverage] Code Coverage requires Burst Compilation to be disabled in order to obtain accurate coverage information. To disable Burst Compilation uncheck Jobs > Burst > Enable Compilation or pass '--burst-disable-compilation' to the command line in batchmode.
]]></output>
            </test-case>
            <test-case id="1329" name="ReadByte_MockData_Valid" fullname="GDX.IO.CoalesceStreamTests.ReadByte_MockData_Valid" methodname="ReadByte_MockData_Valid" classname="GDX.IO.CoalesceStreamTests" runstate="Runnable" seed="1474271114" result="Passed" start-time="2023-07-03 01:10:38Z" end-time="2023-07-03 01:10:38Z" duration="0.000455" asserts="0">
              <properties>
                <property name="Category" value="GDX.Tests" />
              </properties>
              <output><![CDATA[[Code Coverage] Code Coverage results for visited sequence points were saved in D:/BuildAgent/work/GDX-Documentation/Staging/CodeCoverage/GDX_Development-opencov/EditMode/TestCoverageResults_0450.xml
[Code Coverage] Code Coverage requires Burst Compilation to be disabled in order to obtain accurate coverage information. To disable Burst Compilation uncheck Jobs > Burst > Enable Compilation or pass '--burst-disable-compilation' to the command line in batchmode.
]]></output>
            </test-case>
          </test-suite>
        </test-suite>
        <test-suite type="TestSuite" id="1772" name="Jobs" fullname="GDX.Jobs" runstate="Runnable" testcasecount="2" result="Passed" start-time="2023-07-03 01:10:38Z" end-time="2023-07-03 01:10:40Z" duration="1.318794" total="2" passed="2" failed="0" inconclusive="0" skipped="0" asserts="0">
          <properties />
          <test-suite type="TestSuite" id="1773" name="ParallelFor" fullname="GDX.Jobs.ParallelFor" runstate="Runnable" testcasecount="2" result="Passed" start-time="2023-07-03 01:10:38Z" end-time="2023-07-03 01:10:40Z" duration="1.316086" total="2" passed="2" failed="0" inconclusive="0" skipped="0" asserts="0">
            <properties />
            <test-suite type="TestFixture" id="1323" name="Color32CompareJobTests" fullname="GDX.Jobs.ParallelFor.Color32CompareJobTests" classname="GDX.Jobs.ParallelFor.Color32CompareJobTests" runstate="Runnable" testcasecount="2" result="Passed" start-time="2023-07-03 01:10:38Z" end-time="2023-07-03 01:10:40Z" duration="1.312100" total="2" passed="2" failed="0" inconclusive="0" skipped="0" asserts="0">
              <properties />
              <test-case id="1325" name="Compare_WhiteBlack_Different" fullname="GDX.Jobs.ParallelFor.Color32CompareJobTests.Compare_WhiteBlack_Different" methodname="Compare_WhiteBlack_Different" classname="GDX.Jobs.ParallelFor.Color32CompareJobTests" runstate="Runnable" seed="731810908" result="Passed" start-time="2023-07-03 01:10:38Z" end-time="2023-07-03 01:10:39Z" duration="0.004370" asserts="0">
                <properties>
                  <property name="Category" value="GDX.Tests" />
                </properties>
                <output><![CDATA[[Code Coverage] Code Coverage results for visited sequence points were saved in D:/BuildAgent/work/GDX-Documentation/Staging/CodeCoverage/GDX_Development-opencov/EditMode/TestCoverageResults_0451.xml
[Code Coverage] Code Coverage requires Burst Compilation to be disabled in order to obtain accurate coverage information. To disable Burst Compilation uncheck Jobs > Burst > Enable Compilation or pass '--burst-disable-compilation' to the command line in batchmode.
]]></output>
              </test-case>
              <test-case id="1324" name="Compare_WhiteTexture_Same" fullname="GDX.Jobs.ParallelFor.Color32CompareJobTests.Compare_WhiteTexture_Same" methodname="Compare_WhiteTexture_Same" classname="GDX.Jobs.ParallelFor.Color32CompareJobTests" runstate="Runnable" seed="801786821" result="Passed" start-time="2023-07-03 01:10:39Z" end-time="2023-07-03 01:10:39Z" duration="0.000594" asserts="0">
                <properties>
                  <property name="Category" value="GDX.Tests" />
                </properties>
                <output><![CDATA[[Code Coverage] Code Coverage results for visited sequence points were saved in D:/BuildAgent/work/GDX-Documentation/Staging/CodeCoverage/GDX_Development-opencov/EditMode/TestCoverageResults_0452.xml
[Code Coverage] Code Coverage requires Burst Compilation to be disabled in order to obtain accurate coverage information. To disable Burst Compilation uncheck Jobs > Burst > Enable Compilation or pass '--burst-disable-compilation' to the command line in batchmode.
]]></output>
              </test-case>
            </test-suite>
          </test-suite>
        </test-suite>
        <test-suite type="TestFixture" id="1064" name="LocalizationTests" fullname="GDX.LocalizationTests" classname="GDX.LocalizationTests" runstate="Runnable" testcasecount="3" result="Passed" start-time="2023-07-03 01:10:40Z" end-time="2023-07-03 01:10:42Z" duration="1.983536" total="3" passed="3" failed="0" inconclusive="0" skipped="0" asserts="0">
          <properties />
          <test-case id="1065" name="GetHumanReadableFileSize_100_ReturnsValidString" fullname="GDX.LocalizationTests.GetHumanReadableFileSize_100_ReturnsValidString" methodname="GetHumanReadableFileSize_100_ReturnsValidString" classname="GDX.LocalizationTests" runstate="Runnable" seed="556192235" result="Passed" start-time="2023-07-03 01:10:40Z" end-time="2023-07-03 01:10:40Z" duration="0.000350" asserts="0">
            <properties>
              <property name="Category" value="GDX.Tests" />
            </properties>
            <output><![CDATA[[Code Coverage] Code Coverage results for visited sequence points were saved in D:/BuildAgent/work/GDX-Documentation/Staging/CodeCoverage/GDX_Development-opencov/EditMode/TestCoverageResults_0453.xml
[Code Coverage] Code Coverage requires Burst Compilation to be disabled in order to obtain accurate coverage information. To disable Burst Compilation uncheck Jobs > Burst > Enable Compilation or pass '--burst-disable-compilation' to the command line in batchmode.
]]></output>
          </test-case>
          <test-case id="1066" name="GetHumanReadableFileSize_1024_ReturnsValidString" fullname="GDX.LocalizationTests.GetHumanReadableFileSize_1024_ReturnsValidString" methodname="GetHumanReadableFileSize_1024_ReturnsValidString" classname="GDX.LocalizationTests" runstate="Runnable" seed="1914255691" result="Passed" start-time="2023-07-03 01:10:40Z" end-time="2023-07-03 01:10:40Z" duration="0.000452" asserts="0">
            <properties>
              <property name="Category" value="GDX.Tests" />
            </properties>
            <output><![CDATA[[Code Coverage] Code Coverage results for visited sequence points were saved in D:/BuildAgent/work/GDX-Documentation/Staging/CodeCoverage/GDX_Development-opencov/EditMode/TestCoverageResults_0454.xml
[Code Coverage] Code Coverage requires Burst Compilation to be disabled in order to obtain accurate coverage information. To disable Burst Compilation uncheck Jobs > Burst > Enable Compilation or pass '--burst-disable-compilation' to the command line in batchmode.
]]></output>
          </test-case>
          <test-case id="1067" name="GetHumanReadableFileSize_1048576_ReturnsValidString" fullname="GDX.LocalizationTests.GetHumanReadableFileSize_1048576_ReturnsValidString" methodname="GetHumanReadableFileSize_1048576_ReturnsValidString" classname="GDX.LocalizationTests" runstate="Runnable" seed="316368254" result="Passed" start-time="2023-07-03 01:10:41Z" end-time="2023-07-03 01:10:41Z" duration="0.000299" asserts="0">
            <properties>
              <property name="Category" value="GDX.Tests" />
            </properties>
            <output><![CDATA[[Code Coverage] Code Coverage results for visited sequence points were saved in D:/BuildAgent/work/GDX-Documentation/Staging/CodeCoverage/GDX_Development-opencov/EditMode/TestCoverageResults_0455.xml
[Code Coverage] Code Coverage requires Burst Compilation to be disabled in order to obtain accurate coverage information. To disable Burst Compilation uncheck Jobs > Burst > Enable Compilation or pass '--burst-disable-compilation' to the command line in batchmode.
]]></output>
          </test-case>
        </test-suite>
        <test-suite type="TestSuite" id="1770" name="Mathematics" fullname="GDX.Mathematics" runstate="Runnable" testcasecount="91" result="Passed" start-time="2023-07-03 01:10:42Z" end-time="2023-07-03 01:11:44Z" duration="62.296480" total="91" passed="91" failed="0" inconclusive="0" skipped="0" asserts="0">
          <properties />
          <test-suite type="TestFixture" id="1227" name="Byte2Tests" fullname="GDX.Mathematics.Byte2Tests" classname="GDX.Mathematics.Byte2Tests" runstate="Runnable" testcasecount="37" result="Passed" start-time="2023-07-03 01:10:42Z" end-time="2023-07-03 01:11:07Z" duration="25.429210" total="37" passed="37" failed="0" inconclusive="0" skipped="0" asserts="0">
            <properties />
            <test-case id="1244" name="Accessor_Get_InRange" fullname="GDX.Mathematics.Byte2Tests.Accessor_Get_InRange" methodname="Accessor_Get_InRange" classname="GDX.Mathematics.Byte2Tests" runstate="Runnable" seed="561269434" result="Passed" start-time="2023-07-03 01:10:42Z" end-time="2023-07-03 01:10:42Z" duration="0.000386" asserts="0">
              <properties>
                <property name="Category" value="GDX.Tests" />
              </properties>
              <output><![CDATA[[Code Coverage] Code Coverage results for visited sequence points were saved in D:/BuildAgent/work/GDX-Documentation/Staging/CodeCoverage/GDX_Development-opencov/EditMode/TestCoverageResults_0456.xml
[Code Coverage] Code Coverage requires Burst Compilation to be disabled in order to obtain accurate coverage information. To disable Burst Compilation uncheck Jobs > Burst > Enable Compilation or pass '--burst-disable-compilation' to the command line in batchmode.
]]></output>
            </test-case>
            <test-case id="1245" name="Accessor_Get_OutOfRange" fullname="GDX.Mathematics.Byte2Tests.Accessor_Get_OutOfRange" methodname="Accessor_Get_OutOfRange" classname="GDX.Mathematics.Byte2Tests" runstate="Runnable" seed="1421046251" result="Passed" start-time="2023-07-03 01:10:42Z" end-time="2023-07-03 01:10:42Z" duration="0.000454" asserts="0">
              <properties>
                <property name="Category" value="GDX.Tests" />
              </properties>
              <output><![CDATA[[Code Coverage] Code Coverage results for visited sequence points were saved in D:/BuildAgent/work/GDX-Documentation/Staging/CodeCoverage/GDX_Development-opencov/EditMode/TestCoverageResults_0457.xml
[Code Coverage] Code Coverage requires Burst Compilation to be disabled in order to obtain accurate coverage information. To disable Burst Compilation uncheck Jobs > Burst > Enable Compilation or pass '--burst-disable-compilation' to the command line in batchmode.
]]></output>
            </test-case>
            <test-case id="1246" name="Accessor_Set_InRange" fullname="GDX.Mathematics.Byte2Tests.Accessor_Set_InRange" methodname="Accessor_Set_InRange" classname="GDX.Mathematics.Byte2Tests" runstate="Runnable" seed="2132692096" result="Passed" start-time="2023-07-03 01:10:43Z" end-time="2023-07-03 01:10:43Z" duration="0.000395" asserts="0">
              <properties>
                <property name="Category" value="GDX.Tests" />
              </properties>
              <output><![CDATA[[Code Coverage] Code Coverage results for visited sequence points were saved in D:/BuildAgent/work/GDX-Documentation/Staging/CodeCoverage/GDX_Development-opencov/EditMode/TestCoverageResults_0458.xml
[Code Coverage] Code Coverage requires Burst Compilation to be disabled in order to obtain accurate coverage information. To disable Burst Compilation uncheck Jobs > Burst > Enable Compilation or pass '--burst-disable-compilation' to the command line in batchmode.
]]></output>
            </test-case>
            <test-case id="1247" name="Accessor_Set_OutOfRange" fullname="GDX.Mathematics.Byte2Tests.Accessor_Set_OutOfRange" methodname="Accessor_Set_OutOfRange" classname="GDX.Mathematics.Byte2Tests" runstate="Runnable" seed="148622738" result="Passed" start-time="2023-07-03 01:10:44Z" end-time="2023-07-03 01:10:44Z" duration="0.000474" asserts="0">
              <properties>
                <property name="Category" value="GDX.Tests" />
              </properties>
              <output><![CDATA[[Code Coverage] Code Coverage results for visited sequence points were saved in D:/BuildAgent/work/GDX-Documentation/Staging/CodeCoverage/GDX_Development-opencov/EditMode/TestCoverageResults_0459.xml
[Code Coverage] Code Coverage requires Burst Compilation to be disabled in order to obtain accurate coverage information. To disable Burst Compilation uncheck Jobs > Burst > Enable Compilation or pass '--burst-disable-compilation' to the command line in batchmode.
]]></output>
            </test-case>
            <test-case id="1232" name="Constructor_CreateFromBool" fullname="GDX.Mathematics.Byte2Tests.Constructor_CreateFromBool" methodname="Constructor_CreateFromBool" classname="GDX.Mathematics.Byte2Tests" runstate="Runnable" seed="1482660022" result="Passed" start-time="2023-07-03 01:10:44Z" end-time="2023-07-03 01:10:44Z" duration="0.000364" asserts="0">
              <properties>
                <property name="Category" value="GDX.Tests" />
              </properties>
              <output><![CDATA[[Code Coverage] Code Coverage results for visited sequence points were saved in D:/BuildAgent/work/GDX-Documentation/Staging/CodeCoverage/GDX_Development-opencov/EditMode/TestCoverageResults_0460.xml
[Code Coverage] Code Coverage requires Burst Compilation to be disabled in order to obtain accurate coverage information. To disable Burst Compilation uncheck Jobs > Burst > Enable Compilation or pass '--burst-disable-compilation' to the command line in batchmode.
]]></output>
            </test-case>
            <test-case id="1233" name="Constructor_CreateFromBool2" fullname="GDX.Mathematics.Byte2Tests.Constructor_CreateFromBool2" methodname="Constructor_CreateFromBool2" classname="GDX.Mathematics.Byte2Tests" runstate="Runnable" seed="1350886840" result="Passed" start-time="2023-07-03 01:10:45Z" end-time="2023-07-03 01:10:45Z" duration="0.000452" asserts="0">
              <properties>
                <property name="Category" value="GDX.Tests" />
              </properties>
              <output><![CDATA[[Code Coverage] Code Coverage results for visited sequence points were saved in D:/BuildAgent/work/GDX-Documentation/Staging/CodeCoverage/GDX_Development-opencov/EditMode/TestCoverageResults_0461.xml
[Code Coverage] Code Coverage requires Burst Compilation to be disabled in order to obtain accurate coverage information. To disable Burst Compilation uncheck Jobs > Burst > Enable Compilation or pass '--burst-disable-compilation' to the command line in batchmode.
]]></output>
            </test-case>
            <test-case id="1230" name="Constructor_CreateFromByte" fullname="GDX.Mathematics.Byte2Tests.Constructor_CreateFromByte" methodname="Constructor_CreateFromByte" classname="GDX.Mathematics.Byte2Tests" runstate="Runnable" seed="917069779" result="Passed" start-time="2023-07-03 01:10:46Z" end-time="2023-07-03 01:10:46Z" duration="0.000354" asserts="0">
              <properties>
                <property name="Category" value="GDX.Tests" />
              </properties>
              <output><![CDATA[[Code Coverage] Code Coverage results for visited sequence points were saved in D:/BuildAgent/work/GDX-Documentation/Staging/CodeCoverage/GDX_Development-opencov/EditMode/TestCoverageResults_0462.xml
[Code Coverage] Code Coverage requires Burst Compilation to be disabled in order to obtain accurate coverage information. To disable Burst Compilation uncheck Jobs > Burst > Enable Compilation or pass '--burst-disable-compilation' to the command line in batchmode.
]]></output>
            </test-case>
            <test-case id="1231" name="Constructor_CreateFromByte2" fullname="GDX.Mathematics.Byte2Tests.Constructor_CreateFromByte2" methodname="Constructor_CreateFromByte2" classname="GDX.Mathematics.Byte2Tests" runstate="Runnable" seed="173610866" result="Passed" start-time="2023-07-03 01:10:46Z" end-time="2023-07-03 01:10:46Z" duration="0.000367" asserts="0">
              <properties>
                <property name="Category" value="GDX.Tests" />
              </properties>
              <output><![CDATA[[Code Coverage] Code Coverage results for visited sequence points were saved in D:/BuildAgent/work/GDX-Documentation/Staging/CodeCoverage/GDX_Development-opencov/EditMode/TestCoverageResults_0463.xml
[Code Coverage] Code Coverage requires Burst Compilation to be disabled in order to obtain accurate coverage information. To disable Burst Compilation uncheck Jobs > Burst > Enable Compilation or pass '--burst-disable-compilation' to the command line in batchmode.
]]></output>
            </test-case>
            <test-case id="1229" name="Constructor_CreateFromBytes" fullname="GDX.Mathematics.Byte2Tests.Constructor_CreateFromBytes" methodname="Constructor_CreateFromBytes" classname="GDX.Mathematics.Byte2Tests" runstate="Runnable" seed="965331120" result="Passed" start-time="2023-07-03 01:10:47Z" end-time="2023-07-03 01:10:47Z" duration="0.000346" asserts="0">
              <properties>
                <property name="Category" value="GDX.Tests" />
              </properties>
              <output><![CDATA[[Code Coverage] Code Coverage results for visited sequence points were saved in D:/BuildAgent/work/GDX-Documentation/Staging/CodeCoverage/GDX_Development-opencov/EditMode/TestCoverageResults_0464.xml
[Code Coverage] Code Coverage requires Burst Compilation to be disabled in order to obtain accurate coverage information. To disable Burst Compilation uncheck Jobs > Burst > Enable Compilation or pass '--burst-disable-compilation' to the command line in batchmode.
]]></output>
            </test-case>
            <test-case id="1236" name="Constructor_CreateFromDouble" fullname="GDX.Mathematics.Byte2Tests.Constructor_CreateFromDouble" methodname="Constructor_CreateFromDouble" classname="GDX.Mathematics.Byte2Tests" runstate="Runnable" seed="1952749758" result="Passed" start-time="2023-07-03 01:10:48Z" end-time="2023-07-03 01:10:48Z" duration="0.000353" asserts="0">
              <properties>
                <property name="Category" value="GDX.Tests" />
              </properties>
              <output><![CDATA[[Code Coverage] Code Coverage results for visited sequence points were saved in D:/BuildAgent/work/GDX-Documentation/Staging/CodeCoverage/GDX_Development-opencov/EditMode/TestCoverageResults_0465.xml
[Code Coverage] Code Coverage requires Burst Compilation to be disabled in order to obtain accurate coverage information. To disable Burst Compilation uncheck Jobs > Burst > Enable Compilation or pass '--burst-disable-compilation' to the command line in batchmode.
]]></output>
            </test-case>
            <test-case id="1237" name="Constructor_CreateFromDouble2" fullname="GDX.Mathematics.Byte2Tests.Constructor_CreateFromDouble2" methodname="Constructor_CreateFromDouble2" classname="GDX.Mathematics.Byte2Tests" runstate="Runnable" seed="789089710" result="Passed" start-time="2023-07-03 01:10:48Z" end-time="2023-07-03 01:10:48Z" duration="0.000531" asserts="0">
              <properties>
                <property name="Category" value="GDX.Tests" />
              </properties>
              <output><![CDATA[[Code Coverage] Code Coverage results for visited sequence points were saved in D:/BuildAgent/work/GDX-Documentation/Staging/CodeCoverage/GDX_Development-opencov/EditMode/TestCoverageResults_0466.xml
[Code Coverage] Code Coverage requires Burst Compilation to be disabled in order to obtain accurate coverage information. To disable Burst Compilation uncheck Jobs > Burst > Enable Compilation or pass '--burst-disable-compilation' to the command line in batchmode.
]]></output>
            </test-case>
            <test-case id="1234" name="Constructor_CreateFromFloat" fullname="GDX.Mathematics.Byte2Tests.Constructor_CreateFromFloat" methodname="Constructor_CreateFromFloat" classname="GDX.Mathematics.Byte2Tests" runstate="Runnable" seed="1349217115" result="Passed" start-time="2023-07-03 01:10:49Z" end-time="2023-07-03 01:10:49Z" duration="0.000362" asserts="0">
              <properties>
                <property name="Category" value="GDX.Tests" />
              </properties>
              <output><![CDATA[[Code Coverage] Code Coverage results for visited sequence points were saved in D:/BuildAgent/work/GDX-Documentation/Staging/CodeCoverage/GDX_Development-opencov/EditMode/TestCoverageResults_0467.xml
[Code Coverage] Code Coverage requires Burst Compilation to be disabled in order to obtain accurate coverage information. To disable Burst Compilation uncheck Jobs > Burst > Enable Compilation or pass '--burst-disable-compilation' to the command line in batchmode.
]]></output>
            </test-case>
            <test-case id="1235" name="Constructor_CreateFromFloat2" fullname="GDX.Mathematics.Byte2Tests.Constructor_CreateFromFloat2" methodname="Constructor_CreateFromFloat2" classname="GDX.Mathematics.Byte2Tests" runstate="Runnable" seed="1969681469" result="Passed" start-time="2023-07-03 01:10:50Z" end-time="2023-07-03 01:10:50Z" duration="0.000510" asserts="0">
              <properties>
                <property name="Category" value="GDX.Tests" />
              </properties>
              <output><![CDATA[[Code Coverage] Code Coverage results for visited sequence points were saved in D:/BuildAgent/work/GDX-Documentation/Staging/CodeCoverage/GDX_Development-opencov/EditMode/TestCoverageResults_0468.xml
[Code Coverage] Code Coverage requires Burst Compilation to be disabled in order to obtain accurate coverage information. To disable Burst Compilation uncheck Jobs > Burst > Enable Compilation or pass '--burst-disable-compilation' to the command line in batchmode.
]]></output>
            </test-case>
            <test-case id="1228" name="Constructor_CreateFromInteger" fullname="GDX.Mathematics.Byte2Tests.Constructor_CreateFromInteger" methodname="Constructor_CreateFromInteger" classname="GDX.Mathematics.Byte2Tests" runstate="Runnable" seed="1428742347" result="Passed" start-time="2023-07-03 01:10:50Z" end-time="2023-07-03 01:10:50Z" duration="0.000344" asserts="0">
              <properties>
                <property name="Category" value="GDX.Tests" />
              </properties>
              <output><![CDATA[[Code Coverage] Code Coverage results for visited sequence points were saved in D:/BuildAgent/work/GDX-Documentation/Staging/CodeCoverage/GDX_Development-opencov/EditMode/TestCoverageResults_0469.xml
[Code Coverage] Code Coverage requires Burst Compilation to be disabled in order to obtain accurate coverage information. To disable Burst Compilation uncheck Jobs > Burst > Enable Compilation or pass '--burst-disable-compilation' to the command line in batchmode.
]]></output>
            </test-case>
            <test-case id="1248" name="Equals_Compare_Byte2" fullname="GDX.Mathematics.Byte2Tests.Equals_Compare_Byte2" methodname="Equals_Compare_Byte2" classname="GDX.Mathematics.Byte2Tests" runstate="Runnable" seed="2032208271" result="Passed" start-time="2023-07-03 01:10:51Z" end-time="2023-07-03 01:10:51Z" duration="0.000362" asserts="0">
              <properties>
                <property name="Category" value="GDX.Tests" />
              </properties>
              <output><![CDATA[[Code Coverage] Code Coverage results for visited sequence points were saved in D:/BuildAgent/work/GDX-Documentation/Staging/CodeCoverage/GDX_Development-opencov/EditMode/TestCoverageResults_0470.xml
[Code Coverage] Code Coverage requires Burst Compilation to be disabled in order to obtain accurate coverage information. To disable Burst Compilation uncheck Jobs > Burst > Enable Compilation or pass '--burst-disable-compilation' to the command line in batchmode.
]]></output>
            </test-case>
            <test-case id="1249" name="Equals_Compare_Object" fullname="GDX.Mathematics.Byte2Tests.Equals_Compare_Object" methodname="Equals_Compare_Object" classname="GDX.Mathematics.Byte2Tests" runstate="Runnable" seed="455204366" result="Passed" start-time="2023-07-03 01:10:53Z" end-time="2023-07-03 01:10:53Z" duration="0.000414" asserts="0">
              <properties>
                <property name="Category" value="GDX.Tests" />
              </properties>
              <output><![CDATA[[Code Coverage] Code Coverage results for visited sequence points were saved in D:/BuildAgent/work/GDX-Documentation/Staging/CodeCoverage/GDX_Development-opencov/EditMode/TestCoverageResults_0471.xml
[Code Coverage] Code Coverage requires Burst Compilation to be disabled in order to obtain accurate coverage information. To disable Burst Compilation uncheck Jobs > Burst > Enable Compilation or pass '--burst-disable-compilation' to the command line in batchmode.
]]></output>
            </test-case>
            <test-case id="1263" name="Operator_Addition_Byte" fullname="GDX.Mathematics.Byte2Tests.Operator_Addition_Byte" methodname="Operator_Addition_Byte" classname="GDX.Mathematics.Byte2Tests" runstate="Runnable" seed="1607202374" result="Passed" start-time="2023-07-03 01:10:53Z" end-time="2023-07-03 01:10:53Z" duration="0.000385" asserts="0">
              <properties>
                <property name="Category" value="GDX.Tests" />
              </properties>
              <output><![CDATA[[Code Coverage] Code Coverage results for visited sequence points were saved in D:/BuildAgent/work/GDX-Documentation/Staging/CodeCoverage/GDX_Development-opencov/EditMode/TestCoverageResults_0472.xml
[Code Coverage] Code Coverage requires Burst Compilation to be disabled in order to obtain accurate coverage information. To disable Burst Compilation uncheck Jobs > Burst > Enable Compilation or pass '--burst-disable-compilation' to the command line in batchmode.
]]></output>
            </test-case>
            <test-case id="1262" name="Operator_Addition_Byte2" fullname="GDX.Mathematics.Byte2Tests.Operator_Addition_Byte2" methodname="Operator_Addition_Byte2" classname="GDX.Mathematics.Byte2Tests" runstate="Runnable" seed="1115600851" result="Passed" start-time="2023-07-03 01:10:54Z" end-time="2023-07-03 01:10:54Z" duration="0.000413" asserts="0">
              <properties>
                <property name="Category" value="GDX.Tests" />
              </properties>
              <output><![CDATA[[Code Coverage] Code Coverage results for visited sequence points were saved in D:/BuildAgent/work/GDX-Documentation/Staging/CodeCoverage/GDX_Development-opencov/EditMode/TestCoverageResults_0473.xml
[Code Coverage] Code Coverage requires Burst Compilation to be disabled in order to obtain accurate coverage information. To disable Burst Compilation uncheck Jobs > Burst > Enable Compilation or pass '--burst-disable-compilation' to the command line in batchmode.
]]></output>
            </test-case>
            <test-case id="1264" name="Operator_Addition_ByteBy" fullname="GDX.Mathematics.Byte2Tests.Operator_Addition_ByteBy" methodname="Operator_Addition_ByteBy" classname="GDX.Mathematics.Byte2Tests" runstate="Runnable" seed="667280289" result="Passed" start-time="2023-07-03 01:10:55Z" end-time="2023-07-03 01:10:55Z" duration="0.000387" asserts="0">
              <properties>
                <property name="Category" value="GDX.Tests" />
              </properties>
              <output><![CDATA[[Code Coverage] Code Coverage results for visited sequence points were saved in D:/BuildAgent/work/GDX-Documentation/Staging/CodeCoverage/GDX_Development-opencov/EditMode/TestCoverageResults_0474.xml
[Code Coverage] Code Coverage requires Burst Compilation to be disabled in order to obtain accurate coverage information. To disable Burst Compilation uncheck Jobs > Burst > Enable Compilation or pass '--burst-disable-compilation' to the command line in batchmode.
]]></output>
            </test-case>
            <test-case id="1253" name="Operator_Explicit_Bool" fullname="GDX.Mathematics.Byte2Tests.Operator_Explicit_Bool" methodname="Operator_Explicit_Bool" classname="GDX.Mathematics.Byte2Tests" runstate="Runnable" seed="1571014816" result="Passed" start-time="2023-07-03 01:10:55Z" end-time="2023-07-03 01:10:55Z" duration="0.000382" asserts="0">
              <properties>
                <property name="Category" value="GDX.Tests" />
              </properties>
              <output><![CDATA[[Code Coverage] Code Coverage results for visited sequence points were saved in D:/BuildAgent/work/GDX-Documentation/Staging/CodeCoverage/GDX_Development-opencov/EditMode/TestCoverageResults_0475.xml
[Code Coverage] Code Coverage requires Burst Compilation to be disabled in order to obtain accurate coverage information. To disable Burst Compilation uncheck Jobs > Burst > Enable Compilation or pass '--burst-disable-compilation' to the command line in batchmode.
]]></output>
            </test-case>
            <test-case id="1256" name="Operator_Explicit_Bool2" fullname="GDX.Mathematics.Byte2Tests.Operator_Explicit_Bool2" methodname="Operator_Explicit_Bool2" classname="GDX.Mathematics.Byte2Tests" runstate="Runnable" seed="1293568094" result="Passed" start-time="2023-07-03 01:10:56Z" end-time="2023-07-03 01:10:56Z" duration="0.000388" asserts="0">
              <properties>
                <property name="Category" value="GDX.Tests" />
              </properties>
              <output><![CDATA[[Code Coverage] Code Coverage results for visited sequence points were saved in D:/BuildAgent/work/GDX-Documentation/Staging/CodeCoverage/GDX_Development-opencov/EditMode/TestCoverageResults_0476.xml
[Code Coverage] Code Coverage requires Burst Compilation to be disabled in order to obtain accurate coverage information. To disable Burst Compilation uncheck Jobs > Burst > Enable Compilation or pass '--burst-disable-compilation' to the command line in batchmode.
]]></output>
            </test-case>
            <test-case id="1255" name="Operator_Explicit_Double" fullname="GDX.Mathematics.Byte2Tests.Operator_Explicit_Double" methodname="Operator_Explicit_Double" classname="GDX.Mathematics.Byte2Tests" runstate="Runnable" seed="1784147954" result="Passed" start-time="2023-07-03 01:10:57Z" end-time="2023-07-03 01:10:57Z" duration="0.000362" asserts="0">
              <properties>
                <property name="Category" value="GDX.Tests" />
              </properties>
              <output><![CDATA[[Code Coverage] Code Coverage results for visited sequence points were saved in D:/BuildAgent/work/GDX-Documentation/Staging/CodeCoverage/GDX_Development-opencov/EditMode/TestCoverageResults_0477.xml
[Code Coverage] Code Coverage requires Burst Compilation to be disabled in order to obtain accurate coverage information. To disable Burst Compilation uncheck Jobs > Burst > Enable Compilation or pass '--burst-disable-compilation' to the command line in batchmode.
]]></output>
            </test-case>
            <test-case id="1258" name="Operator_Explicit_Double2" fullname="GDX.Mathematics.Byte2Tests.Operator_Explicit_Double2" methodname="Operator_Explicit_Double2" classname="GDX.Mathematics.Byte2Tests" runstate="Runnable" seed="694062037" result="Passed" start-time="2023-07-03 01:10:57Z" end-time="2023-07-03 01:10:57Z" duration="0.000404" asserts="0">
              <properties>
                <property name="Category" value="GDX.Tests" />
              </properties>
              <output><![CDATA[[Code Coverage] Code Coverage results for visited sequence points were saved in D:/BuildAgent/work/GDX-Documentation/Staging/CodeCoverage/GDX_Development-opencov/EditMode/TestCoverageResults_0478.xml
[Code Coverage] Code Coverage requires Burst Compilation to be disabled in order to obtain accurate coverage information. To disable Burst Compilation uncheck Jobs > Burst > Enable Compilation or pass '--burst-disable-compilation' to the command line in batchmode.
]]></output>
            </test-case>
            <test-case id="1254" name="Operator_Explicit_Float" fullname="GDX.Mathematics.Byte2Tests.Operator_Explicit_Float" methodname="Operator_Explicit_Float" classname="GDX.Mathematics.Byte2Tests" runstate="Runnable" seed="1919971374" result="Passed" start-time="2023-07-03 01:10:58Z" end-time="2023-07-03 01:10:58Z" duration="0.000364" asserts="0">
              <properties>
                <property name="Category" value="GDX.Tests" />
              </properties>
              <output><![CDATA[[Code Coverage] Code Coverage results for visited sequence points were saved in D:/BuildAgent/work/GDX-Documentation/Staging/CodeCoverage/GDX_Development-opencov/EditMode/TestCoverageResults_0479.xml
[Code Coverage] Code Coverage requires Burst Compilation to be disabled in order to obtain accurate coverage information. To disable Burst Compilation uncheck Jobs > Burst > Enable Compilation or pass '--burst-disable-compilation' to the command line in batchmode.
]]></output>
            </test-case>
            <test-case id="1257" name="Operator_Explicit_Float2" fullname="GDX.Mathematics.Byte2Tests.Operator_Explicit_Float2" methodname="Operator_Explicit_Float2" classname="GDX.Mathematics.Byte2Tests" runstate="Runnable" seed="1117635430" result="Passed" start-time="2023-07-03 01:10:59Z" end-time="2023-07-03 01:10:59Z" duration="0.000386" asserts="0">
              <properties>
                <property name="Category" value="GDX.Tests" />
              </properties>
              <output><![CDATA[[Code Coverage] Code Coverage results for visited sequence points were saved in D:/BuildAgent/work/GDX-Documentation/Staging/CodeCoverage/GDX_Development-opencov/EditMode/TestCoverageResults_0480.xml
[Code Coverage] Code Coverage requires Burst Compilation to be disabled in order to obtain accurate coverage information. To disable Burst Compilation uncheck Jobs > Burst > Enable Compilation or pass '--burst-disable-compilation' to the command line in batchmode.
]]></output>
            </test-case>
            <test-case id="1252" name="Operator_Implicit_Byte" fullname="GDX.Mathematics.Byte2Tests.Operator_Implicit_Byte" methodname="Operator_Implicit_Byte" classname="GDX.Mathematics.Byte2Tests" runstate="Runnable" seed="1062060282" result="Passed" start-time="2023-07-03 01:10:59Z" end-time="2023-07-03 01:10:59Z" duration="0.001192" asserts="0">
              <properties>
                <property name="Category" value="GDX.Tests" />
              </properties>
              <output><![CDATA[[Code Coverage] Code Coverage results for visited sequence points were saved in D:/BuildAgent/work/GDX-Documentation/Staging/CodeCoverage/GDX_Development-opencov/EditMode/TestCoverageResults_0481.xml
[Code Coverage] Code Coverage requires Burst Compilation to be disabled in order to obtain accurate coverage information. To disable Burst Compilation uncheck Jobs > Burst > Enable Compilation or pass '--burst-disable-compilation' to the command line in batchmode.
]]></output>
            </test-case>
            <test-case id="1259" name="Operator_Multiply_Byte" fullname="GDX.Mathematics.Byte2Tests.Operator_Multiply_Byte" methodname="Operator_Multiply_Byte" classname="GDX.Mathematics.Byte2Tests" runstate="Runnable" seed="1010409517" result="Passed" start-time="2023-07-03 01:11:00Z" end-time="2023-07-03 01:11:00Z" duration="0.000495" asserts="0">
              <properties>
                <property name="Category" value="GDX.Tests" />
              </properties>
              <output><![CDATA[[Code Coverage] Code Coverage results for visited sequence points were saved in D:/BuildAgent/work/GDX-Documentation/Staging/CodeCoverage/GDX_Development-opencov/EditMode/TestCoverageResults_0482.xml
[Code Coverage] Code Coverage requires Burst Compilation to be disabled in order to obtain accurate coverage information. To disable Burst Compilation uncheck Jobs > Burst > Enable Compilation or pass '--burst-disable-compilation' to the command line in batchmode.
]]></output>
            </test-case>
            <test-case id="1260" name="Operator_Multiply_Byte2" fullname="GDX.Mathematics.Byte2Tests.Operator_Multiply_Byte2" methodname="Operator_Multiply_Byte2" classname="GDX.Mathematics.Byte2Tests" runstate="Runnable" seed="618170581" result="Passed" start-time="2023-07-03 01:11:01Z" end-time="2023-07-03 01:11:01Z" duration="0.000412" asserts="0">
              <properties>
                <property name="Category" value="GDX.Tests" />
              </properties>
              <output><![CDATA[[Code Coverage] Code Coverage results for visited sequence points were saved in D:/BuildAgent/work/GDX-Documentation/Staging/CodeCoverage/GDX_Development-opencov/EditMode/TestCoverageResults_0483.xml
[Code Coverage] Code Coverage requires Burst Compilation to be disabled in order to obtain accurate coverage information. To disable Burst Compilation uncheck Jobs > Burst > Enable Compilation or pass '--burst-disable-compilation' to the command line in batchmode.
]]></output>
            </test-case>
            <test-case id="1261" name="Operator_Multiply_ByteBy" fullname="GDX.Mathematics.Byte2Tests.Operator_Multiply_ByteBy" methodname="Operator_Multiply_ByteBy" classname="GDX.Mathematics.Byte2Tests" runstate="Runnable" seed="383317240" result="Passed" start-time="2023-07-03 01:11:01Z" end-time="2023-07-03 01:11:01Z" duration="0.000400" asserts="0">
              <properties>
                <property name="Category" value="GDX.Tests" />
              </properties>
              <output><![CDATA[[Code Coverage] Code Coverage results for visited sequence points were saved in D:/BuildAgent/work/GDX-Documentation/Staging/CodeCoverage/GDX_Development-opencov/EditMode/TestCoverageResults_0484.xml
[Code Coverage] Code Coverage requires Burst Compilation to be disabled in order to obtain accurate coverage information. To disable Burst Compilation uncheck Jobs > Burst > Enable Compilation or pass '--burst-disable-compilation' to the command line in batchmode.
]]></output>
            </test-case>
            <test-case id="1251" name="ToString_Format_ByteIntegerValues" fullname="GDX.Mathematics.Byte2Tests.ToString_Format_ByteIntegerValues" methodname="ToString_Format_ByteIntegerValues" classname="GDX.Mathematics.Byte2Tests" runstate="Runnable" seed="1733460774" result="Passed" start-time="2023-07-03 01:11:02Z" end-time="2023-07-03 01:11:02Z" duration="0.000623" asserts="0">
              <properties>
                <property name="Category" value="GDX.Tests" />
              </properties>
              <output><![CDATA[[Code Coverage] Code Coverage results for visited sequence points were saved in D:/BuildAgent/work/GDX-Documentation/Staging/CodeCoverage/GDX_Development-opencov/EditMode/TestCoverageResults_0485.xml
[Code Coverage] Code Coverage requires Burst Compilation to be disabled in order to obtain accurate coverage information. To disable Burst Compilation uncheck Jobs > Burst > Enable Compilation or pass '--burst-disable-compilation' to the command line in batchmode.
]]></output>
            </test-case>
            <test-case id="1250" name="ToString_Output_ByteIntegerValues" fullname="GDX.Mathematics.Byte2Tests.ToString_Output_ByteIntegerValues" methodname="ToString_Output_ByteIntegerValues" classname="GDX.Mathematics.Byte2Tests" runstate="Runnable" seed="23898982" result="Passed" start-time="2023-07-03 01:11:03Z" end-time="2023-07-03 01:11:03Z" duration="0.000501" asserts="0">
              <properties>
                <property name="Category" value="GDX.Tests" />
              </properties>
              <output><![CDATA[[Code Coverage] Code Coverage results for visited sequence points were saved in D:/BuildAgent/work/GDX-Documentation/Staging/CodeCoverage/GDX_Development-opencov/EditMode/TestCoverageResults_0486.xml
[Code Coverage] Code Coverage requires Burst Compilation to be disabled in order to obtain accurate coverage information. To disable Burst Compilation uncheck Jobs > Burst > Enable Compilation or pass '--burst-disable-compilation' to the command line in batchmode.
]]></output>
            </test-case>
            <test-case id="1238" name="XX_CreateNew" fullname="GDX.Mathematics.Byte2Tests.XX_CreateNew" methodname="XX_CreateNew" classname="GDX.Mathematics.Byte2Tests" runstate="Runnable" seed="1487584659" result="Passed" start-time="2023-07-03 01:11:03Z" end-time="2023-07-03 01:11:03Z" duration="0.000417" asserts="0">
              <properties>
                <property name="Category" value="GDX.Tests" />
              </properties>
              <output><![CDATA[[Code Coverage] Code Coverage results for visited sequence points were saved in D:/BuildAgent/work/GDX-Documentation/Staging/CodeCoverage/GDX_Development-opencov/EditMode/TestCoverageResults_0487.xml
[Code Coverage] Code Coverage requires Burst Compilation to be disabled in order to obtain accurate coverage information. To disable Burst Compilation uncheck Jobs > Burst > Enable Compilation or pass '--burst-disable-compilation' to the command line in batchmode.
]]></output>
            </test-case>
            <test-case id="1239" name="XY_CreateNew" fullname="GDX.Mathematics.Byte2Tests.XY_CreateNew" methodname="XY_CreateNew" classname="GDX.Mathematics.Byte2Tests" runstate="Runnable" seed="421732603" result="Passed" start-time="2023-07-03 01:11:04Z" end-time="2023-07-03 01:11:04Z" duration="0.000397" asserts="0">
              <properties>
                <property name="Category" value="GDX.Tests" />
              </properties>
              <output><![CDATA[[Code Coverage] Code Coverage results for visited sequence points were saved in D:/BuildAgent/work/GDX-Documentation/Staging/CodeCoverage/GDX_Development-opencov/EditMode/TestCoverageResults_0488.xml
[Code Coverage] Code Coverage requires Burst Compilation to be disabled in order to obtain accurate coverage information. To disable Burst Compilation uncheck Jobs > Burst > Enable Compilation or pass '--burst-disable-compilation' to the command line in batchmode.
]]></output>
            </test-case>
            <test-case id="1240" name="XY_SetValue" fullname="GDX.Mathematics.Byte2Tests.XY_SetValue" methodname="XY_SetValue" classname="GDX.Mathematics.Byte2Tests" runstate="Runnable" seed="361460481" result="Passed" start-time="2023-07-03 01:11:05Z" end-time="2023-07-03 01:11:05Z" duration="0.000395" asserts="0">
              <properties>
                <property name="Category" value="GDX.Tests" />
              </properties>
              <output><![CDATA[[Code Coverage] Code Coverage results for visited sequence points were saved in D:/BuildAgent/work/GDX-Documentation/Staging/CodeCoverage/GDX_Development-opencov/EditMode/TestCoverageResults_0489.xml
[Code Coverage] Code Coverage requires Burst Compilation to be disabled in order to obtain accurate coverage information. To disable Burst Compilation uncheck Jobs > Burst > Enable Compilation or pass '--burst-disable-compilation' to the command line in batchmode.
]]></output>
            </test-case>
            <test-case id="1241" name="YX_CreateNew" fullname="GDX.Mathematics.Byte2Tests.YX_CreateNew" methodname="YX_CreateNew" classname="GDX.Mathematics.Byte2Tests" runstate="Runnable" seed="1519337202" result="Passed" start-time="2023-07-03 01:11:05Z" end-time="2023-07-03 01:11:05Z" duration="0.000466" asserts="0">
              <properties>
                <property name="Category" value="GDX.Tests" />
              </properties>
              <output><![CDATA[[Code Coverage] Code Coverage results for visited sequence points were saved in D:/BuildAgent/work/GDX-Documentation/Staging/CodeCoverage/GDX_Development-opencov/EditMode/TestCoverageResults_0490.xml
[Code Coverage] Code Coverage requires Burst Compilation to be disabled in order to obtain accurate coverage information. To disable Burst Compilation uncheck Jobs > Burst > Enable Compilation or pass '--burst-disable-compilation' to the command line in batchmode.
]]></output>
            </test-case>
            <test-case id="1242" name="YX_SetValue" fullname="GDX.Mathematics.Byte2Tests.YX_SetValue" methodname="YX_SetValue" classname="GDX.Mathematics.Byte2Tests" runstate="Runnable" seed="1186769184" result="Passed" start-time="2023-07-03 01:11:06Z" end-time="2023-07-03 01:11:06Z" duration="0.000373" asserts="0">
              <properties>
                <property name="Category" value="GDX.Tests" />
              </properties>
              <output><![CDATA[[Code Coverage] Code Coverage results for visited sequence points were saved in D:/BuildAgent/work/GDX-Documentation/Staging/CodeCoverage/GDX_Development-opencov/EditMode/TestCoverageResults_0491.xml
[Code Coverage] Code Coverage requires Burst Compilation to be disabled in order to obtain accurate coverage information. To disable Burst Compilation uncheck Jobs > Burst > Enable Compilation or pass '--burst-disable-compilation' to the command line in batchmode.
]]></output>
            </test-case>
            <test-case id="1243" name="YY_CreateNew" fullname="GDX.Mathematics.Byte2Tests.YY_CreateNew" methodname="YY_CreateNew" classname="GDX.Mathematics.Byte2Tests" runstate="Runnable" seed="1918127762" result="Passed" start-time="2023-07-03 01:11:07Z" end-time="2023-07-03 01:11:07Z" duration="0.000380" asserts="0">
              <properties>
                <property name="Category" value="GDX.Tests" />
              </properties>
              <output><![CDATA[[Code Coverage] Code Coverage results for visited sequence points were saved in D:/BuildAgent/work/GDX-Documentation/Staging/CodeCoverage/GDX_Development-opencov/EditMode/TestCoverageResults_0492.xml
[Code Coverage] Code Coverage requires Burst Compilation to be disabled in order to obtain accurate coverage information. To disable Burst Compilation uncheck Jobs > Burst > Enable Compilation or pass '--burst-disable-compilation' to the command line in batchmode.
]]></output>
            </test-case>
          </test-suite>
          <test-suite type="TestSuite" id="1771" name="Random" fullname="GDX.Mathematics.Random" runstate="Runnable" testcasecount="42" result="Passed" start-time="2023-07-03 01:11:07Z" end-time="2023-07-03 01:11:36Z" duration="28.923090" total="42" passed="42" failed="0" inconclusive="0" skipped="0" asserts="0">
            <properties />
            <test-suite type="TestFixture" id="1278" name="RandomAdaptorTests" fullname="GDX.Mathematics.Random.RandomAdaptorTests" classname="GDX.Mathematics.Random.RandomAdaptorTests" runstate="Runnable" testcasecount="6" result="Passed" start-time="2023-07-03 01:11:07Z" end-time="2023-07-03 01:11:11Z" duration="3.940744" total="6" passed="6" failed="0" inconclusive="0" skipped="0" asserts="0">
              <properties />
              <test-case id="1281" name="Next_MaxValue_ValuesInRange" fullname="GDX.Mathematics.Random.RandomAdaptorTests.Next_MaxValue_ValuesInRange" methodname="Next_MaxValue_ValuesInRange" classname="GDX.Mathematics.Random.RandomAdaptorTests" runstate="Runnable" seed="593887888" result="Passed" start-time="2023-07-03 01:11:07Z" end-time="2023-07-03 01:11:07Z" duration="0.000520" asserts="0">
                <properties>
                  <property name="Category" value="GDX.Tests" />
                </properties>
                <output><![CDATA[[Code Coverage] Code Coverage results for visited sequence points were saved in D:/BuildAgent/work/GDX-Documentation/Staging/CodeCoverage/GDX_Development-opencov/EditMode/TestCoverageResults_0493.xml
[Code Coverage] Code Coverage requires Burst Compilation to be disabled in order to obtain accurate coverage information. To disable Burst Compilation uncheck Jobs > Burst > Enable Compilation or pass '--burst-disable-compilation' to the command line in batchmode.
]]></output>
              </test-case>
              <test-case id="1280" name="Next_MockData_DifferentValues" fullname="GDX.Mathematics.Random.RandomAdaptorTests.Next_MockData_DifferentValues" methodname="Next_MockData_DifferentValues" classname="GDX.Mathematics.Random.RandomAdaptorTests" runstate="Runnable" seed="48516804" result="Passed" start-time="2023-07-03 01:11:08Z" end-time="2023-07-03 01:11:08Z" duration="0.000794" asserts="0">
                <properties>
                  <property name="Category" value="GDX.Tests" />
                </properties>
                <output><![CDATA[[Code Coverage] Code Coverage results for visited sequence points were saved in D:/BuildAgent/work/GDX-Documentation/Staging/CodeCoverage/GDX_Development-opencov/EditMode/TestCoverageResults_0494.xml
[Code Coverage] Code Coverage requires Burst Compilation to be disabled in order to obtain accurate coverage information. To disable Burst Compilation uncheck Jobs > Burst > Enable Compilation or pass '--burst-disable-compilation' to the command line in batchmode.
]]></output>
              </test-case>
              <test-case id="1282" name="Next_Range_ValuesInRange" fullname="GDX.Mathematics.Random.RandomAdaptorTests.Next_Range_ValuesInRange" methodname="Next_Range_ValuesInRange" classname="GDX.Mathematics.Random.RandomAdaptorTests" runstate="Runnable" seed="788708659" result="Passed" start-time="2023-07-03 01:11:09Z" end-time="2023-07-03 01:11:09Z" duration="0.000493" asserts="0">
                <properties>
                  <property name="Category" value="GDX.Tests" />
                </properties>
                <output><![CDATA[[Code Coverage] Code Coverage results for visited sequence points were saved in D:/BuildAgent/work/GDX-Documentation/Staging/CodeCoverage/GDX_Development-opencov/EditMode/TestCoverageResults_0495.xml
[Code Coverage] Code Coverage requires Burst Compilation to be disabled in order to obtain accurate coverage information. To disable Burst Compilation uncheck Jobs > Burst > Enable Compilation or pass '--burst-disable-compilation' to the command line in batchmode.
]]></output>
              </test-case>
              <test-case id="1284" name="NextBytes_MockData_FillsBuffer" fullname="GDX.Mathematics.Random.RandomAdaptorTests.NextBytes_MockData_FillsBuffer" methodname="NextBytes_MockData_FillsBuffer" classname="GDX.Mathematics.Random.RandomAdaptorTests" runstate="Runnable" seed="883529185" result="Passed" start-time="2023-07-03 01:11:09Z" end-time="2023-07-03 01:11:09Z" duration="0.000497" asserts="0">
                <properties>
                  <property name="Category" value="GDX.Tests" />
                </properties>
                <output><![CDATA[[Code Coverage] Code Coverage results for visited sequence points were saved in D:/BuildAgent/work/GDX-Documentation/Staging/CodeCoverage/GDX_Development-opencov/EditMode/TestCoverageResults_0496.xml
[Code Coverage] Code Coverage requires Burst Compilation to be disabled in order to obtain accurate coverage information. To disable Burst Compilation uncheck Jobs > Burst > Enable Compilation or pass '--burst-disable-compilation' to the command line in batchmode.
]]></output>
              </test-case>
              <test-case id="1283" name="NextDouble_MockData_DifferentValues" fullname="GDX.Mathematics.Random.RandomAdaptorTests.NextDouble_MockData_DifferentValues" methodname="NextDouble_MockData_DifferentValues" classname="GDX.Mathematics.Random.RandomAdaptorTests" runstate="Runnable" seed="152362942" result="Passed" start-time="2023-07-03 01:11:10Z" end-time="2023-07-03 01:11:10Z" duration="0.000554" asserts="0">
                <properties>
                  <property name="Category" value="GDX.Tests" />
                </properties>
                <output><![CDATA[[Code Coverage] Code Coverage results for visited sequence points were saved in D:/BuildAgent/work/GDX-Documentation/Staging/CodeCoverage/GDX_Development-opencov/EditMode/TestCoverageResults_0497.xml
[Code Coverage] Code Coverage requires Burst Compilation to be disabled in order to obtain accurate coverage information. To disable Burst Compilation uncheck Jobs > Burst > Enable Compilation or pass '--burst-disable-compilation' to the command line in batchmode.
]]></output>
              </test-case>
              <test-case id="1279" name="RandomAdaptor_FromWELL1024a_Created" fullname="GDX.Mathematics.Random.RandomAdaptorTests.RandomAdaptor_FromWELL1024a_Created" methodname="RandomAdaptor_FromWELL1024a_Created" classname="GDX.Mathematics.Random.RandomAdaptorTests" runstate="Runnable" seed="1602281859" result="Passed" start-time="2023-07-03 01:11:10Z" end-time="2023-07-03 01:11:10Z" duration="0.000432" asserts="0">
                <properties>
                  <property name="Category" value="GDX.Tests" />
                </properties>
                <output><![CDATA[[Code Coverage] Code Coverage results for visited sequence points were saved in D:/BuildAgent/work/GDX-Documentation/Staging/CodeCoverage/GDX_Development-opencov/EditMode/TestCoverageResults_0498.xml
[Code Coverage] Code Coverage requires Burst Compilation to be disabled in order to obtain accurate coverage information. To disable Burst Compilation uncheck Jobs > Burst > Enable Compilation or pass '--burst-disable-compilation' to the command line in batchmode.
]]></output>
              </test-case>
            </test-suite>
            <test-suite type="TestFixture" id="1285" name="RandomWrapperTests" fullname="GDX.Mathematics.Random.RandomWrapperTests" classname="GDX.Mathematics.Random.RandomWrapperTests" runstate="Runnable" testcasecount="11" result="Passed" start-time="2023-07-03 01:11:11Z" end-time="2023-07-03 01:11:18Z" duration="7.279008" total="11" passed="11" failed="0" inconclusive="0" skipped="0" asserts="0">
              <properties />
              <test-case id="1289" name="NextBoolean_FixedSeed_ReturnsFalse" fullname="GDX.Mathematics.Random.RandomWrapperTests.NextBoolean_FixedSeed_ReturnsFalse" methodname="NextBoolean_FixedSeed_ReturnsFalse" classname="GDX.Mathematics.Random.RandomWrapperTests" runstate="Runnable" seed="471530906" result="Passed" start-time="2023-07-03 01:11:11Z" end-time="2023-07-03 01:11:11Z" duration="0.000509" asserts="0">
                <properties>
                  <property name="Category" value="GDX.Tests" />
                </properties>
                <output><![CDATA[[Code Coverage] Code Coverage results for visited sequence points were saved in D:/BuildAgent/work/GDX-Documentation/Staging/CodeCoverage/GDX_Development-opencov/EditMode/TestCoverageResults_0499.xml
[Code Coverage] Code Coverage requires Burst Compilation to be disabled in order to obtain accurate coverage information. To disable Burst Compilation uncheck Jobs > Burst > Enable Compilation or pass '--burst-disable-compilation' to the command line in batchmode.
]]></output>
              </test-case>
              <test-case id="1288" name="NextBoolean_FixedSeed_ReturnsTrue" fullname="GDX.Mathematics.Random.RandomWrapperTests.NextBoolean_FixedSeed_ReturnsTrue" methodname="NextBoolean_FixedSeed_ReturnsTrue" classname="GDX.Mathematics.Random.RandomWrapperTests" runstate="Runnable" seed="59743723" result="Passed" start-time="2023-07-03 01:11:12Z" end-time="2023-07-03 01:11:12Z" duration="0.000292" asserts="0">
                <properties>
                  <property name="Category" value="GDX.Tests" />
                </properties>
                <output><![CDATA[[Code Coverage] Code Coverage results for visited sequence points were saved in D:/BuildAgent/work/GDX-Documentation/Staging/CodeCoverage/GDX_Development-opencov/EditMode/TestCoverageResults_0500.xml
[Code Coverage] Code Coverage requires Burst Compilation to be disabled in order to obtain accurate coverage information. To disable Burst Compilation uncheck Jobs > Burst > Enable Compilation or pass '--burst-disable-compilation' to the command line in batchmode.
]]></output>
              </test-case>
              <test-case id="1290" name="NextBytes_MockData_FillsBuffer" fullname="GDX.Mathematics.Random.RandomWrapperTests.NextBytes_MockData_FillsBuffer" methodname="NextBytes_MockData_FillsBuffer" classname="GDX.Mathematics.Random.RandomWrapperTests" runstate="Runnable" seed="161668290" result="Passed" start-time="2023-07-03 01:11:13Z" end-time="2023-07-03 01:11:13Z" duration="0.000496" asserts="0">
                <properties>
                  <property name="Category" value="GDX.Tests" />
                </properties>
                <output><![CDATA[[Code Coverage] Code Coverage results for visited sequence points were saved in D:/BuildAgent/work/GDX-Documentation/Staging/CodeCoverage/GDX_Development-opencov/EditMode/TestCoverageResults_0501.xml
[Code Coverage] Code Coverage requires Burst Compilation to be disabled in order to obtain accurate coverage information. To disable Burst Compilation uncheck Jobs > Burst > Enable Compilation or pass '--burst-disable-compilation' to the command line in batchmode.
]]></output>
              </test-case>
              <test-case id="1291" name="NextDouble_MockData_InRange" fullname="GDX.Mathematics.Random.RandomWrapperTests.NextDouble_MockData_InRange" methodname="NextDouble_MockData_InRange" classname="GDX.Mathematics.Random.RandomWrapperTests" runstate="Runnable" seed="351997783" result="Passed" start-time="2023-07-03 01:11:13Z" end-time="2023-07-03 01:11:13Z" duration="0.000400" asserts="0">
                <properties>
                  <property name="Category" value="GDX.Tests" />
                </properties>
                <output><![CDATA[[Code Coverage] Code Coverage results for visited sequence points were saved in D:/BuildAgent/work/GDX-Documentation/Staging/CodeCoverage/GDX_Development-opencov/EditMode/TestCoverageResults_0502.xml
[Code Coverage] Code Coverage requires Burst Compilation to be disabled in order to obtain accurate coverage information. To disable Burst Compilation uncheck Jobs > Burst > Enable Compilation or pass '--burst-disable-compilation' to the command line in batchmode.
]]></output>
              </test-case>
              <test-case id="1292" name="NextInteger_MockData_InRange" fullname="GDX.Mathematics.Random.RandomWrapperTests.NextInteger_MockData_InRange" methodname="NextInteger_MockData_InRange" classname="GDX.Mathematics.Random.RandomWrapperTests" runstate="Runnable" seed="515794267" result="Passed" start-time="2023-07-03 01:11:14Z" end-time="2023-07-03 01:11:14Z" duration="0.000395" asserts="0">
                <properties>
                  <property name="Category" value="GDX.Tests" />
                </properties>
                <output><![CDATA[[Code Coverage] Code Coverage results for visited sequence points were saved in D:/BuildAgent/work/GDX-Documentation/Staging/CodeCoverage/GDX_Development-opencov/EditMode/TestCoverageResults_0503.xml
[Code Coverage] Code Coverage requires Burst Compilation to be disabled in order to obtain accurate coverage information. To disable Burst Compilation uncheck Jobs > Burst > Enable Compilation or pass '--burst-disable-compilation' to the command line in batchmode.
]]></output>
              </test-case>
              <test-case id="1293" name="NextIntegerExclusive_MockData_InRange" fullname="GDX.Mathematics.Random.RandomWrapperTests.NextIntegerExclusive_MockData_InRange" methodname="NextIntegerExclusive_MockData_InRange" classname="GDX.Mathematics.Random.RandomWrapperTests" runstate="Runnable" seed="41014467" result="Passed" start-time="2023-07-03 01:11:14Z" end-time="2023-07-03 01:11:14Z" duration="0.000366" asserts="0">
                <properties>
                  <property name="Category" value="GDX.Tests" />
                </properties>
                <output><![CDATA[[Code Coverage] Code Coverage results for visited sequence points were saved in D:/BuildAgent/work/GDX-Documentation/Staging/CodeCoverage/GDX_Development-opencov/EditMode/TestCoverageResults_0504.xml
[Code Coverage] Code Coverage requires Burst Compilation to be disabled in order to obtain accurate coverage information. To disable Burst Compilation uncheck Jobs > Burst > Enable Compilation or pass '--burst-disable-compilation' to the command line in batchmode.
]]></output>
              </test-case>
              <test-case id="1294" name="NextSingle_MockData_InRange" fullname="GDX.Mathematics.Random.RandomWrapperTests.NextSingle_MockData_InRange" methodname="NextSingle_MockData_InRange" classname="GDX.Mathematics.Random.RandomWrapperTests" runstate="Runnable" seed="1006990828" result="Passed" start-time="2023-07-03 01:11:15Z" end-time="2023-07-03 01:11:15Z" duration="0.000456" asserts="0">
                <properties>
                  <property name="Category" value="GDX.Tests" />
                </properties>
                <output><![CDATA[[Code Coverage] Code Coverage results for visited sequence points were saved in D:/BuildAgent/work/GDX-Documentation/Staging/CodeCoverage/GDX_Development-opencov/EditMode/TestCoverageResults_0505.xml
[Code Coverage] Code Coverage requires Burst Compilation to be disabled in order to obtain accurate coverage information. To disable Burst Compilation uncheck Jobs > Burst > Enable Compilation or pass '--burst-disable-compilation' to the command line in batchmode.
]]></output>
              </test-case>
              <test-case id="1295" name="NextUnsignedInteger_MockData_InRange" fullname="GDX.Mathematics.Random.RandomWrapperTests.NextUnsignedInteger_MockData_InRange" methodname="NextUnsignedInteger_MockData_InRange" classname="GDX.Mathematics.Random.RandomWrapperTests" runstate="Runnable" seed="876229945" result="Passed" start-time="2023-07-03 01:11:16Z" end-time="2023-07-03 01:11:16Z" duration="0.000521" asserts="0">
                <properties>
                  <property name="Category" value="GDX.Tests" />
                </properties>
                <output><![CDATA[[Code Coverage] Code Coverage results for visited sequence points were saved in D:/BuildAgent/work/GDX-Documentation/Staging/CodeCoverage/GDX_Development-opencov/EditMode/TestCoverageResults_0506.xml
[Code Coverage] Code Coverage requires Burst Compilation to be disabled in order to obtain accurate coverage information. To disable Burst Compilation uncheck Jobs > Burst > Enable Compilation or pass '--burst-disable-compilation' to the command line in batchmode.
]]></output>
              </test-case>
              <test-case id="1296" name="NextUnsignedIntegerExclusive_MockData_InRange" fullname="GDX.Mathematics.Random.RandomWrapperTests.NextUnsignedIntegerExclusive_MockData_InRange" methodname="NextUnsignedIntegerExclusive_MockData_InRange" classname="GDX.Mathematics.Random.RandomWrapperTests" runstate="Runnable" seed="959812781" result="Passed" start-time="2023-07-03 01:11:16Z" end-time="2023-07-03 01:11:16Z" duration="0.000368" asserts="0">
                <properties>
                  <property name="Category" value="GDX.Tests" />
                </properties>
                <output><![CDATA[[Code Coverage] Code Coverage results for visited sequence points were saved in D:/BuildAgent/work/GDX-Documentation/Staging/CodeCoverage/GDX_Development-opencov/EditMode/TestCoverageResults_0507.xml
[Code Coverage] Code Coverage requires Burst Compilation to be disabled in order to obtain accurate coverage information. To disable Burst Compilation uncheck Jobs > Burst > Enable Compilation or pass '--burst-disable-compilation' to the command line in batchmode.
]]></output>
              </test-case>
              <test-case id="1286" name="RandomWrapper_NoSeed_Created" fullname="GDX.Mathematics.Random.RandomWrapperTests.RandomWrapper_NoSeed_Created" methodname="RandomWrapper_NoSeed_Created" classname="GDX.Mathematics.Random.RandomWrapperTests" runstate="Runnable" seed="184396672" result="Passed" start-time="2023-07-03 01:11:17Z" end-time="2023-07-03 01:11:17Z" duration="0.000333" asserts="0">
                <properties>
                  <property name="Category" value="GDX.Tests" />
                </properties>
                <output><![CDATA[[Code Coverage] Code Coverage results for visited sequence points were saved in D:/BuildAgent/work/GDX-Documentation/Staging/CodeCoverage/GDX_Development-opencov/EditMode/TestCoverageResults_0508.xml
[Code Coverage] Code Coverage requires Burst Compilation to be disabled in order to obtain accurate coverage information. To disable Burst Compilation uncheck Jobs > Burst > Enable Compilation or pass '--burst-disable-compilation' to the command line in batchmode.
]]></output>
              </test-case>
              <test-case id="1287" name="RandomWrapper_WithSeed_Created" fullname="GDX.Mathematics.Random.RandomWrapperTests.RandomWrapper_WithSeed_Created" methodname="RandomWrapper_WithSeed_Created" classname="GDX.Mathematics.Random.RandomWrapperTests" runstate="Runnable" seed="249678049" result="Passed" start-time="2023-07-03 01:11:18Z" end-time="2023-07-03 01:11:18Z" duration="0.000287" asserts="0">
                <properties>
                  <property name="Category" value="GDX.Tests" />
                </properties>
                <output><![CDATA[[Code Coverage] Code Coverage results for visited sequence points were saved in D:/BuildAgent/work/GDX-Documentation/Staging/CodeCoverage/GDX_Development-opencov/EditMode/TestCoverageResults_0509.xml
[Code Coverage] Code Coverage requires Burst Compilation to be disabled in order to obtain accurate coverage information. To disable Burst Compilation uncheck Jobs > Burst > Enable Compilation or pass '--burst-disable-compilation' to the command line in batchmode.
]]></output>
              </test-case>
            </test-suite>
            <test-suite type="TestFixture" id="1297" name="WELL1024aTests" fullname="GDX.Mathematics.Random.WELL1024aTests" classname="GDX.Mathematics.Random.WELL1024aTests" runstate="Runnable" testcasecount="25" result="Passed" start-time="2023-07-03 01:11:18Z" end-time="2023-07-03 01:11:36Z" duration="17.698885" total="25" passed="25" failed="0" inconclusive="0" skipped="0" asserts="0">
              <properties />
              <test-case id="1303" name="Equals_ByReference_ReturnsTrue" fullname="GDX.Mathematics.Random.WELL1024aTests.Equals_ByReference_ReturnsTrue" methodname="Equals_ByReference_ReturnsTrue" classname="GDX.Mathematics.Random.WELL1024aTests" runstate="Runnable" seed="44612238" result="Passed" start-time="2023-07-03 01:11:18Z" end-time="2023-07-03 01:11:18Z" duration="0.000321" asserts="0">
                <properties>
                  <property name="Category" value="GDX.Tests" />
                </properties>
                <output><![CDATA[[Code Coverage] Code Coverage results for visited sequence points were saved in D:/BuildAgent/work/GDX-Documentation/Staging/CodeCoverage/GDX_Development-opencov/EditMode/TestCoverageResults_0510.xml
[Code Coverage] Code Coverage requires Burst Compilation to be disabled in order to obtain accurate coverage information. To disable Burst Compilation uncheck Jobs > Burst > Enable Compilation or pass '--burst-disable-compilation' to the command line in batchmode.
]]></output>
              </test-case>
              <test-case id="1305" name="Equals_Object_ReturnsTrue" fullname="GDX.Mathematics.Random.WELL1024aTests.Equals_Object_ReturnsTrue" methodname="Equals_Object_ReturnsTrue" classname="GDX.Mathematics.Random.WELL1024aTests" runstate="Runnable" seed="1313659942" result="Passed" start-time="2023-07-03 01:11:19Z" end-time="2023-07-03 01:11:19Z" duration="0.000488" asserts="0">
                <properties>
                  <property name="Category" value="GDX.Tests" />
                </properties>
                <output><![CDATA[[Code Coverage] Code Coverage results for visited sequence points were saved in D:/BuildAgent/work/GDX-Documentation/Staging/CodeCoverage/GDX_Development-opencov/EditMode/TestCoverageResults_0511.xml
[Code Coverage] Code Coverage requires Burst Compilation to be disabled in order to obtain accurate coverage information. To disable Burst Compilation uncheck Jobs > Burst > Enable Compilation or pass '--burst-disable-compilation' to the command line in batchmode.
]]></output>
              </test-case>
              <test-case id="1304" name="Equals_Reference_ReturnsTrue" fullname="GDX.Mathematics.Random.WELL1024aTests.Equals_Reference_ReturnsTrue" methodname="Equals_Reference_ReturnsTrue" classname="GDX.Mathematics.Random.WELL1024aTests" runstate="Runnable" seed="642430091" result="Passed" start-time="2023-07-03 01:11:20Z" end-time="2023-07-03 01:11:20Z" duration="0.000370" asserts="0">
                <properties>
                  <property name="Category" value="GDX.Tests" />
                </properties>
                <output><![CDATA[[Code Coverage] Code Coverage results for visited sequence points were saved in D:/BuildAgent/work/GDX-Documentation/Staging/CodeCoverage/GDX_Development-opencov/EditMode/TestCoverageResults_0512.xml
[Code Coverage] Code Coverage requires Burst Compilation to be disabled in order to obtain accurate coverage information. To disable Burst Compilation uncheck Jobs > Burst > Enable Compilation or pass '--burst-disable-compilation' to the command line in batchmode.
]]></output>
              </test-case>
              <test-case id="1307" name="NextBoolean_PerfectChance_ReturnsTrue" fullname="GDX.Mathematics.Random.WELL1024aTests.NextBoolean_PerfectChance_ReturnsTrue" methodname="NextBoolean_PerfectChance_ReturnsTrue" classname="GDX.Mathematics.Random.WELL1024aTests" runstate="Runnable" seed="1534504317" result="Passed" start-time="2023-07-03 01:11:20Z" end-time="2023-07-03 01:11:20Z" duration="0.000377" asserts="0">
                <properties>
                  <property name="Category" value="GDX.Tests" />
                </properties>
                <output><![CDATA[[Code Coverage] Code Coverage results for visited sequence points were saved in D:/BuildAgent/work/GDX-Documentation/Staging/CodeCoverage/GDX_Development-opencov/EditMode/TestCoverageResults_0513.xml
[Code Coverage] Code Coverage requires Burst Compilation to be disabled in order to obtain accurate coverage information. To disable Burst Compilation uncheck Jobs > Burst > Enable Compilation or pass '--burst-disable-compilation' to the command line in batchmode.
]]></output>
              </test-case>
              <test-case id="1308" name="NextBoolean_Simple_ReturnsDeterministicValue" fullname="GDX.Mathematics.Random.WELL1024aTests.NextBoolean_Simple_ReturnsDeterministicValue" methodname="NextBoolean_Simple_ReturnsDeterministicValue" classname="GDX.Mathematics.Random.WELL1024aTests" runstate="Runnable" seed="1386291547" result="Passed" start-time="2023-07-03 01:11:21Z" end-time="2023-07-03 01:11:21Z" duration="0.000313" asserts="0">
                <properties>
                  <property name="Category" value="GDX.Tests" />
                </properties>
                <output><![CDATA[[Code Coverage] Code Coverage results for visited sequence points were saved in D:/BuildAgent/work/GDX-Documentation/Staging/CodeCoverage/GDX_Development-opencov/EditMode/TestCoverageResults_0514.xml
[Code Coverage] Code Coverage requires Burst Compilation to be disabled in order to obtain accurate coverage information. To disable Burst Compilation uncheck Jobs > Burst > Enable Compilation or pass '--burst-disable-compilation' to the command line in batchmode.
]]></output>
              </test-case>
              <test-case id="1306" name="NextBoolean_ZeroChance_ReturnsFalse" fullname="GDX.Mathematics.Random.WELL1024aTests.NextBoolean_ZeroChance_ReturnsFalse" methodname="NextBoolean_ZeroChance_ReturnsFalse" classname="GDX.Mathematics.Random.WELL1024aTests" runstate="Runnable" seed="33540536" result="Passed" start-time="2023-07-03 01:11:22Z" end-time="2023-07-03 01:11:22Z" duration="0.000324" asserts="0">
                <properties>
                  <property name="Category" value="GDX.Tests" />
                </properties>
                <output><![CDATA[[Code Coverage] Code Coverage results for visited sequence points were saved in D:/BuildAgent/work/GDX-Documentation/Staging/CodeCoverage/GDX_Development-opencov/EditMode/TestCoverageResults_0515.xml
[Code Coverage] Code Coverage requires Burst Compilation to be disabled in order to obtain accurate coverage information. To disable Burst Compilation uncheck Jobs > Burst > Enable Compilation or pass '--burst-disable-compilation' to the command line in batchmode.
]]></output>
              </test-case>
              <test-case id="1314" name="NextBytes_Simple_FillsBuffer" fullname="GDX.Mathematics.Random.WELL1024aTests.NextBytes_Simple_FillsBuffer" methodname="NextBytes_Simple_FillsBuffer" classname="GDX.Mathematics.Random.WELL1024aTests" runstate="Runnable" seed="1718130205" result="Passed" start-time="2023-07-03 01:11:22Z" end-time="2023-07-03 01:11:22Z" duration="0.000373" asserts="0">
                <properties>
                  <property name="Category" value="GDX.Tests" />
                </properties>
                <output><![CDATA[[Code Coverage] Code Coverage results for visited sequence points were saved in D:/BuildAgent/work/GDX-Documentation/Staging/CodeCoverage/GDX_Development-opencov/EditMode/TestCoverageResults_0516.xml
[Code Coverage] Code Coverage requires Burst Compilation to be disabled in order to obtain accurate coverage information. To disable Burst Compilation uncheck Jobs > Burst > Enable Compilation or pass '--burst-disable-compilation' to the command line in batchmode.
]]></output>
              </test-case>
              <test-case id="1315" name="NextDouble_Multiple_ReturnsDifferentValues" fullname="GDX.Mathematics.Random.WELL1024aTests.NextDouble_Multiple_ReturnsDifferentValues" methodname="NextDouble_Multiple_ReturnsDifferentValues" classname="GDX.Mathematics.Random.WELL1024aTests" runstate="Runnable" seed="1137508274" result="Passed" start-time="2023-07-03 01:11:23Z" end-time="2023-07-03 01:11:23Z" duration="0.000420" asserts="0">
                <properties>
                  <property name="Category" value="GDX.Tests" />
                </properties>
                <output><![CDATA[[Code Coverage] Code Coverage results for visited sequence points were saved in D:/BuildAgent/work/GDX-Documentation/Staging/CodeCoverage/GDX_Development-opencov/EditMode/TestCoverageResults_0517.xml
[Code Coverage] Code Coverage requires Burst Compilation to be disabled in order to obtain accurate coverage information. To disable Burst Compilation uncheck Jobs > Burst > Enable Compilation or pass '--burst-disable-compilation' to the command line in batchmode.
]]></output>
              </test-case>
              <test-case id="1316" name="NextDouble_Simple_ReturnsDeterministicValue" fullname="GDX.Mathematics.Random.WELL1024aTests.NextDouble_Simple_ReturnsDeterministicValue" methodname="NextDouble_Simple_ReturnsDeterministicValue" classname="GDX.Mathematics.Random.WELL1024aTests" runstate="Runnable" seed="2137769008" result="Passed" start-time="2023-07-03 01:11:24Z" end-time="2023-07-03 01:11:24Z" duration="0.000387" asserts="0">
                <properties>
                  <property name="Category" value="GDX.Tests" />
                </properties>
                <output><![CDATA[[Code Coverage] Code Coverage results for visited sequence points were saved in D:/BuildAgent/work/GDX-Documentation/Staging/CodeCoverage/GDX_Development-opencov/EditMode/TestCoverageResults_0518.xml
[Code Coverage] Code Coverage requires Burst Compilation to be disabled in order to obtain accurate coverage information. To disable Burst Compilation uncheck Jobs > Burst > Enable Compilation or pass '--burst-disable-compilation' to the command line in batchmode.
]]></output>
              </test-case>
              <test-case id="1312" name="NextInteger_MinMaxValue_ReturnsDeterministicValue" fullname="GDX.Mathematics.Random.WELL1024aTests.NextInteger_MinMaxValue_ReturnsDeterministicValue" methodname="NextInteger_MinMaxValue_ReturnsDeterministicValue" classname="GDX.Mathematics.Random.WELL1024aTests" runstate="Runnable" seed="1521452874" result="Passed" start-time="2023-07-03 01:11:24Z" end-time="2023-07-03 01:11:24Z" duration="0.000336" asserts="0">
                <properties>
                  <property name="Category" value="GDX.Tests" />
                </properties>
                <output><![CDATA[[Code Coverage] Code Coverage results for visited sequence points were saved in D:/BuildAgent/work/GDX-Documentation/Staging/CodeCoverage/GDX_Development-opencov/EditMode/TestCoverageResults_0519.xml
[Code Coverage] Code Coverage requires Burst Compilation to be disabled in order to obtain accurate coverage information. To disable Burst Compilation uncheck Jobs > Burst > Enable Compilation or pass '--burst-disable-compilation' to the command line in batchmode.
]]></output>
              </test-case>
              <test-case id="1313" name="NextInteger_Multiple_ReturnsDifferentValues" fullname="GDX.Mathematics.Random.WELL1024aTests.NextInteger_Multiple_ReturnsDifferentValues" methodname="NextInteger_Multiple_ReturnsDifferentValues" classname="GDX.Mathematics.Random.WELL1024aTests" runstate="Runnable" seed="204601157" result="Passed" start-time="2023-07-03 01:11:25Z" end-time="2023-07-03 01:11:25Z" duration="0.000482" asserts="0">
                <properties>
                  <property name="Category" value="GDX.Tests" />
                </properties>
                <output><![CDATA[[Code Coverage] Code Coverage results for visited sequence points were saved in D:/BuildAgent/work/GDX-Documentation/Staging/CodeCoverage/GDX_Development-opencov/EditMode/TestCoverageResults_0520.xml
[Code Coverage] Code Coverage requires Burst Compilation to be disabled in order to obtain accurate coverage information. To disable Burst Compilation uncheck Jobs > Burst > Enable Compilation or pass '--burst-disable-compilation' to the command line in batchmode.
]]></output>
              </test-case>
              <test-case id="1310" name="NextInteger_SameRange_ReturnsSameValue" fullname="GDX.Mathematics.Random.WELL1024aTests.NextInteger_SameRange_ReturnsSameValue" methodname="NextInteger_SameRange_ReturnsSameValue" classname="GDX.Mathematics.Random.WELL1024aTests" runstate="Runnable" seed="583026689" result="Passed" start-time="2023-07-03 01:11:26Z" end-time="2023-07-03 01:11:26Z" duration="0.000318" asserts="0">
                <properties>
                  <property name="Category" value="GDX.Tests" />
                </properties>
                <output><![CDATA[[Code Coverage] Code Coverage results for visited sequence points were saved in D:/BuildAgent/work/GDX-Documentation/Staging/CodeCoverage/GDX_Development-opencov/EditMode/TestCoverageResults_0521.xml
[Code Coverage] Code Coverage requires Burst Compilation to be disabled in order to obtain accurate coverage information. To disable Burst Compilation uncheck Jobs > Burst > Enable Compilation or pass '--burst-disable-compilation' to the command line in batchmode.
]]></output>
              </test-case>
              <test-case id="1309" name="NextInteger_Simple_ReturnsDeterministicValue" fullname="GDX.Mathematics.Random.WELL1024aTests.NextInteger_Simple_ReturnsDeterministicValue" methodname="NextInteger_Simple_ReturnsDeterministicValue" classname="GDX.Mathematics.Random.WELL1024aTests" runstate="Runnable" seed="1876280851" result="Passed" start-time="2023-07-03 01:11:26Z" end-time="2023-07-03 01:11:26Z" duration="0.000318" asserts="0">
                <properties>
                  <property name="Category" value="GDX.Tests" />
                </properties>
                <output><![CDATA[[Code Coverage] Code Coverage results for visited sequence points were saved in D:/BuildAgent/work/GDX-Documentation/Staging/CodeCoverage/GDX_Development-opencov/EditMode/TestCoverageResults_0522.xml
[Code Coverage] Code Coverage requires Burst Compilation to be disabled in order to obtain accurate coverage information. To disable Burst Compilation uncheck Jobs > Burst > Enable Compilation or pass '--burst-disable-compilation' to the command line in batchmode.
]]></output>
              </test-case>
              <test-case id="1311" name="NextInteger_ZeroValues_ReturnsZeroValue" fullname="GDX.Mathematics.Random.WELL1024aTests.NextInteger_ZeroValues_ReturnsZeroValue" methodname="NextInteger_ZeroValues_ReturnsZeroValue" classname="GDX.Mathematics.Random.WELL1024aTests" runstate="Runnable" seed="1364199004" result="Passed" start-time="2023-07-03 01:11:27Z" end-time="2023-07-03 01:11:27Z" duration="0.000323" asserts="0">
                <properties>
                  <property name="Category" value="GDX.Tests" />
                </properties>
                <output><![CDATA[[Code Coverage] Code Coverage results for visited sequence points were saved in D:/BuildAgent/work/GDX-Documentation/Staging/CodeCoverage/GDX_Development-opencov/EditMode/TestCoverageResults_0523.xml
[Code Coverage] Code Coverage requires Burst Compilation to be disabled in order to obtain accurate coverage information. To disable Burst Compilation uncheck Jobs > Burst > Enable Compilation or pass '--burst-disable-compilation' to the command line in batchmode.
]]></output>
              </test-case>
              <test-case id="1318" name="NextSingle_Multiple_ReturnsDifferentValues" fullname="GDX.Mathematics.Random.WELL1024aTests.NextSingle_Multiple_ReturnsDifferentValues" methodname="NextSingle_Multiple_ReturnsDifferentValues" classname="GDX.Mathematics.Random.WELL1024aTests" runstate="Runnable" seed="969603101" result="Passed" start-time="2023-07-03 01:11:28Z" end-time="2023-07-03 01:11:28Z" duration="0.000474" asserts="0">
                <properties>
                  <property name="Category" value="GDX.Tests" />
                </properties>
                <output><![CDATA[[Code Coverage] Code Coverage results for visited sequence points were saved in D:/BuildAgent/work/GDX-Documentation/Staging/CodeCoverage/GDX_Development-opencov/EditMode/TestCoverageResults_0524.xml
[Code Coverage] Code Coverage requires Burst Compilation to be disabled in order to obtain accurate coverage information. To disable Burst Compilation uncheck Jobs > Burst > Enable Compilation or pass '--burst-disable-compilation' to the command line in batchmode.
]]></output>
              </test-case>
              <test-case id="1317" name="NextSingle_Simple_ReturnsDeterministicValue" fullname="GDX.Mathematics.Random.WELL1024aTests.NextSingle_Simple_ReturnsDeterministicValue" methodname="NextSingle_Simple_ReturnsDeterministicValue" classname="GDX.Mathematics.Random.WELL1024aTests" runstate="Runnable" seed="1586606735" result="Passed" start-time="2023-07-03 01:11:28Z" end-time="2023-07-03 01:11:28Z" duration="0.000458" asserts="0">
                <properties>
                  <property name="Category" value="GDX.Tests" />
                </properties>
                <output><![CDATA[[Code Coverage] Code Coverage results for visited sequence points were saved in D:/BuildAgent/work/GDX-Documentation/Staging/CodeCoverage/GDX_Development-opencov/EditMode/TestCoverageResults_0525.xml
[Code Coverage] Code Coverage requires Burst Compilation to be disabled in order to obtain accurate coverage information. To disable Burst Compilation uncheck Jobs > Burst > Enable Compilation or pass '--burst-disable-compilation' to the command line in batchmode.
]]></output>
              </test-case>
              <test-case id="1322" name="NextUnsignedInteger_Multiple_ReturnsDifferentValues" fullname="GDX.Mathematics.Random.WELL1024aTests.NextUnsignedInteger_Multiple_ReturnsDifferentValues" methodname="NextUnsignedInteger_Multiple_ReturnsDifferentValues" classname="GDX.Mathematics.Random.WELL1024aTests" runstate="Runnable" seed="868248186" result="Passed" start-time="2023-07-03 01:11:29Z" end-time="2023-07-03 01:11:29Z" duration="0.000471" asserts="0">
                <properties>
                  <property name="Category" value="GDX.Tests" />
                </properties>
                <output><![CDATA[[Code Coverage] Code Coverage results for visited sequence points were saved in D:/BuildAgent/work/GDX-Documentation/Staging/CodeCoverage/GDX_Development-opencov/EditMode/TestCoverageResults_0526.xml
[Code Coverage] Code Coverage requires Burst Compilation to be disabled in order to obtain accurate coverage information. To disable Burst Compilation uncheck Jobs > Burst > Enable Compilation or pass '--burst-disable-compilation' to the command line in batchmode.
]]></output>
              </test-case>
              <test-case id="1319" name="NextUnsignedInteger_Simple_ReturnsDeterministicValue" fullname="GDX.Mathematics.Random.WELL1024aTests.NextUnsignedInteger_Simple_ReturnsDeterministicValue" methodname="NextUnsignedInteger_Simple_ReturnsDeterministicValue" classname="GDX.Mathematics.Random.WELL1024aTests" runstate="Runnable" seed="557394037" result="Passed" start-time="2023-07-03 01:11:30Z" end-time="2023-07-03 01:11:30Z" duration="0.000335" asserts="0">
                <properties>
                  <property name="Category" value="GDX.Tests" />
                </properties>
                <output><![CDATA[[Code Coverage] Code Coverage results for visited sequence points were saved in D:/BuildAgent/work/GDX-Documentation/Staging/CodeCoverage/GDX_Development-opencov/EditMode/TestCoverageResults_0527.xml
[Code Coverage] Code Coverage requires Burst Compilation to be disabled in order to obtain accurate coverage information. To disable Burst Compilation uncheck Jobs > Burst > Enable Compilation or pass '--burst-disable-compilation' to the command line in batchmode.
]]></output>
              </test-case>
              <test-case id="1321" name="NextUnsignedIntegerExclusive_Limited_ReturnsDeterministicValue" fullname="GDX.Mathematics.Random.WELL1024aTests.NextUnsignedIntegerExclusive_Limited_ReturnsDeterministicValue" methodname="NextUnsignedIntegerExclusive_Limited_ReturnsDeterministicValue" classname="GDX.Mathematics.Random.WELL1024aTests" runstate="Runnable" seed="1932148391" result="Passed" start-time="2023-07-03 01:11:30Z" end-time="2023-07-03 01:11:30Z" duration="0.000413" asserts="0">
                <properties>
                  <property name="Category" value="GDX.Tests" />
                </properties>
                <output><![CDATA[[Code Coverage] Code Coverage results for visited sequence points were saved in D:/BuildAgent/work/GDX-Documentation/Staging/CodeCoverage/GDX_Development-opencov/EditMode/TestCoverageResults_0528.xml
[Code Coverage] Code Coverage requires Burst Compilation to be disabled in order to obtain accurate coverage information. To disable Burst Compilation uncheck Jobs > Burst > Enable Compilation or pass '--burst-disable-compilation' to the command line in batchmode.
]]></output>
              </test-case>
              <test-case id="1320" name="NextUnsignedIntegerExclusive_Simple_ReturnsDeterministicValue" fullname="GDX.Mathematics.Random.WELL1024aTests.NextUnsignedIntegerExclusive_Simple_ReturnsDeterministicValue" methodname="NextUnsignedIntegerExclusive_Simple_ReturnsDeterministicValue" classname="GDX.Mathematics.Random.WELL1024aTests" runstate="Runnable" seed="560136041" result="Passed" start-time="2023-07-03 01:11:32Z" end-time="2023-07-03 01:11:32Z" duration="0.000333" asserts="0">
                <properties>
                  <property name="Category" value="GDX.Tests" />
                </properties>
                <output><![CDATA[[Code Coverage] Code Coverage results for visited sequence points were saved in D:/BuildAgent/work/GDX-Documentation/Staging/CodeCoverage/GDX_Development-opencov/EditMode/TestCoverageResults_0529.xml
[Code Coverage] Code Coverage requires Burst Compilation to be disabled in order to obtain accurate coverage information. To disable Burst Compilation uncheck Jobs > Burst > Enable Compilation or pass '--burst-disable-compilation' to the command line in batchmode.
]]></output>
              </test-case>
              <test-case id="1298" name="WELL1024a_FromInteger_StrippedSeed" fullname="GDX.Mathematics.Random.WELL1024aTests.WELL1024a_FromInteger_StrippedSeed" methodname="WELL1024a_FromInteger_StrippedSeed" classname="GDX.Mathematics.Random.WELL1024aTests" runstate="Runnable" seed="1825609375" result="Passed" start-time="2023-07-03 01:11:33Z" end-time="2023-07-03 01:11:33Z" duration="0.000476" asserts="0">
                <properties>
                  <property name="Category" value="GDX.Tests" />
                </properties>
                <output><![CDATA[[Code Coverage] Code Coverage results for visited sequence points were saved in D:/BuildAgent/work/GDX-Documentation/Staging/CodeCoverage/GDX_Development-opencov/EditMode/TestCoverageResults_0530.xml
[Code Coverage] Code Coverage requires Burst Compilation to be disabled in order to obtain accurate coverage information. To disable Burst Compilation uncheck Jobs > Burst > Enable Compilation or pass '--burst-disable-compilation' to the command line in batchmode.
]]></output>
              </test-case>
              <test-case id="1302" name="WELL1024a_FromRestoreState_Matched" fullname="GDX.Mathematics.Random.WELL1024aTests.WELL1024a_FromRestoreState_Matched" methodname="WELL1024a_FromRestoreState_Matched" classname="GDX.Mathematics.Random.WELL1024aTests" runstate="Runnable" seed="1796685069" result="Passed" start-time="2023-07-03 01:11:33Z" end-time="2023-07-03 01:11:33Z" duration="0.000637" asserts="0">
                <properties>
                  <property name="Category" value="GDX.Tests" />
                </properties>
                <output><![CDATA[[Code Coverage] Code Coverage results for visited sequence points were saved in D:/BuildAgent/work/GDX-Documentation/Staging/CodeCoverage/GDX_Development-opencov/EditMode/TestCoverageResults_0531.xml
[Code Coverage] Code Coverage requires Burst Compilation to be disabled in order to obtain accurate coverage information. To disable Burst Compilation uncheck Jobs > Burst > Enable Compilation or pass '--burst-disable-compilation' to the command line in batchmode.
]]></output>
              </test-case>
              <test-case id="1299" name="WELL1024a_FromString_NonAndForcedDifferent" fullname="GDX.Mathematics.Random.WELL1024aTests.WELL1024a_FromString_NonAndForcedDifferent" methodname="WELL1024a_FromString_NonAndForcedDifferent" classname="GDX.Mathematics.Random.WELL1024aTests" runstate="Runnable" seed="409333754" result="Passed" start-time="2023-07-03 01:11:34Z" end-time="2023-07-03 01:11:34Z" duration="0.000366" asserts="0">
                <properties>
                  <property name="Category" value="GDX.Tests" />
                </properties>
                <output><![CDATA[[Code Coverage] Code Coverage results for visited sequence points were saved in D:/BuildAgent/work/GDX-Documentation/Staging/CodeCoverage/GDX_Development-opencov/EditMode/TestCoverageResults_0532.xml
[Code Coverage] Code Coverage requires Burst Compilation to be disabled in order to obtain accurate coverage information. To disable Burst Compilation uncheck Jobs > Burst > Enable Compilation or pass '--burst-disable-compilation' to the command line in batchmode.
]]></output>
              </test-case>
              <test-case id="1300" name="WELL1024a_FromStringUppercase_SameOriginalSeed" fullname="GDX.Mathematics.Random.WELL1024aTests.WELL1024a_FromStringUppercase_SameOriginalSeed" methodname="WELL1024a_FromStringUppercase_SameOriginalSeed" classname="GDX.Mathematics.Random.WELL1024aTests" runstate="Runnable" seed="1219150946" result="Passed" start-time="2023-07-03 01:11:35Z" end-time="2023-07-03 01:11:35Z" duration="0.000331" asserts="0">
                <properties>
                  <property name="Category" value="GDX.Tests" />
                </properties>
                <output><![CDATA[[Code Coverage] Code Coverage results for visited sequence points were saved in D:/BuildAgent/work/GDX-Documentation/Staging/CodeCoverage/GDX_Development-opencov/EditMode/TestCoverageResults_0533.xml
[Code Coverage] Code Coverage requires Burst Compilation to be disabled in order to obtain accurate coverage information. To disable Burst Compilation uncheck Jobs > Burst > Enable Compilation or pass '--burst-disable-compilation' to the command line in batchmode.
]]></output>
              </test-case>
              <test-case id="1301" name="WELL1024a_FromUnsignedInteger_MatchedSeed" fullname="GDX.Mathematics.Random.WELL1024aTests.WELL1024a_FromUnsignedInteger_MatchedSeed" methodname="WELL1024a_FromUnsignedInteger_MatchedSeed" classname="GDX.Mathematics.Random.WELL1024aTests" runstate="Runnable" seed="1506769893" result="Passed" start-time="2023-07-03 01:11:35Z" end-time="2023-07-03 01:11:35Z" duration="0.000331" asserts="0">
                <properties>
                  <property name="Category" value="GDX.Tests" />
                </properties>
                <output><![CDATA[[Code Coverage] Code Coverage results for visited sequence points were saved in D:/BuildAgent/work/GDX-Documentation/Staging/CodeCoverage/GDX_Development-opencov/EditMode/TestCoverageResults_0534.xml
[Code Coverage] Code Coverage requires Burst Compilation to be disabled in order to obtain accurate coverage information. To disable Burst Compilation uncheck Jobs > Burst > Enable Compilation or pass '--burst-disable-compilation' to the command line in batchmode.
]]></output>
              </test-case>
            </test-suite>
          </test-suite>
          <test-suite type="TestFixture" id="1265" name="RangeTests" fullname="GDX.Mathematics.RangeTests" classname="GDX.Mathematics.RangeTests" runstate="Runnable" testcasecount="12" result="Passed" start-time="2023-07-03 01:11:36Z" end-time="2023-07-03 01:11:44Z" duration="7.939227" total="12" passed="12" failed="0" inconclusive="0" skipped="0" asserts="0">
            <properties />
            <test-case id="1266" name="GetDouble_Bottom_Inclusive" fullname="GDX.Mathematics.RangeTests.GetDouble_Bottom_Inclusive" methodname="GetDouble_Bottom_Inclusive" classname="GDX.Mathematics.RangeTests" runstate="Runnable" seed="1105540178" result="Passed" start-time="2023-07-03 01:11:36Z" end-time="2023-07-03 01:11:36Z" duration="0.000264" asserts="0">
              <properties>
                <property name="Category" value="GDX.Tests" />
              </properties>
              <output><![CDATA[[Code Coverage] Code Coverage results for visited sequence points were saved in D:/BuildAgent/work/GDX-Documentation/Staging/CodeCoverage/GDX_Development-opencov/EditMode/TestCoverageResults_0535.xml
[Code Coverage] Code Coverage requires Burst Compilation to be disabled in order to obtain accurate coverage information. To disable Burst Compilation uncheck Jobs > Burst > Enable Compilation or pass '--burst-disable-compilation' to the command line in batchmode.
]]></output>
            </test-case>
            <test-case id="1268" name="GetDouble_Middle_Inclusive" fullname="GDX.Mathematics.RangeTests.GetDouble_Middle_Inclusive" methodname="GetDouble_Middle_Inclusive" classname="GDX.Mathematics.RangeTests" runstate="Runnable" seed="1667578642" result="Passed" start-time="2023-07-03 01:11:37Z" end-time="2023-07-03 01:11:37Z" duration="0.000375" asserts="0">
              <properties>
                <property name="Category" value="GDX.Tests" />
              </properties>
              <output><![CDATA[[Code Coverage] Code Coverage results for visited sequence points were saved in D:/BuildAgent/work/GDX-Documentation/Staging/CodeCoverage/GDX_Development-opencov/EditMode/TestCoverageResults_0536.xml
[Code Coverage] Code Coverage requires Burst Compilation to be disabled in order to obtain accurate coverage information. To disable Burst Compilation uncheck Jobs > Burst > Enable Compilation or pass '--burst-disable-compilation' to the command line in batchmode.
]]></output>
            </test-case>
            <test-case id="1267" name="GetDouble_Top_Inclusive" fullname="GDX.Mathematics.RangeTests.GetDouble_Top_Inclusive" methodname="GetDouble_Top_Inclusive" classname="GDX.Mathematics.RangeTests" runstate="Runnable" seed="35775764" result="Passed" start-time="2023-07-03 01:11:37Z" end-time="2023-07-03 01:11:37Z" duration="0.000284" asserts="0">
              <properties>
                <property name="Category" value="GDX.Tests" />
              </properties>
              <output><![CDATA[[Code Coverage] Code Coverage results for visited sequence points were saved in D:/BuildAgent/work/GDX-Documentation/Staging/CodeCoverage/GDX_Development-opencov/EditMode/TestCoverageResults_0537.xml
[Code Coverage] Code Coverage requires Burst Compilation to be disabled in order to obtain accurate coverage information. To disable Burst Compilation uncheck Jobs > Burst > Enable Compilation or pass '--burst-disable-compilation' to the command line in batchmode.
]]></output>
            </test-case>
            <test-case id="1269" name="GetInteger_Bottom_Inclusive" fullname="GDX.Mathematics.RangeTests.GetInteger_Bottom_Inclusive" methodname="GetInteger_Bottom_Inclusive" classname="GDX.Mathematics.RangeTests" runstate="Runnable" seed="1359682640" result="Passed" start-time="2023-07-03 01:11:38Z" end-time="2023-07-03 01:11:38Z" duration="0.000291" asserts="0">
              <properties>
                <property name="Category" value="GDX.Tests" />
              </properties>
              <output><![CDATA[[Code Coverage] Code Coverage results for visited sequence points were saved in D:/BuildAgent/work/GDX-Documentation/Staging/CodeCoverage/GDX_Development-opencov/EditMode/TestCoverageResults_0538.xml
[Code Coverage] Code Coverage requires Burst Compilation to be disabled in order to obtain accurate coverage information. To disable Burst Compilation uncheck Jobs > Burst > Enable Compilation or pass '--burst-disable-compilation' to the command line in batchmode.
]]></output>
            </test-case>
            <test-case id="1271" name="GetInteger_Middle_Inclusive" fullname="GDX.Mathematics.RangeTests.GetInteger_Middle_Inclusive" methodname="GetInteger_Middle_Inclusive" classname="GDX.Mathematics.RangeTests" runstate="Runnable" seed="1569411205" result="Passed" start-time="2023-07-03 01:11:39Z" end-time="2023-07-03 01:11:39Z" duration="0.000473" asserts="0">
              <properties>
                <property name="Category" value="GDX.Tests" />
              </properties>
              <output><![CDATA[[Code Coverage] Code Coverage results for visited sequence points were saved in D:/BuildAgent/work/GDX-Documentation/Staging/CodeCoverage/GDX_Development-opencov/EditMode/TestCoverageResults_0539.xml
[Code Coverage] Code Coverage requires Burst Compilation to be disabled in order to obtain accurate coverage information. To disable Burst Compilation uncheck Jobs > Burst > Enable Compilation or pass '--burst-disable-compilation' to the command line in batchmode.
]]></output>
            </test-case>
            <test-case id="1270" name="GetInteger_Top_Inclusive" fullname="GDX.Mathematics.RangeTests.GetInteger_Top_Inclusive" methodname="GetInteger_Top_Inclusive" classname="GDX.Mathematics.RangeTests" runstate="Runnable" seed="51658191" result="Passed" start-time="2023-07-03 01:11:39Z" end-time="2023-07-03 01:11:39Z" duration="0.000281" asserts="0">
              <properties>
                <property name="Category" value="GDX.Tests" />
              </properties>
              <output><![CDATA[[Code Coverage] Code Coverage results for visited sequence points were saved in D:/BuildAgent/work/GDX-Documentation/Staging/CodeCoverage/GDX_Development-opencov/EditMode/TestCoverageResults_0540.xml
[Code Coverage] Code Coverage requires Burst Compilation to be disabled in order to obtain accurate coverage information. To disable Burst Compilation uncheck Jobs > Burst > Enable Compilation or pass '--burst-disable-compilation' to the command line in batchmode.
]]></output>
            </test-case>
            <test-case id="1272" name="GetSingle_Bottom_Inclusive" fullname="GDX.Mathematics.RangeTests.GetSingle_Bottom_Inclusive" methodname="GetSingle_Bottom_Inclusive" classname="GDX.Mathematics.RangeTests" runstate="Runnable" seed="503631901" result="Passed" start-time="2023-07-03 01:11:40Z" end-time="2023-07-03 01:11:40Z" duration="0.000293" asserts="0">
              <properties>
                <property name="Category" value="GDX.Tests" />
              </properties>
              <output><![CDATA[[Code Coverage] Code Coverage results for visited sequence points were saved in D:/BuildAgent/work/GDX-Documentation/Staging/CodeCoverage/GDX_Development-opencov/EditMode/TestCoverageResults_0541.xml
[Code Coverage] Code Coverage requires Burst Compilation to be disabled in order to obtain accurate coverage information. To disable Burst Compilation uncheck Jobs > Burst > Enable Compilation or pass '--burst-disable-compilation' to the command line in batchmode.
]]></output>
            </test-case>
            <test-case id="1274" name="GetSingle_Middle_Inclusive" fullname="GDX.Mathematics.RangeTests.GetSingle_Middle_Inclusive" methodname="GetSingle_Middle_Inclusive" classname="GDX.Mathematics.RangeTests" runstate="Runnable" seed="481039212" result="Passed" start-time="2023-07-03 01:11:41Z" end-time="2023-07-03 01:11:41Z" duration="0.000298" asserts="0">
              <properties>
                <property name="Category" value="GDX.Tests" />
              </properties>
              <output><![CDATA[[Code Coverage] Code Coverage results for visited sequence points were saved in D:/BuildAgent/work/GDX-Documentation/Staging/CodeCoverage/GDX_Development-opencov/EditMode/TestCoverageResults_0542.xml
[Code Coverage] Code Coverage requires Burst Compilation to be disabled in order to obtain accurate coverage information. To disable Burst Compilation uncheck Jobs > Burst > Enable Compilation or pass '--burst-disable-compilation' to the command line in batchmode.
]]></output>
            </test-case>
            <test-case id="1273" name="GetSingle_Top_Inclusive" fullname="GDX.Mathematics.RangeTests.GetSingle_Top_Inclusive" methodname="GetSingle_Top_Inclusive" classname="GDX.Mathematics.RangeTests" runstate="Runnable" seed="1796980407" result="Passed" start-time="2023-07-03 01:11:41Z" end-time="2023-07-03 01:11:41Z" duration="0.000293" asserts="0">
              <properties>
                <property name="Category" value="GDX.Tests" />
              </properties>
              <output><![CDATA[[Code Coverage] Code Coverage results for visited sequence points were saved in D:/BuildAgent/work/GDX-Documentation/Staging/CodeCoverage/GDX_Development-opencov/EditMode/TestCoverageResults_0543.xml
[Code Coverage] Code Coverage requires Burst Compilation to be disabled in order to obtain accurate coverage information. To disable Burst Compilation uncheck Jobs > Burst > Enable Compilation or pass '--burst-disable-compilation' to the command line in batchmode.
]]></output>
            </test-case>
            <test-case id="1275" name="GetUnsignedInteger_Bottom_Inclusive" fullname="GDX.Mathematics.RangeTests.GetUnsignedInteger_Bottom_Inclusive" methodname="GetUnsignedInteger_Bottom_Inclusive" classname="GDX.Mathematics.RangeTests" runstate="Runnable" seed="462414377" result="Passed" start-time="2023-07-03 01:11:42Z" end-time="2023-07-03 01:11:42Z" duration="0.000282" asserts="0">
              <properties>
                <property name="Category" value="GDX.Tests" />
              </properties>
              <output><![CDATA[[Code Coverage] Code Coverage results for visited sequence points were saved in D:/BuildAgent/work/GDX-Documentation/Staging/CodeCoverage/GDX_Development-opencov/EditMode/TestCoverageResults_0544.xml
[Code Coverage] Code Coverage requires Burst Compilation to be disabled in order to obtain accurate coverage information. To disable Burst Compilation uncheck Jobs > Burst > Enable Compilation or pass '--burst-disable-compilation' to the command line in batchmode.
]]></output>
            </test-case>
            <test-case id="1277" name="GetUnsignedInteger_Middle_Inclusive" fullname="GDX.Mathematics.RangeTests.GetUnsignedInteger_Middle_Inclusive" methodname="GetUnsignedInteger_Middle_Inclusive" classname="GDX.Mathematics.RangeTests" runstate="Runnable" seed="581268962" result="Passed" start-time="2023-07-03 01:11:43Z" end-time="2023-07-03 01:11:43Z" duration="0.000324" asserts="0">
              <properties>
                <property name="Category" value="GDX.Tests" />
              </properties>
              <output><![CDATA[[Code Coverage] Code Coverage results for visited sequence points were saved in D:/BuildAgent/work/GDX-Documentation/Staging/CodeCoverage/GDX_Development-opencov/EditMode/TestCoverageResults_0545.xml
[Code Coverage] Code Coverage requires Burst Compilation to be disabled in order to obtain accurate coverage information. To disable Burst Compilation uncheck Jobs > Burst > Enable Compilation or pass '--burst-disable-compilation' to the command line in batchmode.
]]></output>
            </test-case>
            <test-case id="1276" name="GetUnsignedInteger_Top_Inclusive" fullname="GDX.Mathematics.RangeTests.GetUnsignedInteger_Top_Inclusive" methodname="GetUnsignedInteger_Top_Inclusive" classname="GDX.Mathematics.RangeTests" runstate="Runnable" seed="1909094669" result="Passed" start-time="2023-07-03 01:11:43Z" end-time="2023-07-03 01:11:43Z" duration="0.000290" asserts="0">
              <properties>
                <property name="Category" value="GDX.Tests" />
              </properties>
              <output><![CDATA[[Code Coverage] Code Coverage results for visited sequence points were saved in D:/BuildAgent/work/GDX-Documentation/Staging/CodeCoverage/GDX_Development-opencov/EditMode/TestCoverageResults_0546.xml
[Code Coverage] Code Coverage requires Burst Compilation to be disabled in order to obtain accurate coverage information. To disable Burst Compilation uncheck Jobs > Burst > Enable Compilation or pass '--burst-disable-compilation' to the command line in batchmode.
]]></output>
            </test-case>
          </test-suite>
        </test-suite>
        <test-suite type="TestFixture" id="1068" name="PlayerLoopSystemExtensionsTests" fullname="GDX.PlayerLoopSystemExtensionsTests" classname="GDX.PlayerLoopSystemExtensionsTests" runstate="Runnable" testcasecount="2" result="Passed" start-time="2023-07-03 01:11:44Z" end-time="2023-07-03 01:11:45Z" duration="1.332810" total="2" passed="2" failed="0" inconclusive="0" skipped="0" asserts="0">
          <properties />
          <test-case id="1070" name="AddSubSystemToFirstSubSystemOfType_MethodType_Added" fullname="GDX.PlayerLoopSystemExtensionsTests.AddSubSystemToFirstSubSystemOfType_MethodType_Added" methodname="AddSubSystemToFirstSubSystemOfType_MethodType_Added" classname="GDX.PlayerLoopSystemExtensionsTests" runstate="Runnable" seed="2111877102" result="Passed" start-time="2023-07-03 01:11:44Z" end-time="2023-07-03 01:11:44Z" duration="0.003327" asserts="0">
            <properties>
              <property name="Category" value="GDX.Tests" />
            </properties>
            <output><![CDATA[[Code Coverage] Code Coverage results for visited sequence points were saved in D:/BuildAgent/work/GDX-Documentation/Staging/CodeCoverage/GDX_Development-opencov/EditMode/TestCoverageResults_0547.xml
[Code Coverage] Code Coverage requires Burst Compilation to be disabled in order to obtain accurate coverage information. To disable Burst Compilation uncheck Jobs > Burst > Enable Compilation or pass '--burst-disable-compilation' to the command line in batchmode.
]]></output>
          </test-case>
          <test-case id="1069" name="AddSubSystemToFirstSubSystemOfType_PlayerSystem_Added" fullname="GDX.PlayerLoopSystemExtensionsTests.AddSubSystemToFirstSubSystemOfType_PlayerSystem_Added" methodname="AddSubSystemToFirstSubSystemOfType_PlayerSystem_Added" classname="GDX.PlayerLoopSystemExtensionsTests" runstate="Runnable" seed="855954687" result="Passed" start-time="2023-07-03 01:11:45Z" end-time="2023-07-03 01:11:45Z" duration="0.000890" asserts="0">
            <properties>
              <property name="Category" value="GDX.Tests" />
            </properties>
            <output><![CDATA[[Code Coverage] Code Coverage results for visited sequence points were saved in D:/BuildAgent/work/GDX-Documentation/Staging/CodeCoverage/GDX_Development-opencov/EditMode/TestCoverageResults_0548.xml
[Code Coverage] Code Coverage requires Burst Compilation to be disabled in order to obtain accurate coverage information. To disable Burst Compilation uncheck Jobs > Burst > Enable Compilation or pass '--burst-disable-compilation' to the command line in batchmode.
]]></output>
          </test-case>
        </test-suite>
        <test-suite type="TestFixture" id="1071" name="ReflectionTests" fullname="GDX.ReflectionTests" classname="GDX.ReflectionTests" runstate="Runnable" testcasecount="28" result="Passed" start-time="2023-07-03 01:11:45Z" end-time="2023-07-03 01:12:04Z" duration="18.598047" total="28" passed="28" failed="0" inconclusive="0" skipped="0" asserts="0">
          <properties />
          <test-case id="1073" name="GetDefault_NonNullable_ReturnsValue" fullname="GDX.ReflectionTests.GetDefault_NonNullable_ReturnsValue" methodname="GetDefault_NonNullable_ReturnsValue" classname="GDX.ReflectionTests" runstate="Runnable" seed="364431087" result="Passed" start-time="2023-07-03 01:11:45Z" end-time="2023-07-03 01:11:45Z" duration="0.000414" asserts="0">
            <properties>
              <property name="Category" value="GDX.Tests" />
            </properties>
            <output><![CDATA[[Code Coverage] Code Coverage results for visited sequence points were saved in D:/BuildAgent/work/GDX-Documentation/Staging/CodeCoverage/GDX_Development-opencov/EditMode/TestCoverageResults_0549.xml
[Code Coverage] Code Coverage requires Burst Compilation to be disabled in order to obtain accurate coverage information. To disable Burst Compilation uncheck Jobs > Burst > Enable Compilation or pass '--burst-disable-compilation' to the command line in batchmode.
]]></output>
          </test-case>
          <test-case id="1072" name="GetDefault_Nullable_ReturnsNull" fullname="GDX.ReflectionTests.GetDefault_Nullable_ReturnsNull" methodname="GetDefault_Nullable_ReturnsNull" classname="GDX.ReflectionTests" runstate="Runnable" seed="511991158" result="Passed" start-time="2023-07-03 01:11:46Z" end-time="2023-07-03 01:11:46Z" duration="0.000274" asserts="0">
            <properties>
              <property name="Category" value="GDX.Tests" />
            </properties>
            <output><![CDATA[[Code Coverage] Code Coverage results for visited sequence points were saved in D:/BuildAgent/work/GDX-Documentation/Staging/CodeCoverage/GDX_Development-opencov/EditMode/TestCoverageResults_0550.xml
[Code Coverage] Code Coverage requires Burst Compilation to be disabled in order to obtain accurate coverage information. To disable Burst Compilation uncheck Jobs > Burst > Enable Compilation or pass '--burst-disable-compilation' to the command line in batchmode.
]]></output>
          </test-case>
          <test-case id="1075" name="GetType_BadType_ReturnsNull" fullname="GDX.ReflectionTests.GetType_BadType_ReturnsNull" methodname="GetType_BadType_ReturnsNull" classname="GDX.ReflectionTests" runstate="Runnable" seed="89379112" result="Passed" start-time="2023-07-03 01:11:47Z" end-time="2023-07-03 01:11:47Z" duration="0.001509" asserts="0">
            <properties>
              <property name="Category" value="GDX.Tests" />
            </properties>
            <output><![CDATA[[Code Coverage] Code Coverage results for visited sequence points were saved in D:/BuildAgent/work/GDX-Documentation/Staging/CodeCoverage/GDX_Development-opencov/EditMode/TestCoverageResults_0551.xml
[Code Coverage] Code Coverage requires Burst Compilation to be disabled in order to obtain accurate coverage information. To disable Burst Compilation uncheck Jobs > Burst > Enable Compilation or pass '--burst-disable-compilation' to the command line in batchmode.
]]></output>
          </test-case>
          <test-case id="1074" name="GetType_QualifiedType_ReturnsType" fullname="GDX.ReflectionTests.GetType_QualifiedType_ReturnsType" methodname="GetType_QualifiedType_ReturnsType" classname="GDX.ReflectionTests" runstate="Runnable" seed="1362349563" result="Passed" start-time="2023-07-03 01:11:47Z" end-time="2023-07-03 01:11:47Z" duration="0.000535" asserts="0">
            <properties>
              <property name="Category" value="GDX.Tests" />
            </properties>
            <output><![CDATA[[Code Coverage] Code Coverage results for visited sequence points were saved in D:/BuildAgent/work/GDX-Documentation/Staging/CodeCoverage/GDX_Development-opencov/EditMode/TestCoverageResults_0552.xml
[Code Coverage] Code Coverage requires Burst Compilation to be disabled in order to obtain accurate coverage information. To disable Burst Compilation uncheck Jobs > Burst > Enable Compilation or pass '--burst-disable-compilation' to the command line in batchmode.
]]></output>
          </test-case>
          <test-case id="1077" name="InvokeStaticMethod_BadMethod_ReturnsNull" fullname="GDX.ReflectionTests.InvokeStaticMethod_BadMethod_ReturnsNull" methodname="InvokeStaticMethod_BadMethod_ReturnsNull" classname="GDX.ReflectionTests" runstate="Runnable" seed="351276695" result="Passed" start-time="2023-07-03 01:11:48Z" end-time="2023-07-03 01:11:48Z" duration="0.000430" asserts="0">
            <properties>
              <property name="Category" value="GDX.Tests" />
              <property name="Category" value="GDX.Tests" />
            </properties>
            <output><![CDATA[[Code Coverage] Code Coverage results for visited sequence points were saved in D:/BuildAgent/work/GDX-Documentation/Staging/CodeCoverage/GDX_Development-opencov/EditMode/TestCoverageResults_0553.xml
[Code Coverage] Code Coverage requires Burst Compilation to be disabled in order to obtain accurate coverage information. To disable Burst Compilation uncheck Jobs > Burst > Enable Compilation or pass '--burst-disable-compilation' to the command line in batchmode.
]]></output>
          </test-case>
          <test-case id="1078" name="InvokeStaticMethod_BadType_ReturnsNull" fullname="GDX.ReflectionTests.InvokeStaticMethod_BadType_ReturnsNull" methodname="InvokeStaticMethod_BadType_ReturnsNull" classname="GDX.ReflectionTests" runstate="Runnable" seed="1222820014" result="Passed" start-time="2023-07-03 01:11:49Z" end-time="2023-07-03 01:11:49Z" duration="0.000614" asserts="0">
            <properties>
              <property name="Category" value="GDX.Tests" />
            </properties>
            <output><![CDATA[[Code Coverage] Code Coverage results for visited sequence points were saved in D:/BuildAgent/work/GDX-Documentation/Staging/CodeCoverage/GDX_Development-opencov/EditMode/TestCoverageResults_0554.xml
[Code Coverage] Code Coverage requires Burst Compilation to be disabled in order to obtain accurate coverage information. To disable Burst Compilation uncheck Jobs > Burst > Enable Compilation or pass '--burst-disable-compilation' to the command line in batchmode.
]]></output>
          </test-case>
          <test-case id="1076" name="InvokeStaticMethod_ProjectBrowser_ReturnsListOfBrowsers" fullname="GDX.ReflectionTests.InvokeStaticMethod_ProjectBrowser_ReturnsListOfBrowsers" methodname="InvokeStaticMethod_ProjectBrowser_ReturnsListOfBrowsers" classname="GDX.ReflectionTests" runstate="Runnable" seed="54361951" result="Passed" start-time="2023-07-03 01:11:49Z" end-time="2023-07-03 01:11:49Z" duration="0.000552" asserts="0">
            <properties>
              <property name="Category" value="GDX.Tests" />
            </properties>
            <output><![CDATA[[Code Coverage] Code Coverage results for visited sequence points were saved in D:/BuildAgent/work/GDX-Documentation/Staging/CodeCoverage/GDX_Development-opencov/EditMode/TestCoverageResults_0555.xml
[Code Coverage] Code Coverage requires Burst Compilation to be disabled in order to obtain accurate coverage information. To disable Burst Compilation uncheck Jobs > Burst > Enable Compilation or pass '--burst-disable-compilation' to the command line in batchmode.
]]></output>
          </test-case>
          <test-case id="1082" name="SetFieldOrPropertyValue_NoTarget_ReturnsFalse" fullname="GDX.ReflectionTests.SetFieldOrPropertyValue_NoTarget_ReturnsFalse" methodname="SetFieldOrPropertyValue_NoTarget_ReturnsFalse" classname="GDX.ReflectionTests" runstate="Runnable" seed="1886486136" result="Passed" start-time="2023-07-03 01:11:50Z" end-time="2023-07-03 01:11:50Z" duration="0.000480" asserts="0">
            <properties>
              <property name="Category" value="GDX.Tests" />
            </properties>
            <output><![CDATA[[Code Coverage] Code Coverage results for visited sequence points were saved in D:/BuildAgent/work/GDX-Documentation/Staging/CodeCoverage/GDX_Development-opencov/EditMode/TestCoverageResults_0556.xml
[Code Coverage] Code Coverage requires Burst Compilation to be disabled in order to obtain accurate coverage information. To disable Burst Compilation uncheck Jobs > Burst > Enable Compilation or pass '--burst-disable-compilation' to the command line in batchmode.
]]></output>
          </test-case>
          <test-case id="1081" name="SetFieldOrPropertyValue_NoType_ReturnsFalse" fullname="GDX.ReflectionTests.SetFieldOrPropertyValue_NoType_ReturnsFalse" methodname="SetFieldOrPropertyValue_NoType_ReturnsFalse" classname="GDX.ReflectionTests" runstate="Runnable" seed="1759283028" result="Passed" start-time="2023-07-03 01:11:51Z" end-time="2023-07-03 01:11:51Z" duration="0.011517" asserts="0">
            <properties>
              <property name="Category" value="GDX.Tests" />
            </properties>
            <output><![CDATA[[Code Coverage] Code Coverage results for visited sequence points were saved in D:/BuildAgent/work/GDX-Documentation/Staging/CodeCoverage/GDX_Development-opencov/EditMode/TestCoverageResults_0557.xml
[Code Coverage] Code Coverage requires Burst Compilation to be disabled in order to obtain accurate coverage information. To disable Burst Compilation uncheck Jobs > Burst > Enable Compilation or pass '--burst-disable-compilation' to the command line in batchmode.
]]></output>
          </test-case>
          <test-case id="1079" name="SetFieldOrPropertyValue_ProjectBrowser_SetIsLocked" fullname="GDX.ReflectionTests.SetFieldOrPropertyValue_ProjectBrowser_SetIsLocked" methodname="SetFieldOrPropertyValue_ProjectBrowser_SetIsLocked" classname="GDX.ReflectionTests" runstate="Runnable" seed="717292495" result="Passed" start-time="2023-07-03 01:11:51Z" end-time="2023-07-03 01:11:51Z" duration="0.001755" asserts="0">
            <properties>
              <property name="Category" value="GDX.Tests" />
            </properties>
            <output><![CDATA[[Code Coverage] Code Coverage results for visited sequence points were saved in D:/BuildAgent/work/GDX-Documentation/Staging/CodeCoverage/GDX_Development-opencov/EditMode/TestCoverageResults_0558.xml
[Code Coverage] Code Coverage requires Burst Compilation to be disabled in order to obtain accurate coverage information. To disable Burst Compilation uncheck Jobs > Burst > Enable Compilation or pass '--burst-disable-compilation' to the command line in batchmode.
]]></output>
          </test-case>
          <test-case id="1080" name="SetFieldOrPropertyValue_ProjectBrowser_SetSearchFieldText" fullname="GDX.ReflectionTests.SetFieldOrPropertyValue_ProjectBrowser_SetSearchFieldText" methodname="SetFieldOrPropertyValue_ProjectBrowser_SetSearchFieldText" classname="GDX.ReflectionTests" runstate="Runnable" seed="376872693" result="Passed" start-time="2023-07-03 01:11:52Z" end-time="2023-07-03 01:11:52Z" duration="0.000989" asserts="0">
            <properties>
              <property name="Category" value="GDX.Tests" />
            </properties>
            <output><![CDATA[[Code Coverage] Code Coverage results for visited sequence points were saved in D:/BuildAgent/work/GDX-Documentation/Staging/CodeCoverage/GDX_Development-opencov/EditMode/TestCoverageResults_0559.xml
[Code Coverage] Code Coverage requires Burst Compilation to be disabled in order to obtain accurate coverage information. To disable Burst Compilation uncheck Jobs > Burst > Enable Compilation or pass '--burst-disable-compilation' to the command line in batchmode.
]]></output>
          </test-case>
          <test-case id="1085" name="SetFieldValue_BadField_ReturnsFalse" fullname="GDX.ReflectionTests.SetFieldValue_BadField_ReturnsFalse" methodname="SetFieldValue_BadField_ReturnsFalse" classname="GDX.ReflectionTests" runstate="Runnable" seed="283723558" result="Passed" start-time="2023-07-03 01:11:53Z" end-time="2023-07-03 01:11:53Z" duration="0.000818" asserts="0">
            <properties>
              <property name="Category" value="GDX.Tests" />
            </properties>
            <output><![CDATA[[Code Coverage] Code Coverage results for visited sequence points were saved in D:/BuildAgent/work/GDX-Documentation/Staging/CodeCoverage/GDX_Development-opencov/EditMode/TestCoverageResults_0560.xml
[Code Coverage] Code Coverage requires Burst Compilation to be disabled in order to obtain accurate coverage information. To disable Burst Compilation uncheck Jobs > Burst > Enable Compilation or pass '--burst-disable-compilation' to the command line in batchmode.
]]></output>
          </test-case>
          <test-case id="1084" name="SetFieldValue_NoType_ReturnsFalse" fullname="GDX.ReflectionTests.SetFieldValue_NoType_ReturnsFalse" methodname="SetFieldValue_NoType_ReturnsFalse" classname="GDX.ReflectionTests" runstate="Runnable" seed="701714683" result="Passed" start-time="2023-07-03 01:11:53Z" end-time="2023-07-03 01:11:53Z" duration="0.001290" asserts="0">
            <properties>
              <property name="Category" value="GDX.Tests" />
            </properties>
            <output><![CDATA[[Code Coverage] Code Coverage results for visited sequence points were saved in D:/BuildAgent/work/GDX-Documentation/Staging/CodeCoverage/GDX_Development-opencov/EditMode/TestCoverageResults_0561.xml
[Code Coverage] Code Coverage requires Burst Compilation to be disabled in order to obtain accurate coverage information. To disable Burst Compilation uncheck Jobs > Burst > Enable Compilation or pass '--burst-disable-compilation' to the command line in batchmode.
]]></output>
          </test-case>
          <test-case id="1083" name="SetFieldValue_ProjectBrowser_SetSearchFieldText" fullname="GDX.ReflectionTests.SetFieldValue_ProjectBrowser_SetSearchFieldText" methodname="SetFieldValue_ProjectBrowser_SetSearchFieldText" classname="GDX.ReflectionTests" runstate="Runnable" seed="1526678361" result="Passed" start-time="2023-07-03 01:11:54Z" end-time="2023-07-03 01:11:54Z" duration="0.000891" asserts="0">
            <properties>
              <property name="Category" value="GDX.Tests" />
            </properties>
            <output><![CDATA[[Code Coverage] Code Coverage results for visited sequence points were saved in D:/BuildAgent/work/GDX-Documentation/Staging/CodeCoverage/GDX_Development-opencov/EditMode/TestCoverageResults_0562.xml
[Code Coverage] Code Coverage requires Burst Compilation to be disabled in order to obtain accurate coverage information. To disable Burst Compilation uncheck Jobs > Burst > Enable Compilation or pass '--burst-disable-compilation' to the command line in batchmode.
]]></output>
          </test-case>
          <test-case id="1088" name="SetPropertyValue_InvalidName_IsFalse" fullname="GDX.ReflectionTests.SetPropertyValue_InvalidName_IsFalse" methodname="SetPropertyValue_InvalidName_IsFalse" classname="GDX.ReflectionTests" runstate="Runnable" seed="1193631158" result="Passed" start-time="2023-07-03 01:11:55Z" end-time="2023-07-03 01:11:55Z" duration="0.000919" asserts="0">
            <properties>
              <property name="Category" value="GDX.Tests" />
            </properties>
            <output><![CDATA[[Code Coverage] Code Coverage results for visited sequence points were saved in D:/BuildAgent/work/GDX-Documentation/Staging/CodeCoverage/GDX_Development-opencov/EditMode/TestCoverageResults_0563.xml
[Code Coverage] Code Coverage requires Burst Compilation to be disabled in order to obtain accurate coverage information. To disable Burst Compilation uncheck Jobs > Burst > Enable Compilation or pass '--burst-disable-compilation' to the command line in batchmode.
]]></output>
          </test-case>
          <test-case id="1087" name="SetPropertyValue_NoType_IsFalse" fullname="GDX.ReflectionTests.SetPropertyValue_NoType_IsFalse" methodname="SetPropertyValue_NoType_IsFalse" classname="GDX.ReflectionTests" runstate="Runnable" seed="645140458" result="Passed" start-time="2023-07-03 01:11:55Z" end-time="2023-07-03 01:11:55Z" duration="0.000746" asserts="0">
            <properties>
              <property name="Category" value="GDX.Tests" />
            </properties>
            <output><![CDATA[[Code Coverage] Code Coverage results for visited sequence points were saved in D:/BuildAgent/work/GDX-Documentation/Staging/CodeCoverage/GDX_Development-opencov/EditMode/TestCoverageResults_0564.xml
[Code Coverage] Code Coverage requires Burst Compilation to be disabled in order to obtain accurate coverage information. To disable Burst Compilation uncheck Jobs > Burst > Enable Compilation or pass '--burst-disable-compilation' to the command line in batchmode.
]]></output>
          </test-case>
          <test-case id="1086" name="SetPropertyValue_QualifiedProperty_IsSet" fullname="GDX.ReflectionTests.SetPropertyValue_QualifiedProperty_IsSet" methodname="SetPropertyValue_QualifiedProperty_IsSet" classname="GDX.ReflectionTests" runstate="Runnable" seed="1459961828" result="Passed" start-time="2023-07-03 01:11:56Z" end-time="2023-07-03 01:11:56Z" duration="0.001010" asserts="0">
            <properties>
              <property name="Category" value="GDX.Tests" />
            </properties>
            <output><![CDATA[[Code Coverage] Code Coverage results for visited sequence points were saved in D:/BuildAgent/work/GDX-Documentation/Staging/CodeCoverage/GDX_Development-opencov/EditMode/TestCoverageResults_0565.xml
[Code Coverage] Code Coverage requires Burst Compilation to be disabled in order to obtain accurate coverage information. To disable Burst Compilation uncheck Jobs > Burst > Enable Compilation or pass '--burst-disable-compilation' to the command line in batchmode.
]]></output>
          </test-case>
          <test-case id="1091" name="TryGetFieldOrPropertyValue_BadField_ReturnsStartGridSize" fullname="GDX.ReflectionTests.TryGetFieldOrPropertyValue_BadField_ReturnsStartGridSize" methodname="TryGetFieldOrPropertyValue_BadField_ReturnsStartGridSize" classname="GDX.ReflectionTests" runstate="Runnable" seed="1804404729" result="Passed" start-time="2023-07-03 01:11:57Z" end-time="2023-07-03 01:11:57Z" duration="0.000761" asserts="0">
            <properties>
              <property name="Category" value="GDX.Tests" />
            </properties>
            <output><![CDATA[[Code Coverage] Code Coverage results for visited sequence points were saved in D:/BuildAgent/work/GDX-Documentation/Staging/CodeCoverage/GDX_Development-opencov/EditMode/TestCoverageResults_0566.xml
[Code Coverage] Code Coverage requires Burst Compilation to be disabled in order to obtain accurate coverage information. To disable Burst Compilation uncheck Jobs > Burst > Enable Compilation or pass '--burst-disable-compilation' to the command line in batchmode.
]]></output>
          </test-case>
          <test-case id="1090" name="TryGetFieldOrPropertyValue_NoField_ReturnsDefault" fullname="GDX.ReflectionTests.TryGetFieldOrPropertyValue_NoField_ReturnsDefault" methodname="TryGetFieldOrPropertyValue_NoField_ReturnsDefault" classname="GDX.ReflectionTests" runstate="Runnable" seed="1414853" result="Passed" start-time="2023-07-03 01:11:57Z" end-time="2023-07-03 01:11:57Z" duration="0.000909" asserts="0">
            <properties>
              <property name="Category" value="GDX.Tests" />
            </properties>
            <output><![CDATA[[Code Coverage] Code Coverage results for visited sequence points were saved in D:/BuildAgent/work/GDX-Documentation/Staging/CodeCoverage/GDX_Development-opencov/EditMode/TestCoverageResults_0567.xml
[Code Coverage] Code Coverage requires Burst Compilation to be disabled in order to obtain accurate coverage information. To disable Burst Compilation uncheck Jobs > Burst > Enable Compilation or pass '--burst-disable-compilation' to the command line in batchmode.
]]></output>
          </test-case>
          <test-case id="1089" name="TryGetFieldOrPropertyValue_NoTarget_ReturnsDefault" fullname="GDX.ReflectionTests.TryGetFieldOrPropertyValue_NoTarget_ReturnsDefault" methodname="TryGetFieldOrPropertyValue_NoTarget_ReturnsDefault" classname="GDX.ReflectionTests" runstate="Runnable" seed="1265300856" result="Passed" start-time="2023-07-03 01:11:58Z" end-time="2023-07-03 01:11:58Z" duration="0.000303" asserts="0">
            <properties>
              <property name="Category" value="GDX.Tests" />
            </properties>
            <output><![CDATA[[Code Coverage] Code Coverage results for visited sequence points were saved in D:/BuildAgent/work/GDX-Documentation/Staging/CodeCoverage/GDX_Development-opencov/EditMode/TestCoverageResults_0568.xml
[Code Coverage] Code Coverage requires Burst Compilation to be disabled in order to obtain accurate coverage information. To disable Burst Compilation uncheck Jobs > Burst > Enable Compilation or pass '--burst-disable-compilation' to the command line in batchmode.
]]></output>
          </test-case>
          <test-case id="1092" name="TryGetFieldOrPropertyValue_ProjectBrowserField_ReturnsStartGridSize" fullname="GDX.ReflectionTests.TryGetFieldOrPropertyValue_ProjectBrowserField_ReturnsStartGridSize" methodname="TryGetFieldOrPropertyValue_ProjectBrowserField_ReturnsStartGridSize" classname="GDX.ReflectionTests" runstate="Runnable" seed="1253664802" result="Passed" start-time="2023-07-03 01:11:59Z" end-time="2023-07-03 01:11:59Z" duration="0.000809" asserts="0">
            <properties>
              <property name="Category" value="GDX.Tests" />
            </properties>
            <output><![CDATA[[Code Coverage] Code Coverage results for visited sequence points were saved in D:/BuildAgent/work/GDX-Documentation/Staging/CodeCoverage/GDX_Development-opencov/EditMode/TestCoverageResults_0569.xml
[Code Coverage] Code Coverage requires Burst Compilation to be disabled in order to obtain accurate coverage information. To disable Burst Compilation uncheck Jobs > Burst > Enable Compilation or pass '--burst-disable-compilation' to the command line in batchmode.
]]></output>
          </test-case>
          <test-case id="1093" name="TryGetFieldOrPropertyValue_ProjectBrowserProperty_ReturnsIsLocked" fullname="GDX.ReflectionTests.TryGetFieldOrPropertyValue_ProjectBrowserProperty_ReturnsIsLocked" methodname="TryGetFieldOrPropertyValue_ProjectBrowserProperty_ReturnsIsLocked" classname="GDX.ReflectionTests" runstate="Runnable" seed="916767478" result="Passed" start-time="2023-07-03 01:11:59Z" end-time="2023-07-03 01:11:59Z" duration="0.000910" asserts="0">
            <properties>
              <property name="Category" value="GDX.Tests" />
            </properties>
            <output><![CDATA[[Code Coverage] Code Coverage results for visited sequence points were saved in D:/BuildAgent/work/GDX-Documentation/Staging/CodeCoverage/GDX_Development-opencov/EditMode/TestCoverageResults_0570.xml
[Code Coverage] Code Coverage requires Burst Compilation to be disabled in order to obtain accurate coverage information. To disable Burst Compilation uncheck Jobs > Burst > Enable Compilation or pass '--burst-disable-compilation' to the command line in batchmode.
]]></output>
          </test-case>
          <test-case id="1096" name="TryGetFieldValue_BadField_ReturnsDefault" fullname="GDX.ReflectionTests.TryGetFieldValue_BadField_ReturnsDefault" methodname="TryGetFieldValue_BadField_ReturnsDefault" classname="GDX.ReflectionTests" runstate="Runnable" seed="1272703148" result="Passed" start-time="2023-07-03 01:12:00Z" end-time="2023-07-03 01:12:00Z" duration="0.000780" asserts="0">
            <properties>
              <property name="Category" value="GDX.Tests" />
            </properties>
            <output><![CDATA[[Code Coverage] Code Coverage results for visited sequence points were saved in D:/BuildAgent/work/GDX-Documentation/Staging/CodeCoverage/GDX_Development-opencov/EditMode/TestCoverageResults_0571.xml
[Code Coverage] Code Coverage requires Burst Compilation to be disabled in order to obtain accurate coverage information. To disable Burst Compilation uncheck Jobs > Burst > Enable Compilation or pass '--burst-disable-compilation' to the command line in batchmode.
]]></output>
          </test-case>
          <test-case id="1095" name="TryGetFieldValue_NoType_ReturnsDefault" fullname="GDX.ReflectionTests.TryGetFieldValue_NoType_ReturnsDefault" methodname="TryGetFieldValue_NoType_ReturnsDefault" classname="GDX.ReflectionTests" runstate="Runnable" seed="699261856" result="Passed" start-time="2023-07-03 01:12:01Z" end-time="2023-07-03 01:12:01Z" duration="0.000764" asserts="0">
            <properties>
              <property name="Category" value="GDX.Tests" />
            </properties>
            <output><![CDATA[[Code Coverage] Code Coverage results for visited sequence points were saved in D:/BuildAgent/work/GDX-Documentation/Staging/CodeCoverage/GDX_Development-opencov/EditMode/TestCoverageResults_0572.xml
[Code Coverage] Code Coverage requires Burst Compilation to be disabled in order to obtain accurate coverage information. To disable Burst Compilation uncheck Jobs > Burst > Enable Compilation or pass '--burst-disable-compilation' to the command line in batchmode.
]]></output>
          </test-case>
          <test-case id="1094" name="TryGetFieldValue_ProjectBrowser_ReturnsTrueGetFieldText" fullname="GDX.ReflectionTests.TryGetFieldValue_ProjectBrowser_ReturnsTrueGetFieldText" methodname="TryGetFieldValue_ProjectBrowser_ReturnsTrueGetFieldText" classname="GDX.ReflectionTests" runstate="Runnable" seed="201927258" result="Passed" start-time="2023-07-03 01:12:01Z" end-time="2023-07-03 01:12:01Z" duration="0.000800" asserts="0">
            <properties>
              <property name="Category" value="GDX.Tests" />
            </properties>
            <output><![CDATA[[Code Coverage] Code Coverage results for visited sequence points were saved in D:/BuildAgent/work/GDX-Documentation/Staging/CodeCoverage/GDX_Development-opencov/EditMode/TestCoverageResults_0573.xml
[Code Coverage] Code Coverage requires Burst Compilation to be disabled in order to obtain accurate coverage information. To disable Burst Compilation uncheck Jobs > Burst > Enable Compilation or pass '--burst-disable-compilation' to the command line in batchmode.
]]></output>
          </test-case>
          <test-case id="1099" name="TryGetPropertyValue_InvalidName_IsFalse" fullname="GDX.ReflectionTests.TryGetPropertyValue_InvalidName_IsFalse" methodname="TryGetPropertyValue_InvalidName_IsFalse" classname="GDX.ReflectionTests" runstate="Runnable" seed="2092012603" result="Passed" start-time="2023-07-03 01:12:02Z" end-time="2023-07-03 01:12:02Z" duration="0.000814" asserts="0">
            <properties>
              <property name="Category" value="GDX.Tests" />
            </properties>
            <output><![CDATA[[Code Coverage] Code Coverage results for visited sequence points were saved in D:/BuildAgent/work/GDX-Documentation/Staging/CodeCoverage/GDX_Development-opencov/EditMode/TestCoverageResults_0574.xml
[Code Coverage] Code Coverage requires Burst Compilation to be disabled in order to obtain accurate coverage information. To disable Burst Compilation uncheck Jobs > Burst > Enable Compilation or pass '--burst-disable-compilation' to the command line in batchmode.
]]></output>
          </test-case>
          <test-case id="1098" name="TryGetPropertyValue_NoType_IsFalse" fullname="GDX.ReflectionTests.TryGetPropertyValue_NoType_IsFalse" methodname="TryGetPropertyValue_NoType_IsFalse" classname="GDX.ReflectionTests" runstate="Runnable" seed="817969765" result="Passed" start-time="2023-07-03 01:12:03Z" end-time="2023-07-03 01:12:03Z" duration="0.000762" asserts="0">
            <properties>
              <property name="Category" value="GDX.Tests" />
            </properties>
            <output><![CDATA[[Code Coverage] Code Coverage results for visited sequence points were saved in D:/BuildAgent/work/GDX-Documentation/Staging/CodeCoverage/GDX_Development-opencov/EditMode/TestCoverageResults_0575.xml
[Code Coverage] Code Coverage requires Burst Compilation to be disabled in order to obtain accurate coverage information. To disable Burst Compilation uncheck Jobs > Burst > Enable Compilation or pass '--burst-disable-compilation' to the command line in batchmode.
]]></output>
          </test-case>
          <test-case id="1097" name="TryGetPropertyValue_QualifiedProperty_IsTrue" fullname="GDX.ReflectionTests.TryGetPropertyValue_QualifiedProperty_IsTrue" methodname="TryGetPropertyValue_QualifiedProperty_IsTrue" classname="GDX.ReflectionTests" runstate="Runnable" seed="513978910" result="Passed" start-time="2023-07-03 01:12:03Z" end-time="2023-07-03 01:12:03Z" duration="0.000770" asserts="0">
            <properties>
              <property name="Category" value="GDX.Tests" />
            </properties>
            <output><![CDATA[[Code Coverage] Code Coverage results for visited sequence points were saved in D:/BuildAgent/work/GDX-Documentation/Staging/CodeCoverage/GDX_Development-opencov/EditMode/TestCoverageResults_0576.xml
[Code Coverage] Code Coverage requires Burst Compilation to be disabled in order to obtain accurate coverage information. To disable Burst Compilation uncheck Jobs > Burst > Enable Compilation or pass '--burst-disable-compilation' to the command line in batchmode.
]]></output>
          </test-case>
        </test-suite>
        <test-suite type="TestSuite" id="1769" name="Rendering" fullname="GDX.Rendering" runstate="Runnable" testcasecount="2" result="Passed" start-time="2023-07-03 01:12:04Z" end-time="2023-07-03 01:12:05Z" duration="1.482657" total="2" passed="2" failed="0" inconclusive="0" skipped="0" asserts="0">
          <properties />
          <test-suite type="TestFixture" id="1224" name="ShaderProviderTests" fullname="GDX.Rendering.ShaderProviderTests" classname="GDX.Rendering.ShaderProviderTests" runstate="Runnable" testcasecount="2" result="Passed" start-time="2023-07-03 01:12:04Z" end-time="2023-07-03 01:12:05Z" duration="1.351754" total="2" passed="2" failed="0" inconclusive="0" skipped="0" asserts="0">
            <properties />
            <test-case id="1225" name="DottedLine_NotNull" fullname="GDX.Rendering.ShaderProviderTests.DottedLine_NotNull" methodname="DottedLine_NotNull" classname="GDX.Rendering.ShaderProviderTests" runstate="Runnable" seed="1709669211" result="Passed" start-time="2023-07-03 01:12:04Z" end-time="2023-07-03 01:12:04Z" duration="0.000261" asserts="0">
              <properties>
                <property name="Category" value="GDX.Tests" />
              </properties>
              <output><![CDATA[[Code Coverage] Code Coverage results for visited sequence points were saved in D:/BuildAgent/work/GDX-Documentation/Staging/CodeCoverage/GDX_Development-opencov/EditMode/TestCoverageResults_0577.xml
[Code Coverage] Code Coverage requires Burst Compilation to be disabled in order to obtain accurate coverage information. To disable Burst Compilation uncheck Jobs > Burst > Enable Compilation or pass '--burst-disable-compilation' to the command line in batchmode.
]]></output>
            </test-case>
            <test-case id="1226" name="UnlitColor_NotNull" fullname="GDX.Rendering.ShaderProviderTests.UnlitColor_NotNull" methodname="UnlitColor_NotNull" classname="GDX.Rendering.ShaderProviderTests" runstate="Runnable" seed="845781649" result="Passed" start-time="2023-07-03 01:12:05Z" end-time="2023-07-03 01:12:05Z" duration="0.000277" asserts="0">
              <properties>
                <property name="Category" value="GDX.Tests" />
              </properties>
              <output><![CDATA[[Code Coverage] Code Coverage results for visited sequence points were saved in D:/BuildAgent/work/GDX-Documentation/Staging/CodeCoverage/GDX_Development-opencov/EditMode/TestCoverageResults_0578.xml
[Code Coverage] Code Coverage requires Burst Compilation to be disabled in order to obtain accurate coverage information. To disable Burst Compilation uncheck Jobs > Burst > Enable Compilation or pass '--burst-disable-compilation' to the command line in batchmode.
]]></output>
            </test-case>
          </test-suite>
        </test-suite>
        <test-suite type="TestFixture" id="1100" name="SegmentedStringTests" fullname="GDX.SegmentedStringTests" classname="GDX.SegmentedStringTests" runstate="Runnable" testcasecount="9" result="Passed" start-time="2023-07-03 01:12:05Z" end-time="2023-07-03 01:12:12Z" duration="6.026143" total="9" passed="9" failed="0" inconclusive="0" skipped="0" asserts="0">
          <properties />
          <test-case id="1101" name="AsCharArray_MockData_ReturnsAll" fullname="GDX.SegmentedStringTests.AsCharArray_MockData_ReturnsAll" methodname="AsCharArray_MockData_ReturnsAll" classname="GDX.SegmentedStringTests" runstate="Runnable" seed="278637134" result="Passed" start-time="2023-07-03 01:12:06Z" end-time="2023-07-03 01:12:06Z" duration="0.000989" asserts="0">
            <properties>
              <property name="Category" value="GDX.Tests" />
            </properties>
            <output><![CDATA[[Code Coverage] Code Coverage results for visited sequence points were saved in D:/BuildAgent/work/GDX-Documentation/Staging/CodeCoverage/GDX_Development-opencov/EditMode/TestCoverageResults_0579.xml
[Code Coverage] Code Coverage requires Burst Compilation to be disabled in order to obtain accurate coverage information. To disable Burst Compilation uncheck Jobs > Burst > Enable Compilation or pass '--burst-disable-compilation' to the command line in batchmode.
]]></output>
          </test-case>
          <test-case id="1102" name="AsCharArray_MockDataSpecific_ReturnsTarget" fullname="GDX.SegmentedStringTests.AsCharArray_MockDataSpecific_ReturnsTarget" methodname="AsCharArray_MockDataSpecific_ReturnsTarget" classname="GDX.SegmentedStringTests" runstate="Runnable" seed="1431654967" result="Passed" start-time="2023-07-03 01:12:06Z" end-time="2023-07-03 01:12:06Z" duration="0.000402" asserts="0">
            <properties>
              <property name="Category" value="GDX.Tests" />
            </properties>
            <output><![CDATA[[Code Coverage] Code Coverage results for visited sequence points were saved in D:/BuildAgent/work/GDX-Documentation/Staging/CodeCoverage/GDX_Development-opencov/EditMode/TestCoverageResults_0580.xml
[Code Coverage] Code Coverage requires Burst Compilation to be disabled in order to obtain accurate coverage information. To disable Burst Compilation uncheck Jobs > Burst > Enable Compilation or pass '--burst-disable-compilation' to the command line in batchmode.
]]></output>
          </test-case>
          <test-case id="1103" name="AsString_MockData_ReturnsLowered" fullname="GDX.SegmentedStringTests.AsString_MockData_ReturnsLowered" methodname="AsString_MockData_ReturnsLowered" classname="GDX.SegmentedStringTests" runstate="Runnable" seed="1373618216" result="Passed" start-time="2023-07-03 01:12:07Z" end-time="2023-07-03 01:12:07Z" duration="0.000403" asserts="0">
            <properties>
              <property name="Category" value="GDX.Tests" />
            </properties>
            <output><![CDATA[[Code Coverage] Code Coverage results for visited sequence points were saved in D:/BuildAgent/work/GDX-Documentation/Staging/CodeCoverage/GDX_Development-opencov/EditMode/TestCoverageResults_0581.xml
[Code Coverage] Code Coverage requires Burst Compilation to be disabled in order to obtain accurate coverage information. To disable Burst Compilation uncheck Jobs > Burst > Enable Compilation or pass '--burst-disable-compilation' to the command line in batchmode.
]]></output>
          </test-case>
          <test-case id="1104" name="GetCount_MockData_Correct" fullname="GDX.SegmentedStringTests.GetCount_MockData_Correct" methodname="GetCount_MockData_Correct" classname="GDX.SegmentedStringTests" runstate="Runnable" seed="1332338321" result="Passed" start-time="2023-07-03 01:12:08Z" end-time="2023-07-03 01:12:08Z" duration="0.000597" asserts="0">
            <properties>
              <property name="Category" value="GDX.Tests" />
            </properties>
            <output><![CDATA[[Code Coverage] Code Coverage results for visited sequence points were saved in D:/BuildAgent/work/GDX-Documentation/Staging/CodeCoverage/GDX_Development-opencov/EditMode/TestCoverageResults_0582.xml
[Code Coverage] Code Coverage requires Burst Compilation to be disabled in order to obtain accurate coverage information. To disable Burst Compilation uncheck Jobs > Burst > Enable Compilation or pass '--burst-disable-compilation' to the command line in batchmode.
]]></output>
          </test-case>
          <test-case id="1105" name="GetHashCode_MockData_Correct" fullname="GDX.SegmentedStringTests.GetHashCode_MockData_Correct" methodname="GetHashCode_MockData_Correct" classname="GDX.SegmentedStringTests" runstate="Runnable" seed="78282012" result="Passed" start-time="2023-07-03 01:12:08Z" end-time="2023-07-03 01:12:08Z" duration="0.000363" asserts="0">
            <properties>
              <property name="Category" value="GDX.Tests" />
            </properties>
            <output><![CDATA[[Code Coverage] Code Coverage results for visited sequence points were saved in D:/BuildAgent/work/GDX-Documentation/Staging/CodeCoverage/GDX_Development-opencov/EditMode/TestCoverageResults_0583.xml
[Code Coverage] Code Coverage requires Burst Compilation to be disabled in order to obtain accurate coverage information. To disable Burst Compilation uncheck Jobs > Burst > Enable Compilation or pass '--burst-disable-compilation' to the command line in batchmode.
]]></output>
          </test-case>
          <test-case id="1106" name="GetOffset_MockData_Valid" fullname="GDX.SegmentedStringTests.GetOffset_MockData_Valid" methodname="GetOffset_MockData_Valid" classname="GDX.SegmentedStringTests" runstate="Runnable" seed="1980613333" result="Passed" start-time="2023-07-03 01:12:09Z" end-time="2023-07-03 01:12:09Z" duration="0.000370" asserts="0">
            <properties>
              <property name="Category" value="GDX.Tests" />
            </properties>
            <output><![CDATA[[Code Coverage] Code Coverage results for visited sequence points were saved in D:/BuildAgent/work/GDX-Documentation/Staging/CodeCoverage/GDX_Development-opencov/EditMode/TestCoverageResults_0584.xml
[Code Coverage] Code Coverage requires Burst Compilation to be disabled in order to obtain accurate coverage information. To disable Burst Compilation uncheck Jobs > Burst > Enable Compilation or pass '--burst-disable-compilation' to the command line in batchmode.
]]></output>
          </test-case>
          <test-case id="1108" name="GetSegment_MockData_Matches" fullname="GDX.SegmentedStringTests.GetSegment_MockData_Matches" methodname="GetSegment_MockData_Matches" classname="GDX.SegmentedStringTests" runstate="Runnable" seed="138456839" result="Passed" start-time="2023-07-03 01:12:09Z" end-time="2023-07-03 01:12:09Z" duration="0.000437" asserts="0">
            <properties>
              <property name="Category" value="GDX.Tests" />
            </properties>
            <output><![CDATA[[Code Coverage] Code Coverage results for visited sequence points were saved in D:/BuildAgent/work/GDX-Documentation/Staging/CodeCoverage/GDX_Development-opencov/EditMode/TestCoverageResults_0585.xml
[Code Coverage] Code Coverage requires Burst Compilation to be disabled in order to obtain accurate coverage information. To disable Burst Compilation uncheck Jobs > Burst > Enable Compilation or pass '--burst-disable-compilation' to the command line in batchmode.
]]></output>
          </test-case>
          <test-case id="1107" name="GetSegmentLength_MockData_CorrectCount" fullname="GDX.SegmentedStringTests.GetSegmentLength_MockData_CorrectCount" methodname="GetSegmentLength_MockData_CorrectCount" classname="GDX.SegmentedStringTests" runstate="Runnable" seed="224938593" result="Passed" start-time="2023-07-03 01:12:10Z" end-time="2023-07-03 01:12:10Z" duration="0.000645" asserts="0">
            <properties>
              <property name="Category" value="GDX.Tests" />
            </properties>
            <output><![CDATA[[Code Coverage] Code Coverage results for visited sequence points were saved in D:/BuildAgent/work/GDX-Documentation/Staging/CodeCoverage/GDX_Development-opencov/EditMode/TestCoverageResults_0586.xml
[Code Coverage] Code Coverage requires Burst Compilation to be disabled in order to obtain accurate coverage information. To disable Burst Compilation uncheck Jobs > Burst > Enable Compilation or pass '--burst-disable-compilation' to the command line in batchmode.
]]></output>
          </test-case>
          <test-case id="1109" name="SplitOnNonAlphaNumericToLowerHashed_MockData_ValidHashCodes" fullname="GDX.SegmentedStringTests.SplitOnNonAlphaNumericToLowerHashed_MockData_ValidHashCodes" methodname="SplitOnNonAlphaNumericToLowerHashed_MockData_ValidHashCodes" classname="GDX.SegmentedStringTests" runstate="Runnable" seed="2024927714" result="Passed" start-time="2023-07-03 01:12:11Z" end-time="2023-07-03 01:12:11Z" duration="0.000591" asserts="0">
            <properties>
              <property name="Category" value="GDX.Tests" />
            </properties>
            <output><![CDATA[[Code Coverage] Code Coverage results for visited sequence points were saved in D:/BuildAgent/work/GDX-Documentation/Staging/CodeCoverage/GDX_Development-opencov/EditMode/TestCoverageResults_0587.xml
[Code Coverage] Code Coverage requires Burst Compilation to be disabled in order to obtain accurate coverage information. To disable Burst Compilation uncheck Jobs > Burst > Enable Compilation or pass '--burst-disable-compilation' to the command line in batchmode.
]]></output>
          </test-case>
        </test-suite>
        <test-suite type="TestFixture" id="1115" name="StringExtensionsTests" fullname="GDX.StringExtensionsTests" classname="GDX.StringExtensionsTests" runstate="Runnable" testcasecount="38" result="Passed" start-time="2023-07-03 01:12:12Z" end-time="2023-07-03 01:12:38Z" duration="26.402228" total="38" passed="38" failed="0" inconclusive="0" skipped="0" asserts="0">
          <properties />
          <test-case id="1146" name="Concatenate_Simple_NoSuffix" fullname="GDX.StringExtensionsTests.Concatenate_Simple_NoSuffix" methodname="Concatenate_Simple_NoSuffix" classname="GDX.StringExtensionsTests" runstate="Runnable" seed="1854748505" result="Passed" start-time="2023-07-03 01:12:12Z" end-time="2023-07-03 01:12:12Z" duration="0.000735" asserts="0">
            <properties>
              <property name="Category" value="GDX.Tests" />
            </properties>
            <output><![CDATA[[Code Coverage] Code Coverage results for visited sequence points were saved in D:/BuildAgent/work/GDX-Documentation/Staging/CodeCoverage/GDX_Development-opencov/EditMode/TestCoverageResults_0588.xml
[Code Coverage] Code Coverage requires Burst Compilation to be disabled in order to obtain accurate coverage information. To disable Burst Compilation uncheck Jobs > Burst > Enable Compilation or pass '--burst-disable-compilation' to the command line in batchmode.
]]></output>
          </test-case>
          <test-case id="1147" name="Concatenate_Simple_Suffix" fullname="GDX.StringExtensionsTests.Concatenate_Simple_Suffix" methodname="Concatenate_Simple_Suffix" classname="GDX.StringExtensionsTests" runstate="Runnable" seed="165459636" result="Passed" start-time="2023-07-03 01:12:12Z" end-time="2023-07-03 01:12:12Z" duration="0.000502" asserts="0">
            <properties>
              <property name="Category" value="GDX.Tests" />
            </properties>
            <output><![CDATA[[Code Coverage] Code Coverage results for visited sequence points were saved in D:/BuildAgent/work/GDX-Documentation/Staging/CodeCoverage/GDX_Development-opencov/EditMode/TestCoverageResults_0589.xml
[Code Coverage] Code Coverage requires Burst Compilation to be disabled in order to obtain accurate coverage information. To disable Burst Compilation uncheck Jobs > Burst > Enable Compilation or pass '--burst-disable-compilation' to the command line in batchmode.
]]></output>
          </test-case>
          <test-case id="1144" name="CountOccurence_TwoMockData_ReturnsTwo" fullname="GDX.StringExtensionsTests.CountOccurence_TwoMockData_ReturnsTwo" methodname="CountOccurence_TwoMockData_ReturnsTwo" classname="GDX.StringExtensionsTests" runstate="Runnable" seed="966709503" result="Passed" start-time="2023-07-03 01:12:13Z" end-time="2023-07-03 01:12:13Z" duration="0.000503" asserts="0">
            <properties>
              <property name="Category" value="GDX.Tests" />
            </properties>
            <output><![CDATA[[Code Coverage] Code Coverage results for visited sequence points were saved in D:/BuildAgent/work/GDX-Documentation/Staging/CodeCoverage/GDX_Development-opencov/EditMode/TestCoverageResults_0590.xml
[Code Coverage] Code Coverage requires Burst Compilation to be disabled in order to obtain accurate coverage information. To disable Burst Compilation uncheck Jobs > Burst > Enable Compilation or pass '--burst-disable-compilation' to the command line in batchmode.
]]></output>
          </test-case>
          <test-case id="1145" name="CountOccurence_ZeroMockData_ReturnsTwo" fullname="GDX.StringExtensionsTests.CountOccurence_ZeroMockData_ReturnsTwo" methodname="CountOccurence_ZeroMockData_ReturnsTwo" classname="GDX.StringExtensionsTests" runstate="Runnable" seed="1721507770" result="Passed" start-time="2023-07-03 01:12:14Z" end-time="2023-07-03 01:12:14Z" duration="0.000391" asserts="0">
            <properties>
              <property name="Category" value="GDX.Tests" />
            </properties>
            <output><![CDATA[[Code Coverage] Code Coverage results for visited sequence points were saved in D:/BuildAgent/work/GDX-Documentation/Staging/CodeCoverage/GDX_Development-opencov/EditMode/TestCoverageResults_0591.xml
[Code Coverage] Code Coverage requires Burst Compilation to be disabled in order to obtain accurate coverage information. To disable Burst Compilation uncheck Jobs > Burst > Enable Compilation or pass '--burst-disable-compilation' to the command line in batchmode.
]]></output>
          </test-case>
          <test-case id="1140" name="Encrypt_Decrypt_IsEqual" fullname="GDX.StringExtensionsTests.Encrypt_Decrypt_IsEqual" methodname="Encrypt_Decrypt_IsEqual" classname="GDX.StringExtensionsTests" runstate="Runnable" seed="2135950237" result="Passed" start-time="2023-07-03 01:12:14Z" end-time="2023-07-03 01:12:14Z" duration="0.010099" asserts="0">
            <properties>
              <property name="Category" value="GDX.Tests" />
            </properties>
            <output><![CDATA[[Code Coverage] Code Coverage results for visited sequence points were saved in D:/BuildAgent/work/GDX-Documentation/Staging/CodeCoverage/GDX_Development-opencov/EditMode/TestCoverageResults_0592.xml
[Code Coverage] Code Coverage requires Burst Compilation to be disabled in order to obtain accurate coverage information. To disable Burst Compilation uncheck Jobs > Burst > Enable Compilation or pass '--burst-disable-compilation' to the command line in batchmode.
]]></output>
          </test-case>
          <test-case id="1141" name="Encrypt_MockData_ReturnsString" fullname="GDX.StringExtensionsTests.Encrypt_MockData_ReturnsString" methodname="Encrypt_MockData_ReturnsString" classname="GDX.StringExtensionsTests" runstate="Runnable" seed="250716772" result="Passed" start-time="2023-07-03 01:12:16Z" end-time="2023-07-03 01:12:16Z" duration="0.000438" asserts="0">
            <properties>
              <property name="Category" value="GDX.Tests" />
            </properties>
            <output><![CDATA[[Code Coverage] Code Coverage results for visited sequence points were saved in D:/BuildAgent/work/GDX-Documentation/Staging/CodeCoverage/GDX_Development-opencov/EditMode/TestCoverageResults_0593.xml
[Code Coverage] Code Coverage requires Burst Compilation to be disabled in order to obtain accurate coverage information. To disable Burst Compilation uncheck Jobs > Burst > Enable Compilation or pass '--burst-disable-compilation' to the command line in batchmode.
]]></output>
          </test-case>
          <test-case id="1116" name="GetAfterFirst_MockData_ReturnsString" fullname="GDX.StringExtensionsTests.GetAfterFirst_MockData_ReturnsString" methodname="GetAfterFirst_MockData_ReturnsString" classname="GDX.StringExtensionsTests" runstate="Runnable" seed="1019875017" result="Passed" start-time="2023-07-03 01:12:17Z" end-time="2023-07-03 01:12:17Z" duration="0.000502" asserts="0">
            <properties>
              <property name="Category" value="GDX.Tests" />
            </properties>
            <output><![CDATA[[Code Coverage] Code Coverage results for visited sequence points were saved in D:/BuildAgent/work/GDX-Documentation/Staging/CodeCoverage/GDX_Development-opencov/EditMode/TestCoverageResults_0594.xml
[Code Coverage] Code Coverage requires Burst Compilation to be disabled in order to obtain accurate coverage information. To disable Burst Compilation uncheck Jobs > Burst > Enable Compilation or pass '--burst-disable-compilation' to the command line in batchmode.
]]></output>
          </test-case>
          <test-case id="1117" name="GetAfterLast_MockData_ReturnsString" fullname="GDX.StringExtensionsTests.GetAfterLast_MockData_ReturnsString" methodname="GetAfterLast_MockData_ReturnsString" classname="GDX.StringExtensionsTests" runstate="Runnable" seed="1489749401" result="Passed" start-time="2023-07-03 01:12:17Z" end-time="2023-07-03 01:12:17Z" duration="0.000550" asserts="0">
            <properties>
              <property name="Category" value="GDX.Tests" />
            </properties>
            <output><![CDATA[[Code Coverage] Code Coverage results for visited sequence points were saved in D:/BuildAgent/work/GDX-Documentation/Staging/CodeCoverage/GDX_Development-opencov/EditMode/TestCoverageResults_0595.xml
[Code Coverage] Code Coverage requires Burst Compilation to be disabled in order to obtain accurate coverage information. To disable Burst Compilation uncheck Jobs > Burst > Enable Compilation or pass '--burst-disable-compilation' to the command line in batchmode.
]]></output>
          </test-case>
          <test-case id="1118" name="GetBeforeFirst_MockData_ReturnsEmptyString" fullname="GDX.StringExtensionsTests.GetBeforeFirst_MockData_ReturnsEmptyString" methodname="GetBeforeFirst_MockData_ReturnsEmptyString" classname="GDX.StringExtensionsTests" runstate="Runnable" seed="1641438673" result="Passed" start-time="2023-07-03 01:12:18Z" end-time="2023-07-03 01:12:18Z" duration="0.000651" asserts="0">
            <properties>
              <property name="Category" value="GDX.Tests" />
            </properties>
            <output><![CDATA[[Code Coverage] Code Coverage results for visited sequence points were saved in D:/BuildAgent/work/GDX-Documentation/Staging/CodeCoverage/GDX_Development-opencov/EditMode/TestCoverageResults_0596.xml
[Code Coverage] Code Coverage requires Burst Compilation to be disabled in order to obtain accurate coverage information. To disable Burst Compilation uncheck Jobs > Burst > Enable Compilation or pass '--burst-disable-compilation' to the command line in batchmode.
]]></output>
          </test-case>
          <test-case id="1119" name="GetBeforeLast_MockData_ReturnsString" fullname="GDX.StringExtensionsTests.GetBeforeLast_MockData_ReturnsString" methodname="GetBeforeLast_MockData_ReturnsString" classname="GDX.StringExtensionsTests" runstate="Runnable" seed="101638372" result="Passed" start-time="2023-07-03 01:12:19Z" end-time="2023-07-03 01:12:19Z" duration="0.000482" asserts="0">
            <properties>
              <property name="Category" value="GDX.Tests" />
            </properties>
            <output><![CDATA[[Code Coverage] Code Coverage results for visited sequence points were saved in D:/BuildAgent/work/GDX-Documentation/Staging/CodeCoverage/GDX_Development-opencov/EditMode/TestCoverageResults_0597.xml
[Code Coverage] Code Coverage requires Burst Compilation to be disabled in order to obtain accurate coverage information. To disable Burst Compilation uncheck Jobs > Burst > Enable Compilation or pass '--burst-disable-compilation' to the command line in batchmode.
]]></output>
          </test-case>
          <test-case id="1142" name="GetStableLowerCaseHashCode_ToLowerGetStableHashCode_IsEqual" fullname="GDX.StringExtensionsTests.GetStableLowerCaseHashCode_ToLowerGetStableHashCode_IsEqual" methodname="GetStableLowerCaseHashCode_ToLowerGetStableHashCode_IsEqual" classname="GDX.StringExtensionsTests" runstate="Runnable" seed="1616359298" result="Passed" start-time="2023-07-03 01:12:19Z" end-time="2023-07-03 01:12:19Z" duration="0.000477" asserts="0">
            <properties>
              <property name="Category" value="GDX.Tests" />
            </properties>
            <output><![CDATA[[Code Coverage] Code Coverage results for visited sequence points were saved in D:/BuildAgent/work/GDX-Documentation/Staging/CodeCoverage/GDX_Development-opencov/EditMode/TestCoverageResults_0598.xml
[Code Coverage] Code Coverage requires Burst Compilation to be disabled in order to obtain accurate coverage information. To disable Burst Compilation uncheck Jobs > Burst > Enable Compilation or pass '--burst-disable-compilation' to the command line in batchmode.
]]></output>
          </test-case>
          <test-case id="1143" name="GetStableUpperCaseHashCode_ToUpperGetStableHashCode_IsEqual" fullname="GDX.StringExtensionsTests.GetStableUpperCaseHashCode_ToUpperGetStableHashCode_IsEqual" methodname="GetStableUpperCaseHashCode_ToUpperGetStableHashCode_IsEqual" classname="GDX.StringExtensionsTests" runstate="Runnable" seed="1985940267" result="Passed" start-time="2023-07-03 01:12:20Z" end-time="2023-07-03 01:12:20Z" duration="0.000475" asserts="0">
            <properties>
              <property name="Category" value="GDX.Tests" />
            </properties>
            <output><![CDATA[[Code Coverage] Code Coverage results for visited sequence points were saved in D:/BuildAgent/work/GDX-Documentation/Staging/CodeCoverage/GDX_Development-opencov/EditMode/TestCoverageResults_0599.xml
[Code Coverage] Code Coverage requires Burst Compilation to be disabled in order to obtain accurate coverage information. To disable Burst Compilation uncheck Jobs > Burst > Enable Compilation or pass '--burst-disable-compilation' to the command line in batchmode.
]]></output>
          </test-case>
          <test-case id="1123" name="HasLowerCase_MixedCaseString_ReturnsTrue" fullname="GDX.StringExtensionsTests.HasLowerCase_MixedCaseString_ReturnsTrue" methodname="HasLowerCase_MixedCaseString_ReturnsTrue" classname="GDX.StringExtensionsTests" runstate="Runnable" seed="1872005140" result="Passed" start-time="2023-07-03 01:12:21Z" end-time="2023-07-03 01:12:21Z" duration="0.000492" asserts="0">
            <properties>
              <property name="Category" value="GDX.Tests" />
            </properties>
            <output><![CDATA[[Code Coverage] Code Coverage results for visited sequence points were saved in D:/BuildAgent/work/GDX-Documentation/Staging/CodeCoverage/GDX_Development-opencov/EditMode/TestCoverageResults_0600.xml
[Code Coverage] Code Coverage requires Burst Compilation to be disabled in order to obtain accurate coverage information. To disable Burst Compilation uncheck Jobs > Burst > Enable Compilation or pass '--burst-disable-compilation' to the command line in batchmode.
]]></output>
          </test-case>
          <test-case id="1121" name="HasLowerCase_UpperCaseString_ReturnsFalse" fullname="GDX.StringExtensionsTests.HasLowerCase_UpperCaseString_ReturnsFalse" methodname="HasLowerCase_UpperCaseString_ReturnsFalse" classname="GDX.StringExtensionsTests" runstate="Runnable" seed="1377460264" result="Passed" start-time="2023-07-03 01:12:21Z" end-time="2023-07-03 01:12:21Z" duration="0.000392" asserts="0">
            <properties>
              <property name="Category" value="GDX.Tests" />
            </properties>
            <output><![CDATA[[Code Coverage] Code Coverage results for visited sequence points were saved in D:/BuildAgent/work/GDX-Documentation/Staging/CodeCoverage/GDX_Development-opencov/EditMode/TestCoverageResults_0601.xml
[Code Coverage] Code Coverage requires Burst Compilation to be disabled in order to obtain accurate coverage information. To disable Burst Compilation uncheck Jobs > Burst > Enable Compilation or pass '--burst-disable-compilation' to the command line in batchmode.
]]></output>
          </test-case>
          <test-case id="1120" name="HasUpperCase_LowerCaseString_ReturnsFalse" fullname="GDX.StringExtensionsTests.HasUpperCase_LowerCaseString_ReturnsFalse" methodname="HasUpperCase_LowerCaseString_ReturnsFalse" classname="GDX.StringExtensionsTests" runstate="Runnable" seed="969753744" result="Passed" start-time="2023-07-03 01:12:22Z" end-time="2023-07-03 01:12:22Z" duration="0.000500" asserts="0">
            <properties>
              <property name="Category" value="GDX.Tests" />
            </properties>
            <output><![CDATA[[Code Coverage] Code Coverage results for visited sequence points were saved in D:/BuildAgent/work/GDX-Documentation/Staging/CodeCoverage/GDX_Development-opencov/EditMode/TestCoverageResults_0602.xml
[Code Coverage] Code Coverage requires Burst Compilation to be disabled in order to obtain accurate coverage information. To disable Burst Compilation uncheck Jobs > Burst > Enable Compilation or pass '--burst-disable-compilation' to the command line in batchmode.
]]></output>
          </test-case>
          <test-case id="1122" name="HasUpperCase_MixedCaseString_ReturnsTrue" fullname="GDX.StringExtensionsTests.HasUpperCase_MixedCaseString_ReturnsTrue" methodname="HasUpperCase_MixedCaseString_ReturnsTrue" classname="GDX.StringExtensionsTests" runstate="Runnable" seed="1544891231" result="Passed" start-time="2023-07-03 01:12:23Z" end-time="2023-07-03 01:12:23Z" duration="0.000376" asserts="0">
            <properties>
              <property name="Category" value="GDX.Tests" />
            </properties>
            <output><![CDATA[[Code Coverage] Code Coverage results for visited sequence points were saved in D:/BuildAgent/work/GDX-Documentation/Staging/CodeCoverage/GDX_Development-opencov/EditMode/TestCoverageResults_0603.xml
[Code Coverage] Code Coverage requires Burst Compilation to be disabled in order to obtain accurate coverage information. To disable Burst Compilation uncheck Jobs > Burst > Enable Compilation or pass '--burst-disable-compilation' to the command line in batchmode.
]]></output>
          </test-case>
          <test-case id="1127" name="IsBooleanPositiveValue_BadString_ReturnsFalse" fullname="GDX.StringExtensionsTests.IsBooleanPositiveValue_BadString_ReturnsFalse" methodname="IsBooleanPositiveValue_BadString_ReturnsFalse" classname="GDX.StringExtensionsTests" runstate="Runnable" seed="1996530883" result="Passed" start-time="2023-07-03 01:12:23Z" end-time="2023-07-03 01:12:23Z" duration="0.000483" asserts="0">
            <properties>
              <property name="Category" value="GDX.Tests" />
            </properties>
            <output><![CDATA[[Code Coverage] Code Coverage results for visited sequence points were saved in D:/BuildAgent/work/GDX-Documentation/Staging/CodeCoverage/GDX_Development-opencov/EditMode/TestCoverageResults_0604.xml
[Code Coverage] Code Coverage requires Burst Compilation to be disabled in order to obtain accurate coverage information. To disable Burst Compilation uncheck Jobs > Burst > Enable Compilation or pass '--burst-disable-compilation' to the command line in batchmode.
]]></output>
          </test-case>
          <test-case id="1124" name="IsBooleanPositiveValue_TrueString_ReturnsTrue" fullname="GDX.StringExtensionsTests.IsBooleanPositiveValue_TrueString_ReturnsTrue" methodname="IsBooleanPositiveValue_TrueString_ReturnsTrue" classname="GDX.StringExtensionsTests" runstate="Runnable" seed="1512299052" result="Passed" start-time="2023-07-03 01:12:24Z" end-time="2023-07-03 01:12:24Z" duration="0.000442" asserts="0">
            <properties>
              <property name="Category" value="GDX.Tests" />
            </properties>
            <output><![CDATA[[Code Coverage] Code Coverage results for visited sequence points were saved in D:/BuildAgent/work/GDX-Documentation/Staging/CodeCoverage/GDX_Development-opencov/EditMode/TestCoverageResults_0605.xml
[Code Coverage] Code Coverage requires Burst Compilation to be disabled in order to obtain accurate coverage information. To disable Burst Compilation uncheck Jobs > Burst > Enable Compilation or pass '--burst-disable-compilation' to the command line in batchmode.
]]></output>
          </test-case>
          <test-case id="1126" name="IsBooleanValue_BadString_ReturnsFalse" fullname="GDX.StringExtensionsTests.IsBooleanValue_BadString_ReturnsFalse" methodname="IsBooleanValue_BadString_ReturnsFalse" classname="GDX.StringExtensionsTests" runstate="Runnable" seed="1157420512" result="Passed" start-time="2023-07-03 01:12:25Z" end-time="2023-07-03 01:12:25Z" duration="0.000481" asserts="0">
            <properties>
              <property name="Category" value="GDX.Tests" />
            </properties>
            <output><![CDATA[[Code Coverage] Code Coverage results for visited sequence points were saved in D:/BuildAgent/work/GDX-Documentation/Staging/CodeCoverage/GDX_Development-opencov/EditMode/TestCoverageResults_0606.xml
[Code Coverage] Code Coverage requires Burst Compilation to be disabled in order to obtain accurate coverage information. To disable Burst Compilation uncheck Jobs > Burst > Enable Compilation or pass '--burst-disable-compilation' to the command line in batchmode.
]]></output>
          </test-case>
          <test-case id="1125" name="IsBooleanValue_OffString_ReturnsTrue" fullname="GDX.StringExtensionsTests.IsBooleanValue_OffString_ReturnsTrue" methodname="IsBooleanValue_OffString_ReturnsTrue" classname="GDX.StringExtensionsTests" runstate="Runnable" seed="2112957018" result="Passed" start-time="2023-07-03 01:12:25Z" end-time="2023-07-03 01:12:25Z" duration="0.000391" asserts="0">
            <properties>
              <property name="Category" value="GDX.Tests" />
            </properties>
            <output><![CDATA[[Code Coverage] Code Coverage results for visited sequence points were saved in D:/BuildAgent/work/GDX-Documentation/Staging/CodeCoverage/GDX_Development-opencov/EditMode/TestCoverageResults_0607.xml
[Code Coverage] Code Coverage requires Burst Compilation to be disabled in order to obtain accurate coverage information. To disable Burst Compilation uncheck Jobs > Burst > Enable Compilation or pass '--burst-disable-compilation' to the command line in batchmode.
]]></output>
          </test-case>
          <test-case id="1131" name="IsIntegerValue_BadString_ReturnsFalse" fullname="GDX.StringExtensionsTests.IsIntegerValue_BadString_ReturnsFalse" methodname="IsIntegerValue_BadString_ReturnsFalse" classname="GDX.StringExtensionsTests" runstate="Runnable" seed="379419023" result="Passed" start-time="2023-07-03 01:12:26Z" end-time="2023-07-03 01:12:26Z" duration="0.000540" asserts="0">
            <properties>
              <property name="Category" value="GDX.Tests" />
            </properties>
            <output><![CDATA[[Code Coverage] Code Coverage results for visited sequence points were saved in D:/BuildAgent/work/GDX-Documentation/Staging/CodeCoverage/GDX_Development-opencov/EditMode/TestCoverageResults_0608.xml
[Code Coverage] Code Coverage requires Burst Compilation to be disabled in order to obtain accurate coverage information. To disable Burst Compilation uncheck Jobs > Burst > Enable Compilation or pass '--burst-disable-compilation' to the command line in batchmode.
]]></output>
          </test-case>
          <test-case id="1132" name="IsIntegerValue_MixedString_ReturnsFalse" fullname="GDX.StringExtensionsTests.IsIntegerValue_MixedString_ReturnsFalse" methodname="IsIntegerValue_MixedString_ReturnsFalse" classname="GDX.StringExtensionsTests" runstate="Runnable" seed="525727643" result="Passed" start-time="2023-07-03 01:12:27Z" end-time="2023-07-03 01:12:27Z" duration="0.000399" asserts="0">
            <properties>
              <property name="Category" value="GDX.Tests" />
            </properties>
            <output><![CDATA[[Code Coverage] Code Coverage results for visited sequence points were saved in D:/BuildAgent/work/GDX-Documentation/Staging/CodeCoverage/GDX_Development-opencov/EditMode/TestCoverageResults_0609.xml
[Code Coverage] Code Coverage requires Burst Compilation to be disabled in order to obtain accurate coverage information. To disable Burst Compilation uncheck Jobs > Burst > Enable Compilation or pass '--burst-disable-compilation' to the command line in batchmode.
]]></output>
          </test-case>
          <test-case id="1130" name="IsIntegerValue_NegativeNumber_ReturnsTrue" fullname="GDX.StringExtensionsTests.IsIntegerValue_NegativeNumber_ReturnsTrue" methodname="IsIntegerValue_NegativeNumber_ReturnsTrue" classname="GDX.StringExtensionsTests" runstate="Runnable" seed="1235343578" result="Passed" start-time="2023-07-03 01:12:27Z" end-time="2023-07-03 01:12:27Z" duration="0.000392" asserts="0">
            <properties>
              <property name="Category" value="GDX.Tests" />
            </properties>
            <output><![CDATA[[Code Coverage] Code Coverage results for visited sequence points were saved in D:/BuildAgent/work/GDX-Documentation/Staging/CodeCoverage/GDX_Development-opencov/EditMode/TestCoverageResults_0610.xml
[Code Coverage] Code Coverage requires Burst Compilation to be disabled in order to obtain accurate coverage information. To disable Burst Compilation uncheck Jobs > Burst > Enable Compilation or pass '--burst-disable-compilation' to the command line in batchmode.
]]></output>
          </test-case>
          <test-case id="1128" name="IsIntegerValue_NullNumber_ReturnsFalse" fullname="GDX.StringExtensionsTests.IsIntegerValue_NullNumber_ReturnsFalse" methodname="IsIntegerValue_NullNumber_ReturnsFalse" classname="GDX.StringExtensionsTests" runstate="Runnable" seed="1662459468" result="Passed" start-time="2023-07-03 01:12:28Z" end-time="2023-07-03 01:12:28Z" duration="0.000391" asserts="0">
            <properties>
              <property name="Category" value="GDX.Tests" />
            </properties>
            <output><![CDATA[[Code Coverage] Code Coverage results for visited sequence points were saved in D:/BuildAgent/work/GDX-Documentation/Staging/CodeCoverage/GDX_Development-opencov/EditMode/TestCoverageResults_0611.xml
[Code Coverage] Code Coverage requires Burst Compilation to be disabled in order to obtain accurate coverage information. To disable Burst Compilation uncheck Jobs > Burst > Enable Compilation or pass '--burst-disable-compilation' to the command line in batchmode.
]]></output>
          </test-case>
          <test-case id="1129" name="IsIntegerValue_PositiveNumber_ReturnsTrue" fullname="GDX.StringExtensionsTests.IsIntegerValue_PositiveNumber_ReturnsTrue" methodname="IsIntegerValue_PositiveNumber_ReturnsTrue" classname="GDX.StringExtensionsTests" runstate="Runnable" seed="1748002125" result="Passed" start-time="2023-07-03 01:12:29Z" end-time="2023-07-03 01:12:29Z" duration="0.000403" asserts="0">
            <properties>
              <property name="Category" value="GDX.Tests" />
            </properties>
            <output><![CDATA[[Code Coverage] Code Coverage results for visited sequence points were saved in D:/BuildAgent/work/GDX-Documentation/Staging/CodeCoverage/GDX_Development-opencov/EditMode/TestCoverageResults_0612.xml
[Code Coverage] Code Coverage requires Burst Compilation to be disabled in order to obtain accurate coverage information. To disable Burst Compilation uncheck Jobs > Burst > Enable Compilation or pass '--burst-disable-compilation' to the command line in batchmode.
]]></output>
          </test-case>
          <test-case id="1135" name="IsNumericValue_Characters_ReturnsFalse" fullname="GDX.StringExtensionsTests.IsNumericValue_Characters_ReturnsFalse" methodname="IsNumericValue_Characters_ReturnsFalse" classname="GDX.StringExtensionsTests" runstate="Runnable" seed="106005320" result="Passed" start-time="2023-07-03 01:12:29Z" end-time="2023-07-03 01:12:29Z" duration="0.000518" asserts="0">
            <properties>
              <property name="Category" value="GDX.Tests" />
            </properties>
            <output><![CDATA[[Code Coverage] Code Coverage results for visited sequence points were saved in D:/BuildAgent/work/GDX-Documentation/Staging/CodeCoverage/GDX_Development-opencov/EditMode/TestCoverageResults_0613.xml
[Code Coverage] Code Coverage requires Burst Compilation to be disabled in order to obtain accurate coverage information. To disable Burst Compilation uncheck Jobs > Burst > Enable Compilation or pass '--burst-disable-compilation' to the command line in batchmode.
]]></output>
          </test-case>
          <test-case id="1136" name="IsNumericValue_NegativeNumber_ReturnsTrue" fullname="GDX.StringExtensionsTests.IsNumericValue_NegativeNumber_ReturnsTrue" methodname="IsNumericValue_NegativeNumber_ReturnsTrue" classname="GDX.StringExtensionsTests" runstate="Runnable" seed="1452743042" result="Passed" start-time="2023-07-03 01:12:30Z" end-time="2023-07-03 01:12:30Z" duration="0.000402" asserts="0">
            <properties>
              <property name="Category" value="GDX.Tests" />
            </properties>
            <output><![CDATA[[Code Coverage] Code Coverage results for visited sequence points were saved in D:/BuildAgent/work/GDX-Documentation/Staging/CodeCoverage/GDX_Development-opencov/EditMode/TestCoverageResults_0614.xml
[Code Coverage] Code Coverage requires Burst Compilation to be disabled in order to obtain accurate coverage information. To disable Burst Compilation uncheck Jobs > Burst > Enable Compilation or pass '--burst-disable-compilation' to the command line in batchmode.
]]></output>
          </test-case>
          <test-case id="1134" name="IsNumericValue_NullNumber_ReturnsFalse" fullname="GDX.StringExtensionsTests.IsNumericValue_NullNumber_ReturnsFalse" methodname="IsNumericValue_NullNumber_ReturnsFalse" classname="GDX.StringExtensionsTests" runstate="Runnable" seed="819155357" result="Passed" start-time="2023-07-03 01:12:31Z" end-time="2023-07-03 01:12:31Z" duration="0.000462" asserts="0">
            <properties>
              <property name="Category" value="GDX.Tests" />
            </properties>
            <output><![CDATA[[Code Coverage] Code Coverage results for visited sequence points were saved in D:/BuildAgent/work/GDX-Documentation/Staging/CodeCoverage/GDX_Development-opencov/EditMode/TestCoverageResults_0615.xml
[Code Coverage] Code Coverage requires Burst Compilation to be disabled in order to obtain accurate coverage information. To disable Burst Compilation uncheck Jobs > Burst > Enable Compilation or pass '--burst-disable-compilation' to the command line in batchmode.
]]></output>
          </test-case>
          <test-case id="1133" name="IsNumericValue_PositiveNumber_ReturnsTrue" fullname="GDX.StringExtensionsTests.IsNumericValue_PositiveNumber_ReturnsTrue" methodname="IsNumericValue_PositiveNumber_ReturnsTrue" classname="GDX.StringExtensionsTests" runstate="Runnable" seed="660199317" result="Passed" start-time="2023-07-03 01:12:31Z" end-time="2023-07-03 01:12:31Z" duration="0.000428" asserts="0">
            <properties>
              <property name="Category" value="GDX.Tests" />
            </properties>
            <output><![CDATA[[Code Coverage] Code Coverage results for visited sequence points were saved in D:/BuildAgent/work/GDX-Documentation/Staging/CodeCoverage/GDX_Development-opencov/EditMode/TestCoverageResults_0616.xml
[Code Coverage] Code Coverage requires Burst Compilation to be disabled in order to obtain accurate coverage information. To disable Burst Compilation uncheck Jobs > Burst > Enable Compilation or pass '--burst-disable-compilation' to the command line in batchmode.
]]></output>
          </test-case>
          <test-case id="1137" name="IsNumericValue_TwoDecimals_ReturnsFalse" fullname="GDX.StringExtensionsTests.IsNumericValue_TwoDecimals_ReturnsFalse" methodname="IsNumericValue_TwoDecimals_ReturnsFalse" classname="GDX.StringExtensionsTests" runstate="Runnable" seed="368667857" result="Passed" start-time="2023-07-03 01:12:32Z" end-time="2023-07-03 01:12:32Z" duration="0.000440" asserts="0">
            <properties>
              <property name="Category" value="GDX.Tests" />
            </properties>
            <output><![CDATA[[Code Coverage] Code Coverage results for visited sequence points were saved in D:/BuildAgent/work/GDX-Documentation/Staging/CodeCoverage/GDX_Development-opencov/EditMode/TestCoverageResults_0617.xml
[Code Coverage] Code Coverage requires Burst Compilation to be disabled in order to obtain accurate coverage information. To disable Burst Compilation uncheck Jobs > Burst > Enable Compilation or pass '--burst-disable-compilation' to the command line in batchmode.
]]></output>
          </test-case>
          <test-case id="1153" name="PartialMatch_EmptySimpleList_NotFound" fullname="GDX.StringExtensionsTests.PartialMatch_EmptySimpleList_NotFound" methodname="PartialMatch_EmptySimpleList_NotFound" classname="GDX.StringExtensionsTests" runstate="Runnable" seed="358555278" result="Passed" start-time="2023-07-03 01:12:33Z" end-time="2023-07-03 01:12:33Z" duration="0.000625" asserts="0">
            <properties>
              <property name="Category" value="GDX.Tests" />
            </properties>
            <output><![CDATA[[Code Coverage] Code Coverage results for visited sequence points were saved in D:/BuildAgent/work/GDX-Documentation/Staging/CodeCoverage/GDX_Development-opencov/EditMode/TestCoverageResults_0618.xml
[Code Coverage] Code Coverage requires Burst Compilation to be disabled in order to obtain accurate coverage information. To disable Burst Compilation uncheck Jobs > Burst > Enable Compilation or pass '--burst-disable-compilation' to the command line in batchmode.
]]></output>
          </test-case>
          <test-case id="1150" name="PartialMatch_NullStringArray_NotFound" fullname="GDX.StringExtensionsTests.PartialMatch_NullStringArray_NotFound" methodname="PartialMatch_NullStringArray_NotFound" classname="GDX.StringExtensionsTests" runstate="Runnable" seed="487130595" result="Passed" start-time="2023-07-03 01:12:33Z" end-time="2023-07-03 01:12:33Z" duration="0.000508" asserts="0">
            <properties>
              <property name="Category" value="GDX.Tests" />
            </properties>
            <output><![CDATA[[Code Coverage] Code Coverage results for visited sequence points were saved in D:/BuildAgent/work/GDX-Documentation/Staging/CodeCoverage/GDX_Development-opencov/EditMode/TestCoverageResults_0619.xml
[Code Coverage] Code Coverage requires Burst Compilation to be disabled in order to obtain accurate coverage information. To disable Burst Compilation uncheck Jobs > Burst > Enable Compilation or pass '--burst-disable-compilation' to the command line in batchmode.
]]></output>
          </test-case>
          <test-case id="1151" name="PartialMatch_SimpleList_Found" fullname="GDX.StringExtensionsTests.PartialMatch_SimpleList_Found" methodname="PartialMatch_SimpleList_Found" classname="GDX.StringExtensionsTests" runstate="Runnable" seed="566072738" result="Passed" start-time="2023-07-03 01:12:34Z" end-time="2023-07-03 01:12:34Z" duration="0.000511" asserts="0">
            <properties>
              <property name="Category" value="GDX.Tests" />
            </properties>
            <output><![CDATA[[Code Coverage] Code Coverage results for visited sequence points were saved in D:/BuildAgent/work/GDX-Documentation/Staging/CodeCoverage/GDX_Development-opencov/EditMode/TestCoverageResults_0620.xml
[Code Coverage] Code Coverage requires Burst Compilation to be disabled in order to obtain accurate coverage information. To disable Burst Compilation uncheck Jobs > Burst > Enable Compilation or pass '--burst-disable-compilation' to the command line in batchmode.
]]></output>
          </test-case>
          <test-case id="1152" name="PartialMatch_SimpleList_NotFound" fullname="GDX.StringExtensionsTests.PartialMatch_SimpleList_NotFound" methodname="PartialMatch_SimpleList_NotFound" classname="GDX.StringExtensionsTests" runstate="Runnable" seed="1899902372" result="Passed" start-time="2023-07-03 01:12:35Z" end-time="2023-07-03 01:12:35Z" duration="0.000454" asserts="0">
            <properties>
              <property name="Category" value="GDX.Tests" />
            </properties>
            <output><![CDATA[[Code Coverage] Code Coverage results for visited sequence points were saved in D:/BuildAgent/work/GDX-Documentation/Staging/CodeCoverage/GDX_Development-opencov/EditMode/TestCoverageResults_0621.xml
[Code Coverage] Code Coverage requires Burst Compilation to be disabled in order to obtain accurate coverage information. To disable Burst Compilation uncheck Jobs > Burst > Enable Compilation or pass '--burst-disable-compilation' to the command line in batchmode.
]]></output>
          </test-case>
          <test-case id="1148" name="PartialMatch_StringArray_Found" fullname="GDX.StringExtensionsTests.PartialMatch_StringArray_Found" methodname="PartialMatch_StringArray_Found" classname="GDX.StringExtensionsTests" runstate="Runnable" seed="1344441572" result="Passed" start-time="2023-07-03 01:12:35Z" end-time="2023-07-03 01:12:35Z" duration="0.000419" asserts="0">
            <properties>
              <property name="Category" value="GDX.Tests" />
            </properties>
            <output><![CDATA[[Code Coverage] Code Coverage results for visited sequence points were saved in D:/BuildAgent/work/GDX-Documentation/Staging/CodeCoverage/GDX_Development-opencov/EditMode/TestCoverageResults_0622.xml
[Code Coverage] Code Coverage requires Burst Compilation to be disabled in order to obtain accurate coverage information. To disable Burst Compilation uncheck Jobs > Burst > Enable Compilation or pass '--burst-disable-compilation' to the command line in batchmode.
]]></output>
          </test-case>
          <test-case id="1149" name="PartialMatch_StringArray_NotFound" fullname="GDX.StringExtensionsTests.PartialMatch_StringArray_NotFound" methodname="PartialMatch_StringArray_NotFound" classname="GDX.StringExtensionsTests" runstate="Runnable" seed="2134148227" result="Passed" start-time="2023-07-03 01:12:36Z" end-time="2023-07-03 01:12:36Z" duration="0.000425" asserts="0">
            <properties>
              <property name="Category" value="GDX.Tests" />
            </properties>
            <output><![CDATA[[Code Coverage] Code Coverage results for visited sequence points were saved in D:/BuildAgent/work/GDX-Documentation/Staging/CodeCoverage/GDX_Development-opencov/EditMode/TestCoverageResults_0623.xml
[Code Coverage] Code Coverage requires Burst Compilation to be disabled in order to obtain accurate coverage information. To disable Burst Compilation uncheck Jobs > Burst > Enable Compilation or pass '--burst-disable-compilation' to the command line in batchmode.
]]></output>
          </test-case>
          <test-case id="1139" name="SplitCamelCase_camelCase_ReturnsString" fullname="GDX.StringExtensionsTests.SplitCamelCase_camelCase_ReturnsString" methodname="SplitCamelCase_camelCase_ReturnsString" classname="GDX.StringExtensionsTests" runstate="Runnable" seed="462152452" result="Passed" start-time="2023-07-03 01:12:37Z" end-time="2023-07-03 01:12:37Z" duration="0.001179" asserts="0">
            <properties>
              <property name="Category" value="GDX.Tests" />
            </properties>
            <output><![CDATA[[Code Coverage] Code Coverage results for visited sequence points were saved in D:/BuildAgent/work/GDX-Documentation/Staging/CodeCoverage/GDX_Development-opencov/EditMode/TestCoverageResults_0624.xml
[Code Coverage] Code Coverage requires Burst Compilation to be disabled in order to obtain accurate coverage information. To disable Burst Compilation uncheck Jobs > Burst > Enable Compilation or pass '--burst-disable-compilation' to the command line in batchmode.
]]></output>
          </test-case>
          <test-case id="1138" name="SplitCamelCase_CamelCase_ReturnsString" fullname="GDX.StringExtensionsTests.SplitCamelCase_CamelCase_ReturnsString" methodname="SplitCamelCase_CamelCase_ReturnsString" classname="GDX.StringExtensionsTests" runstate="Runnable" seed="1322657319" result="Passed" start-time="2023-07-03 01:12:37Z" end-time="2023-07-03 01:12:37Z" duration="0.000484" asserts="0">
            <properties>
              <property name="Category" value="GDX.Tests" />
            </properties>
            <output><![CDATA[[Code Coverage] Code Coverage results for visited sequence points were saved in D:/BuildAgent/work/GDX-Documentation/Staging/CodeCoverage/GDX_Development-opencov/EditMode/TestCoverageResults_0625.xml
[Code Coverage] Code Coverage requires Burst Compilation to be disabled in order to obtain accurate coverage information. To disable Burst Compilation uncheck Jobs > Burst > Enable Compilation or pass '--burst-disable-compilation' to the command line in batchmode.
]]></output>
          </test-case>
        </test-suite>
        <test-suite type="TestSuite" id="1768" name="Threading" fullname="GDX.Threading" runstate="Runnable" testcasecount="24" result="Passed" start-time="2023-07-03 01:12:38Z" end-time="2023-07-03 01:13:46Z" duration="68.332023" total="24" passed="24" failed="0" inconclusive="0" skipped="0" asserts="0">
          <properties />
          <test-suite type="TestFixture" id="1196" name="TaskDirectorSystemTests" fullname="GDX.Threading.TaskDirectorSystemTests" classname="GDX.Threading.TaskDirectorSystemTests" runstate="Runnable" testcasecount="7" result="Passed" start-time="2023-07-03 01:12:38Z" end-time="2023-07-03 01:13:28Z" duration="50.508379" total="7" passed="7" failed="0" inconclusive="0" skipped="0" asserts="0">
            <properties />
            <test-case id="1198" name="Initialize_DefaultTickRate" fullname="GDX.Threading.TaskDirectorSystemTests.Initialize_DefaultTickRate" methodname="Initialize_DefaultTickRate" classname="GDX.Threading.TaskDirectorSystemTests" runstate="Runnable" seed="1667273350" result="Passed" start-time="2023-07-03 01:12:38Z" end-time="2023-07-03 01:12:47Z" duration="8.926878" asserts="0">
              <properties>
                <property name="_JOINTYPE" value="UnityCombinatorial" />
                <property name="Category" value="GDX.Tests" />
              </properties>
              <output><![CDATA[[Code Coverage] Code Coverage results for visited sequence points were saved in D:/BuildAgent/work/GDX-Documentation/Staging/CodeCoverage/GDX_Development-opencov/EditMode/TestCoverageResults_0626.xml
[Code Coverage] Code Coverage requires Burst Compilation to be disabled in order to obtain accurate coverage information. To disable Burst Compilation uncheck Jobs > Burst > Enable Compilation or pass '--burst-disable-compilation' to the command line in batchmode.
]]></output>
            </test-case>
            <test-case id="1203" name="Invoke_PlayerLoopTick_NoTickInEditMode" fullname="GDX.Threading.TaskDirectorSystemTests.Invoke_PlayerLoopTick_NoTickInEditMode" methodname="Invoke_PlayerLoopTick_NoTickInEditMode" classname="GDX.Threading.TaskDirectorSystemTests" runstate="Runnable" seed="1634916572" result="Passed" start-time="2023-07-03 01:12:48Z" end-time="2023-07-03 01:12:50Z" duration="2.713048" asserts="0">
              <properties>
                <property name="Category" value="GDX.Tests" />
              </properties>
              <output><![CDATA[GDX: Unable to tick Task Director from PlayerLoop outside of PlayMode.
	@ .\Packages\com.dotbunny.gdx\GDX\Threading\TaskDirectorSystem.cs:138
[Code Coverage] Code Coverage results for visited sequence points were saved in D:/BuildAgent/work/GDX-Documentation/Staging/CodeCoverage/GDX_Development-opencov/EditMode/TestCoverageResults_0627.xml
[Code Coverage] Code Coverage requires Burst Compilation to be disabled in order to obtain accurate coverage information. To disable Burst Compilation uncheck Jobs > Burst > Enable Compilation or pass '--burst-disable-compilation' to the command line in batchmode.
]]></output>
            </test-case>
            <test-case id="1199" name="Offline_NoTick" fullname="GDX.Threading.TaskDirectorSystemTests.Offline_NoTick" methodname="Offline_NoTick" classname="GDX.Threading.TaskDirectorSystemTests" runstate="Runnable" seed="209066418" result="Passed" start-time="2023-07-03 01:12:51Z" end-time="2023-07-03 01:13:01Z" duration="9.907169" asserts="0">
              <properties>
                <property name="_JOINTYPE" value="UnityCombinatorial" />
                <property name="Category" value="GDX.Tests" />
              </properties>
            </test-case>
            <test-case id="1200" name="Online_Ticks" fullname="GDX.Threading.TaskDirectorSystemTests.Online_Ticks" methodname="Online_Ticks" classname="GDX.Threading.TaskDirectorSystemTests" runstate="Runnable" seed="1430769334" result="Passed" start-time="2023-07-03 01:13:02Z" end-time="2023-07-03 01:13:10Z" duration="8.805457" asserts="0">
              <properties>
                <property name="_JOINTYPE" value="UnityCombinatorial" />
                <property name="Category" value="GDX.Tests" />
              </properties>
              <output><![CDATA[[Code Coverage] Code Coverage results for visited sequence points were saved in D:/BuildAgent/work/GDX-Documentation/Staging/CodeCoverage/GDX_Development-opencov/EditMode/TestCoverageResults_0629.xml
[Code Coverage] Code Coverage requires Burst Compilation to be disabled in order to obtain accurate coverage information. To disable Burst Compilation uncheck Jobs > Burst > Enable Compilation or pass '--burst-disable-compilation' to the command line in batchmode.
]]></output>
            </test-case>
            <test-case id="1202" name="SetTickRate_WhileOff_Warning" fullname="GDX.Threading.TaskDirectorSystemTests.SetTickRate_WhileOff_Warning" methodname="SetTickRate_WhileOff_Warning" classname="GDX.Threading.TaskDirectorSystemTests" runstate="Runnable" seed="42702226" result="Passed" start-time="2023-07-03 01:13:11Z" end-time="2023-07-03 01:13:14Z" duration="2.774858" asserts="0">
              <properties>
                <property name="Category" value="GDX.Tests" />
              </properties>
              <output><![CDATA[GDX: Tick rate set whilst TaskDirectorSystem has been configured off.
	@ .\Packages\com.dotbunny.gdx\GDX\Threading\TaskDirectorSystem.cs:92
[Code Coverage] Code Coverage results for visited sequence points were saved in D:/BuildAgent/work/GDX-Documentation/Staging/CodeCoverage/GDX_Development-opencov/EditMode/TestCoverageResults_0630.xml
[Code Coverage] Code Coverage requires Burst Compilation to be disabled in order to obtain accurate coverage information. To disable Burst Compilation uncheck Jobs > Burst > Enable Compilation or pass '--burst-disable-compilation' to the command line in batchmode.
]]></output>
            </test-case>
            <test-case id="1197" name="Task_Complete_TicksDirector" fullname="GDX.Threading.TaskDirectorSystemTests.Task_Complete_TicksDirector" methodname="Task_Complete_TicksDirector" classname="GDX.Threading.TaskDirectorSystemTests" runstate="Runnable" seed="2069618141" result="Passed" start-time="2023-07-03 01:13:14Z" end-time="2023-07-03 01:13:17Z" duration="2.719096" asserts="0">
              <properties>
                <property name="Category" value="GDX.Tests" />
              </properties>
              <output><![CDATA[[Code Coverage] Code Coverage results for visited sequence points were saved in D:/BuildAgent/work/GDX-Documentation/Staging/CodeCoverage/GDX_Development-opencov/EditMode/TestCoverageResults_0631.xml
[Code Coverage] Code Coverage requires Burst Compilation to be disabled in order to obtain accurate coverage information. To disable Burst Compilation uncheck Jobs > Burst > Enable Compilation or pass '--burst-disable-compilation' to the command line in batchmode.
]]></output>
            </test-case>
            <test-case id="1201" name="Ticks_AtRate" fullname="GDX.Threading.TaskDirectorSystemTests.Ticks_AtRate" methodname="Ticks_AtRate" classname="GDX.Threading.TaskDirectorSystemTests" runstate="Runnable" seed="118877069" result="Passed" start-time="2023-07-03 01:13:18Z" end-time="2023-07-03 01:13:28Z" duration="9.896204" asserts="0">
              <properties>
                <property name="_JOINTYPE" value="UnityCombinatorial" />
                <property name="Category" value="GDX.Tests" />
              </properties>
              <output><![CDATA[[Code Coverage] Code Coverage results for visited sequence points were saved in D:/BuildAgent/work/GDX-Documentation/Staging/CodeCoverage/GDX_Development-opencov/EditMode/TestCoverageResults_0632.xml
[Code Coverage] Code Coverage requires Burst Compilation to be disabled in order to obtain accurate coverage information. To disable Burst Compilation uncheck Jobs > Burst > Enable Compilation or pass '--burst-disable-compilation' to the command line in batchmode.
]]></output>
            </test-case>
          </test-suite>
          <test-suite type="TestFixture" id="1204" name="TaskDirectorTests" fullname="GDX.Threading.TaskDirectorTests" classname="GDX.Threading.TaskDirectorTests" runstate="Runnable" testcasecount="13" result="Passed" start-time="2023-07-03 01:13:28Z" end-time="2023-07-03 01:13:41Z" duration="13.026055" total="13" passed="13" failed="0" inconclusive="0" skipped="0" asserts="0">
            <properties />
            <test-case id="1207" name="AddLog_Logging_ExpectedCount" fullname="GDX.Threading.TaskDirectorTests.AddLog_Logging_ExpectedCount" methodname="AddLog_Logging_ExpectedCount" classname="GDX.Threading.TaskDirectorTests" runstate="Runnable" seed="1951527985" result="Passed" start-time="2023-07-03 01:13:28Z" end-time="2023-07-03 01:13:28Z" duration="0.029748" asserts="0">
              <properties>
                <property name="Category" value="GDX.Tests" />
              </properties>
              <output><![CDATA[[Code Coverage] Code Coverage results for visited sequence points were saved in D:/BuildAgent/work/GDX-Documentation/Staging/CodeCoverage/GDX_Development-opencov/EditMode/TestCoverageResults_0633.xml
[Code Coverage] Code Coverage requires Burst Compilation to be disabled in order to obtain accurate coverage information. To disable Burst Compilation uncheck Jobs > Burst > Enable Compilation or pass '--burst-disable-compilation' to the command line in batchmode.
]]></output>
            </test-case>
            <test-case id="1205" name="AddLog_OnLogAdded_ExpectedCount" fullname="GDX.Threading.TaskDirectorTests.AddLog_OnLogAdded_ExpectedCount" methodname="AddLog_OnLogAdded_ExpectedCount" classname="GDX.Threading.TaskDirectorTests" runstate="Runnable" seed="716897715" result="Passed" start-time="2023-07-03 01:13:29Z" end-time="2023-07-03 01:13:29Z" duration="0.021575" asserts="0">
              <properties>
                <property name="Category" value="GDX.Tests" />
              </properties>
              <output><![CDATA[[Code Coverage] Code Coverage results for visited sequence points were saved in D:/BuildAgent/work/GDX-Documentation/Staging/CodeCoverage/GDX_Development-opencov/EditMode/TestCoverageResults_0634.xml
[Code Coverage] Code Coverage requires Burst Compilation to be disabled in order to obtain accurate coverage information. To disable Burst Compilation uncheck Jobs > Burst > Enable Compilation or pass '--burst-disable-compilation' to the command line in batchmode.
]]></output>
            </test-case>
            <test-case id="1212" name="BlockingBits_BlocksBits_CompletesCalled" fullname="GDX.Threading.TaskDirectorTests.BlockingBits_BlocksBits_CompletesCalled" methodname="BlockingBits_BlocksBits_CompletesCalled" classname="GDX.Threading.TaskDirectorTests" runstate="Runnable" seed="1646708872" result="Passed" start-time="2023-07-03 01:13:30Z" end-time="2023-07-03 01:13:30Z" duration="0.226848" asserts="0">
              <properties>
                <property name="Category" value="GDX.Tests" />
              </properties>
              <output><![CDATA[[Code Coverage] Code Coverage results for visited sequence points were saved in D:/BuildAgent/work/GDX-Documentation/Staging/CodeCoverage/GDX_Development-opencov/EditMode/TestCoverageResults_0635.xml
[Code Coverage] Code Coverage requires Burst Compilation to be disabled in order to obtain accurate coverage information. To disable Burst Compilation uncheck Jobs > Burst > Enable Compilation or pass '--burst-disable-compilation' to the command line in batchmode.
]]></output>
            </test-case>
            <test-case id="1206" name="BuiltIn_Logging_ExpectedCount" fullname="GDX.Threading.TaskDirectorTests.BuiltIn_Logging_ExpectedCount" methodname="BuiltIn_Logging_ExpectedCount" classname="GDX.Threading.TaskDirectorTests" runstate="Runnable" seed="943383723" result="Passed" start-time="2023-07-03 01:13:31Z" end-time="2023-07-03 01:13:31Z" duration="0.116456" asserts="0">
              <properties>
                <property name="_JOINTYPE" value="UnityCombinatorial" />
                <property name="Category" value="GDX.Tests" />
              </properties>
              <output><![CDATA[[Code Coverage] Code Coverage results for visited sequence points were saved in D:/BuildAgent/work/GDX-Documentation/Staging/CodeCoverage/GDX_Development-opencov/EditMode/TestCoverageResults_0636.xml
[Code Coverage] Code Coverage requires Burst Compilation to be disabled in order to obtain accurate coverage information. To disable Burst Compilation uncheck Jobs > Burst > Enable Compilation or pass '--burst-disable-compilation' to the command line in batchmode.
]]></output>
            </test-case>
            <test-case id="1210" name="ExceptionOccured_Throws_Logs" fullname="GDX.Threading.TaskDirectorTests.ExceptionOccured_Throws_Logs" methodname="ExceptionOccured_Throws_Logs" classname="GDX.Threading.TaskDirectorTests" runstate="Runnable" seed="1739822371" result="Passed" start-time="2023-07-03 01:13:32Z" end-time="2023-07-03 01:13:32Z" duration="0.031647" asserts="0">
              <properties>
                <property name="Category" value="GDX.Tests" />
              </properties>
              <output><![CDATA[[Code Coverage] Code Coverage results for visited sequence points were saved in D:/BuildAgent/work/GDX-Documentation/Staging/CodeCoverage/GDX_Development-opencov/EditMode/TestCoverageResults_0637.xml
[Code Coverage] Code Coverage requires Burst Compilation to be disabled in order to obtain accurate coverage information. To disable Burst Compilation uncheck Jobs > Burst > Enable Compilation or pass '--burst-disable-compilation' to the command line in batchmode.
]]></output>
            </test-case>
            <test-case id="1209" name="GetCounts_BlockingName_CorrectCounts" fullname="GDX.Threading.TaskDirectorTests.GetCounts_BlockingName_CorrectCounts" methodname="GetCounts_BlockingName_CorrectCounts" classname="GDX.Threading.TaskDirectorTests" runstate="Runnable" seed="460191982" result="Passed" start-time="2023-07-03 01:13:32Z" end-time="2023-07-03 01:13:33Z" duration="0.335124" asserts="0">
              <properties>
                <property name="Category" value="GDX.Tests" />
              </properties>
              <output><![CDATA[[Code Coverage] Code Coverage results for visited sequence points were saved in D:/BuildAgent/work/GDX-Documentation/Staging/CodeCoverage/GDX_Development-opencov/EditMode/TestCoverageResults_0638.xml
[Code Coverage] Code Coverage requires Burst Compilation to be disabled in order to obtain accurate coverage information. To disable Burst Compilation uncheck Jobs > Burst > Enable Compilation or pass '--burst-disable-compilation' to the command line in batchmode.
]]></output>
            </test-case>
            <test-case id="1213" name="GetStatus_Busy_Content" fullname="GDX.Threading.TaskDirectorTests.GetStatus_Busy_Content" methodname="GetStatus_Busy_Content" classname="GDX.Threading.TaskDirectorTests" runstate="Runnable" seed="1835032690" result="Passed" start-time="2023-07-03 01:13:33Z" end-time="2023-07-03 01:13:33Z" duration="0.108345" asserts="0">
              <properties>
                <property name="Category" value="GDX.Tests" />
              </properties>
              <output><![CDATA[[Code Coverage] Code Coverage results for visited sequence points were saved in D:/BuildAgent/work/GDX-Documentation/Staging/CodeCoverage/GDX_Development-opencov/EditMode/TestCoverageResults_0639.xml
[Code Coverage] Code Coverage requires Burst Compilation to be disabled in order to obtain accurate coverage information. To disable Burst Compilation uncheck Jobs > Burst > Enable Compilation or pass '--burst-disable-compilation' to the command line in batchmode.
]]></output>
            </test-case>
            <test-case id="1215" name="GetStatus_Nothing_ReturnsNull" fullname="GDX.Threading.TaskDirectorTests.GetStatus_Nothing_ReturnsNull" methodname="GetStatus_Nothing_ReturnsNull" classname="GDX.Threading.TaskDirectorTests" runstate="Runnable" seed="357213834" result="Passed" start-time="2023-07-03 01:13:34Z" end-time="2023-07-03 01:13:34Z" duration="0.000390" asserts="0">
              <properties>
                <property name="Category" value="GDX.Tests" />
              </properties>
              <output><![CDATA[[Code Coverage] Code Coverage results for visited sequence points were saved in D:/BuildAgent/work/GDX-Documentation/Staging/CodeCoverage/GDX_Development-opencov/EditMode/TestCoverageResults_0640.xml
[Code Coverage] Code Coverage requires Burst Compilation to be disabled in order to obtain accurate coverage information. To disable Burst Compilation uncheck Jobs > Burst > Enable Compilation or pass '--burst-disable-compilation' to the command line in batchmode.
]]></output>
            </test-case>
            <test-case id="1214" name="GetStatus_Queued_ReturnsContent" fullname="GDX.Threading.TaskDirectorTests.GetStatus_Queued_ReturnsContent" methodname="GetStatus_Queued_ReturnsContent" classname="GDX.Threading.TaskDirectorTests" runstate="Runnable" seed="522327363" result="Passed" start-time="2023-07-03 01:13:35Z" end-time="2023-07-03 01:13:35Z" duration="0.127713" asserts="0">
              <properties>
                <property name="Category" value="GDX.Tests" />
              </properties>
              <output><![CDATA[[Code Coverage] Code Coverage results for visited sequence points were saved in D:/BuildAgent/work/GDX-Documentation/Staging/CodeCoverage/GDX_Development-opencov/EditMode/TestCoverageResults_0641.xml
[Code Coverage] Code Coverage requires Burst Compilation to be disabled in order to obtain accurate coverage information. To disable Burst Compilation uncheck Jobs > Burst > Enable Compilation or pass '--burst-disable-compilation' to the command line in batchmode.
]]></output>
            </test-case>
            <test-case id="1211" name="HasTasks_BlockingName_Valid" fullname="GDX.Threading.TaskDirectorTests.HasTasks_BlockingName_Valid" methodname="HasTasks_BlockingName_Valid" classname="GDX.Threading.TaskDirectorTests" runstate="Runnable" seed="1174535410" result="Passed" start-time="2023-07-03 01:13:35Z" end-time="2023-07-03 01:13:36Z" duration="0.234703" asserts="0">
              <properties>
                <property name="Category" value="GDX.Tests" />
              </properties>
              <output><![CDATA[[Code Coverage] Code Coverage results for visited sequence points were saved in D:/BuildAgent/work/GDX-Documentation/Staging/CodeCoverage/GDX_Development-opencov/EditMode/TestCoverageResults_0642.xml
[Code Coverage] Code Coverage requires Burst Compilation to be disabled in order to obtain accurate coverage information. To disable Burst Compilation uncheck Jobs > Burst > Enable Compilation or pass '--burst-disable-compilation' to the command line in batchmode.
]]></output>
            </test-case>
            <test-case id="1216" name="QueueTask_AddAlreadyExecuting_TaskAdded" fullname="GDX.Threading.TaskDirectorTests.QueueTask_AddAlreadyExecuting_TaskAdded" methodname="QueueTask_AddAlreadyExecuting_TaskAdded" classname="GDX.Threading.TaskDirectorTests" runstate="Runnable" seed="1726760366" result="Passed" start-time="2023-07-03 01:13:36Z" end-time="2023-07-03 01:13:37Z" duration="1.008852" asserts="0">
              <properties>
                <property name="Category" value="GDX.Tests" />
              </properties>
              <output><![CDATA[[Code Coverage] Code Coverage results for visited sequence points were saved in D:/BuildAgent/work/GDX-Documentation/Staging/CodeCoverage/GDX_Development-opencov/EditMode/TestCoverageResults_0643.xml
[Code Coverage] Code Coverage requires Burst Compilation to be disabled in order to obtain accurate coverage information. To disable Burst Compilation uncheck Jobs > Burst > Enable Compilation or pass '--burst-disable-compilation' to the command line in batchmode.
]]></output>
            </test-case>
            <test-case id="1217" name="QueueTask_AlreadyQueued_NotQueued" fullname="GDX.Threading.TaskDirectorTests.QueueTask_AlreadyQueued_NotQueued" methodname="QueueTask_AlreadyQueued_NotQueued" classname="GDX.Threading.TaskDirectorTests" runstate="Runnable" seed="1481806799" result="Passed" start-time="2023-07-03 01:13:38Z" end-time="2023-07-03 01:13:39Z" duration="1.015191" asserts="0">
              <properties>
                <property name="Category" value="GDX.Tests" />
              </properties>
              <output><![CDATA[[Code Coverage] Code Coverage results for visited sequence points were saved in D:/BuildAgent/work/GDX-Documentation/Staging/CodeCoverage/GDX_Development-opencov/EditMode/TestCoverageResults_0644.xml
[Code Coverage] Code Coverage requires Burst Compilation to be disabled in order to obtain accurate coverage information. To disable Burst Compilation uncheck Jobs > Burst > Enable Compilation or pass '--burst-disable-compilation' to the command line in batchmode.
]]></output>
            </test-case>
            <test-case id="1208" name="WaitAsync_OnBlockedUserInput_Blocked" fullname="GDX.Threading.TaskDirectorTests.WaitAsync_OnBlockedUserInput_Blocked" methodname="WaitAsync_OnBlockedUserInput_Blocked" classname="GDX.Threading.TaskDirectorTests" runstate="Runnable" seed="1619162072" result="Passed" start-time="2023-07-03 01:13:40Z" end-time="2023-07-03 01:13:41Z" duration="1.056930" asserts="0">
              <properties>
                <property name="_JOINTYPE" value="UnityCombinatorial" />
                <property name="Category" value="GDX.Tests" />
              </properties>
              <output><![CDATA[[Code Coverage] Code Coverage results for visited sequence points were saved in D:/BuildAgent/work/GDX-Documentation/Staging/CodeCoverage/GDX_Development-opencov/EditMode/TestCoverageResults_0645.xml
[Code Coverage] Code Coverage requires Burst Compilation to be disabled in order to obtain accurate coverage information. To disable Burst Compilation uncheck Jobs > Burst > Enable Compilation or pass '--burst-disable-compilation' to the command line in batchmode.
]]></output>
            </test-case>
          </test-suite>
          <test-suite type="TestFixture" id="1218" name="WaitForTests" fullname="GDX.Threading.WaitForTests" classname="GDX.Threading.WaitForTests" runstate="Runnable" testcasecount="2" result="Passed" start-time="2023-07-03 01:13:41Z" end-time="2023-07-03 01:13:45Z" duration="3.374400" total="2" passed="2" failed="0" inconclusive="0" skipped="0" asserts="0">
            <properties />
            <test-case id="1219" name="GetEnumerator_OneSecond_Elapsed" fullname="GDX.Threading.WaitForTests.GetEnumerator_OneSecond_Elapsed" methodname="GetEnumerator_OneSecond_Elapsed" classname="GDX.Threading.WaitForTests" runstate="Runnable" seed="1655080942" result="Passed" start-time="2023-07-03 01:13:41Z" end-time="2023-07-03 01:13:42Z" duration="1.011822" asserts="0">
              <properties>
                <property name="_JOINTYPE" value="UnityCombinatorial" />
                <property name="Category" value="GDX.Tests" />
              </properties>
              <output><![CDATA[[Code Coverage] Code Coverage results for visited sequence points were saved in D:/BuildAgent/work/GDX-Documentation/Staging/CodeCoverage/GDX_Development-opencov/EditMode/TestCoverageResults_0646.xml
[Code Coverage] Code Coverage requires Burst Compilation to be disabled in order to obtain accurate coverage information. To disable Burst Compilation uncheck Jobs > Burst > Enable Compilation or pass '--burst-disable-compilation' to the command line in batchmode.
]]></output>
            </test-case>
            <test-case id="1220" name="GetTask_OneSecond_Elapsed" fullname="GDX.Threading.WaitForTests.GetTask_OneSecond_Elapsed" methodname="GetTask_OneSecond_Elapsed" classname="GDX.Threading.WaitForTests" runstate="Runnable" seed="586836489" result="Passed" start-time="2023-07-03 01:13:43Z" end-time="2023-07-03 01:13:44Z" duration="1.052076" asserts="0">
              <properties>
                <property name="_JOINTYPE" value="UnityCombinatorial" />
                <property name="Category" value="GDX.Tests" />
              </properties>
              <output><![CDATA[[Code Coverage] Code Coverage results for visited sequence points were saved in D:/BuildAgent/work/GDX-Documentation/Staging/CodeCoverage/GDX_Development-opencov/EditMode/TestCoverageResults_0647.xml
[Code Coverage] Code Coverage requires Burst Compilation to be disabled in order to obtain accurate coverage information. To disable Burst Compilation uncheck Jobs > Burst > Enable Compilation or pass '--burst-disable-compilation' to the command line in batchmode.
]]></output>
            </test-case>
          </test-suite>
          <test-suite type="TestFixture" id="1221" name="WaitWhileTests" fullname="GDX.Threading.WaitWhileTests" classname="GDX.Threading.WaitWhileTests" runstate="Runnable" testcasecount="2" result="Passed" start-time="2023-07-03 01:13:45Z" end-time="2023-07-03 01:13:46Z" duration="1.419017" total="2" passed="2" failed="0" inconclusive="0" skipped="0" asserts="0">
            <properties />
            <test-case id="1222" name="GetEnumerator_OneSecond_Elapsed" fullname="GDX.Threading.WaitWhileTests.GetEnumerator_OneSecond_Elapsed" methodname="GetEnumerator_OneSecond_Elapsed" classname="GDX.Threading.WaitWhileTests" runstate="Runnable" seed="1644544823" result="Passed" start-time="2023-07-03 01:13:45Z" end-time="2023-07-03 01:13:45Z" duration="0.029162" asserts="0">
              <properties>
                <property name="_JOINTYPE" value="UnityCombinatorial" />
                <property name="Category" value="GDX.Tests" />
              </properties>
              <output><![CDATA[[Code Coverage] Code Coverage results for visited sequence points were saved in D:/BuildAgent/work/GDX-Documentation/Staging/CodeCoverage/GDX_Development-opencov/EditMode/TestCoverageResults_0648.xml
[Code Coverage] Code Coverage requires Burst Compilation to be disabled in order to obtain accurate coverage information. To disable Burst Compilation uncheck Jobs > Burst > Enable Compilation or pass '--burst-disable-compilation' to the command line in batchmode.
]]></output>
            </test-case>
            <test-case id="1223" name="GetTask_LessThanOne" fullname="GDX.Threading.WaitWhileTests.GetTask_LessThanOne" methodname="GetTask_LessThanOne" classname="GDX.Threading.WaitWhileTests" runstate="Runnable" seed="1676090841" result="Passed" start-time="2023-07-03 01:13:46Z" end-time="2023-07-03 01:13:46Z" duration="0.058553" asserts="0">
              <properties>
                <property name="_JOINTYPE" value="UnityCombinatorial" />
                <property name="Category" value="GDX.Tests" />
              </properties>
              <output><![CDATA[[Code Coverage] Code Coverage results for visited sequence points were saved in D:/BuildAgent/work/GDX-Documentation/Staging/CodeCoverage/GDX_Development-opencov/EditMode/TestCoverageResults_0649.xml
[Code Coverage] Code Coverage requires Burst Compilation to be disabled in order to obtain accurate coverage information. To disable Burst Compilation uncheck Jobs > Burst > Enable Compilation or pass '--burst-disable-compilation' to the command line in batchmode.
]]></output>
            </test-case>
          </test-suite>
        </test-suite>
        <test-suite type="TestFixture" id="1154" name="TransformExtensionsTests" fullname="GDX.TransformExtensionsTests" classname="GDX.TransformExtensionsTests" runstate="Runnable" testcasecount="8" result="Passed" start-time="2023-07-03 01:13:46Z" end-time="2023-07-03 01:13:57Z" duration="10.740068" total="8" passed="8" failed="0" inconclusive="0" skipped="0" asserts="0">
          <properties />
          <test-case id="1157" name="DestroyChildren_NotImmediate_OneChildRemaining" fullname="GDX.TransformExtensionsTests.DestroyChildren_NotImmediate_OneChildRemaining" methodname="DestroyChildren_NotImmediate_OneChildRemaining" classname="GDX.TransformExtensionsTests" runstate="Runnable" seed="1160745095" result="Passed" start-time="2023-07-03 01:13:46Z" end-time="2023-07-03 01:13:52Z" duration="5.350502" asserts="0">
            <properties>
              <property name="_JOINTYPE" value="UnityCombinatorial" />
              <property name="Category" value="GDX.Tests" />
            </properties>
            <output><![CDATA[[Code Coverage] Code Coverage results for visited sequence points were saved in D:/BuildAgent/work/GDX-Documentation/Staging/CodeCoverage/GDX_Development-opencov/EditMode/TestCoverageResults_0650.xml
[Code Coverage] Code Coverage requires Burst Compilation to be disabled in order to obtain accurate coverage information. To disable Burst Compilation uncheck Jobs > Burst > Enable Compilation or pass '--burst-disable-compilation' to the command line in batchmode.
]]></output>
          </test-case>
          <test-case id="1156" name="DestroyChildren_RemoveActiveOnly_OneChildRemaining" fullname="GDX.TransformExtensionsTests.DestroyChildren_RemoveActiveOnly_OneChildRemaining" methodname="DestroyChildren_RemoveActiveOnly_OneChildRemaining" classname="GDX.TransformExtensionsTests" runstate="Runnable" seed="1484669849" result="Passed" start-time="2023-07-03 01:13:52Z" end-time="2023-07-03 01:13:52Z" duration="0.005882" asserts="0">
            <properties>
              <property name="Category" value="GDX.Tests" />
            </properties>
            <output><![CDATA[[Code Coverage] Code Coverage results for visited sequence points were saved in D:/BuildAgent/work/GDX-Documentation/Staging/CodeCoverage/GDX_Development-opencov/EditMode/TestCoverageResults_0651.xml
[Code Coverage] Code Coverage requires Burst Compilation to be disabled in order to obtain accurate coverage information. To disable Burst Compilation uncheck Jobs > Burst > Enable Compilation or pass '--burst-disable-compilation' to the command line in batchmode.
]]></output>
          </test-case>
          <test-case id="1155" name="DestroyChildren_RemoveAll_NoChildren" fullname="GDX.TransformExtensionsTests.DestroyChildren_RemoveAll_NoChildren" methodname="DestroyChildren_RemoveAll_NoChildren" classname="GDX.TransformExtensionsTests" runstate="Runnable" seed="2085589548" result="Passed" start-time="2023-07-03 01:13:53Z" end-time="2023-07-03 01:13:53Z" duration="0.007235" asserts="0">
            <properties>
              <property name="Category" value="GDX.Tests" />
            </properties>
            <output><![CDATA[[Code Coverage] Code Coverage results for visited sequence points were saved in D:/BuildAgent/work/GDX-Documentation/Staging/CodeCoverage/GDX_Development-opencov/EditMode/TestCoverageResults_0652.xml
[Code Coverage] Code Coverage requires Burst Compilation to be disabled in order to obtain accurate coverage information. To disable Burst Compilation uncheck Jobs > Burst > Enable Compilation or pass '--burst-disable-compilation' to the command line in batchmode.
]]></output>
          </test-case>
          <test-case id="1158" name="GetActiveChildrenCount_MockData_AccurateCount" fullname="GDX.TransformExtensionsTests.GetActiveChildrenCount_MockData_AccurateCount" methodname="GetActiveChildrenCount_MockData_AccurateCount" classname="GDX.TransformExtensionsTests" runstate="Runnable" seed="84844020" result="Passed" start-time="2023-07-03 01:13:54Z" end-time="2023-07-03 01:13:54Z" duration="0.005374" asserts="0">
            <properties>
              <property name="Category" value="GDX.Tests" />
            </properties>
            <output><![CDATA[[Code Coverage] Code Coverage results for visited sequence points were saved in D:/BuildAgent/work/GDX-Documentation/Staging/CodeCoverage/GDX_Development-opencov/EditMode/TestCoverageResults_0653.xml
[Code Coverage] Code Coverage requires Burst Compilation to be disabled in order to obtain accurate coverage information. To disable Burst Compilation uncheck Jobs > Burst > Enable Compilation or pass '--burst-disable-compilation' to the command line in batchmode.
]]></output>
          </test-case>
          <test-case id="1161" name="GetFirstComponentInChildrenComplex_MockData_DeepDive" fullname="GDX.TransformExtensionsTests.GetFirstComponentInChildrenComplex_MockData_DeepDive" methodname="GetFirstComponentInChildrenComplex_MockData_DeepDive" classname="GDX.TransformExtensionsTests" runstate="Runnable" seed="1732088302" result="Passed" start-time="2023-07-03 01:13:54Z" end-time="2023-07-03 01:13:54Z" duration="0.006442" asserts="0">
            <properties>
              <property name="Category" value="GDX.Tests" />
            </properties>
            <output><![CDATA[[Code Coverage] Code Coverage results for visited sequence points were saved in D:/BuildAgent/work/GDX-Documentation/Staging/CodeCoverage/GDX_Development-opencov/EditMode/TestCoverageResults_0654.xml
[Code Coverage] Code Coverage requires Burst Compilation to be disabled in order to obtain accurate coverage information. To disable Burst Compilation uncheck Jobs > Burst > Enable Compilation or pass '--burst-disable-compilation' to the command line in batchmode.
]]></output>
          </test-case>
          <test-case id="1159" name="GetFirstComponentInChildrenComplex_MockData_FirstTransform" fullname="GDX.TransformExtensionsTests.GetFirstComponentInChildrenComplex_MockData_FirstTransform" methodname="GetFirstComponentInChildrenComplex_MockData_FirstTransform" classname="GDX.TransformExtensionsTests" runstate="Runnable" seed="1875310019" result="Passed" start-time="2023-07-03 01:13:55Z" end-time="2023-07-03 01:13:55Z" duration="0.007151" asserts="0">
            <properties>
              <property name="Category" value="GDX.Tests" />
            </properties>
            <output><![CDATA[[Code Coverage] Code Coverage results for visited sequence points were saved in D:/BuildAgent/work/GDX-Documentation/Staging/CodeCoverage/GDX_Development-opencov/EditMode/TestCoverageResults_0655.xml
[Code Coverage] Code Coverage requires Burst Compilation to be disabled in order to obtain accurate coverage information. To disable Burst Compilation uncheck Jobs > Burst > Enable Compilation or pass '--burst-disable-compilation' to the command line in batchmode.
]]></output>
          </test-case>
          <test-case id="1160" name="GetFirstComponentInChildrenComplex_MockData_ThirdChildComponentInActive" fullname="GDX.TransformExtensionsTests.GetFirstComponentInChildrenComplex_MockData_ThirdChildComponentInActive" methodname="GetFirstComponentInChildrenComplex_MockData_ThirdChildComponentInActive" classname="GDX.TransformExtensionsTests" runstate="Runnable" seed="1906001117" result="Passed" start-time="2023-07-03 01:13:56Z" end-time="2023-07-03 01:13:56Z" duration="0.006099" asserts="0">
            <properties>
              <property name="Category" value="GDX.Tests" />
            </properties>
            <output><![CDATA[[Code Coverage] Code Coverage results for visited sequence points were saved in D:/BuildAgent/work/GDX-Documentation/Staging/CodeCoverage/GDX_Development-opencov/EditMode/TestCoverageResults_0656.xml
[Code Coverage] Code Coverage requires Burst Compilation to be disabled in order to obtain accurate coverage information. To disable Burst Compilation uncheck Jobs > Burst > Enable Compilation or pass '--burst-disable-compilation' to the command line in batchmode.
]]></output>
          </test-case>
          <test-case id="1162" name="GetScenePath_MockData_RootPath" fullname="GDX.TransformExtensionsTests.GetScenePath_MockData_RootPath" methodname="GetScenePath_MockData_RootPath" classname="GDX.TransformExtensionsTests" runstate="Runnable" seed="936913542" result="Passed" start-time="2023-07-03 01:13:56Z" end-time="2023-07-03 01:13:56Z" duration="0.006473" asserts="0">
            <properties>
              <property name="Category" value="GDX.Tests" />
            </properties>
            <output><![CDATA[[Code Coverage] Code Coverage results for visited sequence points were saved in D:/BuildAgent/work/GDX-Documentation/Staging/CodeCoverage/GDX_Development-opencov/EditMode/TestCoverageResults_0657.xml
[Code Coverage] Code Coverage requires Burst Compilation to be disabled in order to obtain accurate coverage information. To disable Burst Compilation uncheck Jobs > Burst > Enable Compilation or pass '--burst-disable-compilation' to the command line in batchmode.
]]></output>
          </test-case>
        </test-suite>
        <test-suite type="TestFixture" id="1163" name="Vector2ExtensionsTests" fullname="GDX.Vector2ExtensionsTests" classname="GDX.Vector2ExtensionsTests" runstate="Runnable" testcasecount="14" result="Passed" start-time="2023-07-03 01:13:57Z" end-time="2023-07-03 01:14:06Z" duration="9.328001" total="14" passed="14" failed="0" inconclusive="0" skipped="0" asserts="0">
          <properties />
          <test-case id="1164" name="Approximately_FiveMillionths_ReturnsFalse" fullname="GDX.Vector2ExtensionsTests.Approximately_FiveMillionths_ReturnsFalse" methodname="Approximately_FiveMillionths_ReturnsFalse" classname="GDX.Vector2ExtensionsTests" runstate="Runnable" seed="863466779" result="Passed" start-time="2023-07-03 01:13:57Z" end-time="2023-07-03 01:13:57Z" duration="0.000410" asserts="0">
            <properties>
              <property name="Category" value="GDX.Tests" />
            </properties>
            <output><![CDATA[[Code Coverage] Code Coverage results for visited sequence points were saved in D:/BuildAgent/work/GDX-Documentation/Staging/CodeCoverage/GDX_Development-opencov/EditMode/TestCoverageResults_0658.xml
[Code Coverage] Code Coverage requires Burst Compilation to be disabled in order to obtain accurate coverage information. To disable Burst Compilation uncheck Jobs > Burst > Enable Compilation or pass '--burst-disable-compilation' to the command line in batchmode.
]]></output>
          </test-case>
          <test-case id="1165" name="Approximately_One_ReturnsTrue" fullname="GDX.Vector2ExtensionsTests.Approximately_One_ReturnsTrue" methodname="Approximately_One_ReturnsTrue" classname="GDX.Vector2ExtensionsTests" runstate="Runnable" seed="958097283" result="Passed" start-time="2023-07-03 01:13:58Z" end-time="2023-07-03 01:13:58Z" duration="0.000313" asserts="0">
            <properties>
              <property name="Category" value="GDX.Tests" />
            </properties>
            <output><![CDATA[[Code Coverage] Code Coverage results for visited sequence points were saved in D:/BuildAgent/work/GDX-Documentation/Staging/CodeCoverage/GDX_Development-opencov/EditMode/TestCoverageResults_0659.xml
[Code Coverage] Code Coverage requires Burst Compilation to be disabled in order to obtain accurate coverage information. To disable Burst Compilation uncheck Jobs > Burst > Enable Compilation or pass '--burst-disable-compilation' to the command line in batchmode.
]]></output>
          </test-case>
          <test-case id="1166" name="Approximately_OneMillionth_ReturnsTrue" fullname="GDX.Vector2ExtensionsTests.Approximately_OneMillionth_ReturnsTrue" methodname="Approximately_OneMillionth_ReturnsTrue" classname="GDX.Vector2ExtensionsTests" runstate="Runnable" seed="1386282315" result="Passed" start-time="2023-07-03 01:13:58Z" end-time="2023-07-03 01:13:58Z" duration="0.000385" asserts="0">
            <properties>
              <property name="Category" value="GDX.Tests" />
            </properties>
            <output><![CDATA[[Code Coverage] Code Coverage results for visited sequence points were saved in D:/BuildAgent/work/GDX-Documentation/Staging/CodeCoverage/GDX_Development-opencov/EditMode/TestCoverageResults_0660.xml
[Code Coverage] Code Coverage requires Burst Compilation to be disabled in order to obtain accurate coverage information. To disable Burst Compilation uncheck Jobs > Burst > Enable Compilation or pass '--burst-disable-compilation' to the command line in batchmode.
]]></output>
          </test-case>
          <test-case id="1167" name="Approximately_Zero_ReturnsTrue" fullname="GDX.Vector2ExtensionsTests.Approximately_Zero_ReturnsTrue" methodname="Approximately_Zero_ReturnsTrue" classname="GDX.Vector2ExtensionsTests" runstate="Runnable" seed="178383358" result="Passed" start-time="2023-07-03 01:13:59Z" end-time="2023-07-03 01:13:59Z" duration="0.000329" asserts="0">
            <properties>
              <property name="Category" value="GDX.Tests" />
            </properties>
            <output><![CDATA[[Code Coverage] Code Coverage results for visited sequence points were saved in D:/BuildAgent/work/GDX-Documentation/Staging/CodeCoverage/GDX_Development-opencov/EditMode/TestCoverageResults_0661.xml
[Code Coverage] Code Coverage requires Burst Compilation to be disabled in order to obtain accurate coverage information. To disable Burst Compilation uncheck Jobs > Burst > Enable Compilation or pass '--burst-disable-compilation' to the command line in batchmode.
]]></output>
          </test-case>
          <test-case id="1168" name="Midpoint_ZeroAndOne_ReturnsHalf" fullname="GDX.Vector2ExtensionsTests.Midpoint_ZeroAndOne_ReturnsHalf" methodname="Midpoint_ZeroAndOne_ReturnsHalf" classname="GDX.Vector2ExtensionsTests" runstate="Runnable" seed="545838987" result="Passed" start-time="2023-07-03 01:14:00Z" end-time="2023-07-03 01:14:00Z" duration="0.000424" asserts="0">
            <properties>
              <property name="Category" value="GDX.Tests" />
            </properties>
            <output><![CDATA[[Code Coverage] Code Coverage results for visited sequence points were saved in D:/BuildAgent/work/GDX-Documentation/Staging/CodeCoverage/GDX_Development-opencov/EditMode/TestCoverageResults_0662.xml
[Code Coverage] Code Coverage requires Burst Compilation to be disabled in order to obtain accurate coverage information. To disable Burst Compilation uncheck Jobs > Burst > Enable Compilation or pass '--burst-disable-compilation' to the command line in batchmode.
]]></output>
          </test-case>
          <test-case id="1169" name="NearestIndex_MockData_ReturnsClosest" fullname="GDX.Vector2ExtensionsTests.NearestIndex_MockData_ReturnsClosest" methodname="NearestIndex_MockData_ReturnsClosest" classname="GDX.Vector2ExtensionsTests" runstate="Runnable" seed="216662950" result="Passed" start-time="2023-07-03 01:14:00Z" end-time="2023-07-03 01:14:00Z" duration="0.000616" asserts="0">
            <properties>
              <property name="Category" value="GDX.Tests" />
            </properties>
            <output><![CDATA[[Code Coverage] Code Coverage results for visited sequence points were saved in D:/BuildAgent/work/GDX-Documentation/Staging/CodeCoverage/GDX_Development-opencov/EditMode/TestCoverageResults_0663.xml
[Code Coverage] Code Coverage requires Burst Compilation to be disabled in order to obtain accurate coverage information. To disable Burst Compilation uncheck Jobs > Burst > Enable Compilation or pass '--burst-disable-compilation' to the command line in batchmode.
]]></output>
          </test-case>
          <test-case id="1170" name="NearestIndex_NullInput_ReturnsNegativeOne" fullname="GDX.Vector2ExtensionsTests.NearestIndex_NullInput_ReturnsNegativeOne" methodname="NearestIndex_NullInput_ReturnsNegativeOne" classname="GDX.Vector2ExtensionsTests" runstate="Runnable" seed="1218065971" result="Passed" start-time="2023-07-03 01:14:01Z" end-time="2023-07-03 01:14:01Z" duration="0.000365" asserts="0">
            <properties>
              <property name="Category" value="GDX.Tests" />
            </properties>
            <output><![CDATA[[Code Coverage] Code Coverage results for visited sequence points were saved in D:/BuildAgent/work/GDX-Documentation/Staging/CodeCoverage/GDX_Development-opencov/EditMode/TestCoverageResults_0664.xml
[Code Coverage] Code Coverage requires Burst Compilation to be disabled in order to obtain accurate coverage information. To disable Burst Compilation uncheck Jobs > Burst > Enable Compilation or pass '--burst-disable-compilation' to the command line in batchmode.
]]></output>
          </test-case>
          <test-case id="1172" name="Slope_MockData_ReturnsSlope" fullname="GDX.Vector2ExtensionsTests.Slope_MockData_ReturnsSlope" methodname="Slope_MockData_ReturnsSlope" classname="GDX.Vector2ExtensionsTests" runstate="Runnable" seed="300818020" result="Passed" start-time="2023-07-03 01:14:02Z" end-time="2023-07-03 01:14:02Z" duration="0.000441" asserts="0">
            <properties>
              <property name="Category" value="GDX.Tests" />
            </properties>
            <output><![CDATA[[Code Coverage] Code Coverage results for visited sequence points were saved in D:/BuildAgent/work/GDX-Documentation/Staging/CodeCoverage/GDX_Development-opencov/EditMode/TestCoverageResults_0665.xml
[Code Coverage] Code Coverage requires Burst Compilation to be disabled in order to obtain accurate coverage information. To disable Burst Compilation uncheck Jobs > Burst > Enable Compilation or pass '--burst-disable-compilation' to the command line in batchmode.
]]></output>
          </test-case>
          <test-case id="1171" name="Slope_ZeroXValue_ReturnsZero" fullname="GDX.Vector2ExtensionsTests.Slope_ZeroXValue_ReturnsZero" methodname="Slope_ZeroXValue_ReturnsZero" classname="GDX.Vector2ExtensionsTests" runstate="Runnable" seed="1139000644" result="Passed" start-time="2023-07-03 01:14:02Z" end-time="2023-07-03 01:14:02Z" duration="0.000336" asserts="0">
            <properties>
              <property name="Category" value="GDX.Tests" />
            </properties>
            <output><![CDATA[[Code Coverage] Code Coverage results for visited sequence points were saved in D:/BuildAgent/work/GDX-Documentation/Staging/CodeCoverage/GDX_Development-opencov/EditMode/TestCoverageResults_0666.xml
[Code Coverage] Code Coverage requires Burst Compilation to be disabled in order to obtain accurate coverage information. To disable Burst Compilation uncheck Jobs > Burst > Enable Compilation or pass '--burst-disable-compilation' to the command line in batchmode.
]]></output>
          </test-case>
          <test-case id="1176" name="TryParseVector2_CharFirstSplit_ReturnsFalse" fullname="GDX.Vector2ExtensionsTests.TryParseVector2_CharFirstSplit_ReturnsFalse" methodname="TryParseVector2_CharFirstSplit_ReturnsFalse" classname="GDX.Vector2ExtensionsTests" runstate="Runnable" seed="893989587" result="Passed" start-time="2023-07-03 01:14:03Z" end-time="2023-07-03 01:14:03Z" duration="0.000586" asserts="0">
            <properties>
              <property name="Category" value="GDX.Tests" />
            </properties>
            <output><![CDATA[[Code Coverage] Code Coverage results for visited sequence points were saved in D:/BuildAgent/work/GDX-Documentation/Staging/CodeCoverage/GDX_Development-opencov/EditMode/TestCoverageResults_0667.xml
[Code Coverage] Code Coverage requires Burst Compilation to be disabled in order to obtain accurate coverage information. To disable Burst Compilation uncheck Jobs > Burst > Enable Compilation or pass '--burst-disable-compilation' to the command line in batchmode.
]]></output>
          </test-case>
          <test-case id="1177" name="TryParseVector2_CharSecondSplit_ReturnsFalse" fullname="GDX.Vector2ExtensionsTests.TryParseVector2_CharSecondSplit_ReturnsFalse" methodname="TryParseVector2_CharSecondSplit_ReturnsFalse" classname="GDX.Vector2ExtensionsTests" runstate="Runnable" seed="946301362" result="Passed" start-time="2023-07-03 01:14:04Z" end-time="2023-07-03 01:14:04Z" duration="0.000327" asserts="0">
            <properties>
              <property name="Category" value="GDX.Tests" />
            </properties>
            <output><![CDATA[[Code Coverage] Code Coverage results for visited sequence points were saved in D:/BuildAgent/work/GDX-Documentation/Staging/CodeCoverage/GDX_Development-opencov/EditMode/TestCoverageResults_0668.xml
[Code Coverage] Code Coverage requires Burst Compilation to be disabled in order to obtain accurate coverage information. To disable Burst Compilation uncheck Jobs > Burst > Enable Compilation or pass '--burst-disable-compilation' to the command line in batchmode.
]]></output>
          </test-case>
          <test-case id="1174" name="TryParseVector2_NoSpaces_ReturnsVector2" fullname="GDX.Vector2ExtensionsTests.TryParseVector2_NoSpaces_ReturnsVector2" methodname="TryParseVector2_NoSpaces_ReturnsVector2" classname="GDX.Vector2ExtensionsTests" runstate="Runnable" seed="124677289" result="Passed" start-time="2023-07-03 01:14:04Z" end-time="2023-07-03 01:14:04Z" duration="0.000414" asserts="0">
            <properties>
              <property name="Category" value="GDX.Tests" />
            </properties>
            <output><![CDATA[[Code Coverage] Code Coverage results for visited sequence points were saved in D:/BuildAgent/work/GDX-Documentation/Staging/CodeCoverage/GDX_Development-opencov/EditMode/TestCoverageResults_0669.xml
[Code Coverage] Code Coverage requires Burst Compilation to be disabled in order to obtain accurate coverage information. To disable Burst Compilation uncheck Jobs > Burst > Enable Compilation or pass '--burst-disable-compilation' to the command line in batchmode.
]]></output>
          </test-case>
          <test-case id="1173" name="TryParseVector2_NoSplit_ReturnsFalse" fullname="GDX.Vector2ExtensionsTests.TryParseVector2_NoSplit_ReturnsFalse" methodname="TryParseVector2_NoSplit_ReturnsFalse" classname="GDX.Vector2ExtensionsTests" runstate="Runnable" seed="475531188" result="Passed" start-time="2023-07-03 01:14:05Z" end-time="2023-07-03 01:14:05Z" duration="0.000310" asserts="0">
            <properties>
              <property name="Category" value="GDX.Tests" />
            </properties>
            <output><![CDATA[[Code Coverage] Code Coverage results for visited sequence points were saved in D:/BuildAgent/work/GDX-Documentation/Staging/CodeCoverage/GDX_Development-opencov/EditMode/TestCoverageResults_0670.xml
[Code Coverage] Code Coverage requires Burst Compilation to be disabled in order to obtain accurate coverage information. To disable Burst Compilation uncheck Jobs > Burst > Enable Compilation or pass '--burst-disable-compilation' to the command line in batchmode.
]]></output>
          </test-case>
          <test-case id="1175" name="TryParseVector2_SpacedValues_ReturnsVector2" fullname="GDX.Vector2ExtensionsTests.TryParseVector2_SpacedValues_ReturnsVector2" methodname="TryParseVector2_SpacedValues_ReturnsVector2" classname="GDX.Vector2ExtensionsTests" runstate="Runnable" seed="181103743" result="Passed" start-time="2023-07-03 01:14:06Z" end-time="2023-07-03 01:14:06Z" duration="0.000335" asserts="0">
            <properties>
              <property name="Category" value="GDX.Tests" />
            </properties>
            <output><![CDATA[[Code Coverage] Code Coverage results for visited sequence points were saved in D:/BuildAgent/work/GDX-Documentation/Staging/CodeCoverage/GDX_Development-opencov/EditMode/TestCoverageResults_0671.xml
[Code Coverage] Code Coverage requires Burst Compilation to be disabled in order to obtain accurate coverage information. To disable Burst Compilation uncheck Jobs > Burst > Enable Compilation or pass '--burst-disable-compilation' to the command line in batchmode.
]]></output>
          </test-case>
        </test-suite>
        <test-suite type="TestFixture" id="1178" name="Vector3ExtensionsTests" fullname="GDX.Vector3ExtensionsTests" classname="GDX.Vector3ExtensionsTests" runstate="Runnable" testcasecount="17" result="Passed" start-time="2023-07-03 01:14:06Z" end-time="2023-07-03 01:14:18Z" duration="11.234477" total="17" passed="17" failed="0" inconclusive="0" skipped="0" asserts="0">
          <properties />
          <test-case id="1179" name="Approximately_FiveMillionths_ReturnsFalse" fullname="GDX.Vector3ExtensionsTests.Approximately_FiveMillionths_ReturnsFalse" methodname="Approximately_FiveMillionths_ReturnsFalse" classname="GDX.Vector3ExtensionsTests" runstate="Runnable" seed="232769261" result="Passed" start-time="2023-07-03 01:14:06Z" end-time="2023-07-03 01:14:06Z" duration="0.000294" asserts="0">
            <properties>
              <property name="Category" value="GDX.Tests" />
            </properties>
            <output><![CDATA[[Code Coverage] Code Coverage results for visited sequence points were saved in D:/BuildAgent/work/GDX-Documentation/Staging/CodeCoverage/GDX_Development-opencov/EditMode/TestCoverageResults_0672.xml
[Code Coverage] Code Coverage requires Burst Compilation to be disabled in order to obtain accurate coverage information. To disable Burst Compilation uncheck Jobs > Burst > Enable Compilation or pass '--burst-disable-compilation' to the command line in batchmode.
]]></output>
          </test-case>
          <test-case id="1180" name="Approximately_One_ReturnsTrue" fullname="GDX.Vector3ExtensionsTests.Approximately_One_ReturnsTrue" methodname="Approximately_One_ReturnsTrue" classname="GDX.Vector3ExtensionsTests" runstate="Runnable" seed="2012347667" result="Passed" start-time="2023-07-03 01:14:07Z" end-time="2023-07-03 01:14:07Z" duration="0.000434" asserts="0">
            <properties>
              <property name="Category" value="GDX.Tests" />
            </properties>
            <output><![CDATA[[Code Coverage] Code Coverage results for visited sequence points were saved in D:/BuildAgent/work/GDX-Documentation/Staging/CodeCoverage/GDX_Development-opencov/EditMode/TestCoverageResults_0673.xml
[Code Coverage] Code Coverage requires Burst Compilation to be disabled in order to obtain accurate coverage information. To disable Burst Compilation uncheck Jobs > Burst > Enable Compilation or pass '--burst-disable-compilation' to the command line in batchmode.
]]></output>
          </test-case>
          <test-case id="1181" name="Approximately_OneMillionth_ReturnsTrue" fullname="GDX.Vector3ExtensionsTests.Approximately_OneMillionth_ReturnsTrue" methodname="Approximately_OneMillionth_ReturnsTrue" classname="GDX.Vector3ExtensionsTests" runstate="Runnable" seed="2032618069" result="Passed" start-time="2023-07-03 01:14:08Z" end-time="2023-07-03 01:14:08Z" duration="0.000328" asserts="0">
            <properties>
              <property name="Category" value="GDX.Tests" />
            </properties>
            <output><![CDATA[[Code Coverage] Code Coverage results for visited sequence points were saved in D:/BuildAgent/work/GDX-Documentation/Staging/CodeCoverage/GDX_Development-opencov/EditMode/TestCoverageResults_0674.xml
[Code Coverage] Code Coverage requires Burst Compilation to be disabled in order to obtain accurate coverage information. To disable Burst Compilation uncheck Jobs > Burst > Enable Compilation or pass '--burst-disable-compilation' to the command line in batchmode.
]]></output>
          </test-case>
          <test-case id="1182" name="Approximately_Zero_ReturnsTrue" fullname="GDX.Vector3ExtensionsTests.Approximately_Zero_ReturnsTrue" methodname="Approximately_Zero_ReturnsTrue" classname="GDX.Vector3ExtensionsTests" runstate="Runnable" seed="1627078486" result="Passed" start-time="2023-07-03 01:14:08Z" end-time="2023-07-03 01:14:08Z" duration="0.000324" asserts="0">
            <properties>
              <property name="Category" value="GDX.Tests" />
            </properties>
            <output><![CDATA[[Code Coverage] Code Coverage results for visited sequence points were saved in D:/BuildAgent/work/GDX-Documentation/Staging/CodeCoverage/GDX_Development-opencov/EditMode/TestCoverageResults_0675.xml
[Code Coverage] Code Coverage requires Burst Compilation to be disabled in order to obtain accurate coverage information. To disable Burst Compilation uncheck Jobs > Burst > Enable Compilation or pass '--burst-disable-compilation' to the command line in batchmode.
]]></output>
          </test-case>
          <test-case id="1183" name="DistanceSqr_MockData_ReturnsSame" fullname="GDX.Vector3ExtensionsTests.DistanceSqr_MockData_ReturnsSame" methodname="DistanceSqr_MockData_ReturnsSame" classname="GDX.Vector3ExtensionsTests" runstate="Runnable" seed="536358241" result="Passed" start-time="2023-07-03 01:14:09Z" end-time="2023-07-03 01:14:09Z" duration="0.000506" asserts="0">
            <properties>
              <property name="Category" value="GDX.Tests" />
            </properties>
            <output><![CDATA[[Code Coverage] Code Coverage results for visited sequence points were saved in D:/BuildAgent/work/GDX-Documentation/Staging/CodeCoverage/GDX_Development-opencov/EditMode/TestCoverageResults_0676.xml
[Code Coverage] Code Coverage requires Burst Compilation to be disabled in order to obtain accurate coverage information. To disable Burst Compilation uncheck Jobs > Burst > Enable Compilation or pass '--burst-disable-compilation' to the command line in batchmode.
]]></output>
          </test-case>
          <test-case id="1184" name="DistanceToRay_MockData_ReturnsAccurate" fullname="GDX.Vector3ExtensionsTests.DistanceToRay_MockData_ReturnsAccurate" methodname="DistanceToRay_MockData_ReturnsAccurate" classname="GDX.Vector3ExtensionsTests" runstate="Runnable" seed="506369102" result="Passed" start-time="2023-07-03 01:14:10Z" end-time="2023-07-03 01:14:10Z" duration="0.001000" asserts="0">
            <properties>
              <property name="Category" value="GDX.Tests" />
            </properties>
            <output><![CDATA[[Code Coverage] Code Coverage results for visited sequence points were saved in D:/BuildAgent/work/GDX-Documentation/Staging/CodeCoverage/GDX_Development-opencov/EditMode/TestCoverageResults_0677.xml
[Code Coverage] Code Coverage requires Burst Compilation to be disabled in order to obtain accurate coverage information. To disable Burst Compilation uncheck Jobs > Burst > Enable Compilation or pass '--burst-disable-compilation' to the command line in batchmode.
]]></output>
          </test-case>
          <test-case id="1185" name="HorizontalDistance_MockData_ReturnsAccurate" fullname="GDX.Vector3ExtensionsTests.HorizontalDistance_MockData_ReturnsAccurate" methodname="HorizontalDistance_MockData_ReturnsAccurate" classname="GDX.Vector3ExtensionsTests" runstate="Runnable" seed="1324001427" result="Passed" start-time="2023-07-03 01:14:10Z" end-time="2023-07-03 01:14:10Z" duration="0.000457" asserts="0">
            <properties>
              <property name="Category" value="GDX.Tests" />
            </properties>
            <output><![CDATA[[Code Coverage] Code Coverage results for visited sequence points were saved in D:/BuildAgent/work/GDX-Documentation/Staging/CodeCoverage/GDX_Development-opencov/EditMode/TestCoverageResults_0678.xml
[Code Coverage] Code Coverage requires Burst Compilation to be disabled in order to obtain accurate coverage information. To disable Burst Compilation uncheck Jobs > Burst > Enable Compilation or pass '--burst-disable-compilation' to the command line in batchmode.
]]></output>
          </test-case>
          <test-case id="1186" name="Midpoint_ZeroAndOne_ReturnsHalf" fullname="GDX.Vector3ExtensionsTests.Midpoint_ZeroAndOne_ReturnsHalf" methodname="Midpoint_ZeroAndOne_ReturnsHalf" classname="GDX.Vector3ExtensionsTests" runstate="Runnable" seed="125091457" result="Passed" start-time="2023-07-03 01:14:11Z" end-time="2023-07-03 01:14:11Z" duration="0.000424" asserts="0">
            <properties>
              <property name="Category" value="GDX.Tests" />
            </properties>
            <output><![CDATA[[Code Coverage] Code Coverage results for visited sequence points were saved in D:/BuildAgent/work/GDX-Documentation/Staging/CodeCoverage/GDX_Development-opencov/EditMode/TestCoverageResults_0679.xml
[Code Coverage] Code Coverage requires Burst Compilation to be disabled in order to obtain accurate coverage information. To disable Burst Compilation uncheck Jobs > Burst > Enable Compilation or pass '--burst-disable-compilation' to the command line in batchmode.
]]></output>
          </test-case>
          <test-case id="1187" name="NearestIndex_MockData_ReturnsClosest" fullname="GDX.Vector3ExtensionsTests.NearestIndex_MockData_ReturnsClosest" methodname="NearestIndex_MockData_ReturnsClosest" classname="GDX.Vector3ExtensionsTests" runstate="Runnable" seed="1875507677" result="Passed" start-time="2023-07-03 01:14:12Z" end-time="2023-07-03 01:14:12Z" duration="0.000618" asserts="0">
            <properties>
              <property name="Category" value="GDX.Tests" />
            </properties>
            <output><![CDATA[[Code Coverage] Code Coverage results for visited sequence points were saved in D:/BuildAgent/work/GDX-Documentation/Staging/CodeCoverage/GDX_Development-opencov/EditMode/TestCoverageResults_0680.xml
[Code Coverage] Code Coverage requires Burst Compilation to be disabled in order to obtain accurate coverage information. To disable Burst Compilation uncheck Jobs > Burst > Enable Compilation or pass '--burst-disable-compilation' to the command line in batchmode.
]]></output>
          </test-case>
          <test-case id="1188" name="NearestIndex_NullInput_ReturnsNegativeOne" fullname="GDX.Vector3ExtensionsTests.NearestIndex_NullInput_ReturnsNegativeOne" methodname="NearestIndex_NullInput_ReturnsNegativeOne" classname="GDX.Vector3ExtensionsTests" runstate="Runnable" seed="1235663550" result="Passed" start-time="2023-07-03 01:14:12Z" end-time="2023-07-03 01:14:12Z" duration="0.000405" asserts="0">
            <properties>
              <property name="Category" value="GDX.Tests" />
            </properties>
            <output><![CDATA[[Code Coverage] Code Coverage results for visited sequence points were saved in D:/BuildAgent/work/GDX-Documentation/Staging/CodeCoverage/GDX_Development-opencov/EditMode/TestCoverageResults_0681.xml
[Code Coverage] Code Coverage requires Burst Compilation to be disabled in order to obtain accurate coverage information. To disable Burst Compilation uncheck Jobs > Burst > Enable Compilation or pass '--burst-disable-compilation' to the command line in batchmode.
]]></output>
          </test-case>
          <test-case id="1191" name="TryParseVector3_CharFirstSplit_ReturnsFalse" fullname="GDX.Vector3ExtensionsTests.TryParseVector3_CharFirstSplit_ReturnsFalse" methodname="TryParseVector3_CharFirstSplit_ReturnsFalse" classname="GDX.Vector3ExtensionsTests" runstate="Runnable" seed="2027771807" result="Passed" start-time="2023-07-03 01:14:13Z" end-time="2023-07-03 01:14:13Z" duration="0.000622" asserts="0">
            <properties>
              <property name="Category" value="GDX.Tests" />
            </properties>
            <output><![CDATA[[Code Coverage] Code Coverage results for visited sequence points were saved in D:/BuildAgent/work/GDX-Documentation/Staging/CodeCoverage/GDX_Development-opencov/EditMode/TestCoverageResults_0682.xml
[Code Coverage] Code Coverage requires Burst Compilation to be disabled in order to obtain accurate coverage information. To disable Burst Compilation uncheck Jobs > Burst > Enable Compilation or pass '--burst-disable-compilation' to the command line in batchmode.
]]></output>
          </test-case>
          <test-case id="1192" name="TryParseVector3_CharSecondSplit_ReturnsFalse" fullname="GDX.Vector3ExtensionsTests.TryParseVector3_CharSecondSplit_ReturnsFalse" methodname="TryParseVector3_CharSecondSplit_ReturnsFalse" classname="GDX.Vector3ExtensionsTests" runstate="Runnable" seed="617236257" result="Passed" start-time="2023-07-03 01:14:14Z" end-time="2023-07-03 01:14:14Z" duration="0.000335" asserts="0">
            <properties>
              <property name="Category" value="GDX.Tests" />
            </properties>
            <output><![CDATA[[Code Coverage] Code Coverage results for visited sequence points were saved in D:/BuildAgent/work/GDX-Documentation/Staging/CodeCoverage/GDX_Development-opencov/EditMode/TestCoverageResults_0683.xml
[Code Coverage] Code Coverage requires Burst Compilation to be disabled in order to obtain accurate coverage information. To disable Burst Compilation uncheck Jobs > Burst > Enable Compilation or pass '--burst-disable-compilation' to the command line in batchmode.
]]></output>
          </test-case>
          <test-case id="1193" name="TryParseVector3_CharThirdSplit_ReturnsFalse" fullname="GDX.Vector3ExtensionsTests.TryParseVector3_CharThirdSplit_ReturnsFalse" methodname="TryParseVector3_CharThirdSplit_ReturnsFalse" classname="GDX.Vector3ExtensionsTests" runstate="Runnable" seed="793948232" result="Passed" start-time="2023-07-03 01:14:14Z" end-time="2023-07-03 01:14:14Z" duration="0.000379" asserts="0">
            <properties>
              <property name="Category" value="GDX.Tests" />
            </properties>
            <output><![CDATA[[Code Coverage] Code Coverage results for visited sequence points were saved in D:/BuildAgent/work/GDX-Documentation/Staging/CodeCoverage/GDX_Development-opencov/EditMode/TestCoverageResults_0684.xml
[Code Coverage] Code Coverage requires Burst Compilation to be disabled in order to obtain accurate coverage information. To disable Burst Compilation uncheck Jobs > Burst > Enable Compilation or pass '--burst-disable-compilation' to the command line in batchmode.
]]></output>
          </test-case>
          <test-case id="1190" name="TryParseVector3_NoSecondSplit_ReturnsFalse" fullname="GDX.Vector3ExtensionsTests.TryParseVector3_NoSecondSplit_ReturnsFalse" methodname="TryParseVector3_NoSecondSplit_ReturnsFalse" classname="GDX.Vector3ExtensionsTests" runstate="Runnable" seed="665184453" result="Passed" start-time="2023-07-03 01:14:15Z" end-time="2023-07-03 01:14:15Z" duration="0.000358" asserts="0">
            <properties>
              <property name="Category" value="GDX.Tests" />
            </properties>
            <output><![CDATA[[Code Coverage] Code Coverage results for visited sequence points were saved in D:/BuildAgent/work/GDX-Documentation/Staging/CodeCoverage/GDX_Development-opencov/EditMode/TestCoverageResults_0685.xml
[Code Coverage] Code Coverage requires Burst Compilation to be disabled in order to obtain accurate coverage information. To disable Burst Compilation uncheck Jobs > Burst > Enable Compilation or pass '--burst-disable-compilation' to the command line in batchmode.
]]></output>
          </test-case>
          <test-case id="1194" name="TryParseVector3_NoSpaces_ReturnsVector3" fullname="GDX.Vector3ExtensionsTests.TryParseVector3_NoSpaces_ReturnsVector3" methodname="TryParseVector3_NoSpaces_ReturnsVector3" classname="GDX.Vector3ExtensionsTests" runstate="Runnable" seed="641509088" result="Passed" start-time="2023-07-03 01:14:16Z" end-time="2023-07-03 01:14:16Z" duration="0.000337" asserts="0">
            <properties>
              <property name="Category" value="GDX.Tests" />
            </properties>
            <output><![CDATA[[Code Coverage] Code Coverage results for visited sequence points were saved in D:/BuildAgent/work/GDX-Documentation/Staging/CodeCoverage/GDX_Development-opencov/EditMode/TestCoverageResults_0686.xml
[Code Coverage] Code Coverage requires Burst Compilation to be disabled in order to obtain accurate coverage information. To disable Burst Compilation uncheck Jobs > Burst > Enable Compilation or pass '--burst-disable-compilation' to the command line in batchmode.
]]></output>
          </test-case>
          <test-case id="1189" name="TryParseVector3_NoSplit_ReturnsVector2Zero" fullname="GDX.Vector3ExtensionsTests.TryParseVector3_NoSplit_ReturnsVector2Zero" methodname="TryParseVector3_NoSplit_ReturnsVector2Zero" classname="GDX.Vector3ExtensionsTests" runstate="Runnable" seed="1609588776" result="Passed" start-time="2023-07-03 01:14:16Z" end-time="2023-07-03 01:14:16Z" duration="0.000362" asserts="0">
            <properties>
              <property name="Category" value="GDX.Tests" />
            </properties>
            <output><![CDATA[[Code Coverage] Code Coverage results for visited sequence points were saved in D:/BuildAgent/work/GDX-Documentation/Staging/CodeCoverage/GDX_Development-opencov/EditMode/TestCoverageResults_0687.xml
[Code Coverage] Code Coverage requires Burst Compilation to be disabled in order to obtain accurate coverage information. To disable Burst Compilation uncheck Jobs > Burst > Enable Compilation or pass '--burst-disable-compilation' to the command line in batchmode.
]]></output>
          </test-case>
          <test-case id="1195" name="TryParseVector3_SpacedValues_ReturnsVector3" fullname="GDX.Vector3ExtensionsTests.TryParseVector3_SpacedValues_ReturnsVector3" methodname="TryParseVector3_SpacedValues_ReturnsVector3" classname="GDX.Vector3ExtensionsTests" runstate="Runnable" seed="1542126652" result="Passed" start-time="2023-07-03 01:14:17Z" end-time="2023-07-03 01:14:17Z" duration="0.000344" asserts="0">
            <properties>
              <property name="Category" value="GDX.Tests" />
            </properties>
            <output><![CDATA[[Code Coverage] Code Coverage results for visited sequence points were saved in D:/BuildAgent/work/GDX-Documentation/Staging/CodeCoverage/GDX_Development-opencov/EditMode/TestCoverageResults_0688.xml
[Code Coverage] Code Coverage requires Burst Compilation to be disabled in order to obtain accurate coverage information. To disable Burst Compilation uncheck Jobs > Burst > Enable Compilation or pass '--burst-disable-compilation' to the command line in batchmode.
Executing cleanup for: Unity.PerformanceTesting.Editor.TestRunBuilder
]]></output>
          </test-case>
        </test-suite>
      </test-suite>
    </test-suite>
  </test-suite>
</test-run>