<?xml version="1.0" encoding="utf-8"?>
<test-run id="2" testcasecount="651" result="Passed" total="651" passed="651" failed="0" inconclusive="0" skipped="0" asserts="0" engine-version="3.5.0.0" clr-version="4.0.30319.42000" start-time="2022-08-26 20:20:25Z" end-time="2022-08-26 20:20:37Z" duration="12.0020795">
  <test-suite type="TestSuite" id="1000" name="GDX" fullname="GDX" runstate="Runnable" testcasecount="655" result="Passed" start-time="2022-08-26 20:20:25Z" end-time="2022-08-26 20:20:37Z" duration="12.002080" total="651" passed="651" failed="0" inconclusive="0" skipped="0" asserts="0">
    <properties />
    <test-suite type="Assembly" id="1020" name="GDX.Editor.Tests.EditMode.dll" fullname="D:/BuildAgent/work/GDX-Documentation/Projects/GDX_Development/Library/ScriptAssemblies/GDX.Editor.Tests.EditMode.dll" runstate="Runnable" testcasecount="11" result="Passed" start-time="2022-08-26 20:20:26Z" end-time="2022-08-26 20:20:28Z" duration="2.217929" total="11" passed="11" failed="0" inconclusive="0" skipped="0" asserts="0">
      <properties>
        <property name="_PID" value="23128" />
        <property name="_APPDOMAIN" value="Unity Child Domain" />
        <property name="platform" value="EditMode" />
      </properties>
      <test-suite type="TestSuite" id="1021" name="GDX" fullname="GDX" runstate="Runnable" testcasecount="11" result="Passed" start-time="2022-08-26 20:20:26Z" end-time="2022-08-26 20:20:28Z" duration="2.211786" total="11" passed="11" failed="0" inconclusive="0" skipped="0" asserts="0">
        <properties />
        <test-suite type="TestSuite" id="1022" name="Editor" fullname="GDX.Editor" runstate="Runnable" testcasecount="11" result="Passed" start-time="2022-08-26 20:20:26Z" end-time="2022-08-26 20:20:28Z" duration="2.210289" total="11" passed="11" failed="0" inconclusive="0" skipped="0" asserts="0">
          <properties />
          <test-suite type="TestFixture" id="1004" name="AutomationTests" fullname="GDX.Editor.AutomationTests" classname="GDX.Editor.AutomationTests" runstate="Runnable" testcasecount="6" result="Passed" start-time="2022-08-26 20:20:26Z" end-time="2022-08-26 20:20:26Z" duration="0.009872" total="6" passed="6" failed="0" inconclusive="0" skipped="0" asserts="0">
            <properties />
            <test-case id="1005" name="CaptureEditorWindow_SceneView_ReturnsTexture" fullname="GDX.Editor.AutomationTests.CaptureEditorWindow_SceneView_ReturnsTexture" methodname="CaptureEditorWindow_SceneView_ReturnsTexture" classname="GDX.Editor.AutomationTests" runstate="Runnable" seed="1437334908" result="Passed" start-time="2022-08-26 20:20:08Z" end-time="2022-08-26 20:20:08Z" duration="0.797139" asserts="0">
              <properties>
                <property name="Category" value="GDX.Tests" />
              </properties>
            </test-case>
            <test-case id="1010" name="CaptureEditorWindow_SceneView_SameTexture" fullname="GDX.Editor.AutomationTests.CaptureEditorWindow_SceneView_SameTexture" methodname="CaptureEditorWindow_SceneView_SameTexture" classname="GDX.Editor.AutomationTests" runstate="Runnable" seed="882692614" result="Passed" start-time="2022-08-26 20:20:08Z" end-time="2022-08-26 20:20:10Z" duration="1.339984" asserts="0">
              <properties>
                <property name="_JOINTYPE" value="UnityCombinatorial" />
                <property name="Category" value="GDX.Tests" />
              </properties>
            </test-case>
            <test-case id="1006" name="CaptureEditorWindowToPNG_SceneView_OutputsImage" fullname="GDX.Editor.AutomationTests.CaptureEditorWindowToPNG_SceneView_OutputsImage" methodname="CaptureEditorWindowToPNG_SceneView_OutputsImage" classname="GDX.Editor.AutomationTests" runstate="Runnable" seed="1717530595" result="Passed" start-time="2022-08-26 20:20:10Z" end-time="2022-08-26 20:20:10Z" duration="0.079744" asserts="0">
              <properties>
                <property name="Category" value="GDX.Tests" />
              </properties>
            </test-case>
            <test-case id="1007" name="CaptureFocusedEditorWindow_ReturnsTexture" fullname="GDX.Editor.AutomationTests.CaptureFocusedEditorWindow_ReturnsTexture" methodname="CaptureFocusedEditorWindow_ReturnsTexture" classname="GDX.Editor.AutomationTests" runstate="Runnable" seed="523492552" result="Passed" start-time="2022-08-26 20:20:10Z" end-time="2022-08-26 20:20:10Z" duration="0.107132" asserts="0">
              <properties>
                <property name="Category" value="GDX.Tests" />
              </properties>
            </test-case>
            <test-case id="1008" name="CaptureFocusedEditorWindowToPNG_OutputsImage" fullname="GDX.Editor.AutomationTests.CaptureFocusedEditorWindowToPNG_OutputsImage" methodname="CaptureFocusedEditorWindowToPNG_OutputsImage" classname="GDX.Editor.AutomationTests" runstate="Runnable" seed="1066658279" result="Passed" start-time="2022-08-26 20:20:10Z" end-time="2022-08-26 20:20:10Z" duration="0.005990" asserts="0">
              <properties>
                <property name="Category" value="GDX.Tests" />
              </properties>
            </test-case>
            <test-case id="1009" name="GetWindow_SceneView_NotNull" fullname="GDX.Editor.AutomationTests.GetWindow_SceneView_NotNull" methodname="GetWindow_SceneView_NotNull" classname="GDX.Editor.AutomationTests" runstate="Runnable" seed="1633631530" result="Passed" start-time="2022-08-26 20:20:10Z" end-time="2022-08-26 20:20:10Z" duration="0.065553" asserts="0">
              <properties>
                <property name="Category" value="GDX.Tests" />
              </properties>
            </test-case>
          </test-suite>
          <test-suite type="TestSuite" id="1023" name="Build" fullname="GDX.Editor.Build" runstate="Runnable" testcasecount="1" result="Passed" start-time="2022-08-26 20:20:26Z" end-time="2022-08-26 20:20:26Z" duration="0.000633" total="1" passed="1" failed="0" inconclusive="0" skipped="0" asserts="0">
            <properties />
            <test-suite type="TestFixture" id="1018" name="BuildInfoProviderTests" fullname="GDX.Editor.Build.BuildInfoProviderTests" classname="GDX.Editor.Build.BuildInfoProviderTests" runstate="Runnable" testcasecount="1" result="Passed" start-time="2022-08-26 20:20:26Z" end-time="2022-08-26 20:20:26Z" duration="0.000334" total="1" passed="1" failed="0" inconclusive="0" skipped="0" asserts="0">
              <properties />
              <test-case id="1019" name="GetContent_ForceDefaults_ReturnsDefaultContent" fullname="GDX.Editor.Build.BuildInfoProviderTests.GetContent_ForceDefaults_ReturnsDefaultContent" methodname="GetContent_ForceDefaults_ReturnsDefaultContent" classname="GDX.Editor.Build.BuildInfoProviderTests" runstate="Runnable" seed="1103873029" result="Passed" start-time="2022-08-26 20:20:10Z" end-time="2022-08-26 20:20:10Z" duration="0.001169" asserts="0">
                <properties>
                  <property name="Category" value="GDX.Tests" />
                </properties>
              </test-case>
            </test-suite>
          </test-suite>
          <test-suite type="TestFixture" id="1011" name="DomainReloadTests" fullname="GDX.Editor.DomainReloadTests" classname="GDX.Editor.DomainReloadTests" runstate="Runnable" testcasecount="2" result="Passed" start-time="2022-08-26 20:20:26Z" end-time="2022-08-26 20:20:26Z" duration="0.051671" total="2" passed="2" failed="0" inconclusive="0" skipped="0" asserts="0">
            <properties />
            <test-case id="1013" name="Recompile_JobsLeakDetection_NoUnexpectedMessages" fullname="GDX.Editor.DomainReloadTests.Recompile_JobsLeakDetection_NoUnexpectedMessages" methodname="Recompile_JobsLeakDetection_NoUnexpectedMessages" classname="GDX.Editor.DomainReloadTests" runstate="Runnable" seed="2111934337" result="Passed" start-time="2022-08-26 20:20:26Z" end-time="2022-08-26 20:20:26Z" duration="0.007593" asserts="0">
              <properties>
                <property name="_JOINTYPE" value="UnityCombinatorial" />
                <property name="Category" value="GDX.Tests" />
              </properties>
              <reason>
                <message><![CDATA[]]></message>
              </reason>
            </test-case>
            <test-case id="1012" name="Recompile_NoLeakDetection_NoUnexpectedMessages" fullname="GDX.Editor.DomainReloadTests.Recompile_NoLeakDetection_NoUnexpectedMessages" methodname="Recompile_NoLeakDetection_NoUnexpectedMessages" classname="GDX.Editor.DomainReloadTests" runstate="Runnable" seed="1865320668" result="Passed" start-time="2022-08-26 20:20:10Z" end-time="2022-08-26 20:20:26Z" duration="15.583669" asserts="0">
              <properties>
                <property name="_JOINTYPE" value="UnityCombinatorial" />
                <property name="Category" value="GDX.Tests" />
              </properties>
            </test-case>
          </test-suite>
          <test-suite type="TestFixture" id="1014" name="EditorTaskDirectorTests" fullname="GDX.Editor.EditorTaskDirectorTests" classname="GDX.Editor.EditorTaskDirectorTests" runstate="Runnable" testcasecount="1" result="Passed" start-time="2022-08-26 20:20:26Z" end-time="2022-08-26 20:20:28Z" duration="2.087751" total="1" passed="1" failed="0" inconclusive="0" skipped="0" asserts="0">
            <properties />
            <test-case id="1015" name="SetTickRate_QueuesOnLessThanZero_BusyWhenSet" fullname="GDX.Editor.EditorTaskDirectorTests.SetTickRate_QueuesOnLessThanZero_BusyWhenSet" methodname="SetTickRate_QueuesOnLessThanZero_BusyWhenSet" classname="GDX.Editor.EditorTaskDirectorTests" runstate="Runnable" seed="1614355569" result="Passed" start-time="2022-08-26 20:20:26Z" end-time="2022-08-26 20:20:28Z" duration="2.084451" asserts="0">
              <properties>
                <property name="_JOINTYPE" value="UnityCombinatorial" />
                <property name="Category" value="GDX.Tests" />
              </properties>
            </test-case>
          </test-suite>
          <test-suite type="TestFixture" id="1016" name="PackageProviderTests" fullname="GDX.Editor.PackageProviderTests" classname="GDX.Editor.PackageProviderTests" runstate="Runnable" testcasecount="1" result="Passed" start-time="2022-08-26 20:20:28Z" end-time="2022-08-26 20:20:28Z" duration="0.045804" total="1" passed="1" failed="0" inconclusive="0" skipped="0" asserts="0">
            <properties />
            <test-case id="1017" name="Get_DefaultPackage_NotNull" fullname="GDX.Editor.PackageProviderTests.Get_DefaultPackage_NotNull" methodname="Get_DefaultPackage_NotNull" classname="GDX.Editor.PackageProviderTests" runstate="Runnable" seed="1061032386" result="Passed" start-time="2022-08-26 20:20:28Z" end-time="2022-08-26 20:20:28Z" duration="0.042422" asserts="0">
              <properties>
                <property name="Category" value="GDX.Tests" />
              </properties>
            </test-case>
          </test-suite>
        </test-suite>
      </test-suite>
    </test-suite>
    <test-suite type="Assembly" id="1717" name="GDX.Tests.EditMode.dll" fullname="D:/BuildAgent/work/GDX-Documentation/Projects/GDX_Development/Library/ScriptAssemblies/GDX.Tests.EditMode.dll" runstate="Runnable" testcasecount="644" result="Passed" start-time="2022-08-26 20:20:28Z" end-time="2022-08-26 20:20:37Z" duration="9.282934" total="640" passed="640" failed="0" inconclusive="0" skipped="0" asserts="0">
      <properties>
        <property name="_PID" value="23128" />
        <property name="_APPDOMAIN" value="Unity Child Domain" />
        <property name="platform" value="EditMode" />
      </properties>
      <test-suite type="TestSuite" id="1718" name="GDX" fullname="GDX" runstate="Runnable" testcasecount="644" result="Passed" start-time="2022-08-26 20:20:28Z" end-time="2022-08-26 20:20:37Z" duration="9.274258" total="640" passed="640" failed="0" inconclusive="0" skipped="0" asserts="0">
        <properties />
        <test-suite type="TestFixture" id="1024" name="Array2DExtensionsTests" fullname="GDX.Array2DExtensionsTests" classname="GDX.Array2DExtensionsTests" runstate="Runnable" testcasecount="1" result="Passed" start-time="2022-08-26 20:20:28Z" end-time="2022-08-26 20:20:28Z" duration="0.004459" total="1" passed="1" failed="0" inconclusive="0" skipped="0" asserts="0">
          <properties />
          <test-case id="1025" name="Scale_MockFloatData_ScaledData" fullname="GDX.Array2DExtensionsTests.Scale_MockFloatData_ScaledData" methodname="Scale_MockFloatData_ScaledData" classname="GDX.Array2DExtensionsTests" runstate="Runnable" seed="586922732" result="Passed" start-time="2022-08-26 20:20:28Z" end-time="2022-08-26 20:20:28Z" duration="0.000814" asserts="0">
            <properties>
              <property name="Category" value="GDX.Tests" />
            </properties>
          </test-case>
        </test-suite>
        <test-suite type="TestFixture" id="1026" name="ArrayExtensionsTests" fullname="GDX.ArrayExtensionsTests" classname="GDX.ArrayExtensionsTests" runstate="Runnable" testcasecount="15" result="Passed" start-time="2022-08-26 20:20:28Z" end-time="2022-08-26 20:20:28Z" duration="0.010442" total="15" passed="15" failed="0" inconclusive="0" skipped="0" asserts="0">
          <properties />
          <test-case id="1027" name="Clear_MockData_HasDefaultValues" fullname="GDX.ArrayExtensionsTests.Clear_MockData_HasDefaultValues" methodname="Clear_MockData_HasDefaultValues" classname="GDX.ArrayExtensionsTests" runstate="Runnable" seed="343837302" result="Passed" start-time="2022-08-26 20:20:28Z" end-time="2022-08-26 20:20:28Z" duration="0.000304" asserts="0">
            <properties>
              <property name="Category" value="GDX.Tests" />
            </properties>
          </test-case>
          <test-case id="1028" name="ContainsItem_MockData_HasValue" fullname="GDX.ArrayExtensionsTests.ContainsItem_MockData_HasValue" methodname="ContainsItem_MockData_HasValue" classname="GDX.ArrayExtensionsTests" runstate="Runnable" seed="7033183" result="Passed" start-time="2022-08-26 20:20:28Z" end-time="2022-08-26 20:20:28Z" duration="0.000244" asserts="0">
            <properties>
              <property name="Category" value="GDX.Tests" />
            </properties>
          </test-case>
          <test-case id="1029" name="ContainsItem_MockData_NoValue" fullname="GDX.ArrayExtensionsTests.ContainsItem_MockData_NoValue" methodname="ContainsItem_MockData_NoValue" classname="GDX.ArrayExtensionsTests" runstate="Runnable" seed="35001129" result="Passed" start-time="2022-08-26 20:20:28Z" end-time="2022-08-26 20:20:28Z" duration="0.000382" asserts="0">
            <properties>
              <property name="Category" value="GDX.Tests" />
            </properties>
          </test-case>
          <test-case id="1030" name="ContainsReference_MockData_HasReference" fullname="GDX.ArrayExtensionsTests.ContainsReference_MockData_HasReference" methodname="ContainsReference_MockData_HasReference" classname="GDX.ArrayExtensionsTests" runstate="Runnable" seed="86718019" result="Passed" start-time="2022-08-26 20:20:28Z" end-time="2022-08-26 20:20:28Z" duration="0.000228" asserts="0">
            <properties>
              <property name="Category" value="GDX.Tests" />
            </properties>
          </test-case>
          <test-case id="1031" name="ContainsReference_MockData_NoReference" fullname="GDX.ArrayExtensionsTests.ContainsReference_MockData_NoReference" methodname="ContainsReference_MockData_NoReference" classname="GDX.ArrayExtensionsTests" runstate="Runnable" seed="1841080211" result="Passed" start-time="2022-08-26 20:20:28Z" end-time="2022-08-26 20:20:28Z" duration="0.000145" asserts="0">
            <properties>
              <property name="Category" value="GDX.Tests" />
            </properties>
          </test-case>
          <test-case id="1032" name="ContainsValue_MockData_HasValue" fullname="GDX.ArrayExtensionsTests.ContainsValue_MockData_HasValue" methodname="ContainsValue_MockData_HasValue" classname="GDX.ArrayExtensionsTests" runstate="Runnable" seed="1922287342" result="Passed" start-time="2022-08-26 20:20:28Z" end-time="2022-08-26 20:20:28Z" duration="0.000217" asserts="0">
            <properties>
              <property name="Category" value="GDX.Tests" />
            </properties>
          </test-case>
          <test-case id="1033" name="ContainsValue_MockData_NoValue" fullname="GDX.ArrayExtensionsTests.ContainsValue_MockData_NoValue" methodname="ContainsValue_MockData_NoValue" classname="GDX.ArrayExtensionsTests" runstate="Runnable" seed="1736687619" result="Passed" start-time="2022-08-26 20:20:28Z" end-time="2022-08-26 20:20:28Z" duration="0.000229" asserts="0">
            <properties>
              <property name="Category" value="GDX.Tests" />
            </properties>
          </test-case>
          <test-case id="1034" name="FirstIndexOfItem_MockDataObject_ReturnsIndex" fullname="GDX.ArrayExtensionsTests.FirstIndexOfItem_MockDataObject_ReturnsIndex" methodname="FirstIndexOfItem_MockDataObject_ReturnsIndex" classname="GDX.ArrayExtensionsTests" runstate="Runnable" seed="1626958171" result="Passed" start-time="2022-08-26 20:20:28Z" end-time="2022-08-26 20:20:28Z" duration="0.000241" asserts="0">
            <properties>
              <property name="Category" value="GDX.Tests" />
            </properties>
          </test-case>
          <test-case id="1035" name="FirstIndexOfItem_NoMockDataObject_ReturnsIndex" fullname="GDX.ArrayExtensionsTests.FirstIndexOfItem_NoMockDataObject_ReturnsIndex" methodname="FirstIndexOfItem_NoMockDataObject_ReturnsIndex" classname="GDX.ArrayExtensionsTests" runstate="Runnable" seed="844241661" result="Passed" start-time="2022-08-26 20:20:28Z" end-time="2022-08-26 20:20:28Z" duration="0.000237" asserts="0">
            <properties>
              <property name="Category" value="GDX.Tests" />
            </properties>
          </test-case>
          <test-case id="1036" name="FirstIndexOfValue_MockDataValue_ReturnsIndex" fullname="GDX.ArrayExtensionsTests.FirstIndexOfValue_MockDataValue_ReturnsIndex" methodname="FirstIndexOfValue_MockDataValue_ReturnsIndex" classname="GDX.ArrayExtensionsTests" runstate="Runnable" seed="1344649391" result="Passed" start-time="2022-08-26 20:20:28Z" end-time="2022-08-26 20:20:28Z" duration="0.000223" asserts="0">
            <properties>
              <property name="Category" value="GDX.Tests" />
            </properties>
          </test-case>
          <test-case id="1037" name="FirstIndexOfValue_NoMockDataValue_ReturnsNegativeOne" fullname="GDX.ArrayExtensionsTests.FirstIndexOfValue_NoMockDataValue_ReturnsNegativeOne" methodname="FirstIndexOfValue_NoMockDataValue_ReturnsNegativeOne" classname="GDX.ArrayExtensionsTests" runstate="Runnable" seed="1238241032" result="Passed" start-time="2022-08-26 20:20:28Z" end-time="2022-08-26 20:20:28Z" duration="0.000139" asserts="0">
            <properties>
              <property name="Category" value="GDX.Tests" />
            </properties>
          </test-case>
          <test-case id="1038" name="LastIndexOfItem_MockDataObject_ReturnsIndex" fullname="GDX.ArrayExtensionsTests.LastIndexOfItem_MockDataObject_ReturnsIndex" methodname="LastIndexOfItem_MockDataObject_ReturnsIndex" classname="GDX.ArrayExtensionsTests" runstate="Runnable" seed="1725510051" result="Passed" start-time="2022-08-26 20:20:28Z" end-time="2022-08-26 20:20:28Z" duration="0.000237" asserts="0">
            <properties>
              <property name="Category" value="GDX.Tests" />
            </properties>
          </test-case>
          <test-case id="1039" name="LastIndexOfItem_NoMockDataObject_ReturnsNegativeOne" fullname="GDX.ArrayExtensionsTests.LastIndexOfItem_NoMockDataObject_ReturnsNegativeOne" methodname="LastIndexOfItem_NoMockDataObject_ReturnsNegativeOne" classname="GDX.ArrayExtensionsTests" runstate="Runnable" seed="1676703824" result="Passed" start-time="2022-08-26 20:20:28Z" end-time="2022-08-26 20:20:28Z" duration="0.000160" asserts="0">
            <properties>
              <property name="Category" value="GDX.Tests" />
            </properties>
          </test-case>
          <test-case id="1040" name="LastIndexOfValue_MockDataValue_ReturnsIndex" fullname="GDX.ArrayExtensionsTests.LastIndexOfValue_MockDataValue_ReturnsIndex" methodname="LastIndexOfValue_MockDataValue_ReturnsIndex" classname="GDX.ArrayExtensionsTests" runstate="Runnable" seed="1439086489" result="Passed" start-time="2022-08-26 20:20:28Z" end-time="2022-08-26 20:20:28Z" duration="0.000214" asserts="0">
            <properties>
              <property name="Category" value="GDX.Tests" />
            </properties>
          </test-case>
          <test-case id="1041" name="LastIndexOfValue_NoMockDataValue_ReturnsNegativeOne" fullname="GDX.ArrayExtensionsTests.LastIndexOfValue_NoMockDataValue_ReturnsNegativeOne" methodname="LastIndexOfValue_NoMockDataValue_ReturnsNegativeOne" classname="GDX.ArrayExtensionsTests" runstate="Runnable" seed="2070887466" result="Passed" start-time="2022-08-26 20:20:28Z" end-time="2022-08-26 20:20:28Z" duration="0.000139" asserts="0">
            <properties>
              <property name="Category" value="GDX.Tests" />
            </properties>
          </test-case>
        </test-suite>
        <test-suite type="TestFixture" id="1042" name="ByteExtensionsTests" fullname="GDX.ByteExtensionsTests" classname="GDX.ByteExtensionsTests" runstate="Runnable" testcasecount="6" result="Passed" start-time="2022-08-26 20:20:28Z" end-time="2022-08-26 20:20:28Z" duration="0.004710" total="6" passed="6" failed="0" inconclusive="0" skipped="0" asserts="0">
          <properties />
          <test-case id="1043" name="GetStableHashCode_MockData_ReturnsValidCode" fullname="GDX.ByteExtensionsTests.GetStableHashCode_MockData_ReturnsValidCode" methodname="GetStableHashCode_MockData_ReturnsValidCode" classname="GDX.ByteExtensionsTests" runstate="Runnable" seed="7075278" result="Passed" start-time="2022-08-26 20:20:28Z" end-time="2022-08-26 20:20:28Z" duration="0.000261" asserts="0">
            <properties>
              <property name="Category" value="GDX.Tests" />
            </properties>
          </test-case>
          <test-case id="1045" name="IsSame_DifferentData_ReturnsFalse" fullname="GDX.ByteExtensionsTests.IsSame_DifferentData_ReturnsFalse" methodname="IsSame_DifferentData_ReturnsFalse" classname="GDX.ByteExtensionsTests" runstate="Runnable" seed="468380084" result="Passed" start-time="2022-08-26 20:20:28Z" end-time="2022-08-26 20:20:28Z" duration="0.000353" asserts="0">
            <properties>
              <property name="Category" value="GDX.Tests" />
            </properties>
          </test-case>
          <test-case id="1048" name="IsSame_DifferentLengths_ReturnsFalse" fullname="GDX.ByteExtensionsTests.IsSame_DifferentLengths_ReturnsFalse" methodname="IsSame_DifferentLengths_ReturnsFalse" classname="GDX.ByteExtensionsTests" runstate="Runnable" seed="1670635491" result="Passed" start-time="2022-08-26 20:20:28Z" end-time="2022-08-26 20:20:28Z" duration="0.000140" asserts="0">
            <properties>
              <property name="Category" value="GDX.Tests" />
            </properties>
          </test-case>
          <test-case id="1046" name="IsSame_NullLeftHandSide_ReturnsFalse" fullname="GDX.ByteExtensionsTests.IsSame_NullLeftHandSide_ReturnsFalse" methodname="IsSame_NullLeftHandSide_ReturnsFalse" classname="GDX.ByteExtensionsTests" runstate="Runnable" seed="879769583" result="Passed" start-time="2022-08-26 20:20:28Z" end-time="2022-08-26 20:20:28Z" duration="0.000127" asserts="0">
            <properties>
              <property name="Category" value="GDX.Tests" />
            </properties>
          </test-case>
          <test-case id="1047" name="IsSame_NullRightHandSide_ReturnsFalse" fullname="GDX.ByteExtensionsTests.IsSame_NullRightHandSide_ReturnsFalse" methodname="IsSame_NullRightHandSide_ReturnsFalse" classname="GDX.ByteExtensionsTests" runstate="Runnable" seed="1878453587" result="Passed" start-time="2022-08-26 20:20:28Z" end-time="2022-08-26 20:20:28Z" duration="0.000123" asserts="0">
            <properties>
              <property name="Category" value="GDX.Tests" />
            </properties>
          </test-case>
          <test-case id="1044" name="IsSame_SameData_ReturnsTrue" fullname="GDX.ByteExtensionsTests.IsSame_SameData_ReturnsTrue" methodname="IsSame_SameData_ReturnsTrue" classname="GDX.ByteExtensionsTests" runstate="Runnable" seed="422071900" result="Passed" start-time="2022-08-26 20:20:28Z" end-time="2022-08-26 20:20:28Z" duration="0.000157" asserts="0">
            <properties>
              <property name="Category" value="GDX.Tests" />
            </properties>
          </test-case>
        </test-suite>
        <test-suite type="TestSuite" id="1728" name="Collections" fullname="GDX.Collections" runstate="Runnable" testcasecount="307" result="Passed" start-time="2022-08-26 20:20:28Z" end-time="2022-08-26 20:20:28Z" duration="0.249933" total="307" passed="307" failed="0" inconclusive="0" skipped="0" asserts="0">
          <properties />
          <test-suite type="TestSuite" id="1730" name="Generic" fullname="GDX.Collections.Generic" runstate="Runnable" testcasecount="293" result="Passed" start-time="2022-08-26 20:20:28Z" end-time="2022-08-26 20:20:28Z" duration="0.218466" total="293" passed="293" failed="0" inconclusive="0" skipped="0" asserts="0">
            <properties />
            <test-suite type="TestFixture" id="1418" name="Array2DTests" fullname="GDX.Collections.Generic.Array2DTests" classname="GDX.Collections.Generic.Array2DTests" runstate="Runnable" testcasecount="11" result="Passed" start-time="2022-08-26 20:20:28Z" end-time="2022-08-26 20:20:28Z" duration="0.008971" total="11" passed="11" failed="0" inconclusive="0" skipped="0" asserts="0">
              <properties />
              <test-case id="1419" name="AddColumns_MockData_ArrayResized" fullname="GDX.Collections.Generic.Array2DTests.AddColumns_MockData_ArrayResized" methodname="AddColumns_MockData_ArrayResized" classname="GDX.Collections.Generic.Array2DTests" runstate="Runnable" seed="1679445321" result="Passed" start-time="2022-08-26 20:20:28Z" end-time="2022-08-26 20:20:28Z" duration="0.000493" asserts="0">
                <properties>
                  <property name="Category" value="GDX.Tests" />
                </properties>
              </test-case>
              <test-case id="1420" name="AddRows_MockData_ArrayResized" fullname="GDX.Collections.Generic.Array2DTests.AddRows_MockData_ArrayResized" methodname="AddRows_MockData_ArrayResized" classname="GDX.Collections.Generic.Array2DTests" runstate="Runnable" seed="2086475608" result="Passed" start-time="2022-08-26 20:20:28Z" end-time="2022-08-26 20:20:28Z" duration="0.000286" asserts="0">
                <properties>
                  <property name="Category" value="GDX.Tests" />
                </properties>
              </test-case>
              <test-case id="1421" name="GetColumnIndex_MockData_ReturnsIndex" fullname="GDX.Collections.Generic.Array2DTests.GetColumnIndex_MockData_ReturnsIndex" methodname="GetColumnIndex_MockData_ReturnsIndex" classname="GDX.Collections.Generic.Array2DTests" runstate="Runnable" seed="876025190" result="Passed" start-time="2022-08-26 20:20:28Z" end-time="2022-08-26 20:20:28Z" duration="0.000270" asserts="0">
                <properties>
                  <property name="Category" value="GDX.Tests" />
                </properties>
              </test-case>
              <test-case id="1422" name="GetRowIndex_MockData_ReturnsIndex" fullname="GDX.Collections.Generic.Array2DTests.GetRowIndex_MockData_ReturnsIndex" methodname="GetRowIndex_MockData_ReturnsIndex" classname="GDX.Collections.Generic.Array2DTests" runstate="Runnable" seed="553091372" result="Passed" start-time="2022-08-26 20:20:28Z" end-time="2022-08-26 20:20:28Z" duration="0.000220" asserts="0">
                <properties>
                  <property name="Category" value="GDX.Tests" />
                </properties>
              </test-case>
              <test-case id="1423" name="ReverseColumns_MockDataEven_ValuesReversed" fullname="GDX.Collections.Generic.Array2DTests.ReverseColumns_MockDataEven_ValuesReversed" methodname="ReverseColumns_MockDataEven_ValuesReversed" classname="GDX.Collections.Generic.Array2DTests" runstate="Runnable" seed="1304117917" result="Passed" start-time="2022-08-26 20:20:28Z" end-time="2022-08-26 20:20:28Z" duration="0.000332" asserts="0">
                <properties>
                  <property name="Category" value="GDX.Tests" />
                </properties>
              </test-case>
              <test-case id="1424" name="ReverseColumns_MockDataOdd_ValuesReversed" fullname="GDX.Collections.Generic.Array2DTests.ReverseColumns_MockDataOdd_ValuesReversed" methodname="ReverseColumns_MockDataOdd_ValuesReversed" classname="GDX.Collections.Generic.Array2DTests" runstate="Runnable" seed="1964562336" result="Passed" start-time="2022-08-26 20:20:28Z" end-time="2022-08-26 20:20:28Z" duration="0.000199" asserts="0">
                <properties>
                  <property name="Category" value="GDX.Tests" />
                </properties>
              </test-case>
              <test-case id="1425" name="ReverseRows_MockDataEven_ValuesReversed" fullname="GDX.Collections.Generic.Array2DTests.ReverseRows_MockDataEven_ValuesReversed" methodname="ReverseRows_MockDataEven_ValuesReversed" classname="GDX.Collections.Generic.Array2DTests" runstate="Runnable" seed="464651446" result="Passed" start-time="2022-08-26 20:20:28Z" end-time="2022-08-26 20:20:28Z" duration="0.000318" asserts="0">
                <properties>
                  <property name="Category" value="GDX.Tests" />
                </properties>
              </test-case>
              <test-case id="1426" name="ReverseRows_MockDataOdd_ValuesReversed" fullname="GDX.Collections.Generic.Array2DTests.ReverseRows_MockDataOdd_ValuesReversed" methodname="ReverseRows_MockDataOdd_ValuesReversed" classname="GDX.Collections.Generic.Array2DTests" runstate="Runnable" seed="1653157494" result="Passed" start-time="2022-08-26 20:20:28Z" end-time="2022-08-26 20:20:28Z" duration="0.000195" asserts="0">
                <properties>
                  <property name="Category" value="GDX.Tests" />
                </properties>
              </test-case>
              <test-case id="1427" name="RotateClockwise_MockDataOdd_ValuesRotated" fullname="GDX.Collections.Generic.Array2DTests.RotateClockwise_MockDataOdd_ValuesRotated" methodname="RotateClockwise_MockDataOdd_ValuesRotated" classname="GDX.Collections.Generic.Array2DTests" runstate="Runnable" seed="1805501644" result="Passed" start-time="2022-08-26 20:20:28Z" end-time="2022-08-26 20:20:28Z" duration="0.000301" asserts="0">
                <properties>
                  <property name="Category" value="GDX.Tests" />
                </properties>
              </test-case>
              <test-case id="1428" name="RotateCounterClockwise_MockDataOdd_ValuesRotated" fullname="GDX.Collections.Generic.Array2DTests.RotateCounterClockwise_MockDataOdd_ValuesRotated" methodname="RotateCounterClockwise_MockDataOdd_ValuesRotated" classname="GDX.Collections.Generic.Array2DTests" runstate="Runnable" seed="640292452" result="Passed" start-time="2022-08-26 20:20:28Z" end-time="2022-08-26 20:20:28Z" duration="0.000299" asserts="0">
                <properties>
                  <property name="Category" value="GDX.Tests" />
                </properties>
              </test-case>
              <test-case id="1429" name="ToMultiDimensionalArray_MockData_MatchingValues" fullname="GDX.Collections.Generic.Array2DTests.ToMultiDimensionalArray_MockData_MatchingValues" methodname="ToMultiDimensionalArray_MockData_MatchingValues" classname="GDX.Collections.Generic.Array2DTests" runstate="Runnable" seed="1237793064" result="Passed" start-time="2022-08-26 20:20:28Z" end-time="2022-08-26 20:20:28Z" duration="0.000420" asserts="0">
                <properties>
                  <property name="Category" value="GDX.Tests" />
                </properties>
              </test-case>
            </test-suite>
            <test-suite type="TestFixture" id="1430" name="Array3DTests" fullname="GDX.Collections.Generic.Array3DTests" classname="GDX.Collections.Generic.Array3DTests" runstate="Runnable" testcasecount="10" result="Passed" start-time="2022-08-26 20:20:28Z" end-time="2022-08-26 20:20:28Z" duration="0.007632" total="10" passed="10" failed="0" inconclusive="0" skipped="0" asserts="0">
              <properties />
              <test-case id="1431" name="Constructor_CorrectSizes" fullname="GDX.Collections.Generic.Array3DTests.Constructor_CorrectSizes" methodname="Constructor_CorrectSizes" classname="GDX.Collections.Generic.Array3DTests" runstate="Runnable" seed="1702428491" result="Passed" start-time="2022-08-26 20:20:28Z" end-time="2022-08-26 20:20:28Z" duration="0.000651" asserts="0">
                <properties>
                  <property name="Category" value="GDX.Tests" />
                </properties>
              </test-case>
              <test-case id="1432" name="GetByIndex_LastSpot_ValidEntry" fullname="GDX.Collections.Generic.Array3DTests.GetByIndex_LastSpot_ValidEntry" methodname="GetByIndex_LastSpot_ValidEntry" classname="GDX.Collections.Generic.Array3DTests" runstate="Runnable" seed="443477162" result="Passed" start-time="2022-08-26 20:20:28Z" end-time="2022-08-26 20:20:28Z" duration="0.000225" asserts="0">
                <properties>
                  <property name="Category" value="GDX.Tests" />
                </properties>
              </test-case>
              <test-case id="1434" name="GetByInt3_LastSpot_ValidEntry" fullname="GDX.Collections.Generic.Array3DTests.GetByInt3_LastSpot_ValidEntry" methodname="GetByInt3_LastSpot_ValidEntry" classname="GDX.Collections.Generic.Array3DTests" runstate="Runnable" seed="546611997" result="Passed" start-time="2022-08-26 20:20:28Z" end-time="2022-08-26 20:20:28Z" duration="0.000342" asserts="0">
                <properties>
                  <property name="Category" value="GDX.Tests" />
                </properties>
              </test-case>
              <test-case id="1437" name="GetFromIndex_FirstSpot_Valid" fullname="GDX.Collections.Generic.Array3DTests.GetFromIndex_FirstSpot_Valid" methodname="GetFromIndex_FirstSpot_Valid" classname="GDX.Collections.Generic.Array3DTests" runstate="Runnable" seed="207046888" result="Passed" start-time="2022-08-26 20:20:28Z" end-time="2022-08-26 20:20:28Z" duration="0.000423" asserts="0">
                <properties>
                  <property name="Category" value="GDX.Tests" />
                </properties>
              </test-case>
              <test-case id="1439" name="GetFromIndex_LastBottomRow_Valid" fullname="GDX.Collections.Generic.Array3DTests.GetFromIndex_LastBottomRow_Valid" methodname="GetFromIndex_LastBottomRow_Valid" classname="GDX.Collections.Generic.Array3DTests" runstate="Runnable" seed="511175223" result="Passed" start-time="2022-08-26 20:20:28Z" end-time="2022-08-26 20:20:28Z" duration="0.000194" asserts="0">
                <properties>
                  <property name="Category" value="GDX.Tests" />
                </properties>
              </test-case>
              <test-case id="1438" name="GetFromIndex_LastFirstRow_Valid" fullname="GDX.Collections.Generic.Array3DTests.GetFromIndex_LastFirstRow_Valid" methodname="GetFromIndex_LastFirstRow_Valid" classname="GDX.Collections.Generic.Array3DTests" runstate="Runnable" seed="1194432954" result="Passed" start-time="2022-08-26 20:20:28Z" end-time="2022-08-26 20:20:28Z" duration="0.000192" asserts="0">
                <properties>
                  <property name="Category" value="GDX.Tests" />
                </properties>
              </test-case>
              <test-case id="1436" name="GetFromIndex_LastSpot_Valid" fullname="GDX.Collections.Generic.Array3DTests.GetFromIndex_LastSpot_Valid" methodname="GetFromIndex_LastSpot_Valid" classname="GDX.Collections.Generic.Array3DTests" runstate="Runnable" seed="1354850633" result="Passed" start-time="2022-08-26 20:20:28Z" end-time="2022-08-26 20:20:28Z" duration="0.000189" asserts="0">
                <properties>
                  <property name="Category" value="GDX.Tests" />
                </properties>
              </test-case>
              <test-case id="1440" name="GetFromIndex_SecondTopRowAtBack_Valid" fullname="GDX.Collections.Generic.Array3DTests.GetFromIndex_SecondTopRowAtBack_Valid" methodname="GetFromIndex_SecondTopRowAtBack_Valid" classname="GDX.Collections.Generic.Array3DTests" runstate="Runnable" seed="416264170" result="Passed" start-time="2022-08-26 20:20:28Z" end-time="2022-08-26 20:20:28Z" duration="0.000187" asserts="0">
                <properties>
                  <property name="Category" value="GDX.Tests" />
                </properties>
              </test-case>
              <test-case id="1433" name="SetByIndex_LastSpot_ValidEntry" fullname="GDX.Collections.Generic.Array3DTests.SetByIndex_LastSpot_ValidEntry" methodname="SetByIndex_LastSpot_ValidEntry" classname="GDX.Collections.Generic.Array3DTests" runstate="Runnable" seed="1884784582" result="Passed" start-time="2022-08-26 20:20:28Z" end-time="2022-08-26 20:20:28Z" duration="0.000223" asserts="0">
                <properties>
                  <property name="Category" value="GDX.Tests" />
                </properties>
              </test-case>
              <test-case id="1435" name="SetByInt3_LastSpot_ValidEntry" fullname="GDX.Collections.Generic.Array3DTests.SetByInt3_LastSpot_ValidEntry" methodname="SetByInt3_LastSpot_ValidEntry" classname="GDX.Collections.Generic.Array3DTests" runstate="Runnable" seed="116886514" result="Passed" start-time="2022-08-26 20:20:28Z" end-time="2022-08-26 20:20:28Z" duration="0.000241" asserts="0">
                <properties>
                  <property name="Category" value="GDX.Tests" />
                </properties>
              </test-case>
            </test-suite>
            <test-suite type="TestFixture" id="1710" name="ArrayPoolTests" fullname="GDX.Collections.Generic.ArrayPoolTests" classname="GDX.Collections.Generic.ArrayPoolTests" runstate="Runnable" testcasecount="6" result="Passed" start-time="2022-08-26 20:20:28Z" end-time="2022-08-26 20:20:28Z" duration="0.005615" total="6" passed="6" failed="0" inconclusive="0" skipped="0" asserts="0">
              <properties />
              <test-case id="1711" name="Constructor_InitializeWithMinimumAndMaximum" fullname="GDX.Collections.Generic.ArrayPoolTests.Constructor_InitializeWithMinimumAndMaximum" methodname="Constructor_InitializeWithMinimumAndMaximum" classname="GDX.Collections.Generic.ArrayPoolTests" runstate="Runnable" seed="1483882118" result="Passed" start-time="2022-08-26 20:20:28Z" end-time="2022-08-26 20:20:28Z" duration="0.000463" asserts="0">
                <properties>
                  <property name="Category" value="GDX.Tests" />
                </properties>
              </test-case>
              <test-case id="1714" name="GetArrayFromPool_NonPowerOfTwoRequested_ArrayExistsInPool" fullname="GDX.Collections.Generic.ArrayPoolTests.GetArrayFromPool_NonPowerOfTwoRequested_ArrayExistsInPool" methodname="GetArrayFromPool_NonPowerOfTwoRequested_ArrayExistsInPool" classname="GDX.Collections.Generic.ArrayPoolTests" runstate="Runnable" seed="243799132" result="Passed" start-time="2022-08-26 20:20:28Z" end-time="2022-08-26 20:20:28Z" duration="0.000412" asserts="0">
                <properties>
                  <property name="Category" value="GDX.Tests" />
                </properties>
              </test-case>
              <test-case id="1712" name="GetArrayFromPool_PowerOfTwoRequested_ArrayExistsInPool" fullname="GDX.Collections.Generic.ArrayPoolTests.GetArrayFromPool_PowerOfTwoRequested_ArrayExistsInPool" methodname="GetArrayFromPool_PowerOfTwoRequested_ArrayExistsInPool" classname="GDX.Collections.Generic.ArrayPoolTests" runstate="Runnable" seed="1273495152" result="Passed" start-time="2022-08-26 20:20:28Z" end-time="2022-08-26 20:20:28Z" duration="0.000289" asserts="0">
                <properties>
                  <property name="Category" value="GDX.Tests" />
                </properties>
              </test-case>
              <test-case id="1713" name="GetArrayFromPool_PowerOfTwoRequested_PoolIsEmpty" fullname="GDX.Collections.Generic.ArrayPoolTests.GetArrayFromPool_PowerOfTwoRequested_PoolIsEmpty" methodname="GetArrayFromPool_PowerOfTwoRequested_PoolIsEmpty" classname="GDX.Collections.Generic.ArrayPoolTests" runstate="Runnable" seed="1036888948" result="Passed" start-time="2022-08-26 20:20:28Z" end-time="2022-08-26 20:20:28Z" duration="0.000232" asserts="0">
                <properties>
                  <property name="Category" value="GDX.Tests" />
                </properties>
              </test-case>
              <test-case id="1715" name="ReturnArrayToPool_MaximumNotReached" fullname="GDX.Collections.Generic.ArrayPoolTests.ReturnArrayToPool_MaximumNotReached" methodname="ReturnArrayToPool_MaximumNotReached" classname="GDX.Collections.Generic.ArrayPoolTests" runstate="Runnable" seed="1667073101" result="Passed" start-time="2022-08-26 20:20:28Z" end-time="2022-08-26 20:20:28Z" duration="0.000373" asserts="0">
                <properties>
                  <property name="Category" value="GDX.Tests" />
                </properties>
              </test-case>
              <test-case id="1716" name="ReturnArrayToPool_MaximumReached" fullname="GDX.Collections.Generic.ArrayPoolTests.ReturnArrayToPool_MaximumReached" methodname="ReturnArrayToPool_MaximumReached" classname="GDX.Collections.Generic.ArrayPoolTests" runstate="Runnable" seed="707335073" result="Passed" start-time="2022-08-26 20:20:28Z" end-time="2022-08-26 20:20:28Z" duration="0.000283" asserts="0">
                <properties>
                  <property name="Category" value="GDX.Tests" />
                </properties>
              </test-case>
            </test-suite>
            <test-suite type="TestFixture" id="1441" name="CircularBufferTests" fullname="GDX.Collections.Generic.CircularBufferTests" classname="GDX.Collections.Generic.CircularBufferTests" runstate="Runnable" testcasecount="22" result="Passed" start-time="2022-08-26 20:20:28Z" end-time="2022-08-26 20:20:28Z" duration="0.012491" total="22" passed="22" failed="0" inconclusive="0" skipped="0" asserts="0">
              <properties />
              <test-case id="1442" name="Add_MockData_Normal" fullname="GDX.Collections.Generic.CircularBufferTests.Add_MockData_Normal" methodname="Add_MockData_Normal" classname="GDX.Collections.Generic.CircularBufferTests" runstate="Runnable" seed="519511347" result="Passed" start-time="2022-08-26 20:20:28Z" end-time="2022-08-26 20:20:28Z" duration="0.000441" asserts="0">
                <properties>
                  <property name="Category" value="GDX.Tests" />
                </properties>
              </test-case>
              <test-case id="1443" name="Add_MockData_Wrapped" fullname="GDX.Collections.Generic.CircularBufferTests.Add_MockData_Wrapped" methodname="Add_MockData_Wrapped" classname="GDX.Collections.Generic.CircularBufferTests" runstate="Runnable" seed="522190736" result="Passed" start-time="2022-08-26 20:20:28Z" end-time="2022-08-26 20:20:28Z" duration="0.000197" asserts="0">
                <properties>
                  <property name="Category" value="GDX.Tests" />
                </properties>
              </test-case>
              <test-case id="1444" name="Clear_MockData_Empty" fullname="GDX.Collections.Generic.CircularBufferTests.Clear_MockData_Empty" methodname="Clear_MockData_Empty" classname="GDX.Collections.Generic.CircularBufferTests" runstate="Runnable" seed="1525804628" result="Passed" start-time="2022-08-26 20:20:28Z" end-time="2022-08-26 20:20:28Z" duration="0.000247" asserts="0">
                <properties>
                  <property name="Category" value="GDX.Tests" />
                </properties>
              </test-case>
              <test-case id="1445" name="Get_MockData_First" fullname="GDX.Collections.Generic.CircularBufferTests.Get_MockData_First" methodname="Get_MockData_First" classname="GDX.Collections.Generic.CircularBufferTests" runstate="Runnable" seed="1518529538" result="Passed" start-time="2022-08-26 20:20:28Z" end-time="2022-08-26 20:20:28Z" duration="0.000219" asserts="0">
                <properties>
                  <property name="Category" value="GDX.Tests" />
                </properties>
              </test-case>
              <test-case id="1446" name="Get_MockData_Last" fullname="GDX.Collections.Generic.CircularBufferTests.Get_MockData_Last" methodname="Get_MockData_Last" classname="GDX.Collections.Generic.CircularBufferTests" runstate="Runnable" seed="1398843349" result="Passed" start-time="2022-08-26 20:20:28Z" end-time="2022-08-26 20:20:28Z" duration="0.000159" asserts="0">
                <properties>
                  <property name="Category" value="GDX.Tests" />
                </properties>
              </test-case>
              <test-case id="1447" name="Get_MockData_Wrapped" fullname="GDX.Collections.Generic.CircularBufferTests.Get_MockData_Wrapped" methodname="Get_MockData_Wrapped" classname="GDX.Collections.Generic.CircularBufferTests" runstate="Runnable" seed="446624205" result="Passed" start-time="2022-08-26 20:20:28Z" end-time="2022-08-26 20:20:28Z" duration="0.000169" asserts="0">
                <properties>
                  <property name="Category" value="GDX.Tests" />
                </properties>
              </test-case>
              <test-case id="1448" name="GetBack_MockData_Valid" fullname="GDX.Collections.Generic.CircularBufferTests.GetBack_MockData_Valid" methodname="GetBack_MockData_Valid" classname="GDX.Collections.Generic.CircularBufferTests" runstate="Runnable" seed="1384551405" result="Passed" start-time="2022-08-26 20:20:28Z" end-time="2022-08-26 20:20:28Z" duration="0.000224" asserts="0">
                <properties>
                  <property name="Category" value="GDX.Tests" />
                </properties>
              </test-case>
              <test-case id="1449" name="GetFront_MockData_Valid" fullname="GDX.Collections.Generic.CircularBufferTests.GetFront_MockData_Valid" methodname="GetFront_MockData_Valid" classname="GDX.Collections.Generic.CircularBufferTests" runstate="Runnable" seed="1590391555" result="Passed" start-time="2022-08-26 20:20:28Z" end-time="2022-08-26 20:20:28Z" duration="0.000273" asserts="0">
                <properties>
                  <property name="Category" value="GDX.Tests" />
                </properties>
              </test-case>
              <test-case id="1451" name="IsEmpty_MockData_ClearedEmpty" fullname="GDX.Collections.Generic.CircularBufferTests.IsEmpty_MockData_ClearedEmpty" methodname="IsEmpty_MockData_ClearedEmpty" classname="GDX.Collections.Generic.CircularBufferTests" runstate="Runnable" seed="426164164" result="Passed" start-time="2022-08-26 20:20:28Z" end-time="2022-08-26 20:20:28Z" duration="0.000206" asserts="0">
                <properties>
                  <property name="Category" value="GDX.Tests" />
                </properties>
              </test-case>
              <test-case id="1450" name="IsEmpty_MockData_Empty" fullname="GDX.Collections.Generic.CircularBufferTests.IsEmpty_MockData_Empty" methodname="IsEmpty_MockData_Empty" classname="GDX.Collections.Generic.CircularBufferTests" runstate="Runnable" seed="1914998317" result="Passed" start-time="2022-08-26 20:20:28Z" end-time="2022-08-26 20:20:28Z" duration="0.000140" asserts="0">
                <properties>
                  <property name="Category" value="GDX.Tests" />
                </properties>
              </test-case>
              <test-case id="1452" name="IsEmpty_MockData_NotEmpty" fullname="GDX.Collections.Generic.CircularBufferTests.IsEmpty_MockData_NotEmpty" methodname="IsEmpty_MockData_NotEmpty" classname="GDX.Collections.Generic.CircularBufferTests" runstate="Runnable" seed="1311222053" result="Passed" start-time="2022-08-26 20:20:28Z" end-time="2022-08-26 20:20:28Z" duration="0.000192" asserts="0">
                <properties>
                  <property name="Category" value="GDX.Tests" />
                </properties>
              </test-case>
              <test-case id="1453" name="IsFull_MockData_Full" fullname="GDX.Collections.Generic.CircularBufferTests.IsFull_MockData_Full" methodname="IsFull_MockData_Full" classname="GDX.Collections.Generic.CircularBufferTests" runstate="Runnable" seed="1320798830" result="Passed" start-time="2022-08-26 20:20:28Z" end-time="2022-08-26 20:20:28Z" duration="0.000194" asserts="0">
                <properties>
                  <property name="Category" value="GDX.Tests" />
                </properties>
              </test-case>
              <test-case id="1454" name="IsFull_MockData_NotFull" fullname="GDX.Collections.Generic.CircularBufferTests.IsFull_MockData_NotFull" methodname="IsFull_MockData_NotFull" classname="GDX.Collections.Generic.CircularBufferTests" runstate="Runnable" seed="848278848" result="Passed" start-time="2022-08-26 20:20:28Z" end-time="2022-08-26 20:20:28Z" duration="0.000151" asserts="0">
                <properties>
                  <property name="Category" value="GDX.Tests" />
                </properties>
              </test-case>
              <test-case id="1455" name="PopBack_MockData_GetValue" fullname="GDX.Collections.Generic.CircularBufferTests.PopBack_MockData_GetValue" methodname="PopBack_MockData_GetValue" classname="GDX.Collections.Generic.CircularBufferTests" runstate="Runnable" seed="1866059729" result="Passed" start-time="2022-08-26 20:20:28Z" end-time="2022-08-26 20:20:28Z" duration="0.000251" asserts="0">
                <properties>
                  <property name="Category" value="GDX.Tests" />
                </properties>
              </test-case>
              <test-case id="1456" name="PopFront_MockData_GetValue" fullname="GDX.Collections.Generic.CircularBufferTests.PopFront_MockData_GetValue" methodname="PopFront_MockData_GetValue" classname="GDX.Collections.Generic.CircularBufferTests" runstate="Runnable" seed="1957317443" result="Passed" start-time="2022-08-26 20:20:28Z" end-time="2022-08-26 20:20:28Z" duration="0.000239" asserts="0">
                <properties>
                  <property name="Category" value="GDX.Tests" />
                </properties>
              </test-case>
              <test-case id="1457" name="PushBack_MockData_InjectedValue" fullname="GDX.Collections.Generic.CircularBufferTests.PushBack_MockData_InjectedValue" methodname="PushBack_MockData_InjectedValue" classname="GDX.Collections.Generic.CircularBufferTests" runstate="Runnable" seed="88874868" result="Passed" start-time="2022-08-26 20:20:28Z" end-time="2022-08-26 20:20:28Z" duration="0.000175" asserts="0">
                <properties>
                  <property name="Category" value="GDX.Tests" />
                </properties>
              </test-case>
              <test-case id="1458" name="PushFront_MockData_InjectedValue" fullname="GDX.Collections.Generic.CircularBufferTests.PushFront_MockData_InjectedValue" methodname="PushFront_MockData_InjectedValue" classname="GDX.Collections.Generic.CircularBufferTests" runstate="Runnable" seed="1074586698" result="Passed" start-time="2022-08-26 20:20:28Z" end-time="2022-08-26 20:20:28Z" duration="0.000271" asserts="0">
                <properties>
                  <property name="Category" value="GDX.Tests" />
                </properties>
              </test-case>
              <test-case id="1459" name="Set_MockData_First" fullname="GDX.Collections.Generic.CircularBufferTests.Set_MockData_First" methodname="Set_MockData_First" classname="GDX.Collections.Generic.CircularBufferTests" runstate="Runnable" seed="482756250" result="Passed" start-time="2022-08-26 20:20:28Z" end-time="2022-08-26 20:20:28Z" duration="0.000236" asserts="0">
                <properties>
                  <property name="Category" value="GDX.Tests" />
                </properties>
              </test-case>
              <test-case id="1460" name="Set_MockData_Last" fullname="GDX.Collections.Generic.CircularBufferTests.Set_MockData_Last" methodname="Set_MockData_Last" classname="GDX.Collections.Generic.CircularBufferTests" runstate="Runnable" seed="1877564500" result="Passed" start-time="2022-08-26 20:20:28Z" end-time="2022-08-26 20:20:28Z" duration="0.000165" asserts="0">
                <properties>
                  <property name="Category" value="GDX.Tests" />
                </properties>
              </test-case>
              <test-case id="1461" name="Set_MockData_Wrapped" fullname="GDX.Collections.Generic.CircularBufferTests.Set_MockData_Wrapped" methodname="Set_MockData_Wrapped" classname="GDX.Collections.Generic.CircularBufferTests" runstate="Runnable" seed="92985843" result="Passed" start-time="2022-08-26 20:20:28Z" end-time="2022-08-26 20:20:28Z" duration="0.000161" asserts="0">
                <properties>
                  <property name="Category" value="GDX.Tests" />
                </properties>
              </test-case>
              <test-case id="1462" name="ToArray_MockData_NonWrapped" fullname="GDX.Collections.Generic.CircularBufferTests.ToArray_MockData_NonWrapped" methodname="ToArray_MockData_NonWrapped" classname="GDX.Collections.Generic.CircularBufferTests" runstate="Runnable" seed="605813232" result="Passed" start-time="2022-08-26 20:20:28Z" end-time="2022-08-26 20:20:28Z" duration="0.000304" asserts="0">
                <properties>
                  <property name="Category" value="GDX.Tests" />
                </properties>
              </test-case>
              <test-case id="1463" name="ToArray_MockData_Wrapped" fullname="GDX.Collections.Generic.CircularBufferTests.ToArray_MockData_Wrapped" methodname="ToArray_MockData_Wrapped" classname="GDX.Collections.Generic.CircularBufferTests" runstate="Runnable" seed="1564331147" result="Passed" start-time="2022-08-26 20:20:28Z" end-time="2022-08-26 20:20:28Z" duration="0.000210" asserts="0">
                <properties>
                  <property name="Category" value="GDX.Tests" />
                </properties>
              </test-case>
            </test-suite>
            <test-suite type="TestFixture" id="1409" name="FreeListTests" fullname="GDX.Collections.Generic.FreeListTests" classname="GDX.Collections.Generic.FreeListTests" runstate="Runnable" testcasecount="8" result="Passed" start-time="2022-08-26 20:20:28Z" end-time="2022-08-26 20:20:28Z" duration="0.008506" total="8" passed="8" failed="0" inconclusive="0" skipped="0" asserts="0">
              <properties />
              <test-case id="1411" name="AddUnchecked_MockData_ValueAdded" fullname="GDX.Collections.Generic.FreeListTests.AddUnchecked_MockData_ValueAdded" methodname="AddUnchecked_MockData_ValueAdded" classname="GDX.Collections.Generic.FreeListTests" runstate="Runnable" seed="792969006" result="Passed" start-time="2022-08-26 20:20:28Z" end-time="2022-08-26 20:20:28Z" duration="0.000317" asserts="0">
                <properties>
                  <property name="Category" value="GDX.Tests" />
                </properties>
              </test-case>
              <test-case id="1412" name="AddUnchecked_MockDataOverflow_ThrowsException" fullname="GDX.Collections.Generic.FreeListTests.AddUnchecked_MockDataOverflow_ThrowsException" methodname="AddUnchecked_MockDataOverflow_ThrowsException" classname="GDX.Collections.Generic.FreeListTests" runstate="Runnable" seed="1290151394" result="Passed" start-time="2022-08-26 20:20:28Z" end-time="2022-08-26 20:20:28Z" duration="0.002897" asserts="0">
                <properties>
                  <property name="Category" value="GDX.Tests" />
                </properties>
              </test-case>
              <test-case id="1413" name="AddWithExpandCheck_MockData_ValueAdded" fullname="GDX.Collections.Generic.FreeListTests.AddWithExpandCheck_MockData_ValueAdded" methodname="AddWithExpandCheck_MockData_ValueAdded" classname="GDX.Collections.Generic.FreeListTests" runstate="Runnable" seed="2130193601" result="Passed" start-time="2022-08-26 20:20:28Z" end-time="2022-08-26 20:20:28Z" duration="0.000299" asserts="0">
                <properties>
                  <property name="Category" value="GDX.Tests" />
                </properties>
              </test-case>
              <test-case id="1414" name="AddWithExpandCheck_MockDataWithExpansion_ValueAdded" fullname="GDX.Collections.Generic.FreeListTests.AddWithExpandCheck_MockDataWithExpansion_ValueAdded" methodname="AddWithExpandCheck_MockDataWithExpansion_ValueAdded" classname="GDX.Collections.Generic.FreeListTests" runstate="Runnable" seed="275689786" result="Passed" start-time="2022-08-26 20:20:28Z" end-time="2022-08-26 20:20:28Z" duration="0.000298" asserts="0">
                <properties>
                  <property name="Category" value="GDX.Tests" />
                </properties>
              </test-case>
              <test-case id="1415" name="Clear_MockData_DataCleared" fullname="GDX.Collections.Generic.FreeListTests.Clear_MockData_DataCleared" methodname="Clear_MockData_DataCleared" classname="GDX.Collections.Generic.FreeListTests" runstate="Runnable" seed="1349373762" result="Passed" start-time="2022-08-26 20:20:28Z" end-time="2022-08-26 20:20:28Z" duration="0.000220" asserts="0">
                <properties>
                  <property name="Category" value="GDX.Tests" />
                </properties>
              </test-case>
              <test-case id="1410" name="FreeList_CreateWithCount" fullname="GDX.Collections.Generic.FreeListTests.FreeList_CreateWithCount" methodname="FreeList_CreateWithCount" classname="GDX.Collections.Generic.FreeListTests" runstate="Runnable" seed="1859513730" result="Passed" start-time="2022-08-26 20:20:28Z" end-time="2022-08-26 20:20:28Z" duration="0.000153" asserts="0">
                <properties>
                  <property name="Category" value="GDX.Tests" />
                </properties>
              </test-case>
              <test-case id="1417" name="GetAndRemoveAt_MockData_ValueRemoved" fullname="GDX.Collections.Generic.FreeListTests.GetAndRemoveAt_MockData_ValueRemoved" methodname="GetAndRemoveAt_MockData_ValueRemoved" classname="GDX.Collections.Generic.FreeListTests" runstate="Runnable" seed="453984645" result="Passed" start-time="2022-08-26 20:20:28Z" end-time="2022-08-26 20:20:28Z" duration="0.000231" asserts="0">
                <properties>
                  <property name="Category" value="GDX.Tests" />
                </properties>
              </test-case>
              <test-case id="1416" name="RemoveAt_MockData_ValueRemoved" fullname="GDX.Collections.Generic.FreeListTests.RemoveAt_MockData_ValueRemoved" methodname="RemoveAt_MockData_ValueRemoved" classname="GDX.Collections.Generic.FreeListTests" runstate="Runnable" seed="1660697738" result="Passed" start-time="2022-08-26 20:20:28Z" end-time="2022-08-26 20:20:28Z" duration="0.000219" asserts="0">
                <properties>
                  <property name="Category" value="GDX.Tests" />
                </properties>
              </test-case>
            </test-suite>
            <test-suite type="TestFixture" id="1464" name="IntKeyDictionaryTests" fullname="GDX.Collections.Generic.IntKeyDictionaryTests" classname="GDX.Collections.Generic.IntKeyDictionaryTests" runstate="Runnable" testcasecount="35" result="Passed" start-time="2022-08-26 20:20:28Z" end-time="2022-08-26 20:20:28Z" duration="0.022575" total="35" passed="35" failed="0" inconclusive="0" skipped="0" asserts="0">
              <properties />
              <test-case id="1475" name="AddSafe_CheckEntriesMaintainConnection" fullname="GDX.Collections.Generic.IntKeyDictionaryTests.AddSafe_CheckEntriesMaintainConnection" methodname="AddSafe_CheckEntriesMaintainConnection" classname="GDX.Collections.Generic.IntKeyDictionaryTests" runstate="Runnable" seed="293346186" result="Passed" start-time="2022-08-26 20:20:28Z" end-time="2022-08-26 20:20:28Z" duration="0.001182" asserts="0">
                <properties>
                  <property name="Category" value="GDX.Tests" />
                </properties>
              </test-case>
              <test-case id="1468" name="AddSafe_CheckExists" fullname="GDX.Collections.Generic.IntKeyDictionaryTests.AddSafe_CheckExists" methodname="AddSafe_CheckExists" classname="GDX.Collections.Generic.IntKeyDictionaryTests" runstate="Runnable" seed="414971464" result="Passed" start-time="2022-08-26 20:20:28Z" end-time="2022-08-26 20:20:28Z" duration="0.000287" asserts="0">
                <properties>
                  <property name="Category" value="GDX.Tests" />
                </properties>
              </test-case>
              <test-case id="1474" name="AddSafe_CheckExpanded" fullname="GDX.Collections.Generic.IntKeyDictionaryTests.AddSafe_CheckExpanded" methodname="AddSafe_CheckExpanded" classname="GDX.Collections.Generic.IntKeyDictionaryTests" runstate="Runnable" seed="761984429" result="Passed" start-time="2022-08-26 20:20:28Z" end-time="2022-08-26 20:20:28Z" duration="0.000208" asserts="0">
                <properties>
                  <property name="Category" value="GDX.Tests" />
                </properties>
              </test-case>
              <test-case id="1491" name="AddTwoCollidingEntries_CheckAccess" fullname="GDX.Collections.Generic.IntKeyDictionaryTests.AddTwoCollidingEntries_CheckAccess" methodname="AddTwoCollidingEntries_CheckAccess" classname="GDX.Collections.Generic.IntKeyDictionaryTests" runstate="Runnable" seed="1214047077" result="Passed" start-time="2022-08-26 20:20:28Z" end-time="2022-08-26 20:20:28Z" duration="0.000400" asserts="0">
                <properties>
                  <property name="Category" value="GDX.Tests" />
                </properties>
              </test-case>
              <test-case id="1492" name="AddTwoCollidingEntries_RemoveFirst_CheckSecondExists" fullname="GDX.Collections.Generic.IntKeyDictionaryTests.AddTwoCollidingEntries_RemoveFirst_CheckSecondExists" methodname="AddTwoCollidingEntries_RemoveFirst_CheckSecondExists" classname="GDX.Collections.Generic.IntKeyDictionaryTests" runstate="Runnable" seed="1471062641" result="Passed" start-time="2022-08-26 20:20:28Z" end-time="2022-08-26 20:20:28Z" duration="0.000376" asserts="0">
                <properties>
                  <property name="Category" value="GDX.Tests" />
                </properties>
              </test-case>
              <test-case id="1493" name="AddTwoCollidingEntries_RemoveSecond_CheckFirstExists" fullname="GDX.Collections.Generic.IntKeyDictionaryTests.AddTwoCollidingEntries_RemoveSecond_CheckFirstExists" methodname="AddTwoCollidingEntries_RemoveSecond_CheckFirstExists" classname="GDX.Collections.Generic.IntKeyDictionaryTests" runstate="Runnable" seed="688421736" result="Passed" start-time="2022-08-26 20:20:28Z" end-time="2022-08-26 20:20:28Z" duration="0.000198" asserts="0">
                <properties>
                  <property name="Category" value="GDX.Tests" />
                </properties>
              </test-case>
              <test-case id="1480" name="AddUnchecked_CheckExists" fullname="GDX.Collections.Generic.IntKeyDictionaryTests.AddUnchecked_CheckExists" methodname="AddUnchecked_CheckExists" classname="GDX.Collections.Generic.IntKeyDictionaryTests" runstate="Runnable" seed="1796886146" result="Passed" start-time="2022-08-26 20:20:28Z" end-time="2022-08-26 20:20:28Z" duration="0.000158" asserts="0">
                <properties>
                  <property name="Category" value="GDX.Tests" />
                </properties>
              </test-case>
              <test-case id="1472" name="AddWithExpandCheck_CheckEntriesMaintainConnection" fullname="GDX.Collections.Generic.IntKeyDictionaryTests.AddWithExpandCheck_CheckEntriesMaintainConnection" methodname="AddWithExpandCheck_CheckEntriesMaintainConnection" classname="GDX.Collections.Generic.IntKeyDictionaryTests" runstate="Runnable" seed="1627740300" result="Passed" start-time="2022-08-26 20:20:28Z" end-time="2022-08-26 20:20:28Z" duration="0.000367" asserts="0">
                <properties>
                  <property name="Category" value="GDX.Tests" />
                </properties>
              </test-case>
              <test-case id="1470" name="AddWithExpandCheck_CheckExists" fullname="GDX.Collections.Generic.IntKeyDictionaryTests.AddWithExpandCheck_CheckExists" methodname="AddWithExpandCheck_CheckExists" classname="GDX.Collections.Generic.IntKeyDictionaryTests" runstate="Runnable" seed="1727089074" result="Passed" start-time="2022-08-26 20:20:28Z" end-time="2022-08-26 20:20:28Z" duration="0.000161" asserts="0">
                <properties>
                  <property name="Category" value="GDX.Tests" />
                </properties>
              </test-case>
              <test-case id="1471" name="AddWithExpandCheck_CheckExpanded" fullname="GDX.Collections.Generic.IntKeyDictionaryTests.AddWithExpandCheck_CheckExpanded" methodname="AddWithExpandCheck_CheckExpanded" classname="GDX.Collections.Generic.IntKeyDictionaryTests" runstate="Runnable" seed="1889938534" result="Passed" start-time="2022-08-26 20:20:28Z" end-time="2022-08-26 20:20:28Z" duration="0.000189" asserts="0">
                <properties>
                  <property name="Category" value="GDX.Tests" />
                </properties>
              </test-case>
              <test-case id="1477" name="AddWithIndexer_CheckEntriesExist" fullname="GDX.Collections.Generic.IntKeyDictionaryTests.AddWithIndexer_CheckEntriesExist" methodname="AddWithIndexer_CheckEntriesExist" classname="GDX.Collections.Generic.IntKeyDictionaryTests" runstate="Runnable" seed="1547376676" result="Passed" start-time="2022-08-26 20:20:28Z" end-time="2022-08-26 20:20:28Z" duration="0.000496" asserts="0">
                <properties>
                  <property name="Category" value="GDX.Tests" />
                </properties>
              </test-case>
              <test-case id="1478" name="AddWithIndexer_CheckEntriesMaintainConnection" fullname="GDX.Collections.Generic.IntKeyDictionaryTests.AddWithIndexer_CheckEntriesMaintainConnection" methodname="AddWithIndexer_CheckEntriesMaintainConnection" classname="GDX.Collections.Generic.IntKeyDictionaryTests" runstate="Runnable" seed="205518675" result="Passed" start-time="2022-08-26 20:20:28Z" end-time="2022-08-26 20:20:28Z" duration="0.000256" asserts="0">
                <properties>
                  <property name="Category" value="GDX.Tests" />
                </properties>
              </test-case>
              <test-case id="1476" name="AddWithIndexer_CheckExpanded" fullname="GDX.Collections.Generic.IntKeyDictionaryTests.AddWithIndexer_CheckExpanded" methodname="AddWithIndexer_CheckExpanded" classname="GDX.Collections.Generic.IntKeyDictionaryTests" runstate="Runnable" seed="1562748135" result="Passed" start-time="2022-08-26 20:20:28Z" end-time="2022-08-26 20:20:28Z" duration="0.000190" asserts="0">
                <properties>
                  <property name="Category" value="GDX.Tests" />
                </properties>
              </test-case>
              <test-case id="1479" name="AddWithUniqueCheck_CheckExists" fullname="GDX.Collections.Generic.IntKeyDictionaryTests.AddWithUniqueCheck_CheckExists" methodname="AddWithUniqueCheck_CheckExists" classname="GDX.Collections.Generic.IntKeyDictionaryTests" runstate="Runnable" seed="906007004" result="Passed" start-time="2022-08-26 20:20:28Z" end-time="2022-08-26 20:20:28Z" duration="0.000329" asserts="0">
                <properties>
                  <property name="Category" value="GDX.Tests" />
                </properties>
              </test-case>
              <test-case id="1487" name="AddWithUniqueCheckTwice_CheckAddedOnlyOnce" fullname="GDX.Collections.Generic.IntKeyDictionaryTests.AddWithUniqueCheckTwice_CheckAddedOnlyOnce" methodname="AddWithUniqueCheckTwice_CheckAddedOnlyOnce" classname="GDX.Collections.Generic.IntKeyDictionaryTests" runstate="Runnable" seed="1125647213" result="Passed" start-time="2022-08-26 20:20:28Z" end-time="2022-08-26 20:20:28Z" duration="0.000277" asserts="0">
                <properties>
                  <property name="Category" value="GDX.Tests" />
                </properties>
              </test-case>
              <test-case id="1499" name="Clear_CheckCleared" fullname="GDX.Collections.Generic.IntKeyDictionaryTests.Clear_CheckCleared" methodname="Clear_CheckCleared" classname="GDX.Collections.Generic.IntKeyDictionaryTests" runstate="Runnable" seed="1849807985" result="Passed" start-time="2022-08-26 20:20:28Z" end-time="2022-08-26 20:20:28Z" duration="0.000375" asserts="0">
                <properties>
                  <property name="Category" value="GDX.Tests" />
                </properties>
              </test-case>
              <test-case id="1467" name="Constructor_RequestBelowPrimeMinimum_PrimeCapacity" fullname="GDX.Collections.Generic.IntKeyDictionaryTests.Constructor_RequestBelowPrimeMinimum_PrimeCapacity" methodname="Constructor_RequestBelowPrimeMinimum_PrimeCapacity" classname="GDX.Collections.Generic.IntKeyDictionaryTests" runstate="Runnable" seed="685173217" result="Passed" start-time="2022-08-26 20:20:28Z" end-time="2022-08-26 20:20:28Z" duration="0.000203" asserts="0">
                <properties>
                  <property name="Category" value="GDX.Tests" />
                </properties>
              </test-case>
              <test-case id="1466" name="Constructor_RequestPrimeMinimum_PrimeCapacity" fullname="GDX.Collections.Generic.IntKeyDictionaryTests.Constructor_RequestPrimeMinimum_PrimeCapacity" methodname="Constructor_RequestPrimeMinimum_PrimeCapacity" classname="GDX.Collections.Generic.IntKeyDictionaryTests" runstate="Runnable" seed="1672640503" result="Passed" start-time="2022-08-26 20:20:28Z" end-time="2022-08-26 20:20:28Z" duration="0.000152" asserts="0">
                <properties>
                  <property name="Category" value="GDX.Tests" />
                </properties>
              </test-case>
              <test-case id="1465" name="Constructor_RequestZeroMinimum_PrimeCapacity" fullname="GDX.Collections.Generic.IntKeyDictionaryTests.Constructor_RequestZeroMinimum_PrimeCapacity" methodname="Constructor_RequestZeroMinimum_PrimeCapacity" classname="GDX.Collections.Generic.IntKeyDictionaryTests" runstate="Runnable" seed="1196058891" result="Passed" start-time="2022-08-26 20:20:28Z" end-time="2022-08-26 20:20:28Z" duration="0.000171" asserts="0">
                <properties>
                  <property name="Category" value="GDX.Tests" />
                </properties>
              </test-case>
              <test-case id="1473" name="ExpandWhenFull_CheckExpanded" fullname="GDX.Collections.Generic.IntKeyDictionaryTests.ExpandWhenFull_CheckExpanded" methodname="ExpandWhenFull_CheckExpanded" classname="GDX.Collections.Generic.IntKeyDictionaryTests" runstate="Runnable" seed="1534859873" result="Passed" start-time="2022-08-26 20:20:28Z" end-time="2022-08-26 20:20:28Z" duration="0.000197" asserts="0">
                <properties>
                  <property name="Category" value="GDX.Tests" />
                </properties>
              </test-case>
              <test-case id="1469" name="IndexerAdd_CheckExists" fullname="GDX.Collections.Generic.IntKeyDictionaryTests.IndexerAdd_CheckExists" methodname="IndexerAdd_CheckExists" classname="GDX.Collections.Generic.IntKeyDictionaryTests" runstate="Runnable" seed="1566325097" result="Passed" start-time="2022-08-26 20:20:28Z" end-time="2022-08-26 20:20:28Z" duration="0.000155" asserts="0">
                <properties>
                  <property name="Category" value="GDX.Tests" />
                </properties>
              </test-case>
              <test-case id="1489" name="IndexOf_CheckCorrectIndex" fullname="GDX.Collections.Generic.IntKeyDictionaryTests.IndexOf_CheckCorrectIndex" methodname="IndexOf_CheckCorrectIndex" classname="GDX.Collections.Generic.IntKeyDictionaryTests" runstate="Runnable" seed="961140806" result="Passed" start-time="2022-08-26 20:20:28Z" end-time="2022-08-26 20:20:28Z" duration="0.000225" asserts="0">
                <properties>
                  <property name="Category" value="GDX.Tests" />
                </properties>
              </test-case>
              <test-case id="1490" name="IndexOf_CheckEntryDoesNotExist" fullname="GDX.Collections.Generic.IntKeyDictionaryTests.IndexOf_CheckEntryDoesNotExist" methodname="IndexOf_CheckEntryDoesNotExist" classname="GDX.Collections.Generic.IntKeyDictionaryTests" runstate="Runnable" seed="188214810" result="Passed" start-time="2022-08-26 20:20:28Z" end-time="2022-08-26 20:20:28Z" duration="0.000148" asserts="0">
                <properties>
                  <property name="Category" value="GDX.Tests" />
                </properties>
              </test-case>
              <test-case id="1494" name="MoveNext_FindAllEntries" fullname="GDX.Collections.Generic.IntKeyDictionaryTests.MoveNext_FindAllEntries" methodname="MoveNext_FindAllEntries" classname="GDX.Collections.Generic.IntKeyDictionaryTests" runstate="Runnable" seed="661963729" result="Passed" start-time="2022-08-26 20:20:28Z" end-time="2022-08-26 20:20:28Z" duration="0.000326" asserts="0">
                <properties>
                  <property name="Category" value="GDX.Tests" />
                </properties>
              </test-case>
              <test-case id="1495" name="MoveNext_NoVersionOrOutValue_FindAllEntries" fullname="GDX.Collections.Generic.IntKeyDictionaryTests.MoveNext_NoVersionOrOutValue_FindAllEntries" methodname="MoveNext_NoVersionOrOutValue_FindAllEntries" classname="GDX.Collections.Generic.IntKeyDictionaryTests" runstate="Runnable" seed="642330443" result="Passed" start-time="2022-08-26 20:20:28Z" end-time="2022-08-26 20:20:28Z" duration="0.000341" asserts="0">
                <properties>
                  <property name="Category" value="GDX.Tests" />
                </properties>
              </test-case>
              <test-case id="1497" name="MoveNextWithVersion_CheckEarlyOutFromInvalidation" fullname="GDX.Collections.Generic.IntKeyDictionaryTests.MoveNextWithVersion_CheckEarlyOutFromInvalidation" methodname="MoveNextWithVersion_CheckEarlyOutFromInvalidation" classname="GDX.Collections.Generic.IntKeyDictionaryTests" runstate="Runnable" seed="667087809" result="Passed" start-time="2022-08-26 20:20:28Z" end-time="2022-08-26 20:20:28Z" duration="0.000353" asserts="0">
                <properties>
                  <property name="Category" value="GDX.Tests" />
                </properties>
              </test-case>
              <test-case id="1496" name="MoveNextWithVersion_FindAllEntries" fullname="GDX.Collections.Generic.IntKeyDictionaryTests.MoveNextWithVersion_FindAllEntries" methodname="MoveNextWithVersion_FindAllEntries" classname="GDX.Collections.Generic.IntKeyDictionaryTests" runstate="Runnable" seed="1035265208" result="Passed" start-time="2022-08-26 20:20:28Z" end-time="2022-08-26 20:20:28Z" duration="0.000212" asserts="0">
                <properties>
                  <property name="Category" value="GDX.Tests" />
                </properties>
              </test-case>
              <test-case id="1488" name="Reserve_CheckExpandedCapacity" fullname="GDX.Collections.Generic.IntKeyDictionaryTests.Reserve_CheckExpandedCapacity" methodname="Reserve_CheckExpandedCapacity" classname="GDX.Collections.Generic.IntKeyDictionaryTests" runstate="Runnable" seed="406972745" result="Passed" start-time="2022-08-26 20:20:28Z" end-time="2022-08-26 20:20:28Z" duration="0.000377" asserts="0">
                <properties>
                  <property name="Category" value="GDX.Tests" />
                </properties>
              </test-case>
              <test-case id="1498" name="TryGetValue" fullname="GDX.Collections.Generic.IntKeyDictionaryTests.TryGetValue" methodname="TryGetValue" classname="GDX.Collections.Generic.IntKeyDictionaryTests" runstate="Runnable" seed="1615553410" result="Passed" start-time="2022-08-26 20:20:28Z" end-time="2022-08-26 20:20:28Z" duration="0.000535" asserts="0">
                <properties>
                  <property name="Category" value="GDX.Tests" />
                </properties>
              </test-case>
              <test-case id="1481" name="TryModify_CheckActuallyModified" fullname="GDX.Collections.Generic.IntKeyDictionaryTests.TryModify_CheckActuallyModified" methodname="TryModify_CheckActuallyModified" classname="GDX.Collections.Generic.IntKeyDictionaryTests" runstate="Runnable" seed="2088367150" result="Passed" start-time="2022-08-26 20:20:28Z" end-time="2022-08-26 20:20:28Z" duration="0.000271" asserts="0">
                <properties>
                  <property name="Category" value="GDX.Tests" />
                </properties>
              </test-case>
              <test-case id="1482" name="TryModify_CheckNotModified" fullname="GDX.Collections.Generic.IntKeyDictionaryTests.TryModify_CheckNotModified" methodname="TryModify_CheckNotModified" classname="GDX.Collections.Generic.IntKeyDictionaryTests" runstate="Runnable" seed="1133144213" result="Passed" start-time="2022-08-26 20:20:28Z" end-time="2022-08-26 20:20:28Z" duration="0.000171" asserts="0">
                <properties>
                  <property name="Category" value="GDX.Tests" />
                </properties>
              </test-case>
              <test-case id="1483" name="TryRemove_CheckActuallyRemoved" fullname="GDX.Collections.Generic.IntKeyDictionaryTests.TryRemove_CheckActuallyRemoved" methodname="TryRemove_CheckActuallyRemoved" classname="GDX.Collections.Generic.IntKeyDictionaryTests" runstate="Runnable" seed="529101645" result="Passed" start-time="2022-08-26 20:20:28Z" end-time="2022-08-26 20:20:28Z" duration="0.000222" asserts="0">
                <properties>
                  <property name="Category" value="GDX.Tests" />
                </properties>
              </test-case>
              <test-case id="1484" name="TryRemove_Twice_CheckCorrectReturnValues" fullname="GDX.Collections.Generic.IntKeyDictionaryTests.TryRemove_Twice_CheckCorrectReturnValues" methodname="TryRemove_Twice_CheckCorrectReturnValues" classname="GDX.Collections.Generic.IntKeyDictionaryTests" runstate="Runnable" seed="1541059535" result="Passed" start-time="2022-08-26 20:20:28Z" end-time="2022-08-26 20:20:28Z" duration="0.000272" asserts="0">
                <properties>
                  <property name="Category" value="GDX.Tests" />
                </properties>
              </test-case>
              <test-case id="1485" name="TryRemoveNoValueClear_CheckActuallyRemoved" fullname="GDX.Collections.Generic.IntKeyDictionaryTests.TryRemoveNoValueClear_CheckActuallyRemoved" methodname="TryRemoveNoValueClear_CheckActuallyRemoved" classname="GDX.Collections.Generic.IntKeyDictionaryTests" runstate="Runnable" seed="518527892" result="Passed" start-time="2022-08-26 20:20:28Z" end-time="2022-08-26 20:20:28Z" duration="0.000436" asserts="0">
                <properties>
                  <property name="Category" value="GDX.Tests" />
                </properties>
              </test-case>
              <test-case id="1486" name="TryRemoveNoValueClear_Twice_CheckCorrectReturnValues" fullname="GDX.Collections.Generic.IntKeyDictionaryTests.TryRemoveNoValueClear_Twice_CheckCorrectReturnValues" methodname="TryRemoveNoValueClear_Twice_CheckCorrectReturnValues" classname="GDX.Collections.Generic.IntKeyDictionaryTests" runstate="Runnable" seed="139102172" result="Passed" start-time="2022-08-26 20:20:28Z" end-time="2022-08-26 20:20:28Z" duration="0.000197" asserts="0">
                <properties>
                  <property name="Category" value="GDX.Tests" />
                </properties>
              </test-case>
            </test-suite>
            <test-suite type="TestFixture" id="1500" name="NativeArray3DTests" fullname="GDX.Collections.Generic.NativeArray3DTests" classname="GDX.Collections.Generic.NativeArray3DTests" runstate="Runnable" testcasecount="10" result="Passed" start-time="2022-08-26 20:20:28Z" end-time="2022-08-26 20:20:28Z" duration="0.009486" total="10" passed="10" failed="0" inconclusive="0" skipped="0" asserts="0">
              <properties />
              <test-case id="1501" name="Constructor_CorrectSizes" fullname="GDX.Collections.Generic.NativeArray3DTests.Constructor_CorrectSizes" methodname="Constructor_CorrectSizes" classname="GDX.Collections.Generic.NativeArray3DTests" runstate="Runnable" seed="1210543626" result="Passed" start-time="2022-08-26 20:20:28Z" end-time="2022-08-26 20:20:28Z" duration="0.002234" asserts="0">
                <properties>
                  <property name="Category" value="GDX.Tests" />
                </properties>
              </test-case>
              <test-case id="1502" name="GetByIndex_LastSpot_ValidEntry" fullname="GDX.Collections.Generic.NativeArray3DTests.GetByIndex_LastSpot_ValidEntry" methodname="GetByIndex_LastSpot_ValidEntry" classname="GDX.Collections.Generic.NativeArray3DTests" runstate="Runnable" seed="2055038105" result="Passed" start-time="2022-08-26 20:20:28Z" end-time="2022-08-26 20:20:28Z" duration="0.000684" asserts="0">
                <properties>
                  <property name="Category" value="GDX.Tests" />
                </properties>
              </test-case>
              <test-case id="1504" name="GetByInt3_LastSpot_ValidEntry" fullname="GDX.Collections.Generic.NativeArray3DTests.GetByInt3_LastSpot_ValidEntry" methodname="GetByInt3_LastSpot_ValidEntry" classname="GDX.Collections.Generic.NativeArray3DTests" runstate="Runnable" seed="321499286" result="Passed" start-time="2022-08-26 20:20:28Z" end-time="2022-08-26 20:20:28Z" duration="0.000282" asserts="0">
                <properties>
                  <property name="Category" value="GDX.Tests" />
                </properties>
              </test-case>
              <test-case id="1507" name="GetFromIndex_FirstSpot_Valid" fullname="GDX.Collections.Generic.NativeArray3DTests.GetFromIndex_FirstSpot_Valid" methodname="GetFromIndex_FirstSpot_Valid" classname="GDX.Collections.Generic.NativeArray3DTests" runstate="Runnable" seed="873438338" result="Passed" start-time="2022-08-26 20:20:28Z" end-time="2022-08-26 20:20:28Z" duration="0.000308" asserts="0">
                <properties>
                  <property name="Category" value="GDX.Tests" />
                </properties>
              </test-case>
              <test-case id="1509" name="GetFromIndex_LastBottomRow_Valid" fullname="GDX.Collections.Generic.NativeArray3DTests.GetFromIndex_LastBottomRow_Valid" methodname="GetFromIndex_LastBottomRow_Valid" classname="GDX.Collections.Generic.NativeArray3DTests" runstate="Runnable" seed="568600424" result="Passed" start-time="2022-08-26 20:20:28Z" end-time="2022-08-26 20:20:28Z" duration="0.000224" asserts="0">
                <properties>
                  <property name="Category" value="GDX.Tests" />
                </properties>
              </test-case>
              <test-case id="1508" name="GetFromIndex_LastFirstRow_Valid" fullname="GDX.Collections.Generic.NativeArray3DTests.GetFromIndex_LastFirstRow_Valid" methodname="GetFromIndex_LastFirstRow_Valid" classname="GDX.Collections.Generic.NativeArray3DTests" runstate="Runnable" seed="97577605" result="Passed" start-time="2022-08-26 20:20:28Z" end-time="2022-08-26 20:20:28Z" duration="0.000221" asserts="0">
                <properties>
                  <property name="Category" value="GDX.Tests" />
                </properties>
              </test-case>
              <test-case id="1506" name="GetFromIndex_LastSpot_Valid" fullname="GDX.Collections.Generic.NativeArray3DTests.GetFromIndex_LastSpot_Valid" methodname="GetFromIndex_LastSpot_Valid" classname="GDX.Collections.Generic.NativeArray3DTests" runstate="Runnable" seed="81089679" result="Passed" start-time="2022-08-26 20:20:28Z" end-time="2022-08-26 20:20:28Z" duration="0.000224" asserts="0">
                <properties>
                  <property name="Category" value="GDX.Tests" />
                </properties>
              </test-case>
              <test-case id="1510" name="GetFromIndex_SecondTopRowAtBack_Valid" fullname="GDX.Collections.Generic.NativeArray3DTests.GetFromIndex_SecondTopRowAtBack_Valid" methodname="GetFromIndex_SecondTopRowAtBack_Valid" classname="GDX.Collections.Generic.NativeArray3DTests" runstate="Runnable" seed="346752729" result="Passed" start-time="2022-08-26 20:20:28Z" end-time="2022-08-26 20:20:28Z" duration="0.000219" asserts="0">
                <properties>
                  <property name="Category" value="GDX.Tests" />
                </properties>
              </test-case>
              <test-case id="1503" name="SetByIndex_LastSpot_ValidEntry" fullname="GDX.Collections.Generic.NativeArray3DTests.SetByIndex_LastSpot_ValidEntry" methodname="SetByIndex_LastSpot_ValidEntry" classname="GDX.Collections.Generic.NativeArray3DTests" runstate="Runnable" seed="2066280794" result="Passed" start-time="2022-08-26 20:20:28Z" end-time="2022-08-26 20:20:28Z" duration="0.000265" asserts="0">
                <properties>
                  <property name="Category" value="GDX.Tests" />
                </properties>
              </test-case>
              <test-case id="1505" name="SetByInt3_LastSpot_ValidEntry" fullname="GDX.Collections.Generic.NativeArray3DTests.SetByInt3_LastSpot_ValidEntry" methodname="SetByInt3_LastSpot_ValidEntry" classname="GDX.Collections.Generic.NativeArray3DTests" runstate="Runnable" seed="1731285680" result="Passed" start-time="2022-08-26 20:20:28Z" end-time="2022-08-26 20:20:28Z" duration="0.000275" asserts="0">
                <properties>
                  <property name="Category" value="GDX.Tests" />
                </properties>
              </test-case>
            </test-suite>
            <test-suite type="TestFixture" id="1511" name="NativeArraySparseSetTests" fullname="GDX.Collections.Generic.NativeArraySparseSetTests" classname="GDX.Collections.Generic.NativeArraySparseSetTests" runstate="Runnable" testcasecount="31" result="Passed" start-time="2022-08-26 20:20:28Z" end-time="2022-08-26 20:20:28Z" duration="0.023789" total="31" passed="31" failed="0" inconclusive="0" skipped="0" asserts="0">
              <properties />
              <test-case id="1514" name="AddUnchecked_MockData_IndicesReserved" fullname="GDX.Collections.Generic.NativeArraySparseSetTests.AddUnchecked_MockData_IndicesReserved" methodname="AddUnchecked_MockData_IndicesReserved" classname="GDX.Collections.Generic.NativeArraySparseSetTests" runstate="Runnable" seed="2140732828" result="Passed" start-time="2022-08-26 20:20:28Z" end-time="2022-08-26 20:20:28Z" duration="0.000417" asserts="0">
                <properties>
                  <property name="Category" value="GDX.Tests" />
                </properties>
              </test-case>
              <test-case id="1517" name="AddUnchecked_MockDataAndVersionArrayOverflow_ThrowsException" fullname="GDX.Collections.Generic.NativeArraySparseSetTests.AddUnchecked_MockDataAndVersionArrayOverflow_ThrowsException" methodname="AddUnchecked_MockDataAndVersionArrayOverflow_ThrowsException" classname="GDX.Collections.Generic.NativeArraySparseSetTests" runstate="Runnable" seed="184418282" result="Passed" start-time="2022-08-26 20:20:28Z" end-time="2022-08-26 20:20:28Z" duration="0.001748" asserts="0">
                <properties>
                  <property name="Category" value="GDX.Tests" />
                </properties>
              </test-case>
              <test-case id="1516" name="AddUnchecked_MockDataOverflow_ThrowsException" fullname="GDX.Collections.Generic.NativeArraySparseSetTests.AddUnchecked_MockDataOverflow_ThrowsException" methodname="AddUnchecked_MockDataOverflow_ThrowsException" classname="GDX.Collections.Generic.NativeArraySparseSetTests" runstate="Runnable" seed="423954208" result="Passed" start-time="2022-08-26 20:20:28Z" end-time="2022-08-26 20:20:28Z" duration="0.000287" asserts="0">
                <properties>
                  <property name="Category" value="GDX.Tests" />
                </properties>
              </test-case>
              <test-case id="1515" name="AddUnchecked_MockDataWithVersionArray__IndicesReserved" fullname="GDX.Collections.Generic.NativeArraySparseSetTests.AddUnchecked_MockDataWithVersionArray__IndicesReserved" methodname="AddUnchecked_MockDataWithVersionArray__IndicesReserved" classname="GDX.Collections.Generic.NativeArraySparseSetTests" runstate="Runnable" seed="2037507637" result="Passed" start-time="2022-08-26 20:20:28Z" end-time="2022-08-26 20:20:28Z" duration="0.000246" asserts="0">
                <properties>
                  <property name="Category" value="GDX.Tests" />
                </properties>
              </test-case>
              <test-case id="1520" name="AddUnchecked_MockDataWithVersionArray_Expanded" fullname="GDX.Collections.Generic.NativeArraySparseSetTests.AddUnchecked_MockDataWithVersionArray_Expanded" methodname="AddUnchecked_MockDataWithVersionArray_Expanded" classname="GDX.Collections.Generic.NativeArraySparseSetTests" runstate="Runnable" seed="85212049" result="Passed" start-time="2022-08-26 20:20:28Z" end-time="2022-08-26 20:20:28Z" duration="0.001341" asserts="0">
                <properties>
                  <property name="Category" value="GDX.Tests" />
                </properties>
              </test-case>
              <test-case id="1518" name="AddWithExpandCheck_MockData_Expanded" fullname="GDX.Collections.Generic.NativeArraySparseSetTests.AddWithExpandCheck_MockData_Expanded" methodname="AddWithExpandCheck_MockData_Expanded" classname="GDX.Collections.Generic.NativeArraySparseSetTests" runstate="Runnable" seed="1939139999" result="Passed" start-time="2022-08-26 20:20:28Z" end-time="2022-08-26 20:20:28Z" duration="0.000218" asserts="0">
                <properties>
                  <property name="Category" value="GDX.Tests" />
                </properties>
              </test-case>
              <test-case id="1519" name="AddWithExpandCheck_MockDataWithVersionArray_Expanded" fullname="GDX.Collections.Generic.NativeArraySparseSetTests.AddWithExpandCheck_MockDataWithVersionArray_Expanded" methodname="AddWithExpandCheck_MockDataWithVersionArray_Expanded" classname="GDX.Collections.Generic.NativeArraySparseSetTests" runstate="Runnable" seed="1112748858" result="Passed" start-time="2022-08-26 20:20:28Z" end-time="2022-08-26 20:20:28Z" duration="0.001313" asserts="0">
                <properties>
                  <property name="Category" value="GDX.Tests" />
                </properties>
              </test-case>
              <test-case id="1535" name="Clear_MockData_ArraysCleared" fullname="GDX.Collections.Generic.NativeArraySparseSetTests.Clear_MockData_ArraysCleared" methodname="Clear_MockData_ArraysCleared" classname="GDX.Collections.Generic.NativeArraySparseSetTests" runstate="Runnable" seed="625426836" result="Passed" start-time="2022-08-26 20:20:28Z" end-time="2022-08-26 20:20:28Z" duration="0.000245" asserts="0">
                <properties>
                  <property name="Category" value="GDX.Tests" />
                </properties>
              </test-case>
              <test-case id="1536" name="Clear_MockDataWithVersionArray_ArraysCleared" fullname="GDX.Collections.Generic.NativeArraySparseSetTests.Clear_MockDataWithVersionArray_ArraysCleared" methodname="Clear_MockDataWithVersionArray_ArraysCleared" classname="GDX.Collections.Generic.NativeArraySparseSetTests" runstate="Runnable" seed="755533969" result="Passed" start-time="2022-08-26 20:20:28Z" end-time="2022-08-26 20:20:28Z" duration="0.000320" asserts="0">
                <properties>
                  <property name="Category" value="GDX.Tests" />
                </properties>
              </test-case>
              <test-case id="1537" name="ClearWithVersionReset_MockData_ArraysClearedAndVersionReset" fullname="GDX.Collections.Generic.NativeArraySparseSetTests.ClearWithVersionReset_MockData_ArraysClearedAndVersionReset" methodname="ClearWithVersionReset_MockData_ArraysClearedAndVersionReset" classname="GDX.Collections.Generic.NativeArraySparseSetTests" runstate="Runnable" seed="2057876782" result="Passed" start-time="2022-08-26 20:20:28Z" end-time="2022-08-26 20:20:28Z" duration="0.000307" asserts="0">
                <properties>
                  <property name="Category" value="GDX.Tests" />
                </properties>
              </test-case>
              <test-case id="1512" name="Constructor_CreateWithCount" fullname="GDX.Collections.Generic.NativeArraySparseSetTests.Constructor_CreateWithCount" methodname="Constructor_CreateWithCount" classname="GDX.Collections.Generic.NativeArraySparseSetTests" runstate="Runnable" seed="970176727" result="Passed" start-time="2022-08-26 20:20:28Z" end-time="2022-08-26 20:20:28Z" duration="0.000165" asserts="0">
                <properties>
                  <property name="Category" value="GDX.Tests" />
                </properties>
              </test-case>
              <test-case id="1513" name="Constructor_CreateWithCountAndVersionArray" fullname="GDX.Collections.Generic.NativeArraySparseSetTests.Constructor_CreateWithCountAndVersionArray" methodname="Constructor_CreateWithCountAndVersionArray" classname="GDX.Collections.Generic.NativeArraySparseSetTests" runstate="Runnable" seed="947138831" result="Passed" start-time="2022-08-26 20:20:28Z" end-time="2022-08-26 20:20:28Z" duration="0.000186" asserts="0">
                <properties>
                  <property name="Category" value="GDX.Tests" />
                </properties>
              </test-case>
              <test-case id="1542" name="Dispose_MockData_Disposed" fullname="GDX.Collections.Generic.NativeArraySparseSetTests.Dispose_MockData_Disposed" methodname="Dispose_MockData_Disposed" classname="GDX.Collections.Generic.NativeArraySparseSetTests" runstate="Runnable" seed="193437485" result="Passed" start-time="2022-08-26 20:20:28Z" end-time="2022-08-26 20:20:28Z" duration="0.000260" asserts="0">
                <properties>
                  <property name="Category" value="GDX.Tests" />
                </properties>
              </test-case>
              <test-case id="1538" name="Expand_MockData_Expanded" fullname="GDX.Collections.Generic.NativeArraySparseSetTests.Expand_MockData_Expanded" methodname="Expand_MockData_Expanded" classname="GDX.Collections.Generic.NativeArraySparseSetTests" runstate="Runnable" seed="140271349" result="Passed" start-time="2022-08-26 20:20:28Z" end-time="2022-08-26 20:20:28Z" duration="0.000346" asserts="0">
                <properties>
                  <property name="Category" value="GDX.Tests" />
                </properties>
              </test-case>
              <test-case id="1539" name="Expand_MockDataWithVersionArray_Expanded" fullname="GDX.Collections.Generic.NativeArraySparseSetTests.Expand_MockDataWithVersionArray_Expanded" methodname="Expand_MockDataWithVersionArray_Expanded" classname="GDX.Collections.Generic.NativeArraySparseSetTests" runstate="Runnable" seed="446130032" result="Passed" start-time="2022-08-26 20:20:28Z" end-time="2022-08-26 20:20:28Z" duration="0.000440" asserts="0">
                <properties>
                  <property name="Category" value="GDX.Tests" />
                </properties>
              </test-case>
              <test-case id="1521" name="GetDenseIndexUnchecked_MockData_CorrectIndex" fullname="GDX.Collections.Generic.NativeArraySparseSetTests.GetDenseIndexUnchecked_MockData_CorrectIndex" methodname="GetDenseIndexUnchecked_MockData_CorrectIndex" classname="GDX.Collections.Generic.NativeArraySparseSetTests" runstate="Runnable" seed="1847106518" result="Passed" start-time="2022-08-26 20:20:28Z" end-time="2022-08-26 20:20:28Z" duration="0.000215" asserts="0">
                <properties>
                  <property name="Category" value="GDX.Tests" />
                </properties>
              </test-case>
              <test-case id="1524" name="GetDenseIndexWithBoundsAndVersionCheck_MockData_CorrectIndexAndHandlesInvalidIndex" fullname="GDX.Collections.Generic.NativeArraySparseSetTests.GetDenseIndexWithBoundsAndVersionCheck_MockData_CorrectIndexAndHandlesInvalidIndex" methodname="GetDenseIndexWithBoundsAndVersionCheck_MockData_CorrectIndexAndHandlesInvalidIndex" classname="GDX.Collections.Generic.NativeArraySparseSetTests" runstate="Runnable" seed="1521976887" result="Passed" start-time="2022-08-26 20:20:28Z" end-time="2022-08-26 20:20:28Z" duration="0.000528" asserts="0">
                <properties>
                  <property name="Category" value="GDX.Tests" />
                </properties>
              </test-case>
              <test-case id="1522" name="GetDenseIndexWithBoundsCheck_MockData_CorrectIndexAndHandlesInvalidIndex" fullname="GDX.Collections.Generic.NativeArraySparseSetTests.GetDenseIndexWithBoundsCheck_MockData_CorrectIndexAndHandlesInvalidIndex" methodname="GetDenseIndexWithBoundsCheck_MockData_CorrectIndexAndHandlesInvalidIndex" classname="GDX.Collections.Generic.NativeArraySparseSetTests" runstate="Runnable" seed="451352377" result="Passed" start-time="2022-08-26 20:20:28Z" end-time="2022-08-26 20:20:28Z" duration="0.000301" asserts="0">
                <properties>
                  <property name="Category" value="GDX.Tests" />
                </properties>
              </test-case>
              <test-case id="1523" name="GetDenseIndexWithVersionCheck_MockData_CorrectIndexAndHandlesVersion" fullname="GDX.Collections.Generic.NativeArraySparseSetTests.GetDenseIndexWithVersionCheck_MockData_CorrectIndexAndHandlesVersion" methodname="GetDenseIndexWithVersionCheck_MockData_CorrectIndexAndHandlesVersion" classname="GDX.Collections.Generic.NativeArraySparseSetTests" runstate="Runnable" seed="745184008" result="Passed" start-time="2022-08-26 20:20:28Z" end-time="2022-08-26 20:20:28Z" duration="0.000430" asserts="0">
                <properties>
                  <property name="Category" value="GDX.Tests" />
                </properties>
              </test-case>
              <test-case id="1530" name="RemoveUnchecked_MockData_ValidIndexRemoved" fullname="GDX.Collections.Generic.NativeArraySparseSetTests.RemoveUnchecked_MockData_ValidIndexRemoved" methodname="RemoveUnchecked_MockData_ValidIndexRemoved" classname="GDX.Collections.Generic.NativeArraySparseSetTests" runstate="Runnable" seed="418774891" result="Passed" start-time="2022-08-26 20:20:28Z" end-time="2022-08-26 20:20:28Z" duration="0.000246" asserts="0">
                <properties>
                  <property name="Category" value="GDX.Tests" />
                </properties>
              </test-case>
              <test-case id="1529" name="RemoveUnchecked_MockDataWithIndices_ValidIndexRemoved" fullname="GDX.Collections.Generic.NativeArraySparseSetTests.RemoveUnchecked_MockDataWithIndices_ValidIndexRemoved" methodname="RemoveUnchecked_MockDataWithIndices_ValidIndexRemoved" classname="GDX.Collections.Generic.NativeArraySparseSetTests" runstate="Runnable" seed="198199614" result="Passed" start-time="2022-08-26 20:20:28Z" end-time="2022-08-26 20:20:28Z" duration="0.000264" asserts="0">
                <properties>
                  <property name="Category" value="GDX.Tests" />
                </properties>
              </test-case>
              <test-case id="1528" name="RemoveUnchecked_MockDataWithIndicesAndVersionArray_ValidIndexRemoved" fullname="GDX.Collections.Generic.NativeArraySparseSetTests.RemoveUnchecked_MockDataWithIndicesAndVersionArray_ValidIndexRemoved" methodname="RemoveUnchecked_MockDataWithIndicesAndVersionArray_ValidIndexRemoved" classname="GDX.Collections.Generic.NativeArraySparseSetTests" runstate="Runnable" seed="770015443" result="Passed" start-time="2022-08-26 20:20:28Z" end-time="2022-08-26 20:20:28Z" duration="0.000225" asserts="0">
                <properties>
                  <property name="Category" value="GDX.Tests" />
                </properties>
              </test-case>
              <test-case id="1531" name="RemoveUncheckedFromDenseIndex_MockData_ValidIndexRemoved" fullname="GDX.Collections.Generic.NativeArraySparseSetTests.RemoveUncheckedFromDenseIndex_MockData_ValidIndexRemoved" methodname="RemoveUncheckedFromDenseIndex_MockData_ValidIndexRemoved" classname="GDX.Collections.Generic.NativeArraySparseSetTests" runstate="Runnable" seed="930033611" result="Passed" start-time="2022-08-26 20:20:28Z" end-time="2022-08-26 20:20:28Z" duration="0.000245" asserts="0">
                <properties>
                  <property name="Category" value="GDX.Tests" />
                </properties>
              </test-case>
              <test-case id="1532" name="RemoveUncheckedFromDenseIndex_MockDataWithSwapIndex_ValidIndexRemoved" fullname="GDX.Collections.Generic.NativeArraySparseSetTests.RemoveUncheckedFromDenseIndex_MockDataWithSwapIndex_ValidIndexRemoved" methodname="RemoveUncheckedFromDenseIndex_MockDataWithSwapIndex_ValidIndexRemoved" classname="GDX.Collections.Generic.NativeArraySparseSetTests" runstate="Runnable" seed="301666303" result="Passed" start-time="2022-08-26 20:20:28Z" end-time="2022-08-26 20:20:28Z" duration="0.000344" asserts="0">
                <properties>
                  <property name="Category" value="GDX.Tests" />
                </properties>
              </test-case>
              <test-case id="1533" name="RemoveUncheckedFromDenseIndex_MockDataWithVersionArray_ValidIndexRemoved" fullname="GDX.Collections.Generic.NativeArraySparseSetTests.RemoveUncheckedFromDenseIndex_MockDataWithVersionArray_ValidIndexRemoved" methodname="RemoveUncheckedFromDenseIndex_MockDataWithVersionArray_ValidIndexRemoved" classname="GDX.Collections.Generic.NativeArraySparseSetTests" runstate="Runnable" seed="1432595367" result="Passed" start-time="2022-08-26 20:20:28Z" end-time="2022-08-26 20:20:28Z" duration="0.000322" asserts="0">
                <properties>
                  <property name="Category" value="GDX.Tests" />
                </properties>
              </test-case>
              <test-case id="1534" name="RemoveUncheckedFromDenseIndex_MockDataWithVersionArrayAndSwapIndex_ValidIndexRemoved" fullname="GDX.Collections.Generic.NativeArraySparseSetTests.RemoveUncheckedFromDenseIndex_MockDataWithVersionArrayAndSwapIndex_ValidIndexRemoved" methodname="RemoveUncheckedFromDenseIndex_MockDataWithVersionArrayAndSwapIndex_ValidIndexRemoved" classname="GDX.Collections.Generic.NativeArraySparseSetTests" runstate="Runnable" seed="510381438" result="Passed" start-time="2022-08-26 20:20:28Z" end-time="2022-08-26 20:20:28Z" duration="0.000340" asserts="0">
                <properties>
                  <property name="Category" value="GDX.Tests" />
                </properties>
              </test-case>
              <test-case id="1527" name="RemoveWithBoundsAndVersionChecks_MockData_ValidIndexRemovedInvalidIndicesNotRemoved" fullname="GDX.Collections.Generic.NativeArraySparseSetTests.RemoveWithBoundsAndVersionChecks_MockData_ValidIndexRemovedInvalidIndicesNotRemoved" methodname="RemoveWithBoundsAndVersionChecks_MockData_ValidIndexRemovedInvalidIndicesNotRemoved" classname="GDX.Collections.Generic.NativeArraySparseSetTests" runstate="Runnable" seed="2053686120" result="Passed" start-time="2022-08-26 20:20:28Z" end-time="2022-08-26 20:20:28Z" duration="0.000547" asserts="0">
                <properties>
                  <property name="Category" value="GDX.Tests" />
                </properties>
              </test-case>
              <test-case id="1525" name="RemoveWithBoundsCheck_MockData_ValidIndexRemovedInvalidIndicesNotRemoved" fullname="GDX.Collections.Generic.NativeArraySparseSetTests.RemoveWithBoundsCheck_MockData_ValidIndexRemovedInvalidIndicesNotRemoved" methodname="RemoveWithBoundsCheck_MockData_ValidIndexRemovedInvalidIndicesNotRemoved" classname="GDX.Collections.Generic.NativeArraySparseSetTests" runstate="Runnable" seed="1385336638" result="Passed" start-time="2022-08-26 20:20:28Z" end-time="2022-08-26 20:20:28Z" duration="0.000386" asserts="0">
                <properties>
                  <property name="Category" value="GDX.Tests" />
                </properties>
              </test-case>
              <test-case id="1526" name="RemoveWithVersionCheck_MockData_ValidIndexRemovedInvalidIndicesNotRemoved" fullname="GDX.Collections.Generic.NativeArraySparseSetTests.RemoveWithVersionCheck_MockData_ValidIndexRemovedInvalidIndicesNotRemoved" methodname="RemoveWithVersionCheck_MockData_ValidIndexRemovedInvalidIndicesNotRemoved" classname="GDX.Collections.Generic.NativeArraySparseSetTests" runstate="Runnable" seed="1984250010" result="Passed" start-time="2022-08-26 20:20:28Z" end-time="2022-08-26 20:20:28Z" duration="0.000383" asserts="0">
                <properties>
                  <property name="Category" value="GDX.Tests" />
                </properties>
              </test-case>
              <test-case id="1540" name="Reserve_MockData_Expanded" fullname="GDX.Collections.Generic.NativeArraySparseSetTests.Reserve_MockData_Expanded" methodname="Reserve_MockData_Expanded" classname="GDX.Collections.Generic.NativeArraySparseSetTests" runstate="Runnable" seed="1794030508" result="Passed" start-time="2022-08-26 20:20:28Z" end-time="2022-08-26 20:20:28Z" duration="0.000381" asserts="0">
                <properties>
                  <property name="Category" value="GDX.Tests" />
                </properties>
              </test-case>
              <test-case id="1541" name="Reserve_MockDataWithVersionArray_Expanded" fullname="GDX.Collections.Generic.NativeArraySparseSetTests.Reserve_MockDataWithVersionArray_Expanded" methodname="Reserve_MockDataWithVersionArray_Expanded" classname="GDX.Collections.Generic.NativeArraySparseSetTests" runstate="Runnable" seed="2076600754" result="Passed" start-time="2022-08-26 20:20:28Z" end-time="2022-08-26 20:20:28Z" duration="0.000462" asserts="0">
                <properties>
                  <property name="Category" value="GDX.Tests" />
                </properties>
              </test-case>
            </test-suite>
            <test-suite type="TestFixture" id="1543" name="NativeUniformArray3DTests" fullname="GDX.Collections.Generic.NativeUniformArray3DTests" classname="GDX.Collections.Generic.NativeUniformArray3DTests" runstate="Runnable" testcasecount="2" result="Passed" start-time="2022-08-26 20:20:28Z" end-time="2022-08-26 20:20:28Z" duration="0.003164" total="2" passed="2" failed="0" inconclusive="0" skipped="0" asserts="0">
              <properties />
              <test-case id="1544" name="Constructor_CorrectSizes" fullname="GDX.Collections.Generic.NativeUniformArray3DTests.Constructor_CorrectSizes" methodname="Constructor_CorrectSizes" classname="GDX.Collections.Generic.NativeUniformArray3DTests" runstate="Runnable" seed="1020002136" result="Passed" start-time="2022-08-26 20:20:28Z" end-time="2022-08-26 20:20:28Z" duration="0.000515" asserts="0">
                <properties>
                  <property name="Category" value="GDX.Tests" />
                </properties>
              </test-case>
              <test-case id="1545" name="GetByIndex_LastSpot_ValidEntry" fullname="GDX.Collections.Generic.NativeUniformArray3DTests.GetByIndex_LastSpot_ValidEntry" methodname="GetByIndex_LastSpot_ValidEntry" classname="GDX.Collections.Generic.NativeUniformArray3DTests" runstate="Runnable" seed="2000898169" result="Passed" start-time="2022-08-26 20:20:28Z" end-time="2022-08-26 20:20:28Z" duration="0.000286" asserts="0">
                <properties>
                  <property name="Category" value="GDX.Tests" />
                </properties>
              </test-case>
            </test-suite>
            <test-suite type="TestFixture" id="1546" name="SerializableDictionaryTests" fullname="GDX.Collections.Generic.SerializableDictionaryTests" classname="GDX.Collections.Generic.SerializableDictionaryTests" runstate="Runnable" testcasecount="5" result="Passed" start-time="2022-08-26 20:20:28Z" end-time="2022-08-26 20:20:28Z" duration="0.005377" total="5" passed="5" failed="0" inconclusive="0" skipped="0" asserts="0">
              <properties />
              <test-case id="1547" name="IsSerializableType_SystemObject_ReturnsFalse" fullname="GDX.Collections.Generic.SerializableDictionaryTests.IsSerializableType_SystemObject_ReturnsFalse" methodname="IsSerializableType_SystemObject_ReturnsFalse" classname="GDX.Collections.Generic.SerializableDictionaryTests" runstate="Runnable" seed="1596699321" result="Passed" start-time="2022-08-26 20:20:28Z" end-time="2022-08-26 20:20:28Z" duration="0.000383" asserts="0">
                <properties>
                  <property name="Category" value="GDX.Tests" />
                </properties>
              </test-case>
              <test-case id="1549" name="IsSerializableType_UnityObject_ReturnsTrue" fullname="GDX.Collections.Generic.SerializableDictionaryTests.IsSerializableType_UnityObject_ReturnsTrue" methodname="IsSerializableType_UnityObject_ReturnsTrue" classname="GDX.Collections.Generic.SerializableDictionaryTests" runstate="Runnable" seed="1845781491" result="Passed" start-time="2022-08-26 20:20:28Z" end-time="2022-08-26 20:20:28Z" duration="0.000201" asserts="0">
                <properties>
                  <property name="Category" value="GDX.Tests" />
                </properties>
              </test-case>
              <test-case id="1550" name="OverwriteSerializedData_MockData_PopulatesDictionary" fullname="GDX.Collections.Generic.SerializableDictionaryTests.OverwriteSerializedData_MockData_PopulatesDictionary" methodname="OverwriteSerializedData_MockData_PopulatesDictionary" classname="GDX.Collections.Generic.SerializableDictionaryTests" runstate="Runnable" seed="324485896" result="Passed" start-time="2022-08-26 20:20:28Z" end-time="2022-08-26 20:20:28Z" duration="0.000941" asserts="0">
                <properties>
                  <property name="Category" value="GDX.Tests" />
                </properties>
              </test-case>
              <test-case id="1548" name="SaveSerializedData_MockData_ReturnsSerializedDataLength" fullname="GDX.Collections.Generic.SerializableDictionaryTests.SaveSerializedData_MockData_ReturnsSerializedDataLength" methodname="SaveSerializedData_MockData_ReturnsSerializedDataLength" classname="GDX.Collections.Generic.SerializableDictionaryTests" runstate="Runnable" seed="1556745506" result="Passed" start-time="2022-08-26 20:20:28Z" end-time="2022-08-26 20:20:28Z" duration="0.000701" asserts="0">
                <properties>
                  <property name="Category" value="GDX.Tests" />
                </properties>
              </test-case>
              <test-case id="1551" name="SaveSerializedData_NoData_ReturnsZeroSerializedDataLength" fullname="GDX.Collections.Generic.SerializableDictionaryTests.SaveSerializedData_NoData_ReturnsZeroSerializedDataLength" methodname="SaveSerializedData_NoData_ReturnsZeroSerializedDataLength" classname="GDX.Collections.Generic.SerializableDictionaryTests" runstate="Runnable" seed="211525256" result="Passed" start-time="2022-08-26 20:20:28Z" end-time="2022-08-26 20:20:28Z" duration="0.000152" asserts="0">
                <properties>
                  <property name="Category" value="GDX.Tests" />
                </properties>
              </test-case>
            </test-suite>
            <test-suite type="TestFixture" id="1552" name="SimpleListTests" fullname="GDX.Collections.Generic.SimpleListTests" classname="GDX.Collections.Generic.SimpleListTests" runstate="Runnable" testcasecount="40" result="Passed" start-time="2022-08-26 20:20:28Z" end-time="2022-08-26 20:20:28Z" duration="0.023705" total="40" passed="40" failed="0" inconclusive="0" skipped="0" asserts="0">
              <properties />
              <test-case id="1563" name="AddExpandClearBoth_MockDataWithExpansion_ValueAdded" fullname="GDX.Collections.Generic.SimpleListTests.AddExpandClearBoth_MockDataWithExpansion_ValueAdded" methodname="AddExpandClearBoth_MockDataWithExpansion_ValueAdded" classname="GDX.Collections.Generic.SimpleListTests" runstate="Runnable" seed="324561215" result="Passed" start-time="2022-08-26 20:20:28Z" end-time="2022-08-26 20:20:28Z" duration="0.000527" asserts="0">
                <properties>
                  <property name="Category" value="GDX.Tests" />
                </properties>
              </test-case>
              <test-case id="1562" name="AddExpandClearNew_MockDataWithExpansion_ValueAdded" fullname="GDX.Collections.Generic.SimpleListTests.AddExpandClearNew_MockDataWithExpansion_ValueAdded" methodname="AddExpandClearNew_MockDataWithExpansion_ValueAdded" classname="GDX.Collections.Generic.SimpleListTests" runstate="Runnable" seed="575250571" result="Passed" start-time="2022-08-26 20:20:28Z" end-time="2022-08-26 20:20:28Z" duration="0.000416" asserts="0">
                <properties>
                  <property name="Category" value="GDX.Tests" />
                </properties>
              </test-case>
              <test-case id="1561" name="AddExpandClearOld_MockDataWithExpansion_ValueAdded" fullname="GDX.Collections.Generic.SimpleListTests.AddExpandClearOld_MockDataWithExpansion_ValueAdded" methodname="AddExpandClearOld_MockDataWithExpansion_ValueAdded" classname="GDX.Collections.Generic.SimpleListTests" runstate="Runnable" seed="940110338" result="Passed" start-time="2022-08-26 20:20:28Z" end-time="2022-08-26 20:20:28Z" duration="0.000367" asserts="0">
                <properties>
                  <property name="Category" value="GDX.Tests" />
                </properties>
              </test-case>
              <test-case id="1560" name="AddExpandNoClear_MockDataWithExpansion_ValueAdded" fullname="GDX.Collections.Generic.SimpleListTests.AddExpandNoClear_MockDataWithExpansion_ValueAdded" methodname="AddExpandNoClear_MockDataWithExpansion_ValueAdded" classname="GDX.Collections.Generic.SimpleListTests" runstate="Runnable" seed="856601326" result="Passed" start-time="2022-08-26 20:20:28Z" end-time="2022-08-26 20:20:28Z" duration="0.000382" asserts="0">
                <properties>
                  <property name="Category" value="GDX.Tests" />
                </properties>
              </test-case>
              <test-case id="1556" name="AddUnchecked_MockData_ValueAdded" fullname="GDX.Collections.Generic.SimpleListTests.AddUnchecked_MockData_ValueAdded" methodname="AddUnchecked_MockData_ValueAdded" classname="GDX.Collections.Generic.SimpleListTests" runstate="Runnable" seed="1280660572" result="Passed" start-time="2022-08-26 20:20:28Z" end-time="2022-08-26 20:20:28Z" duration="0.000222" asserts="0">
                <properties>
                  <property name="Category" value="GDX.Tests" />
                </properties>
              </test-case>
              <test-case id="1557" name="AddUnchecked_MockDataOverflow_ThrowsException" fullname="GDX.Collections.Generic.SimpleListTests.AddUnchecked_MockDataOverflow_ThrowsException" methodname="AddUnchecked_MockDataOverflow_ThrowsException" classname="GDX.Collections.Generic.SimpleListTests" runstate="Runnable" seed="1936514406" result="Passed" start-time="2022-08-26 20:20:28Z" end-time="2022-08-26 20:20:28Z" duration="0.000273" asserts="0">
                <properties>
                  <property name="Category" value="GDX.Tests" />
                </properties>
              </test-case>
              <test-case id="1558" name="AddWithExpandCheck_MockData_ValueAdded" fullname="GDX.Collections.Generic.SimpleListTests.AddWithExpandCheck_MockData_ValueAdded" methodname="AddWithExpandCheck_MockData_ValueAdded" classname="GDX.Collections.Generic.SimpleListTests" runstate="Runnable" seed="1064520944" result="Passed" start-time="2022-08-26 20:20:28Z" end-time="2022-08-26 20:20:28Z" duration="0.000383" asserts="0">
                <properties>
                  <property name="Category" value="GDX.Tests" />
                </properties>
              </test-case>
              <test-case id="1559" name="AddWithExpandCheck_MockDataWithExpansion_ValueAdded" fullname="GDX.Collections.Generic.SimpleListTests.AddWithExpandCheck_MockDataWithExpansion_ValueAdded" methodname="AddWithExpandCheck_MockDataWithExpansion_ValueAdded" classname="GDX.Collections.Generic.SimpleListTests" runstate="Runnable" seed="7808110" result="Passed" start-time="2022-08-26 20:20:28Z" end-time="2022-08-26 20:20:28Z" duration="0.000259" asserts="0">
                <properties>
                  <property name="Category" value="GDX.Tests" />
                </properties>
              </test-case>
              <test-case id="1568" name="Clear_MockData_DataCleared" fullname="GDX.Collections.Generic.SimpleListTests.Clear_MockData_DataCleared" methodname="Clear_MockData_DataCleared" classname="GDX.Collections.Generic.SimpleListTests" runstate="Runnable" seed="915870880" result="Passed" start-time="2022-08-26 20:20:28Z" end-time="2022-08-26 20:20:28Z" duration="0.000227" asserts="0">
                <properties>
                  <property name="Category" value="GDX.Tests" />
                </properties>
              </test-case>
              <test-case id="1553" name="Constructor_CreateWithCount" fullname="GDX.Collections.Generic.SimpleListTests.Constructor_CreateWithCount" methodname="Constructor_CreateWithCount" classname="GDX.Collections.Generic.SimpleListTests" runstate="Runnable" seed="632648658" result="Passed" start-time="2022-08-26 20:20:28Z" end-time="2022-08-26 20:20:28Z" duration="0.000159" asserts="0">
                <properties>
                  <property name="Category" value="GDX.Tests" />
                </properties>
              </test-case>
              <test-case id="1554" name="Constructor_CreateWithExisting_FillsList" fullname="GDX.Collections.Generic.SimpleListTests.Constructor_CreateWithExisting_FillsList" methodname="Constructor_CreateWithExisting_FillsList" classname="GDX.Collections.Generic.SimpleListTests" runstate="Runnable" seed="1872795244" result="Passed" start-time="2022-08-26 20:20:28Z" end-time="2022-08-26 20:20:28Z" duration="0.000216" asserts="0">
                <properties>
                  <property name="Category" value="GDX.Tests" />
                </properties>
              </test-case>
              <test-case id="1555" name="Constructor_CreateWithExistingNoCount_FillsListNoCount" fullname="GDX.Collections.Generic.SimpleListTests.Constructor_CreateWithExistingNoCount_FillsListNoCount" methodname="Constructor_CreateWithExistingNoCount_FillsListNoCount" classname="GDX.Collections.Generic.SimpleListTests" runstate="Runnable" seed="1546652736" result="Passed" start-time="2022-08-26 20:20:28Z" end-time="2022-08-26 20:20:28Z" duration="0.000221" asserts="0">
                <properties>
                  <property name="Category" value="GDX.Tests" />
                </properties>
              </test-case>
              <test-case id="1567" name="InsertExpandClearBoth_MockDataWithExpansion_ValueAdded" fullname="GDX.Collections.Generic.SimpleListTests.InsertExpandClearBoth_MockDataWithExpansion_ValueAdded" methodname="InsertExpandClearBoth_MockDataWithExpansion_ValueAdded" classname="GDX.Collections.Generic.SimpleListTests" runstate="Runnable" seed="54604013" result="Passed" start-time="2022-08-26 20:20:28Z" end-time="2022-08-26 20:20:28Z" duration="0.000400" asserts="0">
                <properties>
                  <property name="Category" value="GDX.Tests" />
                </properties>
              </test-case>
              <test-case id="1566" name="InsertExpandClearNew_MockDataWithExpansion_ValueAdded" fullname="GDX.Collections.Generic.SimpleListTests.InsertExpandClearNew_MockDataWithExpansion_ValueAdded" methodname="InsertExpandClearNew_MockDataWithExpansion_ValueAdded" classname="GDX.Collections.Generic.SimpleListTests" runstate="Runnable" seed="1771335784" result="Passed" start-time="2022-08-26 20:20:28Z" end-time="2022-08-26 20:20:28Z" duration="0.000472" asserts="0">
                <properties>
                  <property name="Category" value="GDX.Tests" />
                </properties>
              </test-case>
              <test-case id="1565" name="InsertExpandClearOld_MockDataWithExpansion_ValueAdded" fullname="GDX.Collections.Generic.SimpleListTests.InsertExpandClearOld_MockDataWithExpansion_ValueAdded" methodname="InsertExpandClearOld_MockDataWithExpansion_ValueAdded" classname="GDX.Collections.Generic.SimpleListTests" runstate="Runnable" seed="2137274499" result="Passed" start-time="2022-08-26 20:20:28Z" end-time="2022-08-26 20:20:28Z" duration="0.000383" asserts="0">
                <properties>
                  <property name="Category" value="GDX.Tests" />
                </properties>
              </test-case>
              <test-case id="1564" name="InsertExpandNoClear_MockDataWithExpansion_ValueAdded" fullname="GDX.Collections.Generic.SimpleListTests.InsertExpandNoClear_MockDataWithExpansion_ValueAdded" methodname="InsertExpandNoClear_MockDataWithExpansion_ValueAdded" classname="GDX.Collections.Generic.SimpleListTests" runstate="Runnable" seed="798898407" result="Passed" start-time="2022-08-26 20:20:28Z" end-time="2022-08-26 20:20:28Z" duration="0.000394" asserts="0">
                <properties>
                  <property name="Category" value="GDX.Tests" />
                </properties>
              </test-case>
              <test-case id="1569" name="InsertUnchecked_MockDataAtEnd_ValueAdded" fullname="GDX.Collections.Generic.SimpleListTests.InsertUnchecked_MockDataAtEnd_ValueAdded" methodname="InsertUnchecked_MockDataAtEnd_ValueAdded" classname="GDX.Collections.Generic.SimpleListTests" runstate="Runnable" seed="2090755536" result="Passed" start-time="2022-08-26 20:20:28Z" end-time="2022-08-26 20:20:28Z" duration="0.000237" asserts="0">
                <properties>
                  <property name="Category" value="GDX.Tests" />
                </properties>
              </test-case>
              <test-case id="1570" name="InsertUnchecked_MockDataAtStart_ValueAdded" fullname="GDX.Collections.Generic.SimpleListTests.InsertUnchecked_MockDataAtStart_ValueAdded" methodname="InsertUnchecked_MockDataAtStart_ValueAdded" classname="GDX.Collections.Generic.SimpleListTests" runstate="Runnable" seed="1564196715" result="Passed" start-time="2022-08-26 20:20:28Z" end-time="2022-08-26 20:20:28Z" duration="0.000172" asserts="0">
                <properties>
                  <property name="Category" value="GDX.Tests" />
                </properties>
              </test-case>
              <test-case id="1571" name="InsertUnchecked_MockDataInMiddle_ValueAdded" fullname="GDX.Collections.Generic.SimpleListTests.InsertUnchecked_MockDataInMiddle_ValueAdded" methodname="InsertUnchecked_MockDataInMiddle_ValueAdded" classname="GDX.Collections.Generic.SimpleListTests" runstate="Runnable" seed="1459324211" result="Passed" start-time="2022-08-26 20:20:28Z" end-time="2022-08-26 20:20:28Z" duration="0.000164" asserts="0">
                <properties>
                  <property name="Category" value="GDX.Tests" />
                </properties>
              </test-case>
              <test-case id="1572" name="InsertWithExpandCheck_MockDataAtEnd_ValueAdded" fullname="GDX.Collections.Generic.SimpleListTests.InsertWithExpandCheck_MockDataAtEnd_ValueAdded" methodname="InsertWithExpandCheck_MockDataAtEnd_ValueAdded" classname="GDX.Collections.Generic.SimpleListTests" runstate="Runnable" seed="1991111960" result="Passed" start-time="2022-08-26 20:20:28Z" end-time="2022-08-26 20:20:28Z" duration="0.000261" asserts="0">
                <properties>
                  <property name="Category" value="GDX.Tests" />
                </properties>
              </test-case>
              <test-case id="1575" name="InsertWithExpandCheck_MockDataAtEndAndCustomCount_ValueAdded" fullname="GDX.Collections.Generic.SimpleListTests.InsertWithExpandCheck_MockDataAtEndAndCustomCount_ValueAdded" methodname="InsertWithExpandCheck_MockDataAtEndAndCustomCount_ValueAdded" classname="GDX.Collections.Generic.SimpleListTests" runstate="Runnable" seed="1975396298" result="Passed" start-time="2022-08-26 20:20:28Z" end-time="2022-08-26 20:20:28Z" duration="0.000289" asserts="0">
                <properties>
                  <property name="Category" value="GDX.Tests" />
                </properties>
              </test-case>
              <test-case id="1573" name="InsertWithExpandCheck_MockDataAtStart_ValueAdded" fullname="GDX.Collections.Generic.SimpleListTests.InsertWithExpandCheck_MockDataAtStart_ValueAdded" methodname="InsertWithExpandCheck_MockDataAtStart_ValueAdded" classname="GDX.Collections.Generic.SimpleListTests" runstate="Runnable" seed="2082110925" result="Passed" start-time="2022-08-26 20:20:28Z" end-time="2022-08-26 20:20:28Z" duration="0.000174" asserts="0">
                <properties>
                  <property name="Category" value="GDX.Tests" />
                </properties>
              </test-case>
              <test-case id="1576" name="InsertWithExpandCheck_MockDataAtStartAndCustomCount_ValueAdded" fullname="GDX.Collections.Generic.SimpleListTests.InsertWithExpandCheck_MockDataAtStartAndCustomCount_ValueAdded" methodname="InsertWithExpandCheck_MockDataAtStartAndCustomCount_ValueAdded" classname="GDX.Collections.Generic.SimpleListTests" runstate="Runnable" seed="1949078155" result="Passed" start-time="2022-08-26 20:20:28Z" end-time="2022-08-26 20:20:28Z" duration="0.000173" asserts="0">
                <properties>
                  <property name="Category" value="GDX.Tests" />
                </properties>
              </test-case>
              <test-case id="1574" name="InsertWithExpandCheck_MockDataInMiddle_ValueAdded" fullname="GDX.Collections.Generic.SimpleListTests.InsertWithExpandCheck_MockDataInMiddle_ValueAdded" methodname="InsertWithExpandCheck_MockDataInMiddle_ValueAdded" classname="GDX.Collections.Generic.SimpleListTests" runstate="Runnable" seed="1093929268" result="Passed" start-time="2022-08-26 20:20:28Z" end-time="2022-08-26 20:20:28Z" duration="0.000218" asserts="0">
                <properties>
                  <property name="Category" value="GDX.Tests" />
                </properties>
              </test-case>
              <test-case id="1577" name="InsertWithExpandCheck_MockDataInMiddleAndCustomCount_ValueAdded" fullname="GDX.Collections.Generic.SimpleListTests.InsertWithExpandCheck_MockDataInMiddleAndCustomCount_ValueAdded" methodname="InsertWithExpandCheck_MockDataInMiddleAndCustomCount_ValueAdded" classname="GDX.Collections.Generic.SimpleListTests" runstate="Runnable" seed="1370833614" result="Passed" start-time="2022-08-26 20:20:28Z" end-time="2022-08-26 20:20:28Z" duration="0.000172" asserts="0">
                <properties>
                  <property name="Category" value="GDX.Tests" />
                </properties>
              </test-case>
              <test-case id="1578" name="RemoveAt_MockDataAtEnd_ValueRemoved" fullname="GDX.Collections.Generic.SimpleListTests.RemoveAt_MockDataAtEnd_ValueRemoved" methodname="RemoveAt_MockDataAtEnd_ValueRemoved" classname="GDX.Collections.Generic.SimpleListTests" runstate="Runnable" seed="1380743736" result="Passed" start-time="2022-08-26 20:20:28Z" end-time="2022-08-26 20:20:28Z" duration="0.000245" asserts="0">
                <properties>
                  <property name="Category" value="GDX.Tests" />
                </properties>
              </test-case>
              <test-case id="1579" name="RemoveAt_MockDataAtStart_ValueRemoved" fullname="GDX.Collections.Generic.SimpleListTests.RemoveAt_MockDataAtStart_ValueRemoved" methodname="RemoveAt_MockDataAtStart_ValueRemoved" classname="GDX.Collections.Generic.SimpleListTests" runstate="Runnable" seed="632015111" result="Passed" start-time="2022-08-26 20:20:28Z" end-time="2022-08-26 20:20:28Z" duration="0.000267" asserts="0">
                <properties>
                  <property name="Category" value="GDX.Tests" />
                </properties>
              </test-case>
              <test-case id="1580" name="RemoveAt_MockDataInMiddle_ValueRemoved" fullname="GDX.Collections.Generic.SimpleListTests.RemoveAt_MockDataInMiddle_ValueRemoved" methodname="RemoveAt_MockDataInMiddle_ValueRemoved" classname="GDX.Collections.Generic.SimpleListTests" runstate="Runnable" seed="515465205" result="Passed" start-time="2022-08-26 20:20:28Z" end-time="2022-08-26 20:20:28Z" duration="0.000168" asserts="0">
                <properties>
                  <property name="Category" value="GDX.Tests" />
                </properties>
              </test-case>
              <test-case id="1581" name="RemoveAtSwapBack_MockDataAtEnd_ValueRemoved" fullname="GDX.Collections.Generic.SimpleListTests.RemoveAtSwapBack_MockDataAtEnd_ValueRemoved" methodname="RemoveAtSwapBack_MockDataAtEnd_ValueRemoved" classname="GDX.Collections.Generic.SimpleListTests" runstate="Runnable" seed="926219764" result="Passed" start-time="2022-08-26 20:20:28Z" end-time="2022-08-26 20:20:28Z" duration="0.000229" asserts="0">
                <properties>
                  <property name="Category" value="GDX.Tests" />
                </properties>
              </test-case>
              <test-case id="1582" name="RemoveAtSwapBack_MockDataAtStart_ValueRemoved" fullname="GDX.Collections.Generic.SimpleListTests.RemoveAtSwapBack_MockDataAtStart_ValueRemoved" methodname="RemoveAtSwapBack_MockDataAtStart_ValueRemoved" classname="GDX.Collections.Generic.SimpleListTests" runstate="Runnable" seed="1263069973" result="Passed" start-time="2022-08-26 20:20:28Z" end-time="2022-08-26 20:20:28Z" duration="0.000171" asserts="0">
                <properties>
                  <property name="Category" value="GDX.Tests" />
                </properties>
              </test-case>
              <test-case id="1583" name="RemoveAtSwapBack_MockDataInMiddle_ValueRemoved" fullname="GDX.Collections.Generic.SimpleListTests.RemoveAtSwapBack_MockDataInMiddle_ValueRemoved" methodname="RemoveAtSwapBack_MockDataInMiddle_ValueRemoved" classname="GDX.Collections.Generic.SimpleListTests" runstate="Runnable" seed="1821577865" result="Passed" start-time="2022-08-26 20:20:28Z" end-time="2022-08-26 20:20:28Z" duration="0.000170" asserts="0">
                <properties>
                  <property name="Category" value="GDX.Tests" />
                </properties>
              </test-case>
              <test-case id="1584" name="RemoveFromBack_MockData_ValueRemoved" fullname="GDX.Collections.Generic.SimpleListTests.RemoveFromBack_MockData_ValueRemoved" methodname="RemoveFromBack_MockData_ValueRemoved" classname="GDX.Collections.Generic.SimpleListTests" runstate="Runnable" seed="634885841" result="Passed" start-time="2022-08-26 20:20:28Z" end-time="2022-08-26 20:20:28Z" duration="0.000221" asserts="0">
                <properties>
                  <property name="Category" value="GDX.Tests" />
                </properties>
              </test-case>
              <test-case id="1585" name="Reserve_MockData_ArrayExpanded" fullname="GDX.Collections.Generic.SimpleListTests.Reserve_MockData_ArrayExpanded" methodname="Reserve_MockData_ArrayExpanded" classname="GDX.Collections.Generic.SimpleListTests" runstate="Runnable" seed="1545002777" result="Passed" start-time="2022-08-26 20:20:28Z" end-time="2022-08-26 20:20:28Z" duration="0.000237" asserts="0">
                <properties>
                  <property name="Category" value="GDX.Tests" />
                </properties>
              </test-case>
              <test-case id="1589" name="ReserveClearBoth_MockDataWithExpansion_ValueAdded" fullname="GDX.Collections.Generic.SimpleListTests.ReserveClearBoth_MockDataWithExpansion_ValueAdded" methodname="ReserveClearBoth_MockDataWithExpansion_ValueAdded" classname="GDX.Collections.Generic.SimpleListTests" runstate="Runnable" seed="1017293043" result="Passed" start-time="2022-08-26 20:20:28Z" end-time="2022-08-26 20:20:28Z" duration="0.000361" asserts="0">
                <properties>
                  <property name="Category" value="GDX.Tests" />
                </properties>
              </test-case>
              <test-case id="1588" name="ReserveClearNew_MockDataWithExpansion_ValueAdded" fullname="GDX.Collections.Generic.SimpleListTests.ReserveClearNew_MockDataWithExpansion_ValueAdded" methodname="ReserveClearNew_MockDataWithExpansion_ValueAdded" classname="GDX.Collections.Generic.SimpleListTests" runstate="Runnable" seed="2082123001" result="Passed" start-time="2022-08-26 20:20:28Z" end-time="2022-08-26 20:20:28Z" duration="0.000375" asserts="0">
                <properties>
                  <property name="Category" value="GDX.Tests" />
                </properties>
              </test-case>
              <test-case id="1587" name="ReserveClearOld_MockDataWithExpansion_ValueAdded" fullname="GDX.Collections.Generic.SimpleListTests.ReserveClearOld_MockDataWithExpansion_ValueAdded" methodname="ReserveClearOld_MockDataWithExpansion_ValueAdded" classname="GDX.Collections.Generic.SimpleListTests" runstate="Runnable" seed="1918551003" result="Passed" start-time="2022-08-26 20:20:28Z" end-time="2022-08-26 20:20:28Z" duration="0.000397" asserts="0">
                <properties>
                  <property name="Category" value="GDX.Tests" />
                </properties>
              </test-case>
              <test-case id="1586" name="ReserveNoClear_MockDataWithExpansion_ValueAdded" fullname="GDX.Collections.Generic.SimpleListTests.ReserveNoClear_MockDataWithExpansion_ValueAdded" methodname="ReserveNoClear_MockDataWithExpansion_ValueAdded" classname="GDX.Collections.Generic.SimpleListTests" runstate="Runnable" seed="822117680" result="Passed" start-time="2022-08-26 20:20:28Z" end-time="2022-08-26 20:20:28Z" duration="0.000374" asserts="0">
                <properties>
                  <property name="Category" value="GDX.Tests" />
                </properties>
              </test-case>
              <test-case id="1590" name="Reverse_MockDataEven_ArrayReversed" fullname="GDX.Collections.Generic.SimpleListTests.Reverse_MockDataEven_ArrayReversed" methodname="Reverse_MockDataEven_ArrayReversed" classname="GDX.Collections.Generic.SimpleListTests" runstate="Runnable" seed="1764964052" result="Passed" start-time="2022-08-26 20:20:28Z" end-time="2022-08-26 20:20:28Z" duration="0.000286" asserts="0">
                <properties>
                  <property name="Category" value="GDX.Tests" />
                </properties>
              </test-case>
              <test-case id="1591" name="Reverse_MockDataOdd_ArrayReversed" fullname="GDX.Collections.Generic.SimpleListTests.Reverse_MockDataOdd_ArrayReversed" methodname="Reverse_MockDataOdd_ArrayReversed" classname="GDX.Collections.Generic.SimpleListTests" runstate="Runnable" seed="1210929456" result="Passed" start-time="2022-08-26 20:20:28Z" end-time="2022-08-26 20:20:28Z" duration="0.000191" asserts="0">
                <properties>
                  <property name="Category" value="GDX.Tests" />
                </properties>
              </test-case>
              <test-case id="1592" name="Reverse_MockDataOddLimited_ArrayReversed" fullname="GDX.Collections.Generic.SimpleListTests.Reverse_MockDataOddLimited_ArrayReversed" methodname="Reverse_MockDataOddLimited_ArrayReversed" classname="GDX.Collections.Generic.SimpleListTests" runstate="Runnable" seed="44078760" result="Passed" start-time="2022-08-26 20:20:28Z" end-time="2022-08-26 20:20:28Z" duration="0.000176" asserts="0">
                <properties>
                  <property name="Category" value="GDX.Tests" />
                </properties>
              </test-case>
            </test-suite>
            <test-suite type="TestFixture" id="1593" name="SparseSetTests" fullname="GDX.Collections.Generic.SparseSetTests" classname="GDX.Collections.Generic.SparseSetTests" runstate="Runnable" testcasecount="54" result="Passed" start-time="2022-08-26 20:20:28Z" end-time="2022-08-26 20:20:28Z" duration="0.034109" total="54" passed="54" failed="0" inconclusive="0" skipped="0" asserts="0">
              <properties />
              <test-case id="1596" name="AddUnchecked_MockData_IndicesReserved" fullname="GDX.Collections.Generic.SparseSetTests.AddUnchecked_MockData_IndicesReserved" methodname="AddUnchecked_MockData_IndicesReserved" classname="GDX.Collections.Generic.SparseSetTests" runstate="Runnable" seed="145569568" result="Passed" start-time="2022-08-26 20:20:28Z" end-time="2022-08-26 20:20:28Z" duration="0.000441" asserts="0">
                <properties>
                  <property name="Category" value="GDX.Tests" />
                </properties>
              </test-case>
              <test-case id="1599" name="AddUnchecked_MockDataAndVersionArrayOverflow_ThrowsException" fullname="GDX.Collections.Generic.SparseSetTests.AddUnchecked_MockDataAndVersionArrayOverflow_ThrowsException" methodname="AddUnchecked_MockDataAndVersionArrayOverflow_ThrowsException" classname="GDX.Collections.Generic.SparseSetTests" runstate="Runnable" seed="679442745" result="Passed" start-time="2022-08-26 20:20:28Z" end-time="2022-08-26 20:20:28Z" duration="0.000455" asserts="0">
                <properties>
                  <property name="Category" value="GDX.Tests" />
                </properties>
              </test-case>
              <test-case id="1632" name="AddUnchecked_MockDataGeneric0_Added" fullname="GDX.Collections.Generic.SparseSetTests.AddUnchecked_MockDataGeneric0_Added" methodname="AddUnchecked_MockDataGeneric0_Added" classname="GDX.Collections.Generic.SparseSetTests" runstate="Runnable" seed="338439054" result="Passed" start-time="2022-08-26 20:20:28Z" end-time="2022-08-26 20:20:28Z" duration="0.000251" asserts="0">
                <properties>
                  <property name="Category" value="GDX.Tests" />
                </properties>
              </test-case>
              <test-case id="1633" name="AddUnchecked_MockDataGeneric1_Added" fullname="GDX.Collections.Generic.SparseSetTests.AddUnchecked_MockDataGeneric1_Added" methodname="AddUnchecked_MockDataGeneric1_Added" classname="GDX.Collections.Generic.SparseSetTests" runstate="Runnable" seed="1831633613" result="Passed" start-time="2022-08-26 20:20:28Z" end-time="2022-08-26 20:20:28Z" duration="0.000273" asserts="0">
                <properties>
                  <property name="Category" value="GDX.Tests" />
                </properties>
              </test-case>
              <test-case id="1634" name="AddUnchecked_MockDataGeneric2_Added" fullname="GDX.Collections.Generic.SparseSetTests.AddUnchecked_MockDataGeneric2_Added" methodname="AddUnchecked_MockDataGeneric2_Added" classname="GDX.Collections.Generic.SparseSetTests" runstate="Runnable" seed="1160991227" result="Passed" start-time="2022-08-26 20:20:28Z" end-time="2022-08-26 20:20:28Z" duration="0.000285" asserts="0">
                <properties>
                  <property name="Category" value="GDX.Tests" />
                </properties>
              </test-case>
              <test-case id="1635" name="AddUnchecked_MockDataGeneric3_Added" fullname="GDX.Collections.Generic.SparseSetTests.AddUnchecked_MockDataGeneric3_Added" methodname="AddUnchecked_MockDataGeneric3_Added" classname="GDX.Collections.Generic.SparseSetTests" runstate="Runnable" seed="606693622" result="Passed" start-time="2022-08-26 20:20:28Z" end-time="2022-08-26 20:20:28Z" duration="0.000297" asserts="0">
                <properties>
                  <property name="Category" value="GDX.Tests" />
                </properties>
              </test-case>
              <test-case id="1636" name="AddUnchecked_MockDataGeneric4_Added" fullname="GDX.Collections.Generic.SparseSetTests.AddUnchecked_MockDataGeneric4_Added" methodname="AddUnchecked_MockDataGeneric4_Added" classname="GDX.Collections.Generic.SparseSetTests" runstate="Runnable" seed="454410275" result="Passed" start-time="2022-08-26 20:20:28Z" end-time="2022-08-26 20:20:28Z" duration="0.000316" asserts="0">
                <properties>
                  <property name="Category" value="GDX.Tests" />
                </properties>
              </test-case>
              <test-case id="1637" name="AddUnchecked_MockDataGeneric5_Added" fullname="GDX.Collections.Generic.SparseSetTests.AddUnchecked_MockDataGeneric5_Added" methodname="AddUnchecked_MockDataGeneric5_Added" classname="GDX.Collections.Generic.SparseSetTests" runstate="Runnable" seed="1124554188" result="Passed" start-time="2022-08-26 20:20:28Z" end-time="2022-08-26 20:20:28Z" duration="0.000331" asserts="0">
                <properties>
                  <property name="Category" value="GDX.Tests" />
                </properties>
              </test-case>
              <test-case id="1638" name="AddUnchecked_MockDataGeneric6_Added" fullname="GDX.Collections.Generic.SparseSetTests.AddUnchecked_MockDataGeneric6_Added" methodname="AddUnchecked_MockDataGeneric6_Added" classname="GDX.Collections.Generic.SparseSetTests" runstate="Runnable" seed="247915967" result="Passed" start-time="2022-08-26 20:20:28Z" end-time="2022-08-26 20:20:28Z" duration="0.000352" asserts="0">
                <properties>
                  <property name="Category" value="GDX.Tests" />
                </properties>
              </test-case>
              <test-case id="1639" name="AddUnchecked_MockDataGeneric7_Added" fullname="GDX.Collections.Generic.SparseSetTests.AddUnchecked_MockDataGeneric7_Added" methodname="AddUnchecked_MockDataGeneric7_Added" classname="GDX.Collections.Generic.SparseSetTests" runstate="Runnable" seed="1961163672" result="Passed" start-time="2022-08-26 20:20:28Z" end-time="2022-08-26 20:20:28Z" duration="0.000364" asserts="0">
                <properties>
                  <property name="Category" value="GDX.Tests" />
                </properties>
              </test-case>
              <test-case id="1598" name="AddUnchecked_MockDataOverflow_ThrowsException" fullname="GDX.Collections.Generic.SparseSetTests.AddUnchecked_MockDataOverflow_ThrowsException" methodname="AddUnchecked_MockDataOverflow_ThrowsException" classname="GDX.Collections.Generic.SparseSetTests" runstate="Runnable" seed="852909561" result="Passed" start-time="2022-08-26 20:20:28Z" end-time="2022-08-26 20:20:28Z" duration="0.000290" asserts="0">
                <properties>
                  <property name="Category" value="GDX.Tests" />
                </properties>
              </test-case>
              <test-case id="1597" name="AddUnchecked_MockDataWithVersionArray__IndicesReserved" fullname="GDX.Collections.Generic.SparseSetTests.AddUnchecked_MockDataWithVersionArray__IndicesReserved" methodname="AddUnchecked_MockDataWithVersionArray__IndicesReserved" classname="GDX.Collections.Generic.SparseSetTests" runstate="Runnable" seed="974476569" result="Passed" start-time="2022-08-26 20:20:28Z" end-time="2022-08-26 20:20:28Z" duration="0.000197" asserts="0">
                <properties>
                  <property name="Category" value="GDX.Tests" />
                </properties>
              </test-case>
              <test-case id="1602" name="AddUnchecked_MockDataWithVersionArray_Expanded" fullname="GDX.Collections.Generic.SparseSetTests.AddUnchecked_MockDataWithVersionArray_Expanded" methodname="AddUnchecked_MockDataWithVersionArray_Expanded" classname="GDX.Collections.Generic.SparseSetTests" runstate="Runnable" seed="1049368026" result="Passed" start-time="2022-08-26 20:20:28Z" end-time="2022-08-26 20:20:28Z" duration="0.000342" asserts="0">
                <properties>
                  <property name="Category" value="GDX.Tests" />
                </properties>
              </test-case>
              <test-case id="1600" name="AddWithExpandCheck_MockData_Expanded" fullname="GDX.Collections.Generic.SparseSetTests.AddWithExpandCheck_MockData_Expanded" methodname="AddWithExpandCheck_MockData_Expanded" classname="GDX.Collections.Generic.SparseSetTests" runstate="Runnable" seed="1571543298" result="Passed" start-time="2022-08-26 20:20:28Z" end-time="2022-08-26 20:20:28Z" duration="0.000198" asserts="0">
                <properties>
                  <property name="Category" value="GDX.Tests" />
                </properties>
              </test-case>
              <test-case id="1624" name="AddWithExpandCheck_MockDataGeneric0_Expanded" fullname="GDX.Collections.Generic.SparseSetTests.AddWithExpandCheck_MockDataGeneric0_Expanded" methodname="AddWithExpandCheck_MockDataGeneric0_Expanded" classname="GDX.Collections.Generic.SparseSetTests" runstate="Runnable" seed="1468678055" result="Passed" start-time="2022-08-26 20:20:28Z" end-time="2022-08-26 20:20:28Z" duration="0.000355" asserts="0">
                <properties>
                  <property name="Category" value="GDX.Tests" />
                </properties>
              </test-case>
              <test-case id="1625" name="AddWithExpandCheck_MockDataGeneric1_Expanded" fullname="GDX.Collections.Generic.SparseSetTests.AddWithExpandCheck_MockDataGeneric1_Expanded" methodname="AddWithExpandCheck_MockDataGeneric1_Expanded" classname="GDX.Collections.Generic.SparseSetTests" runstate="Runnable" seed="1502886160" result="Passed" start-time="2022-08-26 20:20:28Z" end-time="2022-08-26 20:20:28Z" duration="0.000381" asserts="0">
                <properties>
                  <property name="Category" value="GDX.Tests" />
                </properties>
              </test-case>
              <test-case id="1626" name="AddWithExpandCheck_MockDataGeneric2_Expanded" fullname="GDX.Collections.Generic.SparseSetTests.AddWithExpandCheck_MockDataGeneric2_Expanded" methodname="AddWithExpandCheck_MockDataGeneric2_Expanded" classname="GDX.Collections.Generic.SparseSetTests" runstate="Runnable" seed="1852503133" result="Passed" start-time="2022-08-26 20:20:28Z" end-time="2022-08-26 20:20:28Z" duration="0.000436" asserts="0">
                <properties>
                  <property name="Category" value="GDX.Tests" />
                </properties>
              </test-case>
              <test-case id="1627" name="AddWithExpandCheck_MockDataGeneric3_Expanded" fullname="GDX.Collections.Generic.SparseSetTests.AddWithExpandCheck_MockDataGeneric3_Expanded" methodname="AddWithExpandCheck_MockDataGeneric3_Expanded" classname="GDX.Collections.Generic.SparseSetTests" runstate="Runnable" seed="1320134473" result="Passed" start-time="2022-08-26 20:20:28Z" end-time="2022-08-26 20:20:28Z" duration="0.000437" asserts="0">
                <properties>
                  <property name="Category" value="GDX.Tests" />
                </properties>
              </test-case>
              <test-case id="1628" name="AddWithExpandCheck_MockDataGeneric4_Expanded" fullname="GDX.Collections.Generic.SparseSetTests.AddWithExpandCheck_MockDataGeneric4_Expanded" methodname="AddWithExpandCheck_MockDataGeneric4_Expanded" classname="GDX.Collections.Generic.SparseSetTests" runstate="Runnable" seed="1889537628" result="Passed" start-time="2022-08-26 20:20:28Z" end-time="2022-08-26 20:20:28Z" duration="0.000464" asserts="0">
                <properties>
                  <property name="Category" value="GDX.Tests" />
                </properties>
              </test-case>
              <test-case id="1629" name="AddWithExpandCheck_MockDataGeneric5_Expanded" fullname="GDX.Collections.Generic.SparseSetTests.AddWithExpandCheck_MockDataGeneric5_Expanded" methodname="AddWithExpandCheck_MockDataGeneric5_Expanded" classname="GDX.Collections.Generic.SparseSetTests" runstate="Runnable" seed="1112045169" result="Passed" start-time="2022-08-26 20:20:28Z" end-time="2022-08-26 20:20:28Z" duration="0.000514" asserts="0">
                <properties>
                  <property name="Category" value="GDX.Tests" />
                </properties>
              </test-case>
              <test-case id="1630" name="AddWithExpandCheck_MockDataGeneric6_Expanded" fullname="GDX.Collections.Generic.SparseSetTests.AddWithExpandCheck_MockDataGeneric6_Expanded" methodname="AddWithExpandCheck_MockDataGeneric6_Expanded" classname="GDX.Collections.Generic.SparseSetTests" runstate="Runnable" seed="1680697663" result="Passed" start-time="2022-08-26 20:20:28Z" end-time="2022-08-26 20:20:28Z" duration="0.000568" asserts="0">
                <properties>
                  <property name="Category" value="GDX.Tests" />
                </properties>
              </test-case>
              <test-case id="1631" name="AddWithExpandCheck_MockDataGeneric7_Expanded" fullname="GDX.Collections.Generic.SparseSetTests.AddWithExpandCheck_MockDataGeneric7_Expanded" methodname="AddWithExpandCheck_MockDataGeneric7_Expanded" classname="GDX.Collections.Generic.SparseSetTests" runstate="Runnable" seed="1823184485" result="Passed" start-time="2022-08-26 20:20:28Z" end-time="2022-08-26 20:20:28Z" duration="0.000567" asserts="0">
                <properties>
                  <property name="Category" value="GDX.Tests" />
                </properties>
              </test-case>
              <test-case id="1601" name="AddWithExpandCheck_MockDataWithVersionArray_Expanded" fullname="GDX.Collections.Generic.SparseSetTests.AddWithExpandCheck_MockDataWithVersionArray_Expanded" methodname="AddWithExpandCheck_MockDataWithVersionArray_Expanded" classname="GDX.Collections.Generic.SparseSetTests" runstate="Runnable" seed="1518029456" result="Passed" start-time="2022-08-26 20:20:28Z" end-time="2022-08-26 20:20:28Z" duration="0.000208" asserts="0">
                <properties>
                  <property name="Category" value="GDX.Tests" />
                </properties>
              </test-case>
              <test-case id="1617" name="Clear_MockData_ArraysCleared" fullname="GDX.Collections.Generic.SparseSetTests.Clear_MockData_ArraysCleared" methodname="Clear_MockData_ArraysCleared" classname="GDX.Collections.Generic.SparseSetTests" runstate="Runnable" seed="120244871" result="Passed" start-time="2022-08-26 20:20:28Z" end-time="2022-08-26 20:20:28Z" duration="0.000229" asserts="0">
                <properties>
                  <property name="Category" value="GDX.Tests" />
                </properties>
              </test-case>
              <test-case id="1618" name="Clear_MockDataWithVersionArray_ArraysCleared" fullname="GDX.Collections.Generic.SparseSetTests.Clear_MockDataWithVersionArray_ArraysCleared" methodname="Clear_MockDataWithVersionArray_ArraysCleared" classname="GDX.Collections.Generic.SparseSetTests" runstate="Runnable" seed="2035719756" result="Passed" start-time="2022-08-26 20:20:28Z" end-time="2022-08-26 20:20:28Z" duration="0.000265" asserts="0">
                <properties>
                  <property name="Category" value="GDX.Tests" />
                </properties>
              </test-case>
              <test-case id="1619" name="ClearWithVersionReset_MockData_ArraysClearedAndVersionReset" fullname="GDX.Collections.Generic.SparseSetTests.ClearWithVersionReset_MockData_ArraysClearedAndVersionReset" methodname="ClearWithVersionReset_MockData_ArraysClearedAndVersionReset" classname="GDX.Collections.Generic.SparseSetTests" runstate="Runnable" seed="669181617" result="Passed" start-time="2022-08-26 20:20:28Z" end-time="2022-08-26 20:20:28Z" duration="0.000258" asserts="0">
                <properties>
                  <property name="Category" value="GDX.Tests" />
                </properties>
              </test-case>
              <test-case id="1594" name="Constructor_CreateWithCount" fullname="GDX.Collections.Generic.SparseSetTests.Constructor_CreateWithCount" methodname="Constructor_CreateWithCount" classname="GDX.Collections.Generic.SparseSetTests" runstate="Runnable" seed="83993938" result="Passed" start-time="2022-08-26 20:20:28Z" end-time="2022-08-26 20:20:28Z" duration="0.000170" asserts="0">
                <properties>
                  <property name="Category" value="GDX.Tests" />
                </properties>
              </test-case>
              <test-case id="1595" name="Constructor_CreateWithCountAndVersionArray" fullname="GDX.Collections.Generic.SparseSetTests.Constructor_CreateWithCountAndVersionArray" methodname="Constructor_CreateWithCountAndVersionArray" classname="GDX.Collections.Generic.SparseSetTests" runstate="Runnable" seed="296467755" result="Passed" start-time="2022-08-26 20:20:28Z" end-time="2022-08-26 20:20:28Z" duration="0.000167" asserts="0">
                <properties>
                  <property name="Category" value="GDX.Tests" />
                </properties>
              </test-case>
              <test-case id="1620" name="Expand_MockData_Expanded" fullname="GDX.Collections.Generic.SparseSetTests.Expand_MockData_Expanded" methodname="Expand_MockData_Expanded" classname="GDX.Collections.Generic.SparseSetTests" runstate="Runnable" seed="577749751" result="Passed" start-time="2022-08-26 20:20:28Z" end-time="2022-08-26 20:20:28Z" duration="0.000249" asserts="0">
                <properties>
                  <property name="Category" value="GDX.Tests" />
                </properties>
              </test-case>
              <test-case id="1621" name="Expand_MockDataWithVersionArray_Expanded" fullname="GDX.Collections.Generic.SparseSetTests.Expand_MockDataWithVersionArray_Expanded" methodname="Expand_MockDataWithVersionArray_Expanded" classname="GDX.Collections.Generic.SparseSetTests" runstate="Runnable" seed="944945465" result="Passed" start-time="2022-08-26 20:20:28Z" end-time="2022-08-26 20:20:28Z" duration="0.000296" asserts="0">
                <properties>
                  <property name="Category" value="GDX.Tests" />
                </properties>
              </test-case>
              <test-case id="1603" name="GetDenseIndexUnchecked_MockData_CorrectIndex" fullname="GDX.Collections.Generic.SparseSetTests.GetDenseIndexUnchecked_MockData_CorrectIndex" methodname="GetDenseIndexUnchecked_MockData_CorrectIndex" classname="GDX.Collections.Generic.SparseSetTests" runstate="Runnable" seed="1994051764" result="Passed" start-time="2022-08-26 20:20:28Z" end-time="2022-08-26 20:20:28Z" duration="0.000199" asserts="0">
                <properties>
                  <property name="Category" value="GDX.Tests" />
                </properties>
              </test-case>
              <test-case id="1606" name="GetDenseIndexWithBoundsAndVersionCheck_MockData_CorrectIndexAndHandlesInvalidIndex" fullname="GDX.Collections.Generic.SparseSetTests.GetDenseIndexWithBoundsAndVersionCheck_MockData_CorrectIndexAndHandlesInvalidIndex" methodname="GetDenseIndexWithBoundsAndVersionCheck_MockData_CorrectIndexAndHandlesInvalidIndex" classname="GDX.Collections.Generic.SparseSetTests" runstate="Runnable" seed="680688476" result="Passed" start-time="2022-08-26 20:20:28Z" end-time="2022-08-26 20:20:28Z" duration="0.000442" asserts="0">
                <properties>
                  <property name="Category" value="GDX.Tests" />
                </properties>
              </test-case>
              <test-case id="1604" name="GetDenseIndexWithBoundsCheck_MockData_CorrectIndexAndHandlesInvalidIndex" fullname="GDX.Collections.Generic.SparseSetTests.GetDenseIndexWithBoundsCheck_MockData_CorrectIndexAndHandlesInvalidIndex" methodname="GetDenseIndexWithBoundsCheck_MockData_CorrectIndexAndHandlesInvalidIndex" classname="GDX.Collections.Generic.SparseSetTests" runstate="Runnable" seed="298816483" result="Passed" start-time="2022-08-26 20:20:28Z" end-time="2022-08-26 20:20:28Z" duration="0.000283" asserts="0">
                <properties>
                  <property name="Category" value="GDX.Tests" />
                </properties>
              </test-case>
              <test-case id="1605" name="GetDenseIndexWithVersionCheck_MockData_CorrectIndexAndHandlesVersion" fullname="GDX.Collections.Generic.SparseSetTests.GetDenseIndexWithVersionCheck_MockData_CorrectIndexAndHandlesVersion" methodname="GetDenseIndexWithVersionCheck_MockData_CorrectIndexAndHandlesVersion" classname="GDX.Collections.Generic.SparseSetTests" runstate="Runnable" seed="831329913" result="Passed" start-time="2022-08-26 20:20:28Z" end-time="2022-08-26 20:20:28Z" duration="0.000361" asserts="0">
                <properties>
                  <property name="Category" value="GDX.Tests" />
                </properties>
              </test-case>
              <test-case id="1612" name="RemoveUnchecked_MockData_ValidIndexRemoved" fullname="GDX.Collections.Generic.SparseSetTests.RemoveUnchecked_MockData_ValidIndexRemoved" methodname="RemoveUnchecked_MockData_ValidIndexRemoved" classname="GDX.Collections.Generic.SparseSetTests" runstate="Runnable" seed="893361710" result="Passed" start-time="2022-08-26 20:20:28Z" end-time="2022-08-26 20:20:28Z" duration="0.000230" asserts="0">
                <properties>
                  <property name="Category" value="GDX.Tests" />
                </properties>
              </test-case>
              <test-case id="1640" name="RemoveUnchecked_MockDataGeneric0_Removed" fullname="GDX.Collections.Generic.SparseSetTests.RemoveUnchecked_MockDataGeneric0_Removed" methodname="RemoveUnchecked_MockDataGeneric0_Removed" classname="GDX.Collections.Generic.SparseSetTests" runstate="Runnable" seed="2066816425" result="Passed" start-time="2022-08-26 20:20:28Z" end-time="2022-08-26 20:20:28Z" duration="0.000268" asserts="0">
                <properties>
                  <property name="Category" value="GDX.Tests" />
                </properties>
              </test-case>
              <test-case id="1641" name="RemoveUnchecked_MockDataGeneric1_Removed" fullname="GDX.Collections.Generic.SparseSetTests.RemoveUnchecked_MockDataGeneric1_Removed" methodname="RemoveUnchecked_MockDataGeneric1_Removed" classname="GDX.Collections.Generic.SparseSetTests" runstate="Runnable" seed="280794496" result="Passed" start-time="2022-08-26 20:20:28Z" end-time="2022-08-26 20:20:28Z" duration="0.000558" asserts="0">
                <properties>
                  <property name="Category" value="GDX.Tests" />
                </properties>
              </test-case>
              <test-case id="1642" name="RemoveUnchecked_MockDataGeneric2_Removed" fullname="GDX.Collections.Generic.SparseSetTests.RemoveUnchecked_MockDataGeneric2_Removed" methodname="RemoveUnchecked_MockDataGeneric2_Removed" classname="GDX.Collections.Generic.SparseSetTests" runstate="Runnable" seed="1704226881" result="Passed" start-time="2022-08-26 20:20:28Z" end-time="2022-08-26 20:20:28Z" duration="0.000321" asserts="0">
                <properties>
                  <property name="Category" value="GDX.Tests" />
                </properties>
              </test-case>
              <test-case id="1643" name="RemoveUnchecked_MockDataGeneric3_Removed" fullname="GDX.Collections.Generic.SparseSetTests.RemoveUnchecked_MockDataGeneric3_Removed" methodname="RemoveUnchecked_MockDataGeneric3_Removed" classname="GDX.Collections.Generic.SparseSetTests" runstate="Runnable" seed="602073424" result="Passed" start-time="2022-08-26 20:20:28Z" end-time="2022-08-26 20:20:28Z" duration="0.000356" asserts="0">
                <properties>
                  <property name="Category" value="GDX.Tests" />
                </properties>
              </test-case>
              <test-case id="1644" name="RemoveUnchecked_MockDataGeneric4_Removed" fullname="GDX.Collections.Generic.SparseSetTests.RemoveUnchecked_MockDataGeneric4_Removed" methodname="RemoveUnchecked_MockDataGeneric4_Removed" classname="GDX.Collections.Generic.SparseSetTests" runstate="Runnable" seed="1360438076" result="Passed" start-time="2022-08-26 20:20:28Z" end-time="2022-08-26 20:20:28Z" duration="0.000381" asserts="0">
                <properties>
                  <property name="Category" value="GDX.Tests" />
                </properties>
              </test-case>
              <test-case id="1645" name="RemoveUnchecked_MockDataGeneric5_Removed" fullname="GDX.Collections.Generic.SparseSetTests.RemoveUnchecked_MockDataGeneric5_Removed" methodname="RemoveUnchecked_MockDataGeneric5_Removed" classname="GDX.Collections.Generic.SparseSetTests" runstate="Runnable" seed="1288674250" result="Passed" start-time="2022-08-26 20:20:28Z" end-time="2022-08-26 20:20:28Z" duration="0.000409" asserts="0">
                <properties>
                  <property name="Category" value="GDX.Tests" />
                </properties>
              </test-case>
              <test-case id="1646" name="RemoveUnchecked_MockDataGeneric6_Removed" fullname="GDX.Collections.Generic.SparseSetTests.RemoveUnchecked_MockDataGeneric6_Removed" methodname="RemoveUnchecked_MockDataGeneric6_Removed" classname="GDX.Collections.Generic.SparseSetTests" runstate="Runnable" seed="218975297" result="Passed" start-time="2022-08-26 20:20:28Z" end-time="2022-08-26 20:20:28Z" duration="0.000439" asserts="0">
                <properties>
                  <property name="Category" value="GDX.Tests" />
                </properties>
              </test-case>
              <test-case id="1647" name="RemoveUnchecked_MockDataGeneric7_Removed" fullname="GDX.Collections.Generic.SparseSetTests.RemoveUnchecked_MockDataGeneric7_Removed" methodname="RemoveUnchecked_MockDataGeneric7_Removed" classname="GDX.Collections.Generic.SparseSetTests" runstate="Runnable" seed="825102214" result="Passed" start-time="2022-08-26 20:20:28Z" end-time="2022-08-26 20:20:28Z" duration="0.000425" asserts="0">
                <properties>
                  <property name="Category" value="GDX.Tests" />
                </properties>
              </test-case>
              <test-case id="1611" name="RemoveUnchecked_MockDataWithIndices_ValidIndexRemoved" fullname="GDX.Collections.Generic.SparseSetTests.RemoveUnchecked_MockDataWithIndices_ValidIndexRemoved" methodname="RemoveUnchecked_MockDataWithIndices_ValidIndexRemoved" classname="GDX.Collections.Generic.SparseSetTests" runstate="Runnable" seed="1408717728" result="Passed" start-time="2022-08-26 20:20:28Z" end-time="2022-08-26 20:20:28Z" duration="0.000272" asserts="0">
                <properties>
                  <property name="Category" value="GDX.Tests" />
                </properties>
              </test-case>
              <test-case id="1610" name="RemoveUnchecked_MockDataWithIndicesAndVersionArray_ValidIndexRemoved" fullname="GDX.Collections.Generic.SparseSetTests.RemoveUnchecked_MockDataWithIndicesAndVersionArray_ValidIndexRemoved" methodname="RemoveUnchecked_MockDataWithIndicesAndVersionArray_ValidIndexRemoved" classname="GDX.Collections.Generic.SparseSetTests" runstate="Runnable" seed="1384276118" result="Passed" start-time="2022-08-26 20:20:28Z" end-time="2022-08-26 20:20:28Z" duration="0.000196" asserts="0">
                <properties>
                  <property name="Category" value="GDX.Tests" />
                </properties>
              </test-case>
              <test-case id="1613" name="RemoveUncheckedFromDenseIndex_MockData_ValidIndexRemoved" fullname="GDX.Collections.Generic.SparseSetTests.RemoveUncheckedFromDenseIndex_MockData_ValidIndexRemoved" methodname="RemoveUncheckedFromDenseIndex_MockData_ValidIndexRemoved" classname="GDX.Collections.Generic.SparseSetTests" runstate="Runnable" seed="1949159981" result="Passed" start-time="2022-08-26 20:20:28Z" end-time="2022-08-26 20:20:28Z" duration="0.000240" asserts="0">
                <properties>
                  <property name="Category" value="GDX.Tests" />
                </properties>
              </test-case>
              <test-case id="1614" name="RemoveUncheckedFromDenseIndex_MockDataWithSwapIndex_ValidIndexRemoved" fullname="GDX.Collections.Generic.SparseSetTests.RemoveUncheckedFromDenseIndex_MockDataWithSwapIndex_ValidIndexRemoved" methodname="RemoveUncheckedFromDenseIndex_MockDataWithSwapIndex_ValidIndexRemoved" classname="GDX.Collections.Generic.SparseSetTests" runstate="Runnable" seed="1553613762" result="Passed" start-time="2022-08-26 20:20:28Z" end-time="2022-08-26 20:20:28Z" duration="0.000251" asserts="0">
                <properties>
                  <property name="Category" value="GDX.Tests" />
                </properties>
              </test-case>
              <test-case id="1615" name="RemoveUncheckedFromDenseIndex_MockDataWithVersionArray_ValidIndexRemoved" fullname="GDX.Collections.Generic.SparseSetTests.RemoveUncheckedFromDenseIndex_MockDataWithVersionArray_ValidIndexRemoved" methodname="RemoveUncheckedFromDenseIndex_MockDataWithVersionArray_ValidIndexRemoved" classname="GDX.Collections.Generic.SparseSetTests" runstate="Runnable" seed="1984263874" result="Passed" start-time="2022-08-26 20:20:28Z" end-time="2022-08-26 20:20:28Z" duration="0.000271" asserts="0">
                <properties>
                  <property name="Category" value="GDX.Tests" />
                </properties>
              </test-case>
              <test-case id="1616" name="RemoveUncheckedFromDenseIndex_MockDataWithVersionArrayAndSwapIndex_ValidIndexRemoved" fullname="GDX.Collections.Generic.SparseSetTests.RemoveUncheckedFromDenseIndex_MockDataWithVersionArrayAndSwapIndex_ValidIndexRemoved" methodname="RemoveUncheckedFromDenseIndex_MockDataWithVersionArrayAndSwapIndex_ValidIndexRemoved" classname="GDX.Collections.Generic.SparseSetTests" runstate="Runnable" seed="312985579" result="Passed" start-time="2022-08-26 20:20:28Z" end-time="2022-08-26 20:20:28Z" duration="0.000278" asserts="0">
                <properties>
                  <property name="Category" value="GDX.Tests" />
                </properties>
              </test-case>
              <test-case id="1609" name="RemoveWithBoundsAndVersionChecks_MockData_ValidIndexRemovedInvalidIndicesNotRemoved" fullname="GDX.Collections.Generic.SparseSetTests.RemoveWithBoundsAndVersionChecks_MockData_ValidIndexRemovedInvalidIndicesNotRemoved" methodname="RemoveWithBoundsAndVersionChecks_MockData_ValidIndexRemovedInvalidIndicesNotRemoved" classname="GDX.Collections.Generic.SparseSetTests" runstate="Runnable" seed="839806644" result="Passed" start-time="2022-08-26 20:20:28Z" end-time="2022-08-26 20:20:28Z" duration="0.000432" asserts="0">
                <properties>
                  <property name="Category" value="GDX.Tests" />
                </properties>
              </test-case>
              <test-case id="1607" name="RemoveWithBoundsCheck_MockData_ValidIndexRemovedInvalidIndicesNotRemoved" fullname="GDX.Collections.Generic.SparseSetTests.RemoveWithBoundsCheck_MockData_ValidIndexRemovedInvalidIndicesNotRemoved" methodname="RemoveWithBoundsCheck_MockData_ValidIndexRemovedInvalidIndicesNotRemoved" classname="GDX.Collections.Generic.SparseSetTests" runstate="Runnable" seed="963746500" result="Passed" start-time="2022-08-26 20:20:28Z" end-time="2022-08-26 20:20:28Z" duration="0.000368" asserts="0">
                <properties>
                  <property name="Category" value="GDX.Tests" />
                </properties>
              </test-case>
              <test-case id="1608" name="RemoveWithVersionCheck_MockData_ValidIndexRemovedInvalidIndicesNotRemoved" fullname="GDX.Collections.Generic.SparseSetTests.RemoveWithVersionCheck_MockData_ValidIndexRemovedInvalidIndicesNotRemoved" methodname="RemoveWithVersionCheck_MockData_ValidIndexRemovedInvalidIndicesNotRemoved" classname="GDX.Collections.Generic.SparseSetTests" runstate="Runnable" seed="684625605" result="Passed" start-time="2022-08-26 20:20:28Z" end-time="2022-08-26 20:20:28Z" duration="0.000316" asserts="0">
                <properties>
                  <property name="Category" value="GDX.Tests" />
                </properties>
              </test-case>
              <test-case id="1622" name="Reserve_MockData_Expanded" fullname="GDX.Collections.Generic.SparseSetTests.Reserve_MockData_Expanded" methodname="Reserve_MockData_Expanded" classname="GDX.Collections.Generic.SparseSetTests" runstate="Runnable" seed="1007410461" result="Passed" start-time="2022-08-26 20:20:28Z" end-time="2022-08-26 20:20:28Z" duration="0.000362" asserts="0">
                <properties>
                  <property name="Category" value="GDX.Tests" />
                </properties>
              </test-case>
              <test-case id="1623" name="Reserve_MockDataWithVersionArray_Expanded" fullname="GDX.Collections.Generic.SparseSetTests.Reserve_MockDataWithVersionArray_Expanded" methodname="Reserve_MockDataWithVersionArray_Expanded" classname="GDX.Collections.Generic.SparseSetTests" runstate="Runnable" seed="1176431693" result="Passed" start-time="2022-08-26 20:20:28Z" end-time="2022-08-26 20:20:28Z" duration="0.000184" asserts="0">
                <properties>
                  <property name="Category" value="GDX.Tests" />
                </properties>
              </test-case>
            </test-suite>
            <test-suite type="TestFixture" id="1648" name="StringKeyDictionaryTests" fullname="GDX.Collections.Generic.StringKeyDictionaryTests" classname="GDX.Collections.Generic.StringKeyDictionaryTests" runstate="Runnable" testcasecount="27" result="Passed" start-time="2022-08-26 20:20:28Z" end-time="2022-08-26 20:20:28Z" duration="0.018110" total="27" passed="27" failed="0" inconclusive="0" skipped="0" asserts="0">
              <properties />
              <test-case id="1658" name="AddSafe_CheckEntriesMaintainConnection" fullname="GDX.Collections.Generic.StringKeyDictionaryTests.AddSafe_CheckEntriesMaintainConnection" methodname="AddSafe_CheckEntriesMaintainConnection" classname="GDX.Collections.Generic.StringKeyDictionaryTests" runstate="Runnable" seed="1999552331" result="Passed" start-time="2022-08-26 20:20:28Z" end-time="2022-08-26 20:20:28Z" duration="0.001187" asserts="0">
                <properties>
                  <property name="Category" value="GDX.Tests" />
                </properties>
              </test-case>
              <test-case id="1652" name="AddSafe_CheckExists" fullname="GDX.Collections.Generic.StringKeyDictionaryTests.AddSafe_CheckExists" methodname="AddSafe_CheckExists" classname="GDX.Collections.Generic.StringKeyDictionaryTests" runstate="Runnable" seed="1903076952" result="Passed" start-time="2022-08-26 20:20:28Z" end-time="2022-08-26 20:20:28Z" duration="0.000327" asserts="0">
                <properties>
                  <property name="Category" value="GDX.Tests" />
                </properties>
              </test-case>
              <test-case id="1657" name="AddSafe_CheckExpanded" fullname="GDX.Collections.Generic.StringKeyDictionaryTests.AddSafe_CheckExpanded" methodname="AddSafe_CheckExpanded" classname="GDX.Collections.Generic.StringKeyDictionaryTests" runstate="Runnable" seed="1674162054" result="Passed" start-time="2022-08-26 20:20:28Z" end-time="2022-08-26 20:20:28Z" duration="0.000229" asserts="0">
                <properties>
                  <property name="Category" value="GDX.Tests" />
                </properties>
              </test-case>
              <test-case id="1669" name="AddTwoCollidingEntries_CheckAccess" fullname="GDX.Collections.Generic.StringKeyDictionaryTests.AddTwoCollidingEntries_CheckAccess" methodname="AddTwoCollidingEntries_CheckAccess" classname="GDX.Collections.Generic.StringKeyDictionaryTests" runstate="Runnable" seed="279951172" result="Passed" start-time="2022-08-26 20:20:28Z" end-time="2022-08-26 20:20:28Z" duration="0.000426" asserts="0">
                <properties>
                  <property name="Category" value="GDX.Tests" />
                </properties>
              </test-case>
              <test-case id="1670" name="AddTwoCollidingEntries_RemoveFirst_CheckSecondExists" fullname="GDX.Collections.Generic.StringKeyDictionaryTests.AddTwoCollidingEntries_RemoveFirst_CheckSecondExists" methodname="AddTwoCollidingEntries_RemoveFirst_CheckSecondExists" classname="GDX.Collections.Generic.StringKeyDictionaryTests" runstate="Runnable" seed="1045324881" result="Passed" start-time="2022-08-26 20:20:28Z" end-time="2022-08-26 20:20:28Z" duration="0.000461" asserts="0">
                <properties>
                  <property name="Category" value="GDX.Tests" />
                </properties>
              </test-case>
              <test-case id="1671" name="AddTwoCollidingEntries_RemoveSecond_CheckFirstExists" fullname="GDX.Collections.Generic.StringKeyDictionaryTests.AddTwoCollidingEntries_RemoveSecond_CheckFirstExists" methodname="AddTwoCollidingEntries_RemoveSecond_CheckFirstExists" classname="GDX.Collections.Generic.StringKeyDictionaryTests" runstate="Runnable" seed="1255869622" result="Passed" start-time="2022-08-26 20:20:28Z" end-time="2022-08-26 20:20:28Z" duration="0.000207" asserts="0">
                <properties>
                  <property name="Category" value="GDX.Tests" />
                </properties>
              </test-case>
              <test-case id="1662" name="AddUnchecked_CheckExists" fullname="GDX.Collections.Generic.StringKeyDictionaryTests.AddUnchecked_CheckExists" methodname="AddUnchecked_CheckExists" classname="GDX.Collections.Generic.StringKeyDictionaryTests" runstate="Runnable" seed="1100886153" result="Passed" start-time="2022-08-26 20:20:28Z" end-time="2022-08-26 20:20:28Z" duration="0.000164" asserts="0">
                <properties>
                  <property name="Category" value="GDX.Tests" />
                </properties>
              </test-case>
              <test-case id="1656" name="AddWithExpandCheck_CheckEntriesMaintainConnection" fullname="GDX.Collections.Generic.StringKeyDictionaryTests.AddWithExpandCheck_CheckEntriesMaintainConnection" methodname="AddWithExpandCheck_CheckEntriesMaintainConnection" classname="GDX.Collections.Generic.StringKeyDictionaryTests" runstate="Runnable" seed="1808311518" result="Passed" start-time="2022-08-26 20:20:28Z" end-time="2022-08-26 20:20:28Z" duration="0.000420" asserts="0">
                <properties>
                  <property name="Category" value="GDX.Tests" />
                </properties>
              </test-case>
              <test-case id="1654" name="AddWithExpandCheck_CheckExists" fullname="GDX.Collections.Generic.StringKeyDictionaryTests.AddWithExpandCheck_CheckExists" methodname="AddWithExpandCheck_CheckExists" classname="GDX.Collections.Generic.StringKeyDictionaryTests" runstate="Runnable" seed="1929418881" result="Passed" start-time="2022-08-26 20:20:28Z" end-time="2022-08-26 20:20:28Z" duration="0.000170" asserts="0">
                <properties>
                  <property name="Category" value="GDX.Tests" />
                </properties>
              </test-case>
              <test-case id="1655" name="AddWithExpandCheck_CheckExpanded" fullname="GDX.Collections.Generic.StringKeyDictionaryTests.AddWithExpandCheck_CheckExpanded" methodname="AddWithExpandCheck_CheckExpanded" classname="GDX.Collections.Generic.StringKeyDictionaryTests" runstate="Runnable" seed="1171735761" result="Passed" start-time="2022-08-26 20:20:28Z" end-time="2022-08-26 20:20:28Z" duration="0.000223" asserts="0">
                <properties>
                  <property name="Category" value="GDX.Tests" />
                </properties>
              </test-case>
              <test-case id="1660" name="AddWithIndexer_CheckEntriesMaintainConnection" fullname="GDX.Collections.Generic.StringKeyDictionaryTests.AddWithIndexer_CheckEntriesMaintainConnection" methodname="AddWithIndexer_CheckEntriesMaintainConnection" classname="GDX.Collections.Generic.StringKeyDictionaryTests" runstate="Runnable" seed="89048306" result="Passed" start-time="2022-08-26 20:20:28Z" end-time="2022-08-26 20:20:28Z" duration="0.000465" asserts="0">
                <properties>
                  <property name="Category" value="GDX.Tests" />
                </properties>
              </test-case>
              <test-case id="1659" name="AddWithIndexer_CheckExpanded" fullname="GDX.Collections.Generic.StringKeyDictionaryTests.AddWithIndexer_CheckExpanded" methodname="AddWithIndexer_CheckExpanded" classname="GDX.Collections.Generic.StringKeyDictionaryTests" runstate="Runnable" seed="440359161" result="Passed" start-time="2022-08-26 20:20:28Z" end-time="2022-08-26 20:20:28Z" duration="0.000224" asserts="0">
                <properties>
                  <property name="Category" value="GDX.Tests" />
                </properties>
              </test-case>
              <test-case id="1661" name="AddWithUniqueCheck_CheckExists" fullname="GDX.Collections.Generic.StringKeyDictionaryTests.AddWithUniqueCheck_CheckExists" methodname="AddWithUniqueCheck_CheckExists" classname="GDX.Collections.Generic.StringKeyDictionaryTests" runstate="Runnable" seed="2013365694" result="Passed" start-time="2022-08-26 20:20:28Z" end-time="2022-08-26 20:20:28Z" duration="0.000308" asserts="0">
                <properties>
                  <property name="Category" value="GDX.Tests" />
                </properties>
              </test-case>
              <test-case id="1665" name="AddWithUniqueCheckTwice_CheckAddedOnlyOnce" fullname="GDX.Collections.Generic.StringKeyDictionaryTests.AddWithUniqueCheckTwice_CheckAddedOnlyOnce" methodname="AddWithUniqueCheckTwice_CheckAddedOnlyOnce" classname="GDX.Collections.Generic.StringKeyDictionaryTests" runstate="Runnable" seed="1161559222" result="Passed" start-time="2022-08-26 20:20:28Z" end-time="2022-08-26 20:20:28Z" duration="0.000281" asserts="0">
                <properties>
                  <property name="Category" value="GDX.Tests" />
                </properties>
              </test-case>
              <test-case id="1651" name="Constructor_RequestBelowPrimeMinimum_PrimeCapacity" fullname="GDX.Collections.Generic.StringKeyDictionaryTests.Constructor_RequestBelowPrimeMinimum_PrimeCapacity" methodname="Constructor_RequestBelowPrimeMinimum_PrimeCapacity" classname="GDX.Collections.Generic.StringKeyDictionaryTests" runstate="Runnable" seed="914393576" result="Passed" start-time="2022-08-26 20:20:28Z" end-time="2022-08-26 20:20:28Z" duration="0.000269" asserts="0">
                <properties>
                  <property name="Category" value="GDX.Tests" />
                </properties>
              </test-case>
              <test-case id="1650" name="Constructor_RequestPrimeMinimum_PrimeCapacity" fullname="GDX.Collections.Generic.StringKeyDictionaryTests.Constructor_RequestPrimeMinimum_PrimeCapacity" methodname="Constructor_RequestPrimeMinimum_PrimeCapacity" classname="GDX.Collections.Generic.StringKeyDictionaryTests" runstate="Runnable" seed="1454081351" result="Passed" start-time="2022-08-26 20:20:28Z" end-time="2022-08-26 20:20:28Z" duration="0.000263" asserts="0">
                <properties>
                  <property name="Category" value="GDX.Tests" />
                </properties>
              </test-case>
              <test-case id="1649" name="Constructor_RequestZeroMinimum_PrimeCapacity" fullname="GDX.Collections.Generic.StringKeyDictionaryTests.Constructor_RequestZeroMinimum_PrimeCapacity" methodname="Constructor_RequestZeroMinimum_PrimeCapacity" classname="GDX.Collections.Generic.StringKeyDictionaryTests" runstate="Runnable" seed="374153797" result="Passed" start-time="2022-08-26 20:20:28Z" end-time="2022-08-26 20:20:28Z" duration="0.000158" asserts="0">
                <properties>
                  <property name="Category" value="GDX.Tests" />
                </properties>
              </test-case>
              <test-case id="1653" name="IndexerAdd_CheckExists" fullname="GDX.Collections.Generic.StringKeyDictionaryTests.IndexerAdd_CheckExists" methodname="IndexerAdd_CheckExists" classname="GDX.Collections.Generic.StringKeyDictionaryTests" runstate="Runnable" seed="1680572447" result="Passed" start-time="2022-08-26 20:20:28Z" end-time="2022-08-26 20:20:28Z" duration="0.000167" asserts="0">
                <properties>
                  <property name="Category" value="GDX.Tests" />
                </properties>
              </test-case>
              <test-case id="1667" name="IndexOf_CheckCorrectIndex" fullname="GDX.Collections.Generic.StringKeyDictionaryTests.IndexOf_CheckCorrectIndex" methodname="IndexOf_CheckCorrectIndex" classname="GDX.Collections.Generic.StringKeyDictionaryTests" runstate="Runnable" seed="1031373432" result="Passed" start-time="2022-08-26 20:20:28Z" end-time="2022-08-26 20:20:28Z" duration="0.000223" asserts="0">
                <properties>
                  <property name="Category" value="GDX.Tests" />
                </properties>
              </test-case>
              <test-case id="1668" name="IndexOf_CheckEntryDoesNotExist" fullname="GDX.Collections.Generic.StringKeyDictionaryTests.IndexOf_CheckEntryDoesNotExist" methodname="IndexOf_CheckEntryDoesNotExist" classname="GDX.Collections.Generic.StringKeyDictionaryTests" runstate="Runnable" seed="2023804544" result="Passed" start-time="2022-08-26 20:20:28Z" end-time="2022-08-26 20:20:28Z" duration="0.000152" asserts="0">
                <properties>
                  <property name="Category" value="GDX.Tests" />
                </properties>
              </test-case>
              <test-case id="1672" name="MoveNext_FindAllEntries" fullname="GDX.Collections.Generic.StringKeyDictionaryTests.MoveNext_FindAllEntries" methodname="MoveNext_FindAllEntries" classname="GDX.Collections.Generic.StringKeyDictionaryTests" runstate="Runnable" seed="113341200" result="Passed" start-time="2022-08-26 20:20:28Z" end-time="2022-08-26 20:20:28Z" duration="0.000326" asserts="0">
                <properties>
                  <property name="Category" value="GDX.Tests" />
                </properties>
              </test-case>
              <test-case id="1674" name="MoveNextWithVersion_CheckEarlyOutFromInvalidation" fullname="GDX.Collections.Generic.StringKeyDictionaryTests.MoveNextWithVersion_CheckEarlyOutFromInvalidation" methodname="MoveNextWithVersion_CheckEarlyOutFromInvalidation" classname="GDX.Collections.Generic.StringKeyDictionaryTests" runstate="Runnable" seed="288293959" result="Passed" start-time="2022-08-26 20:20:28Z" end-time="2022-08-26 20:20:28Z" duration="0.000371" asserts="0">
                <properties>
                  <property name="Category" value="GDX.Tests" />
                </properties>
              </test-case>
              <test-case id="1673" name="MoveNextWithVersion_FindAllEntries" fullname="GDX.Collections.Generic.StringKeyDictionaryTests.MoveNextWithVersion_FindAllEntries" methodname="MoveNextWithVersion_FindAllEntries" classname="GDX.Collections.Generic.StringKeyDictionaryTests" runstate="Runnable" seed="347960093" result="Passed" start-time="2022-08-26 20:20:28Z" end-time="2022-08-26 20:20:28Z" duration="0.000233" asserts="0">
                <properties>
                  <property name="Category" value="GDX.Tests" />
                </properties>
              </test-case>
              <test-case id="1666" name="Reserve_CheckExpandedCapacity" fullname="GDX.Collections.Generic.StringKeyDictionaryTests.Reserve_CheckExpandedCapacity" methodname="Reserve_CheckExpandedCapacity" classname="GDX.Collections.Generic.StringKeyDictionaryTests" runstate="Runnable" seed="871019437" result="Passed" start-time="2022-08-26 20:20:28Z" end-time="2022-08-26 20:20:28Z" duration="0.000373" asserts="0">
                <properties>
                  <property name="Category" value="GDX.Tests" />
                </properties>
              </test-case>
              <test-case id="1675" name="TryGetValue" fullname="GDX.Collections.Generic.StringKeyDictionaryTests.TryGetValue" methodname="TryGetValue" classname="GDX.Collections.Generic.StringKeyDictionaryTests" runstate="Runnable" seed="99352178" result="Passed" start-time="2022-08-26 20:20:28Z" end-time="2022-08-26 20:20:28Z" duration="0.000582" asserts="0">
                <properties>
                  <property name="Category" value="GDX.Tests" />
                </properties>
              </test-case>
              <test-case id="1663" name="TryRemove_CheckActuallyRemoved" fullname="GDX.Collections.Generic.StringKeyDictionaryTests.TryRemove_CheckActuallyRemoved" methodname="TryRemove_CheckActuallyRemoved" classname="GDX.Collections.Generic.StringKeyDictionaryTests" runstate="Runnable" seed="955283174" result="Passed" start-time="2022-08-26 20:20:28Z" end-time="2022-08-26 20:20:28Z" duration="0.000228" asserts="0">
                <properties>
                  <property name="Category" value="GDX.Tests" />
                </properties>
              </test-case>
              <test-case id="1664" name="TryRemoveTwice_CheckCorrectReturnValues" fullname="GDX.Collections.Generic.StringKeyDictionaryTests.TryRemoveTwice_CheckCorrectReturnValues" methodname="TryRemoveTwice_CheckCorrectReturnValues" classname="GDX.Collections.Generic.StringKeyDictionaryTests" runstate="Runnable" seed="349099390" result="Passed" start-time="2022-08-26 20:20:28Z" end-time="2022-08-26 20:20:28Z" duration="0.000176" asserts="0">
                <properties>
                  <property name="Category" value="GDX.Tests" />
                </properties>
              </test-case>
            </test-suite>
            <test-suite type="TestFixture" id="1676" name="UniformArray3DTests" fullname="GDX.Collections.Generic.UniformArray3DTests" classname="GDX.Collections.Generic.UniformArray3DTests" runstate="Runnable" testcasecount="2" result="Passed" start-time="2022-08-26 20:20:28Z" end-time="2022-08-26 20:20:28Z" duration="0.003133" total="2" passed="2" failed="0" inconclusive="0" skipped="0" asserts="0">
              <properties />
              <test-case id="1677" name="Constructor_CorrectSizes" fullname="GDX.Collections.Generic.UniformArray3DTests.Constructor_CorrectSizes" methodname="Constructor_CorrectSizes" classname="GDX.Collections.Generic.UniformArray3DTests" runstate="Runnable" seed="1379121063" result="Passed" start-time="2022-08-26 20:20:28Z" end-time="2022-08-26 20:20:28Z" duration="0.000331" asserts="0">
                <properties>
                  <property name="Category" value="GDX.Tests" />
                </properties>
              </test-case>
              <test-case id="1678" name="GetByIndex_LastSpot_ValidEntry" fullname="GDX.Collections.Generic.UniformArray3DTests.GetByIndex_LastSpot_ValidEntry" methodname="GetByIndex_LastSpot_ValidEntry" classname="GDX.Collections.Generic.UniformArray3DTests" runstate="Runnable" seed="1246749406" result="Passed" start-time="2022-08-26 20:20:28Z" end-time="2022-08-26 20:20:28Z" duration="0.000226" asserts="0">
                <properties>
                  <property name="Category" value="GDX.Tests" />
                </properties>
              </test-case>
            </test-suite>
            <test-suite type="TestFixture" id="1679" name="UnsafeSparseSetTests" fullname="GDX.Collections.Generic.UnsafeSparseSetTests" classname="GDX.Collections.Generic.UnsafeSparseSetTests" runstate="Runnable" testcasecount="30" result="Passed" start-time="2022-08-26 20:20:28Z" end-time="2022-08-26 20:20:28Z" duration="0.022586" total="30" passed="30" failed="0" inconclusive="0" skipped="0" asserts="0">
              <properties />
              <test-case id="1682" name="AddUnchecked_MockData_IndicesReserved" fullname="GDX.Collections.Generic.UnsafeSparseSetTests.AddUnchecked_MockData_IndicesReserved" methodname="AddUnchecked_MockData_IndicesReserved" classname="GDX.Collections.Generic.UnsafeSparseSetTests" runstate="Runnable" seed="1308761091" result="Passed" start-time="2022-08-26 20:20:28Z" end-time="2022-08-26 20:20:28Z" duration="0.002321" asserts="0">
                <properties>
                  <property name="Category" value="GDX.Tests" />
                </properties>
              </test-case>
              <test-case id="1683" name="AddUnchecked_MockDataWithVersionArray__IndicesReserved" fullname="GDX.Collections.Generic.UnsafeSparseSetTests.AddUnchecked_MockDataWithVersionArray__IndicesReserved" methodname="AddUnchecked_MockDataWithVersionArray__IndicesReserved" classname="GDX.Collections.Generic.UnsafeSparseSetTests" runstate="Runnable" seed="1269229322" result="Passed" start-time="2022-08-26 20:20:28Z" end-time="2022-08-26 20:20:28Z" duration="0.000455" asserts="0">
                <properties>
                  <property name="Category" value="GDX.Tests" />
                </properties>
              </test-case>
              <test-case id="1686" name="AddUnchecked_MockDataWithVersionArray_Expanded" fullname="GDX.Collections.Generic.UnsafeSparseSetTests.AddUnchecked_MockDataWithVersionArray_Expanded" methodname="AddUnchecked_MockDataWithVersionArray_Expanded" classname="GDX.Collections.Generic.UnsafeSparseSetTests" runstate="Runnable" seed="992684306" result="Passed" start-time="2022-08-26 20:20:28Z" end-time="2022-08-26 20:20:28Z" duration="0.000780" asserts="0">
                <properties>
                  <property name="Category" value="GDX.Tests" />
                </properties>
              </test-case>
              <test-case id="1684" name="AddWithExpandCheck_MockData_Expanded" fullname="GDX.Collections.Generic.UnsafeSparseSetTests.AddWithExpandCheck_MockData_Expanded" methodname="AddWithExpandCheck_MockData_Expanded" classname="GDX.Collections.Generic.UnsafeSparseSetTests" runstate="Runnable" seed="1145061254" result="Passed" start-time="2022-08-26 20:20:28Z" end-time="2022-08-26 20:20:28Z" duration="0.000245" asserts="0">
                <properties>
                  <property name="Category" value="GDX.Tests" />
                </properties>
              </test-case>
              <test-case id="1685" name="AddWithExpandCheck_MockDataWithVersionArray_Expanded" fullname="GDX.Collections.Generic.UnsafeSparseSetTests.AddWithExpandCheck_MockDataWithVersionArray_Expanded" methodname="AddWithExpandCheck_MockDataWithVersionArray_Expanded" classname="GDX.Collections.Generic.UnsafeSparseSetTests" runstate="Runnable" seed="2012469676" result="Passed" start-time="2022-08-26 20:20:28Z" end-time="2022-08-26 20:20:28Z" duration="0.000506" asserts="0">
                <properties>
                  <property name="Category" value="GDX.Tests" />
                </properties>
              </test-case>
              <test-case id="1701" name="Clear_MockData_ArraysCleared" fullname="GDX.Collections.Generic.UnsafeSparseSetTests.Clear_MockData_ArraysCleared" methodname="Clear_MockData_ArraysCleared" classname="GDX.Collections.Generic.UnsafeSparseSetTests" runstate="Runnable" seed="2108102366" result="Passed" start-time="2022-08-26 20:20:28Z" end-time="2022-08-26 20:20:28Z" duration="0.000247" asserts="0">
                <properties>
                  <property name="Category" value="GDX.Tests" />
                </properties>
              </test-case>
              <test-case id="1702" name="Clear_MockDataWithVersionArray_ArraysCleared" fullname="GDX.Collections.Generic.UnsafeSparseSetTests.Clear_MockDataWithVersionArray_ArraysCleared" methodname="Clear_MockDataWithVersionArray_ArraysCleared" classname="GDX.Collections.Generic.UnsafeSparseSetTests" runstate="Runnable" seed="1955828106" result="Passed" start-time="2022-08-26 20:20:28Z" end-time="2022-08-26 20:20:28Z" duration="0.000279" asserts="0">
                <properties>
                  <property name="Category" value="GDX.Tests" />
                </properties>
              </test-case>
              <test-case id="1703" name="ClearWithVersionReset_MockData_ArraysClearedAndVersionReset" fullname="GDX.Collections.Generic.UnsafeSparseSetTests.ClearWithVersionReset_MockData_ArraysClearedAndVersionReset" methodname="ClearWithVersionReset_MockData_ArraysClearedAndVersionReset" classname="GDX.Collections.Generic.UnsafeSparseSetTests" runstate="Runnable" seed="1337291235" result="Passed" start-time="2022-08-26 20:20:28Z" end-time="2022-08-26 20:20:28Z" duration="0.000272" asserts="0">
                <properties>
                  <property name="Category" value="GDX.Tests" />
                </properties>
              </test-case>
              <test-case id="1680" name="Constructor_CreateWithCount" fullname="GDX.Collections.Generic.UnsafeSparseSetTests.Constructor_CreateWithCount" methodname="Constructor_CreateWithCount" classname="GDX.Collections.Generic.UnsafeSparseSetTests" runstate="Runnable" seed="2139511548" result="Passed" start-time="2022-08-26 20:20:28Z" end-time="2022-08-26 20:20:28Z" duration="0.000158" asserts="0">
                <properties>
                  <property name="Category" value="GDX.Tests" />
                </properties>
              </test-case>
              <test-case id="1681" name="Constructor_CreateWithCountAndVersionArray" fullname="GDX.Collections.Generic.UnsafeSparseSetTests.Constructor_CreateWithCountAndVersionArray" methodname="Constructor_CreateWithCountAndVersionArray" classname="GDX.Collections.Generic.UnsafeSparseSetTests" runstate="Runnable" seed="1854642385" result="Passed" start-time="2022-08-26 20:20:28Z" end-time="2022-08-26 20:20:28Z" duration="0.000163" asserts="0">
                <properties>
                  <property name="Category" value="GDX.Tests" />
                </properties>
              </test-case>
              <test-case id="1709" name="DenseAndSparseAccess_MockData_ArraysArePlacedCorrectly" fullname="GDX.Collections.Generic.UnsafeSparseSetTests.DenseAndSparseAccess_MockData_ArraysArePlacedCorrectly" methodname="DenseAndSparseAccess_MockData_ArraysArePlacedCorrectly" classname="GDX.Collections.Generic.UnsafeSparseSetTests" runstate="Runnable" seed="111725939" result="Passed" start-time="2022-08-26 20:20:28Z" end-time="2022-08-26 20:20:28Z" duration="0.000164" asserts="0">
                <properties>
                  <property name="Category" value="GDX.Tests" />
                </properties>
              </test-case>
              <test-case id="1708" name="Dispose_MockDataWithVersionArray_Disposed" fullname="GDX.Collections.Generic.UnsafeSparseSetTests.Dispose_MockDataWithVersionArray_Disposed" methodname="Dispose_MockDataWithVersionArray_Disposed" classname="GDX.Collections.Generic.UnsafeSparseSetTests" runstate="Runnable" seed="1994152242" result="Passed" start-time="2022-08-26 20:20:28Z" end-time="2022-08-26 20:20:28Z" duration="0.000301" asserts="0">
                <properties>
                  <property name="Category" value="GDX.Tests" />
                </properties>
              </test-case>
              <test-case id="1704" name="Expand_MockData_Expanded" fullname="GDX.Collections.Generic.UnsafeSparseSetTests.Expand_MockData_Expanded" methodname="Expand_MockData_Expanded" classname="GDX.Collections.Generic.UnsafeSparseSetTests" runstate="Runnable" seed="6606738" result="Passed" start-time="2022-08-26 20:20:28Z" end-time="2022-08-26 20:20:28Z" duration="0.000309" asserts="0">
                <properties>
                  <property name="Category" value="GDX.Tests" />
                </properties>
              </test-case>
              <test-case id="1705" name="Expand_MockDataWithVersionArray_Expanded" fullname="GDX.Collections.Generic.UnsafeSparseSetTests.Expand_MockDataWithVersionArray_Expanded" methodname="Expand_MockDataWithVersionArray_Expanded" classname="GDX.Collections.Generic.UnsafeSparseSetTests" runstate="Runnable" seed="1892197764" result="Passed" start-time="2022-08-26 20:20:28Z" end-time="2022-08-26 20:20:28Z" duration="0.000367" asserts="0">
                <properties>
                  <property name="Category" value="GDX.Tests" />
                </properties>
              </test-case>
              <test-case id="1687" name="GetDenseIndexUnchecked_MockData_CorrectIndex" fullname="GDX.Collections.Generic.UnsafeSparseSetTests.GetDenseIndexUnchecked_MockData_CorrectIndex" methodname="GetDenseIndexUnchecked_MockData_CorrectIndex" classname="GDX.Collections.Generic.UnsafeSparseSetTests" runstate="Runnable" seed="52752939" result="Passed" start-time="2022-08-26 20:20:28Z" end-time="2022-08-26 20:20:28Z" duration="0.000214" asserts="0">
                <properties>
                  <property name="Category" value="GDX.Tests" />
                </properties>
              </test-case>
              <test-case id="1690" name="GetDenseIndexWithBoundsAndVersionCheck_MockData_CorrectIndexAndHandlesInvalidIndex" fullname="GDX.Collections.Generic.UnsafeSparseSetTests.GetDenseIndexWithBoundsAndVersionCheck_MockData_CorrectIndexAndHandlesInvalidIndex" methodname="GetDenseIndexWithBoundsAndVersionCheck_MockData_CorrectIndexAndHandlesInvalidIndex" classname="GDX.Collections.Generic.UnsafeSparseSetTests" runstate="Runnable" seed="1184501535" result="Passed" start-time="2022-08-26 20:20:28Z" end-time="2022-08-26 20:20:28Z" duration="0.000442" asserts="0">
                <properties>
                  <property name="Category" value="GDX.Tests" />
                </properties>
              </test-case>
              <test-case id="1688" name="GetDenseIndexWithBoundsCheck_MockData_CorrectIndexAndHandlesInvalidIndex" fullname="GDX.Collections.Generic.UnsafeSparseSetTests.GetDenseIndexWithBoundsCheck_MockData_CorrectIndexAndHandlesInvalidIndex" methodname="GetDenseIndexWithBoundsCheck_MockData_CorrectIndexAndHandlesInvalidIndex" classname="GDX.Collections.Generic.UnsafeSparseSetTests" runstate="Runnable" seed="2044867921" result="Passed" start-time="2022-08-26 20:20:28Z" end-time="2022-08-26 20:20:28Z" duration="0.000290" asserts="0">
                <properties>
                  <property name="Category" value="GDX.Tests" />
                </properties>
              </test-case>
              <test-case id="1689" name="GetDenseIndexWithVersionCheck_MockData_CorrectIndexAndHandlesVersion" fullname="GDX.Collections.Generic.UnsafeSparseSetTests.GetDenseIndexWithVersionCheck_MockData_CorrectIndexAndHandlesVersion" methodname="GetDenseIndexWithVersionCheck_MockData_CorrectIndexAndHandlesVersion" classname="GDX.Collections.Generic.UnsafeSparseSetTests" runstate="Runnable" seed="529515139" result="Passed" start-time="2022-08-26 20:20:28Z" end-time="2022-08-26 20:20:28Z" duration="0.000621" asserts="0">
                <properties>
                  <property name="Category" value="GDX.Tests" />
                </properties>
              </test-case>
              <test-case id="1696" name="RemoveUnchecked_MockData_ValidIndexRemoved" fullname="GDX.Collections.Generic.UnsafeSparseSetTests.RemoveUnchecked_MockData_ValidIndexRemoved" methodname="RemoveUnchecked_MockData_ValidIndexRemoved" classname="GDX.Collections.Generic.UnsafeSparseSetTests" runstate="Runnable" seed="746674151" result="Passed" start-time="2022-08-26 20:20:28Z" end-time="2022-08-26 20:20:28Z" duration="0.000421" asserts="0">
                <properties>
                  <property name="Category" value="GDX.Tests" />
                </properties>
              </test-case>
              <test-case id="1695" name="RemoveUnchecked_MockDataWithIndices_ValidIndexRemoved" fullname="GDX.Collections.Generic.UnsafeSparseSetTests.RemoveUnchecked_MockDataWithIndices_ValidIndexRemoved" methodname="RemoveUnchecked_MockDataWithIndices_ValidIndexRemoved" classname="GDX.Collections.Generic.UnsafeSparseSetTests" runstate="Runnable" seed="1724223554" result="Passed" start-time="2022-08-26 20:20:28Z" end-time="2022-08-26 20:20:28Z" duration="0.000268" asserts="0">
                <properties>
                  <property name="Category" value="GDX.Tests" />
                </properties>
              </test-case>
              <test-case id="1694" name="RemoveUnchecked_MockDataWithIndicesAndVersionArray_ValidIndexRemoved" fullname="GDX.Collections.Generic.UnsafeSparseSetTests.RemoveUnchecked_MockDataWithIndicesAndVersionArray_ValidIndexRemoved" methodname="RemoveUnchecked_MockDataWithIndicesAndVersionArray_ValidIndexRemoved" classname="GDX.Collections.Generic.UnsafeSparseSetTests" runstate="Runnable" seed="951413946" result="Passed" start-time="2022-08-26 20:20:28Z" end-time="2022-08-26 20:20:28Z" duration="0.000203" asserts="0">
                <properties>
                  <property name="Category" value="GDX.Tests" />
                </properties>
              </test-case>
              <test-case id="1697" name="RemoveUncheckedFromDenseIndex_MockData_ValidIndexRemoved" fullname="GDX.Collections.Generic.UnsafeSparseSetTests.RemoveUncheckedFromDenseIndex_MockData_ValidIndexRemoved" methodname="RemoveUncheckedFromDenseIndex_MockData_ValidIndexRemoved" classname="GDX.Collections.Generic.UnsafeSparseSetTests" runstate="Runnable" seed="196273335" result="Passed" start-time="2022-08-26 20:20:28Z" end-time="2022-08-26 20:20:28Z" duration="0.000249" asserts="0">
                <properties>
                  <property name="Category" value="GDX.Tests" />
                </properties>
              </test-case>
              <test-case id="1698" name="RemoveUncheckedFromDenseIndex_MockDataWithSwapIndex_ValidIndexRemoved" fullname="GDX.Collections.Generic.UnsafeSparseSetTests.RemoveUncheckedFromDenseIndex_MockDataWithSwapIndex_ValidIndexRemoved" methodname="RemoveUncheckedFromDenseIndex_MockDataWithSwapIndex_ValidIndexRemoved" classname="GDX.Collections.Generic.UnsafeSparseSetTests" runstate="Runnable" seed="1417942812" result="Passed" start-time="2022-08-26 20:20:28Z" end-time="2022-08-26 20:20:28Z" duration="0.000259" asserts="0">
                <properties>
                  <property name="Category" value="GDX.Tests" />
                </properties>
              </test-case>
              <test-case id="1699" name="RemoveUncheckedFromDenseIndex_MockDataWithVersionArray_ValidIndexRemoved" fullname="GDX.Collections.Generic.UnsafeSparseSetTests.RemoveUncheckedFromDenseIndex_MockDataWithVersionArray_ValidIndexRemoved" methodname="RemoveUncheckedFromDenseIndex_MockDataWithVersionArray_ValidIndexRemoved" classname="GDX.Collections.Generic.UnsafeSparseSetTests" runstate="Runnable" seed="892612737" result="Passed" start-time="2022-08-26 20:20:28Z" end-time="2022-08-26 20:20:28Z" duration="0.000285" asserts="0">
                <properties>
                  <property name="Category" value="GDX.Tests" />
                </properties>
              </test-case>
              <test-case id="1700" name="RemoveUncheckedFromDenseIndex_MockDataWithVersionArrayAndSwapIndex_ValidIndexRemoved" fullname="GDX.Collections.Generic.UnsafeSparseSetTests.RemoveUncheckedFromDenseIndex_MockDataWithVersionArrayAndSwapIndex_ValidIndexRemoved" methodname="RemoveUncheckedFromDenseIndex_MockDataWithVersionArrayAndSwapIndex_ValidIndexRemoved" classname="GDX.Collections.Generic.UnsafeSparseSetTests" runstate="Runnable" seed="1427481499" result="Passed" start-time="2022-08-26 20:20:28Z" end-time="2022-08-26 20:20:28Z" duration="0.000292" asserts="0">
                <properties>
                  <property name="Category" value="GDX.Tests" />
                </properties>
              </test-case>
              <test-case id="1693" name="RemoveWithBoundsAndVersionChecks_MockData_ValidIndexRemovedInvalidIndicesNotRemoved" fullname="GDX.Collections.Generic.UnsafeSparseSetTests.RemoveWithBoundsAndVersionChecks_MockData_ValidIndexRemovedInvalidIndicesNotRemoved" methodname="RemoveWithBoundsAndVersionChecks_MockData_ValidIndexRemovedInvalidIndicesNotRemoved" classname="GDX.Collections.Generic.UnsafeSparseSetTests" runstate="Runnable" seed="1889174171" result="Passed" start-time="2022-08-26 20:20:28Z" end-time="2022-08-26 20:20:28Z" duration="0.000458" asserts="0">
                <properties>
                  <property name="Category" value="GDX.Tests" />
                </properties>
              </test-case>
              <test-case id="1691" name="RemoveWithBoundsCheck_MockData_ValidIndexRemovedInvalidIndicesNotRemoved" fullname="GDX.Collections.Generic.UnsafeSparseSetTests.RemoveWithBoundsCheck_MockData_ValidIndexRemovedInvalidIndicesNotRemoved" methodname="RemoveWithBoundsCheck_MockData_ValidIndexRemovedInvalidIndicesNotRemoved" classname="GDX.Collections.Generic.UnsafeSparseSetTests" runstate="Runnable" seed="641834412" result="Passed" start-time="2022-08-26 20:20:28Z" end-time="2022-08-26 20:20:28Z" duration="0.000378" asserts="0">
                <properties>
                  <property name="Category" value="GDX.Tests" />
                </properties>
              </test-case>
              <test-case id="1692" name="RemoveWithVersionCheck_MockData_ValidIndexRemovedInvalidIndicesNotRemoved" fullname="GDX.Collections.Generic.UnsafeSparseSetTests.RemoveWithVersionCheck_MockData_ValidIndexRemovedInvalidIndicesNotRemoved" methodname="RemoveWithVersionCheck_MockData_ValidIndexRemovedInvalidIndicesNotRemoved" classname="GDX.Collections.Generic.UnsafeSparseSetTests" runstate="Runnable" seed="1192353158" result="Passed" start-time="2022-08-26 20:20:28Z" end-time="2022-08-26 20:20:28Z" duration="0.000345" asserts="0">
                <properties>
                  <property name="Category" value="GDX.Tests" />
                </properties>
              </test-case>
              <test-case id="1706" name="Reserve_MockData_Expanded" fullname="GDX.Collections.Generic.UnsafeSparseSetTests.Reserve_MockData_Expanded" methodname="Reserve_MockData_Expanded" classname="GDX.Collections.Generic.UnsafeSparseSetTests" runstate="Runnable" seed="476823077" result="Passed" start-time="2022-08-26 20:20:28Z" end-time="2022-08-26 20:20:28Z" duration="0.000336" asserts="0">
                <properties>
                  <property name="Category" value="GDX.Tests" />
                </properties>
              </test-case>
              <test-case id="1707" name="Reserve_MockDataWithVersionArray_Expanded" fullname="GDX.Collections.Generic.UnsafeSparseSetTests.Reserve_MockDataWithVersionArray_Expanded" methodname="Reserve_MockDataWithVersionArray_Expanded" classname="GDX.Collections.Generic.UnsafeSparseSetTests" runstate="Runnable" seed="2077586577" result="Passed" start-time="2022-08-26 20:20:28Z" end-time="2022-08-26 20:20:28Z" duration="0.000396" asserts="0">
                <properties>
                  <property name="Category" value="GDX.Tests" />
                </properties>
              </test-case>
            </test-suite>
          </test-suite>
          <test-suite type="TestSuite" id="1729" name="Pooling" fullname="GDX.Collections.Pooling" runstate="Runnable" testcasecount="14" result="Passed" start-time="2022-08-26 20:20:28Z" end-time="2022-08-26 20:20:28Z" duration="0.026721" total="14" passed="14" failed="0" inconclusive="0" skipped="0" asserts="0">
            <properties />
            <test-suite type="TestFixture" id="1394" name="GameObjectPoolTests" fullname="GDX.Collections.Pooling.GameObjectPoolTests" classname="GDX.Collections.Pooling.GameObjectPoolTests" runstate="Runnable" testcasecount="14" result="Passed" start-time="2022-08-26 20:20:28Z" end-time="2022-08-26 20:20:28Z" duration="0.024584" total="14" passed="14" failed="0" inconclusive="0" skipped="0" asserts="0">
              <properties />
              <test-case id="1397" name="Get_MockData_DontTrigger" fullname="GDX.Collections.Pooling.GameObjectPoolTests.Get_MockData_DontTrigger" methodname="Get_MockData_DontTrigger" classname="GDX.Collections.Pooling.GameObjectPoolTests" runstate="Runnable" seed="1172504426" result="Passed" start-time="2022-08-26 20:20:28Z" end-time="2022-08-26 20:20:28Z" duration="0.007303" asserts="0">
                <properties>
                  <property name="Category" value="GDX.Tests" />
                </properties>
              </test-case>
              <test-case id="1399" name="Get_MockData_LocalPositionLocalRotationParented" fullname="GDX.Collections.Pooling.GameObjectPoolTests.Get_MockData_LocalPositionLocalRotationParented" methodname="Get_MockData_LocalPositionLocalRotationParented" classname="GDX.Collections.Pooling.GameObjectPoolTests" runstate="Runnable" seed="796912955" result="Passed" start-time="2022-08-26 20:20:28Z" end-time="2022-08-26 20:20:28Z" duration="0.002613" asserts="0">
                <properties>
                  <property name="Category" value="GDX.Tests" />
                </properties>
              </test-case>
              <test-case id="1398" name="Get_MockData_LocalPositionWorldLookAtParented" fullname="GDX.Collections.Pooling.GameObjectPoolTests.Get_MockData_LocalPositionWorldLookAtParented" methodname="Get_MockData_LocalPositionWorldLookAtParented" classname="GDX.Collections.Pooling.GameObjectPoolTests" runstate="Runnable" seed="837539505" result="Passed" start-time="2022-08-26 20:20:28Z" end-time="2022-08-26 20:20:28Z" duration="0.000861" asserts="0">
                <properties>
                  <property name="Category" value="GDX.Tests" />
                </properties>
              </test-case>
              <test-case id="1400" name="Get_MockData_ParentedWorldPositionStay" fullname="GDX.Collections.Pooling.GameObjectPoolTests.Get_MockData_ParentedWorldPositionStay" methodname="Get_MockData_ParentedWorldPositionStay" classname="GDX.Collections.Pooling.GameObjectPoolTests" runstate="Runnable" seed="1217962073" result="Passed" start-time="2022-08-26 20:20:28Z" end-time="2022-08-26 20:20:28Z" duration="0.000880" asserts="0">
                <properties>
                  <property name="Category" value="GDX.Tests" />
                </properties>
              </test-case>
              <test-case id="1401" name="Get_MockData_ParentedZeroLocalPosition" fullname="GDX.Collections.Pooling.GameObjectPoolTests.Get_MockData_ParentedZeroLocalPosition" methodname="Get_MockData_ParentedZeroLocalPosition" classname="GDX.Collections.Pooling.GameObjectPoolTests" runstate="Runnable" seed="1052150522" result="Passed" start-time="2022-08-26 20:20:28Z" end-time="2022-08-26 20:20:28Z" duration="0.000586" asserts="0">
                <properties>
                  <property name="Category" value="GDX.Tests" />
                </properties>
              </test-case>
              <test-case id="1402" name="Get_MockData_Trigger" fullname="GDX.Collections.Pooling.GameObjectPoolTests.Get_MockData_Trigger" methodname="Get_MockData_Trigger" classname="GDX.Collections.Pooling.GameObjectPoolTests" runstate="Runnable" seed="1067145351" result="Passed" start-time="2022-08-26 20:20:28Z" end-time="2022-08-26 20:20:28Z" duration="0.000389" asserts="0">
                <properties>
                  <property name="Category" value="GDX.Tests" />
                </properties>
              </test-case>
              <test-case id="1403" name="Get_MockData_WorldPositionWorldLookAt" fullname="GDX.Collections.Pooling.GameObjectPoolTests.Get_MockData_WorldPositionWorldLookAt" methodname="Get_MockData_WorldPositionWorldLookAt" classname="GDX.Collections.Pooling.GameObjectPoolTests" runstate="Runnable" seed="187429882" result="Passed" start-time="2022-08-26 20:20:28Z" end-time="2022-08-26 20:20:28Z" duration="0.000635" asserts="0">
                <properties>
                  <property name="Category" value="GDX.Tests" />
                </properties>
              </test-case>
              <test-case id="1404" name="Get_MockData_WorldPositionWorldLookAtParented" fullname="GDX.Collections.Pooling.GameObjectPoolTests.Get_MockData_WorldPositionWorldLookAtParented" methodname="Get_MockData_WorldPositionWorldLookAtParented" classname="GDX.Collections.Pooling.GameObjectPoolTests" runstate="Runnable" seed="1568748250" result="Passed" start-time="2022-08-26 20:20:28Z" end-time="2022-08-26 20:20:28Z" duration="0.000658" asserts="0">
                <properties>
                  <property name="Category" value="GDX.Tests" />
                </properties>
              </test-case>
              <test-case id="1405" name="Get_MockData_WorldPositionWorldRotation" fullname="GDX.Collections.Pooling.GameObjectPoolTests.Get_MockData_WorldPositionWorldRotation" methodname="Get_MockData_WorldPositionWorldRotation" classname="GDX.Collections.Pooling.GameObjectPoolTests" runstate="Runnable" seed="1891777383" result="Passed" start-time="2022-08-26 20:20:28Z" end-time="2022-08-26 20:20:28Z" duration="0.000910" asserts="0">
                <properties>
                  <property name="Category" value="GDX.Tests" />
                </properties>
              </test-case>
              <test-case id="1406" name="Get_MockData_WorldPositionWorldRotationParented" fullname="GDX.Collections.Pooling.GameObjectPoolTests.Get_MockData_WorldPositionWorldRotationParented" methodname="Get_MockData_WorldPositionWorldRotationParented" classname="GDX.Collections.Pooling.GameObjectPoolTests" runstate="Runnable" seed="518633263" result="Passed" start-time="2022-08-26 20:20:28Z" end-time="2022-08-26 20:20:28Z" duration="0.000801" asserts="0">
                <properties>
                  <property name="Category" value="GDX.Tests" />
                </properties>
              </test-case>
              <test-case id="1407" name="GetOrCreatePool_MockData_ReturnsPool" fullname="GDX.Collections.Pooling.GameObjectPoolTests.GetOrCreatePool_MockData_ReturnsPool" methodname="GetOrCreatePool_MockData_ReturnsPool" classname="GDX.Collections.Pooling.GameObjectPoolTests" runstate="Runnable" seed="963773697" result="Passed" start-time="2022-08-26 20:20:28Z" end-time="2022-08-26 20:20:28Z" duration="0.002371" asserts="0">
                <properties>
                  <property name="Category" value="GDX.Tests" />
                </properties>
              </test-case>
              <test-case id="1395" name="OnDestroyItemAction_MockData_DestroysGameObject" fullname="GDX.Collections.Pooling.GameObjectPoolTests.OnDestroyItemAction_MockData_DestroysGameObject" methodname="OnDestroyItemAction_MockData_DestroysGameObject" classname="GDX.Collections.Pooling.GameObjectPoolTests" runstate="Runnable" seed="1660530104" result="Passed" start-time="2022-08-26 20:20:28Z" end-time="2022-08-26 20:20:28Z" duration="0.000374" asserts="0">
                <properties>
                  <property name="Category" value="GDX.Tests" />
                </properties>
              </test-case>
              <test-case id="1396" name="OnDestroyItemAction_MockData_DestroysInterface" fullname="GDX.Collections.Pooling.GameObjectPoolTests.OnDestroyItemAction_MockData_DestroysInterface" methodname="OnDestroyItemAction_MockData_DestroysInterface" classname="GDX.Collections.Pooling.GameObjectPoolTests" runstate="Runnable" seed="169292132" result="Passed" start-time="2022-08-26 20:20:28Z" end-time="2022-08-26 20:20:28Z" duration="0.000376" asserts="0">
                <properties>
                  <property name="Category" value="GDX.Tests" />
                </properties>
              </test-case>
              <test-case id="1408" name="TearDown_Pool_UnregistersPool" fullname="GDX.Collections.Pooling.GameObjectPoolTests.TearDown_Pool_UnregistersPool" methodname="TearDown_Pool_UnregistersPool" classname="GDX.Collections.Pooling.GameObjectPoolTests" runstate="Runnable" seed="534742933" result="Passed" start-time="2022-08-26 20:20:28Z" end-time="2022-08-26 20:20:28Z" duration="0.000397" asserts="0">
                <properties>
                  <property name="Category" value="GDX.Tests" />
                </properties>
              </test-case>
            </test-suite>
          </test-suite>
        </test-suite>
        <test-suite type="TestFixture" id="1049" name="CoreTests" fullname="GDX.CoreTests" classname="GDX.CoreTests" runstate="Runnable" testcasecount="2" result="Passed" start-time="2022-08-26 20:20:28Z" end-time="2022-08-26 20:20:28Z" duration="0.003347" total="2" passed="2" failed="0" inconclusive="0" skipped="0" asserts="0">
          <properties />
          <test-case id="1050" name="InitializeOnMainThread_AlreadyInitialized_EarlyOut" fullname="GDX.CoreTests.InitializeOnMainThread_AlreadyInitialized_EarlyOut" methodname="InitializeOnMainThread_AlreadyInitialized_EarlyOut" classname="GDX.CoreTests" runstate="Runnable" seed="424245955" result="Passed" start-time="2022-08-26 20:20:28Z" end-time="2022-08-26 20:20:28Z" duration="0.000584" asserts="0">
            <properties>
              <property name="Category" value="GDX.Tests" />
            </properties>
          </test-case>
          <test-case id="1051" name="InitializeOnMainThread_NotAlreadyInitialized_Executes" fullname="GDX.CoreTests.InitializeOnMainThread_NotAlreadyInitialized_Executes" methodname="InitializeOnMainThread_NotAlreadyInitialized_Executes" classname="GDX.CoreTests" runstate="Runnable" seed="854577827" result="Passed" start-time="2022-08-26 20:20:28Z" end-time="2022-08-26 20:20:28Z" duration="0.000303" asserts="0">
            <properties>
              <property name="Category" value="GDX.Tests" />
            </properties>
          </test-case>
        </test-suite>
        <test-suite type="TestSuite" id="1725" name="Developer" fullname="GDX.Developer" runstate="Runnable" testcasecount="48" result="Passed" start-time="2022-08-26 20:20:28Z" end-time="2022-08-26 20:20:28Z" duration="0.378464" total="48" passed="48" failed="0" inconclusive="0" skipped="0" asserts="0">
          <properties />
          <test-suite type="TestFixture" id="1337" name="CommandLineParserTests" fullname="GDX.Developer.CommandLineParserTests" classname="GDX.Developer.CommandLineParserTests" runstate="Runnable" testcasecount="2" result="Passed" start-time="2022-08-26 20:20:28Z" end-time="2022-08-26 20:20:28Z" duration="0.005765" total="2" passed="2" failed="0" inconclusive="0" skipped="0" asserts="0">
            <properties />
            <test-case id="1338" name="ProcessArguments_MockData_ContainsFlag" fullname="GDX.Developer.CommandLineParserTests.ProcessArguments_MockData_ContainsFlag" methodname="ProcessArguments_MockData_ContainsFlag" classname="GDX.Developer.CommandLineParserTests" runstate="Runnable" seed="1050208765" result="Passed" start-time="2022-08-26 20:20:28Z" end-time="2022-08-26 20:20:28Z" duration="0.001189" asserts="0">
              <properties>
                <property name="Category" value="GDX.Tests" />
              </properties>
            </test-case>
            <test-case id="1339" name="ProcessArguments_MockData_HasValue" fullname="GDX.Developer.CommandLineParserTests.ProcessArguments_MockData_HasValue" methodname="ProcessArguments_MockData_HasValue" classname="GDX.Developer.CommandLineParserTests" runstate="Runnable" seed="1441240418" result="Passed" start-time="2022-08-26 20:20:28Z" end-time="2022-08-26 20:20:28Z" duration="0.000393" asserts="0">
              <properties>
                <property name="Category" value="GDX.Tests" />
              </properties>
            </test-case>
          </test-suite>
          <test-suite type="TestFixture" id="1340" name="DebugDrawTests" fullname="GDX.Developer.DebugDrawTests" classname="GDX.Developer.DebugDrawTests" runstate="Runnable" testcasecount="4" result="Passed" start-time="2022-08-26 20:20:28Z" end-time="2022-08-26 20:20:28Z" duration="0.014769" total="4" passed="4" failed="0" inconclusive="0" skipped="0" asserts="0">
            <properties />
            <test-case id="1342" name="GetUnmanagedBuffer_ByID_ReturnsInstance" fullname="GDX.Developer.DebugDrawTests.GetUnmanagedBuffer_ByID_ReturnsInstance" methodname="GetUnmanagedBuffer_ByID_ReturnsInstance" classname="GDX.Developer.DebugDrawTests" runstate="Runnable" seed="2064102663" result="Passed" start-time="2022-08-26 20:20:28Z" end-time="2022-08-26 20:20:28Z" duration="0.011195" asserts="0">
              <properties>
                <property name="Category" value="GDX.Tests" />
              </properties>
            </test-case>
            <test-case id="1341" name="GetUnmanagedBuffer_New_ReturnsInstance" fullname="GDX.Developer.DebugDrawTests.GetUnmanagedBuffer_New_ReturnsInstance" methodname="GetUnmanagedBuffer_New_ReturnsInstance" classname="GDX.Developer.DebugDrawTests" runstate="Runnable" seed="2090712693" result="Passed" start-time="2022-08-26 20:20:28Z" end-time="2022-08-26 20:20:28Z" duration="0.000179" asserts="0">
              <properties>
                <property name="Category" value="GDX.Tests" />
              </properties>
            </test-case>
            <test-case id="1343" name="HasUnmanagedBuffer_ByID_Valid" fullname="GDX.Developer.DebugDrawTests.HasUnmanagedBuffer_ByID_Valid" methodname="HasUnmanagedBuffer_ByID_Valid" classname="GDX.Developer.DebugDrawTests" runstate="Runnable" seed="131390254" result="Passed" start-time="2022-08-26 20:20:28Z" end-time="2022-08-26 20:20:28Z" duration="0.000217" asserts="0">
              <properties>
                <property name="Category" value="GDX.Tests" />
              </properties>
            </test-case>
            <test-case id="1344" name="RemoveUnmanagedBuffer_ByID_RemovesInstance" fullname="GDX.Developer.DebugDrawTests.RemoveUnmanagedBuffer_ByID_RemovesInstance" methodname="RemoveUnmanagedBuffer_ByID_RemovesInstance" classname="GDX.Developer.DebugDrawTests" runstate="Runnable" seed="1605329382" result="Passed" start-time="2022-08-26 20:20:28Z" end-time="2022-08-26 20:20:28Z" duration="0.000141" asserts="0">
              <properties>
                <property name="Category" value="GDX.Tests" />
              </properties>
            </test-case>
          </test-suite>
          <test-suite type="TestSuite" id="1726" name="Reports" fullname="GDX.Developer.Reports" runstate="Runnable" testcasecount="20" result="Passed" start-time="2022-08-26 20:20:28Z" end-time="2022-08-26 20:20:28Z" duration="0.335805" total="20" passed="20" failed="0" inconclusive="0" skipped="0" asserts="0">
            <properties />
            <test-suite type="TestFixture" id="1370" name="NUnitReportTests" fullname="GDX.Developer.Reports.NUnitReportTests" classname="GDX.Developer.Reports.NUnitReportTests" runstate="Runnable" testcasecount="13" result="Passed" start-time="2022-08-26 20:20:28Z" end-time="2022-08-26 20:20:28Z" duration="0.013907" total="13" passed="13" failed="0" inconclusive="0" skipped="0" asserts="0">
              <properties />
              <test-case id="1374" name="AddDuration_FailNoFailNoSuite" fullname="GDX.Developer.Reports.NUnitReportTests.AddDuration_FailNoFailNoSuite" methodname="AddDuration_FailNoFailNoSuite" classname="GDX.Developer.Reports.NUnitReportTests" runstate="Runnable" seed="1179514303" result="Passed" start-time="2022-08-26 20:20:28Z" end-time="2022-08-26 20:20:28Z" duration="0.001282" asserts="0">
                <properties>
                  <property name="Category" value="GDX.Tests" />
                </properties>
              </test-case>
              <test-case id="1375" name="AddDuration_FailWithFailNoSuite" fullname="GDX.Developer.Reports.NUnitReportTests.AddDuration_FailWithFailNoSuite" methodname="AddDuration_FailWithFailNoSuite" classname="GDX.Developer.Reports.NUnitReportTests" runstate="Runnable" seed="705786560" result="Passed" start-time="2022-08-26 20:20:28Z" end-time="2022-08-26 20:20:28Z" duration="0.000243" asserts="0">
                <properties>
                  <property name="Category" value="GDX.Tests" />
                </properties>
              </test-case>
              <test-case id="1372" name="AddDuration_PassNoFailNoSuite" fullname="GDX.Developer.Reports.NUnitReportTests.AddDuration_PassNoFailNoSuite" methodname="AddDuration_PassNoFailNoSuite" classname="GDX.Developer.Reports.NUnitReportTests" runstate="Runnable" seed="576203370" result="Passed" start-time="2022-08-26 20:20:28Z" end-time="2022-08-26 20:20:28Z" duration="0.000211" asserts="0">
                <properties>
                  <property name="Category" value="GDX.Tests" />
                </properties>
              </test-case>
              <test-case id="1373" name="AddDuration_PassNoFailWithSuite" fullname="GDX.Developer.Reports.NUnitReportTests.AddDuration_PassNoFailWithSuite" methodname="AddDuration_PassNoFailWithSuite" classname="GDX.Developer.Reports.NUnitReportTests" runstate="Runnable" seed="1094807310" result="Passed" start-time="2022-08-26 20:20:28Z" end-time="2022-08-26 20:20:28Z" duration="0.000207" asserts="0">
                <properties>
                  <property name="Category" value="GDX.Tests" />
                </properties>
              </test-case>
              <test-case id="1376" name="AddSkippedTest_NoSkipNoSuite" fullname="GDX.Developer.Reports.NUnitReportTests.AddSkippedTest_NoSkipNoSuite" methodname="AddSkippedTest_NoSkipNoSuite" classname="GDX.Developer.Reports.NUnitReportTests" runstate="Runnable" seed="1594413586" result="Passed" start-time="2022-08-26 20:20:28Z" end-time="2022-08-26 20:20:28Z" duration="0.000305" asserts="0">
                <properties>
                  <property name="Category" value="GDX.Tests" />
                </properties>
              </test-case>
              <test-case id="1377" name="AddSkippedTest_SkipNoSuite" fullname="GDX.Developer.Reports.NUnitReportTests.AddSkippedTest_SkipNoSuite" methodname="AddSkippedTest_SkipNoSuite" classname="GDX.Developer.Reports.NUnitReportTests" runstate="Runnable" seed="469741013" result="Passed" start-time="2022-08-26 20:20:28Z" end-time="2022-08-26 20:20:28Z" duration="0.000209" asserts="0">
                <properties>
                  <property name="Category" value="GDX.Tests" />
                </properties>
              </test-case>
              <test-case id="1378" name="AddSkippedTest_SkipSuite" fullname="GDX.Developer.Reports.NUnitReportTests.AddSkippedTest_SkipSuite" methodname="AddSkippedTest_SkipSuite" classname="GDX.Developer.Reports.NUnitReportTests" runstate="Runnable" seed="226756955" result="Passed" start-time="2022-08-26 20:20:28Z" end-time="2022-08-26 20:20:28Z" duration="0.000212" asserts="0">
                <properties>
                  <property name="Category" value="GDX.Tests" />
                </properties>
              </test-case>
              <test-case id="1371" name="Constructor_Create" fullname="GDX.Developer.Reports.NUnitReportTests.Constructor_Create" methodname="Constructor_Create" classname="GDX.Developer.Reports.NUnitReportTests" runstate="Runnable" seed="1631700835" result="Passed" start-time="2022-08-26 20:20:28Z" end-time="2022-08-26 20:20:28Z" duration="0.000273" asserts="0">
                <properties>
                  <property name="Category" value="GDX.Tests" />
                </properties>
              </test-case>
              <test-case id="1380" name="GetResultCount_NoTestSuites" fullname="GDX.Developer.Reports.NUnitReportTests.GetResultCount_NoTestSuites" methodname="GetResultCount_NoTestSuites" classname="GDX.Developer.Reports.NUnitReportTests" runstate="Runnable" seed="605369566" result="Passed" start-time="2022-08-26 20:20:28Z" end-time="2022-08-26 20:20:28Z" duration="0.001502" asserts="0">
                <properties>
                  <property name="Category" value="GDX.Tests" />
                </properties>
              </test-case>
              <test-case id="1381" name="GetResultCount_TestSuite" fullname="GDX.Developer.Reports.NUnitReportTests.GetResultCount_TestSuite" methodname="GetResultCount_TestSuite" classname="GDX.Developer.Reports.NUnitReportTests" runstate="Runnable" seed="172879567" result="Passed" start-time="2022-08-26 20:20:28Z" end-time="2022-08-26 20:20:28Z" duration="0.000185" asserts="0">
                <properties>
                  <property name="Category" value="GDX.Tests" />
                </properties>
              </test-case>
              <test-case id="1379" name="SetForceFail_Fails" fullname="GDX.Developer.Reports.NUnitReportTests.SetForceFail_Fails" methodname="SetForceFail_Fails" classname="GDX.Developer.Reports.NUnitReportTests" runstate="Runnable" seed="1702765860" result="Passed" start-time="2022-08-26 20:20:28Z" end-time="2022-08-26 20:20:28Z" duration="0.000246" asserts="0">
                <properties>
                  <property name="Category" value="GDX.Tests" />
                </properties>
              </test-case>
              <test-case id="1382" name="ToString_Fail_ExpectedOutput" fullname="GDX.Developer.Reports.NUnitReportTests.ToString_Fail_ExpectedOutput" methodname="ToString_Fail_ExpectedOutput" classname="GDX.Developer.Reports.NUnitReportTests" runstate="Runnable" seed="712034014" result="Passed" start-time="2022-08-26 20:20:28Z" end-time="2022-08-26 20:20:28Z" duration="0.002991" asserts="0">
                <properties>
                  <property name="Category" value="GDX.Tests" />
                </properties>
              </test-case>
              <test-case id="1383" name="ToString_Pass_ExpectedOutput" fullname="GDX.Developer.Reports.NUnitReportTests.ToString_Pass_ExpectedOutput" methodname="ToString_Pass_ExpectedOutput" classname="GDX.Developer.Reports.NUnitReportTests" runstate="Runnable" seed="1844943243" result="Passed" start-time="2022-08-26 20:20:28Z" end-time="2022-08-26 20:20:28Z" duration="0.000229" asserts="0">
                <properties>
                  <property name="Category" value="GDX.Tests" />
                </properties>
              </test-case>
            </test-suite>
            <test-suite type="TestSuite" id="1727" name="Resource" fullname="GDX.Developer.Reports.Resource" runstate="Runnable" testcasecount="3" result="Passed" start-time="2022-08-26 20:20:28Z" end-time="2022-08-26 20:20:28Z" duration="0.056321" total="3" passed="3" failed="0" inconclusive="0" skipped="0" asserts="0">
              <properties />
              <test-suite type="TestFixture" id="1390" name="ResourceReportTests" fullname="GDX.Developer.Reports.Resource.ResourceReportTests" classname="GDX.Developer.Reports.Resource.ResourceReportTests" runstate="Runnable" testcasecount="3" result="Passed" start-time="2022-08-26 20:20:28Z" end-time="2022-08-26 20:20:28Z" duration="0.054214" total="3" passed="3" failed="0" inconclusive="0" skipped="0" asserts="0">
                <properties />
                <test-case id="1391" name="CreateDivider_MockData_CorrectLength" fullname="GDX.Developer.Reports.Resource.ResourceReportTests.CreateDivider_MockData_CorrectLength" methodname="CreateDivider_MockData_CorrectLength" classname="GDX.Developer.Reports.Resource.ResourceReportTests" runstate="Runnable" seed="2124581127" result="Passed" start-time="2022-08-26 20:20:28Z" end-time="2022-08-26 20:20:28Z" duration="0.000677" asserts="0">
                  <properties>
                    <property name="Category" value="GDX.Tests" />
                  </properties>
                </test-case>
                <test-case id="1392" name="CreateHeader_MockData_CorrectLength" fullname="GDX.Developer.Reports.Resource.ResourceReportTests.CreateHeader_MockData_CorrectLength" methodname="CreateHeader_MockData_CorrectLength" classname="GDX.Developer.Reports.Resource.ResourceReportTests" runstate="Runnable" seed="1863565397" result="Passed" start-time="2022-08-26 20:20:28Z" end-time="2022-08-26 20:20:28Z" duration="0.000357" asserts="0">
                  <properties>
                    <property name="Category" value="GDX.Tests" />
                  </properties>
                </test-case>
                <test-case id="1393" name="Output_MockData_StringBuilderSameAsStreamWriter" fullname="GDX.Developer.Reports.Resource.ResourceReportTests.Output_MockData_StringBuilderSameAsStreamWriter" methodname="Output_MockData_StringBuilderSameAsStreamWriter" classname="GDX.Developer.Reports.Resource.ResourceReportTests" runstate="Runnable" seed="826640142" result="Passed" start-time="2022-08-26 20:20:28Z" end-time="2022-08-26 20:20:28Z" duration="0.048920" asserts="0">
                  <properties>
                    <property name="Category" value="GDX.Tests" />
                  </properties>
                </test-case>
              </test-suite>
            </test-suite>
            <test-suite type="TestFixture" id="1384" name="ResourcesAuditReportTests" fullname="GDX.Developer.Reports.ResourcesAuditReportTests" classname="GDX.Developer.Reports.ResourcesAuditReportTests" runstate="Runnable" testcasecount="3" result="Passed" start-time="2022-08-26 20:20:28Z" end-time="2022-08-26 20:20:28Z" duration="0.130820" total="3" passed="3" failed="0" inconclusive="0" skipped="0" asserts="0">
              <properties />
              <test-case id="1385" name="Get_MockData_ReturnsObject" fullname="GDX.Developer.Reports.ResourcesAuditReportTests.Get_MockData_ReturnsObject" methodname="Get_MockData_ReturnsObject" classname="GDX.Developer.Reports.ResourcesAuditReportTests" runstate="Runnable" seed="379213001" result="Passed" start-time="2022-08-26 20:20:28Z" end-time="2022-08-26 20:20:28Z" duration="0.003297" asserts="0">
                <properties>
                  <property name="Category" value="GDX.Tests" />
                </properties>
              </test-case>
              <test-case id="1387" name="Output_GetAll_ReturnsReport" fullname="GDX.Developer.Reports.ResourcesAuditReportTests.Output_GetAll_ReturnsReport" methodname="Output_GetAll_ReturnsReport" classname="GDX.Developer.Reports.ResourcesAuditReportTests" runstate="Runnable" seed="132215931" result="Passed" start-time="2022-08-26 20:20:28Z" end-time="2022-08-26 20:20:28Z" duration="0.102329" asserts="0">
                <properties>
                  <property name="Category" value="GDX.Tests" />
                </properties>
              </test-case>
              <test-case id="1386" name="Output_GetCommon_ReturnsReport" fullname="GDX.Developer.Reports.ResourcesAuditReportTests.Output_GetCommon_ReturnsReport" methodname="Output_GetCommon_ReturnsReport" classname="GDX.Developer.Reports.ResourcesAuditReportTests" runstate="Runnable" seed="563511615" result="Passed" start-time="2022-08-26 20:20:28Z" end-time="2022-08-26 20:20:28Z" duration="0.021666" asserts="0">
                <properties>
                  <property name="Category" value="GDX.Tests" />
                </properties>
              </test-case>
            </test-suite>
            <test-suite type="TestFixture" id="1388" name="ResourcesDiffReportTests" fullname="GDX.Developer.Reports.ResourcesDiffReportTests" classname="GDX.Developer.Reports.ResourcesDiffReportTests" runstate="Runnable" testcasecount="1" result="Passed" start-time="2022-08-26 20:20:28Z" end-time="2022-08-26 20:20:28Z" duration="0.132032" total="1" passed="1" failed="0" inconclusive="0" skipped="0" asserts="0">
              <properties />
              <test-case id="1389" name="Output_GetCommonAndAll_ReturnsReport" fullname="GDX.Developer.Reports.ResourcesDiffReportTests.Output_GetCommonAndAll_ReturnsReport" methodname="Output_GetCommonAndAll_ReturnsReport" classname="GDX.Developer.Reports.ResourcesDiffReportTests" runstate="Runnable" seed="1470366385" result="Passed" start-time="2022-08-26 20:20:28Z" end-time="2022-08-26 20:20:28Z" duration="0.128938" asserts="0">
                <properties>
                  <property name="Category" value="GDX.Tests" />
                </properties>
              </test-case>
            </test-suite>
          </test-suite>
          <test-suite type="TestFixture" id="1345" name="SemanticVersionTests" fullname="GDX.Developer.SemanticVersionTests" classname="GDX.Developer.SemanticVersionTests" runstate="Runnable" testcasecount="15" result="Passed" start-time="2022-08-26 20:20:28Z" end-time="2022-08-26 20:20:28Z" duration="0.011013" total="15" passed="15" failed="0" inconclusive="0" skipped="0" asserts="0">
            <properties />
            <test-case id="1353" name="Equality_MockData_Matches" fullname="GDX.Developer.SemanticVersionTests.Equality_MockData_Matches" methodname="Equality_MockData_Matches" classname="GDX.Developer.SemanticVersionTests" runstate="Runnable" seed="1444204350" result="Passed" start-time="2022-08-26 20:20:28Z" end-time="2022-08-26 20:20:28Z" duration="0.000777" asserts="0">
              <properties>
                <property name="Category" value="GDX.Tests" />
              </properties>
            </test-case>
            <test-case id="1354" name="Equals_MockData_Matches" fullname="GDX.Developer.SemanticVersionTests.Equals_MockData_Matches" methodname="Equals_MockData_Matches" classname="GDX.Developer.SemanticVersionTests" runstate="Runnable" seed="981273720" result="Passed" start-time="2022-08-26 20:20:28Z" end-time="2022-08-26 20:20:28Z" duration="0.000314" asserts="0">
              <properties>
                <property name="Category" value="GDX.Tests" />
              </properties>
            </test-case>
            <test-case id="1355" name="GetHashCode_MockData_Valid" fullname="GDX.Developer.SemanticVersionTests.GetHashCode_MockData_Valid" methodname="GetHashCode_MockData_Valid" classname="GDX.Developer.SemanticVersionTests" runstate="Runnable" seed="1369694987" result="Passed" start-time="2022-08-26 20:20:28Z" end-time="2022-08-26 20:20:28Z" duration="0.000203" asserts="0">
              <properties>
                <property name="Category" value="GDX.Tests" />
              </properties>
            </test-case>
            <test-case id="1357" name="GreaterThan_MockData_Evaluate" fullname="GDX.Developer.SemanticVersionTests.GreaterThan_MockData_Evaluate" methodname="GreaterThan_MockData_Evaluate" classname="GDX.Developer.SemanticVersionTests" runstate="Runnable" seed="36378437" result="Passed" start-time="2022-08-26 20:20:28Z" end-time="2022-08-26 20:20:28Z" duration="0.000462" asserts="0">
              <properties>
                <property name="Category" value="GDX.Tests" />
              </properties>
            </test-case>
            <test-case id="1356" name="GreaterThanOrEqualTo_MockData_Evaluate" fullname="GDX.Developer.SemanticVersionTests.GreaterThanOrEqualTo_MockData_Evaluate" methodname="GreaterThanOrEqualTo_MockData_Evaluate" classname="GDX.Developer.SemanticVersionTests" runstate="Runnable" seed="959133902" result="Passed" start-time="2022-08-26 20:20:28Z" end-time="2022-08-26 20:20:28Z" duration="0.000443" asserts="0">
              <properties>
                <property name="Category" value="GDX.Tests" />
              </properties>
            </test-case>
            <test-case id="1358" name="Inequality_MockData_DoesNotMatch" fullname="GDX.Developer.SemanticVersionTests.Inequality_MockData_DoesNotMatch" methodname="Inequality_MockData_DoesNotMatch" classname="GDX.Developer.SemanticVersionTests" runstate="Runnable" seed="9748172" result="Passed" start-time="2022-08-26 20:20:28Z" end-time="2022-08-26 20:20:28Z" duration="0.000215" asserts="0">
              <properties>
                <property name="Category" value="GDX.Tests" />
              </properties>
            </test-case>
            <test-case id="1360" name="LessThan_MockData_Evaluate" fullname="GDX.Developer.SemanticVersionTests.LessThan_MockData_Evaluate" methodname="LessThan_MockData_Evaluate" classname="GDX.Developer.SemanticVersionTests" runstate="Runnable" seed="1822944020" result="Passed" start-time="2022-08-26 20:20:28Z" end-time="2022-08-26 20:20:28Z" duration="0.000352" asserts="0">
              <properties>
                <property name="Category" value="GDX.Tests" />
              </properties>
            </test-case>
            <test-case id="1359" name="LessThanOrEqualTo_MockData_Evaluate" fullname="GDX.Developer.SemanticVersionTests.LessThanOrEqualTo_MockData_Evaluate" methodname="LessThanOrEqualTo_MockData_Evaluate" classname="GDX.Developer.SemanticVersionTests" runstate="Runnable" seed="1754844498" result="Passed" start-time="2022-08-26 20:20:28Z" end-time="2022-08-26 20:20:28Z" duration="0.000387" asserts="0">
              <properties>
                <property name="Category" value="GDX.Tests" />
              </properties>
            </test-case>
            <test-case id="1347" name="SemanticVersion_FromString_FourPartsParse" fullname="GDX.Developer.SemanticVersionTests.SemanticVersion_FromString_FourPartsParse" methodname="SemanticVersion_FromString_FourPartsParse" classname="GDX.Developer.SemanticVersionTests" runstate="Runnable" seed="267693655" result="Passed" start-time="2022-08-26 20:20:28Z" end-time="2022-08-26 20:20:28Z" duration="0.000155" asserts="0">
              <properties>
                <property name="Category" value="GDX.Tests" />
              </properties>
            </test-case>
            <test-case id="1350" name="SemanticVersion_FromString_OnePartParse" fullname="GDX.Developer.SemanticVersionTests.SemanticVersion_FromString_OnePartParse" methodname="SemanticVersion_FromString_OnePartParse" classname="GDX.Developer.SemanticVersionTests" runstate="Runnable" seed="2068602828" result="Passed" start-time="2022-08-26 20:20:28Z" end-time="2022-08-26 20:20:28Z" duration="0.000183" asserts="0">
              <properties>
                <property name="Category" value="GDX.Tests" />
              </properties>
            </test-case>
            <test-case id="1348" name="SemanticVersion_FromString_ThreePartsParse" fullname="GDX.Developer.SemanticVersionTests.SemanticVersion_FromString_ThreePartsParse" methodname="SemanticVersion_FromString_ThreePartsParse" classname="GDX.Developer.SemanticVersionTests" runstate="Runnable" seed="495488682" result="Passed" start-time="2022-08-26 20:20:28Z" end-time="2022-08-26 20:20:28Z" duration="0.000147" asserts="0">
              <properties>
                <property name="Category" value="GDX.Tests" />
              </properties>
            </test-case>
            <test-case id="1352" name="SemanticVersion_FromString_TooManyParts" fullname="GDX.Developer.SemanticVersionTests.SemanticVersion_FromString_TooManyParts" methodname="SemanticVersion_FromString_TooManyParts" classname="GDX.Developer.SemanticVersionTests" runstate="Runnable" seed="1700105654" result="Passed" start-time="2022-08-26 20:20:28Z" end-time="2022-08-26 20:20:28Z" duration="0.000165" asserts="0">
              <properties>
                <property name="Category" value="GDX.Tests" />
              </properties>
            </test-case>
            <test-case id="1349" name="SemanticVersion_FromString_TwoPartsParse" fullname="GDX.Developer.SemanticVersionTests.SemanticVersion_FromString_TwoPartsParse" methodname="SemanticVersion_FromString_TwoPartsParse" classname="GDX.Developer.SemanticVersionTests" runstate="Runnable" seed="591458660" result="Passed" start-time="2022-08-26 20:20:28Z" end-time="2022-08-26 20:20:28Z" duration="0.000146" asserts="0">
              <properties>
                <property name="Category" value="GDX.Tests" />
              </properties>
            </test-case>
            <test-case id="1346" name="SemanticVersion_NoVersion_Origin" fullname="GDX.Developer.SemanticVersionTests.SemanticVersion_NoVersion_Origin" methodname="SemanticVersion_NoVersion_Origin" classname="GDX.Developer.SemanticVersionTests" runstate="Runnable" seed="802407780" result="Passed" start-time="2022-08-26 20:20:28Z" end-time="2022-08-26 20:20:28Z" duration="0.000135" asserts="0">
              <properties>
                <property name="Category" value="GDX.Tests" />
              </properties>
            </test-case>
            <test-case id="1351" name="SemanticVersion_UnityVersion_ThreePartsParse" fullname="GDX.Developer.SemanticVersionTests.SemanticVersion_UnityVersion_ThreePartsParse" methodname="SemanticVersion_UnityVersion_ThreePartsParse" classname="GDX.Developer.SemanticVersionTests" runstate="Runnable" seed="1324514598" result="Passed" start-time="2022-08-26 20:20:28Z" end-time="2022-08-26 20:20:28Z" duration="0.000147" asserts="0">
              <properties>
                <property name="Category" value="GDX.Tests" />
              </properties>
            </test-case>
          </test-suite>
          <test-suite type="TestFixture" id="1361" name="TextGeneratorTests" fullname="GDX.Developer.TextGeneratorTests" classname="GDX.Developer.TextGeneratorTests" runstate="Runnable" testcasecount="1" result="Passed" start-time="2022-08-26 20:20:28Z" end-time="2022-08-26 20:20:28Z" duration="0.002811" total="1" passed="1" failed="0" inconclusive="0" skipped="0" asserts="0">
            <properties />
            <test-case id="1362" name="AppendLineRange_MockData_AddsContent" fullname="GDX.Developer.TextGeneratorTests.AppendLineRange_MockData_AddsContent" methodname="AppendLineRange_MockData_AddsContent" classname="GDX.Developer.TextGeneratorTests" runstate="Runnable" seed="1535915508" result="Passed" start-time="2022-08-26 20:20:28Z" end-time="2022-08-26 20:20:28Z" duration="0.000420" asserts="0">
              <properties>
                <property name="Category" value="GDX.Tests" />
              </properties>
            </test-case>
          </test-suite>
          <test-suite type="TestFixture" id="1363" name="TransientReferenceTests" fullname="GDX.Developer.TransientReferenceTests" classname="GDX.Developer.TransientReferenceTests" runstate="Runnable" testcasecount="6" result="Passed" start-time="2022-08-26 20:20:28Z" end-time="2022-08-26 20:20:28Z" duration="0.004865" total="6" passed="6" failed="0" inconclusive="0" skipped="0" asserts="0">
            <properties />
            <test-case id="1367" name="CompareTo_BadTransientReference_ReturnsZero" fullname="GDX.Developer.TransientReferenceTests.CompareTo_BadTransientReference_ReturnsZero" methodname="CompareTo_BadTransientReference_ReturnsZero" classname="GDX.Developer.TransientReferenceTests" runstate="Runnable" seed="1523020553" result="Passed" start-time="2022-08-26 20:20:28Z" end-time="2022-08-26 20:20:28Z" duration="0.000505" asserts="0">
              <properties>
                <property name="Category" value="GDX.Tests" />
              </properties>
            </test-case>
            <test-case id="1366" name="CompareTo_DuplicateTransientReference_ReturnsOne" fullname="GDX.Developer.TransientReferenceTests.CompareTo_DuplicateTransientReference_ReturnsOne" methodname="CompareTo_DuplicateTransientReference_ReturnsOne" classname="GDX.Developer.TransientReferenceTests" runstate="Runnable" seed="2077698594" result="Passed" start-time="2022-08-26 20:20:28Z" end-time="2022-08-26 20:20:28Z" duration="0.000189" asserts="0">
              <properties>
                <property name="Category" value="GDX.Tests" />
              </properties>
            </test-case>
            <test-case id="1368" name="CompareTo_OriginalObject_ReturnsOne" fullname="GDX.Developer.TransientReferenceTests.CompareTo_OriginalObject_ReturnsOne" methodname="CompareTo_OriginalObject_ReturnsOne" classname="GDX.Developer.TransientReferenceTests" runstate="Runnable" seed="217884116" result="Passed" start-time="2022-08-26 20:20:28Z" end-time="2022-08-26 20:20:28Z" duration="0.000206" asserts="0">
              <properties>
                <property name="Category" value="GDX.Tests" />
              </properties>
            </test-case>
            <test-case id="1369" name="CompareTo_WeakReference_ReturnsOne" fullname="GDX.Developer.TransientReferenceTests.CompareTo_WeakReference_ReturnsOne" methodname="CompareTo_WeakReference_ReturnsOne" classname="GDX.Developer.TransientReferenceTests" runstate="Runnable" seed="815995756" result="Passed" start-time="2022-08-26 20:20:28Z" end-time="2022-08-26 20:20:28Z" duration="0.000256" asserts="0">
              <properties>
                <property name="Category" value="GDX.Tests" />
              </properties>
            </test-case>
            <test-case id="1364" name="TransientReference_ObjectBased_CreatedReference" fullname="GDX.Developer.TransientReferenceTests.TransientReference_ObjectBased_CreatedReference" methodname="TransientReference_ObjectBased_CreatedReference" classname="GDX.Developer.TransientReferenceTests" runstate="Runnable" seed="1141057703" result="Passed" start-time="2022-08-26 20:20:28Z" end-time="2022-08-26 20:20:28Z" duration="0.000143" asserts="0">
              <properties>
                <property name="Category" value="GDX.Tests" />
              </properties>
            </test-case>
            <test-case id="1365" name="TransientReference_ObjectBasedResurrection_CreatedReference" fullname="GDX.Developer.TransientReferenceTests.TransientReference_ObjectBasedResurrection_CreatedReference" methodname="TransientReference_ObjectBasedResurrection_CreatedReference" classname="GDX.Developer.TransientReferenceTests" runstate="Runnable" seed="1037102068" result="Passed" start-time="2022-08-26 20:20:28Z" end-time="2022-08-26 20:20:28Z" duration="0.000136" asserts="0">
              <properties>
                <property name="Category" value="GDX.Tests" />
              </properties>
            </test-case>
          </test-suite>
        </test-suite>
        <test-suite type="TestSuite" id="1723" name="Jobs" fullname="GDX.Jobs" runstate="Runnable" testcasecount="2" result="Passed" start-time="2022-08-26 20:20:28Z" end-time="2022-08-26 20:20:28Z" duration="0.014047" total="2" passed="2" failed="0" inconclusive="0" skipped="0" asserts="0">
          <properties />
          <test-suite type="TestSuite" id="1724" name="ParallelFor" fullname="GDX.Jobs.ParallelFor" runstate="Runnable" testcasecount="2" result="Passed" start-time="2022-08-26 20:20:28Z" end-time="2022-08-26 20:20:28Z" duration="0.012436" total="2" passed="2" failed="0" inconclusive="0" skipped="0" asserts="0">
            <properties />
            <test-suite type="TestFixture" id="1334" name="Color32CompareJobTests" fullname="GDX.Jobs.ParallelFor.Color32CompareJobTests" classname="GDX.Jobs.ParallelFor.Color32CompareJobTests" runstate="Runnable" testcasecount="2" result="Passed" start-time="2022-08-26 20:20:28Z" end-time="2022-08-26 20:20:28Z" duration="0.009011" total="2" passed="2" failed="0" inconclusive="0" skipped="0" asserts="0">
              <properties />
              <test-case id="1336" name="Compare_WhiteBlack_Different" fullname="GDX.Jobs.ParallelFor.Color32CompareJobTests.Compare_WhiteBlack_Different" methodname="Compare_WhiteBlack_Different" classname="GDX.Jobs.ParallelFor.Color32CompareJobTests" runstate="Runnable" seed="1537592933" result="Passed" start-time="2022-08-26 20:20:28Z" end-time="2022-08-26 20:20:28Z" duration="0.004291" asserts="0">
                <properties>
                  <property name="Category" value="GDX.Tests" />
                </properties>
              </test-case>
              <test-case id="1335" name="Compare_WhiteTexture_Same" fullname="GDX.Jobs.ParallelFor.Color32CompareJobTests.Compare_WhiteTexture_Same" methodname="Compare_WhiteTexture_Same" classname="GDX.Jobs.ParallelFor.Color32CompareJobTests" runstate="Runnable" seed="1128882209" result="Passed" start-time="2022-08-26 20:20:28Z" end-time="2022-08-26 20:20:28Z" duration="0.000407" asserts="0">
                <properties>
                  <property name="Category" value="GDX.Tests" />
                </properties>
              </test-case>
            </test-suite>
          </test-suite>
        </test-suite>
        <test-suite type="TestFixture" id="1052" name="ListExtensionsTests" fullname="GDX.ListExtensionsTests" classname="GDX.ListExtensionsTests" runstate="Runnable" testcasecount="11" result="Passed" start-time="2022-08-26 20:20:28Z" end-time="2022-08-26 20:20:28Z" duration="0.008206" total="11" passed="11" failed="0" inconclusive="0" skipped="0" asserts="0">
          <properties />
          <test-case id="1054" name="AddUniqueItem_NonUniqueItem_ReturnsFalse" fullname="GDX.ListExtensionsTests.AddUniqueItem_NonUniqueItem_ReturnsFalse" methodname="AddUniqueItem_NonUniqueItem_ReturnsFalse" classname="GDX.ListExtensionsTests" runstate="Runnable" seed="1435326632" result="Passed" start-time="2022-08-26 20:20:28Z" end-time="2022-08-26 20:20:28Z" duration="0.000596" asserts="0">
            <properties>
              <property name="Category" value="GDX.Tests" />
            </properties>
          </test-case>
          <test-case id="1053" name="AddUniqueItem_UniqueItem_ReturnsTrue" fullname="GDX.ListExtensionsTests.AddUniqueItem_UniqueItem_ReturnsTrue" methodname="AddUniqueItem_UniqueItem_ReturnsTrue" classname="GDX.ListExtensionsTests" runstate="Runnable" seed="215129363" result="Passed" start-time="2022-08-26 20:20:28Z" end-time="2022-08-26 20:20:28Z" duration="0.000208" asserts="0">
            <properties>
              <property name="Category" value="GDX.Tests" />
            </properties>
          </test-case>
          <test-case id="1055" name="ContainsItem_MockData_FindsItem" fullname="GDX.ListExtensionsTests.ContainsItem_MockData_FindsItem" methodname="ContainsItem_MockData_FindsItem" classname="GDX.ListExtensionsTests" runstate="Runnable" seed="281761974" result="Passed" start-time="2022-08-26 20:20:28Z" end-time="2022-08-26 20:20:28Z" duration="0.000183" asserts="0">
            <properties>
              <property name="Category" value="GDX.Tests" />
            </properties>
          </test-case>
          <test-case id="1056" name="ContainsItem_StringArray_FindsItem" fullname="GDX.ListExtensionsTests.ContainsItem_StringArray_FindsItem" methodname="ContainsItem_StringArray_FindsItem" classname="GDX.ListExtensionsTests" runstate="Runnable" seed="983867242" result="Passed" start-time="2022-08-26 20:20:28Z" end-time="2022-08-26 20:20:28Z" duration="0.000307" asserts="0">
            <properties>
              <property name="Category" value="GDX.Tests" />
            </properties>
          </test-case>
          <test-case id="1058" name="RemoveFirstItem_BadMockData_ReturnsFalse" fullname="GDX.ListExtensionsTests.RemoveFirstItem_BadMockData_ReturnsFalse" methodname="RemoveFirstItem_BadMockData_ReturnsFalse" classname="GDX.ListExtensionsTests" runstate="Runnable" seed="20540855" result="Passed" start-time="2022-08-26 20:20:28Z" end-time="2022-08-26 20:20:28Z" duration="0.000304" asserts="0">
            <properties>
              <property name="Category" value="GDX.Tests" />
            </properties>
          </test-case>
          <test-case id="1057" name="RemoveFirstItem_MockData_RemovedItem" fullname="GDX.ListExtensionsTests.RemoveFirstItem_MockData_RemovedItem" methodname="RemoveFirstItem_MockData_RemovedItem" classname="GDX.ListExtensionsTests" runstate="Runnable" seed="132389625" result="Passed" start-time="2022-08-26 20:20:28Z" end-time="2022-08-26 20:20:28Z" duration="0.000269" asserts="0">
            <properties>
              <property name="Category" value="GDX.Tests" />
            </properties>
          </test-case>
          <test-case id="1062" name="RemoveItems_MockData_RemovedItems" fullname="GDX.ListExtensionsTests.RemoveItems_MockData_RemovedItems" methodname="RemoveItems_MockData_RemovedItems" classname="GDX.ListExtensionsTests" runstate="Runnable" seed="115147810" result="Passed" start-time="2022-08-26 20:20:28Z" end-time="2022-08-26 20:20:28Z" duration="0.000312" asserts="0">
            <properties>
              <property name="Category" value="GDX.Tests" />
            </properties>
          </test-case>
          <test-case id="1059" name="RemoveItemSwap_MockData_RemovedItem" fullname="GDX.ListExtensionsTests.RemoveItemSwap_MockData_RemovedItem" methodname="RemoveItemSwap_MockData_RemovedItem" classname="GDX.ListExtensionsTests" runstate="Runnable" seed="698223428" result="Passed" start-time="2022-08-26 20:20:28Z" end-time="2022-08-26 20:20:28Z" duration="0.000388" asserts="0">
            <properties>
              <property name="Category" value="GDX.Tests" />
            </properties>
          </test-case>
          <test-case id="1061" name="RemoveLastItem_BadMockData_ReturnsFalse" fullname="GDX.ListExtensionsTests.RemoveLastItem_BadMockData_ReturnsFalse" methodname="RemoveLastItem_BadMockData_ReturnsFalse" classname="GDX.ListExtensionsTests" runstate="Runnable" seed="1443561565" result="Passed" start-time="2022-08-26 20:20:28Z" end-time="2022-08-26 20:20:28Z" duration="0.000295" asserts="0">
            <properties>
              <property name="Category" value="GDX.Tests" />
            </properties>
          </test-case>
          <test-case id="1060" name="RemoveLastItem_MockData_RemovedItems" fullname="GDX.ListExtensionsTests.RemoveLastItem_MockData_RemovedItems" methodname="RemoveLastItem_MockData_RemovedItems" classname="GDX.ListExtensionsTests" runstate="Runnable" seed="1072188542" result="Passed" start-time="2022-08-26 20:20:28Z" end-time="2022-08-26 20:20:28Z" duration="0.000208" asserts="0">
            <properties>
              <property name="Category" value="GDX.Tests" />
            </properties>
          </test-case>
          <test-case id="1063" name="Shuffle_MockData_HasDifferences" fullname="GDX.ListExtensionsTests.Shuffle_MockData_HasDifferences" methodname="Shuffle_MockData_HasDifferences" classname="GDX.ListExtensionsTests" runstate="Runnable" seed="566205043" result="Passed" start-time="2022-08-26 20:20:28Z" end-time="2022-08-26 20:20:28Z" duration="0.000692" asserts="0">
            <properties>
              <property name="Category" value="GDX.Tests" />
            </properties>
          </test-case>
        </test-suite>
        <test-suite type="TestFixture" id="1064" name="LocalizationTests" fullname="GDX.LocalizationTests" classname="GDX.LocalizationTests" runstate="Runnable" testcasecount="3" result="Passed" start-time="2022-08-26 20:20:28Z" end-time="2022-08-26 20:20:28Z" duration="0.003057" total="3" passed="3" failed="0" inconclusive="0" skipped="0" asserts="0">
          <properties />
          <test-case id="1065" name="GetHumanReadableFileSize_100_ReturnsValidString" fullname="GDX.LocalizationTests.GetHumanReadableFileSize_100_ReturnsValidString" methodname="GetHumanReadableFileSize_100_ReturnsValidString" classname="GDX.LocalizationTests" runstate="Runnable" seed="475316480" result="Passed" start-time="2022-08-26 20:20:28Z" end-time="2022-08-26 20:20:28Z" duration="0.000193" asserts="0">
            <properties>
              <property name="Category" value="GDX.Tests" />
            </properties>
          </test-case>
          <test-case id="1066" name="GetHumanReadableFileSize_1024_ReturnsValidString" fullname="GDX.LocalizationTests.GetHumanReadableFileSize_1024_ReturnsValidString" methodname="GetHumanReadableFileSize_1024_ReturnsValidString" classname="GDX.LocalizationTests" runstate="Runnable" seed="1976577448" result="Passed" start-time="2022-08-26 20:20:28Z" end-time="2022-08-26 20:20:28Z" duration="0.000155" asserts="0">
            <properties>
              <property name="Category" value="GDX.Tests" />
            </properties>
          </test-case>
          <test-case id="1067" name="GetHumanReadableFileSize_1048576_ReturnsValidString" fullname="GDX.LocalizationTests.GetHumanReadableFileSize_1048576_ReturnsValidString" methodname="GetHumanReadableFileSize_1048576_ReturnsValidString" classname="GDX.LocalizationTests" runstate="Runnable" seed="535837783" result="Passed" start-time="2022-08-26 20:20:28Z" end-time="2022-08-26 20:20:28Z" duration="0.000208" asserts="0">
            <properties>
              <property name="Category" value="GDX.Tests" />
            </properties>
          </test-case>
        </test-suite>
        <test-suite type="TestSuite" id="1721" name="Mathematics" fullname="GDX.Mathematics" runstate="Runnable" testcasecount="91" result="Passed" start-time="2022-08-26 20:20:28Z" end-time="2022-08-26 20:20:29Z" duration="0.059164" total="91" passed="91" failed="0" inconclusive="0" skipped="0" asserts="0">
          <properties />
          <test-suite type="TestFixture" id="1238" name="Byte2Tests" fullname="GDX.Mathematics.Byte2Tests" classname="GDX.Mathematics.Byte2Tests" runstate="Runnable" testcasecount="37" result="Passed" start-time="2022-08-26 20:20:28Z" end-time="2022-08-26 20:20:28Z" duration="0.018828" total="37" passed="37" failed="0" inconclusive="0" skipped="0" asserts="0">
            <properties />
            <test-case id="1255" name="Accessor_Get_InRange" fullname="GDX.Mathematics.Byte2Tests.Accessor_Get_InRange" methodname="Accessor_Get_InRange" classname="GDX.Mathematics.Byte2Tests" runstate="Runnable" seed="222109516" result="Passed" start-time="2022-08-26 20:20:28Z" end-time="2022-08-26 20:20:28Z" duration="0.000288" asserts="0">
              <properties>
                <property name="Category" value="GDX.Tests" />
              </properties>
            </test-case>
            <test-case id="1256" name="Accessor_Get_OutOfRange" fullname="GDX.Mathematics.Byte2Tests.Accessor_Get_OutOfRange" methodname="Accessor_Get_OutOfRange" classname="GDX.Mathematics.Byte2Tests" runstate="Runnable" seed="73701637" result="Passed" start-time="2022-08-26 20:20:28Z" end-time="2022-08-26 20:20:28Z" duration="0.000308" asserts="0">
              <properties>
                <property name="Category" value="GDX.Tests" />
              </properties>
            </test-case>
            <test-case id="1257" name="Accessor_Set_InRange" fullname="GDX.Mathematics.Byte2Tests.Accessor_Set_InRange" methodname="Accessor_Set_InRange" classname="GDX.Mathematics.Byte2Tests" runstate="Runnable" seed="1387914657" result="Passed" start-time="2022-08-26 20:20:28Z" end-time="2022-08-26 20:20:28Z" duration="0.000205" asserts="0">
              <properties>
                <property name="Category" value="GDX.Tests" />
              </properties>
            </test-case>
            <test-case id="1258" name="Accessor_Set_OutOfRange" fullname="GDX.Mathematics.Byte2Tests.Accessor_Set_OutOfRange" methodname="Accessor_Set_OutOfRange" classname="GDX.Mathematics.Byte2Tests" runstate="Runnable" seed="1288247987" result="Passed" start-time="2022-08-26 20:20:28Z" end-time="2022-08-26 20:20:28Z" duration="0.000242" asserts="0">
              <properties>
                <property name="Category" value="GDX.Tests" />
              </properties>
            </test-case>
            <test-case id="1243" name="Constructor_CreateFromBool" fullname="GDX.Mathematics.Byte2Tests.Constructor_CreateFromBool" methodname="Constructor_CreateFromBool" classname="GDX.Mathematics.Byte2Tests" runstate="Runnable" seed="927395317" result="Passed" start-time="2022-08-26 20:20:28Z" end-time="2022-08-26 20:20:28Z" duration="0.000298" asserts="0">
              <properties>
                <property name="Category" value="GDX.Tests" />
              </properties>
            </test-case>
            <test-case id="1244" name="Constructor_CreateFromBool2" fullname="GDX.Mathematics.Byte2Tests.Constructor_CreateFromBool2" methodname="Constructor_CreateFromBool2" classname="GDX.Mathematics.Byte2Tests" runstate="Runnable" seed="1510769146" result="Passed" start-time="2022-08-26 20:20:28Z" end-time="2022-08-26 20:20:28Z" duration="0.000276" asserts="0">
              <properties>
                <property name="Category" value="GDX.Tests" />
              </properties>
            </test-case>
            <test-case id="1241" name="Constructor_CreateFromByte" fullname="GDX.Mathematics.Byte2Tests.Constructor_CreateFromByte" methodname="Constructor_CreateFromByte" classname="GDX.Mathematics.Byte2Tests" runstate="Runnable" seed="1074075114" result="Passed" start-time="2022-08-26 20:20:28Z" end-time="2022-08-26 20:20:28Z" duration="0.000186" asserts="0">
              <properties>
                <property name="Category" value="GDX.Tests" />
              </properties>
            </test-case>
            <test-case id="1242" name="Constructor_CreateFromByte2" fullname="GDX.Mathematics.Byte2Tests.Constructor_CreateFromByte2" methodname="Constructor_CreateFromByte2" classname="GDX.Mathematics.Byte2Tests" runstate="Runnable" seed="1729305615" result="Passed" start-time="2022-08-26 20:20:28Z" end-time="2022-08-26 20:20:28Z" duration="0.000189" asserts="0">
              <properties>
                <property name="Category" value="GDX.Tests" />
              </properties>
            </test-case>
            <test-case id="1240" name="Constructor_CreateFromBytes" fullname="GDX.Mathematics.Byte2Tests.Constructor_CreateFromBytes" methodname="Constructor_CreateFromBytes" classname="GDX.Mathematics.Byte2Tests" runstate="Runnable" seed="2094909740" result="Passed" start-time="2022-08-26 20:20:28Z" end-time="2022-08-26 20:20:28Z" duration="0.000196" asserts="0">
              <properties>
                <property name="Category" value="GDX.Tests" />
              </properties>
            </test-case>
            <test-case id="1247" name="Constructor_CreateFromDouble" fullname="GDX.Mathematics.Byte2Tests.Constructor_CreateFromDouble" methodname="Constructor_CreateFromDouble" classname="GDX.Mathematics.Byte2Tests" runstate="Runnable" seed="1745639035" result="Passed" start-time="2022-08-26 20:20:28Z" end-time="2022-08-26 20:20:28Z" duration="0.000178" asserts="0">
              <properties>
                <property name="Category" value="GDX.Tests" />
              </properties>
            </test-case>
            <test-case id="1248" name="Constructor_CreateFromDouble2" fullname="GDX.Mathematics.Byte2Tests.Constructor_CreateFromDouble2" methodname="Constructor_CreateFromDouble2" classname="GDX.Mathematics.Byte2Tests" runstate="Runnable" seed="607128302" result="Passed" start-time="2022-08-26 20:20:28Z" end-time="2022-08-26 20:20:28Z" duration="0.000264" asserts="0">
              <properties>
                <property name="Category" value="GDX.Tests" />
              </properties>
            </test-case>
            <test-case id="1245" name="Constructor_CreateFromFloat" fullname="GDX.Mathematics.Byte2Tests.Constructor_CreateFromFloat" methodname="Constructor_CreateFromFloat" classname="GDX.Mathematics.Byte2Tests" runstate="Runnable" seed="679314848" result="Passed" start-time="2022-08-26 20:20:28Z" end-time="2022-08-26 20:20:28Z" duration="0.000179" asserts="0">
              <properties>
                <property name="Category" value="GDX.Tests" />
              </properties>
            </test-case>
            <test-case id="1246" name="Constructor_CreateFromFloat2" fullname="GDX.Mathematics.Byte2Tests.Constructor_CreateFromFloat2" methodname="Constructor_CreateFromFloat2" classname="GDX.Mathematics.Byte2Tests" runstate="Runnable" seed="1361720944" result="Passed" start-time="2022-08-26 20:20:28Z" end-time="2022-08-26 20:20:28Z" duration="0.000276" asserts="0">
              <properties>
                <property name="Category" value="GDX.Tests" />
              </properties>
            </test-case>
            <test-case id="1239" name="Constructor_CreateFromInteger" fullname="GDX.Mathematics.Byte2Tests.Constructor_CreateFromInteger" methodname="Constructor_CreateFromInteger" classname="GDX.Mathematics.Byte2Tests" runstate="Runnable" seed="683721431" result="Passed" start-time="2022-08-26 20:20:28Z" end-time="2022-08-26 20:20:28Z" duration="0.000138" asserts="0">
              <properties>
                <property name="Category" value="GDX.Tests" />
              </properties>
            </test-case>
            <test-case id="1259" name="Equals_Compare_Byte2" fullname="GDX.Mathematics.Byte2Tests.Equals_Compare_Byte2" methodname="Equals_Compare_Byte2" classname="GDX.Mathematics.Byte2Tests" runstate="Runnable" seed="1898774395" result="Passed" start-time="2022-08-26 20:20:28Z" end-time="2022-08-26 20:20:28Z" duration="0.000195" asserts="0">
              <properties>
                <property name="Category" value="GDX.Tests" />
              </properties>
            </test-case>
            <test-case id="1260" name="Equals_Compare_Object" fullname="GDX.Mathematics.Byte2Tests.Equals_Compare_Object" methodname="Equals_Compare_Object" classname="GDX.Mathematics.Byte2Tests" runstate="Runnable" seed="609803923" result="Passed" start-time="2022-08-26 20:20:28Z" end-time="2022-08-26 20:20:28Z" duration="0.000208" asserts="0">
              <properties>
                <property name="Category" value="GDX.Tests" />
              </properties>
            </test-case>
            <test-case id="1274" name="Operator_Addition_Byte" fullname="GDX.Mathematics.Byte2Tests.Operator_Addition_Byte" methodname="Operator_Addition_Byte" classname="GDX.Mathematics.Byte2Tests" runstate="Runnable" seed="386179872" result="Passed" start-time="2022-08-26 20:20:28Z" end-time="2022-08-26 20:20:28Z" duration="0.000221" asserts="0">
              <properties>
                <property name="Category" value="GDX.Tests" />
              </properties>
            </test-case>
            <test-case id="1273" name="Operator_Addition_Byte2" fullname="GDX.Mathematics.Byte2Tests.Operator_Addition_Byte2" methodname="Operator_Addition_Byte2" classname="GDX.Mathematics.Byte2Tests" runstate="Runnable" seed="1721407925" result="Passed" start-time="2022-08-26 20:20:28Z" end-time="2022-08-26 20:20:28Z" duration="0.000219" asserts="0">
              <properties>
                <property name="Category" value="GDX.Tests" />
              </properties>
            </test-case>
            <test-case id="1275" name="Operator_Addition_ByteBy" fullname="GDX.Mathematics.Byte2Tests.Operator_Addition_ByteBy" methodname="Operator_Addition_ByteBy" classname="GDX.Mathematics.Byte2Tests" runstate="Runnable" seed="226466416" result="Passed" start-time="2022-08-26 20:20:28Z" end-time="2022-08-26 20:20:28Z" duration="0.000293" asserts="0">
              <properties>
                <property name="Category" value="GDX.Tests" />
              </properties>
            </test-case>
            <test-case id="1264" name="Operator_Explicit_Bool" fullname="GDX.Mathematics.Byte2Tests.Operator_Explicit_Bool" methodname="Operator_Explicit_Bool" classname="GDX.Mathematics.Byte2Tests" runstate="Runnable" seed="1152049693" result="Passed" start-time="2022-08-26 20:20:28Z" end-time="2022-08-26 20:20:28Z" duration="0.000192" asserts="0">
              <properties>
                <property name="Category" value="GDX.Tests" />
              </properties>
            </test-case>
            <test-case id="1267" name="Operator_Explicit_Bool2" fullname="GDX.Mathematics.Byte2Tests.Operator_Explicit_Bool2" methodname="Operator_Explicit_Bool2" classname="GDX.Mathematics.Byte2Tests" runstate="Runnable" seed="2101738294" result="Passed" start-time="2022-08-26 20:20:28Z" end-time="2022-08-26 20:20:28Z" duration="0.000215" asserts="0">
              <properties>
                <property name="Category" value="GDX.Tests" />
              </properties>
            </test-case>
            <test-case id="1266" name="Operator_Explicit_Double" fullname="GDX.Mathematics.Byte2Tests.Operator_Explicit_Double" methodname="Operator_Explicit_Double" classname="GDX.Mathematics.Byte2Tests" runstate="Runnable" seed="1642170256" result="Passed" start-time="2022-08-26 20:20:28Z" end-time="2022-08-26 20:20:28Z" duration="0.000199" asserts="0">
              <properties>
                <property name="Category" value="GDX.Tests" />
              </properties>
            </test-case>
            <test-case id="1269" name="Operator_Explicit_Double2" fullname="GDX.Mathematics.Byte2Tests.Operator_Explicit_Double2" methodname="Operator_Explicit_Double2" classname="GDX.Mathematics.Byte2Tests" runstate="Runnable" seed="1615696415" result="Passed" start-time="2022-08-26 20:20:28Z" end-time="2022-08-26 20:20:28Z" duration="0.000212" asserts="0">
              <properties>
                <property name="Category" value="GDX.Tests" />
              </properties>
            </test-case>
            <test-case id="1265" name="Operator_Explicit_Float" fullname="GDX.Mathematics.Byte2Tests.Operator_Explicit_Float" methodname="Operator_Explicit_Float" classname="GDX.Mathematics.Byte2Tests" runstate="Runnable" seed="2103965490" result="Passed" start-time="2022-08-26 20:20:28Z" end-time="2022-08-26 20:20:28Z" duration="0.000190" asserts="0">
              <properties>
                <property name="Category" value="GDX.Tests" />
              </properties>
            </test-case>
            <test-case id="1268" name="Operator_Explicit_Float2" fullname="GDX.Mathematics.Byte2Tests.Operator_Explicit_Float2" methodname="Operator_Explicit_Float2" classname="GDX.Mathematics.Byte2Tests" runstate="Runnable" seed="1063326182" result="Passed" start-time="2022-08-26 20:20:28Z" end-time="2022-08-26 20:20:28Z" duration="0.000212" asserts="0">
              <properties>
                <property name="Category" value="GDX.Tests" />
              </properties>
            </test-case>
            <test-case id="1263" name="Operator_Implicit_Byte" fullname="GDX.Mathematics.Byte2Tests.Operator_Implicit_Byte" methodname="Operator_Implicit_Byte" classname="GDX.Mathematics.Byte2Tests" runstate="Runnable" seed="1886564677" result="Passed" start-time="2022-08-26 20:20:28Z" end-time="2022-08-26 20:20:28Z" duration="0.000974" asserts="0">
              <properties>
                <property name="Category" value="GDX.Tests" />
              </properties>
            </test-case>
            <test-case id="1270" name="Operator_Multiply_Byte" fullname="GDX.Mathematics.Byte2Tests.Operator_Multiply_Byte" methodname="Operator_Multiply_Byte" classname="GDX.Mathematics.Byte2Tests" runstate="Runnable" seed="2057399274" result="Passed" start-time="2022-08-26 20:20:28Z" end-time="2022-08-26 20:20:28Z" duration="0.000274" asserts="0">
              <properties>
                <property name="Category" value="GDX.Tests" />
              </properties>
            </test-case>
            <test-case id="1271" name="Operator_Multiply_Byte2" fullname="GDX.Mathematics.Byte2Tests.Operator_Multiply_Byte2" methodname="Operator_Multiply_Byte2" classname="GDX.Mathematics.Byte2Tests" runstate="Runnable" seed="488854353" result="Passed" start-time="2022-08-26 20:20:28Z" end-time="2022-08-26 20:20:28Z" duration="0.000221" asserts="0">
              <properties>
                <property name="Category" value="GDX.Tests" />
              </properties>
            </test-case>
            <test-case id="1272" name="Operator_Multiply_ByteBy" fullname="GDX.Mathematics.Byte2Tests.Operator_Multiply_ByteBy" methodname="Operator_Multiply_ByteBy" classname="GDX.Mathematics.Byte2Tests" runstate="Runnable" seed="1881207672" result="Passed" start-time="2022-08-26 20:20:28Z" end-time="2022-08-26 20:20:28Z" duration="0.000211" asserts="0">
              <properties>
                <property name="Category" value="GDX.Tests" />
              </properties>
            </test-case>
            <test-case id="1262" name="ToString_Format_ByteIntegerValues" fullname="GDX.Mathematics.Byte2Tests.ToString_Format_ByteIntegerValues" methodname="ToString_Format_ByteIntegerValues" classname="GDX.Mathematics.Byte2Tests" runstate="Runnable" seed="257102829" result="Passed" start-time="2022-08-26 20:20:28Z" end-time="2022-08-26 20:20:28Z" duration="0.000409" asserts="0">
              <properties>
                <property name="Category" value="GDX.Tests" />
              </properties>
            </test-case>
            <test-case id="1261" name="ToString_Output_ByteIntegerValues" fullname="GDX.Mathematics.Byte2Tests.ToString_Output_ByteIntegerValues" methodname="ToString_Output_ByteIntegerValues" classname="GDX.Mathematics.Byte2Tests" runstate="Runnable" seed="171795855" result="Passed" start-time="2022-08-26 20:20:28Z" end-time="2022-08-26 20:20:28Z" duration="0.000260" asserts="0">
              <properties>
                <property name="Category" value="GDX.Tests" />
              </properties>
            </test-case>
            <test-case id="1249" name="XX_CreateNew" fullname="GDX.Mathematics.Byte2Tests.XX_CreateNew" methodname="XX_CreateNew" classname="GDX.Mathematics.Byte2Tests" runstate="Runnable" seed="1966838837" result="Passed" start-time="2022-08-26 20:20:28Z" end-time="2022-08-26 20:20:28Z" duration="0.000204" asserts="0">
              <properties>
                <property name="Category" value="GDX.Tests" />
              </properties>
            </test-case>
            <test-case id="1250" name="XY_CreateNew" fullname="GDX.Mathematics.Byte2Tests.XY_CreateNew" methodname="XY_CreateNew" classname="GDX.Mathematics.Byte2Tests" runstate="Runnable" seed="1402216908" result="Passed" start-time="2022-08-26 20:20:28Z" end-time="2022-08-26 20:20:28Z" duration="0.000194" asserts="0">
              <properties>
                <property name="Category" value="GDX.Tests" />
              </properties>
            </test-case>
            <test-case id="1251" name="XY_SetValue" fullname="GDX.Mathematics.Byte2Tests.XY_SetValue" methodname="XY_SetValue" classname="GDX.Mathematics.Byte2Tests" runstate="Runnable" seed="904992833" result="Passed" start-time="2022-08-26 20:20:28Z" end-time="2022-08-26 20:20:28Z" duration="0.000200" asserts="0">
              <properties>
                <property name="Category" value="GDX.Tests" />
              </properties>
            </test-case>
            <test-case id="1252" name="YX_CreateNew" fullname="GDX.Mathematics.Byte2Tests.YX_CreateNew" methodname="YX_CreateNew" classname="GDX.Mathematics.Byte2Tests" runstate="Runnable" seed="1591850745" result="Passed" start-time="2022-08-26 20:20:28Z" end-time="2022-08-26 20:20:28Z" duration="0.000197" asserts="0">
              <properties>
                <property name="Category" value="GDX.Tests" />
              </properties>
            </test-case>
            <test-case id="1253" name="YX_SetValue" fullname="GDX.Mathematics.Byte2Tests.YX_SetValue" methodname="YX_SetValue" classname="GDX.Mathematics.Byte2Tests" runstate="Runnable" seed="950781374" result="Passed" start-time="2022-08-26 20:20:28Z" end-time="2022-08-26 20:20:28Z" duration="0.000201" asserts="0">
              <properties>
                <property name="Category" value="GDX.Tests" />
              </properties>
            </test-case>
            <test-case id="1254" name="YY_CreateNew" fullname="GDX.Mathematics.Byte2Tests.YY_CreateNew" methodname="YY_CreateNew" classname="GDX.Mathematics.Byte2Tests" runstate="Runnable" seed="419055285" result="Passed" start-time="2022-08-26 20:20:28Z" end-time="2022-08-26 20:20:28Z" duration="0.000193" asserts="0">
              <properties>
                <property name="Category" value="GDX.Tests" />
              </properties>
            </test-case>
          </test-suite>
          <test-suite type="TestSuite" id="1722" name="Random" fullname="GDX.Mathematics.Random" runstate="Runnable" testcasecount="42" result="Passed" start-time="2022-08-26 20:20:28Z" end-time="2022-08-26 20:20:29Z" duration="0.030583" total="42" passed="42" failed="0" inconclusive="0" skipped="0" asserts="0">
            <properties />
            <test-suite type="TestFixture" id="1289" name="RandomAdaptorTests" fullname="GDX.Mathematics.Random.RandomAdaptorTests" classname="GDX.Mathematics.Random.RandomAdaptorTests" runstate="Runnable" testcasecount="6" result="Passed" start-time="2022-08-26 20:20:28Z" end-time="2022-08-26 20:20:28Z" duration="0.006535" total="6" passed="6" failed="0" inconclusive="0" skipped="0" asserts="0">
              <properties />
              <test-case id="1292" name="Next_MaxValue_ValuesInRange" fullname="GDX.Mathematics.Random.RandomAdaptorTests.Next_MaxValue_ValuesInRange" methodname="Next_MaxValue_ValuesInRange" classname="GDX.Mathematics.Random.RandomAdaptorTests" runstate="Runnable" seed="449244858" result="Passed" start-time="2022-08-26 20:20:28Z" end-time="2022-08-26 20:20:28Z" duration="0.000886" asserts="0">
                <properties>
                  <property name="Category" value="GDX.Tests" />
                </properties>
              </test-case>
              <test-case id="1291" name="Next_MockData_DifferentValues" fullname="GDX.Mathematics.Random.RandomAdaptorTests.Next_MockData_DifferentValues" methodname="Next_MockData_DifferentValues" classname="GDX.Mathematics.Random.RandomAdaptorTests" runstate="Runnable" seed="1745255260" result="Passed" start-time="2022-08-26 20:20:28Z" end-time="2022-08-26 20:20:28Z" duration="0.000527" asserts="0">
                <properties>
                  <property name="Category" value="GDX.Tests" />
                </properties>
              </test-case>
              <test-case id="1293" name="Next_Range_ValuesInRange" fullname="GDX.Mathematics.Random.RandomAdaptorTests.Next_Range_ValuesInRange" methodname="Next_Range_ValuesInRange" classname="GDX.Mathematics.Random.RandomAdaptorTests" runstate="Runnable" seed="537024802" result="Passed" start-time="2022-08-26 20:20:28Z" end-time="2022-08-26 20:20:28Z" duration="0.000297" asserts="0">
                <properties>
                  <property name="Category" value="GDX.Tests" />
                </properties>
              </test-case>
              <test-case id="1295" name="NextBytes_MockData_FillsBuffer" fullname="GDX.Mathematics.Random.RandomAdaptorTests.NextBytes_MockData_FillsBuffer" methodname="NextBytes_MockData_FillsBuffer" classname="GDX.Mathematics.Random.RandomAdaptorTests" runstate="Runnable" seed="1279784425" result="Passed" start-time="2022-08-26 20:20:28Z" end-time="2022-08-26 20:20:28Z" duration="0.000347" asserts="0">
                <properties>
                  <property name="Category" value="GDX.Tests" />
                </properties>
              </test-case>
              <test-case id="1294" name="NextDouble_MockData_DifferentValues" fullname="GDX.Mathematics.Random.RandomAdaptorTests.NextDouble_MockData_DifferentValues" methodname="NextDouble_MockData_DifferentValues" classname="GDX.Mathematics.Random.RandomAdaptorTests" runstate="Runnable" seed="1953078035" result="Passed" start-time="2022-08-26 20:20:28Z" end-time="2022-08-26 20:20:28Z" duration="0.000350" asserts="0">
                <properties>
                  <property name="Category" value="GDX.Tests" />
                </properties>
              </test-case>
              <test-case id="1290" name="RandomAdaptor_FromWELL1024a_Created" fullname="GDX.Mathematics.Random.RandomAdaptorTests.RandomAdaptor_FromWELL1024a_Created" methodname="RandomAdaptor_FromWELL1024a_Created" classname="GDX.Mathematics.Random.RandomAdaptorTests" runstate="Runnable" seed="347662311" result="Passed" start-time="2022-08-26 20:20:28Z" end-time="2022-08-26 20:20:28Z" duration="0.000211" asserts="0">
                <properties>
                  <property name="Category" value="GDX.Tests" />
                </properties>
              </test-case>
            </test-suite>
            <test-suite type="TestFixture" id="1296" name="RandomWrapperTests" fullname="GDX.Mathematics.Random.RandomWrapperTests" classname="GDX.Mathematics.Random.RandomWrapperTests" runstate="Runnable" testcasecount="11" result="Passed" start-time="2022-08-26 20:20:28Z" end-time="2022-08-26 20:20:28Z" duration="0.007171" total="11" passed="11" failed="0" inconclusive="0" skipped="0" asserts="0">
              <properties />
              <test-case id="1300" name="NextBoolean_FixedSeed_ReturnsFalse" fullname="GDX.Mathematics.Random.RandomWrapperTests.NextBoolean_FixedSeed_ReturnsFalse" methodname="NextBoolean_FixedSeed_ReturnsFalse" classname="GDX.Mathematics.Random.RandomWrapperTests" runstate="Runnable" seed="17892178" result="Passed" start-time="2022-08-26 20:20:28Z" end-time="2022-08-26 20:20:28Z" duration="0.000321" asserts="0">
                <properties>
                  <property name="Category" value="GDX.Tests" />
                </properties>
              </test-case>
              <test-case id="1299" name="NextBoolean_FixedSeed_ReturnsTrue" fullname="GDX.Mathematics.Random.RandomWrapperTests.NextBoolean_FixedSeed_ReturnsTrue" methodname="NextBoolean_FixedSeed_ReturnsTrue" classname="GDX.Mathematics.Random.RandomWrapperTests" runstate="Runnable" seed="1221511473" result="Passed" start-time="2022-08-26 20:20:28Z" end-time="2022-08-26 20:20:28Z" duration="0.000141" asserts="0">
                <properties>
                  <property name="Category" value="GDX.Tests" />
                </properties>
              </test-case>
              <test-case id="1301" name="NextBytes_MockData_FillsBuffer" fullname="GDX.Mathematics.Random.RandomWrapperTests.NextBytes_MockData_FillsBuffer" methodname="NextBytes_MockData_FillsBuffer" classname="GDX.Mathematics.Random.RandomWrapperTests" runstate="Runnable" seed="1292034417" result="Passed" start-time="2022-08-26 20:20:28Z" end-time="2022-08-26 20:20:28Z" duration="0.000323" asserts="0">
                <properties>
                  <property name="Category" value="GDX.Tests" />
                </properties>
              </test-case>
              <test-case id="1302" name="NextDouble_MockData_InRange" fullname="GDX.Mathematics.Random.RandomWrapperTests.NextDouble_MockData_InRange" methodname="NextDouble_MockData_InRange" classname="GDX.Mathematics.Random.RandomWrapperTests" runstate="Runnable" seed="2116164664" result="Passed" start-time="2022-08-26 20:20:28Z" end-time="2022-08-26 20:20:28Z" duration="0.000237" asserts="0">
                <properties>
                  <property name="Category" value="GDX.Tests" />
                </properties>
              </test-case>
              <test-case id="1303" name="NextInteger_MockData_InRange" fullname="GDX.Mathematics.Random.RandomWrapperTests.NextInteger_MockData_InRange" methodname="NextInteger_MockData_InRange" classname="GDX.Mathematics.Random.RandomWrapperTests" runstate="Runnable" seed="1517511088" result="Passed" start-time="2022-08-26 20:20:28Z" end-time="2022-08-26 20:20:28Z" duration="0.000192" asserts="0">
                <properties>
                  <property name="Category" value="GDX.Tests" />
                </properties>
              </test-case>
              <test-case id="1304" name="NextIntegerExclusive_MockData_InRange" fullname="GDX.Mathematics.Random.RandomWrapperTests.NextIntegerExclusive_MockData_InRange" methodname="NextIntegerExclusive_MockData_InRange" classname="GDX.Mathematics.Random.RandomWrapperTests" runstate="Runnable" seed="1944129490" result="Passed" start-time="2022-08-26 20:20:28Z" end-time="2022-08-26 20:20:28Z" duration="0.000190" asserts="0">
                <properties>
                  <property name="Category" value="GDX.Tests" />
                </properties>
              </test-case>
              <test-case id="1305" name="NextSingle_MockData_InRange" fullname="GDX.Mathematics.Random.RandomWrapperTests.NextSingle_MockData_InRange" methodname="NextSingle_MockData_InRange" classname="GDX.Mathematics.Random.RandomWrapperTests" runstate="Runnable" seed="1500130109" result="Passed" start-time="2022-08-26 20:20:28Z" end-time="2022-08-26 20:20:28Z" duration="0.000235" asserts="0">
                <properties>
                  <property name="Category" value="GDX.Tests" />
                </properties>
              </test-case>
              <test-case id="1306" name="NextUnsignedInteger_MockData_InRange" fullname="GDX.Mathematics.Random.RandomWrapperTests.NextUnsignedInteger_MockData_InRange" methodname="NextUnsignedInteger_MockData_InRange" classname="GDX.Mathematics.Random.RandomWrapperTests" runstate="Runnable" seed="656007372" result="Passed" start-time="2022-08-26 20:20:28Z" end-time="2022-08-26 20:20:28Z" duration="0.000234" asserts="0">
                <properties>
                  <property name="Category" value="GDX.Tests" />
                </properties>
              </test-case>
              <test-case id="1307" name="NextUnsignedIntegerExclusive_MockData_InRange" fullname="GDX.Mathematics.Random.RandomWrapperTests.NextUnsignedIntegerExclusive_MockData_InRange" methodname="NextUnsignedIntegerExclusive_MockData_InRange" classname="GDX.Mathematics.Random.RandomWrapperTests" runstate="Runnable" seed="465173288" result="Passed" start-time="2022-08-26 20:20:28Z" end-time="2022-08-26 20:20:28Z" duration="0.000202" asserts="0">
                <properties>
                  <property name="Category" value="GDX.Tests" />
                </properties>
              </test-case>
              <test-case id="1297" name="RandomWrapper_NoSeed_Created" fullname="GDX.Mathematics.Random.RandomWrapperTests.RandomWrapper_NoSeed_Created" methodname="RandomWrapper_NoSeed_Created" classname="GDX.Mathematics.Random.RandomWrapperTests" runstate="Runnable" seed="400694344" result="Passed" start-time="2022-08-26 20:20:28Z" end-time="2022-08-26 20:20:28Z" duration="0.000176" asserts="0">
                <properties>
                  <property name="Category" value="GDX.Tests" />
                </properties>
              </test-case>
              <test-case id="1298" name="RandomWrapper_WithSeed_Created" fullname="GDX.Mathematics.Random.RandomWrapperTests.RandomWrapper_WithSeed_Created" methodname="RandomWrapper_WithSeed_Created" classname="GDX.Mathematics.Random.RandomWrapperTests" runstate="Runnable" seed="1650441828" result="Passed" start-time="2022-08-26 20:20:28Z" end-time="2022-08-26 20:20:28Z" duration="0.000129" asserts="0">
                <properties>
                  <property name="Category" value="GDX.Tests" />
                </properties>
              </test-case>
            </test-suite>
            <test-suite type="TestFixture" id="1308" name="WELL1024aTests" fullname="GDX.Mathematics.Random.WELL1024aTests" classname="GDX.Mathematics.Random.WELL1024aTests" runstate="Runnable" testcasecount="25" result="Passed" start-time="2022-08-26 20:20:28Z" end-time="2022-08-26 20:20:29Z" duration="0.013904" total="25" passed="25" failed="0" inconclusive="0" skipped="0" asserts="0">
              <properties />
              <test-case id="1314" name="Equals_ByReference_ReturnsTrue" fullname="GDX.Mathematics.Random.WELL1024aTests.Equals_ByReference_ReturnsTrue" methodname="Equals_ByReference_ReturnsTrue" classname="GDX.Mathematics.Random.WELL1024aTests" runstate="Runnable" seed="2055716496" result="Passed" start-time="2022-08-26 20:20:28Z" end-time="2022-08-26 20:20:28Z" duration="0.000208" asserts="0">
                <properties>
                  <property name="Category" value="GDX.Tests" />
                </properties>
              </test-case>
              <test-case id="1316" name="Equals_Object_ReturnsTrue" fullname="GDX.Mathematics.Random.WELL1024aTests.Equals_Object_ReturnsTrue" methodname="Equals_Object_ReturnsTrue" classname="GDX.Mathematics.Random.WELL1024aTests" runstate="Runnable" seed="387849357" result="Passed" start-time="2022-08-26 20:20:28Z" end-time="2022-08-26 20:20:28Z" duration="0.000276" asserts="0">
                <properties>
                  <property name="Category" value="GDX.Tests" />
                </properties>
              </test-case>
              <test-case id="1315" name="Equals_Reference_ReturnsTrue" fullname="GDX.Mathematics.Random.WELL1024aTests.Equals_Reference_ReturnsTrue" methodname="Equals_Reference_ReturnsTrue" classname="GDX.Mathematics.Random.WELL1024aTests" runstate="Runnable" seed="1906479384" result="Passed" start-time="2022-08-26 20:20:28Z" end-time="2022-08-26 20:20:28Z" duration="0.000194" asserts="0">
                <properties>
                  <property name="Category" value="GDX.Tests" />
                </properties>
              </test-case>
              <test-case id="1318" name="NextBoolean_PerfectChance_ReturnsTrue" fullname="GDX.Mathematics.Random.WELL1024aTests.NextBoolean_PerfectChance_ReturnsTrue" methodname="NextBoolean_PerfectChance_ReturnsTrue" classname="GDX.Mathematics.Random.WELL1024aTests" runstate="Runnable" seed="1455874299" result="Passed" start-time="2022-08-26 20:20:28Z" end-time="2022-08-26 20:20:28Z" duration="0.000203" asserts="0">
                <properties>
                  <property name="Category" value="GDX.Tests" />
                </properties>
              </test-case>
              <test-case id="1319" name="NextBoolean_Simple_ReturnsDeterministicValue" fullname="GDX.Mathematics.Random.WELL1024aTests.NextBoolean_Simple_ReturnsDeterministicValue" methodname="NextBoolean_Simple_ReturnsDeterministicValue" classname="GDX.Mathematics.Random.WELL1024aTests" runstate="Runnable" seed="859137937" result="Passed" start-time="2022-08-26 20:20:28Z" end-time="2022-08-26 20:20:28Z" duration="0.000150" asserts="0">
                <properties>
                  <property name="Category" value="GDX.Tests" />
                </properties>
              </test-case>
              <test-case id="1317" name="NextBoolean_ZeroChance_ReturnsFalse" fullname="GDX.Mathematics.Random.WELL1024aTests.NextBoolean_ZeroChance_ReturnsFalse" methodname="NextBoolean_ZeroChance_ReturnsFalse" classname="GDX.Mathematics.Random.WELL1024aTests" runstate="Runnable" seed="591116956" result="Passed" start-time="2022-08-26 20:20:28Z" end-time="2022-08-26 20:20:28Z" duration="0.000145" asserts="0">
                <properties>
                  <property name="Category" value="GDX.Tests" />
                </properties>
              </test-case>
              <test-case id="1325" name="NextBytes_Simple_FillsBuffer" fullname="GDX.Mathematics.Random.WELL1024aTests.NextBytes_Simple_FillsBuffer" methodname="NextBytes_Simple_FillsBuffer" classname="GDX.Mathematics.Random.WELL1024aTests" runstate="Runnable" seed="131982322" result="Passed" start-time="2022-08-26 20:20:28Z" end-time="2022-08-26 20:20:28Z" duration="0.000200" asserts="0">
                <properties>
                  <property name="Category" value="GDX.Tests" />
                </properties>
              </test-case>
              <test-case id="1326" name="NextDouble_Multiple_ReturnsDifferentValues" fullname="GDX.Mathematics.Random.WELL1024aTests.NextDouble_Multiple_ReturnsDifferentValues" methodname="NextDouble_Multiple_ReturnsDifferentValues" classname="GDX.Mathematics.Random.WELL1024aTests" runstate="Runnable" seed="1383308946" result="Passed" start-time="2022-08-26 20:20:28Z" end-time="2022-08-26 20:20:28Z" duration="0.000227" asserts="0">
                <properties>
                  <property name="Category" value="GDX.Tests" />
                </properties>
              </test-case>
              <test-case id="1327" name="NextDouble_Simple_ReturnsDeterministicValue" fullname="GDX.Mathematics.Random.WELL1024aTests.NextDouble_Simple_ReturnsDeterministicValue" methodname="NextDouble_Simple_ReturnsDeterministicValue" classname="GDX.Mathematics.Random.WELL1024aTests" runstate="Runnable" seed="574733986" result="Passed" start-time="2022-08-26 20:20:28Z" end-time="2022-08-26 20:20:28Z" duration="0.000160" asserts="0">
                <properties>
                  <property name="Category" value="GDX.Tests" />
                </properties>
              </test-case>
              <test-case id="1323" name="NextInteger_MinMaxValue_ReturnsDeterministicValue" fullname="GDX.Mathematics.Random.WELL1024aTests.NextInteger_MinMaxValue_ReturnsDeterministicValue" methodname="NextInteger_MinMaxValue_ReturnsDeterministicValue" classname="GDX.Mathematics.Random.WELL1024aTests" runstate="Runnable" seed="1478140193" result="Passed" start-time="2022-08-26 20:20:28Z" end-time="2022-08-26 20:20:28Z" duration="0.000167" asserts="0">
                <properties>
                  <property name="Category" value="GDX.Tests" />
                </properties>
              </test-case>
              <test-case id="1324" name="NextInteger_Multiple_ReturnsDifferentValues" fullname="GDX.Mathematics.Random.WELL1024aTests.NextInteger_Multiple_ReturnsDifferentValues" methodname="NextInteger_Multiple_ReturnsDifferentValues" classname="GDX.Mathematics.Random.WELL1024aTests" runstate="Runnable" seed="1658904668" result="Passed" start-time="2022-08-26 20:20:28Z" end-time="2022-08-26 20:20:28Z" duration="0.000278" asserts="0">
                <properties>
                  <property name="Category" value="GDX.Tests" />
                </properties>
              </test-case>
              <test-case id="1321" name="NextInteger_SameRange_ReturnsSameValue" fullname="GDX.Mathematics.Random.WELL1024aTests.NextInteger_SameRange_ReturnsSameValue" methodname="NextInteger_SameRange_ReturnsSameValue" classname="GDX.Mathematics.Random.WELL1024aTests" runstate="Runnable" seed="930422599" result="Passed" start-time="2022-08-26 20:20:28Z" end-time="2022-08-26 20:20:28Z" duration="0.000156" asserts="0">
                <properties>
                  <property name="Category" value="GDX.Tests" />
                </properties>
              </test-case>
              <test-case id="1320" name="NextInteger_Simple_ReturnsDeterministicValue" fullname="GDX.Mathematics.Random.WELL1024aTests.NextInteger_Simple_ReturnsDeterministicValue" methodname="NextInteger_Simple_ReturnsDeterministicValue" classname="GDX.Mathematics.Random.WELL1024aTests" runstate="Runnable" seed="1242806828" result="Passed" start-time="2022-08-26 20:20:28Z" end-time="2022-08-26 20:20:28Z" duration="0.000152" asserts="0">
                <properties>
                  <property name="Category" value="GDX.Tests" />
                </properties>
              </test-case>
              <test-case id="1322" name="NextInteger_ZeroValues_ReturnsZeroValue" fullname="GDX.Mathematics.Random.WELL1024aTests.NextInteger_ZeroValues_ReturnsZeroValue" methodname="NextInteger_ZeroValues_ReturnsZeroValue" classname="GDX.Mathematics.Random.WELL1024aTests" runstate="Runnable" seed="1930978345" result="Passed" start-time="2022-08-26 20:20:28Z" end-time="2022-08-26 20:20:28Z" duration="0.000221" asserts="0">
                <properties>
                  <property name="Category" value="GDX.Tests" />
                </properties>
              </test-case>
              <test-case id="1329" name="NextSingle_Multiple_ReturnsDifferentValues" fullname="GDX.Mathematics.Random.WELL1024aTests.NextSingle_Multiple_ReturnsDifferentValues" methodname="NextSingle_Multiple_ReturnsDifferentValues" classname="GDX.Mathematics.Random.WELL1024aTests" runstate="Runnable" seed="1282269961" result="Passed" start-time="2022-08-26 20:20:28Z" end-time="2022-08-26 20:20:28Z" duration="0.000273" asserts="0">
                <properties>
                  <property name="Category" value="GDX.Tests" />
                </properties>
              </test-case>
              <test-case id="1328" name="NextSingle_Simple_ReturnsDeterministicValue" fullname="GDX.Mathematics.Random.WELL1024aTests.NextSingle_Simple_ReturnsDeterministicValue" methodname="NextSingle_Simple_ReturnsDeterministicValue" classname="GDX.Mathematics.Random.WELL1024aTests" runstate="Runnable" seed="769320758" result="Passed" start-time="2022-08-26 20:20:28Z" end-time="2022-08-26 20:20:28Z" duration="0.000240" asserts="0">
                <properties>
                  <property name="Category" value="GDX.Tests" />
                </properties>
              </test-case>
              <test-case id="1333" name="NextUnsignedInteger_Multiple_ReturnsDifferentValues" fullname="GDX.Mathematics.Random.WELL1024aTests.NextUnsignedInteger_Multiple_ReturnsDifferentValues" methodname="NextUnsignedInteger_Multiple_ReturnsDifferentValues" classname="GDX.Mathematics.Random.WELL1024aTests" runstate="Runnable" seed="2110143490" result="Passed" start-time="2022-08-26 20:20:29Z" end-time="2022-08-26 20:20:29Z" duration="0.000272" asserts="0">
                <properties>
                  <property name="Category" value="GDX.Tests" />
                </properties>
              </test-case>
              <test-case id="1330" name="NextUnsignedInteger_Simple_ReturnsDeterministicValue" fullname="GDX.Mathematics.Random.WELL1024aTests.NextUnsignedInteger_Simple_ReturnsDeterministicValue" methodname="NextUnsignedInteger_Simple_ReturnsDeterministicValue" classname="GDX.Mathematics.Random.WELL1024aTests" runstate="Runnable" seed="669163134" result="Passed" start-time="2022-08-26 20:20:29Z" end-time="2022-08-26 20:20:29Z" duration="0.000156" asserts="0">
                <properties>
                  <property name="Category" value="GDX.Tests" />
                </properties>
              </test-case>
              <test-case id="1332" name="NextUnsignedIntegerExclusive_Limited_ReturnsDeterministicValue" fullname="GDX.Mathematics.Random.WELL1024aTests.NextUnsignedIntegerExclusive_Limited_ReturnsDeterministicValue" methodname="NextUnsignedIntegerExclusive_Limited_ReturnsDeterministicValue" classname="GDX.Mathematics.Random.WELL1024aTests" runstate="Runnable" seed="1448305548" result="Passed" start-time="2022-08-26 20:20:29Z" end-time="2022-08-26 20:20:29Z" duration="0.000241" asserts="0">
                <properties>
                  <property name="Category" value="GDX.Tests" />
                </properties>
              </test-case>
              <test-case id="1331" name="NextUnsignedIntegerExclusive_Simple_ReturnsDeterministicValue" fullname="GDX.Mathematics.Random.WELL1024aTests.NextUnsignedIntegerExclusive_Simple_ReturnsDeterministicValue" methodname="NextUnsignedIntegerExclusive_Simple_ReturnsDeterministicValue" classname="GDX.Mathematics.Random.WELL1024aTests" runstate="Runnable" seed="774837587" result="Passed" start-time="2022-08-26 20:20:29Z" end-time="2022-08-26 20:20:29Z" duration="0.000171" asserts="0">
                <properties>
                  <property name="Category" value="GDX.Tests" />
                </properties>
              </test-case>
              <test-case id="1309" name="WELL1024a_FromInteger_StrippedSeed" fullname="GDX.Mathematics.Random.WELL1024aTests.WELL1024a_FromInteger_StrippedSeed" methodname="WELL1024a_FromInteger_StrippedSeed" classname="GDX.Mathematics.Random.WELL1024aTests" runstate="Runnable" seed="1765363209" result="Passed" start-time="2022-08-26 20:20:29Z" end-time="2022-08-26 20:20:29Z" duration="0.000261" asserts="0">
                <properties>
                  <property name="Category" value="GDX.Tests" />
                </properties>
              </test-case>
              <test-case id="1313" name="WELL1024a_FromRestoreState_Matched" fullname="GDX.Mathematics.Random.WELL1024aTests.WELL1024a_FromRestoreState_Matched" methodname="WELL1024a_FromRestoreState_Matched" classname="GDX.Mathematics.Random.WELL1024aTests" runstate="Runnable" seed="131808102" result="Passed" start-time="2022-08-26 20:20:29Z" end-time="2022-08-26 20:20:29Z" duration="0.000461" asserts="0">
                <properties>
                  <property name="Category" value="GDX.Tests" />
                </properties>
              </test-case>
              <test-case id="1310" name="WELL1024a_FromString_NonAndForcedDifferent" fullname="GDX.Mathematics.Random.WELL1024aTests.WELL1024a_FromString_NonAndForcedDifferent" methodname="WELL1024a_FromString_NonAndForcedDifferent" classname="GDX.Mathematics.Random.WELL1024aTests" runstate="Runnable" seed="883049569" result="Passed" start-time="2022-08-26 20:20:29Z" end-time="2022-08-26 20:20:29Z" duration="0.000168" asserts="0">
                <properties>
                  <property name="Category" value="GDX.Tests" />
                </properties>
              </test-case>
              <test-case id="1311" name="WELL1024a_FromStringUppercase_SameOriginalSeed" fullname="GDX.Mathematics.Random.WELL1024aTests.WELL1024a_FromStringUppercase_SameOriginalSeed" methodname="WELL1024a_FromStringUppercase_SameOriginalSeed" classname="GDX.Mathematics.Random.WELL1024aTests" runstate="Runnable" seed="660225949" result="Passed" start-time="2022-08-26 20:20:29Z" end-time="2022-08-26 20:20:29Z" duration="0.000171" asserts="0">
                <properties>
                  <property name="Category" value="GDX.Tests" />
                </properties>
              </test-case>
              <test-case id="1312" name="WELL1024a_FromUnsignedInteger_MatchedSeed" fullname="GDX.Mathematics.Random.WELL1024aTests.WELL1024a_FromUnsignedInteger_MatchedSeed" methodname="WELL1024a_FromUnsignedInteger_MatchedSeed" classname="GDX.Mathematics.Random.WELL1024aTests" runstate="Runnable" seed="157549220" result="Passed" start-time="2022-08-26 20:20:29Z" end-time="2022-08-26 20:20:29Z" duration="0.000149" asserts="0">
                <properties>
                  <property name="Category" value="GDX.Tests" />
                </properties>
              </test-case>
            </test-suite>
          </test-suite>
          <test-suite type="TestFixture" id="1276" name="RangeTests" fullname="GDX.Mathematics.RangeTests" classname="GDX.Mathematics.RangeTests" runstate="Runnable" testcasecount="12" result="Passed" start-time="2022-08-26 20:20:29Z" end-time="2022-08-26 20:20:29Z" duration="0.006632" total="12" passed="12" failed="0" inconclusive="0" skipped="0" asserts="0">
            <properties />
            <test-case id="1277" name="GetDouble_Bottom_Inclusive" fullname="GDX.Mathematics.RangeTests.GetDouble_Bottom_Inclusive" methodname="GetDouble_Bottom_Inclusive" classname="GDX.Mathematics.RangeTests" runstate="Runnable" seed="1654285677" result="Passed" start-time="2022-08-26 20:20:29Z" end-time="2022-08-26 20:20:29Z" duration="0.000154" asserts="0">
              <properties>
                <property name="Category" value="GDX.Tests" />
              </properties>
            </test-case>
            <test-case id="1279" name="GetDouble_Middle_Inclusive" fullname="GDX.Mathematics.RangeTests.GetDouble_Middle_Inclusive" methodname="GetDouble_Middle_Inclusive" classname="GDX.Mathematics.RangeTests" runstate="Runnable" seed="570074826" result="Passed" start-time="2022-08-26 20:20:29Z" end-time="2022-08-26 20:20:29Z" duration="0.000158" asserts="0">
              <properties>
                <property name="Category" value="GDX.Tests" />
              </properties>
            </test-case>
            <test-case id="1278" name="GetDouble_Top_Inclusive" fullname="GDX.Mathematics.RangeTests.GetDouble_Top_Inclusive" methodname="GetDouble_Top_Inclusive" classname="GDX.Mathematics.RangeTests" runstate="Runnable" seed="239321590" result="Passed" start-time="2022-08-26 20:20:29Z" end-time="2022-08-26 20:20:29Z" duration="0.000209" asserts="0">
              <properties>
                <property name="Category" value="GDX.Tests" />
              </properties>
            </test-case>
            <test-case id="1280" name="GetInteger_Bottom_Inclusive" fullname="GDX.Mathematics.RangeTests.GetInteger_Bottom_Inclusive" methodname="GetInteger_Bottom_Inclusive" classname="GDX.Mathematics.RangeTests" runstate="Runnable" seed="1588453123" result="Passed" start-time="2022-08-26 20:20:29Z" end-time="2022-08-26 20:20:29Z" duration="0.000207" asserts="0">
              <properties>
                <property name="Category" value="GDX.Tests" />
              </properties>
            </test-case>
            <test-case id="1282" name="GetInteger_Middle_Inclusive" fullname="GDX.Mathematics.RangeTests.GetInteger_Middle_Inclusive" methodname="GetInteger_Middle_Inclusive" classname="GDX.Mathematics.RangeTests" runstate="Runnable" seed="458553560" result="Passed" start-time="2022-08-26 20:20:29Z" end-time="2022-08-26 20:20:29Z" duration="0.000132" asserts="0">
              <properties>
                <property name="Category" value="GDX.Tests" />
              </properties>
            </test-case>
            <test-case id="1281" name="GetInteger_Top_Inclusive" fullname="GDX.Mathematics.RangeTests.GetInteger_Top_Inclusive" methodname="GetInteger_Top_Inclusive" classname="GDX.Mathematics.RangeTests" runstate="Runnable" seed="92725002" result="Passed" start-time="2022-08-26 20:20:29Z" end-time="2022-08-26 20:20:29Z" duration="0.000161" asserts="0">
              <properties>
                <property name="Category" value="GDX.Tests" />
              </properties>
            </test-case>
            <test-case id="1283" name="GetSingle_Bottom_Inclusive" fullname="GDX.Mathematics.RangeTests.GetSingle_Bottom_Inclusive" methodname="GetSingle_Bottom_Inclusive" classname="GDX.Mathematics.RangeTests" runstate="Runnable" seed="125488922" result="Passed" start-time="2022-08-26 20:20:29Z" end-time="2022-08-26 20:20:29Z" duration="0.000133" asserts="0">
              <properties>
                <property name="Category" value="GDX.Tests" />
              </properties>
            </test-case>
            <test-case id="1285" name="GetSingle_Middle_Inclusive" fullname="GDX.Mathematics.RangeTests.GetSingle_Middle_Inclusive" methodname="GetSingle_Middle_Inclusive" classname="GDX.Mathematics.RangeTests" runstate="Runnable" seed="355916120" result="Passed" start-time="2022-08-26 20:20:29Z" end-time="2022-08-26 20:20:29Z" duration="0.000134" asserts="0">
              <properties>
                <property name="Category" value="GDX.Tests" />
              </properties>
            </test-case>
            <test-case id="1284" name="GetSingle_Top_Inclusive" fullname="GDX.Mathematics.RangeTests.GetSingle_Top_Inclusive" methodname="GetSingle_Top_Inclusive" classname="GDX.Mathematics.RangeTests" runstate="Runnable" seed="1002043562" result="Passed" start-time="2022-08-26 20:20:29Z" end-time="2022-08-26 20:20:29Z" duration="0.000130" asserts="0">
              <properties>
                <property name="Category" value="GDX.Tests" />
              </properties>
            </test-case>
            <test-case id="1286" name="GetUnsignedInteger_Bottom_Inclusive" fullname="GDX.Mathematics.RangeTests.GetUnsignedInteger_Bottom_Inclusive" methodname="GetUnsignedInteger_Bottom_Inclusive" classname="GDX.Mathematics.RangeTests" runstate="Runnable" seed="1477166465" result="Passed" start-time="2022-08-26 20:20:29Z" end-time="2022-08-26 20:20:29Z" duration="0.000130" asserts="0">
              <properties>
                <property name="Category" value="GDX.Tests" />
              </properties>
            </test-case>
            <test-case id="1288" name="GetUnsignedInteger_Middle_Inclusive" fullname="GDX.Mathematics.RangeTests.GetUnsignedInteger_Middle_Inclusive" methodname="GetUnsignedInteger_Middle_Inclusive" classname="GDX.Mathematics.RangeTests" runstate="Runnable" seed="331218358" result="Passed" start-time="2022-08-26 20:20:29Z" end-time="2022-08-26 20:20:29Z" duration="0.000124" asserts="0">
              <properties>
                <property name="Category" value="GDX.Tests" />
              </properties>
            </test-case>
            <test-case id="1287" name="GetUnsignedInteger_Top_Inclusive" fullname="GDX.Mathematics.RangeTests.GetUnsignedInteger_Top_Inclusive" methodname="GetUnsignedInteger_Top_Inclusive" classname="GDX.Mathematics.RangeTests" runstate="Runnable" seed="1126392721" result="Passed" start-time="2022-08-26 20:20:29Z" end-time="2022-08-26 20:20:29Z" duration="0.000128" asserts="0">
              <properties>
                <property name="Category" value="GDX.Tests" />
              </properties>
            </test-case>
          </test-suite>
        </test-suite>
        <test-suite type="TestFixture" id="1068" name="PlayerLoopSystemExtensionsTests" fullname="GDX.PlayerLoopSystemExtensionsTests" classname="GDX.PlayerLoopSystemExtensionsTests" runstate="Runnable" testcasecount="2" result="Passed" start-time="2022-08-26 20:20:29Z" end-time="2022-08-26 20:20:29Z" duration="0.005869" total="2" passed="2" failed="0" inconclusive="0" skipped="0" asserts="0">
          <properties />
          <test-case id="1070" name="AddSubSystemToFirstSubSystemOfType_MethodType_Added" fullname="GDX.PlayerLoopSystemExtensionsTests.AddSubSystemToFirstSubSystemOfType_MethodType_Added" methodname="AddSubSystemToFirstSubSystemOfType_MethodType_Added" classname="GDX.PlayerLoopSystemExtensionsTests" runstate="Runnable" seed="394365113" result="Passed" start-time="2022-08-26 20:20:29Z" end-time="2022-08-26 20:20:29Z" duration="0.003171" asserts="0">
            <properties>
              <property name="Category" value="GDX.Tests" />
            </properties>
          </test-case>
          <test-case id="1069" name="AddSubSystemToFirstSubSystemOfType_PlayerSystem_Added" fullname="GDX.PlayerLoopSystemExtensionsTests.AddSubSystemToFirstSubSystemOfType_PlayerSystem_Added" methodname="AddSubSystemToFirstSubSystemOfType_PlayerSystem_Added" classname="GDX.PlayerLoopSystemExtensionsTests" runstate="Runnable" seed="704559104" result="Passed" start-time="2022-08-26 20:20:29Z" end-time="2022-08-26 20:20:29Z" duration="0.000597" asserts="0">
            <properties>
              <property name="Category" value="GDX.Tests" />
            </properties>
          </test-case>
        </test-suite>
        <test-suite type="TestFixture" id="1071" name="ReflectionTests" fullname="GDX.ReflectionTests" classname="GDX.ReflectionTests" runstate="Runnable" testcasecount="28" result="Passed" start-time="2022-08-26 20:20:29Z" end-time="2022-08-26 20:20:29Z" duration="0.039986" total="28" passed="28" failed="0" inconclusive="0" skipped="0" asserts="0">
          <properties />
          <test-case id="1073" name="GetDefault_NonNullable_ReturnsValue" fullname="GDX.ReflectionTests.GetDefault_NonNullable_ReturnsValue" methodname="GetDefault_NonNullable_ReturnsValue" classname="GDX.ReflectionTests" runstate="Runnable" seed="207211466" result="Passed" start-time="2022-08-26 20:20:29Z" end-time="2022-08-26 20:20:29Z" duration="0.000281" asserts="0">
            <properties>
              <property name="Category" value="GDX.Tests" />
            </properties>
          </test-case>
          <test-case id="1072" name="GetDefault_Nullable_ReturnsNull" fullname="GDX.ReflectionTests.GetDefault_Nullable_ReturnsNull" methodname="GetDefault_Nullable_ReturnsNull" classname="GDX.ReflectionTests" runstate="Runnable" seed="1906927113" result="Passed" start-time="2022-08-26 20:20:29Z" end-time="2022-08-26 20:20:29Z" duration="0.000128" asserts="0">
            <properties>
              <property name="Category" value="GDX.Tests" />
            </properties>
          </test-case>
          <test-case id="1075" name="GetType_BadType_ReturnsNull" fullname="GDX.ReflectionTests.GetType_BadType_ReturnsNull" methodname="GetType_BadType_ReturnsNull" classname="GDX.ReflectionTests" runstate="Runnable" seed="910673326" result="Passed" start-time="2022-08-26 20:20:29Z" end-time="2022-08-26 20:20:29Z" duration="0.001470" asserts="0">
            <properties>
              <property name="Category" value="GDX.Tests" />
            </properties>
          </test-case>
          <test-case id="1074" name="GetType_QualifiedType_ReturnsType" fullname="GDX.ReflectionTests.GetType_QualifiedType_ReturnsType" methodname="GetType_QualifiedType_ReturnsType" classname="GDX.ReflectionTests" runstate="Runnable" seed="83571248" result="Passed" start-time="2022-08-26 20:20:29Z" end-time="2022-08-26 20:20:29Z" duration="0.000255" asserts="0">
            <properties>
              <property name="Category" value="GDX.Tests" />
            </properties>
          </test-case>
          <test-case id="1077" name="InvokeStaticMethod_BadMethod_ReturnsNull" fullname="GDX.ReflectionTests.InvokeStaticMethod_BadMethod_ReturnsNull" methodname="InvokeStaticMethod_BadMethod_ReturnsNull" classname="GDX.ReflectionTests" runstate="Runnable" seed="454766090" result="Passed" start-time="2022-08-26 20:20:29Z" end-time="2022-08-26 20:20:29Z" duration="0.000215" asserts="0">
            <properties>
              <property name="Category" value="GDX.Tests" />
              <property name="Category" value="GDX.Tests" />
            </properties>
          </test-case>
          <test-case id="1078" name="InvokeStaticMethod_BadType_ReturnsNull" fullname="GDX.ReflectionTests.InvokeStaticMethod_BadType_ReturnsNull" methodname="InvokeStaticMethod_BadType_ReturnsNull" classname="GDX.ReflectionTests" runstate="Runnable" seed="103535889" result="Passed" start-time="2022-08-26 20:20:29Z" end-time="2022-08-26 20:20:29Z" duration="0.000359" asserts="0">
            <properties>
              <property name="Category" value="GDX.Tests" />
            </properties>
          </test-case>
          <test-case id="1076" name="InvokeStaticMethod_ProjectBrowser_ReturnsListOfBrowsers" fullname="GDX.ReflectionTests.InvokeStaticMethod_ProjectBrowser_ReturnsListOfBrowsers" methodname="InvokeStaticMethod_ProjectBrowser_ReturnsListOfBrowsers" classname="GDX.ReflectionTests" runstate="Runnable" seed="2025248970" result="Passed" start-time="2022-08-26 20:20:29Z" end-time="2022-08-26 20:20:29Z" duration="0.000270" asserts="0">
            <properties>
              <property name="Category" value="GDX.Tests" />
            </properties>
          </test-case>
          <test-case id="1082" name="SetFieldOrPropertyValue_NoTarget_ReturnsFalse" fullname="GDX.ReflectionTests.SetFieldOrPropertyValue_NoTarget_ReturnsFalse" methodname="SetFieldOrPropertyValue_NoTarget_ReturnsFalse" classname="GDX.ReflectionTests" runstate="Runnable" seed="1498313635" result="Passed" start-time="2022-08-26 20:20:29Z" end-time="2022-08-26 20:20:29Z" duration="0.000313" asserts="0">
            <properties>
              <property name="Category" value="GDX.Tests" />
            </properties>
          </test-case>
          <test-case id="1081" name="SetFieldOrPropertyValue_NoType_ReturnsFalse" fullname="GDX.ReflectionTests.SetFieldOrPropertyValue_NoType_ReturnsFalse" methodname="SetFieldOrPropertyValue_NoType_ReturnsFalse" classname="GDX.ReflectionTests" runstate="Runnable" seed="942782686" result="Passed" start-time="2022-08-26 20:20:29Z" end-time="2022-08-26 20:20:29Z" duration="0.018151" asserts="0">
            <properties>
              <property name="Category" value="GDX.Tests" />
            </properties>
          </test-case>
          <test-case id="1079" name="SetFieldOrPropertyValue_ProjectBrowser_SetIsLocked" fullname="GDX.ReflectionTests.SetFieldOrPropertyValue_ProjectBrowser_SetIsLocked" methodname="SetFieldOrPropertyValue_ProjectBrowser_SetIsLocked" classname="GDX.ReflectionTests" runstate="Runnable" seed="1732923925" result="Passed" start-time="2022-08-26 20:20:29Z" end-time="2022-08-26 20:20:29Z" duration="0.001668" asserts="0">
            <properties>
              <property name="Category" value="GDX.Tests" />
            </properties>
          </test-case>
          <test-case id="1080" name="SetFieldOrPropertyValue_ProjectBrowser_SetSearchFieldText" fullname="GDX.ReflectionTests.SetFieldOrPropertyValue_ProjectBrowser_SetSearchFieldText" methodname="SetFieldOrPropertyValue_ProjectBrowser_SetSearchFieldText" classname="GDX.ReflectionTests" runstate="Runnable" seed="1021996057" result="Passed" start-time="2022-08-26 20:20:29Z" end-time="2022-08-26 20:20:29Z" duration="0.000599" asserts="0">
            <properties>
              <property name="Category" value="GDX.Tests" />
            </properties>
          </test-case>
          <test-case id="1085" name="SetFieldValue_BadField_ReturnsFalse" fullname="GDX.ReflectionTests.SetFieldValue_BadField_ReturnsFalse" methodname="SetFieldValue_BadField_ReturnsFalse" classname="GDX.ReflectionTests" runstate="Runnable" seed="1394147869" result="Passed" start-time="2022-08-26 20:20:29Z" end-time="2022-08-26 20:20:29Z" duration="0.000428" asserts="0">
            <properties>
              <property name="Category" value="GDX.Tests" />
            </properties>
          </test-case>
          <test-case id="1084" name="SetFieldValue_NoType_ReturnsFalse" fullname="GDX.ReflectionTests.SetFieldValue_NoType_ReturnsFalse" methodname="SetFieldValue_NoType_ReturnsFalse" classname="GDX.ReflectionTests" runstate="Runnable" seed="989969728" result="Passed" start-time="2022-08-26 20:20:29Z" end-time="2022-08-26 20:20:29Z" duration="0.000350" asserts="0">
            <properties>
              <property name="Category" value="GDX.Tests" />
            </properties>
          </test-case>
          <test-case id="1083" name="SetFieldValue_ProjectBrowser_SetSearchFieldText" fullname="GDX.ReflectionTests.SetFieldValue_ProjectBrowser_SetSearchFieldText" methodname="SetFieldValue_ProjectBrowser_SetSearchFieldText" classname="GDX.ReflectionTests" runstate="Runnable" seed="1463439721" result="Passed" start-time="2022-08-26 20:20:29Z" end-time="2022-08-26 20:20:29Z" duration="0.000404" asserts="0">
            <properties>
              <property name="Category" value="GDX.Tests" />
            </properties>
          </test-case>
          <test-case id="1088" name="SetPropertyValue_InvalidName_IsFalse" fullname="GDX.ReflectionTests.SetPropertyValue_InvalidName_IsFalse" methodname="SetPropertyValue_InvalidName_IsFalse" classname="GDX.ReflectionTests" runstate="Runnable" seed="663491131" result="Passed" start-time="2022-08-26 20:20:29Z" end-time="2022-08-26 20:20:29Z" duration="0.000458" asserts="0">
            <properties>
              <property name="Category" value="GDX.Tests" />
            </properties>
          </test-case>
          <test-case id="1087" name="SetPropertyValue_NoType_IsFalse" fullname="GDX.ReflectionTests.SetPropertyValue_NoType_IsFalse" methodname="SetPropertyValue_NoType_IsFalse" classname="GDX.ReflectionTests" runstate="Runnable" seed="1730563044" result="Passed" start-time="2022-08-26 20:20:29Z" end-time="2022-08-26 20:20:29Z" duration="0.000352" asserts="0">
            <properties>
              <property name="Category" value="GDX.Tests" />
            </properties>
          </test-case>
          <test-case id="1086" name="SetPropertyValue_QualifiedProperty_IsSet" fullname="GDX.ReflectionTests.SetPropertyValue_QualifiedProperty_IsSet" methodname="SetPropertyValue_QualifiedProperty_IsSet" classname="GDX.ReflectionTests" runstate="Runnable" seed="48264434" result="Passed" start-time="2022-08-26 20:20:29Z" end-time="2022-08-26 20:20:29Z" duration="0.000543" asserts="0">
            <properties>
              <property name="Category" value="GDX.Tests" />
            </properties>
          </test-case>
          <test-case id="1091" name="TryGetFieldOrPropertyValue_BadField_ReturnsStartGridSize" fullname="GDX.ReflectionTests.TryGetFieldOrPropertyValue_BadField_ReturnsStartGridSize" methodname="TryGetFieldOrPropertyValue_BadField_ReturnsStartGridSize" classname="GDX.ReflectionTests" runstate="Runnable" seed="48887736" result="Passed" start-time="2022-08-26 20:20:29Z" end-time="2022-08-26 20:20:29Z" duration="0.000368" asserts="0">
            <properties>
              <property name="Category" value="GDX.Tests" />
            </properties>
          </test-case>
          <test-case id="1090" name="TryGetFieldOrPropertyValue_NoField_ReturnsDefault" fullname="GDX.ReflectionTests.TryGetFieldOrPropertyValue_NoField_ReturnsDefault" methodname="TryGetFieldOrPropertyValue_NoField_ReturnsDefault" classname="GDX.ReflectionTests" runstate="Runnable" seed="759218486" result="Passed" start-time="2022-08-26 20:20:29Z" end-time="2022-08-26 20:20:29Z" duration="0.000462" asserts="0">
            <properties>
              <property name="Category" value="GDX.Tests" />
            </properties>
          </test-case>
          <test-case id="1089" name="TryGetFieldOrPropertyValue_NoTarget_ReturnsDefault" fullname="GDX.ReflectionTests.TryGetFieldOrPropertyValue_NoTarget_ReturnsDefault" methodname="TryGetFieldOrPropertyValue_NoTarget_ReturnsDefault" classname="GDX.ReflectionTests" runstate="Runnable" seed="348035400" result="Passed" start-time="2022-08-26 20:20:29Z" end-time="2022-08-26 20:20:29Z" duration="0.000147" asserts="0">
            <properties>
              <property name="Category" value="GDX.Tests" />
            </properties>
          </test-case>
          <test-case id="1092" name="TryGetFieldOrPropertyValue_ProjectBrowserField_ReturnsStartGridSize" fullname="GDX.ReflectionTests.TryGetFieldOrPropertyValue_ProjectBrowserField_ReturnsStartGridSize" methodname="TryGetFieldOrPropertyValue_ProjectBrowserField_ReturnsStartGridSize" classname="GDX.ReflectionTests" runstate="Runnable" seed="581692379" result="Passed" start-time="2022-08-26 20:20:29Z" end-time="2022-08-26 20:20:29Z" duration="0.000455" asserts="0">
            <properties>
              <property name="Category" value="GDX.Tests" />
            </properties>
          </test-case>
          <test-case id="1093" name="TryGetFieldOrPropertyValue_ProjectBrowserProperty_ReturnsIsLocked" fullname="GDX.ReflectionTests.TryGetFieldOrPropertyValue_ProjectBrowserProperty_ReturnsIsLocked" methodname="TryGetFieldOrPropertyValue_ProjectBrowserProperty_ReturnsIsLocked" classname="GDX.ReflectionTests" runstate="Runnable" seed="955781288" result="Passed" start-time="2022-08-26 20:20:29Z" end-time="2022-08-26 20:20:29Z" duration="0.001276" asserts="0">
            <properties>
              <property name="Category" value="GDX.Tests" />
            </properties>
          </test-case>
          <test-case id="1096" name="TryGetFieldValue_BadField_ReturnsDefault" fullname="GDX.ReflectionTests.TryGetFieldValue_BadField_ReturnsDefault" methodname="TryGetFieldValue_BadField_ReturnsDefault" classname="GDX.ReflectionTests" runstate="Runnable" seed="2100637779" result="Passed" start-time="2022-08-26 20:20:29Z" end-time="2022-08-26 20:20:29Z" duration="0.000466" asserts="0">
            <properties>
              <property name="Category" value="GDX.Tests" />
            </properties>
          </test-case>
          <test-case id="1095" name="TryGetFieldValue_NoType_ReturnsDefault" fullname="GDX.ReflectionTests.TryGetFieldValue_NoType_ReturnsDefault" methodname="TryGetFieldValue_NoType_ReturnsDefault" classname="GDX.ReflectionTests" runstate="Runnable" seed="373571976" result="Passed" start-time="2022-08-26 20:20:29Z" end-time="2022-08-26 20:20:29Z" duration="0.000370" asserts="0">
            <properties>
              <property name="Category" value="GDX.Tests" />
            </properties>
          </test-case>
          <test-case id="1094" name="TryGetFieldValue_ProjectBrowser_ReturnsTrueGetFieldText" fullname="GDX.ReflectionTests.TryGetFieldValue_ProjectBrowser_ReturnsTrueGetFieldText" methodname="TryGetFieldValue_ProjectBrowser_ReturnsTrueGetFieldText" classname="GDX.ReflectionTests" runstate="Runnable" seed="1711056899" result="Passed" start-time="2022-08-26 20:20:29Z" end-time="2022-08-26 20:20:29Z" duration="0.000379" asserts="0">
            <properties>
              <property name="Category" value="GDX.Tests" />
            </properties>
          </test-case>
          <test-case id="1099" name="TryGetPropertyValue_InvalidName_IsFalse" fullname="GDX.ReflectionTests.TryGetPropertyValue_InvalidName_IsFalse" methodname="TryGetPropertyValue_InvalidName_IsFalse" classname="GDX.ReflectionTests" runstate="Runnable" seed="1375934960" result="Passed" start-time="2022-08-26 20:20:29Z" end-time="2022-08-26 20:20:29Z" duration="0.000360" asserts="0">
            <properties>
              <property name="Category" value="GDX.Tests" />
            </properties>
          </test-case>
          <test-case id="1098" name="TryGetPropertyValue_NoType_IsFalse" fullname="GDX.ReflectionTests.TryGetPropertyValue_NoType_IsFalse" methodname="TryGetPropertyValue_NoType_IsFalse" classname="GDX.ReflectionTests" runstate="Runnable" seed="2107631010" result="Passed" start-time="2022-08-26 20:20:29Z" end-time="2022-08-26 20:20:29Z" duration="0.000359" asserts="0">
            <properties>
              <property name="Category" value="GDX.Tests" />
            </properties>
          </test-case>
          <test-case id="1097" name="TryGetPropertyValue_QualifiedProperty_IsTrue" fullname="GDX.ReflectionTests.TryGetPropertyValue_QualifiedProperty_IsTrue" methodname="TryGetPropertyValue_QualifiedProperty_IsTrue" classname="GDX.ReflectionTests" runstate="Runnable" seed="1211228784" result="Passed" start-time="2022-08-26 20:20:29Z" end-time="2022-08-26 20:20:29Z" duration="0.000364" asserts="0">
            <properties>
              <property name="Category" value="GDX.Tests" />
            </properties>
          </test-case>
        </test-suite>
        <test-suite type="TestSuite" id="1720" name="Rendering" fullname="GDX.Rendering" runstate="Runnable" testcasecount="2" result="Passed" start-time="2022-08-26 20:20:29Z" end-time="2022-08-26 20:20:29Z" duration="0.142524" total="2" passed="2" failed="0" inconclusive="0" skipped="0" asserts="0">
          <properties />
          <test-suite type="TestFixture" id="1235" name="ShaderProviderTests" fullname="GDX.Rendering.ShaderProviderTests" classname="GDX.Rendering.ShaderProviderTests" runstate="Runnable" testcasecount="2" result="Passed" start-time="2022-08-26 20:20:29Z" end-time="2022-08-26 20:20:29Z" duration="0.006833" total="2" passed="2" failed="0" inconclusive="0" skipped="0" asserts="0">
            <properties />
            <test-case id="1236" name="DottedLine_NotNull" fullname="GDX.Rendering.ShaderProviderTests.DottedLine_NotNull" methodname="DottedLine_NotNull" classname="GDX.Rendering.ShaderProviderTests" runstate="Runnable" seed="1351575768" result="Passed" start-time="2022-08-26 20:20:29Z" end-time="2022-08-26 20:20:29Z" duration="0.000218" asserts="0">
              <properties>
                <property name="Category" value="GDX.Tests" />
              </properties>
            </test-case>
            <test-case id="1237" name="UnlitColor_NotNull" fullname="GDX.Rendering.ShaderProviderTests.UnlitColor_NotNull" methodname="UnlitColor_NotNull" classname="GDX.Rendering.ShaderProviderTests" runstate="Runnable" seed="1028839230" result="Passed" start-time="2022-08-26 20:20:29Z" end-time="2022-08-26 20:20:29Z" duration="0.000180" asserts="0">
              <properties>
                <property name="Category" value="GDX.Tests" />
              </properties>
            </test-case>
          </test-suite>
        </test-suite>
        <test-suite type="TestFixture" id="1100" name="SegmentedStringTests" fullname="GDX.SegmentedStringTests" classname="GDX.SegmentedStringTests" runstate="Runnable" testcasecount="9" result="Passed" start-time="2022-08-26 20:20:29Z" end-time="2022-08-26 20:20:29Z" duration="0.007546" total="9" passed="9" failed="0" inconclusive="0" skipped="0" asserts="0">
          <properties />
          <test-case id="1101" name="AsCharArray_MockData_ReturnsAll" fullname="GDX.SegmentedStringTests.AsCharArray_MockData_ReturnsAll" methodname="AsCharArray_MockData_ReturnsAll" classname="GDX.SegmentedStringTests" runstate="Runnable" seed="2133818939" result="Passed" start-time="2022-08-26 20:20:29Z" end-time="2022-08-26 20:20:29Z" duration="0.000661" asserts="0">
            <properties>
              <property name="Category" value="GDX.Tests" />
            </properties>
          </test-case>
          <test-case id="1102" name="AsCharArray_MockDataSpecific_ReturnsTarget" fullname="GDX.SegmentedStringTests.AsCharArray_MockDataSpecific_ReturnsTarget" methodname="AsCharArray_MockDataSpecific_ReturnsTarget" classname="GDX.SegmentedStringTests" runstate="Runnable" seed="56111604" result="Passed" start-time="2022-08-26 20:20:29Z" end-time="2022-08-26 20:20:29Z" duration="0.000230" asserts="0">
            <properties>
              <property name="Category" value="GDX.Tests" />
            </properties>
          </test-case>
          <test-case id="1103" name="AsString_MockData_ReturnsLowered" fullname="GDX.SegmentedStringTests.AsString_MockData_ReturnsLowered" methodname="AsString_MockData_ReturnsLowered" classname="GDX.SegmentedStringTests" runstate="Runnable" seed="442790264" result="Passed" start-time="2022-08-26 20:20:29Z" end-time="2022-08-26 20:20:29Z" duration="0.000221" asserts="0">
            <properties>
              <property name="Category" value="GDX.Tests" />
            </properties>
          </test-case>
          <test-case id="1104" name="GetCount_MockData_Correct" fullname="GDX.SegmentedStringTests.GetCount_MockData_Correct" methodname="GetCount_MockData_Correct" classname="GDX.SegmentedStringTests" runstate="Runnable" seed="561769844" result="Passed" start-time="2022-08-26 20:20:29Z" end-time="2022-08-26 20:20:29Z" duration="0.000418" asserts="0">
            <properties>
              <property name="Category" value="GDX.Tests" />
            </properties>
          </test-case>
          <test-case id="1105" name="GetHashCode_MockData_Correct" fullname="GDX.SegmentedStringTests.GetHashCode_MockData_Correct" methodname="GetHashCode_MockData_Correct" classname="GDX.SegmentedStringTests" runstate="Runnable" seed="1700802232" result="Passed" start-time="2022-08-26 20:20:29Z" end-time="2022-08-26 20:20:29Z" duration="0.000185" asserts="0">
            <properties>
              <property name="Category" value="GDX.Tests" />
            </properties>
          </test-case>
          <test-case id="1106" name="GetOffset_MockData_Valid" fullname="GDX.SegmentedStringTests.GetOffset_MockData_Valid" methodname="GetOffset_MockData_Valid" classname="GDX.SegmentedStringTests" runstate="Runnable" seed="1658315316" result="Passed" start-time="2022-08-26 20:20:29Z" end-time="2022-08-26 20:20:29Z" duration="0.000190" asserts="0">
            <properties>
              <property name="Category" value="GDX.Tests" />
            </properties>
          </test-case>
          <test-case id="1108" name="GetSegment_MockData_Matches" fullname="GDX.SegmentedStringTests.GetSegment_MockData_Matches" methodname="GetSegment_MockData_Matches" classname="GDX.SegmentedStringTests" runstate="Runnable" seed="1977851070" result="Passed" start-time="2022-08-26 20:20:29Z" end-time="2022-08-26 20:20:29Z" duration="0.000258" asserts="0">
            <properties>
              <property name="Category" value="GDX.Tests" />
            </properties>
          </test-case>
          <test-case id="1107" name="GetSegmentLength_MockData_CorrectCount" fullname="GDX.SegmentedStringTests.GetSegmentLength_MockData_CorrectCount" methodname="GetSegmentLength_MockData_CorrectCount" classname="GDX.SegmentedStringTests" runstate="Runnable" seed="32595524" result="Passed" start-time="2022-08-26 20:20:29Z" end-time="2022-08-26 20:20:29Z" duration="0.000193" asserts="0">
            <properties>
              <property name="Category" value="GDX.Tests" />
            </properties>
          </test-case>
          <test-case id="1109" name="SplitOnNonAlphaNumericToLowerHashed_MockData_ValidHashCodes" fullname="GDX.SegmentedStringTests.SplitOnNonAlphaNumericToLowerHashed_MockData_ValidHashCodes" methodname="SplitOnNonAlphaNumericToLowerHashed_MockData_ValidHashCodes" classname="GDX.SegmentedStringTests" runstate="Runnable" seed="2027956707" result="Passed" start-time="2022-08-26 20:20:29Z" end-time="2022-08-26 20:20:29Z" duration="0.000367" asserts="0">
            <properties>
              <property name="Category" value="GDX.Tests" />
            </properties>
          </test-case>
        </test-suite>
        <test-suite type="TestFixture" id="1110" name="SimpleListExtensionsTests" fullname="GDX.SimpleListExtensionsTests" classname="GDX.SimpleListExtensionsTests" runstate="Runnable" testcasecount="24" result="Passed" start-time="2022-08-26 20:20:29Z" end-time="2022-08-26 20:20:29Z" duration="0.019955" total="24" passed="24" failed="0" inconclusive="0" skipped="0" asserts="0">
          <properties />
          <test-case id="1113" name="AddUncheckedUniqueItem_NonUniqueString_ReturnsFalse" fullname="GDX.SimpleListExtensionsTests.AddUncheckedUniqueItem_NonUniqueString_ReturnsFalse" methodname="AddUncheckedUniqueItem_NonUniqueString_ReturnsFalse" classname="GDX.SimpleListExtensionsTests" runstate="Runnable" seed="217070505" result="Passed" start-time="2022-08-26 20:20:29Z" end-time="2022-08-26 20:20:29Z" duration="0.000670" asserts="0">
            <properties>
              <property name="Category" value="GDX.Tests" />
            </properties>
          </test-case>
          <test-case id="1115" name="AddUncheckedUniqueItem_UniqueStringWithNoRoom_ThrowsException" fullname="GDX.SimpleListExtensionsTests.AddUncheckedUniqueItem_UniqueStringWithNoRoom_ThrowsException" methodname="AddUncheckedUniqueItem_UniqueStringWithNoRoom_ThrowsException" classname="GDX.SimpleListExtensionsTests" runstate="Runnable" seed="1188804210" result="Passed" start-time="2022-08-26 20:20:29Z" end-time="2022-08-26 20:20:29Z" duration="0.000370" asserts="0">
            <properties>
              <property name="Category" value="GDX.Tests" />
            </properties>
          </test-case>
          <test-case id="1114" name="AddUncheckedUniqueItem_UniqueStringWithRoom_NoException" fullname="GDX.SimpleListExtensionsTests.AddUncheckedUniqueItem_UniqueStringWithRoom_NoException" methodname="AddUncheckedUniqueItem_UniqueStringWithRoom_NoException" classname="GDX.SimpleListExtensionsTests" runstate="Runnable" seed="1891280580" result="Passed" start-time="2022-08-26 20:20:29Z" end-time="2022-08-26 20:20:29Z" duration="0.000789" asserts="0">
            <properties>
              <property name="Category" value="GDX.Tests" />
            </properties>
          </test-case>
          <test-case id="1118" name="AddUncheckedUniqueReference_NonUniqueString_ReturnsFalse" fullname="GDX.SimpleListExtensionsTests.AddUncheckedUniqueReference_NonUniqueString_ReturnsFalse" methodname="AddUncheckedUniqueReference_NonUniqueString_ReturnsFalse" classname="GDX.SimpleListExtensionsTests" runstate="Runnable" seed="1179077694" result="Passed" start-time="2022-08-26 20:20:29Z" end-time="2022-08-26 20:20:29Z" duration="0.000419" asserts="0">
            <properties>
              <property name="Category" value="GDX.Tests" />
            </properties>
          </test-case>
          <test-case id="1120" name="AddUncheckedUniqueReference_UniqueStringWithNoRoom_ThrowsException" fullname="GDX.SimpleListExtensionsTests.AddUncheckedUniqueReference_UniqueStringWithNoRoom_ThrowsException" methodname="AddUncheckedUniqueReference_UniqueStringWithNoRoom_ThrowsException" classname="GDX.SimpleListExtensionsTests" runstate="Runnable" seed="892435318" result="Passed" start-time="2022-08-26 20:20:29Z" end-time="2022-08-26 20:20:29Z" duration="0.000360" asserts="0">
            <properties>
              <property name="Category" value="GDX.Tests" />
            </properties>
          </test-case>
          <test-case id="1119" name="AddUncheckedUniqueReference_UniqueStringWithRoom_NoException" fullname="GDX.SimpleListExtensionsTests.AddUncheckedUniqueReference_UniqueStringWithRoom_NoException" methodname="AddUncheckedUniqueReference_UniqueStringWithRoom_NoException" classname="GDX.SimpleListExtensionsTests" runstate="Runnable" seed="967645520" result="Passed" start-time="2022-08-26 20:20:29Z" end-time="2022-08-26 20:20:29Z" duration="0.000327" asserts="0">
            <properties>
              <property name="Category" value="GDX.Tests" />
            </properties>
          </test-case>
          <test-case id="1111" name="AddWithExpandCheckUniqueItem_NonUniqueString_ReturnsFalse" fullname="GDX.SimpleListExtensionsTests.AddWithExpandCheckUniqueItem_NonUniqueString_ReturnsFalse" methodname="AddWithExpandCheckUniqueItem_NonUniqueString_ReturnsFalse" classname="GDX.SimpleListExtensionsTests" runstate="Runnable" seed="498827013" result="Passed" start-time="2022-08-26 20:20:29Z" end-time="2022-08-26 20:20:29Z" duration="0.000332" asserts="0">
            <properties>
              <property name="Category" value="GDX.Tests" />
            </properties>
          </test-case>
          <test-case id="1112" name="AddWithExpandCheckUniqueItem_UniqueString_ReturnsTrue" fullname="GDX.SimpleListExtensionsTests.AddWithExpandCheckUniqueItem_UniqueString_ReturnsTrue" methodname="AddWithExpandCheckUniqueItem_UniqueString_ReturnsTrue" classname="GDX.SimpleListExtensionsTests" runstate="Runnable" seed="2049251115" result="Passed" start-time="2022-08-26 20:20:29Z" end-time="2022-08-26 20:20:29Z" duration="0.000257" asserts="0">
            <properties>
              <property name="Category" value="GDX.Tests" />
            </properties>
          </test-case>
          <test-case id="1116" name="AddWithExpandCheckUniqueReference_NonUniqueString_ReturnsFalse" fullname="GDX.SimpleListExtensionsTests.AddWithExpandCheckUniqueReference_NonUniqueString_ReturnsFalse" methodname="AddWithExpandCheckUniqueReference_NonUniqueString_ReturnsFalse" classname="GDX.SimpleListExtensionsTests" runstate="Runnable" seed="444486000" result="Passed" start-time="2022-08-26 20:20:29Z" end-time="2022-08-26 20:20:29Z" duration="0.000328" asserts="0">
            <properties>
              <property name="Category" value="GDX.Tests" />
            </properties>
          </test-case>
          <test-case id="1117" name="AddWithExpandCheckUniqueReference_UniqueString_ReturnsTrue" fullname="GDX.SimpleListExtensionsTests.AddWithExpandCheckUniqueReference_UniqueString_ReturnsTrue" methodname="AddWithExpandCheckUniqueReference_UniqueString_ReturnsTrue" classname="GDX.SimpleListExtensionsTests" runstate="Runnable" seed="1721450436" result="Passed" start-time="2022-08-26 20:20:29Z" end-time="2022-08-26 20:20:29Z" duration="0.000242" asserts="0">
            <properties>
              <property name="Category" value="GDX.Tests" />
            </properties>
          </test-case>
          <test-case id="1122" name="ContainsItem_Object_ReturnsTrue" fullname="GDX.SimpleListExtensionsTests.ContainsItem_Object_ReturnsTrue" methodname="ContainsItem_Object_ReturnsTrue" classname="GDX.SimpleListExtensionsTests" runstate="Runnable" seed="1104469358" result="Passed" start-time="2022-08-26 20:20:29Z" end-time="2022-08-26 20:20:29Z" duration="0.000282" asserts="0">
            <properties>
              <property name="Category" value="GDX.Tests" />
            </properties>
          </test-case>
          <test-case id="1121" name="ContainsItem_String_ReturnsTrue" fullname="GDX.SimpleListExtensionsTests.ContainsItem_String_ReturnsTrue" methodname="ContainsItem_String_ReturnsTrue" classname="GDX.SimpleListExtensionsTests" runstate="Runnable" seed="736521570" result="Passed" start-time="2022-08-26 20:20:29Z" end-time="2022-08-26 20:20:29Z" duration="0.000250" asserts="0">
            <properties>
              <property name="Category" value="GDX.Tests" />
            </properties>
          </test-case>
          <test-case id="1124" name="ContainsReference_Object_ReturnsTrue" fullname="GDX.SimpleListExtensionsTests.ContainsReference_Object_ReturnsTrue" methodname="ContainsReference_Object_ReturnsTrue" classname="GDX.SimpleListExtensionsTests" runstate="Runnable" seed="1801571562" result="Passed" start-time="2022-08-26 20:20:29Z" end-time="2022-08-26 20:20:29Z" duration="0.000272" asserts="0">
            <properties>
              <property name="Category" value="GDX.Tests" />
            </properties>
          </test-case>
          <test-case id="1123" name="ContainsReference_String_ReturnsTrue" fullname="GDX.SimpleListExtensionsTests.ContainsReference_String_ReturnsTrue" methodname="ContainsReference_String_ReturnsTrue" classname="GDX.SimpleListExtensionsTests" runstate="Runnable" seed="692107671" result="Passed" start-time="2022-08-26 20:20:29Z" end-time="2022-08-26 20:20:29Z" duration="0.000251" asserts="0">
            <properties>
              <property name="Category" value="GDX.Tests" />
            </properties>
          </test-case>
          <test-case id="1126" name="RemoveFirstItem_MockData_NoItemReturnsFalse" fullname="GDX.SimpleListExtensionsTests.RemoveFirstItem_MockData_NoItemReturnsFalse" methodname="RemoveFirstItem_MockData_NoItemReturnsFalse" classname="GDX.SimpleListExtensionsTests" runstate="Runnable" seed="1798270743" result="Passed" start-time="2022-08-26 20:20:29Z" end-time="2022-08-26 20:20:29Z" duration="0.000385" asserts="0">
            <properties>
              <property name="Category" value="GDX.Tests" />
            </properties>
          </test-case>
          <test-case id="1125" name="RemoveFirstItem_MockData_RemovedItem" fullname="GDX.SimpleListExtensionsTests.RemoveFirstItem_MockData_RemovedItem" methodname="RemoveFirstItem_MockData_RemovedItem" classname="GDX.SimpleListExtensionsTests" runstate="Runnable" seed="656091227" result="Passed" start-time="2022-08-26 20:20:29Z" end-time="2022-08-26 20:20:29Z" duration="0.000301" asserts="0">
            <properties>
              <property name="Category" value="GDX.Tests" />
            </properties>
          </test-case>
          <test-case id="1128" name="RemoveFirstReference_MockData_NoItemReturnsFalse" fullname="GDX.SimpleListExtensionsTests.RemoveFirstReference_MockData_NoItemReturnsFalse" methodname="RemoveFirstReference_MockData_NoItemReturnsFalse" classname="GDX.SimpleListExtensionsTests" runstate="Runnable" seed="949136926" result="Passed" start-time="2022-08-26 20:20:29Z" end-time="2022-08-26 20:20:29Z" duration="0.000384" asserts="0">
            <properties>
              <property name="Category" value="GDX.Tests" />
            </properties>
          </test-case>
          <test-case id="1127" name="RemoveFirstReference_MockData_RemovedItem" fullname="GDX.SimpleListExtensionsTests.RemoveFirstReference_MockData_RemovedItem" methodname="RemoveFirstReference_MockData_RemovedItem" classname="GDX.SimpleListExtensionsTests" runstate="Runnable" seed="1673394181" result="Passed" start-time="2022-08-26 20:20:29Z" end-time="2022-08-26 20:20:29Z" duration="0.000415" asserts="0">
            <properties>
              <property name="Category" value="GDX.Tests" />
            </properties>
          </test-case>
          <test-case id="1129" name="RemoveItems_MockData_RemovedItems" fullname="GDX.SimpleListExtensionsTests.RemoveItems_MockData_RemovedItems" methodname="RemoveItems_MockData_RemovedItems" classname="GDX.SimpleListExtensionsTests" runstate="Runnable" seed="1751730192" result="Passed" start-time="2022-08-26 20:20:29Z" end-time="2022-08-26 20:20:29Z" duration="0.000413" asserts="0">
            <properties>
              <property name="Category" value="GDX.Tests" />
            </properties>
          </test-case>
          <test-case id="1132" name="RemoveLastItem_MockData_NoItemReturnsFalse" fullname="GDX.SimpleListExtensionsTests.RemoveLastItem_MockData_NoItemReturnsFalse" methodname="RemoveLastItem_MockData_NoItemReturnsFalse" classname="GDX.SimpleListExtensionsTests" runstate="Runnable" seed="1213763682" result="Passed" start-time="2022-08-26 20:20:29Z" end-time="2022-08-26 20:20:29Z" duration="0.000408" asserts="0">
            <properties>
              <property name="Category" value="GDX.Tests" />
            </properties>
          </test-case>
          <test-case id="1131" name="RemoveLastItem_MockData_RemovedItem" fullname="GDX.SimpleListExtensionsTests.RemoveLastItem_MockData_RemovedItem" methodname="RemoveLastItem_MockData_RemovedItem" classname="GDX.SimpleListExtensionsTests" runstate="Runnable" seed="431720153" result="Passed" start-time="2022-08-26 20:20:29Z" end-time="2022-08-26 20:20:29Z" duration="0.000307" asserts="0">
            <properties>
              <property name="Category" value="GDX.Tests" />
            </properties>
          </test-case>
          <test-case id="1134" name="RemoveLastReference_MockData_NoItemReturnsFalse" fullname="GDX.SimpleListExtensionsTests.RemoveLastReference_MockData_NoItemReturnsFalse" methodname="RemoveLastReference_MockData_NoItemReturnsFalse" classname="GDX.SimpleListExtensionsTests" runstate="Runnable" seed="1378451944" result="Passed" start-time="2022-08-26 20:20:29Z" end-time="2022-08-26 20:20:29Z" duration="0.000397" asserts="0">
            <properties>
              <property name="Category" value="GDX.Tests" />
            </properties>
          </test-case>
          <test-case id="1133" name="RemoveLastReference_MockData_RemovedItem" fullname="GDX.SimpleListExtensionsTests.RemoveLastReference_MockData_RemovedItem" methodname="RemoveLastReference_MockData_RemovedItem" classname="GDX.SimpleListExtensionsTests" runstate="Runnable" seed="260952027" result="Passed" start-time="2022-08-26 20:20:29Z" end-time="2022-08-26 20:20:29Z" duration="0.000307" asserts="0">
            <properties>
              <property name="Category" value="GDX.Tests" />
            </properties>
          </test-case>
          <test-case id="1130" name="RemoveReferences_MockData_RemovedItems" fullname="GDX.SimpleListExtensionsTests.RemoveReferences_MockData_RemovedItems" methodname="RemoveReferences_MockData_RemovedItems" classname="GDX.SimpleListExtensionsTests" runstate="Runnable" seed="33967427" result="Passed" start-time="2022-08-26 20:20:29Z" end-time="2022-08-26 20:20:29Z" duration="0.000402" asserts="0">
            <properties>
              <property name="Category" value="GDX.Tests" />
            </properties>
          </test-case>
        </test-suite>
        <test-suite type="TestFixture" id="1140" name="StringExtensionsTests" fullname="GDX.StringExtensionsTests" classname="GDX.StringExtensionsTests" runstate="Runnable" testcasecount="38" result="Passed" start-time="2022-08-26 20:20:29Z" end-time="2022-08-26 20:20:29Z" duration="0.031575" total="38" passed="38" failed="0" inconclusive="0" skipped="0" asserts="0">
          <properties />
          <test-case id="1171" name="Concatenate_Simple_NoSuffix" fullname="GDX.StringExtensionsTests.Concatenate_Simple_NoSuffix" methodname="Concatenate_Simple_NoSuffix" classname="GDX.StringExtensionsTests" runstate="Runnable" seed="1943924895" result="Passed" start-time="2022-08-26 20:20:29Z" end-time="2022-08-26 20:20:29Z" duration="0.000684" asserts="0">
            <properties>
              <property name="Category" value="GDX.Tests" />
            </properties>
          </test-case>
          <test-case id="1172" name="Concatenate_Simple_Suffix" fullname="GDX.StringExtensionsTests.Concatenate_Simple_Suffix" methodname="Concatenate_Simple_Suffix" classname="GDX.StringExtensionsTests" runstate="Runnable" seed="808931164" result="Passed" start-time="2022-08-26 20:20:29Z" end-time="2022-08-26 20:20:29Z" duration="0.000243" asserts="0">
            <properties>
              <property name="Category" value="GDX.Tests" />
            </properties>
          </test-case>
          <test-case id="1169" name="CountOccurence_TwoMockData_ReturnsTwo" fullname="GDX.StringExtensionsTests.CountOccurence_TwoMockData_ReturnsTwo" methodname="CountOccurence_TwoMockData_ReturnsTwo" classname="GDX.StringExtensionsTests" runstate="Runnable" seed="1544803009" result="Passed" start-time="2022-08-26 20:20:29Z" end-time="2022-08-26 20:20:29Z" duration="0.000322" asserts="0">
            <properties>
              <property name="Category" value="GDX.Tests" />
            </properties>
          </test-case>
          <test-case id="1170" name="CountOccurence_ZeroMockData_ReturnsTwo" fullname="GDX.StringExtensionsTests.CountOccurence_ZeroMockData_ReturnsTwo" methodname="CountOccurence_ZeroMockData_ReturnsTwo" classname="GDX.StringExtensionsTests" runstate="Runnable" seed="593607049" result="Passed" start-time="2022-08-26 20:20:29Z" end-time="2022-08-26 20:20:29Z" duration="0.000218" asserts="0">
            <properties>
              <property name="Category" value="GDX.Tests" />
            </properties>
          </test-case>
          <test-case id="1165" name="Encrypt_Decrypt_IsEqual" fullname="GDX.StringExtensionsTests.Encrypt_Decrypt_IsEqual" methodname="Encrypt_Decrypt_IsEqual" classname="GDX.StringExtensionsTests" runstate="Runnable" seed="1734939969" result="Passed" start-time="2022-08-26 20:20:29Z" end-time="2022-08-26 20:20:29Z" duration="0.009270" asserts="0">
            <properties>
              <property name="Category" value="GDX.Tests" />
            </properties>
          </test-case>
          <test-case id="1166" name="Encrypt_MockData_ReturnsString" fullname="GDX.StringExtensionsTests.Encrypt_MockData_ReturnsString" methodname="Encrypt_MockData_ReturnsString" classname="GDX.StringExtensionsTests" runstate="Runnable" seed="2098860555" result="Passed" start-time="2022-08-26 20:20:29Z" end-time="2022-08-26 20:20:29Z" duration="0.000254" asserts="0">
            <properties>
              <property name="Category" value="GDX.Tests" />
            </properties>
          </test-case>
          <test-case id="1141" name="GetAfterFirst_MockData_ReturnsString" fullname="GDX.StringExtensionsTests.GetAfterFirst_MockData_ReturnsString" methodname="GetAfterFirst_MockData_ReturnsString" classname="GDX.StringExtensionsTests" runstate="Runnable" seed="1311495533" result="Passed" start-time="2022-08-26 20:20:29Z" end-time="2022-08-26 20:20:29Z" duration="0.000298" asserts="0">
            <properties>
              <property name="Category" value="GDX.Tests" />
            </properties>
          </test-case>
          <test-case id="1142" name="GetAfterLast_MockData_ReturnsString" fullname="GDX.StringExtensionsTests.GetAfterLast_MockData_ReturnsString" methodname="GetAfterLast_MockData_ReturnsString" classname="GDX.StringExtensionsTests" runstate="Runnable" seed="530780282" result="Passed" start-time="2022-08-26 20:20:29Z" end-time="2022-08-26 20:20:29Z" duration="0.000322" asserts="0">
            <properties>
              <property name="Category" value="GDX.Tests" />
            </properties>
          </test-case>
          <test-case id="1143" name="GetBeforeFirst_MockData_ReturnsEmptyString" fullname="GDX.StringExtensionsTests.GetBeforeFirst_MockData_ReturnsEmptyString" methodname="GetBeforeFirst_MockData_ReturnsEmptyString" classname="GDX.StringExtensionsTests" runstate="Runnable" seed="625028839" result="Passed" start-time="2022-08-26 20:20:29Z" end-time="2022-08-26 20:20:29Z" duration="0.000281" asserts="0">
            <properties>
              <property name="Category" value="GDX.Tests" />
            </properties>
          </test-case>
          <test-case id="1144" name="GetBeforeLast_MockData_ReturnsString" fullname="GDX.StringExtensionsTests.GetBeforeLast_MockData_ReturnsString" methodname="GetBeforeLast_MockData_ReturnsString" classname="GDX.StringExtensionsTests" runstate="Runnable" seed="1008908340" result="Passed" start-time="2022-08-26 20:20:29Z" end-time="2022-08-26 20:20:29Z" duration="0.000295" asserts="0">
            <properties>
              <property name="Category" value="GDX.Tests" />
            </properties>
          </test-case>
          <test-case id="1167" name="GetStableLowerCaseHashCode_ToLowerGetStableHashCode_IsEqual" fullname="GDX.StringExtensionsTests.GetStableLowerCaseHashCode_ToLowerGetStableHashCode_IsEqual" methodname="GetStableLowerCaseHashCode_ToLowerGetStableHashCode_IsEqual" classname="GDX.StringExtensionsTests" runstate="Runnable" seed="1248711831" result="Passed" start-time="2022-08-26 20:20:29Z" end-time="2022-08-26 20:20:29Z" duration="0.000271" asserts="0">
            <properties>
              <property name="Category" value="GDX.Tests" />
            </properties>
          </test-case>
          <test-case id="1168" name="GetStableUpperCaseHashCode_ToUpperGetStableHashCode_IsEqual" fullname="GDX.StringExtensionsTests.GetStableUpperCaseHashCode_ToUpperGetStableHashCode_IsEqual" methodname="GetStableUpperCaseHashCode_ToUpperGetStableHashCode_IsEqual" classname="GDX.StringExtensionsTests" runstate="Runnable" seed="1423183123" result="Passed" start-time="2022-08-26 20:20:29Z" end-time="2022-08-26 20:20:29Z" duration="0.000294" asserts="0">
            <properties>
              <property name="Category" value="GDX.Tests" />
            </properties>
          </test-case>
          <test-case id="1148" name="HasLowerCase_MixedCaseString_ReturnsTrue" fullname="GDX.StringExtensionsTests.HasLowerCase_MixedCaseString_ReturnsTrue" methodname="HasLowerCase_MixedCaseString_ReturnsTrue" classname="GDX.StringExtensionsTests" runstate="Runnable" seed="1684226967" result="Passed" start-time="2022-08-26 20:20:29Z" end-time="2022-08-26 20:20:29Z" duration="0.000303" asserts="0">
            <properties>
              <property name="Category" value="GDX.Tests" />
            </properties>
          </test-case>
          <test-case id="1146" name="HasLowerCase_UpperCaseString_ReturnsFalse" fullname="GDX.StringExtensionsTests.HasLowerCase_UpperCaseString_ReturnsFalse" methodname="HasLowerCase_UpperCaseString_ReturnsFalse" classname="GDX.StringExtensionsTests" runstate="Runnable" seed="592333292" result="Passed" start-time="2022-08-26 20:20:29Z" end-time="2022-08-26 20:20:29Z" duration="0.000199" asserts="0">
            <properties>
              <property name="Category" value="GDX.Tests" />
            </properties>
          </test-case>
          <test-case id="1145" name="HasUpperCase_LowerCaseString_ReturnsFalse" fullname="GDX.StringExtensionsTests.HasUpperCase_LowerCaseString_ReturnsFalse" methodname="HasUpperCase_LowerCaseString_ReturnsFalse" classname="GDX.StringExtensionsTests" runstate="Runnable" seed="1016638216" result="Passed" start-time="2022-08-26 20:20:29Z" end-time="2022-08-26 20:20:29Z" duration="0.000297" asserts="0">
            <properties>
              <property name="Category" value="GDX.Tests" />
            </properties>
          </test-case>
          <test-case id="1147" name="HasUpperCase_MixedCaseString_ReturnsTrue" fullname="GDX.StringExtensionsTests.HasUpperCase_MixedCaseString_ReturnsTrue" methodname="HasUpperCase_MixedCaseString_ReturnsTrue" classname="GDX.StringExtensionsTests" runstate="Runnable" seed="1931914528" result="Passed" start-time="2022-08-26 20:20:29Z" end-time="2022-08-26 20:20:29Z" duration="0.000198" asserts="0">
            <properties>
              <property name="Category" value="GDX.Tests" />
            </properties>
          </test-case>
          <test-case id="1152" name="IsBooleanPositiveValue_BadString_ReturnsFalse" fullname="GDX.StringExtensionsTests.IsBooleanPositiveValue_BadString_ReturnsFalse" methodname="IsBooleanPositiveValue_BadString_ReturnsFalse" classname="GDX.StringExtensionsTests" runstate="Runnable" seed="1602987227" result="Passed" start-time="2022-08-26 20:20:29Z" end-time="2022-08-26 20:20:29Z" duration="0.000271" asserts="0">
            <properties>
              <property name="Category" value="GDX.Tests" />
            </properties>
          </test-case>
          <test-case id="1149" name="IsBooleanPositiveValue_TrueString_ReturnsTrue" fullname="GDX.StringExtensionsTests.IsBooleanPositiveValue_TrueString_ReturnsTrue" methodname="IsBooleanPositiveValue_TrueString_ReturnsTrue" classname="GDX.StringExtensionsTests" runstate="Runnable" seed="1422980224" result="Passed" start-time="2022-08-26 20:20:29Z" end-time="2022-08-26 20:20:29Z" duration="0.000208" asserts="0">
            <properties>
              <property name="Category" value="GDX.Tests" />
            </properties>
          </test-case>
          <test-case id="1151" name="IsBooleanValue_BadString_ReturnsFalse" fullname="GDX.StringExtensionsTests.IsBooleanValue_BadString_ReturnsFalse" methodname="IsBooleanValue_BadString_ReturnsFalse" classname="GDX.StringExtensionsTests" runstate="Runnable" seed="1217432701" result="Passed" start-time="2022-08-26 20:20:29Z" end-time="2022-08-26 20:20:29Z" duration="0.000274" asserts="0">
            <properties>
              <property name="Category" value="GDX.Tests" />
            </properties>
          </test-case>
          <test-case id="1150" name="IsBooleanValue_OffString_ReturnsTrue" fullname="GDX.StringExtensionsTests.IsBooleanValue_OffString_ReturnsTrue" methodname="IsBooleanValue_OffString_ReturnsTrue" classname="GDX.StringExtensionsTests" runstate="Runnable" seed="516739267" result="Passed" start-time="2022-08-26 20:20:29Z" end-time="2022-08-26 20:20:29Z" duration="0.000210" asserts="0">
            <properties>
              <property name="Category" value="GDX.Tests" />
            </properties>
          </test-case>
          <test-case id="1156" name="IsIntegerValue_BadString_ReturnsFalse" fullname="GDX.StringExtensionsTests.IsIntegerValue_BadString_ReturnsFalse" methodname="IsIntegerValue_BadString_ReturnsFalse" classname="GDX.StringExtensionsTests" runstate="Runnable" seed="1722161125" result="Passed" start-time="2022-08-26 20:20:29Z" end-time="2022-08-26 20:20:29Z" duration="0.000321" asserts="0">
            <properties>
              <property name="Category" value="GDX.Tests" />
            </properties>
          </test-case>
          <test-case id="1157" name="IsIntegerValue_MixedString_ReturnsFalse" fullname="GDX.StringExtensionsTests.IsIntegerValue_MixedString_ReturnsFalse" methodname="IsIntegerValue_MixedString_ReturnsFalse" classname="GDX.StringExtensionsTests" runstate="Runnable" seed="1482117131" result="Passed" start-time="2022-08-26 20:20:29Z" end-time="2022-08-26 20:20:29Z" duration="0.000208" asserts="0">
            <properties>
              <property name="Category" value="GDX.Tests" />
            </properties>
          </test-case>
          <test-case id="1155" name="IsIntegerValue_NegativeNumber_ReturnsTrue" fullname="GDX.StringExtensionsTests.IsIntegerValue_NegativeNumber_ReturnsTrue" methodname="IsIntegerValue_NegativeNumber_ReturnsTrue" classname="GDX.StringExtensionsTests" runstate="Runnable" seed="712580677" result="Passed" start-time="2022-08-26 20:20:29Z" end-time="2022-08-26 20:20:29Z" duration="0.000205" asserts="0">
            <properties>
              <property name="Category" value="GDX.Tests" />
            </properties>
          </test-case>
          <test-case id="1153" name="IsIntegerValue_NullNumber_ReturnsFalse" fullname="GDX.StringExtensionsTests.IsIntegerValue_NullNumber_ReturnsFalse" methodname="IsIntegerValue_NullNumber_ReturnsFalse" classname="GDX.StringExtensionsTests" runstate="Runnable" seed="1022286377" result="Passed" start-time="2022-08-26 20:20:29Z" end-time="2022-08-26 20:20:29Z" duration="0.000200" asserts="0">
            <properties>
              <property name="Category" value="GDX.Tests" />
            </properties>
          </test-case>
          <test-case id="1154" name="IsIntegerValue_PositiveNumber_ReturnsTrue" fullname="GDX.StringExtensionsTests.IsIntegerValue_PositiveNumber_ReturnsTrue" methodname="IsIntegerValue_PositiveNumber_ReturnsTrue" classname="GDX.StringExtensionsTests" runstate="Runnable" seed="922200075" result="Passed" start-time="2022-08-26 20:20:29Z" end-time="2022-08-26 20:20:29Z" duration="0.000202" asserts="0">
            <properties>
              <property name="Category" value="GDX.Tests" />
            </properties>
          </test-case>
          <test-case id="1160" name="IsNumericValue_Characters_ReturnsFalse" fullname="GDX.StringExtensionsTests.IsNumericValue_Characters_ReturnsFalse" methodname="IsNumericValue_Characters_ReturnsFalse" classname="GDX.StringExtensionsTests" runstate="Runnable" seed="1042100422" result="Passed" start-time="2022-08-26 20:20:29Z" end-time="2022-08-26 20:20:29Z" duration="0.000205" asserts="0">
            <properties>
              <property name="Category" value="GDX.Tests" />
            </properties>
          </test-case>
          <test-case id="1161" name="IsNumericValue_NegativeNumber_ReturnsTrue" fullname="GDX.StringExtensionsTests.IsNumericValue_NegativeNumber_ReturnsTrue" methodname="IsNumericValue_NegativeNumber_ReturnsTrue" classname="GDX.StringExtensionsTests" runstate="Runnable" seed="1239562979" result="Passed" start-time="2022-08-26 20:20:29Z" end-time="2022-08-26 20:20:29Z" duration="0.000203" asserts="0">
            <properties>
              <property name="Category" value="GDX.Tests" />
            </properties>
          </test-case>
          <test-case id="1159" name="IsNumericValue_NullNumber_ReturnsFalse" fullname="GDX.StringExtensionsTests.IsNumericValue_NullNumber_ReturnsFalse" methodname="IsNumericValue_NullNumber_ReturnsFalse" classname="GDX.StringExtensionsTests" runstate="Runnable" seed="548695251" result="Passed" start-time="2022-08-26 20:20:29Z" end-time="2022-08-26 20:20:29Z" duration="0.000203" asserts="0">
            <properties>
              <property name="Category" value="GDX.Tests" />
            </properties>
          </test-case>
          <test-case id="1158" name="IsNumericValue_PositiveNumber_ReturnsTrue" fullname="GDX.StringExtensionsTests.IsNumericValue_PositiveNumber_ReturnsTrue" methodname="IsNumericValue_PositiveNumber_ReturnsTrue" classname="GDX.StringExtensionsTests" runstate="Runnable" seed="1004719912" result="Passed" start-time="2022-08-26 20:20:29Z" end-time="2022-08-26 20:20:29Z" duration="0.000236" asserts="0">
            <properties>
              <property name="Category" value="GDX.Tests" />
            </properties>
          </test-case>
          <test-case id="1162" name="IsNumericValue_TwoDecimals_ReturnsFalse" fullname="GDX.StringExtensionsTests.IsNumericValue_TwoDecimals_ReturnsFalse" methodname="IsNumericValue_TwoDecimals_ReturnsFalse" classname="GDX.StringExtensionsTests" runstate="Runnable" seed="1373245156" result="Passed" start-time="2022-08-26 20:20:29Z" end-time="2022-08-26 20:20:29Z" duration="0.000199" asserts="0">
            <properties>
              <property name="Category" value="GDX.Tests" />
            </properties>
          </test-case>
          <test-case id="1178" name="PartialMatch_EmptySimpleList_NotFound" fullname="GDX.StringExtensionsTests.PartialMatch_EmptySimpleList_NotFound" methodname="PartialMatch_EmptySimpleList_NotFound" classname="GDX.StringExtensionsTests" runstate="Runnable" seed="579222601" result="Passed" start-time="2022-08-26 20:20:29Z" end-time="2022-08-26 20:20:29Z" duration="0.000319" asserts="0">
            <properties>
              <property name="Category" value="GDX.Tests" />
            </properties>
          </test-case>
          <test-case id="1175" name="PartialMatch_NullStringArray_NotFound" fullname="GDX.StringExtensionsTests.PartialMatch_NullStringArray_NotFound" methodname="PartialMatch_NullStringArray_NotFound" classname="GDX.StringExtensionsTests" runstate="Runnable" seed="952711425" result="Passed" start-time="2022-08-26 20:20:29Z" end-time="2022-08-26 20:20:29Z" duration="0.000289" asserts="0">
            <properties>
              <property name="Category" value="GDX.Tests" />
            </properties>
          </test-case>
          <test-case id="1176" name="PartialMatch_SimpleList_Found" fullname="GDX.StringExtensionsTests.PartialMatch_SimpleList_Found" methodname="PartialMatch_SimpleList_Found" classname="GDX.StringExtensionsTests" runstate="Runnable" seed="1679471930" result="Passed" start-time="2022-08-26 20:20:29Z" end-time="2022-08-26 20:20:29Z" duration="0.000310" asserts="0">
            <properties>
              <property name="Category" value="GDX.Tests" />
            </properties>
          </test-case>
          <test-case id="1177" name="PartialMatch_SimpleList_NotFound" fullname="GDX.StringExtensionsTests.PartialMatch_SimpleList_NotFound" methodname="PartialMatch_SimpleList_NotFound" classname="GDX.StringExtensionsTests" runstate="Runnable" seed="942175314" result="Passed" start-time="2022-08-26 20:20:29Z" end-time="2022-08-26 20:20:29Z" duration="0.000253" asserts="0">
            <properties>
              <property name="Category" value="GDX.Tests" />
            </properties>
          </test-case>
          <test-case id="1173" name="PartialMatch_StringArray_Found" fullname="GDX.StringExtensionsTests.PartialMatch_StringArray_Found" methodname="PartialMatch_StringArray_Found" classname="GDX.StringExtensionsTests" runstate="Runnable" seed="1857666544" result="Passed" start-time="2022-08-26 20:20:29Z" end-time="2022-08-26 20:20:29Z" duration="0.000225" asserts="0">
            <properties>
              <property name="Category" value="GDX.Tests" />
            </properties>
          </test-case>
          <test-case id="1174" name="PartialMatch_StringArray_NotFound" fullname="GDX.StringExtensionsTests.PartialMatch_StringArray_NotFound" methodname="PartialMatch_StringArray_NotFound" classname="GDX.StringExtensionsTests" runstate="Runnable" seed="129144899" result="Passed" start-time="2022-08-26 20:20:29Z" end-time="2022-08-26 20:20:29Z" duration="0.000235" asserts="0">
            <properties>
              <property name="Category" value="GDX.Tests" />
            </properties>
          </test-case>
          <test-case id="1164" name="SplitCamelCase_camelCase_ReturnsString" fullname="GDX.StringExtensionsTests.SplitCamelCase_camelCase_ReturnsString" methodname="SplitCamelCase_camelCase_ReturnsString" classname="GDX.StringExtensionsTests" runstate="Runnable" seed="951980553" result="Passed" start-time="2022-08-26 20:20:29Z" end-time="2022-08-26 20:20:29Z" duration="0.000883" asserts="0">
            <properties>
              <property name="Category" value="GDX.Tests" />
            </properties>
          </test-case>
          <test-case id="1163" name="SplitCamelCase_CamelCase_ReturnsString" fullname="GDX.StringExtensionsTests.SplitCamelCase_CamelCase_ReturnsString" methodname="SplitCamelCase_CamelCase_ReturnsString" classname="GDX.StringExtensionsTests" runstate="Runnable" seed="1465614389" result="Passed" start-time="2022-08-26 20:20:29Z" end-time="2022-08-26 20:20:29Z" duration="0.000233" asserts="0">
            <properties>
              <property name="Category" value="GDX.Tests" />
            </properties>
          </test-case>
        </test-suite>
        <test-suite type="TestSuite" id="1719" name="Threading" fullname="GDX.Threading" runstate="Runnable" testcasecount="15" result="Passed" start-time="2022-08-26 20:20:29Z" end-time="2022-08-26 20:20:37Z" duration="8.253093" total="15" passed="15" failed="0" inconclusive="0" skipped="0" asserts="0">
          <properties />
          <test-suite type="TestFixture" id="1218" name="TaskDirectorSystemTests" fullname="GDX.Threading.TaskDirectorSystemTests" classname="GDX.Threading.TaskDirectorSystemTests" runstate="Runnable" testcasecount="2" result="Passed" start-time="2022-08-26 20:20:29Z" end-time="2022-08-26 20:20:33Z" duration="3.807661" total="2" passed="2" failed="0" inconclusive="0" skipped="0" asserts="0">
            <properties />
            <test-case id="1219" name="Offline__NoTick" fullname="GDX.Threading.TaskDirectorSystemTests.Offline__NoTick" methodname="Offline__NoTick" classname="GDX.Threading.TaskDirectorSystemTests" runstate="Runnable" seed="1462571175" result="Passed" start-time="2022-08-26 20:20:29Z" end-time="2022-08-26 20:20:31Z" duration="2.534482" asserts="0">
              <properties>
                <property name="_JOINTYPE" value="UnityCombinatorial" />
                <property name="Category" value="GDX.Tests" />
              </properties>
            </test-case>
            <test-case id="1220" name="Online_Ticks" fullname="GDX.Threading.TaskDirectorSystemTests.Online_Ticks" methodname="Online_Ticks" classname="GDX.Threading.TaskDirectorSystemTests" runstate="Runnable" seed="1891231136" result="Passed" start-time="2022-08-26 20:20:31Z" end-time="2022-08-26 20:20:33Z" duration="1.271995" asserts="0">
              <properties>
                <property name="_JOINTYPE" value="UnityCombinatorial" />
                <property name="Category" value="GDX.Tests" />
              </properties>
            </test-case>
          </test-suite>
          <test-suite type="TestFixture" id="1221" name="TaskDirectorTests" fullname="GDX.Threading.TaskDirectorTests" classname="GDX.Threading.TaskDirectorTests" runstate="Runnable" testcasecount="13" result="Passed" start-time="2022-08-26 20:20:33Z" end-time="2022-08-26 20:20:37Z" duration="4.442285" total="13" passed="13" failed="0" inconclusive="0" skipped="0" asserts="0">
            <properties />
            <test-case id="1224" name="AddLog_Logging_ExpectedCount" fullname="GDX.Threading.TaskDirectorTests.AddLog_Logging_ExpectedCount" methodname="AddLog_Logging_ExpectedCount" classname="GDX.Threading.TaskDirectorTests" runstate="Runnable" seed="1646321283" result="Passed" start-time="2022-08-26 20:20:33Z" end-time="2022-08-26 20:20:33Z" duration="0.025720" asserts="0">
              <properties>
                <property name="Category" value="GDX.Tests" />
              </properties>
            </test-case>
            <test-case id="1222" name="AddLog_OnLogAdded_ExpectedCount" fullname="GDX.Threading.TaskDirectorTests.AddLog_OnLogAdded_ExpectedCount" methodname="AddLog_OnLogAdded_ExpectedCount" classname="GDX.Threading.TaskDirectorTests" runstate="Runnable" seed="533836323" result="Passed" start-time="2022-08-26 20:20:33Z" end-time="2022-08-26 20:20:33Z" duration="0.031415" asserts="0">
              <properties>
                <property name="Category" value="GDX.Tests" />
              </properties>
            </test-case>
            <test-case id="1229" name="BlockingBits_BlocksBits_CompletesCalled" fullname="GDX.Threading.TaskDirectorTests.BlockingBits_BlocksBits_CompletesCalled" methodname="BlockingBits_BlocksBits_CompletesCalled" classname="GDX.Threading.TaskDirectorTests" runstate="Runnable" seed="59737419" result="Passed" start-time="2022-08-26 20:20:33Z" end-time="2022-08-26 20:20:33Z" duration="0.248092" asserts="0">
              <properties>
                <property name="Category" value="GDX.Tests" />
              </properties>
            </test-case>
            <test-case id="1223" name="BuiltIn_Logging_ExpectedCount" fullname="GDX.Threading.TaskDirectorTests.BuiltIn_Logging_ExpectedCount" methodname="BuiltIn_Logging_ExpectedCount" classname="GDX.Threading.TaskDirectorTests" runstate="Runnable" seed="352582934" result="Passed" start-time="2022-08-26 20:20:33Z" end-time="2022-08-26 20:20:33Z" duration="0.114584" asserts="0">
              <properties>
                <property name="_JOINTYPE" value="UnityCombinatorial" />
                <property name="Category" value="GDX.Tests" />
              </properties>
            </test-case>
            <test-case id="1227" name="ExceptionOccured_Throws_Logs" fullname="GDX.Threading.TaskDirectorTests.ExceptionOccured_Throws_Logs" methodname="ExceptionOccured_Throws_Logs" classname="GDX.Threading.TaskDirectorTests" runstate="Runnable" seed="681439892" result="Passed" start-time="2022-08-26 20:20:33Z" end-time="2022-08-26 20:20:33Z" duration="0.026519" asserts="0">
              <properties>
                <property name="Category" value="GDX.Tests" />
              </properties>
            </test-case>
            <test-case id="1226" name="GetCounts_BlockingName_CorrectCounts" fullname="GDX.Threading.TaskDirectorTests.GetCounts_BlockingName_CorrectCounts" methodname="GetCounts_BlockingName_CorrectCounts" classname="GDX.Threading.TaskDirectorTests" runstate="Runnable" seed="1711042092" result="Passed" start-time="2022-08-26 20:20:33Z" end-time="2022-08-26 20:20:33Z" duration="0.374857" asserts="0">
              <properties>
                <property name="Category" value="GDX.Tests" />
              </properties>
            </test-case>
            <test-case id="1230" name="GetStatus_Busy_Content" fullname="GDX.Threading.TaskDirectorTests.GetStatus_Busy_Content" methodname="GetStatus_Busy_Content" classname="GDX.Threading.TaskDirectorTests" runstate="Runnable" seed="1983372941" result="Passed" start-time="2022-08-26 20:20:33Z" end-time="2022-08-26 20:20:34Z" duration="0.125147" asserts="0">
              <properties>
                <property name="Category" value="GDX.Tests" />
              </properties>
            </test-case>
            <test-case id="1232" name="GetStatus_Nothing_ReturnsNull" fullname="GDX.Threading.TaskDirectorTests.GetStatus_Nothing_ReturnsNull" methodname="GetStatus_Nothing_ReturnsNull" classname="GDX.Threading.TaskDirectorTests" runstate="Runnable" seed="1808609666" result="Passed" start-time="2022-08-26 20:20:34Z" end-time="2022-08-26 20:20:34Z" duration="0.000364" asserts="0">
              <properties>
                <property name="Category" value="GDX.Tests" />
              </properties>
            </test-case>
            <test-case id="1231" name="GetStatus_Queued_ReturnsContent" fullname="GDX.Threading.TaskDirectorTests.GetStatus_Queued_ReturnsContent" methodname="GetStatus_Queued_ReturnsContent" classname="GDX.Threading.TaskDirectorTests" runstate="Runnable" seed="254934165" result="Passed" start-time="2022-08-26 20:20:34Z" end-time="2022-08-26 20:20:34Z" duration="0.140728" asserts="0">
              <properties>
                <property name="Category" value="GDX.Tests" />
              </properties>
            </test-case>
            <test-case id="1228" name="HasTasks_BlockingName_Valid" fullname="GDX.Threading.TaskDirectorTests.HasTasks_BlockingName_Valid" methodname="HasTasks_BlockingName_Valid" classname="GDX.Threading.TaskDirectorTests" runstate="Runnable" seed="344983618" result="Passed" start-time="2022-08-26 20:20:34Z" end-time="2022-08-26 20:20:34Z" duration="0.248662" asserts="0">
              <properties>
                <property name="Category" value="GDX.Tests" />
              </properties>
            </test-case>
            <test-case id="1233" name="QueueTask_AddAlreadyExecuting_TaskAdded" fullname="GDX.Threading.TaskDirectorTests.QueueTask_AddAlreadyExecuting_TaskAdded" methodname="QueueTask_AddAlreadyExecuting_TaskAdded" classname="GDX.Threading.TaskDirectorTests" runstate="Runnable" seed="398234930" result="Passed" start-time="2022-08-26 20:20:34Z" end-time="2022-08-26 20:20:35Z" duration="1.018129" asserts="0">
              <properties>
                <property name="Category" value="GDX.Tests" />
              </properties>
            </test-case>
            <test-case id="1234" name="QueueTask_AlreadyQueued_NotQueued" fullname="GDX.Threading.TaskDirectorTests.QueueTask_AlreadyQueued_NotQueued" methodname="QueueTask_AlreadyQueued_NotQueued" classname="GDX.Threading.TaskDirectorTests" runstate="Runnable" seed="1088362787" result="Passed" start-time="2022-08-26 20:20:35Z" end-time="2022-08-26 20:20:36Z" duration="1.034573" asserts="0">
              <properties>
                <property name="Category" value="GDX.Tests" />
              </properties>
            </test-case>
            <test-case id="1225" name="WaitAsync_OnBlockedUserInput_Blocked" fullname="GDX.Threading.TaskDirectorTests.WaitAsync_OnBlockedUserInput_Blocked" methodname="WaitAsync_OnBlockedUserInput_Blocked" classname="GDX.Threading.TaskDirectorTests" runstate="Runnable" seed="1105723569" result="Passed" start-time="2022-08-26 20:20:36Z" end-time="2022-08-26 20:20:37Z" duration="1.047438" asserts="0">
              <properties>
                <property name="_JOINTYPE" value="UnityCombinatorial" />
                <property name="Category" value="GDX.Tests" />
              </properties>
            </test-case>
          </test-suite>
        </test-suite>
        <test-suite type="TestFixture" id="1179" name="TransformExtensionsTests" fullname="GDX.TransformExtensionsTests" classname="GDX.TransformExtensionsTests" runstate="Runnable" testcasecount="5" result="Passed" start-time="2022-08-26 20:20:37Z" end-time="2022-08-26 20:20:37Z" duration="0.006508" total="5" passed="5" failed="0" inconclusive="0" skipped="0" asserts="0">
          <properties />
          <test-case id="1181" name="DestroyChildren_RemoveActiveOnly_OneChildRemaining" fullname="GDX.TransformExtensionsTests.DestroyChildren_RemoveActiveOnly_OneChildRemaining" methodname="DestroyChildren_RemoveActiveOnly_OneChildRemaining" classname="GDX.TransformExtensionsTests" runstate="Runnable" seed="368417748" result="Passed" start-time="2022-08-26 20:20:37Z" end-time="2022-08-26 20:20:37Z" duration="0.001039" asserts="0">
            <properties>
              <property name="Category" value="GDX.Tests" />
            </properties>
          </test-case>
          <test-case id="1180" name="DestroyChildren_RemoveAll_NoChildren" fullname="GDX.TransformExtensionsTests.DestroyChildren_RemoveAll_NoChildren" methodname="DestroyChildren_RemoveAll_NoChildren" classname="GDX.TransformExtensionsTests" runstate="Runnable" seed="1593538453" result="Passed" start-time="2022-08-26 20:20:37Z" end-time="2022-08-26 20:20:37Z" duration="0.000297" asserts="0">
            <properties>
              <property name="Category" value="GDX.Tests" />
            </properties>
          </test-case>
          <test-case id="1182" name="GetActiveChildrenCount_MockData_AccurateCount" fullname="GDX.TransformExtensionsTests.GetActiveChildrenCount_MockData_AccurateCount" methodname="GetActiveChildrenCount_MockData_AccurateCount" classname="GDX.TransformExtensionsTests" runstate="Runnable" seed="1556099983" result="Passed" start-time="2022-08-26 20:20:37Z" end-time="2022-08-26 20:20:37Z" duration="0.000444" asserts="0">
            <properties>
              <property name="Category" value="GDX.Tests" />
            </properties>
          </test-case>
          <test-case id="1183" name="GetFirstComponentInChildrenComplex_MockData_FirstTransform" fullname="GDX.TransformExtensionsTests.GetFirstComponentInChildrenComplex_MockData_FirstTransform" methodname="GetFirstComponentInChildrenComplex_MockData_FirstTransform" classname="GDX.TransformExtensionsTests" runstate="Runnable" seed="824655359" result="Passed" start-time="2022-08-26 20:20:37Z" end-time="2022-08-26 20:20:37Z" duration="0.000517" asserts="0">
            <properties>
              <property name="Category" value="GDX.Tests" />
            </properties>
          </test-case>
          <test-case id="1184" name="GetScenePath_MockData_RootPath" fullname="GDX.TransformExtensionsTests.GetScenePath_MockData_RootPath" methodname="GetScenePath_MockData_RootPath" classname="GDX.TransformExtensionsTests" runstate="Runnable" seed="596887183" result="Passed" start-time="2022-08-26 20:20:37Z" end-time="2022-08-26 20:20:37Z" duration="0.000549" asserts="0">
            <properties>
              <property name="Category" value="GDX.Tests" />
            </properties>
          </test-case>
        </test-suite>
        <test-suite type="TestFixture" id="1185" name="Vector2ExtensionsTests" fullname="GDX.Vector2ExtensionsTests" classname="GDX.Vector2ExtensionsTests" runstate="Runnable" testcasecount="14" result="Passed" start-time="2022-08-26 20:20:37Z" end-time="2022-08-26 20:20:37Z" duration="0.009356" total="14" passed="14" failed="0" inconclusive="0" skipped="0" asserts="0">
          <properties />
          <test-case id="1186" name="Approximately_FiveMillionths_ReturnsFalse" fullname="GDX.Vector2ExtensionsTests.Approximately_FiveMillionths_ReturnsFalse" methodname="Approximately_FiveMillionths_ReturnsFalse" classname="GDX.Vector2ExtensionsTests" runstate="Runnable" seed="455981145" result="Passed" start-time="2022-08-26 20:20:37Z" end-time="2022-08-26 20:20:37Z" duration="0.000301" asserts="0">
            <properties>
              <property name="Category" value="GDX.Tests" />
            </properties>
          </test-case>
          <test-case id="1187" name="Approximately_One_ReturnsTrue" fullname="GDX.Vector2ExtensionsTests.Approximately_One_ReturnsTrue" methodname="Approximately_One_ReturnsTrue" classname="GDX.Vector2ExtensionsTests" runstate="Runnable" seed="31116541" result="Passed" start-time="2022-08-26 20:20:37Z" end-time="2022-08-26 20:20:37Z" duration="0.000167" asserts="0">
            <properties>
              <property name="Category" value="GDX.Tests" />
            </properties>
          </test-case>
          <test-case id="1188" name="Approximately_OneMillionth_ReturnsTrue" fullname="GDX.Vector2ExtensionsTests.Approximately_OneMillionth_ReturnsTrue" methodname="Approximately_OneMillionth_ReturnsTrue" classname="GDX.Vector2ExtensionsTests" runstate="Runnable" seed="1704434465" result="Passed" start-time="2022-08-26 20:20:37Z" end-time="2022-08-26 20:20:37Z" duration="0.000157" asserts="0">
            <properties>
              <property name="Category" value="GDX.Tests" />
            </properties>
          </test-case>
          <test-case id="1189" name="Approximately_Zero_ReturnsTrue" fullname="GDX.Vector2ExtensionsTests.Approximately_Zero_ReturnsTrue" methodname="Approximately_Zero_ReturnsTrue" classname="GDX.Vector2ExtensionsTests" runstate="Runnable" seed="1389842721" result="Passed" start-time="2022-08-26 20:20:37Z" end-time="2022-08-26 20:20:37Z" duration="0.000155" asserts="0">
            <properties>
              <property name="Category" value="GDX.Tests" />
            </properties>
          </test-case>
          <test-case id="1190" name="Midpoint_ZeroAndOne_ReturnsHalf" fullname="GDX.Vector2ExtensionsTests.Midpoint_ZeroAndOne_ReturnsHalf" methodname="Midpoint_ZeroAndOne_ReturnsHalf" classname="GDX.Vector2ExtensionsTests" runstate="Runnable" seed="1147884052" result="Passed" start-time="2022-08-26 20:20:37Z" end-time="2022-08-26 20:20:37Z" duration="0.000245" asserts="0">
            <properties>
              <property name="Category" value="GDX.Tests" />
            </properties>
          </test-case>
          <test-case id="1191" name="NearestIndex_MockData_ReturnsClosest" fullname="GDX.Vector2ExtensionsTests.NearestIndex_MockData_ReturnsClosest" methodname="NearestIndex_MockData_ReturnsClosest" classname="GDX.Vector2ExtensionsTests" runstate="Runnable" seed="1031489206" result="Passed" start-time="2022-08-26 20:20:37Z" end-time="2022-08-26 20:20:37Z" duration="0.000427" asserts="0">
            <properties>
              <property name="Category" value="GDX.Tests" />
            </properties>
          </test-case>
          <test-case id="1192" name="NearestIndex_NullInput_ReturnsNegativeOne" fullname="GDX.Vector2ExtensionsTests.NearestIndex_NullInput_ReturnsNegativeOne" methodname="NearestIndex_NullInput_ReturnsNegativeOne" classname="GDX.Vector2ExtensionsTests" runstate="Runnable" seed="627502627" result="Passed" start-time="2022-08-26 20:20:37Z" end-time="2022-08-26 20:20:37Z" duration="0.000204" asserts="0">
            <properties>
              <property name="Category" value="GDX.Tests" />
            </properties>
          </test-case>
          <test-case id="1194" name="Slope_MockData_ReturnsSlope" fullname="GDX.Vector2ExtensionsTests.Slope_MockData_ReturnsSlope" methodname="Slope_MockData_ReturnsSlope" classname="GDX.Vector2ExtensionsTests" runstate="Runnable" seed="1177762369" result="Passed" start-time="2022-08-26 20:20:37Z" end-time="2022-08-26 20:20:37Z" duration="0.000218" asserts="0">
            <properties>
              <property name="Category" value="GDX.Tests" />
            </properties>
          </test-case>
          <test-case id="1193" name="Slope_ZeroXValue_ReturnsZero" fullname="GDX.Vector2ExtensionsTests.Slope_ZeroXValue_ReturnsZero" methodname="Slope_ZeroXValue_ReturnsZero" classname="GDX.Vector2ExtensionsTests" runstate="Runnable" seed="1131061643" result="Passed" start-time="2022-08-26 20:20:37Z" end-time="2022-08-26 20:20:37Z" duration="0.000149" asserts="0">
            <properties>
              <property name="Category" value="GDX.Tests" />
            </properties>
          </test-case>
          <test-case id="1198" name="TryParseVector2_CharFirstSplit_ReturnsFalse" fullname="GDX.Vector2ExtensionsTests.TryParseVector2_CharFirstSplit_ReturnsFalse" methodname="TryParseVector2_CharFirstSplit_ReturnsFalse" classname="GDX.Vector2ExtensionsTests" runstate="Runnable" seed="730390700" result="Passed" start-time="2022-08-26 20:20:37Z" end-time="2022-08-26 20:20:37Z" duration="0.000473" asserts="0">
            <properties>
              <property name="Category" value="GDX.Tests" />
            </properties>
          </test-case>
          <test-case id="1199" name="TryParseVector2_CharSecondSplit_ReturnsFalse" fullname="GDX.Vector2ExtensionsTests.TryParseVector2_CharSecondSplit_ReturnsFalse" methodname="TryParseVector2_CharSecondSplit_ReturnsFalse" classname="GDX.Vector2ExtensionsTests" runstate="Runnable" seed="1522304142" result="Passed" start-time="2022-08-26 20:20:37Z" end-time="2022-08-26 20:20:37Z" duration="0.000241" asserts="0">
            <properties>
              <property name="Category" value="GDX.Tests" />
            </properties>
          </test-case>
          <test-case id="1196" name="TryParseVector2_NoSpaces_ReturnsVector2" fullname="GDX.Vector2ExtensionsTests.TryParseVector2_NoSpaces_ReturnsVector2" methodname="TryParseVector2_NoSpaces_ReturnsVector2" classname="GDX.Vector2ExtensionsTests" runstate="Runnable" seed="2126832296" result="Passed" start-time="2022-08-26 20:20:37Z" end-time="2022-08-26 20:20:37Z" duration="0.000177" asserts="0">
            <properties>
              <property name="Category" value="GDX.Tests" />
            </properties>
          </test-case>
          <test-case id="1195" name="TryParseVector2_NoSplit_ReturnsFalse" fullname="GDX.Vector2ExtensionsTests.TryParseVector2_NoSplit_ReturnsFalse" methodname="TryParseVector2_NoSplit_ReturnsFalse" classname="GDX.Vector2ExtensionsTests" runstate="Runnable" seed="208747481" result="Passed" start-time="2022-08-26 20:20:37Z" end-time="2022-08-26 20:20:37Z" duration="0.000163" asserts="0">
            <properties>
              <property name="Category" value="GDX.Tests" />
            </properties>
          </test-case>
          <test-case id="1197" name="TryParseVector2_SpacedValues_ReturnsVector2" fullname="GDX.Vector2ExtensionsTests.TryParseVector2_SpacedValues_ReturnsVector2" methodname="TryParseVector2_SpacedValues_ReturnsVector2" classname="GDX.Vector2ExtensionsTests" runstate="Runnable" seed="628203358" result="Passed" start-time="2022-08-26 20:20:37Z" end-time="2022-08-26 20:20:37Z" duration="0.000169" asserts="0">
            <properties>
              <property name="Category" value="GDX.Tests" />
            </properties>
          </test-case>
        </test-suite>
        <test-suite type="TestFixture" id="1200" name="Vector3ExtensionsTests" fullname="GDX.Vector3ExtensionsTests" classname="GDX.Vector3ExtensionsTests" runstate="Runnable" testcasecount="17" result="Passed" start-time="2022-08-26 20:20:37Z" end-time="2022-08-26 20:20:37Z" duration="0.010911" total="17" passed="17" failed="0" inconclusive="0" skipped="0" asserts="0">
          <properties />
          <test-case id="1201" name="Approximately_FiveMillionths_ReturnsFalse" fullname="GDX.Vector3ExtensionsTests.Approximately_FiveMillionths_ReturnsFalse" methodname="Approximately_FiveMillionths_ReturnsFalse" classname="GDX.Vector3ExtensionsTests" runstate="Runnable" seed="1981293777" result="Passed" start-time="2022-08-26 20:20:37Z" end-time="2022-08-26 20:20:37Z" duration="0.000197" asserts="0">
            <properties>
              <property name="Category" value="GDX.Tests" />
            </properties>
          </test-case>
          <test-case id="1202" name="Approximately_One_ReturnsTrue" fullname="GDX.Vector3ExtensionsTests.Approximately_One_ReturnsTrue" methodname="Approximately_One_ReturnsTrue" classname="GDX.Vector3ExtensionsTests" runstate="Runnable" seed="195425550" result="Passed" start-time="2022-08-26 20:20:37Z" end-time="2022-08-26 20:20:37Z" duration="0.000207" asserts="0">
            <properties>
              <property name="Category" value="GDX.Tests" />
            </properties>
          </test-case>
          <test-case id="1203" name="Approximately_OneMillionth_ReturnsTrue" fullname="GDX.Vector3ExtensionsTests.Approximately_OneMillionth_ReturnsTrue" methodname="Approximately_OneMillionth_ReturnsTrue" classname="GDX.Vector3ExtensionsTests" runstate="Runnable" seed="1609464573" result="Passed" start-time="2022-08-26 20:20:37Z" end-time="2022-08-26 20:20:37Z" duration="0.000169" asserts="0">
            <properties>
              <property name="Category" value="GDX.Tests" />
            </properties>
          </test-case>
          <test-case id="1204" name="Approximately_Zero_ReturnsTrue" fullname="GDX.Vector3ExtensionsTests.Approximately_Zero_ReturnsTrue" methodname="Approximately_Zero_ReturnsTrue" classname="GDX.Vector3ExtensionsTests" runstate="Runnable" seed="962659142" result="Passed" start-time="2022-08-26 20:20:37Z" end-time="2022-08-26 20:20:37Z" duration="0.000160" asserts="0">
            <properties>
              <property name="Category" value="GDX.Tests" />
            </properties>
          </test-case>
          <test-case id="1205" name="DistanceSqr_MockData_ReturnsSame" fullname="GDX.Vector3ExtensionsTests.DistanceSqr_MockData_ReturnsSame" methodname="DistanceSqr_MockData_ReturnsSame" classname="GDX.Vector3ExtensionsTests" runstate="Runnable" seed="872932016" result="Passed" start-time="2022-08-26 20:20:37Z" end-time="2022-08-26 20:20:37Z" duration="0.000352" asserts="0">
            <properties>
              <property name="Category" value="GDX.Tests" />
            </properties>
          </test-case>
          <test-case id="1206" name="DistanceToRay_MockData_ReturnsAccurate" fullname="GDX.Vector3ExtensionsTests.DistanceToRay_MockData_ReturnsAccurate" methodname="DistanceToRay_MockData_ReturnsAccurate" classname="GDX.Vector3ExtensionsTests" runstate="Runnable" seed="1533529294" result="Passed" start-time="2022-08-26 20:20:37Z" end-time="2022-08-26 20:20:37Z" duration="0.000827" asserts="0">
            <properties>
              <property name="Category" value="GDX.Tests" />
            </properties>
          </test-case>
          <test-case id="1207" name="HorizontalDistance_MockData_ReturnsAccurate" fullname="GDX.Vector3ExtensionsTests.HorizontalDistance_MockData_ReturnsAccurate" methodname="HorizontalDistance_MockData_ReturnsAccurate" classname="GDX.Vector3ExtensionsTests" runstate="Runnable" seed="1619328513" result="Passed" start-time="2022-08-26 20:20:37Z" end-time="2022-08-26 20:20:37Z" duration="0.000277" asserts="0">
            <properties>
              <property name="Category" value="GDX.Tests" />
            </properties>
          </test-case>
          <test-case id="1208" name="Midpoint_ZeroAndOne_ReturnsHalf" fullname="GDX.Vector3ExtensionsTests.Midpoint_ZeroAndOne_ReturnsHalf" methodname="Midpoint_ZeroAndOne_ReturnsHalf" classname="GDX.Vector3ExtensionsTests" runstate="Runnable" seed="689483831" result="Passed" start-time="2022-08-26 20:20:37Z" end-time="2022-08-26 20:20:37Z" duration="0.000256" asserts="0">
            <properties>
              <property name="Category" value="GDX.Tests" />
            </properties>
          </test-case>
          <test-case id="1209" name="NearestIndex_MockData_ReturnsClosest" fullname="GDX.Vector3ExtensionsTests.NearestIndex_MockData_ReturnsClosest" methodname="NearestIndex_MockData_ReturnsClosest" classname="GDX.Vector3ExtensionsTests" runstate="Runnable" seed="2011273607" result="Passed" start-time="2022-08-26 20:20:37Z" end-time="2022-08-26 20:20:37Z" duration="0.000426" asserts="0">
            <properties>
              <property name="Category" value="GDX.Tests" />
            </properties>
          </test-case>
          <test-case id="1210" name="NearestIndex_NullInput_ReturnsNegativeOne" fullname="GDX.Vector3ExtensionsTests.NearestIndex_NullInput_ReturnsNegativeOne" methodname="NearestIndex_NullInput_ReturnsNegativeOne" classname="GDX.Vector3ExtensionsTests" runstate="Runnable" seed="1660444847" result="Passed" start-time="2022-08-26 20:20:37Z" end-time="2022-08-26 20:20:37Z" duration="0.000207" asserts="0">
            <properties>
              <property name="Category" value="GDX.Tests" />
            </properties>
          </test-case>
          <test-case id="1213" name="TryParseVector3_CharFirstSplit_ReturnsFalse" fullname="GDX.Vector3ExtensionsTests.TryParseVector3_CharFirstSplit_ReturnsFalse" methodname="TryParseVector3_CharFirstSplit_ReturnsFalse" classname="GDX.Vector3ExtensionsTests" runstate="Runnable" seed="1107377852" result="Passed" start-time="2022-08-26 20:20:37Z" end-time="2022-08-26 20:20:37Z" duration="0.000362" asserts="0">
            <properties>
              <property name="Category" value="GDX.Tests" />
            </properties>
          </test-case>
          <test-case id="1214" name="TryParseVector3_CharSecondSplit_ReturnsFalse" fullname="GDX.Vector3ExtensionsTests.TryParseVector3_CharSecondSplit_ReturnsFalse" methodname="TryParseVector3_CharSecondSplit_ReturnsFalse" classname="GDX.Vector3ExtensionsTests" runstate="Runnable" seed="1871042984" result="Passed" start-time="2022-08-26 20:20:37Z" end-time="2022-08-26 20:20:37Z" duration="0.000179" asserts="0">
            <properties>
              <property name="Category" value="GDX.Tests" />
            </properties>
          </test-case>
          <test-case id="1215" name="TryParseVector3_CharThirdSplit_ReturnsFalse" fullname="GDX.Vector3ExtensionsTests.TryParseVector3_CharThirdSplit_ReturnsFalse" methodname="TryParseVector3_CharThirdSplit_ReturnsFalse" classname="GDX.Vector3ExtensionsTests" runstate="Runnable" seed="1143355808" result="Passed" start-time="2022-08-26 20:20:37Z" end-time="2022-08-26 20:20:37Z" duration="0.000175" asserts="0">
            <properties>
              <property name="Category" value="GDX.Tests" />
            </properties>
          </test-case>
          <test-case id="1212" name="TryParseVector3_NoSecondSplit_ReturnsFalse" fullname="GDX.Vector3ExtensionsTests.TryParseVector3_NoSecondSplit_ReturnsFalse" methodname="TryParseVector3_NoSecondSplit_ReturnsFalse" classname="GDX.Vector3ExtensionsTests" runstate="Runnable" seed="2079944628" result="Passed" start-time="2022-08-26 20:20:37Z" end-time="2022-08-26 20:20:37Z" duration="0.000163" asserts="0">
            <properties>
              <property name="Category" value="GDX.Tests" />
            </properties>
          </test-case>
          <test-case id="1216" name="TryParseVector3_NoSpaces_ReturnsVector3" fullname="GDX.Vector3ExtensionsTests.TryParseVector3_NoSpaces_ReturnsVector3" methodname="TryParseVector3_NoSpaces_ReturnsVector3" classname="GDX.Vector3ExtensionsTests" runstate="Runnable" seed="340234237" result="Passed" start-time="2022-08-26 20:20:37Z" end-time="2022-08-26 20:20:37Z" duration="0.000173" asserts="0">
            <properties>
              <property name="Category" value="GDX.Tests" />
            </properties>
          </test-case>
          <test-case id="1211" name="TryParseVector3_NoSplit_ReturnsVector2Zero" fullname="GDX.Vector3ExtensionsTests.TryParseVector3_NoSplit_ReturnsVector2Zero" methodname="TryParseVector3_NoSplit_ReturnsVector2Zero" classname="GDX.Vector3ExtensionsTests" runstate="Runnable" seed="925087604" result="Passed" start-time="2022-08-26 20:20:37Z" end-time="2022-08-26 20:20:37Z" duration="0.000166" asserts="0">
            <properties>
              <property name="Category" value="GDX.Tests" />
            </properties>
          </test-case>
          <test-case id="1217" name="TryParseVector3_SpacedValues_ReturnsVector3" fullname="GDX.Vector3ExtensionsTests.TryParseVector3_SpacedValues_ReturnsVector3" methodname="TryParseVector3_SpacedValues_ReturnsVector3" classname="GDX.Vector3ExtensionsTests" runstate="Runnable" seed="1016291016" result="Passed" start-time="2022-08-26 20:20:37Z" end-time="2022-08-26 20:20:37Z" duration="0.000181" asserts="0">
            <properties>
              <property name="Category" value="GDX.Tests" />
            </properties>
            <output><![CDATA[Executing cleanup for: Unity.PerformanceTesting.Editor.TestRunBuilder
]]></output>
          </test-case>
        </test-suite>
      </test-suite>
    </test-suite>
  </test-suite>
</test-run>